  250.000  0.000000e+00 
  251.000  0.000000e+00 
  252.000  0.000000e+00 
  253.000  0.000000e+00 
  254.000  0.000000e+00 
  255.000  0.000000e+00 
  256.000  0.000000e+00 
  257.000  0.000000e+00 
  258.000  0.000000e+00 
  259.000  0.000000e+00 
  260.000  0.000000e+00 
  261.000  0.000000e+00 
  262.000  0.000000e+00 
  263.000  0.000000e+00 
  264.000  0.000000e+00 
  265.000  0.000000e+00 
  266.000  0.000000e+00 
  267.000  0.000000e+00 
  268.000  0.000000e+00 
  269.000  0.000000e+00 
  270.000  0.000000e+00 
  271.000  0.000000e+00 
  272.000  0.000000e+00 
  273.000  0.000000e+00 
  274.000  0.000000e+00 
  275.000  0.000000e+00 
  276.000  0.000000e+00 
  277.000  0.000000e+00 
  278.000  0.000000e+00 
  279.000  0.000000e+00 
  280.000  0.000000e+00 
  281.000  0.000000e+00 
  282.000  0.000000e+00 
  283.000  0.000000e+00 
  284.000  0.000000e+00 
  285.000  0.000000e+00 
  286.000  0.000000e+00 
  287.000  0.000000e+00 
  288.000  0.000000e+00 
  289.000  0.000000e+00 
  290.000  0.000000e+00 
  291.000  0.000000e+00 
  292.000  9.341046e-08 
  293.000  4.790448e-07 
  294.000  3.266781e-06 
  295.000  1.259869e-05 
  296.000  6.668702e-05 
  297.000  2.067882e-04 
  298.000  6.607651e-04 
  299.000  1.392859e-03 
  300.000  3.622236e-03 
  301.000  7.683365e-03 
  302.000  1.293729e-02 
  303.000  2.699007e-02 
  304.000  3.482161e-02 
  305.000  6.372149e-02 
  306.000  8.270457e-02 
  307.000  1.196520e-01 
  308.000  1.544714e-01 
  309.000  1.918941e-01 
  310.000  2.614919e-01 
  311.000  2.918501e-01 
  312.000  3.529584e-01 
  313.000  4.129482e-01 
  314.000  4.354554e-01 
  315.000  5.209845e-01 
  316.000  5.446627e-01 
  317.000  5.944501e-01 
  318.000  6.198354e-01 
  319.000  7.327026e-01 
  320.000  6.402138e-01 
  321.000  8.077319e-01 
  322.000  7.181487e-01 
  323.000  7.879544e-01 
  324.000  8.836820e-01 
  325.000  7.921676e-01 
  326.000  8.918035e-01 
  327.000  9.063991e-01 
  328.000  8.332791e-01 
  329.000  9.454835e-01 
  330.000  9.541546e-01 
  331.000  8.924197e-01 
  332.000  9.607766e-01 
  333.000  9.632920e-01 
  334.000  9.403272e-01 
  335.000  9.771774e-01 
  336.000  9.836158e-01 
  337.000  9.591100e-01 
  338.000  9.769014e-01 
  339.000  9.877103e-01 
  340.000  9.723477e-01 
  341.000  9.866445e-01 
  342.000  9.909512e-01 
  343.000  9.897278e-01 
  344.000  9.756147e-01 
  345.000  9.896203e-01 
  346.000  9.926307e-01 
  347.000  9.913373e-01 
  348.000  9.929121e-01 
  349.000  9.944737e-01 
  350.000  9.952454e-01 
  351.000  9.958475e-01 
  352.000  9.960751e-01 
  353.000  9.963876e-01 
  354.000  9.954638e-01 
  355.000  9.952227e-01 
  356.000  9.954947e-01 
  357.000  9.939067e-01 
  358.000  9.930280e-01 
  359.000  9.921184e-01 
  360.000  9.910768e-01 
  361.000  9.904232e-01 
  362.000  9.917184e-01 
  363.000  9.930339e-01 
  364.000  9.944298e-01 
  365.000  9.943308e-01 
  366.000  9.948878e-01 
  367.000  9.952581e-01 
  368.000  9.950477e-01 
  369.000  9.952387e-01 
  370.000  9.951460e-01 
  371.000  9.954425e-01 
  372.000  9.945191e-01 
  373.000  9.949362e-01 
  374.000  9.950296e-01 
  375.000  9.951171e-01 
  376.000  9.941933e-01 
  377.000  9.940976e-01 
  378.000  9.937936e-01 
  379.000  9.927324e-01 
  380.000  9.914302e-01 
  381.000  9.920308e-01 
  382.000  9.929731e-01 
  383.000  9.941293e-01 
  384.000  9.942442e-01 
  385.000  9.943919e-01 
  386.000  9.947604e-01 
  387.000  9.947310e-01 
  388.000  9.945425e-01 
  389.000  9.944180e-01 
  390.000  9.945040e-01 
  391.000  9.946186e-01 
  392.000  9.941839e-01 
  393.000  9.948536e-01 
  394.000  9.949382e-01 
  395.000  9.947318e-01 
  396.000  9.942916e-01 
  397.000  9.949903e-01 
  398.000  9.940588e-01 
  399.000  9.948930e-01 
  400.000  9.938574e-01 
  401.000  9.940694e-01 
  402.000  9.947486e-01 
  403.000  9.951566e-01 
  404.000  9.944162e-01 
  405.000  9.941943e-01 
  406.000  9.948866e-01 
  407.000  9.954326e-01 
  408.000  9.942786e-01 
  409.000  9.939223e-01 
  410.000  9.942112e-01 
  411.000  9.939359e-01 
  412.000  9.947651e-01 
  413.000  9.936819e-01 
  414.000  9.939524e-01 
  415.000  9.942671e-01 
  416.000  9.951265e-01 
  417.000  9.948852e-01 
  418.000  9.944713e-01 
  419.000  9.946151e-01 
  420.000  9.941092e-01 
  421.000  9.938986e-01 
  422.000  9.937173e-01 
  423.000  9.940768e-01 
  424.000  9.935001e-01 
  425.000  9.939171e-01 
  426.000  9.949678e-01 
  427.000  9.943740e-01 
  428.000  9.934590e-01 
  429.000  9.945560e-01 
  430.000  9.948242e-01 
  431.000  9.934309e-01 
  432.000  9.945010e-01 
  433.000  9.944357e-01 
  434.000  9.936189e-01 
  435.000  9.922288e-01 
  436.000  9.934337e-01 
  437.000  9.944081e-01 
  438.000  9.948860e-01 
  439.000  9.922327e-01 
  440.000  9.929621e-01 
  441.000  9.942211e-01 
  442.000  9.945686e-01 
  443.000  9.939163e-01 
  444.000  9.931931e-01 
  445.000  9.917038e-01 
  446.000  9.928461e-01 
  447.000  9.931254e-01 
  448.000  9.905074e-01 
  449.000  9.927284e-01 
  450.000  9.935432e-01 
  451.000  9.932832e-01 
  452.000  9.930057e-01 
  453.000  9.930988e-01 
  454.000  9.936091e-01 
  455.000  9.928529e-01 
  456.000  9.926111e-01 
  457.000  9.926158e-01 
  458.000  9.909916e-01 
  459.000  9.915728e-01 
  460.000  9.905644e-01 
  461.000  9.906448e-01 
  462.000  9.912526e-01 
  463.000  9.894952e-01 
  464.000  9.904867e-01 
  465.000  9.911223e-01 
  466.000  9.916998e-01 
  467.000  9.902540e-01 
  468.000  9.904273e-01 
  469.000  9.909405e-01 
  470.000  9.907732e-01 
  471.000  9.903960e-01 
  472.000  9.892685e-01 
  473.000  9.880571e-01 
  474.000  9.849324e-01 
  475.000  9.834082e-01 
  476.000  9.820552e-01 
  477.000  9.809067e-01 
  478.000  9.804705e-01 
  479.000  9.807154e-01 
  480.000  9.813653e-01 
  481.000  9.828820e-01 
  482.000  9.841510e-01 
  483.000  9.850937e-01 
  484.000  9.850422e-01 
  485.000  9.845781e-01 
  486.000  9.845968e-01 
  487.000  9.850133e-01 
  488.000  9.844193e-01 
  489.000  9.835060e-01 
  490.000  9.845246e-01 
  491.000  9.850377e-01 
  492.000  9.845620e-01 
  493.000  9.842705e-01 
  494.000  9.835993e-01 
  495.000  9.832910e-01 
  496.000  9.823332e-01 
  497.000  9.818966e-01 
  498.000  9.813399e-01 
  499.000  9.807428e-01 
  500.000  9.799751e-01 
  501.000  9.784827e-01 
  502.000  9.769926e-01 
  503.000  9.753409e-01 
  504.000  9.744032e-01 
  505.000  9.725484e-01 
  506.000  9.734499e-01 
  507.000  9.737935e-01 
  508.000  9.738325e-01 
  509.000  9.735199e-01 
  510.000  9.735829e-01 
  511.000  9.737434e-01 
  512.000  9.736567e-01 
  513.000  9.739196e-01 
  514.000  9.740887e-01 
  515.000  9.742311e-01 
  516.000  9.736815e-01 
  517.000  9.733689e-01 
  518.000  9.724833e-01 
  519.000  9.718583e-01 
  520.000  9.711435e-01 
  521.000  9.705264e-01 
  522.000  9.696918e-01 
  523.000  9.687772e-01 
  524.000  9.678382e-01 
  525.000  9.661854e-01 
  526.000  9.646913e-01 
  527.000  9.635535e-01 
  528.000  9.618096e-01 
  529.000  9.605630e-01 
  530.000  9.589173e-01 
  531.000  9.582455e-01 
  532.000  9.575615e-01 
  533.000  9.571828e-01 
  534.000  9.568549e-01 
  535.000  9.566506e-01 
  536.000  9.564087e-01 
  537.000  9.561656e-01 
  538.000  9.557874e-01 
  539.000  9.553381e-01 
  540.000  9.552811e-01 
  541.000  9.548194e-01 
  542.000  9.538691e-01 
  543.000  9.533539e-01 
  544.000  9.529913e-01 
  545.000  9.521825e-01 
  546.000  9.521925e-01 
  547.000  9.519303e-01 
  548.000  9.514825e-01 
  549.000  9.511712e-01 
  550.000  9.511119e-01 
  551.000  9.506567e-01 
  552.000  9.500419e-01 
  553.000  9.493702e-01 
  554.000  9.489585e-01 
  555.000  9.485877e-01 
  556.000  9.472201e-01 
  557.000  9.455653e-01 
  558.000  9.440444e-01 
  559.000  9.425626e-01 
  560.000  9.410614e-01 
  561.000  9.396358e-01 
  562.000  9.383799e-01 
  563.000  9.368262e-01 
  564.000  9.353471e-01 
  565.000  9.338614e-01 
  566.000  9.328045e-01 
  567.000  9.313239e-01 
  568.000  9.292350e-01 
  569.000  9.273816e-01 
  570.000  9.251385e-01 
  571.000  9.233620e-01 
  572.000  9.217564e-01 
  573.000  9.201880e-01 
  574.000  9.187871e-01 
  575.000  9.173880e-01 
  576.000  9.172656e-01 
  577.000  9.174931e-01 
  578.000  9.181575e-01 
  579.000  9.191990e-01 
  580.000  9.208430e-01 
  581.000  9.228703e-01 
  582.000  9.249651e-01 
  583.000  9.270309e-01 
  584.000  9.289888e-01 
  585.000  9.306614e-01 
  586.000  9.315806e-01 
  587.000  9.321197e-01 
  588.000  9.326609e-01 
  589.000  9.327666e-01 
  590.000  9.327943e-01 
  591.000  9.323921e-01 
  592.000  9.317598e-01 
  593.000  9.313756e-01 
  594.000  9.311045e-01 
  595.000  9.306410e-01 
  596.000  9.298133e-01 
  597.000  9.290795e-01 
  598.000  9.282077e-01 
  599.000  9.274286e-01 
  600.000  9.265032e-01 
  601.000  9.266672e-01 
  602.000  9.268521e-01 
  603.000  9.271068e-01 
  604.000  9.273224e-01 
  605.000  9.274601e-01 
  606.000  9.283277e-01 
  607.000  9.291800e-01 
  608.000  9.300178e-01 
  609.000  9.308943e-01 
  610.000  9.317504e-01 
  611.000  9.325335e-01 
  612.000  9.332311e-01 
  613.000  9.340847e-01 
  614.000  9.349425e-01 
  615.000  9.357547e-01 
  616.000  9.365485e-01 
  617.000  9.373041e-01 
  618.000  9.379443e-01 
  619.000  9.386290e-01 
  620.000  9.391004e-01 
  621.000  9.393491e-01 
  622.000  9.396006e-01 
  623.000  9.396715e-01 
  624.000  9.397098e-01 
  625.000  9.397452e-01 
  626.000  9.394100e-01 
  627.000  9.393160e-01 
  628.000  9.392362e-01 
  629.000  9.394677e-01 
  630.000  9.398203e-01 
  631.000  9.406489e-01 
  632.000  9.417092e-01 
  633.000  9.431515e-01 
  634.000  9.445602e-01 
  635.000  9.461148e-01 
  636.000  9.482679e-01 
  637.000  9.502924e-01 
  638.000  9.524111e-01 
  639.000  9.543274e-01 
  640.000  9.562696e-01 
  641.000  9.572260e-01 
  642.000  9.579030e-01 
  643.000  9.586559e-01 
  644.000  9.592224e-01 
  645.000  9.598301e-01 
  646.000  9.605126e-01 
  647.000  9.611294e-01 
  648.000  9.616822e-01 
  649.000  9.623786e-01 
  650.000  9.629914e-01 
  651.000  9.635910e-01 
  652.000  9.643664e-01 
  653.000  9.649811e-01 
  654.000  9.657417e-01 
  655.000  9.663362e-01 
  656.000  9.669339e-01 
  657.000  9.674045e-01 
  658.000  9.680125e-01 
  659.000  9.684585e-01 
  660.000  9.690637e-01 
  661.000  9.695288e-01 
  662.000  9.701392e-01 
  663.000  9.705940e-01 
  664.000  9.711972e-01 
  665.000  9.716351e-01 
  666.000  9.722232e-01 
  667.000  9.726706e-01 
  668.000  9.732508e-01 
  669.000  9.737096e-01 
  670.000  9.743053e-01 
  671.000  9.747846e-01 
  672.000  9.750803e-01 
  673.000  9.755241e-01 
  674.000  9.758247e-01 
  675.000  9.762893e-01 
  676.000  9.765913e-01 
  677.000  9.770489e-01 
  678.000  9.773752e-01 
  679.000  9.778327e-01 
  680.000  9.781337e-01 
  681.000  9.785951e-01 
  682.000  9.792157e-01 
  683.000  9.796653e-01 
  684.000  9.802813e-01 
  685.000  9.807368e-01 
  686.000  9.811870e-01 
  687.000  9.815047e-01 
  688.000  9.819685e-01 
  689.000  9.822728e-01 
  690.000  9.827322e-01 
  691.000  9.830378e-01 
  692.000  9.833449e-01 
  693.000  9.836527e-01 
  694.000  9.839586e-01 
  695.000  9.842629e-01 
  696.000  9.845679e-01 
  697.000  9.848755e-01 
  698.000  9.851862e-01 
  699.000  9.854932e-01 
  700.000  9.857925e-01 
  701.000  9.860392e-01 
  702.000  9.862809e-01 
  703.000  9.865246e-01 
  704.000  9.867570e-01 
  705.000  9.869956e-01 
  706.000  9.872133e-01 
  707.000  9.874141e-01 
  708.000  9.876419e-01 
  709.000  9.878694e-01 
  710.000  9.880792e-01 
  711.000  9.883173e-01 
  712.000  9.885634e-01 
  713.000  9.888161e-01 
  714.000  9.890649e-01 
  715.000  9.893160e-01 
  716.000  9.895076e-01 
  717.000  9.896946e-01 
  718.000  9.898801e-01 
  719.000  9.900666e-01 
  720.000  9.902509e-01 
  721.000  9.904343e-01 
  722.000  9.906151e-01 
  723.000  9.907998e-01 
  724.000  9.909860e-01 
  725.000  9.911756e-01 
  726.000  9.913169e-01 
  727.000  9.914564e-01 
  728.000  9.915943e-01 
  729.000  9.917342e-01 
  730.000  9.918725e-01 
  731.000  9.920266e-01 
  732.000  9.921798e-01 
  733.000  9.923345e-01 
  734.000  9.924859e-01 
  735.000  9.926367e-01 
  736.000  9.927316e-01 
  737.000  9.928083e-01 
  738.000  9.929026e-01 
  739.000  9.929760e-01 
  740.000  9.930702e-01 
  741.000  9.931486e-01 
  742.000  9.932429e-01 
  743.000  9.933153e-01 
  744.000  9.934038e-01 
  745.000  9.934721e-01 
  746.000  9.936056e-01 
  747.000  9.937603e-01 
  748.000  9.939055e-01 
  749.000  9.940450e-01 
  750.000  9.941827e-01 
  751.000  9.943354e-01 
  752.000  9.944895e-01 
  753.000  9.946451e-01 
  754.000  9.947969e-01 
  755.000  9.949532e-01 
  756.000  9.950631e-01 
  757.000  9.951574e-01 
  758.000  9.952678e-01 
  759.000  9.953617e-01 
  760.000  9.954709e-01 
  761.000  9.955180e-01 
  762.000  9.955642e-01 
  763.000  9.956250e-01 
  764.000  9.956707e-01 
  765.000  9.957160e-01 
  766.000  9.957323e-01 
  767.000  9.957485e-01 
  768.000  9.957803e-01 
  769.000  9.957966e-01 
  770.000  9.958128e-01 
  771.000  9.957821e-01 
  772.000  9.957511e-01 
  773.000  9.957203e-01 
  774.000  9.956892e-01 
  775.000  9.956582e-01 
  776.000  9.956421e-01 
  777.000  9.956261e-01 
  778.000  9.956102e-01 
  779.000  9.955945e-01 
  780.000  9.955794e-01 
  781.000  9.956877e-01 
  782.000  9.957803e-01 
  783.000  9.958881e-01 
  784.000  9.959815e-01 
  785.000  9.960874e-01 
  786.000  9.961811e-01 
  787.000  9.962901e-01 
  788.000  9.963809e-01 
  789.000  9.964872e-01 
  790.000  9.965767e-01 
  791.000  9.967042e-01 
  792.000  9.968146e-01 
  793.000  9.969410e-01 
  794.000  9.970499e-01 
  795.000  9.971774e-01 
  796.000  9.972394e-01 
  797.000  9.973013e-01 
  798.000  9.973478e-01 
  799.000  9.974098e-01 
  800.000  9.974717e-01 
  801.000  9.974407e-01 
  802.000  9.973943e-01 
  803.000  9.973633e-01 
  804.000  9.973168e-01 
  805.000  9.972858e-01 
  806.000  9.972394e-01 
  807.000  9.971929e-01 
  808.000  9.971464e-01 
  809.000  9.970999e-01 
  810.000  9.970535e-01 
  811.000  9.970690e-01 
  812.000  9.970845e-01 
  813.000  9.970999e-01 
  814.000  9.971154e-01 
  815.000  9.971309e-01 
  816.000  9.971774e-01 
  817.000  9.972239e-01 
  818.000  9.972703e-01 
  819.000  9.973168e-01 
  820.000  9.973633e-01 
  821.000  9.974252e-01 
  822.000  9.974717e-01 
  823.000  9.975337e-01 
  824.000  9.975801e-01 
  825.000  9.976422e-01 
  826.000  9.976732e-01 
  827.000  9.977041e-01 
  828.000  9.977350e-01 
  829.000  9.977661e-01 
  830.000  9.977971e-01 
  831.000  9.977971e-01 
  832.000  9.978126e-01 
  833.000  9.978126e-01 
  834.000  9.978281e-01 
  835.000  9.978281e-01 
  836.000  9.978281e-01 
  837.000  9.978281e-01 
  838.000  9.978281e-01 
  839.000  9.978281e-01 
  840.000  9.978281e-01 
  841.000  9.978281e-01 
  842.000  9.978126e-01 
  843.000  9.978126e-01 
  844.000  9.977971e-01 
  845.000  9.977971e-01 
  846.000  9.977816e-01 
  847.000  9.977816e-01 
  848.000  9.977661e-01 
  849.000  9.977661e-01 
  850.000  9.977506e-01 
  851.000  1.000000e+00 
  852.000  1.000000e+00 
  853.000  1.000000e+00 
  854.000  1.000000e+00 
  855.000  1.000000e+00 
  856.000  1.000000e+00 
  857.000  1.000000e+00 
  858.000  1.000000e+00 
  859.000  1.000000e+00 
  860.000  1.000000e+00 
  861.000  1.000000e+00 
  862.000  1.000000e+00 
  863.000  1.000000e+00 
  864.000  1.000000e+00 
  865.000  1.000000e+00 
  866.000  1.000000e+00 
  867.000  1.000000e+00 
  868.000  1.000000e+00 
  869.000  1.000000e+00 
  870.000  1.000000e+00 
  871.000  1.000000e+00 
  872.000  1.000000e+00 
  873.000  1.000000e+00 
  874.000  1.000000e+00 
  875.000  1.000000e+00 
  876.000  1.000000e+00 
  877.000  1.000000e+00 
  878.000  1.000000e+00 
  879.000  1.000000e+00 
  880.000  1.000000e+00 
  881.000  1.000000e+00 
  882.000  1.000000e+00 
  883.000  1.000000e+00 
  884.000  1.000000e+00 
  885.000  1.000000e+00 
  886.000  1.000000e+00 
  887.000  1.000000e+00 
  888.000  1.000000e+00 
  889.000  1.000000e+00 
  890.000  1.000000e+00 
  891.000  1.000000e+00 
  892.000  1.000000e+00 
  893.000  1.000000e+00 
  894.000  1.000000e+00 
  895.000  1.000000e+00 
  896.000  1.000000e+00 
  897.000  1.000000e+00 
  898.000  1.000000e+00 
  899.000  1.000000e+00 
  900.000  1.000000e+00 
  901.000  1.000000e+00 
  902.000  1.000000e+00 
  903.000  1.000000e+00 
  904.000  1.000000e+00 
  905.000  1.000000e+00 
  906.000  1.000000e+00 
  907.000  1.000000e+00 
  908.000  1.000000e+00 
  909.000  1.000000e+00 
  910.000  1.000000e+00 
  911.000  1.000000e+00 
  912.000  1.000000e+00 
  913.000  1.000000e+00 
  914.000  1.000000e+00 
  915.000  1.000000e+00 
  916.000  1.000000e+00 
  917.000  1.000000e+00 
  918.000  1.000000e+00 
  919.000  1.000000e+00 
  920.000  1.000000e+00 
  921.000  1.000000e+00 
  922.000  1.000000e+00 
  923.000  1.000000e+00 
  924.000  1.000000e+00 
  925.000  1.000000e+00 
  926.000  1.000000e+00 
  927.000  1.000000e+00 
  928.000  1.000000e+00 
  929.000  1.000000e+00 
  930.000  1.000000e+00 
  931.000  1.000000e+00 
  932.000  1.000000e+00 
  933.000  1.000000e+00 
  934.000  1.000000e+00 
  935.000  1.000000e+00 
  936.000  1.000000e+00 
  937.000  1.000000e+00 
  938.000  1.000000e+00 
  939.000  1.000000e+00 
  940.000  1.000000e+00 
  941.000  1.000000e+00 
  942.000  1.000000e+00 
  943.000  1.000000e+00 
  944.000  1.000000e+00 
  945.000  1.000000e+00 
  946.000  1.000000e+00 
  947.000  1.000000e+00 
  948.000  1.000000e+00 
  949.000  1.000000e+00 
  950.000  1.000000e+00 
  951.000  1.000000e+00 
  952.000  1.000000e+00 
  953.000  1.000000e+00 
  954.000  1.000000e+00 
  955.000  1.000000e+00 
  956.000  1.000000e+00 
  957.000  1.000000e+00 
  958.000  1.000000e+00 
  959.000  1.000000e+00 
  960.000  1.000000e+00 
  961.000  1.000000e+00 
  962.000  1.000000e+00 
  963.000  1.000000e+00 
  964.000  1.000000e+00 
  965.000  1.000000e+00 
  966.000  1.000000e+00 
  967.000  1.000000e+00 
  968.000  1.000000e+00 
  969.000  1.000000e+00 
  970.000  1.000000e+00 
  971.000  1.000000e+00 
  972.000  1.000000e+00 
  973.000  1.000000e+00 
  974.000  1.000000e+00 
  975.000  1.000000e+00 
  976.000  1.000000e+00 
  977.000  1.000000e+00 
  978.000  1.000000e+00 
  979.000  1.000000e+00 
  980.000  1.000000e+00 
  981.000  1.000000e+00 
  982.000  1.000000e+00 
  983.000  1.000000e+00 
  984.000  1.000000e+00 
  985.000  1.000000e+00 
  986.000  1.000000e+00 
  987.000  1.000000e+00 
  988.000  1.000000e+00 
  989.000  1.000000e+00 
  990.000  1.000000e+00 
  991.000  1.000000e+00 
  992.000  1.000000e+00 
  993.000  1.000000e+00 
  994.000  1.000000e+00 
  995.000  1.000000e+00 
  996.000  1.000000e+00 
  997.000  1.000000e+00 
  998.000  1.000000e+00 
  999.000  1.000000e+00 
 1000.000  1.000000e+00 
 1001.000  1.000000e+00 
 1002.000  1.000000e+00 
 1003.000  1.000000e+00 
 1004.000  1.000000e+00 
 1005.000  1.000000e+00 
 1006.000  1.000000e+00 
 1007.000  1.000000e+00 
 1008.000  9.999999e-01 
 1009.000  9.999999e-01 
 1010.000  9.999998e-01 
 1011.000  9.999997e-01 
 1012.000  9.999996e-01 
 1013.000  9.999994e-01 
 1014.000  9.999992e-01 
 1015.000  9.999988e-01 
 1016.000  9.999982e-01 
 1017.000  9.999975e-01 
 1018.000  9.999964e-01 
 1019.000  9.999949e-01 
 1020.000  9.999927e-01 
 1021.000  9.999899e-01 
 1022.000  9.999859e-01 
 1023.000  9.999808e-01 
 1024.000  9.999737e-01 
 1025.000  9.999645e-01 
 1026.000  9.999522e-01 
 1027.000  9.999362e-01 
 1028.000  9.999155e-01 
 1029.000  9.998891e-01 
 1030.000  9.998552e-01 
 1031.000  9.998127e-01 
 1032.000  9.997593e-01 
 1033.000  9.996929e-01 
 1034.000  9.996113e-01 
 1035.000  9.995115e-01 
 1036.000  9.993907e-01 
 1037.000  9.992458e-01 
 1038.000  9.990732e-01 
 1039.000  9.988696e-01 
 1040.000  9.986316e-01 
 1041.000  9.983558e-01 
 1042.000  9.980390e-01 
 1043.000  9.976786e-01 
 1044.000  9.972724e-01 
 1045.000  9.968190e-01 
 1046.000  9.963177e-01 
 1047.000  9.957692e-01 
 1048.000  9.951751e-01 
 1049.000  9.945385e-01 
 1050.000  9.938638e-01 
 1051.000  9.931570e-01 
 1052.000  9.924256e-01 
 1053.000  9.916781e-01 
 1054.000  9.909246e-01 
 1055.000  9.901763e-01 
 1056.000  9.894449e-01 
 1057.000  9.887431e-01 
 1058.000  9.880834e-01 
 1059.000  9.874780e-01 
 1060.000  9.869392e-01 
 1061.000  9.864775e-01 
 1062.000  9.861027e-01 
 1063.000  9.858226e-01 
 1064.000  9.856435e-01 
 1065.000  9.855691e-01 
 1066.000  9.856010e-01 
 1067.000  9.857386e-01 
 1068.000  9.859789e-01 
 1069.000  9.863167e-01 
 1070.000  9.867446e-01 
 1071.000  9.872539e-01 
 1072.000  9.878340e-01 
 1073.000  9.884735e-01 
 1074.000  9.891600e-01 
 1075.000  9.898810e-01 
 1076.000  9.906240e-01 
 1077.000  9.913768e-01 
 1078.000  9.921280e-01 
 1079.000  9.928669e-01 
 1080.000  9.935846e-01 
 1081.000  9.942729e-01 
 1082.000  9.949253e-01 
 1083.000  9.955369e-01 
 1084.000  9.961039e-01 
 1085.000  9.966242e-01 
 1086.000  9.970968e-01 
 1087.000  9.975218e-01 
 1088.000  9.979002e-01 
 1089.000  9.982341e-01 
 1090.000  9.985260e-01 
 1091.000  9.987787e-01 
 1092.000  9.989957e-01 
 1093.000  9.991802e-01 
 1094.000  9.993358e-01 
 1095.000  9.994659e-01 
 1096.000  9.995736e-01 
 1097.000  9.996622e-01 
 1098.000  9.997343e-01 
 1099.000  9.997927e-01 
 1100.000  9.998394e-01 
 1101.000  9.998765e-01 
 1102.000  9.999057e-01 
 1103.000  9.999286e-01 
 1104.000  9.999464e-01 
 1105.000  9.999599e-01 
 1106.000  9.999703e-01 
 1107.000  9.999781e-01 
 1108.000  9.999840e-01 
 1109.000  9.999885e-01 
 1110.000  9.999917e-01 
 1111.000  9.999940e-01 
 1112.000  9.999959e-01 
 1113.000  9.999971e-01 
 1114.000  9.999980e-01 
 1115.000  9.999986e-01 
 1116.000  9.999990e-01 
 1117.000  9.999993e-01 
 1118.000  9.999996e-01 
 1119.000  9.999997e-01 
 1120.000  9.999998e-01 
 1121.000  9.999999e-01 
 1122.000  9.999999e-01 
 1123.000  9.999999e-01 
 1124.000  1.000000e+00 
 1125.000  1.000000e+00 
 1126.000  1.000000e+00 
 1127.000  1.000000e+00 
 1128.000  1.000000e+00 
 1129.000  1.000000e+00 
 1130.000  1.000000e+00 
 1131.000  1.000000e+00 
 1132.000  1.000000e+00 
 1133.000  1.000000e+00 
 1134.000  1.000000e+00 
 1135.000  1.000000e+00 
 1136.000  1.000000e+00 
 1137.000  1.000000e+00 
 1138.000  1.000000e+00 
 1139.000  1.000000e+00 
 1140.000  1.000000e+00 
 1141.000  1.000000e+00 
 1142.000  1.000000e+00 
 1143.000  1.000000e+00 
 1144.000  1.000000e+00 
 1145.000  1.000000e+00 
 1146.000  1.000000e+00 
 1147.000  1.000000e+00 
 1148.000  1.000000e+00 
 1149.000  1.000000e+00 
 1150.000  1.000000e+00 
 1151.000  1.000000e+00 
 1152.000  1.000000e+00 
 1153.000  1.000000e+00 
 1154.000  1.000000e+00 
 1155.000  1.000000e+00 
 1156.000  1.000000e+00 
 1157.000  1.000000e+00 
 1158.000  1.000000e+00 
 1159.000  1.000000e+00 
 1160.000  1.000000e+00 
 1161.000  1.000000e+00 
 1162.000  1.000000e+00 
 1163.000  1.000000e+00 
 1164.000  1.000000e+00 
 1165.000  1.000000e+00 
 1166.000  1.000000e+00 
 1167.000  1.000000e+00 
 1168.000  1.000000e+00 
 1169.000  1.000000e+00 
 1170.000  1.000000e+00 
 1171.000  1.000000e+00 
 1172.000  1.000000e+00 
 1173.000  1.000000e+00 
 1174.000  1.000000e+00 
 1175.000  1.000000e+00 
 1176.000  1.000000e+00 
 1177.000  1.000000e+00 
 1178.000  1.000000e+00 
 1179.000  1.000000e+00 
 1180.000  1.000000e+00 
 1181.000  1.000000e+00 
 1182.000  1.000000e+00 
 1183.000  1.000000e+00 
 1184.000  1.000000e+00 
 1185.000  1.000000e+00 
 1186.000  1.000000e+00 
 1187.000  1.000000e+00 
 1188.000  1.000000e+00 
 1189.000  1.000000e+00 
 1190.000  1.000000e+00 
 1191.000  1.000000e+00 
 1192.000  1.000000e+00 
 1193.000  1.000000e+00 
 1194.000  1.000000e+00 
 1195.000  1.000000e+00 
 1196.000  1.000000e+00 
 1197.000  1.000000e+00 
 1198.000  1.000000e+00 
 1199.000  1.000000e+00 
 1200.000  1.000000e+00 
