  250.000  0.000000e+00 
  251.000  0.000000e+00 
  252.000  0.000000e+00 
  253.000  0.000000e+00 
  254.000  0.000000e+00 
  255.000  0.000000e+00 
  256.000  0.000000e+00 
  257.000  0.000000e+00 
  258.000  0.000000e+00 
  259.000  0.000000e+00 
  260.000  0.000000e+00 
  261.000  0.000000e+00 
  262.000  0.000000e+00 
  263.000  0.000000e+00 
  264.000  0.000000e+00 
  265.000  0.000000e+00 
  266.000  0.000000e+00 
  267.000  0.000000e+00 
  268.000  0.000000e+00 
  269.000  0.000000e+00 
  270.000  0.000000e+00 
  271.000  0.000000e+00 
  272.000  0.000000e+00 
  273.000  0.000000e+00 
  274.000  0.000000e+00 
  275.000  0.000000e+00 
  276.000  0.000000e+00 
  277.000  0.000000e+00 
  278.000  0.000000e+00 
  279.000  0.000000e+00 
  280.000  0.000000e+00 
  281.000  0.000000e+00 
  282.000  0.000000e+00 
  283.000  0.000000e+00 
  284.000  0.000000e+00 
  285.000  0.000000e+00 
  286.000  0.000000e+00 
  287.000  0.000000e+00 
  288.000  0.000000e+00 
  289.000  0.000000e+00 
  290.000  0.000000e+00 
  291.000  0.000000e+00 
  292.000  0.000000e+00 
  293.000  0.000000e+00 
  294.000  0.000000e+00 
  295.000  0.000000e+00 
  296.000  4.106236e-07 
  297.000  2.318325e-06 
  298.000  1.370235e-05 
  299.000  4.286522e-05 
  300.000  1.848949e-04 
  301.000  5.839643e-04 
  302.000  1.295733e-03 
  303.000  3.990028e-03 
  304.000  5.891105e-03 
  305.000  1.484522e-02 
  306.000  2.211908e-02 
  307.000  3.891367e-02 
  308.000  5.751019e-02 
  309.000  8.014621e-02 
  310.000  1.286538e-01 
  311.000  1.521942e-01 
  312.000  2.035554e-01 
  313.000  2.588022e-01 
  314.000  2.806750e-01 
  315.000  3.692920e-01 
  316.000  3.952466e-01 
  317.000  4.518515e-01 
  318.000  4.817444e-01 
  319.000  6.221597e-01 
  320.000  5.062013e-01 
  321.000  7.222484e-01 
  322.000  6.034261e-01 
  323.000  6.954595e-01 
  324.000  8.287289e-01 
  325.000  7.012007e-01 
  326.000  8.405149e-01 
  327.000  8.616405e-01 
  328.000  7.576900e-01 
  329.000  9.191620e-01 
  330.000  9.321837e-01 
  331.000  8.414897e-01 
  332.000  9.420559e-01 
  333.000  9.461549e-01 
  334.000  9.116047e-01 
  335.000  9.669989e-01 
  336.000  9.766721e-01 
  337.000  9.397554e-01 
  338.000  9.664691e-01 
  339.000  9.832526e-01 
  340.000  9.599091e-01 
  341.000  9.819278e-01 
  342.000  9.886493e-01 
  343.000  9.867547e-01 
  344.000  9.654831e-01 
  345.000  9.866098e-01 
  346.000  9.910635e-01 
  347.000  9.889832e-01 
  348.000  9.914165e-01 
  349.000  9.938055e-01 
  350.000  9.946739e-01 
  351.000  9.958475e-01 
  352.000  9.960751e-01 
  353.000  9.963876e-01 
  354.000  9.954638e-01 
  355.000  9.952227e-01 
  356.000  9.954947e-01 
  357.000  9.939067e-01 
  358.000  9.930280e-01 
  359.000  9.921184e-01 
  360.000  9.910768e-01 
  361.000  9.904232e-01 
  362.000  9.917184e-01 
  363.000  9.930339e-01 
  364.000  9.944298e-01 
  365.000  9.943308e-01 
  366.000  9.948878e-01 
  367.000  9.952581e-01 
  368.000  9.950477e-01 
  369.000  9.952387e-01 
  370.000  9.951460e-01 
  371.000  9.954425e-01 
  372.000  9.945191e-01 
  373.000  9.949362e-01 
  374.000  9.950296e-01 
  375.000  9.951171e-01 
  376.000  9.941933e-01 
  377.000  9.940976e-01 
  378.000  9.937936e-01 
  379.000  9.927324e-01 
  380.000  9.914302e-01 
  381.000  9.920308e-01 
  382.000  9.929731e-01 
  383.000  9.941293e-01 
  384.000  9.942442e-01 
  385.000  9.943919e-01 
  386.000  9.947604e-01 
  387.000  9.947310e-01 
  388.000  9.945425e-01 
  389.000  9.944180e-01 
  390.000  9.945040e-01 
  391.000  9.946186e-01 
  392.000  9.941839e-01 
  393.000  9.948536e-01 
  394.000  9.949382e-01 
  395.000  9.947318e-01 
  396.000  9.942916e-01 
  397.000  9.949903e-01 
  398.000  9.940588e-01 
  399.000  9.948930e-01 
  400.000  9.938574e-01 
  401.000  9.940694e-01 
  402.000  9.947486e-01 
  403.000  9.951566e-01 
  404.000  9.944162e-01 
  405.000  9.941943e-01 
  406.000  9.948390e-01 
  407.000  9.953376e-01 
  408.000  9.941355e-01 
  409.000  9.937319e-01 
  410.000  9.939733e-01 
  411.000  9.936940e-01 
  412.000  9.945197e-01 
  413.000  9.934328e-01 
  414.000  9.936998e-01 
  415.000  9.940104e-01 
  416.000  9.948558e-01 
  417.000  9.946006e-01 
  418.000  9.941729e-01 
  419.000  9.943027e-01 
  420.000  9.937831e-01 
  421.000  9.935309e-01 
  422.000  9.933080e-01 
  423.000  9.936258e-01 
  424.000  9.930076e-01 
  425.000  9.933828e-01 
  426.000  9.944280e-01 
  427.000  9.938295e-01 
  428.000  9.929110e-01 
  429.000  9.940025e-01 
  430.000  9.942657e-01 
  431.000  9.928429e-01 
  432.000  9.938830e-01 
  433.000  9.937875e-01 
  434.000  9.929419e-01 
  435.000  9.915226e-01 
  436.000  9.926637e-01 
  437.000  9.935744e-01 
  438.000  9.939866e-01 
  439.000  9.912788e-01 
  440.000  9.919421e-01 
  441.000  9.931590e-01 
  442.000  9.934653e-01 
  443.000  9.927810e-01 
  444.000  9.920179e-01 
  445.000  9.904896e-01 
  446.000  9.915978e-01 
  447.000  9.918361e-01 
  448.000  9.891890e-01 
  449.000  9.913662e-01 
  450.000  9.921472e-01 
  451.000  9.918224e-01 
  452.000  9.914801e-01 
  453.000  9.914997e-01 
  454.000  9.919438e-01 
  455.000  9.911237e-01 
  456.000  9.906461e-01 
  457.000  9.904146e-01 
  458.000  9.885583e-01 
  459.000  9.889023e-01 
  460.000  9.876610e-01 
  461.000  9.877250e-01 
  462.000  9.883147e-01 
  463.000  9.865382e-01 
  464.000  9.875104e-01 
  465.000  9.881279e-01 
  466.000  9.886385e-01 
  467.000  9.871405e-01 
  468.000  9.872483e-01 
  469.000  9.877030e-01 
  470.000  9.874712e-01 
  471.000  9.869574e-01 
  472.000  9.857042e-01 
  473.000  9.843596e-01 
  474.000  9.811172e-01 
  475.000  9.794621e-01 
  476.000  9.777609e-01 
  477.000  9.762561e-01 
  478.000  9.754689e-01 
  479.000  9.753516e-01 
  480.000  9.756449e-01 
  481.000  9.769440e-01 
  482.000  9.779882e-01 
  483.000  9.787157e-01 
  484.000  9.784474e-01 
  485.000  9.777773e-01 
  486.000  9.778200e-01 
  487.000  9.782577e-01 
  488.000  9.776920e-01 
  489.000  9.768089e-01 
  490.000  9.778448e-01 
  491.000  9.782257e-01 
  492.000  9.776247e-01 
  493.000  9.771986e-01 
  494.000  9.764037e-01 
  495.000  9.759692e-01 
  496.000  9.745218e-01 
  497.000  9.736161e-01 
  498.000  9.725043e-01 
  499.000  9.714332e-01 
  500.000  9.701940e-01 
  501.000  9.680795e-01 
  502.000  9.659697e-01 
  503.000  9.637024e-01 
  504.000  9.621429e-01 
  505.000  9.596800e-01 
  506.000  9.606485e-01 
  507.000  9.610666e-01 
  508.000  9.611051e-01 
  509.000  9.608756e-01 
  510.000  9.610168e-01 
  511.000  9.611753e-01 
  512.000  9.610107e-01 
  513.000  9.612701e-01 
  514.000  9.613580e-01 
  515.000  9.614985e-01 
  516.000  9.606401e-01 
  517.000  9.600949e-01 
  518.000  9.589059e-01 
  519.000  9.580532e-01 
  520.000  9.570338e-01 
  521.000  9.559539e-01 
  522.000  9.546608e-01 
  523.000  9.533683e-01 
  524.000  9.519746e-01 
  525.000  9.498801e-01 
  526.000  9.476318e-01 
  527.000  9.458138e-01 
  528.000  9.433262e-01 
  529.000  9.414067e-01 
  530.000  9.390212e-01 
  531.000  9.380547e-01 
  532.000  9.370770e-01 
  533.000  9.364755e-01 
  534.000  9.358468e-01 
  535.000  9.353393e-01 
  536.000  9.348722e-01 
  537.000  9.344040e-01 
  538.000  9.338809e-01 
  539.000  9.332117e-01 
  540.000  9.329257e-01 
  541.000  9.321683e-01 
  542.000  9.309343e-01 
  543.000  9.302020e-01 
  544.000  9.295424e-01 
  545.000  9.284481e-01 
  546.000  9.283051e-01 
  547.000  9.278969e-01 
  548.000  9.273079e-01 
  549.000  9.268522e-01 
  550.000  9.266420e-01 
  551.000  9.258940e-01 
  552.000  9.249910e-01 
  553.000  9.241090e-01 
  554.000  9.234045e-01 
  555.000  9.227400e-01 
  556.000  9.206525e-01 
  557.000  9.182131e-01 
  558.000  9.159828e-01 
  559.000  9.137184e-01 
  560.000  9.115133e-01 
  561.000  9.094591e-01 
  562.000  9.076464e-01 
  563.000  9.054733e-01 
  564.000  9.034491e-01 
  565.000  9.013470e-01 
  566.000  8.998087e-01 
  567.000  8.978636e-01 
  568.000  8.952608e-01 
  569.000  8.929610e-01 
  570.000  8.902886e-01 
  571.000  8.884329e-01 
  572.000  8.868152e-01 
  573.000  8.851606e-01 
  574.000  8.837404e-01 
  575.000  8.822495e-01 
  576.000  8.824221e-01 
  577.000  8.829312e-01 
  578.000  8.838612e-01 
  579.000  8.851550e-01 
  580.000  8.870296e-01 
  581.000  8.892750e-01 
  582.000  8.915867e-01 
  583.000  8.938719e-01 
  584.000  8.960543e-01 
  585.000  8.979629e-01 
  586.000  8.987760e-01 
  587.000  8.991482e-01 
  588.000  8.995965e-01 
  589.000  8.995504e-01 
  590.000  8.995031e-01 
  591.000  8.988196e-01 
  592.000  8.979148e-01 
  593.000  8.973231e-01 
  594.000  8.967668e-01 
  595.000  8.960258e-01 
  596.000  8.947873e-01 
  597.000  8.937137e-01 
  598.000  8.924347e-01 
  599.000  8.913191e-01 
  600.000  8.899904e-01 
  601.000  8.902213e-01 
  602.000  8.904721e-01 
  603.000  8.907900e-01 
  604.000  8.910704e-01 
  605.000  8.912760e-01 
  606.000  8.925500e-01 
  607.000  8.938102e-01 
  608.000  8.950578e-01 
  609.000  8.963433e-01 
  610.000  8.976104e-01 
  611.000  8.988081e-01 
  612.000  8.999243e-01 
  613.000  9.011919e-01 
  614.000  9.024645e-01 
  615.000  9.036943e-01 
  616.000  9.049816e-01 
  617.000  9.062333e-01 
  618.000  9.072996e-01 
  619.000  9.084848e-01 
  620.000  9.094644e-01 
  621.000  9.101540e-01 
  622.000  9.108470e-01 
  623.000  9.113652e-01 
  624.000  9.118522e-01 
  625.000  9.123364e-01 
  626.000  9.122360e-01 
  627.000  9.124447e-01 
  628.000  9.125924e-01 
  629.000  9.131175e-01 
  630.000  9.136856e-01 
  631.000  9.148672e-01 
  632.000  9.162750e-01 
  633.000  9.181312e-01 
  634.000  9.198806e-01 
  635.000  9.217735e-01 
  636.000  9.245551e-01 
  637.000  9.271386e-01 
  638.000  9.298935e-01 
  639.000  9.323775e-01 
  640.000  9.349668e-01 
  641.000  9.361327e-01 
  642.000  9.369488e-01 
  643.000  9.379166e-01 
  644.000  9.386253e-01 
  645.000  9.394516e-01 
  646.000  9.404290e-01 
  647.000  9.413424e-01 
  648.000  9.421161e-01 
  649.000  9.431084e-01 
  650.000  9.440194e-01 
  651.000  9.449179e-01 
  652.000  9.460670e-01 
  653.000  9.469815e-01 
  654.000  9.481177e-01 
  655.000  9.490134e-01 
  656.000  9.499127e-01 
  657.000  9.506094e-01 
  658.000  9.515198e-01 
  659.000  9.521931e-01 
  660.000  9.531015e-01 
  661.000  9.537943e-01 
  662.000  9.547087e-01 
  663.000  9.553918e-01 
  664.000  9.563000e-01 
  665.000  9.569674e-01 
  666.000  9.578615e-01 
  667.000  9.585387e-01 
  668.000  9.594259e-01 
  669.000  9.601150e-01 
  670.000  9.610185e-01 
  671.000  9.617284e-01 
  672.000  9.621783e-01 
  673.000  9.628537e-01 
  674.000  9.633089e-01 
  675.000  9.640052e-01 
  676.000  9.644620e-01 
  677.000  9.651520e-01 
  678.000  9.656332e-01 
  679.000  9.663235e-01 
  680.000  9.667798e-01 
  681.000  9.674746e-01 
  682.000  9.684065e-01 
  683.000  9.690903e-01 
  684.000  9.700185e-01 
  685.000  9.707087e-01 
  686.000  9.713938e-01 
  687.000  9.718680e-01 
  688.000  9.725673e-01 
  689.000  9.730287e-01 
  690.000  9.737239e-01 
  691.000  9.741868e-01 
  692.000  9.746515e-01 
  693.000  9.751168e-01 
  694.000  9.755805e-01 
  695.000  9.760427e-01 
  696.000  9.765058e-01 
  697.000  9.769714e-01 
  698.000  9.774404e-01 
  699.000  9.779058e-01 
  700.000  9.783637e-01 
  701.000  9.787372e-01 
  702.000  9.791060e-01 
  703.000  9.794767e-01 
  704.000  9.798364e-01 
  705.000  9.802023e-01 
  706.000  9.805312e-01 
  707.000  9.808436e-01 
  708.000  9.811828e-01 
  709.000  9.815220e-01 
  710.000  9.818434e-01 
  711.000  9.822092e-01 
  712.000  9.825830e-01 
  713.000  9.829634e-01 
  714.000  9.833402e-01 
  715.000  9.837192e-01 
  716.000  9.840068e-01 
  717.000  9.842898e-01 
  718.000  9.845715e-01 
  719.000  9.848542e-01 
  720.000  9.851347e-01 
  721.000  9.854143e-01 
  722.000  9.856915e-01 
  723.000  9.859724e-01 
  724.000  9.862551e-01 
  725.000  9.865412e-01 
  726.000  9.867548e-01 
  727.000  9.869666e-01 
  728.000  9.871770e-01 
  729.000  9.873894e-01 
  730.000  9.876002e-01 
  731.000  9.878348e-01 
  732.000  9.880686e-01 
  733.000  9.883038e-01 
  734.000  9.885359e-01 
  735.000  9.887674e-01 
  736.000  9.889108e-01 
  737.000  9.890279e-01 
  738.000  9.891706e-01 
  739.000  9.892843e-01 
  740.000  9.894271e-01 
  741.000  9.895458e-01 
  742.000  9.896886e-01 
  743.000  9.898015e-01 
  744.000  9.899384e-01 
  745.000  9.900473e-01 
  746.000  9.902534e-01 
  747.000  9.904811e-01 
  748.000  9.906991e-01 
  749.000  9.909114e-01 
  750.000  9.911220e-01 
  751.000  9.913558e-01 
  752.000  9.915910e-01 
  753.000  9.918276e-01 
  754.000  9.920607e-01 
  755.000  9.922980e-01 
  756.000  9.924648e-01 
  757.000  9.926077e-01 
  758.000  9.927750e-01 
  759.000  9.929177e-01 
  760.000  9.930838e-01 
  761.000  9.931552e-01 
  762.000  9.932258e-01 
  763.000  9.933192e-01 
  764.000  9.933892e-01 
  765.000  9.934589e-01 
  766.000  9.934833e-01 
  767.000  9.935077e-01 
  768.000  9.935559e-01 
  769.000  9.935803e-01 
  770.000  9.936045e-01 
  771.000  9.935576e-01 
  772.000  9.935104e-01 
  773.000  9.934633e-01 
  774.000  9.934158e-01 
  775.000  9.933686e-01 
  776.000  9.933444e-01 
  777.000  9.933202e-01 
  778.000  9.932963e-01 
  779.000  9.932724e-01 
  780.000  9.932491e-01 
  781.000  9.934143e-01 
  782.000  9.935558e-01 
  783.000  9.937205e-01 
  784.000  9.938627e-01 
  785.000  9.940258e-01 
  786.000  9.941682e-01 
  787.000  9.943342e-01 
  788.000  9.944738e-01 
  789.000  9.946373e-01 
  790.000  9.947756e-01 
  791.000  9.949684e-01 
  792.000  9.951359e-01 
  793.000  9.953275e-01 
  794.000  9.954935e-01 
  795.000  9.956863e-01 
  796.000  9.957809e-01 
  797.000  9.958755e-01 
  798.000  9.959465e-01 
  799.000  9.960412e-01 
  800.000  9.961358e-01 
  801.000  9.960884e-01 
  802.000  9.960175e-01 
  803.000  9.959701e-01 
  804.000  9.958992e-01 
  805.000  9.958519e-01 
  806.000  9.957809e-01 
  807.000  9.957099e-01 
  808.000  9.956390e-01 
  809.000  9.955680e-01 
  810.000  9.954971e-01 
  811.000  9.955207e-01 
  812.000  9.955444e-01 
  813.000  9.955680e-01 
  814.000  9.955916e-01 
  815.000  9.956154e-01 
  816.000  9.956863e-01 
  817.000  9.957572e-01 
  818.000  9.958283e-01 
  819.000  9.958992e-01 
  820.000  9.959701e-01 
  821.000  9.960648e-01 
  822.000  9.961358e-01 
  823.000  9.962304e-01 
  824.000  9.963014e-01 
  825.000  9.963961e-01 
  826.000  9.964435e-01 
  827.000  9.964907e-01 
  828.000  9.965380e-01 
  829.000  9.965854e-01 
  830.000  9.966328e-01 
  831.000  9.966328e-01 
  832.000  9.966564e-01 
  833.000  9.966564e-01 
  834.000  9.966801e-01 
  835.000  9.966801e-01 
  836.000  9.966801e-01 
  837.000  9.966801e-01 
  838.000  9.966801e-01 
  839.000  9.966801e-01 
  840.000  9.966801e-01 
  841.000  9.966801e-01 
  842.000  9.966564e-01 
  843.000  9.966564e-01 
  844.000  9.966328e-01 
  845.000  9.966328e-01 
  846.000  9.966091e-01 
  847.000  9.966091e-01 
  848.000  9.965854e-01 
  849.000  9.965854e-01 
  850.000  9.965618e-01 
  851.000  1.000000e+00 
  852.000  1.000000e+00 
  853.000  1.000000e+00 
  854.000  1.000000e+00 
  855.000  1.000000e+00 
  856.000  1.000000e+00 
  857.000  1.000000e+00 
  858.000  1.000000e+00 
  859.000  1.000000e+00 
  860.000  1.000000e+00 
  861.000  1.000000e+00 
  862.000  1.000000e+00 
  863.000  1.000000e+00 
  864.000  1.000000e+00 
  865.000  1.000000e+00 
  866.000  1.000000e+00 
  867.000  1.000000e+00 
  868.000  1.000000e+00 
  869.000  1.000000e+00 
  870.000  1.000000e+00 
  871.000  1.000000e+00 
  872.000  1.000000e+00 
  873.000  1.000000e+00 
  874.000  1.000000e+00 
  875.000  1.000000e+00 
  876.000  1.000000e+00 
  877.000  1.000000e+00 
  878.000  1.000000e+00 
  879.000  1.000000e+00 
  880.000  1.000000e+00 
  881.000  1.000000e+00 
  882.000  1.000000e+00 
  883.000  1.000000e+00 
  884.000  1.000000e+00 
  885.000  1.000000e+00 
  886.000  1.000000e+00 
  887.000  1.000000e+00 
  888.000  1.000000e+00 
  889.000  1.000000e+00 
  890.000  1.000000e+00 
  891.000  1.000000e+00 
  892.000  1.000000e+00 
  893.000  1.000000e+00 
  894.000  1.000000e+00 
  895.000  1.000000e+00 
  896.000  1.000000e+00 
  897.000  1.000000e+00 
  898.000  1.000000e+00 
  899.000  1.000000e+00 
  900.000  1.000000e+00 
  901.000  1.000000e+00 
  902.000  1.000000e+00 
  903.000  1.000000e+00 
  904.000  1.000000e+00 
  905.000  1.000000e+00 
  906.000  1.000000e+00 
  907.000  1.000000e+00 
  908.000  1.000000e+00 
  909.000  1.000000e+00 
  910.000  1.000000e+00 
  911.000  1.000000e+00 
  912.000  1.000000e+00 
  913.000  1.000000e+00 
  914.000  1.000000e+00 
  915.000  1.000000e+00 
  916.000  1.000000e+00 
  917.000  1.000000e+00 
  918.000  1.000000e+00 
  919.000  1.000000e+00 
  920.000  1.000000e+00 
  921.000  1.000000e+00 
  922.000  1.000000e+00 
  923.000  1.000000e+00 
  924.000  1.000000e+00 
  925.000  1.000000e+00 
  926.000  1.000000e+00 
  927.000  1.000000e+00 
  928.000  1.000000e+00 
  929.000  1.000000e+00 
  930.000  1.000000e+00 
  931.000  1.000000e+00 
  932.000  1.000000e+00 
  933.000  1.000000e+00 
  934.000  1.000000e+00 
  935.000  1.000000e+00 
  936.000  1.000000e+00 
  937.000  1.000000e+00 
  938.000  1.000000e+00 
  939.000  1.000000e+00 
  940.000  1.000000e+00 
  941.000  1.000000e+00 
  942.000  1.000000e+00 
  943.000  1.000000e+00 
  944.000  1.000000e+00 
  945.000  1.000000e+00 
  946.000  1.000000e+00 
  947.000  1.000000e+00 
  948.000  1.000000e+00 
  949.000  1.000000e+00 
  950.000  1.000000e+00 
  951.000  1.000000e+00 
  952.000  1.000000e+00 
  953.000  1.000000e+00 
  954.000  1.000000e+00 
  955.000  1.000000e+00 
  956.000  1.000000e+00 
  957.000  1.000000e+00 
  958.000  1.000000e+00 
  959.000  1.000000e+00 
  960.000  1.000000e+00 
  961.000  1.000000e+00 
  962.000  1.000000e+00 
  963.000  1.000000e+00 
  964.000  1.000000e+00 
  965.000  1.000000e+00 
  966.000  1.000000e+00 
  967.000  1.000000e+00 
  968.000  1.000000e+00 
  969.000  1.000000e+00 
  970.000  1.000000e+00 
  971.000  1.000000e+00 
  972.000  1.000000e+00 
  973.000  1.000000e+00 
  974.000  1.000000e+00 
  975.000  1.000000e+00 
  976.000  1.000000e+00 
  977.000  1.000000e+00 
  978.000  1.000000e+00 
  979.000  1.000000e+00 
  980.000  1.000000e+00 
  981.000  1.000000e+00 
  982.000  1.000000e+00 
  983.000  1.000000e+00 
  984.000  1.000000e+00 
  985.000  1.000000e+00 
  986.000  1.000000e+00 
  987.000  1.000000e+00 
  988.000  1.000000e+00 
  989.000  1.000000e+00 
  990.000  1.000000e+00 
  991.000  1.000000e+00 
  992.000  1.000000e+00 
  993.000  1.000000e+00 
  994.000  1.000000e+00 
  995.000  1.000000e+00 
  996.000  1.000000e+00 
  997.000  1.000000e+00 
  998.000  1.000000e+00 
  999.000  1.000000e+00 
 1000.000  1.000000e+00 
 1001.000  1.000000e+00 
 1002.000  1.000000e+00 
 1003.000  1.000000e+00 
 1004.000  1.000000e+00 
 1005.000  1.000000e+00 
 1006.000  1.000000e+00 
 1007.000  1.000000e+00 
 1008.000  9.999999e-01 
 1009.000  9.999999e-01 
 1010.000  9.999998e-01 
 1011.000  9.999997e-01 
 1012.000  9.999996e-01 
 1013.000  9.999994e-01 
 1014.000  9.999992e-01 
 1015.000  9.999988e-01 
 1016.000  9.999982e-01 
 1017.000  9.999975e-01 
 1018.000  9.999964e-01 
 1019.000  9.999949e-01 
 1020.000  9.999927e-01 
 1021.000  9.999899e-01 
 1022.000  9.999859e-01 
 1023.000  9.999808e-01 
 1024.000  9.999737e-01 
 1025.000  9.999645e-01 
 1026.000  9.999522e-01 
 1027.000  9.999362e-01 
 1028.000  9.999155e-01 
 1029.000  9.998891e-01 
 1030.000  9.998552e-01 
 1031.000  9.998127e-01 
 1032.000  9.997593e-01 
 1033.000  9.996929e-01 
 1034.000  9.996113e-01 
 1035.000  9.995115e-01 
 1036.000  9.993907e-01 
 1037.000  9.992458e-01 
 1038.000  9.990732e-01 
 1039.000  9.988696e-01 
 1040.000  9.986316e-01 
 1041.000  9.983558e-01 
 1042.000  9.980390e-01 
 1043.000  9.976786e-01 
 1044.000  9.972724e-01 
 1045.000  9.968190e-01 
 1046.000  9.963177e-01 
 1047.000  9.957692e-01 
 1048.000  9.951751e-01 
 1049.000  9.945385e-01 
 1050.000  9.938638e-01 
 1051.000  9.931570e-01 
 1052.000  9.924256e-01 
 1053.000  9.916781e-01 
 1054.000  9.909246e-01 
 1055.000  9.901763e-01 
 1056.000  9.894449e-01 
 1057.000  9.887431e-01 
 1058.000  9.880834e-01 
 1059.000  9.874780e-01 
 1060.000  9.869392e-01 
 1061.000  9.864775e-01 
 1062.000  9.861027e-01 
 1063.000  9.858226e-01 
 1064.000  9.856435e-01 
 1065.000  9.855691e-01 
 1066.000  9.856010e-01 
 1067.000  9.857386e-01 
 1068.000  9.859789e-01 
 1069.000  9.863167e-01 
 1070.000  9.867446e-01 
 1071.000  9.872539e-01 
 1072.000  9.878340e-01 
 1073.000  9.884735e-01 
 1074.000  9.891600e-01 
 1075.000  9.898810e-01 
 1076.000  9.906240e-01 
 1077.000  9.913768e-01 
 1078.000  9.921280e-01 
 1079.000  9.928669e-01 
 1080.000  9.935846e-01 
 1081.000  9.942729e-01 
 1082.000  9.949253e-01 
 1083.000  9.955369e-01 
 1084.000  9.961039e-01 
 1085.000  9.966242e-01 
 1086.000  9.970968e-01 
 1087.000  9.975218e-01 
 1088.000  9.979002e-01 
 1089.000  9.982341e-01 
 1090.000  9.985260e-01 
 1091.000  9.987787e-01 
 1092.000  9.989957e-01 
 1093.000  9.991802e-01 
 1094.000  9.993358e-01 
 1095.000  9.994659e-01 
 1096.000  9.995736e-01 
 1097.000  9.996622e-01 
 1098.000  9.997343e-01 
 1099.000  9.997927e-01 
 1100.000  9.998394e-01 
 1101.000  9.998765e-01 
 1102.000  9.999057e-01 
 1103.000  9.999286e-01 
 1104.000  9.999464e-01 
 1105.000  9.999599e-01 
 1106.000  9.999703e-01 
 1107.000  9.999781e-01 
 1108.000  9.999840e-01 
 1109.000  9.999885e-01 
 1110.000  9.999917e-01 
 1111.000  9.999940e-01 
 1112.000  9.999959e-01 
 1113.000  9.999971e-01 
 1114.000  9.999980e-01 
 1115.000  9.999986e-01 
 1116.000  9.999990e-01 
 1117.000  9.999993e-01 
 1118.000  9.999996e-01 
 1119.000  9.999997e-01 
 1120.000  9.999998e-01 
 1121.000  9.999999e-01 
 1122.000  9.999999e-01 
 1123.000  9.999999e-01 
 1124.000  1.000000e+00 
 1125.000  1.000000e+00 
 1126.000  1.000000e+00 
 1127.000  1.000000e+00 
 1128.000  1.000000e+00 
 1129.000  1.000000e+00 
 1130.000  1.000000e+00 
 1131.000  1.000000e+00 
 1132.000  1.000000e+00 
 1133.000  1.000000e+00 
 1134.000  1.000000e+00 
 1135.000  1.000000e+00 
 1136.000  1.000000e+00 
 1137.000  1.000000e+00 
 1138.000  1.000000e+00 
 1139.000  1.000000e+00 
 1140.000  1.000000e+00 
 1141.000  1.000000e+00 
 1142.000  1.000000e+00 
 1143.000  1.000000e+00 
 1144.000  1.000000e+00 
 1145.000  1.000000e+00 
 1146.000  1.000000e+00 
 1147.000  1.000000e+00 
 1148.000  1.000000e+00 
 1149.000  1.000000e+00 
 1150.000  1.000000e+00 
 1151.000  1.000000e+00 
 1152.000  1.000000e+00 
 1153.000  1.000000e+00 
 1154.000  1.000000e+00 
 1155.000  1.000000e+00 
 1156.000  1.000000e+00 
 1157.000  1.000000e+00 
 1158.000  1.000000e+00 
 1159.000  1.000000e+00 
 1160.000  1.000000e+00 
 1161.000  1.000000e+00 
 1162.000  1.000000e+00 
 1163.000  1.000000e+00 
 1164.000  1.000000e+00 
 1165.000  1.000000e+00 
 1166.000  1.000000e+00 
 1167.000  1.000000e+00 
 1168.000  1.000000e+00 
 1169.000  1.000000e+00 
 1170.000  1.000000e+00 
 1171.000  1.000000e+00 
 1172.000  1.000000e+00 
 1173.000  1.000000e+00 
 1174.000  1.000000e+00 
 1175.000  1.000000e+00 
 1176.000  1.000000e+00 
 1177.000  1.000000e+00 
 1178.000  1.000000e+00 
 1179.000  1.000000e+00 
 1180.000  1.000000e+00 
 1181.000  1.000000e+00 
 1182.000  1.000000e+00 
 1183.000  1.000000e+00 
 1184.000  1.000000e+00 
 1185.000  1.000000e+00 
 1186.000  1.000000e+00 
 1187.000  1.000000e+00 
 1188.000  1.000000e+00 
 1189.000  1.000000e+00 
 1190.000  1.000000e+00 
 1191.000  1.000000e+00 
 1192.000  1.000000e+00 
 1193.000  1.000000e+00 
 1194.000  1.000000e+00 
 1195.000  1.000000e+00 
 1196.000  1.000000e+00 
 1197.000  1.000000e+00 
 1198.000  1.000000e+00 
 1199.000  1.000000e+00 
 1200.000  1.000000e+00 
