  250.000  0.000000e+00 
  251.000  0.000000e+00 
  252.000  0.000000e+00 
  253.000  0.000000e+00 
  254.000  0.000000e+00 
  255.000  0.000000e+00 
  256.000  0.000000e+00 
  257.000  0.000000e+00 
  258.000  0.000000e+00 
  259.000  0.000000e+00 
  260.000  0.000000e+00 
  261.000  0.000000e+00 
  262.000  0.000000e+00 
  263.000  0.000000e+00 
  264.000  0.000000e+00 
  265.000  0.000000e+00 
  266.000  0.000000e+00 
  267.000  0.000000e+00 
  268.000  0.000000e+00 
  269.000  0.000000e+00 
  270.000  0.000000e+00 
  271.000  0.000000e+00 
  272.000  0.000000e+00 
  273.000  0.000000e+00 
  274.000  0.000000e+00 
  275.000  0.000000e+00 
  276.000  0.000000e+00 
  277.000  0.000000e+00 
  278.000  0.000000e+00 
  279.000  0.000000e+00 
  280.000  0.000000e+00 
  281.000  0.000000e+00 
  282.000  0.000000e+00 
  283.000  0.000000e+00 
  284.000  0.000000e+00 
  285.000  0.000000e+00 
  286.000  0.000000e+00 
  287.000  0.000000e+00 
  288.000  0.000000e+00 
  289.000  0.000000e+00 
  290.000  0.000000e+00 
  291.000  0.000000e+00 
  292.000  0.000000e+00 
  293.000  0.000000e+00 
  294.000  0.000000e+00 
  295.000  0.000000e+00 
  296.000  4.626666e-05 
  297.000  1.497961e-04 
  298.000  5.002940e-04 
  299.000  1.084945e-03 
  300.000  2.926052e-03 
  301.000  6.386781e-03 
  302.000  1.097028e-02 
  303.000  2.353728e-02 
  304.000  3.066280e-02 
  305.000  5.741839e-02 
  306.000  7.526477e-02 
  307.000  1.104369e-01 
  308.000  1.439641e-01 
  309.000  1.803406e-01 
  310.000  2.486559e-01 
  311.000  2.786976e-01 
  312.000  3.395067e-01 
  313.000  3.996080e-01 
  314.000  4.222282e-01 
  315.000  5.086728e-01 
  316.000  5.326670e-01 
  317.000  5.833294e-01 
  318.000  6.092628e-01 
  319.000  7.247646e-01 
  320.000  6.300941e-01 
  321.000  8.019986e-01 
  322.000  7.098935e-01 
  323.000  7.817019e-01 
  324.000  8.804759e-01 
  325.000  7.860848e-01 
  326.000  8.889754e-01 
  327.000  9.040795e-01 
  328.000  8.285439e-01 
  329.000  9.446267e-01 
  330.000  9.537064e-01 
  331.000  8.896907e-01 
  332.000  9.605429e-01 
  333.000  9.634342e-01 
  334.000  9.393654e-01 
  335.000  9.777733e-01 
  336.000  9.843862e-01 
  337.000  9.589848e-01 
  338.000  9.773903e-01 
  339.000  9.889441e-01 
  340.000  9.729384e-01 
  341.000  9.880907e-01 
  342.000  9.927036e-01 
  343.000  9.914071e-01 
  344.000  9.768795e-01 
  345.000  9.913116e-01 
  346.000  9.943227e-01 
  347.000  9.928874e-01 
  348.000  9.945498e-01 
  349.000  9.961765e-01 
  350.000  9.967139e-01 
  351.000  9.975553e-01 
  352.000  9.976894e-01 
  353.000  9.978734e-01 
  354.000  9.973292e-01 
  355.000  9.971871e-01 
  356.000  9.973474e-01 
  357.000  9.964112e-01 
  358.000  9.958929e-01 
  359.000  9.953561e-01 
  360.000  9.947413e-01 
  361.000  9.943554e-01 
  362.000  9.951202e-01 
  363.000  9.958964e-01 
  364.000  9.967197e-01 
  365.000  9.966612e-01 
  366.000  9.969896e-01 
  367.000  9.972079e-01 
  368.000  9.970839e-01 
  369.000  9.971965e-01 
  370.000  9.971418e-01 
  371.000  9.973165e-01 
  372.000  9.967723e-01 
  373.000  9.970182e-01 
  374.000  9.970732e-01 
  375.000  9.971248e-01 
  376.000  9.965802e-01 
  377.000  9.965237e-01 
  378.000  9.963444e-01 
  379.000  9.957185e-01 
  380.000  9.949500e-01 
  381.000  9.953045e-01 
  382.000  9.958605e-01 
  383.000  9.965425e-01 
  384.000  9.966102e-01 
  385.000  9.966973e-01 
  386.000  9.969145e-01 
  387.000  9.968972e-01 
  388.000  9.967861e-01 
  389.000  9.967127e-01 
  390.000  9.967633e-01 
  391.000  9.968309e-01 
  392.000  9.965746e-01 
  393.000  9.969695e-01 
  394.000  9.970194e-01 
  395.000  9.968977e-01 
  396.000  9.966381e-01 
  397.000  9.970500e-01 
  398.000  9.965009e-01 
  399.000  9.969926e-01 
  400.000  9.963822e-01 
  401.000  9.965072e-01 
  402.000  9.969076e-01 
  403.000  9.971482e-01 
  404.000  9.967116e-01 
  405.000  9.965808e-01 
  406.000  9.969484e-01 
  407.000  9.972299e-01 
  408.000  9.965086e-01 
  409.000  9.962582e-01 
  410.000  9.963881e-01 
  411.000  9.962224e-01 
  412.000  9.967084e-01 
  413.000  9.960663e-01 
  414.000  9.962230e-01 
  415.000  9.964051e-01 
  416.000  9.968998e-01 
  417.000  9.967458e-01 
  418.000  9.964899e-01 
  419.000  9.965629e-01 
  420.000  9.962528e-01 
  421.000  9.960932e-01 
  422.000  9.959508e-01 
  423.000  9.961273e-01 
  424.000  9.957517e-01 
  425.000  9.959621e-01 
  426.000  9.965771e-01 
  427.000  9.962231e-01 
  428.000  9.956803e-01 
  429.000  9.963227e-01 
  430.000  9.964765e-01 
  431.000  9.956296e-01 
  432.000  9.962353e-01 
  433.000  9.961711e-01 
  434.000  9.956647e-01 
  435.000  9.948193e-01 
  436.000  9.954762e-01 
  437.000  9.959968e-01 
  438.000  9.962227e-01 
  439.000  9.946104e-01 
  440.000  9.949847e-01 
  441.000  9.956919e-01 
  442.000  9.958618e-01 
  443.000  9.954497e-01 
  444.000  9.949889e-01 
  445.000  9.940762e-01 
  446.000  9.947217e-01 
  447.000  9.948516e-01 
  448.000  9.932804e-01 
  449.000  9.945551e-01 
  450.000  9.950074e-01 
  451.000  9.947987e-01 
  452.000  9.945796e-01 
  453.000  9.945719e-01 
  454.000  9.948168e-01 
  455.000  9.943158e-01 
  456.000  9.939720e-01 
  457.000  9.937734e-01 
  458.000  9.926155e-01 
  459.000  9.927567e-01 
  460.000  9.919617e-01 
  461.000  9.919952e-01 
  462.000  9.923393e-01 
  463.000  9.912832e-01 
  464.000  9.918535e-01 
  465.000  9.922140e-01 
  466.000  9.924985e-01 
  467.000  9.915987e-01 
  468.000  9.916453e-01 
  469.000  9.918991e-01 
  470.000  9.917451e-01 
  471.000  9.914052e-01 
  472.000  9.906304e-01 
  473.000  9.897991e-01 
  474.000  9.878461e-01 
  475.000  9.868295e-01 
  476.000  9.857275e-01 
  477.000  9.847396e-01 
  478.000  9.841794e-01 
  479.000  9.840146e-01 
  480.000  9.840956e-01 
  481.000  9.848111e-01 
  482.000  9.853730e-01 
  483.000  9.857489e-01 
  484.000  9.855328e-01 
  485.000  9.850807e-01 
  486.000  9.851123e-01 
  487.000  9.853780e-01 
  488.000  9.850491e-01 
  489.000  9.845321e-01 
  490.000  9.851524e-01 
  491.000  9.853443e-01 
  492.000  9.849542e-01 
  493.000  9.846657e-01 
  494.000  9.841606e-01 
  495.000  9.838691e-01 
  496.000  9.828795e-01 
  497.000  9.822176e-01 
  498.000  9.814099e-01 
  499.000  9.806474e-01 
  500.000  9.797850e-01 
  501.000  9.783601e-01 
  502.000  9.769373e-01 
  503.000  9.754201e-01 
  504.000  9.743236e-01 
  505.000  9.726884e-01 
  506.000  9.732867e-01 
  507.000  9.735568e-01 
  508.000  9.735798e-01 
  509.000  9.734639e-01 
  510.000  9.735690e-01 
  511.000  9.736634e-01 
  512.000  9.735444e-01 
  513.000  9.736989e-01 
  514.000  9.737304e-01 
  515.000  9.738141e-01 
  516.000  9.732189e-01 
  517.000  9.728312e-01 
  518.000  9.720388e-01 
  519.000  9.714676e-01 
  520.000  9.707759e-01 
  521.000  9.700063e-01 
  522.000  9.691092e-01 
  523.000  9.682332e-01 
  524.000  9.672756e-01 
  525.000  9.658985e-01 
  526.000  9.643457e-01 
  527.000  9.630708e-01 
  528.000  9.613733e-01 
  529.000  9.600362e-01 
  530.000  9.583985e-01 
  531.000  9.577358e-01 
  532.000  9.570662e-01 
  533.000  9.566430e-01 
  534.000  9.561830e-01 
  535.000  9.557957e-01 
  536.000  9.554533e-01 
  537.000  9.551103e-01 
  538.000  9.547545e-01 
  539.000  9.542905e-01 
  540.000  9.540570e-01 
  541.000  9.535193e-01 
  542.000  9.526947e-01 
  543.000  9.521924e-01 
  544.000  9.517133e-01 
  545.000  9.509723e-01 
  546.000  9.508453e-01 
  547.000  9.505584e-01 
  548.000  9.501626e-01 
  549.000  9.498471e-01 
  550.000  9.496795e-01 
  551.000  9.491469e-01 
  552.000  9.485207e-01 
  553.000  9.479274e-01 
  554.000  9.474208e-01 
  555.000  9.469383e-01 
  556.000  9.454743e-01 
  557.000  9.437767e-01 
  558.000  9.422250e-01 
  559.000  9.406316e-01 
  560.000  9.390938e-01 
  561.000  9.376669e-01 
  562.000  9.364060e-01 
  563.000  9.349056e-01 
  564.000  9.335152e-01 
  565.000  9.320565e-01 
  566.000  9.309804e-01 
  567.000  9.296561e-01 
  568.000  9.279103e-01 
  569.000  9.263680e-01 
  570.000  9.245971e-01 
  571.000  9.234232e-01 
  572.000  9.224139e-01 
  573.000  9.213616e-01 
  574.000  9.204719e-01 
  575.000  9.195186e-01 
  576.000  9.197035e-01 
  577.000  9.200947e-01 
  578.000  9.207439e-01 
  579.000  9.216157e-01 
  580.000  9.228427e-01 
  581.000  9.242955e-01 
  582.000  9.257878e-01 
  583.000  9.272625e-01 
  584.000  9.286735e-01 
  585.000  9.299165e-01 
  586.000  9.303917e-01 
  587.000  9.305783e-01 
  588.000  9.308312e-01 
  589.000  9.307631e-01 
  590.000  9.307144e-01 
  591.000  9.302182e-01 
  592.000  9.295874e-01 
  593.000  9.291671e-01 
  594.000  9.287484e-01 
  595.000  9.282170e-01 
  596.000  9.273425e-01 
  597.000  9.265882e-01 
  598.000  9.256886e-01 
  599.000  9.249083e-01 
  600.000  9.239779e-01 
  601.000  9.241387e-01 
  602.000  9.243117e-01 
  603.000  9.245257e-01 
  604.000  9.247168e-01 
  605.000  9.248621e-01 
  606.000  9.257589e-01 
  607.000  9.266471e-01 
  608.000  9.275273e-01 
  609.000  9.284304e-01 
  610.000  9.293221e-01 
  611.000  9.301713e-01 
  612.000  9.309707e-01 
  613.000  9.318620e-01 
  614.000  9.327562e-01 
  615.000  9.336240e-01 
  616.000  9.345468e-01 
  617.000  9.354476e-01 
  618.000  9.362156e-01 
  619.000  9.370758e-01 
  620.000  9.378111e-01 
  621.000  9.383504e-01 
  622.000  9.388917e-01 
  623.000  9.393270e-01 
  624.000  9.397434e-01 
  625.000  9.401582e-01 
  626.000  9.401580e-01 
  627.000  9.403654e-01 
  628.000  9.405155e-01 
  629.000  9.409147e-01 
  630.000  9.413197e-01 
  631.000  9.421369e-01 
  632.000  9.430908e-01 
  633.000  9.443359e-01 
  634.000  9.454955e-01 
  635.000  9.467413e-01 
  636.000  9.486043e-01 
  637.000  9.503261e-01 
  638.000  9.521703e-01 
  639.000  9.538297e-01 
  640.000  9.555718e-01 
  641.000  9.563342e-01 
  642.000  9.568657e-01 
  643.000  9.575087e-01 
  644.000  9.579754e-01 
  645.000  9.585332e-01 
  646.000  9.592022e-01 
  647.000  9.598325e-01 
  648.000  9.603585e-01 
  649.000  9.610361e-01 
  650.000  9.616647e-01 
  651.000  9.622857e-01 
  652.000  9.630775e-01 
  653.000  9.637079e-01 
  654.000  9.644914e-01 
  655.000  9.651103e-01 
  656.000  9.657313e-01 
  657.000  9.662101e-01 
  658.000  9.668374e-01 
  659.000  9.673022e-01 
  660.000  9.679282e-01 
  661.000  9.684044e-01 
  662.000  9.690337e-01 
  663.000  9.695041e-01 
  664.000  9.701295e-01 
  665.000  9.705902e-01 
  666.000  9.712071e-01 
  667.000  9.716736e-01 
  668.000  9.722862e-01 
  669.000  9.727596e-01 
  670.000  9.733816e-01 
  671.000  9.738674e-01 
  672.000  9.741772e-01 
  673.000  9.746422e-01 
  674.000  9.749551e-01 
  675.000  9.754325e-01 
  676.000  9.757463e-01 
  677.000  9.762199e-01 
  678.000  9.765481e-01 
  679.000  9.770217e-01 
  680.000  9.773351e-01 
  681.000  9.778112e-01 
  682.000  9.784493e-01 
  683.000  9.789187e-01 
  684.000  9.795545e-01 
  685.000  9.800275e-01 
  686.000  9.804976e-01 
  687.000  9.808213e-01 
  688.000  9.812996e-01 
  689.000  9.816157e-01 
  690.000  9.820915e-01 
  691.000  9.824083e-01 
  692.000  9.827262e-01 
  693.000  9.830444e-01 
  694.000  9.833617e-01 
  695.000  9.836780e-01 
  696.000  9.839948e-01 
  697.000  9.843131e-01 
  698.000  9.846333e-01 
  699.000  9.849514e-01 
  700.000  9.852650e-01 
  701.000  9.855202e-01 
  702.000  9.857726e-01 
  703.000  9.860260e-01 
  704.000  9.862728e-01 
  705.000  9.865234e-01 
  706.000  9.867479e-01 
  707.000  9.869624e-01 
  708.000  9.871929e-01 
  709.000  9.874234e-01 
  710.000  9.876432e-01 
  711.000  9.878936e-01 
  712.000  9.881487e-01 
  713.000  9.884079e-01 
  714.000  9.886646e-01 
  715.000  9.889228e-01 
  716.000  9.891183e-01 
  717.000  9.893113e-01 
  718.000  9.895033e-01 
  719.000  9.896959e-01 
  720.000  9.898873e-01 
  721.000  9.900780e-01 
  722.000  9.902675e-01 
  723.000  9.904590e-01 
  724.000  9.906516e-01 
  725.000  9.908461e-01 
  726.000  9.909915e-01 
  727.000  9.911358e-01 
  728.000  9.912793e-01 
  729.000  9.914239e-01 
  730.000  9.915676e-01 
  731.000  9.917275e-01 
  732.000  9.918868e-01 
  733.000  9.920471e-01 
  734.000  9.922054e-01 
  735.000  9.923635e-01 
  736.000  9.924608e-01 
  737.000  9.925406e-01 
  738.000  9.926378e-01 
  739.000  9.927155e-01 
  740.000  9.928126e-01 
  741.000  9.928933e-01 
  742.000  9.929904e-01 
  743.000  9.930677e-01 
  744.000  9.931613e-01 
  745.000  9.932362e-01 
  746.000  9.933771e-01 
  747.000  9.935307e-01 
  748.000  9.936785e-01 
  749.000  9.938231e-01 
  750.000  9.939665e-01 
  751.000  9.941257e-01 
  752.000  9.942859e-01 
  753.000  9.944468e-01 
  754.000  9.946056e-01 
  755.000  9.947670e-01 
  756.000  9.948803e-01 
  757.000  9.949774e-01 
  758.000  9.950910e-01 
  759.000  9.951880e-01 
  760.000  9.953009e-01 
  761.000  9.953495e-01 
  762.000  9.953974e-01 
  763.000  9.954610e-01 
  764.000  9.955087e-01 
  765.000  9.955562e-01 
  766.000  9.955728e-01 
  767.000  9.955893e-01 
  768.000  9.956220e-01 
  769.000  9.956385e-01 
  770.000  9.956549e-01 
  771.000  9.956230e-01 
  772.000  9.955909e-01 
  773.000  9.955589e-01 
  774.000  9.955266e-01 
  775.000  9.954945e-01 
  776.000  9.954781e-01 
  777.000  9.954616e-01 
  778.000  9.954454e-01 
  779.000  9.954292e-01 
  780.000  9.954133e-01 
  781.000  9.955257e-01 
  782.000  9.956219e-01 
  783.000  9.957340e-01 
  784.000  9.958307e-01 
  785.000  9.959417e-01 
  786.000  9.960386e-01 
  787.000  9.961514e-01 
  788.000  9.962465e-01 
  789.000  9.963578e-01 
  790.000  9.964522e-01 
  791.000  9.965829e-01 
  792.000  9.966965e-01 
  793.000  9.968266e-01 
  794.000  9.969394e-01 
  795.000  9.970701e-01 
  796.000  9.971344e-01 
  797.000  9.971987e-01 
  798.000  9.972469e-01 
  799.000  9.973112e-01 
  800.000  9.973755e-01 
  801.000  9.973434e-01 
  802.000  9.972951e-01 
  803.000  9.972630e-01 
  804.000  9.972148e-01 
  805.000  9.971826e-01 
  806.000  9.971344e-01 
  807.000  9.970862e-01 
  808.000  9.970379e-01 
  809.000  9.969897e-01 
  810.000  9.969415e-01 
  811.000  9.969576e-01 
  812.000  9.969736e-01 
  813.000  9.969897e-01 
  814.000  9.970058e-01 
  815.000  9.970219e-01 
  816.000  9.970701e-01 
  817.000  9.971183e-01 
  818.000  9.971666e-01 
  819.000  9.972148e-01 
  820.000  9.972630e-01 
  821.000  9.973273e-01 
  822.000  9.973755e-01 
  823.000  9.974399e-01 
  824.000  9.974881e-01 
  825.000  9.975525e-01 
  826.000  9.975846e-01 
  827.000  9.976168e-01 
  828.000  9.976490e-01 
  829.000  9.976811e-01 
  830.000  9.977133e-01 
  831.000  9.977133e-01 
  832.000  9.977294e-01 
  833.000  9.977294e-01 
  834.000  9.977455e-01 
  835.000  9.977455e-01 
  836.000  9.977455e-01 
  837.000  9.977455e-01 
  838.000  9.977455e-01 
  839.000  9.977455e-01 
  840.000  9.977455e-01 
  841.000  9.977455e-01 
  842.000  9.977294e-01 
  843.000  9.977294e-01 
  844.000  9.977133e-01 
  845.000  9.977133e-01 
  846.000  9.976972e-01 
  847.000  9.976972e-01 
  848.000  9.976811e-01 
  849.000  9.976811e-01 
  850.000  9.976650e-01 
  851.000  1.000000e+00 
  852.000  1.000000e+00 
  853.000  1.000000e+00 
  854.000  1.000000e+00 
  855.000  1.000000e+00 
  856.000  1.000000e+00 
  857.000  1.000000e+00 
  858.000  1.000000e+00 
  859.000  1.000000e+00 
  860.000  1.000000e+00 
  861.000  1.000000e+00 
  862.000  1.000000e+00 
  863.000  1.000000e+00 
  864.000  1.000000e+00 
  865.000  1.000000e+00 
  866.000  1.000000e+00 
  867.000  1.000000e+00 
  868.000  1.000000e+00 
  869.000  1.000000e+00 
  870.000  1.000000e+00 
  871.000  1.000000e+00 
  872.000  1.000000e+00 
  873.000  1.000000e+00 
  874.000  1.000000e+00 
  875.000  1.000000e+00 
  876.000  1.000000e+00 
  877.000  1.000000e+00 
  878.000  1.000000e+00 
  879.000  1.000000e+00 
  880.000  1.000000e+00 
  881.000  1.000000e+00 
  882.000  1.000000e+00 
  883.000  1.000000e+00 
  884.000  1.000000e+00 
  885.000  1.000000e+00 
  886.000  1.000000e+00 
  887.000  1.000000e+00 
  888.000  1.000000e+00 
  889.000  1.000000e+00 
  890.000  1.000000e+00 
  891.000  1.000000e+00 
  892.000  1.000000e+00 
  893.000  1.000000e+00 
  894.000  1.000000e+00 
  895.000  1.000000e+00 
  896.000  1.000000e+00 
  897.000  1.000000e+00 
  898.000  1.000000e+00 
  899.000  1.000000e+00 
  900.000  1.000000e+00 
  901.000  1.000000e+00 
  902.000  1.000000e+00 
  903.000  1.000000e+00 
  904.000  1.000000e+00 
  905.000  1.000000e+00 
  906.000  1.000000e+00 
  907.000  1.000000e+00 
  908.000  1.000000e+00 
  909.000  1.000000e+00 
  910.000  1.000000e+00 
  911.000  1.000000e+00 
  912.000  1.000000e+00 
  913.000  1.000000e+00 
  914.000  1.000000e+00 
  915.000  1.000000e+00 
  916.000  1.000000e+00 
  917.000  1.000000e+00 
  918.000  1.000000e+00 
  919.000  1.000000e+00 
  920.000  1.000000e+00 
  921.000  1.000000e+00 
  922.000  1.000000e+00 
  923.000  1.000000e+00 
  924.000  1.000000e+00 
  925.000  1.000000e+00 
  926.000  1.000000e+00 
  927.000  1.000000e+00 
  928.000  1.000000e+00 
  929.000  1.000000e+00 
  930.000  1.000000e+00 
  931.000  1.000000e+00 
  932.000  1.000000e+00 
  933.000  1.000000e+00 
  934.000  1.000000e+00 
  935.000  1.000000e+00 
  936.000  1.000000e+00 
  937.000  1.000000e+00 
  938.000  1.000000e+00 
  939.000  1.000000e+00 
  940.000  1.000000e+00 
  941.000  1.000000e+00 
  942.000  1.000000e+00 
  943.000  1.000000e+00 
  944.000  1.000000e+00 
  945.000  1.000000e+00 
  946.000  1.000000e+00 
  947.000  1.000000e+00 
  948.000  1.000000e+00 
  949.000  1.000000e+00 
  950.000  1.000000e+00 
  951.000  1.000000e+00 
  952.000  1.000000e+00 
  953.000  1.000000e+00 
  954.000  1.000000e+00 
  955.000  1.000000e+00 
  956.000  1.000000e+00 
  957.000  1.000000e+00 
  958.000  1.000000e+00 
  959.000  1.000000e+00 
  960.000  1.000000e+00 
  961.000  1.000000e+00 
  962.000  1.000000e+00 
  963.000  1.000000e+00 
  964.000  1.000000e+00 
  965.000  1.000000e+00 
  966.000  1.000000e+00 
  967.000  1.000000e+00 
  968.000  1.000000e+00 
  969.000  1.000000e+00 
  970.000  1.000000e+00 
  971.000  1.000000e+00 
  972.000  1.000000e+00 
  973.000  1.000000e+00 
  974.000  1.000000e+00 
  975.000  1.000000e+00 
  976.000  1.000000e+00 
  977.000  1.000000e+00 
  978.000  1.000000e+00 
  979.000  1.000000e+00 
  980.000  1.000000e+00 
  981.000  1.000000e+00 
  982.000  1.000000e+00 
  983.000  1.000000e+00 
  984.000  1.000000e+00 
  985.000  1.000000e+00 
  986.000  1.000000e+00 
  987.000  1.000000e+00 
  988.000  1.000000e+00 
  989.000  1.000000e+00 
  990.000  1.000000e+00 
  991.000  1.000000e+00 
  992.000  1.000000e+00 
  993.000  1.000000e+00 
  994.000  1.000000e+00 
  995.000  1.000000e+00 
  996.000  1.000000e+00 
  997.000  1.000000e+00 
  998.000  1.000000e+00 
  999.000  1.000000e+00 
 1000.000  1.000000e+00 
 1001.000  1.000000e+00 
 1002.000  1.000000e+00 
 1003.000  1.000000e+00 
 1004.000  1.000000e+00 
 1005.000  1.000000e+00 
 1006.000  1.000000e+00 
 1007.000  1.000000e+00 
 1008.000  9.999999e-01 
 1009.000  9.999999e-01 
 1010.000  9.999999e-01 
 1011.000  9.999998e-01 
 1012.000  9.999998e-01 
 1013.000  9.999996e-01 
 1014.000  9.999995e-01 
 1015.000  9.999993e-01 
 1016.000  9.999989e-01 
 1017.000  9.999985e-01 
 1018.000  9.999979e-01 
 1019.000  9.999970e-01 
 1020.000  9.999957e-01 
 1021.000  9.999940e-01 
 1022.000  9.999917e-01 
 1023.000  9.999887e-01 
 1024.000  9.999845e-01 
 1025.000  9.999791e-01 
 1026.000  9.999719e-01 
 1027.000  9.999624e-01 
 1028.000  9.999503e-01 
 1029.000  9.999347e-01 
 1030.000  9.999148e-01 
 1031.000  9.998898e-01 
 1032.000  9.998584e-01 
 1033.000  9.998193e-01 
 1034.000  9.997713e-01 
 1035.000  9.997126e-01 
 1036.000  9.996415e-01 
 1037.000  9.995562e-01 
 1038.000  9.994547e-01 
 1039.000  9.993349e-01 
 1040.000  9.991948e-01 
 1041.000  9.990324e-01 
 1042.000  9.988460e-01 
 1043.000  9.986338e-01 
 1044.000  9.983946e-01 
 1045.000  9.981275e-01 
 1046.000  9.978323e-01 
 1047.000  9.975091e-01 
 1048.000  9.971590e-01 
 1049.000  9.967837e-01 
 1050.000  9.963859e-01 
 1051.000  9.959691e-01 
 1052.000  9.955375e-01 
 1053.000  9.950963e-01 
 1054.000  9.946515e-01 
 1055.000  9.942096e-01 
 1056.000  9.937776e-01 
 1057.000  9.933628e-01 
 1058.000  9.929729e-01 
 1059.000  9.926150e-01 
 1060.000  9.922963e-01 
 1061.000  9.920233e-01 
 1062.000  9.918016e-01 
 1063.000  9.916359e-01 
 1064.000  9.915299e-01 
 1065.000  9.914858e-01 
 1066.000  9.915047e-01 
 1067.000  9.915861e-01 
 1068.000  9.917283e-01 
 1069.000  9.919282e-01 
 1070.000  9.921813e-01 
 1071.000  9.924825e-01 
 1072.000  9.928255e-01 
 1073.000  9.932035e-01 
 1074.000  9.936092e-01 
 1075.000  9.940352e-01 
 1076.000  9.944740e-01 
 1077.000  9.949185e-01 
 1078.000  9.953618e-01 
 1079.000  9.957979e-01 
 1080.000  9.962212e-01 
 1081.000  9.966271e-01 
 1082.000  9.970118e-01 
 1083.000  9.973722e-01 
 1084.000  9.977063e-01 
 1085.000  9.980128e-01 
 1086.000  9.982911e-01 
 1087.000  9.985414e-01 
 1088.000  9.987643e-01 
 1089.000  9.989609e-01 
 1090.000  9.991326e-01 
 1091.000  9.992814e-01 
 1092.000  9.994091e-01 
 1093.000  9.995177e-01 
 1094.000  9.996092e-01 
 1095.000  9.996858e-01 
 1096.000  9.997492e-01 
 1097.000  9.998013e-01 
 1098.000  9.998437e-01 
 1099.000  9.998780e-01 
 1100.000  9.999055e-01 
 1101.000  9.999273e-01 
 1102.000  9.999445e-01 
 1103.000  9.999580e-01 
 1104.000  9.999684e-01 
 1105.000  9.999764e-01 
 1106.000  9.999825e-01 
 1107.000  9.999871e-01 
 1108.000  9.999906e-01 
 1109.000  9.999932e-01 
 1110.000  9.999951e-01 
 1111.000  9.999965e-01 
 1112.000  9.999976e-01 
 1113.000  9.999983e-01 
 1114.000  9.999988e-01 
 1115.000  9.999992e-01 
 1116.000  9.999994e-01 
 1117.000  9.999996e-01 
 1118.000  9.999998e-01 
 1119.000  9.999998e-01 
 1120.000  9.999999e-01 
 1121.000  9.999999e-01 
 1122.000  9.999999e-01 
 1123.000  9.999999e-01 
 1124.000  1.000000e+00 
 1125.000  1.000000e+00 
 1126.000  1.000000e+00 
 1127.000  1.000000e+00 
 1128.000  1.000000e+00 
 1129.000  1.000000e+00 
 1130.000  1.000000e+00 
 1131.000  1.000000e+00 
 1132.000  1.000000e+00 
 1133.000  1.000000e+00 
 1134.000  1.000000e+00 
 1135.000  1.000000e+00 
 1136.000  1.000000e+00 
 1137.000  1.000000e+00 
 1138.000  1.000000e+00 
 1139.000  1.000000e+00 
 1140.000  1.000000e+00 
 1141.000  1.000000e+00 
 1142.000  1.000000e+00 
 1143.000  1.000000e+00 
 1144.000  1.000000e+00 
 1145.000  1.000000e+00 
 1146.000  1.000000e+00 
 1147.000  1.000000e+00 
 1148.000  1.000000e+00 
 1149.000  1.000000e+00 
 1150.000  1.000000e+00 
 1151.000  1.000000e+00 
 1152.000  1.000000e+00 
 1153.000  1.000000e+00 
 1154.000  1.000000e+00 
 1155.000  1.000000e+00 
 1156.000  1.000000e+00 
 1157.000  1.000000e+00 
 1158.000  1.000000e+00 
 1159.000  1.000000e+00 
 1160.000  1.000000e+00 
 1161.000  1.000000e+00 
 1162.000  1.000000e+00 
 1163.000  1.000000e+00 
 1164.000  1.000000e+00 
 1165.000  1.000000e+00 
 1166.000  1.000000e+00 
 1167.000  1.000000e+00 
 1168.000  1.000000e+00 
 1169.000  1.000000e+00 
 1170.000  1.000000e+00 
 1171.000  1.000000e+00 
 1172.000  1.000000e+00 
 1173.000  1.000000e+00 
 1174.000  1.000000e+00 
 1175.000  1.000000e+00 
 1176.000  1.000000e+00 
 1177.000  1.000000e+00 
 1178.000  1.000000e+00 
 1179.000  1.000000e+00 
 1180.000  1.000000e+00 
 1181.000  1.000000e+00 
 1182.000  1.000000e+00 
 1183.000  1.000000e+00 
 1184.000  1.000000e+00 
 1185.000  1.000000e+00 
 1186.000  1.000000e+00 
 1187.000  1.000000e+00 
 1188.000  1.000000e+00 
 1189.000  1.000000e+00 
 1190.000  1.000000e+00 
 1191.000  1.000000e+00 
 1192.000  1.000000e+00 
 1193.000  1.000000e+00 
 1194.000  1.000000e+00 
 1195.000  1.000000e+00 
 1196.000  1.000000e+00 
 1197.000  1.000000e+00 
 1198.000  1.000000e+00 
 1199.000  1.000000e+00 
 1200.000  1.000000e+00 
