  250.000  0.000000e+00 
  251.000  0.000000e+00 
  252.000  0.000000e+00 
  253.000  0.000000e+00 
  254.000  0.000000e+00 
  255.000  0.000000e+00 
  256.000  0.000000e+00 
  257.000  0.000000e+00 
  258.000  0.000000e+00 
  259.000  0.000000e+00 
  260.000  0.000000e+00 
  261.000  0.000000e+00 
  262.000  0.000000e+00 
  263.000  0.000000e+00 
  264.000  0.000000e+00 
  265.000  0.000000e+00 
  266.000  0.000000e+00 
  267.000  0.000000e+00 
  268.000  0.000000e+00 
  269.000  0.000000e+00 
  270.000  0.000000e+00 
  271.000  0.000000e+00 
  272.000  0.000000e+00 
  273.000  0.000000e+00 
  274.000  0.000000e+00 
  275.000  0.000000e+00 
  276.000  0.000000e+00 
  277.000  0.000000e+00 
  278.000  0.000000e+00 
  279.000  0.000000e+00 
  280.000  0.000000e+00 
  281.000  0.000000e+00 
  282.000  0.000000e+00 
  283.000  0.000000e+00 
  284.000  0.000000e+00 
  285.000  0.000000e+00 
  286.000  0.000000e+00 
  287.000  0.000000e+00 
  288.000  0.000000e+00 
  289.000  0.000000e+00 
  290.000  0.000000e+00 
  291.000  0.000000e+00 
  292.000  0.000000e+00 
  293.000  0.000000e+00 
  294.000  0.000000e+00 
  295.000  0.000000e+00 
  296.000  5.111996e-05 
  297.000  1.635742e-04 
  298.000  5.397617e-04 
  299.000  1.161511e-03 
  300.000  3.101616e-03 
  301.000  6.717362e-03 
  302.000  1.147574e-02 
  303.000  2.443434e-02 
  304.000  3.174737e-02 
  305.000  5.907731e-02 
  306.000  7.723032e-02 
  307.000  1.128863e-01 
  308.000  1.467680e-01 
  309.000  1.834369e-01 
  310.000  2.521144e-01 
  311.000  2.822502e-01 
  312.000  3.431556e-01 
  313.000  4.032424e-01 
  314.000  4.258356e-01 
  315.000  5.120564e-01 
  316.000  5.359667e-01 
  317.000  5.864051e-01 
  318.000  6.122010e-01 
  319.000  7.270025e-01 
  320.000  6.329163e-01 
  321.000  8.036541e-01 
  322.000  7.122234e-01 
  323.000  7.835050e-01 
  324.000  8.814614e-01 
  325.000  7.878476e-01 
  326.000  8.898709e-01 
  327.000  9.048382e-01 
  328.000  8.299553e-01 
  329.000  9.449981e-01 
  330.000  9.539778e-01 
  331.000  8.905685e-01 
  332.000  9.607528e-01 
  333.000  9.635752e-01 
  334.000  9.397749e-01 
  335.000  9.777837e-01 
  336.000  9.843412e-01 
  337.000  9.591852e-01 
  338.000  9.774184e-01 
  339.000  9.888095e-01 
  340.000  9.729708e-01 
  341.000  9.879281e-01 
  342.000  9.924746e-01 
  343.000  9.911948e-01 
  344.000  9.767939e-01 
  345.000  9.910979e-01 
  346.000  9.940954e-01 
  347.000  9.926878e-01 
  348.000  9.943296e-01 
  349.000  9.959393e-01 
  350.000  9.965093e-01 
  351.000  9.973111e-01 
  352.000  9.974585e-01 
  353.000  9.976610e-01 
  354.000  9.970624e-01 
  355.000  9.969062e-01 
  356.000  9.970825e-01 
  357.000  9.960529e-01 
  358.000  9.954832e-01 
  359.000  9.948929e-01 
  360.000  9.942169e-01 
  361.000  9.937927e-01 
  362.000  9.946334e-01 
  363.000  9.954869e-01 
  364.000  9.963922e-01 
  365.000  9.963279e-01 
  366.000  9.966891e-01 
  367.000  9.969291e-01 
  368.000  9.967927e-01 
  369.000  9.969166e-01 
  370.000  9.968565e-01 
  371.000  9.970486e-01 
  372.000  9.964501e-01 
  373.000  9.967205e-01 
  374.000  9.967810e-01 
  375.000  9.968377e-01 
  376.000  9.962388e-01 
  377.000  9.961767e-01 
  378.000  9.959797e-01 
  379.000  9.952914e-01 
  380.000  9.944464e-01 
  381.000  9.948362e-01 
  382.000  9.954475e-01 
  383.000  9.961973e-01 
  384.000  9.962718e-01 
  385.000  9.963676e-01 
  386.000  9.966065e-01 
  387.000  9.965874e-01 
  388.000  9.964652e-01 
  389.000  9.963845e-01 
  390.000  9.964402e-01 
  391.000  9.965145e-01 
  392.000  9.962327e-01 
  393.000  9.966669e-01 
  394.000  9.967217e-01 
  395.000  9.965879e-01 
  396.000  9.963025e-01 
  397.000  9.967555e-01 
  398.000  9.961516e-01 
  399.000  9.966924e-01 
  400.000  9.960211e-01 
  401.000  9.961585e-01 
  402.000  9.965988e-01 
  403.000  9.968633e-01 
  404.000  9.963833e-01 
  405.000  9.962395e-01 
  406.000  9.966540e-01 
  407.000  9.969738e-01 
  408.000  9.961910e-01 
  409.000  9.959259e-01 
  410.000  9.960790e-01 
  411.000  9.958977e-01 
  412.000  9.964328e-01 
  413.000  9.957277e-01 
  414.000  9.959007e-01 
  415.000  9.961018e-01 
  416.000  9.966488e-01 
  417.000  9.964823e-01 
  418.000  9.962041e-01 
  419.000  9.962873e-01 
  420.000  9.959493e-01 
  421.000  9.957828e-01 
  422.000  9.956352e-01 
  423.000  9.958383e-01 
  424.000  9.954343e-01 
  425.000  9.956747e-01 
  426.000  9.963521e-01 
  427.000  9.959638e-01 
  428.000  9.953677e-01 
  429.000  9.960752e-01 
  430.000  9.962455e-01 
  431.000  9.953207e-01 
  432.000  9.959931e-01 
  433.000  9.959290e-01 
  434.000  9.953784e-01 
  435.000  9.944554e-01 
  436.000  9.951913e-01 
  437.000  9.957774e-01 
  438.000  9.960400e-01 
  439.000  9.942793e-01 
  440.000  9.947051e-01 
  441.000  9.954915e-01 
  442.000  9.956873e-01 
  443.000  9.952411e-01 
  444.000  9.947431e-01 
  445.000  9.937482e-01 
  446.000  9.944652e-01 
  447.000  9.946169e-01 
  448.000  9.928961e-01 
  449.000  9.943067e-01 
  450.000  9.948111e-01 
  451.000  9.945956e-01 
  452.000  9.943688e-01 
  453.000  9.943762e-01 
  454.000  9.946598e-01 
  455.000  9.941229e-01 
  456.000  9.937958e-01 
  457.000  9.936285e-01 
  458.000  9.924060e-01 
  459.000  9.926124e-01 
  460.000  9.917890e-01 
  461.000  9.918295e-01 
  462.000  9.922114e-01 
  463.000  9.910553e-01 
  464.000  9.916860e-01 
  465.000  9.920860e-01 
  466.000  9.924130e-01 
  467.000  9.914356e-01 
  468.000  9.915010e-01 
  469.000  9.917923e-01 
  470.000  9.916371e-01 
  471.000  9.912932e-01 
  472.000  9.904692e-01 
  473.000  9.895847e-01 
  474.000  9.874651e-01 
  475.000  9.863770e-01 
  476.000  9.852424e-01 
  477.000  9.842348e-01 
  478.000  9.836957e-01 
  479.000  9.835929e-01 
  480.000  9.837587e-01 
  481.000  9.845909e-01 
  482.000  9.852560e-01 
  483.000  9.857151e-01 
  484.000  9.855244e-01 
  485.000  9.850726e-01 
  486.000  9.851022e-01 
  487.000  9.853892e-01 
  488.000  9.850221e-01 
  489.000  9.844482e-01 
  490.000  9.851253e-01 
  491.000  9.853643e-01 
  492.000  9.849632e-01 
  493.000  9.846755e-01 
  494.000  9.841478e-01 
  495.000  9.838551e-01 
  496.000  9.828747e-01 
  497.000  9.822493e-01 
  498.000  9.814827e-01 
  499.000  9.807484e-01 
  500.000  9.799039e-01 
  501.000  9.784753e-01 
  502.000  9.770486e-01 
  503.000  9.755180e-01 
  504.000  9.744502e-01 
  505.000  9.727894e-01 
  506.000  9.734303e-01 
  507.000  9.737101e-01 
  508.000  9.737355e-01 
  509.000  9.735907e-01 
  510.000  9.736890e-01 
  511.000  9.737929e-01 
  512.000  9.736792e-01 
  513.000  9.738492e-01 
  514.000  9.739012e-01 
  515.000  9.739932e-01 
  516.000  9.734076e-01 
  517.000  9.730327e-01 
  518.000  9.722298e-01 
  519.000  9.716532e-01 
  520.000  9.709610e-01 
  521.000  9.702176e-01 
  522.000  9.693338e-01 
  523.000  9.684558e-01 
  524.000  9.675052e-01 
  525.000  9.660929e-01 
  526.000  9.645557e-01 
  527.000  9.633068e-01 
  528.000  9.616098e-01 
  529.000  9.602920e-01 
  530.000  9.586602e-01 
  531.000  9.579991e-01 
  532.000  9.573301e-01 
  533.000  9.569155e-01 
  534.000  9.564772e-01 
  535.000  9.561188e-01 
  536.000  9.557929e-01 
  537.000  9.554663e-01 
  538.000  9.551088e-01 
  539.000  9.546489e-01 
  540.000  9.544428e-01 
  541.000  9.539187e-01 
  542.000  9.530789e-01 
  543.000  9.525769e-01 
  544.000  9.521172e-01 
  545.000  9.513693e-01 
  546.000  9.512632e-01 
  547.000  9.509813e-01 
  548.000  9.505794e-01 
  549.000  9.502659e-01 
  550.000  9.501151e-01 
  551.000  9.495963e-01 
  552.000  9.489745e-01 
  553.000  9.483721e-01 
  554.000  9.478819e-01 
  555.000  9.474180e-01 
  556.000  9.459747e-01 
  557.000  9.442908e-01 
  558.000  9.427502e-01 
  559.000  9.411803e-01 
  560.000  9.396545e-01 
  561.000  9.382338e-01 
  562.000  9.369790e-01 
  563.000  9.354770e-01 
  564.000  9.340792e-01 
  565.000  9.326226e-01 
  566.000  9.315539e-01 
  567.000  9.302120e-01 
  568.000  9.284223e-01 
  569.000  9.268399e-01 
  570.000  9.250059e-01 
  571.000  9.237469e-01 
  572.000  9.226528e-01 
  573.000  9.215276e-01 
  574.000  9.205652e-01 
  575.000  9.195492e-01 
  576.000  9.196873e-01 
  577.000  9.200523e-01 
  578.000  9.207011e-01 
  579.000  9.215947e-01 
  580.000  9.228790e-01 
  581.000  9.244117e-01 
  582.000  9.259879e-01 
  583.000  9.275448e-01 
  584.000  9.290316e-01 
  585.000  9.303335e-01 
  586.000  9.308730e-01 
  587.000  9.311113e-01 
  588.000  9.314061e-01 
  589.000  9.313643e-01 
  590.000  9.313272e-01 
  591.000  9.308471e-01 
  592.000  9.302187e-01 
  593.000  9.298056e-01 
  594.000  9.294106e-01 
  595.000  9.288915e-01 
  596.000  9.280277e-01 
  597.000  9.272796e-01 
  598.000  9.263878e-01 
  599.000  9.256110e-01 
  600.000  9.246852e-01 
  601.000  9.248458e-01 
  602.000  9.250199e-01 
  603.000  9.252391e-01 
  604.000  9.254330e-01 
  605.000  9.255766e-01 
  606.000  9.264653e-01 
  607.000  9.273444e-01 
  608.000  9.282146e-01 
  609.000  9.291101e-01 
  610.000  9.299927e-01 
  611.000  9.308284e-01 
  612.000  9.316093e-01 
  613.000  9.324912e-01 
  614.000  9.333762e-01 
  615.000  9.342321e-01 
  616.000  9.351317e-01 
  617.000  9.360071e-01 
  618.000  9.367529e-01 
  619.000  9.375831e-01 
  620.000  9.382761e-01 
  621.000  9.387697e-01 
  622.000  9.392654e-01 
  623.000  9.396445e-01 
  624.000  9.400026e-01 
  625.000  9.403590e-01 
  626.000  9.403087e-01 
  627.000  9.404702e-01 
  628.000  9.405853e-01 
  629.000  9.409577e-01 
  630.000  9.413531e-01 
  631.000  9.421686e-01 
  632.000  9.431343e-01 
  633.000  9.444037e-01 
  634.000  9.455956e-01 
  635.000  9.468821e-01 
  636.000  9.487805e-01 
  637.000  9.505401e-01 
  638.000  9.524174e-01 
  639.000  9.541081e-01 
  640.000  9.558725e-01 
  641.000  9.566606e-01 
  642.000  9.572114e-01 
  643.000  9.578681e-01 
  644.000  9.583476e-01 
  645.000  9.589105e-01 
  646.000  9.595786e-01 
  647.000  9.602042e-01 
  648.000  9.607319e-01 
  649.000  9.614093e-01 
  650.000  9.620328e-01 
  651.000  9.626479e-01 
  652.000  9.634338e-01 
  653.000  9.640591e-01 
  654.000  9.648358e-01 
  655.000  9.654483e-01 
  656.000  9.660631e-01 
  657.000  9.665387e-01 
  658.000  9.671603e-01 
  659.000  9.676203e-01 
  660.000  9.682404e-01 
  661.000  9.687129e-01 
  662.000  9.693367e-01 
  663.000  9.698026e-01 
  664.000  9.704220e-01 
  665.000  9.708772e-01 
  666.000  9.714872e-01 
  667.000  9.719487e-01 
  668.000  9.725537e-01 
  669.000  9.730229e-01 
  670.000  9.736384e-01 
  671.000  9.741209e-01 
  672.000  9.744273e-01 
  673.000  9.748871e-01 
  674.000  9.751968e-01 
  675.000  9.756702e-01 
  676.000  9.759808e-01 
  677.000  9.764500e-01 
  678.000  9.767764e-01 
  679.000  9.772455e-01 
  680.000  9.775556e-01 
  681.000  9.780275e-01 
  682.000  9.786602e-01 
  683.000  9.791245e-01 
  684.000  9.797545e-01 
  685.000  9.802228e-01 
  686.000  9.806879e-01 
  687.000  9.810092e-01 
  688.000  9.814833e-01 
  689.000  9.817961e-01 
  690.000  9.822674e-01 
  691.000  9.825812e-01 
  692.000  9.828960e-01 
  693.000  9.832113e-01 
  694.000  9.835254e-01 
  695.000  9.838386e-01 
  696.000  9.841521e-01 
  697.000  9.844674e-01 
  698.000  9.847848e-01 
  699.000  9.850999e-01 
  700.000  9.854100e-01 
  701.000  9.856626e-01 
  702.000  9.859123e-01 
  703.000  9.861633e-01 
  704.000  9.864067e-01 
  705.000  9.866545e-01 
  706.000  9.868768e-01 
  707.000  9.870884e-01 
  708.000  9.873175e-01 
  709.000  9.875464e-01 
  710.000  9.877639e-01 
  711.000  9.880113e-01 
  712.000  9.882640e-01 
  713.000  9.885209e-01 
  714.000  9.887754e-01 
  715.000  9.890313e-01 
  716.000  9.892254e-01 
  717.000  9.894166e-01 
  718.000  9.896067e-01 
  719.000  9.897977e-01 
  720.000  9.899871e-01 
  721.000  9.901759e-01 
  722.000  9.903631e-01 
  723.000  9.905528e-01 
  724.000  9.907436e-01 
  725.000  9.909365e-01 
  726.000  9.910806e-01 
  727.000  9.912236e-01 
  728.000  9.913656e-01 
  729.000  9.915088e-01 
  730.000  9.916511e-01 
  731.000  9.918094e-01 
  732.000  9.919671e-01 
  733.000  9.921258e-01 
  734.000  9.922824e-01 
  735.000  9.924387e-01 
  736.000  9.925352e-01 
  737.000  9.926142e-01 
  738.000  9.927104e-01 
  739.000  9.927872e-01 
  740.000  9.928834e-01 
  741.000  9.929634e-01 
  742.000  9.930596e-01 
  743.000  9.931359e-01 
  744.000  9.932283e-01 
  745.000  9.933019e-01 
  746.000  9.934411e-01 
  747.000  9.935941e-01 
  748.000  9.937409e-01 
  749.000  9.938840e-01 
  750.000  9.940259e-01 
  751.000  9.941835e-01 
  752.000  9.943420e-01 
  753.000  9.945014e-01 
  754.000  9.946585e-01 
  755.000  9.948183e-01 
  756.000  9.949307e-01 
  757.000  9.950269e-01 
  758.000  9.951395e-01 
  759.000  9.952356e-01 
  760.000  9.953474e-01 
  761.000  9.953956e-01 
  762.000  9.954430e-01 
  763.000  9.955060e-01 
  764.000  9.955531e-01 
  765.000  9.956002e-01 
  766.000  9.956166e-01 
  767.000  9.956329e-01 
  768.000  9.956653e-01 
  769.000  9.956818e-01 
  770.000  9.956981e-01 
  771.000  9.956664e-01 
  772.000  9.956346e-01 
  773.000  9.956030e-01 
  774.000  9.955710e-01 
  775.000  9.955392e-01 
  776.000  9.955230e-01 
  777.000  9.955066e-01 
  778.000  9.954906e-01 
  779.000  9.954745e-01 
  780.000  9.954588e-01 
  781.000  9.955701e-01 
  782.000  9.956653e-01 
  783.000  9.957762e-01 
  784.000  9.958720e-01 
  785.000  9.959818e-01 
  786.000  9.960777e-01 
  787.000  9.961895e-01 
  788.000  9.962835e-01 
  789.000  9.963935e-01 
  790.000  9.964867e-01 
  791.000  9.966164e-01 
  792.000  9.967291e-01 
  793.000  9.968580e-01 
  794.000  9.969697e-01 
  795.000  9.970993e-01 
  796.000  9.971629e-01 
  797.000  9.972267e-01 
  798.000  9.972744e-01 
  799.000  9.973381e-01 
  800.000  9.974018e-01 
  801.000  9.973699e-01 
  802.000  9.973221e-01 
  803.000  9.972903e-01 
  804.000  9.972426e-01 
  805.000  9.972107e-01 
  806.000  9.971629e-01 
  807.000  9.971153e-01 
  808.000  9.970675e-01 
  809.000  9.970198e-01 
  810.000  9.969720e-01 
  811.000  9.969879e-01 
  812.000  9.970039e-01 
  813.000  9.970198e-01 
  814.000  9.970356e-01 
  815.000  9.970516e-01 
  816.000  9.970993e-01 
  817.000  9.971470e-01 
  818.000  9.971948e-01 
  819.000  9.972426e-01 
  820.000  9.972903e-01 
  821.000  9.973540e-01 
  822.000  9.974018e-01 
  823.000  9.974654e-01 
  824.000  9.975132e-01 
  825.000  9.975769e-01 
  826.000  9.976087e-01 
  827.000  9.976406e-01 
  828.000  9.976724e-01 
  829.000  9.977043e-01 
  830.000  9.977361e-01 
  831.000  9.977361e-01 
  832.000  9.977520e-01 
  833.000  9.977520e-01 
  834.000  9.977679e-01 
  835.000  9.977679e-01 
  836.000  9.977679e-01 
  837.000  9.977679e-01 
  838.000  9.977679e-01 
  839.000  9.977679e-01 
  840.000  9.977679e-01 
  841.000  9.977679e-01 
  842.000  9.977520e-01 
  843.000  9.977520e-01 
  844.000  9.977361e-01 
  845.000  9.977361e-01 
  846.000  9.977202e-01 
  847.000  9.977202e-01 
  848.000  9.977043e-01 
  849.000  9.977043e-01 
  850.000  9.976884e-01 
  851.000  9.999999e-01 
  852.000  9.999999e-01 
  853.000  9.999999e-01 
  854.000  9.999999e-01 
  855.000  9.999999e-01 
  856.000  9.999999e-01 
  857.000  9.999999e-01 
  858.000  9.999999e-01 
  859.000  9.999999e-01 
  860.000  9.999999e-01 
  861.000  9.999999e-01 
  862.000  9.999999e-01 
  863.000  9.999999e-01 
  864.000  9.999999e-01 
  865.000  9.999999e-01 
  866.000  9.999999e-01 
  867.000  9.999999e-01 
  868.000  9.999999e-01 
  869.000  9.999999e-01 
  870.000  9.999999e-01 
  871.000  9.999999e-01 
  872.000  9.999999e-01 
  873.000  9.999999e-01 
  874.000  9.999999e-01 
  875.000  9.999999e-01 
  876.000  9.999999e-01 
  877.000  9.999999e-01 
  878.000  9.999999e-01 
  879.000  9.999999e-01 
  880.000  9.999999e-01 
  881.000  9.999999e-01 
  882.000  9.999999e-01 
  883.000  9.999999e-01 
  884.000  9.999999e-01 
  885.000  9.999999e-01 
  886.000  9.999999e-01 
  887.000  9.999999e-01 
  888.000  9.999999e-01 
  889.000  9.999999e-01 
  890.000  9.999999e-01 
  891.000  9.999999e-01 
  892.000  9.999999e-01 
  893.000  9.999999e-01 
  894.000  9.999999e-01 
  895.000  9.999999e-01 
  896.000  9.999999e-01 
  897.000  9.999999e-01 
  898.000  9.999999e-01 
  899.000  9.999999e-01 
  900.000  9.999999e-01 
  901.000  9.999999e-01 
  902.000  9.999999e-01 
  903.000  9.999999e-01 
  904.000  9.999999e-01 
  905.000  9.999999e-01 
  906.000  9.999999e-01 
  907.000  9.999999e-01 
  908.000  9.999999e-01 
  909.000  9.999999e-01 
  910.000  9.999999e-01 
  911.000  9.999999e-01 
  912.000  9.999999e-01 
  913.000  9.999999e-01 
  914.000  9.999999e-01 
  915.000  9.999999e-01 
  916.000  9.999999e-01 
  917.000  9.999999e-01 
  918.000  9.999999e-01 
  919.000  9.999999e-01 
  920.000  9.999999e-01 
  921.000  9.999999e-01 
  922.000  9.999999e-01 
  923.000  9.999999e-01 
  924.000  9.999999e-01 
  925.000  9.999999e-01 
  926.000  9.999999e-01 
  927.000  9.999999e-01 
  928.000  9.999999e-01 
  929.000  9.999999e-01 
  930.000  9.999999e-01 
  931.000  9.999999e-01 
  932.000  9.999999e-01 
  933.000  9.999999e-01 
  934.000  9.999999e-01 
  935.000  9.999999e-01 
  936.000  9.999999e-01 
  937.000  9.999999e-01 
  938.000  9.999999e-01 
  939.000  9.999999e-01 
  940.000  9.999999e-01 
  941.000  9.999999e-01 
  942.000  9.999999e-01 
  943.000  9.999999e-01 
  944.000  9.999999e-01 
  945.000  9.999999e-01 
  946.000  9.999999e-01 
  947.000  9.999999e-01 
  948.000  9.999999e-01 
  949.000  9.999999e-01 
  950.000  9.999999e-01 
  951.000  9.999999e-01 
  952.000  9.999999e-01 
  953.000  9.999999e-01 
  954.000  9.999999e-01 
  955.000  9.999999e-01 
  956.000  9.999999e-01 
  957.000  9.999999e-01 
  958.000  9.999999e-01 
  959.000  9.999999e-01 
  960.000  9.999999e-01 
  961.000  9.999999e-01 
  962.000  9.999999e-01 
  963.000  9.999999e-01 
  964.000  9.999999e-01 
  965.000  9.999999e-01 
  966.000  9.999999e-01 
  967.000  9.999999e-01 
  968.000  9.999999e-01 
  969.000  9.999999e-01 
  970.000  9.999999e-01 
  971.000  9.999999e-01 
  972.000  9.999999e-01 
  973.000  9.999999e-01 
  974.000  9.999999e-01 
  975.000  9.999999e-01 
  976.000  9.999999e-01 
  977.000  9.999999e-01 
  978.000  9.999999e-01 
  979.000  9.999999e-01 
  980.000  9.999999e-01 
  981.000  9.999999e-01 
  982.000  9.999999e-01 
  983.000  9.999999e-01 
  984.000  9.999999e-01 
  985.000  9.999999e-01 
  986.000  9.999999e-01 
  987.000  9.999999e-01 
  988.000  9.999999e-01 
  989.000  9.999999e-01 
  990.000  9.999999e-01 
  991.000  9.999999e-01 
  992.000  9.999999e-01 
  993.000  9.999999e-01 
  994.000  9.999999e-01 
  995.000  9.999999e-01 
  996.000  9.999999e-01 
  997.000  9.999999e-01 
  998.000  9.999999e-01 
  999.000  9.999999e-01 
 1000.000  9.999999e-01 
 1001.000  9.999999e-01 
 1002.000  9.999999e-01 
 1003.000  9.999999e-01 
 1004.000  9.999999e-01 
 1005.000  9.999999e-01 
 1006.000  9.999999e-01 
 1007.000  9.999999e-01 
 1008.000  9.999999e-01 
 1009.000  9.999999e-01 
 1010.000  9.999998e-01 
 1011.000  9.999998e-01 
 1012.000  9.999997e-01 
 1013.000  9.999996e-01 
 1014.000  9.999995e-01 
 1015.000  9.999992e-01 
 1016.000  9.999988e-01 
 1017.000  9.999983e-01 
 1018.000  9.999976e-01 
 1019.000  9.999966e-01 
 1020.000  9.999952e-01 
 1021.000  9.999934e-01 
 1022.000  9.999909e-01 
 1023.000  9.999875e-01 
 1024.000  9.999829e-01 
 1025.000  9.999769e-01 
 1026.000  9.999690e-01 
 1027.000  9.999586e-01 
 1028.000  9.999453e-01 
 1029.000  9.999282e-01 
 1030.000  9.999063e-01 
 1031.000  9.998788e-01 
 1032.000  9.998442e-01 
 1033.000  9.998012e-01 
 1034.000  9.997484e-01 
 1035.000  9.996838e-01 
 1036.000  9.996057e-01 
 1037.000  9.995118e-01 
 1038.000  9.994002e-01 
 1039.000  9.992684e-01 
 1040.000  9.991143e-01 
 1041.000  9.989357e-01 
 1042.000  9.987306e-01 
 1043.000  9.984973e-01 
 1044.000  9.982342e-01 
 1045.000  9.979404e-01 
 1046.000  9.976158e-01 
 1047.000  9.972603e-01 
 1048.000  9.968753e-01 
 1049.000  9.964626e-01 
 1050.000  9.960252e-01 
 1051.000  9.955668e-01 
 1052.000  9.950923e-01 
 1053.000  9.946072e-01 
 1054.000  9.941182e-01 
 1055.000  9.936324e-01 
 1056.000  9.931574e-01 
 1057.000  9.927015e-01 
 1058.000  9.922729e-01 
 1059.000  9.918795e-01 
 1060.000  9.915292e-01 
 1061.000  9.912291e-01 
 1062.000  9.909853e-01 
 1063.000  9.908033e-01 
 1064.000  9.906868e-01 
 1065.000  9.906384e-01 
 1066.000  9.906592e-01 
 1067.000  9.907486e-01 
 1068.000  9.909049e-01 
 1069.000  9.911245e-01 
 1070.000  9.914027e-01 
 1071.000  9.917338e-01 
 1072.000  9.921108e-01 
 1073.000  9.925264e-01 
 1074.000  9.929723e-01 
 1075.000  9.934406e-01 
 1076.000  9.939231e-01 
 1077.000  9.944117e-01 
 1078.000  9.948992e-01 
 1079.000  9.953786e-01 
 1080.000  9.958441e-01 
 1081.000  9.962904e-01 
 1082.000  9.967134e-01 
 1083.000  9.971098e-01 
 1084.000  9.974772e-01 
 1085.000  9.978143e-01 
 1086.000  9.981204e-01 
 1087.000  9.983957e-01 
 1088.000  9.986407e-01 
 1089.000  9.988570e-01 
 1090.000  9.990459e-01 
 1091.000  9.992096e-01 
 1092.000  9.993500e-01 
 1093.000  9.994694e-01 
 1094.000  9.995701e-01 
 1095.000  9.996543e-01 
 1096.000  9.997241e-01 
 1097.000  9.997814e-01 
 1098.000  9.998280e-01 
 1099.000  9.998658e-01 
 1100.000  9.998960e-01 
 1101.000  9.999201e-01 
 1102.000  9.999389e-01 
 1103.000  9.999537e-01 
 1104.000  9.999652e-01 
 1105.000  9.999740e-01 
 1106.000  9.999807e-01 
 1107.000  9.999858e-01 
 1108.000  9.999896e-01 
 1109.000  9.999925e-01 
 1110.000  9.999946e-01 
 1111.000  9.999961e-01 
 1112.000  9.999973e-01 
 1113.000  9.999981e-01 
 1114.000  9.999986e-01 
 1115.000  9.999990e-01 
 1116.000  9.999993e-01 
 1117.000  9.999995e-01 
 1118.000  9.999997e-01 
 1119.000  9.999998e-01 
 1120.000  9.999998e-01 
 1121.000  9.999999e-01 
 1122.000  9.999999e-01 
 1123.000  9.999999e-01 
 1124.000  9.999999e-01 
 1125.000  9.999999e-01 
 1126.000  9.999999e-01 
 1127.000  9.999999e-01 
 1128.000  9.999999e-01 
 1129.000  9.999999e-01 
 1130.000  9.999999e-01 
 1131.000  9.999999e-01 
 1132.000  9.999999e-01 
 1133.000  9.999999e-01 
 1134.000  9.999999e-01 
 1135.000  9.999999e-01 
 1136.000  9.999999e-01 
 1137.000  9.999999e-01 
 1138.000  9.999999e-01 
 1139.000  9.999999e-01 
 1140.000  9.999999e-01 
 1141.000  9.999999e-01 
 1142.000  9.999999e-01 
 1143.000  9.999999e-01 
 1144.000  9.999999e-01 
 1145.000  9.999999e-01 
 1146.000  9.999999e-01 
 1147.000  9.999999e-01 
 1148.000  9.999999e-01 
 1149.000  9.999999e-01 
 1150.000  9.999999e-01 
 1151.000  9.999999e-01 
 1152.000  9.999999e-01 
 1153.000  9.999999e-01 
 1154.000  9.999999e-01 
 1155.000  9.999999e-01 
 1156.000  9.999999e-01 
 1157.000  9.999999e-01 
 1158.000  9.999999e-01 
 1159.000  9.999999e-01 
 1160.000  9.999999e-01 
 1161.000  9.999999e-01 
 1162.000  9.999999e-01 
 1163.000  9.999999e-01 
 1164.000  9.999999e-01 
 1165.000  9.999999e-01 
 1166.000  9.999999e-01 
 1167.000  9.999999e-01 
 1168.000  9.999999e-01 
 1169.000  9.999999e-01 
 1170.000  9.999999e-01 
 1171.000  9.999999e-01 
 1172.000  9.999999e-01 
 1173.000  9.999999e-01 
 1174.000  9.999999e-01 
 1175.000  9.999999e-01 
 1176.000  9.999999e-01 
 1177.000  9.999999e-01 
 1178.000  9.999999e-01 
 1179.000  9.999999e-01 
 1180.000  9.999999e-01 
 1181.000  9.999999e-01 
 1182.000  9.999999e-01 
 1183.000  9.999999e-01 
 1184.000  9.999999e-01 
 1185.000  9.999999e-01 
 1186.000  9.999999e-01 
 1187.000  9.999999e-01 
 1188.000  9.999999e-01 
 1189.000  9.999999e-01 
 1190.000  9.999999e-01 
 1191.000  9.999999e-01 
 1192.000  9.999999e-01 
 1193.000  9.999999e-01 
 1194.000  9.999999e-01 
 1195.000  9.999999e-01 
 1196.000  9.999999e-01 
 1197.000  9.999999e-01 
 1198.000  9.999999e-01 
 1199.000  9.999999e-01 
 1200.000  9.999999e-01 
