  250.000  0.000000e+00 
  251.000  0.000000e+00 
  252.000  0.000000e+00 
  253.000  0.000000e+00 
  254.000  0.000000e+00 
  255.000  0.000000e+00 
  256.000  0.000000e+00 
  257.000  0.000000e+00 
  258.000  0.000000e+00 
  259.000  0.000000e+00 
  260.000  0.000000e+00 
  261.000  0.000000e+00 
  262.000  0.000000e+00 
  263.000  0.000000e+00 
  264.000  0.000000e+00 
  265.000  0.000000e+00 
  266.000  0.000000e+00 
  267.000  0.000000e+00 
  268.000  0.000000e+00 
  269.000  0.000000e+00 
  270.000  0.000000e+00 
  271.000  0.000000e+00 
  272.000  0.000000e+00 
  273.000  0.000000e+00 
  274.000  0.000000e+00 
  275.000  0.000000e+00 
  276.000  0.000000e+00 
  277.000  0.000000e+00 
  278.000  0.000000e+00 
  279.000  0.000000e+00 
  280.000  0.000000e+00 
  281.000  0.000000e+00 
  282.000  0.000000e+00 
  283.000  0.000000e+00 
  284.000  0.000000e+00 
  285.000  0.000000e+00 
  286.000  0.000000e+00 
  287.000  0.000000e+00 
  288.000  0.000000e+00 
  289.000  0.000000e+00 
  290.000  0.000000e+00 
  291.000  0.000000e+00 
  292.000  0.000000e+00 
  293.000  5.187433e-12 
  294.000  1.715431e-10 
  295.000  1.500984e-09 
  296.000  3.590286e-08 
  297.000  2.235940e-07 
  298.000  1.998564e-06 
  299.000  8.792304e-06 
  300.000  4.237887e-05 
  301.000  1.492487e-04 
  302.000  4.303650e-04 
  303.000  1.583180e-03 
  304.000  2.381198e-03 
  305.000  6.852628e-03 
  306.000  1.178678e-02 
  307.000  2.393669e-02 
  308.000  3.632891e-02 
  309.000  5.466131e-02 
  310.000  9.283130e-02 
  311.000  1.117948e-01 
  312.000  1.505529e-01 
  313.000  2.067276e-01 
  314.000  2.258204e-01 
  315.000  3.098080e-01 
  316.000  3.261501e-01 
  317.000  4.005699e-01 
  318.000  4.340605e-01 
  319.000  5.761266e-01 
  320.000  4.576287e-01 
  321.000  6.796460e-01 
  322.000  5.578288e-01 
  323.000  6.571352e-01 
  324.000  8.030460e-01 
  325.000  6.629724e-01 
  326.000  8.155943e-01 
  327.000  8.463796e-01 
  328.000  7.353467e-01 
  329.000  9.113185e-01 
  330.000  9.228963e-01 
  331.000  8.168508e-01 
  332.000  9.327133e-01 
  333.000  9.389246e-01 
  334.000  8.987942e-01 
  335.000  9.611181e-01 
  336.000  9.736059e-01 
  337.000  9.287035e-01 
  338.000  9.622954e-01 
  339.000  9.795486e-01 
  340.000  9.549379e-01 
  341.000  9.780923e-01 
  342.000  9.859233e-01 
  343.000  9.835430e-01 
  344.000  9.595277e-01 
  345.000  9.843293e-01 
  346.000  9.885480e-01 
  347.000  9.856213e-01 
  348.000  9.885588e-01 
  349.000  9.917167e-01 
  350.000  9.931892e-01 
  351.000  9.937632e-01 
  352.000  9.941703e-01 
  353.000  9.945884e-01 
  354.000  9.931704e-01 
  355.000  9.927705e-01 
  356.000  9.930485e-01 
  357.000  9.905885e-01 
  358.000  9.892493e-01 
  359.000  9.877618e-01 
  360.000  9.860938e-01 
  361.000  9.849961e-01 
  362.000  9.872803e-01 
  363.000  9.894581e-01 
  364.000  9.915269e-01 
  365.000  9.914047e-01 
  366.000  9.924705e-01 
  367.000  9.928029e-01 
  368.000  9.926205e-01 
  369.000  9.929246e-01 
  370.000  9.927763e-01 
  371.000  9.932351e-01 
  372.000  9.917957e-01 
  373.000  9.924494e-01 
  374.000  9.925925e-01 
  375.000  9.928247e-01 
  376.000  9.913421e-01 
  377.000  9.911062e-01 
  378.000  9.906716e-01 
  379.000  9.888850e-01 
  380.000  9.868490e-01 
  381.000  9.875736e-01 
  382.000  9.892514e-01 
  383.000  9.911558e-01 
  384.000  9.913176e-01 
  385.000  9.917672e-01 
  386.000  9.921259e-01 
  387.000  9.920229e-01 
  388.000  9.918352e-01 
  389.000  9.917914e-01 
  390.000  9.917691e-01 
  391.000  9.919610e-01 
  392.000  9.909782e-01 
  393.000  9.924010e-01 
  394.000  9.924127e-01 
  395.000  9.922268e-01 
  396.000  9.917562e-01 
  397.000  9.924813e-01 
  398.000  9.910882e-01 
  399.000  9.921264e-01 
  400.000  9.908615e-01 
  401.000  9.911466e-01 
  402.000  9.921845e-01 
  403.000  9.927920e-01 
  404.000  9.916235e-01 
  405.000  9.912539e-01 
  406.000  9.922901e-01 
  407.000  9.931062e-01 
  408.000  9.915978e-01 
  409.000  9.907544e-01 
  410.000  9.911503e-01 
  411.000  9.909453e-01 
  412.000  9.920338e-01 
  413.000  9.905640e-01 
  414.000  9.911602e-01 
  415.000  9.912794e-01 
  416.000  9.925343e-01 
  417.000  9.923542e-01 
  418.000  9.916128e-01 
  419.000  9.917601e-01 
  420.000  9.910073e-01 
  421.000  9.907680e-01 
  422.000  9.904381e-01 
  423.000  9.908766e-01 
  424.000  9.899898e-01 
  425.000  9.909353e-01 
  426.000  9.920663e-01 
  427.000  9.910168e-01 
  428.000  9.900280e-01 
  429.000  9.916342e-01 
  430.000  9.916133e-01 
  431.000  9.898352e-01 
  432.000  9.914333e-01 
  433.000  9.910595e-01 
  434.000  9.900728e-01 
  435.000  9.880773e-01 
  436.000  9.897424e-01 
  437.000  9.915390e-01 
  438.000  9.918615e-01 
  439.000  9.876646e-01 
  440.000  9.889993e-01 
  441.000  9.907213e-01 
  442.000  9.912697e-01 
  443.000  9.901611e-01 
  444.000  9.886044e-01 
  445.000  9.868286e-01 
  446.000  9.882438e-01 
  447.000  9.889363e-01 
  448.000  9.849153e-01 
  449.000  9.881907e-01 
  450.000  9.893068e-01 
  451.000  9.891025e-01 
  452.000  9.888641e-01 
  453.000  9.888047e-01 
  454.000  9.894207e-01 
  455.000  9.883214e-01 
  456.000  9.878469e-01 
  457.000  9.880050e-01 
  458.000  9.852286e-01 
  459.000  9.858799e-01 
  460.000  9.842589e-01 
  461.000  9.843219e-01 
  462.000  9.852181e-01 
  463.000  9.828282e-01 
  464.000  9.839943e-01 
  465.000  9.845873e-01 
  466.000  9.854622e-01 
  467.000  9.838696e-01 
  468.000  9.841854e-01 
  469.000  9.844903e-01 
  470.000  9.840210e-01 
  471.000  9.834814e-01 
  472.000  9.816260e-01 
  473.000  9.793608e-01 
  474.000  9.748566e-01 
  475.000  9.719403e-01 
  476.000  9.692443e-01 
  477.000  9.676695e-01 
  478.000  9.670662e-01 
  479.000  9.673328e-01 
  480.000  9.677927e-01 
  481.000  9.707267e-01 
  482.000  9.727579e-01 
  483.000  9.741220e-01 
  484.000  9.737929e-01 
  485.000  9.731059e-01 
  486.000  9.731557e-01 
  487.000  9.737356e-01 
  488.000  9.729136e-01 
  489.000  9.718057e-01 
  490.000  9.730862e-01 
  491.000  9.736807e-01 
  492.000  9.730729e-01 
  493.000  9.724110e-01 
  494.000  9.712776e-01 
  495.000  9.708950e-01 
  496.000  9.693355e-01 
  497.000  9.683022e-01 
  498.000  9.674407e-01 
  499.000  9.659888e-01 
  500.000  9.643965e-01 
  501.000  9.624578e-01 
  502.000  9.589120e-01 
  503.000  9.558364e-01 
  504.000  9.543737e-01 
  505.000  9.514984e-01 
  506.000  9.523159e-01 
  507.000  9.526318e-01 
  508.000  9.532276e-01 
  509.000  9.531454e-01 
  510.000  9.534821e-01 
  511.000  9.536433e-01 
  512.000  9.537137e-01 
  513.000  9.541057e-01 
  514.000  9.542196e-01 
  515.000  9.544360e-01 
  516.000  9.535587e-01 
  517.000  9.525008e-01 
  518.000  9.516950e-01 
  519.000  9.500296e-01 
  520.000  9.492913e-01 
  521.000  9.477167e-01 
  522.000  9.466719e-01 
  523.000  9.450632e-01 
  524.000  9.431911e-01 
  525.000  9.409856e-01 
  526.000  9.378960e-01 
  527.000  9.354602e-01 
  528.000  9.325926e-01 
  529.000  9.300404e-01 
  530.000  9.281279e-01 
  531.000  9.265781e-01 
  532.000  9.254825e-01 
  533.000  9.248402e-01 
  534.000  9.240316e-01 
  535.000  9.237438e-01 
  536.000  9.233486e-01 
  537.000  9.227207e-01 
  538.000  9.221604e-01 
  539.000  9.213356e-01 
  540.000  9.210874e-01 
  541.000  9.197822e-01 
  542.000  9.185383e-01 
  543.000  9.178540e-01 
  544.000  9.171639e-01 
  545.000  9.155926e-01 
  546.000  9.151114e-01 
  547.000  9.151268e-01 
  548.000  9.144642e-01 
  549.000  9.141434e-01 
  550.000  9.136260e-01 
  551.000  9.132650e-01 
  552.000  9.122840e-01 
  553.000  9.108272e-01 
  554.000  9.101232e-01 
  555.000  9.092118e-01 
  556.000  9.070944e-01 
  557.000  9.044347e-01 
  558.000  9.020910e-01 
  559.000  8.989021e-01 
  560.000  8.962271e-01 
  561.000  8.939219e-01 
  562.000  8.919234e-01 
  563.000  8.894650e-01 
  564.000  8.868603e-01 
  565.000  8.846756e-01 
  566.000  8.826938e-01 
  567.000  8.805093e-01 
  568.000  8.779805e-01 
  569.000  8.724351e-01 
  570.000  8.680433e-01 
  571.000  8.663682e-01 
  572.000  8.639701e-01 
  573.000  8.618815e-01 
  574.000  8.595728e-01 
  575.000  8.577646e-01 
  576.000  8.575320e-01 
  577.000  8.578900e-01 
  578.000  8.598294e-01 
  579.000  8.618558e-01 
  580.000  8.637599e-01 
  581.000  8.671893e-01 
  582.000  8.705544e-01 
  583.000  8.734062e-01 
  584.000  8.776048e-01 
  585.000  8.790767e-01 
  586.000  8.805141e-01 
  587.000  8.808204e-01 
  588.000  8.809636e-01 
  589.000  8.757173e-01 
  590.000  8.753567e-01 
  591.000  8.768895e-01 
  592.000  8.715079e-01 
  593.000  8.774685e-01 
  594.000  8.735127e-01 
  595.000  8.743821e-01 
  596.000  8.740463e-01 
  597.000  8.738568e-01 
  598.000  8.723928e-01 
  599.000  8.722743e-01 
  600.000  8.709905e-01 
  601.000  8.715577e-01 
  602.000  8.722450e-01 
  603.000  8.726118e-01 
  604.000  8.729740e-01 
  605.000  8.732160e-01 
  606.000  8.749171e-01 
  607.000  8.762808e-01 
  608.000  8.781151e-01 
  609.000  8.788723e-01 
  610.000  8.803895e-01 
  611.000  8.815898e-01 
  612.000  8.833159e-01 
  613.000  8.848366e-01 
  614.000  8.859170e-01 
  615.000  8.871810e-01 
  616.000  8.890182e-01 
  617.000  8.903394e-01 
  618.000  8.911607e-01 
  619.000  8.924445e-01 
  620.000  8.934793e-01 
  621.000  8.940930e-01 
  622.000  8.943629e-01 
  623.000  8.947726e-01 
  624.000  8.949053e-01 
  625.000  8.950793e-01 
  626.000  8.946393e-01 
  627.000  8.943307e-01 
  628.000  8.632051e-01 
  629.000  8.775661e-01 
  630.000  8.831672e-01 
  631.000  8.939248e-01 
  632.000  8.981640e-01 
  633.000  9.006403e-01 
  634.000  9.042612e-01 
  635.000  9.052276e-01 
  636.000  9.093343e-01 
  637.000  9.139690e-01 
  638.000  9.166322e-01 
  639.000  9.196675e-01 
  640.000  9.213611e-01 
  641.000  9.242315e-01 
  642.000  9.255414e-01 
  643.000  9.263248e-01 
  644.000  9.275647e-01 
  645.000  9.287239e-01 
  646.000  9.279535e-01 
  647.000  9.270468e-01 
  648.000  9.251537e-01 
  649.000  9.283431e-01 
  650.000  9.337479e-01 
  651.000  9.347910e-01 
  652.000  9.348907e-01 
  653.000  9.368281e-01 
  654.000  9.383720e-01 
  655.000  9.342730e-01 
  656.000  9.384556e-01 
  657.000  9.399897e-01 
  658.000  9.425674e-01 
  659.000  9.444515e-01 
  660.000  9.447954e-01 
  661.000  9.463819e-01 
  662.000  9.467320e-01 
  663.000  9.477859e-01 
  664.000  9.485963e-01 
  665.000  9.494475e-01 
  666.000  9.503687e-01 
  667.000  9.516820e-01 
  668.000  9.523732e-01 
  669.000  9.534717e-01 
  670.000  9.541035e-01 
  671.000  9.553470e-01 
  672.000  9.555704e-01 
  673.000  9.565701e-01 
  674.000  9.569210e-01 
  675.000  9.579813e-01 
  676.000  9.582687e-01 
  677.000  9.588493e-01 
  678.000  9.597156e-01 
  679.000  9.602418e-01 
  680.000  9.611795e-01 
  681.000  9.616497e-01 
  682.000  9.631189e-01 
  683.000  9.634784e-01 
  684.000  9.647923e-01 
  685.000  9.653844e-01 
  686.000  9.661919e-01 
  687.000  6.047271e-01 
  688.000  7.793190e-01 
  689.000  8.323035e-01 
  690.000  8.720152e-01 
  691.000  9.011263e-01 
  692.000  9.493158e-01 
  693.000  9.486272e-01 
  694.000  9.504591e-01 
  695.000  9.608155e-01 
  696.000  9.576328e-01 
  697.000  9.713888e-01 
  698.000  9.715993e-01 
  699.000  9.657396e-01 
  700.000  9.677417e-01 
  701.000  9.628723e-01 
  702.000  9.655955e-01 
  703.000  9.681058e-01 
  704.000  9.695224e-01 
  705.000  9.704787e-01 
  706.000  9.724706e-01 
  707.000  9.741976e-01 
  708.000  9.759470e-01 
  709.000  9.762617e-01 
  710.000  9.757517e-01 
  711.000  9.776360e-01 
  712.000  9.772062e-01 
  713.000  9.787108e-01 
  714.000  9.776606e-01 
  715.000  9.755167e-01 
  716.000  9.763880e-01 
  717.000  9.666087e-01 
  718.000  9.331314e-01 
  719.000  8.930097e-01 
  720.000  9.363543e-01 
  721.000  9.725678e-01 
  722.000  9.716842e-01 
  723.000  9.699027e-01 
  724.000  9.231558e-01 
  725.000  9.415871e-01 
  726.000  9.618287e-01 
  727.000  9.522305e-01 
  728.000  9.375896e-01 
  729.000  9.457369e-01 
  730.000  9.635659e-01 
  731.000  9.564560e-01 
  732.000  9.619117e-01 
  733.000  9.755057e-01 
  734.000  9.814776e-01 
  735.000  9.769579e-01 
  736.000  9.803258e-01 
  737.000  9.804150e-01 
  738.000  9.827249e-01 
  739.000  9.833693e-01 
  740.000  9.859900e-01 
  741.000  9.871946e-01 
  742.000  9.874651e-01 
  743.000  9.875337e-01 
  744.000  9.879274e-01 
  745.000  9.881448e-01 
  746.000  9.886117e-01 
  747.000  9.888837e-01 
  748.000  9.890481e-01 
  749.000  9.891666e-01 
  750.000  9.894178e-01 
  751.000  9.895621e-01 
  752.000  9.902089e-01 
  753.000  9.903870e-01 
  754.000  9.906013e-01 
  755.000  9.908281e-01 
  756.000  9.909436e-01 
  757.000  9.911854e-01 
  758.000  9.915340e-01 
  759.000  9.785694e-01 
  760.000  2.763088e-01 
  761.000  1.381963e-01 
  762.000  5.597428e-01 
  763.000  4.342982e-01 
  764.000  5.259433e-01 
  765.000  6.896531e-01 
  766.000  8.410642e-01 
  767.000  9.001960e-01 
  768.000  9.671708e-01 
  769.000  9.842969e-01 
  770.000  9.844363e-01 
  771.000  9.906879e-01 
  772.000  9.922305e-01 
  773.000  9.921832e-01 
  774.000  9.921353e-01 
  775.000  9.921339e-01 
  776.000  9.921238e-01 
  777.000  9.921250e-01 
  778.000  9.921160e-01 
  779.000  9.920872e-01 
  780.000  9.920643e-01 
  781.000  9.923121e-01 
  782.000  9.924974e-01 
  783.000  9.926620e-01 
  784.000  9.926259e-01 
  785.000  9.925513e-01 
  786.000  9.916921e-01 
  787.000  9.920065e-01 
  788.000  9.902599e-01 
  789.000  9.901859e-01 
  790.000  9.869216e-01 
  791.000  9.874363e-01 
  792.000  9.887795e-01 
  793.000  9.897714e-01 
  794.000  9.944283e-01 
  795.000  9.929271e-01 
  796.000  9.839762e-01 
  797.000  9.910499e-01 
  798.000  9.913397e-01 
  799.000  9.926370e-01 
  800.000  9.887611e-01 
  801.000  9.870433e-01 
  802.000  9.897781e-01 
  803.000  9.888126e-01 
  804.000  9.885574e-01 
  805.000  9.905106e-01 
  806.000  9.936646e-01 
  807.000  9.914944e-01 
  808.000  9.934378e-01 
  809.000  9.900632e-01 
  810.000  9.884416e-01 
  811.000  9.895479e-01 
  812.000  9.858550e-01 
  813.000  9.790118e-01 
  814.000  9.664496e-01 
  815.000  9.511740e-01 
  816.000  9.621477e-01 
  817.000  9.009776e-01 
  818.000  9.421744e-01 
  819.000  9.603664e-01 
  820.000  9.344550e-01 
  821.000  9.873853e-01 
  822.000  9.810517e-01 
  823.000  8.787034e-01 
  824.000  9.733557e-01 
  825.000  9.840152e-01 
  826.000  9.723610e-01 
  827.000  9.837720e-01 
  828.000  9.541003e-01 
  829.000  9.778749e-01 
  830.000  9.731742e-01 
  831.000  9.743229e-01 
  832.000  9.756777e-01 
  833.000  9.833173e-01 
  834.000  9.844052e-01 
  835.000  9.881238e-01 
  836.000  9.893828e-01 
  837.000  9.880047e-01 
  838.000  9.918844e-01 
  839.000  9.928222e-01 
  840.000  9.933548e-01 
  841.000  9.933548e-01 
  842.000  9.905276e-01 
  843.000  9.953467e-01 
  844.000  9.922037e-01 
  845.000  9.946307e-01 
  846.000  9.952708e-01 
  847.000  9.957729e-01 
  848.000  9.950410e-01 
  849.000  9.952856e-01 
  850.000  9.958926e-01 
  851.000  9.979926e-01 
  852.000  9.992795e-01 
  853.000  9.993446e-01 
  854.000  9.992113e-01 
  855.000  9.992113e-01 
  856.000  9.992958e-01 
  857.000  9.998454e-01 
  858.000  9.992774e-01 
  859.000  9.996032e-01 
  860.000  9.999584e-01 
  861.000  9.997896e-01 
  862.000  9.999312e-01 
  863.000  9.996700e-01 
  864.000  9.999794e-01 
  865.000  9.999794e-01 
  866.000  9.999136e-01 
  867.000  9.999882e-01 
  868.000  9.999170e-01 
  869.000  9.997213e-01 
  870.000  9.999352e-01 
  871.000  9.998666e-01 
  872.000  9.999819e-01 
  873.000  9.999251e-01 
  874.000  9.999251e-01 
  875.000  9.999955e-01 
  876.000  9.999971e-01 
  877.000  9.999415e-01 
  878.000  9.999131e-01 
  879.000  9.998968e-01 
  880.000  9.999576e-01 
  881.000  9.999576e-01 
  882.000  9.996608e-01 
  883.000  9.996967e-01 
  884.000  9.997406e-01 
  885.000  9.997939e-01 
  886.000  9.979302e-01 
  887.000  9.996162e-01 
  888.000  9.996162e-01 
  889.000  9.992290e-01 
  890.000  9.981517e-01 
  891.000  9.996335e-01 
  892.000  9.979700e-01 
  893.000  9.944205e-01 
  894.000  9.944205e-01 
  895.000  9.853160e-01 
  896.000  9.745712e-01 
  897.000  9.276511e-01 
  898.000  9.713441e-01 
  899.000  8.739457e-01 
  900.000  8.739457e-01 
  901.000  8.950118e-01 
  902.000  9.143870e-01 
  903.000  9.360079e-01 
  904.000  9.855909e-01 
  905.000  9.806926e-01 
  906.000  9.806926e-01 
  907.000  9.286249e-01 
  908.000  9.123912e-01 
  909.000  9.234070e-01 
  910.000  9.120283e-01 
  911.000  9.120283e-01 
  912.000  9.642432e-01 
  913.000  9.397239e-01 
  914.000  9.220795e-01 
  915.000  8.945310e-01 
  916.000  8.945310e-01 
  917.000  9.635880e-01 
  918.000  9.102635e-01 
  919.000  9.543594e-01 
  920.000  9.850155e-01 
  921.000  9.850155e-01 
  922.000  9.766409e-01 
  923.000  9.745056e-01 
  924.000  9.676310e-01 
  925.000  9.676310e-01 
  926.000  9.707397e-01 
  927.000  9.767317e-01 
  928.000  9.258580e-01 
  929.000  9.178821e-01 
  930.000  9.178821e-01 
  931.000  8.305512e-01 
  932.000  6.695725e-01 
  933.000  7.038659e-01 
  934.000  7.038659e-01 
  935.000  6.416869e-01 
  936.000  6.133707e-01 
  937.000  6.116025e-01 
  938.000  6.116025e-01 
  939.000  7.232373e-01 
  940.000  8.382893e-01 
  941.000  8.041083e-01 
  942.000  8.041083e-01 
  943.000  7.003142e-01 
  944.000  7.035801e-01 
  945.000  7.999030e-01 
  946.000  7.999030e-01 
  947.000  7.258964e-01 
  948.000  7.508680e-01 
  949.000  8.009144e-01 
  950.000  8.009144e-01 
  951.000  8.074839e-01 
  952.000  7.248881e-01 
  953.000  8.447338e-01 
  954.000  8.447338e-01 
  955.000  8.418415e-01 
  956.000  7.456183e-01 
  957.000  8.750697e-01 
  958.000  8.750697e-01 
  959.000  8.114723e-01 
  960.000  8.647887e-01 
  961.000  8.647887e-01 
  962.000  8.846570e-01 
  963.000  9.235426e-01 
  964.000  8.598611e-01 
  965.000  8.598611e-01 
  966.000  8.970833e-01 
  967.000  9.438666e-01 
  968.000  9.438666e-01 
  969.000  9.563187e-01 
  970.000  9.742253e-01 
  971.000  9.799253e-01 
  972.000  9.799253e-01 
  973.000  9.726327e-01 
  974.000  9.331465e-01 
  975.000  9.331465e-01 
  976.000  9.226848e-01 
  977.000  9.640310e-01 
  978.000  9.582782e-01 
  979.000  9.582782e-01 
  980.000  9.605281e-01 
  981.000  9.891571e-01 
  982.000  9.891571e-01 
  983.000  9.819466e-01 
  984.000  9.880534e-01 
  985.000  9.880534e-01 
  986.000  9.972534e-01 
  987.000  9.937077e-01 
  988.000  9.937077e-01 
  989.000  9.987084e-01 
  990.000  9.965416e-01 
  991.000  9.965416e-01 
  992.000  9.979114e-01 
  993.000  9.977305e-01 
  994.000  9.977305e-01 
  995.000  9.995985e-01 
  996.000  9.996324e-01 
  997.000  9.996324e-01 
  998.000  9.995809e-01 
  999.000  9.993880e-01 
 1000.000  9.993880e-01 
 1001.000  9.995196e-01 
 1002.000  9.966507e-01 
 1003.000  9.966507e-01 
 1004.000  9.994437e-01 
 1005.000  9.996284e-01 
 1006.000  9.996284e-01 
 1007.000  9.997146e-01 
 1008.000  9.990390e-01 
 1009.000  9.990390e-01 
 1010.000  9.966881e-01 
 1011.000  9.995836e-01 
 1012.000  9.995836e-01 
 1013.000  9.997128e-01 
 1014.000  9.996335e-01 
 1015.000  9.996335e-01 
 1016.000  9.997213e-01 
 1017.000  9.996049e-01 
 1018.000  9.996049e-01 
 1019.000  9.993045e-01 
 1020.000  9.997406e-01 
 1021.000  9.997406e-01 
 1022.000  9.993266e-01 
 1023.000  9.993266e-01 
 1024.000  9.992893e-01 
 1025.000  9.996729e-01 
 1026.000  9.996729e-01 
 1027.000  9.994296e-01 
 1028.000  9.996264e-01 
 1029.000  9.996264e-01 
 1030.000  9.996298e-01 
 1031.000  9.995142e-01 
 1032.000  9.995142e-01 
 1033.000  9.993725e-01 
 1034.000  9.993725e-01 
 1035.000  9.992311e-01 
 1036.000  9.985091e-01 
 1037.000  9.985091e-01 
 1038.000  9.983603e-01 
 1039.000  9.975480e-01 
 1040.000  9.975480e-01 
 1041.000  9.969656e-01 
 1042.000  9.969656e-01 
 1043.000  9.962330e-01 
 1044.000  9.951556e-01 
 1045.000  9.951556e-01 
 1046.000  9.936792e-01 
 1047.000  9.936792e-01 
 1048.000  9.922104e-01 
 1049.000  9.892815e-01 
 1050.000  9.892815e-01 
 1051.000  9.879736e-01 
 1052.000  9.879736e-01 
 1053.000  9.859838e-01 
 1054.000  9.842924e-01 
 1055.000  9.842924e-01 
 1056.000  9.823574e-01 
 1057.000  9.823574e-01 
 1058.000  9.805509e-01 
 1059.000  9.787799e-01 
 1060.000  9.787799e-01 
 1061.000  9.776554e-01 
 1062.000  9.776554e-01 
 1063.000  9.758316e-01 
 1064.000  9.748146e-01 
 1065.000  9.748146e-01 
 1066.000  9.762599e-01 
 1067.000  9.762599e-01 
 1068.000  9.753483e-01 
 1069.000  9.775692e-01 
 1070.000  9.775692e-01 
 1071.000  9.794732e-01 
 1072.000  9.794732e-01 
 1073.000  9.811862e-01 
 1074.000  9.811862e-01 
 1075.000  9.815344e-01 
 1076.000  9.827750e-01 
 1077.000  9.827750e-01 
 1078.000  9.864751e-01 
 1079.000  9.864751e-01 
 1080.000  9.861888e-01 
 1081.000  9.861888e-01 
 1082.000  9.887648e-01 
 1083.000  9.887461e-01 
 1084.000  9.887461e-01 
 1085.000  9.862153e-01 
 1086.000  9.862153e-01 
 1087.000  9.925445e-01 
 1088.000  9.925445e-01 
 1089.000  9.910350e-01 
 1090.000  9.901989e-01 
 1091.000  9.901989e-01 
 1092.000  9.868990e-01 
 1093.000  9.868990e-01 
 1094.000  9.875884e-01 
 1095.000  9.875884e-01 
 1096.000  9.852788e-01 
 1097.000  9.852788e-01 
 1098.000  9.816541e-01 
 1099.000  9.638528e-01 
 1100.000  9.638528e-01 
 1101.000  9.647422e-01 
 1102.000  9.647422e-01 
 1103.000  9.571020e-01 
 1104.000  9.571020e-01 
 1105.000  9.521751e-01 
 1106.000  9.521751e-01 
 1107.000  9.519016e-01 
 1108.000  9.519016e-01 
 1109.000  9.364399e-01 
 1110.000  9.198201e-01 
 1111.000  9.198201e-01 
 1112.000  8.952729e-01 
 1113.000  8.952729e-01 
 1114.000  8.278593e-01 
 1115.000  8.278593e-01 
 1116.000  6.626181e-01 
 1117.000  6.626181e-01 
 1118.000  7.406351e-01 
 1119.000  7.406351e-01 
 1120.000  6.899926e-01 
 1121.000  6.899926e-01 
 1122.000  5.185926e-01 
 1123.000  7.040758e-01 
 1124.000  7.040758e-01 
 1125.000  5.527545e-01 
 1126.000  5.527545e-01 
 1127.000  6.204073e-01 
 1128.000  6.204073e-01 
 1129.000  6.196316e-01 
 1130.000  6.196316e-01 
 1131.000  8.405871e-01 
 1132.000  8.405871e-01 
 1133.000  6.356450e-01 
 1134.000  6.356450e-01 
 1135.000  4.122815e-01 
 1136.000  4.122815e-01 
 1137.000  8.524462e-01 
 1138.000  8.524462e-01 
 1139.000  7.796144e-01 
 1140.000  7.796144e-01 
 1141.000  7.706738e-01 
 1142.000  7.706738e-01 
 1143.000  8.253444e-01 
 1144.000  8.253444e-01 
 1145.000  6.468836e-01 
 1146.000  6.468836e-01 
 1147.000  6.460725e-01 
 1148.000  6.460725e-01 
 1149.000  7.309117e-01 
 1150.000  7.309117e-01 
 1151.000  8.010010e-01 
 1152.000  8.010010e-01 
 1153.000  7.581403e-01 
 1154.000  7.581403e-01 
 1155.000  8.037379e-01 
 1156.000  8.037379e-01 
 1157.000  8.701146e-01 
 1158.000  8.701146e-01 
 1159.000  9.265592e-01 
 1160.000  9.265592e-01 
 1161.000  9.138421e-01 
 1162.000  9.138421e-01 
 1163.000  9.464850e-01 
 1164.000  9.464850e-01 
 1165.000  9.340763e-01 
 1166.000  9.340763e-01 
 1167.000  9.612364e-01 
 1168.000  9.612364e-01 
 1169.000  9.610495e-01 
 1170.000  9.610495e-01 
 1171.000  9.679128e-01 
 1172.000  9.679128e-01 
 1173.000  9.332715e-01 
 1174.000  9.332715e-01 
 1175.000  9.838355e-01 
 1176.000  9.838355e-01 
 1177.000  9.532602e-01 
 1178.000  9.532602e-01 
 1179.000  9.756026e-01 
 1180.000  9.756026e-01 
 1181.000  9.255014e-01 
 1182.000  9.255014e-01 
 1183.000  9.633582e-01 
 1184.000  9.633582e-01 
 1185.000  9.752261e-01 
 1186.000  9.752261e-01 
 1187.000  9.271990e-01 
 1188.000  9.271990e-01 
 1189.000  9.271990e-01 
 1190.000  9.626883e-01 
 1191.000  9.626883e-01 
 1192.000  9.865010e-01 
 1193.000  9.865010e-01 
 1194.000  9.703035e-01 
 1195.000  9.703035e-01 
 1196.000  9.784058e-01 
 1197.000  9.784058e-01 
 1198.000  9.624870e-01 
 1199.000  9.624870e-01 
 1200.000  9.599888e-01 
