  250.000  0.000000e+00 
  251.000  0.000000e+00 
  252.000  0.000000e+00 
  253.000  0.000000e+00 
  254.000  0.000000e+00 
  255.000  0.000000e+00 
  256.000  0.000000e+00 
  257.000  0.000000e+00 
  258.000  0.000000e+00 
  259.000  0.000000e+00 
  260.000  0.000000e+00 
  261.000  0.000000e+00 
  262.000  0.000000e+00 
  263.000  0.000000e+00 
  264.000  0.000000e+00 
  265.000  0.000000e+00 
  266.000  0.000000e+00 
  267.000  0.000000e+00 
  268.000  0.000000e+00 
  269.000  0.000000e+00 
  270.000  0.000000e+00 
  271.000  0.000000e+00 
  272.000  0.000000e+00 
  273.000  0.000000e+00 
  274.000  0.000000e+00 
  275.000  0.000000e+00 
  276.000  0.000000e+00 
  277.000  0.000000e+00 
  278.000  0.000000e+00 
  279.000  0.000000e+00 
  280.000  0.000000e+00 
  281.000  0.000000e+00 
  282.000  0.000000e+00 
  283.000  0.000000e+00 
  284.000  0.000000e+00 
  285.000  0.000000e+00 
  286.000  0.000000e+00 
  287.000  0.000000e+00 
  288.000  0.000000e+00 
  289.000  0.000000e+00 
  290.000  0.000000e+00 
  291.000  0.000000e+00 
  292.000  0.000000e+00 
  293.000  3.319146e-11 
  294.000  8.549038e-10 
  295.000  6.406697e-09 
  296.000  1.221532e-07 
  297.000  6.675722e-07 
  298.000  5.102808e-06 
  299.000  2.019472e-05 
  300.000  8.699523e-05 
  301.000  2.800287e-04 
  302.000  7.486466e-04 
  303.000  2.509364e-03 
  304.000  3.665786e-03 
  305.000  9.782246e-03 
  306.000  1.618648e-02 
  307.000  3.124964e-02 
  308.000  4.603535e-02 
  309.000  6.727375e-02 
  310.000  1.100096e-01 
  311.000  1.307348e-01 
  312.000  1.723557e-01 
  313.000  2.313655e-01 
  314.000  2.511441e-01 
  315.000  3.368551e-01 
  316.000  3.533242e-01 
  317.000  4.276204e-01 
  318.000  4.607226e-01 
  319.000  5.992717e-01 
  320.000  4.839075e-01 
  321.000  6.986547e-01 
  322.000  5.815780e-01 
  323.000  6.771414e-01 
  324.000  8.157268e-01 
  325.000  6.827250e-01 
  326.000  8.275561e-01 
  327.000  8.565232e-01 
  328.000  7.516721e-01 
  329.000  9.173834e-01 
  330.000  9.282010e-01 
  331.000  8.287400e-01 
  332.000  9.373657e-01 
  333.000  9.431606e-01 
  334.000  9.056706e-01 
  335.000  9.638445e-01 
  336.000  9.754679e-01 
  337.000  9.336231e-01 
  338.000  9.649408e-01 
  339.000  9.809955e-01 
  340.000  9.580883e-01 
  341.000  9.796411e-01 
  342.000  9.869222e-01 
  343.000  9.847094e-01 
  344.000  9.623634e-01 
  345.000  9.854404e-01 
  346.000  9.893617e-01 
  347.000  9.866415e-01 
  348.000  9.893716e-01 
  349.000  9.923061e-01 
  350.000  9.936742e-01 
  351.000  9.942074e-01 
  352.000  9.945856e-01 
  353.000  9.949740e-01 
  354.000  9.936566e-01 
  355.000  9.932851e-01 
  356.000  9.935434e-01 
  357.000  9.912578e-01 
  358.000  9.900133e-01 
  359.000  9.886310e-01 
  360.000  9.870807e-01 
  361.000  9.860603e-01 
  362.000  9.881836e-01 
  363.000  9.902075e-01 
  364.000  9.921297e-01 
  365.000  9.920161e-01 
  366.000  9.930065e-01 
  367.000  9.933156e-01 
  368.000  9.931459e-01 
  369.000  9.934282e-01 
  370.000  9.932905e-01 
  371.000  9.937167e-01 
  372.000  9.923795e-01 
  373.000  9.929869e-01 
  374.000  9.931198e-01 
  375.000  9.933356e-01 
  376.000  9.919580e-01 
  377.000  9.917388e-01 
  378.000  9.913351e-01 
  379.000  9.896748e-01 
  380.000  9.877825e-01 
  381.000  9.884561e-01 
  382.000  9.900153e-01 
  383.000  9.917849e-01 
  384.000  9.919353e-01 
  385.000  9.923531e-01 
  386.000  9.926863e-01 
  387.000  9.925906e-01 
  388.000  9.924160e-01 
  389.000  9.923756e-01 
  390.000  9.923548e-01 
  391.000  9.925331e-01 
  392.000  9.916199e-01 
  393.000  9.929419e-01 
  394.000  9.929528e-01 
  395.000  9.927801e-01 
  396.000  9.923428e-01 
  397.000  9.929964e-01 
  398.000  9.917186e-01 
  399.000  9.926719e-01 
  400.000  9.915078e-01 
  401.000  9.917761e-01 
  402.000  9.927407e-01 
  403.000  9.933052e-01 
  404.000  9.922196e-01 
  405.000  9.918761e-01 
  406.000  9.928389e-01 
  407.000  9.935971e-01 
  408.000  9.921955e-01 
  409.000  9.914119e-01 
  410.000  9.917798e-01 
  411.000  9.915894e-01 
  412.000  9.926008e-01 
  413.000  9.912351e-01 
  414.000  9.917890e-01 
  415.000  9.918873e-01 
  416.000  9.930626e-01 
  417.000  9.928923e-01 
  418.000  9.922082e-01 
  419.000  9.923382e-01 
  420.000  9.916469e-01 
  421.000  9.914246e-01 
  422.000  9.911172e-01 
  423.000  9.915254e-01 
  424.000  9.907014e-01 
  425.000  9.915799e-01 
  426.000  9.926202e-01 
  427.000  9.916558e-01 
  428.000  9.907369e-01 
  429.000  9.922267e-01 
  430.000  9.922100e-01 
  431.000  9.905578e-01 
  432.000  9.920428e-01 
  433.000  9.916955e-01 
  434.000  9.907786e-01 
  435.000  9.889242e-01 
  436.000  9.904716e-01 
  437.000  9.921409e-01 
  438.000  9.924405e-01 
  439.000  9.885404e-01 
  440.000  9.897759e-01 
  441.000  9.913762e-01 
  442.000  9.916555e-01 
  443.000  9.902295e-01 
  444.000  9.893731e-01 
  445.000  9.867594e-01 
  446.000  9.878755e-01 
  447.000  9.897077e-01 
  448.000  9.859690e-01 
  449.000  9.890249e-01 
  450.000  9.900666e-01 
  451.000  9.898770e-01 
  452.000  9.896554e-01 
  453.000  9.895558e-01 
  454.000  9.901724e-01 
  455.000  9.891511e-01 
  456.000  9.887100e-01 
  457.000  9.888567e-01 
  458.000  9.862764e-01 
  459.000  9.868819e-01 
  460.000  9.853750e-01 
  461.000  9.854336e-01 
  462.000  9.862666e-01 
  463.000  9.840449e-01 
  464.000  9.851289e-01 
  465.000  9.856802e-01 
  466.000  9.863940e-01 
  467.000  9.849956e-01 
  468.000  9.853009e-01 
  469.000  9.848998e-01 
  470.000  9.842241e-01 
  471.000  9.846215e-01 
  472.000  9.828671e-01 
  473.000  9.807917e-01 
  474.000  9.766230e-01 
  475.000  9.735559e-01 
  476.000  9.714062e-01 
  477.000  9.699434e-01 
  478.000  9.693822e-01 
  479.000  9.696303e-01 
  480.000  9.700584e-01 
  481.000  9.727890e-01 
  482.000  9.746789e-01 
  483.000  9.759473e-01 
  484.000  9.756381e-01 
  485.000  9.746124e-01 
  486.000  9.745759e-01 
  487.000  9.755731e-01 
  488.000  9.748052e-01 
  489.000  9.737394e-01 
  490.000  9.749707e-01 
  491.000  9.755074e-01 
  492.000  9.749646e-01 
  493.000  9.743524e-01 
  494.000  9.733009e-01 
  495.000  9.729456e-01 
  496.000  9.714943e-01 
  497.000  9.705326e-01 
  498.000  9.697309e-01 
  499.000  9.683645e-01 
  500.000  9.668197e-01 
  501.000  9.646773e-01 
  502.000  9.592597e-01 
  503.000  9.535144e-01 
  504.000  9.477661e-01 
  505.000  9.521676e-01 
  506.000  9.497366e-01 
  507.000  9.486567e-01 
  508.000  9.524608e-01 
  509.000  9.544327e-01 
  510.000  9.561839e-01 
  511.000  9.560583e-01 
  512.000  9.563664e-01 
  513.000  9.572267e-01 
  514.000  9.572923e-01 
  515.000  9.576200e-01 
  516.000  9.568006e-01 
  517.000  9.558172e-01 
  518.000  9.550664e-01 
  519.000  9.535144e-01 
  520.000  9.528263e-01 
  521.000  9.513585e-01 
  522.000  9.503844e-01 
  523.000  9.488835e-01 
  524.000  9.468874e-01 
  525.000  9.443609e-01 
  526.000  9.421805e-01 
  527.000  9.394886e-01 
  528.000  9.371594e-01 
  529.000  9.344316e-01 
  530.000  9.329469e-01 
  531.000  9.316174e-01 
  532.000  9.305671e-01 
  533.000  9.300120e-01 
  534.000  9.292015e-01 
  535.000  9.289885e-01 
  536.000  9.286093e-01 
  537.000  9.280053e-01 
  538.000  9.275004e-01 
  539.000  9.261525e-01 
  540.000  9.257124e-01 
  541.000  9.205562e-01 
  542.000  9.208820e-01 
  543.000  9.223716e-01 
  544.000  9.218832e-01 
  545.000  9.181808e-01 
  546.000  9.156743e-01 
  547.000  9.179062e-01 
  548.000  9.194303e-01 
  549.000  9.192789e-01 
  550.000  9.178824e-01 
  551.000  9.190820e-01 
  552.000  9.180616e-01 
  553.000  9.169157e-01 
  554.000  9.162652e-01 
  555.000  9.154135e-01 
  556.000  9.134341e-01 
  557.000  9.109468e-01 
  558.000  9.087543e-01 
  559.000  9.057629e-01 
  560.000  9.032212e-01 
  561.000  9.010320e-01 
  562.000  8.992156e-01 
  563.000  8.969085e-01 
  564.000  8.944798e-01 
  565.000  8.924391e-01 
  566.000  8.905838e-01 
  567.000  8.879159e-01 
  568.000  8.853754e-01 
  569.000  8.728115e-01 
  570.000  8.693447e-01 
  571.000  8.726878e-01 
  572.000  8.658924e-01 
  573.000  8.681971e-01 
  574.000  8.642086e-01 
  575.000  8.654088e-01 
  576.000  8.638229e-01 
  577.000  8.634696e-01 
  578.000  8.682731e-01 
  579.000  8.703133e-01 
  580.000  8.725824e-01 
  581.000  8.758280e-01 
  582.000  8.784063e-01 
  583.000  8.812493e-01 
  584.000  8.844089e-01 
  585.000  8.847485e-01 
  586.000  8.863222e-01 
  587.000  8.860754e-01 
  588.000  8.807498e-01 
  589.000  8.460547e-01 
  590.000  8.414530e-01 
  591.000  8.557007e-01 
  592.000  8.283227e-01 
  593.000  8.698183e-01 
  594.000  8.477352e-01 
  595.000  8.581298e-01 
  596.000  8.646660e-01 
  597.000  8.667129e-01 
  598.000  8.654037e-01 
  599.000  8.733217e-01 
  600.000  8.735717e-01 
  601.000  8.777600e-01 
  602.000  8.796006e-01 
  603.000  8.800328e-01 
  604.000  8.812722e-01 
  605.000  8.813497e-01 
  606.000  8.831100e-01 
  607.000  8.845830e-01 
  608.000  8.863042e-01 
  609.000  8.870144e-01 
  610.000  8.884203e-01 
  611.000  8.895586e-01 
  612.000  8.911787e-01 
  613.000  8.926033e-01 
  614.000  8.936153e-01 
  615.000  8.947991e-01 
  616.000  8.965183e-01 
  617.000  8.977562e-01 
  618.000  8.985251e-01 
  619.000  8.997271e-01 
  620.000  9.006957e-01 
  621.000  9.012697e-01 
  622.000  9.015197e-01 
  623.000  9.019003e-01 
  624.000  9.019386e-01 
  625.000  9.021764e-01 
  626.000  9.015982e-01 
  627.000  9.000279e-01 
  628.000  8.616818e-01 
  629.000  8.808851e-01 
  630.000  8.907703e-01 
  631.000  9.009031e-01 
  632.000  9.017594e-01 
  633.000  9.052322e-01 
  634.000  9.085353e-01 
  635.000  9.103047e-01 
  636.000  9.129916e-01 
  637.000  9.170765e-01 
  638.000  9.215483e-01 
  639.000  9.235799e-01 
  640.000  9.253027e-01 
  641.000  9.269594e-01 
  642.000  9.297711e-01 
  643.000  9.288774e-01 
  644.000  9.314235e-01 
  645.000  9.315559e-01 
  646.000  9.201488e-01 
  647.000  9.073434e-01 
  648.000  8.920619e-01 
  649.000  9.030037e-01 
  650.000  9.302166e-01 
  651.000  9.343885e-01 
  652.000  9.270541e-01 
  653.000  9.361340e-01 
  654.000  9.345478e-01 
  655.000  9.069077e-01 
  656.000  9.264613e-01 
  657.000  9.320068e-01 
  658.000  9.417072e-01 
  659.000  9.475001e-01 
  660.000  9.466618e-01 
  661.000  9.497354e-01 
  662.000  9.499106e-01 
  663.000  9.490374e-01 
  664.000  9.511887e-01 
  665.000  9.523008e-01 
  666.000  9.532797e-01 
  667.000  9.548842e-01 
  668.000  9.555212e-01 
  669.000  9.564970e-01 
  670.000  9.573076e-01 
  671.000  9.584674e-01 
  672.000  9.586761e-01 
  673.000  9.596074e-01 
  674.000  9.599322e-01 
  675.000  9.609210e-01 
  676.000  9.611388e-01 
  677.000  9.617278e-01 
  678.000  9.625353e-01 
  679.000  9.629990e-01 
  680.000  9.637741e-01 
  681.000  9.638236e-01 
  682.000  9.654617e-01 
  683.000  9.644042e-01 
  684.000  9.652413e-01 
  685.000  9.673907e-01 
  686.000  9.674194e-01 
  687.000  6.168516e-01 
  688.000  7.913112e-01 
  689.000  8.414574e-01 
  690.000  8.787076e-01 
  691.000  9.021077e-01 
  692.000  9.420563e-01 
  693.000  9.069734e-01 
  694.000  8.503178e-01 
  695.000  9.065982e-01 
  696.000  8.908011e-01 
  697.000  9.623757e-01 
  698.000  9.615436e-01 
  699.000  9.238625e-01 
  700.000  9.308122e-01 
  701.000  8.977632e-01 
  702.000  9.126707e-01 
  703.000  9.269629e-01 
  704.000  9.340308e-01 
  705.000  9.362239e-01 
  706.000  9.463266e-01 
  707.000  9.553999e-01 
  708.000  9.649360e-01 
  709.000  9.648234e-01 
  710.000  9.598333e-01 
  711.000  9.688411e-01 
  712.000  9.645488e-01 
  713.000  9.717085e-01 
  714.000  9.639023e-01 
  715.000  9.453272e-01 
  716.000  9.495323e-01 
  717.000  8.857837e-01 
  718.000  7.572225e-01 
  719.000  7.000609e-01 
  720.000  7.358662e-01 
  721.000  9.148198e-01 
  722.000  9.095833e-01 
  723.000  8.972426e-01 
  724.000  7.514341e-01 
  725.000  7.557098e-01 
  726.000  8.455155e-01 
  727.000  8.001013e-01 
  728.000  7.384298e-01 
  729.000  7.601017e-01 
  730.000  8.541555e-01 
  731.000  8.130413e-01 
  732.000  8.394389e-01 
  733.000  9.172404e-01 
  734.000  9.533684e-01 
  735.000  9.240891e-01 
  736.000  9.441701e-01 
  737.000  9.433078e-01 
  738.000  9.571171e-01 
  739.000  9.606985e-01 
  740.000  9.776968e-01 
  741.000  9.854584e-01 
  742.000  9.851785e-01 
  743.000  9.849938e-01 
  744.000  9.870058e-01 
  745.000  9.878489e-01 
  746.000  9.891968e-01 
  747.000  9.892101e-01 
  748.000  9.895402e-01 
  749.000  9.893746e-01 
  750.000  9.897094e-01 
  751.000  9.895699e-01 
  752.000  9.907337e-01 
  753.000  9.909605e-01 
  754.000  9.909818e-01 
  755.000  9.909726e-01 
  756.000  9.909117e-01 
  757.000  9.917979e-01 
  758.000  9.921052e-01 
  759.000  9.800350e-01 
  760.000  2.919623e-01 
  761.000  1.541362e-01 
  762.000  5.734925e-01 
  763.000  4.511521e-01 
  764.000  5.412633e-01 
  765.000  7.012239e-01 
  766.000  8.491217e-01 
  767.000  9.063114e-01 
  768.000  9.693226e-01 
  769.000  9.854090e-01 
  770.000  9.855209e-01 
  771.000  9.913487e-01 
  772.000  9.927808e-01 
  773.000  9.927366e-01 
  774.000  9.925464e-01 
  775.000  9.926512e-01 
  776.000  9.926786e-01 
  777.000  9.926801e-01 
  778.000  9.926706e-01 
  779.000  9.926409e-01 
  780.000  9.926172e-01 
  781.000  9.928458e-01 
  782.000  9.926988e-01 
  783.000  9.930699e-01 
  784.000  9.919269e-01 
  785.000  9.904280e-01 
  786.000  9.835433e-01 
  787.000  9.839400e-01 
  788.000  9.724244e-01 
  789.000  9.702126e-01 
  790.000  9.489257e-01 
  791.000  9.510939e-01 
  792.000  9.582226e-01 
  793.000  9.651775e-01 
  794.000  9.919536e-01 
  795.000  9.803826e-01 
  796.000  9.239412e-01 
  797.000  9.671226e-01 
  798.000  9.687021e-01 
  799.000  9.764333e-01 
  800.000  9.516946e-01 
  801.000  9.411601e-01 
  802.000  9.577478e-01 
  803.000  9.519094e-01 
  804.000  9.510128e-01 
  805.000  9.641547e-01 
  806.000  9.851204e-01 
  807.000  9.713730e-01 
  808.000  9.849013e-01 
  809.000  9.627710e-01 
  810.000  9.524604e-01 
  811.000  9.592378e-01 
  812.000  9.349429e-01 
  813.000  8.966905e-01 
  814.000  8.305559e-01 
  815.000  7.849905e-01 
  816.000  8.197530e-01 
  817.000  6.661804e-01 
  818.000  7.812157e-01 
  819.000  8.064628e-01 
  820.000  7.674837e-01 
  821.000  9.419529e-01 
  822.000  9.033310e-01 
  823.000  6.202635e-01 
  824.000  8.578180e-01 
  825.000  9.234200e-01 
  826.000  8.595182e-01 
  827.000  9.191769e-01 
  828.000  7.810530e-01 
  829.000  8.878573e-01 
  830.000  8.662078e-01 
  831.000  8.714806e-01 
  832.000  8.740528e-01 
  833.000  9.127054e-01 
  834.000  9.233251e-01 
  835.000  9.432589e-01 
  836.000  9.520557e-01 
  837.000  9.434696e-01 
  838.000  9.671363e-01 
  839.000  9.738828e-01 
  840.000  9.772729e-01 
  841.000  9.772729e-01 
  842.000  9.590911e-01 
  843.000  9.911623e-01 
  844.000  9.703382e-01 
  845.000  9.862902e-01 
  846.000  9.908747e-01 
  847.000  9.945602e-01 
  848.000  9.894620e-01 
  849.000  9.913403e-01 
  850.000  9.898456e-01 
  851.000  9.867595e-01 
  852.000  9.947127e-01 
  853.000  9.952994e-01 
  854.000  9.943885e-01 
  855.000  9.943885e-01 
  856.000  9.949687e-01 
  857.000  9.988863e-01 
  858.000  9.948424e-01 
  859.000  9.971586e-01 
  860.000  9.996952e-01 
  861.000  9.984900e-01 
  862.000  9.995257e-01 
  863.000  9.996704e-01 
  864.000  9.998464e-01 
  865.000  9.998464e-01 
  866.000  9.999058e-01 
  867.000  9.999757e-01 
  868.000  9.999084e-01 
  869.000  9.997225e-01 
  870.000  9.995864e-01 
  871.000  9.998485e-01 
  872.000  9.998755e-01 
  873.000  9.994688e-01 
  874.000  9.994688e-01 
  875.000  9.999429e-01 
  876.000  9.999497e-01 
  877.000  9.995462e-01 
  878.000  9.993248e-01 
  879.000  9.992045e-01 
  880.000  9.996350e-01 
  881.000  9.996350e-01 
  882.000  9.974684e-01 
  883.000  9.977623e-01 
  884.000  9.980274e-01 
  885.000  9.983961e-01 
  886.000  9.854153e-01 
  887.000  9.970623e-01 
  888.000  9.970623e-01 
  889.000  9.942455e-01 
  890.000  9.870335e-01 
  891.000  9.971273e-01 
  892.000  9.852028e-01 
  893.000  9.604848e-01 
  894.000  9.604848e-01 
  895.000  9.158823e-01 
  896.000  8.593442e-01 
  897.000  7.301683e-01 
  898.000  8.367260e-01 
  899.000  6.385441e-01 
  900.000  6.385441e-01 
  901.000  6.838620e-01 
  902.000  7.300419e-01 
  903.000  7.806582e-01 
  904.000  9.097807e-01 
  905.000  8.910866e-01 
  906.000  8.910866e-01 
  907.000  7.237253e-01 
  908.000  7.120355e-01 
  909.000  7.148117e-01 
  910.000  6.774082e-01 
  911.000  6.774082e-01 
  912.000  8.005331e-01 
  913.000  7.305778e-01 
  914.000  7.040979e-01 
  915.000  6.525819e-01 
  916.000  6.525819e-01 
  917.000  7.873032e-01 
  918.000  6.706735e-01 
  919.000  8.037008e-01 
  920.000  9.023583e-01 
  921.000  9.023583e-01 
  922.000  8.600795e-01 
  923.000  8.499549e-01 
  924.000  8.054432e-01 
  925.000  8.054432e-01 
  926.000  8.238492e-01 
  927.000  8.546223e-01 
  928.000  6.724304e-01 
  929.000  6.378496e-01 
  930.000  6.378496e-01 
  931.000  5.034158e-01 
  932.000  3.134773e-01 
  933.000  2.642689e-01 
  934.000  2.642689e-01 
  935.000  2.698466e-01 
  936.000  2.358239e-01 
  937.000  1.778854e-01 
  938.000  1.778854e-01 
  939.000  3.410464e-01 
  940.000  4.790834e-01 
  941.000  4.317698e-01 
  942.000  4.317698e-01 
  943.000  3.171383e-01 
  944.000  3.319094e-01 
  945.000  4.221689e-01 
  946.000  4.221689e-01 
  947.000  3.271340e-01 
  948.000  3.905598e-01 
  949.000  4.478086e-01 
  950.000  4.478086e-01 
  951.000  4.987103e-01 
  952.000  3.204931e-01 
  953.000  5.164853e-01 
  954.000  5.164853e-01 
  955.000  5.202772e-01 
  956.000  3.881677e-01 
  957.000  5.944562e-01 
  958.000  5.944562e-01 
  959.000  4.504659e-01 
  960.000  5.214177e-01 
  961.000  5.214177e-01 
  962.000  6.126080e-01 
  963.000  6.650531e-01 
  964.000  5.547537e-01 
  965.000  5.547537e-01 
  966.000  6.300794e-01 
  967.000  7.629709e-01 
  968.000  7.629709e-01 
  969.000  7.995354e-01 
  970.000  8.454850e-01 
  971.000  8.765991e-01 
  972.000  8.765991e-01 
  973.000  8.348604e-01 
  974.000  7.176533e-01 
  975.000  7.176533e-01 
  976.000  7.124112e-01 
  977.000  8.319993e-01 
  978.000  8.111994e-01 
  979.000  8.111994e-01 
  980.000  8.135438e-01 
  981.000  9.282001e-01 
  982.000  9.282001e-01 
  983.000  8.990757e-01 
  984.000  9.230203e-01 
  985.000  9.230203e-01 
  986.000  9.806405e-01 
  987.000  9.575129e-01 
  988.000  9.575129e-01 
  989.000  9.906815e-01 
  990.000  9.757711e-01 
  991.000  9.757711e-01 
  992.000  9.854435e-01 
  993.000  9.841033e-01 
  994.000  9.841033e-01 
  995.000  9.970164e-01 
  996.000  9.972618e-01 
  997.000  9.972618e-01 
  998.000  9.968974e-01 
  999.000  9.955074e-01 
 1000.000  9.955074e-01 
 1001.000  9.964491e-01 
 1002.000  9.772131e-01 
 1003.000  9.772131e-01 
 1004.000  9.959175e-01 
 1005.000  9.973099e-01 
 1006.000  9.973099e-01 
 1007.000  9.979410e-01 
 1008.000  9.929855e-01 
 1009.000  9.929855e-01 
 1010.000  9.774656e-01 
 1011.000  9.969522e-01 
 1012.000  9.969522e-01 
 1013.000  9.979014e-01 
 1014.000  9.973453e-01 
 1015.000  9.973453e-01 
 1016.000  9.979706e-01 
 1017.000  9.971614e-01 
 1018.000  9.971614e-01 
 1019.000  9.950107e-01 
 1020.000  9.982080e-01 
 1021.000  9.982080e-01 
 1022.000  9.952788e-01 
 1023.000  9.952788e-01 
 1024.000  9.950603e-01 
 1025.000  9.980789e-01 
 1026.000  9.980789e-01 
 1027.000  9.965475e-01 
 1028.000  9.982849e-01 
 1029.000  9.982849e-01 
 1030.000  9.990698e-01 
 1031.000  9.987051e-01 
 1032.000  9.987051e-01 
 1033.000  9.989535e-01 
 1034.000  9.989535e-01 
 1035.000  9.992665e-01 
 1036.000  9.985968e-01 
 1037.000  9.985968e-01 
 1038.000  9.984607e-01 
 1039.000  9.976335e-01 
 1040.000  9.976335e-01 
 1041.000  9.971599e-01 
 1042.000  9.971599e-01 
 1043.000  9.964834e-01 
 1044.000  9.954814e-01 
 1045.000  9.954814e-01 
 1046.000  9.941083e-01 
 1047.000  9.941083e-01 
 1048.000  9.927419e-01 
 1049.000  9.900185e-01 
 1050.000  9.900185e-01 
 1051.000  9.887998e-01 
 1052.000  9.887998e-01 
 1053.000  9.869474e-01 
 1054.000  9.853570e-01 
 1055.000  9.853570e-01 
 1056.000  9.835685e-01 
 1057.000  9.835685e-01 
 1058.000  9.818733e-01 
 1059.000  9.802306e-01 
 1060.000  9.802306e-01 
 1061.000  9.791739e-01 
 1062.000  9.791739e-01 
 1063.000  9.772460e-01 
 1064.000  9.749824e-01 
 1065.000  9.749824e-01 
 1066.000  9.778409e-01 
 1067.000  9.778409e-01 
 1068.000  9.761692e-01 
 1069.000  9.766340e-01 
 1070.000  9.766340e-01 
 1071.000  9.796551e-01 
 1072.000  9.796551e-01 
 1073.000  9.811496e-01 
 1074.000  9.811496e-01 
 1075.000  9.711946e-01 
 1076.000  9.679122e-01 
 1077.000  9.679122e-01 
 1078.000  9.789490e-01 
 1079.000  9.789490e-01 
 1080.000  9.674659e-01 
 1081.000  9.674659e-01 
 1082.000  9.711483e-01 
 1083.000  9.615772e-01 
 1084.000  9.615772e-01 
 1085.000  9.405518e-01 
 1086.000  9.405518e-01 
 1087.000  9.727059e-01 
 1088.000  9.727059e-01 
 1089.000  9.551278e-01 
 1090.000  9.475582e-01 
 1091.000  9.475582e-01 
 1092.000  9.214553e-01 
 1093.000  9.214553e-01 
 1094.000  9.252639e-01 
 1095.000  9.252639e-01 
 1096.000  9.092050e-01 
 1097.000  9.092050e-01 
 1098.000  8.849990e-01 
 1099.000  8.091940e-01 
 1100.000  8.091940e-01 
 1101.000  8.151479e-01 
 1102.000  8.151479e-01 
 1103.000  7.819830e-01 
 1104.000  7.819830e-01 
 1105.000  7.601743e-01 
 1106.000  7.601743e-01 
 1107.000  7.668539e-01 
 1108.000  7.668539e-01 
 1109.000  7.121750e-01 
 1110.000  7.033011e-01 
 1111.000  7.033011e-01 
 1112.000  6.346150e-01 
 1113.000  6.346150e-01 
 1114.000  5.361124e-01 
 1115.000  5.361124e-01 
 1116.000  2.809599e-01 
 1117.000  2.809599e-01 
 1118.000  3.707852e-01 
 1119.000  3.707852e-01 
 1120.000  2.737737e-01 
 1121.000  2.737737e-01 
 1122.000  1.369511e-01 
 1123.000  3.145330e-01 
 1124.000  3.145330e-01 
 1125.000  1.410185e-01 
 1126.000  1.410185e-01 
 1127.000  1.810570e-01 
 1128.000  1.810570e-01 
 1129.000  1.650324e-01 
 1130.000  1.650324e-01 
 1131.000  4.645603e-01 
 1132.000  4.645603e-01 
 1133.000  1.898845e-01 
 1134.000  1.898845e-01 
 1135.000  1.004890e-01 
 1136.000  1.004890e-01 
 1137.000  4.528976e-01 
 1138.000  4.528976e-01 
 1139.000  4.285023e-01 
 1140.000  4.285023e-01 
 1141.000  3.966532e-01 
 1142.000  3.966532e-01 
 1143.000  4.565838e-01 
 1144.000  4.565838e-01 
 1145.000  2.101911e-01 
 1146.000  2.101911e-01 
 1147.000  2.235059e-01 
 1148.000  2.235059e-01 
 1149.000  3.668422e-01 
 1150.000  3.668422e-01 
 1151.000  4.364229e-01 
 1152.000  4.364229e-01 
 1153.000  4.011917e-01 
 1154.000  4.011917e-01 
 1155.000  4.725941e-01 
 1156.000  4.725941e-01 
 1157.000  5.955274e-01 
 1158.000  5.955274e-01 
 1159.000  6.807110e-01 
 1160.000  6.807110e-01 
 1161.000  6.612268e-01 
 1162.000  6.612268e-01 
 1163.000  7.928687e-01 
 1164.000  7.928687e-01 
 1165.000  7.388277e-01 
 1166.000  7.388277e-01 
 1167.000  8.183099e-01 
 1168.000  8.183099e-01 
 1169.000  8.228843e-01 
 1170.000  8.228843e-01 
 1171.000  8.520174e-01 
 1172.000  8.520174e-01 
 1173.000  7.177100e-01 
 1174.000  7.177100e-01 
 1175.000  9.125466e-01 
 1176.000  9.125466e-01 
 1177.000  7.890957e-01 
 1178.000  7.890957e-01 
 1179.000  8.841312e-01 
 1180.000  8.841312e-01 
 1181.000  7.253473e-01 
 1182.000  7.253473e-01 
 1183.000  8.319541e-01 
 1184.000  8.319541e-01 
 1185.000  8.571107e-01 
 1186.000  8.571107e-01 
 1187.000  7.518638e-01 
 1188.000  7.518638e-01 
 1189.000  7.518638e-01 
 1190.000  8.377298e-01 
 1191.000  8.377298e-01 
 1192.000  9.212347e-01 
 1193.000  9.212347e-01 
 1194.000  8.625714e-01 
 1195.000  8.625714e-01 
 1196.000  8.677114e-01 
 1197.000  8.677114e-01 
 1198.000  8.165727e-01 
 1199.000  8.165727e-01 
 1200.000  8.226659e-01 
