  250.000  0.000000e+00 
  251.000  0.000000e+00 
  252.000  0.000000e+00 
  253.000  0.000000e+00 
  254.000  0.000000e+00 
  255.000  0.000000e+00 
  256.000  0.000000e+00 
  257.000  0.000000e+00 
  258.000  0.000000e+00 
  259.000  0.000000e+00 
  260.000  0.000000e+00 
  261.000  0.000000e+00 
  262.000  0.000000e+00 
  263.000  0.000000e+00 
  264.000  0.000000e+00 
  265.000  0.000000e+00 
  266.000  0.000000e+00 
  267.000  0.000000e+00 
  268.000  0.000000e+00 
  269.000  0.000000e+00 
  270.000  0.000000e+00 
  271.000  0.000000e+00 
  272.000  0.000000e+00 
  273.000  0.000000e+00 
  274.000  0.000000e+00 
  275.000  0.000000e+00 
  276.000  0.000000e+00 
  277.000  0.000000e+00 
  278.000  0.000000e+00 
  279.000  0.000000e+00 
  280.000  0.000000e+00 
  281.000  0.000000e+00 
  282.000  0.000000e+00 
  283.000  0.000000e+00 
  284.000  0.000000e+00 
  285.000  0.000000e+00 
  286.000  0.000000e+00 
  287.000  0.000000e+00 
  288.000  0.000000e+00 
  289.000  0.000000e+00 
  290.000  0.000000e+00 
  291.000  0.000000e+00 
  292.000  0.000000e+00 
  293.000  8.395833e-11 
  294.000  1.908489e-09 
  295.000  1.323621e-08 
  296.000  2.253166e-07 
  297.000  1.153500e-06 
  298.000  8.153705e-06 
  299.000  3.060593e-05 
  300.000  1.246432e-04 
  301.000  3.835735e-04 
  302.000  9.874088e-04 
  303.000  3.159224e-03 
  304.000  4.548340e-03 
  305.000  1.168771e-02 
  306.000  1.896842e-02 
  307.000  3.570554e-02 
  308.000  5.182162e-02 
  309.000  7.463259e-02 
  310.000  1.197563e-01 
  311.000  1.413762e-01 
  312.000  1.844140e-01 
  313.000  2.447646e-01 
  314.000  2.648517e-01 
  315.000  3.512517e-01 
  316.000  3.677489e-01 
  317.000  4.418232e-01 
  318.000  4.746616e-01 
  319.000  6.111906e-01 
  320.000  4.976074e-01 
  321.000  7.083575e-01 
  322.000  5.938292e-01 
  323.000  6.873718e-01 
  324.000  8.221420e-01 
  325.000  6.928208e-01 
  326.000  8.336026e-01 
  327.000  8.616405e-01 
  328.000  7.599702e-01 
  329.000  9.204310e-01 
  330.000  9.308647e-01 
  331.000  8.347493e-01 
  332.000  9.397005e-01 
  333.000  9.452858e-01 
  334.000  9.091285e-01 
  335.000  9.652108e-01 
  336.000  9.764001e-01 
  337.000  9.360927e-01 
  338.000  9.662662e-01 
  339.000  9.817197e-01 
  340.000  9.596673e-01 
  341.000  9.804164e-01 
  342.000  9.874220e-01 
  343.000  9.852933e-01 
  344.000  9.637845e-01 
  345.000  9.859965e-01 
  346.000  9.897688e-01 
  347.000  9.871519e-01 
  348.000  9.897783e-01 
  349.000  9.926009e-01 
  350.000  9.939167e-01 
  351.000  9.944296e-01 
  352.000  9.947934e-01 
  353.000  9.951668e-01 
  354.000  9.938999e-01 
  355.000  9.935426e-01 
  356.000  9.937911e-01 
  357.000  9.915926e-01 
  358.000  9.903957e-01 
  359.000  9.890658e-01 
  360.000  9.875745e-01 
  361.000  9.865928e-01 
  362.000  9.886354e-01 
  363.000  9.905823e-01 
  364.000  9.924313e-01 
  365.000  9.923220e-01 
  366.000  9.932746e-01 
  367.000  9.935716e-01 
  368.000  9.934086e-01 
  369.000  9.936803e-01 
  370.000  9.935478e-01 
  371.000  9.939577e-01 
  372.000  9.926715e-01 
  373.000  9.932557e-01 
  374.000  9.933835e-01 
  375.000  9.935911e-01 
  376.000  9.922662e-01 
  377.000  9.920553e-01 
  378.000  9.916671e-01 
  379.000  9.900700e-01 
  380.000  9.882498e-01 
  381.000  9.888976e-01 
  382.000  9.903976e-01 
  383.000  9.920996e-01 
  384.000  9.922444e-01 
  385.000  9.926462e-01 
  386.000  9.929666e-01 
  387.000  9.928746e-01 
  388.000  9.927068e-01 
  389.000  9.926677e-01 
  390.000  9.926478e-01 
  391.000  9.928194e-01 
  392.000  9.919409e-01 
  393.000  9.932124e-01 
  394.000  9.932229e-01 
  395.000  9.930568e-01 
  396.000  9.926363e-01 
  397.000  9.932870e-01 
  398.000  9.920397e-01 
  399.000  9.929692e-01 
  400.000  9.918373e-01 
  401.000  9.920915e-01 
  402.000  9.930190e-01 
  403.000  9.935617e-01 
  404.000  9.925177e-01 
  405.000  9.921873e-01 
  406.000  9.931134e-01 
  407.000  9.938427e-01 
  408.000  9.924947e-01 
  409.000  9.917409e-01 
  410.000  9.920948e-01 
  411.000  9.919115e-01 
  412.000  9.928843e-01 
  413.000  9.915708e-01 
  414.000  9.921036e-01 
  415.000  9.922119e-01 
  416.000  9.933320e-01 
  417.000  9.931714e-01 
  418.000  9.925082e-01 
  419.000  9.926409e-01 
  420.000  9.919670e-01 
  421.000  9.917531e-01 
  422.000  9.914584e-01 
  423.000  9.918505e-01 
  424.000  9.910575e-01 
  425.000  9.919026e-01 
  426.000  9.929149e-01 
  427.000  9.919754e-01 
  428.000  9.910917e-01 
  429.000  9.925277e-01 
  430.000  9.925085e-01 
  431.000  9.909194e-01 
  432.000  9.923477e-01 
  433.000  9.920137e-01 
  434.000  9.911317e-01 
  435.000  9.893479e-01 
  436.000  9.908364e-01 
  437.000  9.924421e-01 
  438.000  9.927303e-01 
  439.000  9.889791e-01 
  440.000  9.901729e-01 
  441.000  9.917122e-01 
  442.000  9.922347e-01 
  443.000  9.913005e-01 
  444.000  9.898250e-01 
  445.000  9.883743e-01 
  446.000  9.896702e-01 
  447.000  9.901180e-01 
  448.000  9.865228e-01 
  449.000  9.894499e-01 
  450.000  9.904470e-01 
  451.000  9.902644e-01 
  452.000  9.900513e-01 
  453.000  9.900045e-01 
  454.000  9.905488e-01 
  455.000  9.895661e-01 
  456.000  9.891419e-01 
  457.000  9.892833e-01 
  458.000  9.868008e-01 
  459.000  9.873833e-01 
  460.000  9.859336e-01 
  461.000  9.859899e-01 
  462.000  9.867913e-01 
  463.000  9.846538e-01 
  464.000  9.856969e-01 
  465.000  9.862272e-01 
  466.000  9.870241e-01 
  467.000  9.855878e-01 
  468.000  9.858686e-01 
  469.000  9.862399e-01 
  470.000  9.858528e-01 
  471.000  9.852425e-01 
  472.000  9.835868e-01 
  473.000  9.815558e-01 
  474.000  9.775212e-01 
  475.000  9.749608e-01 
  476.000  9.724942e-01 
  477.000  9.710830e-01 
  478.000  9.705424e-01 
  479.000  9.707811e-01 
  480.000  9.711933e-01 
  481.000  9.738218e-01 
  482.000  9.756410e-01 
  483.000  9.768625e-01 
  484.000  9.765682e-01 
  485.000  9.760078e-01 
  486.000  9.760643e-01 
  487.000  9.765186e-01 
  488.000  9.757829e-01 
  489.000  9.747956e-01 
  490.000  9.759367e-01 
  491.000  9.764715e-01 
  492.000  9.759241e-01 
  493.000  9.753308e-01 
  494.000  9.743153e-01 
  495.000  9.739724e-01 
  496.000  9.725755e-01 
  497.000  9.716498e-01 
  498.000  9.708780e-01 
  499.000  9.695790e-01 
  500.000  9.681600e-01 
  501.000  9.664705e-01 
  502.000  9.635877e-01 
  503.000  9.612494e-01 
  504.000  9.605535e-01 
  505.000  9.569662e-01 
  506.000  9.581625e-01 
  507.000  9.586382e-01 
  508.000  9.587159e-01 
  509.000  9.583452e-01 
  510.000  9.584379e-01 
  511.000  9.586225e-01 
  512.000  9.586516e-01 
  513.000  9.589326e-01 
  514.000  9.590407e-01 
  515.000  9.592169e-01 
  516.000  9.584299e-01 
  517.000  9.574801e-01 
  518.000  9.567569e-01 
  519.000  9.552619e-01 
  520.000  9.545991e-01 
  521.000  9.531852e-01 
  522.000  9.522470e-01 
  523.000  9.508022e-01 
  524.000  9.491559e-01 
  525.000  9.472399e-01 
  526.000  9.443641e-01 
  527.000  9.422331e-01 
  528.000  9.396052e-01 
  529.000  9.373573e-01 
  530.000  9.355940e-01 
  531.000  9.341826e-01 
  532.000  9.332000e-01 
  533.000  9.326157e-01 
  534.000  9.318954e-01 
  535.000  9.316283e-01 
  536.000  9.312739e-01 
  537.000  9.307110e-01 
  538.000  9.302036e-01 
  539.000  9.295436e-01 
  540.000  9.293478e-01 
  541.000  9.287406e-01 
  542.000  9.273997e-01 
  543.000  9.264805e-01 
  544.000  9.258363e-01 
  545.000  9.247455e-01 
  546.000  9.246042e-01 
  547.000  9.242964e-01 
  548.000  9.233935e-01 
  549.000  9.230831e-01 
  550.000  9.227517e-01 
  551.000  9.222033e-01 
  552.000  9.213331e-01 
  553.000  9.199891e-01 
  554.000  9.193531e-01 
  555.000  9.185309e-01 
  556.000  9.166209e-01 
  557.000  9.142208e-01 
  558.000  9.121052e-01 
  559.000  9.092271e-01 
  560.000  9.068163e-01 
  561.000  9.047379e-01 
  562.000  9.029240e-01 
  563.000  9.007024e-01 
  564.000  8.983456e-01 
  565.000  8.963686e-01 
  566.000  8.945752e-01 
  567.000  8.926870e-01 
  568.000  8.904206e-01 
  569.000  8.864518e-01 
  570.000  8.824265e-01 
  571.000  8.801581e-01 
  572.000  8.786538e-01 
  573.000  8.761252e-01 
  574.000  8.743017e-01 
  575.000  8.722412e-01 
  576.000  8.722365e-01 
  577.000  8.726545e-01 
  578.000  8.739800e-01 
  579.000  8.758004e-01 
  580.000  8.774577e-01 
  581.000  8.805633e-01 
  582.000  8.836973e-01 
  583.000  8.862551e-01 
  584.000  8.901670e-01 
  585.000  8.916524e-01 
  586.000  8.929151e-01 
  587.000  8.932715e-01 
  588.000  8.941536e-01 
  589.000  8.943840e-01 
  590.000  8.943548e-01 
  591.000  8.937566e-01 
  592.000  8.929297e-01 
  593.000  8.922189e-01 
  594.000  8.916882e-01 
  595.000  8.906108e-01 
  596.000  8.893235e-01 
  597.000  8.888507e-01 
  598.000  8.874694e-01 
  599.000  8.862101e-01 
  600.000  8.848730e-01 
  601.000  8.848374e-01 
  602.000  8.852855e-01 
  603.000  8.856037e-01 
  604.000  8.858033e-01 
  605.000  8.860447e-01 
  606.000  8.875619e-01 
  607.000  8.887689e-01 
  608.000  8.904296e-01 
  609.000  8.911150e-01 
  610.000  8.924907e-01 
  611.000  8.935750e-01 
  612.000  8.951367e-01 
  613.000  8.965124e-01 
  614.000  8.974898e-01 
  615.000  8.986330e-01 
  616.000  9.002945e-01 
  617.000  9.014889e-01 
  618.000  9.022313e-01 
  619.000  9.033917e-01 
  620.000  9.043270e-01 
  621.000  9.048816e-01 
  622.000  9.051258e-01 
  623.000  9.054964e-01 
  624.000  9.056286e-01 
  625.000  9.057750e-01 
  626.000  9.054008e-01 
  627.000  9.053033e-01 
  628.000  8.784100e-01 
  629.000  8.901276e-01 
  630.000  8.950394e-01 
  631.000  9.047582e-01 
  632.000  9.090468e-01 
  633.000  9.111102e-01 
  634.000  9.143817e-01 
  635.000  9.151357e-01 
  636.000  9.190008e-01 
  637.000  9.232167e-01 
  638.000  9.253343e-01 
  639.000  9.281870e-01 
  640.000  9.296936e-01 
  641.000  9.324231e-01 
  642.000  9.333739e-01 
  643.000  9.343147e-01 
  644.000  9.352305e-01 
  645.000  9.364057e-01 
  646.000  9.372591e-01 
  647.000  9.383003e-01 
  648.000  9.388711e-01 
  649.000  9.404559e-01 
  650.000  9.417800e-01 
  651.000  9.422594e-01 
  652.000  9.434253e-01 
  653.000  9.441248e-01 
  654.000  9.459439e-01 
  655.000  9.464103e-01 
  656.000  9.473351e-01 
  657.000  9.480755e-01 
  658.000  9.492581e-01 
  659.000  9.503665e-01 
  660.000  9.508333e-01 
  661.000  9.520394e-01 
  662.000  9.523749e-01 
  663.000  9.535914e-01 
  664.000  9.541177e-01 
  665.000  9.548340e-01 
  666.000  9.556452e-01 
  667.000  9.567690e-01 
  668.000  9.573910e-01 
  669.000  9.583837e-01 
  670.000  9.589188e-01 
  671.000  9.600344e-01 
  672.000  9.602347e-01 
  673.000  9.611316e-01 
  674.000  9.614468e-01 
  675.000  9.623977e-01 
  676.000  9.626629e-01 
  677.000  9.631764e-01 
  678.000  9.639532e-01 
  679.000  9.644288e-01 
  680.000  9.652834e-01 
  681.000  9.657591e-01 
  682.000  9.670386e-01 
  683.000  9.675660e-01 
  684.000  9.687897e-01 
  685.000  9.690941e-01 
  686.000  9.699208e-01 
  687.000  6.250410e-01 
  688.000  7.978694e-01 
  689.000  8.467034e-01 
  690.000  8.844574e-01 
  691.000  9.110556e-01 
  692.000  9.561038e-01 
  693.000  9.611399e-01 
  694.000  9.744803e-01 
  695.000  9.749102e-01 
  696.000  9.753222e-01 
  697.000  9.759766e-01 
  698.000  9.763373e-01 
  699.000  9.764465e-01 
  700.000  9.773281e-01 
  701.000  9.776266e-01 
  702.000  9.779436e-01 
  703.000  9.785228e-01 
  704.000  9.788099e-01 
  705.000  9.792506e-01 
  706.000  9.796282e-01 
  707.000  9.798838e-01 
  708.000  9.802799e-01 
  709.000  9.806377e-01 
  710.000  9.808475e-01 
  711.000  9.814692e-01 
  712.000  9.817382e-01 
  713.000  9.821502e-01 
  714.000  9.822497e-01 
  715.000  9.828620e-01 
  716.000  9.832167e-01 
  717.000  9.833770e-01 
  718.000  9.838442e-01 
  719.000  9.840569e-01 
  720.000  9.842333e-01 
  721.000  9.848138e-01 
  722.000  9.850863e-01 
  723.000  9.852880e-01 
  724.000  9.854141e-01 
  725.000  9.858958e-01 
  726.000  9.861814e-01 
  727.000  9.862061e-01 
  728.000  9.865251e-01 
  729.000  9.868270e-01 
  730.000  9.870282e-01 
  731.000  9.871983e-01 
  732.000  9.873503e-01 
  733.000  9.877024e-01 
  734.000  9.880086e-01 
  735.000  9.881878e-01 
  736.000  9.882860e-01 
  737.000  9.884911e-01 
  738.000  9.886226e-01 
  739.000  9.887373e-01 
  740.000  9.888204e-01 
  741.000  9.889259e-01 
  742.000  9.892427e-01 
  743.000  9.893527e-01 
  744.000  9.894633e-01 
  745.000  9.895700e-01 
  746.000  9.898568e-01 
  747.000  9.901348e-01 
  748.000  9.902554e-01 
  749.000  9.904018e-01 
  750.000  9.906121e-01 
  751.000  9.907804e-01 
  752.000  9.912776e-01 
  753.000  9.914277e-01 
  754.000  9.916452e-01 
  755.000  9.918796e-01 
  756.000  9.920071e-01 
  757.000  9.921280e-01 
  758.000  9.924420e-01 
  759.000  9.807724e-01 
  760.000  3.003376e-01 
  761.000  1.628804e-01 
  762.000  5.807781e-01 
  763.000  4.600424e-01 
  764.000  5.492273e-01 
  765.000  7.071655e-01 
  766.000  8.532927e-01 
  767.000  9.094223e-01 
  768.000  9.704101e-01 
  769.000  9.859676e-01 
  770.000  9.860672e-01 
  771.000  9.916816e-01 
  772.000  9.930602e-01 
  773.000  9.930179e-01 
  774.000  9.929956e-01 
  775.000  9.929794e-01 
  776.000  9.929651e-01 
  777.000  9.929661e-01 
  778.000  9.929580e-01 
  779.000  9.929327e-01 
  780.000  9.929125e-01 
  781.000  9.931340e-01 
  782.000  9.933451e-01 
  783.000  9.934607e-01 
  784.000  9.935828e-01 
  785.000  9.937258e-01 
  786.000  9.938430e-01 
  787.000  9.940743e-01 
  788.000  9.941246e-01 
  789.000  9.943596e-01 
  790.000  9.944442e-01 
  791.000  9.946924e-01 
  792.000  9.948645e-01 
  793.000  9.950067e-01 
  794.000  9.954241e-01 
  795.000  9.955301e-01 
  796.000  9.956291e-01 
  797.000  9.957045e-01 
  798.000  9.957892e-01 
  799.000  9.958339e-01 
  800.000  9.959155e-01 
  801.000  9.958776e-01 
  802.000  9.958280e-01 
  803.000  9.957819e-01 
  804.000  9.956912e-01 
  805.000  9.956381e-01 
  806.000  9.956034e-01 
  807.000  9.954840e-01 
  808.000  9.954004e-01 
  809.000  9.953778e-01 
  810.000  9.952796e-01 
  811.000  9.952801e-01 
  812.000  9.953200e-01 
  813.000  9.953433e-01 
  814.000  9.953642e-01 
  815.000  9.954005e-01 
  816.000  9.954293e-01 
  817.000  9.955180e-01 
  818.000  9.956040e-01 
  819.000  9.956906e-01 
  820.000  9.957733e-01 
  821.000  9.958730e-01 
  822.000  9.958941e-01 
  823.000  9.959887e-01 
  824.000  9.961447e-01 
  825.000  9.961573e-01 
  826.000  9.962820e-01 
  827.000  9.962950e-01 
  828.000  9.963417e-01 
  829.000  9.963953e-01 
  830.000  9.964598e-01 
  831.000  9.964715e-01 
  832.000  9.964859e-01 
  833.000  9.964952e-01 
  834.000  9.965093e-01 
  835.000  9.965124e-01 
  836.000  9.965121e-01 
  837.000  9.965121e-01 
  838.000  9.965124e-01 
  839.000  9.965121e-01 
  840.000  9.965121e-01 
  841.000  9.965121e-01 
  842.000  9.965008e-01 
  843.000  9.964871e-01 
  844.000  9.964693e-01 
  845.000  9.964623e-01 
  846.000  9.964374e-01 
  847.000  9.964374e-01 
  848.000  9.964126e-01 
  849.000  9.963979e-01 
  850.000  9.972418e-01 
  851.000  9.998980e-01 
  852.000  1.000000e+00 
  853.000  1.000000e+00 
  854.000  1.000000e+00 
  855.000  1.000000e+00 
  856.000  1.000000e+00 
  857.000  1.000000e+00 
  858.000  1.000000e+00 
  859.000  1.000000e+00 
  860.000  1.000000e+00 
  861.000  9.999999e-01 
  862.000  9.999964e-01 
  863.000  9.997075e-01 
  864.000  9.999995e-01 
  865.000  9.999995e-01 
  866.000  9.999235e-01 
  867.000  9.999900e-01 
  868.000  9.999263e-01 
  869.000  9.997517e-01 
  870.000  9.999908e-01 
  871.000  9.998825e-01 
  872.000  9.999967e-01 
  873.000  9.999964e-01 
  874.000  9.999964e-01 
  875.000  9.999998e-01 
  876.000  9.999999e-01 
  877.000  1.000000e+00 
  878.000  1.000000e+00 
  879.000  1.000000e+00 
  880.000  1.000000e+00 
  881.000  1.000000e+00 
  882.000  1.000000e+00 
  883.000  1.000000e+00 
  884.000  1.000000e+00 
  885.000  1.000000e+00 
  886.000  1.000000e+00 
  887.000  1.000000e+00 
  888.000  1.000000e+00 
  889.000  1.000000e+00 
  890.000  1.000000e+00 
  891.000  1.000000e+00 
  892.000  1.000000e+00 
  893.000  1.000000e+00 
  894.000  1.000000e+00 
  895.000  1.000000e+00 
  896.000  1.000000e+00 
  897.000  1.000000e+00 
  898.000  9.999999e-01 
  899.000  1.000000e+00 
  900.000  1.000000e+00 
  901.000  1.000000e+00 
  902.000  1.000000e+00 
  903.000  1.000000e+00 
  904.000  1.000000e+00 
  905.000  1.000000e+00 
  906.000  1.000000e+00 
  907.000  9.999999e-01 
  908.000  1.000000e+00 
  909.000  1.000000e+00 
  910.000  1.000000e+00 
  911.000  1.000000e+00 
  912.000  1.000000e+00 
  913.000  1.000000e+00 
  914.000  1.000000e+00 
  915.000  1.000000e+00 
  916.000  1.000000e+00 
  917.000  9.999999e-01 
  918.000  9.999999e-01 
  919.000  1.000000e+00 
  920.000  1.000000e+00 
  921.000  1.000000e+00 
  922.000  1.000000e+00 
  923.000  1.000000e+00 
  924.000  1.000000e+00 
  925.000  1.000000e+00 
  926.000  9.999999e-01 
  927.000  1.000000e+00 
  928.000  1.000000e+00 
  929.000  9.999999e-01 
  930.000  9.999999e-01 
  931.000  1.000000e+00 
  932.000  1.000000e+00 
  933.000  1.000000e+00 
  934.000  1.000000e+00 
  935.000  1.000000e+00 
  936.000  9.999999e-01 
  937.000  9.999996e-01 
  938.000  9.999996e-01 
  939.000  1.000000e+00 
  940.000  1.000000e+00 
  941.000  1.000000e+00 
  942.000  1.000000e+00 
  943.000  1.000000e+00 
  944.000  1.000000e+00 
  945.000  1.000000e+00 
  946.000  1.000000e+00 
  947.000  9.998601e-01 
  948.000  9.999725e-01 
  949.000  9.999623e-01 
  950.000  9.999623e-01 
  951.000  9.999268e-01 
  952.000  9.999993e-01 
  953.000  9.999999e-01 
  954.000  9.999999e-01 
  955.000  9.999994e-01 
  956.000  1.000000e+00 
  957.000  1.000000e+00 
  958.000  1.000000e+00 
  959.000  1.000000e+00 
  960.000  9.999999e-01 
  961.000  9.999999e-01 
  962.000  1.000000e+00 
  963.000  1.000000e+00 
  964.000  1.000000e+00 
  965.000  1.000000e+00 
  966.000  1.000000e+00 
  967.000  1.000000e+00 
  968.000  1.000000e+00 
  969.000  9.999997e-01 
  970.000  1.000000e+00 
  971.000  9.999996e-01 
  972.000  9.999996e-01 
  973.000  9.999997e-01 
  974.000  1.000000e+00 
  975.000  1.000000e+00 
  976.000  1.000000e+00 
  977.000  9.999999e-01 
  978.000  1.000000e+00 
  979.000  1.000000e+00 
  980.000  1.000000e+00 
  981.000  1.000000e+00 
  982.000  1.000000e+00 
  983.000  1.000000e+00 
  984.000  1.000000e+00 
  985.000  1.000000e+00 
  986.000  1.000000e+00 
  987.000  1.000000e+00 
  988.000  1.000000e+00 
  989.000  1.000000e+00 
  990.000  1.000000e+00 
  991.000  1.000000e+00 
  992.000  1.000000e+00 
  993.000  1.000000e+00 
  994.000  1.000000e+00 
  995.000  1.000000e+00 
  996.000  1.000000e+00 
  997.000  1.000000e+00 
  998.000  1.000000e+00 
  999.000  1.000000e+00 
 1000.000  1.000000e+00 
 1001.000  1.000000e+00 
 1002.000  1.000000e+00 
 1003.000  1.000000e+00 
 1004.000  1.000000e+00 
 1005.000  1.000000e+00 
 1006.000  1.000000e+00 
 1007.000  9.999999e-01 
 1008.000  9.999999e-01 
 1009.000  9.999999e-01 
 1010.000  9.999998e-01 
 1011.000  9.999996e-01 
 1012.000  9.999996e-01 
 1013.000  9.999992e-01 
 1014.000  9.999985e-01 
 1015.000  9.999985e-01 
 1016.000  9.999976e-01 
 1017.000  9.999948e-01 
 1018.000  9.999948e-01 
 1019.000  9.999912e-01 
 1020.000  9.999856e-01 
 1021.000  9.999856e-01 
 1022.000  9.999729e-01 
 1023.000  9.999729e-01 
 1024.000  9.999645e-01 
 1025.000  9.999334e-01 
 1026.000  9.999334e-01 
 1027.000  9.999000e-01 
 1028.000  9.998567e-01 
 1029.000  9.998567e-01 
 1030.000  9.997507e-01 
 1031.000  9.996857e-01 
 1032.000  9.996857e-01 
 1033.000  9.995028e-01 
 1034.000  9.995028e-01 
 1035.000  9.993145e-01 
 1036.000  9.986696e-01 
 1037.000  9.986696e-01 
 1038.000  9.985366e-01 
 1039.000  9.978210e-01 
 1040.000  9.978210e-01 
 1041.000  9.972914e-01 
 1042.000  9.972914e-01 
 1043.000  9.966364e-01 
 1044.000  9.956741e-01 
 1045.000  9.956741e-01 
 1046.000  9.943550e-01 
 1047.000  9.943550e-01 
 1048.000  9.930426e-01 
 1049.000  9.904250e-01 
 1050.000  9.904250e-01 
 1051.000  9.892559e-01 
 1052.000  9.892559e-01 
 1053.000  9.874769e-01 
 1054.000  9.859667e-01 
 1055.000  9.859667e-01 
 1056.000  9.842342e-01 
 1057.000  9.842342e-01 
 1058.000  9.826196e-01 
 1059.000  9.810337e-01 
 1060.000  9.810337e-01 
 1061.000  9.800282e-01 
 1062.000  9.800282e-01 
 1063.000  9.784273e-01 
 1064.000  9.777065e-01 
 1065.000  9.777065e-01 
 1066.000  9.787818e-01 
 1067.000  9.787818e-01 
 1068.000  9.780780e-01 
 1069.000  9.802912e-01 
 1070.000  9.802912e-01 
 1071.000  9.818181e-01 
 1072.000  9.818181e-01 
 1073.000  9.833631e-01 
 1074.000  9.833631e-01 
 1075.000  9.852359e-01 
 1076.000  9.870532e-01 
 1077.000  9.870532e-01 
 1078.000  9.891666e-01 
 1079.000  9.891666e-01 
 1080.000  9.906337e-01 
 1081.000  9.906337e-01 
 1082.000  9.927084e-01 
 1083.000  9.941599e-01 
 1084.000  9.941599e-01 
 1085.000  9.948531e-01 
 1086.000  9.948531e-01 
 1087.000  9.963579e-01 
 1088.000  9.963579e-01 
 1089.000  9.976110e-01 
 1090.000  9.981644e-01 
 1091.000  9.981644e-01 
 1092.000  9.988061e-01 
 1093.000  9.988061e-01 
 1094.000  9.989200e-01 
 1095.000  9.989200e-01 
 1096.000  9.992907e-01 
 1097.000  9.992907e-01 
 1098.000  9.996157e-01 
 1099.000  9.997295e-01 
 1100.000  9.997295e-01 
 1101.000  9.998392e-01 
 1102.000  9.998392e-01 
 1103.000  9.998881e-01 
 1104.000  9.998881e-01 
 1105.000  9.999207e-01 
 1106.000  9.999207e-01 
 1107.000  9.998839e-01 
 1108.000  9.998839e-01 
 1109.000  9.996617e-01 
 1110.000  9.997779e-01 
 1111.000  9.997779e-01 
 1112.000  9.994775e-01 
 1113.000  9.994775e-01 
 1114.000  9.992943e-01 
 1115.000  9.992943e-01 
 1116.000  9.984046e-01 
 1117.000  9.984046e-01 
 1118.000  9.984461e-01 
 1119.000  9.984461e-01 
 1120.000  9.990111e-01 
 1121.000  9.990111e-01 
 1122.000  9.939446e-01 
 1123.000  9.951075e-01 
 1124.000  9.951075e-01 
 1125.000  9.966224e-01 
 1126.000  9.966224e-01 
 1127.000  9.948676e-01 
 1128.000  9.948676e-01 
 1129.000  9.960517e-01 
 1130.000  9.960517e-01 
 1131.000  9.972753e-01 
 1132.000  9.972753e-01 
 1133.000  9.950677e-01 
 1134.000  9.950677e-01 
 1135.000  9.947888e-01 
 1136.000  9.947888e-01 
 1137.000  9.967282e-01 
 1138.000  9.967282e-01 
 1139.000  9.982371e-01 
 1140.000  9.982371e-01 
 1141.000  9.982040e-01 
 1142.000  9.982040e-01 
 1143.000  9.969777e-01 
 1144.000  9.969777e-01 
 1145.000  9.978283e-01 
 1146.000  9.978283e-01 
 1147.000  9.970084e-01 
 1148.000  9.970084e-01 
 1149.000  9.956787e-01 
 1150.000  9.956787e-01 
 1151.000  9.946126e-01 
 1152.000  9.946126e-01 
 1153.000  9.890583e-01 
 1154.000  9.890583e-01 
 1155.000  9.897534e-01 
 1156.000  9.897534e-01 
 1157.000  9.916385e-01 
 1158.000  9.916385e-01 
 1159.000  9.956819e-01 
 1160.000  9.956819e-01 
 1161.000  9.914354e-01 
 1162.000  9.914354e-01 
 1163.000  9.898183e-01 
 1164.000  9.898183e-01 
 1165.000  9.922534e-01 
 1166.000  9.922534e-01 
 1167.000  9.941483e-01 
 1168.000  9.941483e-01 
 1169.000  9.932648e-01 
 1170.000  9.932648e-01 
 1171.000  9.949520e-01 
 1172.000  9.949520e-01 
 1173.000  9.951638e-01 
 1174.000  9.951638e-01 
 1175.000  9.968040e-01 
 1176.000  9.968040e-01 
 1177.000  9.973875e-01 
 1178.000  9.973875e-01 
 1179.000  9.977819e-01 
 1180.000  9.977819e-01 
 1181.000  9.979040e-01 
 1182.000  9.979040e-01 
 1183.000  9.986847e-01 
 1184.000  9.986847e-01 
 1185.000  9.985837e-01 
 1186.000  9.985837e-01 
 1187.000  9.965225e-01 
 1188.000  9.965225e-01 
 1189.000  9.965225e-01 
 1190.000  9.988162e-01 
 1191.000  9.988162e-01 
 1192.000  9.984537e-01 
 1193.000  9.984537e-01 
 1194.000  9.991588e-01 
 1195.000  9.991588e-01 
 1196.000  9.995407e-01 
 1197.000  9.995407e-01 
 1198.000  9.994828e-01 
 1199.000  9.994828e-01 
 1200.000  9.992670e-01 
