  250.000  0.000000e+00 
  251.000  0.000000e+00 
  252.000  0.000000e+00 
  253.000  0.000000e+00 
  254.000  0.000000e+00 
  255.000  0.000000e+00 
  256.000  0.000000e+00 
  257.000  0.000000e+00 
  258.000  0.000000e+00 
  259.000  0.000000e+00 
  260.000  0.000000e+00 
  261.000  0.000000e+00 
  262.000  0.000000e+00 
  263.000  0.000000e+00 
  264.000  0.000000e+00 
  265.000  0.000000e+00 
  266.000  0.000000e+00 
  267.000  0.000000e+00 
  268.000  0.000000e+00 
  269.000  0.000000e+00 
  270.000  0.000000e+00 
  271.000  0.000000e+00 
  272.000  0.000000e+00 
  273.000  0.000000e+00 
  274.000  0.000000e+00 
  275.000  0.000000e+00 
  276.000  0.000000e+00 
  277.000  0.000000e+00 
  278.000  0.000000e+00 
  279.000  0.000000e+00 
  280.000  0.000000e+00 
  281.000  0.000000e+00 
  282.000  0.000000e+00 
  283.000  0.000000e+00 
  284.000  0.000000e+00 
  285.000  0.000000e+00 
  286.000  0.000000e+00 
  287.000  0.000000e+00 
  288.000  0.000000e+00 
  289.000  0.000000e+00 
  290.000  0.000000e+00 
  291.000  0.000000e+00 
  292.000  0.000000e+00 
  293.000  1.407225e-07 
  294.000  1.177251e-06 
  295.000  4.393386e-06 
  296.000  3.019253e-05 
  297.000  9.165834e-05 
  298.000  3.465146e-04 
  299.000  8.518200e-04 
  300.000  2.213374e-03 
  301.000  4.753539e-03 
  302.000  9.041865e-03 
  303.000  1.993952e-02 
  304.000  2.554701e-02 
  305.000  4.853511e-02 
  306.000  6.746231e-02 
  307.000  1.037195e-01 
  308.000  1.336188e-01 
  309.000  1.712345e-01 
  310.000  2.361799e-01 
  311.000  2.643966e-01 
  312.000  3.167669e-01 
  313.000  3.840158e-01 
  314.000  4.051743e-01 
  315.000  4.909311e-01 
  316.000  5.064948e-01 
  317.000  5.738112e-01 
  318.000  6.024780e-01 
  319.000  7.154844e-01 
  320.000  6.221328e-01 
  321.000  7.909914e-01 
  322.000  7.016005e-01 
  323.000  7.749798e-01 
  324.000  8.753139e-01 
  325.000  7.791522e-01 
  326.000  8.835928e-01 
  327.000  9.036946e-01 
  328.000  8.297393e-01 
  329.000  9.451790e-01 
  330.000  9.524515e-01 
  331.000  8.844191e-01 
  332.000  9.585899e-01 
  333.000  9.624605e-01 
  334.000  9.372710e-01 
  335.000  9.762096e-01 
  336.000  9.838910e-01 
  337.000  9.560857e-01 
  338.000  9.769354e-01 
  339.000  9.875327e-01 
  340.000  9.723936e-01 
  341.000  9.866410e-01 
  342.000  9.914297e-01 
  343.000  9.899757e-01 
  344.000  9.752284e-01 
  345.000  9.904560e-01 
  346.000  9.930312e-01 
  347.000  9.912453e-01 
  348.000  9.930379e-01 
  349.000  9.949627e-01 
  350.000  9.958594e-01 
  351.000  9.962087e-01 
  352.000  9.964565e-01 
  353.000  9.967110e-01 
  354.000  9.958479e-01 
  355.000  9.956045e-01 
  356.000  9.957737e-01 
  357.000  9.942753e-01 
  358.000  9.934590e-01 
  359.000  9.925517e-01 
  360.000  9.915337e-01 
  361.000  9.908635e-01 
  362.000  9.922579e-01 
  363.000  9.935863e-01 
  364.000  9.948472e-01 
  365.000  9.947726e-01 
  366.000  9.954218e-01 
  367.000  9.956242e-01 
  368.000  9.955131e-01 
  369.000  9.956982e-01 
  370.000  9.956080e-01 
  371.000  9.958872e-01 
  372.000  9.950107e-01 
  373.000  9.954090e-01 
  374.000  9.954960e-01 
  375.000  9.956375e-01 
  376.000  9.947344e-01 
  377.000  9.945908e-01 
  378.000  9.943260e-01 
  379.000  9.932369e-01 
  380.000  9.919946e-01 
  381.000  9.924369e-01 
  382.000  9.934602e-01 
  383.000  9.946209e-01 
  384.000  9.947196e-01 
  385.000  9.949935e-01 
  386.000  9.952119e-01 
  387.000  9.951491e-01 
  388.000  9.950349e-01 
  389.000  9.950081e-01 
  390.000  9.949946e-01 
  391.000  9.951115e-01 
  392.000  9.945128e-01 
  393.000  9.953795e-01 
  394.000  9.953866e-01 
  395.000  9.952734e-01 
  396.000  9.949867e-01 
  397.000  9.954237e-01 
  398.000  9.945790e-01 
  399.000  9.952089e-01 
  400.000  9.944408e-01 
  401.000  9.946155e-01 
  402.000  9.952477e-01 
  403.000  9.956175e-01 
  404.000  9.949059e-01 
  405.000  9.946807e-01 
  406.000  9.953120e-01 
  407.000  9.958088e-01 
  408.000  9.948901e-01 
  409.000  9.943764e-01 
  410.000  9.946176e-01 
  411.000  9.944927e-01 
  412.000  9.951559e-01 
  413.000  9.942604e-01 
  414.000  9.946237e-01 
  415.000  9.946935e-01 
  416.000  9.954599e-01 
  417.000  9.953496e-01 
  418.000  9.948990e-01 
  419.000  9.949872e-01 
  420.000  9.945306e-01 
  421.000  9.943848e-01 
  422.000  9.941835e-01 
  423.000  9.944509e-01 
  424.000  9.939103e-01 
  425.000  9.944866e-01 
  426.000  9.951733e-01 
  427.000  9.945362e-01 
  428.000  9.939336e-01 
  429.000  9.949118e-01 
  430.000  9.948997e-01 
  431.000  9.938163e-01 
  432.000  9.947901e-01 
  433.000  9.945624e-01 
  434.000  9.939610e-01 
  435.000  9.927443e-01 
  436.000  9.937596e-01 
  437.000  9.948544e-01 
  438.000  9.950510e-01 
  439.000  9.924924e-01 
  440.000  9.933054e-01 
  441.000  9.943551e-01 
  442.000  9.946370e-01 
  443.000  9.938709e-01 
  444.000  9.930564e-01 
  445.000  9.917533e-01 
  446.000  9.925694e-01 
  447.000  9.932648e-01 
  448.000  9.908104e-01 
  449.000  9.928123e-01 
  450.000  9.934940e-01 
  451.000  9.933695e-01 
  452.000  9.932240e-01 
  453.000  9.931778e-01 
  454.000  9.935634e-01 
  455.000  9.928931e-01 
  456.000  9.926036e-01 
  457.000  9.927000e-01 
  458.000  9.910055e-01 
  459.000  9.914032e-01 
  460.000  9.904132e-01 
  461.000  9.904517e-01 
  462.000  9.909991e-01 
  463.000  9.895388e-01 
  464.000  9.902515e-01 
  465.000  9.906137e-01 
  466.000  9.911253e-01 
  467.000  9.901713e-01 
  468.000  9.903670e-01 
  469.000  9.903958e-01 
  470.000  9.900559e-01 
  471.000  9.899311e-01 
  472.000  9.887902e-01 
  473.000  9.874111e-01 
  474.000  9.846562e-01 
  475.000  9.827851e-01 
  476.000  9.812117e-01 
  477.000  9.802442e-01 
  478.000  9.798732e-01 
  479.000  9.800371e-01 
  480.000  9.803200e-01 
  481.000  9.821234e-01 
  482.000  9.833706e-01 
  483.000  9.842074e-01 
  484.000  9.840048e-01 
  485.000  9.834951e-01 
  486.000  9.835064e-01 
  487.000  9.839669e-01 
  488.000  9.834619e-01 
  489.000  9.827738e-01 
  490.000  9.835689e-01 
  491.000  9.839299e-01 
  492.000  9.835622e-01 
  493.000  9.831568e-01 
  494.000  9.824616e-01 
  495.000  9.822267e-01 
  496.000  9.812686e-01 
  497.000  9.806333e-01 
  498.000  9.801037e-01 
  499.000  9.792067e-01 
  500.000  9.782128e-01 
  501.000  9.769405e-01 
  502.000  9.742706e-01 
  503.000  9.716968e-01 
  504.000  9.697881e-01 
  505.000  9.696400e-01 
  506.000  9.694024e-01 
  507.000  9.692837e-01 
  508.000  9.703976e-01 
  509.000  9.708237e-01 
  510.000  9.713677e-01 
  511.000  9.714034e-01 
  512.000  9.715025e-01 
  513.000  9.718592e-01 
  514.000  9.719201e-01 
  515.000  9.720831e-01 
  516.000  9.715401e-01 
  517.000  9.708860e-01 
  518.000  9.703873e-01 
  519.000  9.693561e-01 
  520.000  9.688985e-01 
  521.000  9.679223e-01 
  522.000  9.672744e-01 
  523.000  9.662758e-01 
  524.000  9.650553e-01 
  525.000  9.635771e-01 
  526.000  9.618157e-01 
  527.000  9.602015e-01 
  528.000  9.584929e-01 
  529.000  9.568198e-01 
  530.000  9.556939e-01 
  531.000  9.547517e-01 
  532.000  9.540599e-01 
  533.000  9.536681e-01 
  534.000  9.531490e-01 
  535.000  9.529815e-01 
  536.000  9.527317e-01 
  537.000  9.523342e-01 
  538.000  9.519873e-01 
  539.000  9.513351e-01 
  540.000  9.511328e-01 
  541.000  9.493891e-01 
  542.000  9.489626e-01 
  543.000  9.490287e-01 
  544.000  9.486319e-01 
  545.000  9.471164e-01 
  546.000  9.463341e-01 
  547.000  9.468668e-01 
  548.000  9.469507e-01 
  549.000  9.467837e-01 
  550.000  9.462405e-01 
  551.000  9.463761e-01 
  552.000  9.457348e-01 
  553.000  9.448676e-01 
  554.000  9.444259e-01 
  555.000  9.438517e-01 
  556.000  9.425166e-01 
  557.000  9.408377e-01 
  558.000  9.393567e-01 
  559.000  9.373373e-01 
  560.000  9.356337e-01 
  561.000  9.341646e-01 
  562.000  9.329087e-01 
  563.000  9.313453e-01 
  564.000  9.296910e-01 
  565.000  9.283012e-01 
  566.000  9.270385e-01 
  567.000  9.254978e-01 
  568.000  9.238439e-01 
  569.000  9.185462e-01 
  570.000  9.158377e-01 
  571.000  9.159744e-01 
  572.000  9.133312e-01 
  573.000  9.130253e-01 
  574.000  9.110935e-01 
  575.000  9.106234e-01 
  576.000  9.101366e-01 
  577.000  9.102083e-01 
  578.000  9.121778e-01 
  579.000  9.135143e-01 
  580.000  9.148551e-01 
  581.000  9.170658e-01 
  582.000  9.190863e-01 
  583.000  9.209558e-01 
  584.000  9.234594e-01 
  585.000  9.241498e-01 
  586.000  9.251271e-01 
  587.000  9.251937e-01 
  588.000  9.240184e-01 
  589.000  9.127546e-01 
  590.000  9.118817e-01 
  591.000  9.160856e-01 
  592.000  9.063099e-01 
  593.000  9.198202e-01 
  594.000  9.123913e-01 
  595.000  9.158376e-01 
  596.000  9.172555e-01 
  597.000  9.176469e-01 
  598.000  9.167653e-01 
  599.000  9.186015e-01 
  600.000  9.180921e-01 
  601.000  9.193491e-01 
  602.000  9.200768e-01 
  603.000  9.203341e-01 
  604.000  9.207799e-01 
  605.000  9.208983e-01 
  606.000  9.220266e-01 
  607.000  9.229453e-01 
  608.000  9.241183e-01 
  609.000  9.246022e-01 
  610.000  9.255671e-01 
  611.000  9.263362e-01 
  612.000  9.274377e-01 
  613.000  9.284068e-01 
  614.000  9.290949e-01 
  615.000  9.298995e-01 
  616.000  9.310678e-01 
  617.000  9.319079e-01 
  618.000  9.324296e-01 
  619.000  9.332450e-01 
  620.000  9.339019e-01 
  621.000  9.342912e-01 
  622.000  9.344620e-01 
  623.000  9.347212e-01 
  624.000  9.347850e-01 
  625.000  9.349132e-01 
  626.000  9.345951e-01 
  627.000  9.340995e-01 
  628.000  9.116600e-01 
  629.000  9.213910e-01 
  630.000  9.272804e-01 
  631.000  9.341364e-01 
  632.000  9.360787e-01 
  633.000  9.379256e-01 
  634.000  9.402039e-01 
  635.000  9.410126e-01 
  636.000  9.433377e-01 
  637.000  9.461976e-01 
  638.000  9.483355e-01 
  639.000  9.500511e-01 
  640.000  9.511451e-01 
  641.000  9.527072e-01 
  642.000  9.538991e-01 
  643.000  9.540077e-01 
  644.000  9.551088e-01 
  645.000  9.556161e-01 
  646.000  9.526253e-01 
  647.000  9.490920e-01 
  648.000  9.443324e-01 
  649.000  9.483857e-01 
  650.000  9.573581e-01 
  651.000  9.587546e-01 
  652.000  9.570756e-01 
  653.000  9.599782e-01 
  654.000  9.602386e-01 
  655.000  9.512602e-01 
  656.000  9.582249e-01 
  657.000  9.601968e-01 
  658.000  9.635968e-01 
  659.000  9.657099e-01 
  660.000  9.656621e-01 
  661.000  9.670079e-01 
  662.000  9.671906e-01 
  663.000  9.674106e-01 
  664.000  9.682378e-01 
  665.000  9.688412e-01 
  666.000  9.694383e-01 
  667.000  9.703405e-01 
  668.000  9.707661e-01 
  669.000  9.714347e-01 
  670.000  9.718770e-01 
  671.000  9.726461e-01 
  672.000  9.727842e-01 
  673.000  9.734021e-01 
  674.000  9.736184e-01 
  675.000  9.742735e-01 
  676.000  9.744396e-01 
  677.000  9.748089e-01 
  678.000  9.753439e-01 
  679.000  9.756626e-01 
  680.000  9.762185e-01 
  681.000  9.764202e-01 
  682.000  9.773871e-01 
  683.000  9.772826e-01 
  684.000  9.780114e-01 
  685.000  9.787418e-01 
  686.000  9.790731e-01 
  687.000  6.860290e-01 
  688.000  8.523244e-01 
  689.000  8.885203e-01 
  690.000  9.181725e-01 
  691.000  9.351488e-01 
  692.000  9.661673e-01 
  693.000  9.568005e-01 
  694.000  9.410742e-01 
  695.000  9.607381e-01 
  696.000  9.541492e-01 
  697.000  9.800078e-01 
  698.000  9.798784e-01 
  699.000  9.679512e-01 
  700.000  9.705874e-01 
  701.000  9.603583e-01 
  702.000  9.652753e-01 
  703.000  9.695148e-01 
  704.000  9.719086e-01 
  705.000  9.730870e-01 
  706.000  9.764680e-01 
  707.000  9.795096e-01 
  708.000  9.824387e-01 
  709.000  9.825225e-01 
  710.000  9.811527e-01 
  711.000  9.840012e-01 
  712.000  9.827327e-01 
  713.000  9.851013e-01 
  714.000  9.828324e-01 
  715.000  9.775025e-01 
  716.000  9.787652e-01 
  717.000  9.589192e-01 
  718.000  8.970199e-01 
  719.000  8.412573e-01 
  720.000  8.999937e-01 
  721.000  9.685425e-01 
  722.000  9.664969e-01 
  723.000  9.625834e-01 
  724.000  8.823720e-01 
  725.000  9.076521e-01 
  726.000  9.454091e-01 
  727.000  9.271047e-01 
  728.000  8.995956e-01 
  729.000  9.134594e-01 
  730.000  9.477502e-01 
  731.000  9.336131e-01 
  732.000  9.438692e-01 
  733.000  9.700772e-01 
  734.000  9.815529e-01 
  735.000  9.722733e-01 
  736.000  9.788185e-01 
  737.000  9.786727e-01 
  738.000  9.830783e-01 
  739.000  9.841788e-01 
  740.000  9.893355e-01 
  741.000  9.916107e-01 
  742.000  9.916553e-01 
  743.000  9.916286e-01 
  744.000  9.922507e-01 
  745.000  9.925260e-01 
  746.000  9.930196e-01 
  747.000  9.931303e-01 
  748.000  9.932721e-01 
  749.000  9.932805e-01 
  750.000  9.934567e-01 
  751.000  9.934819e-01 
  752.000  9.940051e-01 
  753.000  9.941279e-01 
  754.000  9.942173e-01 
  755.000  9.943053e-01 
  756.000  9.943368e-01 
  757.000  9.946359e-01 
  758.000  9.948445e-01 
  759.000  9.867526e-01 
  760.000  3.850523e-01 
  761.000  2.575408e-01 
  762.000  6.525240e-01 
  763.000  5.463629e-01 
  764.000  6.214055e-01 
  765.000  7.587410e-01 
  766.000  8.904741e-01 
  767.000  9.356029e-01 
  768.000  9.793547e-01 
  769.000  9.904362e-01 
  770.000  9.904580e-01 
  771.000  9.943356e-01 
  772.000  9.952752e-01 
  773.000  9.952464e-01 
  774.000  9.951844e-01 
  775.000  9.952075e-01 
  776.000  9.952096e-01 
  777.000  9.952106e-01 
  778.000  9.952049e-01 
  779.000  9.951869e-01 
  780.000  9.951724e-01 
  781.000  9.953231e-01 
  782.000  9.953633e-01 
  783.000  9.955136e-01 
  784.000  9.952421e-01 
  785.000  9.948655e-01 
  786.000  9.929384e-01 
  787.000  9.931850e-01 
  788.000  9.896399e-01 
  789.000  9.891037e-01 
  790.000  9.824465e-01 
  791.000  9.831346e-01 
  792.000  9.855115e-01 
  793.000  9.873520e-01 
  794.000  9.959676e-01 
  795.000  9.927355e-01 
  796.000  9.748262e-01 
  797.000  9.887236e-01 
  798.000  9.891822e-01 
  799.000  9.916841e-01 
  800.000  9.838605e-01 
  801.000  9.805285e-01 
  802.000  9.859754e-01 
  803.000  9.841207e-01 
  804.000  9.837710e-01 
  805.000  9.877667e-01 
  806.000  9.941170e-01 
  807.000  9.899470e-01 
  808.000  9.939782e-01 
  809.000  9.872588e-01 
  810.000  9.841672e-01 
  811.000  9.863453e-01 
  812.000  9.788808e-01 
  813.000  9.654800e-01 
  814.000  9.413095e-01 
  815.000  9.146433e-01 
  816.000  9.337390e-01 
  817.000  8.344194e-01 
  818.000  9.020497e-01 
  819.000  9.296339e-01 
  820.000  8.907477e-01 
  821.000  9.810815e-01 
  822.000  9.685682e-01 
  823.000  7.996849e-01 
  824.000  9.530867e-01 
  825.000  9.742212e-01 
  826.000  9.514008e-01 
  827.000  9.733539e-01 
  828.000  9.175629e-01 
  829.000  9.619137e-01 
  830.000  9.530597e-01 
  831.000  9.551572e-01 
  832.000  9.573589e-01 
  833.000  9.720801e-01 
  834.000  9.744440e-01 
  835.000  9.816285e-01 
  836.000  9.841738e-01 
  837.000  9.814489e-01 
  838.000  9.891228e-01 
  839.000  9.910315e-01 
  840.000  9.920790e-01 
  841.000  9.920790e-01 
  842.000  9.864750e-01 
  843.000  9.961447e-01 
  844.000  9.898767e-01 
  845.000  9.947364e-01 
  846.000  9.960605e-01 
  847.000  9.970898e-01 
  848.000  9.956389e-01 
  849.000  9.961619e-01 
  850.000  9.960520e-01 
  851.000  9.961107e-01 
  852.000  9.985255e-01 
  853.000  9.986698e-01 
  854.000  9.984003e-01 
  855.000  9.984003e-01 
  856.000  9.985725e-01 
  857.000  9.996858e-01 
  858.000  9.985356e-01 
  859.000  9.991952e-01 
  860.000  9.999150e-01 
  861.000  9.995731e-01 
  862.000  9.998657e-01 
  863.000  9.997956e-01 
  864.000  9.999582e-01 
  865.000  9.999582e-01 
  866.000  9.999457e-01 
  867.000  9.999912e-01 
  868.000  9.999478e-01 
  869.000  9.998284e-01 
  870.000  9.998819e-01 
  871.000  9.999149e-01 
  872.000  9.999670e-01 
  873.000  9.998520e-01 
  874.000  9.998520e-01 
  875.000  9.999888e-01 
  876.000  9.999913e-01 
  877.000  9.998779e-01 
  878.000  9.998186e-01 
  879.000  9.997850e-01 
  880.000  9.999079e-01 
  881.000  9.999079e-01 
  882.000  9.993019e-01 
  883.000  9.993784e-01 
  884.000  9.994625e-01 
  885.000  9.995694e-01 
  886.000  9.958026e-01 
  887.000  9.992027e-01 
  888.000  9.992027e-01 
  889.000  9.984125e-01 
  890.000  9.962560e-01 
  891.000  9.992320e-01 
  892.000  9.958474e-01 
  893.000  9.886445e-01 
  894.000  9.886445e-01 
  895.000  9.713741e-01 
  896.000  9.507053e-01 
  897.000  8.721164e-01 
  898.000  9.439991e-01 
  899.000  7.980807e-01 
  900.000  7.980807e-01 
  901.000  8.327810e-01 
  902.000  8.573927e-01 
  903.000  8.926774e-01 
  904.000  9.713305e-01 
  905.000  9.624969e-01 
  906.000  9.624969e-01 
  907.000  8.729464e-01 
  908.000  8.535319e-01 
  909.000  8.657336e-01 
  910.000  8.456330e-01 
  911.000  8.456330e-01 
  912.000  9.304949e-01 
  913.000  8.889232e-01 
  914.000  8.626812e-01 
  915.000  8.223475e-01 
  916.000  8.223475e-01 
  917.000  9.286588e-01 
  918.000  8.444616e-01 
  919.000  9.164202e-01 
  920.000  9.699719e-01 
  921.000  9.699719e-01 
  922.000  9.540389e-01 
  923.000  9.499866e-01 
  924.000  9.361066e-01 
  925.000  9.361066e-01 
  926.000  9.422734e-01 
  927.000  9.538551e-01 
  928.000  8.633875e-01 
  929.000  8.483817e-01 
  930.000  8.483817e-01 
  931.000  7.270742e-01 
  932.000  5.497200e-01 
  933.000  5.680212e-01 
  934.000  5.680212e-01 
  935.000  5.161638e-01 
  936.000  4.841465e-01 
  937.000  4.619190e-01 
  938.000  4.619190e-01 
  939.000  6.084648e-01 
  940.000  7.396390e-01 
  941.000  6.936823e-01 
  942.000  6.936823e-01 
  943.000  5.888996e-01 
  944.000  5.991539e-01 
  945.000  6.787089e-01 
  946.000  6.787089e-01 
  947.000  6.024880e-01 
  948.000  6.268473e-01 
  949.000  6.974940e-01 
  950.000  6.974940e-01 
  951.000  7.092675e-01 
  952.000  6.070613e-01 
  953.000  7.439574e-01 
  954.000  7.439574e-01 
  955.000  7.439860e-01 
  956.000  6.355854e-01 
  957.000  7.900482e-01 
  958.000  7.900482e-01 
  959.000  6.909477e-01 
  960.000  7.647131e-01 
  961.000  7.647131e-01 
  962.000  8.055047e-01 
  963.000  8.596204e-01 
  964.000  7.641640e-01 
  965.000  7.641640e-01 
  966.000  8.248318e-01 
  967.000  8.978773e-01 
  968.000  8.978773e-01 
  969.000  9.188693e-01 
  970.000  9.491655e-01 
  971.000  9.602018e-01 
  972.000  9.602018e-01 
  973.000  9.460062e-01 
  974.000  8.781456e-01 
  975.000  8.781456e-01 
  976.000  8.648005e-01 
  977.000  9.329236e-01 
  978.000  9.230061e-01 
  979.000  9.230061e-01 
  980.000  9.261757e-01 
  981.000  9.783015e-01 
  982.000  9.783015e-01 
  983.000  9.650199e-01 
  984.000  9.762299e-01 
  985.000  9.762299e-01 
  986.000  9.944376e-01 
  987.000  9.873697e-01 
  988.000  9.873697e-01 
  989.000  9.973688e-01 
  990.000  9.929973e-01 
  991.000  9.929973e-01 
  992.000  9.957857e-01 
  993.000  9.954129e-01 
  994.000  9.954129e-01 
  995.000  9.991748e-01 
  996.000  9.992438e-01 
  997.000  9.992438e-01 
  998.000  9.991398e-01 
  999.000  9.987474e-01 
 1000.000  9.987474e-01 
 1001.000  9.990146e-01 
 1002.000  9.932689e-01 
 1003.000  9.932689e-01 
 1004.000  9.988617e-01 
 1005.000  9.992434e-01 
 1006.000  9.992434e-01 
 1007.000  9.994196e-01 
 1008.000  9.980369e-01 
 1009.000  9.980369e-01 
 1010.000  9.933418e-01 
 1011.000  9.991490e-01 
 1012.000  9.991490e-01 
 1013.000  9.994140e-01 
 1014.000  9.992551e-01 
 1015.000  9.992551e-01 
 1016.000  9.994335e-01 
 1017.000  9.992025e-01 
 1018.000  9.992025e-01 
 1019.000  9.985960e-01 
 1020.000  9.994933e-01 
 1021.000  9.994933e-01 
 1022.000  9.986682e-01 
 1023.000  9.986682e-01 
 1024.000  9.986050e-01 
 1025.000  9.994383e-01 
 1026.000  9.994383e-01 
 1027.000  9.989955e-01 
 1028.000  9.994665e-01 
 1029.000  9.994665e-01 
 1030.000  9.996440e-01 
 1031.000  9.995140e-01 
 1032.000  9.995140e-01 
 1033.000  9.995164e-01 
 1034.000  9.995164e-01 
 1035.000  9.995302e-01 
 1036.000  9.990919e-01 
 1037.000  9.990919e-01 
 1038.000  9.990020e-01 
 1039.000  9.984921e-01 
 1040.000  9.984921e-01 
 1041.000  9.981533e-01 
 1042.000  9.981533e-01 
 1043.000  9.977090e-01 
 1044.000  9.970537e-01 
 1045.000  9.970537e-01 
 1046.000  9.961553e-01 
 1047.000  9.961553e-01 
 1048.000  9.952605e-01 
 1049.000  9.934756e-01 
 1050.000  9.934756e-01 
 1051.000  9.926775e-01 
 1052.000  9.926775e-01 
 1053.000  9.914628e-01 
 1054.000  9.904259e-01 
 1055.000  9.904259e-01 
 1056.000  9.892459e-01 
 1057.000  9.892459e-01 
 1058.000  9.881379e-01 
 1059.000  9.870553e-01 
 1060.000  9.870553e-01 
 1061.000  9.863648e-01 
 1062.000  9.863648e-01 
 1063.000  9.851955e-01 
 1064.000  9.842684e-01 
 1065.000  9.842684e-01 
 1066.000  9.855039e-01 
 1067.000  9.855039e-01 
 1068.000  9.847610e-01 
 1069.000  9.857582e-01 
 1070.000  9.857582e-01 
 1071.000  9.872097e-01 
 1072.000  9.872097e-01 
 1073.000  9.882371e-01 
 1074.000  9.882371e-01 
 1075.000  9.859778e-01 
 1076.000  9.856372e-01 
 1077.000  9.856372e-01 
 1078.000  9.897761e-01 
 1079.000  9.897761e-01 
 1080.000  9.868848e-01 
 1081.000  9.868848e-01 
 1082.000  9.888102e-01 
 1083.000  9.864756e-01 
 1084.000  9.864756e-01 
 1085.000  9.803265e-01 
 1086.000  9.803265e-01 
 1087.000  9.906735e-01 
 1088.000  9.906735e-01 
 1089.000  9.857013e-01 
 1090.000  9.832494e-01 
 1091.000  9.832494e-01 
 1092.000  9.755504e-01 
 1093.000  9.755504e-01 
 1094.000  9.768307e-01 
 1095.000  9.768307e-01 
 1096.000  9.717042e-01 
 1097.000  9.717042e-01 
 1098.000  9.640208e-01 
 1099.000  9.310627e-01 
 1100.000  9.310627e-01 
 1101.000  9.327527e-01 
 1102.000  9.327527e-01 
 1103.000  9.186606e-01 
 1104.000  9.186606e-01 
 1105.000  9.093693e-01 
 1106.000  9.093693e-01 
 1107.000  9.095190e-01 
 1108.000  9.095190e-01 
 1109.000  8.822122e-01 
 1110.000  8.590994e-01 
 1111.000  8.590994e-01 
 1112.000  8.178756e-01 
 1113.000  8.178756e-01 
 1114.000  7.480952e-01 
 1115.000  7.480952e-01 
 1116.000  5.327719e-01 
 1117.000  5.327719e-01 
 1118.000  6.362138e-01 
 1119.000  6.362138e-01 
 1120.000  5.608357e-01 
 1121.000  5.608357e-01 
 1122.000  3.701892e-01 
 1123.000  5.867122e-01 
 1124.000  5.867122e-01 
 1125.000  4.059615e-01 
 1126.000  4.059615e-01 
 1127.000  4.701577e-01 
 1128.000  4.701577e-01 
 1129.000  4.677570e-01 
 1130.000  4.677570e-01 
 1131.000  7.389542e-01 
 1132.000  7.389542e-01 
 1133.000  4.844212e-01 
 1134.000  4.844212e-01 
 1135.000  2.900948e-01 
 1136.000  2.900948e-01 
 1137.000  7.493468e-01 
 1138.000  7.493468e-01 
 1139.000  6.833073e-01 
 1140.000  6.833073e-01 
 1141.000  6.681837e-01 
 1142.000  6.681837e-01 
 1143.000  7.142545e-01 
 1144.000  7.142545e-01 
 1145.000  5.152858e-01 
 1146.000  5.152858e-01 
 1147.000  5.045329e-01 
 1148.000  5.045329e-01 
 1149.000  6.162065e-01 
 1150.000  6.162065e-01 
 1151.000  7.114043e-01 
 1152.000  7.114043e-01 
 1153.000  6.649027e-01 
 1154.000  6.649027e-01 
 1155.000  7.199153e-01 
 1156.000  7.199153e-01 
 1157.000  7.936700e-01 
 1158.000  7.936700e-01 
 1159.000  8.691201e-01 
 1160.000  8.691201e-01 
 1161.000  8.530195e-01 
 1162.000  8.530195e-01 
 1163.000  9.141787e-01 
 1164.000  9.141787e-01 
 1165.000  8.887116e-01 
 1166.000  8.887116e-01 
 1167.000  9.338281e-01 
 1168.000  9.338281e-01 
 1169.000  9.344551e-01 
 1170.000  9.344551e-01 
 1171.000  9.456022e-01 
 1172.000  9.456022e-01 
 1173.000  8.823768e-01 
 1174.000  8.823768e-01 
 1175.000  9.724365e-01 
 1176.000  9.724365e-01 
 1177.000  9.159465e-01 
 1178.000  9.159465e-01 
 1179.000  9.566112e-01 
 1180.000  9.566112e-01 
 1181.000  8.709365e-01 
 1182.000  8.709365e-01 
 1183.000  9.333326e-01 
 1184.000  9.333326e-01 
 1185.000  9.531646e-01 
 1186.000  9.531646e-01 
 1187.000  8.811994e-01 
 1188.000  8.811994e-01 
 1189.000  8.811994e-01 
 1190.000  9.329807e-01 
 1191.000  9.329807e-01 
 1192.000  9.754136e-01 
 1193.000  9.754136e-01 
 1194.000  9.456348e-01 
 1195.000  9.456348e-01 
 1196.000  9.578927e-01 
 1197.000  9.578927e-01 
 1198.000  9.297284e-01 
 1199.000  9.297284e-01 
 1200.000  9.270996e-01 
