  250.000  0.000000e+00 
  251.000  0.000000e+00 
  252.000  0.000000e+00 
  253.000  0.000000e+00 
  254.000  0.000000e+00 
  255.000  0.000000e+00 
  256.000  0.000000e+00 
  257.000  0.000000e+00 
  258.000  0.000000e+00 
  259.000  0.000000e+00 
  260.000  0.000000e+00 
  261.000  0.000000e+00 
  262.000  0.000000e+00 
  263.000  0.000000e+00 
  264.000  0.000000e+00 
  265.000  0.000000e+00 
  266.000  0.000000e+00 
  267.000  0.000000e+00 
  268.000  0.000000e+00 
  269.000  0.000000e+00 
  270.000  0.000000e+00 
  271.000  0.000000e+00 
  272.000  0.000000e+00 
  273.000  0.000000e+00 
  274.000  0.000000e+00 
  275.000  0.000000e+00 
  276.000  0.000000e+00 
  277.000  0.000000e+00 
  278.000  0.000000e+00 
  279.000  0.000000e+00 
  280.000  0.000000e+00 
  281.000  0.000000e+00 
  282.000  0.000000e+00 
  283.000  0.000000e+00 
  284.000  0.000000e+00 
  285.000  0.000000e+00 
  286.000  0.000000e+00 
  287.000  0.000000e+00 
  288.000  0.000000e+00 
  289.000  0.000000e+00 
  290.000  0.000000e+00 
  291.000  0.000000e+00 
  292.000  0.000000e+00 
  293.000  3.319146e-11 
  294.000  8.549038e-10 
  295.000  6.406697e-09 
  296.000  1.221532e-07 
  297.000  6.675722e-07 
  298.000  5.102808e-06 
  299.000  2.019472e-05 
  300.000  8.699523e-05 
  301.000  2.800287e-04 
  302.000  7.486466e-04 
  303.000  2.509364e-03 
  304.000  3.665786e-03 
  305.000  9.782246e-03 
  306.000  1.618648e-02 
  307.000  3.124964e-02 
  308.000  4.603535e-02 
  309.000  6.727375e-02 
  310.000  1.100096e-01 
  311.000  1.307348e-01 
  312.000  1.723557e-01 
  313.000  2.313655e-01 
  314.000  2.511441e-01 
  315.000  3.368551e-01 
  316.000  3.533242e-01 
  317.000  4.276204e-01 
  318.000  4.607226e-01 
  319.000  5.992717e-01 
  320.000  4.839075e-01 
  321.000  6.986547e-01 
  322.000  5.815780e-01 
  323.000  6.771414e-01 
  324.000  8.157268e-01 
  325.000  6.827250e-01 
  326.000  8.275561e-01 
  327.000  8.565232e-01 
  328.000  7.516721e-01 
  329.000  9.173834e-01 
  330.000  9.282010e-01 
  331.000  8.287400e-01 
  332.000  9.373657e-01 
  333.000  9.431606e-01 
  334.000  9.056706e-01 
  335.000  9.638445e-01 
  336.000  9.754679e-01 
  337.000  9.336231e-01 
  338.000  9.649408e-01 
  339.000  9.809955e-01 
  340.000  9.580883e-01 
  341.000  9.796411e-01 
  342.000  9.869222e-01 
  343.000  9.847094e-01 
  344.000  9.623634e-01 
  345.000  9.854404e-01 
  346.000  9.893617e-01 
  347.000  9.866415e-01 
  348.000  9.893716e-01 
  349.000  9.923061e-01 
  350.000  9.936742e-01 
  351.000  9.942074e-01 
  352.000  9.945856e-01 
  353.000  9.949740e-01 
  354.000  9.936566e-01 
  355.000  9.932851e-01 
  356.000  9.935434e-01 
  357.000  9.912578e-01 
  358.000  9.900133e-01 
  359.000  9.886310e-01 
  360.000  9.870807e-01 
  361.000  9.860603e-01 
  362.000  9.881836e-01 
  363.000  9.902075e-01 
  364.000  9.921297e-01 
  365.000  9.920161e-01 
  366.000  9.930065e-01 
  367.000  9.933156e-01 
  368.000  9.931459e-01 
  369.000  9.934282e-01 
  370.000  9.932905e-01 
  371.000  9.937167e-01 
  372.000  9.923795e-01 
  373.000  9.929869e-01 
  374.000  9.931198e-01 
  375.000  9.933356e-01 
  376.000  9.919580e-01 
  377.000  9.917388e-01 
  378.000  9.913351e-01 
  379.000  9.896748e-01 
  380.000  9.877825e-01 
  381.000  9.884561e-01 
  382.000  9.900153e-01 
  383.000  9.917849e-01 
  384.000  9.919353e-01 
  385.000  9.923531e-01 
  386.000  9.926863e-01 
  387.000  9.925906e-01 
  388.000  9.924160e-01 
  389.000  9.923756e-01 
  390.000  9.923548e-01 
  391.000  9.925331e-01 
  392.000  9.916199e-01 
  393.000  9.929419e-01 
  394.000  9.929528e-01 
  395.000  9.927801e-01 
  396.000  9.923427e-01 
  397.000  9.929912e-01 
  398.000  9.917178e-01 
  399.000  9.926682e-01 
  400.000  9.915068e-01 
  401.000  9.917761e-01 
  402.000  9.927407e-01 
  403.000  9.933052e-01 
  404.000  9.922196e-01 
  405.000  9.918761e-01 
  406.000  9.928389e-01 
  407.000  9.935971e-01 
  408.000  9.921955e-01 
  409.000  9.914119e-01 
  410.000  9.917798e-01 
  411.000  9.915894e-01 
  412.000  9.926008e-01 
  413.000  9.912351e-01 
  414.000  9.917890e-01 
  415.000  9.918842e-01 
  416.000  9.930617e-01 
  417.000  9.928908e-01 
  418.000  9.922078e-01 
  419.000  9.923361e-01 
  420.000  9.916469e-01 
  421.000  9.914246e-01 
  422.000  9.911170e-01 
  423.000  9.915254e-01 
  424.000  9.907014e-01 
  425.000  9.915799e-01 
  426.000  9.926174e-01 
  427.000  9.916558e-01 
  428.000  9.907369e-01 
  429.000  9.922261e-01 
  430.000  9.922100e-01 
  431.000  9.905578e-01 
  432.000  9.920428e-01 
  433.000  9.916955e-01 
  434.000  9.907786e-01 
  435.000  9.889242e-01 
  436.000  9.904716e-01 
  437.000  9.921409e-01 
  438.000  9.924405e-01 
  439.000  9.885404e-01 
  440.000  9.897745e-01 
  441.000  9.913750e-01 
  442.000  9.915954e-01 
  443.000  9.900696e-01 
  444.000  9.893625e-01 
  445.000  9.865044e-01 
  446.000  9.875742e-01 
  447.000  9.897039e-01 
  448.000  9.859648e-01 
  449.000  9.890237e-01 
  450.000  9.900666e-01 
  451.000  9.898770e-01 
  452.000  9.896554e-01 
  453.000  9.895447e-01 
  454.000  9.901724e-01 
  455.000  9.891511e-01 
  456.000  9.887100e-01 
  457.000  9.888566e-01 
  458.000  9.862764e-01 
  459.000  9.868819e-01 
  460.000  9.853750e-01 
  461.000  9.854336e-01 
  462.000  9.862666e-01 
  463.000  9.840449e-01 
  464.000  9.851289e-01 
  465.000  9.856802e-01 
  466.000  9.863691e-01 
  467.000  9.849913e-01 
  468.000  9.852995e-01 
  469.000  9.847270e-01 
  470.000  9.839875e-01 
  471.000  9.846137e-01 
  472.000  9.828516e-01 
  473.000  9.807843e-01 
  474.000  9.766209e-01 
  475.000  9.734651e-01 
  476.000  9.714054e-01 
  477.000  9.699432e-01 
  478.000  9.693822e-01 
  479.000  9.696303e-01 
  480.000  9.700584e-01 
  481.000  9.727890e-01 
  482.000  9.746789e-01 
  483.000  9.759471e-01 
  484.000  9.756371e-01 
  485.000  9.745127e-01 
  486.000  9.744557e-01 
  487.000  9.755691e-01 
  488.000  9.748003e-01 
  489.000  9.737257e-01 
  490.000  9.749672e-01 
  491.000  9.754999e-01 
  492.000  9.749627e-01 
  493.000  9.743513e-01 
  494.000  9.733007e-01 
  495.000  9.729456e-01 
  496.000  9.714943e-01 
  497.000  9.705325e-01 
  498.000  9.697309e-01 
  499.000  9.683607e-01 
  500.000  9.667985e-01 
  501.000  9.645713e-01 
  502.000  9.586083e-01 
  503.000  9.521520e-01 
  504.000  9.452750e-01 
  505.000  9.514762e-01 
  506.000  9.482494e-01 
  507.000  9.468148e-01 
  508.000  9.514533e-01 
  509.000  9.539359e-01 
  510.000  9.560430e-01 
  511.000  9.558485e-01 
  512.000  9.562191e-01 
  513.000  9.572048e-01 
  514.000  9.572603e-01 
  515.000  9.576197e-01 
  516.000  9.567999e-01 
  517.000  9.558172e-01 
  518.000  9.550663e-01 
  519.000  9.535143e-01 
  520.000  9.528263e-01 
  521.000  9.513585e-01 
  522.000  9.503843e-01 
  523.000  9.488828e-01 
  524.000  9.468229e-01 
  525.000  9.441746e-01 
  526.000  9.421750e-01 
  527.000  9.393758e-01 
  528.000  9.371354e-01 
  529.000  9.343181e-01 
  530.000  9.329110e-01 
  531.000  9.316118e-01 
  532.000  9.305542e-01 
  533.000  9.300108e-01 
  534.000  9.291861e-01 
  535.000  9.289874e-01 
  536.000  9.286055e-01 
  537.000  9.279971e-01 
  538.000  9.274968e-01 
  539.000  9.260033e-01 
  540.000  9.255067e-01 
  541.000  9.193644e-01 
  542.000  9.200528e-01 
  543.000  9.220847e-01 
  544.000  9.216358e-01 
  545.000  9.173788e-01 
  546.000  9.143482e-01 
  547.000  9.171333e-01 
  548.000  9.192016e-01 
  549.000  9.190878e-01 
  550.000  9.174684e-01 
  551.000  9.190511e-01 
  552.000  9.180039e-01 
  553.000  9.169133e-01 
  554.000  9.162650e-01 
  555.000  9.154134e-01 
  556.000  9.134338e-01 
  557.000  9.109467e-01 
  558.000  9.087542e-01 
  559.000  9.057607e-01 
  560.000  9.032091e-01 
  561.000  9.010116e-01 
  562.000  8.992093e-01 
  563.000  8.969007e-01 
  564.000  8.944746e-01 
  565.000  8.924352e-01 
  566.000  8.905801e-01 
  567.000  8.877549e-01 
  568.000  8.851680e-01 
  569.000  8.707371e-01 
  570.000  8.675241e-01 
  571.000  8.720264e-01 
  572.000  8.641156e-01 
  573.000  8.674571e-01 
  574.000  8.630261e-01 
  575.000  8.649521e-01 
  576.000  8.630399e-01 
  577.000  8.625013e-01 
  578.000  8.680466e-01 
  579.000  8.701249e-01 
  580.000  8.725148e-01 
  581.000  8.757672e-01 
  582.000  8.782015e-01 
  583.000  8.810835e-01 
  584.000  8.840432e-01 
  585.000  8.841268e-01 
  586.000  8.857468e-01 
  587.000  8.853700e-01 
  588.000  8.786085e-01 
  589.000  8.375729e-01 
  590.000  8.314305e-01 
  591.000  8.486429e-01 
  592.000  8.169848e-01 
  593.000  8.659799e-01 
  594.000  8.399642e-01 
  595.000  8.519383e-01 
  596.000  8.602025e-01 
  597.000  8.628442e-01 
  598.000  8.614665e-01 
  599.000  8.714122e-01 
  600.000  8.720936e-01 
  601.000  8.771598e-01 
  602.000  8.792971e-01 
  603.000  8.797492e-01 
  604.000  8.812164e-01 
  605.000  8.812581e-01 
  606.000  8.830602e-01 
  607.000  8.845820e-01 
  608.000  8.863037e-01 
  609.000  8.870142e-01 
  610.000  8.884159e-01 
  611.000  8.895578e-01 
  612.000  8.911785e-01 
  613.000  8.926032e-01 
  614.000  8.936152e-01 
  615.000  8.947989e-01 
  616.000  8.965179e-01 
  617.000  8.977559e-01 
  618.000  8.985248e-01 
  619.000  8.997269e-01 
  620.000  9.006953e-01 
  621.000  9.012693e-01 
  622.000  9.015184e-01 
  623.000  9.018983e-01 
  624.000  9.019148e-01 
  625.000  9.021714e-01 
  626.000  9.015504e-01 
  627.000  8.996515e-01 
  628.000  8.591346e-01 
  629.000  8.797177e-01 
  630.000  8.906996e-01 
  631.000  9.008471e-01 
  632.000  9.009417e-01 
  633.000  9.046931e-01 
  634.000  9.079576e-01 
  635.000  9.099565e-01 
  636.000  9.123426e-01 
  637.000  9.163674e-01 
  638.000  9.213426e-01 
  639.000  9.231755e-01 
  640.000  9.249367e-01 
  641.000  9.263302e-01 
  642.000  9.295414e-01 
  643.000  9.282423e-01 
  644.000  9.311364e-01 
  645.000  9.310206e-01 
  646.000  9.169446e-01 
  647.000  9.013858e-01 
  648.000  8.832735e-01 
  649.000  8.959745e-01 
  650.000  9.281428e-01 
  651.000  9.331210e-01 
  652.000  9.239349e-01 
  653.000  9.348490e-01 
  654.000  9.324943e-01 
  655.000  9.000471e-01 
  656.000  9.226099e-01 
  657.000  9.291071e-01 
  658.000  9.404895e-01 
  659.000  9.472893e-01 
  660.000  9.461433e-01 
  661.000  9.496372e-01 
  662.000  9.497730e-01 
  663.000  9.484395e-01 
  664.000  9.509405e-01 
  665.000  9.521286e-01 
  666.000  9.531409e-01 
  667.000  9.548399e-01 
  668.000  9.554762e-01 
  669.000  9.564403e-01 
  670.000  9.573066e-01 
  671.000  9.584668e-01 
  672.000  9.586754e-01 
  673.000  9.596068e-01 
  674.000  9.599311e-01 
  675.000  9.609200e-01 
  676.000  9.611253e-01 
  677.000  9.617263e-01 
  678.000  9.625340e-01 
  679.000  9.629909e-01 
  680.000  9.637406e-01 
  681.000  9.636893e-01 
  682.000  9.653978e-01 
  683.000  9.639994e-01 
  684.000  9.647217e-01 
  685.000  9.672794e-01 
  686.000  9.671243e-01 
  687.000  6.165592e-01 
  688.000  7.912468e-01 
  689.000  8.413667e-01 
  690.000  8.783494e-01 
  691.000  9.008132e-01 
  692.000  9.393772e-01 
  693.000  8.968263e-01 
  694.000  8.301963e-01 
  695.000  8.950467e-01 
  696.000  8.778011e-01 
  697.000  9.595625e-01 
  698.000  9.585170e-01 
  699.000  9.139733e-01 
  700.000  9.219038e-01 
  701.000  8.826647e-01 
  702.000  9.001110e-01 
  703.000  9.174528e-01 
  704.000  9.257012e-01 
  705.000  9.278398e-01 
  706.000  9.396497e-01 
  707.000  9.502052e-01 
  708.000  9.616646e-01 
  709.000  9.614832e-01 
  710.000  9.553916e-01 
  711.000  9.661795e-01 
  712.000  9.610813e-01 
  713.000  9.694929e-01 
  714.000  9.600794e-01 
  715.000  9.376201e-01 
  716.000  9.427719e-01 
  717.000  8.671132e-01 
  718.000  7.319412e-01 
  719.000  6.721322e-01 
  720.000  7.002533e-01 
  721.000  9.011726e-01 
  722.000  8.954203e-01 
  723.000  8.809112e-01 
  724.000  7.269084e-01 
  725.000  7.231192e-01 
  726.000  8.207616e-01 
  727.000  7.709091e-01 
  728.000  7.047220e-01 
  729.000  7.246785e-01 
  730.000  8.316146e-01 
  731.000  7.841403e-01 
  732.000  8.134680e-01 
  733.000  9.038524e-01 
  734.000  9.465669e-01 
  735.000  9.120402e-01 
  736.000  9.355704e-01 
  737.000  9.344514e-01 
  738.000  9.507486e-01 
  739.000  9.550263e-01 
  740.000  9.753723e-01 
  741.000  9.847697e-01 
  742.000  9.843536e-01 
  743.000  9.841310e-01 
  744.000  9.865471e-01 
  745.000  9.875600e-01 
  746.000  9.891385e-01 
  747.000  9.890928e-01 
  748.000  9.894655e-01 
  749.000  9.892323e-01 
  750.000  9.895929e-01 
  751.000  9.893849e-01 
  752.000  9.906901e-01 
  753.000  9.909316e-01 
  754.000  9.909089e-01 
  755.000  9.908448e-01 
  756.000  9.907419e-01 
  757.000  9.917939e-01 
  758.000  9.920970e-01 
  759.000  9.800346e-01 
  760.000  2.919622e-01 
  761.000  1.541362e-01 
  762.000  5.734923e-01 
  763.000  4.511519e-01 
  764.000  5.412631e-01 
  765.000  7.012236e-01 
  766.000  8.491213e-01 
  767.000  9.063110e-01 
  768.000  9.693220e-01 
  769.000  9.854084e-01 
  770.000  9.855202e-01 
  771.000  9.913479e-01 
  772.000  9.927796e-01 
  773.000  9.927354e-01 
  774.000  9.925076e-01 
  775.000  9.926396e-01 
  776.000  9.926765e-01 
  777.000  9.926777e-01 
  778.000  9.926679e-01 
  779.000  9.926372e-01 
  780.000  9.926127e-01 
  781.000  9.928405e-01 
  782.000  9.926128e-01 
  783.000  9.930384e-01 
  784.000  9.916074e-01 
  785.000  9.897577e-01 
  786.000  9.813644e-01 
  787.000  9.817228e-01 
  788.000  9.680646e-01 
  789.000  9.653050e-01 
  790.000  9.401002e-01 
  791.000  9.427214e-01 
  792.000  9.510268e-01 
  793.000  9.596676e-01 
  794.000  9.912095e-01 
  795.000  9.770566e-01 
  796.000  9.105475e-01 
  797.000  9.612617e-01 
  798.000  9.631948e-01 
  799.000  9.722475e-01 
  800.000  9.430837e-01 
  801.000  9.306618e-01 
  802.000  9.499761e-01 
  803.000  9.430857e-01 
  804.000  9.420948e-01 
  805.000  9.577816e-01 
  806.000  9.828050e-01 
  807.000  9.663579e-01 
  808.000  9.825810e-01 
  809.000  9.561530e-01 
  810.000  9.437854e-01 
  811.000  9.517236e-01 
  812.000  9.228048e-01 
  813.000  8.790668e-01 
  814.000  8.041562e-01 
  815.000  7.585952e-01 
  816.000  7.945369e-01 
  817.000  6.357901e-01 
  818.000  7.577063e-01 
  819.000  7.788230e-01 
  820.000  7.428590e-01 
  821.000  9.311703e-01 
  822.000  8.859296e-01 
  823.000  5.901760e-01 
  824.000  8.333756e-01 
  825.000  9.104199e-01 
  826.000  8.373829e-01 
  827.000  9.049200e-01 
  828.000  7.519854e-01 
  829.000  8.694407e-01 
  830.000  8.457869e-01 
  831.000  8.516666e-01 
  832.000  8.534470e-01 
  833.000  8.965744e-01 
  834.000  9.101568e-01 
  835.000  9.327633e-01 
  836.000  9.434071e-01 
  837.000  9.332998e-01 
  838.000  9.610032e-01 
  839.000  9.692301e-01 
  840.000  9.732439e-01 
  841.000  9.732439e-01 
  842.000  9.516450e-01 
  843.000  9.900172e-01 
  844.000  9.650813e-01 
  845.000  9.841082e-01 
  846.000  9.896507e-01 
  847.000  9.941705e-01 
  848.000  9.879519e-01 
  849.000  9.902526e-01 
  850.000  9.882529e-01 
  851.000  9.840067e-01 
  852.000  9.935155e-01 
  853.000  9.942668e-01 
  854.000  9.931703e-01 
  855.000  9.931703e-01 
  856.000  9.938694e-01 
  857.000  9.986403e-01 
  858.000  9.937173e-01 
  859.000  9.965361e-01 
  860.000  9.996262e-01 
  861.000  9.981576e-01 
  862.000  9.994202e-01 
  863.000  9.996623e-01 
  864.000  9.998101e-01 
  865.000  9.998101e-01 
  866.000  9.998996e-01 
  867.000  9.999695e-01 
  868.000  9.999018e-01 
  869.000  9.997141e-01 
  870.000  9.994936e-01 
  871.000  9.998370e-01 
  872.000  9.998433e-01 
  873.000  9.993470e-01 
  874.000  9.993470e-01 
  875.000  9.999222e-01 
  876.000  9.999297e-01 
  877.000  9.994364e-01 
  878.000  9.991606e-01 
  879.000  9.990131e-01 
  880.000  9.995366e-01 
  881.000  9.995366e-01 
  882.000  9.968823e-01 
  883.000  9.972518e-01 
  884.000  9.975602e-01 
  885.000  9.980057e-01 
  886.000  9.822929e-01 
  887.000  9.963613e-01 
  888.000  9.963613e-01 
  889.000  9.929141e-01 
  890.000  9.842721e-01 
  891.000  9.964227e-01 
  892.000  9.818853e-01 
  893.000  9.519799e-01 
  894.000  9.519799e-01 
  895.000  9.024424e-01 
  896.000  8.381881e-01 
  897.000  7.053775e-01 
  898.000  8.111803e-01 
  899.000  6.091929e-01 
  900.000  6.091929e-01 
  901.000  6.527818e-01 
  902.000  7.055401e-01 
  903.000  7.558696e-01 
  904.000  8.934882e-01 
  905.000  8.738360e-01 
  906.000  8.738360e-01 
  907.000  6.961007e-01 
  908.000  6.836509e-01 
  909.000  6.860151e-01 
  910.000  6.474280e-01 
  911.000  6.474280e-01 
  912.000  7.703460e-01 
  913.000  6.985991e-01 
  914.000  6.741427e-01 
  915.000  6.209567e-01 
  916.000  6.209567e-01 
  917.000  7.528629e-01 
  918.000  6.359195e-01 
  919.000  7.818674e-01 
  920.000  8.836817e-01 
  921.000  8.836817e-01 
  922.000  8.364027e-01 
  923.000  8.252466e-01 
  924.000  7.725527e-01 
  925.000  7.725527e-01 
  926.000  7.939050e-01 
  927.000  8.283859e-01 
  928.000  6.351932e-01 
  929.000  5.977464e-01 
  930.000  5.977464e-01 
  931.000  4.607676e-01 
  932.000  2.751870e-01 
  933.000  2.180674e-01 
  934.000  2.180674e-01 
  935.000  2.307846e-01 
  936.000  1.947851e-01 
  937.000  1.402029e-01 
  938.000  1.402029e-01 
  939.000  2.980316e-01 
  940.000  4.273674e-01 
  941.000  3.794904e-01 
  942.000  3.794904e-01 
  943.000  2.697497e-01 
  944.000  2.857744e-01 
  945.000  3.757497e-01 
  946.000  3.757497e-01 
  947.000  2.800499e-01 
  948.000  3.467304e-01 
  949.000  3.974791e-01 
  950.000  3.974791e-01 
  951.000  4.551656e-01 
  952.000  2.743716e-01 
  953.000  4.739823e-01 
  954.000  4.739823e-01 
  955.000  4.756478e-01 
  956.000  3.487416e-01 
  957.000  5.581484e-01 
  958.000  5.581484e-01 
  959.000  4.116358e-01 
  960.000  4.803626e-01 
  961.000  4.803626e-01 
  962.000  5.752581e-01 
  963.000  6.276610e-01 
  964.000  5.197667e-01 
  965.000  5.197667e-01 
  966.000  5.892912e-01 
  967.000  7.367342e-01 
  968.000  7.367342e-01 
  969.000  7.753845e-01 
  970.000  8.194503e-01 
  971.000  8.549156e-01 
  972.000  8.549156e-01 
  973.000  8.066970e-01 
  974.000  6.869721e-01 
  975.000  6.869721e-01 
  976.000  6.825524e-01 
  977.000  8.111638e-01 
  978.000  7.878683e-01 
  979.000  7.878683e-01 
  980.000  7.901708e-01 
  981.000  9.141243e-01 
  982.000  9.141243e-01 
  983.000  8.833508e-01 
  984.000  9.084893e-01 
  985.000  9.084893e-01 
  986.000  9.764902e-01 
  987.000  9.489481e-01 
  988.000  9.489481e-01 
  989.000  9.886189e-01 
  990.000  9.706260e-01 
  991.000  9.706260e-01 
  992.000  9.823712e-01 
  993.000  9.807257e-01 
  994.000  9.807257e-01 
  995.000  9.963298e-01 
  996.000  9.966297e-01 
  997.000  9.966297e-01 
  998.000  9.961869e-01 
  999.000  9.944896e-01 
 1000.000  9.944896e-01 
 1001.000  9.956374e-01 
 1002.000  9.725668e-01 
 1003.000  9.725668e-01 
 1004.000  9.949931e-01 
 1005.000  9.967116e-01 
 1006.000  9.967116e-01 
 1007.000  9.974850e-01 
 1008.000  9.914081e-01 
 1009.000  9.914081e-01 
 1010.000  9.728711e-01 
 1011.000  9.962639e-01 
 1012.000  9.962639e-01 
 1013.000  9.974275e-01 
 1014.000  9.967512e-01 
 1015.000  9.967512e-01 
 1016.000  9.975112e-01 
 1017.000  9.965263e-01 
 1018.000  9.965263e-01 
 1019.000  9.938979e-01 
 1020.000  9.978079e-01 
 1021.000  9.978079e-01 
 1022.000  9.942236e-01 
 1023.000  9.942236e-01 
 1024.000  9.939564e-01 
 1025.000  9.976597e-01 
 1026.000  9.976597e-01 
 1027.000  9.957936e-01 
 1028.000  9.979292e-01 
 1029.000  9.979292e-01 
 1030.000  9.989167e-01 
 1031.000  9.984898e-01 
 1032.000  9.984898e-01 
 1033.000  9.988299e-01 
 1034.000  9.988299e-01 
 1035.000  9.992583e-01 
 1036.000  9.985887e-01 
 1037.000  9.985887e-01 
 1038.000  9.984530e-01 
 1039.000  9.976068e-01 
 1040.000  9.976068e-01 
 1041.000  9.971502e-01 
 1042.000  9.971502e-01 
 1043.000  9.964747e-01 
 1044.000  9.954722e-01 
 1045.000  9.954722e-01 
 1046.000  9.940982e-01 
 1047.000  9.940982e-01 
 1048.000  9.927311e-01 
 1049.000  9.900066e-01 
 1050.000  9.900066e-01 
 1051.000  9.887866e-01 
 1052.000  9.887866e-01 
 1053.000  9.869329e-01 
 1054.000  9.853375e-01 
 1055.000  9.853375e-01 
 1056.000  9.835511e-01 
 1057.000  9.835511e-01 
 1058.000  9.818508e-01 
 1059.000  9.802081e-01 
 1060.000  9.802081e-01 
 1061.000  9.791475e-01 
 1062.000  9.791475e-01 
 1063.000  9.771584e-01 
 1064.000  9.745644e-01 
 1065.000  9.745644e-01 
 1066.000  9.778013e-01 
 1067.000  9.778013e-01 
 1068.000  9.759111e-01 
 1069.000  9.759648e-01 
 1070.000  9.759648e-01 
 1071.000  9.793047e-01 
 1072.000  9.793047e-01 
 1073.000  9.807709e-01 
 1074.000  9.807709e-01 
 1075.000  9.683911e-01 
 1076.000  9.641199e-01 
 1077.000  9.641199e-01 
 1078.000  9.768744e-01 
 1079.000  9.768744e-01 
 1080.000  9.627775e-01 
 1081.000  9.627775e-01 
 1082.000  9.667071e-01 
 1083.000  9.549151e-01 
 1084.000  9.549151e-01 
 1085.000  9.296891e-01 
 1086.000  9.296891e-01 
 1087.000  9.677549e-01 
 1088.000  9.677549e-01 
 1089.000  9.466081e-01 
 1090.000  9.378663e-01 
 1091.000  9.378663e-01 
 1092.000  9.065397e-01 
 1093.000  9.065397e-01 
 1094.000  9.110076e-01 
 1095.000  9.110076e-01 
 1096.000  8.921772e-01 
 1097.000  8.921772e-01 
 1098.000  8.636956e-01 
 1099.000  7.812756e-01 
 1100.000  7.812756e-01 
 1101.000  7.885965e-01 
 1102.000  7.885965e-01 
 1103.000  7.519435e-01 
 1104.000  7.519435e-01 
 1105.000  7.282808e-01 
 1106.000  7.282808e-01 
 1107.000  7.374600e-01 
 1108.000  7.374600e-01 
 1109.000  6.795281e-01 
 1110.000  6.747724e-01 
 1111.000  6.747724e-01 
 1112.000  6.054587e-01 
 1113.000  6.054587e-01 
 1114.000  4.934157e-01 
 1115.000  4.934157e-01 
 1116.000  2.421847e-01 
 1117.000  2.421847e-01 
 1118.000  3.258989e-01 
 1119.000  3.258989e-01 
 1120.000  2.286425e-01 
 1121.000  2.286425e-01 
 1122.000  1.070423e-01 
 1123.000  2.635153e-01 
 1124.000  2.635153e-01 
 1125.000  1.076766e-01 
 1126.000  1.076766e-01 
 1127.000  1.414358e-01 
 1128.000  1.414358e-01 
 1129.000  1.260608e-01 
 1130.000  1.260608e-01 
 1131.000  4.081505e-01 
 1132.000  4.081505e-01 
 1133.000  1.504675e-01 
 1134.000  1.504675e-01 
 1135.000  7.688200e-02 
 1136.000  7.688200e-02 
 1137.000  3.932356e-01 
 1138.000  3.932356e-01 
 1139.000  3.828624e-01 
 1140.000  3.828624e-01 
 1141.000  3.423505e-01 
 1142.000  3.423505e-01 
 1143.000  4.078453e-01 
 1144.000  4.078453e-01 
 1145.000  1.667602e-01 
 1146.000  1.667602e-01 
 1147.000  1.820947e-01 
 1148.000  1.820947e-01 
 1149.000  3.252230e-01 
 1150.000  3.252230e-01 
 1151.000  3.839955e-01 
 1152.000  3.839955e-01 
 1153.000  3.525268e-01 
 1154.000  3.525268e-01 
 1155.000  4.245253e-01 
 1156.000  4.245253e-01 
 1157.000  5.551161e-01 
 1158.000  5.551161e-01 
 1159.000  6.436753e-01 
 1160.000  6.436753e-01 
 1161.000  6.271365e-01 
 1162.000  6.271365e-01 
 1163.000  7.684705e-01 
 1164.000  7.684705e-01 
 1165.000  7.107676e-01 
 1166.000  7.107676e-01 
 1167.000  7.913379e-01 
 1168.000  7.913379e-01 
 1169.000  7.980286e-01 
 1170.000  7.980286e-01 
 1171.000  8.303790e-01 
 1172.000  8.303790e-01 
 1173.000  6.870707e-01 
 1174.000  6.870707e-01 
 1175.000  8.958919e-01 
 1176.000  8.958919e-01 
 1177.000  7.635929e-01 
 1178.000  7.635929e-01 
 1179.000  8.680211e-01 
 1180.000  8.680211e-01 
 1181.000  6.993440e-01 
 1182.000  6.993440e-01 
 1183.000  8.105055e-01 
 1184.000  8.105055e-01 
 1185.000  8.326482e-01 
 1186.000  8.326482e-01 
 1187.000  7.231981e-01 
 1188.000  7.231981e-01 
 1189.000  7.231981e-01 
 1190.000  8.179365e-01 
 1191.000  8.179365e-01 
 1192.000  9.063261e-01 
 1193.000  9.063261e-01 
 1194.000  8.452883e-01 
 1195.000  8.452883e-01 
 1196.000  8.440059e-01 
 1197.000  8.440059e-01 
 1198.000  7.929679e-01 
 1199.000  7.929679e-01 
 1200.000  8.017800e-01 
