  250.000  0.000000e+00 
  251.000  0.000000e+00 
  252.000  0.000000e+00 
  253.000  0.000000e+00 
  254.000  0.000000e+00 
  255.000  0.000000e+00 
  256.000  0.000000e+00 
  257.000  0.000000e+00 
  258.000  0.000000e+00 
  259.000  0.000000e+00 
  260.000  0.000000e+00 
  261.000  0.000000e+00 
  262.000  0.000000e+00 
  263.000  0.000000e+00 
  264.000  0.000000e+00 
  265.000  0.000000e+00 
  266.000  0.000000e+00 
  267.000  0.000000e+00 
  268.000  0.000000e+00 
  269.000  0.000000e+00 
  270.000  0.000000e+00 
  271.000  0.000000e+00 
  272.000  0.000000e+00 
  273.000  0.000000e+00 
  274.000  0.000000e+00 
  275.000  0.000000e+00 
  276.000  0.000000e+00 
  277.000  0.000000e+00 
  278.000  0.000000e+00 
  279.000  0.000000e+00 
  280.000  0.000000e+00 
  281.000  0.000000e+00 
  282.000  0.000000e+00 
  283.000  0.000000e+00 
  284.000  0.000000e+00 
  285.000  0.000000e+00 
  286.000  0.000000e+00 
  287.000  0.000000e+00 
  288.000  0.000000e+00 
  289.000  0.000000e+00 
  290.000  0.000000e+00 
  291.000  0.000000e+00 
  292.000  0.000000e+00 
  293.000  2.050756e-12 
  294.000  7.684223e-11 
  295.000  7.265170e-10 
  296.000  1.946436e-08 
  297.000  1.294018e-07 
  298.000  1.250754e-06 
  299.000  5.801421e-06 
  300.000  2.957847e-05 
  301.000  1.089593e-04 
  302.000  3.262996e-04 
  303.000  1.257516e-03 
  304.000  1.919152e-03 
  305.000  5.735432e-03 
  306.000  1.005810e-02 
  307.000  2.094948e-02 
  308.000  3.227251e-02 
  309.000  4.927164e-02 
  310.000  8.527587e-02 
  311.000  1.033800e-01 
  312.000  1.407087e-01 
  313.000  1.954107e-01 
  314.000  2.141329e-01 
  315.000  2.971101e-01 
  316.000  3.133571e-01 
  317.000  3.876932e-01 
  318.000  4.213137e-01 
  319.000  5.648913e-01 
  320.000  4.450294e-01 
  321.000  6.703364e-01 
  322.000  5.463204e-01 
  323.000  6.473548e-01 
  324.000  7.967798e-01 
  325.000  6.533114e-01 
  326.000  8.096783e-01 
  327.000  8.413529e-01 
  328.000  7.273174e-01 
  329.000  9.083011e-01 
  330.000  9.202554e-01 
  331.000  8.109704e-01 
  332.000  9.303958e-01 
  333.000  9.368137e-01 
  334.000  8.953757e-01 
  335.000  9.597578e-01 
  336.000  9.726762e-01 
  337.000  9.262535e-01 
  338.000  9.609753e-01 
  339.000  9.788259e-01 
  340.000  9.533667e-01 
  341.000  9.773188e-01 
  342.000  9.854242e-01 
  343.000  9.829602e-01 
  344.000  9.581129e-01 
  345.000  9.837742e-01 
  346.000  9.881415e-01 
  347.000  9.851116e-01 
  348.000  9.881526e-01 
  349.000  9.914221e-01 
  350.000  9.929469e-01 
  351.000  9.935412e-01 
  352.000  9.939627e-01 
  353.000  9.943957e-01 
  354.000  9.929273e-01 
  355.000  9.925132e-01 
  356.000  9.928011e-01 
  357.000  9.902540e-01 
  358.000  9.888675e-01 
  359.000  9.873275e-01 
  360.000  9.856008e-01 
  361.000  9.844643e-01 
  362.000  9.868290e-01 
  363.000  9.890836e-01 
  364.000  9.912256e-01 
  365.000  9.910990e-01 
  366.000  9.922027e-01 
  367.000  9.925468e-01 
  368.000  9.923580e-01 
  369.000  9.926728e-01 
  370.000  9.925192e-01 
  371.000  9.929943e-01 
  372.000  9.915038e-01 
  373.000  9.921808e-01 
  374.000  9.923289e-01 
  375.000  9.925694e-01 
  376.000  9.910342e-01 
  377.000  9.907900e-01 
  378.000  9.903402e-01 
  379.000  9.884903e-01 
  380.000  9.863825e-01 
  381.000  9.871327e-01 
  382.000  9.888697e-01 
  383.000  9.908414e-01 
  384.000  9.910089e-01 
  385.000  9.914745e-01 
  386.000  9.918458e-01 
  387.000  9.917392e-01 
  388.000  9.915448e-01 
  389.000  9.914995e-01 
  390.000  9.914764e-01 
  391.000  9.916752e-01 
  392.000  9.906574e-01 
  393.000  9.921306e-01 
  394.000  9.921429e-01 
  395.000  9.919503e-01 
  396.000  9.914631e-01 
  397.000  9.921960e-01 
  398.000  9.907683e-01 
  399.000  9.918332e-01 
  400.000  9.905333e-01 
  401.000  9.908317e-01 
  402.000  9.919065e-01 
  403.000  9.925355e-01 
  404.000  9.913257e-01 
  405.000  9.909429e-01 
  406.000  9.920159e-01 
  407.000  9.928610e-01 
  408.000  9.912990e-01 
  409.000  9.904257e-01 
  410.000  9.908356e-01 
  411.000  9.906235e-01 
  412.000  9.917505e-01 
  413.000  9.902287e-01 
  414.000  9.908459e-01 
  415.000  9.909583e-01 
  416.000  9.922658e-01 
  417.000  9.920767e-01 
  418.000  9.913133e-01 
  419.000  9.914597e-01 
  420.000  9.906876e-01 
  421.000  9.904399e-01 
  422.000  9.900975e-01 
  423.000  9.905523e-01 
  424.000  9.896340e-01 
  425.000  9.906130e-01 
  426.000  9.917745e-01 
  427.000  9.906974e-01 
  428.000  9.896736e-01 
  429.000  9.913342e-01 
  430.000  9.913151e-01 
  431.000  9.894741e-01 
  432.000  9.911287e-01 
  433.000  9.907417e-01 
  434.000  9.897200e-01 
  435.000  9.876541e-01 
  436.000  9.893780e-01 
  437.000  9.912381e-01 
  438.000  9.915721e-01 
  439.000  9.872266e-01 
  440.000  9.886040e-01 
  441.000  9.903871e-01 
  442.000  9.907503e-01 
  443.000  9.892502e-01 
  444.000  9.881635e-01 
  445.000  9.854688e-01 
  446.000  9.867543e-01 
  447.000  9.885302e-01 
  448.000  9.843664e-01 
  449.000  9.877673e-01 
  450.000  9.889269e-01 
  451.000  9.887155e-01 
  452.000  9.884686e-01 
  453.000  9.883676e-01 
  454.000  9.890448e-01 
  455.000  9.879072e-01 
  456.000  9.874156e-01 
  457.000  9.875790e-01 
  458.000  9.847050e-01 
  459.000  9.853793e-01 
  460.000  9.837013e-01 
  461.000  9.837666e-01 
  462.000  9.846941e-01 
  463.000  9.822204e-01 
  464.000  9.834274e-01 
  465.000  9.840412e-01 
  466.000  9.848583e-01 
  467.000  9.832828e-01 
  468.000  9.836201e-01 
  469.000  9.833261e-01 
  470.000  9.826292e-01 
  471.000  9.828693e-01 
  472.000  9.809228e-01 
  473.000  9.786057e-01 
  474.000  9.739629e-01 
  475.000  9.706307e-01 
  476.000  9.681606e-01 
  477.000  9.665341e-01 
  478.000  9.659103e-01 
  479.000  9.661859e-01 
  480.000  9.666619e-01 
  481.000  9.696972e-01 
  482.000  9.717988e-01 
  483.000  9.732096e-01 
  484.000  9.728663e-01 
  485.000  9.718129e-01 
  486.000  9.717906e-01 
  487.000  9.727967e-01 
  488.000  9.719434e-01 
  489.000  9.707662e-01 
  490.000  9.721263e-01 
  491.000  9.727270e-01 
  492.000  9.721182e-01 
  493.000  9.714366e-01 
  494.000  9.702666e-01 
  495.000  9.698713e-01 
  496.000  9.682578e-01 
  497.000  9.671888e-01 
  498.000  9.662977e-01 
  499.000  9.647825e-01 
  500.000  9.630809e-01 
  501.000  9.607762e-01 
  502.000  9.552397e-01 
  503.000  9.494977e-01 
  504.000  9.441136e-01 
  505.000  9.474072e-01 
  506.000  9.454181e-01 
  507.000  9.445316e-01 
  508.000  9.480172e-01 
  509.000  9.497512e-01 
  510.000  9.513771e-01 
  511.000  9.512990e-01 
  512.000  9.515861e-01 
  513.000  9.524300e-01 
  514.000  9.525118e-01 
  515.000  9.528472e-01 
  516.000  9.519383e-01 
  517.000  9.508466e-01 
  518.000  9.500136e-01 
  519.000  9.482917e-01 
  520.000  9.475285e-01 
  521.000  9.459006e-01 
  522.000  9.448205e-01 
  523.000  9.431564e-01 
  524.000  9.410000e-01 
  525.000  9.383069e-01 
  526.000  9.357325e-01 
  527.000  9.328458e-01 
  528.000  9.301885e-01 
  529.000  9.272474e-01 
  530.000  9.255367e-01 
  531.000  9.240391e-01 
  532.000  9.228836e-01 
  533.000  9.222593e-01 
  534.000  9.213753e-01 
  535.000  9.211273e-01 
  536.000  9.207102e-01 
  537.000  9.200463e-01 
  538.000  9.194839e-01 
  539.000  9.181218e-01 
  540.000  9.176840e-01 
  541.000  9.128566e-01 
  542.000  9.128931e-01 
  543.000  9.140629e-01 
  544.000  9.134884e-01 
  545.000  9.098894e-01 
  546.000  9.075811e-01 
  547.000  9.095570e-01 
  548.000  9.107622e-01 
  549.000  9.105620e-01 
  550.000  9.092181e-01 
  551.000  9.102042e-01 
  552.000  9.091009e-01 
  553.000  9.077866e-01 
  554.000  9.070666e-01 
  555.000  9.061260e-01 
  556.000  9.039412e-01 
  557.000  9.011958e-01 
  558.000  8.987769e-01 
  559.000  8.954794e-01 
  560.000  8.926858e-01 
  561.000  8.902801e-01 
  562.000  8.882662e-01 
  563.000  8.857259e-01 
  564.000  8.830489e-01 
  565.000  8.808008e-01 
  566.000  8.787585e-01 
  567.000  8.759606e-01 
  568.000  8.732057e-01 
  569.000  8.610307e-01 
  570.000  8.570297e-01 
  571.000  8.596601e-01 
  572.000  8.531873e-01 
  573.000  8.547969e-01 
  574.000  8.508133e-01 
  575.000  8.514934e-01 
  576.000  8.500449e-01 
  577.000  8.498164e-01 
  578.000  8.544336e-01 
  579.000  8.566405e-01 
  580.000  8.590256e-01 
  581.000  8.625840e-01 
  582.000  8.655432e-01 
  583.000  8.686326e-01 
  584.000  8.722804e-01 
  585.000  8.728803e-01 
  586.000  8.745674e-01 
  587.000  8.744113e-01 
  588.000  8.697959e-01 
  589.000  8.379145e-01 
  590.000  8.339266e-01 
  591.000  8.468202e-01 
  592.000  8.213383e-01 
  593.000  8.593863e-01 
  594.000  8.390395e-01 
  595.000  8.485370e-01 
  596.000  8.541948e-01 
  597.000  8.559309e-01 
  598.000  8.545279e-01 
  599.000  8.614460e-01 
  600.000  8.613629e-01 
  601.000  8.651810e-01 
  602.000  8.669421e-01 
  603.000  8.673990e-01 
  604.000  8.685619e-01 
  605.000  8.686792e-01 
  606.000  8.705778e-01 
  607.000  8.721545e-01 
  608.000  8.740472e-01 
  609.000  8.748284e-01 
  610.000  8.763784e-01 
  611.000  8.776279e-01 
  612.000  8.794103e-01 
  613.000  8.809783e-01 
  614.000  8.820925e-01 
  615.000  8.833959e-01 
  616.000  8.852897e-01 
  617.000  8.866531e-01 
  618.000  8.875002e-01 
  619.000  8.888244e-01 
  620.000  8.898918e-01 
  621.000  8.905245e-01 
  622.000  8.908005e-01 
  623.000  8.912209e-01 
  624.000  8.912820e-01 
  625.000  8.915277e-01 
  626.000  8.909276e-01 
  627.000  8.894842e-01 
  628.000  8.494545e-01 
  629.000  8.696163e-01 
  630.000  8.790218e-01 
  631.000  8.901684e-01 
  632.000  8.917888e-01 
  633.000  8.953686e-01 
  634.000  8.990400e-01 
  635.000  9.007939e-01 
  636.000  9.040207e-01 
  637.000  9.085845e-01 
  638.000  9.130820e-01 
  639.000  9.155035e-01 
  640.000  9.173748e-01 
  641.000  9.194369e-01 
  642.000  9.221937e-01 
  643.000  9.215643e-01 
  644.000  9.240730e-01 
  645.000  9.244354e-01 
  646.000  9.141846e-01 
  647.000  9.026200e-01 
  648.000  8.886048e-01 
  649.000  8.989553e-01 
  650.000  9.243056e-01 
  651.000  9.282106e-01 
  652.000  9.217362e-01 
  653.000  9.301649e-01 
  654.000  9.290858e-01 
  655.000  9.034917e-01 
  656.000  9.218673e-01 
  657.000  9.271096e-01 
  658.000  9.362813e-01 
  659.000  9.418070e-01 
  660.000  9.411452e-01 
  661.000  9.441868e-01 
  662.000  9.444153e-01 
  663.000  9.438568e-01 
  664.000  9.459324e-01 
  665.000  9.470969e-01 
  666.000  9.481542e-01 
  667.000  9.498501e-01 
  668.000  9.505576e-01 
  669.000  9.516510e-01 
  670.000  9.525012e-01 
  671.000  9.537880e-01 
  672.000  9.540195e-01 
  673.000  9.550533e-01 
  674.000  9.554145e-01 
  675.000  9.565119e-01 
  676.000  9.567649e-01 
  677.000  9.574081e-01 
  678.000  9.583048e-01 
  679.000  9.588256e-01 
  680.000  9.597088e-01 
  681.000  9.598522e-01 
  682.000  9.616102e-01 
  683.000  9.607404e-01 
  684.000  9.617664e-01 
  685.000  9.637946e-01 
  686.000  9.639887e-01 
  687.000  5.973060e-01 
  688.000  7.731572e-01 
  689.000  8.273782e-01 
  690.000  8.667449e-01 
  691.000  8.935961e-01 
  692.000  9.381220e-01 
  693.000  9.067360e-01 
  694.000  8.553943e-01 
  695.000  9.082558e-01 
  696.000  8.932105e-01 
  697.000  9.606085e-01 
  698.000  9.598876e-01 
  699.000  9.249420e-01 
  700.000  9.315770e-01 
  701.000  9.009523e-01 
  702.000  9.149329e-01 
  703.000  9.281437e-01 
  704.000  9.347623e-01 
  705.000  9.369739e-01 
  706.000  9.464628e-01 
  707.000  9.549831e-01 
  708.000  9.638479e-01 
  709.000  9.637942e-01 
  710.000  9.592385e-01 
  711.000  9.676540e-01 
  712.000  9.636974e-01 
  713.000  9.704384e-01 
  714.000  9.632230e-01 
  715.000  9.462364e-01 
  716.000  9.500936e-01 
  717.000  8.909708e-01 
  718.000  7.663940e-01 
  719.000  7.097669e-01 
  720.000  7.487295e-01 
  721.000  9.183347e-01 
  722.000  9.133438e-01 
  723.000  9.019344e-01 
  724.000  7.600158e-01 
  725.000  7.675522e-01 
  726.000  8.536203e-01 
  727.000  8.102832e-01 
  728.000  7.508469e-01 
  729.000  7.728902e-01 
  730.000  8.615305e-01 
  731.000  8.229710e-01 
  732.000  8.480590e-01 
  733.000  9.209246e-01 
  734.000  9.545114e-01 
  735.000  9.273036e-01 
  736.000  9.460245e-01 
  737.000  9.452754e-01 
  738.000  9.581335e-01 
  739.000  9.614977e-01 
  740.000  9.772238e-01 
  741.000  9.843990e-01 
  742.000  9.842074e-01 
  743.000  9.840434e-01 
  744.000  9.859216e-01 
  745.000  9.867124e-01 
  746.000  9.880090e-01 
  747.000  9.880767e-01 
  748.000  9.884059e-01 
  749.000  9.882821e-01 
  750.000  9.886322e-01 
  751.000  9.885379e-01 
  752.000  9.897088e-01 
  753.000  9.899480e-01 
  754.000  9.900110e-01 
  755.000  9.900499e-01 
  756.000  9.900194e-01 
  757.000  9.908594e-01 
  758.000  9.912053e-01 
  759.000  9.778386e-01 
  760.000  2.689794e-01 
  761.000  1.309309e-01 
  762.000  5.532385e-01 
  763.000  4.262919e-01 
  764.000  5.185722e-01 
  765.000  6.840174e-01 
  766.000  8.371691e-01 
  767.000  8.971874e-01 
  768.000  9.661039e-01 
  769.000  9.837397e-01 
  770.000  9.838935e-01 
  771.000  9.903558e-01 
  772.000  9.919520e-01 
  773.000  9.919029e-01 
  774.000  9.917241e-01 
  775.000  9.918168e-01 
  776.000  9.918391e-01 
  777.000  9.918406e-01 
  778.000  9.918304e-01 
  779.000  9.917981e-01 
  780.000  9.917723e-01 
  781.000  9.920277e-01 
  782.000  9.919356e-01 
  783.000  9.923005e-01 
  784.000  9.912800e-01 
  785.000  9.899247e-01 
  786.000  9.836048e-01 
  787.000  9.840600e-01 
  788.000  9.733346e-01 
  789.000  9.713665e-01 
  790.000  9.516264e-01 
  791.000  9.536208e-01 
  792.000  9.603328e-01 
  793.000  9.666930e-01 
  794.000  9.916843e-01 
  795.000  9.810851e-01 
  796.000  9.285151e-01 
  797.000  9.687898e-01 
  798.000  9.702524e-01 
  799.000  9.774745e-01 
  800.000  9.544503e-01 
  801.000  9.446019e-01 
  802.000  9.601366e-01 
  803.000  9.547048e-01 
  804.000  9.538230e-01 
  805.000  9.659904e-01 
  806.000  9.854593e-01 
  807.000  9.727054e-01 
  808.000  9.852188e-01 
  809.000  9.646894e-01 
  810.000  9.551060e-01 
  811.000  9.614508e-01 
  812.000  9.389454e-01 
  813.000  9.029795e-01 
  814.000  8.404016e-01 
  815.000  7.953081e-01 
  816.000  8.294290e-01 
  817.000  6.782585e-01 
  818.000  7.903177e-01 
  819.000  8.172279e-01 
  820.000  7.769297e-01 
  821.000  9.455664e-01 
  822.000  9.094690e-01 
  823.000  6.323396e-01 
  824.000  8.668648e-01 
  825.000  9.279801e-01 
  826.000  8.678827e-01 
  827.000  9.242855e-01 
  828.000  7.925012e-01 
  829.000  8.946201e-01 
  830.000  8.738070e-01 
  831.000  8.788709e-01 
  832.000  8.817831e-01 
  833.000  9.183831e-01 
  834.000  9.279518e-01 
  835.000  9.467863e-01 
  836.000  9.549051e-01 
  837.000  9.468895e-01 
  838.000  9.689798e-01 
  839.000  9.751822e-01 
  840.000  9.783580e-01 
  841.000  9.783580e-01 
  842.000  9.614335e-01 
  843.000  9.911634e-01 
  844.000  9.718616e-01 
  845.000  9.866641e-01 
  846.000  9.909053e-01 
  847.000  9.942784e-01 
  848.000  9.895904e-01 
  849.000  9.913100e-01 
  850.000  9.901048e-01 
  851.000  9.877613e-01 
  852.000  9.951584e-01 
  853.000  9.956763e-01 
  854.000  9.948362e-01 
  855.000  9.948362e-01 
  856.000  9.953685e-01 
  857.000  9.989763e-01 
  858.000  9.952512e-01 
  859.000  9.973853e-01 
  860.000  9.997208e-01 
  861.000  9.986111e-01 
  862.000  9.995641e-01 
  863.000  9.996390e-01 
  864.000  9.998602e-01 
  865.000  9.998602e-01 
  866.000  9.998996e-01 
  867.000  9.999775e-01 
  868.000  9.999029e-01 
  869.000  9.996968e-01 
  870.000  9.996200e-01 
  871.000  9.998397e-01 
  872.000  9.998882e-01 
  873.000  9.995142e-01 
  874.000  9.995142e-01 
  875.000  9.999524e-01 
  876.000  9.999593e-01 
  877.000  9.995887e-01 
  878.000  9.993882e-01 
  879.000  9.992781e-01 
  880.000  9.996753e-01 
  881.000  9.996753e-01 
  882.000  9.976892e-01 
  883.000  9.979529e-01 
  884.000  9.982058e-01 
  885.000  9.985474e-01 
  886.000  9.865778e-01 
  887.000  9.973314e-01 
  888.000  9.973314e-01 
  889.000  9.947480e-01 
  890.000  9.880609e-01 
  891.000  9.974020e-01 
  892.000  9.864455e-01 
  893.000  9.637004e-01 
  894.000  9.637004e-01 
  895.000  9.211751e-01 
  896.000  8.678029e-01 
  897.000  7.405675e-01 
  898.000  8.470082e-01 
  899.000  6.506026e-01 
  900.000  6.506026e-01 
  901.000  6.963581e-01 
  902.000  7.398577e-01 
  903.000  7.903756e-01 
  904.000  9.161759e-01 
  905.000  8.979005e-01 
  906.000  8.979005e-01 
  907.000  7.351294e-01 
  908.000  7.234485e-01 
  909.000  7.265791e-01 
  910.000  6.898764e-01 
  911.000  6.898764e-01 
  912.000  8.126689e-01 
  913.000  7.436566e-01 
  914.000  7.163329e-01 
  915.000  6.654564e-01 
  916.000  6.654564e-01 
  917.000  8.008673e-01 
  918.000  6.846989e-01 
  919.000  8.127357e-01 
  920.000  9.095851e-01 
  921.000  9.095851e-01 
  922.000  8.693144e-01 
  923.000  8.596738e-01 
  924.000  8.184791e-01 
  925.000  8.184791e-01 
  926.000  8.356513e-01 
  927.000  8.647384e-01 
  928.000  6.879027e-01 
  929.000  6.547220e-01 
  930.000  6.547220e-01 
  931.000  5.209166e-01 
  932.000  3.298998e-01 
  933.000  2.849104e-01 
  934.000  2.849104e-01 
  935.000  2.866923e-01 
  936.000  2.536671e-01 
  937.000  1.951133e-01 
  938.000  1.951133e-01 
  939.000  3.597942e-01 
  940.000  5.008674e-01 
  941.000  4.535724e-01 
  942.000  4.535724e-01 
  943.000  3.379691e-01 
  944.000  3.521922e-01 
  945.000  4.415774e-01 
  946.000  4.415774e-01 
  947.000  3.477720e-01 
  948.000  4.089425e-01 
  949.000  4.687736e-01 
  950.000  4.687736e-01 
  951.000  5.163170e-01 
  952.000  3.406704e-01 
  953.000  5.338847e-01 
  954.000  5.338847e-01 
  955.000  5.383023e-01 
  956.000  4.051955e-01 
  957.000  6.093226e-01 
  958.000  6.093226e-01 
  959.000  4.667275e-01 
  960.000  5.386742e-01 
  961.000  5.386742e-01 
  962.000  6.276558e-01 
  963.000  6.804550e-01 
  964.000  5.693384e-01 
  965.000  5.693384e-01 
  966.000  6.465439e-01 
  967.000  7.737439e-01 
  968.000  7.737439e-01 
  969.000  8.094033e-01 
  970.000  8.557772e-01 
  971.000  8.851368e-01 
  972.000  8.851368e-01 
  973.000  8.459052e-01 
  974.000  7.303655e-01 
  975.000  7.303655e-01 
  976.000  7.244872e-01 
  977.000  8.405085e-01 
  978.000  8.205798e-01 
  979.000  8.205798e-01 
  980.000  8.230943e-01 
  981.000  9.334626e-01 
  982.000  9.334626e-01 
  983.000  9.052514e-01 
  984.000  9.284695e-01 
  985.000  9.284695e-01 
  986.000  9.821721e-01 
  987.000  9.606849e-01 
  988.000  9.606849e-01 
  989.000  9.914455e-01 
  990.000  9.776835e-01 
  991.000  9.776835e-01 
  992.000  9.865676e-01 
  993.000  9.853446e-01 
  994.000  9.853446e-01 
  995.000  9.972743e-01 
  996.000  9.974996e-01 
  997.000  9.974996e-01 
  998.000  9.971635e-01 
  999.000  9.958862e-01 
 1000.000  9.958862e-01 
 1001.000  9.967529e-01 
 1002.000  9.789279e-01 
 1003.000  9.789279e-01 
 1004.000  9.962615e-01 
 1005.000  9.975298e-01 
 1006.000  9.975298e-01 
 1007.000  9.981081e-01 
 1008.000  9.935707e-01 
 1009.000  9.935707e-01 
 1010.000  9.791664e-01 
 1011.000  9.972079e-01 
 1012.000  9.972079e-01 
 1013.000  9.980773e-01 
 1014.000  9.975642e-01 
 1015.000  9.975642e-01 
 1016.000  9.981413e-01 
 1017.000  9.973952e-01 
 1018.000  9.973952e-01 
 1019.000  9.954203e-01 
 1020.000  9.983544e-01 
 1021.000  9.983544e-01 
 1022.000  9.956664e-01 
 1023.000  9.956664e-01 
 1024.000  9.954657e-01 
 1025.000  9.982266e-01 
 1026.000  9.982266e-01 
 1027.000  9.968148e-01 
 1028.000  9.984000e-01 
 1029.000  9.984000e-01 
 1030.000  9.990970e-01 
 1031.000  9.987465e-01 
 1032.000  9.987465e-01 
 1033.000  9.989405e-01 
 1034.000  9.989405e-01 
 1035.000  9.991882e-01 
 1036.000  9.984411e-01 
 1037.000  9.984411e-01 
 1038.000  9.982889e-01 
 1039.000  9.973831e-01 
 1040.000  9.973831e-01 
 1041.000  9.968399e-01 
 1042.000  9.968399e-01 
 1043.000  9.960847e-01 
 1044.000  9.949682e-01 
 1045.000  9.949682e-01 
 1046.000  9.934381e-01 
 1047.000  9.934381e-01 
 1048.000  9.919159e-01 
 1049.000  9.888819e-01 
 1050.000  9.888819e-01 
 1051.000  9.875253e-01 
 1052.000  9.875253e-01 
 1053.000  9.854631e-01 
 1054.000  9.836965e-01 
 1055.000  9.836965e-01 
 1056.000  9.817031e-01 
 1057.000  9.817031e-01 
 1058.000  9.798201e-01 
 1059.000  9.779916e-01 
 1060.000  9.779916e-01 
 1061.000  9.768189e-01 
 1062.000  9.768189e-01 
 1063.000  9.747275e-01 
 1064.000  9.725034e-01 
 1065.000  9.725034e-01 
 1066.000  9.753461e-01 
 1067.000  9.753461e-01 
 1068.000  9.736769e-01 
 1069.000  9.745564e-01 
 1070.000  9.745564e-01 
 1071.000  9.776359e-01 
 1072.000  9.776359e-01 
 1073.000  9.793229e-01 
 1074.000  9.793229e-01 
 1075.000  9.705166e-01 
 1076.000  9.678192e-01 
 1077.000  9.678192e-01 
 1078.000  9.784404e-01 
 1079.000  9.784404e-01 
 1080.000  9.681296e-01 
 1081.000  9.681296e-01 
 1082.000  9.719490e-01 
 1083.000  9.634164e-01 
 1084.000  9.634164e-01 
 1085.000  9.440560e-01 
 1086.000  9.440560e-01 
 1087.000  9.741385e-01 
 1088.000  9.741385e-01 
 1089.000  9.580808e-01 
 1090.000  9.510418e-01 
 1091.000  9.510418e-01 
 1092.000  9.270998e-01 
 1093.000  9.270998e-01 
 1094.000  9.305525e-01 
 1095.000  9.305525e-01 
 1096.000  9.156304e-01 
 1097.000  9.156304e-01 
 1098.000  8.931407e-01 
 1099.000  8.203106e-01 
 1100.000  8.203106e-01 
 1101.000  8.257518e-01 
 1102.000  8.257518e-01 
 1103.000  7.940244e-01 
 1104.000  7.940244e-01 
 1105.000  7.730989e-01 
 1106.000  7.730989e-01 
 1107.000  7.789035e-01 
 1108.000  7.789035e-01 
 1109.000  7.258326e-01 
 1110.000  7.151634e-01 
 1111.000  7.151634e-01 
 1112.000  6.471757e-01 
 1113.000  6.471757e-01 
 1114.000  5.539507e-01 
 1115.000  5.539507e-01 
 1116.000  2.981828e-01 
 1117.000  2.981828e-01 
 1118.000  3.905127e-01 
 1119.000  3.905127e-01 
 1120.000  2.937323e-01 
 1121.000  2.937323e-01 
 1122.000  1.507538e-01 
 1123.000  3.364011e-01 
 1124.000  3.364011e-01 
 1125.000  1.565468e-01 
 1126.000  1.565468e-01 
 1127.000  1.991629e-01 
 1128.000  1.991629e-01 
 1129.000  1.831262e-01 
 1130.000  1.831262e-01 
 1131.000  4.880154e-01 
 1132.000  4.880154e-01 
 1133.000  2.078659e-01 
 1134.000  2.078659e-01 
 1135.000  1.113642e-01 
 1136.000  1.113642e-01 
 1137.000  4.775742e-01 
 1138.000  4.775742e-01 
 1139.000  4.481662e-01 
 1140.000  4.481662e-01 
 1141.000  4.197644e-01 
 1142.000  4.197644e-01 
 1143.000  4.767528e-01 
 1144.000  4.767528e-01 
 1145.000  2.299630e-01 
 1146.000  2.299630e-01 
 1147.000  2.418493e-01 
 1148.000  2.418493e-01 
 1149.000  3.843678e-01 
 1150.000  3.843678e-01 
 1151.000  4.583843e-01 
 1152.000  4.583843e-01 
 1153.000  4.216257e-01 
 1154.000  4.216257e-01 
 1155.000  4.922043e-01 
 1156.000  4.922043e-01 
 1157.000  6.112545e-01 
 1158.000  6.112545e-01 
 1159.000  6.957477e-01 
 1160.000  6.957477e-01 
 1161.000  6.749089e-01 
 1162.000  6.749089e-01 
 1163.000  8.018675e-01 
 1164.000  8.018675e-01 
 1165.000  7.498121e-01 
 1166.000  7.498121e-01 
 1167.000  8.283945e-01 
 1168.000  8.283945e-01 
 1169.000  8.323056e-01 
 1170.000  8.323056e-01 
 1171.000  8.600987e-01 
 1172.000  8.600987e-01 
 1173.000  7.302352e-01 
 1174.000  7.302352e-01 
 1175.000  9.186075e-01 
 1176.000  9.186075e-01 
 1177.000  7.993546e-01 
 1178.000  7.993546e-01 
 1179.000  8.903806e-01 
 1180.000  8.903806e-01 
 1181.000  7.358605e-01 
 1182.000  7.358605e-01 
 1183.000  8.405086e-01 
 1184.000  8.405086e-01 
 1185.000  8.665307e-01 
 1186.000  8.665307e-01 
 1187.000  7.628779e-01 
 1188.000  7.628779e-01 
 1189.000  7.628779e-01 
 1190.000  8.455875e-01 
 1191.000  8.455875e-01 
 1192.000  9.266833e-01 
 1193.000  9.266833e-01 
 1194.000  8.694975e-01 
 1195.000  8.694975e-01 
 1196.000  8.767430e-01 
 1197.000  8.767430e-01 
 1198.000  8.261594e-01 
 1199.000  8.261594e-01 
 1200.000  8.310899e-01 
