  250.000  0.000000e+00 
  251.000  0.000000e+00 
  252.000  0.000000e+00 
  253.000  0.000000e+00 
  254.000  0.000000e+00 
  255.000  0.000000e+00 
  256.000  0.000000e+00 
  257.000  0.000000e+00 
  258.000  0.000000e+00 
  259.000  0.000000e+00 
  260.000  0.000000e+00 
  261.000  0.000000e+00 
  262.000  0.000000e+00 
  263.000  0.000000e+00 
  264.000  0.000000e+00 
  265.000  0.000000e+00 
  266.000  0.000000e+00 
  267.000  0.000000e+00 
  268.000  0.000000e+00 
  269.000  0.000000e+00 
  270.000  0.000000e+00 
  271.000  0.000000e+00 
  272.000  0.000000e+00 
  273.000  0.000000e+00 
  274.000  0.000000e+00 
  275.000  0.000000e+00 
  276.000  0.000000e+00 
  277.000  0.000000e+00 
  278.000  0.000000e+00 
  279.000  0.000000e+00 
  280.000  0.000000e+00 
  281.000  0.000000e+00 
  282.000  0.000000e+00 
  283.000  0.000000e+00 
  284.000  0.000000e+00 
  285.000  0.000000e+00 
  286.000  0.000000e+00 
  287.000  0.000000e+00 
  288.000  0.000000e+00 
  289.000  0.000000e+00 
  290.000  0.000000e+00 
  291.000  0.000000e+00 
  292.000  0.000000e+00 
  293.000  1.312170e-11 
  294.000  3.829533e-10 
  295.000  3.101027e-09 
  296.000  6.622432e-08 
  297.000  3.863489e-07 
  298.000  3.193479e-06 
  299.000  1.332510e-05 
  300.000  6.071872e-05 
  301.000  2.044357e-04 
  302.000  5.676192e-04 
  303.000  1.993183e-03 
  304.000  2.954483e-03 
  305.000  8.187437e-03 
  306.000  1.381255e-02 
  307.000  2.734983e-02 
  308.000  4.089517e-02 
  309.000  6.064052e-02 
  310.000  1.010561e-01 
  311.000  1.208945e-01 
  312.000  1.610858e-01 
  313.000  2.186999e-01 
  314.000  2.381459e-01 
  315.000  3.230487e-01 
  316.000  3.394654e-01 
  317.000  4.138742e-01 
  318.000  4.471929e-01 
  319.000  5.875852e-01 
  320.000  4.705849e-01 
  321.000  6.890848e-01 
  322.000  5.695797e-01 
  323.000  6.670632e-01 
  324.000  8.093616e-01 
  325.000  6.727762e-01 
  326.000  8.215534e-01 
  327.000  8.514363e-01 
  328.000  7.434646e-01 
  329.000  9.143459e-01 
  330.000  9.255448e-01 
  331.000  8.227739e-01 
  332.000  9.350366e-01 
  333.000  9.410402e-01 
  334.000  9.022259e-01 
  335.000  9.624802e-01 
  336.000  9.745364e-01 
  337.000  9.311600e-01 
  338.000  9.636172e-01 
  339.000  9.802718e-01 
  340.000  9.565118e-01 
  341.000  9.788664e-01 
  342.000  9.864226e-01 
  343.000  9.841260e-01 
  344.000  9.609445e-01 
  345.000  9.848847e-01 
  346.000  9.889548e-01 
  347.000  9.861312e-01 
  348.000  9.889651e-01 
  349.000  9.920114e-01 
  350.000  9.934317e-01 
  351.000  9.939853e-01 
  352.000  9.943778e-01 
  353.000  9.947812e-01 
  354.000  9.934135e-01 
  355.000  9.930278e-01 
  356.000  9.932959e-01 
  357.000  9.909230e-01 
  358.000  9.896312e-01 
  359.000  9.881963e-01 
  360.000  9.865871e-01 
  361.000  9.855279e-01 
  362.000  9.877318e-01 
  363.000  9.898328e-01 
  364.000  9.918283e-01 
  365.000  9.917104e-01 
  366.000  9.927385e-01 
  367.000  9.930590e-01 
  368.000  9.928832e-01 
  369.000  9.931763e-01 
  370.000  9.930333e-01 
  371.000  9.934759e-01 
  372.000  9.920874e-01 
  373.000  9.927181e-01 
  374.000  9.928561e-01 
  375.000  9.930801e-01 
  376.000  9.916500e-01 
  377.000  9.914224e-01 
  378.000  9.910033e-01 
  379.000  9.892799e-01 
  380.000  9.873157e-01 
  381.000  9.880148e-01 
  382.000  9.896333e-01 
  383.000  9.914703e-01 
  384.000  9.916264e-01 
  385.000  9.920601e-01 
  386.000  9.924061e-01 
  387.000  9.923066e-01 
  388.000  9.921256e-01 
  389.000  9.920834e-01 
  390.000  9.920619e-01 
  391.000  9.922470e-01 
  392.000  9.912989e-01 
  393.000  9.926714e-01 
  394.000  9.926827e-01 
  395.000  9.925034e-01 
  396.000  9.920495e-01 
  397.000  9.927447e-01 
  398.000  9.914044e-01 
  399.000  9.924034e-01 
  400.000  9.911857e-01 
  401.000  9.914614e-01 
  402.000  9.924625e-01 
  403.000  9.930485e-01 
  404.000  9.919215e-01 
  405.000  9.915649e-01 
  406.000  9.925645e-01 
  407.000  9.933516e-01 
  408.000  9.918966e-01 
  409.000  9.910831e-01 
  410.000  9.914650e-01 
  411.000  9.912672e-01 
  412.000  9.923172e-01 
  413.000  9.908995e-01 
  414.000  9.914745e-01 
  415.000  9.915870e-01 
  416.000  9.927993e-01 
  417.000  9.926250e-01 
  418.000  9.919108e-01 
  419.000  9.920514e-01 
  420.000  9.913271e-01 
  421.000  9.910964e-01 
  422.000  9.907778e-01 
  423.000  9.912010e-01 
  424.000  9.903455e-01 
  425.000  9.912575e-01 
  426.000  9.923463e-01 
  427.000  9.913362e-01 
  428.000  9.903824e-01 
  429.000  9.919312e-01 
  430.000  9.919116e-01 
  431.000  9.901965e-01 
  432.000  9.917380e-01 
  433.000  9.913775e-01 
  434.000  9.904256e-01 
  435.000  9.885006e-01 
  436.000  9.901068e-01 
  437.000  9.918399e-01 
  438.000  9.921510e-01 
  439.000  9.881026e-01 
  440.000  9.893891e-01 
  441.000  9.910502e-01 
  442.000  9.915320e-01 
  443.000  9.903809e-01 
  444.000  9.890010e-01 
  445.000  9.870896e-01 
  446.000  9.884116e-01 
  447.000  9.893263e-01 
  448.000  9.854468e-01 
  449.000  9.886090e-01 
  450.000  9.896867e-01 
  451.000  9.894896e-01 
  452.000  9.892596e-01 
  453.000  9.891932e-01 
  454.000  9.897965e-01 
  455.000  9.887362e-01 
  456.000  9.882784e-01 
  457.000  9.884309e-01 
  458.000  9.857524e-01 
  459.000  9.863808e-01 
  460.000  9.848168e-01 
  461.000  9.848775e-01 
  462.000  9.857422e-01 
  463.000  9.834364e-01 
  464.000  9.845615e-01 
  465.000  9.851336e-01 
  466.000  9.859573e-01 
  467.000  9.844376e-01 
  468.000  9.847447e-01 
  469.000  9.848970e-01 
  470.000  9.843963e-01 
  471.000  9.840603e-01 
  472.000  9.822641e-01 
  473.000  9.800846e-01 
  474.000  9.757418e-01 
  475.000  9.728537e-01 
  476.000  9.703255e-01 
  477.000  9.688060e-01 
  478.000  9.682235e-01 
  479.000  9.684809e-01 
  480.000  9.689249e-01 
  481.000  9.717573e-01 
  482.000  9.737180e-01 
  483.000  9.750344e-01 
  484.000  9.747161e-01 
  485.000  9.739740e-01 
  486.000  9.740048e-01 
  487.000  9.746584e-01 
  488.000  9.738644e-01 
  489.000  9.727879e-01 
  490.000  9.740320e-01 
  491.000  9.746024e-01 
  492.000  9.740205e-01 
  493.000  9.733823e-01 
  494.000  9.722889e-01 
  495.000  9.719197e-01 
  496.000  9.704143e-01 
  497.000  9.694167e-01 
  498.000  9.685851e-01 
  499.000  9.671803e-01 
  500.000  9.656309e-01 
  501.000  9.636893e-01 
  502.000  9.598352e-01 
  503.000  9.562626e-01 
  504.000  9.539582e-01 
  505.000  9.526328e-01 
  506.000  9.527594e-01 
  507.000  9.527854e-01 
  508.000  9.540228e-01 
  509.000  9.543689e-01 
  510.000  9.549939e-01 
  511.000  9.550925e-01 
  512.000  9.552100e-01 
  513.000  9.556903e-01 
  514.000  9.557918e-01 
  515.000  9.560269e-01 
  516.000  9.551790e-01 
  517.000  9.541577e-01 
  518.000  9.533793e-01 
  519.000  9.517704e-01 
  520.000  9.510573e-01 
  521.000  9.495360e-01 
  522.000  9.485266e-01 
  523.000  9.469719e-01 
  524.000  9.451117e-01 
  525.000  9.428856e-01 
  526.000  9.400419e-01 
  527.000  9.376022e-01 
  528.000  9.349008e-01 
  529.000  9.323634e-01 
  530.000  9.305754e-01 
  531.000  9.291007e-01 
  532.000  9.280359e-01 
  533.000  9.274238e-01 
  534.000  9.266305e-01 
  535.000  9.263636e-01 
  536.000  9.259794e-01 
  537.000  9.253685e-01 
  538.000  9.248306e-01 
  539.000  9.239138e-01 
  540.000  9.236332e-01 
  541.000  9.215567e-01 
  542.000  9.206666e-01 
  543.000  9.204401e-01 
  544.000  9.198048e-01 
  545.000  9.178203e-01 
  546.000  9.169342e-01 
  547.000  9.174088e-01 
  548.000  9.172071e-01 
  549.000  9.169273e-01 
  550.000  9.162349e-01 
  551.000  9.162045e-01 
  552.000  9.152345e-01 
  553.000  9.138690e-01 
  554.000  9.131891e-01 
  555.000  9.123074e-01 
  556.000  9.102588e-01 
  557.000  9.076850e-01 
  558.000  9.054166e-01 
  559.000  9.023285e-01 
  560.000  8.997312e-01 
  561.000  8.974932e-01 
  562.000  8.955693e-01 
  563.000  8.931878e-01 
  564.000  8.906677e-01 
  565.000  8.885531e-01 
  566.000  8.866339e-01 
  567.000  8.843905e-01 
  568.000  8.819077e-01 
  569.000  8.750263e-01 
  570.000  8.708568e-01 
  571.000  8.702858e-01 
  572.000  8.670112e-01 
  573.000  8.658833e-01 
  574.000  8.632620e-01 
  575.000  8.621067e-01 
  576.000  8.615905e-01 
  577.000  8.618020e-01 
  578.000  8.643005e-01 
  579.000  8.662918e-01 
  580.000  8.682372e-01 
  581.000  8.715671e-01 
  582.000  8.747086e-01 
  583.000  8.775085e-01 
  584.000  8.814190e-01 
  585.000  8.826278e-01 
  586.000  8.840728e-01 
  587.000  8.842571e-01 
  588.000  8.833051e-01 
  589.000  8.714355e-01 
  590.000  8.705016e-01 
  591.000  8.747604e-01 
  592.000  8.641682e-01 
  593.000  8.782206e-01 
  594.000  8.702189e-01 
  595.000  8.734974e-01 
  596.000  8.745789e-01 
  597.000  8.748339e-01 
  598.000  8.734741e-01 
  599.000  8.750072e-01 
  600.000  8.740276e-01 
  601.000  8.753521e-01 
  602.000  8.762664e-01 
  603.000  8.766413e-01 
  604.000  8.771768e-01 
  605.000  8.773795e-01 
  606.000  8.790618e-01 
  607.000  8.804232e-01 
  608.000  8.822006e-01 
  609.000  8.829343e-01 
  610.000  8.844008e-01 
  611.000  8.855662e-01 
  612.000  8.872387e-01 
  613.000  8.887115e-01 
  614.000  8.897579e-01 
  615.000  8.909820e-01 
  616.000  8.927608e-01 
  617.000  8.940403e-01 
  618.000  8.948355e-01 
  619.000  8.960786e-01 
  620.000  8.970806e-01 
  621.000  8.976747e-01 
  622.000  8.979353e-01 
  623.000  8.983316e-01 
  624.000  8.984423e-01 
  625.000  8.986263e-01 
  626.000  8.981665e-01 
  627.000  8.976071e-01 
  628.000  8.654860e-01 
  629.000  8.805690e-01 
  630.000  8.870407e-01 
  631.000  8.974703e-01 
  632.000  9.009219e-01 
  633.000  9.035635e-01 
  634.000  9.070596e-01 
  635.000  9.081672e-01 
  636.000  9.119090e-01 
  637.000  9.163407e-01 
  638.000  9.193236e-01 
  639.000  9.220916e-01 
  640.000  9.237569e-01 
  641.000  9.263244e-01 
  642.000  9.279188e-01 
  643.000  9.283391e-01 
  644.000  9.298252e-01 
  645.000  9.307548e-01 
  646.000  9.277951e-01 
  647.000  9.243160e-01 
  648.000  9.193791e-01 
  649.000  9.242404e-01 
  650.000  9.343798e-01 
  651.000  9.360471e-01 
  652.000  9.346021e-01 
  653.000  9.379725e-01 
  654.000  9.388439e-01 
  655.000  9.292764e-01 
  656.000  9.371003e-01 
  657.000  9.394772e-01 
  658.000  9.435580e-01 
  659.000  9.462160e-01 
  660.000  9.463177e-01 
  661.000  9.481698e-01 
  662.000  9.484773e-01 
  663.000  9.491092e-01 
  664.000  9.501811e-01 
  665.000  9.510712e-01 
  666.000  9.519843e-01 
  667.000  9.533324e-01 
  668.000  9.539980e-01 
  669.000  9.550490e-01 
  670.000  9.557052e-01 
  671.000  9.569065e-01 
  672.000  9.571226e-01 
  673.000  9.580880e-01 
  674.000  9.584266e-01 
  675.000  9.594508e-01 
  676.000  9.597182e-01 
  677.000  9.602888e-01 
  678.000  9.611256e-01 
  679.000  9.616285e-01 
  680.000  9.625140e-01 
  681.000  9.628893e-01 
  682.000  9.643627e-01 
  683.000  9.644172e-01 
  684.000  9.656152e-01 
  685.000  9.665139e-01 
  686.000  9.671452e-01 
  687.000  6.110552e-01 
  688.000  7.853355e-01 
  689.000  8.369448e-01 
  690.000  8.757627e-01 
  691.000  9.031076e-01 
  692.000  9.488294e-01 
  693.000  9.403952e-01 
  694.000  9.271184e-01 
  695.000  9.487411e-01 
  696.000  9.417604e-01 
  697.000  9.701383e-01 
  698.000  9.701048e-01 
  699.000  9.570863e-01 
  700.000  9.602426e-01 
  701.000  9.491017e-01 
  702.000  9.546183e-01 
  703.000  9.594719e-01 
  704.000  9.621772e-01 
  705.000  9.635882e-01 
  706.000  9.674278e-01 
  707.000  9.708519e-01 
  708.000  9.742095e-01 
  709.000  9.744115e-01 
  710.000  9.729679e-01 
  711.000  9.763094e-01 
  712.000  9.749966e-01 
  713.000  9.777452e-01 
  714.000  9.752611e-01 
  715.000  9.696163e-01 
  716.000  9.710990e-01 
  717.000  9.493351e-01 
  718.000  8.829586e-01 
  719.000  8.261541e-01 
  720.000  8.856202e-01 
  721.000  9.604472e-01 
  722.000  9.582899e-01 
  723.000  9.540984e-01 
  724.000  8.686698e-01 
  725.000  8.944646e-01 
  726.000  9.355125e-01 
  727.000  9.156249e-01 
  728.000  8.859152e-01 
  729.000  9.008974e-01 
  730.000  9.383610e-01 
  731.000  9.229088e-01 
  732.000  9.341204e-01 
  733.000  9.630134e-01 
  734.000  9.757197e-01 
  735.000  9.655752e-01 
  736.000  9.727909e-01 
  737.000  9.726919e-01 
  738.000  9.775826e-01 
  739.000  9.788536e-01 
  740.000  9.845607e-01 
  741.000  9.871145e-01 
  742.000  9.872669e-01 
  743.000  9.872687e-01 
  744.000  9.879942e-01 
  745.000  9.883318e-01 
  746.000  9.889709e-01 
  747.000  9.891831e-01 
  748.000  9.893795e-01 
  749.000  9.894357e-01 
  750.000  9.896988e-01 
  751.000  9.897813e-01 
  752.000  9.905218e-01 
  753.000  9.907065e-01 
  754.000  9.908761e-01 
  755.000  9.910493e-01 
  756.000  9.911256e-01 
  757.000  9.914961e-01 
  758.000  9.918289e-01 
  759.000  9.793011e-01 
  760.000  2.839618e-01 
  761.000  1.459204e-01 
  762.000  5.664880e-01 
  763.000  4.425786e-01 
  764.000  5.335048e-01 
  765.000  6.953878e-01 
  766.000  8.450473e-01 
  767.000  9.032372e-01 
  768.000  9.682439e-01 
  769.000  9.848533e-01 
  770.000  9.849789e-01 
  771.000  9.910189e-01 
  772.000  9.925066e-01 
  773.000  9.924610e-01 
  774.000  9.923852e-01 
  775.000  9.924055e-01 
  776.000  9.924032e-01 
  777.000  9.924045e-01 
  778.000  9.923957e-01 
  779.000  9.923674e-01 
  780.000  9.923450e-01 
  781.000  9.925839e-01 
  782.000  9.926969e-01 
  783.000  9.929009e-01 
  784.000  9.926413e-01 
  785.000  9.922691e-01 
  786.000  9.901699e-01 
  787.000  9.905294e-01 
  788.000  9.866107e-01 
  789.000  9.861017e-01 
  790.000  9.788070e-01 
  791.000  9.796264e-01 
  792.000  9.823148e-01 
  793.000  9.844077e-01 
  794.000  9.940444e-01 
  795.000  9.905041e-01 
  796.000  9.707685e-01 
  797.000  9.861166e-01 
  798.000  9.866537e-01 
  799.000  9.894283e-01 
  800.000  9.808224e-01 
  801.000  9.771104e-01 
  802.000  9.831121e-01 
  803.000  9.810548e-01 
  804.000  9.806310e-01 
  805.000  9.850253e-01 
  806.000  9.920581e-01 
  807.000  9.874043e-01 
  808.000  9.918392e-01 
  809.000  9.843936e-01 
  810.000  9.809228e-01 
  811.000  9.833374e-01 
  812.000  9.751233e-01 
  813.000  9.604410e-01 
  814.000  9.339042e-01 
  815.000  9.053643e-01 
  816.000  9.258984e-01 
  817.000  8.209584e-01 
  818.000  8.925819e-01 
  819.000  9.215564e-01 
  820.000  8.809937e-01 
  821.000  9.777712e-01 
  822.000  9.639536e-01 
  823.000  7.844458e-01 
  824.000  9.470586e-01 
  825.000  9.703194e-01 
  826.000  9.454124e-01 
  827.000  9.694481e-01 
  828.000  9.085919e-01 
  829.000  9.568934e-01 
  830.000  9.471836e-01 
  831.000  9.495139e-01 
  832.000  9.519643e-01 
  833.000  9.679945e-01 
  834.000  9.706523e-01 
  835.000  9.785433e-01 
  836.000  9.813676e-01 
  837.000  9.783500e-01 
  838.000  9.868089e-01 
  839.000  9.889247e-01 
  840.000  9.900961e-01 
  841.000  9.900961e-01 
  842.000  9.838765e-01 
  843.000  9.945834e-01 
  844.000  9.876330e-01 
  845.000  9.930113e-01 
  846.000  9.944783e-01 
  847.000  9.956151e-01 
  848.000  9.940001e-01 
  849.000  9.945738e-01 
  850.000  9.947273e-01 
  851.000  9.956533e-01 
  852.000  9.983689e-01 
  853.000  9.985234e-01 
  854.000  9.982257e-01 
  855.000  9.982257e-01 
  856.000  9.984144e-01 
  857.000  9.996513e-01 
  858.000  9.983732e-01 
  859.000  9.991062e-01 
  860.000  9.999059e-01 
  861.000  9.995260e-01 
  862.000  9.998499e-01 
  863.000  9.996783e-01 
  864.000  9.999536e-01 
  865.000  9.999536e-01 
  866.000  9.999152e-01 
  867.000  9.999874e-01 
  868.000  9.999186e-01 
  869.000  9.997293e-01 
  870.000  9.998664e-01 
  871.000  9.998680e-01 
  872.000  9.999630e-01 
  873.000  9.998353e-01 
  874.000  9.998353e-01 
  875.000  9.999887e-01 
  876.000  9.999915e-01 
  877.000  9.998659e-01 
  878.000  9.998010e-01 
  879.000  9.997639e-01 
  880.000  9.999006e-01 
  881.000  9.999006e-01 
  882.000  9.992296e-01 
  883.000  9.993127e-01 
  884.000  9.994084e-01 
  885.000  9.995279e-01 
  886.000  9.953529e-01 
  887.000  9.991235e-01 
  888.000  9.991235e-01 
  889.000  9.982485e-01 
  890.000  9.958542e-01 
  891.000  9.991588e-01 
  892.000  9.954099e-01 
  893.000  9.874588e-01 
  894.000  9.874588e-01 
  895.000  9.685061e-01 
  896.000  9.458696e-01 
  897.000  8.621156e-01 
  898.000  9.385537e-01 
  899.000  7.858135e-01 
  900.000  7.858135e-01 
  901.000  8.225765e-01 
  902.000  8.479774e-01 
  903.000  8.852078e-01 
  904.000  9.684516e-01 
  905.000  9.587837e-01 
  906.000  9.587837e-01 
  907.000  8.628139e-01 
  908.000  8.435853e-01 
  909.000  8.553759e-01 
  910.000  8.337885e-01 
  911.000  8.337885e-01 
  912.000  9.236957e-01 
  913.000  8.791905e-01 
  914.000  8.517970e-01 
  915.000  8.097917e-01 
  916.000  8.097917e-01 
  917.000  9.214595e-01 
  918.000  8.327172e-01 
  919.000  9.093153e-01 
  920.000  9.669051e-01 
  921.000  9.669051e-01 
  922.000  9.493538e-01 
  923.000  9.449386e-01 
  924.000  9.297341e-01 
  925.000  9.297341e-01 
  926.000  9.364749e-01 
  927.000  9.490870e-01 
  928.000  8.515161e-01 
  929.000  8.353086e-01 
  930.000  8.353086e-01 
  931.000  7.103388e-01 
  932.000  5.311958e-01 
  933.000  5.458130e-01 
  934.000  5.458130e-01 
  935.000  4.964952e-01 
  936.000  4.649081e-01 
  937.000  4.383252e-01 
  938.000  4.383252e-01 
  939.000  5.890660e-01 
  940.000  7.230702e-01 
  941.000  6.761060e-01 
  942.000  6.761060e-01 
  943.000  5.713052e-01 
  944.000  5.819405e-01 
  945.000  6.592817e-01 
  946.000  6.592817e-01 
  947.000  5.833846e-01 
  948.000  6.087174e-01 
  949.000  6.811565e-01 
  950.000  6.811565e-01 
  951.000  6.942403e-01 
  952.000  5.868467e-01 
  953.000  7.271416e-01 
  954.000  7.271416e-01 
  955.000  7.279554e-01 
  956.000  6.172636e-01 
  957.000  7.756992e-01 
  958.000  7.756992e-01 
  959.000  6.713325e-01 
  960.000  7.469351e-01 
  961.000  7.469351e-01 
  962.000  7.917638e-01 
  963.000  8.471856e-01 
  964.000  7.479060e-01 
  965.000  7.479060e-01 
  966.000  8.120709e-01 
  967.000  8.892732e-01 
  968.000  8.892732e-01 
  969.000  9.116052e-01 
  970.000  9.440831e-01 
  971.000  9.562225e-01 
  972.000  9.562225e-01 
  973.000  9.405518e-01 
  974.000  8.679050e-01 
  975.000  8.679050e-01 
  976.000  8.544722e-01 
  977.000  9.268923e-01 
  978.000  9.162174e-01 
  979.000  9.162174e-01 
  980.000  9.195051e-01 
  981.000  9.759703e-01 
  982.000  9.759703e-01 
  983.000  9.615337e-01 
  984.000  9.736819e-01 
  985.000  9.736819e-01 
  986.000  9.938334e-01 
  987.000  9.859970e-01 
  988.000  9.859970e-01 
  989.000  9.970861e-01 
  990.000  9.922444e-01 
  991.000  9.922444e-01 
  992.000  9.953214e-01 
  993.000  9.949110e-01 
  994.000  9.949110e-01 
  995.000  9.990888e-01 
  996.000  9.991651e-01 
  997.000  9.991651e-01 
  998.000  9.990495e-01 
  999.000  9.986144e-01 
 1000.000  9.986144e-01 
 1001.000  9.989110e-01 
 1002.000  9.925347e-01 
 1003.000  9.925347e-01 
 1004.000  9.987405e-01 
 1005.000  9.991610e-01 
 1006.000  9.991610e-01 
 1007.000  9.993562e-01 
 1008.000  9.978269e-01 
 1009.000  9.978269e-01 
 1010.000  9.926183e-01 
 1011.000  9.990582e-01 
 1012.000  9.990582e-01 
 1013.000  9.993511e-01 
 1014.000  9.991741e-01 
 1015.000  9.991741e-01 
 1016.000  9.993726e-01 
 1017.000  9.991149e-01 
 1018.000  9.991149e-01 
 1019.000  9.984416e-01 
 1020.000  9.994343e-01 
 1021.000  9.994343e-01 
 1022.000  9.985166e-01 
 1023.000  9.985166e-01 
 1024.000  9.984441e-01 
 1025.000  9.993566e-01 
 1026.000  9.993566e-01 
 1027.000  9.988552e-01 
 1028.000  9.993628e-01 
 1029.000  9.993628e-01 
 1030.000  9.995247e-01 
 1031.000  9.993586e-01 
 1032.000  9.993586e-01 
 1033.000  9.993026e-01 
 1034.000  9.993026e-01 
 1035.000  9.992563e-01 
 1036.000  9.985602e-01 
 1037.000  9.985602e-01 
 1038.000  9.984173e-01 
 1039.000  9.976190e-01 
 1040.000  9.976190e-01 
 1041.000  9.970713e-01 
 1042.000  9.970713e-01 
 1043.000  9.963657e-01 
 1044.000  9.953266e-01 
 1045.000  9.953266e-01 
 1046.000  9.939025e-01 
 1047.000  9.939025e-01 
 1048.000  9.924855e-01 
 1049.000  9.896601e-01 
 1050.000  9.896601e-01 
 1051.000  9.883980e-01 
 1052.000  9.883980e-01 
 1053.000  9.864781e-01 
 1054.000  9.848428e-01 
 1055.000  9.848428e-01 
 1056.000  9.829782e-01 
 1057.000  9.829782e-01 
 1058.000  9.812323e-01 
 1059.000  9.795249e-01 
 1060.000  9.795249e-01 
 1061.000  9.784381e-01 
 1062.000  9.784381e-01 
 1063.000  9.766317e-01 
 1064.000  9.753773e-01 
 1065.000  9.753773e-01 
 1066.000  9.770863e-01 
 1067.000  9.770863e-01 
 1068.000  9.760423e-01 
 1069.000  9.778593e-01 
 1070.000  9.778593e-01 
 1071.000  9.799529e-01 
 1072.000  9.799529e-01 
 1073.000  9.815873e-01 
 1074.000  9.815873e-01 
 1075.000  9.797136e-01 
 1076.000  9.799240e-01 
 1077.000  9.799240e-01 
 1078.000  9.851683e-01 
 1079.000  9.851683e-01 
 1080.000  9.824612e-01 
 1081.000  9.824612e-01 
 1082.000  9.852538e-01 
 1083.000  9.831644e-01 
 1084.000  9.831644e-01 
 1085.000  9.765925e-01 
 1086.000  9.765925e-01 
 1087.000  9.885042e-01 
 1088.000  9.885042e-01 
 1089.000  9.834291e-01 
 1090.000  9.809064e-01 
 1091.000  9.809064e-01 
 1092.000  9.726744e-01 
 1093.000  9.726744e-01 
 1094.000  9.740470e-01 
 1095.000  9.740470e-01 
 1096.000  9.685226e-01 
 1097.000  9.685226e-01 
 1098.000  9.601668e-01 
 1099.000  9.243353e-01 
 1100.000  9.243353e-01 
 1101.000  9.262010e-01 
 1102.000  9.262010e-01 
 1103.000  9.108837e-01 
 1104.000  9.108837e-01 
 1105.000  9.008147e-01 
 1106.000  9.008147e-01 
 1107.000  9.010932e-01 
 1108.000  9.010932e-01 
 1109.000  8.716365e-01 
 1110.000  8.482766e-01 
 1111.000  8.482766e-01 
 1112.000  8.039963e-01 
 1113.000  8.039963e-01 
 1114.000  7.348052e-01 
 1115.000  7.348052e-01 
 1116.000  5.136486e-01 
 1117.000  5.136486e-01 
 1118.000  6.185423e-01 
 1119.000  6.185423e-01 
 1120.000  5.395308e-01 
 1121.000  5.395308e-01 
 1122.000  3.491840e-01 
 1123.000  5.682721e-01 
 1124.000  5.682721e-01 
 1125.000  3.830715e-01 
 1126.000  3.830715e-01 
 1127.000  4.462291e-01 
 1128.000  4.462291e-01 
 1129.000  4.426916e-01 
 1130.000  4.426916e-01 
 1131.000  7.210259e-01 
 1132.000  7.210259e-01 
 1133.000  4.597170e-01 
 1134.000  4.597170e-01 
 1135.000  2.722110e-01 
 1136.000  2.722110e-01 
 1137.000  7.298372e-01 
 1138.000  7.298372e-01 
 1139.000  6.664358e-01 
 1140.000  6.664358e-01 
 1141.000  6.516525e-01 
 1142.000  6.516525e-01 
 1143.000  6.952800e-01 
 1144.000  6.952800e-01 
 1145.000  4.925717e-01 
 1146.000  4.925717e-01 
 1147.000  4.817340e-01 
 1148.000  4.817340e-01 
 1149.000  5.964174e-01 
 1150.000  5.964174e-01 
 1151.000  6.934083e-01 
 1152.000  6.934083e-01 
 1153.000  6.468030e-01 
 1154.000  6.468030e-01 
 1155.000  7.020308e-01 
 1156.000  7.020308e-01 
 1157.000  7.775993e-01 
 1158.000  7.775993e-01 
 1159.000  8.562874e-01 
 1160.000  8.562874e-01 
 1161.000  8.377630e-01 
 1162.000  8.377630e-01 
 1163.000  9.034333e-01 
 1164.000  9.034333e-01 
 1165.000  8.766770e-01 
 1166.000  8.766770e-01 
 1167.000  9.255955e-01 
 1168.000  9.255955e-01 
 1169.000  9.261991e-01 
 1170.000  9.261991e-01 
 1171.000  9.387985e-01 
 1172.000  9.387985e-01 
 1173.000  8.706147e-01 
 1174.000  8.706147e-01 
 1175.000  9.685930e-01 
 1176.000  9.685930e-01 
 1177.000  9.074886e-01 
 1178.000  9.074886e-01 
 1179.000  9.518161e-01 
 1180.000  9.518161e-01 
 1181.000  8.599625e-01 
 1182.000  8.599625e-01 
 1183.000  9.269232e-01 
 1184.000  9.269232e-01 
 1185.000  9.479749e-01 
 1186.000  9.479749e-01 
 1187.000  8.719042e-01 
 1188.000  8.719042e-01 
 1189.000  8.719042e-01 
 1190.000  9.267283e-01 
 1191.000  9.267283e-01 
 1192.000  9.723061e-01 
 1193.000  9.723061e-01 
 1194.000  9.403787e-01 
 1195.000  9.403787e-01 
 1196.000  9.533525e-01 
 1197.000  9.533525e-01 
 1198.000  9.229801e-01 
 1199.000  9.229801e-01 
 1200.000  9.203480e-01 
