  250.000  0.000000e+00 
  251.000  0.000000e+00 
  252.000  0.000000e+00 
  253.000  0.000000e+00 
  254.000  0.000000e+00 
  255.000  0.000000e+00 
  256.000  0.000000e+00 
  257.000  0.000000e+00 
  258.000  0.000000e+00 
  259.000  0.000000e+00 
  260.000  0.000000e+00 
  261.000  0.000000e+00 
  262.000  0.000000e+00 
  263.000  0.000000e+00 
  264.000  0.000000e+00 
  265.000  0.000000e+00 
  266.000  0.000000e+00 
  267.000  0.000000e+00 
  268.000  0.000000e+00 
  269.000  0.000000e+00 
  270.000  0.000000e+00 
  271.000  0.000000e+00 
  272.000  0.000000e+00 
  273.000  0.000000e+00 
  274.000  0.000000e+00 
  275.000  0.000000e+00 
  276.000  0.000000e+00 
  277.000  0.000000e+00 
  278.000  0.000000e+00 
  279.000  0.000000e+00 
  280.000  0.000000e+00 
  281.000  0.000000e+00 
  282.000  0.000000e+00 
  283.000  0.000000e+00 
  284.000  0.000000e+00 
  285.000  0.000000e+00 
  286.000  0.000000e+00 
  287.000  0.000000e+00 
  288.000  0.000000e+00 
  289.000  0.000000e+00 
  290.000  0.000000e+00 
  291.000  0.000000e+00 
  292.000  0.000000e+00 
  293.000  2.277589e-06 
  294.000  1.309742e-05 
  295.000  3.874246e-05 
  296.000  1.894802e-04 
  297.000  4.728567e-04 
  298.000  1.413704e-03 
  299.000  2.965179e-03 
  300.000  6.509899e-03 
  301.000  1.221673e-02 
  302.000  2.074523e-02 
  303.000  3.978918e-02 
  304.000  4.879750e-02 
  305.000  8.278056e-02 
  306.000  1.085669e-01 
  307.000  1.547148e-01 
  308.000  1.906014e-01 
  309.000  2.337975e-01 
  310.000  3.046822e-01 
  311.000  3.343571e-01 
  312.000  3.880114e-01 
  313.000  4.546730e-01 
  314.000  4.752056e-01 
  315.000  5.566040e-01 
  316.000  5.710955e-01 
  317.000  6.329059e-01 
  318.000  6.588326e-01 
  319.000  7.590299e-01 
  320.000  6.764826e-01 
  321.000  8.244064e-01 
  322.000  7.468793e-01 
  323.000  8.106387e-01 
  324.000  8.961284e-01 
  325.000  8.142311e-01 
  326.000  9.031026e-01 
  327.000  9.199889e-01 
  328.000  8.575236e-01 
  329.000  9.546300e-01 
  330.000  9.606749e-01 
  331.000  9.037980e-01 
  332.000  9.657708e-01 
  333.000  9.689811e-01 
  334.000  9.480477e-01 
  335.000  9.803662e-01 
  336.000  9.867145e-01 
  337.000  9.636927e-01 
  338.000  9.809666e-01 
  339.000  9.897214e-01 
  340.000  9.772092e-01 
  341.000  9.889854e-01 
  342.000  9.929366e-01 
  343.000  9.917374e-01 
  344.000  9.795548e-01 
  345.000  9.921337e-01 
  346.000  9.942575e-01 
  347.000  9.927846e-01 
  348.000  9.942629e-01 
  349.000  9.958497e-01 
  350.000  9.965888e-01 
  351.000  9.968767e-01 
  352.000  9.970809e-01 
  353.000  9.972906e-01 
  354.000  9.965793e-01 
  355.000  9.963787e-01 
  356.000  9.965181e-01 
  357.000  9.952831e-01 
  358.000  9.946100e-01 
  359.000  9.938620e-01 
  360.000  9.930225e-01 
  361.000  9.924697e-01 
  362.000  9.936198e-01 
  363.000  9.947150e-01 
  364.000  9.957545e-01 
  365.000  9.956930e-01 
  366.000  9.962282e-01 
  367.000  9.963949e-01 
  368.000  9.963034e-01 
  369.000  9.964560e-01 
  370.000  9.963816e-01 
  371.000  9.966118e-01 
  372.000  9.958894e-01 
  373.000  9.962175e-01 
  374.000  9.962894e-01 
  375.000  9.964059e-01 
  376.000  9.956616e-01 
  377.000  9.955432e-01 
  378.000  9.953250e-01 
  379.000  9.944270e-01 
  380.000  9.934028e-01 
  381.000  9.937673e-01 
  382.000  9.946111e-01 
  383.000  9.955680e-01 
  384.000  9.956493e-01 
  385.000  9.958751e-01 
  386.000  9.960551e-01 
  387.000  9.960036e-01 
  388.000  9.959092e-01 
  389.000  9.958873e-01 
  390.000  9.958760e-01 
  391.000  9.959725e-01 
  392.000  9.954788e-01 
  393.000  9.961932e-01 
  394.000  9.961991e-01 
  395.000  9.961058e-01 
  396.000  9.958695e-01 
  397.000  9.962211e-01 
  398.000  9.955320e-01 
  399.000  9.960462e-01 
  400.000  9.954179e-01 
  401.000  9.955633e-01 
  402.000  9.960846e-01 
  403.000  9.963894e-01 
  404.000  9.958029e-01 
  405.000  9.956172e-01 
  406.000  9.961376e-01 
  407.000  9.965471e-01 
  408.000  9.957900e-01 
  409.000  9.953665e-01 
  410.000  9.955653e-01 
  411.000  9.954622e-01 
  412.000  9.960090e-01 
  413.000  9.952708e-01 
  414.000  9.955702e-01 
  415.000  9.956223e-01 
  416.000  9.962581e-01 
  417.000  9.961660e-01 
  418.000  9.957967e-01 
  419.000  9.958663e-01 
  420.000  9.954935e-01 
  421.000  9.953732e-01 
  422.000  9.952071e-01 
  423.000  9.954278e-01 
  424.000  9.949823e-01 
  425.000  9.954573e-01 
  426.000  9.960186e-01 
  427.000  9.954982e-01 
  428.000  9.950014e-01 
  429.000  9.958066e-01 
  430.000  9.957978e-01 
  431.000  9.949046e-01 
  432.000  9.957074e-01 
  433.000  9.955198e-01 
  434.000  9.950240e-01 
  435.000  9.940207e-01 
  436.000  9.948579e-01 
  437.000  9.957604e-01 
  438.000  9.959223e-01 
  439.000  9.938132e-01 
  440.000  9.944811e-01 
  441.000  9.953468e-01 
  442.000  9.954786e-01 
  443.000  9.946752e-01 
  444.000  9.942603e-01 
  445.000  9.927657e-01 
  446.000  9.933551e-01 
  447.000  9.944436e-01 
  448.000  9.924188e-01 
  449.000  9.940748e-01 
  450.000  9.946389e-01 
  451.000  9.945363e-01 
  452.000  9.944164e-01 
  453.000  9.943589e-01 
  454.000  9.946961e-01 
  455.000  9.941435e-01 
  456.000  9.939049e-01 
  457.000  9.939842e-01 
  458.000  9.925867e-01 
  459.000  9.929149e-01 
  460.000  9.920983e-01 
  461.000  9.921300e-01 
  462.000  9.925815e-01 
  463.000  9.913769e-01 
  464.000  9.919648e-01 
  465.000  9.922636e-01 
  466.000  9.926424e-01 
  467.000  9.918910e-01 
  468.000  9.920576e-01 
  469.000  9.917843e-01 
  470.000  9.913972e-01 
  471.000  9.916871e-01 
  472.000  9.907327e-01 
  473.000  9.896083e-01 
  474.000  9.873430e-01 
  475.000  9.856431e-01 
  476.000  9.845001e-01 
  477.000  9.837017e-01 
  478.000  9.833952e-01 
  479.000  9.835307e-01 
  480.000  9.837645e-01 
  481.000  9.852546e-01 
  482.000  9.862849e-01 
  483.000  9.869757e-01 
  484.000  9.868070e-01 
  485.000  9.862161e-01 
  486.000  9.861895e-01 
  487.000  9.867707e-01 
  488.000  9.863521e-01 
  489.000  9.857685e-01 
  490.000  9.864427e-01 
  491.000  9.867337e-01 
  492.000  9.864399e-01 
  493.000  9.861066e-01 
  494.000  9.855337e-01 
  495.000  9.853400e-01 
  496.000  9.845483e-01 
  497.000  9.840234e-01 
  498.000  9.835856e-01 
  499.000  9.828379e-01 
  500.000  9.819877e-01 
  501.000  9.807875e-01 
  502.000  9.776384e-01 
  503.000  9.742447e-01 
  504.000  9.707019e-01 
  505.000  9.737247e-01 
  506.000  9.721213e-01 
  507.000  9.714082e-01 
  508.000  9.737814e-01 
  509.000  9.750358e-01 
  510.000  9.761165e-01 
  511.000  9.760248e-01 
  512.000  9.762147e-01 
  513.000  9.767287e-01 
  514.000  9.767615e-01 
  515.000  9.769520e-01 
  516.000  9.765016e-01 
  517.000  9.759612e-01 
  518.000  9.755484e-01 
  519.000  9.746945e-01 
  520.000  9.743156e-01 
  521.000  9.735072e-01 
  522.000  9.729703e-01 
  523.000  9.721425e-01 
  524.000  9.710197e-01 
  525.000  9.695833e-01 
  526.000  9.684370e-01 
  527.000  9.669106e-01 
  528.000  9.656484e-01 
  529.000  9.641042e-01 
  530.000  9.633048e-01 
  531.000  9.625754e-01 
  532.000  9.619885e-01 
  533.000  9.616834e-01 
  534.000  9.612272e-01 
  535.000  9.611134e-01 
  536.000  9.609012e-01 
  537.000  9.605631e-01 
  538.000  9.602832e-01 
  539.000  9.594828e-01 
  540.000  9.592185e-01 
  541.000  9.560065e-01 
  542.000  9.563108e-01 
  543.000  9.573254e-01 
  544.000  9.570656e-01 
  545.000  9.548072e-01 
  546.000  9.532260e-01 
  547.000  9.546635e-01 
  548.000  9.556996e-01 
  549.000  9.556276e-01 
  550.000  9.547704e-01 
  551.000  9.555709e-01 
  552.000  9.549906e-01 
  553.000  9.543671e-01 
  554.000  9.540033e-01 
  555.000  9.535255e-01 
  556.000  9.524148e-01 
  557.000  9.510176e-01 
  558.000  9.497843e-01 
  559.000  9.480988e-01 
  560.000  9.466621e-01 
  561.000  9.454230e-01 
  562.000  9.444011e-01 
  563.000  9.430950e-01 
  564.000  9.417199e-01 
  565.000  9.405630e-01 
  566.000  9.395095e-01 
  567.000  9.379395e-01 
  568.000  9.364775e-01 
  569.000  9.286554e-01 
  570.000  9.267497e-01 
  571.000  9.290702e-01 
  572.000  9.247801e-01 
  573.000  9.264648e-01 
  574.000  9.240161e-01 
  575.000  9.249581e-01 
  576.000  9.239315e-01 
  577.000  9.236642e-01 
  578.000  9.266853e-01 
  579.000  9.278703e-01 
  580.000  9.292139e-01 
  581.000  9.310759e-01 
  582.000  9.325013e-01 
  583.000  9.341389e-01 
  584.000  9.358729e-01 
  585.000  9.359787e-01 
  586.000  9.368913e-01 
  587.000  9.367062e-01 
  588.000  9.331789e-01 
  589.000  9.097548e-01 
  590.000  9.071989e-01 
  591.000  9.167133e-01 
  592.000  8.977233e-01 
  593.000  9.261600e-01 
  594.000  9.111006e-01 
  595.000  9.187694e-01 
  596.000  9.231450e-01 
  597.000  9.245293e-01 
  598.000  9.237536e-01 
  599.000  9.290049e-01 
  600.000  9.292949e-01 
  601.000  9.319960e-01 
  602.000  9.331501e-01 
  603.000  9.334038e-01 
  604.000  9.341896e-01 
  605.000  9.342215e-01 
  606.000  9.352401e-01 
  607.000  9.360965e-01 
  608.000  9.370770e-01 
  609.000  9.374813e-01 
  610.000  9.382797e-01 
  611.000  9.389279e-01 
  612.000  9.398487e-01 
  613.000  9.406573e-01 
  614.000  9.412315e-01 
  615.000  9.419026e-01 
  616.000  9.428766e-01 
  617.000  9.435774e-01 
  618.000  9.440125e-01 
  619.000  9.446923e-01 
  620.000  9.452397e-01 
  621.000  9.455640e-01 
  622.000  9.457049e-01 
  623.000  9.459197e-01 
  624.000  9.459341e-01 
  625.000  9.460746e-01 
  626.000  9.457335e-01 
  627.000  9.447350e-01 
  628.000  9.216175e-01 
  629.000  9.323598e-01 
  630.000  9.395928e-01 
  631.000  9.453382e-01 
  632.000  9.455634e-01 
  633.000  9.476179e-01 
  634.000  9.494665e-01 
  635.000  9.505391e-01 
  636.000  9.519481e-01 
  637.000  9.542199e-01 
  638.000  9.568923e-01 
  639.000  9.579613e-01 
  640.000  9.589359e-01 
  641.000  9.597724e-01 
  642.000  9.614729e-01 
  643.000  9.608396e-01 
  644.000  9.623737e-01 
  645.000  9.623648e-01 
  646.000  9.551025e-01 
  647.000  9.466990e-01 
  648.000  9.363870e-01 
  649.000  9.435617e-01 
  650.000  9.611059e-01 
  651.000  9.636963e-01 
  652.000  9.589924e-01 
  653.000  9.646598e-01 
  654.000  9.635225e-01 
  655.000  9.449840e-01 
  656.000  9.581750e-01 
  657.000  9.616897e-01 
  658.000  9.677724e-01 
  659.000  9.713095e-01 
  660.000  9.707452e-01 
  661.000  9.725801e-01 
  662.000  9.726637e-01 
  663.000  9.720296e-01 
  664.000  9.733316e-01 
  665.000  9.739695e-01 
  666.000  9.745195e-01 
  667.000  9.754338e-01 
  668.000  9.757838e-01 
  669.000  9.763163e-01 
  670.000  9.767800e-01 
  671.000  9.774173e-01 
  672.000  9.775319e-01 
  673.000  9.780431e-01 
  674.000  9.782212e-01 
  675.000  9.787636e-01 
  676.000  9.788790e-01 
  677.000  9.792058e-01 
  678.000  9.796486e-01 
  679.000  9.799005e-01 
  680.000  9.803168e-01 
  681.000  9.803108e-01 
  682.000  9.812307e-01 
  683.000  9.805397e-01 
  684.000  9.809607e-01 
  685.000  9.822704e-01 
  686.000  9.822258e-01 
  687.000  7.123713e-01 
  688.000  8.748310e-01 
  689.000  9.056326e-01 
  690.000  9.310769e-01 
  691.000  9.434286e-01 
  692.000  9.670892e-01 
  693.000  9.432473e-01 
  694.000  9.030480e-01 
  695.000  9.411852e-01 
  696.000  9.290726e-01 
  697.000  9.786375e-01 
  698.000  9.781095e-01 
  699.000  9.534701e-01 
  700.000  9.580872e-01 
  701.000  9.367895e-01 
  702.000  9.463922e-01 
  703.000  9.551075e-01 
  704.000  9.597790e-01 
  705.000  9.615682e-01 
  706.000  9.680909e-01 
  707.000  9.740176e-01 
  708.000  9.798913e-01 
  709.000  9.798062e-01 
  710.000  9.767047e-01 
  711.000  9.822285e-01 
  712.000  9.794441e-01 
  713.000  9.839419e-01 
  714.000  9.791407e-01 
  715.000  9.672388e-01 
  716.000  9.698634e-01 
  717.000  9.287532e-01 
  718.000  8.236205e-01 
  719.000  7.645966e-01 
  720.000  8.187692e-01 
  721.000  9.469777e-01 
  722.000  9.431376e-01 
  723.000  9.348079e-01 
  724.000  8.118235e-01 
  725.000  8.322098e-01 
  726.000  9.001582e-01 
  727.000  8.664399e-01 
  728.000  8.184629e-01 
  729.000  8.390489e-01 
  730.000  9.050444e-01 
  731.000  8.771950e-01 
  732.000  8.963777e-01 
  733.000  9.482593e-01 
  734.000  9.717051e-01 
  735.000  9.525739e-01 
  736.000  9.658238e-01 
  737.000  9.653145e-01 
  738.000  9.742579e-01 
  739.000  9.763841e-01 
  740.000  9.871691e-01 
  741.000  9.919201e-01 
  742.000  9.917241e-01 
  743.000  9.916109e-01 
  744.000  9.928331e-01 
  745.000  9.933448e-01 
  746.000  9.941494e-01 
  747.000  9.941374e-01 
  748.000  9.943299e-01 
  749.000  9.942183e-01 
  750.000  9.944079e-01 
  751.000  9.943101e-01 
  752.000  9.949856e-01 
  753.000  9.951130e-01 
  754.000  9.951103e-01 
  755.000  9.950874e-01 
  756.000  9.950408e-01 
  757.000  9.955738e-01 
  758.000  9.957384e-01 
  759.000  9.890350e-01 
  760.000  4.281921e-01 
  761.000  3.089888e-01 
  762.000  6.882017e-01 
  763.000  5.889798e-01 
  764.000  6.533267e-01 
  765.000  7.801199e-01 
  766.000  9.064193e-01 
  767.000  9.460534e-01 
  768.000  9.828294e-01 
  769.000  9.921165e-01 
  770.000  9.921200e-01 
  771.000  9.953319e-01 
  772.000  9.961058e-01 
  773.000  9.960820e-01 
  774.000  9.959671e-01 
  775.000  9.960324e-01 
  776.000  9.960504e-01 
  777.000  9.960510e-01 
  778.000  9.960458e-01 
  779.000  9.960294e-01 
  780.000  9.960164e-01 
  781.000  9.961396e-01 
  782.000  9.960341e-01 
  783.000  9.962522e-01 
  784.000  9.955415e-01 
  785.000  9.946170e-01 
  786.000  9.903950e-01 
  787.000  9.905996e-01 
  788.000  9.833296e-01 
  789.000  9.819105e-01 
  790.000  9.680436e-01 
  791.000  9.694543e-01 
  792.000  9.740468e-01 
  793.000  9.781042e-01 
  794.000  9.954186e-01 
  795.000  9.883052e-01 
  796.000  9.516933e-01 
  797.000  9.798892e-01 
  798.000  9.808218e-01 
  799.000  9.858724e-01 
  800.000  9.698046e-01 
  801.000  9.631146e-01 
  802.000  9.740196e-01 
  803.000  9.702251e-01 
  804.000  9.696664e-01 
  805.000  9.780493e-01 
  806.000  9.912084e-01 
  807.000  9.825800e-01 
  808.000  9.910880e-01 
  809.000  9.771322e-01 
  810.000  9.707889e-01 
  811.000  9.751541e-01 
  812.000  9.595415e-01 
  813.000  9.331690e-01 
  814.000  8.871650e-01 
  815.000  8.460820e-01 
  816.000  8.757813e-01 
  817.000  7.370280e-01 
  818.000  8.355514e-01 
  819.000  8.666386e-01 
  820.000  8.223912e-01 
  821.000  9.636293e-01 
  822.000  9.384453e-01 
  823.000  6.925836e-01 
  824.000  9.074245e-01 
  825.000  9.505491e-01 
  826.000  9.060108e-01 
  827.000  9.479276e-01 
  828.000  8.465075e-01 
  829.000  9.262359e-01 
  830.000  9.104386e-01 
  831.000  9.140993e-01 
  832.000  9.167162e-01 
  833.000  9.448551e-01 
  834.000  9.506816e-01 
  835.000  9.645149e-01 
  836.000  9.699305e-01 
  837.000  9.644111e-01 
  838.000  9.799659e-01 
  839.000  9.840901e-01 
  840.000  9.861834e-01 
  841.000  9.861834e-01 
  842.000  9.747002e-01 
  843.000  9.948604e-01 
  844.000  9.817964e-01 
  845.000  9.918846e-01 
  846.000  9.946798e-01 
  847.000  9.969412e-01 
  848.000  9.938221e-01 
  849.000  9.949752e-01 
  850.000  9.939775e-01 
  851.000  9.918185e-01 
  852.000  9.967628e-01 
  853.000  9.971320e-01 
  854.000  9.965575e-01 
  855.000  9.965575e-01 
  856.000  9.969317e-01 
  857.000  9.993207e-01 
  858.000  9.968551e-01 
  859.000  9.982677e-01 
  860.000  9.998136e-01 
  861.000  9.990792e-01 
  862.000  9.997106e-01 
  863.000  9.998200e-01 
  864.000  9.999056e-01 
  865.000  9.999056e-01 
  866.000  9.999473e-01 
  867.000  9.999850e-01 
  868.000  9.999486e-01 
  869.000  9.998479e-01 
  870.000  9.997474e-01 
  871.000  9.999148e-01 
  872.000  9.999227e-01 
  873.000  9.996747e-01 
  874.000  9.996747e-01 
  875.000  9.999627e-01 
  876.000  9.999666e-01 
  877.000  9.997203e-01 
  878.000  9.995837e-01 
  879.000  9.995100e-01 
  880.000  9.997720e-01 
  881.000  9.997720e-01 
  882.000  9.984473e-01 
  883.000  9.986299e-01 
  884.000  9.987870e-01 
  885.000  9.990107e-01 
  886.000  9.909714e-01 
  887.000  9.981917e-01 
  888.000  9.981917e-01 
  889.000  9.964678e-01 
  890.000  9.919658e-01 
  891.000  9.982260e-01 
  892.000  9.908962e-01 
  893.000  9.753890e-01 
  894.000  9.753890e-01 
  895.000  9.433902e-01 
  896.000  9.037825e-01 
  897.000  7.887188e-01 
  898.000  8.889601e-01 
  899.000  7.035586e-01 
  900.000  7.035586e-01 
  901.000  7.494754e-01 
  902.000  7.822619e-01 
  903.000  8.305275e-01 
  904.000  9.408833e-01 
  905.000  9.262608e-01 
  906.000  9.262608e-01 
  907.000  7.869920e-01 
  908.000  7.723022e-01 
  909.000  7.789817e-01 
  910.000  7.471536e-01 
  911.000  7.471536e-01 
  912.000  8.636523e-01 
  913.000  8.019471e-01 
  914.000  7.721372e-01 
  915.000  7.231365e-01 
  916.000  7.231365e-01 
  917.000  8.577169e-01 
  918.000  7.460766e-01 
  919.000  8.531767e-01 
  920.000  9.371155e-01 
  921.000  9.371155e-01 
  922.000  9.074306e-01 
  923.000  8.999001e-01 
  924.000  8.705634e-01 
  925.000  8.705634e-01 
  926.000  8.831278e-01 
  927.000  9.054400e-01 
  928.000  7.571454e-01 
  929.000  7.302222e-01 
  930.000  7.302222e-01 
  931.000  5.955846e-01 
  932.000  4.037053e-01 
  933.000  3.831778e-01 
  934.000  3.831778e-01 
  935.000  3.646992e-01 
  936.000  3.341464e-01 
  937.000  2.817515e-01 
  938.000  2.817515e-01 
  939.000  4.469492e-01 
  940.000  5.940154e-01 
  941.000  5.457081e-01 
  942.000  5.457081e-01 
  943.000  4.323290e-01 
  944.000  4.453316e-01 
  945.000  5.261742e-01 
  946.000  5.261742e-01 
  947.000  4.422329e-01 
  948.000  4.870620e-01 
  949.000  5.584442e-01 
  950.000  5.584442e-01 
  951.000  5.905480e-01 
  952.000  4.372829e-01 
  953.000  6.106167e-01 
  954.000  6.106167e-01 
  955.000  6.156703e-01 
  956.000  4.861577e-01 
  957.000  6.746606e-01 
  958.000  6.746606e-01 
  959.000  5.424634e-01 
  960.000  6.203601e-01 
  961.000  6.203601e-01 
  962.000  6.948271e-01 
  963.000  7.519351e-01 
  964.000  6.374086e-01 
  965.000  6.374086e-01 
  966.000  7.165707e-01 
  967.000  8.222773e-01 
  968.000  8.222773e-01 
  969.000  8.536898e-01 
  970.000  8.972130e-01 
  971.000  9.185973e-01 
  972.000  9.185973e-01 
  973.000  8.907059e-01 
  974.000  7.876561e-01 
  975.000  7.876561e-01 
  976.000  7.778403e-01 
  977.000  8.780568e-01 
  978.000  8.622680e-01 
  979.000  8.622680e-01 
  980.000  8.651102e-01 
  981.000  9.546772e-01 
  982.000  9.546772e-01 
  983.000  9.316221e-01 
  984.000  9.509542e-01 
  985.000  9.509542e-01 
  986.000  9.880688e-01 
  987.000  9.734438e-01 
  988.000  9.734438e-01 
  989.000  9.942826e-01 
  990.000  9.849890e-01 
  991.000  9.849890e-01 
  992.000  9.910349e-01 
  993.000  9.902041e-01 
  994.000  9.902041e-01 
  995.000  9.981710e-01 
  996.000  9.983210e-01 
  997.000  9.983210e-01 
  998.000  9.980990e-01 
  999.000  9.972497e-01 
 1000.000  9.972497e-01 
 1001.000  9.978246e-01 
 1002.000  9.858106e-01 
 1003.000  9.858106e-01 
 1004.000  9.975013e-01 
 1005.000  9.983573e-01 
 1006.000  9.983573e-01 
 1007.000  9.987434e-01 
 1008.000  9.957066e-01 
 1009.000  9.957066e-01 
 1010.000  9.859493e-01 
 1011.000  9.981356e-01 
 1012.000  9.981356e-01 
 1013.000  9.987165e-01 
 1014.000  9.983777e-01 
 1015.000  9.983777e-01 
 1016.000  9.987586e-01 
 1017.000  9.982654e-01 
 1018.000  9.982654e-01 
 1019.000  9.969506e-01 
 1020.000  9.989055e-01 
 1021.000  9.989055e-01 
 1022.000  9.971141e-01 
 1023.000  9.971141e-01 
 1024.000  9.969804e-01 
 1025.000  9.988299e-01 
 1026.000  9.988299e-01 
 1027.000  9.978961e-01 
 1028.000  9.989614e-01 
 1029.000  9.989614e-01 
 1030.000  9.994496e-01 
 1031.000  9.992330e-01 
 1032.000  9.992330e-01 
 1033.000  9.993966e-01 
 1034.000  9.993966e-01 
 1035.000  9.996024e-01 
 1036.000  9.992416e-01 
 1037.000  9.992416e-01 
 1038.000  9.991684e-01 
 1039.000  9.987165e-01 
 1040.000  9.987165e-01 
 1041.000  9.984666e-01 
 1042.000  9.984666e-01 
 1043.000  9.981021e-01 
 1044.000  9.975615e-01 
 1045.000  9.975615e-01 
 1046.000  9.968201e-01 
 1047.000  9.968201e-01 
 1048.000  9.960818e-01 
 1049.000  9.946092e-01 
 1050.000  9.946092e-01 
 1051.000  9.939492e-01 
 1052.000  9.939492e-01 
 1053.000  9.929458e-01 
 1054.000  9.920823e-01 
 1055.000  9.920823e-01 
 1056.000  9.911130e-01 
 1057.000  9.911130e-01 
 1058.000  9.901912e-01 
 1059.000  9.892988e-01 
 1060.000  9.892988e-01 
 1061.000  9.887232e-01 
 1062.000  9.887232e-01 
 1063.000  9.876546e-01 
 1064.000  9.863140e-01 
 1065.000  9.863140e-01 
 1066.000  9.879940e-01 
 1067.000  9.879940e-01 
 1068.000  9.870130e-01 
 1069.000  9.871321e-01 
 1070.000  9.871321e-01 
 1071.000  9.888796e-01 
 1072.000  9.888796e-01 
 1073.000  9.896827e-01 
 1074.000  9.896827e-01 
 1075.000  9.832248e-01 
 1076.000  9.809714e-01 
 1077.000  9.809714e-01 
 1078.000  9.878212e-01 
 1079.000  9.878212e-01 
 1080.000  9.804064e-01 
 1081.000  9.804064e-01 
 1082.000  9.826251e-01 
 1083.000  9.763522e-01 
 1084.000  9.763522e-01 
 1085.000  9.629514e-01 
 1086.000  9.629514e-01 
 1087.000  9.832732e-01 
 1088.000  9.832732e-01 
 1089.000  9.718471e-01 
 1090.000  9.666381e-01 
 1091.000  9.666381e-01 
 1092.000  9.496160e-01 
 1093.000  9.496160e-01 
 1094.000  9.524940e-01 
 1095.000  9.524940e-01 
 1096.000  9.418074e-01 
 1097.000  9.418074e-01 
 1098.000  9.258413e-01 
 1099.000  8.679874e-01 
 1100.000  8.679874e-01 
 1101.000  8.717062e-01 
 1102.000  8.717062e-01 
 1103.000  8.469552e-01 
 1104.000  8.469552e-01 
 1105.000  8.302429e-01 
 1106.000  8.302429e-01 
 1107.000  8.327487e-01 
 1108.000  8.327487e-01 
 1109.000  7.879431e-01 
 1110.000  7.679505e-01 
 1111.000  7.679505e-01 
 1112.000  7.066506e-01 
 1113.000  7.066506e-01 
 1114.000  6.311729e-01 
 1115.000  6.311729e-01 
 1116.000  3.807903e-01 
 1117.000  3.807903e-01 
 1118.000  4.808384e-01 
 1119.000  4.808384e-01 
 1120.000  3.876286e-01 
 1121.000  3.876286e-01 
 1122.000  2.196428e-01 
 1123.000  4.328768e-01 
 1124.000  4.328768e-01 
 1125.000  2.362485e-01 
 1126.000  2.362485e-01 
 1127.000  2.880441e-01 
 1128.000  2.880441e-01 
 1129.000  2.744889e-01 
 1130.000  2.744889e-01 
 1131.000  5.859960e-01 
 1132.000  5.859960e-01 
 1133.000  2.962654e-01 
 1134.000  2.962654e-01 
 1135.000  1.665044e-01 
 1136.000  1.665044e-01 
 1137.000  5.851651e-01 
 1138.000  5.851651e-01 
 1139.000  5.370009e-01 
 1140.000  5.370009e-01 
 1141.000  5.178828e-01 
 1142.000  5.178828e-01 
 1143.000  5.634807e-01 
 1144.000  5.634807e-01 
 1145.000  3.276997e-01 
 1146.000  3.276997e-01 
 1147.000  3.304087e-01 
 1148.000  3.304087e-01 
 1149.000  4.664122e-01 
 1150.000  4.664122e-01 
 1151.000  5.585219e-01 
 1152.000  5.585219e-01 
 1153.000  5.183262e-01 
 1154.000  5.183262e-01 
 1155.000  5.854578e-01 
 1156.000  5.854578e-01 
 1157.000  6.830915e-01 
 1158.000  6.830915e-01 
 1159.000  7.664490e-01 
 1160.000  7.664490e-01 
 1161.000  7.466353e-01 
 1162.000  7.466353e-01 
 1163.000  8.508580e-01 
 1164.000  8.508580e-01 
 1165.000  8.071867e-01 
 1166.000  8.071867e-01 
 1167.000  8.762353e-01 
 1168.000  8.762353e-01 
 1169.000  8.782191e-01 
 1170.000  8.782191e-01 
 1171.000  8.986717e-01 
 1172.000  8.986717e-01 
 1173.000  7.918430e-01 
 1174.000  7.918430e-01 
 1175.000  9.444416e-01 
 1176.000  9.444416e-01 
 1177.000  8.476956e-01 
 1178.000  8.476956e-01 
 1179.000  9.191428e-01 
 1180.000  9.191428e-01 
 1181.000  7.872869e-01 
 1182.000  7.872869e-01 
 1183.000  8.790095e-01 
 1184.000  8.790095e-01 
 1185.000  9.059461e-01 
 1186.000  9.059461e-01 
 1187.000  8.113878e-01 
 1188.000  8.113878e-01 
 1189.000  8.113878e-01 
 1190.000  8.813807e-01 
 1191.000  8.813807e-01 
 1192.000  9.500647e-01 
 1193.000  9.500647e-01 
 1194.000  9.011225e-01 
 1195.000  9.011225e-01 
 1196.000  9.142382e-01 
 1197.000  9.142382e-01 
 1198.000  8.694080e-01 
 1199.000  8.694080e-01 
 1200.000  8.702084e-01 
