  250.000  0.000000e+00 
  251.000  0.000000e+00 
  252.000  0.000000e+00 
  253.000  0.000000e+00 
  254.000  0.000000e+00 
  255.000  0.000000e+00 
  256.000  0.000000e+00 
  257.000  0.000000e+00 
  258.000  0.000000e+00 
  259.000  0.000000e+00 
  260.000  0.000000e+00 
  261.000  0.000000e+00 
  262.000  0.000000e+00 
  263.000  0.000000e+00 
  264.000  0.000000e+00 
  265.000  0.000000e+00 
  266.000  0.000000e+00 
  267.000  0.000000e+00 
  268.000  0.000000e+00 
  269.000  0.000000e+00 
  270.000  0.000000e+00 
  271.000  0.000000e+00 
  272.000  0.000000e+00 
  273.000  0.000000e+00 
  274.000  0.000000e+00 
  275.000  0.000000e+00 
  276.000  0.000000e+00 
  277.000  0.000000e+00 
  278.000  0.000000e+00 
  279.000  0.000000e+00 
  280.000  0.000000e+00 
  281.000  0.000000e+00 
  282.000  0.000000e+00 
  283.000  0.000000e+00 
  284.000  0.000000e+00 
  285.000  0.000000e+00 
  286.000  0.000000e+00 
  287.000  0.000000e+00 
  288.000  0.000000e+00 
  289.000  0.000000e+00 
  290.000  0.000000e+00 
  291.000  0.000000e+00 
  292.000  0.000000e+00 
  293.000  3.319146e-11 
  294.000  8.549038e-10 
  295.000  6.406697e-09 
  296.000  1.221532e-07 
  297.000  6.675722e-07 
  298.000  5.102808e-06 
  299.000  2.019472e-05 
  300.000  8.699523e-05 
  301.000  2.800287e-04 
  302.000  7.486466e-04 
  303.000  2.509364e-03 
  304.000  3.665786e-03 
  305.000  9.782246e-03 
  306.000  1.618648e-02 
  307.000  3.124964e-02 
  308.000  4.603535e-02 
  309.000  6.727375e-02 
  310.000  1.100096e-01 
  311.000  1.307348e-01 
  312.000  1.723557e-01 
  313.000  2.313655e-01 
  314.000  2.511441e-01 
  315.000  3.368551e-01 
  316.000  3.533242e-01 
  317.000  4.276204e-01 
  318.000  4.607226e-01 
  319.000  5.992717e-01 
  320.000  4.839075e-01 
  321.000  6.986547e-01 
  322.000  5.815780e-01 
  323.000  6.771414e-01 
  324.000  8.157268e-01 
  325.000  6.827250e-01 
  326.000  8.275561e-01 
  327.000  8.565232e-01 
  328.000  7.516721e-01 
  329.000  9.173834e-01 
  330.000  9.282010e-01 
  331.000  8.287400e-01 
  332.000  9.373657e-01 
  333.000  9.431606e-01 
  334.000  9.056706e-01 
  335.000  9.638445e-01 
  336.000  9.754679e-01 
  337.000  9.336231e-01 
  338.000  9.649408e-01 
  339.000  9.809955e-01 
  340.000  9.580883e-01 
  341.000  9.796411e-01 
  342.000  9.869222e-01 
  343.000  9.847094e-01 
  344.000  9.623634e-01 
  345.000  9.854404e-01 
  346.000  9.893617e-01 
  347.000  9.866415e-01 
  348.000  9.893716e-01 
  349.000  9.923061e-01 
  350.000  9.936742e-01 
  351.000  9.942074e-01 
  352.000  9.945856e-01 
  353.000  9.949740e-01 
  354.000  9.936566e-01 
  355.000  9.932851e-01 
  356.000  9.935434e-01 
  357.000  9.912578e-01 
  358.000  9.900133e-01 
  359.000  9.886310e-01 
  360.000  9.870807e-01 
  361.000  9.860603e-01 
  362.000  9.881836e-01 
  363.000  9.902075e-01 
  364.000  9.921297e-01 
  365.000  9.920161e-01 
  366.000  9.930065e-01 
  367.000  9.933156e-01 
  368.000  9.931459e-01 
  369.000  9.934282e-01 
  370.000  9.932905e-01 
  371.000  9.937167e-01 
  372.000  9.923795e-01 
  373.000  9.929869e-01 
  374.000  9.931198e-01 
  375.000  9.933356e-01 
  376.000  9.919580e-01 
  377.000  9.917388e-01 
  378.000  9.913351e-01 
  379.000  9.896748e-01 
  380.000  9.877825e-01 
  381.000  9.884561e-01 
  382.000  9.900153e-01 
  383.000  9.917849e-01 
  384.000  9.919353e-01 
  385.000  9.923531e-01 
  386.000  9.926863e-01 
  387.000  9.925906e-01 
  388.000  9.924160e-01 
  389.000  9.923756e-01 
  390.000  9.923548e-01 
  391.000  9.925331e-01 
  392.000  9.916199e-01 
  393.000  9.929419e-01 
  394.000  9.929528e-01 
  395.000  9.927801e-01 
  396.000  9.923427e-01 
  397.000  9.929943e-01 
  398.000  9.917184e-01 
  399.000  9.926704e-01 
  400.000  9.915075e-01 
  401.000  9.917761e-01 
  402.000  9.927407e-01 
  403.000  9.933052e-01 
  404.000  9.922196e-01 
  405.000  9.918761e-01 
  406.000  9.928389e-01 
  407.000  9.935971e-01 
  408.000  9.921955e-01 
  409.000  9.914119e-01 
  410.000  9.917798e-01 
  411.000  9.915894e-01 
  412.000  9.926008e-01 
  413.000  9.912351e-01 
  414.000  9.917890e-01 
  415.000  9.918860e-01 
  416.000  9.930622e-01 
  417.000  9.928917e-01 
  418.000  9.922079e-01 
  419.000  9.923373e-01 
  420.000  9.916469e-01 
  421.000  9.914246e-01 
  422.000  9.911172e-01 
  423.000  9.915254e-01 
  424.000  9.907014e-01 
  425.000  9.915799e-01 
  426.000  9.926190e-01 
  427.000  9.916558e-01 
  428.000  9.907369e-01 
  429.000  9.922264e-01 
  430.000  9.922100e-01 
  431.000  9.905578e-01 
  432.000  9.920428e-01 
  433.000  9.916955e-01 
  434.000  9.907786e-01 
  435.000  9.889242e-01 
  436.000  9.904716e-01 
  437.000  9.921409e-01 
  438.000  9.924405e-01 
  439.000  9.885404e-01 
  440.000  9.897753e-01 
  441.000  9.913757e-01 
  442.000  9.916315e-01 
  443.000  9.901657e-01 
  444.000  9.893689e-01 
  445.000  9.866575e-01 
  446.000  9.877549e-01 
  447.000  9.897062e-01 
  448.000  9.859673e-01 
  449.000  9.890244e-01 
  450.000  9.900666e-01 
  451.000  9.898770e-01 
  452.000  9.896554e-01 
  453.000  9.895514e-01 
  454.000  9.901724e-01 
  455.000  9.891511e-01 
  456.000  9.887100e-01 
  457.000  9.888567e-01 
  458.000  9.862764e-01 
  459.000  9.868819e-01 
  460.000  9.853750e-01 
  461.000  9.854336e-01 
  462.000  9.862666e-01 
  463.000  9.840449e-01 
  464.000  9.851289e-01 
  465.000  9.856802e-01 
  466.000  9.863841e-01 
  467.000  9.849939e-01 
  468.000  9.853004e-01 
  469.000  9.848307e-01 
  470.000  9.841296e-01 
  471.000  9.846184e-01 
  472.000  9.828609e-01 
  473.000  9.807887e-01 
  474.000  9.766222e-01 
  475.000  9.735196e-01 
  476.000  9.714059e-01 
  477.000  9.699433e-01 
  478.000  9.693822e-01 
  479.000  9.696303e-01 
  480.000  9.700584e-01 
  481.000  9.727890e-01 
  482.000  9.746789e-01 
  483.000  9.759473e-01 
  484.000  9.756377e-01 
  485.000  9.745727e-01 
  486.000  9.745280e-01 
  487.000  9.755715e-01 
  488.000  9.748033e-01 
  489.000  9.737340e-01 
  490.000  9.749693e-01 
  491.000  9.755044e-01 
  492.000  9.749638e-01 
  493.000  9.743519e-01 
  494.000  9.733008e-01 
  495.000  9.729456e-01 
  496.000  9.714943e-01 
  497.000  9.705325e-01 
  498.000  9.697309e-01 
  499.000  9.683630e-01 
  500.000  9.668114e-01 
  501.000  9.646350e-01 
  502.000  9.590001e-01 
  503.000  9.529699e-01 
  504.000  9.467717e-01 
  505.000  9.518916e-01 
  506.000  9.491422e-01 
  507.000  9.479209e-01 
  508.000  9.520577e-01 
  509.000  9.542340e-01 
  510.000  9.561277e-01 
  511.000  9.559746e-01 
  512.000  9.563076e-01 
  513.000  9.572179e-01 
  514.000  9.572796e-01 
  515.000  9.576198e-01 
  516.000  9.568003e-01 
  517.000  9.558172e-01 
  518.000  9.550664e-01 
  519.000  9.535144e-01 
  520.000  9.528263e-01 
  521.000  9.513585e-01 
  522.000  9.503844e-01 
  523.000  9.488832e-01 
  524.000  9.468616e-01 
  525.000  9.442866e-01 
  526.000  9.421783e-01 
  527.000  9.394437e-01 
  528.000  9.371498e-01 
  529.000  9.343864e-01 
  530.000  9.329326e-01 
  531.000  9.316152e-01 
  532.000  9.305620e-01 
  533.000  9.300115e-01 
  534.000  9.291953e-01 
  535.000  9.289880e-01 
  536.000  9.286078e-01 
  537.000  9.280020e-01 
  538.000  9.274989e-01 
  539.000  9.260929e-01 
  540.000  9.256305e-01 
  541.000  9.200798e-01 
  542.000  9.205512e-01 
  543.000  9.222572e-01 
  544.000  9.217846e-01 
  545.000  9.178602e-01 
  546.000  9.151444e-01 
  547.000  9.175977e-01 
  548.000  9.193391e-01 
  549.000  9.192027e-01 
  550.000  9.177168e-01 
  551.000  9.190696e-01 
  552.000  9.180386e-01 
  553.000  9.169148e-01 
  554.000  9.162652e-01 
  555.000  9.154134e-01 
  556.000  9.134340e-01 
  557.000  9.109468e-01 
  558.000  9.087543e-01 
  559.000  9.057620e-01 
  560.000  9.032165e-01 
  561.000  9.010239e-01 
  562.000  8.992131e-01 
  563.000  8.969054e-01 
  564.000  8.944777e-01 
  565.000  8.924376e-01 
  566.000  8.905823e-01 
  567.000  8.878517e-01 
  568.000  8.852928e-01 
  569.000  8.719832e-01 
  570.000  8.686137e-01 
  571.000  8.724237e-01 
  572.000  8.651812e-01 
  573.000  8.679020e-01 
  574.000  8.637359e-01 
  575.000  8.652263e-01 
  576.000  8.635092e-01 
  577.000  8.630824e-01 
  578.000  8.681828e-01 
  579.000  8.702381e-01 
  580.000  8.725556e-01 
  581.000  8.758038e-01 
  582.000  8.783244e-01 
  583.000  8.811832e-01 
  584.000  8.842632e-01 
  585.000  8.845001e-01 
  586.000  8.860929e-01 
  587.000  8.857939e-01 
  588.000  8.798974e-01 
  589.000  8.426183e-01 
  590.000  8.374187e-01 
  591.000  8.528635e-01 
  592.000  8.237188e-01 
  593.000  8.682769e-01 
  594.000  8.445917e-01 
  595.000  8.556541e-01 
  596.000  8.628809e-01 
  597.000  8.651639e-01 
  598.000  8.638312e-01 
  599.000  8.725594e-01 
  600.000  8.729787e-01 
  601.000  8.775199e-01 
  602.000  8.794793e-01 
  603.000  8.799196e-01 
  604.000  8.812500e-01 
  605.000  8.813131e-01 
  606.000  8.830901e-01 
  607.000  8.845826e-01 
  608.000  8.863040e-01 
  609.000  8.870144e-01 
  610.000  8.884185e-01 
  611.000  8.895581e-01 
  612.000  8.911787e-01 
  613.000  8.926032e-01 
  614.000  8.936152e-01 
  615.000  8.947991e-01 
  616.000  8.965181e-01 
  617.000  8.977562e-01 
  618.000  8.985250e-01 
  619.000  8.997271e-01 
  620.000  9.006956e-01 
  621.000  9.012696e-01 
  622.000  9.015191e-01 
  623.000  9.018995e-01 
  624.000  9.019291e-01 
  625.000  9.021744e-01 
  626.000  9.015791e-01 
  627.000  8.998778e-01 
  628.000  8.606583e-01 
  629.000  8.804190e-01 
  630.000  8.907421e-01 
  631.000  9.008808e-01 
  632.000  9.014317e-01 
  633.000  9.050164e-01 
  634.000  9.083050e-01 
  635.000  9.101655e-01 
  636.000  9.127327e-01 
  637.000  9.167935e-01 
  638.000  9.214663e-01 
  639.000  9.234184e-01 
  640.000  9.251563e-01 
  641.000  9.267080e-01 
  642.000  9.296795e-01 
  643.000  9.286236e-01 
  644.000  9.313089e-01 
  645.000  9.313424e-01 
  646.000  9.188677e-01 
  647.000  9.049497e-01 
  648.000  8.885120e-01 
  649.000  9.001675e-01 
  650.000  9.293893e-01 
  651.000  9.338832e-01 
  652.000  9.258081e-01 
  653.000  9.356207e-01 
  654.000  9.337277e-01 
  655.000  9.041167e-01 
  656.000  9.249111e-01 
  657.000  9.308406e-01 
  658.000  9.412203e-01 
  659.000  9.474160e-01 
  660.000  9.464557e-01 
  661.000  9.496963e-01 
  662.000  9.498557e-01 
  663.000  9.487984e-01 
  664.000  9.510896e-01 
  665.000  9.522322e-01 
  666.000  9.532242e-01 
  667.000  9.548667e-01 
  668.000  9.555032e-01 
  669.000  9.564743e-01 
  670.000  9.573072e-01 
  671.000  9.584671e-01 
  672.000  9.586759e-01 
  673.000  9.596071e-01 
  674.000  9.599318e-01 
  675.000  9.609207e-01 
  676.000  9.611334e-01 
  677.000  9.617271e-01 
  678.000  9.625349e-01 
  679.000  9.629958e-01 
  680.000  9.637607e-01 
  681.000  9.637702e-01 
  682.000  9.654362e-01 
  683.000  9.642420e-01 
  684.000  9.650340e-01 
  685.000  9.673464e-01 
  686.000  9.673017e-01 
  687.000  6.167347e-01 
  688.000  7.912856e-01 
  689.000  8.414214e-01 
  690.000  8.785644e-01 
  691.000  9.015907e-01 
  692.000  9.409843e-01 
  693.000  9.028640e-01 
  694.000  8.420424e-01 
  695.000  9.018694e-01 
  696.000  8.854360e-01 
  697.000  9.612532e-01 
  698.000  9.603335e-01 
  699.000  9.198554e-01 
  700.000  9.272097e-01 
  701.000  8.916428e-01 
  702.000  9.075896e-01 
  703.000  9.231004e-01 
  704.000  9.306516e-01 
  705.000  9.328393e-01 
  706.000  9.436399e-01 
  707.000  9.533238e-01 
  708.000  9.636319e-01 
  709.000  9.634902e-01 
  710.000  9.580581e-01 
  711.000  9.677797e-01 
  712.000  9.631572e-01 
  713.000  9.708264e-01 
  714.000  9.623726e-01 
  715.000  9.422314e-01 
  716.000  9.468113e-01 
  717.000  8.782216e-01 
  718.000  7.465206e-01 
  719.000  6.885870e-01 
  720.000  7.210655e-01 
  721.000  9.093041e-01 
  722.000  9.038403e-01 
  723.000  8.906083e-01 
  724.000  7.412638e-01 
  725.000  7.421296e-01 
  726.000  8.354078e-01 
  727.000  7.880473e-01 
  728.000  7.243467e-01 
  729.000  7.454681e-01 
  730.000  8.449153e-01 
  731.000  8.011704e-01 
  732.000  8.288310e-01 
  733.000  9.118144e-01 
  734.000  9.506231e-01 
  735.000  9.192002e-01 
  736.000  9.406950e-01 
  737.000  9.397309e-01 
  738.000  9.545541e-01 
  739.000  9.584160e-01 
  740.000  9.767671e-01 
  741.000  9.851843e-01 
  742.000  9.848500e-01 
  743.000  9.846490e-01 
  744.000  9.868230e-01 
  745.000  9.877335e-01 
  746.000  9.891736e-01 
  747.000  9.891633e-01 
  748.000  9.895104e-01 
  749.000  9.893178e-01 
  750.000  9.896629e-01 
  751.000  9.894960e-01 
  752.000  9.907164e-01 
  753.000  9.909490e-01 
  754.000  9.909527e-01 
  755.000  9.909216e-01 
  756.000  9.908438e-01 
  757.000  9.917964e-01 
  758.000  9.921019e-01 
  759.000  9.800349e-01 
  760.000  2.919623e-01 
  761.000  1.541362e-01 
  762.000  5.734925e-01 
  763.000  4.511521e-01 
  764.000  5.412632e-01 
  765.000  7.012237e-01 
  766.000  8.491216e-01 
  767.000  9.063113e-01 
  768.000  9.693224e-01 
  769.000  9.854088e-01 
  770.000  9.855207e-01 
  771.000  9.913484e-01 
  772.000  9.927804e-01 
  773.000  9.927362e-01 
  774.000  9.925311e-01 
  775.000  9.926466e-01 
  776.000  9.926778e-01 
  777.000  9.926792e-01 
  778.000  9.926696e-01 
  779.000  9.926394e-01 
  780.000  9.926154e-01 
  781.000  9.928437e-01 
  782.000  9.926646e-01 
  783.000  9.930574e-01 
  784.000  9.917997e-01 
  785.000  9.901602e-01 
  786.000  9.826715e-01 
  787.000  9.830559e-01 
  788.000  9.706680e-01 
  789.000  9.682376e-01 
  790.000  9.453548e-01 
  791.000  9.477036e-01 
  792.000  9.553154e-01 
  793.000  9.629382e-01 
  794.000  9.916573e-01 
  795.000  9.790551e-01 
  796.000  9.185009e-01 
  797.000  9.647654e-01 
  798.000  9.664852e-01 
  799.000  9.747592e-01 
  800.000  9.482123e-01 
  801.000  9.369077e-01 
  802.000  9.546201e-01 
  803.000  9.483526e-01 
  804.000  9.474154e-01 
  805.000  9.615881e-01 
  806.000  9.841973e-01 
  807.000  9.693592e-01 
  808.000  9.839765e-01 
  809.000  9.601066e-01 
  810.000  9.489666e-01 
  811.000  9.562206e-01 
  812.000  9.300492e-01 
  813.000  8.894987e-01 
  814.000  8.196735e-01 
  815.000  7.739631e-01 
  816.000  8.092802e-01 
  817.000  6.535311e-01 
  818.000  7.714546e-01 
  819.000  7.949964e-01 
  820.000  7.573323e-01 
  821.000  9.376044e-01 
  822.000  8.962688e-01 
  823.000  6.077113e-01 
  824.000  8.478341e-01 
  825.000  9.181199e-01 
  826.000  8.504099e-01 
  827.000  9.133809e-01 
  828.000  7.689272e-01 
  829.000  8.803133e-01 
  830.000  8.577827e-01 
  831.000  8.633105e-01 
  832.000  8.655964e-01 
  833.000  9.061718e-01 
  834.000  9.179581e-01 
  835.000  9.390187e-01 
  836.000  9.485576e-01 
  837.000  9.393496e-01 
  838.000  9.646738e-01 
  839.000  9.720120e-01 
  840.000  9.756562e-01 
  841.000  9.756562e-01 
  842.000  9.560864e-01 
  843.000  9.907051e-01 
  844.000  9.682198e-01 
  845.000  9.854174e-01 
  846.000  9.903870e-01 
  847.000  9.944049e-01 
  848.000  9.888592e-01 
  849.000  9.909061e-01 
  850.000  9.892088e-01 
  851.000  9.856541e-01 
  852.000  9.942359e-01 
  853.000  9.948869e-01 
  854.000  9.939013e-01 
  855.000  9.939013e-01 
  856.000  9.945292e-01 
  857.000  9.987881e-01 
  858.000  9.943925e-01 
  859.000  9.969099e-01 
  860.000  9.996678e-01 
  861.000  9.983572e-01 
  862.000  9.994836e-01 
  863.000  9.996673e-01 
  864.000  9.998320e-01 
  865.000  9.998320e-01 
  866.000  9.999034e-01 
  867.000  9.999734e-01 
  868.000  9.999058e-01 
  869.000  9.997193e-01 
  870.000  9.995495e-01 
  871.000  9.998441e-01 
  872.000  9.998629e-01 
  873.000  9.994204e-01 
  874.000  9.994204e-01 
  875.000  9.999350e-01 
  876.000  9.999421e-01 
  877.000  9.995028e-01 
  878.000  9.992598e-01 
  879.000  9.991286e-01 
  880.000  9.995965e-01 
  881.000  9.995965e-01 
  882.000  9.972355e-01 
  883.000  9.975591e-01 
  884.000  9.978422e-01 
  885.000  9.982417e-01 
  886.000  9.841642e-01 
  887.000  9.967846e-01 
  888.000  9.967846e-01 
  889.000  9.937164e-01 
  890.000  9.859266e-01 
  891.000  9.968489e-01 
  892.000  9.838800e-01 
  893.000  9.570784e-01 
  894.000  9.570784e-01 
  895.000  9.103509e-01 
  896.000  8.505862e-01 
  897.000  7.197741e-01 
  898.000  8.261793e-01 
  899.000  6.263448e-01 
  900.000  6.263448e-01 
  901.000  6.710191e-01 
  902.000  7.199801e-01 
  903.000  7.705486e-01 
  904.000  9.031414e-01 
  905.000  8.839938e-01 
  906.000  8.839938e-01 
  907.000  7.122032e-01 
  908.000  7.003404e-01 
  909.000  7.028633e-01 
  910.000  6.648688e-01 
  911.000  6.648688e-01 
  912.000  7.880330e-01 
  913.000  7.172478e-01 
  914.000  6.916261e-01 
  915.000  6.394687e-01 
  916.000  6.394687e-01 
  917.000  7.731181e-01 
  918.000  6.563036e-01 
  919.000  7.945797e-01 
  920.000  8.947885e-01 
  921.000  8.947885e-01 
  922.000  8.503730e-01 
  923.000  8.398000e-01 
  924.000  7.919494e-01 
  925.000  7.919494e-01 
  926.000  8.115746e-01 
  927.000  8.439323e-01 
  928.000  6.568376e-01 
  929.000  6.209942e-01 
  930.000  6.209942e-01 
  931.000  4.857427e-01 
  932.000  2.973414e-01 
  933.000  2.444030e-01 
  934.000  2.444030e-01 
  935.000  2.532770e-01 
  936.000  2.183604e-01 
  937.000  1.614796e-01 
  938.000  1.614796e-01 
  939.000  3.227688e-01 
  940.000  4.573791e-01 
  941.000  4.099190e-01 
  942.000  4.099190e-01 
  943.000  2.968961e-01 
  944.000  3.121778e-01 
  945.000  4.027735e-01 
  946.000  4.027735e-01 
  947.000  3.070085e-01 
  948.000  3.722330e-01 
  949.000  4.267314e-01 
  950.000  4.267314e-01 
  951.000  4.806804e-01 
  952.000  3.007676e-01 
  953.000  4.988281e-01 
  954.000  4.988281e-01 
  955.000  5.018197e-01 
  956.000  3.714259e-01 
  957.000  5.794088e-01 
  958.000  5.794088e-01 
  959.000  4.341979e-01 
  960.000  5.041382e-01 
  961.000  5.041382e-01 
  962.000  5.971340e-01 
  963.000  6.493682e-01 
  964.000  5.401103e-01 
  965.000  5.401103e-01 
  966.000  6.132208e-01 
  967.000  7.520255e-01 
  968.000  7.520255e-01 
  969.000  7.894608e-01 
  970.000  8.348015e-01 
  971.000  8.677402e-01 
  972.000  8.677402e-01 
  973.000  8.233188e-01 
  974.000  7.048211e-01 
  975.000  7.048211e-01 
  976.000  7.000589e-01 
  977.000  8.233247e-01 
  978.000  8.015240e-01 
  979.000  8.015240e-01 
  980.000  8.038106e-01 
  981.000  9.225094e-01 
  982.000  9.225094e-01 
  983.000  8.925987e-01 
  984.000  9.171246e-01 
  985.000  9.171246e-01 
  986.000  9.789779e-01 
  987.000  9.540598e-01 
  988.000  9.540598e-01 
  989.000  9.898580e-01 
  990.000  9.737078e-01 
  991.000  9.737078e-01 
  992.000  9.842107e-01 
  993.000  9.827490e-01 
  994.000  9.827490e-01 
  995.000  9.967434e-01 
  996.000  9.970106e-01 
  997.000  9.970106e-01 
  998.000  9.966149e-01 
  999.000  9.951019e-01 
 1000.000  9.951019e-01 
 1001.000  9.961262e-01 
 1002.000  9.753423e-01 
 1003.000  9.753423e-01 
 1004.000  9.955493e-01 
 1005.000  9.970712e-01 
 1006.000  9.970712e-01 
 1007.000  9.977588e-01 
 1008.000  9.923568e-01 
 1009.000  9.923568e-01 
 1010.000  9.756155e-01 
 1011.000  9.966780e-01 
 1012.000  9.966780e-01 
 1013.000  9.977127e-01 
 1014.000  9.971084e-01 
 1015.000  9.971084e-01 
 1016.000  9.977877e-01 
 1017.000  9.969081e-01 
 1018.000  9.969081e-01 
 1019.000  9.945667e-01 
 1020.000  9.980484e-01 
 1021.000  9.980484e-01 
 1022.000  9.948581e-01 
 1023.000  9.948581e-01 
 1024.000  9.946204e-01 
 1025.000  9.979119e-01 
 1026.000  9.979119e-01 
 1027.000  9.962471e-01 
 1028.000  9.981433e-01 
 1029.000  9.981433e-01 
 1030.000  9.990088e-01 
 1031.000  9.986192e-01 
 1032.000  9.986192e-01 
 1033.000  9.989043e-01 
 1034.000  9.989043e-01 
 1035.000  9.992634e-01 
 1036.000  9.985936e-01 
 1037.000  9.985936e-01 
 1038.000  9.984577e-01 
 1039.000  9.976231e-01 
 1040.000  9.976231e-01 
 1041.000  9.971563e-01 
 1042.000  9.971563e-01 
 1043.000  9.964800e-01 
 1044.000  9.954779e-01 
 1045.000  9.954779e-01 
 1046.000  9.941044e-01 
 1047.000  9.941044e-01 
 1048.000  9.927378e-01 
 1049.000  9.900140e-01 
 1050.000  9.900140e-01 
 1051.000  9.887948e-01 
 1052.000  9.887948e-01 
 1053.000  9.869419e-01 
 1054.000  9.853495e-01 
 1055.000  9.853495e-01 
 1056.000  9.835619e-01 
 1057.000  9.835619e-01 
 1058.000  9.818647e-01 
 1059.000  9.802222e-01 
 1060.000  9.802222e-01 
 1061.000  9.791638e-01 
 1062.000  9.791638e-01 
 1063.000  9.772117e-01 
 1064.000  9.748160e-01 
 1065.000  9.748160e-01 
 1066.000  9.778258e-01 
 1067.000  9.778258e-01 
 1068.000  9.760672e-01 
 1069.000  9.763682e-01 
 1070.000  9.763682e-01 
 1071.000  9.795166e-01 
 1072.000  9.795166e-01 
 1073.000  9.809999e-01 
 1074.000  9.809999e-01 
 1075.000  9.700682e-01 
 1076.000  9.663848e-01 
 1077.000  9.663848e-01 
 1078.000  9.781170e-01 
 1079.000  9.781170e-01 
 1080.000  9.655795e-01 
 1081.000  9.655795e-01 
 1082.000  9.693643e-01 
 1083.000  9.588970e-01 
 1084.000  9.588970e-01 
 1085.000  9.361699e-01 
 1086.000  9.361699e-01 
 1087.000  9.707191e-01 
 1088.000  9.707191e-01 
 1089.000  9.516921e-01 
 1090.000  9.436313e-01 
 1091.000  9.436313e-01 
 1092.000  9.154127e-01 
 1093.000  9.154127e-01 
 1094.000  9.194927e-01 
 1095.000  9.194927e-01 
 1096.000  9.022952e-01 
 1097.000  9.022952e-01 
 1098.000  8.763385e-01 
 1099.000  7.976558e-01 
 1100.000  7.976558e-01 
 1101.000  8.041540e-01 
 1102.000  8.041540e-01 
 1103.000  7.695162e-01 
 1104.000  7.695162e-01 
 1105.000  7.468880e-01 
 1106.000  7.468880e-01 
 1107.000  7.545645e-01 
 1108.000  7.545645e-01 
 1109.000  6.984391e-01 
 1110.000  6.914247e-01 
 1111.000  6.914247e-01 
 1112.000  6.223038e-01 
 1113.000  6.223038e-01 
 1114.000  5.182207e-01 
 1115.000  5.182207e-01 
 1116.000  2.642893e-01 
 1117.000  2.642893e-01 
 1118.000  3.516379e-01 
 1119.000  3.516379e-01 
 1120.000  2.544207e-01 
 1121.000  2.544207e-01 
 1122.000  1.238912e-01 
 1123.000  2.929156e-01 
 1124.000  2.929156e-01 
 1125.000  1.263801e-01 
 1126.000  1.263801e-01 
 1127.000  1.638355e-01 
 1128.000  1.638355e-01 
 1129.000  1.479940e-01 
 1130.000  1.479940e-01 
 1131.000  4.410366e-01 
 1132.000  4.410366e-01 
 1133.000  1.728072e-01 
 1134.000  1.728072e-01 
 1135.000  9.017919e-02 
 1136.000  9.017919e-02 
 1137.000  4.279364e-01 
 1138.000  4.279364e-01 
 1139.000  4.091763e-01 
 1140.000  4.091763e-01 
 1141.000  3.737918e-01 
 1142.000  3.737918e-01 
 1143.000  4.363101e-01 
 1144.000  4.363101e-01 
 1145.000  1.913427e-01 
 1146.000  1.913427e-01 
 1147.000  2.057002e-01 
 1148.000  2.057002e-01 
 1149.000  3.492841e-01 
 1150.000  3.492841e-01 
 1151.000  4.143108e-01 
 1152.000  4.143108e-01 
 1153.000  3.805455e-01 
 1154.000  3.805455e-01 
 1155.000  4.523464e-01 
 1156.000  4.523464e-01 
 1157.000  5.788681e-01 
 1158.000  5.788681e-01 
 1159.000  6.651949e-01 
 1160.000  6.651949e-01 
 1161.000  6.468005e-01 
 1162.000  6.468005e-01 
 1163.000  7.827140e-01 
 1164.000  7.827140e-01 
 1165.000  7.270375e-01 
 1166.000  7.270375e-01 
 1167.000  8.072129e-01 
 1168.000  8.072129e-01 
 1169.000  8.125772e-01 
 1170.000  8.125772e-01 
 1171.000  8.431091e-01 
 1172.000  8.431091e-01 
 1173.000  7.047702e-01 
 1174.000  7.047702e-01 
 1175.000  9.058178e-01 
 1176.000  9.058178e-01 
 1177.000  7.784194e-01 
 1178.000  7.784194e-01 
 1179.000  8.774644e-01 
 1180.000  8.774644e-01 
 1181.000  7.144732e-01 
 1182.000  7.144732e-01 
 1183.000  8.230564e-01 
 1184.000  8.230564e-01 
 1185.000  8.470970e-01 
 1186.000  8.470970e-01 
 1187.000  7.401212e-01 
 1188.000  7.401212e-01 
 1189.000  7.401212e-01 
 1190.000  8.295302e-01 
 1191.000  8.295302e-01 
 1192.000  9.151986e-01 
 1193.000  9.151986e-01 
 1194.000  8.553800e-01 
 1195.000  8.553800e-01 
 1196.000  8.580440e-01 
 1197.000  8.580440e-01 
 1198.000  8.067106e-01 
 1199.000  8.067106e-01 
 1200.000  8.139527e-01 
