  250.000  0.000000e+00 
  251.000  0.000000e+00 
  252.000  0.000000e+00 
  253.000  0.000000e+00 
  254.000  0.000000e+00 
  255.000  0.000000e+00 
  256.000  0.000000e+00 
  257.000  0.000000e+00 
  258.000  0.000000e+00 
  259.000  0.000000e+00 
  260.000  0.000000e+00 
  261.000  0.000000e+00 
  262.000  0.000000e+00 
  263.000  0.000000e+00 
  264.000  0.000000e+00 
  265.000  0.000000e+00 
  266.000  0.000000e+00 
  267.000  0.000000e+00 
  268.000  0.000000e+00 
  269.000  0.000000e+00 
  270.000  0.000000e+00 
  271.000  0.000000e+00 
  272.000  0.000000e+00 
  273.000  0.000000e+00 
  274.000  0.000000e+00 
  275.000  0.000000e+00 
  276.000  0.000000e+00 
  277.000  0.000000e+00 
  278.000  0.000000e+00 
  279.000  0.000000e+00 
  280.000  0.000000e+00 
  281.000  0.000000e+00 
  282.000  0.000000e+00 
  283.000  0.000000e+00 
  284.000  0.000000e+00 
  285.000  0.000000e+00 
  286.000  0.000000e+00 
  287.000  0.000000e+00 
  288.000  0.000000e+00 
  289.000  0.000000e+00 
  290.000  0.000000e+00 
  291.000  0.000000e+00 
  292.000  0.000000e+00 
  293.000  2.050756e-12 
  294.000  7.684223e-11 
  295.000  7.265170e-10 
  296.000  1.946436e-08 
  297.000  1.294018e-07 
  298.000  1.250754e-06 
  299.000  5.801421e-06 
  300.000  2.957847e-05 
  301.000  1.089593e-04 
  302.000  3.262996e-04 
  303.000  1.257516e-03 
  304.000  1.919152e-03 
  305.000  5.735432e-03 
  306.000  1.005810e-02 
  307.000  2.094948e-02 
  308.000  3.227251e-02 
  309.000  4.927164e-02 
  310.000  8.527587e-02 
  311.000  1.033800e-01 
  312.000  1.407087e-01 
  313.000  1.954107e-01 
  314.000  2.141329e-01 
  315.000  2.971101e-01 
  316.000  3.133571e-01 
  317.000  3.876932e-01 
  318.000  4.213137e-01 
  319.000  5.648913e-01 
  320.000  4.450294e-01 
  321.000  6.703364e-01 
  322.000  5.463204e-01 
  323.000  6.473548e-01 
  324.000  7.967798e-01 
  325.000  6.533114e-01 
  326.000  8.096783e-01 
  327.000  8.413529e-01 
  328.000  7.273174e-01 
  329.000  9.083011e-01 
  330.000  9.202554e-01 
  331.000  8.109704e-01 
  332.000  9.303958e-01 
  333.000  9.368137e-01 
  334.000  8.953757e-01 
  335.000  9.597578e-01 
  336.000  9.726762e-01 
  337.000  9.262535e-01 
  338.000  9.609753e-01 
  339.000  9.788259e-01 
  340.000  9.533667e-01 
  341.000  9.773188e-01 
  342.000  9.854242e-01 
  343.000  9.829602e-01 
  344.000  9.581129e-01 
  345.000  9.837742e-01 
  346.000  9.881415e-01 
  347.000  9.851116e-01 
  348.000  9.881526e-01 
  349.000  9.914221e-01 
  350.000  9.929469e-01 
  351.000  9.935412e-01 
  352.000  9.939627e-01 
  353.000  9.943957e-01 
  354.000  9.929273e-01 
  355.000  9.925132e-01 
  356.000  9.928011e-01 
  357.000  9.902540e-01 
  358.000  9.888675e-01 
  359.000  9.873275e-01 
  360.000  9.856008e-01 
  361.000  9.844643e-01 
  362.000  9.868290e-01 
  363.000  9.890836e-01 
  364.000  9.912256e-01 
  365.000  9.910990e-01 
  366.000  9.922027e-01 
  367.000  9.925468e-01 
  368.000  9.923580e-01 
  369.000  9.926728e-01 
  370.000  9.925192e-01 
  371.000  9.929943e-01 
  372.000  9.915038e-01 
  373.000  9.921808e-01 
  374.000  9.923289e-01 
  375.000  9.925694e-01 
  376.000  9.910342e-01 
  377.000  9.907900e-01 
  378.000  9.903402e-01 
  379.000  9.884903e-01 
  380.000  9.863825e-01 
  381.000  9.871327e-01 
  382.000  9.888697e-01 
  383.000  9.908414e-01 
  384.000  9.910089e-01 
  385.000  9.914745e-01 
  386.000  9.918458e-01 
  387.000  9.917392e-01 
  388.000  9.915448e-01 
  389.000  9.914995e-01 
  390.000  9.914764e-01 
  391.000  9.916752e-01 
  392.000  9.906574e-01 
  393.000  9.921306e-01 
  394.000  9.921429e-01 
  395.000  9.919503e-01 
  396.000  9.914631e-01 
  397.000  9.922082e-01 
  398.000  9.907704e-01 
  399.000  9.918423e-01 
  400.000  9.905356e-01 
  401.000  9.908319e-01 
  402.000  9.919065e-01 
  403.000  9.925355e-01 
  404.000  9.913257e-01 
  405.000  9.909429e-01 
  406.000  9.920159e-01 
  407.000  9.928610e-01 
  408.000  9.912990e-01 
  409.000  9.904257e-01 
  410.000  9.908356e-01 
  411.000  9.906235e-01 
  412.000  9.917505e-01 
  413.000  9.902287e-01 
  414.000  9.908459e-01 
  415.000  9.909660e-01 
  416.000  9.922678e-01 
  417.000  9.920805e-01 
  418.000  9.913142e-01 
  419.000  9.914647e-01 
  420.000  9.906876e-01 
  421.000  9.904399e-01 
  422.000  9.900981e-01 
  423.000  9.905523e-01 
  424.000  9.896340e-01 
  425.000  9.906130e-01 
  426.000  9.917811e-01 
  427.000  9.906974e-01 
  428.000  9.896736e-01 
  429.000  9.913359e-01 
  430.000  9.913151e-01 
  431.000  9.894741e-01 
  432.000  9.911287e-01 
  433.000  9.907417e-01 
  434.000  9.897200e-01 
  435.000  9.876541e-01 
  436.000  9.893780e-01 
  437.000  9.912381e-01 
  438.000  9.915721e-01 
  439.000  9.872269e-01 
  440.000  9.886072e-01 
  441.000  9.903902e-01 
  442.000  9.908946e-01 
  443.000  9.896371e-01 
  444.000  9.881886e-01 
  445.000  9.860843e-01 
  446.000  9.874916e-01 
  447.000  9.885393e-01 
  448.000  9.843763e-01 
  449.000  9.877701e-01 
  450.000  9.889270e-01 
  451.000  9.887155e-01 
  452.000  9.884686e-01 
  453.000  9.883949e-01 
  454.000  9.890448e-01 
  455.000  9.879072e-01 
  456.000  9.874156e-01 
  457.000  9.875792e-01 
  458.000  9.847052e-01 
  459.000  9.853793e-01 
  460.000  9.837013e-01 
  461.000  9.837666e-01 
  462.000  9.846941e-01 
  463.000  9.822204e-01 
  464.000  9.834274e-01 
  465.000  9.840412e-01 
  466.000  9.849194e-01 
  467.000  9.832935e-01 
  468.000  9.836237e-01 
  469.000  9.837489e-01 
  470.000  9.831989e-01 
  471.000  9.828881e-01 
  472.000  9.809597e-01 
  473.000  9.786236e-01 
  474.000  9.739680e-01 
  475.000  9.708523e-01 
  476.000  9.681626e-01 
  477.000  9.665343e-01 
  478.000  9.659103e-01 
  479.000  9.661859e-01 
  480.000  9.666619e-01 
  481.000  9.696972e-01 
  482.000  9.717988e-01 
  483.000  9.732101e-01 
  484.000  9.728686e-01 
  485.000  9.720519e-01 
  486.000  9.720802e-01 
  487.000  9.728062e-01 
  488.000  9.719548e-01 
  489.000  9.707989e-01 
  490.000  9.721347e-01 
  491.000  9.727453e-01 
  492.000  9.721228e-01 
  493.000  9.714388e-01 
  494.000  9.702670e-01 
  495.000  9.698713e-01 
  496.000  9.682578e-01 
  497.000  9.671888e-01 
  498.000  9.662978e-01 
  499.000  9.647916e-01 
  500.000  9.631284e-01 
  501.000  9.610298e-01 
  502.000  9.567865e-01 
  503.000  9.528007e-01 
  504.000  9.500940e-01 
  505.000  9.490654e-01 
  506.000  9.490235e-01 
  507.000  9.489762e-01 
  508.000  9.504786e-01 
  509.000  9.509628e-01 
  510.000  9.517119e-01 
  511.000  9.518020e-01 
  512.000  9.519410e-01 
  513.000  9.524826e-01 
  514.000  9.525890e-01 
  515.000  9.528476e-01 
  516.000  9.519399e-01 
  517.000  9.508467e-01 
  518.000  9.500136e-01 
  519.000  9.482918e-01 
  520.000  9.475286e-01 
  521.000  9.459008e-01 
  522.000  9.448208e-01 
  523.000  9.431576e-01 
  524.000  9.411539e-01 
  525.000  9.387476e-01 
  526.000  9.357452e-01 
  527.000  9.331141e-01 
  528.000  9.302456e-01 
  529.000  9.275153e-01 
  530.000  9.256212e-01 
  531.000  9.240522e-01 
  532.000  9.229133e-01 
  533.000  9.222618e-01 
  534.000  9.214116e-01 
  535.000  9.211297e-01 
  536.000  9.207187e-01 
  537.000  9.200655e-01 
  538.000  9.194920e-01 
  539.000  9.184812e-01 
  540.000  9.181705e-01 
  541.000  9.157360e-01 
  542.000  9.148690e-01 
  543.000  9.147439e-01 
  544.000  9.140744e-01 
  545.000  9.118322e-01 
  546.000  9.107740e-01 
  547.000  9.114032e-01 
  548.000  9.113054e-01 
  549.000  9.110149e-01 
  550.000  9.102250e-01 
  551.000  9.102778e-01 
  552.000  9.092373e-01 
  553.000  9.077917e-01 
  554.000  9.070671e-01 
  555.000  9.061263e-01 
  556.000  9.039413e-01 
  557.000  9.011960e-01 
  558.000  8.987772e-01 
  559.000  8.954847e-01 
  560.000  8.927143e-01 
  561.000  8.903278e-01 
  562.000  8.882810e-01 
  563.000  8.857439e-01 
  564.000  8.830605e-01 
  565.000  8.808091e-01 
  566.000  8.787660e-01 
  567.000  8.763441e-01 
  568.000  8.736928e-01 
  569.000  8.659700e-01 
  570.000  8.615638e-01 
  571.000  8.612334e-01 
  572.000  8.575012e-01 
  573.000  8.565395e-01 
  574.000  8.536531e-01 
  575.000  8.525846e-01 
  576.000  8.519593e-01 
  577.000  8.521482e-01 
  578.000  8.549663e-01 
  579.000  8.570896e-01 
  580.000  8.591835e-01 
  581.000  8.627250e-01 
  582.000  8.660336e-01 
  583.000  8.690212e-01 
  584.000  8.731394e-01 
  585.000  8.743682e-01 
  586.000  8.759193e-01 
  587.000  8.760859e-01 
  588.000  8.747794e-01 
  589.000  8.604494e-01 
  590.000  8.592477e-01 
  591.000  8.644964e-01 
  592.000  8.519330e-01 
  593.000  8.689331e-01 
  594.000  8.593814e-01 
  595.000  8.634368e-01 
  596.000  8.649614e-01 
  597.000  8.653511e-01 
  598.000  8.639169e-01 
  599.000  8.659862e-01 
  600.000  8.650177e-01 
  601.000  8.666306e-01 
  602.000  8.676690e-01 
  603.000  8.680727e-01 
  604.000  8.686915e-01 
  605.000  8.688988e-01 
  606.000  8.706974e-01 
  607.000  8.721565e-01 
  608.000  8.740479e-01 
  609.000  8.748288e-01 
  610.000  8.763885e-01 
  611.000  8.776298e-01 
  612.000  8.794104e-01 
  613.000  8.809785e-01 
  614.000  8.820927e-01 
  615.000  8.833960e-01 
  616.000  8.852905e-01 
  617.000  8.866535e-01 
  618.000  8.875005e-01 
  619.000  8.888248e-01 
  620.000  8.898923e-01 
  621.000  8.905253e-01 
  622.000  8.908030e-01 
  623.000  8.912249e-01 
  624.000  8.913382e-01 
  625.000  8.915385e-01 
  626.000  8.910394e-01 
  627.000  8.903735e-01 
  628.000  8.557733e-01 
  629.000  8.723984e-01 
  630.000  8.791851e-01 
  631.000  8.902963e-01 
  632.000  8.938014e-01 
  633.000  8.966819e-01 
  634.000  9.004065e-01 
  635.000  9.016340e-01 
  636.000  9.055625e-01 
  637.000  9.102771e-01 
  638.000  9.135693e-01 
  639.000  9.164795e-01 
  640.000  9.182652e-01 
  641.000  9.209509e-01 
  642.000  9.227416e-01 
  643.000  9.231007e-01 
  644.000  9.247648e-01 
  645.000  9.257064e-01 
  646.000  9.219533e-01 
  647.000  9.175632e-01 
  648.000  9.115164e-01 
  649.000  9.171558e-01 
  650.000  9.292492e-01 
  651.000  9.312074e-01 
  652.000  9.292516e-01 
  653.000  9.332548e-01 
  654.000  9.340199e-01 
  655.000  9.224145e-01 
  656.000  9.316884e-01 
  657.000  9.344611e-01 
  658.000  9.392379e-01 
  659.000  9.423046e-01 
  660.000  9.423509e-01 
  661.000  9.444184e-01 
  662.000  9.447393e-01 
  663.000  9.453121e-01 
  664.000  9.465362e-01 
  665.000  9.475069e-01 
  666.000  9.484903e-01 
  667.000  9.499542e-01 
  668.000  9.506660e-01 
  669.000  9.517884e-01 
  670.000  9.525031e-01 
  671.000  9.537892e-01 
  672.000  9.540204e-01 
  673.000  9.550542e-01 
  674.000  9.554166e-01 
  675.000  9.565133e-01 
  676.000  9.567968e-01 
  677.000  9.574105e-01 
  678.000  9.583068e-01 
  679.000  9.588438e-01 
  680.000  9.597869e-01 
  681.000  9.601678e-01 
  682.000  9.617606e-01 
  683.000  9.617409e-01 
  684.000  9.630046e-01 
  685.000  9.640554e-01 
  686.000  9.646918e-01 
  687.000  5.979975e-01 
  688.000  7.732984e-01 
  689.000  8.275818e-01 
  690.000  8.676136e-01 
  691.000  8.967161e-01 
  692.000  9.446205e-01 
  693.000  9.336562e-01 
  694.000  9.158366e-01 
  695.000  9.417441e-01 
  696.000  9.334849e-01 
  697.000  9.673547e-01 
  698.000  9.672573e-01 
  699.000  9.514580e-01 
  700.000  9.551339e-01 
  701.000  9.415559e-01 
  702.000  9.481899e-01 
  703.000  9.540543e-01 
  704.000  9.572839e-01 
  705.000  9.588838e-01 
  706.000  9.634784e-01 
  707.000  9.675848e-01 
  708.000  9.716283e-01 
  709.000  9.718190e-01 
  710.000  9.700180e-01 
  711.000  9.740066e-01 
  712.000  9.723721e-01 
  713.000  9.756519e-01 
  714.000  9.725991e-01 
  715.000  9.656160e-01 
  716.000  9.673840e-01 
  717.000  9.409181e-01 
  718.000  8.638486e-01 
  719.000  8.052731e-01 
  720.000  8.653101e-01 
  721.000  9.541978e-01 
  722.000  9.516087e-01 
  723.000  9.465012e-01 
  724.000  8.497558e-01 
  725.000  8.756230e-01 
  726.000  9.239752e-01 
  727.000  9.004228e-01 
  728.000  8.656244e-01 
  729.000  8.826381e-01 
  730.000  9.273929e-01 
  731.000  9.087937e-01 
  732.000  9.221054e-01 
  733.000  9.568983e-01 
  734.000  9.722770e-01 
  735.000  9.599504e-01 
  736.000  9.686698e-01 
  737.000  9.685109e-01 
  738.000  9.744272e-01 
  739.000  9.759637e-01 
  740.000  9.829098e-01 
  741.000  9.860220e-01 
  742.000  9.861563e-01 
  743.000  9.861420e-01 
  744.000  9.870129e-01 
  745.000  9.874100e-01 
  746.000  9.881465e-01 
  747.000  9.883608e-01 
  748.000  9.885816e-01 
  749.000  9.886265e-01 
  750.000  9.889145e-01 
  751.000  9.889878e-01 
  752.000  9.898138e-01 
  753.000  9.900156e-01 
  754.000  9.901876e-01 
  755.000  9.903612e-01 
  756.000  9.904338e-01 
  757.000  9.908683e-01 
  758.000  9.912245e-01 
  759.000  9.778391e-01 
  760.000  2.689795e-01 
  761.000  1.309310e-01 
  762.000  5.532388e-01 
  763.000  4.262922e-01 
  764.000  5.185724e-01 
  765.000  6.840178e-01 
  766.000  8.371696e-01 
  767.000  8.971879e-01 
  768.000  9.661045e-01 
  769.000  9.837404e-01 
  770.000  9.838945e-01 
  771.000  9.903567e-01 
  772.000  9.919537e-01 
  773.000  9.919047e-01 
  774.000  9.918154e-01 
  775.000  9.918429e-01 
  776.000  9.918426e-01 
  777.000  9.918441e-01 
  778.000  9.918345e-01 
  779.000  9.918041e-01 
  780.000  9.917797e-01 
  781.000  9.920362e-01 
  782.000  9.921398e-01 
  783.000  9.923709e-01 
  784.000  9.920315e-01 
  785.000  9.915517e-01 
  786.000  9.889581e-01 
  787.000  9.893561e-01 
  788.000  9.845781e-01 
  789.000  9.839151e-01 
  790.000  9.750426e-01 
  791.000  9.760094e-01 
  792.000  9.792396e-01 
  793.000  9.818132e-01 
  794.000  9.934472e-01 
  795.000  9.890838e-01 
  796.000  9.651217e-01 
  797.000  9.837130e-01 
  798.000  9.843612e-01 
  799.000  9.877183e-01 
  800.000  9.772609e-01 
  801.000  9.727569e-01 
  802.000  9.800234e-01 
  803.000  9.775321e-01 
  804.000  9.770353e-01 
  805.000  9.823962e-01 
  806.000  9.909777e-01 
  807.000  9.853159e-01 
  808.000  9.907426e-01 
  809.000  9.816679e-01 
  810.000  9.774404e-01 
  811.000  9.803687e-01 
  812.000  9.703646e-01 
  813.000  9.527202e-01 
  814.000  9.209843e-01 
  815.000  8.885259e-01 
  816.000  9.119561e-01 
  817.000  7.957455e-01 
  818.000  8.756877e-01 
  819.000  9.066393e-01 
  820.000  8.634976e-01 
  821.000  9.735273e-01 
  822.000  9.567901e-01 
  823.000  7.560497e-01 
  824.000  9.364105e-01 
  825.000  9.645908e-01 
  826.000  9.347411e-01 
  827.000  9.634539e-01 
  828.000  8.915185e-01 
  829.000  9.484304e-01 
  830.000  9.369391e-01 
  831.000  9.396967e-01 
  832.000  9.424571e-01 
  833.000  9.615536e-01 
  834.000  9.649181e-01 
  835.000  9.743735e-01 
  836.000  9.778346e-01 
  837.000  9.741716e-01 
  838.000  9.844157e-01 
  839.000  9.870136e-01 
  840.000  9.884406e-01 
  841.000  9.884406e-01 
  842.000  9.808684e-01 
  843.000  9.939333e-01 
  844.000  9.854540e-01 
  845.000  9.920096e-01 
  846.000  9.938107e-01 
  847.000  9.952078e-01 
  848.000  9.932292e-01 
  849.000  9.939362e-01 
  850.000  9.939860e-01 
  851.000  9.946944e-01 
  852.000  9.979949e-01 
  853.000  9.981868e-01 
  854.000  9.978230e-01 
  855.000  9.978230e-01 
  856.000  9.980535e-01 
  857.000  9.995717e-01 
  858.000  9.980029e-01 
  859.000  9.989025e-01 
  860.000  9.998844e-01 
  861.000  9.994180e-01 
  862.000  9.998161e-01 
  863.000  9.996534e-01 
  864.000  9.999430e-01 
  865.000  9.999430e-01 
  866.000  9.999084e-01 
  867.000  9.999861e-01 
  868.000  9.999121e-01 
  869.000  9.997085e-01 
  870.000  9.998372e-01 
  871.000  9.998572e-01 
  872.000  9.999548e-01 
  873.000  9.997981e-01 
  874.000  9.997981e-01 
  875.000  9.999856e-01 
  876.000  9.999892e-01 
  877.000  9.998347e-01 
  878.000  9.997544e-01 
  879.000  9.997089e-01 
  880.000  9.998767e-01 
  881.000  9.998767e-01 
  882.000  9.990520e-01 
  883.000  9.991548e-01 
  884.000  9.992714e-01 
  885.000  9.994177e-01 
  886.000  9.943044e-01 
  887.000  9.989201e-01 
  888.000  9.989201e-01 
  889.000  9.978450e-01 
  890.000  9.949206e-01 
  891.000  9.989623e-01 
  892.000  9.943612e-01 
  893.000  9.846293e-01 
  894.000  9.846293e-01 
  895.000  9.620849e-01 
  896.000  9.350352e-01 
  897.000  8.410444e-01 
  898.000  9.260746e-01 
  899.000  7.611899e-01 
  900.000  7.611899e-01 
  901.000  8.016253e-01 
  902.000  8.285434e-01 
  903.000  8.696870e-01 
  904.000  9.617339e-01 
  905.000  9.504660e-01 
  906.000  9.504660e-01 
  907.000  8.413177e-01 
  908.000  8.229603e-01 
  909.000  8.335957e-01 
  910.000  8.088658e-01 
  911.000  8.088658e-01 
  912.000  9.083511e-01 
  913.000  8.581309e-01 
  914.000  8.290404e-01 
  915.000  7.842618e-01 
  916.000  7.842618e-01 
  917.000  9.052543e-01 
  918.000  8.080948e-01 
  919.000  8.938967e-01 
  920.000  9.597179e-01 
  921.000  9.597179e-01 
  922.000  9.387752e-01 
  923.000  9.335435e-01 
  924.000  9.150537e-01 
  925.000  9.150537e-01 
  926.000  9.231891e-01 
  927.000  9.382308e-01 
  928.000  8.257589e-01 
  929.000  8.067162e-01 
  930.000  8.067162e-01 
  931.000  6.764250e-01 
  932.000  4.928538e-01 
  933.000  4.987714e-01 
  934.000  4.987714e-01 
  935.000  4.565315e-01 
  936.000  4.258144e-01 
  937.000  3.903542e-01 
  938.000  3.903542e-01 
  939.000  5.479689e-01 
  940.000  6.876833e-01 
  941.000  6.393877e-01 
  942.000  6.393877e-01 
  943.000  5.332074e-01 
  944.000  5.445330e-01 
  945.000  6.198123e-01 
  946.000  6.198123e-01 
  947.000  5.434918e-01 
  948.000  5.724260e-01 
  949.000  6.469505e-01 
  950.000  6.469505e-01 
  951.000  6.640254e-01 
  952.000  5.441138e-01 
  953.000  6.927817e-01 
  954.000  6.927817e-01 
  955.000  6.951639e-01 
  956.000  5.789395e-01 
  957.000  7.460576e-01 
  958.000  7.460576e-01 
  959.000  6.318263e-01 
  960.000  7.099584e-01 
  961.000  7.099584e-01 
  962.000  7.635098e-01 
  963.000  8.207593e-01 
  964.000  7.147515e-01 
  965.000  7.147515e-01 
  966.000  7.853100e-01 
  967.000  8.707356e-01 
  968.000  8.707356e-01 
  969.000  8.958664e-01 
  970.000  9.324134e-01 
  971.000  9.469825e-01 
  972.000  9.469825e-01 
  973.000  9.280978e-01 
  974.000  8.457439e-01 
  975.000  8.457439e-01 
  976.000  8.326743e-01 
  977.000  9.137381e-01 
  978.000  9.015241e-01 
  979.000  9.015241e-01 
  980.000  9.049106e-01 
  981.000  9.706902e-01 
  982.000  9.706902e-01 
  983.000  9.537989e-01 
  984.000  9.679707e-01 
  985.000  9.679707e-01 
  986.000  9.924405e-01 
  987.000  9.828903e-01 
  988.000  9.828903e-01 
  989.000  9.964220e-01 
  990.000  9.904982e-01 
  991.000  9.904982e-01 
  992.000  9.942680e-01 
  993.000  9.937633e-01 
  994.000  9.937633e-01 
  995.000  9.988790e-01 
  996.000  9.989730e-01 
  997.000  9.989730e-01 
  998.000  9.988310e-01 
  999.000  9.982966e-01 
 1000.000  9.982966e-01 
 1001.000  9.986607e-01 
 1002.000  9.908724e-01 
 1003.000  9.908724e-01 
 1004.000  9.984517e-01 
 1005.000  9.989693e-01 
 1006.000  9.989693e-01 
 1007.000  9.992093e-01 
 1008.000  9.973294e-01 
 1009.000  9.973294e-01 
 1010.000  9.909754e-01 
 1011.000  9.988423e-01 
 1012.000  9.988423e-01 
 1013.000  9.992025e-01 
 1014.000  9.989854e-01 
 1015.000  9.989854e-01 
 1016.000  9.992290e-01 
 1017.000  9.989130e-01 
 1018.000  9.989130e-01 
 1019.000  9.980866e-01 
 1020.000  9.993071e-01 
 1021.000  9.993071e-01 
 1022.000  9.981815e-01 
 1023.000  9.981815e-01 
 1024.000  9.980935e-01 
 1025.000  9.992203e-01 
 1026.000  9.992203e-01 
 1027.000  9.986097e-01 
 1028.000  9.992405e-01 
 1029.000  9.992405e-01 
 1030.000  9.994574e-01 
 1031.000  9.992645e-01 
 1032.000  9.992645e-01 
 1033.000  9.992259e-01 
 1034.000  9.992259e-01 
 1035.000  9.992005e-01 
 1036.000  9.984530e-01 
 1037.000  9.984530e-01 
 1038.000  9.982995e-01 
 1039.000  9.974384e-01 
 1040.000  9.974384e-01 
 1041.000  9.968539e-01 
 1042.000  9.968539e-01 
 1043.000  9.960964e-01 
 1044.000  9.949806e-01 
 1045.000  9.949806e-01 
 1046.000  9.934516e-01 
 1047.000  9.934516e-01 
 1048.000  9.919304e-01 
 1049.000  9.888977e-01 
 1050.000  9.888977e-01 
 1051.000  9.875430e-01 
 1052.000  9.875430e-01 
 1053.000  9.854828e-01 
 1054.000  9.837273e-01 
 1055.000  9.837273e-01 
 1056.000  9.817275e-01 
 1057.000  9.817275e-01 
 1058.000  9.798542e-01 
 1059.000  9.780232e-01 
 1060.000  9.780232e-01 
 1061.000  9.768572e-01 
 1062.000  9.768572e-01 
 1063.000  9.749077e-01 
 1064.000  9.734897e-01 
 1065.000  9.734897e-01 
 1066.000  9.754063e-01 
 1067.000  9.754063e-01 
 1068.000  9.742423e-01 
 1069.000  9.761025e-01 
 1070.000  9.761025e-01 
 1071.000  9.784164e-01 
 1072.000  9.784164e-01 
 1073.000  9.801643e-01 
 1074.000  9.801643e-01 
 1075.000  9.775775e-01 
 1076.000  9.775487e-01 
 1077.000  9.775487e-01 
 1078.000  9.836054e-01 
 1079.000  9.836054e-01 
 1080.000  9.800684e-01 
 1081.000  9.800684e-01 
 1082.000  9.831389e-01 
 1083.000  9.803605e-01 
 1084.000  9.803605e-01 
 1085.000  9.722417e-01 
 1086.000  9.722417e-01 
 1087.000  9.865215e-01 
 1088.000  9.865215e-01 
 1089.000  9.801511e-01 
 1090.000  9.770374e-01 
 1091.000  9.770374e-01 
 1092.000  9.669057e-01 
 1093.000  9.669057e-01 
 1094.000  9.685450e-01 
 1095.000  9.685450e-01 
 1096.000  9.618068e-01 
 1097.000  9.618068e-01 
 1098.000  9.516338e-01 
 1099.000  9.096152e-01 
 1100.000  9.096152e-01 
 1101.000  9.118900e-01 
 1102.000  9.118900e-01 
 1103.000  8.939312e-01 
 1104.000  8.939312e-01 
 1105.000  8.820760e-01 
 1106.000  8.820760e-01 
 1107.000  8.827745e-01 
 1108.000  8.827745e-01 
 1109.000  8.488470e-01 
 1110.000  8.253942e-01 
 1111.000  8.253942e-01 
 1112.000  7.754286e-01 
 1113.000  7.754286e-01 
 1114.000  7.066792e-01 
 1115.000  7.066792e-01 
 1116.000  4.746902e-01 
 1117.000  4.746902e-01 
 1118.000  5.804288e-01 
 1119.000  5.804288e-01 
 1120.000  4.952258e-01 
 1121.000  4.952258e-01 
 1122.000  3.081799e-01 
 1123.000  5.306700e-01 
 1124.000  5.306700e-01 
 1125.000  3.376437e-01 
 1126.000  3.376437e-01 
 1127.000  3.981330e-01 
 1128.000  3.981330e-01 
 1129.000  3.916862e-01 
 1130.000  3.916862e-01 
 1131.000  6.838527e-01 
 1132.000  6.838527e-01 
 1133.000  4.099130e-01 
 1134.000  4.099130e-01 
 1135.000  2.383385e-01 
 1136.000  2.383385e-01 
 1137.000  6.898330e-01 
 1138.000  6.898330e-01 
 1139.000  6.307043e-01 
 1140.000  6.307043e-01 
 1141.000  6.159198e-01 
 1142.000  6.159198e-01 
 1143.000  6.569288e-01 
 1144.000  6.569288e-01 
 1145.000  4.447583e-01 
 1146.000  4.447583e-01 
 1147.000  4.359413e-01 
 1148.000  4.359413e-01 
 1149.000  5.573534e-01 
 1150.000  5.573534e-01 
 1151.000  6.564770e-01 
 1152.000  6.564770e-01 
 1153.000  6.110783e-01 
 1154.000  6.110783e-01 
 1155.000  6.691893e-01 
 1156.000  6.691893e-01 
 1157.000  7.492669e-01 
 1158.000  7.492669e-01 
 1159.000  8.312259e-01 
 1160.000  8.312259e-01 
 1161.000  8.109122e-01 
 1162.000  8.109122e-01 
 1163.000  8.873478e-01 
 1164.000  8.873478e-01 
 1165.000  8.561289e-01 
 1166.000  8.561289e-01 
 1167.000  9.117220e-01 
 1168.000  9.117220e-01 
 1169.000  9.126004e-01 
 1170.000  9.126004e-01 
 1171.000  9.274781e-01 
 1172.000  9.274781e-01 
 1173.000  8.482820e-01 
 1174.000  8.482820e-01 
 1175.000  9.622043e-01 
 1176.000  9.622043e-01 
 1177.000  8.909191e-01 
 1178.000  8.909191e-01 
 1179.000  9.428582e-01 
 1180.000  9.428582e-01 
 1181.000  8.385760e-01 
 1182.000  8.385760e-01 
 1183.000  9.138456e-01 
 1184.000  9.138456e-01 
 1185.000  9.372323e-01 
 1186.000  9.372323e-01 
 1187.000  8.544236e-01 
 1188.000  8.544236e-01 
 1189.000  8.544236e-01 
 1190.000  9.141237e-01 
 1191.000  9.141237e-01 
 1192.000  9.664978e-01 
 1193.000  9.664978e-01 
 1194.000  9.296243e-01 
 1195.000  9.296243e-01 
 1196.000  9.434578e-01 
 1197.000  9.434578e-01 
 1198.000  9.085923e-01 
 1199.000  9.085923e-01 
 1200.000  9.064251e-01 
