  250.000  0.000000e+00 
  251.000  0.000000e+00 
  252.000  0.000000e+00 
  253.000  0.000000e+00 
  254.000  0.000000e+00 
  255.000  0.000000e+00 
  256.000  0.000000e+00 
  257.000  0.000000e+00 
  258.000  0.000000e+00 
  259.000  0.000000e+00 
  260.000  0.000000e+00 
  261.000  0.000000e+00 
  262.000  0.000000e+00 
  263.000  0.000000e+00 
  264.000  0.000000e+00 
  265.000  0.000000e+00 
  266.000  0.000000e+00 
  267.000  0.000000e+00 
  268.000  0.000000e+00 
  269.000  0.000000e+00 
  270.000  0.000000e+00 
  271.000  0.000000e+00 
  272.000  0.000000e+00 
  273.000  0.000000e+00 
  274.000  0.000000e+00 
  275.000  0.000000e+00 
  276.000  0.000000e+00 
  277.000  0.000000e+00 
  278.000  0.000000e+00 
  279.000  0.000000e+00 
  280.000  0.000000e+00 
  281.000  0.000000e+00 
  282.000  0.000000e+00 
  283.000  0.000000e+00 
  284.000  0.000000e+00 
  285.000  0.000000e+00 
  286.000  0.000000e+00 
  287.000  0.000000e+00 
  288.000  0.000000e+00 
  289.000  0.000000e+00 
  290.000  0.000000e+00 
  291.000  0.000000e+00 
  292.000  0.000000e+00 
  293.000  4.749014e-06 
  294.000  2.163520e-05 
  295.000  5.562323e-05 
  296.000  2.204740e-04 
  297.000  4.897990e-04 
  298.000  1.272741e-03 
  299.000  2.440220e-03 
  300.000  4.854847e-03 
  301.000  8.442058e-03 
  302.000  1.349820e-02 
  303.000  2.390691e-02 
  304.000  2.885612e-02 
  305.000  4.598949e-02 
  306.000  5.888681e-02 
  307.000  8.080205e-02 
  308.000  9.784961e-02 
  309.000  1.180383e-01 
  310.000  1.499559e-01 
  311.000  1.643856e-01 
  312.000  1.886958e-01 
  313.000  2.187628e-01 
  314.000  2.299059e-01 
  315.000  2.663681e-01 
  316.000  2.750145e-01 
  317.000  3.037951e-01 
  318.000  3.180093e-01 
  319.000  3.624997e-01 
  320.000  3.320926e-01 
  321.000  3.971497e-01 
  322.000  3.688920e-01 
  323.000  3.993804e-01 
  324.000  4.398637e-01 
  325.000  4.088367e-01 
  326.000  4.507975e-01 
  327.000  4.620709e-01 
  328.000  4.394968e-01 
  329.000  4.860018e-01 
  330.000  4.928319e-01 
  331.000  4.716873e-01 
  332.000  5.034767e-01 
  333.000  5.091141e-01 
  334.000  5.037897e-01 
  335.000  5.227041e-01 
  336.000  5.298479e-01 
  337.000  5.233833e-01 
  338.000  5.356179e-01 
  339.000  5.439381e-01 
  340.000  5.415137e-01 
  341.000  5.513054e-01 
  342.000  5.573988e-01 
  343.000  5.610116e-01 
  344.000  5.585451e-01 
  345.000  5.688561e-01 
  346.000  5.733702e-01 
  347.000  5.767894e-01 
  348.000  5.809755e-01 
  349.000  5.859033e-01 
  350.000  5.897114e-01 
  351.000  5.939678e-01 
  352.000  5.974864e-01 
  353.000  6.016782e-01 
  354.000  6.046998e-01 
  355.000  6.079733e-01 
  356.000  6.120855e-01 
  357.000  6.147850e-01 
  358.000  6.177650e-01 
  359.000  6.206893e-01 
  360.000  6.235480e-01 
  361.000  6.265449e-01 
  362.000  6.311082e-01 
  363.000  6.349781e-01 
  364.000  6.388106e-01 
  365.000  6.420277e-01 
  366.000  6.455628e-01 
  367.000  6.488822e-01 
  368.000  6.520441e-01 
  369.000  6.546909e-01 
  370.000  6.578379e-01 
  371.000  6.611441e-01 
  372.000  6.638933e-01 
  373.000  6.672278e-01 
  374.000  6.704021e-01 
  375.000  6.729656e-01 
  376.000  6.756402e-01 
  377.000  6.786619e-01 
  378.000  6.809958e-01 
  379.000  6.835305e-01 
  380.000  6.859707e-01 
  381.000  6.886114e-01 
  382.000  6.921324e-01 
  383.000  6.957104e-01 
  384.000  6.981539e-01 
  385.000  7.012700e-01 
  386.000  7.037520e-01 
  387.000  7.066734e-01 
  388.000  7.089668e-01 
  389.000  7.112939e-01 
  390.000  7.141985e-01 
  391.000  7.165756e-01 
  392.000  7.185777e-01 
  393.000  7.218904e-01 
  394.000  7.241789e-01 
  395.000  7.263951e-01 
  396.000  7.291867e-01 
  397.000  7.317023e-01 
  398.000  7.334701e-01 
  399.000  7.358629e-01 
  400.000  7.379276e-01 
  401.000  7.406349e-01 
  402.000  7.430531e-01 
  403.000  7.455346e-01 
  404.000  7.472038e-01 
  405.000  7.494959e-01 
  406.000  7.516331e-01 
  407.000  7.543970e-01 
  408.000  7.557680e-01 
  409.000  7.577442e-01 
  410.000  7.598204e-01 
  411.000  7.621551e-01 
  412.000  7.645552e-01 
  413.000  7.658747e-01 
  414.000  7.683436e-01 
  415.000  7.702843e-01 
  416.000  7.727686e-01 
  417.000  7.742373e-01 
  418.000  7.759098e-01 
  419.000  7.782784e-01 
  420.000  7.798751e-01 
  421.000  7.817148e-01 
  422.000  7.832188e-01 
  423.000  7.852799e-01 
  424.000  7.868704e-01 
  425.000  7.892436e-01 
  426.000  7.910112e-01 
  427.000  7.926726e-01 
  428.000  7.941765e-01 
  429.000  7.963182e-01 
  430.000  7.980968e-01 
  431.000  7.988039e-01 
  432.000  8.012706e-01 
  433.000  8.029855e-01 
  434.000  8.041043e-01 
  435.000  8.052769e-01 
  436.000  8.072390e-01 
  437.000  8.097907e-01 
  438.000  8.110919e-01 
  439.000  8.114472e-01 
  440.000  8.133539e-01 
  441.000  8.150063e-01 
  442.000  8.169554e-01 
  443.000  8.179415e-01 
  444.000  8.193865e-01 
  445.000  8.198306e-01 
  446.000  8.215950e-01 
  447.000  8.236171e-01 
  448.000  8.237504e-01 
  449.000  8.261853e-01 
  450.000  8.281846e-01 
  451.000  8.293771e-01 
  452.000  8.303538e-01 
  453.000  8.318131e-01 
  454.000  8.338259e-01 
  455.000  8.345139e-01 
  456.000  8.356234e-01 
  457.000  8.369129e-01 
  458.000  8.377004e-01 
  459.000  8.388461e-01 
  460.000  8.395163e-01 
  461.000  8.407628e-01 
  462.000  8.424879e-01 
  463.000  8.425988e-01 
  464.000  8.442875e-01 
  465.000  8.454527e-01 
  466.000  8.475437e-01 
  467.000  8.481943e-01 
  468.000  8.494028e-01 
  469.000  8.502907e-01 
  470.000  8.513524e-01 
  471.000  8.525791e-01 
  472.000  8.530113e-01 
  473.000  8.532634e-01 
  474.000  8.525925e-01 
  475.000  8.525897e-01 
  476.000  8.529366e-01 
  477.000  8.532791e-01 
  478.000  8.537807e-01 
  479.000  8.548261e-01 
  480.000  8.561405e-01 
  481.000  8.584292e-01 
  482.000  8.602738e-01 
  483.000  8.619389e-01 
  484.000  8.627706e-01 
  485.000  8.633930e-01 
  486.000  8.640016e-01 
  487.000  8.654805e-01 
  488.000  8.662241e-01 
  489.000  8.668081e-01 
  490.000  8.683333e-01 
  491.000  8.692108e-01 
  492.000  8.700035e-01 
  493.000  8.707805e-01 
  494.000  8.713050e-01 
  495.000  8.719050e-01 
  496.000  8.721848e-01 
  497.000  8.727462e-01 
  498.000  8.731250e-01 
  499.000  8.735984e-01 
  500.000  8.738878e-01 
  501.000  8.736639e-01 
  502.000  8.727462e-01 
  503.000  8.715835e-01 
  504.000  8.703330e-01 
  505.000  8.721600e-01 
  506.000  8.725863e-01 
  507.000  8.729869e-01 
  508.000  8.750236e-01 
  509.000  8.762312e-01 
  510.000  8.775288e-01 
  511.000  8.784049e-01 
  512.000  8.790405e-01 
  513.000  8.803572e-01 
  514.000  8.808828e-01 
  515.000  8.818871e-01 
  516.000  8.821861e-01 
  517.000  8.827766e-01 
  518.000  8.828703e-01 
  519.000  8.831908e-01 
  520.000  8.833461e-01 
  521.000  8.836764e-01 
  522.000  8.837060e-01 
  523.000  8.837647e-01 
  524.000  8.837085e-01 
  525.000  8.832284e-01 
  526.000  8.829872e-01 
  527.000  8.826293e-01 
  528.000  8.822073e-01 
  529.000  8.817733e-01 
  530.000  8.815299e-01 
  531.000  8.816635e-01 
  532.000  8.818002e-01 
  533.000  8.821372e-01 
  534.000  8.825516e-01 
  535.000  8.828290e-01 
  536.000  8.833295e-01 
  537.000  8.838453e-01 
  538.000  8.841258e-01 
  539.000  8.841970e-01 
  540.000  8.846270e-01 
  541.000  8.834796e-01 
  542.000  8.839496e-01 
  543.000  8.848960e-01 
  544.000  8.852341e-01 
  545.000  8.844693e-01 
  546.000  8.841520e-01 
  547.000  8.853888e-01 
  548.000  8.865470e-01 
  549.000  8.867359e-01 
  550.000  8.869166e-01 
  551.000  8.875859e-01 
  552.000  8.876739e-01 
  553.000  8.878399e-01 
  554.000  8.880494e-01 
  555.000  8.881705e-01 
  556.000  8.877314e-01 
  557.000  8.870835e-01 
  558.000  8.865476e-01 
  559.000  8.858072e-01 
  560.000  8.851679e-01 
  561.000  8.846465e-01 
  562.000  8.842626e-01 
  563.000  8.836599e-01 
  564.000  8.830472e-01 
  565.000  8.825105e-01 
  566.000  8.821532e-01 
  567.000  8.814336e-01 
  568.000  8.806480e-01 
  569.000  8.766817e-01 
  570.000  8.755180e-01 
  571.000  8.767069e-01 
  572.000  8.745662e-01 
  573.000  8.754329e-01 
  574.000  8.742622e-01 
  575.000  8.748174e-01 
  576.000  8.747802e-01 
  577.000  8.750793e-01 
  578.000  8.773170e-01 
  579.000  8.786563e-01 
  580.000  8.799099e-01 
  581.000  8.818451e-01 
  582.000  8.835523e-01 
  583.000  8.851876e-01 
  584.000  8.873396e-01 
  585.000  8.879201e-01 
  586.000  8.890176e-01 
  587.000  8.891748e-01 
  588.000  8.880842e-01 
  589.000  8.762330e-01 
  590.000  8.756794e-01 
  591.000  8.807847e-01 
  592.000  8.708038e-01 
  593.000  8.860171e-01 
  594.000  8.784689e-01 
  595.000  8.829300e-01 
  596.000  8.852232e-01 
  597.000  8.859602e-01 
  598.000  8.857310e-01 
  599.000  8.884810e-01 
  600.000  8.886705e-01 
  601.000  8.903751e-01 
  602.000  8.915591e-01 
  603.000  8.920353e-01 
  604.000  8.926879e-01 
  605.000  8.931019e-01 
  606.000  8.942907e-01 
  607.000  8.952473e-01 
  608.000  8.964590e-01 
  609.000  8.969550e-01 
  610.000  8.979453e-01 
  611.000  8.987424e-01 
  612.000  8.999403e-01 
  613.000  9.009110e-01 
  614.000  9.016222e-01 
  615.000  9.024476e-01 
  616.000  9.036542e-01 
  617.000  9.045295e-01 
  618.000  9.051132e-01 
  619.000  9.059837e-01 
  620.000  9.067866e-01 
  621.000  9.073779e-01 
  622.000  9.076397e-01 
  623.000  9.082543e-01 
  624.000  9.084885e-01 
  625.000  9.088174e-01 
  626.000  9.089714e-01 
  627.000  9.087947e-01 
  628.000  8.921245e-01 
  629.000  8.995714e-01 
  630.000  9.049388e-01 
  631.000  9.100440e-01 
  632.000  9.111912e-01 
  633.000  9.128456e-01 
  634.000  9.148036e-01 
  635.000  9.155656e-01 
  636.000  9.173343e-01 
  637.000  9.196205e-01 
  638.000  9.215366e-01 
  639.000  9.228576e-01 
  640.000  9.237573e-01 
  641.000  9.250604e-01 
  642.000  9.263357e-01 
  643.000  9.263961e-01 
  644.000  9.275962e-01 
  645.000  9.281266e-01 
  646.000  9.247896e-01 
  647.000  9.208837e-01 
  648.000  9.156768e-01 
  649.000  9.200686e-01 
  650.000  9.298218e-01 
  651.000  9.313388e-01 
  652.000  9.293870e-01 
  653.000  9.325561e-01 
  654.000  9.327028e-01 
  655.000  9.229216e-01 
  656.000  9.304663e-01 
  657.000  9.326404e-01 
  658.000  9.363159e-01 
  659.000  9.386281e-01 
  660.000  9.385487e-01 
  661.000  9.400161e-01 
  662.000  9.401981e-01 
  663.000  9.404266e-01 
  664.000  9.413056e-01 
  665.000  9.419835e-01 
  666.000  9.425955e-01 
  667.000  9.435725e-01 
  668.000  9.440076e-01 
  669.000  9.447256e-01 
  670.000  9.451808e-01 
  671.000  9.460433e-01 
  672.000  9.462261e-01 
  673.000  9.469497e-01 
  674.000  9.472172e-01 
  675.000  9.479625e-01 
  676.000  9.481767e-01 
  677.000  9.485809e-01 
  678.000  9.492149e-01 
  679.000  9.495577e-01 
  680.000  9.502208e-01 
  681.000  9.504321e-01 
  682.000  9.514028e-01 
  683.000  9.512793e-01 
  684.000  9.519821e-01 
  685.000  9.527813e-01 
  686.000  9.531354e-01 
  687.000  7.089037e-01 
  688.000  8.622277e-01 
  689.000  8.885775e-01 
  690.000  9.109408e-01 
  691.000  9.222211e-01 
  692.000  9.438531e-01 
  693.000  9.321616e-01 
  694.000  9.119778e-01 
  695.000  9.333540e-01 
  696.000  9.262821e-01 
  697.000  9.544417e-01 
  698.000  9.543372e-01 
  699.000  9.412703e-01 
  700.000  9.442192e-01 
  701.000  9.330696e-01 
  702.000  9.384538e-01 
  703.000  9.432211e-01 
  704.000  9.459001e-01 
  705.000  9.472534e-01 
  706.000  9.510069e-01 
  707.000  9.543883e-01 
  708.000  9.576659e-01 
  709.000  9.578311e-01 
  710.000  9.563628e-01 
  711.000  9.595776e-01 
  712.000  9.582322e-01 
  713.000  9.608600e-01 
  714.000  9.584005e-01 
  715.000  9.525527e-01 
  716.000  9.540650e-01 
  717.000  9.323023e-01 
  718.000  8.657660e-01 
  719.000  8.097692e-01 
  720.000  8.684377e-01 
  721.000  9.430611e-01 
  722.000  9.409339e-01 
  723.000  9.366161e-01 
  724.000  8.517610e-01 
  725.000  8.770818e-01 
  726.000  9.180952e-01 
  727.000  8.982127e-01 
  728.000  8.687162e-01 
  729.000  8.834495e-01 
  730.000  9.210126e-01 
  731.000  9.056178e-01 
  732.000  9.168488e-01 
  733.000  9.456182e-01 
  734.000  9.583533e-01 
  735.000  9.481934e-01 
  736.000  9.554517e-01 
  737.000  9.554340e-01 
  738.000  9.603628e-01 
  739.000  9.616374e-01 
  740.000  9.673862e-01 
  741.000  9.699654e-01 
  742.000  9.702238e-01 
  743.000  9.702759e-01 
  744.000  9.710344e-01 
  745.000  9.714150e-01 
  746.000  9.720429e-01 
  747.000  9.722265e-01 
  748.000  9.724129e-01 
  749.000  9.724606e-01 
  750.000  9.727114e-01 
  751.000  9.727767e-01 
  752.000  9.734561e-01 
  753.000  9.736198e-01 
  754.000  9.737628e-01 
  755.000  9.739026e-01 
  756.000  9.739839e-01 
  757.000  9.743633e-01 
  758.000  9.747273e-01 
  759.000  9.691831e-01 
  760.000  4.519823e-01 
  761.000  3.431513e-01 
  762.000  7.006278e-01 
  763.000  6.090304e-01 
  764.000  6.625189e-01 
  765.000  7.784198e-01 
  766.000  8.986165e-01 
  767.000  9.334633e-01 
  768.000  9.648336e-01 
  769.000  9.728721e-01 
  770.000  9.728962e-01 
  771.000  9.756853e-01 
  772.000  9.766057e-01 
  773.000  9.766722e-01 
  774.000  9.766781e-01 
  775.000  9.767618e-01 
  776.000  9.768703e-01 
  777.000  9.770053e-01 
  778.000  9.770865e-01 
  779.000  9.771746e-01 
  780.000  9.772483e-01 
  781.000  9.775085e-01 
  782.000  9.776217e-01 
  783.000  9.778265e-01 
  784.000  9.775649e-01 
  785.000  9.771871e-01 
  786.000  9.750909e-01 
  787.000  9.754082e-01 
  788.000  9.715339e-01 
  789.000  9.709965e-01 
  790.000  9.636342e-01 
  791.000  9.644845e-01 
  792.000  9.671252e-01 
  793.000  9.692159e-01 
  794.000  9.788294e-01 
  795.000  9.752662e-01 
  796.000  9.555429e-01 
  797.000  9.709571e-01 
  798.000  9.715297e-01 
  799.000  9.743214e-01 
  800.000  9.657172e-01 
  801.000  9.621949e-01 
  802.000  9.682562e-01 
  803.000  9.662787e-01 
  804.000  9.660505e-01 
  805.000  9.705819e-01 
  806.000  9.776418e-01 
  807.000  9.731855e-01 
  808.000  9.777715e-01 
  809.000  9.703625e-01 
  810.000  9.670913e-01 
  811.000  9.695262e-01 
  812.000  9.613377e-01 
  813.000  9.465959e-01 
  814.000  9.201781e-01 
  815.000  8.916507e-01 
  816.000  9.121072e-01 
  817.000  8.072830e-01 
  818.000  8.791830e-01 
  819.000  9.075724e-01 
  820.000  8.676607e-01 
  821.000  9.642907e-01 
  822.000  9.505051e-01 
  823.000  7.715821e-01 
  824.000  9.334869e-01 
  825.000  9.569661e-01 
  826.000  9.318163e-01 
  827.000  9.560047e-01 
  828.000  8.951034e-01 
  829.000  9.436094e-01 
  830.000  9.341410e-01 
  831.000  9.364413e-01 
  832.000  9.386805e-01 
  833.000  9.550790e-01 
  834.000  9.578127e-01 
  835.000  9.658171e-01 
  836.000  9.686857e-01 
  837.000  9.657885e-01 
  838.000  9.743670e-01 
  839.000  9.765484e-01 
  840.000  9.777904e-01 
  841.000  9.777904e-01 
  842.000  9.716511e-01 
  843.000  9.824859e-01 
  844.000  9.755871e-01 
  845.000  9.810560e-01 
  846.000  9.826183e-01 
  847.000  9.838042e-01 
  848.000  9.823073e-01 
  849.000  9.829717e-01 
  850.000  9.826477e-01 
  851.000  9.820481e-01 
  852.000  9.847170e-01 
  853.000  9.849613e-01 
  854.000  9.847625e-01 
  855.000  9.847625e-01 
  856.000  9.849974e-01 
  857.000  9.863618e-01 
  858.000  9.851207e-01 
  859.000  9.859505e-01 
  860.000  9.867641e-01 
  861.000  9.864575e-01 
  862.000  9.868693e-01 
  863.000  9.869347e-01 
  864.000  9.871274e-01 
  865.000  9.871274e-01 
  866.000  9.871893e-01 
  867.000  9.872547e-01 
  868.000  9.872870e-01 
  869.000  9.873105e-01 
  870.000  9.873295e-01 
  871.000  9.874678e-01 
  872.000  9.875569e-01 
  873.000  9.874941e-01 
  874.000  9.874941e-01 
  875.000  9.877501e-01 
  876.000  9.877980e-01 
  877.000  9.877437e-01 
  878.000  9.877416e-01 
  879.000  9.877308e-01 
  880.000  9.879699e-01 
  881.000  9.879699e-01 
  882.000  9.873643e-01 
  883.000  9.874814e-01 
  884.000  9.876477e-01 
  885.000  9.878384e-01 
  886.000  9.836736e-01 
  887.000  9.875602e-01 
  888.000  9.875602e-01 
  889.000  9.866738e-01 
  890.000  9.843714e-01 
  891.000  9.877409e-01 
  892.000  9.840044e-01 
  893.000  9.759560e-01 
  894.000  9.759560e-01 
  895.000  9.570749e-01 
  896.000  9.342418e-01 
  897.000  8.503385e-01 
  898.000  9.266869e-01 
  899.000  7.746449e-01 
  900.000  7.746449e-01 
  901.000  8.113804e-01 
  902.000  8.364381e-01 
  903.000  8.740384e-01 
  904.000  9.571875e-01 
  905.000  9.477304e-01 
  906.000  9.477304e-01 
  907.000  8.513798e-01 
  908.000  8.323632e-01 
  909.000  8.441523e-01 
  910.000  8.224238e-01 
  911.000  8.224238e-01 
  912.000  9.124383e-01 
  913.000  8.680381e-01 
  914.000  8.409857e-01 
  915.000  7.992290e-01 
  916.000  7.992290e-01 
  917.000  9.105585e-01 
  918.000  8.218160e-01 
  919.000  8.984876e-01 
  920.000  9.563501e-01 
  921.000  9.563501e-01 
  922.000  9.389248e-01 
  923.000  9.344916e-01 
  924.000  9.188200e-01 
  925.000  9.188200e-01 
  926.000  9.258215e-01 
  927.000  9.387851e-01 
  928.000  8.405945e-01 
  929.000  8.240060e-01 
  930.000  8.240060e-01 
  931.000  6.997635e-01 
  932.000  5.206102e-01 
  933.000  5.344343e-01 
  934.000  5.344343e-01 
  935.000  4.868174e-01 
  936.000  4.552712e-01 
  937.000  4.282655e-01 
  938.000  4.282655e-01 
  939.000  5.783652e-01 
  940.000  7.119895e-01 
  941.000  6.652407e-01 
  942.000  6.652407e-01 
  943.000  5.609525e-01 
  944.000  5.718970e-01 
  945.000  6.487466e-01 
  946.000  6.487466e-01 
  947.000  5.731989e-01 
  948.000  5.985869e-01 
  949.000  6.709147e-01 
  950.000  6.709147e-01 
  951.000  6.847911e-01 
  952.000  5.770028e-01 
  953.000  7.171600e-01 
  954.000  7.171600e-01 
  955.000  7.180678e-01 
  956.000  6.074837e-01 
  957.000  7.657189e-01 
  958.000  7.657189e-01 
  959.000  6.612870e-01 
  960.000  7.369112e-01 
  961.000  7.369112e-01 
  962.000  7.824271e-01 
  963.000  8.380369e-01 
  964.000  7.382920e-01 
  965.000  7.382920e-01 
  966.000  8.026376e-01 
  967.000  8.800535e-01 
  968.000  8.800535e-01 
  969.000  9.027097e-01 
  970.000  9.350659e-01 
  971.000  9.473524e-01 
  972.000  9.473524e-01 
  973.000  9.316534e-01 
  974.000  8.585463e-01 
  975.000  8.585463e-01 
  976.000  8.453684e-01 
  977.000  9.182956e-01 
  978.000  9.076461e-01 
  979.000  9.076461e-01 
  980.000  9.108867e-01 
  981.000  9.679982e-01 
  982.000  9.679982e-01 
  983.000  9.534945e-01 
  984.000  9.658503e-01 
  985.000  9.658503e-01 
  986.000  9.861634e-01 
  987.000  9.783089e-01 
  988.000  9.783089e-01 
  989.000  9.895424e-01 
  990.000  9.846876e-01 
  991.000  9.846876e-01 
  992.000  9.878725e-01 
  993.000  9.874825e-01 
  994.000  9.874825e-01 
  995.000  9.917663e-01 
  996.000  9.918618e-01 
  997.000  9.918618e-01 
  998.000  9.917999e-01 
  999.000  9.914071e-01 
 1000.000  9.914071e-01 
 1001.000  9.917600e-01 
 1002.000  9.853646e-01 
 1003.000  9.853646e-01 
 1004.000  9.916586e-01 
 1005.000  9.921246e-01 
 1006.000  9.921246e-01 
 1007.000  9.923638e-01 
 1008.000  9.908407e-01 
 1009.000  9.908407e-01 
 1010.000  9.856315e-01 
 1011.000  9.921756e-01 
 1012.000  9.921756e-01 
 1013.000  9.925287e-01 
 1014.000  9.924016e-01 
 1015.000  9.924016e-01 
 1016.000  9.926287e-01 
 1017.000  9.924293e-01 
 1018.000  9.924293e-01 
 1019.000  9.917867e-01 
 1020.000  9.928381e-01 
 1021.000  9.928381e-01 
 1022.000  9.919590e-01 
 1023.000  9.919590e-01 
 1024.000  9.919114e-01 
 1025.000  9.929161e-01 
 1026.000  9.929161e-01 
 1027.000  9.924612e-01 
 1028.000  9.930383e-01 
 1029.000  9.930383e-01 
 1030.000  9.933223e-01 
 1031.000  9.932181e-01 
 1032.000  9.932181e-01 
 1033.000  9.933183e-01 
 1034.000  9.933183e-01 
 1035.000  9.934227e-01 
 1036.000  9.931566e-01 
 1037.000  9.931566e-01 
 1038.000  9.931158e-01 
 1039.000  9.928190e-01 
 1040.000  9.928190e-01 
 1041.000  9.926116e-01 
 1042.000  9.926116e-01 
 1043.000  9.923377e-01 
 1044.000  9.919139e-01 
 1045.000  9.919139e-01 
 1046.000  9.913242e-01 
 1047.000  9.913242e-01 
 1048.000  9.907310e-01 
 1049.000  9.895139e-01 
 1050.000  9.895139e-01 
 1051.000  9.889984e-01 
 1052.000  9.889984e-01 
 1053.000  9.881809e-01 
 1054.000  9.874796e-01 
 1055.000  9.874796e-01 
 1056.000  9.866804e-01 
 1057.000  9.866804e-01 
 1058.000  9.859385e-01 
 1059.000  9.852186e-01 
 1060.000  9.852186e-01 
 1061.000  9.847642e-01 
 1062.000  9.847642e-01 
 1063.000  9.839460e-01 
 1064.000  9.831350e-01 
 1065.000  9.831350e-01 
 1066.000  9.842494e-01 
 1067.000  9.842494e-01 
 1068.000  9.836630e-01 
 1069.000  9.841548e-01 
 1070.000  9.841548e-01 
 1071.000  9.853963e-01 
 1072.000  9.853963e-01 
 1073.000  9.861385e-01 
 1074.000  9.861385e-01 
 1075.000  9.830802e-01 
 1076.000  9.822157e-01 
 1077.000  9.822157e-01 
 1078.000  9.863098e-01 
 1079.000  9.863098e-01 
 1080.000  9.826496e-01 
 1081.000  9.826496e-01 
 1082.000  9.842663e-01 
 1083.000  9.812281e-01 
 1084.000  9.812281e-01 
 1085.000  9.741474e-01 
 1086.000  9.741474e-01 
 1087.000  9.853917e-01 
 1088.000  9.853917e-01 
 1089.000  9.794863e-01 
 1090.000  9.766375e-01 
 1091.000  9.766375e-01 
 1092.000  9.677281e-01 
 1093.000  9.677281e-01 
 1094.000  9.692605e-01 
 1095.000  9.692605e-01 
 1096.000  9.634407e-01 
 1097.000  9.634407e-01 
 1098.000  9.547610e-01 
 1099.000  9.185429e-01 
 1100.000  9.185429e-01 
 1101.000  9.205126e-01 
 1102.000  9.205126e-01 
 1103.000  9.050574e-01 
 1104.000  9.050574e-01 
 1105.000  8.947695e-01 
 1106.000  8.947695e-01 
 1107.000  8.951548e-01 
 1108.000  8.951548e-01 
 1109.000  8.653325e-01 
 1110.000  8.416466e-01 
 1111.000  8.416466e-01 
 1112.000  7.974229e-01 
 1113.000  7.974229e-01 
 1114.000  7.282415e-01 
 1115.000  7.282415e-01 
 1116.000  5.065545e-01 
 1117.000  5.065545e-01 
 1118.000  6.107376e-01 
 1119.000  6.107376e-01 
 1120.000  5.315001e-01 
 1121.000  5.315001e-01 
 1122.000  3.422637e-01 
 1123.000  5.615836e-01 
 1124.000  5.615836e-01 
 1125.000  3.760107e-01 
 1126.000  3.760107e-01 
 1127.000  4.384342e-01 
 1128.000  4.384342e-01 
 1129.000  4.344685e-01 
 1130.000  4.344685e-01 
 1131.000  7.138262e-01 
 1132.000  7.138262e-01 
 1133.000  4.515508e-01 
 1134.000  4.515508e-01 
 1135.000  2.674991e-01 
 1136.000  2.674991e-01 
 1137.000  7.234181e-01 
 1138.000  7.234181e-01 
 1139.000  6.597058e-01 
 1140.000  6.597058e-01 
 1141.000  6.440484e-01 
 1142.000  6.440484e-01 
 1143.000  6.882961e-01 
 1144.000  6.882961e-01 
 1145.000  4.846467e-01 
 1146.000  4.846467e-01 
 1147.000  4.744398e-01 
 1148.000  4.744398e-01 
 1149.000  5.904533e-01 
 1150.000  5.904533e-01 
 1151.000  6.879845e-01 
 1152.000  6.879845e-01 
 1153.000  6.426694e-01 
 1154.000  6.426694e-01 
 1155.000  6.998401e-01 
 1156.000  6.998401e-01 
 1157.000  7.753358e-01 
 1158.000  7.753358e-01 
 1159.000  8.525448e-01 
 1160.000  8.525448e-01 
 1161.000  8.364133e-01 
 1162.000  8.364133e-01 
 1163.000  9.038624e-01 
 1164.000  9.038624e-01 
 1165.000  8.754545e-01 
 1166.000  8.754545e-01 
 1167.000  9.239990e-01 
 1168.000  9.239990e-01 
 1169.000  9.248437e-01 
 1170.000  9.248437e-01 
 1171.000  9.369071e-01 
 1172.000  9.369071e-01 
 1173.000  8.675449e-01 
 1174.000  8.675449e-01 
 1175.000  9.659818e-01 
 1176.000  9.659818e-01 
 1177.000  9.039138e-01 
 1178.000  9.039138e-01 
 1179.000  9.486201e-01 
 1180.000  9.486201e-01 
 1181.000  8.561100e-01 
 1182.000  8.561100e-01 
 1183.000  9.229197e-01 
 1184.000  9.229197e-01 
 1185.000  9.441898e-01 
 1186.000  9.441898e-01 
 1187.000  8.685508e-01 
 1188.000  8.685508e-01 
 1189.000  8.685508e-01 
 1190.000  9.229093e-01 
 1191.000  9.229093e-01 
 1192.000  9.692492e-01 
 1193.000  9.692492e-01 
 1194.000  9.366021e-01 
 1195.000  9.366021e-01 
 1196.000  9.494007e-01 
 1197.000  9.494007e-01 
 1198.000  9.187464e-01 
 1199.000  9.187464e-01 
 1200.000  9.164405e-01 
