  250.000  0.000000e+00 
  251.000  0.000000e+00 
  252.000  0.000000e+00 
  253.000  0.000000e+00 
  254.000  0.000000e+00 
  255.000  0.000000e+00 
  256.000  0.000000e+00 
  257.000  0.000000e+00 
  258.000  0.000000e+00 
  259.000  0.000000e+00 
  260.000  0.000000e+00 
  261.000  0.000000e+00 
  262.000  0.000000e+00 
  263.000  0.000000e+00 
  264.000  0.000000e+00 
  265.000  0.000000e+00 
  266.000  0.000000e+00 
  267.000  0.000000e+00 
  268.000  0.000000e+00 
  269.000  0.000000e+00 
  270.000  0.000000e+00 
  271.000  0.000000e+00 
  272.000  0.000000e+00 
  273.000  0.000000e+00 
  274.000  0.000000e+00 
  275.000  0.000000e+00 
  276.000  0.000000e+00 
  277.000  0.000000e+00 
  278.000  0.000000e+00 
  279.000  0.000000e+00 
  280.000  0.000000e+00 
  281.000  0.000000e+00 
  282.000  0.000000e+00 
  283.000  0.000000e+00 
  284.000  0.000000e+00 
  285.000  0.000000e+00 
  286.000  0.000000e+00 
  287.000  0.000000e+00 
  288.000  0.000000e+00 
  289.000  0.000000e+00 
  290.000  0.000000e+00 
  291.000  0.000000e+00 
  292.000  0.000000e+00 
  293.000  2.216941e-07 
  294.000  1.475540e-06 
  295.000  4.803636e-06 
  296.000  2.686561e-05 
  297.000  7.286556e-05 
  298.000  2.403949e-04 
  299.000  5.423580e-04 
  300.000  1.281502e-03 
  301.000  2.558942e-03 
  302.000  4.600923e-03 
  303.000  9.400572e-03 
  304.000  1.189316e-02 
  305.000  2.129723e-02 
  306.000  2.900832e-02 
  307.000  4.308023e-02 
  308.000  5.472665e-02 
  309.000  6.918766e-02 
  310.000  9.331563e-02 
  311.000  1.046718e-01 
  312.000  1.243663e-01 
  313.000  1.496121e-01 
  314.000  1.591980e-01 
  315.000  1.913607e-01 
  316.000  1.991565e-01 
  317.000  2.255412e-01 
  318.000  2.388085e-01 
  319.000  2.812772e-01 
  320.000  2.521006e-01 
  321.000  3.152773e-01 
  322.000  2.874909e-01 
  323.000  3.174925e-01 
  324.000  3.582182e-01 
  325.000  3.269168e-01 
  326.000  3.693830e-01 
  327.000  3.809657e-01 
  328.000  3.578447e-01 
  329.000  4.057862e-01 
  330.000  4.129272e-01 
  331.000  3.909018e-01 
  332.000  4.241058e-01 
  333.000  4.300500e-01 
  334.000  4.244354e-01 
  335.000  4.444470e-01 
  336.000  4.520526e-01 
  337.000  4.451689e-01 
  338.000  4.582145e-01 
  339.000  4.671290e-01 
  340.000  4.645279e-01 
  341.000  4.750510e-01 
  342.000  4.816233e-01 
  343.000  4.855286e-01 
  344.000  4.828617e-01 
  345.000  4.940297e-01 
  346.000  4.989350e-01 
  347.000  5.026568e-01 
  348.000  5.072211e-01 
  349.000  5.126045e-01 
  350.000  5.167726e-01 
  351.000  5.214391e-01 
  352.000  5.253032e-01 
  353.000  5.299139e-01 
  354.000  5.332426e-01 
  355.000  5.368534e-01 
  356.000  5.413961e-01 
  357.000  5.443825e-01 
  358.000  5.476828e-01 
  359.000  5.509254e-01 
  360.000  5.540990e-01 
  361.000  5.574299e-01 
  362.000  5.625095e-01 
  363.000  5.668243e-01 
  364.000  5.711039e-01 
  365.000  5.747013e-01 
  366.000  5.786595e-01 
  367.000  5.823812e-01 
  368.000  5.859307e-01 
  369.000  5.889052e-01 
  370.000  5.924459e-01 
  371.000  5.961701e-01 
  372.000  5.992705e-01 
  373.000  6.030353e-01 
  374.000  6.066234e-01 
  375.000  6.095244e-01 
  376.000  6.125539e-01 
  377.000  6.159803e-01 
  378.000  6.186295e-01 
  379.000  6.215089e-01 
  380.000  6.242836e-01 
  381.000  6.272892e-01 
  382.000  6.313010e-01 
  383.000  6.353830e-01 
  384.000  6.381738e-01 
  385.000  6.417361e-01 
  386.000  6.445767e-01 
  387.000  6.479231e-01 
  388.000  6.505526e-01 
  389.000  6.532228e-01 
  390.000  6.565589e-01 
  391.000  6.592916e-01 
  392.000  6.615949e-01 
  393.000  6.654096e-01 
  394.000  6.680475e-01 
  395.000  6.706039e-01 
  396.000  6.738270e-01 
  397.000  6.767288e-01 
  398.000  6.787775e-01 
  399.000  6.815436e-01 
  400.000  6.839378e-01 
  401.000  6.870766e-01 
  402.000  6.898820e-01 
  403.000  6.927631e-01 
  404.000  6.947025e-01 
  405.000  6.973673e-01 
  406.000  6.998539e-01 
  407.000  7.030723e-01 
  408.000  7.046697e-01 
  409.000  7.069737e-01 
  410.000  7.093959e-01 
  411.000  7.121215e-01 
  412.000  7.149259e-01 
  413.000  7.164686e-01 
  414.000  7.193568e-01 
  415.000  7.216253e-01 
  416.000  7.245382e-01 
  417.000  7.262592e-01 
  418.000  7.282220e-01 
  419.000  7.310001e-01 
  420.000  7.328773e-01 
  421.000  7.350391e-01 
  422.000  7.368070e-01 
  423.000  7.392318e-01 
  424.000  7.411038e-01 
  425.000  7.438988e-01 
  426.000  7.459788e-01 
  427.000  7.479410e-01 
  428.000  7.497151e-01 
  429.000  7.522425e-01 
  430.000  7.543440e-01 
  431.000  7.551795e-01 
  432.000  7.580956e-01 
  433.000  7.601243e-01 
  434.000  7.614484e-01 
  435.000  7.628366e-01 
  436.000  7.651607e-01 
  437.000  7.681852e-01 
  438.000  7.697285e-01 
  439.000  7.701498e-01 
  440.000  7.724113e-01 
  441.000  7.743734e-01 
  442.000  7.766201e-01 
  443.000  7.776747e-01 
  444.000  7.795683e-01 
  445.000  7.798077e-01 
  446.000  7.818503e-01 
  447.000  7.846107e-01 
  448.000  7.847689e-01 
  449.000  7.876732e-01 
  450.000  7.900579e-01 
  451.000  7.914802e-01 
  452.000  7.926455e-01 
  453.000  7.943738e-01 
  454.000  7.967905e-01 
  455.000  7.976125e-01 
  456.000  7.989383e-01 
  457.000  8.004797e-01 
  458.000  8.014213e-01 
  459.000  8.027917e-01 
  460.000  8.035935e-01 
  461.000  8.050852e-01 
  462.000  8.071507e-01 
  463.000  8.072834e-01 
  464.000  8.093063e-01 
  465.000  8.107027e-01 
  466.000  8.131789e-01 
  467.000  8.139848e-01 
  468.000  8.154385e-01 
  469.000  8.162910e-01 
  470.000  8.174869e-01 
  471.000  8.192438e-01 
  472.000  8.197535e-01 
  473.000  8.200665e-01 
  474.000  8.192670e-01 
  475.000  8.191518e-01 
  476.000  8.196819e-01 
  477.000  8.200943e-01 
  478.000  8.206972e-01 
  479.000  8.219535e-01 
  480.000  8.235336e-01 
  481.000  8.262864e-01 
  482.000  8.285063e-01 
  483.000  8.305112e-01 
  484.000  8.315120e-01 
  485.000  8.321360e-01 
  486.000  8.328429e-01 
  487.000  8.347741e-01 
  488.000  8.356698e-01 
  489.000  8.363626e-01 
  490.000  8.382157e-01 
  491.000  8.392693e-01 
  492.000  8.402334e-01 
  493.000  8.411728e-01 
  494.000  8.418072e-01 
  495.000  8.425320e-01 
  496.000  8.428702e-01 
  497.000  8.435482e-01 
  498.000  8.440061e-01 
  499.000  8.445731e-01 
  500.000  8.449007e-01 
  501.000  8.445187e-01 
  502.000  8.426954e-01 
  503.000  8.403441e-01 
  504.000  8.373400e-01 
  505.000  8.419266e-01 
  506.000  8.413800e-01 
  507.000  8.413923e-01 
  508.000  8.449587e-01 
  509.000  8.470993e-01 
  510.000  8.491441e-01 
  511.000  8.501120e-01 
  512.000  8.509637e-01 
  513.000  8.527245e-01 
  514.000  8.533476e-01 
  515.000  8.546063e-01 
  516.000  8.549679e-01 
  517.000  8.556842e-01 
  518.000  8.557975e-01 
  519.000  8.561861e-01 
  520.000  8.563743e-01 
  521.000  8.567744e-01 
  522.000  8.568103e-01 
  523.000  8.568808e-01 
  524.000  8.567266e-01 
  525.000  8.559802e-01 
  526.000  8.559320e-01 
  527.000  8.553525e-01 
  528.000  8.549619e-01 
  529.000  8.543143e-01 
  530.000  8.541249e-01 
  531.000  8.543280e-01 
  532.000  8.544838e-01 
  533.000  8.549081e-01 
  534.000  8.553906e-01 
  535.000  8.557463e-01 
  536.000  8.563491e-01 
  537.000  8.569680e-01 
  538.000  8.573142e-01 
  539.000  8.571990e-01 
  540.000  8.576427e-01 
  541.000  8.548770e-01 
  542.000  8.559547e-01 
  543.000  8.578550e-01 
  544.000  8.583195e-01 
  545.000  8.566135e-01 
  546.000  8.554953e-01 
  547.000  8.577711e-01 
  548.000  8.599359e-01 
  549.000  8.602173e-01 
  550.000  8.601211e-01 
  551.000  8.614721e-01 
  552.000  8.615413e-01 
  553.000  8.618204e-01 
  554.000  8.620773e-01 
  555.000  8.622245e-01 
  556.000  8.616917e-01 
  557.000  8.609055e-01 
  558.000  8.602555e-01 
  559.000  8.593546e-01 
  560.000  8.585654e-01 
  561.000  8.579217e-01 
  562.000  8.574759e-01 
  563.000  8.567435e-01 
  564.000  8.560047e-01 
  565.000  8.553565e-01 
  566.000  8.549238e-01 
  567.000  8.538261e-01 
  568.000  8.528084e-01 
  569.000  8.452987e-01 
  570.000  8.442225e-01 
  571.000  8.473762e-01 
  572.000  8.431456e-01 
  573.000  8.457204e-01 
  574.000  8.436495e-01 
  575.000  8.453838e-01 
  576.000  8.448533e-01 
  577.000  8.449467e-01 
  578.000  8.487442e-01 
  579.000  8.504193e-01 
  580.000  8.521140e-01 
  581.000  8.544675e-01 
  582.000  8.563252e-01 
  583.000  8.583661e-01 
  584.000  8.606865e-01 
  585.000  8.610155e-01 
  586.000  8.624185e-01 
  587.000  8.624180e-01 
  588.000  8.590119e-01 
  589.000  8.340418e-01 
  590.000  8.315746e-01 
  591.000  8.424536e-01 
  592.000  8.224576e-01 
  593.000  8.537877e-01 
  594.000  8.379071e-01 
  595.000  8.466709e-01 
  596.000  8.520321e-01 
  597.000  8.537989e-01 
  598.000  8.534425e-01 
  599.000  8.597890e-01 
  600.000  8.606321e-01 
  601.000  8.640143e-01 
  602.000  8.658914e-01 
  603.000  8.665000e-01 
  604.000  8.676282e-01 
  605.000  8.680778e-01 
  606.000  8.695841e-01 
  607.000  8.708192e-01 
  608.000  8.722937e-01 
  609.000  8.728971e-01 
  610.000  8.740961e-01 
  611.000  8.750713e-01 
  612.000  8.765305e-01 
  613.000  8.777127e-01 
  614.000  8.785787e-01 
  615.000  8.795843e-01 
  616.000  8.810542e-01 
  617.000  8.821211e-01 
  618.000  8.828328e-01 
  619.000  8.838942e-01 
  620.000  8.848732e-01 
  621.000  8.855946e-01 
  622.000  8.859129e-01 
  623.000  8.866616e-01 
  624.000  8.869154e-01 
  625.000  8.873444e-01 
  626.000  8.874698e-01 
  627.000  8.867712e-01 
  628.000  8.631112e-01 
  629.000  8.747073e-01 
  630.000  8.825167e-01 
  631.000  8.887674e-01 
  632.000  8.890353e-01 
  633.000  8.914731e-01 
  634.000  8.938164e-01 
  635.000  8.950824e-01 
  636.000  8.968071e-01 
  637.000  8.995169e-01 
  638.000  9.026018e-01 
  639.000  9.039277e-01 
  640.000  9.050855e-01 
  641.000  9.062994e-01 
  642.000  9.084486e-01 
  643.000  9.079278e-01 
  644.000  9.099099e-01 
  645.000  9.102007e-01 
  646.000  9.021686e-01 
  647.000  8.929979e-01 
  648.000  8.817028e-01 
  649.000  8.900733e-01 
  650.000  9.100288e-01 
  651.000  9.130770e-01 
  652.000  9.079463e-01 
  653.000  9.145394e-01 
  654.000  9.135931e-01 
  655.000  8.931296e-01 
  656.000  9.079385e-01 
  657.000  9.121193e-01 
  658.000  9.192560e-01 
  659.000  9.235772e-01 
  660.000  9.230356e-01 
  661.000  9.254486e-01 
  662.000  9.256157e-01 
  663.000  9.252221e-01 
  664.000  9.268158e-01 
  665.000  9.277630e-01 
  666.000  9.285643e-01 
  667.000  9.299062e-01 
  668.000  9.304410e-01 
  669.000  9.313083e-01 
  670.000  9.319506e-01 
  671.000  9.330144e-01 
  672.000  9.332399e-01 
  673.000  9.341320e-01 
  674.000  9.344612e-01 
  675.000  9.353807e-01 
  676.000  9.356264e-01 
  677.000  9.361427e-01 
  678.000  9.369249e-01 
  679.000  9.373382e-01 
  680.000  9.381197e-01 
  681.000  9.382347e-01 
  682.000  9.395345e-01 
  683.000  9.388819e-01 
  684.000  9.395883e-01 
  685.000  9.411684e-01 
  686.000  9.413385e-01 
  687.000  6.748121e-01 
  688.000  8.325381e-01 
  689.000  8.640873e-01 
  690.000  8.898117e-01 
  691.000  9.024201e-01 
  692.000  9.262956e-01 
  693.000  8.992528e-01 
  694.000  8.544729e-01 
  695.000  8.970399e-01 
  696.000  8.841597e-01 
  697.000  9.392733e-01 
  698.000  9.388136e-01 
  699.000  9.110216e-01 
  700.000  9.165084e-01 
  701.000  8.925141e-01 
  702.000  9.034706e-01 
  703.000  9.137887e-01 
  704.000  9.191906e-01 
  705.000  9.212979e-01 
  706.000  9.288468e-01 
  707.000  9.356698e-01 
  708.000  9.425942e-01 
  709.000  9.426847e-01 
  710.000  9.392271e-01 
  711.000  9.458489e-01 
  712.000  9.428191e-01 
  713.000  9.481002e-01 
  714.000  9.426473e-01 
  715.000  9.292529e-01 
  716.000  9.325097e-01 
  717.000  8.858443e-01 
  718.000  7.747602e-01 
  719.000  7.187758e-01 
  720.000  7.658583e-01 
  721.000  9.072841e-01 
  722.000  9.032547e-01 
  723.000  8.939281e-01 
  724.000  7.661431e-01 
  725.000  7.815844e-01 
  726.000  8.554692e-01 
  727.000  8.186688e-01 
  728.000  7.673690e-01 
  729.000  7.883527e-01 
  730.000  8.618445e-01 
  731.000  8.307069e-01 
  732.000  8.519150e-01 
  733.000  9.105886e-01 
  734.000  9.374943e-01 
  735.000  9.158512e-01 
  736.000  9.309732e-01 
  737.000  9.306037e-01 
  738.000  9.409317e-01 
  739.000  9.435142e-01 
  740.000  9.559866e-01 
  741.000  9.615998e-01 
  742.000  9.617217e-01 
  743.000  9.617219e-01 
  744.000  9.632583e-01 
  745.000  9.639760e-01 
  746.000  9.650922e-01 
  747.000  9.652333e-01 
  748.000  9.655276e-01 
  749.000  9.654872e-01 
  750.000  9.658365e-01 
  751.000  9.658171e-01 
  752.000  9.668673e-01 
  753.000  9.670926e-01 
  754.000  9.672054e-01 
  755.000  9.672986e-01 
  756.000  9.673381e-01 
  757.000  9.680518e-01 
  758.000  9.684977e-01 
  759.000  9.616720e-01 
  760.000  4.018366e-01 
  761.000  2.827840e-01 
  762.000  6.576741e-01 
  763.000  5.587466e-01 
  764.000  6.254768e-01 
  765.000  7.526784e-01 
  766.000  8.775508e-01 
  767.000  9.181670e-01 
  768.000  9.563804e-01 
  769.000  9.662051e-01 
  770.000  9.662501e-01 
  771.000  9.696986e-01 
  772.000  9.708416e-01 
  773.000  9.709241e-01 
  774.000  9.708767e-01 
  775.000  9.710203e-01 
  776.000  9.711691e-01 
  777.000  9.713366e-01 
  778.000  9.714369e-01 
  779.000  9.715452e-01 
  780.000  9.716357e-01 
  781.000  9.719579e-01 
  782.000  9.719806e-01 
  783.000  9.723151e-01 
  784.000  9.715705e-01 
  785.000  9.705822e-01 
  786.000  9.657450e-01 
  787.000  9.661054e-01 
  788.000  9.577832e-01 
  789.000  9.562781e-01 
  790.000  9.404033e-01 
  791.000  9.421951e-01 
  792.000  9.475303e-01 
  793.000  9.524222e-01 
  794.000  9.725217e-01 
  795.000  9.642835e-01 
  796.000  9.223874e-01 
  797.000  9.547753e-01 
  798.000  9.559738e-01 
  799.000  9.618047e-01 
  800.000  9.434413e-01 
  801.000  9.359081e-01 
  802.000  9.484214e-01 
  803.000  9.441438e-01 
  804.000  9.436689e-01 
  805.000  9.534629e-01 
  806.000  9.687336e-01 
  807.000  9.589030e-01 
  808.000  9.688872e-01 
  809.000  9.527645e-01 
  810.000  9.455390e-01 
  811.000  9.505933e-01 
  812.000  9.327024e-01 
  813.000  9.029545e-01 
  814.000  8.513816e-01 
  815.000  8.087525e-01 
  816.000  8.399853e-01 
  817.000  6.977305e-01 
  818.000  8.006065e-01 
  819.000  8.297496e-01 
  820.000  7.877387e-01 
  821.000  9.382934e-01 
  822.000  9.094555e-01 
  823.000  6.535717e-01 
  824.000  8.744196e-01 
  825.000  9.239548e-01 
  826.000  8.738449e-01 
  827.000  9.209393e-01 
  828.000  8.088141e-01 
  829.000  8.967383e-01 
  830.000  8.794712e-01 
  831.000  8.836039e-01 
  832.000  8.861201e-01 
  833.000  9.177093e-01 
  834.000  9.248677e-01 
  835.000  9.405915e-01 
  836.000  9.469709e-01 
  837.000  9.407499e-01 
  838.000  9.587010e-01 
  839.000  9.636049e-01 
  840.000  9.661443e-01 
  841.000  9.661443e-01 
  842.000  9.529136e-01 
  843.000  9.764677e-01 
  844.000  9.613425e-01 
  845.000  9.731427e-01 
  846.000  9.765238e-01 
  847.000  9.792246e-01 
  848.000  9.757069e-01 
  849.000  9.771568e-01 
  850.000  9.759820e-01 
  851.000  9.734026e-01 
  852.000  9.791788e-01 
  853.000  9.797149e-01 
  854.000  9.791715e-01 
  855.000  9.791715e-01 
  856.000  9.796591e-01 
  857.000  9.826195e-01 
  858.000  9.797734e-01 
  859.000  9.815510e-01 
  860.000  9.833816e-01 
  861.000  9.826113e-01 
  862.000  9.834591e-01 
  863.000  9.836839e-01 
  864.000  9.838827e-01 
  865.000  9.838827e-01 
  866.000  9.840040e-01 
  867.000  9.840858e-01 
  868.000  9.841251e-01 
  869.000  9.841522e-01 
  870.000  9.840516e-01 
  871.000  9.843440e-01 
  872.000  9.844248e-01 
  873.000  9.842145e-01 
  874.000  9.842145e-01 
  875.000  9.846833e-01 
  876.000  9.847442e-01 
  877.000  9.845443e-01 
  878.000  9.844635e-01 
  879.000  9.844100e-01 
  880.000  9.848455e-01 
  881.000  9.848455e-01 
  882.000  9.833747e-01 
  883.000  9.836287e-01 
  884.000  9.839045e-01 
  885.000  9.842569e-01 
  886.000  9.748781e-01 
  887.000  9.834566e-01 
  888.000  9.834566e-01 
  889.000  9.814224e-01 
  890.000  9.762844e-01 
  891.000  9.836818e-01 
  892.000  9.751174e-01 
  893.000  9.569700e-01 
  894.000  9.569700e-01 
  895.000  9.212420e-01 
  896.000  8.765015e-01 
  897.000  7.567422e-01 
  898.000  8.593198e-01 
  899.000  6.709852e-01 
  900.000  6.709852e-01 
  901.000  7.169715e-01 
  902.000  7.533496e-01 
  903.000  8.025020e-01 
  904.000  9.181132e-01 
  905.000  9.023453e-01 
  906.000  9.023453e-01 
  907.000  7.541674e-01 
  908.000  7.412458e-01 
  909.000  7.462028e-01 
  910.000  7.125221e-01 
  911.000  7.125221e-01 
  912.000  8.314314e-01 
  913.000  7.670191e-01 
  914.000  7.384411e-01 
  915.000  6.890481e-01 
  916.000  6.890481e-01 
  917.000  8.239223e-01 
  918.000  7.105651e-01 
  919.000  8.251501e-01 
  920.000  9.142413e-01 
  921.000  9.142413e-01 
  922.000  8.808862e-01 
  923.000  8.725313e-01 
  924.000  8.384377e-01 
  925.000  8.384377e-01 
  926.000  8.529568e-01 
  927.000  8.781773e-01 
  928.000  7.183823e-01 
  929.000  6.888373e-01 
  930.000  6.888373e-01 
  931.000  5.559291e-01 
  932.000  3.656813e-01 
  933.000  3.342299e-01 
  934.000  3.342299e-01 
  935.000  3.256731e-01 
  936.000  2.945603e-01 
  937.000  2.389551e-01 
  938.000  2.389551e-01 
  939.000  4.026115e-01 
  940.000  5.468831e-01 
  941.000  4.997213e-01 
  942.000  4.997213e-01 
  943.000  3.855948e-01 
  944.000  3.991100e-01 
  945.000  4.830784e-01 
  946.000  4.830784e-01 
  947.000  3.956402e-01 
  948.000  4.474144e-01 
  949.000  5.139650e-01 
  950.000  5.139650e-01 
  951.000  5.527544e-01 
  952.000  3.897038e-01 
  953.000  5.708166e-01 
  954.000  5.708166e-01 
  955.000  5.760858e-01 
  956.000  4.448911e-01 
  957.000  6.389470e-01 
  958.000  6.389470e-01 
  959.000  5.031022e-01 
  960.000  5.781100e-01 
  961.000  5.781100e-01 
  962.000  6.590679e-01 
  963.000  7.140072e-01 
  964.000  6.008353e-01 
  965.000  6.008353e-01 
  966.000  6.794828e-01 
  967.000  7.931793e-01 
  968.000  7.931793e-01 
  969.000  8.263826e-01 
  970.000  8.711225e-01 
  971.000  8.955640e-01 
  972.000  8.955640e-01 
  973.000  8.635724e-01 
  974.000  7.552025e-01 
  975.000  7.552025e-01 
  976.000  7.473006e-01 
  977.000  8.535810e-01 
  978.000  8.364503e-01 
  979.000  8.364503e-01 
  980.000  8.389834e-01 
  981.000  9.372412e-01 
  982.000  9.372412e-01 
  983.000  9.120533e-01 
  984.000  9.332172e-01 
  985.000  9.332172e-01 
  986.000  9.764231e-01 
  987.000  9.593590e-01 
  988.000  9.593590e-01 
  989.000  9.838651e-01 
  990.000  9.729822e-01 
  991.000  9.729822e-01 
  992.000  9.801704e-01 
  993.000  9.792250e-01 
  994.000  9.792250e-01 
  995.000  9.887089e-01 
  996.000  9.889088e-01 
  997.000  9.889088e-01 
  998.000  9.887143e-01 
  999.000  9.877678e-01 
 1000.000  9.877678e-01 
 1001.000  9.885147e-01 
 1002.000  9.744358e-01 
 1003.000  9.744358e-01 
 1004.000  9.882191e-01 
 1005.000  9.892792e-01 
 1006.000  9.892792e-01 
 1007.000  9.897878e-01 
 1008.000  9.862285e-01 
 1009.000  9.862285e-01 
 1010.000  9.748335e-01 
 1011.000  9.892121e-01 
 1012.000  9.892121e-01 
 1013.000  9.899697e-01 
 1014.000  9.896321e-01 
 1015.000  9.896321e-01 
 1016.000  9.901164e-01 
 1017.000  9.896060e-01 
 1018.000  9.896060e-01 
 1019.000  9.880948e-01 
 1020.000  9.904643e-01 
 1021.000  9.904643e-01 
 1022.000  9.883972e-01 
 1023.000  9.883972e-01 
 1024.000  9.882659e-01 
 1025.000  9.905340e-01 
 1026.000  9.905340e-01 
 1027.000  9.894705e-01 
 1028.000  9.907808e-01 
 1029.000  9.907808e-01 
 1030.000  9.914343e-01 
 1031.000  9.912107e-01 
 1032.000  9.912107e-01 
 1033.000  9.914736e-01 
 1034.000  9.914736e-01 
 1035.000  9.917743e-01 
 1036.000  9.914422e-01 
 1037.000  9.914422e-01 
 1038.000  9.913920e-01 
 1039.000  9.909937e-01 
 1040.000  9.909937e-01 
 1041.000  9.907602e-01 
 1042.000  9.907602e-01 
 1043.000  9.904197e-01 
 1044.000  9.898903e-01 
 1045.000  9.898903e-01 
 1046.000  9.891538e-01 
 1047.000  9.891538e-01 
 1048.000  9.884129e-01 
 1049.000  9.868941e-01 
 1050.000  9.868941e-01 
 1051.000  9.862494e-01 
 1052.000  9.862494e-01 
 1053.000  9.852287e-01 
 1054.000  9.843473e-01 
 1055.000  9.843473e-01 
 1056.000  9.833550e-01 
 1057.000  9.833550e-01 
 1058.000  9.824236e-01 
 1059.000  9.815273e-01 
 1060.000  9.815273e-01 
 1061.000  9.809560e-01 
 1062.000  9.809560e-01 
 1063.000  9.798461e-01 
 1064.000  9.783395e-01 
 1065.000  9.783395e-01 
 1066.000  9.802967e-01 
 1067.000  9.802967e-01 
 1068.000  9.792424e-01 
 1069.000  9.792401e-01 
 1070.000  9.792401e-01 
 1071.000  9.812641e-01 
 1072.000  9.812641e-01 
 1073.000  9.821476e-01 
 1074.000  9.821476e-01 
 1075.000  9.744558e-01 
 1076.000  9.717421e-01 
 1077.000  9.717421e-01 
 1078.000  9.797021e-01 
 1079.000  9.797021e-01 
 1080.000  9.709048e-01 
 1081.000  9.709048e-01 
 1082.000  9.734162e-01 
 1083.000  9.659701e-01 
 1084.000  9.659701e-01 
 1085.000  9.502137e-01 
 1086.000  9.502137e-01 
 1087.000  9.740359e-01 
 1088.000  9.740359e-01 
 1089.000  9.606242e-01 
 1090.000  9.546514e-01 
 1091.000  9.546514e-01 
 1092.000  9.346343e-01 
 1093.000  9.346343e-01 
 1094.000  9.380194e-01 
 1095.000  9.380194e-01 
 1096.000  9.256287e-01 
 1097.000  9.256287e-01 
 1098.000  9.070724e-01 
 1099.000  8.430104e-01 
 1100.000  8.430104e-01 
 1101.000  8.474628e-01 
 1102.000  8.474628e-01 
 1103.000  8.199806e-01 
 1104.000  8.199806e-01 
 1105.000  8.014655e-01 
 1106.000  8.014655e-01 
 1107.000  8.051350e-01 
 1108.000  8.051350e-01 
 1109.000  7.565950e-01 
 1110.000  7.400484e-01 
 1111.000  7.400484e-01 
 1112.000  6.755442e-01 
 1113.000  6.755442e-01 
 1114.000  5.941954e-01 
 1115.000  5.941954e-01 
 1116.000  3.414679e-01 
 1117.000  3.414679e-01 
 1118.000  4.374409e-01 
 1119.000  4.374409e-01 
 1120.000  3.431741e-01 
 1121.000  3.431741e-01 
 1122.000  1.865938e-01 
 1123.000  3.881920e-01 
 1124.000  3.881920e-01 
 1125.000  1.980628e-01 
 1126.000  1.980628e-01 
 1127.000  2.455948e-01 
 1128.000  2.455948e-01 
 1129.000  2.304365e-01 
 1130.000  2.304365e-01 
 1131.000  5.400950e-01 
 1132.000  5.400950e-01 
 1133.000  2.534956e-01 
 1134.000  2.534956e-01 
 1135.000  1.400335e-01 
 1136.000  1.400335e-01 
 1137.000  5.358427e-01 
 1138.000  5.358427e-01 
 1139.000  4.946633e-01 
 1140.000  4.946633e-01 
 1141.000  4.721434e-01 
 1142.000  4.721434e-01 
 1143.000  5.222794e-01 
 1144.000  5.222794e-01 
 1145.000  2.811847e-01 
 1146.000  2.811847e-01 
 1147.000  2.886693e-01 
 1148.000  2.886693e-01 
 1149.000  4.279228e-01 
 1150.000  4.279228e-01 
 1151.000  5.125511e-01 
 1152.000  5.125511e-01 
 1153.000  4.743669e-01 
 1154.000  4.743669e-01 
 1155.000  5.435331e-01 
 1156.000  5.435331e-01 
 1157.000  6.497805e-01 
 1158.000  6.497805e-01 
 1159.000  7.329993e-01 
 1160.000  7.329993e-01 
 1161.000  7.133263e-01 
 1162.000  7.133263e-01 
 1163.000  8.276317e-01 
 1164.000  8.276317e-01 
 1165.000  7.799752e-01 
 1166.000  7.799752e-01 
 1167.000  8.533134e-01 
 1168.000  8.533134e-01 
 1169.000  8.559959e-01 
 1170.000  8.559959e-01 
 1171.000  8.792770e-01 
 1172.000  8.792770e-01 
 1173.000  7.623522e-01 
 1174.000  7.623522e-01 
 1175.000  9.300098e-01 
 1176.000  9.300098e-01 
 1177.000  8.236914e-01 
 1178.000  8.236914e-01 
 1179.000  9.032561e-01 
 1180.000  9.032561e-01 
 1181.000  7.618196e-01 
 1182.000  7.618196e-01 
 1183.000  8.589658e-01 
 1184.000  8.589658e-01 
 1185.000  8.860326e-01 
 1186.000  8.860326e-01 
 1187.000  7.879230e-01 
 1188.000  7.879230e-01 
 1189.000  7.879230e-01 
 1190.000  8.625489e-01 
 1191.000  8.625489e-01 
 1192.000  9.369186e-01 
 1193.000  9.369186e-01 
 1194.000  8.840140e-01 
 1195.000  8.840140e-01 
 1196.000  8.954100e-01 
 1197.000  8.954100e-01 
 1198.000  8.476113e-01 
 1199.000  8.476113e-01 
 1200.000  8.501350e-01 
