  250.000  0.000000e+00 
  251.000  0.000000e+00 
  252.000  0.000000e+00 
  253.000  0.000000e+00 
  254.000  0.000000e+00 
  255.000  0.000000e+00 
  256.000  0.000000e+00 
  257.000  0.000000e+00 
  258.000  0.000000e+00 
  259.000  0.000000e+00 
  260.000  0.000000e+00 
  261.000  0.000000e+00 
  262.000  0.000000e+00 
  263.000  0.000000e+00 
  264.000  0.000000e+00 
  265.000  0.000000e+00 
  266.000  0.000000e+00 
  267.000  0.000000e+00 
  268.000  0.000000e+00 
  269.000  0.000000e+00 
  270.000  0.000000e+00 
  271.000  0.000000e+00 
  272.000  0.000000e+00 
  273.000  0.000000e+00 
  274.000  0.000000e+00 
  275.000  0.000000e+00 
  276.000  0.000000e+00 
  277.000  0.000000e+00 
  278.000  0.000000e+00 
  279.000  0.000000e+00 
  280.000  0.000000e+00 
  281.000  0.000000e+00 
  282.000  0.000000e+00 
  283.000  0.000000e+00 
  284.000  0.000000e+00 
  285.000  0.000000e+00 
  286.000  0.000000e+00 
  287.000  0.000000e+00 
  288.000  0.000000e+00 
  289.000  0.000000e+00 
  290.000  0.000000e+00 
  291.000  0.000000e+00 
  292.000  0.000000e+00 
  293.000  1.709964e-06 
  294.000  8.839426e-06 
  295.000  2.458635e-05 
  296.000  1.093043e-04 
  297.000  2.595290e-04 
  298.000  7.302448e-04 
  299.000  1.478137e-03 
  300.000  3.114274e-03 
  301.000  5.670904e-03 
  302.000  9.428998e-03 
  303.000  1.751461e-02 
  304.000  2.147456e-02 
  305.000  3.558061e-02 
  306.000  4.650713e-02 
  307.000  6.552006e-02 
  308.000  8.061929e-02 
  309.000  9.878510e-02 
  310.000  1.280247e-01 
  311.000  1.414227e-01 
  312.000  1.642136e-01 
  313.000  1.927397e-01 
  314.000  2.033976e-01 
  315.000  2.385644e-01 
  316.000  2.469649e-01 
  317.000  2.750822e-01 
  318.000  2.890523e-01 
  319.000  3.331067e-01 
  320.000  3.029452e-01 
  321.000  3.677339e-01 
  322.000  3.394748e-01 
  323.000  3.699722e-01 
  324.000  4.107662e-01 
  325.000  3.794714e-01 
  326.000  4.218389e-01 
  327.000  4.332790e-01 
  328.000  4.103950e-01 
  329.000  4.576403e-01 
  330.000  4.646119e-01 
  331.000  4.430561e-01 
  332.000  4.754932e-01 
  333.000  4.812637e-01 
  334.000  4.758134e-01 
  335.000  4.951961e-01 
  336.000  5.025320e-01 
  337.000  4.958932e-01 
  338.000  5.084633e-01 
  339.000  5.170254e-01 
  340.000  5.145294e-01 
  341.000  5.246161e-01 
  342.000  5.309005e-01 
  343.000  5.346293e-01 
  344.000  5.320834e-01 
  345.000  5.427328e-01 
  346.000  5.473999e-01 
  347.000  5.509371e-01 
  348.000  5.552702e-01 
  349.000  5.603741e-01 
  350.000  5.643209e-01 
  351.000  5.687348e-01 
  352.000  5.723856e-01 
  353.000  5.767372e-01 
  354.000  5.798755e-01 
  355.000  5.832770e-01 
  356.000  5.875522e-01 
  357.000  5.903599e-01 
  358.000  5.934606e-01 
  359.000  5.965046e-01 
  360.000  5.994813e-01 
  361.000  6.026033e-01 
  362.000  6.073596e-01 
  363.000  6.113951e-01 
  364.000  6.153938e-01 
  365.000  6.187519e-01 
  366.000  6.224437e-01 
  367.000  6.259116e-01 
  368.000  6.292165e-01 
  369.000  6.319838e-01 
  370.000  6.352755e-01 
  371.000  6.387352e-01 
  372.000  6.416129e-01 
  373.000  6.451049e-01 
  374.000  6.484302e-01 
  375.000  6.511169e-01 
  376.000  6.539207e-01 
  377.000  6.570895e-01 
  378.000  6.595380e-01 
  379.000  6.621977e-01 
  380.000  6.647592e-01 
  381.000  6.675320e-01 
  382.000  6.712304e-01 
  383.000  6.749902e-01 
  384.000  6.775589e-01 
  385.000  6.808357e-01 
  386.000  6.834467e-01 
  387.000  6.865207e-01 
  388.000  6.889346e-01 
  389.000  6.913849e-01 
  390.000  6.944439e-01 
  391.000  6.969482e-01 
  392.000  6.990581e-01 
  393.000  7.025499e-01 
  394.000  7.049630e-01 
  395.000  7.073005e-01 
  396.000  7.102457e-01 
  397.000  7.129016e-01 
  398.000  7.147669e-01 
  399.000  7.172939e-01 
  400.000  7.194738e-01 
  401.000  7.223337e-01 
  402.000  7.248889e-01 
  403.000  7.275120e-01 
  404.000  7.292767e-01 
  405.000  7.317005e-01 
  406.000  7.339611e-01 
  407.000  7.368854e-01 
  408.000  7.383363e-01 
  409.000  7.404280e-01 
  410.000  7.426260e-01 
  411.000  7.450983e-01 
  412.000  7.476406e-01 
  413.000  7.490386e-01 
  414.000  7.516548e-01 
  415.000  7.537124e-01 
  416.000  7.563457e-01 
  417.000  7.579033e-01 
  418.000  7.596768e-01 
  419.000  7.621898e-01 
  420.000  7.638835e-01 
  421.000  7.658358e-01 
  422.000  7.674323e-01 
  423.000  7.696202e-01 
  424.000  7.713092e-01 
  425.000  7.738296e-01 
  426.000  7.757078e-01 
  427.000  7.774724e-01 
  428.000  7.790705e-01 
  429.000  7.813470e-01 
  430.000  7.832376e-01 
  431.000  7.839894e-01 
  432.000  7.866124e-01 
  433.000  7.884364e-01 
  434.000  7.896265e-01 
  435.000  7.908741e-01 
  436.000  7.929618e-01 
  437.000  7.956776e-01 
  438.000  7.970629e-01 
  439.000  7.974410e-01 
  440.000  7.994716e-01 
  441.000  8.012312e-01 
  442.000  8.033212e-01 
  443.000  8.043960e-01 
  444.000  8.058995e-01 
  445.000  8.064318e-01 
  446.000  8.083242e-01 
  447.000  8.104066e-01 
  448.000  8.105487e-01 
  449.000  8.131438e-01 
  450.000  8.152755e-01 
  451.000  8.165473e-01 
  452.000  8.175891e-01 
  453.000  8.191486e-01 
  454.000  8.212934e-01 
  455.000  8.220275e-01 
  456.000  8.232115e-01 
  457.000  8.245879e-01 
  458.000  8.254285e-01 
  459.000  8.266516e-01 
  460.000  8.273670e-01 
  461.000  8.286979e-01 
  462.000  8.305401e-01 
  463.000  8.306586e-01 
  464.000  8.324622e-01 
  465.000  8.337069e-01 
  466.000  8.359472e-01 
  467.000  8.366373e-01 
  468.000  8.379281e-01 
  469.000  8.389207e-01 
  470.000  8.400709e-01 
  471.000  8.413246e-01 
  472.000  8.417885e-01 
  473.000  8.420561e-01 
  474.000  8.413374e-01 
  475.000  8.413574e-01 
  476.000  8.417050e-01 
  477.000  8.420710e-01 
  478.000  8.426073e-01 
  479.000  8.437250e-01 
  480.000  8.451306e-01 
  481.000  8.475783e-01 
  482.000  8.495515e-01 
  483.000  8.513331e-01 
  484.000  8.522232e-01 
  485.000  8.529148e-01 
  486.000  8.535715e-01 
  487.000  8.551241e-01 
  488.000  8.559205e-01 
  489.000  8.565479e-01 
  490.000  8.581782e-01 
  491.000  8.591187e-01 
  492.000  8.599660e-01 
  493.000  8.607979e-01 
  494.000  8.613594e-01 
  495.000  8.620019e-01 
  496.000  8.623016e-01 
  497.000  8.629029e-01 
  498.000  8.633088e-01 
  499.000  8.638167e-01 
  500.000  8.641310e-01 
  501.000  8.639140e-01 
  502.000  8.630741e-01 
  503.000  8.620238e-01 
  504.000  8.609842e-01 
  505.000  8.624597e-01 
  506.000  8.631335e-01 
  507.000  8.636570e-01 
  508.000  8.656171e-01 
  509.000  8.667715e-01 
  510.000  8.680642e-01 
  511.000  8.690220e-01 
  512.000  8.696867e-01 
  513.000  8.710640e-01 
  514.000  8.716302e-01 
  515.000  8.726983e-01 
  516.000  8.730189e-01 
  517.000  8.736520e-01 
  518.000  8.737522e-01 
  519.000  8.740958e-01 
  520.000  8.742624e-01 
  521.000  8.746165e-01 
  522.000  8.746484e-01 
  523.000  8.747112e-01 
  524.000  8.746685e-01 
  525.000  8.741865e-01 
  526.000  8.738790e-01 
  527.000  8.735247e-01 
  528.000  8.730481e-01 
  529.000  8.726071e-01 
  530.000  8.723249e-01 
  531.000  8.724599e-01 
  532.000  8.726085e-01 
  533.000  8.729668e-01 
  534.000  8.734149e-01 
  535.000  8.737082e-01 
  536.000  8.742456e-01 
  537.000  8.747998e-01 
  538.000  8.750994e-01 
  539.000  8.752167e-01 
  540.000  8.756928e-01 
  541.000  8.747424e-01 
  542.000  8.751413e-01 
  543.000  8.760043e-01 
  544.000  8.763558e-01 
  545.000  8.756951e-01 
  546.000  8.755028e-01 
  547.000  8.766705e-01 
  548.000  8.777590e-01 
  549.000  8.779509e-01 
  550.000  8.782102e-01 
  551.000  8.788180e-01 
  552.000  8.789198e-01 
  553.000  8.790823e-01 
  554.000  8.793064e-01 
  555.000  8.794363e-01 
  556.000  8.789653e-01 
  557.000  8.782702e-01 
  558.000  8.776956e-01 
  559.000  8.769020e-01 
  560.000  8.762193e-01 
  561.000  8.756626e-01 
  562.000  8.752468e-01 
  563.000  8.746010e-01 
  564.000  8.739433e-01 
  565.000  8.733676e-01 
  566.000  8.729843e-01 
  567.000  8.722589e-01 
  568.000  8.714295e-01 
  569.000  8.677268e-01 
  570.000  8.664298e-01 
  571.000  8.673402e-01 
  572.000  8.653860e-01 
  573.000  8.659971e-01 
  574.000  8.648794e-01 
  575.000  8.652574e-01 
  576.000  8.653196e-01 
  577.000  8.656924e-01 
  578.000  8.678660e-01 
  579.000  8.692908e-01 
  580.000  8.705983e-01 
  581.000  8.726705e-01 
  582.000  8.745439e-01 
  583.000  8.762850e-01 
  584.000  8.786510e-01 
  585.000  8.793509e-01 
  586.000  8.805116e-01 
  587.000  8.807198e-01 
  588.000  8.799604e-01 
  589.000  8.696491e-01 
  590.000  8.693039e-01 
  591.000  8.737770e-01 
  592.000  8.649785e-01 
  593.000  8.783394e-01 
  594.000  8.717607e-01 
  595.000  8.756811e-01 
  596.000  8.776196e-01 
  597.000  8.782402e-01 
  598.000  8.779945e-01 
  599.000  8.803359e-01 
  600.000  8.804274e-01 
  601.000  8.819818e-01 
  602.000  8.831623e-01 
  603.000  8.836668e-01 
  604.000  8.842991e-01 
  605.000  8.847545e-01 
  606.000  8.860180e-01 
  607.000  8.870301e-01 
  608.000  8.883309e-01 
  609.000  8.888631e-01 
  610.000  8.899276e-01 
  611.000  8.907824e-01 
  612.000  8.920684e-01 
  613.000  8.931110e-01 
  614.000  8.938747e-01 
  615.000  8.947613e-01 
  616.000  8.960575e-01 
  617.000  8.969976e-01 
  618.000  8.976248e-01 
  619.000  8.985599e-01 
  620.000  8.994228e-01 
  621.000  9.000582e-01 
  622.000  9.003397e-01 
  623.000  9.010004e-01 
  624.000  9.012584e-01 
  625.000  9.016064e-01 
  626.000  9.017845e-01 
  627.000  9.016911e-01 
  628.000  8.845403e-01 
  629.000  8.921263e-01 
  630.000  8.974578e-01 
  631.000  9.029394e-01 
  632.000  9.044054e-01 
  633.000  9.060974e-01 
  634.000  9.082094e-01 
  635.000  9.089634e-01 
  636.000  9.109523e-01 
  637.000  9.134294e-01 
  638.000  9.153427e-01 
  639.000  9.168239e-01 
  640.000  9.177814e-01 
  641.000  9.192601e-01 
  642.000  9.205146e-01 
  643.000  9.207004e-01 
  644.000  9.218891e-01 
  645.000  9.225309e-01 
  646.000  9.197354e-01 
  647.000  9.164640e-01 
  648.000  9.119739e-01 
  649.000  9.160423e-01 
  650.000  9.248050e-01 
  651.000  9.262003e-01 
  652.000  9.246517e-01 
  653.000  9.275220e-01 
  654.000  9.279051e-01 
  655.000  9.193388e-01 
  656.000  9.261325e-01 
  657.000  9.281533e-01 
  658.000  9.315548e-01 
  659.000  9.337475e-01 
  660.000  9.337484e-01 
  661.000  9.352111e-01 
  662.000  9.354184e-01 
  663.000  9.358017e-01 
  664.000  9.366460e-01 
  665.000  9.373533e-01 
  666.000  9.380038e-01 
  667.000  9.390290e-01 
  668.000  9.394986e-01 
  669.000  9.402763e-01 
  670.000  9.407507e-01 
  671.000  9.416806e-01 
  672.000  9.418778e-01 
  673.000  9.426580e-01 
  674.000  9.429467e-01 
  675.000  9.437505e-01 
  676.000  9.439850e-01 
  677.000  9.444175e-01 
  678.000  9.451013e-01 
  679.000  9.454728e-01 
  680.000  9.461956e-01 
  681.000  9.464522e-01 
  682.000  9.474794e-01 
  683.000  9.474486e-01 
  684.000  9.482357e-01 
  685.000  9.489799e-01 
  686.000  9.494154e-01 
  687.000  6.973354e-01 
  688.000  8.521990e-01 
  689.000  8.803485e-01 
  690.000  9.041134e-01 
  691.000  9.165761e-01 
  692.000  9.401681e-01 
  693.000  9.303995e-01 
  694.000  9.136792e-01 
  695.000  9.327177e-01 
  696.000  9.264443e-01 
  697.000  9.515558e-01 
  698.000  9.515175e-01 
  699.000  9.400236e-01 
  700.000  9.427651e-01 
  701.000  9.329848e-01 
  702.000  9.378094e-01 
  703.000  9.420867e-01 
  704.000  9.444982e-01 
  705.000  9.457828e-01 
  706.000  9.491708e-01 
  707.000  9.522101e-01 
  708.000  9.551613e-01 
  709.000  9.553684e-01 
  710.000  9.541183e-01 
  711.000  9.570512e-01 
  712.000  9.559067e-01 
  713.000  9.582981e-01 
  714.000  9.561452e-01 
  715.000  9.511225e-01 
  716.000  9.524972e-01 
  717.000  9.333454e-01 
  718.000  8.733943e-01 
  719.000  8.192888e-01 
  720.000  8.764930e-01 
  721.000  9.431497e-01 
  722.000  9.412846e-01 
  723.000  9.375346e-01 
  724.000  8.597436e-01 
  725.000  8.844891e-01 
  726.000  9.212797e-01 
  727.000  9.035225e-01 
  728.000  8.770180e-01 
  729.000  8.905701e-01 
  730.000  9.239836e-01 
  731.000  9.103525e-01 
  732.000  9.203876e-01 
  733.000  9.459436e-01 
  734.000  9.572276e-01 
  735.000  9.482974e-01 
  736.000  9.547295e-01 
  737.000  9.547747e-01 
  738.000  9.591582e-01 
  739.000  9.603249e-01 
  740.000  9.654018e-01 
  741.000  9.676991e-01 
  742.000  9.680176e-01 
  743.000  9.680915e-01 
  744.000  9.687902e-01 
  745.000  9.691540e-01 
  746.000  9.697653e-01 
  747.000  9.699813e-01 
  748.000  9.701698e-01 
  749.000  9.702414e-01 
  750.000  9.705052e-01 
  751.000  9.705958e-01 
  752.000  9.712887e-01 
  753.000  9.714614e-01 
  754.000  9.716287e-01 
  755.000  9.717962e-01 
  756.000  9.718965e-01 
  757.000  9.722579e-01 
  758.000  9.726526e-01 
  759.000  9.666713e-01 
  760.000  4.341485e-01 
  761.000  3.213392e-01 
  762.000  6.854299e-01 
  763.000  5.911559e-01 
  764.000  6.496558e-01 
  765.000  7.696692e-01 
  766.000  8.914317e-01 
  767.000  9.283093e-01 
  768.000  9.620018e-01 
  769.000  9.706451e-01 
  770.000  9.706754e-01 
  771.000  9.736861e-01 
  772.000  9.746812e-01 
  773.000  9.747531e-01 
  774.000  9.747703e-01 
  775.000  9.748529e-01 
  776.000  9.749676e-01 
  777.000  9.751135e-01 
  778.000  9.752013e-01 
  779.000  9.752969e-01 
  780.000  9.753767e-01 
  781.000  9.756582e-01 
  782.000  9.758042e-01 
  783.000  9.760095e-01 
  784.000  9.758090e-01 
  785.000  9.755057e-01 
  786.000  9.736894e-01 
  787.000  9.740269e-01 
  788.000  9.706095e-01 
  789.000  9.701944e-01 
  790.000  9.637274e-01 
  791.000  9.645061e-01 
  792.000  9.668832e-01 
  793.000  9.687317e-01 
  794.000  9.772985e-01 
  795.000  9.742016e-01 
  796.000  9.567981e-01 
  797.000  9.704458e-01 
  798.000  9.709729e-01 
  799.000  9.734526e-01 
  800.000  9.658743e-01 
  801.000  9.627720e-01 
  802.000  9.681543e-01 
  803.000  9.664205e-01 
  804.000  9.662265e-01 
  805.000  9.702298e-01 
  806.000  9.764696e-01 
  807.000  9.725590e-01 
  808.000  9.766108e-01 
  809.000  9.700789e-01 
  810.000  9.672026e-01 
  811.000  9.693709e-01 
  812.000  9.621897e-01 
  813.000  9.491320e-01 
  814.000  9.255881e-01 
  815.000  8.995293e-01 
  816.000  9.182437e-01 
  817.000  8.208531e-01 
  818.000  8.873771e-01 
  819.000  9.143818e-01 
  820.000  8.764002e-01 
  821.000  9.649968e-01 
  822.000  9.527904e-01 
  823.000  7.872823e-01 
  824.000  9.377868e-01 
  825.000  9.585252e-01 
  826.000  9.362367e-01 
  827.000  9.577822e-01 
  828.000  9.031937e-01 
  829.000  9.467492e-01 
  830.000  9.382505e-01 
  831.000  9.403479e-01 
  832.000  9.424774e-01 
  833.000  9.570752e-01 
  834.000  9.594404e-01 
  835.000  9.665846e-01 
  836.000  9.691156e-01 
  837.000  9.665719e-01 
  838.000  9.741728e-01 
  839.000  9.760968e-01 
  840.000  9.772207e-01 
  841.000  9.772207e-01 
  842.000  9.718005e-01 
  843.000  9.813756e-01 
  844.000  9.753007e-01 
  845.000  9.801411e-01 
  846.000  9.815359e-01 
  847.000  9.825788e-01 
  848.000  9.812880e-01 
  849.000  9.818838e-01 
  850.000  9.816897e-01 
  851.000  9.814284e-01 
  852.000  9.837974e-01 
  853.000  9.840215e-01 
  854.000  9.838679e-01 
  855.000  9.838679e-01 
  856.000  9.840817e-01 
  857.000  9.853055e-01 
  858.000  9.842230e-01 
  859.000  9.849719e-01 
  860.000  9.856888e-01 
  861.000  9.854347e-01 
  862.000  9.858133e-01 
  863.000  9.858554e-01 
  864.000  9.860723e-01 
  865.000  9.860723e-01 
  866.000  9.861302e-01 
  867.000  9.862010e-01 
  868.000  9.862361e-01 
  869.000  9.862618e-01 
  870.000  9.863072e-01 
  871.000  9.864327e-01 
  872.000  9.865352e-01 
  873.000  9.864934e-01 
  874.000  9.864934e-01 
  875.000  9.867402e-01 
  876.000  9.867918e-01 
  877.000  9.867591e-01 
  878.000  9.867715e-01 
  879.000  9.867676e-01 
  880.000  9.869986e-01 
  881.000  9.869986e-01 
  882.000  9.864839e-01 
  883.000  9.865909e-01 
  884.000  9.867547e-01 
  885.000  9.869376e-01 
  886.000  9.832864e-01 
  887.000  9.867239e-01 
  888.000  9.867239e-01 
  889.000  9.859478e-01 
  890.000  9.839358e-01 
  891.000  9.869164e-01 
  892.000  9.836523e-01 
  893.000  9.766044e-01 
  894.000  9.766044e-01 
  895.000  9.597194e-01 
  896.000  9.393947e-01 
  897.000  8.619902e-01 
  898.000  9.328519e-01 
  899.000  7.890916e-01 
  900.000  7.890916e-01 
  901.000  8.233189e-01 
  902.000  8.475645e-01 
  903.000  8.825213e-01 
  904.000  9.600841e-01 
  905.000  9.514942e-01 
  906.000  9.514942e-01 
  907.000  8.632422e-01 
  908.000  8.440877e-01 
  909.000  8.562690e-01 
  910.000  8.364781e-01 
  911.000  8.364781e-01 
  912.000  9.202178e-01 
  913.000  8.793420e-01 
  914.000  8.535608e-01 
  915.000  8.138272e-01 
  916.000  8.138272e-01 
  917.000  9.187233e-01 
  918.000  8.356675e-01 
  919.000  9.066705e-01 
  920.000  9.595538e-01 
  921.000  9.595538e-01 
  922.000  9.439636e-01 
  923.000  9.400136e-01 
  924.000  9.262683e-01 
  925.000  9.262683e-01 
  926.000  9.324561e-01 
  927.000  9.439791e-01 
  928.000  8.547482e-01 
  929.000  8.399092e-01 
  930.000  8.399092e-01 
  931.000  7.201283e-01 
  932.000  5.442660e-01 
  933.000  5.626012e-01 
  934.000  5.626012e-01 
  935.000  5.113860e-01 
  936.000  4.795966e-01 
  937.000  4.578433e-01 
  938.000  4.578433e-01 
  939.000  6.027691e-01 
  940.000  7.326552e-01 
  941.000  6.872113e-01 
  942.000  6.872113e-01 
  943.000  5.833582e-01 
  944.000  5.936148e-01 
  945.000  6.727039e-01 
  946.000  6.727039e-01 
  947.000  5.971216e-01 
  948.000  6.212375e-01 
  949.000  6.912212e-01 
  950.000  6.912212e-01 
  951.000  7.030438e-01 
  952.000  6.019527e-01 
  953.000  7.375694e-01 
  954.000  7.375694e-01 
  955.000  7.375860e-01 
  956.000  6.301887e-01 
  957.000  7.831969e-01 
  958.000  7.831969e-01 
  959.000  6.852694e-01 
  960.000  7.583981e-01 
  961.000  7.583981e-01 
  962.000  7.987757e-01 
  963.000  8.524908e-01 
  964.000  7.579199e-01 
  965.000  7.579199e-01 
  966.000  8.179574e-01 
  967.000  8.902113e-01 
  968.000  8.902113e-01 
  969.000  9.110720e-01 
  970.000  9.409518e-01 
  971.000  9.518962e-01 
  972.000  9.518962e-01 
  973.000  9.379445e-01 
  974.000  8.708827e-01 
  975.000  8.708827e-01 
  976.000  8.577337e-01 
  977.000  9.252023e-01 
  978.000  9.154558e-01 
  979.000  9.154558e-01 
  980.000  9.186236e-01 
  981.000  9.702238e-01 
  982.000  9.702238e-01 
  983.000  9.571581e-01 
  984.000  9.683104e-01 
  985.000  9.683104e-01 
  986.000  9.862916e-01 
  987.000  9.793598e-01 
  988.000  9.793598e-01 
  989.000  9.892859e-01 
  990.000  9.850265e-01 
  991.000  9.850265e-01 
  992.000  9.878243e-01 
  993.000  9.874914e-01 
  994.000  9.874914e-01 
  995.000  9.912791e-01 
  996.000  9.913662e-01 
  997.000  9.913662e-01 
  998.000  9.913228e-01 
  999.000  9.909883e-01 
 1000.000  9.909883e-01 
 1001.000  9.913089e-01 
 1002.000  9.856717e-01 
 1003.000  9.856717e-01 
 1004.000  9.912336e-01 
 1005.000  9.916462e-01 
 1006.000  9.916462e-01 
 1007.000  9.918639e-01 
 1008.000  9.905397e-01 
 1009.000  9.905397e-01 
 1010.000  9.859471e-01 
 1011.000  9.917254e-01 
 1012.000  9.917254e-01 
 1013.000  9.920457e-01 
 1014.000  9.919441e-01 
 1015.000  9.919441e-01 
 1016.000  9.921494e-01 
 1017.000  9.919857e-01 
 1018.000  9.919857e-01 
 1019.000  9.914303e-01 
 1020.000  9.923596e-01 
 1021.000  9.923596e-01 
 1022.000  9.915984e-01 
 1023.000  9.915984e-01 
 1024.000  9.915609e-01 
 1025.000  9.924492e-01 
 1026.000  9.924492e-01 
 1027.000  9.920543e-01 
 1028.000  9.925627e-01 
 1029.000  9.925627e-01 
 1030.000  9.928118e-01 
 1031.000  9.927182e-01 
 1032.000  9.927182e-01 
 1033.000  9.927983e-01 
 1034.000  9.927983e-01 
 1035.000  9.928782e-01 
 1036.000  9.925900e-01 
 1037.000  9.925900e-01 
 1038.000  9.925457e-01 
 1039.000  9.922297e-01 
 1040.000  9.922297e-01 
 1041.000  9.920000e-01 
 1042.000  9.920000e-01 
 1043.000  9.917033e-01 
 1044.000  9.912446e-01 
 1045.000  9.912446e-01 
 1046.000  9.906064e-01 
 1047.000  9.906064e-01 
 1048.000  9.899644e-01 
 1049.000  9.886472e-01 
 1050.000  9.886472e-01 
 1051.000  9.880893e-01 
 1052.000  9.880893e-01 
 1053.000  9.872048e-01 
 1054.000  9.864473e-01 
 1055.000  9.864473e-01 
 1056.000  9.855816e-01 
 1057.000  9.855816e-01 
 1058.000  9.847800e-01 
 1059.000  9.840008e-01 
 1060.000  9.840008e-01 
 1061.000  9.835101e-01 
 1062.000  9.835101e-01 
 1063.000  9.826423e-01 
 1064.000  9.818645e-01 
 1065.000  9.818645e-01 
 1066.000  9.829559e-01 
 1067.000  9.829559e-01 
 1068.000  9.823841e-01 
 1069.000  9.830372e-01 
 1070.000  9.830372e-01 
 1071.000  9.842858e-01 
 1072.000  9.842858e-01 
 1073.000  9.850963e-01 
 1074.000  9.850963e-01 
 1075.000  9.825963e-01 
 1076.000  9.820133e-01 
 1077.000  9.820133e-01 
 1078.000  9.858314e-01 
 1079.000  9.858314e-01 
 1080.000  9.827592e-01 
 1081.000  9.827592e-01 
 1082.000  9.843921e-01 
 1083.000  9.818725e-01 
 1084.000  9.818725e-01 
 1085.000  9.756945e-01 
 1086.000  9.756945e-01 
 1087.000  9.857618e-01 
 1088.000  9.857618e-01 
 1089.000  9.806840e-01 
 1090.000  9.782059e-01 
 1091.000  9.782059e-01 
 1092.000  9.704625e-01 
 1093.000  9.704625e-01 
 1094.000  9.717896e-01 
 1095.000  9.717896e-01 
 1096.000  9.666815e-01 
 1097.000  9.666815e-01 
 1098.000  9.590498e-01 
 1099.000  9.264132e-01 
 1100.000  9.264132e-01 
 1101.000  9.281390e-01 
 1102.000  9.281390e-01 
 1103.000  9.142062e-01 
 1104.000  9.142062e-01 
 1105.000  9.049906e-01 
 1106.000  9.049906e-01 
 1107.000  9.051844e-01 
 1108.000  9.051844e-01 
 1109.000  8.780888e-01 
 1110.000  8.550244e-01 
 1111.000  8.550244e-01 
 1112.000  8.142741e-01 
 1113.000  8.142741e-01 
 1114.000  7.447420e-01 
 1115.000  7.447420e-01 
 1116.000  5.306138e-01 
 1117.000  5.306138e-01 
 1118.000  6.333573e-01 
 1119.000  6.333573e-01 
 1120.000  5.585350e-01 
 1121.000  5.585350e-01 
 1122.000  3.688431e-01 
 1123.000  5.843930e-01 
 1124.000  5.843930e-01 
 1125.000  4.046254e-01 
 1126.000  4.046254e-01 
 1127.000  4.685511e-01 
 1128.000  4.685511e-01 
 1129.000  4.661372e-01 
 1130.000  4.661372e-01 
 1131.000  7.360116e-01 
 1132.000  7.360116e-01 
 1133.000  4.827130e-01 
 1134.000  4.827130e-01 
 1135.000  2.894043e-01 
 1136.000  2.894043e-01 
 1137.000  7.467628e-01 
 1138.000  7.467628e-01 
 1139.000  6.806676e-01 
 1140.000  6.806676e-01 
 1141.000  6.653560e-01 
 1142.000  6.653560e-01 
 1143.000  7.116583e-01 
 1144.000  7.116583e-01 
 1145.000  5.134661e-01 
 1146.000  5.134661e-01 
 1147.000  5.028957e-01 
 1148.000  5.028957e-01 
 1149.000  6.142874e-01 
 1150.000  6.142874e-01 
 1151.000  7.091441e-01 
 1152.000  7.091441e-01 
 1153.000  6.631235e-01 
 1154.000  6.631235e-01 
 1155.000  7.183947e-01 
 1156.000  7.183947e-01 
 1157.000  7.917822e-01 
 1158.000  7.917822e-01 
 1159.000  8.663929e-01 
 1160.000  8.663929e-01 
 1161.000  8.510860e-01 
 1162.000  8.510860e-01 
 1163.000  9.120585e-01 
 1164.000  9.120585e-01 
 1165.000  8.864660e-01 
 1166.000  8.864660e-01 
 1167.000  9.310340e-01 
 1168.000  9.310340e-01 
 1169.000  9.317421e-01 
 1170.000  9.317421e-01 
 1171.000  9.426173e-01 
 1172.000  9.426173e-01 
 1173.000  8.798123e-01 
 1174.000  8.798123e-01 
 1175.000  9.690068e-01 
 1176.000  9.690068e-01 
 1177.000  9.129129e-01 
 1178.000  9.129129e-01 
 1179.000  9.532441e-01 
 1180.000  9.532441e-01 
 1181.000  8.682618e-01 
 1182.000  8.682618e-01 
 1183.000  9.300427e-01 
 1184.000  9.300427e-01 
 1185.000  9.497848e-01 
 1186.000  9.497848e-01 
 1187.000  8.785127e-01 
 1188.000  8.785127e-01 
 1189.000  8.785127e-01 
 1190.000  9.297974e-01 
 1191.000  9.297974e-01 
 1192.000  9.720109e-01 
 1193.000  9.720109e-01 
 1194.000  9.423790e-01 
 1195.000  9.423790e-01 
 1196.000  9.545162e-01 
 1197.000  9.545162e-01 
 1198.000  9.265887e-01 
 1199.000  9.265887e-01 
 1200.000  9.240690e-01 
