  250.000  0.000000e+00 
  251.000  0.000000e+00 
  252.000  0.000000e+00 
  253.000  0.000000e+00 
  254.000  0.000000e+00 
  255.000  0.000000e+00 
  256.000  0.000000e+00 
  257.000  0.000000e+00 
  258.000  0.000000e+00 
  259.000  0.000000e+00 
  260.000  0.000000e+00 
  261.000  0.000000e+00 
  262.000  0.000000e+00 
  263.000  0.000000e+00 
  264.000  0.000000e+00 
  265.000  0.000000e+00 
  266.000  0.000000e+00 
  267.000  0.000000e+00 
  268.000  0.000000e+00 
  269.000  0.000000e+00 
  270.000  0.000000e+00 
  271.000  0.000000e+00 
  272.000  0.000000e+00 
  273.000  0.000000e+00 
  274.000  0.000000e+00 
  275.000  0.000000e+00 
  276.000  0.000000e+00 
  277.000  0.000000e+00 
  278.000  0.000000e+00 
  279.000  0.000000e+00 
  280.000  0.000000e+00 
  281.000  0.000000e+00 
  282.000  0.000000e+00 
  283.000  0.000000e+00 
  284.000  0.000000e+00 
  285.000  0.000000e+00 
  286.000  0.000000e+00 
  287.000  0.000000e+00 
  288.000  0.000000e+00 
  289.000  0.000000e+00 
  290.000  0.000000e+00 
  291.000  0.000000e+00 
  292.000  0.000000e+00 
  293.000  3.662992e-05 
  294.000  1.296086e-04 
  295.000  2.846951e-04 
  296.000  8.970110e-04 
  297.000  1.744542e-03 
  298.000  3.866191e-03 
  299.000  6.650546e-03 
  300.000  1.179812e-02 
  301.000  1.870855e-02 
  302.000  2.766282e-02 
  303.000  4.454198e-02 
  304.000  5.210324e-02 
  305.000  7.683317e-02 
  306.000  9.440935e-02 
  307.000  1.228906e-01 
  308.000  1.441449e-01 
  309.000  1.685333e-01 
  310.000  2.057325e-01 
  311.000  2.221023e-01 
  312.000  2.491544e-01 
  313.000  2.818239e-01 
  314.000  2.937368e-01 
  315.000  3.320742e-01 
  316.000  3.410329e-01 
  317.000  3.705248e-01 
  318.000  3.849165e-01 
  319.000  4.292955e-01 
  320.000  3.990701e-01 
  321.000  4.632283e-01 
  322.000  4.355949e-01 
  323.000  4.653957e-01 
  324.000  5.043884e-01 
  325.000  4.745604e-01 
  326.000  5.148151e-01 
  327.000  5.255215e-01 
  328.000  5.040377e-01 
  329.000  5.481064e-01 
  330.000  5.545180e-01 
  331.000  5.346199e-01 
  332.000  5.644811e-01 
  333.000  5.697434e-01 
  334.000  5.647736e-01 
  335.000  5.823891e-01 
  336.000  5.890145e-01 
  337.000  5.830196e-01 
  338.000  5.943549e-01 
  339.000  6.020389e-01 
  340.000  5.998019e-01 
  341.000  6.088265e-01 
  342.000  6.144289e-01 
  343.000  6.177459e-01 
  344.000  6.154817e-01 
  345.000  6.249357e-01 
  346.000  6.290657e-01 
  347.000  6.321901e-01 
  348.000  6.360114e-01 
  349.000  6.405036e-01 
  350.000  6.439710e-01 
  351.000  6.478419e-01 
  352.000  6.510385e-01 
  353.000  6.548425e-01 
  354.000  6.575819e-01 
  355.000  6.605470e-01 
  356.000  6.642681e-01 
  357.000  6.667086e-01 
  358.000  6.694006e-01 
  359.000  6.720400e-01 
  360.000  6.746185e-01 
  361.000  6.773193e-01 
  362.000  6.814278e-01 
  363.000  6.849081e-01 
  364.000  6.883512e-01 
  365.000  6.912388e-01 
  366.000  6.944090e-01 
  367.000  6.973833e-01 
  368.000  7.002140e-01 
  369.000  7.025818e-01 
  370.000  7.053950e-01 
  371.000  7.083481e-01 
  372.000  7.108019e-01 
  373.000  7.137758e-01 
  374.000  7.166043e-01 
  375.000  7.188872e-01 
  376.000  7.212672e-01 
  377.000  7.239544e-01 
  378.000  7.260286e-01 
  379.000  7.282797e-01 
  380.000  7.304457e-01 
  381.000  7.327883e-01 
  382.000  7.359093e-01 
  383.000  7.390782e-01 
  384.000  7.412407e-01 
  385.000  7.439967e-01 
  386.000  7.461905e-01 
  387.000  7.487709e-01 
  388.000  7.507952e-01 
  389.000  7.528484e-01 
  390.000  7.554095e-01 
  391.000  7.575041e-01 
  392.000  7.592674e-01 
  393.000  7.621832e-01 
  394.000  7.641962e-01 
  395.000  7.661445e-01 
  396.000  7.685974e-01 
  397.000  7.708103e-01 
  398.000  7.723587e-01 
  399.000  7.744600e-01 
  400.000  7.762684e-01 
  401.000  7.786402e-01 
  402.000  7.807581e-01 
  403.000  7.829304e-01 
  404.000  7.843909e-01 
  405.000  7.863955e-01 
  406.000  7.882638e-01 
  407.000  7.906786e-01 
  408.000  7.918758e-01 
  409.000  7.936009e-01 
  410.000  7.954125e-01 
  411.000  7.974487e-01 
  412.000  7.995408e-01 
  413.000  8.006907e-01 
  414.000  8.028410e-01 
  415.000  8.045330e-01 
  416.000  8.066928e-01 
  417.000  8.079709e-01 
  418.000  8.094241e-01 
  419.000  8.114842e-01 
  420.000  8.128695e-01 
  421.000  8.144672e-01 
  422.000  8.157731e-01 
  423.000  8.175614e-01 
  424.000  8.189411e-01 
  425.000  8.209990e-01 
  426.000  8.225330e-01 
  427.000  8.239703e-01 
  428.000  8.252727e-01 
  429.000  8.271275e-01 
  430.000  8.286662e-01 
  431.000  8.292780e-01 
  432.000  8.314114e-01 
  433.000  8.328940e-01 
  434.000  8.338609e-01 
  435.000  8.348742e-01 
  436.000  8.365690e-01 
  437.000  8.387721e-01 
  438.000  8.398951e-01 
  439.000  8.402017e-01 
  440.000  8.418477e-01 
  441.000  8.432726e-01 
  442.000  8.450016e-01 
  443.000  8.459359e-01 
  444.000  8.470554e-01 
  445.000  8.476438e-01 
  446.000  8.492070e-01 
  447.000  8.506927e-01 
  448.000  8.508078e-01 
  449.000  8.529005e-01 
  450.000  8.546191e-01 
  451.000  8.556445e-01 
  452.000  8.564841e-01 
  453.000  8.577479e-01 
  454.000  8.594676e-01 
  455.000  8.600585e-01 
  456.000  8.610112e-01 
  457.000  8.621184e-01 
  458.000  8.627943e-01 
  459.000  8.637776e-01 
  460.000  8.643526e-01 
  461.000  8.654219e-01 
  462.000  8.669015e-01 
  463.000  8.669965e-01 
  464.000  8.684442e-01 
  465.000  8.694429e-01 
  466.000  8.712564e-01 
  467.000  8.717957e-01 
  468.000  8.728281e-01 
  469.000  8.737400e-01 
  470.000  8.747013e-01 
  471.000  8.755525e-01 
  472.000  8.759289e-01 
  473.000  8.761379e-01 
  474.000  8.755592e-01 
  475.000  8.756362e-01 
  476.000  8.758525e-01 
  477.000  8.761449e-01 
  478.000  8.765740e-01 
  479.000  8.774683e-01 
  480.000  8.785926e-01 
  481.000  8.805494e-01 
  482.000  8.821259e-01 
  483.000  8.835486e-01 
  484.000  8.842597e-01 
  485.000  8.848785e-01 
  486.000  8.854170e-01 
  487.000  8.865762e-01 
  488.000  8.872117e-01 
  489.000  8.877180e-01 
  490.000  8.890105e-01 
  491.000  8.897628e-01 
  492.000  8.904338e-01 
  493.000  8.910956e-01 
  494.000  8.915423e-01 
  495.000  8.920535e-01 
  496.000  8.922922e-01 
  497.000  8.927708e-01 
  498.000  8.930937e-01 
  499.000  8.935006e-01 
  500.000  8.937612e-01 
  501.000  8.936484e-01 
  502.000  8.933537e-01 
  503.000  8.930380e-01 
  504.000  8.929907e-01 
  505.000  8.929030e-01 
  506.000  8.940154e-01 
  507.000  8.946769e-01 
  508.000  8.956571e-01 
  509.000  8.962057e-01 
  510.000  8.969733e-01 
  511.000  8.977842e-01 
  512.000  8.982691e-01 
  513.000  8.992742e-01 
  514.000  8.997311e-01 
  515.000  9.005564e-01 
  516.000  9.008113e-01 
  517.000  9.013131e-01 
  518.000  9.013928e-01 
  519.000  9.016654e-01 
  520.000  9.017977e-01 
  521.000  9.020786e-01 
  522.000  9.021039e-01 
  523.000  9.021540e-01 
  524.000  9.021657e-01 
  525.000  9.018682e-01 
  526.000  9.014971e-01 
  527.000  9.012924e-01 
  528.000  9.008511e-01 
  529.000  9.005642e-01 
  530.000  9.002853e-01 
  531.000  9.003710e-01 
  532.000  9.004939e-01 
  533.000  9.007700e-01 
  534.000  9.011360e-01 
  535.000  9.013585e-01 
  536.000  9.017868e-01 
  537.000  9.022298e-01 
  538.000  9.024640e-01 
  539.000  9.026649e-01 
  540.000  9.030803e-01 
  541.000  9.030657e-01 
  542.000  9.031004e-01 
  543.000  9.033878e-01 
  544.000  9.036375e-01 
  545.000  9.035366e-01 
  546.000  9.037703e-01 
  547.000  9.042771e-01 
  548.000  9.047379e-01 
  549.000  9.048622e-01 
  550.000  9.052424e-01 
  551.000  9.054327e-01 
  552.000  9.055327e-01 
  553.000  9.056211e-01 
  554.000  9.057972e-01 
  555.000  9.059001e-01 
  556.000  9.055268e-01 
  557.000  9.049760e-01 
  558.000  9.045205e-01 
  559.000  9.038929e-01 
  560.000  9.033588e-01 
  561.000  9.029233e-01 
  562.000  9.025832e-01 
  563.000  9.020718e-01 
  564.000  9.015480e-01 
  565.000  9.010900e-01 
  566.000  9.007855e-01 
  567.000  9.003300e-01 
  568.000  8.997039e-01 
  569.000  8.982012e-01 
  570.000  8.970760e-01 
  571.000  8.968099e-01 
  572.000  8.961625e-01 
  573.000  8.957969e-01 
  574.000  8.952745e-01 
  575.000  8.950014e-01 
  576.000  8.953278e-01 
  577.000  8.957574e-01 
  578.000  8.968911e-01 
  579.000  8.979968e-01 
  580.000  8.989398e-01 
  581.000  9.005795e-01 
  582.000  9.021803e-01 
  583.000  9.035269e-01 
  584.000  9.055532e-01 
  585.000  9.063134e-01 
  586.000  9.071847e-01 
  587.000  9.074557e-01 
  588.000  9.079061e-01 
  589.000  9.062513e-01 
  590.000  9.065292e-01 
  591.000  9.074099e-01 
  592.000  9.056662e-01 
  593.000  9.082440e-01 
  594.000  9.070947e-01 
  595.000  9.078164e-01 
  596.000  9.079958e-01 
  597.000  9.080584e-01 
  598.000  9.078276e-01 
  599.000  9.080930e-01 
  600.000  9.078997e-01 
  601.000  9.083924e-01 
  602.000  9.090887e-01 
  603.000  9.094698e-01 
  604.000  9.097926e-01 
  605.000  9.101831e-01 
  606.000  9.111499e-01 
  607.000  9.119118e-01 
  608.000  9.129398e-01 
  609.000  9.133605e-01 
  610.000  9.142050e-01 
  611.000  9.148777e-01 
  612.000  9.158930e-01 
  613.000  9.167163e-01 
  614.000  9.173192e-01 
  615.000  9.180190e-01 
  616.000  9.190421e-01 
  617.000  9.197835e-01 
  618.000  9.202782e-01 
  619.000  9.210156e-01 
  620.000  9.216958e-01 
  621.000  9.221968e-01 
  622.000  9.224193e-01 
  623.000  9.229404e-01 
  624.000  9.231606e-01 
  625.000  9.234199e-01 
  626.000  9.235926e-01 
  627.000  9.237691e-01 
  628.000  9.121342e-01 
  629.000  9.165853e-01 
  630.000  9.201990e-01 
  631.000  9.245070e-01 
  632.000  9.262791e-01 
  633.000  9.273792e-01 
  634.000  9.290509e-01 
  635.000  9.294780e-01 
  636.000  9.312627e-01 
  637.000  9.332566e-01 
  638.000  9.343740e-01 
  639.000  9.356936e-01 
  640.000  9.364182e-01 
  641.000  9.377745e-01 
  642.000  9.384505e-01 
  643.000  9.389117e-01 
  644.000  9.395742e-01 
  645.000  9.402581e-01 
  646.000  9.401439e-01 
  647.000  9.400365e-01 
  648.000  9.394791e-01 
  649.000  9.409543e-01 
  650.000  9.431962e-01 
  651.000  9.436708e-01 
  652.000  9.438990e-01 
  653.000  9.447412e-01 
  654.000  9.456219e-01 
  655.000  9.442174e-01 
  656.000  9.459375e-01 
  657.000  9.466759e-01 
  658.000  9.478551e-01 
  659.000  9.487906e-01 
  660.000  9.490086e-01 
  661.000  9.498513e-01 
  662.000  9.500419e-01 
  663.000  9.506991e-01 
  664.000  9.510902e-01 
  665.000  9.515800e-01 
  666.000  9.520659e-01 
  667.000  9.527928e-01 
  668.000  9.531611e-01 
  669.000  9.537770e-01 
  670.000  9.541046e-01 
  671.000  9.548299e-01 
  672.000  9.549835e-01 
  673.000  9.555920e-01 
  674.000  9.558175e-01 
  675.000  9.564440e-01 
  676.000  9.566363e-01 
  677.000  9.569642e-01 
  678.000  9.574969e-01 
  679.000  9.577916e-01 
  680.000  9.583730e-01 
  681.000  9.586461e-01 
  682.000  9.593954e-01 
  683.000  9.596397e-01 
  684.000  9.603207e-01 
  685.000  9.605976e-01 
  686.000  9.610737e-01 
  687.000  7.343640e-01 
  688.000  8.830137e-01 
  689.000  9.056177e-01 
  690.000  9.253920e-01 
  691.000  9.357625e-01 
  692.000  9.557604e-01 
  693.000  9.556049e-01 
  694.000  9.565946e-01 
  695.000  9.604774e-01 
  696.000  9.594041e-01 
  697.000  9.646109e-01 
  698.000  9.647912e-01 
  699.000  9.627287e-01 
  700.000  9.636992e-01 
  701.000  9.620630e-01 
  702.000  9.631523e-01 
  703.000  9.642476e-01 
  704.000  9.648622e-01 
  705.000  9.653730e-01 
  706.000  9.662306e-01 
  707.000  9.669601e-01 
  708.000  9.677221e-01 
  709.000  9.679704e-01 
  710.000  9.678718e-01 
  711.000  9.687521e-01 
  712.000  9.686894e-01 
  713.000  9.693575e-01 
  714.000  9.690210e-01 
  715.000  9.684503e-01 
  716.000  9.689031e-01 
  717.000  9.654751e-01 
  718.000  9.529456e-01 
  719.000  9.346225e-01 
  720.000  9.546438e-01 
  721.000  9.681980e-01 
  722.000  9.679822e-01 
  723.000  9.674233e-01 
  724.000  9.489127e-01 
  725.000  9.572383e-01 
  726.000  9.649014e-01 
  727.000  9.613714e-01 
  728.000  9.560440e-01 
  729.000  9.593361e-01 
  730.000  9.659459e-01 
  731.000  9.634488e-01 
  732.000  9.655206e-01 
  733.000  9.705811e-01 
  734.000  9.728581e-01 
  735.000  9.713220e-01 
  736.000  9.725984e-01 
  737.000  9.728007e-01 
  738.000  9.737244e-01 
  739.000  9.740529e-01 
  740.000  9.750444e-01 
  741.000  9.755535e-01 
  742.000  9.759004e-01 
  743.000  9.760122e-01 
  744.000  9.762385e-01 
  745.000  9.764015e-01 
  746.000  9.767022e-01 
  747.000  9.769153e-01 
  748.000  9.770270e-01 
  749.000  9.771352e-01 
  750.000  9.773206e-01 
  751.000  9.774426e-01 
  752.000  9.778726e-01 
  753.000  9.779945e-01 
  754.000  9.781581e-01 
  755.000  9.783295e-01 
  756.000  9.784391e-01 
  757.000  9.785934e-01 
  758.000  9.789021e-01 
  759.000  9.742327e-01 
  760.000  4.915710e-01 
  761.000  3.931783e-01 
  762.000  7.341210e-01 
  763.000  6.488591e-01 
  764.000  6.902834e-01 
  765.000  7.964945e-01 
  766.000  9.135046e-01 
  767.000  9.439430e-01 
  768.000  9.705418e-01 
  769.000  9.773419e-01 
  770.000  9.773554e-01 
  771.000  9.796965e-01 
  772.000  9.804668e-01 
  773.000  9.805225e-01 
  774.000  9.805632e-01 
  775.000  9.806072e-01 
  776.000  9.806890e-01 
  777.000  9.808017e-01 
  778.000  9.808698e-01 
  779.000  9.809442e-01 
  780.000  9.810064e-01 
  781.000  9.812244e-01 
  782.000  9.813977e-01 
  783.000  9.815151e-01 
  784.000  9.815676e-01 
  785.000  9.816069e-01 
  786.000  9.813653e-01 
  787.000  9.815867e-01 
  788.000  9.809919e-01 
  789.000  9.810827e-01 
  790.000  9.799611e-01 
  791.000  9.802424e-01 
  792.000  9.807966e-01 
  793.000  9.811972e-01 
  794.000  9.830290e-01 
  795.000  9.825624e-01 
  796.000  9.794312e-01 
  797.000  9.820340e-01 
  798.000  9.822077e-01 
  799.000  9.827057e-01 
  800.000  9.813784e-01 
  801.000  9.808680e-01 
  802.000  9.819012e-01 
  803.000  9.816142e-01 
  804.000  9.816220e-01 
  805.000  9.823864e-01 
  806.000  9.835436e-01 
  807.000  9.828845e-01 
  808.000  9.836540e-01 
  809.000  9.824732e-01 
  810.000  9.819908e-01 
  811.000  9.824238e-01 
  812.000  9.812127e-01 
  813.000  9.787911e-01 
  814.000  9.742591e-01 
  815.000  9.683793e-01 
  816.000  9.726793e-01 
  817.000  9.475457e-01 
  818.000  9.645360e-01 
  819.000  9.722645e-01 
  820.000  9.612225e-01 
  821.000  9.823488e-01 
  822.000  9.800913e-01 
  823.000  9.384650e-01 
  824.000  9.774835e-01 
  825.000  9.813257e-01 
  826.000  9.771857e-01 
  827.000  9.813823e-01 
  828.000  9.704129e-01 
  829.000  9.793502e-01 
  830.000  9.777160e-01 
  831.000  9.781989e-01 
  832.000  9.787557e-01 
  833.000  9.816461e-01 
  834.000  9.820498e-01 
  835.000  9.834890e-01 
  836.000  9.839660e-01 
  837.000  9.835652e-01 
  838.000  9.850214e-01 
  839.000  9.853932e-01 
  840.000  9.856662e-01 
  841.000  9.856662e-01 
  842.000  9.846993e-01 
  843.000  9.864986e-01 
  844.000  9.854253e-01 
  845.000  9.863535e-01 
  846.000  9.866565e-01 
  847.000  9.868571e-01 
  848.000  9.866985e-01 
  849.000  9.868463e-01 
  850.000  9.870961e-01 
  851.000  9.879049e-01 
  852.000  9.883789e-01 
  853.000  9.884620e-01 
  854.000  9.885006e-01 
  855.000  9.885006e-01 
  856.000  9.885643e-01 
  857.000  9.888607e-01 
  858.000  9.886948e-01 
  859.000  9.888890e-01 
  860.000  9.890230e-01 
  861.000  9.890260e-01 
  862.000  9.891465e-01 
  863.000  9.891053e-01 
  864.000  9.892938e-01 
  865.000  9.892938e-01 
  866.000  9.893156e-01 
  867.000  9.893702e-01 
  868.000  9.893973e-01 
  869.000  9.894177e-01 
  870.000  9.895163e-01 
  871.000  9.895511e-01 
  872.000  9.896452e-01 
  873.000  9.896800e-01 
  874.000  9.896800e-01 
  875.000  9.897923e-01 
  876.000  9.898308e-01 
  877.000  9.898720e-01 
  878.000  9.899170e-01 
  879.000  9.899338e-01 
  880.000  9.900405e-01 
  881.000  9.900405e-01 
  882.000  9.899993e-01 
  883.000  9.900354e-01 
  884.000  9.901150e-01 
  885.000  9.901945e-01 
  886.000  9.895743e-01 
  887.000  9.902468e-01 
  888.000  9.902468e-01 
  889.000  9.901118e-01 
  890.000  9.898087e-01 
  891.000  9.903812e-01 
  892.000  9.898457e-01 
  893.000  9.886309e-01 
  894.000  9.886309e-01 
  895.000  9.853370e-01 
  896.000  9.814264e-01 
  897.000  9.626228e-01 
  898.000  9.803962e-01 
  899.000  9.377480e-01 
  900.000  9.377480e-01 
  901.000  9.460783e-01 
  902.000  9.560313e-01 
  903.000  9.649533e-01 
  904.000  9.858641e-01 
  905.000  9.840519e-01 
  906.000  9.840519e-01 
  907.000  9.634924e-01 
  908.000  9.554816e-01 
  909.000  9.612294e-01 
  910.000  9.568638e-01 
  911.000  9.568638e-01 
  912.000  9.782923e-01 
  913.000  9.686055e-01 
  914.000  9.610380e-01 
  915.000  9.488955e-01 
  916.000  9.488955e-01 
  917.000  9.783456e-01 
  918.000  9.560361e-01 
  919.000  9.742898e-01 
  920.000  9.863205e-01 
  921.000  9.863205e-01 
  922.000  9.832833e-01 
  923.000  9.825352e-01 
  924.000  9.800935e-01 
  925.000  9.800935e-01 
  926.000  9.812788e-01 
  927.000  9.835215e-01 
  928.000  9.638999e-01 
  929.000  9.609568e-01 
  930.000  9.609568e-01 
  931.000  9.208388e-01 
  932.000  7.989548e-01 
  933.000  8.423838e-01 
  934.000  8.423838e-01 
  935.000  7.729082e-01 
  936.000  7.575817e-01 
  937.000  7.648709e-01 
  938.000  7.648709e-01 
  939.000  8.364980e-01 
  940.000  9.227864e-01 
  941.000  9.067096e-01 
  942.000  9.067096e-01 
  943.000  8.341254e-01 
  944.000  8.290329e-01 
  945.000  9.080927e-01 
  946.000  9.080927e-01 
  947.000  8.611942e-01 
  948.000  8.805736e-01 
  949.000  9.026185e-01 
  950.000  9.026185e-01 
  951.000  9.064912e-01 
  952.000  8.469923e-01 
  953.000  9.287482e-01 
  954.000  9.287482e-01 
  955.000  9.264161e-01 
  956.000  8.591636e-01 
  957.000  9.421939e-01 
  958.000  9.421939e-01 
  959.000  9.151112e-01 
  960.000  9.396631e-01 
  961.000  9.396631e-01 
  962.000  9.463031e-01 
  963.000  9.641136e-01 
  964.000  9.364223e-01 
  965.000  9.364223e-01 
  966.000  9.515694e-01 
  967.000  9.717225e-01 
  968.000  9.717225e-01 
  969.000  9.767900e-01 
  970.000  9.839053e-01 
  971.000  9.860323e-01 
  972.000  9.860323e-01 
  973.000  9.834087e-01 
  974.000  9.678339e-01 
  975.000  9.678339e-01 
  976.000  9.629489e-01 
  977.000  9.799409e-01 
  978.000  9.776953e-01 
  979.000  9.776953e-01 
  980.000  9.787322e-01 
  981.000  9.896812e-01 
  982.000  9.896812e-01 
  983.000  9.870073e-01 
  984.000  9.893662e-01 
  985.000  9.893662e-01 
  986.000  9.926992e-01 
  987.000  9.914572e-01 
  988.000  9.914572e-01 
  989.000  9.932964e-01 
  990.000  9.925703e-01 
  991.000  9.925703e-01 
  992.000  9.930837e-01 
  993.000  9.930490e-01 
  994.000  9.930490e-01 
  995.000  9.937737e-01 
  996.000  9.938003e-01 
  997.000  9.938003e-01 
  998.000  9.938277e-01 
  999.000  9.938002e-01 
 1000.000  9.938002e-01 
 1001.000  9.938909e-01 
 1002.000  9.928887e-01 
 1003.000  9.928887e-01 
 1004.000  9.939219e-01 
 1005.000  9.940127e-01 
 1006.000  9.940127e-01 
 1007.000  9.940764e-01 
 1008.000  9.938728e-01 
 1009.000  9.938728e-01 
 1010.000  9.930615e-01 
 1011.000  9.941308e-01 
 1012.000  9.941308e-01 
 1013.000  9.942212e-01 
 1014.000  9.942355e-01 
 1015.000  9.942355e-01 
 1016.000  9.942891e-01 
 1017.000  9.942972e-01 
 1018.000  9.942972e-01 
 1019.000  9.942246e-01 
 1020.000  9.944106e-01 
 1021.000  9.944106e-01 
 1022.000  9.943057e-01 
 1023.000  9.943057e-01 
 1024.000  9.943109e-01 
 1025.000  9.944915e-01 
 1026.000  9.944915e-01 
 1027.000  9.944347e-01 
 1028.000  9.945318e-01 
 1029.000  9.945318e-01 
 1030.000  9.945762e-01 
 1031.000  9.945539e-01 
 1032.000  9.945539e-01 
 1033.000  9.945421e-01 
 1034.000  9.945421e-01 
 1035.000  9.945199e-01 
 1036.000  9.942976e-01 
 1037.000  9.942976e-01 
 1038.000  9.942631e-01 
 1039.000  9.940333e-01 
 1040.000  9.940333e-01 
 1041.000  9.938436e-01 
 1042.000  9.938436e-01 
 1043.000  9.936140e-01 
 1044.000  9.932606e-01 
 1045.000  9.932606e-01 
 1046.000  9.927689e-01 
 1047.000  9.927689e-01 
 1048.000  9.922740e-01 
 1049.000  9.912586e-01 
 1050.000  9.912586e-01 
 1051.000  9.908288e-01 
 1052.000  9.908288e-01 
 1053.000  9.901468e-01 
 1054.000  9.895656e-01 
 1055.000  9.895656e-01 
 1056.000  9.888955e-01 
 1057.000  9.888955e-01 
 1058.000  9.882793e-01 
 1059.000  9.876767e-01 
 1060.000  9.876767e-01 
 1061.000  9.872994e-01 
 1062.000  9.872994e-01 
 1063.000  9.866732e-01 
 1064.000  9.863281e-01 
 1065.000  9.863281e-01 
 1066.000  9.868768e-01 
 1067.000  9.868768e-01 
 1068.000  9.865914e-01 
 1069.000  9.874028e-01 
 1070.000  9.874028e-01 
 1071.000  9.881260e-01 
 1072.000  9.881260e-01 
 1073.000  9.887694e-01 
 1074.000  9.887694e-01 
 1075.000  9.889216e-01 
 1076.000  9.893941e-01 
 1077.000  9.893941e-01 
 1078.000  9.907582e-01 
 1079.000  9.907582e-01 
 1080.000  9.906743e-01 
 1081.000  9.906743e-01 
 1082.000  9.916334e-01 
 1083.000  9.916494e-01 
 1084.000  9.916494e-01 
 1085.000  9.907508e-01 
 1086.000  9.907508e-01 
 1087.000  9.930621e-01 
 1088.000  9.930621e-01 
 1089.000  9.925520e-01 
 1090.000  9.922664e-01 
 1091.000  9.922664e-01 
 1092.000  9.911070e-01 
 1093.000  9.911070e-01 
 1094.000  9.913775e-01 
 1095.000  9.913775e-01 
 1096.000  9.905638e-01 
 1097.000  9.905638e-01 
 1098.000  9.892833e-01 
 1099.000  9.825706e-01 
 1100.000  9.825706e-01 
 1101.000  9.829206e-01 
 1102.000  9.829206e-01 
 1103.000  9.800447e-01 
 1104.000  9.800447e-01 
 1105.000  9.782194e-01 
 1106.000  9.782194e-01 
 1107.000  9.780724e-01 
 1108.000  9.780724e-01 
 1109.000  9.720867e-01 
 1110.000  9.645814e-01 
 1111.000  9.645814e-01 
 1112.000  9.548328e-01 
 1113.000  9.548328e-01 
 1114.000  9.128639e-01 
 1115.000  9.128639e-01 
 1116.000  8.263701e-01 
 1117.000  8.263701e-01 
 1118.000  8.569905e-01 
 1119.000  8.569905e-01 
 1120.000  8.189279e-01 
 1121.000  8.189279e-01 
 1122.000  6.923953e-01 
 1123.000  8.491457e-01 
 1124.000  8.491457e-01 
 1125.000  7.207506e-01 
 1126.000  7.207506e-01 
 1127.000  7.750133e-01 
 1128.000  7.750133e-01 
 1129.000  7.748966e-01 
 1130.000  7.748966e-01 
 1131.000  9.296181e-01 
 1132.000  9.296181e-01 
 1133.000  7.940389e-01 
 1134.000  7.940389e-01 
 1135.000  5.906611e-01 
 1136.000  5.906611e-01 
 1137.000  9.369590e-01 
 1138.000  9.369590e-01 
 1139.000  8.826975e-01 
 1140.000  8.826975e-01 
 1141.000  8.839888e-01 
 1142.000  8.839888e-01 
 1143.000  9.240507e-01 
 1144.000  9.240507e-01 
 1145.000  7.893838e-01 
 1146.000  7.893838e-01 
 1147.000  8.035458e-01 
 1148.000  8.035458e-01 
 1149.000  8.387288e-01 
 1150.000  8.387288e-01 
 1151.000  8.890631e-01 
 1152.000  8.890631e-01 
 1153.000  8.692039e-01 
 1154.000  8.692039e-01 
 1155.000  9.007252e-01 
 1156.000  9.007252e-01 
 1157.000  9.431558e-01 
 1158.000  9.431558e-01 
 1159.000  9.689614e-01 
 1160.000  9.689614e-01 
 1161.000  9.640384e-01 
 1162.000  9.640384e-01 
 1163.000  9.766474e-01 
 1164.000  9.766474e-01 
 1165.000  9.718173e-01 
 1166.000  9.718173e-01 
 1167.000  9.825118e-01 
 1168.000  9.825118e-01 
 1169.000  9.824297e-01 
 1170.000  9.824297e-01 
 1171.000  9.850149e-01 
 1172.000  9.850149e-01 
 1173.000  9.716516e-01 
 1174.000  9.716516e-01 
 1175.000  9.910601e-01 
 1176.000  9.910601e-01 
 1177.000  9.793878e-01 
 1178.000  9.793878e-01 
 1179.000  9.878942e-01 
 1180.000  9.878942e-01 
 1181.000  9.678903e-01 
 1182.000  9.678903e-01 
 1183.000  9.831818e-01 
 1184.000  9.831818e-01 
 1185.000  9.880053e-01 
 1186.000  9.880053e-01 
 1187.000  9.672306e-01 
 1188.000  9.672306e-01 
 1189.000  9.672306e-01 
 1190.000  9.828578e-01 
 1191.000  9.828578e-01 
 1192.000  9.921960e-01 
 1193.000  9.921960e-01 
 1194.000  9.859322e-01 
 1195.000  9.859322e-01 
 1196.000  9.892832e-01 
 1197.000  9.892832e-01 
 1198.000  9.831405e-01 
 1199.000  9.831405e-01 
 1200.000  9.819896e-01 
