  250.000  0.000000e+00 
  251.000  0.000000e+00 
  252.000  0.000000e+00 
  253.000  0.000000e+00 
  254.000  0.000000e+00 
  255.000  0.000000e+00 
  256.000  0.000000e+00 
  257.000  0.000000e+00 
  258.000  0.000000e+00 
  259.000  0.000000e+00 
  260.000  0.000000e+00 
  261.000  0.000000e+00 
  262.000  0.000000e+00 
  263.000  0.000000e+00 
  264.000  0.000000e+00 
  265.000  0.000000e+00 
  266.000  0.000000e+00 
  267.000  0.000000e+00 
  268.000  0.000000e+00 
  269.000  0.000000e+00 
  270.000  0.000000e+00 
  271.000  0.000000e+00 
  272.000  0.000000e+00 
  273.000  0.000000e+00 
  274.000  0.000000e+00 
  275.000  0.000000e+00 
  276.000  0.000000e+00 
  277.000  0.000000e+00 
  278.000  0.000000e+00 
  279.000  0.000000e+00 
  280.000  0.000000e+00 
  281.000  0.000000e+00 
  282.000  0.000000e+00 
  283.000  0.000000e+00 
  284.000  0.000000e+00 
  285.000  0.000000e+00 
  286.000  0.000000e+00 
  287.000  0.000000e+00 
  288.000  0.000000e+00 
  289.000  0.000000e+00 
  290.000  0.000000e+00 
  291.000  0.000000e+00 
  292.000  0.000000e+00 
  293.000  1.364974e-13 
  294.000  5.328909e-12 
  295.000  5.220380e-11 
  296.000  1.455840e-09 
  297.000  1.002020e-08 
  298.000  1.007214e-07 
  299.000  4.856085e-07 
  300.000  2.560103e-06 
  301.000  9.748025e-06 
  302.000  3.030401e-05 
  303.000  1.206234e-04 
  304.000  1.900675e-04 
  305.000  5.862614e-04 
  306.000  1.065476e-03 
  307.000  2.288780e-03 
  308.000  3.635111e-03 
  309.000  5.719902e-03 
  310.000  1.019948e-02 
  311.000  1.273514e-02 
  312.000  1.777292e-02 
  313.000  2.540598e-02 
  314.000  2.864700e-02 
  315.000  4.088667e-02 
  316.000  4.416815e-02 
  317.000  5.617849e-02 
  318.000  6.274264e-02 
  319.000  8.609809e-02 
  320.000  6.966952e-02 
  321.000  1.073509e-01 
  322.000  8.981314e-02 
  323.000  1.088140e-01 
  324.000  1.374101e-01 
  325.000  1.151451e-01 
  326.000  1.458105e-01 
  327.000  1.547792e-01 
  328.000  1.371333e-01 
  329.000  1.748671e-01 
  330.000  1.808653e-01 
  331.000  1.626788e-01 
  332.000  1.904510e-01 
  333.000  1.956456e-01 
  334.000  1.907373e-01 
  335.000  2.085060e-01 
  336.000  2.154593e-01 
  337.000  2.091613e-01 
  338.000  2.211734e-01 
  339.000  2.295679e-01 
  340.000  2.271029e-01 
  341.000  2.371544e-01 
  342.000  2.435386e-01 
  343.000  2.473709e-01 
  344.000  2.447507e-01 
  345.000  2.558130e-01 
  346.000  2.607463e-01 
  347.000  2.645199e-01 
  348.000  2.691833e-01 
  349.000  2.747341e-01 
  350.000  2.790694e-01 
  351.000  2.839620e-01 
  352.000  2.880444e-01 
  353.000  2.929523e-01 
  354.000  2.965204e-01 
  355.000  3.004144e-01 
  356.000  3.053485e-01 
  357.000  3.086132e-01 
  358.000  3.122408e-01 
  359.000  3.158247e-01 
  360.000  3.193514e-01 
  361.000  3.230733e-01 
  362.000  3.287893e-01 
  363.000  3.336827e-01 
  364.000  3.385706e-01 
  365.000  3.427058e-01 
  366.000  3.472839e-01 
  367.000  3.516150e-01 
  368.000  3.557701e-01 
  369.000  3.592700e-01 
  370.000  3.634578e-01 
  371.000  3.678880e-01 
  372.000  3.715958e-01 
  373.000  3.761224e-01 
  374.000  3.804612e-01 
  375.000  3.839866e-01 
  376.000  3.876849e-01 
  377.000  3.918884e-01 
  378.000  3.951534e-01 
  379.000  3.987171e-01 
  380.000  4.021657e-01 
  381.000  4.059175e-01 
  382.000  4.109515e-01 
  383.000  4.161042e-01 
  384.000  4.196448e-01 
  385.000  4.241856e-01 
  386.000  4.278230e-01 
  387.000  4.321275e-01 
  388.000  4.355244e-01 
  389.000  4.389873e-01 
  390.000  4.433320e-01 
  391.000  4.469063e-01 
  392.000  4.499300e-01 
  393.000  4.549589e-01 
  394.000  4.584522e-01 
  395.000  4.618501e-01 
  396.000  4.661513e-01 
  397.000  4.700546e-01 
  398.000  4.727976e-01 
  399.000  4.765379e-01 
  400.000  4.797715e-01 
  401.000  4.840350e-01 
  402.000  4.878630e-01 
  403.000  4.918098e-01 
  404.000  4.944751e-01 
  405.000  4.981486e-01 
  406.000  5.015885e-01 
  407.000  5.060576e-01 
  408.000  5.082830e-01 
  409.000  5.115008e-01 
  410.000  5.148943e-01 
  411.000  5.187259e-01 
  412.000  5.226824e-01 
  413.000  5.248653e-01 
  414.000  5.289635e-01 
  415.000  5.322033e-01 
  416.000  5.363569e-01 
  417.000  5.388249e-01 
  418.000  5.416401e-01 
  419.000  5.456476e-01 
  420.000  5.483533e-01 
  421.000  5.514846e-01 
  422.000  5.540528e-01 
  423.000  5.575824e-01 
  424.000  5.603156e-01 
  425.000  5.644084e-01 
  426.000  5.674727e-01 
  427.000  5.703526e-01 
  428.000  5.729711e-01 
  429.000  5.767136e-01 
  430.000  5.798302e-01 
  431.000  5.810726e-01 
  432.000  5.854184e-01 
  433.000  5.884508e-01 
  434.000  5.904343e-01 
  435.000  5.925171e-01 
  436.000  5.960121e-01 
  437.000  6.005753e-01 
  438.000  6.029102e-01 
  439.000  6.035486e-01 
  440.000  6.069842e-01 
  441.000  6.099684e-01 
  442.000  6.136101e-01 
  443.000  6.155932e-01 
  444.000  6.179384e-01 
  445.000  6.192173e-01 
  446.000  6.225423e-01 
  447.000  6.256642e-01 
  448.000  6.259096e-01 
  449.000  6.303843e-01 
  450.000  6.340750e-01 
  451.000  6.362835e-01 
  452.000  6.380960e-01 
  453.000  6.408318e-01 
  454.000  6.445632e-01 
  455.000  6.458494e-01 
  456.000  6.479262e-01 
  457.000  6.503453e-01 
  458.000  6.518251e-01 
  459.000  6.539816e-01 
  460.000  6.552449e-01 
  461.000  6.575986e-01 
  462.000  6.608641e-01 
  463.000  6.610743e-01 
  464.000  6.642807e-01 
  465.000  6.664984e-01 
  466.000  6.705416e-01 
  467.000  6.717429e-01 
  468.000  6.740520e-01 
  469.000  6.761224e-01 
  470.000  6.782907e-01 
  471.000  6.801727e-01 
  472.000  6.810220e-01 
  473.000  6.814922e-01 
  474.000  6.801867e-01 
  475.000  6.803741e-01 
  476.000  6.808475e-01 
  477.000  6.815069e-01 
  478.000  6.824754e-01 
  479.000  6.844965e-01 
  480.000  6.870428e-01 
  481.000  6.914898e-01 
  482.000  6.950861e-01 
  483.000  6.983423e-01 
  484.000  6.999734e-01 
  485.000  7.014101e-01 
  486.000  7.026521e-01 
  487.000  7.053051e-01 
  488.000  7.067723e-01 
  489.000  7.079439e-01 
  490.000  7.109358e-01 
  491.000  7.126824e-01 
  492.000  7.142411e-01 
  493.000  7.157817e-01 
  494.000  7.168223e-01 
  495.000  7.180153e-01 
  496.000  7.185724e-01 
  497.000  7.196907e-01 
  498.000  7.204459e-01 
  499.000  7.213988e-01 
  500.000  7.220114e-01 
  501.000  7.217612e-01 
  502.000  7.211574e-01 
  503.000  7.205408e-01 
  504.000  7.206099e-01 
  505.000  7.201122e-01 
  506.000  7.228519e-01 
  507.000  7.244605e-01 
  508.000  7.266302e-01 
  509.000  7.278342e-01 
  510.000  7.295819e-01 
  511.000  7.315083e-01 
  512.000  7.326443e-01 
  513.000  7.350032e-01 
  514.000  7.360886e-01 
  515.000  7.380428e-01 
  516.000  7.386489e-01 
  517.000  7.398430e-01 
  518.000  7.400324e-01 
  519.000  7.406819e-01 
  520.000  7.409968e-01 
  521.000  7.416666e-01 
  522.000  7.417269e-01 
  523.000  7.418463e-01 
  524.000  7.418850e-01 
  525.000  7.411958e-01 
  526.000  7.402818e-01 
  527.000  7.398126e-01 
  528.000  7.387475e-01 
  529.000  7.380803e-01 
  530.000  7.374047e-01 
  531.000  7.376033e-01 
  532.000  7.378963e-01 
  533.000  7.385511e-01 
  534.000  7.394239e-01 
  535.000  7.399512e-01 
  536.000  7.409716e-01 
  537.000  7.420287e-01 
  538.000  7.425863e-01 
  539.000  7.430916e-01 
  540.000  7.440922e-01 
  541.000  7.442337e-01 
  542.000  7.442487e-01 
  543.000  7.448418e-01 
  544.000  7.454318e-01 
  545.000  7.452920e-01 
  546.000  7.459425e-01 
  547.000  7.470559e-01 
  548.000  7.480647e-01 
  549.000  7.483560e-01 
  550.000  7.493105e-01 
  551.000  7.496974e-01 
  552.000  7.499425e-01 
  553.000  7.501450e-01 
  554.000  7.505677e-01 
  555.000  7.508150e-01 
  556.000  7.499183e-01 
  557.000  7.485958e-01 
  558.000  7.475038e-01 
  559.000  7.460011e-01 
  560.000  7.447252e-01 
  561.000  7.436858e-01 
  562.000  7.428713e-01 
  563.000  7.416518e-01 
  564.000  7.404029e-01 
  565.000  7.393124e-01 
  566.000  7.385882e-01 
  567.000  7.375339e-01 
  568.000  7.360549e-01 
  569.000  7.328331e-01 
  570.000  7.301596e-01 
  571.000  7.292931e-01 
  572.000  7.279822e-01 
  573.000  7.269189e-01 
  574.000  7.257777e-01 
  575.000  7.250013e-01 
  576.000  7.258344e-01 
  577.000  7.268754e-01 
  578.000  7.294058e-01 
  579.000  7.320105e-01 
  580.000  7.342194e-01 
  581.000  7.381085e-01 
  582.000  7.419469e-01 
  583.000  7.451545e-01 
  584.000  7.500466e-01 
  585.000  7.519236e-01 
  586.000  7.540097e-01 
  587.000  7.546887e-01 
  588.000  7.560227e-01 
  589.000  7.536902e-01 
  590.000  7.544415e-01 
  591.000  7.559121e-01 
  592.000  7.530756e-01 
  593.000  7.572467e-01 
  594.000  7.555001e-01 
  595.000  7.566035e-01 
  596.000  7.567132e-01 
  597.000  7.567648e-01 
  598.000  7.561917e-01 
  599.000  7.564520e-01 
  600.000  7.559271e-01 
  601.000  7.569358e-01 
  602.000  7.585616e-01 
  603.000  7.594796e-01 
  604.000  7.602188e-01 
  605.000  7.611730e-01 
  606.000  7.635120e-01 
  607.000  7.653557e-01 
  608.000  7.678605e-01 
  609.000  7.688870e-01 
  610.000  7.709511e-01 
  611.000  7.725967e-01 
  612.000  7.750857e-01 
  613.000  7.771080e-01 
  614.000  7.785911e-01 
  615.000  7.803149e-01 
  616.000  7.828395e-01 
  617.000  7.846724e-01 
  618.000  7.858968e-01 
  619.000  7.877244e-01 
  620.000  7.894128e-01 
  621.000  7.906576e-01 
  622.000  7.912108e-01 
  623.000  7.925081e-01 
  624.000  7.930607e-01 
  625.000  7.937033e-01 
  626.000  7.941417e-01 
  627.000  7.946435e-01 
  628.000  7.670572e-01 
  629.000  7.804464e-01 
  630.000  7.857130e-01 
  631.000  7.964252e-01 
  632.000  8.010163e-01 
  633.000  8.037192e-01 
  634.000  8.079287e-01 
  635.000  8.089656e-01 
  636.000  8.135330e-01 
  637.000  8.186065e-01 
  638.000  8.213547e-01 
  639.000  8.247634e-01 
  640.000  8.266102e-01 
  641.000  8.301367e-01 
  642.000  8.317944e-01 
  643.000  8.330614e-01 
  644.000  8.346980e-01 
  645.000  8.365067e-01 
  646.000  8.367469e-01 
  647.000  8.371180e-01 
  648.000  8.364864e-01 
  649.000  8.398404e-01 
  650.000  8.444061e-01 
  651.000  8.454791e-01 
  652.000  8.464459e-01 
  653.000  8.482741e-01 
  654.000  8.507192e-01 
  655.000  8.485439e-01 
  656.000  8.520055e-01 
  657.000  8.537104e-01 
  658.000  8.563974e-01 
  659.000  8.586463e-01 
  660.000  8.592742e-01 
  661.000  8.614116e-01 
  662.000  8.619202e-01 
  663.000  8.637450e-01 
  664.000  8.647051e-01 
  665.000  8.659806e-01 
  666.000  8.672578e-01 
  667.000  8.691601e-01 
  668.000  8.701352e-01 
  669.000  8.717691e-01 
  670.000  8.726268e-01 
  671.000  8.745516e-01 
  672.000  8.749598e-01 
  673.000  8.765773e-01 
  674.000  8.771775e-01 
  675.000  8.788456e-01 
  676.000  8.793609e-01 
  677.000  8.802328e-01 
  678.000  8.816544e-01 
  679.000  8.824428e-01 
  680.000  8.840023e-01 
  681.000  8.847523e-01 
  682.000  8.867457e-01 
  683.000  8.874733e-01 
  684.000  8.893177e-01 
  685.000  8.899807e-01 
  686.000  8.912973e-01 
  687.000  5.529242e-01 
  688.000  7.148685e-01 
  689.000  7.654688e-01 
  690.000  8.031077e-01 
  691.000  8.315425e-01 
  692.000  8.780856e-01 
  693.000  8.796858e-01 
  694.000  8.861104e-01 
  695.000  8.932914e-01 
  696.000  8.916765e-01 
  697.000  9.013445e-01 
  698.000  9.018938e-01 
  699.000  8.982701e-01 
  700.000  9.005563e-01 
  701.000  8.978121e-01 
  702.000  8.999912e-01 
  703.000  9.023718e-01 
  704.000  9.036759e-01 
  705.000  9.048955e-01 
  706.000  9.067122e-01 
  707.000  9.082235e-01 
  708.000  9.098790e-01 
  709.000  9.105831e-01 
  710.000  9.105536e-01 
  711.000  9.125727e-01 
  712.000  9.126406e-01 
  713.000  9.141265e-01 
  714.000  9.135794e-01 
  715.000  9.129436e-01 
  716.000  9.140274e-01 
  717.000  9.079230e-01 
  718.000  8.862423e-01 
  719.000  8.571982e-01 
  720.000  8.892259e-01 
  721.000  9.139503e-01 
  722.000  9.137683e-01 
  723.000  9.129088e-01 
  724.000  8.810986e-01 
  725.000  8.950835e-01 
  726.000  9.090182e-01 
  727.000  9.027116e-01 
  728.000  8.935031e-01 
  729.000  8.995434e-01 
  730.000  9.116356e-01 
  731.000  9.072365e-01 
  732.000  9.110896e-01 
  733.000  9.205729e-01 
  734.000  9.249747e-01 
  735.000  9.223115e-01 
  736.000  9.247395e-01 
  737.000  9.253404e-01 
  738.000  9.271705e-01 
  739.000  9.279131e-01 
  740.000  9.298187e-01 
  741.000  9.308735e-01 
  742.000  9.318612e-01 
  743.000  9.321880e-01 
  744.000  9.327272e-01 
  745.000  9.331467e-01 
  746.000  9.339327e-01 
  747.000  9.345363e-01 
  748.000  9.348369e-01 
  749.000  9.351521e-01 
  750.000  9.356610e-01 
  751.000  9.360143e-01 
  752.000  9.371794e-01 
  753.000  9.375148e-01 
  754.000  9.379791e-01 
  755.000  9.384674e-01 
  756.000  9.387813e-01 
  757.000  9.391760e-01 
  758.000  9.400364e-01 
  759.000  9.275958e-01 
  760.000  2.552078e-01 
  761.000  1.242625e-01 
  762.000  5.252116e-01 
  763.000  4.047770e-01 
  764.000  4.926199e-01 
  765.000  6.499062e-01 
  766.000  7.956096e-01 
  767.000  8.528963e-01 
  768.000  9.185776e-01 
  769.000  9.356966e-01 
  770.000  9.359106e-01 
  771.000  9.422488e-01 
  772.000  9.443990e-01 
  773.000  9.445544e-01 
  774.000  9.446754e-01 
  775.000  9.447928e-01 
  776.000  9.450195e-01 
  777.000  9.453346e-01 
  778.000  9.455251e-01 
  779.000  9.457334e-01 
  780.000  9.459073e-01 
  781.000  9.465167e-01 
  782.000  9.470187e-01 
  783.000  9.473355e-01 
  784.000  9.475394e-01 
  785.000  9.477267e-01 
  786.000  9.473767e-01 
  787.000  9.479795e-01 
  788.000  9.469157e-01 
  789.000  9.472828e-01 
  790.000  9.452815e-01 
  791.000  9.459872e-01 
  792.000  9.471493e-01 
  793.000  9.480069e-01 
  794.000  9.517221e-01 
  795.000  9.509487e-01 
  796.000  9.452372e-01 
  797.000  9.501604e-01 
  798.000  9.505844e-01 
  799.000  9.515582e-01 
  800.000  9.491777e-01 
  801.000  9.483072e-01 
  802.000  9.502572e-01 
  803.000  9.497619e-01 
  804.000  9.498355e-01 
  805.000  9.513040e-01 
  806.000  9.534873e-01 
  807.000  9.523172e-01 
  808.000  9.537979e-01 
  809.000  9.516034e-01 
  810.000  9.507491e-01 
  811.000  9.515914e-01 
  812.000  9.494531e-01 
  813.000  9.450467e-01 
  814.000  9.367445e-01 
  815.000  9.263601e-01 
  816.000  9.340755e-01 
  817.000  8.906819e-01 
  818.000  9.202288e-01 
  819.000  9.336230e-01 
  820.000  9.149494e-01 
  821.000  9.523503e-01 
  822.000  9.481673e-01 
  823.000  8.756618e-01 
  824.000  9.436039e-01 
  825.000  9.507696e-01 
  826.000  9.432909e-01 
  827.000  9.510555e-01 
  828.000  9.310230e-01 
  829.000  9.474493e-01 
  830.000  9.445654e-01 
  831.000  9.455190e-01 
  832.000  9.465725e-01 
  833.000  9.519754e-01 
  834.000  9.527932e-01 
  835.000  9.555433e-01 
  836.000  9.564703e-01 
  837.000  9.558082e-01 
  838.000  9.585834e-01 
  839.000  9.593215e-01 
  840.000  9.599144e-01 
  841.000  9.599144e-01 
  842.000  9.581351e-01 
  843.000  9.615862e-01 
  844.000  9.596073e-01 
  845.000  9.614055e-01 
  846.000  9.620399e-01 
  847.000  9.624390e-01 
  848.000  9.622260e-01 
  849.000  9.625567e-01 
  850.000  9.633764e-01 
  851.000  9.659624e-01 
  852.000  9.669111e-01 
  853.000  9.671242e-01 
  854.000  9.672791e-01 
  855.000  9.672791e-01 
  856.000  9.674308e-01 
  857.000  9.680886e-01 
  858.000  9.678073e-01 
  859.000  9.682497e-01 
  860.000  9.685114e-01 
  861.000  9.685764e-01 
  862.000  9.688699e-01 
  863.000  9.687322e-01 
  864.000  9.692734e-01 
  865.000  9.692734e-01 
  866.000  9.693290e-01 
  867.000  9.694838e-01 
  868.000  9.695610e-01 
  869.000  9.696192e-01 
  870.000  9.699174e-01 
  871.000  9.699985e-01 
  872.000  9.702703e-01 
  873.000  9.703882e-01 
  874.000  9.703882e-01 
  875.000  9.706855e-01 
  876.000  9.707944e-01 
  877.000  9.709303e-01 
  878.000  9.710681e-01 
  879.000  9.711212e-01 
  880.000  9.714047e-01 
  881.000  9.714047e-01 
  882.000  9.713869e-01 
  883.000  9.714773e-01 
  884.000  9.716899e-01 
  885.000  9.718980e-01 
  886.000  9.707630e-01 
  887.000  9.721066e-01 
  888.000  9.721066e-01 
  889.000  9.718527e-01 
  890.000  9.713557e-01 
  891.000  9.724839e-01 
  892.000  9.715204e-01 
  893.000  9.692704e-01 
  894.000  9.692704e-01 
  895.000  9.631976e-01 
  896.000  9.559491e-01 
  897.000  9.226031e-01 
  898.000  9.541219e-01 
  899.000  8.818190e-01 
  900.000  8.818190e-01 
  901.000  8.969107e-01 
  902.000  9.124904e-01 
  903.000  9.281991e-01 
  904.000  9.645140e-01 
  905.000  9.612096e-01 
  906.000  9.612096e-01 
  907.000  9.244232e-01 
  908.000  9.117409e-01 
  909.000  9.207685e-01 
  910.000  9.129210e-01 
  911.000  9.129210e-01 
  912.000  9.506742e-01 
  913.000  9.333816e-01 
  914.000  9.204355e-01 
  915.000  8.999228e-01 
  916.000  8.999228e-01 
  917.000  9.508843e-01 
  918.000  9.120737e-01 
  919.000  9.441493e-01 
  920.000  9.659598e-01 
  921.000  9.659598e-01 
  922.000  9.603108e-01 
  923.000  9.589655e-01 
  924.000  9.543992e-01 
  925.000  9.543992e-01 
  926.000  9.566735e-01 
  927.000  9.608806e-01 
  928.000  9.252579e-01 
  929.000  9.198911e-01 
  930.000  9.198911e-01 
  931.000  8.533512e-01 
  932.000  7.059339e-01 
  933.000  7.453167e-01 
  934.000  7.453167e-01 
  935.000  6.803501e-01 
  936.000  6.574348e-01 
  937.000  6.606648e-01 
  938.000  6.606648e-01 
  939.000  7.535609e-01 
  940.000  8.587933e-01 
  941.000  8.325034e-01 
  942.000  8.325034e-01 
  943.000  7.378051e-01 
  944.000  7.368276e-01 
  945.000  8.319068e-01 
  946.000  8.319068e-01 
  947.000  7.667208e-01 
  948.000  7.909151e-01 
  949.000  8.286453e-01 
  950.000  8.286453e-01 
  951.000  8.340960e-01 
  952.000  7.594097e-01 
  953.000  8.665716e-01 
  954.000  8.665716e-01 
  955.000  8.636854e-01 
  956.000  7.770035e-01 
  957.000  8.895584e-01 
  958.000  8.895584e-01 
  959.000  8.427551e-01 
  960.000  8.836153e-01 
  961.000  8.836153e-01 
  962.000  8.968719e-01 
  963.000  9.266399e-01 
  964.000  8.792614e-01 
  965.000  8.792614e-01 
  966.000  9.062405e-01 
  967.000  9.410092e-01 
  968.000  9.410092e-01 
  969.000  9.500827e-01 
  970.000  9.629287e-01 
  971.000  9.669704e-01 
  972.000  9.669704e-01 
  973.000  9.620445e-01 
  974.000  9.340329e-01 
  975.000  9.340329e-01 
  976.000  9.260151e-01 
  977.000  9.560983e-01 
  978.000  9.520918e-01 
  979.000  9.520918e-01 
  980.000  9.539119e-01 
  981.000  9.740669e-01 
  982.000  9.740669e-01 
  983.000  9.691667e-01 
  984.000  9.735646e-01 
  985.000  9.735646e-01 
  986.000  9.799086e-01 
  987.000  9.775730e-01 
  988.000  9.775730e-01 
  989.000  9.811224e-01 
  990.000  9.797844e-01 
  991.000  9.797844e-01 
  992.000  9.807850e-01 
  993.000  9.807474e-01 
  994.000  9.807474e-01 
  995.000  9.821870e-01 
  996.000  9.822519e-01 
  997.000  9.822519e-01 
  998.000  9.823477e-01 
  999.000  9.823346e-01 
 1000.000  9.823346e-01 
 1001.000  9.825499e-01 
 1002.000  9.806616e-01 
 1003.000  9.806616e-01 
 1004.000  9.826645e-01 
 1005.000  9.828616e-01 
 1006.000  9.828616e-01 
 1007.000  9.830149e-01 
 1008.000  9.826613e-01 
 1009.000  9.826613e-01 
 1010.000  9.811444e-01 
 1011.000  9.832157e-01 
 1012.000  9.832157e-01 
 1013.000  9.834307e-01 
 1014.000  9.834983e-01 
 1015.000  9.834983e-01 
 1016.000  9.836221e-01 
 1017.000  9.836838e-01 
 1018.000  9.836838e-01 
 1019.000  9.835765e-01 
 1020.000  9.839593e-01 
 1021.000  9.839593e-01 
 1022.000  9.837945e-01 
 1023.000  9.837945e-01 
 1024.000  9.838192e-01 
 1025.000  9.841948e-01 
 1026.000  9.841948e-01 
 1027.000  9.841021e-01 
 1028.000  9.842969e-01 
 1029.000  9.842969e-01 
 1030.000  9.843830e-01 
 1031.000  9.843335e-01 
 1032.000  9.843335e-01 
 1033.000  9.842780e-01 
 1034.000  9.842780e-01 
 1035.000  9.841908e-01 
 1036.000  9.835529e-01 
 1037.000  9.835529e-01 
 1038.000  9.834537e-01 
 1039.000  9.827987e-01 
 1040.000  9.827987e-01 
 1041.000  9.822509e-01 
 1042.000  9.822509e-01 
 1043.000  9.815930e-01 
 1044.000  9.805809e-01 
 1045.000  9.805809e-01 
 1046.000  9.791737e-01 
 1047.000  9.791737e-01 
 1048.000  9.777592e-01 
 1049.000  9.748603e-01 
 1050.000  9.748603e-01 
 1051.000  9.736349e-01 
 1052.000  9.736349e-01 
 1053.000  9.716928e-01 
 1054.000  9.700407e-01 
 1055.000  9.700407e-01 
 1056.000  9.681361e-01 
 1057.000  9.681361e-01 
 1058.000  9.663885e-01 
 1059.000  9.646799e-01 
 1060.000  9.646799e-01 
 1061.000  9.636123e-01 
 1062.000  9.636123e-01 
 1063.000  9.618528e-01 
 1064.000  9.609496e-01 
 1065.000  9.609496e-01 
 1066.000  9.624178e-01 
 1067.000  9.624178e-01 
 1068.000  9.616536e-01 
 1069.000  9.640349e-01 
 1070.000  9.640349e-01 
 1071.000  9.660161e-01 
 1072.000  9.660161e-01 
 1073.000  9.678460e-01 
 1074.000  9.678460e-01 
 1075.000  9.688801e-01 
 1076.000  9.704933e-01 
 1077.000  9.704933e-01 
 1078.000  9.739139e-01 
 1079.000  9.739139e-01 
 1080.000  9.743386e-01 
 1081.000  9.743386e-01 
 1082.000  9.769848e-01 
 1083.000  9.776000e-01 
 1084.000  9.776000e-01 
 1085.000  9.761704e-01 
 1086.000  9.761704e-01 
 1087.000  9.811746e-01 
 1088.000  9.811746e-01 
 1089.000  9.807264e-01 
 1090.000  9.804237e-01 
 1091.000  9.804237e-01 
 1092.000  9.785017e-01 
 1093.000  9.785017e-01 
 1094.000  9.790600e-01 
 1095.000  9.790600e-01 
 1096.000  9.776855e-01 
 1097.000  9.776855e-01 
 1098.000  9.754134e-01 
 1099.000  9.630105e-01 
 1100.000  9.630105e-01 
 1101.000  9.637381e-01 
 1102.000  9.637381e-01 
 1103.000  9.584536e-01 
 1104.000  9.584536e-01 
 1105.000  9.551010e-01 
 1106.000  9.551010e-01 
 1107.000  9.549120e-01 
 1108.000  9.549120e-01 
 1109.000  9.438818e-01 
 1110.000  9.312737e-01 
 1111.000  9.312737e-01 
 1112.000  9.135315e-01 
 1113.000  9.135315e-01 
 1114.000  8.540518e-01 
 1115.000  8.540518e-01 
 1116.000  7.200001e-01 
 1117.000  7.200001e-01 
 1118.000  7.782816e-01 
 1119.000  7.782816e-01 
 1120.000  7.353252e-01 
 1121.000  7.353252e-01 
 1122.000  5.832231e-01 
 1123.000  7.536002e-01 
 1124.000  7.536002e-01 
 1125.000  6.120772e-01 
 1126.000  6.120772e-01 
 1127.000  6.770243e-01 
 1128.000  6.770243e-01 
 1129.000  6.752470e-01 
 1130.000  6.752470e-01 
 1131.000  8.713470e-01 
 1132.000  8.713470e-01 
 1133.000  6.923295e-01 
 1134.000  6.923295e-01 
 1135.000  4.716434e-01 
 1136.000  4.716434e-01 
 1137.000  8.818214e-01 
 1138.000  8.818214e-01 
 1139.000  8.131074e-01 
 1140.000  8.131074e-01 
 1141.000  8.090906e-01 
 1142.000  8.090906e-01 
 1143.000  8.608865e-01 
 1144.000  8.608865e-01 
 1145.000  6.952170e-01 
 1146.000  6.952170e-01 
 1147.000  7.019077e-01 
 1148.000  7.019077e-01 
 1149.000  7.696399e-01 
 1150.000  7.696399e-01 
 1151.000  8.280251e-01 
 1152.000  8.280251e-01 
 1153.000  7.926740e-01 
 1154.000  7.926740e-01 
 1155.000  8.330848e-01 
 1156.000  8.330848e-01 
 1157.000  8.924531e-01 
 1158.000  8.924531e-01 
 1159.000  9.372808e-01 
 1160.000  9.372808e-01 
 1161.000  9.266982e-01 
 1162.000  9.266982e-01 
 1163.000  9.493240e-01 
 1164.000  9.493240e-01 
 1165.000  9.414390e-01 
 1166.000  9.414390e-01 
 1167.000  9.615813e-01 
 1168.000  9.615813e-01 
 1169.000  9.612249e-01 
 1170.000  9.612249e-01 
 1171.000  9.666370e-01 
 1172.000  9.666370e-01 
 1173.000  9.422604e-01 
 1174.000  9.422604e-01 
 1175.000  9.786496e-01 
 1176.000  9.786496e-01 
 1177.000  9.573089e-01 
 1178.000  9.573089e-01 
 1179.000  9.732704e-01 
 1180.000  9.732704e-01 
 1181.000  9.371593e-01 
 1182.000  9.371593e-01 
 1183.000  9.650061e-01 
 1184.000  9.650061e-01 
 1185.000  9.736802e-01 
 1186.000  9.736802e-01 
 1187.000  9.370584e-01 
 1188.000  9.370584e-01 
 1189.000  9.370584e-01 
 1190.000  9.646511e-01 
 1191.000  9.646511e-01 
 1192.000  9.815938e-01 
 1193.000  9.815938e-01 
 1194.000  9.703794e-01 
 1195.000  9.703794e-01 
 1196.000  9.765236e-01 
 1197.000  9.765236e-01 
 1198.000  9.652345e-01 
 1199.000  9.652345e-01 
 1200.000  9.632466e-01 
