  250.000  0.000000e+00 
  251.000  0.000000e+00 
  252.000  0.000000e+00 
  253.000  0.000000e+00 
  254.000  0.000000e+00 
  255.000  0.000000e+00 
  256.000  0.000000e+00 
  257.000  0.000000e+00 
  258.000  0.000000e+00 
  259.000  0.000000e+00 
  260.000  0.000000e+00 
  261.000  0.000000e+00 
  262.000  0.000000e+00 
  263.000  0.000000e+00 
  264.000  0.000000e+00 
  265.000  0.000000e+00 
  266.000  0.000000e+00 
  267.000  0.000000e+00 
  268.000  0.000000e+00 
  269.000  0.000000e+00 
  270.000  0.000000e+00 
  271.000  0.000000e+00 
  272.000  0.000000e+00 
  273.000  0.000000e+00 
  274.000  0.000000e+00 
  275.000  0.000000e+00 
  276.000  0.000000e+00 
  277.000  0.000000e+00 
  278.000  0.000000e+00 
  279.000  0.000000e+00 
  280.000  0.000000e+00 
  281.000  0.000000e+00 
  282.000  0.000000e+00 
  283.000  0.000000e+00 
  284.000  0.000000e+00 
  285.000  0.000000e+00 
  286.000  0.000000e+00 
  287.000  0.000000e+00 
  288.000  0.000000e+00 
  289.000  0.000000e+00 
  290.000  0.000000e+00 
  291.000  0.000000e+00 
  292.000  0.000000e+00 
  293.000  6.157011e-07 
  294.000  3.611495e-06 
  295.000  1.086755e-05 
  296.000  5.418968e-05 
  297.000  1.375162e-04 
  298.000  4.189831e-04 
  299.000  8.953649e-04 
  300.000  1.997735e-03 
  301.000  3.809396e-03 
  302.000  6.586506e-03 
  303.000  1.283149e-02 
  304.000  1.598124e-02 
  305.000  2.752759e-02 
  306.000  3.673000e-02 
  307.000  5.312831e-02 
  308.000  6.642304e-02 
  309.000  8.267228e-02 
  310.000  1.093010e-01 
  311.000  1.216674e-01 
  312.000  1.429078e-01 
  313.000  1.698122e-01 
  314.000  1.799458e-01 
  315.000  2.136629e-01 
  316.000  2.217761e-01 
  317.000  2.490830e-01 
  318.000  2.627320e-01 
  319.000  3.060969e-01 
  320.000  2.763560e-01 
  321.000  3.404969e-01 
  322.000  3.124034e-01 
  323.000  3.427292e-01 
  324.000  3.835934e-01 
  325.000  3.522152e-01 
  326.000  3.947405e-01 
  327.000  4.062812e-01 
  328.000  3.832200e-01 
  329.000  4.309340e-01 
  330.000  4.380078e-01 
  331.000  4.161627e-01 
  332.000  4.490649e-01 
  333.000  4.549367e-01 
  334.000  4.493907e-01 
  335.000  4.691358e-01 
  336.000  4.766244e-01 
  337.000  4.698470e-01 
  338.000  4.826854e-01 
  339.000  4.914443e-01 
  340.000  4.888898e-01 
  341.000  4.992188e-01 
  342.000  5.056620e-01 
  343.000  5.094877e-01 
  344.000  5.068753e-01 
  345.000  5.178089e-01 
  346.000  5.226059e-01 
  347.000  5.262434e-01 
  348.000  5.307021e-01 
  349.000  5.359573e-01 
  350.000  5.400236e-01 
  351.000  5.445737e-01 
  352.000  5.483392e-01 
  353.000  5.528300e-01 
  354.000  5.560703e-01 
  355.000  5.595839e-01 
  356.000  5.640021e-01 
  357.000  5.669052e-01 
  358.000  5.701125e-01 
  359.000  5.732621e-01 
  360.000  5.763437e-01 
  361.000  5.795766e-01 
  362.000  5.845045e-01 
  363.000  5.886880e-01 
  364.000  5.928354e-01 
  365.000  5.963200e-01 
  366.000  6.001524e-01 
  367.000  6.037541e-01 
  368.000  6.071879e-01 
  369.000  6.100643e-01 
  370.000  6.134870e-01 
  371.000  6.170856e-01 
  372.000  6.200804e-01 
  373.000  6.237154e-01 
  374.000  6.271785e-01 
  375.000  6.299774e-01 
  376.000  6.328994e-01 
  377.000  6.362029e-01 
  378.000  6.387563e-01 
  379.000  6.415307e-01 
  380.000  6.442035e-01 
  381.000  6.470978e-01 
  382.000  6.509596e-01 
  383.000  6.548871e-01 
  384.000  6.575714e-01 
  385.000  6.609969e-01 
  386.000  6.637272e-01 
  387.000  6.669427e-01 
  388.000  6.694685e-01 
  389.000  6.720330e-01 
  390.000  6.752357e-01 
  391.000  6.778584e-01 
  392.000  6.800686e-01 
  393.000  6.837276e-01 
  394.000  6.862570e-01 
  395.000  6.887078e-01 
  396.000  6.917967e-01 
  397.000  6.945853e-01 
  398.000  6.965407e-01 
  399.000  6.991943e-01 
  400.000  7.014818e-01 
  401.000  7.044846e-01 
  402.000  7.071688e-01 
  403.000  7.099249e-01 
  404.000  7.117797e-01 
  405.000  7.143275e-01 
  406.000  7.167046e-01 
  407.000  7.197803e-01 
  408.000  7.213066e-01 
  409.000  7.235074e-01 
  410.000  7.258208e-01 
  411.000  7.284233e-01 
  412.000  7.311002e-01 
  413.000  7.325726e-01 
  414.000  7.353284e-01 
  415.000  7.374979e-01 
  416.000  7.402720e-01 
  417.000  7.419142e-01 
  418.000  7.437835e-01 
  419.000  7.464344e-01 
  420.000  7.482197e-01 
  421.000  7.502793e-01 
  422.000  7.519640e-01 
  423.000  7.542729e-01 
  424.000  7.560557e-01 
  425.000  7.587166e-01 
  426.000  7.607014e-01 
  427.000  7.625637e-01 
  428.000  7.642518e-01 
  429.000  7.666574e-01 
  430.000  7.686549e-01 
  431.000  7.694495e-01 
  432.000  7.722223e-01 
  433.000  7.741509e-01 
  434.000  7.754095e-01 
  435.000  7.767287e-01 
  436.000  7.789372e-01 
  437.000  7.818105e-01 
  438.000  7.832764e-01 
  439.000  7.836767e-01 
  440.000  7.858266e-01 
  441.000  7.876894e-01 
  442.000  7.899317e-01 
  443.000  7.911209e-01 
  444.000  7.926375e-01 
  445.000  7.933259e-01 
  446.000  7.953570e-01 
  447.000  7.974091e-01 
  448.000  7.975598e-01 
  449.000  8.003086e-01 
  450.000  8.025676e-01 
  451.000  8.039160e-01 
  452.000  8.050206e-01 
  453.000  8.066801e-01 
  454.000  8.089492e-01 
  455.000  8.097280e-01 
  456.000  8.109840e-01 
  457.000  8.124443e-01 
  458.000  8.133363e-01 
  459.000  8.146343e-01 
  460.000  8.153936e-01 
  461.000  8.168062e-01 
  462.000  8.187618e-01 
  463.000  8.188875e-01 
  464.000  8.208025e-01 
  465.000  8.221243e-01 
  466.000  8.245171e-01 
  467.000  8.252389e-01 
  468.000  8.266085e-01 
  469.000  8.277560e-01 
  470.000  8.290105e-01 
  471.000  8.302209e-01 
  472.000  8.307180e-01 
  473.000  8.309982e-01 
  474.000  8.302317e-01 
  475.000  8.303016e-01 
  476.000  8.306215e-01 
  477.000  8.310101e-01 
  478.000  8.315800e-01 
  479.000  8.327680e-01 
  480.000  8.342621e-01 
  481.000  8.368645e-01 
  482.000  8.389629e-01 
  483.000  8.408579e-01 
  484.000  8.418051e-01 
  485.000  8.425945e-01 
  486.000  8.433046e-01 
  487.000  8.448931e-01 
  488.000  8.457409e-01 
  489.000  8.464134e-01 
  490.000  8.481429e-01 
  491.000  8.491462e-01 
  492.000  8.500449e-01 
  493.000  8.509300e-01 
  494.000  8.515273e-01 
  495.000  8.522113e-01 
  496.000  8.525305e-01 
  497.000  8.531707e-01 
  498.000  8.536028e-01 
  499.000  8.541459e-01 
  500.000  8.544891e-01 
  501.000  8.543061e-01 
  502.000  8.537134e-01 
  503.000  8.530118e-01 
  504.000  8.525347e-01 
  505.000  8.530892e-01 
  506.000  8.542695e-01 
  507.000  8.550250e-01 
  508.000  8.566453e-01 
  509.000  8.575782e-01 
  510.000  8.587465e-01 
  511.000  8.598069e-01 
  512.000  8.604801e-01 
  513.000  8.618761e-01 
  514.000  8.624853e-01 
  515.000  8.636051e-01 
  516.000  8.639471e-01 
  517.000  8.646213e-01 
  518.000  8.647283e-01 
  519.000  8.650946e-01 
  520.000  8.652720e-01 
  521.000  8.656497e-01 
  522.000  8.656836e-01 
  523.000  8.657507e-01 
  524.000  8.657420e-01 
  525.000  8.652972e-01 
  526.000  8.648664e-01 
  527.000  8.645508e-01 
  528.000  8.639917e-01 
  529.000  8.635728e-01 
  530.000  8.632277e-01 
  531.000  8.633542e-01 
  532.000  8.635165e-01 
  533.000  8.638918e-01 
  534.000  8.643776e-01 
  535.000  8.646820e-01 
  536.000  8.652562e-01 
  537.000  8.658497e-01 
  538.000  8.661661e-01 
  539.000  8.663782e-01 
  540.000  8.669167e-01 
  541.000  8.665000e-01 
  542.000  8.666989e-01 
  543.000  8.672976e-01 
  544.000  8.676488e-01 
  545.000  8.672854e-01 
  546.000  8.673930e-01 
  547.000  8.682998e-01 
  548.000  8.691350e-01 
  549.000  8.693171e-01 
  550.000  8.697340e-01 
  551.000  8.701469e-01 
  552.000  8.702712e-01 
  553.000  8.704117e-01 
  554.000  8.706495e-01 
  555.000  8.707879e-01 
  556.000  8.702856e-01 
  557.000  8.695444e-01 
  558.000  8.689319e-01 
  559.000  8.680872e-01 
  560.000  8.673652e-01 
  561.000  8.667766e-01 
  562.000  8.663251e-01 
  563.000  8.656375e-01 
  564.000  8.649349e-01 
  565.000  8.643205e-01 
  566.000  8.639118e-01 
  567.000  8.632357e-01 
  568.000  8.623784e-01 
  569.000  8.595940e-01 
  570.000  8.581268e-01 
  571.000  8.583073e-01 
  572.000  8.569525e-01 
  573.000  8.569215e-01 
  574.000  8.560244e-01 
  575.000  8.559655e-01 
  576.000  8.562528e-01 
  577.000  8.567583e-01 
  578.000  8.585963e-01 
  579.000  8.600924e-01 
  580.000  8.614086e-01 
  581.000  8.636122e-01 
  582.000  8.657008e-01 
  583.000  8.675293e-01 
  584.000  8.701741e-01 
  585.000  8.710859e-01 
  586.000  8.722861e-01 
  587.000  8.725935e-01 
  588.000  8.726413e-01 
  589.000  8.668435e-01 
  590.000  8.669561e-01 
  591.000  8.695836e-01 
  592.000  8.643492e-01 
  593.000  8.722087e-01 
  594.000  8.684473e-01 
  595.000  8.707423e-01 
  596.000  8.717096e-01 
  597.000  8.720201e-01 
  598.000  8.717377e-01 
  599.000  8.729470e-01 
  600.000  8.728226e-01 
  601.000  8.738874e-01 
  602.000  8.749541e-01 
  603.000  8.754778e-01 
  604.000  8.760084e-01 
  605.000  8.765185e-01 
  606.000  8.778399e-01 
  607.000  8.788886e-01 
  608.000  8.802763e-01 
  609.000  8.808442e-01 
  610.000  8.819828e-01 
  611.000  8.828931e-01 
  612.000  8.842654e-01 
  613.000  8.853784e-01 
  614.000  8.861937e-01 
  615.000  8.871403e-01 
  616.000  8.885247e-01 
  617.000  8.895284e-01 
  618.000  8.901984e-01 
  619.000  8.911971e-01 
  620.000  8.921188e-01 
  621.000  8.927976e-01 
  622.000  8.930987e-01 
  623.000  8.938050e-01 
  624.000  8.940944e-01 
  625.000  8.944541e-01 
  626.000  8.946708e-01 
  627.000  8.947753e-01 
  628.000  8.780529e-01 
  629.000  8.851756e-01 
  630.000  8.900629e-01 
  631.000  8.959089e-01 
  632.000  8.979769e-01 
  633.000  8.995977e-01 
  634.000  9.018656e-01 
  635.000  9.025351e-01 
  636.000  9.048433e-01 
  637.000  9.075312e-01 
  638.000  9.092622e-01 
  639.000  9.109748e-01 
  640.000  9.119769e-01 
  641.000  9.137206e-01 
  642.000  9.148108e-01 
  643.000  9.152679e-01 
  644.000  9.163194e-01 
  645.000  9.171557e-01 
  646.000  9.158666e-01 
  647.000  9.143695e-01 
  648.000  9.119675e-01 
  649.000  9.149220e-01 
  650.000  9.205426e-01 
  651.000  9.215285e-01 
  652.000  9.210532e-01 
  653.000  9.229711e-01 
  654.000  9.238600e-01 
  655.000  9.189742e-01 
  656.000  9.233460e-01 
  657.000  9.248213e-01 
  658.000  9.272558e-01 
  659.000  9.289647e-01 
  660.000  9.291463e-01 
  661.000  9.304641e-01 
  662.000  9.307099e-01 
  663.000  9.314148e-01 
  664.000  9.320986e-01 
  665.000  9.328055e-01 
  666.000  9.334841e-01 
  667.000  9.345226e-01 
  668.000  9.350271e-01 
  669.000  9.358681e-01 
  670.000  9.363415e-01 
  671.000  9.373382e-01 
  672.000  9.375495e-01 
  673.000  9.383857e-01 
  674.000  9.386957e-01 
  675.000  9.395571e-01 
  676.000  9.398166e-01 
  677.000  9.402726e-01 
  678.000  9.410057e-01 
  679.000  9.414084e-01 
  680.000  9.421986e-01 
  681.000  9.425346e-01 
  682.000  9.435939e-01 
  683.000  9.437817e-01 
  684.000  9.446841e-01 
  685.000  9.452313e-01 
  686.000  9.458120e-01 
  687.000  6.863516e-01 
  688.000  8.423901e-01 
  689.000  8.722913e-01 
  690.000  8.974869e-01 
  691.000  9.114566e-01 
  692.000  9.375016e-01 
  693.000  9.331347e-01 
  694.000  9.264303e-01 
  695.000  9.380068e-01 
  696.000  9.342989e-01 
  697.000  9.496629e-01 
  698.000  9.497914e-01 
  699.000  9.430985e-01 
  700.000  9.450898e-01 
  701.000  9.394891e-01 
  702.000  9.424973e-01 
  703.000  9.452332e-01 
  704.000  9.467866e-01 
  705.000  9.477773e-01 
  706.000  9.499627e-01 
  707.000  9.518905e-01 
  708.000  9.537922e-01 
  709.000  9.540838e-01 
  710.000  9.534638e-01 
  711.000  9.554545e-01 
  712.000  9.549018e-01 
  713.000  9.564939e-01 
  714.000  9.552815e-01 
  715.000  9.526488e-01 
  716.000  9.536009e-01 
  717.000  9.424524e-01 
  718.000  9.047893e-01 
  719.000  8.619257e-01 
  720.000  9.081494e-01 
  721.000  9.489824e-01 
  722.000  9.479591e-01 
  723.000  9.458776e-01 
  724.000  8.940750e-01 
  725.000  9.138135e-01 
  726.000  9.366434e-01 
  727.000  9.258001e-01 
  728.000  9.093759e-01 
  729.000  9.184209e-01 
  730.000  9.386367e-01 
  731.000  9.305697e-01 
  732.000  9.367365e-01 
  733.000  9.521242e-01 
  734.000  9.589061e-01 
  735.000  9.537472e-01 
  736.000  9.576049e-01 
  737.000  9.577926e-01 
  738.000  9.604627e-01 
  739.000  9.612451e-01 
  740.000  9.642595e-01 
  741.000  9.656718e-01 
  742.000  9.660977e-01 
  743.000  9.662199e-01 
  744.000  9.667091e-01 
  745.000  9.670001e-01 
  746.000  9.675127e-01 
  747.000  9.677828e-01 
  748.000  9.679570e-01 
  749.000  9.680778e-01 
  750.000  9.683453e-01 
  751.000  9.684858e-01 
  752.000  9.691415e-01 
  753.000  9.693173e-01 
  754.000  9.695253e-01 
  755.000  9.697400e-01 
  756.000  9.698744e-01 
  757.000  9.701582e-01 
  758.000  9.705850e-01 
  759.000  9.641678e-01 
  760.000  4.174672e-01 
  761.000  3.012872e-01 
  762.000  6.711394e-01 
  763.000  5.744371e-01 
  764.000  6.373319e-01 
  765.000  7.610915e-01 
  766.000  8.844117e-01 
  767.000  9.232109e-01 
  768.000  9.591843e-01 
  769.000  9.684231e-01 
  770.000  9.684605e-01 
  771.000  9.716910e-01 
  772.000  9.727607e-01 
  773.000  9.728380e-01 
  774.000  9.728794e-01 
  775.000  9.729515e-01 
  776.000  9.730690e-01 
  777.000  9.732257e-01 
  778.000  9.733202e-01 
  779.000  9.734234e-01 
  780.000  9.735096e-01 
  781.000  9.738122e-01 
  782.000  9.740197e-01 
  783.000  9.742058e-01 
  784.000  9.741644e-01 
  785.000  9.740661e-01 
  786.000  9.730830e-01 
  787.000  9.734194e-01 
  788.000  9.714346e-01 
  789.000  9.713355e-01 
  790.000  9.675984e-01 
  791.000  9.681574e-01 
  792.000  9.696599e-01 
  793.000  9.707761e-01 
  794.000  9.760251e-01 
  795.000  9.743096e-01 
  796.000  9.641222e-01 
  797.000  9.722366e-01 
  798.000  9.726070e-01 
  799.000  9.741016e-01 
  800.000  9.696979e-01 
  801.000  9.679155e-01 
  802.000  9.711336e-01 
  803.000  9.701421e-01 
  804.000  9.700592e-01 
  805.000  9.724290e-01 
  806.000  9.761027e-01 
  807.000  9.738613e-01 
  808.000  9.762558e-01 
  809.000  9.724404e-01 
  810.000  9.707901e-01 
  811.000  9.720996e-01 
  812.000  9.679821e-01 
  813.000  9.602302e-01 
  814.000  9.460185e-01 
  815.000  9.289786e-01 
  816.000  9.412729e-01 
  817.000  8.736076e-01 
  818.000  9.194047e-01 
  819.000  9.392859e-01 
  820.000  9.111034e-01 
  821.000  9.701447e-01 
  822.000  9.629260e-01 
  823.000  8.495120e-01 
  824.000  9.541810e-01 
  825.000  9.664093e-01 
  826.000  9.531456e-01 
  827.000  9.661761e-01 
  828.000  9.325590e-01 
  829.000  9.595791e-01 
  830.000  9.543813e-01 
  831.000  9.557351e-01 
  832.000  9.572373e-01 
  833.000  9.660940e-01 
  834.000  9.674070e-01 
  835.000  9.717612e-01 
  836.000  9.732502e-01 
  837.000  9.718047e-01 
  838.000  9.763339e-01 
  839.000  9.774698e-01 
  840.000  9.781896e-01 
  841.000  9.781896e-01 
  842.000  9.750237e-01 
  843.000  9.806741e-01 
  844.000  9.771466e-01 
  845.000  9.800209e-01 
  846.000  9.808776e-01 
  847.000  9.814907e-01 
  848.000  9.808049e-01 
  849.000  9.811835e-01 
  850.000  9.813092e-01 
  851.000  9.818678e-01 
  852.000  9.832903e-01 
  853.000  9.834529e-01 
  854.000  9.834189e-01 
  855.000  9.834189e-01 
  856.000  9.835637e-01 
  857.000  9.843380e-01 
  858.000  9.837335e-01 
  859.000  9.842181e-01 
  860.000  9.846384e-01 
  861.000  9.845316e-01 
  862.000  9.847953e-01 
  863.000  9.847789e-01 
  864.000  9.850299e-01 
  865.000  9.850299e-01 
  866.000  9.850731e-01 
  867.000  9.851492e-01 
  868.000  9.851869e-01 
  869.000  9.852152e-01 
  870.000  9.853173e-01 
  871.000  9.854004e-01 
  872.000  9.855232e-01 
  873.000  9.855345e-01 
  874.000  9.855345e-01 
  875.000  9.857349e-01 
  876.000  9.857892e-01 
  877.000  9.858099e-01 
  878.000  9.858534e-01 
  879.000  9.858659e-01 
  880.000  9.860547e-01 
  881.000  9.860547e-01 
  882.000  9.858002e-01 
  883.000  9.858752e-01 
  884.000  9.860139e-01 
  885.000  9.861594e-01 
  886.000  9.840685e-01 
  887.000  9.861130e-01 
  888.000  9.861130e-01 
  889.000  9.856679e-01 
  890.000  9.845427e-01 
  891.000  9.863100e-01 
  892.000  9.844622e-01 
  893.000  9.804208e-01 
  894.000  9.804208e-01 
  895.000  9.701357e-01 
  896.000  9.578781e-01 
  897.000  9.055213e-01 
  898.000  9.542441e-01 
  899.000  8.478450e-01 
  900.000  8.478450e-01 
  901.000  8.713970e-01 
  902.000  8.918032e-01 
  903.000  9.160392e-01 
  904.000  9.708726e-01 
  905.000  9.654163e-01 
  906.000  9.654163e-01 
  907.000  9.070063e-01 
  908.000  8.899122e-01 
  909.000  9.015334e-01 
  910.000  8.887233e-01 
  911.000  8.887233e-01 
  912.000  9.468462e-01 
  913.000  9.194777e-01 
  914.000  9.002494e-01 
  915.000  8.702967e-01 
  916.000  8.702967e-01 
  917.000  9.463534e-01 
  918.000  8.873954e-01 
  919.000  9.364404e-01 
  920.000  9.710693e-01 
  921.000  9.710693e-01 
  922.000  9.615815e-01 
  923.000  9.591961e-01 
  924.000  9.512365e-01 
  925.000  9.512365e-01 
  926.000  9.549166e-01 
  927.000  9.618714e-01 
  928.000  9.043990e-01 
  929.000  8.952904e-01 
  930.000  8.952904e-01 
  931.000  8.009421e-01 
  932.000  6.377530e-01 
  933.000  6.690490e-01 
  934.000  6.690490e-01 
  935.000  6.093529e-01 
  936.000  5.796656e-01 
  937.000  5.749199e-01 
  938.000  5.749199e-01 
  939.000  6.932206e-01 
  940.000  8.101686e-01 
  941.000  7.733603e-01 
  942.000  7.733603e-01 
  943.000  6.694265e-01 
  944.000  6.747274e-01 
  945.000  7.675270e-01 
  946.000  7.675270e-01 
  947.000  6.926216e-01 
  948.000  7.169117e-01 
  949.000  7.715665e-01 
  950.000  7.715665e-01 
  951.000  7.789091e-01 
  952.000  6.944591e-01 
  953.000  8.167053e-01 
  954.000  8.167053e-01 
  955.000  8.141834e-01 
  956.000  7.163593e-01 
  957.000  8.501060e-01 
  958.000  8.501060e-01 
  959.000  7.798477e-01 
  960.000  8.377394e-01 
  961.000  8.377394e-01 
  962.000  8.610631e-01 
  963.000  9.033849e-01 
  964.000  8.333018e-01 
  965.000  8.333018e-01 
  966.000  8.749828e-01 
  967.000  9.266385e-01 
  968.000  9.266385e-01 
  969.000  9.407095e-01 
  970.000  9.607999e-01 
  971.000  9.674067e-01 
  972.000  9.674067e-01 
  973.000  9.590729e-01 
  974.000  9.146341e-01 
  975.000  9.146341e-01 
  976.000  9.034765e-01 
  977.000  9.497621e-01 
  978.000  9.433363e-01 
  979.000  9.433363e-01 
  980.000  9.458402e-01 
  981.000  9.784734e-01 
  982.000  9.784734e-01 
  983.000  9.703182e-01 
  984.000  9.773473e-01 
  985.000  9.773473e-01 
  986.000  9.879757e-01 
  987.000  9.839254e-01 
  988.000  9.839254e-01 
  989.000  9.897680e-01 
  990.000  9.873235e-01 
  991.000  9.873235e-01 
  992.000  9.889528e-01 
  993.000  9.887824e-01 
  994.000  9.887824e-01 
  995.000  9.910244e-01 
  996.000  9.910842e-01 
  997.000  9.910842e-01 
  998.000  9.910884e-01 
  999.000  9.909219e-01 
 1000.000  9.909219e-01 
 1001.000  9.911358e-01 
 1002.000  9.878544e-01 
 1003.000  9.878544e-01 
 1004.000  9.911291e-01 
 1005.000  9.913805e-01 
 1006.000  9.913805e-01 
 1007.000  9.915271e-01 
 1008.000  9.907908e-01 
 1009.000  9.907908e-01 
 1010.000  9.881188e-01 
 1011.000  9.915148e-01 
 1012.000  9.915148e-01 
 1013.000  9.917276e-01 
 1014.000  9.916958e-01 
 1015.000  9.916958e-01 
 1016.000  9.918292e-01 
 1017.000  9.917656e-01 
 1018.000  9.917656e-01 
 1019.000  9.914668e-01 
 1020.000  9.920211e-01 
 1021.000  9.920211e-01 
 1022.000  9.916075e-01 
 1023.000  9.916075e-01 
 1024.000  9.915960e-01 
 1025.000  9.921277e-01 
 1026.000  9.921277e-01 
 1027.000  9.919111e-01 
 1028.000  9.922102e-01 
 1029.000  9.922102e-01 
 1030.000  9.923540e-01 
 1031.000  9.922948e-01 
 1032.000  9.922948e-01 
 1033.000  9.923197e-01 
 1034.000  9.923197e-01 
 1035.000  9.923351e-01 
 1036.000  9.920247e-01 
 1037.000  9.920247e-01 
 1038.000  9.919767e-01 
 1039.000  9.916482e-01 
 1040.000  9.916482e-01 
 1041.000  9.913903e-01 
 1042.000  9.913903e-01 
 1043.000  9.910702e-01 
 1044.000  9.905767e-01 
 1045.000  9.905767e-01 
 1046.000  9.898901e-01 
 1047.000  9.898901e-01 
 1048.000  9.891994e-01 
 1049.000  9.877824e-01 
 1050.000  9.877824e-01 
 1051.000  9.871826e-01 
 1052.000  9.871826e-01 
 1053.000  9.862313e-01 
 1054.000  9.854192e-01 
 1055.000  9.854192e-01 
 1056.000  9.844862e-01 
 1057.000  9.844862e-01 
 1058.000  9.836262e-01 
 1059.000  9.827872e-01 
 1060.000  9.827872e-01 
 1061.000  9.822610e-01 
 1062.000  9.822610e-01 
 1063.000  9.813647e-01 
 1064.000  9.807419e-01 
 1065.000  9.807419e-01 
 1066.000  9.816700e-01 
 1067.000  9.816700e-01 
 1068.000  9.811868e-01 
 1069.000  9.821469e-01 
 1070.000  9.821469e-01 
 1071.000  9.832879e-01 
 1072.000  9.832879e-01 
 1073.000  9.841750e-01 
 1074.000  9.841750e-01 
 1075.000  9.832234e-01 
 1076.000  9.833617e-01 
 1077.000  9.833617e-01 
 1078.000  9.861517e-01 
 1079.000  9.861517e-01 
 1080.000  9.847549e-01 
 1081.000  9.847549e-01 
 1082.000  9.862622e-01 
 1083.000  9.851913e-01 
 1084.000  9.851913e-01 
 1085.000  9.817595e-01 
 1086.000  9.817595e-01 
 1087.000  9.880524e-01 
 1088.000  9.880524e-01 
 1089.000  9.854227e-01 
 1090.000  9.840887e-01 
 1091.000  9.840887e-01 
 1092.000  9.797894e-01 
 1093.000  9.797894e-01 
 1094.000  9.805679e-01 
 1095.000  9.805679e-01 
 1096.000  9.776560e-01 
 1097.000  9.776560e-01 
 1098.000  9.732597e-01 
 1099.000  9.528635e-01 
 1100.000  9.528635e-01 
 1101.000  9.538838e-01 
 1102.000  9.538838e-01 
 1103.000  9.451597e-01 
 1104.000  9.451597e-01 
 1105.000  9.394959e-01 
 1106.000  9.394959e-01 
 1107.000  9.393218e-01 
 1108.000  9.393218e-01 
 1109.000  9.218593e-01 
 1110.000  9.035856e-01 
 1111.000  9.035856e-01 
 1112.000  8.762176e-01 
 1113.000  8.762176e-01 
 1114.000  8.074448e-01 
 1115.000  8.074448e-01 
 1116.000  6.307977e-01 
 1117.000  6.307977e-01 
 1118.000  7.160225e-01 
 1119.000  7.160225e-01 
 1120.000  6.610621e-01 
 1121.000  6.610621e-01 
 1122.000  4.838955e-01 
 1123.000  6.761414e-01 
 1124.000  6.761414e-01 
 1125.000  5.202517e-01 
 1126.000  5.202517e-01 
 1127.000  5.876628e-01 
 1128.000  5.876628e-01 
 1129.000  5.873205e-01 
 1130.000  5.873205e-01 
 1131.000  8.176612e-01 
 1132.000  8.176612e-01 
 1133.000  6.033167e-01 
 1134.000  6.033167e-01 
 1135.000  3.842849e-01 
 1136.000  3.842849e-01 
 1137.000  8.303180e-01 
 1138.000  8.303180e-01 
 1139.000  7.571688e-01 
 1140.000  7.571688e-01 
 1141.000  7.459276e-01 
 1142.000  7.459276e-01 
 1143.000  8.005556e-01 
 1144.000  8.005556e-01 
 1145.000  6.185650e-01 
 1146.000  6.185650e-01 
 1147.000  6.148713e-01 
 1148.000  6.148713e-01 
 1149.000  7.061799e-01 
 1150.000  7.061799e-01 
 1151.000  7.823583e-01 
 1152.000  7.823583e-01 
 1153.000  7.382894e-01 
 1154.000  7.382894e-01 
 1155.000  7.872216e-01 
 1156.000  7.872216e-01 
 1157.000  8.547412e-01 
 1158.000  8.547412e-01 
 1159.000  9.140211e-01 
 1160.000  9.140211e-01 
 1161.000  9.026666e-01 
 1162.000  9.026666e-01 
 1163.000  9.411159e-01 
 1164.000  9.411159e-01 
 1165.000  9.252849e-01 
 1166.000  9.252849e-01 
 1167.000  9.549486e-01 
 1168.000  9.549486e-01 
 1169.000  9.552312e-01 
 1170.000  9.552312e-01 
 1171.000  9.621512e-01 
 1172.000  9.621512e-01 
 1173.000  9.222765e-01 
 1174.000  9.222765e-01 
 1175.000  9.791382e-01 
 1176.000  9.791382e-01 
 1177.000  9.437991e-01 
 1178.000  9.437991e-01 
 1179.000  9.691645e-01 
 1180.000  9.691645e-01 
 1181.000  9.125362e-01 
 1182.000  9.125362e-01 
 1183.000  9.545959e-01 
 1184.000  9.545959e-01 
 1185.000  9.680738e-01 
 1186.000  9.680738e-01 
 1187.000  9.159684e-01 
 1188.000  9.159684e-01 
 1189.000  9.159684e-01 
 1190.000  9.539834e-01 
 1191.000  9.539834e-01 
 1192.000  9.813354e-01 
 1193.000  9.813354e-01 
 1194.000  9.624294e-01 
 1195.000  9.624294e-01 
 1196.000  9.712238e-01 
 1197.000  9.712238e-01 
 1198.000  9.531755e-01 
 1199.000  9.531755e-01 
 1200.000  9.507023e-01 
