  250.000  0.000000e+00 
  251.000  0.000000e+00 
  252.000  0.000000e+00 
  253.000  0.000000e+00 
  254.000  0.000000e+00 
  255.000  0.000000e+00 
  256.000  0.000000e+00 
  257.000  0.000000e+00 
  258.000  0.000000e+00 
  259.000  0.000000e+00 
  260.000  0.000000e+00 
  261.000  0.000000e+00 
  262.000  0.000000e+00 
  263.000  0.000000e+00 
  264.000  0.000000e+00 
  265.000  0.000000e+00 
  266.000  0.000000e+00 
  267.000  0.000000e+00 
  268.000  0.000000e+00 
  269.000  0.000000e+00 
  270.000  0.000000e+00 
  271.000  0.000000e+00 
  272.000  0.000000e+00 
  273.000  0.000000e+00 
  274.000  0.000000e+00 
  275.000  0.000000e+00 
  276.000  0.000000e+00 
  277.000  0.000000e+00 
  278.000  0.000000e+00 
  279.000  0.000000e+00 
  280.000  0.000000e+00 
  281.000  0.000000e+00 
  282.000  0.000000e+00 
  283.000  0.000000e+00 
  284.000  0.000000e+00 
  285.000  0.000000e+00 
  286.000  0.000000e+00 
  287.000  0.000000e+00 
  288.000  0.000000e+00 
  289.000  0.000000e+00 
  290.000  0.000000e+00 
  291.000  0.000000e+00 
  292.000  0.000000e+00 
  293.000  1.034916e-08 
  294.000  1.006332e-07 
  295.000  4.148434e-07 
  296.000  3.273680e-06 
  297.000  1.083994e-05 
  298.000  4.540569e-05 
  299.000  1.205434e-04 
  300.000  3.382698e-04 
  301.000  7.756621e-04 
  302.000  1.568245e-03 
  303.000  3.696453e-03 
  304.000  4.901813e-03 
  305.000  9.862520e-03 
  306.000  1.428983e-02 
  307.000  2.296855e-02 
  308.000  3.060826e-02 
  309.000  4.055406e-02 
  310.000  5.806912e-02 
  311.000  6.664930e-02 
  312.000  8.196784e-02 
  313.000  1.023199e-01 
  314.000  1.102364e-01 
  315.000  1.374748e-01 
  316.000  1.442226e-01 
  317.000  1.674446e-01 
  318.000  1.793328e-01 
  319.000  2.182537e-01 
  320.000  1.913765e-01 
  321.000  2.502829e-01 
  322.000  2.240521e-01 
  323.000  2.523947e-01 
  324.000  2.917274e-01 
  325.000  2.614116e-01 
  326.000  3.026721e-01 
  327.000  3.140964e-01 
  328.000  2.913624e-01 
  329.000  3.388104e-01 
  330.000  3.459778e-01 
  331.000  3.239525e-01 
  332.000  3.572473e-01 
  333.000  3.632644e-01 
  334.000  3.575806e-01 
  335.000  3.779062e-01 
  336.000  3.856797e-01 
  337.000  3.786429e-01 
  338.000  3.919969e-01 
  339.000  4.011661e-01 
  340.000  3.984870e-01 
  341.000  4.093439e-01 
  342.000  4.161491e-01 
  343.000  4.202016e-01 
  344.000  4.174335e-01 
  345.000  4.290458e-01 
  346.000  4.341629e-01 
  347.000  4.380522e-01 
  348.000  4.428298e-01 
  349.000  4.484757e-01 
  350.000  4.528551e-01 
  351.000  4.577668e-01 
  352.000  4.618405e-01 
  353.000  4.667092e-01 
  354.000  4.702293e-01 
  355.000  4.740529e-01 
  356.000  4.788706e-01 
  357.000  4.820420e-01 
  358.000  4.855511e-01 
  359.000  4.890028e-01 
  360.000  4.923850e-01 
  361.000  4.959390e-01 
  362.000  5.013672e-01 
  363.000  5.059856e-01 
  364.000  5.105734e-01 
  365.000  5.144351e-01 
  366.000  5.186899e-01 
  367.000  5.226955e-01 
  368.000  5.265206e-01 
  369.000  5.297298e-01 
  370.000  5.335540e-01 
  371.000  5.375814e-01 
  372.000  5.409380e-01 
  373.000  5.450185e-01 
  374.000  5.489123e-01 
  375.000  5.520639e-01 
  376.000  5.553582e-01 
  377.000  5.590881e-01 
  378.000  5.619746e-01 
  379.000  5.651150e-01 
  380.000  5.681439e-01 
  381.000  5.714279e-01 
  382.000  5.758161e-01 
  383.000  5.802868e-01 
  384.000  5.833467e-01 
  385.000  5.872565e-01 
  386.000  5.903771e-01 
  387.000  5.940570e-01 
  388.000  5.969512e-01 
  389.000  5.998927e-01 
  390.000  6.035711e-01 
  391.000  6.065869e-01 
  392.000  6.091309e-01 
  393.000  6.133479e-01 
  394.000  6.162668e-01 
  395.000  6.190979e-01 
  396.000  6.226702e-01 
  397.000  6.258962e-01 
  398.000  6.281649e-01 
  399.000  6.312419e-01 
  400.000  6.339001e-01 
  401.000  6.373916e-01 
  402.000  6.405156e-01 
  403.000  6.437270e-01 
  404.000  6.458901e-01 
  405.000  6.488642e-01 
  406.000  6.516416e-01 
  407.000  6.552394e-01 
  408.000  6.570264e-01 
  409.000  6.596050e-01 
  410.000  6.623178e-01 
  411.000  6.653727e-01 
  412.000  6.685182e-01 
  413.000  6.702497e-01 
  414.000  6.734932e-01 
  415.000  6.760471e-01 
  416.000  6.793198e-01 
  417.000  6.812576e-01 
  418.000  6.834659e-01 
  419.000  6.865983e-01 
  420.000  6.887119e-01 
  421.000  6.911503e-01 
  422.000  6.931460e-01 
  423.000  6.958839e-01 
  424.000  6.979991e-01 
  425.000  7.011592e-01 
  426.000  7.035165e-01 
  427.000  7.057336e-01 
  428.000  7.077428e-01 
  429.000  7.106079e-01 
  430.000  7.129898e-01 
  431.000  7.139376e-01 
  432.000  7.172471e-01 
  433.000  7.195509e-01 
  434.000  7.210553e-01 
  435.000  7.226331e-01 
  436.000  7.252758e-01 
  437.000  7.287174e-01 
  438.000  7.304746e-01 
  439.000  7.309545e-01 
  440.000  7.335328e-01 
  441.000  7.357692e-01 
  442.000  7.384220e-01 
  443.000  7.397800e-01 
  444.000  7.417105e-01 
  445.000  7.423639e-01 
  446.000  7.447718e-01 
  447.000  7.474610e-01 
  448.000  7.476425e-01 
  449.000  7.509592e-01 
  450.000  7.536865e-01 
  451.000  7.553149e-01 
  452.000  7.566496e-01 
  453.000  7.586474e-01 
  454.000  7.614003e-01 
  455.000  7.623429e-01 
  456.000  7.638637e-01 
  457.000  7.656326e-01 
  458.000  7.667134e-01 
  459.000  7.682869e-01 
  460.000  7.692078e-01 
  461.000  7.709216e-01 
  462.000  7.732955e-01 
  463.000  7.734482e-01 
  464.000  7.757745e-01 
  465.000  7.773811e-01 
  466.000  7.802722e-01 
  467.000  7.811664e-01 
  468.000  7.828360e-01 
  469.000  7.841014e-01 
  470.000  7.855838e-01 
  471.000  7.872323e-01 
  472.000  7.878326e-01 
  473.000  7.881804e-01 
  474.000  7.872497e-01 
  475.000  7.872656e-01 
  476.000  7.877260e-01 
  477.000  7.882004e-01 
  478.000  7.888956e-01 
  479.000  7.903449e-01 
  480.000  7.921685e-01 
  481.000  7.953471e-01 
  482.000  7.979120e-01 
  483.000  8.002298e-01 
  484.000  8.013885e-01 
  485.000  8.022779e-01 
  486.000  8.031310e-01 
  487.000  8.051677e-01 
  488.000  8.062059e-01 
  489.000  8.070233e-01 
  490.000  8.091521e-01 
  491.000  8.103797e-01 
  492.000  8.114873e-01 
  493.000  8.125744e-01 
  494.000  8.133085e-01 
  495.000  8.141487e-01 
  496.000  8.145407e-01 
  497.000  8.153272e-01 
  498.000  8.158582e-01 
  499.000  8.165225e-01 
  500.000  8.169320e-01 
  501.000  8.166379e-01 
  502.000  8.154767e-01 
  503.000  8.140178e-01 
  504.000  8.125284e-01 
  505.000  8.146670e-01 
  506.000  8.154538e-01 
  507.000  8.160977e-01 
  508.000  8.187602e-01 
  509.000  8.203337e-01 
  510.000  8.220710e-01 
  511.000  8.233190e-01 
  512.000  8.241982e-01 
  513.000  8.260210e-01 
  514.000  8.267632e-01 
  515.000  8.281701e-01 
  516.000  8.285914e-01 
  517.000  8.294234e-01 
  518.000  8.295552e-01 
  519.000  8.300071e-01 
  520.000  8.302261e-01 
  521.000  8.306918e-01 
  522.000  8.307335e-01 
  523.000  8.308161e-01 
  524.000  8.307524e-01 
  525.000  8.301042e-01 
  526.000  8.297213e-01 
  527.000  8.292428e-01 
  528.000  8.286269e-01 
  529.000  8.280367e-01 
  530.000  8.276754e-01 
  531.000  8.278563e-01 
  532.000  8.280506e-01 
  533.000  8.285227e-01 
  534.000  8.291100e-01 
  535.000  8.294974e-01 
  536.000  8.302034e-01 
  537.000  8.309319e-01 
  538.000  8.313262e-01 
  539.000  8.314627e-01 
  540.000  8.320826e-01 
  541.000  8.307097e-01 
  542.000  8.312804e-01 
  543.000  8.324822e-01 
  544.000  8.329496e-01 
  545.000  8.320103e-01 
  546.000  8.316926e-01 
  547.000  8.332986e-01 
  548.000  8.347992e-01 
  549.000  8.350565e-01 
  550.000  8.353692e-01 
  551.000  8.362182e-01 
  552.000  8.363490e-01 
  553.000  8.365700e-01 
  554.000  8.368655e-01 
  555.000  8.370368e-01 
  556.000  8.364161e-01 
  557.000  8.355004e-01 
  558.000  8.347436e-01 
  559.000  8.336986e-01 
  560.000  8.327987e-01 
  561.000  8.320651e-01 
  562.000  8.315199e-01 
  563.000  8.306703e-01 
  564.000  8.298059e-01 
  565.000  8.290493e-01 
  566.000  8.285457e-01 
  567.000  8.275723e-01 
  568.000  8.264774e-01 
  569.000  8.213797e-01 
  570.000  8.197010e-01 
  571.000  8.210534e-01 
  572.000  8.183446e-01 
  573.000  8.192840e-01 
  574.000  8.177603e-01 
  575.000  8.183500e-01 
  576.000  8.183867e-01 
  577.000  8.188523e-01 
  578.000  8.217986e-01 
  579.000  8.236717e-01 
  580.000  8.254036e-01 
  581.000  8.281261e-01 
  582.000  8.305697e-01 
  583.000  8.328657e-01 
  584.000  8.359556e-01 
  585.000  8.368438e-01 
  586.000  8.383812e-01 
  587.000  8.386383e-01 
  588.000  8.374576e-01 
  589.000  8.230378e-01 
  590.000  8.223650e-01 
  591.000  8.286487e-01 
  592.000  8.165162e-01 
  593.000  8.350840e-01 
  594.000  8.259135e-01 
  595.000  8.312752e-01 
  596.000  8.340539e-01 
  597.000  8.349451e-01 
  598.000  8.346223e-01 
  599.000  8.379739e-01 
  600.000  8.381430e-01 
  601.000  8.403139e-01 
  602.000  8.419113e-01 
  603.000  8.425802e-01 
  604.000  8.434450e-01 
  605.000  8.440416e-01 
  606.000  8.457164e-01 
  607.000  8.470609e-01 
  608.000  8.487811e-01 
  609.000  8.494855e-01 
  610.000  8.508939e-01 
  611.000  8.520262e-01 
  612.000  8.537300e-01 
  613.000  8.551117e-01 
  614.000  8.561244e-01 
  615.000  8.573003e-01 
  616.000  8.590205e-01 
  617.000  8.602686e-01 
  618.000  8.611015e-01 
  619.000  8.623441e-01 
  620.000  8.634906e-01 
  621.000  8.643356e-01 
  622.000  8.647098e-01 
  623.000  8.655885e-01 
  624.000  8.659288e-01 
  625.000  8.663941e-01 
  626.000  8.666256e-01 
  627.000  8.664587e-01 
  628.000  8.435667e-01 
  629.000  8.543162e-01 
  630.000  8.608708e-01 
  631.000  8.681619e-01 
  632.000  8.700106e-01 
  633.000  8.723038e-01 
  634.000  8.751178e-01 
  635.000  8.761529e-01 
  636.000  8.787702e-01 
  637.000  8.820727e-01 
  638.000  8.846982e-01 
  639.000  8.866544e-01 
  640.000  8.879415e-01 
  641.000  8.898891e-01 
  642.000  8.916241e-01 
  643.000  8.918194e-01 
  644.000  8.934599e-01 
  645.000  8.942901e-01 
  646.000  8.901840e-01 
  647.000  8.854268e-01 
  648.000  8.790392e-01 
  649.000  8.847121e-01 
  650.000  8.971433e-01 
  651.000  8.991250e-01 
  652.000  8.967962e-01 
  653.000  9.008973e-01 
  654.000  9.013119e-01 
  655.000  8.891733e-01 
  656.000  8.986799e-01 
  657.000  9.015254e-01 
  658.000  9.063339e-01 
  659.000  9.094238e-01 
  660.000  9.093864e-01 
  661.000  9.114127e-01 
  662.000  9.116873e-01 
  663.000  9.121431e-01 
  664.000  9.133292e-01 
  665.000  9.142947e-01 
  666.000  9.151778e-01 
  667.000  9.165755e-01 
  668.000  9.172101e-01 
  669.000  9.182598e-01 
  670.000  9.189087e-01 
  671.000  9.201669e-01 
  672.000  9.204336e-01 
  673.000  9.214894e-01 
  674.000  9.218801e-01 
  675.000  9.229684e-01 
  676.000  9.232844e-01 
  677.000  9.238718e-01 
  678.000  9.247981e-01 
  679.000  9.253008e-01 
  680.000  9.262769e-01 
  681.000  9.266118e-01 
  682.000  9.280136e-01 
  683.000  9.279254e-01 
  684.000  9.289802e-01 
  685.000  9.300432e-01 
  686.000  9.306101e-01 
  687.000  6.450301e-01 
  688.000  8.047541e-01 
  689.000  8.411065e-01 
  690.000  8.704678e-01 
  691.000  8.873490e-01 
  692.000  9.178842e-01 
  693.000  9.037587e-01 
  694.000  8.797334e-01 
  695.000  9.065573e-01 
  696.000  8.980606e-01 
  697.000  9.331862e-01 
  698.000  9.330999e-01 
  699.000  9.165959e-01 
  700.000  9.204320e-01 
  701.000  9.063078e-01 
  702.000  9.132074e-01 
  703.000  9.194402e-01 
  704.000  9.228635e-01 
  705.000  9.245835e-01 
  706.000  9.294176e-01 
  707.000  9.337525e-01 
  708.000  9.380305e-01 
  709.000  9.382986e-01 
  710.000  9.364467e-01 
  711.000  9.406805e-01 
  712.000  9.390100e-01 
  713.000  9.424412e-01 
  714.000  9.392813e-01 
  715.000  9.319308e-01 
  716.000  9.339178e-01 
  717.000  9.062557e-01 
  718.000  8.271098e-01 
  719.000  7.701898e-01 
  720.000  8.280230e-01 
  721.000  9.203068e-01 
  722.000  9.177271e-01 
  723.000  9.123471e-01 
  724.000  8.142487e-01 
  725.000  8.390316e-01 
  726.000  8.891439e-01 
  727.000  8.647387e-01 
  728.000  8.291069e-01 
  729.000  8.463725e-01 
  730.000  8.931245e-01 
  731.000  8.738034e-01 
  732.000  8.877024e-01 
  733.000  9.240984e-01 
  734.000  9.403476e-01 
  735.000  9.274758e-01 
  736.000  9.366934e-01 
  737.000  9.367162e-01 
  738.000  9.430266e-01 
  739.000  9.447244e-01 
  740.000  9.521043e-01 
  741.000  9.554666e-01 
  742.000  9.558842e-01 
  743.000  9.559770e-01 
  744.000  9.569877e-01 
  745.000  9.575071e-01 
  746.000  9.583740e-01 
  747.000  9.586616e-01 
  748.000  9.589253e-01 
  749.000  9.590141e-01 
  750.000  9.593786e-01 
  751.000  9.594935e-01 
  752.000  9.604610e-01 
  753.000  9.606994e-01 
  754.000  9.609227e-01 
  755.000  9.611446e-01 
  756.000  9.612764e-01 
  757.000  9.617936e-01 
  758.000  9.623334e-01 
  759.000  9.542368e-01 
  760.000  3.603809e-01 
  761.000  2.349913e-01 
  762.000  6.215310e-01 
  763.000  5.168135e-01 
  764.000  5.922691e-01 
  765.000  7.283780e-01 
  766.000  8.578759e-01 
  767.000  9.033596e-01 
  768.000  9.480568e-01 
  769.000  9.595855e-01 
  770.000  9.596568e-01 
  771.000  9.637506e-01 
  772.000  9.651147e-01 
  773.000  9.652133e-01 
  774.000  9.652320e-01 
  775.000  9.653488e-01 
  776.000  9.655073e-01 
  777.000  9.657072e-01 
  778.000  9.658277e-01 
  779.000  9.659587e-01 
  780.000  9.660681e-01 
  781.000  9.664541e-01 
  782.000  9.666436e-01 
  783.000  9.669326e-01 
  784.000  9.666200e-01 
  785.000  9.661559e-01 
  786.000  9.634603e-01 
  787.000  9.639258e-01 
  788.000  9.589412e-01 
  789.000  9.583032e-01 
  790.000  9.489338e-01 
  791.000  9.500520e-01 
  792.000  9.534677e-01 
  793.000  9.562438e-01 
  794.000  9.686079e-01 
  795.000  9.640155e-01 
  796.000  9.388252e-01 
  797.000  9.585161e-01 
  798.000  9.592872e-01 
  799.000  9.628641e-01 
  800.000  9.518859e-01 
  801.000  9.473681e-01 
  802.000  9.551103e-01 
  803.000  9.525948e-01 
  804.000  9.523109e-01 
  805.000  9.581405e-01 
  806.000  9.672628e-01 
  807.000  9.615300e-01 
  808.000  9.674560e-01 
  809.000  9.579087e-01 
  810.000  9.536715e-01 
  811.000  9.568070e-01 
  812.000  9.463434e-01 
  813.000  9.278025e-01 
  814.000  8.946480e-01 
  815.000  8.613690e-01 
  816.000  8.854474e-01 
  817.000  7.673523e-01 
  818.000  8.492123e-01 
  819.000  8.798550e-01 
  820.000  8.371981e-01 
  821.000  9.503987e-01 
  822.000  9.327783e-01 
  823.000  7.280023e-01 
  824.000  9.113669e-01 
  825.000  9.412861e-01 
  826.000  9.098386e-01 
  827.000  9.400964e-01 
  828.000  8.649402e-01 
  829.000  9.245427e-01 
  830.000  9.127996e-01 
  831.000  9.157088e-01 
  832.000  9.184009e-01 
  833.000  9.387727e-01 
  834.000  9.424805e-01 
  835.000  9.525781e-01 
  836.000  9.563120e-01 
  837.000  9.526100e-01 
  838.000  9.635742e-01 
  839.000  9.664192e-01 
  840.000  9.680550e-01 
  841.000  9.680550e-01 
  842.000  9.601364e-01 
  843.000  9.741516e-01 
  844.000  9.652431e-01 
  845.000  9.723122e-01 
  846.000  9.743645e-01 
  847.000  9.759082e-01 
  848.000  9.739829e-01 
  849.000  9.748582e-01 
  850.000  9.745237e-01 
  851.000  9.740052e-01 
  852.000  9.774788e-01 
  853.000  9.778053e-01 
  854.000  9.775692e-01 
  855.000  9.775692e-01 
  856.000  9.778783e-01 
  857.000  9.796786e-01 
  858.000  9.780690e-01 
  859.000  9.791682e-01 
  860.000  9.802302e-01 
  861.000  9.798446e-01 
  862.000  9.803969e-01 
  863.000  9.804679e-01 
  864.000  9.807627e-01 
  865.000  9.807627e-01 
  866.000  9.808467e-01 
  867.000  9.809442e-01 
  868.000  9.809924e-01 
  869.000  9.810277e-01 
  870.000  9.810789e-01 
  871.000  9.812627e-01 
  872.000  9.814011e-01 
  873.000  9.813316e-01 
  874.000  9.813316e-01 
  875.000  9.816855e-01 
  876.000  9.817566e-01 
  877.000  9.816996e-01 
  878.000  9.817100e-01 
  879.000  9.817010e-01 
  880.000  9.820321e-01 
  881.000  9.820321e-01 
  882.000  9.812586e-01 
  883.000  9.814149e-01 
  884.000  9.816481e-01 
  885.000  9.819109e-01 
  886.000  9.765141e-01 
  887.000  9.815765e-01 
  888.000  9.815765e-01 
  889.000  9.804237e-01 
  890.000  9.774562e-01 
  891.000  9.818433e-01 
  892.000  9.769980e-01 
  893.000  9.666076e-01 
  894.000  9.666076e-01 
  895.000  9.430171e-01 
  896.000  9.144064e-01 
  897.000  8.178383e-01 
  898.000  9.047881e-01 
  899.000  7.382666e-01 
  900.000  7.382666e-01 
  901.000  7.794391e-01 
  902.000  8.066234e-01 
  903.000  8.488427e-01 
  904.000  9.429591e-01 
  905.000  9.314015e-01 
  906.000  9.314015e-01 
  907.000  8.184264e-01 
  908.000  8.009328e-01 
  909.000  8.109335e-01 
  910.000  7.852927e-01 
  911.000  7.852927e-01 
  912.000  8.869826e-01 
  913.000  8.354022e-01 
  914.000  8.064498e-01 
  915.000  7.614468e-01 
  916.000  7.614468e-01 
  917.000  8.839625e-01 
  918.000  7.850809e-01 
  919.000  8.734682e-01 
  920.000  9.418290e-01 
  921.000  9.418290e-01 
  922.000  9.198906e-01 
  923.000  9.144144e-01 
  924.000  8.944372e-01 
  925.000  8.944372e-01 
  926.000  9.032952e-01 
  927.000  9.194403e-01 
  928.000  8.021392e-01 
  929.000  7.819771e-01 
  930.000  7.819771e-01 
  931.000  6.520866e-01 
  932.000  4.688265e-01 
  933.000  4.704719e-01 
  934.000  4.704719e-01 
  935.000  4.328467e-01 
  936.000  4.027312e-01 
  937.000  3.642866e-01 
  938.000  3.642866e-01 
  939.000  5.219051e-01 
  940.000  6.619357e-01 
  941.000  6.140514e-01 
  942.000  6.140514e-01 
  943.000  5.081792e-01 
  944.000  5.197825e-01 
  945.000  5.943309e-01 
  946.000  5.943309e-01 
  947.000  5.182201e-01 
  948.000  5.490035e-01 
  949.000  6.229540e-01 
  950.000  6.229540e-01 
  951.000  6.422611e-01 
  952.000  5.179928e-01 
  953.000  6.689572e-01 
  954.000  6.689572e-01 
  955.000  6.719642e-01 
  956.000  5.545931e-01 
  957.000  7.235739e-01 
  958.000  7.235739e-01 
  959.000  6.070630e-01 
  960.000  6.849622e-01 
  961.000  6.849622e-01 
  962.000  7.418108e-01 
  963.000  7.990025e-01 
  964.000  6.917306e-01 
  965.000  6.917306e-01 
  966.000  7.637456e-01 
  967.000  8.517282e-01 
  968.000  8.517282e-01 
  969.000  8.778909e-01 
  970.000  9.154394e-01 
  971.000  9.310016e-01 
  972.000  9.310016e-01 
  973.000  9.109836e-01 
  974.000  8.256053e-01 
  975.000  8.256053e-01 
  976.000  8.131488e-01 
  977.000  8.969999e-01 
  978.000  8.843701e-01 
  979.000  8.843701e-01 
  980.000  8.877214e-01 
  981.000  9.570090e-01 
  982.000  9.570090e-01 
  983.000  9.393084e-01 
  984.000  9.543285e-01 
  985.000  9.543285e-01 
  986.000  9.805030e-01 
  987.000  9.703379e-01 
  988.000  9.703379e-01 
  989.000  9.849194e-01 
  990.000  9.786258e-01 
  991.000  9.786258e-01 
  992.000  9.827583e-01 
  993.000  9.822596e-01 
  994.000  9.822596e-01 
  995.000  9.878554e-01 
  996.000  9.879832e-01 
  997.000  9.879832e-01 
  998.000  9.879125e-01 
  999.000  9.874090e-01 
 1000.000  9.874090e-01 
 1001.000  9.878799e-01 
 1002.000  9.795752e-01 
 1003.000  9.795752e-01 
 1004.000  9.877601e-01 
 1005.000  9.883715e-01 
 1006.000  9.883715e-01 
 1007.000  9.886909e-01 
 1008.000  9.867147e-01 
 1009.000  9.867147e-01 
 1010.000  9.799636e-01 
 1011.000  9.884698e-01 
 1012.000  9.884698e-01 
 1013.000  9.889402e-01 
 1014.000  9.887835e-01 
 1015.000  9.887835e-01 
 1016.000  9.890856e-01 
 1017.000  9.888356e-01 
 1018.000  9.888356e-01 
 1019.000  9.880046e-01 
 1020.000  9.893832e-01 
 1021.000  9.893832e-01 
 1022.000  9.882452e-01 
 1023.000  9.882452e-01 
 1024.000  9.881871e-01 
 1025.000  9.895046e-01 
 1026.000  9.895046e-01 
 1027.000  9.889146e-01 
 1028.000  9.896701e-01 
 1029.000  9.896701e-01 
 1030.000  9.900408e-01 
 1031.000  9.899026e-01 
 1032.000  9.899026e-01 
 1033.000  9.900264e-01 
 1034.000  9.900264e-01 
 1035.000  9.901519e-01 
 1036.000  9.897539e-01 
 1037.000  9.897539e-01 
 1038.000  9.896929e-01 
 1039.000  9.892542e-01 
 1040.000  9.892542e-01 
 1041.000  9.889396e-01 
 1042.000  9.889396e-01 
 1043.000  9.885299e-01 
 1044.000  9.878969e-01 
 1045.000  9.878969e-01 
 1046.000  9.870162e-01 
 1047.000  9.870162e-01 
 1048.000  9.861307e-01 
 1049.000  9.843141e-01 
 1050.000  9.843141e-01 
 1051.000  9.835452e-01 
 1052.000  9.835452e-01 
 1053.000  9.823262e-01 
 1054.000  9.812820e-01 
 1055.000  9.812820e-01 
 1056.000  9.800903e-01 
 1057.000  9.800903e-01 
 1058.000  9.789860e-01 
 1059.000  9.779137e-01 
 1060.000  9.779137e-01 
 1061.000  9.772384e-01 
 1062.000  9.772384e-01 
 1063.000  9.760366e-01 
 1064.000  9.749214e-01 
 1065.000  9.749214e-01 
 1066.000  9.764745e-01 
 1067.000  9.764745e-01 
 1068.000  9.756597e-01 
 1069.000  9.765028e-01 
 1070.000  9.765028e-01 
 1071.000  9.782639e-01 
 1072.000  9.782639e-01 
 1073.000  9.793760e-01 
 1074.000  9.793760e-01 
 1075.000  9.756059e-01 
 1076.000  9.746645e-01 
 1077.000  9.746645e-01 
 1078.000  9.801543e-01 
 1079.000  9.801543e-01 
 1080.000  9.755679e-01 
 1081.000  9.755679e-01 
 1082.000  9.778472e-01 
 1083.000  9.740806e-01 
 1084.000  9.740806e-01 
 1085.000  9.649855e-01 
 1086.000  9.649855e-01 
 1087.000  9.796699e-01 
 1088.000  9.796699e-01 
 1089.000  9.721885e-01 
 1090.000  9.686220e-01 
 1091.000  9.686220e-01 
 1092.000  9.572650e-01 
 1093.000  9.572650e-01 
 1094.000  9.591425e-01 
 1095.000  9.591425e-01 
 1096.000  9.517418e-01 
 1097.000  9.517418e-01 
 1098.000  9.406632e-01 
 1099.000  8.962270e-01 
 1100.000  8.962270e-01 
 1101.000  8.987556e-01 
 1102.000  8.987556e-01 
 1103.000  8.797997e-01 
 1104.000  8.797997e-01 
 1105.000  8.671852e-01 
 1106.000  8.671852e-01 
 1107.000  8.681840e-01 
 1108.000  8.681840e-01 
 1109.000  8.325276e-01 
 1110.000  8.092785e-01 
 1111.000  8.092785e-01 
 1112.000  7.576112e-01 
 1113.000  7.576112e-01 
 1114.000  6.888686e-01 
 1115.000  6.888686e-01 
 1116.000  4.542385e-01 
 1117.000  4.542385e-01 
 1118.000  5.587123e-01 
 1119.000  5.587123e-01 
 1120.000  4.720806e-01 
 1121.000  4.720806e-01 
 1122.000  2.887990e-01 
 1123.000  5.103477e-01 
 1124.000  5.103477e-01 
 1125.000  3.161103e-01 
 1126.000  3.161103e-01 
 1127.000  3.746416e-01 
 1128.000  3.746416e-01 
 1129.000  3.668214e-01 
 1130.000  3.668214e-01 
 1131.000  6.626233e-01 
 1132.000  6.626233e-01 
 1133.000  3.856209e-01 
 1134.000  3.856209e-01 
 1135.000  2.230304e-01 
 1136.000  2.230304e-01 
 1137.000  6.679751e-01 
 1138.000  6.679751e-01 
 1139.000  6.104765e-01 
 1140.000  6.104765e-01 
 1141.000  5.950707e-01 
 1142.000  5.950707e-01 
 1143.000  6.361089e-01 
 1144.000  6.361089e-01 
 1145.000  4.204946e-01 
 1146.000  4.204946e-01 
 1147.000  4.135917e-01 
 1148.000  4.135917e-01 
 1149.000  5.376570e-01 
 1150.000  5.376570e-01 
 1151.000  6.365235e-01 
 1152.000  6.365235e-01 
 1153.000  5.927758e-01 
 1154.000  5.927758e-01 
 1155.000  6.531240e-01 
 1156.000  6.531240e-01 
 1157.000  7.350588e-01 
 1158.000  7.350588e-01 
 1159.000  8.164205e-01 
 1160.000  8.164205e-01 
 1161.000  7.974991e-01 
 1162.000  7.974991e-01 
 1163.000  8.790202e-01 
 1164.000  8.790202e-01 
 1165.000  8.450164e-01 
 1166.000  8.450164e-01 
 1167.000  9.025049e-01 
 1168.000  9.025049e-01 
 1169.000  9.036647e-01 
 1170.000  9.036647e-01 
 1171.000  9.190609e-01 
 1172.000  9.190609e-01 
 1173.000  8.351210e-01 
 1174.000  8.351210e-01 
 1175.000  9.550047e-01 
 1176.000  9.550047e-01 
 1177.000  8.794629e-01 
 1178.000  8.794629e-01 
 1179.000  9.344210e-01 
 1180.000  9.344210e-01 
 1181.000  8.255925e-01 
 1182.000  8.255925e-01 
 1183.000  9.033801e-01 
 1184.000  9.033801e-01 
 1185.000  9.275960e-01 
 1186.000  9.275960e-01 
 1187.000  8.431965e-01 
 1188.000  8.431965e-01 
 1189.000  8.431965e-01 
 1190.000  9.040745e-01 
 1191.000  9.040745e-01 
 1192.000  9.593281e-01 
 1193.000  9.593281e-01 
 1194.000  9.202494e-01 
 1195.000  9.202494e-01 
 1196.000  9.340714e-01 
 1197.000  9.340714e-01 
 1198.000  8.975343e-01 
 1199.000  8.975343e-01 
 1200.000  8.958945e-01 
