  250.000  0.000000e+00 
  251.000  0.000000e+00 
  252.000  0.000000e+00 
  253.000  0.000000e+00 
  254.000  0.000000e+00 
  255.000  0.000000e+00 
  256.000  0.000000e+00 
  257.000  0.000000e+00 
  258.000  0.000000e+00 
  259.000  0.000000e+00 
  260.000  0.000000e+00 
  261.000  0.000000e+00 
  262.000  0.000000e+00 
  263.000  0.000000e+00 
  264.000  0.000000e+00 
  265.000  0.000000e+00 
  266.000  0.000000e+00 
  267.000  0.000000e+00 
  268.000  0.000000e+00 
  269.000  0.000000e+00 
  270.000  0.000000e+00 
  271.000  0.000000e+00 
  272.000  0.000000e+00 
  273.000  0.000000e+00 
  274.000  0.000000e+00 
  275.000  0.000000e+00 
  276.000  0.000000e+00 
  277.000  0.000000e+00 
  278.000  0.000000e+00 
  279.000  0.000000e+00 
  280.000  0.000000e+00 
  281.000  0.000000e+00 
  282.000  0.000000e+00 
  283.000  0.000000e+00 
  284.000  0.000000e+00 
  285.000  0.000000e+00 
  286.000  0.000000e+00 
  287.000  0.000000e+00 
  288.000  0.000000e+00 
  289.000  0.000000e+00 
  290.000  0.000000e+00 
  291.000  0.000000e+00 
  292.000  0.000000e+00 
  293.000  2.923975e-12 
  294.000  7.813545e-11 
  295.000  6.044885e-10 
  296.000  1.194742e-08 
  297.000  6.735531e-08 
  298.000  5.332574e-07 
  299.000  2.184888e-06 
  300.000  9.698700e-06 
  301.000  3.215915e-05 
  302.000  8.890602e-05 
  303.000  3.067614e-04 
  304.000  4.611567e-04 
  305.000  1.265980e-03 
  306.000  2.162913e-03 
  307.000  4.292877e-03 
  308.000  6.499470e-03 
  309.000  9.758496e-03 
  310.000  1.639032e-02 
  311.000  2.000037e-02 
  312.000  2.696611e-02 
  313.000  3.714861e-02 
  314.000  4.137059e-02 
  315.000  5.691297e-02 
  316.000  6.099165e-02 
  317.000  7.567021e-02 
  318.000  8.355124e-02 
  319.000  1.109600e-01 
  320.000  9.177578e-02 
  321.000  1.352282e-01 
  322.000  1.152431e-01 
  323.000  1.368794e-01 
  324.000  1.687288e-01 
  325.000  1.439985e-01 
  326.000  1.779481e-01 
  327.000  1.877307e-01 
  328.000  1.684240e-01 
  329.000  2.094347e-01 
  330.000  2.158642e-01 
  331.000  1.962987e-01 
  332.000  2.260937e-01 
  333.000  2.316147e-01 
  334.000  2.263984e-01 
  335.000  2.452192e-01 
  336.000  2.525384e-01 
  337.000  2.459100e-01 
  338.000  2.585349e-01 
  339.000  2.673153e-01 
  340.000  2.647405e-01 
  341.000  2.752220e-01 
  342.000  2.818554e-01 
  343.000  2.858285e-01 
  344.000  2.831127e-01 
  345.000  2.945588e-01 
  346.000  2.996467e-01 
  347.000  3.035316e-01 
  348.000  3.083250e-01 
  349.000  3.140191e-01 
  350.000  3.184581e-01 
  351.000  3.234592e-01 
  352.000  3.276252e-01 
  353.000  3.326257e-01 
  354.000  3.362556e-01 
  355.000  3.402120e-01 
  356.000  3.452175e-01 
  357.000  3.485248e-01 
  358.000  3.521955e-01 
  359.000  3.558176e-01 
  360.000  3.593779e-01 
  361.000  3.631308e-01 
  362.000  3.688856e-01 
  363.000  3.738040e-01 
  364.000  3.787095e-01 
  365.000  3.828539e-01 
  366.000  3.874361e-01 
  367.000  3.917654e-01 
  368.000  3.959134e-01 
  369.000  3.994035e-01 
  370.000  4.035751e-01 
  371.000  4.079826e-01 
  372.000  4.116672e-01 
  373.000  4.161603e-01 
  374.000  4.204617e-01 
  375.000  4.239531e-01 
  376.000  4.276122e-01 
  377.000  4.317667e-01 
  378.000  4.349904e-01 
  379.000  4.385058e-01 
  380.000  4.419048e-01 
  381.000  4.455990e-01 
  382.000  4.505503e-01 
  383.000  4.556118e-01 
  384.000  4.590861e-01 
  385.000  4.635372e-01 
  386.000  4.670993e-01 
  387.000  4.713106e-01 
  388.000  4.746309e-01 
  389.000  4.780129e-01 
  390.000  4.822523e-01 
  391.000  4.857368e-01 
  392.000  4.886822e-01 
  393.000  4.935764e-01 
  394.000  4.969729e-01 
  395.000  5.002739e-01 
  396.000  5.044489e-01 
  397.000  5.082256e-01 
  398.000  5.108910e-01 
  399.000  5.145082e-01 
  400.000  5.176420e-01 
  401.000  5.217659e-01 
  402.000  5.254639e-01 
  403.000  5.292736e-01 
  404.000  5.318445e-01 
  405.000  5.353855e-01 
  406.000  5.386989e-01 
  407.000  5.430002e-01 
  408.000  5.451406e-01 
  409.000  5.482336e-01 
  410.000  5.514935e-01 
  411.000  5.551715e-01 
  412.000  5.589664e-01 
  413.000  5.610588e-01 
  414.000  5.649849e-01 
  415.000  5.680803e-01 
  416.000  5.720582e-01 
  417.000  5.744163e-01 
  418.000  5.771086e-01 
  419.000  5.809319e-01 
  420.000  5.835179e-01 
  421.000  5.865045e-01 
  422.000  5.889521e-01 
  423.000  5.923153e-01 
  424.000  5.949178e-01 
  425.000  5.988122e-01 
  426.000  6.017208e-01 
  427.000  6.044634e-01 
  428.000  6.069508e-01 
  429.000  6.105025e-01 
  430.000  6.134610e-01 
  431.000  6.146393e-01 
  432.000  6.187590e-01 
  433.000  6.216319e-01 
  434.000  6.235101e-01 
  435.000  6.254817e-01 
  436.000  6.287885e-01 
  437.000  6.331028e-01 
  438.000  6.353091e-01 
  439.000  6.359120e-01 
  440.000  6.391538e-01 
  441.000  6.419705e-01 
  442.000  6.452789e-01 
  443.000  6.469288e-01 
  444.000  6.494659e-01 
  445.000  6.501331e-01 
  446.000  6.531492e-01 
  447.000  6.567559e-01 
  448.000  6.569860e-01 
  449.000  6.612020e-01 
  450.000  6.646742e-01 
  451.000  6.667495e-01 
  452.000  6.684520e-01 
  453.000  6.709954e-01 
  454.000  6.745227e-01 
  455.000  6.757293e-01 
  456.000  6.776772e-01 
  457.000  6.799451e-01 
  458.000  6.813322e-01 
  459.000  6.833528e-01 
  460.000  6.845362e-01 
  461.000  6.867402e-01 
  462.000  6.897970e-01 
  463.000  6.899936e-01 
  464.000  6.929933e-01 
  465.000  6.950672e-01 
  466.000  6.987866e-01 
  467.000  6.999581e-01 
  468.000  7.021222e-01 
  469.000  7.036397e-01 
  470.000  7.055184e-01 
  471.000  7.078203e-01 
  472.000  7.085947e-01 
  473.000  7.090521e-01 
  474.000  7.078469e-01 
  475.000  7.078032e-01 
  476.000  7.084665e-01 
  477.000  7.090834e-01 
  478.000  7.099870e-01 
  479.000  7.118718e-01 
  480.000  7.142456e-01 
  481.000  7.183890e-01 
  482.000  7.217377e-01 
  483.000  7.247679e-01 
  484.000  7.262836e-01 
  485.000  7.273757e-01 
  486.000  7.284778e-01 
  487.000  7.312340e-01 
  488.000  7.325956e-01 
  489.000  7.336621e-01 
  490.000  7.364666e-01 
  491.000  7.380781e-01 
  492.000  7.395398e-01 
  493.000  7.409722e-01 
  494.000  7.419398e-01 
  495.000  7.430472e-01 
  496.000  7.435641e-01 
  497.000  7.446014e-01 
  498.000  7.453020e-01 
  499.000  7.461759e-01 
  500.000  7.467040e-01 
  501.000  7.462505e-01 
  502.000  7.443039e-01 
  503.000  7.418215e-01 
  504.000  7.389973e-01 
  505.000  7.431983e-01 
  506.000  7.436111e-01 
  507.000  7.441873e-01 
  508.000  7.483429e-01 
  509.000  7.508243e-01 
  510.000  7.534052e-01 
  511.000  7.550032e-01 
  512.000  7.562165e-01 
  513.000  7.587320e-01 
  514.000  7.597091e-01 
  515.000  7.616021e-01 
  516.000  7.621613e-01 
  517.000  7.632675e-01 
  518.000  7.634428e-01 
  519.000  7.640435e-01 
  520.000  7.643347e-01 
  521.000  7.649540e-01 
  522.000  7.650096e-01 
  523.000  7.651192e-01 
  524.000  7.649835e-01 
  525.000  7.640253e-01 
  526.000  7.636592e-01 
  527.000  7.629375e-01 
  528.000  7.621899e-01 
  529.000  7.613348e-01 
  530.000  7.609165e-01 
  531.000  7.611810e-01 
  532.000  7.614334e-01 
  533.000  7.620696e-01 
  534.000  7.628387e-01 
  535.000  7.633651e-01 
  536.000  7.643017e-01 
  537.000  7.652669e-01 
  538.000  7.657954e-01 
  539.000  7.658573e-01 
  540.000  7.666379e-01 
  541.000  7.639945e-01 
  542.000  7.650591e-01 
  543.000  7.671025e-01 
  544.000  7.677572e-01 
  545.000  7.660416e-01 
  546.000  7.651863e-01 
  547.000  7.677862e-01 
  548.000  7.702351e-01 
  549.000  7.706093e-01 
  550.000  7.708356e-01 
  551.000  7.722903e-01 
  552.000  7.724428e-01 
  553.000  7.727835e-01 
  554.000  7.731795e-01 
  555.000  7.734081e-01 
  556.000  7.725798e-01 
  557.000  7.713585e-01 
  558.000  7.703494e-01 
  559.000  7.689550e-01 
  560.000  7.677482e-01 
  561.000  7.667646e-01 
  562.000  7.660507e-01 
  563.000  7.649193e-01 
  564.000  7.637719e-01 
  565.000  7.627674e-01 
  566.000  7.620984e-01 
  567.000  7.606720e-01 
  568.000  7.591809e-01 
  569.000  7.508374e-01 
  570.000  7.487761e-01 
  571.000  7.516043e-01 
  572.000  7.470483e-01 
  573.000  7.492002e-01 
  574.000  7.467963e-01 
  575.000  7.482004e-01 
  576.000  7.479565e-01 
  577.000  7.484189e-01 
  578.000  7.529606e-01 
  579.000  7.554722e-01 
  580.000  7.578729e-01 
  581.000  7.614925e-01 
  582.000  7.646148e-01 
  583.000  7.677064e-01 
  584.000  7.716536e-01 
  585.000  7.726126e-01 
  586.000  7.747114e-01 
  587.000  7.749388e-01 
  588.000  7.721495e-01 
  589.000  7.471256e-01 
  590.000  7.449307e-01 
  591.000  7.559565e-01 
  592.000  7.358062e-01 
  593.000  7.673967e-01 
  594.000  7.516124e-01 
  595.000  7.602895e-01 
  596.000  7.654991e-01 
  597.000  7.671859e-01 
  598.000  7.667453e-01 
  599.000  7.729927e-01 
  600.000  7.735553e-01 
  601.000  7.772549e-01 
  602.000  7.796551e-01 
  603.000  7.805693e-01 
  604.000  7.819273e-01 
  605.000  7.826937e-01 
  606.000  7.849750e-01 
  607.000  7.868214e-01 
  608.000  7.891311e-01 
  609.000  7.900774e-01 
  610.000  7.919664e-01 
  611.000  7.934923e-01 
  612.000  7.957858e-01 
  613.000  7.976472e-01 
  614.000  7.990118e-01 
  615.000  8.005976e-01 
  616.000  8.029186e-01 
  617.000  8.046045e-01 
  618.000  8.057299e-01 
  619.000  8.074098e-01 
  620.000  8.089609e-01 
  621.000  8.101044e-01 
  622.000  8.106105e-01 
  623.000  8.117998e-01 
  624.000  8.122417e-01 
  625.000  8.128890e-01 
  626.000  8.131649e-01 
  627.000  8.126473e-01 
  628.000  7.801259e-01 
  629.000  7.967826e-01 
  630.000  8.053566e-01 
  631.000  8.152415e-01 
  632.000  8.170503e-01 
  633.000  8.204244e-01 
  634.000  8.242283e-01 
  635.000  8.258374e-01 
  636.000  8.291394e-01 
  637.000  8.335910e-01 
  638.000  8.376324e-01 
  639.000  8.401272e-01 
  640.000  8.419228e-01 
  641.000  8.443576e-01 
  642.000  8.471001e-01 
  643.000  8.469979e-01 
  644.000  8.495675e-01 
  645.000  8.504885e-01 
  646.000  8.424115e-01 
  647.000  8.333076e-01 
  648.000  8.218700e-01 
  649.000  8.312538e-01 
  650.000  8.530238e-01 
  651.000  8.564863e-01 
  652.000  8.515791e-01 
  653.000  8.588980e-01 
  654.000  8.587716e-01 
  655.000  8.374417e-01 
  656.000  8.534104e-01 
  657.000  8.582239e-01 
  658.000  8.664554e-01 
  659.000  8.716577e-01 
  660.000  8.713345e-01 
  661.000  8.745140e-01 
  662.000  8.748597e-01 
  663.000  8.750648e-01 
  664.000  8.770317e-01 
  665.000  8.784440e-01 
  666.000  8.796983e-01 
  667.000  8.817278e-01 
  668.000  8.826084e-01 
  669.000  8.840567e-01 
  670.000  8.850108e-01 
  671.000  8.867618e-01 
  672.000  8.871332e-01 
  673.000  8.886037e-01 
  674.000  8.891473e-01 
  675.000  8.906643e-01 
  676.000  8.910931e-01 
  677.000  8.919232e-01 
  678.000  8.932152e-01 
  679.000  8.939108e-01 
  680.000  8.952500e-01 
  681.000  8.956267e-01 
  682.000  8.976480e-01 
  683.000  8.972030e-01 
  684.000  8.985822e-01 
  685.000  9.004427e-01 
  686.000  9.010664e-01 
  687.000  5.748948e-01 
  688.000  7.374752e-01 
  689.000  7.845869e-01 
  690.000  8.197703e-01 
  691.000  8.426387e-01 
  692.000  8.813787e-01 
  693.000  8.547466e-01 
  694.000  8.108944e-01 
  695.000  8.566399e-01 
  696.000  8.436036e-01 
  697.000  9.023479e-01 
  698.000  9.019974e-01 
  699.000  8.722756e-01 
  700.000  8.785715e-01 
  701.000  8.527471e-01 
  702.000  8.649323e-01 
  703.000  8.765436e-01 
  704.000  8.824692e-01 
  705.000  8.848550e-01 
  706.000  8.933132e-01 
  707.000  9.008850e-01 
  708.000  9.087260e-01 
  709.000  9.090149e-01 
  710.000  9.053614e-01 
  711.000  9.130013e-01 
  712.000  9.098410e-01 
  713.000  9.159095e-01 
  714.000  9.098871e-01 
  715.000  8.958690e-01 
  716.000  8.994905e-01 
  717.000  8.490247e-01 
  718.000  7.364962e-01 
  719.000  6.830907e-01 
  720.000  7.241130e-01 
  721.000  8.737866e-01 
  722.000  8.696272e-01 
  723.000  8.599492e-01 
  724.000  7.304865e-01 
  725.000  7.418115e-01 
  726.000  8.189647e-01 
  727.000  7.804716e-01 
  728.000  7.273692e-01 
  729.000  7.485558e-01 
  730.000  8.265351e-01 
  731.000  7.931281e-01 
  732.000  8.155102e-01 
  733.000  8.791117e-01 
  734.000  9.084067e-01 
  735.000  8.851030e-01 
  736.000  9.014807e-01 
  737.000  9.012593e-01 
  738.000  9.125962e-01 
  739.000  9.157016e-01 
  740.000  9.293563e-01 
  741.000  9.356809e-01 
  742.000  9.361448e-01 
  743.000  9.362233e-01 
  744.000  9.380435e-01 
  745.000  9.389338e-01 
  746.000  9.403802e-01 
  747.000  9.407311e-01 
  748.000  9.411468e-01 
  749.000  9.412075e-01 
  750.000  9.417485e-01 
  751.000  9.418462e-01 
  752.000  9.433526e-01 
  753.000  9.437053e-01 
  754.000  9.439799e-01 
  755.000  9.442424e-01 
  756.000  9.443893e-01 
  757.000  9.452812e-01 
  758.000  9.460440e-01 
  759.000  9.347660e-01 
  760.000  2.785246e-01 
  761.000  1.470787e-01 
  762.000  5.473742e-01 
  763.000  4.306833e-01 
  764.000  5.169131e-01 
  765.000  6.697898e-01 
  766.000  8.112308e-01 
  767.000  8.660934e-01 
  768.000  9.264598e-01 
  769.000  9.421513e-01 
  770.000  9.423192e-01 
  771.000  9.480640e-01 
  772.000  9.500025e-01 
  773.000  9.501426e-01 
  774.000  9.501340e-01 
  775.000  9.503256e-01 
  776.000  9.505600e-01 
  777.000  9.508445e-01 
  778.000  9.510155e-01 
  779.000  9.512009e-01 
  780.000  9.513560e-01 
  781.000  9.519044e-01 
  782.000  9.520974e-01 
  783.000  9.525609e-01 
  784.000  9.518470e-01 
  785.000  9.508454e-01 
  786.000  9.455565e-01 
  787.000  9.462252e-01 
  788.000  9.369708e-01 
  789.000  9.355585e-01 
  790.000  9.184105e-01 
  791.000  9.203935e-01 
  792.000  9.264404e-01 
  793.000  9.320044e-01 
  794.000  9.542766e-01 
  795.000  9.452865e-01 
  796.000  8.994434e-01 
  797.000  9.349272e-01 
  798.000  9.363587e-01 
  799.000  9.427797e-01 
  800.000  9.227534e-01 
  801.000  9.144045e-01 
  802.000  9.281960e-01 
  803.000  9.235791e-01 
  804.000  9.230504e-01 
  805.000  9.338380e-01 
  806.000  9.508742e-01 
  807.000  9.400536e-01 
  808.000  9.511454e-01 
  809.000  9.332989e-01 
  810.000  9.252109e-01 
  811.000  9.308687e-01 
  812.000  9.114323e-01 
  813.000  8.795348e-01 
  814.000  8.237510e-01 
  815.000  7.810526e-01 
  816.000  8.131058e-01 
  817.000  6.701332e-01 
  818.000  7.749831e-01 
  819.000  8.027864e-01 
  820.000  7.625370e-01 
  821.000  9.185802e-01 
  822.000  8.868228e-01 
  823.000  6.264742e-01 
  824.000  8.493444e-01 
  825.000  9.032874e-01 
  826.000  8.498117e-01 
  827.000  9.004406e-01 
  828.000  7.810635e-01 
  829.000  8.741778e-01 
  830.000  8.555391e-01 
  831.000  8.602173e-01 
  832.000  8.631937e-01 
  833.000  8.965160e-01 
  834.000  9.047069e-01 
  835.000  9.217907e-01 
  836.000  9.289355e-01 
  837.000  9.221069e-01 
  838.000  9.417984e-01 
  839.000  9.472897e-01 
  840.000  9.502747e-01 
  841.000  9.502747e-01 
  842.000  9.355313e-01 
  843.000  9.617800e-01 
  844.000  9.449926e-01 
  845.000  9.581385e-01 
  846.000  9.620239e-01 
  847.000  9.650174e-01 
  848.000  9.611917e-01 
  849.000  9.628444e-01 
  850.000  9.618772e-01 
  851.000  9.599823e-01 
  852.000  9.665004e-01 
  853.000  9.671038e-01 
  854.000  9.665859e-01 
  855.000  9.665859e-01 
  856.000  9.671399e-01 
  857.000  9.705433e-01 
  858.000  9.673863e-01 
  859.000  9.694474e-01 
  860.000  9.715041e-01 
  861.000  9.706971e-01 
  862.000  9.717075e-01 
  863.000  9.719035e-01 
  864.000  9.722985e-01 
  865.000  9.722985e-01 
  866.000  9.724481e-01 
  867.000  9.725878e-01 
  868.000  9.726565e-01 
  869.000  9.727058e-01 
  870.000  9.726976e-01 
  871.000  9.730401e-01 
  872.000  9.732187e-01 
  873.000  9.730325e-01 
  874.000  9.730325e-01 
  875.000  9.736388e-01 
  876.000  9.737417e-01 
  877.000  9.735739e-01 
  878.000  9.735398e-01 
  879.000  9.735011e-01 
  880.000  9.740663e-01 
  881.000  9.740663e-01 
  882.000  9.724935e-01 
  883.000  9.727836e-01 
  884.000  9.731688e-01 
  885.000  9.736222e-01 
  886.000  9.632246e-01 
  887.000  9.728531e-01 
  888.000  9.728531e-01 
  889.000  9.705985e-01 
  890.000  9.649187e-01 
  891.000  9.732427e-01 
  892.000  9.637817e-01 
  893.000  9.438820e-01 
  894.000  9.438820e-01 
  895.000  9.052975e-01 
  896.000  8.571007e-01 
  897.000  7.355801e-01 
  898.000  8.389140e-01 
  899.000  6.495943e-01 
  900.000  6.495943e-01 
  901.000  6.948040e-01 
  902.000  7.341376e-01 
  903.000  7.832977e-01 
  904.000  9.022425e-01 
  905.000  8.852932e-01 
  906.000  8.852932e-01 
  907.000  7.321740e-01 
  908.000  7.204579e-01 
  909.000  7.242941e-01 
  910.000  6.896049e-01 
  911.000  6.896049e-01 
  912.000  8.088841e-01 
  913.000  7.430062e-01 
  914.000  7.154504e-01 
  915.000  6.662893e-01 
  916.000  6.662893e-01 
  917.000  7.995883e-01 
  918.000  6.865988e-01 
  919.000  8.061240e-01 
  920.000  8.982214e-01 
  921.000  8.982214e-01 
  922.000  8.616974e-01 
  923.000  8.529220e-01 
  924.000  8.162116e-01 
  925.000  8.162116e-01 
  926.000  8.317993e-01 
  927.000  8.584741e-01 
  928.000  6.923634e-01 
  929.000  6.616249e-01 
  930.000  6.616249e-01 
  931.000  5.306901e-01 
  932.000  3.427925e-01 
  933.000  3.046622e-01 
  934.000  3.046622e-01 
  935.000  3.014769e-01 
  936.000  2.701538e-01 
  937.000  2.131347e-01 
  938.000  2.131347e-01 
  939.000  3.755248e-01 
  940.000  5.167240e-01 
  941.000  4.702927e-01 
  942.000  4.702927e-01 
  943.000  3.566746e-01 
  944.000  3.701780e-01 
  945.000  4.560323e-01 
  946.000  4.560323e-01 
  947.000  3.663543e-01 
  948.000  4.226679e-01 
  949.000  4.848161e-01 
  950.000  4.848161e-01 
  951.000  5.273897e-01 
  952.000  3.594921e-01 
  953.000  5.447707e-01 
  954.000  5.447707e-01 
  955.000  5.497533e-01 
  956.000  4.188650e-01 
  957.000  6.158490e-01 
  958.000  6.158490e-01 
  959.000  4.781057e-01 
  960.000  5.503664e-01 
  961.000  5.503664e-01 
  962.000  6.346498e-01 
  963.000  6.874776e-01 
  964.000  5.771024e-01 
  965.000  5.771024e-01 
  966.000  6.545890e-01 
  967.000  7.733021e-01 
  968.000  7.733021e-01 
  969.000  8.073420e-01 
  970.000  8.528441e-01 
  971.000  8.795764e-01 
  972.000  8.795764e-01 
  973.000  8.442711e-01 
  974.000  7.333938e-01 
  975.000  7.333938e-01 
  976.000  7.267138e-01 
  977.000  8.366067e-01 
  978.000  8.182552e-01 
  979.000  8.182552e-01 
  980.000  8.209128e-01 
  981.000  9.241776e-01 
  982.000  9.241776e-01 
  983.000  8.977782e-01 
  984.000  9.198062e-01 
  985.000  9.198062e-01 
  986.000  9.678792e-01 
  987.000  9.488187e-01 
  988.000  9.488187e-01 
  989.000  9.762911e-01 
  990.000  9.642063e-01 
  991.000  9.642063e-01 
  992.000  9.721464e-01 
  993.000  9.711403e-01 
  994.000  9.711403e-01 
  995.000  9.818535e-01 
  996.000  9.820899e-01 
  997.000  9.820899e-01 
  998.000  9.819105e-01 
  999.000  9.808881e-01 
 1000.000  9.808881e-01 
 1001.000  9.817663e-01 
 1002.000  9.659877e-01 
 1003.000  9.659877e-01 
 1004.000  9.814811e-01 
 1005.000  9.826660e-01 
 1006.000  9.826660e-01 
 1007.000  9.832617e-01 
 1008.000  9.793465e-01 
 1009.000  9.793465e-01 
 1010.000  9.665990e-01 
 1011.000  9.827262e-01 
 1012.000  9.827262e-01 
 1013.000  9.836086e-01 
 1014.000  9.832643e-01 
 1015.000  9.832643e-01 
 1016.000  9.838320e-01 
 1017.000  9.832999e-01 
 1018.000  9.832999e-01 
 1019.000  9.816418e-01 
 1020.000  9.843153e-01 
 1021.000  9.843153e-01 
 1022.000  9.820473e-01 
 1023.000  9.820473e-01 
 1024.000  9.819173e-01 
 1025.000  9.844724e-01 
 1026.000  9.844724e-01 
 1027.000  9.833005e-01 
 1028.000  9.847720e-01 
 1029.000  9.847720e-01 
 1030.000  9.854998e-01 
 1031.000  9.852382e-01 
 1032.000  9.852382e-01 
 1033.000  9.855089e-01 
 1034.000  9.855089e-01 
 1035.000  9.858004e-01 
 1036.000  9.852283e-01 
 1037.000  9.852283e-01 
 1038.000  9.851409e-01 
 1039.000  9.844922e-01 
 1040.000  9.844922e-01 
 1041.000  9.840565e-01 
 1042.000  9.840565e-01 
 1043.000  9.834688e-01 
 1044.000  9.825589e-01 
 1045.000  9.825589e-01 
 1046.000  9.812934e-01 
 1047.000  9.812934e-01 
 1048.000  9.800212e-01 
 1049.000  9.774144e-01 
 1050.000  9.774144e-01 
 1051.000  9.763105e-01 
 1052.000  9.763105e-01 
 1053.000  9.745622e-01 
 1054.000  9.730616e-01 
 1055.000  9.730616e-01 
 1056.000  9.713575e-01 
 1057.000  9.713575e-01 
 1058.000  9.697731e-01 
 1059.000  9.682398e-01 
 1060.000  9.682398e-01 
 1061.000  9.672707e-01 
 1062.000  9.672707e-01 
 1063.000  9.654950e-01 
 1064.000  9.635762e-01 
 1065.000  9.635762e-01 
 1066.000  9.661693e-01 
 1067.000  9.661693e-01 
 1068.000  9.647979e-01 
 1069.000  9.656039e-01 
 1070.000  9.656039e-01 
 1071.000  9.684327e-01 
 1072.000  9.684327e-01 
 1073.000  9.699985e-01 
 1074.000  9.699985e-01 
 1075.000  9.621946e-01 
 1076.000  9.598342e-01 
 1077.000  9.598342e-01 
 1078.000  9.694170e-01 
 1079.000  9.694170e-01 
 1080.000  9.602417e-01 
 1081.000  9.602417e-01 
 1082.000  9.637539e-01 
 1083.000  9.561620e-01 
 1084.000  9.561620e-01 
 1085.000  9.388586e-01 
 1086.000  9.388586e-01 
 1087.000  9.658858e-01 
 1088.000  9.658858e-01 
 1089.000  9.515532e-01 
 1090.000  9.451900e-01 
 1091.000  9.451900e-01 
 1092.000  9.237386e-01 
 1093.000  9.237386e-01 
 1094.000  9.269762e-01 
 1095.000  9.269762e-01 
 1096.000  9.135315e-01 
 1097.000  9.135315e-01 
 1098.000  8.932962e-01 
 1099.000  8.251544e-01 
 1100.000  8.251544e-01 
 1101.000  8.300442e-01 
 1102.000  8.300442e-01 
 1103.000  8.005855e-01 
 1104.000  8.005855e-01 
 1105.000  7.810450e-01 
 1106.000  7.810450e-01 
 1107.000  7.857997e-01 
 1108.000  7.857997e-01 
 1109.000  7.353422e-01 
 1110.000  7.222071e-01 
 1111.000  7.222071e-01 
 1112.000  6.561593e-01 
 1113.000  6.561593e-01 
 1114.000  5.699296e-01 
 1115.000  5.699296e-01 
 1116.000  3.169422e-01 
 1117.000  3.169422e-01 
 1118.000  4.109178e-01 
 1119.000  4.109178e-01 
 1120.000  3.157633e-01 
 1121.000  3.157633e-01 
 1122.000  1.669450e-01 
 1123.000  3.597827e-01 
 1124.000  3.597827e-01 
 1125.000  1.752265e-01 
 1126.000  1.752265e-01 
 1127.000  2.202310e-01 
 1128.000  2.202310e-01 
 1129.000  2.045986e-01 
 1130.000  2.045986e-01 
 1131.000  5.110921e-01 
 1132.000  5.110921e-01 
 1133.000  2.286396e-01 
 1134.000  2.286396e-01 
 1135.000  1.243459e-01 
 1136.000  1.243459e-01 
 1137.000  5.031573e-01 
 1138.000  5.031573e-01 
 1139.000  4.681111e-01 
 1140.000  4.681111e-01 
 1141.000  4.434786e-01 
 1142.000  4.434786e-01 
 1143.000  4.964508e-01 
 1144.000  4.964508e-01 
 1145.000  2.531587e-01 
 1146.000  2.531587e-01 
 1147.000  2.629171e-01 
 1148.000  2.629171e-01 
 1149.000  4.029281e-01 
 1150.000  4.029281e-01 
 1151.000  4.817957e-01 
 1152.000  4.817957e-01 
 1153.000  4.441417e-01 
 1154.000  4.441417e-01 
 1155.000  5.133442e-01 
 1156.000  5.133442e-01 
 1157.000  6.258385e-01 
 1158.000  6.258385e-01 
 1159.000  7.090318e-01 
 1160.000  7.090318e-01 
 1161.000  6.881170e-01 
 1162.000  6.881170e-01 
 1163.000  8.082489e-01 
 1164.000  8.082489e-01 
 1165.000  7.588161e-01 
 1166.000  7.588161e-01 
 1167.000  8.348913e-01 
 1168.000  8.348913e-01 
 1169.000  8.381456e-01 
 1170.000  8.381456e-01 
 1171.000  8.638373e-01 
 1172.000  8.638373e-01 
 1173.000  7.408175e-01 
 1174.000  7.408175e-01 
 1175.000  9.187663e-01 
 1176.000  9.187663e-01 
 1177.000  8.061846e-01 
 1178.000  8.061846e-01 
 1179.000  8.913437e-01 
 1180.000  8.913437e-01 
 1181.000  7.437144e-01 
 1182.000  7.437144e-01 
 1183.000  8.446128e-01 
 1184.000  8.446128e-01 
 1185.000  8.712615e-01 
 1186.000  8.712615e-01 
 1187.000  7.706780e-01 
 1188.000  7.706780e-01 
 1189.000  7.706780e-01 
 1190.000  8.489892e-01 
 1191.000  8.489892e-01 
 1192.000  9.264582e-01 
 1193.000  9.264582e-01 
 1194.000  8.716469e-01 
 1195.000  8.716469e-01 
 1196.000  8.811184e-01 
 1197.000  8.811184e-01 
 1198.000  8.320026e-01 
 1199.000  8.320026e-01 
 1200.000  8.356335e-01 
