  250.000  0.000000e+00 
  251.000  0.000000e+00 
  252.000  0.000000e+00 
  253.000  0.000000e+00 
  254.000  0.000000e+00 
  255.000  0.000000e+00 
  256.000  0.000000e+00 
  257.000  0.000000e+00 
  258.000  0.000000e+00 
  259.000  0.000000e+00 
  260.000  0.000000e+00 
  261.000  0.000000e+00 
  262.000  0.000000e+00 
  263.000  0.000000e+00 
  264.000  0.000000e+00 
  265.000  0.000000e+00 
  266.000  0.000000e+00 
  267.000  0.000000e+00 
  268.000  0.000000e+00 
  269.000  0.000000e+00 
  270.000  0.000000e+00 
  271.000  0.000000e+00 
  272.000  0.000000e+00 
  273.000  0.000000e+00 
  274.000  0.000000e+00 
  275.000  0.000000e+00 
  276.000  0.000000e+00 
  277.000  0.000000e+00 
  278.000  0.000000e+00 
  279.000  0.000000e+00 
  280.000  0.000000e+00 
  281.000  0.000000e+00 
  282.000  0.000000e+00 
  283.000  0.000000e+00 
  284.000  0.000000e+00 
  285.000  0.000000e+00 
  286.000  0.000000e+00 
  287.000  0.000000e+00 
  288.000  0.000000e+00 
  289.000  0.000000e+00 
  290.000  0.000000e+00 
  291.000  0.000000e+00 
  292.000  0.000000e+00 
  293.000  1.052831e-12 
  294.000  3.192366e-11 
  295.000  2.671943e-10 
  296.000  5.923180e-09 
  297.000  3.568952e-08 
  298.000  3.059609e-07 
  299.000  1.323474e-06 
  300.000  6.221504e-06 
  301.000  2.160275e-05 
  302.000  6.210424e-05 
  303.000  2.247388e-04 
  304.000  3.431906e-04 
  305.000  9.794493e-04 
  306.000  1.708208e-03 
  307.000  3.480972e-03 
  308.000  5.354983e-03 
  309.000  8.166796e-03 
  310.000  1.399323e-02 
  311.000  1.720654e-02 
  312.000  2.346742e-02 
  313.000  3.272958e-02 
  314.000  3.660056e-02 
  315.000  5.097238e-02 
  316.000  5.477094e-02 
  317.000  6.851833e-02 
  318.000  7.594333e-02 
  319.000  1.019629e-01 
  320.000  8.372078e-02 
  321.000  1.252123e-01 
  322.000  1.060531e-01 
  323.000  1.268003e-01 
  324.000  1.575672e-01 
  325.000  1.336556e-01 
  326.000  1.665170e-01 
  327.000  1.760332e-01 
  328.000  1.572716e-01 
  329.000  1.972128e-01 
  330.000  2.035037e-01 
  331.000  1.843834e-01 
  332.000  2.135274e-01 
  333.000  2.189446e-01 
  334.000  2.138262e-01 
  335.000  2.323143e-01 
  336.000  2.395191e-01 
  337.000  2.329940e-01 
  338.000  2.454279e-01 
  339.000  2.540893e-01 
  340.000  2.515482e-01 
  341.000  2.618982e-01 
  342.000  2.684563e-01 
  343.000  2.723871e-01 
  344.000  2.697000e-01 
  345.000  2.810319e-01 
  346.000  2.860745e-01 
  347.000  2.899271e-01 
  348.000  2.946831e-01 
  349.000  3.003367e-01 
  350.000  3.047467e-01 
  351.000  3.097180e-01 
  352.000  3.138615e-01 
  353.000  3.188376e-01 
  354.000  3.224516e-01 
  355.000  3.263925e-01 
  356.000  3.313807e-01 
  357.000  3.346782e-01 
  358.000  3.383393e-01 
  359.000  3.419535e-01 
  360.000  3.455073e-01 
  361.000  3.492548e-01 
  362.000  3.550044e-01 
  363.000  3.599210e-01 
  364.000  3.648272e-01 
  365.000  3.689741e-01 
  366.000  3.735611e-01 
  367.000  3.778967e-01 
  368.000  3.820527e-01 
  369.000  3.855508e-01 
  370.000  3.897334e-01 
  371.000  3.941544e-01 
  372.000  3.978516e-01 
  373.000  4.023619e-01 
  374.000  4.066815e-01 
  375.000  4.101889e-01 
  376.000  4.138660e-01 
  377.000  4.180423e-01 
  378.000  4.212841e-01 
  379.000  4.248202e-01 
  380.000  4.282403e-01 
  381.000  4.319586e-01 
  382.000  4.369439e-01 
  383.000  4.420425e-01 
  384.000  4.455434e-01 
  385.000  4.500303e-01 
  386.000  4.536222e-01 
  387.000  4.578700e-01 
  388.000  4.612201e-01 
  389.000  4.646334e-01 
  390.000  4.689133e-01 
  391.000  4.724322e-01 
  392.000  4.754075e-01 
  393.000  4.803528e-01 
  394.000  4.837859e-01 
  395.000  4.871233e-01 
  396.000  4.913457e-01 
  397.000  4.951715e-01 
  398.000  4.978643e-01 
  399.000  5.015282e-01 
  400.000  5.046979e-01 
  401.000  5.088730e-01 
  402.000  5.126189e-01 
  403.000  5.164788e-01 
  404.000  5.190843e-01 
  405.000  5.226738e-01 
  406.000  5.260333e-01 
  407.000  5.303956e-01 
  408.000  5.325669e-01 
  409.000  5.357052e-01 
  410.000  5.390135e-01 
  411.000  5.427470e-01 
  412.000  5.466002e-01 
  413.000  5.487252e-01 
  414.000  5.527132e-01 
  415.000  5.558618e-01 
  416.000  5.599017e-01 
  417.000  5.622994e-01 
  418.000  5.650351e-01 
  419.000  5.689250e-01 
  420.000  5.715528e-01 
  421.000  5.745909e-01 
  422.000  5.770815e-01 
  423.000  5.805038e-01 
  424.000  5.831526e-01 
  425.000  5.871174e-01 
  426.000  5.900823e-01 
  427.000  5.928723e-01 
  428.000  5.954061e-01 
  429.000  5.990255e-01 
  430.000  6.020395e-01 
  431.000  6.032403e-01 
  432.000  6.074397e-01 
  433.000  6.103687e-01 
  434.000  6.122839e-01 
  435.000  6.142946e-01 
  436.000  6.176675e-01 
  437.000  6.220691e-01 
  438.000  6.243205e-01 
  439.000  6.249360e-01 
  440.000  6.282462e-01 
  441.000  6.311215e-01 
  442.000  6.345760e-01 
  443.000  6.363932e-01 
  444.000  6.387874e-01 
  445.000  6.397934e-01 
  446.000  6.429425e-01 
  447.000  6.462260e-01 
  448.000  6.464617e-01 
  449.000  6.507662e-01 
  450.000  6.543138e-01 
  451.000  6.564354e-01 
  452.000  6.581761e-01 
  453.000  6.607924e-01 
  454.000  6.643847e-01 
  455.000  6.656187e-01 
  456.000  6.676114e-01 
  457.000  6.699318e-01 
  458.000  6.713510e-01 
  459.000  6.734186e-01 
  460.000  6.746298e-01 
  461.000  6.768856e-01 
  462.000  6.800146e-01 
  463.000  6.802160e-01 
  464.000  6.832871e-01 
  465.000  6.854108e-01 
  466.000  6.892560e-01 
  467.000  6.904262e-01 
  468.000  6.926388e-01 
  469.000  6.944441e-01 
  470.000  6.964581e-01 
  471.000  6.984863e-01 
  472.000  6.992908e-01 
  473.000  6.997481e-01 
  474.000  6.985053e-01 
  475.000  6.985924e-01 
  476.000  6.991383e-01 
  477.000  6.997695e-01 
  478.000  7.006955e-01 
  479.000  7.026272e-01 
  480.000  7.050604e-01 
  481.000  7.093083e-01 
  482.000  7.127422e-01 
  483.000  7.158502e-01 
  484.000  7.174060e-01 
  485.000  7.186745e-01 
  486.000  7.198371e-01 
  487.000  7.224892e-01 
  488.000  7.238876e-01 
  489.000  7.249954e-01 
  490.000  7.278582e-01 
  491.000  7.295185e-01 
  492.000  7.310100e-01 
  493.000  7.324790e-01 
  494.000  7.334711e-01 
  495.000  7.346078e-01 
  496.000  7.351384e-01 
  497.000  7.362036e-01 
  498.000  7.369228e-01 
  499.000  7.378261e-01 
  500.000  7.383933e-01 
  501.000  7.380616e-01 
  502.000  7.369078e-01 
  503.000  7.355089e-01 
  504.000  7.343684e-01 
  505.000  7.358520e-01 
  506.000  7.375600e-01 
  507.000  7.387095e-01 
  508.000  7.416714e-01 
  509.000  7.433956e-01 
  510.000  7.454668e-01 
  511.000  7.472209e-01 
  512.000  7.483691e-01 
  513.000  7.507523e-01 
  514.000  7.517728e-01 
  515.000  7.536668e-01 
  516.000  7.542424e-01 
  517.000  7.553781e-01 
  518.000  7.555582e-01 
  519.000  7.561756e-01 
  520.000  7.564749e-01 
  521.000  7.571115e-01 
  522.000  7.571687e-01 
  523.000  7.572819e-01 
  524.000  7.572466e-01 
  525.000  7.564579e-01 
  526.000  7.557894e-01 
  527.000  7.552228e-01 
  528.000  7.543098e-01 
  529.000  7.535762e-01 
  530.000  7.530203e-01 
  531.000  7.532428e-01 
  532.000  7.535137e-01 
  533.000  7.541488e-01 
  534.000  7.549625e-01 
  535.000  7.554799e-01 
  536.000  7.564470e-01 
  537.000  7.574464e-01 
  538.000  7.579818e-01 
  539.000  7.582911e-01 
  540.000  7.591830e-01 
  541.000  7.581441e-01 
  542.000  7.586076e-01 
  543.000  7.597991e-01 
  544.000  7.604058e-01 
  545.000  7.595996e-01 
  546.000  7.596058e-01 
  547.000  7.613291e-01 
  548.000  7.629253e-01 
  549.000  7.632464e-01 
  550.000  7.638728e-01 
  551.000  7.647054e-01 
  552.000  7.649072e-01 
  553.000  7.651638e-01 
  554.000  7.655674e-01 
  555.000  7.658026e-01 
  556.000  7.649509e-01 
  557.000  7.636951e-01 
  558.000  7.626578e-01 
  559.000  7.612278e-01 
  560.000  7.600040e-01 
  561.000  7.590069e-01 
  562.000  7.582492e-01 
  563.000  7.570887e-01 
  564.000  7.559049e-01 
  565.000  7.548700e-01 
  566.000  7.541821e-01 
  567.000  7.529899e-01 
  568.000  7.515336e-01 
  569.000  7.462144e-01 
  570.000  7.438013e-01 
  571.000  7.445471e-01 
  572.000  7.418761e-01 
  573.000  7.422056e-01 
  574.000  7.405435e-01 
  575.000  7.407020e-01 
  576.000  7.410577e-01 
  577.000  7.418423e-01 
  578.000  7.451815e-01 
  579.000  7.476999e-01 
  580.000  7.499513e-01 
  581.000  7.536583e-01 
  582.000  7.571257e-01 
  583.000  7.602288e-01 
  584.000  7.646361e-01 
  585.000  7.660886e-01 
  586.000  7.681475e-01 
  587.000  7.686213e-01 
  588.000  7.682212e-01 
  589.000  7.557230e-01 
  590.000  7.554975e-01 
  591.000  7.611048e-01 
  592.000  7.502614e-01 
  593.000  7.667811e-01 
  594.000  7.587701e-01 
  595.000  7.634935e-01 
  596.000  7.657516e-01 
  597.000  7.664742e-01 
  598.000  7.660115e-01 
  599.000  7.687911e-01 
  600.000  7.687015e-01 
  601.000  7.708499e-01 
  602.000  7.727752e-01 
  603.000  7.736760e-01 
  604.000  7.746622e-01 
  605.000  7.755186e-01 
  606.000  7.777900e-01 
  607.000  7.796008e-01 
  608.000  7.819766e-01 
  609.000  7.829500e-01 
  610.000  7.849014e-01 
  611.000  7.864656e-01 
  612.000  7.888252e-01 
  613.000  7.907412e-01 
  614.000  7.921461e-01 
  615.000  7.937789e-01 
  616.000  7.961693e-01 
  617.000  7.979050e-01 
  618.000  7.990640e-01 
  619.000  8.007941e-01 
  620.000  8.023919e-01 
  621.000  8.035699e-01 
  622.000  8.040924e-01 
  623.000  8.053190e-01 
  624.000  8.058140e-01 
  625.000  8.064463e-01 
  626.000  8.068078e-01 
  627.000  8.068718e-01 
  628.000  7.776469e-01 
  629.000  7.921368e-01 
  630.000  7.988051e-01 
  631.000  8.089602e-01 
  632.000  8.122728e-01 
  633.000  8.152130e-01 
  634.000  8.191765e-01 
  635.000  8.204289e-01 
  636.000  8.243750e-01 
  637.000  8.290820e-01 
  638.000  8.323200e-01 
  639.000  8.352705e-01 
  640.000  8.370565e-01 
  641.000  8.400510e-01 
  642.000  8.421345e-01 
  643.000  8.427933e-01 
  644.000  8.447923e-01 
  645.000  8.461922e-01 
  646.000  8.428919e-01 
  647.000  8.391061e-01 
  648.000  8.335921e-01 
  649.000  8.395638e-01 
  650.000  8.516648e-01 
  651.000  8.537275e-01 
  652.000  8.521746e-01 
  653.000  8.562898e-01 
  654.000  8.575966e-01 
  655.000  8.466533e-01 
  656.000  8.558976e-01 
  657.000  8.589296e-01 
  658.000  8.639947e-01 
  659.000  8.674530e-01 
  660.000  8.676727e-01 
  661.000  8.701966e-01 
  662.000  8.706257e-01 
  663.000  8.717207e-01 
  664.000  8.730882e-01 
  665.000  8.743966e-01 
  666.000  8.756350e-01 
  667.000  8.775509e-01 
  668.000  8.784643e-01 
  669.000  8.799841e-01 
  670.000  8.808641e-01 
  671.000  8.826733e-01 
  672.000  8.830571e-01 
  673.000  8.845770e-01 
  674.000  8.851401e-01 
  675.000  8.867076e-01 
  676.000  8.871750e-01 
  677.000  8.880101e-01 
  678.000  8.893456e-01 
  679.000  8.900774e-01 
  680.000  8.915096e-01 
  681.000  8.920861e-01 
  682.000  8.940464e-01 
  683.000  8.942546e-01 
  684.000  8.958701e-01 
  685.000  8.970239e-01 
  686.000  8.980179e-01 
  687.000  5.676196e-01 
  688.000  7.298540e-01 
  689.000  7.781821e-01 
  690.000  8.144310e-01 
  691.000  8.398741e-01 
  692.000  8.823220e-01 
  693.000  8.712429e-01 
  694.000  8.530792e-01 
  695.000  8.785260e-01 
  696.000  8.707877e-01 
  697.000  9.041342e-01 
  698.000  9.042639e-01 
  699.000  8.889185e-01 
  700.000  8.930315e-01 
  701.000  8.799838e-01 
  702.000  8.867040e-01 
  703.000  8.929109e-01 
  704.000  8.963010e-01 
  705.000  8.982106e-01 
  706.000  9.030258e-01 
  707.000  9.072957e-01 
  708.000  9.115784e-01 
  709.000  9.120716e-01 
  710.000  9.104835e-01 
  711.000  9.148702e-01 
  712.000  9.134694e-01 
  713.000  9.169773e-01 
  714.000  9.140541e-01 
  715.000  9.075935e-01 
  716.000  9.096687e-01 
  717.000  8.837897e-01 
  718.000  8.092164e-01 
  719.000  7.540310e-01 
  720.000  8.105858e-01 
  721.000  8.981627e-01 
  722.000  8.958834e-01 
  723.000  8.910291e-01 
  724.000  7.974182e-01 
  725.000  8.220726e-01 
  726.000  8.697354e-01 
  727.000  8.466737e-01 
  728.000  8.130274e-01 
  729.000  8.298491e-01 
  730.000  8.741020e-01 
  731.000  8.559468e-01 
  732.000  8.691916e-01 
  733.000  9.038615e-01 
  734.000  9.193885e-01 
  735.000  9.073910e-01 
  736.000  9.161714e-01 
  737.000  9.164185e-01 
  738.000  9.225085e-01 
  739.000  9.242737e-01 
  740.000  9.313045e-01 
  741.000  9.345959e-01 
  742.000  9.353392e-01 
  743.000  9.355392e-01 
  744.000  9.366165e-01 
  745.000  9.372219e-01 
  746.000  9.382701e-01 
  747.000  9.387516e-01 
  748.000  9.390952e-01 
  749.000  9.392938e-01 
  750.000  9.398043e-01 
  751.000  9.400405e-01 
  752.000  9.413238e-01 
  753.000  9.416590e-01 
  754.000  9.420314e-01 
  755.000  9.424120e-01 
  756.000  9.426472e-01 
  757.000  9.432447e-01 
  758.000  9.440434e-01 
  759.000  9.323682e-01 
  760.000  2.704016e-01 
  761.000  1.389884e-01 
  762.000  5.397204e-01 
  763.000  4.217449e-01 
  764.000  5.086023e-01 
  765.000  6.630443e-01 
  766.000  8.059216e-01 
  767.000  8.616499e-01 
  768.000  9.238201e-01 
  769.000  9.399952e-01 
  770.000  9.401783e-01 
  771.000  9.461220e-01 
  772.000  9.481317e-01 
  773.000  9.482770e-01 
  774.000  9.483405e-01 
  775.000  9.484864e-01 
  776.000  9.487109e-01 
  777.000  9.490057e-01 
  778.000  9.491835e-01 
  779.000  9.493773e-01 
  780.000  9.495392e-01 
  781.000  9.501085e-01 
  782.000  9.504673e-01 
  783.000  9.508393e-01 
  784.000  9.506527e-01 
  785.000  9.503245e-01 
  786.000  9.478678e-01 
  787.000  9.485207e-01 
  788.000  9.437991e-01 
  789.000  9.434067e-01 
  790.000  9.346196e-01 
  791.000  9.358218e-01 
  792.000  9.392210e-01 
  793.000  9.419441e-01 
  794.000  9.539956e-01 
  795.000  9.497553e-01 
  796.000  9.258927e-01 
  797.000  9.447071e-01 
  798.000  9.455360e-01 
  799.000  9.489865e-01 
  800.000  9.386324e-01 
  801.000  9.343811e-01 
  802.000  9.418071e-01 
  803.000  9.394603e-01 
  804.000  9.392319e-01 
  805.000  9.448082e-01 
  806.000  9.535363e-01 
  807.000  9.481451e-01 
  808.000  9.538242e-01 
  809.000  9.447438e-01 
  810.000  9.407389e-01 
  811.000  9.437780e-01 
  812.000  9.339738e-01 
  813.000  9.164057e-01 
  814.000  8.847255e-01 
  815.000  8.527555e-01 
  816.000  8.760457e-01 
  817.000  7.617493e-01 
  818.000  8.408545e-01 
  819.000  8.711836e-01 
  820.000  8.293012e-01 
  821.000  9.386277e-01 
  822.000  9.218132e-01 
  823.000  7.235745e-01 
  824.000  9.017214e-01 
  825.000  9.301670e-01 
  826.000  9.004178e-01 
  827.000  9.293249e-01 
  828.000  8.573430e-01 
  829.000  9.145281e-01 
  830.000  9.032803e-01 
  831.000  9.061816e-01 
  832.000  9.089807e-01 
  833.000  9.284066e-01 
  834.000  9.319375e-01 
  835.000  9.416762e-01 
  836.000  9.452624e-01 
  837.000  9.418027e-01 
  838.000  9.523124e-01 
  839.000  9.550527e-01 
  840.000  9.567129e-01 
  841.000  9.567129e-01 
  842.000  9.491642e-01 
  843.000  9.626120e-01 
  844.000  9.541460e-01 
  845.000  9.609495e-01 
  846.000  9.629793e-01 
  847.000  9.644600e-01 
  848.000  9.627182e-01 
  849.000  9.636002e-01 
  850.000  9.636327e-01 
  851.000  9.641872e-01 
  852.000  9.675663e-01 
  853.000  9.679222e-01 
  854.000  9.677803e-01 
  855.000  9.677803e-01 
  856.000  9.681032e-01 
  857.000  9.699172e-01 
  858.000  9.684144e-01 
  859.000  9.695381e-01 
  860.000  9.705591e-01 
  861.000  9.702506e-01 
  862.000  9.708428e-01 
  863.000  9.708508e-01 
  864.000  9.713168e-01 
  865.000  9.713168e-01 
  866.000  9.714111e-01 
  867.000  9.715559e-01 
  868.000  9.716277e-01 
  869.000  9.716811e-01 
  870.000  9.718415e-01 
  871.000  9.720325e-01 
  872.000  9.722583e-01 
  873.000  9.722442e-01 
  874.000  9.722442e-01 
  875.000  9.726669e-01 
  876.000  9.727710e-01 
  877.000  9.727749e-01 
  878.000  9.728391e-01 
  879.000  9.728522e-01 
  880.000  9.732497e-01 
  881.000  9.732497e-01 
  882.000  9.725763e-01 
  883.000  9.727440e-01 
  884.000  9.730324e-01 
  885.000  9.733421e-01 
  886.000  9.682354e-01 
  887.000  9.731385e-01 
  888.000  9.731385e-01 
  889.000  9.720454e-01 
  890.000  9.692778e-01 
  891.000  9.735210e-01 
  892.000  9.689634e-01 
  893.000  9.591482e-01 
  894.000  9.591482e-01 
  895.000  9.364654e-01 
  896.000  9.090917e-01 
  897.000  8.153058e-01 
  898.000  9.002122e-01 
  899.000  7.370065e-01 
  900.000  7.370065e-01 
  901.000  7.772835e-01 
  902.000  8.040111e-01 
  903.000  8.451176e-01 
  904.000  9.369826e-01 
  905.000  9.257231e-01 
  906.000  9.257231e-01 
  907.000  8.162930e-01 
  908.000  7.987909e-01 
  909.000  8.089635e-01 
  910.000  7.842131e-01 
  911.000  7.842131e-01 
  912.000  8.834624e-01 
  913.000  8.332861e-01 
  914.000  8.047001e-01 
  915.000  7.604996e-01 
  916.000  7.604996e-01 
  917.000  8.807334e-01 
  918.000  7.841080e-01 
  919.000  8.701591e-01 
  920.000  9.365284e-01 
  921.000  9.365284e-01 
  922.000  9.153368e-01 
  923.000  9.101311e-01 
  924.000  8.912673e-01 
  925.000  8.912673e-01 
  926.000  8.997211e-01 
  927.000  9.151341e-01 
  928.000  8.017483e-01 
  929.000  7.825335e-01 
  930.000  7.825335e-01 
  931.000  6.542581e-01 
  932.000  4.736348e-01 
  933.000  4.772526e-01 
  934.000  4.772526e-01 
  935.000  4.378945e-01 
  936.000  4.080449e-01 
  937.000  3.714061e-01 
  938.000  3.714061e-01 
  939.000  5.270539e-01 
  940.000  6.651488e-01 
  941.000  6.177486e-01 
  942.000  6.177486e-01 
  943.000  5.132747e-01 
  944.000  5.245553e-01 
  945.000  5.983606e-01 
  946.000  5.983606e-01 
  947.000  5.232883e-01 
  948.000  5.528351e-01 
  949.000  6.261535e-01 
  950.000  6.261535e-01 
  951.000  6.441007e-01 
  952.000  5.234476e-01 
  953.000  6.714569e-01 
  954.000  6.714569e-01 
  955.000  6.742348e-01 
  956.000  5.589317e-01 
  957.000  7.249846e-01 
  958.000  7.249846e-01 
  959.000  6.109141e-01 
  960.000  6.879714e-01 
  961.000  6.879714e-01 
  962.000  7.426839e-01 
  963.000  7.991914e-01 
  964.000  6.939182e-01 
  965.000  6.939182e-01 
  966.000  7.645443e-01 
  967.000  8.503730e-01 
  968.000  8.503730e-01 
  969.000  8.757898e-01 
  970.000  9.125787e-01 
  971.000  9.275926e-01 
  972.000  9.275926e-01 
  973.000  9.083248e-01 
  974.000  8.253824e-01 
  975.000  8.253824e-01 
  976.000  8.128060e-01 
  977.000  8.944835e-01 
  978.000  8.822190e-01 
  979.000  8.822190e-01 
  980.000  8.856499e-01 
  981.000  9.525836e-01 
  982.000  9.525836e-01 
  983.000  9.355211e-01 
  984.000  9.500499e-01 
  985.000  9.500499e-01 
  986.000  9.752325e-01 
  987.000  9.654909e-01 
  988.000  9.654909e-01 
  989.000  9.795403e-01 
  990.000  9.735658e-01 
  991.000  9.735658e-01 
  992.000  9.775180e-01 
  993.000  9.770756e-01 
  994.000  9.770756e-01 
  995.000  9.825010e-01 
  996.000  9.826371e-01 
  997.000  9.826371e-01 
  998.000  9.826125e-01 
  999.000  9.821711e-01 
 1000.000  9.821711e-01 
 1001.000  9.826637e-01 
 1002.000  9.747074e-01 
 1003.000  9.747074e-01 
 1004.000  9.826033e-01 
 1005.000  9.832056e-01 
 1006.000  9.832056e-01 
 1007.000  9.835417e-01 
 1008.000  9.816974e-01 
 1009.000  9.816974e-01 
 1010.000  9.752357e-01 
 1011.000  9.834318e-01 
 1012.000  9.834318e-01 
 1013.000  9.839227e-01 
 1014.000  9.838123e-01 
 1015.000  9.838123e-01 
 1016.000  9.841236e-01 
 1017.000  9.839301e-01 
 1018.000  9.839301e-01 
 1019.000  9.831685e-01 
 1020.000  9.845124e-01 
 1021.000  9.845124e-01 
 1022.000  9.834636e-01 
 1023.000  9.834636e-01 
 1024.000  9.834234e-01 
 1025.000  9.847101e-01 
 1026.000  9.847101e-01 
 1027.000  9.841632e-01 
 1028.000  9.848934e-01 
 1029.000  9.848934e-01 
 1030.000  9.852476e-01 
 1031.000  9.851074e-01 
 1032.000  9.851074e-01 
 1033.000  9.851946e-01 
 1034.000  9.851946e-01 
 1035.000  9.852690e-01 
 1036.000  9.846746e-01 
 1037.000  9.846746e-01 
 1038.000  9.845830e-01 
 1039.000  9.839470e-01 
 1040.000  9.839470e-01 
 1041.000  9.834604e-01 
 1042.000  9.834604e-01 
 1043.000  9.828485e-01 
 1044.000  9.819049e-01 
 1045.000  9.819049e-01 
 1046.000  9.805925e-01 
 1047.000  9.805925e-01 
 1048.000  9.792734e-01 
 1049.000  9.765696e-01 
 1050.000  9.765696e-01 
 1051.000  9.754260e-01 
 1052.000  9.754260e-01 
 1053.000  9.736138e-01 
 1054.000  9.720665e-01 
 1055.000  9.720665e-01 
 1056.000  9.702935e-01 
 1057.000  9.702935e-01 
 1058.000  9.686580e-01 
 1059.000  9.670659e-01 
 1060.000  9.670659e-01 
 1061.000  9.660665e-01 
 1062.000  9.660665e-01 
 1063.000  9.643441e-01 
 1064.000  9.630293e-01 
 1065.000  9.630293e-01 
 1066.000  9.649429e-01 
 1067.000  9.649429e-01 
 1068.000  9.639448e-01 
 1069.000  9.656028e-01 
 1070.000  9.656028e-01 
 1071.000  9.678950e-01 
 1072.000  9.678950e-01 
 1073.000  9.695703e-01 
 1074.000  9.695703e-01 
 1075.000  9.667240e-01 
 1076.000  9.665307e-01 
 1077.000  9.665307e-01 
 1078.000  9.726041e-01 
 1079.000  9.726041e-01 
 1080.000  9.688092e-01 
 1081.000  9.688092e-01 
 1082.000  9.718038e-01 
 1083.000  9.688050e-01 
 1084.000  9.688050e-01 
 1085.000  9.603573e-01 
 1086.000  9.603573e-01 
 1087.000  9.750235e-01 
 1088.000  9.750235e-01 
 1089.000  9.683756e-01 
 1090.000  9.651616e-01 
 1091.000  9.651616e-01 
 1092.000  9.546643e-01 
 1093.000  9.546643e-01 
 1094.000  9.564002e-01 
 1095.000  9.564002e-01 
 1096.000  9.494635e-01 
 1097.000  9.494635e-01 
 1098.000  9.389991e-01 
 1099.000  8.960093e-01 
 1100.000  8.960093e-01 
 1101.000  8.984337e-01 
 1102.000  8.984337e-01 
 1103.000  8.801019e-01 
 1104.000  8.801019e-01 
 1105.000  8.679977e-01 
 1106.000  8.679977e-01 
 1107.000  8.688923e-01 
 1108.000  8.688923e-01 
 1109.000  8.343121e-01 
 1110.000  8.112596e-01 
 1111.000  8.112596e-01 
 1112.000  7.606449e-01 
 1113.000  7.606449e-01 
 1114.000  6.925665e-01 
 1115.000  6.925665e-01 
 1116.000  4.607378e-01 
 1117.000  4.607378e-01 
 1118.000  5.653115e-01 
 1119.000  5.653115e-01 
 1120.000  4.798322e-01 
 1121.000  4.798322e-01 
 1122.000  2.959363e-01 
 1123.000  5.164911e-01 
 1124.000  5.164911e-01 
 1125.000  3.240182e-01 
 1126.000  3.240182e-01 
 1127.000  3.831950e-01 
 1128.000  3.831950e-01 
 1129.000  3.761064e-01 
 1130.000  3.761064e-01 
 1131.000  6.683679e-01 
 1132.000  6.683679e-01 
 1133.000  3.945624e-01 
 1134.000  3.945624e-01 
 1135.000  2.286171e-01 
 1136.000  2.286171e-01 
 1137.000  6.737987e-01 
 1138.000  6.737987e-01 
 1139.000  6.161492e-01 
 1140.000  6.161492e-01 
 1141.000  6.014168e-01 
 1142.000  6.014168e-01 
 1143.000  6.418917e-01 
 1144.000  6.418917e-01 
 1145.000  4.293501e-01 
 1146.000  4.293501e-01 
 1147.000  4.214567e-01 
 1148.000  4.214567e-01 
 1149.000  5.433599e-01 
 1150.000  5.433599e-01 
 1151.000  6.417599e-01 
 1152.000  6.417599e-01 
 1153.000  5.972587e-01 
 1154.000  5.972587e-01 
 1155.000  6.558272e-01 
 1156.000  6.558272e-01 
 1157.000  7.364771e-01 
 1158.000  7.364771e-01 
 1159.000  8.180506e-01 
 1160.000  8.180506e-01 
 1161.000  7.980034e-01 
 1162.000  7.980034e-01 
 1163.000  8.765287e-01 
 1164.000  8.765287e-01 
 1165.000  8.443640e-01 
 1166.000  8.443640e-01 
 1167.000  9.008991e-01 
 1168.000  9.008991e-01 
 1169.000  9.019350e-01 
 1170.000  9.019350e-01 
 1171.000  9.171981e-01 
 1172.000  9.171981e-01 
 1173.000  8.360450e-01 
 1174.000  8.360450e-01 
 1175.000  9.527604e-01 
 1176.000  9.527604e-01 
 1177.000  8.796569e-01 
 1178.000  8.796569e-01 
 1179.000  9.330347e-01 
 1180.000  9.330347e-01 
 1181.000  8.268130e-01 
 1182.000  8.268130e-01 
 1183.000  9.032867e-01 
 1184.000  9.032867e-01 
 1185.000  9.270564e-01 
 1186.000  9.270564e-01 
 1187.000  8.436278e-01 
 1188.000  8.436278e-01 
 1189.000  8.436278e-01 
 1190.000  9.038764e-01 
 1191.000  9.038764e-01 
 1192.000  9.574907e-01 
 1193.000  9.574907e-01 
 1194.000  9.197550e-01 
 1195.000  9.197550e-01 
 1196.000  9.336098e-01 
 1197.000  9.336098e-01 
 1198.000  8.980557e-01 
 1199.000  8.980557e-01 
 1200.000  8.961388e-01 
