  250.000  0.000000e+00 
  251.000  0.000000e+00 
  252.000  0.000000e+00 
  253.000  0.000000e+00 
  254.000  0.000000e+00 
  255.000  0.000000e+00 
  256.000  0.000000e+00 
  257.000  0.000000e+00 
  258.000  0.000000e+00 
  259.000  0.000000e+00 
  260.000  0.000000e+00 
  261.000  0.000000e+00 
  262.000  0.000000e+00 
  263.000  0.000000e+00 
  264.000  0.000000e+00 
  265.000  0.000000e+00 
  266.000  0.000000e+00 
  267.000  0.000000e+00 
  268.000  0.000000e+00 
  269.000  0.000000e+00 
  270.000  0.000000e+00 
  271.000  0.000000e+00 
  272.000  0.000000e+00 
  273.000  0.000000e+00 
  274.000  0.000000e+00 
  275.000  0.000000e+00 
  276.000  0.000000e+00 
  277.000  0.000000e+00 
  278.000  0.000000e+00 
  279.000  0.000000e+00 
  280.000  0.000000e+00 
  281.000  0.000000e+00 
  282.000  0.000000e+00 
  283.000  0.000000e+00 
  284.000  0.000000e+00 
  285.000  0.000000e+00 
  286.000  0.000000e+00 
  287.000  0.000000e+00 
  288.000  0.000000e+00 
  289.000  0.000000e+00 
  290.000  0.000000e+00 
  291.000  0.000000e+00 
  292.000  0.000000e+00 
  293.000  1.318923e-05 
  294.000  5.295379e-05 
  295.000  1.258398e-04 
  296.000  4.447105e-04 
  297.000  9.243776e-04 
  298.000  2.218256e-03 
  299.000  4.028496e-03 
  300.000  7.568225e-03 
  301.000  1.256736e-02 
  302.000  1.932351e-02 
  303.000  3.263220e-02 
  304.000  3.877495e-02 
  305.000  5.944338e-02 
  306.000  7.456180e-02 
  307.000  9.964842e-02 
  308.000  1.187624e-01 
  309.000  1.410439e-01 
  310.000  1.756439e-01 
  311.000  1.910769e-01 
  312.000  2.168280e-01 
  313.000  2.482994e-01 
  314.000  2.598688e-01 
  315.000  2.974121e-01 
  316.000  3.062498e-01 
  317.000  3.355050e-01 
  318.000  3.498671e-01 
  319.000  3.944864e-01 
  320.000  3.640442e-01 
  321.000  4.289183e-01 
  322.000  4.008583e-01 
  323.000  4.311263e-01 
  324.000  4.710224e-01 
  325.000  4.404745e-01 
  326.000  4.817440e-01 
  327.000  4.927760e-01 
  328.000  4.706621e-01 
  329.000  5.161207e-01 
  330.000  5.227658e-01 
  331.000  5.021687e-01 
  332.000  5.331070e-01 
  333.000  5.385762e-01 
  334.000  5.334108e-01 
  335.000  5.517401e-01 
  336.000  5.586483e-01 
  337.000  5.523972e-01 
  338.000  5.642225e-01 
  339.000  5.722516e-01 
  340.000  5.699130e-01 
  341.000  5.793524e-01 
  342.000  5.852195e-01 
  343.000  5.886956e-01 
  344.000  5.863226e-01 
  345.000  5.962370e-01 
  346.000  6.005726e-01 
  347.000  6.038547e-01 
  348.000  6.078709e-01 
  349.000  6.125954e-01 
  350.000  6.162443e-01 
  351.000  6.203202e-01 
  352.000  6.236879e-01 
  353.000  6.276976e-01 
  354.000  6.305867e-01 
  355.000  6.337151e-01 
  356.000  6.376432e-01 
  357.000  6.402206e-01 
  358.000  6.430647e-01 
  359.000  6.458545e-01 
  360.000  6.485807e-01 
  361.000  6.514376e-01 
  362.000  6.557856e-01 
  363.000  6.594707e-01 
  364.000  6.631184e-01 
  365.000  6.661789e-01 
  366.000  6.695406e-01 
  367.000  6.726958e-01 
  368.000  6.756999e-01 
  369.000  6.782137e-01 
  370.000  6.812016e-01 
  371.000  6.843392e-01 
  372.000  6.869473e-01 
  373.000  6.901094e-01 
  374.000  6.931183e-01 
  375.000  6.955475e-01 
  376.000  6.980810e-01 
  377.000  7.009423e-01 
  378.000  7.031518e-01 
  379.000  7.055503e-01 
  380.000  7.078590e-01 
  381.000  7.103565e-01 
  382.000  7.136853e-01 
  383.000  7.170664e-01 
  384.000  7.193747e-01 
  385.000  7.223175e-01 
  386.000  7.246606e-01 
  387.000  7.274176e-01 
  388.000  7.295812e-01 
  389.000  7.317762e-01 
  390.000  7.345150e-01 
  391.000  7.367556e-01 
  392.000  7.386424e-01 
  393.000  7.417632e-01 
  394.000  7.439185e-01 
  395.000  7.460051e-01 
  396.000  7.486328e-01 
  397.000  7.509983e-01 
  398.000  7.526627e-01 
  399.000  7.549122e-01 
  400.000  7.568545e-01 
  401.000  7.593998e-01 
  402.000  7.616722e-01 
  403.000  7.640037e-01 
  404.000  7.655716e-01 
  405.000  7.677240e-01 
  406.000  7.697306e-01 
  407.000  7.723247e-01 
  408.000  7.736112e-01 
  409.000  7.754653e-01 
  410.000  7.774128e-01 
  411.000  7.796021e-01 
  412.000  7.818522e-01 
  413.000  7.830893e-01 
  414.000  7.854029e-01 
  415.000  7.872201e-01 
  416.000  7.895479e-01 
  417.000  7.909231e-01 
  418.000  7.924895e-01 
  419.000  7.947063e-01 
  420.000  7.962014e-01 
  421.000  7.979229e-01 
  422.000  7.993300e-01 
  423.000  8.012580e-01 
  424.000  8.027456e-01 
  425.000  8.049647e-01 
  426.000  8.066160e-01 
  427.000  8.081699e-01 
  428.000  8.095752e-01 
  429.000  8.115760e-01 
  430.000  8.132377e-01 
  431.000  8.138983e-01 
  432.000  8.162018e-01 
  433.000  8.178030e-01 
  434.000  8.188475e-01 
  435.000  8.199420e-01 
  436.000  8.217731e-01 
  437.000  8.241539e-01 
  438.000  8.253677e-01 
  439.000  8.256992e-01 
  440.000  8.274771e-01 
  441.000  8.290179e-01 
  442.000  8.308146e-01 
  443.000  8.316985e-01 
  444.000  8.330981e-01 
  445.000  8.334254e-01 
  446.000  8.350522e-01 
  447.000  8.370425e-01 
  448.000  8.371666e-01 
  449.000  8.394357e-01 
  450.000  8.412980e-01 
  451.000  8.424083e-01 
  452.000  8.433177e-01 
  453.000  8.446721e-01 
  454.000  8.465496e-01 
  455.000  8.471898e-01 
  456.000  8.482223e-01 
  457.000  8.494220e-01 
  458.000  8.501547e-01 
  459.000  8.512205e-01 
  460.000  8.518439e-01 
  461.000  8.530032e-01 
  462.000  8.546075e-01 
  463.000  8.547106e-01 
  464.000  8.562806e-01 
  465.000  8.573639e-01 
  466.000  8.592982e-01 
  467.000  8.599105e-01 
  468.000  8.610346e-01 
  469.000  8.617962e-01 
  470.000  8.627596e-01 
  471.000  8.639832e-01 
  472.000  8.643819e-01 
  473.000  8.646191e-01 
  474.000  8.639978e-01 
  475.000  8.639619e-01 
  476.000  8.643178e-01 
  477.000  8.646363e-01 
  478.000  8.651023e-01 
  479.000  8.660732e-01 
  480.000  8.672938e-01 
  481.000  8.694189e-01 
  482.000  8.711312e-01 
  483.000  8.726767e-01 
  484.000  8.734483e-01 
  485.000  8.739888e-01 
  486.000  8.745456e-01 
  487.000  8.759616e-01 
  488.000  8.766512e-01 
  489.000  8.771896e-01 
  490.000  8.786082e-01 
  491.000  8.794204e-01 
  492.000  8.801576e-01 
  493.000  8.808786e-01 
  494.000  8.813653e-01 
  495.000  8.819216e-01 
  496.000  8.821812e-01 
  497.000  8.827016e-01 
  498.000  8.830529e-01 
  499.000  8.834903e-01 
  500.000  8.837522e-01 
  501.000  8.835118e-01 
  502.000  8.824523e-01 
  503.000  8.810936e-01 
  504.000  8.794970e-01 
  505.000  8.818901e-01 
  506.000  8.819719e-01 
  507.000  8.822057e-01 
  508.000  8.844171e-01 
  509.000  8.857372e-01 
  510.000  8.870803e-01 
  511.000  8.878650e-01 
  512.000  8.884780e-01 
  513.000  8.897468e-01 
  514.000  8.902299e-01 
  515.000  8.911726e-01 
  516.000  8.914494e-01 
  517.000  8.919966e-01 
  518.000  8.920833e-01 
  519.000  8.923802e-01 
  520.000  8.925241e-01 
  521.000  8.928300e-01 
  522.000  8.928575e-01 
  523.000  8.929115e-01 
  524.000  8.928344e-01 
  525.000  8.923419e-01 
  526.000  8.921895e-01 
  527.000  8.918155e-01 
  528.000  8.914598e-01 
  529.000  8.910224e-01 
  530.000  8.908276e-01 
  531.000  8.909634e-01 
  532.000  8.910871e-01 
  533.000  8.914040e-01 
  534.000  8.917821e-01 
  535.000  8.920448e-01 
  536.000  8.925072e-01 
  537.000  8.929831e-01 
  538.000  8.932448e-01 
  539.000  8.932517e-01 
  540.000  8.936278e-01 
  541.000  8.921613e-01 
  542.000  8.927471e-01 
  543.000  8.938436e-01 
  544.000  8.941726e-01 
  545.000  8.932350e-01 
  546.000  8.927270e-01 
  547.000  8.941007e-01 
  548.000  8.953953e-01 
  549.000  8.955855e-01 
  550.000  8.956596e-01 
  551.000  8.964376e-01 
  552.000  8.965082e-01 
  553.000  8.966845e-01 
  554.000  8.968791e-01 
  555.000  8.969914e-01 
  556.000  8.965847e-01 
  557.000  8.959849e-01 
  558.000  8.954888e-01 
  559.000  8.948024e-01 
  560.000  8.942063e-01 
  561.000  8.937201e-01 
  562.000  8.933703e-01 
  563.000  8.928115e-01 
  564.000  8.922452e-01 
  565.000  8.917486e-01 
  566.000  8.914178e-01 
  567.000  8.906850e-01 
  568.000  8.899382e-01 
  569.000  8.854684e-01 
  570.000  8.844745e-01 
  571.000  8.860915e-01 
  572.000  8.836204e-01 
  573.000  8.848779e-01 
  574.000  8.835976e-01 
  575.000  8.844255e-01 
  576.000  8.842458e-01 
  577.000  8.844458e-01 
  578.000  8.868420e-01 
  579.000  8.880987e-01 
  580.000  8.893124e-01 
  581.000  8.911082e-01 
  582.000  8.926274e-01 
  583.000  8.941597e-01 
  584.000  8.960681e-01 
  585.000  8.964949e-01 
  586.000  8.975334e-01 
  587.000  8.976223e-01 
  588.000  8.960117e-01 
  589.000  8.816501e-01 
  590.000  8.807411e-01 
  591.000  8.869044e-01 
  592.000  8.749925e-01 
  593.000  8.932573e-01 
  594.000  8.841076e-01 
  595.000  8.894422e-01 
  596.000  8.923221e-01 
  597.000  8.932556e-01 
  598.000  8.930320e-01 
  599.000  8.964586e-01 
  600.000  8.968044e-01 
  601.000  8.987724e-01 
  602.000  8.999972e-01 
  603.000  9.004472e-01 
  604.000  9.011490e-01 
  605.000  9.015162e-01 
  606.000  9.026341e-01 
  607.000  9.035403e-01 
  608.000  9.046615e-01 
  609.000  9.051204e-01 
  610.000  9.060346e-01 
  611.000  9.067733e-01 
  612.000  9.078814e-01 
  613.000  9.087792e-01 
  614.000  9.094367e-01 
  615.000  9.101999e-01 
  616.000  9.113153e-01 
  617.000  9.121245e-01 
  618.000  9.126639e-01 
  619.000  9.134685e-01 
  620.000  9.142105e-01 
  621.000  9.147571e-01 
  622.000  9.149986e-01 
  623.000  9.155663e-01 
  624.000  9.157733e-01 
  625.000  9.160853e-01 
  626.000  9.162095e-01 
  627.000  9.159067e-01 
  628.000  8.994304e-01 
  629.000  9.069456e-01 
  630.000  9.124730e-01 
  631.000  9.171974e-01 
  632.000  9.179255e-01 
  633.000  9.195764e-01 
  634.000  9.213730e-01 
  635.000  9.221720e-01 
  636.000  9.236798e-01 
  637.000  9.257649e-01 
  638.000  9.277467e-01 
  639.000  9.288810e-01 
  640.000  9.297268e-01 
  641.000  9.308193e-01 
  642.000  9.321651e-01 
  643.000  9.320486e-01 
  644.000  9.333031e-01 
  645.000  9.336897e-01 
  646.000  9.294713e-01 
  647.000  9.245422e-01 
  648.000  9.181675e-01 
  649.000  9.231600e-01 
  650.000  9.346073e-01 
  651.000  9.363479e-01 
  652.000  9.337577e-01 
  653.000  9.374583e-01 
  654.000  9.372703e-01 
  655.000  9.255055e-01 
  656.000  9.343157e-01 
  657.000  9.367761e-01 
  658.000  9.409510e-01 
  659.000  9.435081e-01 
  660.000  9.433095e-01 
  661.000  9.448337e-01 
  662.000  9.449852e-01 
  663.000  9.450011e-01 
  664.000  9.459581e-01 
  665.000  9.466154e-01 
  666.000  9.471924e-01 
  667.000  9.481323e-01 
  668.000  9.485326e-01 
  669.000  9.491888e-01 
  670.000  9.496314e-01 
  671.000  9.504259e-01 
  672.000  9.505944e-01 
  673.000  9.512606e-01 
  674.000  9.515068e-01 
  675.000  9.521932e-01 
  676.000  9.523850e-01 
  677.000  9.527624e-01 
  678.000  9.533460e-01 
  679.000  9.536589e-01 
  680.000  9.542589e-01 
  681.000  9.544121e-01 
  682.000  9.553345e-01 
  683.000  9.550765e-01 
  684.000  9.556795e-01 
  685.000  9.565841e-01 
  686.000  9.568337e-01 
  687.000  7.209921e-01 
  688.000  8.724441e-01 
  689.000  8.969374e-01 
  690.000  9.177934e-01 
  691.000  9.277666e-01 
  692.000  9.472023e-01 
  693.000  9.324442e-01 
  694.000  9.069495e-01 
  695.000  9.321591e-01 
  696.000  9.238381e-01 
  697.000  9.569895e-01 
  698.000  9.567928e-01 
  699.000  9.411110e-01 
  700.000  9.444413e-01 
  701.000  9.310284e-01 
  702.000  9.373460e-01 
  703.000  9.429742e-01 
  704.000  9.461130e-01 
  705.000  9.475930e-01 
  706.000  9.519678e-01 
  707.000  9.559269e-01 
  708.000  9.597726e-01 
  709.000  9.598877e-01 
  710.000  9.580634e-01 
  711.000  9.617828e-01 
  712.000  9.601179e-01 
  713.000  9.631552e-01 
  714.000  9.601904e-01 
  715.000  9.529771e-01 
  716.000  9.547516e-01 
  717.000  9.286418e-01 
  718.000  8.519138e-01 
  719.000  7.941068e-01 
  720.000  8.535362e-01 
  721.000  9.410405e-01 
  722.000  9.385135e-01 
  723.000  9.332516e-01 
  724.000  8.379306e-01 
  725.000  8.633125e-01 
  726.000  9.110541e-01 
  727.000  8.877674e-01 
  728.000  8.536078e-01 
  729.000  8.700593e-01 
  730.000  9.144066e-01 
  731.000  8.961300e-01 
  732.000  9.093021e-01 
  733.000  9.433853e-01 
  734.000  9.585631e-01 
  735.000  9.463651e-01 
  736.000  9.550050e-01 
  737.000  9.548974e-01 
  738.000  9.607451e-01 
  739.000  9.622049e-01 
  740.000  9.690903e-01 
  741.000  9.721524e-01 
  742.000  9.723337e-01 
  743.000  9.723601e-01 
  744.000  9.732276e-01 
  745.000  9.736462e-01 
  746.000  9.743187e-01 
  747.000  9.744626e-01 
  748.000  9.746521e-01 
  749.000  9.746673e-01 
  750.000  9.749085e-01 
  751.000  9.749398e-01 
  752.000  9.756228e-01 
  753.000  9.757797e-01 
  754.000  9.758924e-01 
  755.000  9.759980e-01 
  756.000  9.760552e-01 
  757.000  9.764729e-01 
  758.000  9.768053e-01 
  759.000  9.717034e-01 
  760.000  4.710813e-01 
  761.000  3.669867e-01 
  762.000  7.168242e-01 
  763.000  6.282081e-01 
  764.000  6.760171e-01 
  765.000  7.873551e-01 
  766.000  9.059720e-01 
  767.000  9.386740e-01 
  768.000  9.676800e-01 
  769.000  9.751041e-01 
  770.000  9.751225e-01 
  771.000  9.776884e-01 
  772.000  9.785337e-01 
  773.000  9.785947e-01 
  774.000  9.785848e-01 
  775.000  9.786727e-01 
  776.000  9.787763e-01 
  777.000  9.789003e-01 
  778.000  9.789747e-01 
  779.000  9.790555e-01 
  780.000  9.791227e-01 
  781.000  9.793613e-01 
  782.000  9.794320e-01 
  783.000  9.796429e-01 
  784.000  9.792848e-01 
  785.000  9.787894e-01 
  786.000  9.762277e-01 
  787.000  9.765182e-01 
  788.000  9.718897e-01 
  789.000  9.711559e-01 
  790.000  9.622970e-01 
  791.000  9.632898e-01 
  792.000  9.663727e-01 
  793.000  9.688893e-01 
  794.000  9.802716e-01 
  795.000  9.759210e-01 
  796.000  9.523429e-01 
  797.000  9.707026e-01 
  798.000  9.713599e-01 
  799.000  9.746740e-01 
  800.000  9.643655e-01 
  801.000  9.601546e-01 
  802.000  9.673384e-01 
  803.000  9.649549e-01 
  804.000  9.646778e-01 
  805.000  9.700994e-01 
  806.000  9.785298e-01 
  807.000  9.731613e-01 
  808.000  9.786471e-01 
  809.000  9.697695e-01 
  810.000  9.658422e-01 
  811.000  9.687194e-01 
  812.000  9.588458e-01 
  813.000  9.413344e-01 
  814.000  9.102550e-01 
  815.000  8.780578e-01 
  816.000  9.011148e-01 
  817.000  7.858033e-01 
  818.000  8.655159e-01 
  819.000  8.954531e-01 
  820.000  8.533473e-01 
  821.000  9.620916e-01 
  822.000  9.456933e-01 
  823.000  7.473101e-01 
  824.000  9.253577e-01 
  825.000  9.534110e-01 
  826.000  9.235709e-01 
  827.000  9.520643e-01 
  828.000  8.810785e-01 
  829.000  9.374759e-01 
  830.000  9.264868e-01 
  831.000  9.291059e-01 
  832.000  9.314558e-01 
  833.000  9.508035e-01 
  834.000  9.541911e-01 
  835.000  9.636051e-01 
  836.000  9.670461e-01 
  837.000  9.635686e-01 
  838.000  9.737765e-01 
  839.000  9.763979e-01 
  840.000  9.778388e-01 
  841.000  9.778388e-01 
  842.000  9.705048e-01 
  843.000  9.834570e-01 
  844.000  9.751783e-01 
  845.000  9.817036e-01 
  846.000  9.835511e-01 
  847.000  9.849830e-01 
  848.000  9.831417e-01 
  849.000  9.839271e-01 
  850.000  9.834078e-01 
  851.000  9.823148e-01 
  852.000  9.854901e-01 
  853.000  9.857757e-01 
  854.000  9.855060e-01 
  855.000  9.855060e-01 
  856.000  9.857797e-01 
  857.000  9.873890e-01 
  858.000  9.858814e-01 
  859.000  9.868541e-01 
  860.000  9.878321e-01 
  861.000  9.874408e-01 
  862.000  9.879134e-01 
  863.000  9.880140e-01 
  864.000  9.881791e-01 
  865.000  9.881791e-01 
  866.000  9.882485e-01 
  867.000  9.883087e-01 
  868.000  9.883381e-01 
  869.000  9.883591e-01 
  870.000  9.883415e-01 
  871.000  9.885022e-01 
  872.000  9.885756e-01 
  873.000  9.884807e-01 
  874.000  9.884807e-01 
  875.000  9.887583e-01 
  876.000  9.888026e-01 
  877.000  9.887157e-01 
  878.000  9.886922e-01 
  879.000  9.886712e-01 
  880.000  9.889296e-01 
  881.000  9.889296e-01 
  882.000  9.881730e-01 
  883.000  9.883096e-01 
  884.000  9.884834e-01 
  885.000  9.886914e-01 
  886.000  9.836594e-01 
  887.000  9.883100e-01 
  888.000  9.883100e-01 
  889.000  9.872354e-01 
  890.000  9.844510e-01 
  891.000  9.884780e-01 
  892.000  9.839407e-01 
  893.000  9.741918e-01 
  894.000  9.741918e-01 
  895.000  9.521028e-01 
  896.000  9.251733e-01 
  897.000  8.318363e-01 
  898.000  9.158875e-01 
  899.000  7.528177e-01 
  900.000  7.528177e-01 
  901.000  7.929191e-01 
  902.000  8.193343e-01 
  903.000  8.605887e-01 
  904.000  9.517241e-01 
  905.000  9.409468e-01 
  906.000  9.409468e-01 
  907.000  8.324470e-01 
  908.000  8.141495e-01 
  909.000  8.249473e-01 
  910.000  8.003085e-01 
  911.000  8.003085e-01 
  912.000  8.990592e-01 
  913.000  8.495224e-01 
  914.000  8.210217e-01 
  915.000  7.766898e-01 
  916.000  7.766898e-01 
  917.000  8.964809e-01 
  918.000  7.999745e-01 
  919.000  8.850457e-01 
  920.000  9.503794e-01 
  921.000  9.503794e-01 
  922.000  9.300036e-01 
  923.000  9.247903e-01 
  924.000  9.058562e-01 
  925.000  9.058562e-01 
  926.000  9.142237e-01 
  927.000  9.295551e-01 
  928.000  8.175986e-01 
  929.000  7.982268e-01 
  930.000  7.982268e-01 
  931.000  6.690650e-01 
  932.000  4.854183e-01 
  933.000  4.911773e-01 
  934.000  4.911773e-01 
  935.000  4.504051e-01 
  936.000  4.194526e-01 
  937.000  3.845033e-01 
  938.000  3.845033e-01 
  939.000  5.407091e-01 
  940.000  6.795585e-01 
  941.000  6.316069e-01 
  942.000  6.316069e-01 
  943.000  5.257963e-01 
  944.000  5.374960e-01 
  945.000  6.128011e-01 
  946.000  6.128011e-01 
  947.000  5.365970e-01 
  948.000  5.653906e-01 
  949.000  6.397003e-01 
  950.000  6.397003e-01 
  951.000  6.575130e-01 
  952.000  5.381111e-01 
  953.000  6.861637e-01 
  954.000  6.861637e-01 
  955.000  6.884605e-01 
  956.000  5.726255e-01 
  957.000  7.389750e-01 
  958.000  7.389750e-01 
  959.000  6.255938e-01 
  960.000  7.036517e-01 
  961.000  7.036517e-01 
  962.000  7.572204e-01 
  963.000  8.146926e-01 
  964.000  7.085022e-01 
  965.000  7.085022e-01 
  966.000  7.785550e-01 
  967.000  8.636293e-01 
  968.000  8.636293e-01 
  969.000  8.889313e-01 
  970.000  9.248099e-01 
  971.000  9.392977e-01 
  972.000  9.392977e-01 
  973.000  9.207265e-01 
  974.000  8.386860e-01 
  975.000  8.386860e-01 
  976.000  8.259001e-01 
  977.000  9.068173e-01 
  978.000  8.948036e-01 
  979.000  8.948036e-01 
  980.000  8.980559e-01 
  981.000  9.638183e-01 
  982.000  9.638183e-01 
  983.000  9.470547e-01 
  984.000  9.613053e-01 
  985.000  9.613053e-01 
  986.000  9.855067e-01 
  987.000  9.761086e-01 
  988.000  9.761086e-01 
  989.000  9.895410e-01 
  990.000  9.836817e-01 
  991.000  9.836817e-01 
  992.000  9.875298e-01 
  993.000  9.870433e-01 
  994.000  9.870433e-01 
  995.000  9.921690e-01 
  996.000  9.922792e-01 
  997.000  9.922792e-01 
  998.000  9.921892e-01 
  999.000  9.917003e-01 
 1000.000  9.917003e-01 
 1001.000  9.921107e-01 
 1002.000  9.844423e-01 
 1003.000  9.844423e-01 
 1004.000  9.919695e-01 
 1005.000  9.925295e-01 
 1006.000  9.925295e-01 
 1007.000  9.928077e-01 
 1008.000  9.909467e-01 
 1009.000  9.909467e-01 
 1010.000  9.847047e-01 
 1011.000  9.925408e-01 
 1012.000  9.925408e-01 
 1013.000  9.929535e-01 
 1014.000  9.927861e-01 
 1015.000  9.927861e-01 
 1016.000  9.930514e-01 
 1017.000  9.927945e-01 
 1018.000  9.927945e-01 
 1019.000  9.920059e-01 
 1020.000  9.932675e-01 
 1021.000  9.932675e-01 
 1022.000  9.921891e-01 
 1023.000  9.921891e-01 
 1024.000  9.921257e-01 
 1025.000  9.933315e-01 
 1026.000  9.933315e-01 
 1027.000  9.927750e-01 
 1028.000  9.934699e-01 
 1029.000  9.934699e-01 
 1030.000  9.938142e-01 
 1031.000  9.936919e-01 
 1032.000  9.936919e-01 
 1033.000  9.938231e-01 
 1034.000  9.938231e-01 
 1035.000  9.939666e-01 
 1036.000  9.937224e-01 
 1037.000  9.937224e-01 
 1038.000  9.936853e-01 
 1039.000  9.934052e-01 
 1040.000  9.934052e-01 
 1041.000  9.932221e-01 
 1042.000  9.932221e-01 
 1043.000  9.929712e-01 
 1044.000  9.925823e-01 
 1045.000  9.925823e-01 
 1046.000  9.920412e-01 
 1047.000  9.920412e-01 
 1048.000  9.914967e-01 
 1049.000  9.903799e-01 
 1050.000  9.903799e-01 
 1051.000  9.899063e-01 
 1052.000  9.899063e-01 
 1053.000  9.891558e-01 
 1054.000  9.885104e-01 
 1055.000  9.885104e-01 
 1056.000  9.877779e-01 
 1057.000  9.877779e-01 
 1058.000  9.870952e-01 
 1059.000  9.864348e-01 
 1060.000  9.864348e-01 
 1061.000  9.860163e-01 
 1062.000  9.860163e-01 
 1063.000  9.852398e-01 
 1064.000  9.843546e-01 
 1065.000  9.843546e-01 
 1066.000  9.855392e-01 
 1067.000  9.855392e-01 
 1068.000  9.849107e-01 
 1069.000  9.851893e-01 
 1070.000  9.851893e-01 
 1071.000  9.864637e-01 
 1072.000  9.864637e-01 
 1073.000  9.871337e-01 
 1074.000  9.871337e-01 
 1075.000  9.831848e-01 
 1076.000  9.818991e-01 
 1077.000  9.818991e-01 
 1078.000  9.865171e-01 
 1079.000  9.865171e-01 
 1080.000  9.819043e-01 
 1081.000  9.819043e-01 
 1082.000  9.835519e-01 
 1083.000  9.796742e-01 
 1084.000  9.796742e-01 
 1085.000  9.710968e-01 
 1086.000  9.710968e-01 
 1087.000  9.843638e-01 
 1088.000  9.843638e-01 
 1089.000  9.771026e-01 
 1090.000  9.736611e-01 
 1091.000  9.736611e-01 
 1092.000  9.627864e-01 
 1093.000  9.627864e-01 
 1094.000  9.646863e-01 
 1095.000  9.646863e-01 
 1096.000  9.576916e-01 
 1097.000  9.576916e-01 
 1098.000  9.472696e-01 
 1099.000  9.053967e-01 
 1100.000  9.053967e-01 
 1101.000  9.077927e-01 
 1102.000  9.077927e-01 
 1103.000  8.899346e-01 
 1104.000  8.899346e-01 
 1105.000  8.779395e-01 
 1106.000  8.779395e-01 
 1107.000  8.787122e-01 
 1108.000  8.787122e-01 
 1109.000  8.446833e-01 
 1110.000  8.207389e-01 
 1111.000  8.207389e-01 
 1112.000  7.714090e-01 
 1113.000  7.714090e-01 
 1114.000  7.022791e-01 
 1115.000  7.022791e-01 
 1116.000  4.706807e-01 
 1117.000  4.706807e-01 
 1118.000  5.751737e-01 
 1119.000  5.751737e-01 
 1120.000  4.904931e-01 
 1121.000  4.904931e-01 
 1122.000  3.045193e-01 
 1123.000  5.266020e-01 
 1124.000  5.266020e-01 
 1125.000  3.341431e-01 
 1126.000  3.341431e-01 
 1127.000  3.939248e-01 
 1128.000  3.939248e-01 
 1129.000  3.871732e-01 
 1130.000  3.871732e-01 
 1131.000  6.791502e-01 
 1132.000  6.791502e-01 
 1133.000  4.052415e-01 
 1134.000  4.052415e-01 
 1135.000  2.362957e-01 
 1136.000  2.362957e-01 
 1137.000  6.865354e-01 
 1138.000  6.865354e-01 
 1139.000  6.265962e-01 
 1140.000  6.265962e-01 
 1141.000  6.105314e-01 
 1142.000  6.105314e-01 
 1143.000  6.527963e-01 
 1144.000  6.527963e-01 
 1145.000  4.402280e-01 
 1146.000  4.402280e-01 
 1147.000  4.321620e-01 
 1148.000  4.321620e-01 
 1149.000  5.546504e-01 
 1150.000  5.546504e-01 
 1151.000  6.539340e-01 
 1152.000  6.539340e-01 
 1153.000  6.100628e-01 
 1154.000  6.100628e-01 
 1155.000  6.701793e-01 
 1156.000  6.701793e-01 
 1157.000  7.499440e-01 
 1158.000  7.499440e-01 
 1159.000  8.300819e-01 
 1160.000  8.300819e-01 
 1161.000  8.127881e-01 
 1162.000  8.127881e-01 
 1163.000  8.902777e-01 
 1164.000  8.902777e-01 
 1165.000  8.575805e-01 
 1166.000  8.575805e-01 
 1167.000  9.120931e-01 
 1168.000  9.120931e-01 
 1169.000  9.131652e-01 
 1170.000  9.131652e-01 
 1171.000  9.272037e-01 
 1172.000  9.272037e-01 
 1173.000  8.476707e-01 
 1174.000  8.476707e-01 
 1175.000  9.605528e-01 
 1176.000  9.605528e-01 
 1177.000  8.891769e-01 
 1178.000  8.891769e-01 
 1179.000  9.408247e-01 
 1180.000  9.408247e-01 
 1181.000  8.370777e-01 
 1182.000  8.370777e-01 
 1183.000  9.112415e-01 
 1184.000  9.112415e-01 
 1185.000  9.346105e-01 
 1186.000  9.346105e-01 
 1187.000  8.529469e-01 
 1188.000  8.529469e-01 
 1189.000  8.529469e-01 
 1190.000  9.117224e-01 
 1191.000  9.117224e-01 
 1192.000  9.643593e-01 
 1193.000  9.643593e-01 
 1194.000  9.271066e-01 
 1195.000  9.271066e-01 
 1196.000  9.406412e-01 
 1197.000  9.406412e-01 
 1198.000  9.058573e-01 
 1199.000  9.058573e-01 
 1200.000  9.040879e-01 
