  250.000  0.000000e+00 
  251.000  0.000000e+00 
  252.000  0.000000e+00 
  253.000  0.000000e+00 
  254.000  0.000000e+00 
  255.000  0.000000e+00 
  256.000  0.000000e+00 
  257.000  0.000000e+00 
  258.000  0.000000e+00 
  259.000  0.000000e+00 
  260.000  0.000000e+00 
  261.000  0.000000e+00 
  262.000  0.000000e+00 
  263.000  0.000000e+00 
  264.000  0.000000e+00 
  265.000  0.000000e+00 
  266.000  0.000000e+00 
  267.000  0.000000e+00 
  268.000  0.000000e+00 
  269.000  0.000000e+00 
  270.000  0.000000e+00 
  271.000  0.000000e+00 
  272.000  0.000000e+00 
  273.000  0.000000e+00 
  274.000  0.000000e+00 
  275.000  0.000000e+00 
  276.000  0.000000e+00 
  277.000  0.000000e+00 
  278.000  0.000000e+00 
  279.000  0.000000e+00 
  280.000  0.000000e+00 
  281.000  0.000000e+00 
  282.000  0.000000e+00 
  283.000  0.000000e+00 
  284.000  0.000000e+00 
  285.000  0.000000e+00 
  286.000  0.000000e+00 
  287.000  0.000000e+00 
  288.000  0.000000e+00 
  289.000  0.000000e+00 
  290.000  3.301594e-11 
  291.000  3.032994e-10 
  292.000  6.492623e-09 
  293.000  3.860575e-08 
  294.000  3.006778e-07 
  295.000  1.081612e-06 
  296.000  6.981265e-06 
  297.000  2.062049e-05 
  298.000  7.530785e-05 
  299.000  1.825308e-04 
  300.000  4.645359e-04 
  301.000  9.859225e-04 
  302.000  1.870162e-03 
  303.000  4.067886e-03 
  304.000  5.276222e-03 
  305.000  9.953442e-03 
  306.000  1.399058e-02 
  307.000  2.156527e-02 
  308.000  2.808724e-02 
  309.000  3.638649e-02 
  310.000  5.054540e-02 
  311.000  5.754855e-02 
  312.000  6.965740e-02 
  313.000  8.551475e-02 
  314.000  9.196672e-02 
  315.000  1.127860e-01 
  316.000  1.183208e-01 
  317.000  1.360608e-01 
  318.000  1.455003e-01 
  319.000  1.744100e-01 
  320.000  1.558039e-01 
  321.000  1.992128e-01 
  322.000  1.812901e-01 
  323.000  2.026698e-01 
  324.000  2.320421e-01 
  325.000  2.111567e-01 
  326.000  2.419262e-01 
  327.000  2.511906e-01 
  328.000  2.359413e-01 
  329.000  2.713420e-01 
  330.000  2.776282e-01 
  331.000  2.627751e-01 
  332.000  2.880936e-01 
  333.000  2.935706e-01 
  334.000  2.906427e-01 
  335.000  3.066216e-01 
  336.000  3.135218e-01 
  337.000  3.095590e-01 
  338.000  3.205892e-01 
  339.000  3.284895e-01 
  340.000  3.275497e-01 
  341.000  3.367343e-01 
  342.000  3.429810e-01 
  343.000  3.472414e-01 
  344.000  3.461890e-01 
  345.000  3.561402e-01 
  346.000  3.610525e-01 
  347.000  3.652595e-01 
  348.000  3.699152e-01 
  349.000  3.754238e-01 
  350.000  3.798631e-01 
  351.000  3.847972e-01 
  352.000  3.889866e-01 
  353.000  3.940044e-01 
  354.000  3.976396e-01 
  355.000  4.015949e-01 
  356.000  4.065889e-01 
  357.000  4.098824e-01 
  358.000  4.135323e-01 
  359.000  4.171280e-01 
  360.000  4.206570e-01 
  361.000  4.243709e-01 
  362.000  4.300547e-01 
  363.000  4.349016e-01 
  364.000  4.397260e-01 
  365.000  4.437944e-01 
  366.000  4.482847e-01 
  367.000  4.525196e-01 
  368.000  4.565705e-01 
  369.000  4.599738e-01 
  370.000  4.640355e-01 
  371.000  4.683202e-01 
  372.000  4.718966e-01 
  373.000  4.762510e-01 
  374.000  4.804129e-01 
  375.000  4.837863e-01 
  376.000  4.873170e-01 
  377.000  4.913202e-01 
  378.000  4.944224e-01 
  379.000  4.978013e-01 
  380.000  5.010644e-01 
  381.000  5.046064e-01 
  382.000  5.093468e-01 
  383.000  5.141843e-01 
  384.000  5.175000e-01 
  385.000  5.217425e-01 
  386.000  5.251330e-01 
  387.000  5.291365e-01 
  388.000  5.322889e-01 
  389.000  5.354965e-01 
  390.000  5.395123e-01 
  391.000  5.428089e-01 
  392.000  5.455927e-01 
  393.000  5.502126e-01 
  394.000  5.534147e-01 
  395.000  5.565236e-01 
  396.000  5.604510e-01 
  397.000  5.640035e-01 
  398.000  5.665020e-01 
  399.000  5.698963e-01 
  400.000  5.728298e-01 
  401.000  5.766881e-01 
  402.000  5.801447e-01 
  403.000  5.837017e-01 
  404.000  5.860999e-01 
  405.000  5.894013e-01 
  406.000  5.925030e-01 
  407.000  5.965267e-01 
  408.000  5.985335e-01 
  409.000  6.014273e-01 
  410.000  6.044710e-01 
  411.000  6.078842e-01 
  412.000  6.113997e-01 
  413.000  6.133374e-01 
  414.000  6.169686e-01 
  415.000  6.198323e-01 
  416.000  6.235073e-01 
  417.000  6.256868e-01 
  418.000  6.281724e-01 
  419.000  6.317011e-01 
  420.000  6.340845e-01 
  421.000  6.368488e-01 
  422.000  6.391137e-01 
  423.000  6.422201e-01 
  424.000  6.446267e-01 
  425.000  6.482149e-01 
  426.000  6.508822e-01 
  427.000  6.533916e-01 
  428.000  6.556681e-01 
  429.000  6.589159e-01 
  430.000  6.616196e-01 
  431.000  6.627058e-01 
  432.000  6.664783e-01 
  433.000  6.691117e-01 
  434.000  6.708343e-01 
  435.000  6.726478e-01 
  436.000  6.756815e-01 
  437.000  6.796392e-01 
  438.000  6.816666e-01 
  439.000  6.822471e-01 
  440.000  6.852189e-01 
  441.000  6.877868e-01 
  442.000  6.908671e-01 
  443.000  6.924782e-01 
  444.000  6.946496e-01 
  445.000  6.955184e-01 
  446.000  6.983125e-01 
  447.000  7.012880e-01 
  448.000  7.015147e-01 
  449.000  7.053370e-01 
  450.000  7.084892e-01 
  451.000  7.103906e-01 
  452.000  7.119507e-01 
  453.000  7.142937e-01 
  454.000  7.175026e-01 
  455.000  7.186155e-01 
  456.000  7.204852e-01 
  457.000  7.226394e-01 
  458.000  7.240558e-01 
  459.000  7.259591e-01 
  460.000  7.271444e-01 
  461.000  7.291338e-01 
  462.000  7.318890e-01 
  463.000  7.320758e-01 
  464.000  7.347772e-01 
  465.000  7.366440e-01 
  466.000  7.400480e-01 
  467.000  7.411074e-01 
  468.000  7.430738e-01 
  469.000  7.446456e-01 
  470.000  7.464366e-01 
  471.000  7.483249e-01 
  472.000  7.490962e-01 
  473.000  7.495684e-01 
  474.000  7.485482e-01 
  475.000  7.487020e-01 
  476.000  7.494217e-01 
  477.000  7.501443e-01 
  478.000  7.510853e-01 
  479.000  7.529484e-01 
  480.000  7.552847e-01 
  481.000  7.591332e-01 
  482.000  7.622519e-01 
  483.000  7.650911e-01 
  484.000  7.665600e-01 
  485.000  7.677447e-01 
  486.000  7.687441e-01 
  487.000  7.710570e-01 
  488.000  7.722580e-01 
  489.000  7.732049e-01 
  490.000  7.756924e-01 
  491.000  7.771834e-01 
  492.000  7.785583e-01 
  493.000  7.799187e-01 
  494.000  7.808559e-01 
  495.000  7.819020e-01 
  496.000  7.826288e-01 
  497.000  7.838457e-01 
  498.000  7.847285e-01 
  499.000  7.858472e-01 
  500.000  7.866405e-01 
  501.000  7.866030e-01 
  502.000  7.859474e-01 
  503.000  7.849538e-01 
  504.000  7.839757e-01 
  505.000  7.860719e-01 
  506.000  7.873689e-01 
  507.000  7.882638e-01 
  508.000  7.909915e-01 
  509.000  7.925518e-01 
  510.000  7.943768e-01 
  511.000  7.958904e-01 
  512.000  7.969315e-01 
  513.000  7.990398e-01 
  514.000  7.999532e-01 
  515.000  8.016136e-01 
  516.000  8.022759e-01 
  517.000  8.034719e-01 
  518.000  8.037348e-01 
  519.000  8.044798e-01 
  520.000  8.048579e-01 
  521.000  8.057803e-01 
  522.000  8.060105e-01 
  523.000  8.063532e-01 
  524.000  8.066196e-01 
  525.000  8.061340e-01 
  526.000  8.061172e-01 
  527.000  8.060831e-01 
  528.000  8.057603e-01 
  529.000  8.055673e-01 
  530.000  8.054265e-01 
  531.000  8.058717e-01 
  532.000  8.062823e-01 
  533.000  8.069713e-01 
  534.000  8.079052e-01 
  535.000  8.084756e-01 
  536.000  8.094831e-01 
  537.000  8.105289e-01 
  538.000  8.110769e-01 
  539.000  8.114539e-01 
  540.000  8.123637e-01 
  541.000  8.114192e-01 
  542.000  8.120838e-01 
  543.000  8.133963e-01 
  544.000  8.141247e-01 
  545.000  8.134825e-01 
  546.000  8.134685e-01 
  547.000  8.151914e-01 
  548.000  8.168399e-01 
  549.000  8.171771e-01 
  550.000  8.178018e-01 
  551.000  8.187444e-01 
  552.000  8.191056e-01 
  553.000  8.195540e-01 
  554.000  8.200926e-01 
  555.000  8.205237e-01 
  556.000  8.202031e-01 
  557.000  8.195958e-01 
  558.000  8.191224e-01 
  559.000  8.185051e-01 
  560.000  8.179162e-01 
  561.000  8.174482e-01 
  562.000  8.171453e-01 
  563.000  8.165274e-01 
  564.000  8.158910e-01 
  565.000  8.153443e-01 
  566.000  8.151034e-01 
  567.000  8.143114e-01 
  568.000  8.133047e-01 
  569.000  8.086846e-01 
  570.000  8.069367e-01 
  571.000  8.079481e-01 
  572.000  8.053626e-01 
  573.000  8.059914e-01 
  574.000  8.044614e-01 
  575.000  8.048384e-01 
  576.000  8.048579e-01 
  577.000  8.053566e-01 
  578.000  8.082548e-01 
  579.000  8.102959e-01 
  580.000  8.121810e-01 
  581.000  8.152488e-01 
  582.000  8.180724e-01 
  583.000  8.206474e-01 
  584.000  8.242050e-01 
  585.000  8.253119e-01 
  586.000  8.271877e-01 
  587.000  8.276198e-01 
  588.000  8.270462e-01 
  589.000  8.142884e-01 
  590.000  8.140239e-01 
  591.000  8.198883e-01 
  592.000  8.090187e-01 
  593.000  8.259995e-01 
  594.000  8.179926e-01 
  595.000  8.231090e-01 
  596.000  8.257556e-01 
  597.000  8.266210e-01 
  598.000  8.265131e-01 
  599.000  8.296731e-01 
  600.000  8.299467e-01 
  601.000  8.320564e-01 
  602.000  8.337432e-01 
  603.000  8.344983e-01 
  604.000  8.353837e-01 
  605.000  8.360754e-01 
  606.000  8.377463e-01 
  607.000  8.390760e-01 
  608.000  8.407879e-01 
  609.000  8.414901e-01 
  610.000  8.428918e-01 
  611.000  8.440114e-01 
  612.000  8.456579e-01 
  613.000  8.470398e-01 
  614.000  8.480365e-01 
  615.000  8.491962e-01 
  616.000  8.508282e-01 
  617.000  8.520013e-01 
  618.000  8.527857e-01 
  619.000  8.539336e-01 
  620.000  8.549119e-01 
  621.000  8.556044e-01 
  622.000  8.559088e-01 
  623.000  8.565212e-01 
  624.000  8.567343e-01 
  625.000  8.570448e-01 
  626.000  8.570924e-01 
  627.000  8.568485e-01 
  628.000  8.306152e-01 
  629.000  8.429492e-01 
  630.000  8.495197e-01 
  631.000  8.579870e-01 
  632.000  8.604375e-01 
  633.000  8.627910e-01 
  634.000  8.658183e-01 
  635.000  8.668636e-01 
  636.000  8.696697e-01 
  637.000  8.731259e-01 
  638.000  8.757121e-01 
  639.000  8.777884e-01 
  640.000  8.790934e-01 
  641.000  8.812371e-01 
  642.000  8.830113e-01 
  643.000  8.833550e-01 
  644.000  8.850263e-01 
  645.000  8.859779e-01 
  646.000  8.823897e-01 
  647.000  8.782153e-01 
  648.000  8.725210e-01 
  649.000  8.778279e-01 
  650.000  8.892156e-01 
  651.000  8.910465e-01 
  652.000  8.890539e-01 
  653.000  8.928151e-01 
  654.000  8.933570e-01 
  655.000  8.823755e-01 
  656.000  8.911044e-01 
  657.000  8.937696e-01 
  658.000  8.982441e-01 
  659.000  9.011570e-01 
  660.000  9.011768e-01 
  661.000  9.031405e-01 
  662.000  9.034210e-01 
  663.000  9.039732e-01 
  664.000  9.050915e-01 
  665.000  9.060524e-01 
  666.000  9.069214e-01 
  667.000  9.083083e-01 
  668.000  9.089337e-01 
  669.000  9.099961e-01 
  670.000  9.106266e-01 
  671.000  9.119105e-01 
  672.000  9.121880e-01 
  673.000  9.132578e-01 
  674.000  9.136685e-01 
  675.000  9.147769e-01 
  676.000  9.151097e-01 
  677.000  9.156994e-01 
  678.000  9.166580e-01 
  679.000  9.171668e-01 
  680.000  9.181735e-01 
  681.000  9.185305e-01 
  682.000  9.199104e-01 
  683.000  9.198862e-01 
  684.000  9.209504e-01 
  685.000  9.219394e-01 
  686.000  9.225370e-01 
  687.000  6.127735e-01 
  688.000  7.752182e-01 
  689.000  8.174776e-01 
  690.000  8.505454e-01 
  691.000  8.714635e-01 
  692.000  9.079533e-01 
  693.000  8.963160e-01 
  694.000  8.768447e-01 
  695.000  9.013812e-01 
  696.000  8.936144e-01 
  697.000  9.257650e-01 
  698.000  9.257324e-01 
  699.000  9.108027e-01 
  700.000  9.144092e-01 
  701.000  9.016584e-01 
  702.000  9.080008e-01 
  703.000  9.137137e-01 
  704.000  9.168619e-01 
  705.000  9.185138e-01 
  706.000  9.229847e-01 
  707.000  9.269758e-01 
  708.000  9.309200e-01 
  709.000  9.312273e-01 
  710.000  9.295973e-01 
  711.000  9.335283e-01 
  712.000  9.320514e-01 
  713.000  9.352380e-01 
  714.000  9.323852e-01 
  715.000  9.258715e-01 
  716.000  9.277096e-01 
  717.000  9.026868e-01 
  718.000  8.294541e-01 
  719.000  7.734236e-01 
  720.000  8.311322e-01 
  721.000  9.157977e-01 
  722.000  9.134609e-01 
  723.000  9.086598e-01 
  724.000  8.165032e-01 
  725.000  8.415213e-01 
  726.000  8.877045e-01 
  727.000  8.653086e-01 
  728.000  8.324077e-01 
  729.000  8.487502e-01 
  730.000  8.914676e-01 
  731.000  8.738806e-01 
  732.000  8.866366e-01 
  733.000  9.198570e-01 
  734.000  9.346406e-01 
  735.000  9.230092e-01 
  736.000  9.314049e-01 
  737.000  9.315169e-01 
  738.000  9.372900e-01 
  739.000  9.388955e-01 
  740.000  9.455961e-01 
  741.000  9.486796e-01 
  742.000  9.491934e-01 
  743.000  9.493173e-01 
  744.000  9.502772e-01 
  745.000  9.507882e-01 
  746.000  9.516417e-01 
  747.000  9.519687e-01 
  748.000  9.522370e-01 
  749.000  9.523523e-01 
  750.000  9.527326e-01 
  751.000  9.528741e-01 
  752.000  9.538543e-01 
  753.000  9.541015e-01 
  754.000  9.543488e-01 
  755.000  9.545987e-01 
  756.000  9.547538e-01 
  757.000  9.552589e-01 
  758.000  9.558470e-01 
  759.000  9.460701e-01 
  760.000  3.157340e-01 
  761.000  1.855126e-01 
  762.000  5.821462e-01 
  763.000  4.708129e-01 
  764.000  5.533750e-01 
  765.000  6.991372e-01 
  766.000  8.349093e-01 
  767.000  8.857459e-01 
  768.000  9.386376e-01 
  769.000  9.523270e-01 
  770.000  9.524409e-01 
  771.000  9.573784e-01 
  772.000  9.590637e-01 
  773.000  9.591928e-01 
  774.000  9.592442e-01 
  775.000  9.593763e-01 
  776.000  9.595705e-01 
  777.000  9.598208e-01 
  778.000  9.599719e-01 
  779.000  9.601374e-01 
  780.000  9.602752e-01 
  781.000  9.606944e-01 
  782.000  9.609236e-01 
  783.000  9.612166e-01 
  784.000  9.609709e-01 
  785.000  9.605855e-01 
  786.000  9.581816e-01 
  787.000  9.586776e-01 
  788.000  9.541498e-01 
  789.000  9.536438e-01 
  790.000  9.451808e-01 
  791.000  9.462216e-01 
  792.000  9.493812e-01 
  793.000  9.518995e-01 
  794.000  9.632158e-01 
  795.000  9.591125e-01 
  796.000  9.362502e-01 
  797.000  9.541888e-01 
  798.000  9.549231e-01 
  799.000  9.581932e-01 
  800.000  9.482497e-01 
  801.000  9.441804e-01 
  802.000  9.512739e-01 
  803.000  9.490257e-01 
  804.000  9.488110e-01 
  805.000  9.541308e-01 
  806.000  9.624434e-01 
  807.000  9.573084e-01 
  808.000  9.627255e-01 
  809.000  9.540703e-01 
  810.000  9.502670e-01 
  811.000  9.531512e-01 
  812.000  9.437318e-01 
  813.000  9.268492e-01 
  814.000  8.964478e-01 
  815.000  8.652077e-01 
  816.000  8.878570e-01 
  817.000  7.754377e-01 
  818.000  8.529819e-01 
  819.000  8.829948e-01 
  820.000  8.413205e-01 
  821.000  9.477491e-01 
  822.000  9.316882e-01 
  823.000  7.375501e-01 
  824.000  9.122812e-01 
  825.000  9.394696e-01 
  826.000  9.108198e-01 
  827.000  9.385518e-01 
  828.000  8.692523e-01 
  829.000  9.243119e-01 
  830.000  9.134684e-01 
  831.000  9.162141e-01 
  832.000  9.188783e-01 
  833.000  9.375443e-01 
  834.000  9.408565e-01 
  835.000  9.501531e-01 
  836.000  9.535521e-01 
  837.000  9.502257e-01 
  838.000  9.602395e-01 
  839.000  9.628317e-01 
  840.000  9.643768e-01 
  841.000  9.643768e-01 
  842.000  9.571860e-01 
  843.000  9.699606e-01 
  844.000  9.618958e-01 
  845.000  9.683537e-01 
  846.000  9.702622e-01 
  847.000  9.716644e-01 
  848.000  9.699824e-01 
  849.000  9.708059e-01 
  850.000  9.705188e-01 
  851.000  9.700600e-01 
  852.000  9.732251e-01 
  853.000  9.735454e-01 
  854.000  9.733803e-01 
  855.000  9.733803e-01 
  856.000  9.736769e-01 
  857.000  9.753625e-01 
  858.000  9.739254e-01 
  859.000  9.749641e-01 
  860.000  9.759296e-01 
  861.000  9.756156e-01 
  862.000  9.761536e-01 
  863.000  9.761827e-01 
  864.000  9.765580e-01 
  865.000  9.765580e-01 
  866.000  9.766424e-01 
  867.000  9.767610e-01 
  868.000  9.768199e-01 
  869.000  9.768633e-01 
  870.000  9.769752e-01 
  871.000  9.771507e-01 
  872.000  9.773311e-01 
  873.000  9.772988e-01 
  874.000  9.772988e-01 
  875.000  9.776690e-01 
  876.000  9.777547e-01 
  877.000  9.777374e-01 
  878.000  9.777787e-01 
  879.000  9.777835e-01 
  880.000  9.781309e-01 
  881.000  9.781309e-01 
  882.000  9.774696e-01 
  883.000  9.776214e-01 
  884.000  9.778718e-01 
  885.000  9.781441e-01 
  886.000  9.732825e-01 
  887.000  9.779099e-01 
  888.000  9.779099e-01 
  889.000  9.768716e-01 
  890.000  9.742188e-01 
  891.000  9.782269e-01 
  892.000  9.738823e-01 
  893.000  9.645306e-01 
  894.000  9.645306e-01 
  895.000  9.428132e-01 
  896.000  9.166079e-01 
  897.000  8.251187e-01 
  898.000  9.080741e-01 
  899.000  7.472218e-01 
  900.000  7.472218e-01 
  901.000  7.867479e-01 
  902.000  8.130527e-01 
  903.000  8.533601e-01 
  904.000  9.432070e-01 
  905.000  9.323906e-01 
  906.000  9.323906e-01 
  907.000  8.261138e-01 
  908.000  8.081245e-01 
  909.000  8.187680e-01 
  910.000  7.947509e-01 
  911.000  7.947509e-01 
  912.000  8.919187e-01 
  913.000  8.430994e-01 
  914.000  8.147708e-01 
  915.000  7.710353e-01 
  916.000  7.710353e-01 
  917.000  8.894095e-01 
  918.000  7.945006e-01 
  919.000  8.783046e-01 
  920.000  9.425998e-01 
  921.000  9.425998e-01 
  922.000  9.223736e-01 
  923.000  9.173610e-01 
  924.000  8.993422e-01 
  925.000  8.993422e-01 
  926.000  9.074090e-01 
  927.000  9.221841e-01 
  928.000  8.125445e-01 
  929.000  7.939976e-01 
  930.000  7.939976e-01 
  931.000  6.662777e-01 
  932.000  4.858571e-01 
  933.000  4.922413e-01 
  934.000  4.922413e-01 
  935.000  4.505244e-01 
  936.000  4.202244e-01 
  937.000  3.859451e-01 
  938.000  3.859451e-01 
  939.000  5.405872e-01 
  940.000  6.777617e-01 
  941.000  6.303682e-01 
  942.000  6.303682e-01 
  943.000  5.260262e-01 
  944.000  5.372535e-01 
  945.000  6.115159e-01 
  946.000  6.115159e-01 
  947.000  5.364521e-01 
  948.000  5.647085e-01 
  949.000  6.381186e-01 
  950.000  6.381186e-01 
  951.000  6.548837e-01 
  952.000  5.375958e-01 
  953.000  6.835498e-01 
  954.000  6.835498e-01 
  955.000  6.858674e-01 
  956.000  5.717351e-01 
  957.000  7.358899e-01 
  958.000  7.358899e-01 
  959.000  6.240045e-01 
  960.000  7.009862e-01 
  961.000  7.009862e-01 
  962.000  7.533767e-01 
  963.000  8.098732e-01 
  964.000  7.056579e-01 
  965.000  7.056579e-01 
  966.000  7.748942e-01 
  967.000  8.587047e-01 
  968.000  8.587047e-01 
  969.000  8.834516e-01 
  970.000  9.191942e-01 
  971.000  9.334917e-01 
  972.000  9.334917e-01 
  973.000  9.151567e-01 
  974.000  8.345847e-01 
  975.000  8.345847e-01 
  976.000  8.217638e-01 
  977.000  9.013349e-01 
  978.000  8.894705e-01 
  979.000  8.894705e-01 
  980.000  8.928654e-01 
  981.000  9.573161e-01 
  982.000  9.573161e-01 
  983.000  9.408953e-01 
  984.000  9.548720e-01 
  985.000  9.548720e-01 
  986.000  9.787651e-01 
  987.000  9.695218e-01 
  988.000  9.695218e-01 
  989.000  9.828177e-01 
  990.000  9.771374e-01 
  991.000  9.771374e-01 
  992.000  9.808822e-01 
  993.000  9.804510e-01 
  994.000  9.804510e-01 
  995.000  9.855663e-01 
  996.000  9.856900e-01 
  997.000  9.856900e-01 
  998.000  9.856512e-01 
  999.000  9.852190e-01 
 1000.000  9.852190e-01 
 1001.000  9.856700e-01 
 1002.000  9.781269e-01 
 1003.000  9.781269e-01 
 1004.000  9.855933e-01 
 1005.000  9.861565e-01 
 1006.000  9.861565e-01 
 1007.000  9.864634e-01 
 1008.000  9.847022e-01 
 1009.000  9.847022e-01 
 1010.000  9.785708e-01 
 1011.000  9.863232e-01 
 1012.000  9.863232e-01 
 1013.000  9.867729e-01 
 1014.000  9.866542e-01 
 1015.000  9.866542e-01 
 1016.000  9.869409e-01 
 1017.000  9.867413e-01 
 1018.000  9.867413e-01 
 1019.000  9.860088e-01 
 1020.000  9.872713e-01 
 1021.000  9.872713e-01 
 1022.000  9.862647e-01 
 1023.000  9.862647e-01 
 1024.000  9.862213e-01 
 1025.000  9.874291e-01 
 1026.000  9.874291e-01 
 1027.000  9.869055e-01 
 1028.000  9.875935e-01 
 1029.000  9.875935e-01 
 1030.000  9.879287e-01 
 1031.000  9.877990e-01 
 1032.000  9.877990e-01 
 1033.000  9.878928e-01 
 1034.000  9.878928e-01 
 1035.000  9.879794e-01 
 1036.000  9.874939e-01 
 1037.000  9.874939e-01 
 1038.000  9.874192e-01 
 1039.000  9.868953e-01 
 1040.000  9.868953e-01 
 1041.000  9.865015e-01 
 1042.000  9.865015e-01 
 1043.000  9.860016e-01 
 1044.000  9.852301e-01 
 1045.000  9.852301e-01 
 1046.000  9.841570e-01 
 1047.000  9.841570e-01 
 1048.000  9.830778e-01 
 1049.000  9.808656e-01 
 1050.000  9.808656e-01 
 1051.000  9.799296e-01 
 1052.000  9.799296e-01 
 1053.000  9.784456e-01 
 1054.000  9.771774e-01 
 1055.000  9.771774e-01 
 1056.000  9.757257e-01 
 1057.000  9.757257e-01 
 1058.000  9.743842e-01 
 1059.000  9.730795e-01 
 1060.000  9.730795e-01 
 1061.000  9.722594e-01 
 1062.000  9.722594e-01 
 1063.000  9.708332e-01 
 1064.000  9.696764e-01 
 1065.000  9.696764e-01 
 1066.000  9.713363e-01 
 1067.000  9.713363e-01 
 1068.000  9.704693e-01 
 1069.000  9.717347e-01 
 1070.000  9.717347e-01 
 1071.000  9.736881e-01 
 1072.000  9.736881e-01 
 1073.000  9.750557e-01 
 1074.000  9.750557e-01 
 1075.000  9.720779e-01 
 1076.000  9.716352e-01 
 1077.000  9.716352e-01 
 1078.000  9.771017e-01 
 1079.000  9.771017e-01 
 1080.000  9.732849e-01 
 1081.000  9.732849e-01 
 1082.000  9.758319e-01 
 1083.000  9.727662e-01 
 1084.000  9.727662e-01 
 1085.000  9.646538e-01 
 1086.000  9.646538e-01 
 1087.000  9.783502e-01 
 1088.000  9.783502e-01 
 1089.000  9.718488e-01 
 1090.000  9.687065e-01 
 1091.000  9.687065e-01 
 1092.000  9.586103e-01 
 1093.000  9.586103e-01 
 1094.000  9.602841e-01 
 1095.000  9.602841e-01 
 1096.000  9.536276e-01 
 1097.000  9.536276e-01 
 1098.000  9.436231e-01 
 1099.000  9.023618e-01 
 1100.000  9.023618e-01 
 1101.000  9.046542e-01 
 1102.000  9.046542e-01 
 1103.000  8.870573e-01 
 1104.000  8.870573e-01 
 1105.000  8.754206e-01 
 1106.000  8.754206e-01 
 1107.000  8.761612e-01 
 1108.000  8.761612e-01 
 1109.000  8.427867e-01 
 1110.000  8.194256e-01 
 1111.000  8.194256e-01 
 1112.000  7.703696e-01 
 1113.000  7.703696e-01 
 1114.000  7.021235e-01 
 1115.000  7.021235e-01 
 1116.000  4.725517e-01 
 1117.000  4.725517e-01 
 1118.000  5.773491e-01 
 1119.000  5.773491e-01 
 1120.000  4.932097e-01 
 1121.000  4.932097e-01 
 1122.000  3.075061e-01 
 1123.000  5.283844e-01 
 1124.000  5.283844e-01 
 1125.000  3.371911e-01 
 1126.000  3.371911e-01 
 1127.000  3.972107e-01 
 1128.000  3.972107e-01 
 1129.000  3.909828e-01 
 1130.000  3.909828e-01 
 1131.000  6.804202e-01 
 1132.000  6.804202e-01 
 1133.000  4.090981e-01 
 1134.000  4.090981e-01 
 1135.000  2.383184e-01 
 1136.000  2.383184e-01 
 1137.000  6.869954e-01 
 1138.000  6.869954e-01 
 1139.000  6.277298e-01 
 1140.000  6.277298e-01 
 1141.000  6.127724e-01 
 1142.000  6.127724e-01 
 1143.000  6.539733e-01 
 1144.000  6.539733e-01 
 1145.000  4.437229e-01 
 1146.000  4.437229e-01 
 1147.000  4.350297e-01 
 1148.000  4.350297e-01 
 1149.000  5.555636e-01 
 1150.000  5.555636e-01 
 1151.000  6.542111e-01 
 1152.000  6.542111e-01 
 1153.000  6.094915e-01 
 1154.000  6.094915e-01 
 1155.000  6.677853e-01 
 1156.000  6.677853e-01 
 1157.000  7.468820e-01 
 1158.000  7.468820e-01 
 1159.000  8.274777e-01 
 1160.000  8.274777e-01 
 1161.000  8.085599e-01 
 1162.000  8.085599e-01 
 1163.000  8.843400e-01 
 1164.000  8.843400e-01 
 1165.000  8.530136e-01 
 1166.000  8.530136e-01 
 1167.000  9.075236e-01 
 1168.000  9.075236e-01 
 1169.000  9.085059e-01 
 1170.000  9.085059e-01 
 1171.000  9.229099e-01 
 1172.000  9.229099e-01 
 1173.000  8.446882e-01 
 1174.000  8.446882e-01 
 1175.000  9.567273e-01 
 1176.000  9.567273e-01 
 1177.000  8.864094e-01 
 1178.000  8.864094e-01 
 1179.000  9.375405e-01 
 1180.000  9.375405e-01 
 1181.000  8.346989e-01 
 1182.000  8.346989e-01 
 1183.000  9.087817e-01 
 1184.000  9.087817e-01 
 1185.000  9.319749e-01 
 1186.000  9.319749e-01 
 1187.000  8.504131e-01 
 1188.000  8.504131e-01 
 1189.000  8.504131e-01 
 1190.000  9.091812e-01 
 1191.000  9.091812e-01 
 1192.000  9.609874e-01 
 1193.000  9.609874e-01 
 1194.000  9.244957e-01 
 1195.000  9.244957e-01 
 1196.000  9.381320e-01 
 1197.000  9.381320e-01 
 1198.000  9.037979e-01 
 1199.000  9.037979e-01 
 1200.000  9.017420e-01 
