  250.000  0.000000e+00 
  251.000  0.000000e+00 
  252.000  0.000000e+00 
  253.000  0.000000e+00 
  254.000  0.000000e+00 
  255.000  0.000000e+00 
  256.000  0.000000e+00 
  257.000  0.000000e+00 
  258.000  0.000000e+00 
  259.000  0.000000e+00 
  260.000  0.000000e+00 
  261.000  0.000000e+00 
  262.000  0.000000e+00 
  263.000  0.000000e+00 
  264.000  0.000000e+00 
  265.000  0.000000e+00 
  266.000  0.000000e+00 
  267.000  0.000000e+00 
  268.000  0.000000e+00 
  269.000  0.000000e+00 
  270.000  0.000000e+00 
  271.000  0.000000e+00 
  272.000  0.000000e+00 
  273.000  0.000000e+00 
  274.000  0.000000e+00 
  275.000  0.000000e+00 
  276.000  0.000000e+00 
  277.000  0.000000e+00 
  278.000  0.000000e+00 
  279.000  0.000000e+00 
  280.000  0.000000e+00 
  281.000  0.000000e+00 
  282.000  0.000000e+00 
  283.000  0.000000e+00 
  284.000  0.000000e+00 
  285.000  0.000000e+00 
  286.000  0.000000e+00 
  287.000  0.000000e+00 
  288.000  0.000000e+00 
  289.000  0.000000e+00 
  290.000  0.000000e+00 
  291.000  0.000000e+00 
  292.000  2.293290e-05 
  293.000  6.430827e-05 
  294.000  2.109373e-04 
  295.000  4.420725e-04 
  296.000  1.300310e-03 
  297.000  2.430649e-03 
  298.000  5.137110e-03 
  299.000  8.557696e-03 
  300.000  1.467292e-02 
  301.000  2.264128e-02 
  302.000  3.271845e-02 
  303.000  5.121660e-02 
  304.000  5.938359e-02 
  305.000  8.558661e-02 
  306.000  1.039372e-01 
  307.000  1.332319e-01 
  308.000  1.548692e-01 
  309.000  1.794755e-01 
  310.000  2.165912e-01 
  311.000  2.328848e-01 
  312.000  2.595709e-01 
  313.000  2.915956e-01 
  314.000  3.033412e-01 
  315.000  3.405886e-01 
  316.000  3.493889e-01 
  317.000  3.779158e-01 
  318.000  3.919097e-01 
  319.000  4.344243e-01 
  320.000  4.058542e-01 
  321.000  4.670856e-01 
  322.000  4.411040e-01 
  323.000  4.696101e-01 
  324.000  5.067514e-01 
  325.000  4.787641e-01 
  326.000  5.170490e-01 
  327.000  5.273785e-01 
  328.000  5.073598e-01 
  329.000  5.491611e-01 
  330.000  5.554298e-01 
  331.000  5.369185e-01 
  332.000  5.652813e-01 
  333.000  5.704570e-01 
  334.000  5.660262e-01 
  335.000  5.828271e-01 
  336.000  5.892958e-01 
  337.000  5.838931e-01 
  338.000  5.947896e-01 
  339.000  6.022335e-01 
  340.000  6.003287e-01 
  341.000  6.090313e-01 
  342.000  6.145222e-01 
  343.000  6.178718e-01 
  344.000  6.159307e-01 
  345.000  6.250532e-01 
  346.000  6.291319e-01 
  347.000  6.323018e-01 
  348.000  6.360845e-01 
  349.000  6.405304e-01 
  350.000  6.439897e-01 
  351.000  6.478419e-01 
  352.000  6.510385e-01 
  353.000  6.548425e-01 
  354.000  6.575819e-01 
  355.000  6.605470e-01 
  356.000  6.642681e-01 
  357.000  6.667086e-01 
  358.000  6.694006e-01 
  359.000  6.720400e-01 
  360.000  6.746185e-01 
  361.000  6.773193e-01 
  362.000  6.814278e-01 
  363.000  6.849081e-01 
  364.000  6.883512e-01 
  365.000  6.912388e-01 
  366.000  6.944090e-01 
  367.000  6.973833e-01 
  368.000  7.002140e-01 
  369.000  7.025818e-01 
  370.000  7.053950e-01 
  371.000  7.083481e-01 
  372.000  7.108019e-01 
  373.000  7.137758e-01 
  374.000  7.166043e-01 
  375.000  7.188872e-01 
  376.000  7.212672e-01 
  377.000  7.239544e-01 
  378.000  7.260286e-01 
  379.000  7.282797e-01 
  380.000  7.304457e-01 
  381.000  7.327883e-01 
  382.000  7.359093e-01 
  383.000  7.390782e-01 
  384.000  7.412407e-01 
  385.000  7.439967e-01 
  386.000  7.461905e-01 
  387.000  7.487709e-01 
  388.000  7.507952e-01 
  389.000  7.528484e-01 
  390.000  7.554095e-01 
  391.000  7.575041e-01 
  392.000  7.592674e-01 
  393.000  7.621832e-01 
  394.000  7.641962e-01 
  395.000  7.661445e-01 
  396.000  7.685974e-01 
  397.000  7.708029e-01 
  398.000  7.723575e-01 
  399.000  7.744546e-01 
  400.000  7.762669e-01 
  401.000  7.786401e-01 
  402.000  7.807581e-01 
  403.000  7.829304e-01 
  404.000  7.843909e-01 
  405.000  7.863957e-01 
  406.000  7.882662e-01 
  407.000  7.906842e-01 
  408.000  7.918840e-01 
  409.000  7.936121e-01 
  410.000  7.954263e-01 
  411.000  7.974630e-01 
  412.000  7.995554e-01 
  413.000  8.007054e-01 
  414.000  8.028561e-01 
  415.000  8.045436e-01 
  416.000  8.067079e-01 
  417.000  8.079854e-01 
  418.000  8.094414e-01 
  419.000  8.114998e-01 
  420.000  8.128892e-01 
  421.000  8.144895e-01 
  422.000  8.157973e-01 
  423.000  8.175886e-01 
  424.000  8.189710e-01 
  425.000  8.210315e-01 
  426.000  8.225617e-01 
  427.000  8.240035e-01 
  428.000  8.253063e-01 
  429.000  8.271604e-01 
  430.000  8.287006e-01 
  431.000  8.293139e-01 
  432.000  8.314495e-01 
  433.000  8.329342e-01 
  434.000  8.339028e-01 
  435.000  8.349185e-01 
  436.000  8.366168e-01 
  437.000  8.388247e-01 
  438.000  8.399509e-01 
  439.000  8.402616e-01 
  440.000  8.419095e-01 
  441.000  8.433363e-01 
  442.000  8.449753e-01 
  443.000  8.457513e-01 
  444.000  8.471129e-01 
  445.000  8.473114e-01 
  446.000  8.487965e-01 
  447.000  8.507680e-01 
  448.000  8.508848e-01 
  449.000  8.529847e-01 
  450.000  8.547080e-01 
  451.000  8.557372e-01 
  452.000  8.565801e-01 
  453.000  8.578308e-01 
  454.000  8.595744e-01 
  455.000  8.601689e-01 
  456.000  8.611363e-01 
  457.000  8.622578e-01 
  458.000  8.629549e-01 
  459.000  8.639491e-01 
  460.000  8.645393e-01 
  461.000  8.656100e-01 
  462.000  8.670911e-01 
  463.000  8.671874e-01 
  464.000  8.686366e-01 
  465.000  8.696364e-01 
  466.000  8.714139e-01 
  467.000  8.719915e-01 
  468.000  8.730329e-01 
  469.000  8.736607e-01 
  470.000  8.745253e-01 
  471.000  8.757651e-01 
  472.000  8.761376e-01 
  473.000  8.763685e-01 
  474.000  8.758062e-01 
  475.000  8.757441e-01 
  476.000  8.761408e-01 
  477.000  8.764554e-01 
  478.000  8.769010e-01 
  479.000  8.778170e-01 
  480.000  8.789674e-01 
  481.000  8.809423e-01 
  482.000  8.825346e-01 
  483.000  8.839737e-01 
  484.000  8.846975e-01 
  485.000  8.851617e-01 
  486.000  8.856639e-01 
  487.000  8.870190e-01 
  488.000  8.876518e-01 
  489.000  8.881415e-01 
  490.000  8.894518e-01 
  491.000  8.902034e-01 
  492.000  8.908939e-01 
  493.000  8.915679e-01 
  494.000  8.920250e-01 
  495.000  8.925442e-01 
  496.000  8.928147e-01 
  497.000  8.933283e-01 
  498.000  8.936822e-01 
  499.000  8.941227e-01 
  500.000  8.943915e-01 
  501.000  8.941621e-01 
  502.000  8.929833e-01 
  503.000  8.914369e-01 
  504.000  8.894548e-01 
  505.000  8.925691e-01 
  506.000  8.922602e-01 
  507.000  8.923012e-01 
  508.000  8.947337e-01 
  509.000  8.961874e-01 
  510.000  8.975874e-01 
  511.000  8.982769e-01 
  512.000  8.988743e-01 
  513.000  9.001029e-01 
  514.000  9.005458e-01 
  515.000  9.014295e-01 
  516.000  9.017029e-01 
  517.000  9.022312e-01 
  518.000  9.023234e-01 
  519.000  9.026209e-01 
  520.000  9.027671e-01 
  521.000  9.030915e-01 
  522.000  9.031379e-01 
  523.000  9.032159e-01 
  524.000  9.031504e-01 
  525.000  9.026644e-01 
  526.000  9.026734e-01 
  527.000  9.023331e-01 
  528.000  9.021021e-01 
  529.000  9.017099e-01 
  530.000  9.016067e-01 
  531.000  9.017751e-01 
  532.000  9.019060e-01 
  533.000  9.022187e-01 
  534.000  9.025862e-01 
  535.000  9.028483e-01 
  536.000  9.032918e-01 
  537.000  9.037478e-01 
  538.000  9.040000e-01 
  539.000  9.039504e-01 
  540.000  9.042851e-01 
  541.000  9.024643e-01 
  542.000  9.032052e-01 
  543.000  9.045023e-01 
  544.000  9.048467e-01 
  545.000  9.037272e-01 
  546.000  9.030073e-01 
  547.000  9.045604e-01 
  548.000  9.060398e-01 
  549.000  9.062392e-01 
  550.000  9.062100e-01 
  551.000  9.071333e-01 
  552.000  9.072067e-01 
  553.000  9.074212e-01 
  554.000  9.076228e-01 
  555.000  9.077521e-01 
  556.000  9.074269e-01 
  557.000  9.069315e-01 
  558.000  9.065249e-01 
  559.000  9.059653e-01 
  560.000  9.054676e-01 
  561.000  9.050629e-01 
  562.000  9.047894e-01 
  563.000  9.043206e-01 
  564.000  9.038469e-01 
  565.000  9.034323e-01 
  566.000  9.031698e-01 
  567.000  9.024475e-01 
  568.000  9.017686e-01 
  569.000  8.967312e-01 
  570.000  8.959812e-01 
  571.000  8.980915e-01 
  572.000  8.952285e-01 
  573.000  8.969457e-01 
  574.000  8.955356e-01 
  575.000  8.966896e-01 
  576.000  8.963255e-01 
  577.000  8.963944e-01 
  578.000  8.989688e-01 
  579.000  9.001247e-01 
  580.000  9.012917e-01 
  581.000  9.029263e-01 
  582.000  9.042275e-01 
  583.000  9.056402e-01 
  584.000  9.072624e-01 
  585.000  9.075093e-01 
  586.000  9.084963e-01 
  587.000  9.085156e-01 
  588.000  9.062935e-01 
  589.000  8.890494e-01 
  590.000  8.876859e-01 
  591.000  8.951209e-01 
  592.000  8.810187e-01 
  593.000  9.028400e-01 
  594.000  8.918354e-01 
  595.000  8.981908e-01 
  596.000  9.018065e-01 
  597.000  9.029950e-01 
  598.000  9.027874e-01 
  599.000  9.070533e-01 
  600.000  9.076270e-01 
  601.000  9.099060e-01 
  602.000  9.111814e-01 
  603.000  9.116015e-01 
  604.000  9.123633e-01 
  605.000  9.126765e-01 
  606.000  9.136895e-01 
  607.000  9.145182e-01 
  608.000  9.155081e-01 
  609.000  9.159132e-01 
  610.000  9.167175e-01 
  611.000  9.173705e-01 
  612.000  9.183429e-01 
  613.000  9.191355e-01 
  614.000  9.197141e-01 
  615.000  9.203858e-01 
  616.000  9.213601e-01 
  617.000  9.220657e-01 
  618.000  9.225363e-01 
  619.000  9.232355e-01 
  620.000  9.238710e-01 
  621.000  9.243359e-01 
  622.000  9.245408e-01 
  623.000  9.250109e-01 
  624.000  9.251662e-01 
  625.000  9.254352e-01 
  626.000  9.254982e-01 
  627.000  9.250239e-01 
  628.000  9.085934e-01 
  629.000  9.162542e-01 
  630.000  9.219825e-01 
  631.000  9.262925e-01 
  632.000  9.265369e-01 
  633.000  9.281707e-01 
  634.000  9.297578e-01 
  635.000  9.306006e-01 
  636.000  9.317706e-01 
  637.000  9.335888e-01 
  638.000  9.356323e-01 
  639.000  9.365250e-01 
  640.000  9.372942e-01 
  641.000  9.381212e-01 
  642.000  9.395490e-01 
  643.000  9.392201e-01 
  644.000  9.405357e-01 
  645.000  9.407424e-01 
  646.000  9.354774e-01 
  647.000  9.293414e-01 
  648.000  9.216101e-01 
  649.000  9.272971e-01 
  650.000  9.406740e-01 
  651.000  9.426721e-01 
  652.000  9.393152e-01 
  653.000  9.436355e-01 
  654.000  9.430255e-01 
  655.000  9.290031e-01 
  656.000  9.392303e-01 
  657.000  9.420151e-01 
  658.000  9.467452e-01 
  659.000  9.495727e-01 
  660.000  9.492241e-01 
  661.000  9.508028e-01 
  662.000  9.509135e-01 
  663.000  9.506644e-01 
  664.000  9.517050e-01 
  665.000  9.523273e-01 
  666.000  9.528519e-01 
  667.000  9.537318e-01 
  668.000  9.540818e-01 
  669.000  9.546523e-01 
  670.000  9.550716e-01 
  671.000  9.557720e-01 
  672.000  9.559211e-01 
  673.000  9.565072e-01 
  674.000  9.567251e-01 
  675.000  9.573298e-01 
  676.000  9.574926e-01 
  677.000  9.578310e-01 
  678.000  9.583467e-01 
  679.000  9.586177e-01 
  680.000  9.591327e-01 
  681.000  9.592106e-01 
  682.000  9.600582e-01 
  683.000  9.596372e-01 
  684.000  9.601020e-01 
  685.000  9.611265e-01 
  686.000  9.612411e-01 
  687.000  7.342753e-01 
  688.000  8.834864e-01 
  689.000  9.060692e-01 
  690.000  9.253314e-01 
  691.000  9.339344e-01 
  692.000  9.510437e-01 
  693.000  9.327883e-01 
  694.000  9.014908e-01 
  695.000  9.309501e-01 
  696.000  9.212832e-01 
  697.000  9.599655e-01 
  698.000  9.596661e-01 
  699.000  9.409890e-01 
  700.000  9.447448e-01 
  701.000  9.287549e-01 
  702.000  9.361041e-01 
  703.000  9.427355e-01 
  704.000  9.463987e-01 
  705.000  9.480070e-01 
  706.000  9.530735e-01 
  707.000  9.576769e-01 
  708.000  9.621735e-01 
  709.000  9.622334e-01 
  710.000  9.599954e-01 
  711.000  9.642905e-01 
  712.000  9.622651e-01 
  713.000  9.657553e-01 
  714.000  9.622205e-01 
  715.000  9.534038e-01 
  716.000  9.555067e-01 
  717.000  9.244308e-01 
  718.000  8.370957e-01 
  719.000  7.785059e-01 
  720.000  8.370455e-01 
  721.000  9.386193e-01 
  722.000  9.356739e-01 
  723.000  9.293103e-01 
  724.000  8.237089e-01 
  725.000  8.480626e-01 
  726.000  9.030050e-01 
  727.000  8.760345e-01 
  728.000  8.370047e-01 
  729.000  8.550149e-01 
  730.000  9.069005e-01 
  731.000  8.854159e-01 
  732.000  9.007156e-01 
  733.000  9.407489e-01 
  734.000  9.587236e-01 
  735.000  9.442040e-01 
  736.000  9.544162e-01 
  737.000  9.542037e-01 
  738.000  9.610982e-01 
  739.000  9.627550e-01 
  740.000  9.709529e-01 
  741.000  9.745704e-01 
  742.000  9.746598e-01 
  743.000  9.746607e-01 
  744.000  9.756525e-01 
  745.000  9.761158e-01 
  746.000  9.768375e-01 
  747.000  9.769329e-01 
  748.000  9.771240e-01 
  749.000  9.771006e-01 
  750.000  9.773284e-01 
  751.000  9.773186e-01 
  752.000  9.779998e-01 
  753.000  9.781466e-01 
  754.000  9.782221e-01 
  755.000  9.782852e-01 
  756.000  9.783132e-01 
  757.000  9.787739e-01 
  758.000  9.790674e-01 
  759.000  9.744076e-01 
  760.000  4.916579e-01 
  761.000  3.932469e-01 
  762.000  7.342479e-01 
  763.000  6.489702e-01 
  764.000  6.903993e-01 
  765.000  7.966273e-01 
  766.000  9.136563e-01 
  767.000  9.440990e-01 
  768.000  9.707016e-01 
  769.000  9.775016e-01 
  770.000  9.775147e-01 
  771.000  9.798561e-01 
  772.000  9.806290e-01 
  773.000  9.806856e-01 
  774.000  9.806584e-01 
  775.000  9.807529e-01 
  776.000  9.808527e-01 
  777.000  9.809664e-01 
  778.000  9.810345e-01 
  779.000  9.811081e-01 
  780.000  9.811696e-01 
  781.000  9.813812e-01 
  782.000  9.814001e-01 
  783.000  9.816166e-01 
  784.000  9.811435e-01 
  785.000  9.805123e-01 
  786.000  9.774119e-01 
  787.000  9.776551e-01 
  788.000  9.721830e-01 
  789.000  9.712108e-01 
  790.000  9.606298e-01 
  791.000  9.618062e-01 
  792.000  9.653741e-01 
  793.000  9.683969e-01 
  794.000  9.817857e-01 
  795.000  9.765121e-01 
  796.000  9.485697e-01 
  797.000  9.702633e-01 
  798.000  9.710197e-01 
  799.000  9.749243e-01 
  800.000  9.626807e-01 
  801.000  9.577075e-01 
  802.000  9.661422e-01 
  803.000  9.632947e-01 
  804.000  9.629753e-01 
  805.000  9.694210e-01 
  806.000  9.794014e-01 
  807.000  9.729927e-01 
  808.000  9.795105e-01 
  809.000  9.689602e-01 
  810.000  9.642965e-01 
  811.000  9.676636e-01 
  812.000  9.558510e-01 
  813.000  9.352391e-01 
  814.000  8.990744e-01 
  815.000  8.633032e-01 
  816.000  8.888883e-01 
  817.000  7.639804e-01 
  818.000  8.511901e-01 
  819.000  8.818784e-01 
  820.000  8.385348e-01 
  821.000  9.594116e-01 
  822.000  9.400883e-01 
  823.000  7.232111e-01 
  824.000  9.160076e-01 
  825.000  9.492682e-01 
  826.000  9.141850e-01 
  827.000  9.474133e-01 
  828.000  8.656263e-01 
  829.000  9.304536e-01 
  830.000  9.178924e-01 
  831.000  9.208277e-01 
  832.000  9.231642e-01 
  833.000  9.457975e-01 
  834.000  9.499845e-01 
  835.000  9.609506e-01 
  836.000  9.650509e-01 
  837.000  9.609249e-01 
  838.000  9.729763e-01 
  839.000  9.761105e-01 
  840.000  9.777671e-01 
  841.000  9.777671e-01 
  842.000  9.690901e-01 
  843.000  9.844572e-01 
  844.000  9.746056e-01 
  845.000  9.823341e-01 
  846.000  9.845052e-01 
  847.000  9.862287e-01 
  848.000  9.839874e-01 
  849.000  9.849162e-01 
  850.000  9.841546e-01 
  851.000  9.824516e-01 
  852.000  9.862002e-01 
  853.000  9.865415e-01 
  854.000  9.861906e-01 
  855.000  9.861906e-01 
  856.000  9.865112e-01 
  857.000  9.884056e-01 
  858.000  9.865906e-01 
  859.000  9.877294e-01 
  860.000  9.888976e-01 
  861.000  9.884093e-01 
  862.000  9.889534e-01 
  863.000  9.890937e-01 
  864.000  9.892299e-01 
  865.000  9.892299e-01 
  866.000  9.893081e-01 
  867.000  9.893628e-01 
  868.000  9.893894e-01 
  869.000  9.894077e-01 
  870.000  9.893493e-01 
  871.000  9.895365e-01 
  872.000  9.895929e-01 
  873.000  9.894616e-01 
  874.000  9.894616e-01 
  875.000  9.897650e-01 
  876.000  9.898057e-01 
  877.000  9.896815e-01 
  878.000  9.896333e-01 
  879.000  9.896004e-01 
  880.000  9.898822e-01 
  881.000  9.898822e-01 
  882.000  9.889492e-01 
  883.000  9.891111e-01 
  884.000  9.892917e-01 
  885.000  9.895197e-01 
  886.000  9.834842e-01 
  887.000  9.890170e-01 
  888.000  9.890170e-01 
  889.000  9.877213e-01 
  890.000  9.843893e-01 
  891.000  9.891688e-01 
  892.000  9.836956e-01 
  893.000  9.719551e-01 
  894.000  9.719551e-01 
  895.000  9.464219e-01 
  896.000  9.149683e-01 
  897.000  8.127473e-01 
  898.000  9.036127e-01 
  899.000  7.311990e-01 
  900.000  7.311990e-01 
  901.000  7.740704e-01 
  902.000  8.022500e-01 
  903.000  8.466970e-01 
  904.000  9.453180e-01 
  905.000  9.332502e-01 
  906.000  9.332502e-01 
  907.000  8.127426e-01 
  908.000  7.956285e-01 
  909.000  8.050634e-01 
  910.000  7.775672e-01 
  911.000  7.775672e-01 
  912.000  8.840039e-01 
  913.000  8.296452e-01 
  914.000  8.003206e-01 
  915.000  7.539188e-01 
  916.000  7.539188e-01 
  917.000  8.805564e-01 
  918.000  7.773446e-01 
  919.000  8.707132e-01 
  920.000  9.433488e-01 
  921.000  9.433488e-01 
  922.000  9.198227e-01 
  923.000  9.137548e-01 
  924.000  8.910052e-01 
  925.000  8.910052e-01 
  926.000  9.009446e-01 
  927.000  9.189286e-01 
  928.000  7.929689e-01 
  929.000  7.706110e-01 
  930.000  7.706110e-01 
  931.000  6.384178e-01 
  932.000  4.508908e-01 
  933.000  4.471432e-01 
  934.000  4.471432e-01 
  935.000  4.147905e-01 
  936.000  3.842691e-01 
  937.000  3.419004e-01 
  938.000  3.419004e-01 
  939.000  5.023187e-01 
  940.000  6.453668e-01 
  941.000  5.969821e-01 
  942.000  5.969821e-01 
  943.000  4.886426e-01 
  944.000  5.009850e-01 
  945.000  5.770313e-01 
  946.000  5.770313e-01 
  947.000  4.988806e-01 
  948.000  5.328193e-01 
  949.000  6.073109e-01 
  950.000  6.073109e-01 
  951.000  6.301789e-01 
  952.000  4.979262e-01 
  953.000  6.550701e-01 
  954.000  6.550701e-01 
  955.000  6.586540e-01 
  956.000  5.373054e-01 
  957.000  7.120293e-01 
  958.000  7.120293e-01 
  959.000  5.907823e-01 
  960.000  6.698094e-01 
  961.000  6.698094e-01 
  962.000  7.316247e-01 
  963.000  7.898669e-01 
  964.000  6.788726e-01 
  965.000  6.788726e-01 
  966.000  7.534189e-01 
  967.000  8.462265e-01 
  968.000  8.462265e-01 
  969.000  8.740878e-01 
  970.000  9.130806e-01 
  971.000  9.299960e-01 
  972.000  9.299960e-01 
  973.000  9.082484e-01 
  974.000  8.176395e-01 
  975.000  8.176395e-01 
  976.000  8.057600e-01 
  977.000  8.943779e-01 
  978.000  8.810077e-01 
  979.000  8.810077e-01 
  980.000  8.841221e-01 
  981.000  9.589438e-01 
  982.000  9.589438e-01 
  983.000  9.398187e-01 
  984.000  9.560561e-01 
  985.000  9.560561e-01 
  986.000  9.846438e-01 
  987.000  9.734951e-01 
  988.000  9.734951e-01 
  989.000  9.894331e-01 
  990.000  9.824130e-01 
  991.000  9.824130e-01 
  992.000  9.870422e-01 
  993.000  9.864405e-01 
  994.000  9.864405e-01 
  995.000  9.925332e-01 
  996.000  9.926610e-01 
  997.000  9.926610e-01 
  998.000  9.925393e-01 
  999.000  9.919392e-01 
 1000.000  9.919392e-01 
 1001.000  9.924167e-01 
 1002.000  9.832976e-01 
 1003.000  9.832976e-01 
 1004.000  9.922311e-01 
 1005.000  9.929047e-01 
 1006.000  9.929047e-01 
 1007.000  9.932294e-01 
 1008.000  9.909695e-01 
 1009.000  9.909695e-01 
 1010.000  9.835551e-01 
 1011.000  9.928698e-01 
 1012.000  9.928698e-01 
 1013.000  9.933534e-01 
 1014.000  9.931404e-01 
 1015.000  9.931404e-01 
 1016.000  9.934499e-01 
 1017.000  9.931274e-01 
 1018.000  9.931274e-01 
 1019.000  9.921682e-01 
 1020.000  9.936762e-01 
 1021.000  9.936762e-01 
 1022.000  9.923643e-01 
 1023.000  9.923643e-01 
 1024.000  9.922819e-01 
 1025.000  9.937249e-01 
 1026.000  9.937249e-01 
 1027.000  9.930498e-01 
 1028.000  9.938830e-01 
 1029.000  9.938830e-01 
 1030.000  9.942980e-01 
 1031.000  9.941552e-01 
 1032.000  9.941552e-01 
 1033.000  9.943211e-01 
 1034.000  9.943211e-01 
 1035.000  9.945095e-01 
 1036.000  9.942876e-01 
 1037.000  9.942876e-01 
 1038.000  9.942540e-01 
 1039.000  9.939898e-01 
 1040.000  9.939898e-01 
 1041.000  9.938318e-01 
 1042.000  9.938318e-01 
 1043.000  9.936040e-01 
 1044.000  9.932499e-01 
 1045.000  9.932499e-01 
 1046.000  9.927572e-01 
 1047.000  9.927572e-01 
 1048.000  9.922615e-01 
 1049.000  9.912449e-01 
 1050.000  9.912449e-01 
 1051.000  9.908133e-01 
 1052.000  9.908133e-01 
 1053.000  9.901298e-01 
 1054.000  9.895397e-01 
 1055.000  9.895397e-01 
 1056.000  9.888744e-01 
 1057.000  9.888744e-01 
 1058.000  9.882505e-01 
 1059.000  9.876493e-01 
 1060.000  9.876493e-01 
 1061.000  9.872665e-01 
 1062.000  9.872665e-01 
 1063.000  9.865284e-01 
 1064.000  9.855531e-01 
 1065.000  9.855531e-01 
 1066.000  9.868257e-01 
 1067.000  9.868257e-01 
 1068.000  9.861422e-01 
 1069.000  9.861858e-01 
 1070.000  9.861858e-01 
 1071.000  9.875091e-01 
 1072.000  9.875091e-01 
 1073.000  9.881049e-01 
 1074.000  9.881049e-01 
 1075.000  9.831381e-01 
 1076.000  9.813842e-01 
 1077.000  9.813842e-01 
 1078.000  9.866182e-01 
 1079.000  9.866182e-01 
 1080.000  9.809128e-01 
 1081.000  9.809128e-01 
 1082.000  9.826095e-01 
 1083.000  9.777601e-01 
 1084.000  9.777601e-01 
 1085.000  9.674791e-01 
 1086.000  9.674791e-01 
 1087.000  9.830723e-01 
 1088.000  9.830723e-01 
 1089.000  9.742630e-01 
 1090.000  9.701707e-01 
 1091.000  9.701707e-01 
 1092.000  9.569889e-01 
 1093.000  9.569889e-01 
 1094.000  9.593642e-01 
 1095.000  9.593642e-01 
 1096.000  9.510397e-01 
 1097.000  9.510397e-01 
 1098.000  9.386353e-01 
 1099.000  8.908211e-01 
 1100.000  8.908211e-01 
 1101.000  8.937327e-01 
 1102.000  8.937327e-01 
 1103.000  8.733492e-01 
 1104.000  8.733492e-01 
 1105.000  8.595299e-01 
 1106.000  8.595299e-01 
 1107.000  8.608311e-01 
 1108.000  8.608311e-01 
 1109.000  8.224982e-01 
 1110.000  7.991420e-01 
 1111.000  7.991420e-01 
 1112.000  7.449695e-01 
 1113.000  7.449695e-01 
 1114.000  6.746387e-01 
 1115.000  6.746387e-01 
 1116.000  4.346924e-01 
 1117.000  4.346924e-01 
 1118.000  5.377443e-01 
 1119.000  5.377443e-01 
 1120.000  4.491006e-01 
 1121.000  4.491006e-01 
 1122.000  2.689937e-01 
 1123.000  4.900309e-01 
 1124.000  4.900309e-01 
 1125.000  2.936890e-01 
 1126.000  2.936890e-01 
 1127.000  3.504194e-01 
 1128.000  3.504194e-01 
 1129.000  3.406855e-01 
 1130.000  3.406855e-01 
 1131.000  6.425936e-01 
 1132.000  6.425936e-01 
 1133.000  3.599288e-01 
 1134.000  3.599288e-01 
 1135.000  2.069850e-01 
 1136.000  2.069850e-01 
 1137.000  6.474466e-01 
 1138.000  6.474466e-01 
 1139.000  5.915303e-01 
 1140.000  5.915303e-01 
 1141.000  5.746021e-01 
 1142.000  5.746021e-01 
 1143.000  6.168364e-01 
 1144.000  6.168364e-01 
 1145.000  3.949237e-01 
 1146.000  3.949237e-01 
 1147.000  3.905914e-01 
 1148.000  3.905914e-01 
 1149.000  5.190632e-01 
 1150.000  5.190632e-01 
 1151.000  6.173264e-01 
 1152.000  6.173264e-01 
 1153.000  5.751781e-01 
 1154.000  5.751781e-01 
 1155.000  6.383646e-01 
 1156.000  6.383646e-01 
 1157.000  7.239103e-01 
 1158.000  7.239103e-01 
 1159.000  8.059160e-01 
 1160.000  8.059160e-01 
 1161.000  7.877430e-01 
 1162.000  7.877430e-01 
 1163.000  8.755653e-01 
 1164.000  8.755653e-01 
 1165.000  8.385209e-01 
 1166.000  8.385209e-01 
 1167.000  8.988066e-01 
 1168.000  8.988066e-01 
 1169.000  9.001631e-01 
 1170.000  9.001631e-01 
 1171.000  9.163613e-01 
 1172.000  9.163613e-01 
 1173.000  8.264003e-01 
 1174.000  8.264003e-01 
 1175.000  9.541746e-01 
 1176.000  9.541746e-01 
 1177.000  8.732073e-01 
 1178.000  8.732073e-01 
 1179.000  9.321893e-01 
 1180.000  9.321893e-01 
 1181.000  8.174765e-01 
 1182.000  8.174765e-01 
 1183.000  8.985711e-01 
 1184.000  8.985711e-01 
 1185.000  9.236858e-01 
 1186.000  9.236858e-01 
 1187.000  8.367029e-01 
 1188.000  8.367029e-01 
 1189.000  8.367029e-01 
 1190.000  8.997313e-01 
 1191.000  8.997313e-01 
 1192.000  9.587082e-01 
 1193.000  9.587082e-01 
 1194.000  9.168172e-01 
 1195.000  9.168172e-01 
 1196.000  9.306607e-01 
 1197.000  9.306607e-01 
 1198.000  8.918027e-01 
 1199.000  8.918027e-01 
 1200.000  8.908851e-01 
