  250.000  0.000000e+00 
  251.000  0.000000e+00 
  252.000  0.000000e+00 
  253.000  0.000000e+00 
  254.000  0.000000e+00 
  255.000  0.000000e+00 
  256.000  0.000000e+00 
  257.000  0.000000e+00 
  258.000  0.000000e+00 
  259.000  0.000000e+00 
  260.000  0.000000e+00 
  261.000  0.000000e+00 
  262.000  0.000000e+00 
  263.000  0.000000e+00 
  264.000  0.000000e+00 
  265.000  0.000000e+00 
  266.000  0.000000e+00 
  267.000  0.000000e+00 
  268.000  0.000000e+00 
  269.000  0.000000e+00 
  270.000  0.000000e+00 
  271.000  0.000000e+00 
  272.000  0.000000e+00 
  273.000  0.000000e+00 
  274.000  0.000000e+00 
  275.000  0.000000e+00 
  276.000  0.000000e+00 
  277.000  0.000000e+00 
  278.000  0.000000e+00 
  279.000  0.000000e+00 
  280.000  0.000000e+00 
  281.000  0.000000e+00 
  282.000  0.000000e+00 
  283.000  0.000000e+00 
  284.000  0.000000e+00 
  285.000  0.000000e+00 
  286.000  0.000000e+00 
  287.000  0.000000e+00 
  288.000  0.000000e+00 
  289.000  0.000000e+00 
  290.000  2.757897e-07 
  291.000  1.102824e-06 
  292.000  7.481363e-06 
  293.000  2.279670e-05 
  294.000  8.222389e-05 
  295.000  1.830197e-04 
  296.000  5.870103e-04 
  297.000  1.155198e-03 
  298.000  2.595830e-03 
  299.000  4.514954e-03 
  300.000  8.095578e-03 
  301.000  1.295897e-02 
  302.000  1.933867e-02 
  303.000  3.143472e-02 
  304.000  3.699169e-02 
  305.000  5.501080e-02 
  306.000  6.807185e-02 
  307.000  8.922666e-02 
  308.000  1.052710e-01 
  309.000  1.237851e-01 
  310.000  1.520428e-01 
  311.000  1.649251e-01 
  312.000  1.858649e-01 
  313.000  2.113292e-01 
  314.000  2.212105e-01 
  315.000  2.513528e-01 
  316.000  2.590450e-01 
  317.000  2.827400e-01 
  318.000  2.949110e-01 
  319.000  3.303359e-01 
  320.000  3.079259e-01 
  321.000  3.591061e-01 
  322.000  3.386423e-01 
  323.000  3.631402e-01 
  324.000  3.952723e-01 
  325.000  3.727224e-01 
  326.000  4.058622e-01 
  327.000  4.155821e-01 
  328.000  3.997201e-01 
  329.000  4.362833e-01 
  330.000  4.426503e-01 
  331.000  4.277792e-01 
  332.000  4.531653e-01 
  333.000  4.586056e-01 
  334.000  4.558253e-01 
  335.000  4.714042e-01 
  336.000  4.780872e-01 
  337.000  4.743821e-01 
  338.000  4.849555e-01 
  339.000  4.924647e-01 
  340.000  4.916519e-01 
  341.000  5.002970e-01 
  342.000  5.061545e-01 
  343.000  5.101547e-01 
  344.000  5.092528e-01 
  345.000  5.184335e-01 
  346.000  5.229594e-01 
  347.000  5.268406e-01 
  348.000  5.310940e-01 
  349.000  5.361012e-01 
  350.000  5.401245e-01 
  351.000  5.445737e-01 
  352.000  5.483392e-01 
  353.000  5.528300e-01 
  354.000  5.560703e-01 
  355.000  5.595839e-01 
  356.000  5.640021e-01 
  357.000  5.669052e-01 
  358.000  5.701125e-01 
  359.000  5.732621e-01 
  360.000  5.763437e-01 
  361.000  5.795766e-01 
  362.000  5.845045e-01 
  363.000  5.886880e-01 
  364.000  5.928354e-01 
  365.000  5.963200e-01 
  366.000  6.001524e-01 
  367.000  6.037541e-01 
  368.000  6.071879e-01 
  369.000  6.100643e-01 
  370.000  6.134870e-01 
  371.000  6.170856e-01 
  372.000  6.200804e-01 
  373.000  6.237154e-01 
  374.000  6.271785e-01 
  375.000  6.299774e-01 
  376.000  6.328994e-01 
  377.000  6.362029e-01 
  378.000  6.387563e-01 
  379.000  6.415307e-01 
  380.000  6.442035e-01 
  381.000  6.470978e-01 
  382.000  6.509596e-01 
  383.000  6.548871e-01 
  384.000  6.575714e-01 
  385.000  6.609969e-01 
  386.000  6.637272e-01 
  387.000  6.669427e-01 
  388.000  6.694685e-01 
  389.000  6.720330e-01 
  390.000  6.752357e-01 
  391.000  6.778584e-01 
  392.000  6.800686e-01 
  393.000  6.837276e-01 
  394.000  6.862570e-01 
  395.000  6.887078e-01 
  396.000  6.917967e-01 
  397.000  6.945841e-01 
  398.000  6.965405e-01 
  399.000  6.991934e-01 
  400.000  7.014815e-01 
  401.000  7.044846e-01 
  402.000  7.071688e-01 
  403.000  7.099249e-01 
  404.000  7.117797e-01 
  405.000  7.143285e-01 
  406.000  7.167189e-01 
  407.000  7.198134e-01 
  408.000  7.213542e-01 
  409.000  7.235726e-01 
  410.000  7.259013e-01 
  411.000  7.285072e-01 
  412.000  7.311855e-01 
  413.000  7.326593e-01 
  414.000  7.354168e-01 
  415.000  7.375872e-01 
  416.000  7.403674e-01 
  417.000  7.420134e-01 
  418.000  7.438881e-01 
  419.000  7.465450e-01 
  420.000  7.483364e-01 
  421.000  7.504115e-01 
  422.000  7.521093e-01 
  423.000  7.544342e-01 
  424.000  7.562331e-01 
  425.000  7.589096e-01 
  426.000  7.608956e-01 
  427.000  7.627611e-01 
  428.000  7.644513e-01 
  429.000  7.668589e-01 
  430.000  7.688599e-01 
  431.000  7.696634e-01 
  432.000  7.724493e-01 
  433.000  7.743907e-01 
  434.000  7.756593e-01 
  435.000  7.769936e-01 
  436.000  7.792228e-01 
  437.000  7.821255e-01 
  438.000  7.836103e-01 
  439.000  7.840363e-01 
  440.000  7.862089e-01 
  441.000  7.880830e-01 
  442.000  7.903280e-01 
  443.000  7.915009e-01 
  444.000  7.930804e-01 
  445.000  7.937118e-01 
  446.000  7.957400e-01 
  447.000  7.978970e-01 
  448.000  7.980617e-01 
  449.000  8.008269e-01 
  450.000  8.031033e-01 
  451.000  8.044753e-01 
  452.000  8.056000e-01 
  453.000  8.072876e-01 
  454.000  8.095952e-01 
  455.000  8.103952e-01 
  456.000  8.117406e-01 
  457.000  8.132883e-01 
  458.000  8.143085e-01 
  459.000  8.156732e-01 
  460.000  8.165247e-01 
  461.000  8.179461e-01 
  462.000  8.199119e-01 
  463.000  8.200454e-01 
  464.000  8.219700e-01 
  465.000  8.232986e-01 
  466.000  8.257192e-01 
  467.000  8.264723e-01 
  468.000  8.278683e-01 
  469.000  8.289828e-01 
  470.000  8.302526e-01 
  471.000  8.315915e-01 
  472.000  8.321394e-01 
  473.000  8.324758e-01 
  474.000  8.317568e-01 
  475.000  8.318689e-01 
  476.000  8.323858e-01 
  477.000  8.329026e-01 
  478.000  8.335720e-01 
  479.000  8.348935e-01 
  480.000  8.365488e-01 
  481.000  8.392638e-01 
  482.000  8.414608e-01 
  483.000  8.434587e-01 
  484.000  8.444928e-01 
  485.000  8.453265e-01 
  486.000  8.460263e-01 
  487.000  8.476449e-01 
  488.000  8.484842e-01 
  489.000  8.491457e-01 
  490.000  8.508830e-01 
  491.000  8.519253e-01 
  492.000  8.528868e-01 
  493.000  8.538377e-01 
  494.000  8.544933e-01 
  495.000  8.552236e-01 
  496.000  8.557389e-01 
  497.000  8.565956e-01 
  498.000  8.572186e-01 
  499.000  8.580078e-01 
  500.000  8.585695e-01 
  501.000  8.585528e-01 
  502.000  8.581126e-01 
  503.000  8.574341e-01 
  504.000  8.567610e-01 
  505.000  8.582360e-01 
  506.000  8.591349e-01 
  507.000  8.597545e-01 
  508.000  8.616472e-01 
  509.000  8.627275e-01 
  510.000  8.639900e-01 
  511.000  8.650373e-01 
  512.000  8.657585e-01 
  513.000  8.672161e-01 
  514.000  8.678477e-01 
  515.000  8.689941e-01 
  516.000  8.694566e-01 
  517.000  8.702885e-01 
  518.000  8.704734e-01 
  519.000  8.709942e-01 
  520.000  8.712588e-01 
  521.000  8.719070e-01 
  522.000  8.720718e-01 
  523.000  8.723162e-01 
  524.000  8.725103e-01 
  525.000  8.721838e-01 
  526.000  8.721907e-01 
  527.000  8.721837e-01 
  528.000  8.719773e-01 
  529.000  8.718605e-01 
  530.000  8.717750e-01 
  531.000  8.720902e-01 
  532.000  8.723791e-01 
  533.000  8.728581e-01 
  534.000  8.735085e-01 
  535.000  8.739051e-01 
  536.000  8.746036e-01 
  537.000  8.753287e-01 
  538.000  8.757080e-01 
  539.000  8.759717e-01 
  540.000  8.766013e-01 
  541.000  8.759574e-01 
  542.000  8.764206e-01 
  543.000  8.773279e-01 
  544.000  8.778344e-01 
  545.000  8.773994e-01 
  546.000  8.773924e-01 
  547.000  8.785785e-01 
  548.000  8.797143e-01 
  549.000  8.799472e-01 
  550.000  8.803793e-01 
  551.000  8.810300e-01 
  552.000  8.812838e-01 
  553.000  8.815983e-01 
  554.000  8.819733e-01 
  555.000  8.822762e-01 
  556.000  8.820714e-01 
  557.000  8.816727e-01 
  558.000  8.813636e-01 
  559.000  8.809628e-01 
  560.000  8.805763e-01 
  561.000  8.802696e-01 
  562.000  8.800745e-01 
  563.000  8.796650e-01 
  564.000  8.792426e-01 
  565.000  8.788802e-01 
  566.000  8.787276e-01 
  567.000  8.781941e-01 
  568.000  8.775129e-01 
  569.000  8.743522e-01 
  570.000  8.731614e-01 
  571.000  8.738618e-01 
  572.000  8.720810e-01 
  573.000  8.725188e-01 
  574.000  8.714656e-01 
  575.000  8.717288e-01 
  576.000  8.717343e-01 
  577.000  8.720723e-01 
  578.000  8.740612e-01 
  579.000  8.754585e-01 
  580.000  8.767498e-01 
  581.000  8.788487e-01 
  582.000  8.807775e-01 
  583.000  8.825351e-01 
  584.000  8.849581e-01 
  585.000  8.857101e-01 
  586.000  8.869925e-01 
  587.000  8.872889e-01 
  588.000  8.868986e-01 
  589.000  8.780285e-01 
  590.000  8.779283e-01 
  591.000  8.819760e-01 
  592.000  8.743484e-01 
  593.000  8.861880e-01 
  594.000  8.806131e-01 
  595.000  8.842443e-01 
  596.000  8.860641e-01 
  597.000  8.866593e-01 
  598.000  8.865957e-01 
  599.000  8.887626e-01 
  600.000  8.889589e-01 
  601.000  8.903977e-01 
  602.000  8.915437e-01 
  603.000  8.920561e-01 
  604.000  8.926573e-01 
  605.000  8.931260e-01 
  606.000  8.942500e-01 
  607.000  8.951437e-01 
  608.000  8.962927e-01 
  609.000  8.967639e-01 
  610.000  8.977037e-01 
  611.000  8.984538e-01 
  612.000  8.995547e-01 
  613.000  9.004797e-01 
  614.000  9.011461e-01 
  615.000  9.019211e-01 
  616.000  9.030083e-01 
  617.000  9.037889e-01 
  618.000  9.043106e-01 
  619.000  9.050730e-01 
  620.000  9.057187e-01 
  621.000  9.061741e-01 
  622.000  9.063743e-01 
  623.000  9.067714e-01 
  624.000  9.069080e-01 
  625.000  9.071087e-01 
  626.000  9.071321e-01 
  627.000  9.069599e-01 
  628.000  8.889889e-01 
  629.000  8.967349e-01 
  630.000  9.020020e-01 
  631.000  9.077017e-01 
  632.000  9.093418e-01 
  633.000  9.109157e-01 
  634.000  9.129352e-01 
  635.000  9.136339e-01 
  636.000  9.154967e-01 
  637.000  9.177908e-01 
  638.000  9.195101e-01 
  639.000  9.208830e-01 
  640.000  9.217463e-01 
  641.000  9.231636e-01 
  642.000  9.243430e-01 
  643.000  9.245672e-01 
  644.000  9.256765e-01 
  645.000  9.263031e-01 
  646.000  9.239055e-01 
  647.000  9.210828e-01 
  648.000  9.171937e-01 
  649.000  9.207718e-01 
  650.000  9.284176e-01 
  651.000  9.296311e-01 
  652.000  9.282972e-01 
  653.000  9.307914e-01 
  654.000  9.311367e-01 
  655.000  9.236593e-01 
  656.000  9.296041e-01 
  657.000  9.313790e-01 
  658.000  9.343517e-01 
  659.000  9.362716e-01 
  660.000  9.362810e-01 
  661.000  9.375706e-01 
  662.000  9.377534e-01 
  663.000  9.381084e-01 
  664.000  9.388434e-01 
  665.000  9.394722e-01 
  666.000  9.400395e-01 
  667.000  9.409457e-01 
  668.000  9.413531e-01 
  669.000  9.420461e-01 
  670.000  9.424573e-01 
  671.000  9.432946e-01 
  672.000  9.434758e-01 
  673.000  9.441729e-01 
  674.000  9.444410e-01 
  675.000  9.451628e-01 
  676.000  9.453798e-01 
  677.000  9.457635e-01 
  678.000  9.463881e-01 
  679.000  9.467189e-01 
  680.000  9.473737e-01 
  681.000  9.476045e-01 
  682.000  9.485009e-01 
  683.000  9.484808e-01 
  684.000  9.491698e-01 
  685.000  9.498166e-01 
  686.000  9.502017e-01 
  687.000  6.894330e-01 
  688.000  8.462146e-01 
  689.000  8.761654e-01 
  690.000  9.012971e-01 
  691.000  9.149115e-01 
  692.000  9.404368e-01 
  693.000  9.325008e-01 
  694.000  9.191456e-01 
  695.000  9.358062e-01 
  696.000  9.302776e-01 
  697.000  9.522696e-01 
  698.000  9.522453e-01 
  699.000  9.422696e-01 
  700.000  9.446838e-01 
  701.000  9.362071e-01 
  702.000  9.404283e-01 
  703.000  9.441461e-01 
  704.000  9.462520e-01 
  705.000  9.474000e-01 
  706.000  9.503720e-01 
  707.000  9.530302e-01 
  708.000  9.556085e-01 
  709.000  9.558064e-01 
  710.000  9.547385e-01 
  711.000  9.573033e-01 
  712.000  9.563180e-01 
  713.000  9.584143e-01 
  714.000  9.565501e-01 
  715.000  9.522435e-01 
  716.000  9.534408e-01 
  717.000  9.368430e-01 
  718.000  8.836318e-01 
  719.000  8.320178e-01 
  720.000  8.869580e-01 
  721.000  9.454776e-01 
  722.000  9.438435e-01 
  723.000  9.406179e-01 
  724.000  8.703855e-01 
  725.000  8.940731e-01 
  726.000  9.265084e-01 
  727.000  9.109080e-01 
  728.000  8.874585e-01 
  729.000  8.996784e-01 
  730.000  9.288949e-01 
  731.000  9.170122e-01 
  732.000  9.258159e-01 
  733.000  9.481021e-01 
  734.000  9.579043e-01 
  735.000  9.501694e-01 
  736.000  9.557663e-01 
  737.000  9.558438e-01 
  738.000  9.596662e-01 
  739.000  9.607045e-01 
  740.000  9.651067e-01 
  741.000  9.671092e-01 
  742.000  9.674399e-01 
  743.000  9.675195e-01 
  744.000  9.681417e-01 
  745.000  9.684721e-01 
  746.000  9.690235e-01 
  747.000  9.692335e-01 
  748.000  9.694064e-01 
  749.000  9.694801e-01 
  750.000  9.697247e-01 
  751.000  9.698151e-01 
  752.000  9.704462e-01 
  753.000  9.706053e-01 
  754.000  9.707637e-01 
  755.000  9.709236e-01 
  756.000  9.710230e-01 
  757.000  9.713493e-01 
  758.000  9.717274e-01 
  759.000  9.652819e-01 
  760.000  4.179420e-01 
  761.000  3.016260e-01 
  762.000  6.718860e-01 
  763.000  5.750693e-01 
  764.000  6.380206e-01 
  765.000  7.619079e-01 
  766.000  8.853573e-01 
  767.000  9.241940e-01 
  768.000  9.602008e-01 
  769.000  9.694428e-01 
  770.000  9.694792e-01 
  771.000  9.727119e-01 
  772.000  9.738022e-01 
  773.000  9.738859e-01 
  774.000  9.739193e-01 
  775.000  9.740049e-01 
  776.000  9.741306e-01 
  777.000  9.742925e-01 
  778.000  9.743903e-01 
  779.000  9.744971e-01 
  780.000  9.745864e-01 
  781.000  9.748555e-01 
  782.000  9.750019e-01 
  783.000  9.751902e-01 
  784.000  9.750304e-01 
  785.000  9.747801e-01 
  786.000  9.732244e-01 
  787.000  9.735433e-01 
  788.000  9.705796e-01 
  789.000  9.702461e-01 
  790.000  9.646561e-01 
  791.000  9.653348e-01 
  792.000  9.674181e-01 
  793.000  9.690097e-01 
  794.000  9.764652e-01 
  795.000  9.738125e-01 
  796.000  9.587250e-01 
  797.000  9.705862e-01 
  798.000  9.710559e-01 
  799.000  9.732150e-01 
  800.000  9.666543e-01 
  801.000  9.639845e-01 
  802.000  9.686853e-01 
  803.000  9.672017e-01 
  804.000  9.670590e-01 
  805.000  9.705435e-01 
  806.000  9.759639e-01 
  807.000  9.726167e-01 
  808.000  9.761474e-01 
  809.000  9.704974e-01 
  810.000  9.680336e-01 
  811.000  9.699308e-01 
  812.000  9.637466e-01 
  813.000  9.523866e-01 
  814.000  9.317850e-01 
  815.000  9.083983e-01 
  816.000  9.252141e-01 
  817.000  8.362017e-01 
  818.000  8.967630e-01 
  819.000  9.219651e-01 
  820.000  8.864442e-01 
  821.000  9.663200e-01 
  822.000  9.557079e-01 
  823.000  8.051150e-01 
  824.000  9.426956e-01 
  825.000  9.606851e-01 
  826.000  9.412732e-01 
  827.000  9.601195e-01 
  828.000  9.120666e-01 
  829.000  9.504755e-01 
  830.000  9.429895e-01 
  831.000  9.448658e-01 
  832.000  9.468390e-01 
  833.000  9.596102e-01 
  834.000  9.616194e-01 
  835.000  9.678847e-01 
  836.000  9.700791e-01 
  837.000  9.678930e-01 
  838.000  9.745101e-01 
  839.000  9.761790e-01 
  840.000  9.771811e-01 
  841.000  9.771811e-01 
  842.000  9.724886e-01 
  843.000  9.808027e-01 
  844.000  9.755565e-01 
  845.000  9.797674e-01 
  846.000  9.809971e-01 
  847.000  9.818999e-01 
  848.000  9.808168e-01 
  849.000  9.813473e-01 
  850.000  9.811532e-01 
  851.000  9.808248e-01 
  852.000  9.828761e-01 
  853.000  9.830822e-01 
  854.000  9.829735e-01 
  855.000  9.829735e-01 
  856.000  9.831665e-01 
  857.000  9.842502e-01 
  858.000  9.833261e-01 
  859.000  9.839939e-01 
  860.000  9.846145e-01 
  861.000  9.844127e-01 
  862.000  9.847584e-01 
  863.000  9.847772e-01 
  864.000  9.850181e-01 
  865.000  9.850181e-01 
  866.000  9.850722e-01 
  867.000  9.851484e-01 
  868.000  9.851860e-01 
  869.000  9.852140e-01 
  870.000  9.852857e-01 
  871.000  9.853984e-01 
  872.000  9.855142e-01 
  873.000  9.854934e-01 
  874.000  9.854934e-01 
  875.000  9.857310e-01 
  876.000  9.857858e-01 
  877.000  9.857748e-01 
  878.000  9.858013e-01 
  879.000  9.858043e-01 
  880.000  9.860272e-01 
  881.000  9.860272e-01 
  882.000  9.856024e-01 
  883.000  9.857000e-01 
  884.000  9.858605e-01 
  885.000  9.860355e-01 
  886.000  9.828967e-01 
  887.000  9.858849e-01 
  888.000  9.858849e-01 
  889.000  9.852179e-01 
  890.000  9.834984e-01 
  891.000  9.860883e-01 
  892.000  9.832927e-01 
  893.000  9.772362e-01 
  894.000  9.772362e-01 
  895.000  9.624242e-01 
  896.000  9.446667e-01 
  897.000  8.745191e-01 
  898.000  9.391080e-01 
  899.000  8.052763e-01 
  900.000  8.052763e-01 
  901.000  8.365536e-01 
  902.000  8.598722e-01 
  903.000  8.917982e-01 
  904.000  9.629889e-01 
  905.000  9.553414e-01 
  906.000  9.553414e-01 
  907.000  8.759317e-01 
  908.000  8.569537e-01 
  909.000  8.693100e-01 
  910.000  8.516183e-01 
  911.000  8.516183e-01 
  912.000  9.281483e-01 
  913.000  8.912019e-01 
  914.000  8.670713e-01 
  915.000  8.298460e-01 
  916.000  8.298460e-01 
  917.000  9.270182e-01 
  918.000  8.506048e-01 
  919.000  9.152980e-01 
  920.000  9.627516e-01 
  921.000  9.627516e-01 
  922.000  9.490727e-01 
  923.000  9.456198e-01 
  924.000  9.337799e-01 
  925.000  9.337799e-01 
  926.000  9.391548e-01 
  927.000  9.492164e-01 
  928.000  8.695911e-01 
  929.000  8.565603e-01 
  930.000  8.565603e-01 
  931.000  7.427987e-01 
  932.000  5.706211e-01 
  933.000  5.932340e-01 
  934.000  5.932340e-01 
  935.000  5.388970e-01 
  936.000  5.071228e-01 
  937.000  4.909066e-01 
  938.000  4.909066e-01 
  939.000  6.291575e-01 
  940.000  7.549756e-01 
  941.000  7.114434e-01 
  942.000  7.114434e-01 
  943.000  6.076045e-01 
  944.000  6.168550e-01 
  945.000  6.993887e-01 
  946.000  6.993887e-01 
  947.000  6.235862e-01 
  948.000  6.471134e-01 
  949.000  7.136362e-01 
  950.000  7.136362e-01 
  951.000  7.236850e-01 
  952.000  6.288219e-01 
  953.000  7.600921e-01 
  954.000  7.600921e-01 
  955.000  7.592056e-01 
  956.000  6.549287e-01 
  957.000  8.023632e-01 
  958.000  8.023632e-01 
  959.000  7.120295e-01 
  960.000  7.816435e-01 
  961.000  7.816435e-01 
  962.000  8.166466e-01 
  963.000  8.677143e-01 
  964.000  7.795269e-01 
  965.000  7.795269e-01 
  966.000  8.344842e-01 
  967.000  9.009461e-01 
  968.000  9.009461e-01 
  969.000  9.198245e-01 
  970.000  9.468960e-01 
  971.000  9.564654e-01 
  972.000  9.564654e-01 
  973.000  9.443019e-01 
  974.000  8.838986e-01 
  975.000  8.838986e-01 
  976.000  8.710387e-01 
  977.000  9.324130e-01 
  978.000  9.236521e-01 
  979.000  9.236521e-01 
  980.000  9.266838e-01 
  981.000  9.724634e-01 
  982.000  9.724634e-01 
  983.000  9.609136e-01 
  984.000  9.707981e-01 
  985.000  9.707981e-01 
  986.000  9.864179e-01 
  987.000  9.804174e-01 
  988.000  9.804174e-01 
  989.000  9.890268e-01 
  990.000  9.853619e-01 
  991.000  9.853619e-01 
  992.000  9.877768e-01 
  993.000  9.874999e-01 
  994.000  9.874999e-01 
  995.000  9.907898e-01 
  996.000  9.908690e-01 
  997.000  9.908690e-01 
  998.000  9.908442e-01 
  999.000  9.905673e-01 
 1000.000  9.905673e-01 
 1001.000  9.908561e-01 
 1002.000  9.859821e-01 
 1003.000  9.859821e-01 
 1004.000  9.908068e-01 
 1005.000  9.911675e-01 
 1006.000  9.911675e-01 
 1007.000  9.913639e-01 
 1008.000  9.902360e-01 
 1009.000  9.902360e-01 
 1010.000  9.862652e-01 
 1011.000  9.912741e-01 
 1012.000  9.912741e-01 
 1013.000  9.915619e-01 
 1014.000  9.914858e-01 
 1015.000  9.914858e-01 
 1016.000  9.916692e-01 
 1017.000  9.915414e-01 
 1018.000  9.915414e-01 
 1019.000  9.910724e-01 
 1020.000  9.918806e-01 
 1021.000  9.918806e-01 
 1022.000  9.912362e-01 
 1023.000  9.912362e-01 
 1024.000  9.912083e-01 
 1025.000  9.919814e-01 
 1026.000  9.919814e-01 
 1027.000  9.916462e-01 
 1028.000  9.920866e-01 
 1029.000  9.920866e-01 
 1030.000  9.923011e-01 
 1031.000  9.922180e-01 
 1032.000  9.922180e-01 
 1033.000  9.922782e-01 
 1034.000  9.922782e-01 
 1035.000  9.923337e-01 
 1036.000  9.920234e-01 
 1037.000  9.920234e-01 
 1038.000  9.919756e-01 
 1039.000  9.916406e-01 
 1040.000  9.916406e-01 
 1041.000  9.913887e-01 
 1042.000  9.913887e-01 
 1043.000  9.910690e-01 
 1044.000  9.905755e-01 
 1045.000  9.905755e-01 
 1046.000  9.898887e-01 
 1047.000  9.898887e-01 
 1048.000  9.891980e-01 
 1049.000  9.877808e-01 
 1050.000  9.877808e-01 
 1051.000  9.871808e-01 
 1052.000  9.871808e-01 
 1053.000  9.862293e-01 
 1054.000  9.854155e-01 
 1055.000  9.854155e-01 
 1056.000  9.844836e-01 
 1057.000  9.844836e-01 
 1058.000  9.836223e-01 
 1059.000  9.827839e-01 
 1060.000  9.827839e-01 
 1061.000  9.822567e-01 
 1062.000  9.822567e-01 
 1063.000  9.813395e-01 
 1064.000  9.805948e-01 
 1065.000  9.805948e-01 
 1066.000  9.816630e-01 
 1067.000  9.816630e-01 
 1068.000  9.811051e-01 
 1069.000  9.819186e-01 
 1070.000  9.819186e-01 
 1071.000  9.831746e-01 
 1072.000  9.831746e-01 
 1073.000  9.840531e-01 
 1074.000  9.840531e-01 
 1075.000  9.821103e-01 
 1076.000  9.818105e-01 
 1077.000  9.818105e-01 
 1078.000  9.853523e-01 
 1079.000  9.853523e-01 
 1080.000  9.828668e-01 
 1081.000  9.828668e-01 
 1082.000  9.845162e-01 
 1083.000  9.825116e-01 
 1084.000  9.825116e-01 
 1085.000  9.772415e-01 
 1086.000  9.772415e-01 
 1087.000  9.861274e-01 
 1088.000  9.861274e-01 
 1089.000  9.818793e-01 
 1090.000  9.797808e-01 
 1091.000  9.797808e-01 
 1092.000  9.731893e-01 
 1093.000  9.731893e-01 
 1094.000  9.743273e-01 
 1095.000  9.743273e-01 
 1096.000  9.699376e-01 
 1097.000  9.699376e-01 
 1098.000  9.633611e-01 
 1099.000  9.344976e-01 
 1100.000  9.344976e-01 
 1101.000  9.359886e-01 
 1102.000  9.359886e-01 
 1103.000  9.236608e-01 
 1104.000  9.236608e-01 
 1105.000  9.155587e-01 
 1106.000  9.155587e-01 
 1107.000  9.155942e-01 
 1108.000  9.155942e-01 
 1109.000  8.914120e-01 
 1110.000  8.693780e-01 
 1111.000  8.693780e-01 
 1112.000  8.324984e-01 
 1113.000  8.324984e-01 
 1114.000  7.625813e-01 
 1115.000  7.625813e-01 
 1116.000  5.577548e-01 
 1117.000  5.577548e-01 
 1118.000  6.575117e-01 
 1119.000  6.575117e-01 
 1120.000  5.881604e-01 
 1121.000  5.881604e-01 
 1122.000  3.997036e-01 
 1123.000  6.096386e-01 
 1124.000  6.096386e-01 
 1125.000  4.369030e-01 
 1126.000  4.369030e-01 
 1127.000  5.022268e-01 
 1128.000  5.022268e-01 
 1129.000  5.010893e-01 
 1130.000  5.010893e-01 
 1131.000  7.598901e-01 
 1132.000  7.598901e-01 
 1133.000  5.172526e-01 
 1134.000  5.172526e-01 
 1135.000  3.147613e-01 
 1136.000  3.147613e-01 
 1137.000  7.716241e-01 
 1138.000  7.716241e-01 
 1139.000  7.030316e-01 
 1140.000  7.030316e-01 
 1141.000  6.883442e-01 
 1142.000  6.883442e-01 
 1143.000  7.372867e-01 
 1144.000  7.372867e-01 
 1145.000  5.444863e-01 
 1146.000  5.444863e-01 
 1147.000  5.345823e-01 
 1148.000  5.345823e-01 
 1149.000  6.406277e-01 
 1150.000  6.406277e-01 
 1151.000  7.312778e-01 
 1152.000  7.312778e-01 
 1153.000  6.849046e-01 
 1154.000  6.849046e-01 
 1155.000  7.382050e-01 
 1156.000  7.382050e-01 
 1157.000  8.097734e-01 
 1158.000  8.097734e-01 
 1159.000  8.808579e-01 
 1160.000  8.808579e-01 
 1161.000  8.665408e-01 
 1162.000  8.665408e-01 
 1163.000  9.206183e-01 
 1164.000  9.206183e-01 
 1165.000  8.980412e-01 
 1166.000  8.980412e-01 
 1167.000  9.382461e-01 
 1168.000  9.382461e-01 
 1169.000  9.388126e-01 
 1170.000  9.388126e-01 
 1171.000  9.484674e-01 
 1172.000  9.484674e-01 
 1173.000  8.926529e-01 
 1174.000  8.926529e-01 
 1175.000  9.720182e-01 
 1176.000  9.720182e-01 
 1177.000  9.222744e-01 
 1178.000  9.222744e-01 
 1179.000  9.580038e-01 
 1180.000  9.580038e-01 
 1181.000  8.813200e-01 
 1182.000  8.813200e-01 
 1183.000  9.374569e-01 
 1184.000  9.374569e-01 
 1185.000  9.554338e-01 
 1186.000  9.554338e-01 
 1187.000  8.893070e-01 
 1188.000  8.893070e-01 
 1189.000  8.893070e-01 
 1190.000  9.370306e-01 
 1191.000  9.370306e-01 
 1192.000  9.747874e-01 
 1193.000  9.747874e-01 
 1194.000  9.484011e-01 
 1195.000  9.484011e-01 
 1196.000  9.596848e-01 
 1197.000  9.596848e-01 
 1198.000  9.347132e-01 
 1199.000  9.347132e-01 
 1200.000  9.320801e-01 
