  250.000  0.000000e+00 
  251.000  0.000000e+00 
  252.000  0.000000e+00 
  253.000  0.000000e+00 
  254.000  0.000000e+00 
  255.000  0.000000e+00 
  256.000  0.000000e+00 
  257.000  0.000000e+00 
  258.000  0.000000e+00 
  259.000  0.000000e+00 
  260.000  0.000000e+00 
  261.000  0.000000e+00 
  262.000  0.000000e+00 
  263.000  0.000000e+00 
  264.000  0.000000e+00 
  265.000  0.000000e+00 
  266.000  0.000000e+00 
  267.000  0.000000e+00 
  268.000  0.000000e+00 
  269.000  0.000000e+00 
  270.000  0.000000e+00 
  271.000  0.000000e+00 
  272.000  0.000000e+00 
  273.000  0.000000e+00 
  274.000  0.000000e+00 
  275.000  0.000000e+00 
  276.000  0.000000e+00 
  277.000  0.000000e+00 
  278.000  0.000000e+00 
  279.000  0.000000e+00 
  280.000  0.000000e+00 
  281.000  0.000000e+00 
  282.000  0.000000e+00 
  283.000  0.000000e+00 
  284.000  0.000000e+00 
  285.000  0.000000e+00 
  286.000  0.000000e+00 
  287.000  0.000000e+00 
  288.000  0.000000e+00 
  289.000  0.000000e+00 
  290.000  8.111641e-07 
  291.000  2.937934e-06 
  292.000  1.738303e-05 
  293.000  4.891623e-05 
  294.000  1.609845e-04 
  295.000  3.384252e-04 
  296.000  9.987504e-04 
  297.000  1.872695e-03 
  298.000  3.971651e-03 
  299.000  6.640156e-03 
  300.000  1.141981e-02 
  301.000  1.767612e-02 
  302.000  2.563450e-02 
  303.000  4.024737e-02 
  304.000  4.681474e-02 
  305.000  6.767310e-02 
  306.000  8.247592e-02 
  307.000  1.060375e-01 
  308.000  1.236357e-01 
  309.000  1.437070e-01 
  310.000  1.739390e-01 
  311.000  1.875836e-01 
  312.000  2.096031e-01 
  313.000  2.361439e-01 
  314.000  2.463800e-01 
  315.000  2.774091e-01 
  316.000  2.852838e-01 
  317.000  3.094382e-01 
  318.000  3.217883e-01 
  319.000  3.575330e-01 
  320.000  3.349545e-01 
  321.000  3.863604e-01 
  322.000  3.658737e-01 
  323.000  3.903890e-01 
  324.000  4.223666e-01 
  325.000  3.999456e-01 
  326.000  4.328642e-01 
  327.000  4.424821e-01 
  328.000  4.267780e-01 
  329.000  4.629131e-01 
  330.000  4.691828e-01 
  331.000  4.545285e-01 
  332.000  4.795234e-01 
  333.000  4.848666e-01 
  334.000  4.821365e-01 
  335.000  4.974192e-01 
  336.000  5.039641e-01 
  337.000  5.003363e-01 
  338.000  5.106835e-01 
  339.000  5.180222e-01 
  340.000  5.172282e-01 
  341.000  5.256681e-01 
  342.000  5.313807e-01 
  343.000  5.352792e-01 
  344.000  5.344005e-01 
  345.000  5.433406e-01 
  346.000  5.477437e-01 
  347.000  5.515175e-01 
  348.000  5.556509e-01 
  349.000  5.605138e-01 
  350.000  5.644189e-01 
  351.000  5.687348e-01 
  352.000  5.723856e-01 
  353.000  5.767372e-01 
  354.000  5.798755e-01 
  355.000  5.832770e-01 
  356.000  5.875522e-01 
  357.000  5.903599e-01 
  358.000  5.934606e-01 
  359.000  5.965046e-01 
  360.000  5.994813e-01 
  361.000  6.026033e-01 
  362.000  6.073596e-01 
  363.000  6.113951e-01 
  364.000  6.153938e-01 
  365.000  6.187519e-01 
  366.000  6.224437e-01 
  367.000  6.259116e-01 
  368.000  6.292165e-01 
  369.000  6.319838e-01 
  370.000  6.352755e-01 
  371.000  6.387352e-01 
  372.000  6.416129e-01 
  373.000  6.451049e-01 
  374.000  6.484302e-01 
  375.000  6.511169e-01 
  376.000  6.539207e-01 
  377.000  6.570895e-01 
  378.000  6.595380e-01 
  379.000  6.621977e-01 
  380.000  6.647592e-01 
  381.000  6.675320e-01 
  382.000  6.712304e-01 
  383.000  6.749902e-01 
  384.000  6.775589e-01 
  385.000  6.808357e-01 
  386.000  6.834467e-01 
  387.000  6.865207e-01 
  388.000  6.889346e-01 
  389.000  6.913849e-01 
  390.000  6.944439e-01 
  391.000  6.969482e-01 
  392.000  6.990581e-01 
  393.000  7.025499e-01 
  394.000  7.049630e-01 
  395.000  7.073005e-01 
  396.000  7.102457e-01 
  397.000  7.129025e-01 
  398.000  7.147670e-01 
  399.000  7.172945e-01 
  400.000  7.194740e-01 
  401.000  7.223337e-01 
  402.000  7.248889e-01 
  403.000  7.275120e-01 
  404.000  7.292767e-01 
  405.000  7.317014e-01 
  406.000  7.339748e-01 
  407.000  7.369170e-01 
  408.000  7.383816e-01 
  409.000  7.404899e-01 
  410.000  7.427026e-01 
  411.000  7.451780e-01 
  412.000  7.477215e-01 
  413.000  7.491210e-01 
  414.000  7.517387e-01 
  415.000  7.537986e-01 
  416.000  7.564365e-01 
  417.000  7.579981e-01 
  418.000  7.597762e-01 
  419.000  7.622956e-01 
  420.000  7.639940e-01 
  421.000  7.659611e-01 
  422.000  7.675702e-01 
  423.000  7.697732e-01 
  424.000  7.714772e-01 
  425.000  7.740125e-01 
  426.000  7.758930e-01 
  427.000  7.776594e-01 
  428.000  7.792593e-01 
  429.000  7.815381e-01 
  430.000  7.834315e-01 
  431.000  7.841917e-01 
  432.000  7.868271e-01 
  433.000  7.886632e-01 
  434.000  7.898628e-01 
  435.000  7.911246e-01 
  436.000  7.932318e-01 
  437.000  7.959754e-01 
  438.000  7.973784e-01 
  439.000  7.977808e-01 
  440.000  7.998334e-01 
  441.000  8.016037e-01 
  442.000  8.037239e-01 
  443.000  8.048314e-01 
  444.000  8.063226e-01 
  445.000  8.069187e-01 
  446.000  8.088332e-01 
  447.000  8.108689e-01 
  448.000  8.110244e-01 
  449.000  8.136334e-01 
  450.000  8.157808e-01 
  451.000  8.170748e-01 
  452.000  8.181356e-01 
  453.000  8.197268e-01 
  454.000  8.219024e-01 
  455.000  8.226565e-01 
  456.000  8.239245e-01 
  457.000  8.253833e-01 
  458.000  8.263446e-01 
  459.000  8.276304e-01 
  460.000  8.284329e-01 
  461.000  8.297717e-01 
  462.000  8.316234e-01 
  463.000  8.317491e-01 
  464.000  8.335617e-01 
  465.000  8.348127e-01 
  466.000  8.370916e-01 
  467.000  8.378004e-01 
  468.000  8.391144e-01 
  469.000  8.401634e-01 
  470.000  8.413583e-01 
  471.000  8.426181e-01 
  472.000  8.431336e-01 
  473.000  8.434501e-01 
  474.000  8.427736e-01 
  475.000  8.428790e-01 
  476.000  8.433654e-01 
  477.000  8.438516e-01 
  478.000  8.444813e-01 
  479.000  8.457245e-01 
  480.000  8.472813e-01 
  481.000  8.498345e-01 
  482.000  8.519000e-01 
  483.000  8.537781e-01 
  484.000  8.547500e-01 
  485.000  8.555336e-01 
  486.000  8.561912e-01 
  487.000  8.577120e-01 
  488.000  8.585007e-01 
  489.000  8.591221e-01 
  490.000  8.607542e-01 
  491.000  8.617331e-01 
  492.000  8.626363e-01 
  493.000  8.635294e-01 
  494.000  8.641450e-01 
  495.000  8.648309e-01 
  496.000  8.653147e-01 
  497.000  8.661191e-01 
  498.000  8.667040e-01 
  499.000  8.674449e-01 
  500.000  8.679722e-01 
  501.000  8.679565e-01 
  502.000  8.675432e-01 
  503.000  8.669063e-01 
  504.000  8.662743e-01 
  505.000  8.676590e-01 
  506.000  8.685030e-01 
  507.000  8.690846e-01 
  508.000  8.708609e-01 
  509.000  8.718749e-01 
  510.000  8.730596e-01 
  511.000  8.740422e-01 
  512.000  8.747187e-01 
  513.000  8.760861e-01 
  514.000  8.766786e-01 
  515.000  8.777539e-01 
  516.000  8.781877e-01 
  517.000  8.789680e-01 
  518.000  8.791415e-01 
  519.000  8.796297e-01 
  520.000  8.798779e-01 
  521.000  8.804857e-01 
  522.000  8.806403e-01 
  523.000  8.808694e-01 
  524.000  8.810514e-01 
  525.000  8.807452e-01 
  526.000  8.807517e-01 
  527.000  8.807452e-01 
  528.000  8.805518e-01 
  529.000  8.804421e-01 
  530.000  8.803619e-01 
  531.000  8.806575e-01 
  532.000  8.809284e-01 
  533.000  8.813776e-01 
  534.000  8.819875e-01 
  535.000  8.823591e-01 
  536.000  8.830141e-01 
  537.000  8.836938e-01 
  538.000  8.840494e-01 
  539.000  8.842965e-01 
  540.000  8.848868e-01 
  541.000  8.842832e-01 
  542.000  8.847174e-01 
  543.000  8.855678e-01 
  544.000  8.860426e-01 
  545.000  8.856349e-01 
  546.000  8.856283e-01 
  547.000  8.867400e-01 
  548.000  8.878044e-01 
  549.000  8.880225e-01 
  550.000  8.884275e-01 
  551.000  8.890373e-01 
  552.000  8.892750e-01 
  553.000  8.895696e-01 
  554.000  8.899211e-01 
  555.000  8.902048e-01 
  556.000  8.900131e-01 
  557.000  8.896394e-01 
  558.000  8.893498e-01 
  559.000  8.889743e-01 
  560.000  8.886120e-01 
  561.000  8.883247e-01 
  562.000  8.881419e-01 
  563.000  8.877581e-01 
  564.000  8.873623e-01 
  565.000  8.870227e-01 
  566.000  8.868795e-01 
  567.000  8.863797e-01 
  568.000  8.857413e-01 
  569.000  8.827783e-01 
  570.000  8.816620e-01 
  571.000  8.823186e-01 
  572.000  8.806488e-01 
  573.000  8.810593e-01 
  574.000  8.800718e-01 
  575.000  8.803186e-01 
  576.000  8.803238e-01 
  577.000  8.806407e-01 
  578.000  8.825055e-01 
  579.000  8.838156e-01 
  580.000  8.850260e-01 
  581.000  8.869932e-01 
  582.000  8.888007e-01 
  583.000  8.904474e-01 
  584.000  8.927174e-01 
  585.000  8.934217e-01 
  586.000  8.946228e-01 
  587.000  8.949004e-01 
  588.000  8.945349e-01 
  589.000  8.862087e-01 
  590.000  8.861243e-01 
  591.000  8.899195e-01 
  592.000  8.827508e-01 
  593.000  8.938674e-01 
  594.000  8.886328e-01 
  595.000  8.920487e-01 
  596.000  8.937532e-01 
  597.000  8.943107e-01 
  598.000  8.942512e-01 
  599.000  8.962805e-01 
  600.000  8.964644e-01 
  601.000  8.978115e-01 
  602.000  8.988845e-01 
  603.000  8.993642e-01 
  604.000  8.999272e-01 
  605.000  9.003658e-01 
  606.000  9.014180e-01 
  607.000  9.022544e-01 
  608.000  9.033299e-01 
  609.000  9.037707e-01 
  610.000  9.046502e-01 
  611.000  9.053521e-01 
  612.000  9.063821e-01 
  613.000  9.072476e-01 
  614.000  9.078709e-01 
  615.000  9.085959e-01 
  616.000  9.096131e-01 
  617.000  9.103431e-01 
  618.000  9.108310e-01 
  619.000  9.115440e-01 
  620.000  9.121480e-01 
  621.000  9.125738e-01 
  622.000  9.127610e-01 
  623.000  9.131323e-01 
  624.000  9.132600e-01 
  625.000  9.134478e-01 
  626.000  9.134696e-01 
  627.000  9.133086e-01 
  628.000  8.964698e-01 
  629.000  9.036379e-01 
  630.000  9.086717e-01 
  631.000  9.140021e-01 
  632.000  9.155354e-01 
  633.000  9.170069e-01 
  634.000  9.188945e-01 
  635.000  9.195477e-01 
  636.000  9.212885e-01 
  637.000  9.234319e-01 
  638.000  9.250382e-01 
  639.000  9.263206e-01 
  640.000  9.271269e-01 
  641.000  9.284505e-01 
  642.000  9.295520e-01 
  643.000  9.297614e-01 
  644.000  9.307971e-01 
  645.000  9.313822e-01 
  646.000  9.291434e-01 
  647.000  9.265041e-01 
  648.000  9.228615e-01 
  649.000  9.262092e-01 
  650.000  9.333563e-01 
  651.000  9.344890e-01 
  652.000  9.332438e-01 
  653.000  9.355719e-01 
  654.000  9.358944e-01 
  655.000  9.288937e-01 
  656.000  9.344608e-01 
  657.000  9.361186e-01 
  658.000  9.388945e-01 
  659.000  9.406859e-01 
  660.000  9.406945e-01 
  661.000  9.418976e-01 
  662.000  9.420680e-01 
  663.000  9.423994e-01 
  664.000  9.430851e-01 
  665.000  9.436714e-01 
  666.000  9.442006e-01 
  667.000  9.450457e-01 
  668.000  9.454257e-01 
  669.000  9.460718e-01 
  670.000  9.464555e-01 
  671.000  9.472362e-01 
  672.000  9.474052e-01 
  673.000  9.480550e-01 
  674.000  9.483051e-01 
  675.000  9.489781e-01 
  676.000  9.491804e-01 
  677.000  9.495381e-01 
  678.000  9.501204e-01 
  679.000  9.504287e-01 
  680.000  9.510391e-01 
  681.000  9.512544e-01 
  682.000  9.520900e-01 
  683.000  9.520711e-01 
  684.000  9.527133e-01 
  685.000  9.533162e-01 
  686.000  9.536750e-01 
  687.000  7.004297e-01 
  688.000  8.558357e-01 
  689.000  8.840318e-01 
  690.000  9.078936e-01 
  691.000  9.205667e-01 
  692.000  9.445534e-01 
  693.000  9.371220e-01 
  694.000  9.246066e-01 
  695.000  9.402019e-01 
  696.000  9.349966e-01 
  697.000  9.556020e-01 
  698.000  9.555795e-01 
  699.000  9.462611e-01 
  700.000  9.485177e-01 
  701.000  9.406047e-01 
  702.000  9.445461e-01 
  703.000  9.480079e-01 
  704.000  9.499757e-01 
  705.000  9.510538e-01 
  706.000  9.538283e-01 
  707.000  9.563107e-01 
  708.000  9.587130e-01 
  709.000  9.588974e-01 
  710.000  9.579025e-01 
  711.000  9.602917e-01 
  712.000  9.593719e-01 
  713.000  9.613265e-01 
  714.000  9.595901e-01 
  715.000  9.555731e-01 
  716.000  9.566886e-01 
  717.000  9.411983e-01 
  718.000  8.909608e-01 
  719.000  8.406305e-01 
  720.000  8.943479e-01 
  721.000  9.492509e-01 
  722.000  9.477160e-01 
  723.000  9.447010e-01 
  724.000  8.779382e-01 
  725.000  9.010185e-01 
  726.000  9.315087e-01 
  727.000  9.168596e-01 
  728.000  8.947752e-01 
  729.000  9.063501e-01 
  730.000  9.337239e-01 
  731.000  9.226081e-01 
  732.000  9.308656e-01 
  733.000  9.516951e-01 
  734.000  9.608430e-01 
  735.000  9.536222e-01 
  736.000  9.588491e-01 
  737.000  9.589220e-01 
  738.000  9.624887e-01 
  739.000  9.634547e-01 
  740.000  9.675581e-01 
  741.000  9.694223e-01 
  742.000  9.697302e-01 
  743.000  9.698042e-01 
  744.000  9.703833e-01 
  745.000  9.706908e-01 
  746.000  9.712039e-01 
  747.000  9.713995e-01 
  748.000  9.715603e-01 
  749.000  9.716289e-01 
  750.000  9.718565e-01 
  751.000  9.719407e-01 
  752.000  9.725280e-01 
  753.000  9.726760e-01 
  754.000  9.728235e-01 
  755.000  9.729722e-01 
  756.000  9.730647e-01 
  757.000  9.733684e-01 
  758.000  9.737202e-01 
  759.000  9.677084e-01 
  760.000  4.346070e-01 
  761.000  3.216747e-01 
  762.000  6.861379e-01 
  763.000  5.917600e-01 
  764.000  6.503077e-01 
  765.000  7.704359e-01 
  766.000  8.923168e-01 
  767.000  9.292271e-01 
  768.000  9.629484e-01 
  769.000  9.715943e-01 
  770.000  9.716237e-01 
  771.000  9.746362e-01 
  772.000  9.756505e-01 
  773.000  9.757284e-01 
  774.000  9.757595e-01 
  775.000  9.758391e-01 
  776.000  9.759560e-01 
  777.000  9.761066e-01 
  778.000  9.761976e-01 
  779.000  9.762970e-01 
  780.000  9.763801e-01 
  781.000  9.766304e-01 
  782.000  9.767666e-01 
  783.000  9.769417e-01 
  784.000  9.767931e-01 
  785.000  9.765602e-01 
  786.000  9.751130e-01 
  787.000  9.754097e-01 
  788.000  9.726483e-01 
  789.000  9.723376e-01 
  790.000  9.671236e-01 
  791.000  9.677557e-01 
  792.000  9.696987e-01 
  793.000  9.711750e-01 
  794.000  9.781278e-01 
  795.000  9.756601e-01 
  796.000  9.615883e-01 
  797.000  9.726539e-01 
  798.000  9.730904e-01 
  799.000  9.751043e-01 
  800.000  9.689854e-01 
  801.000  9.664972e-01 
  802.000  9.708837e-01 
  803.000  9.695002e-01 
  804.000  9.693668e-01 
  805.000  9.726136e-01 
  806.000  9.776615e-01 
  807.000  9.745442e-01 
  808.000  9.778322e-01 
  809.000  9.725696e-01 
  810.000  9.702770e-01 
  811.000  9.720458e-01 
  812.000  9.662817e-01 
  813.000  9.556606e-01 
  814.000  9.363809e-01 
  815.000  9.142181e-01 
  816.000  9.301409e-01 
  817.000  8.450818e-01 
  818.000  9.028747e-01 
  819.000  9.271060e-01 
  820.000  8.928670e-01 
  821.000  9.686733e-01 
  822.000  9.587740e-01 
  823.000  8.152395e-01 
  824.000  9.466135e-01 
  825.000  9.633979e-01 
  826.000  9.452313e-01 
  827.000  9.628752e-01 
  828.000  9.177713e-01 
  829.000  9.538506e-01 
  830.000  9.468287e-01 
  831.000  9.485867e-01 
  832.000  9.504533e-01 
  833.000  9.624187e-01 
  834.000  9.642720e-01 
  835.000  9.701310e-01 
  836.000  9.721718e-01 
  837.000  9.701341e-01 
  838.000  9.763068e-01 
  839.000  9.778587e-01 
  840.000  9.787911e-01 
  841.000  9.787911e-01 
  842.000  9.744207e-01 
  843.000  9.821616e-01 
  844.000  9.772775e-01 
  845.000  9.811990e-01 
  846.000  9.823424e-01 
  847.000  9.831818e-01 
  848.000  9.821749e-01 
  849.000  9.826680e-01 
  850.000  9.824874e-01 
  851.000  9.821807e-01 
  852.000  9.840895e-01 
  853.000  9.842811e-01 
  854.000  9.841798e-01 
  855.000  9.841798e-01 
  856.000  9.843594e-01 
  857.000  9.853670e-01 
  858.000  9.845079e-01 
  859.000  9.851288e-01 
  860.000  9.857056e-01 
  861.000  9.855181e-01 
  862.000  9.858394e-01 
  863.000  9.858568e-01 
  864.000  9.860808e-01 
  865.000  9.860808e-01 
  866.000  9.861311e-01 
  867.000  9.862018e-01 
  868.000  9.862369e-01 
  869.000  9.862629e-01 
  870.000  9.863296e-01 
  871.000  9.864344e-01 
  872.000  9.865419e-01 
  873.000  9.865226e-01 
  874.000  9.865226e-01 
  875.000  9.867435e-01 
  876.000  9.867946e-01 
  877.000  9.867842e-01 
  878.000  9.868088e-01 
  879.000  9.868116e-01 
  880.000  9.870189e-01 
  881.000  9.870189e-01 
  882.000  9.866240e-01 
  883.000  9.867147e-01 
  884.000  9.868639e-01 
  885.000  9.870265e-01 
  886.000  9.841070e-01 
  887.000  9.868866e-01 
  888.000  9.868866e-01 
  889.000  9.862666e-01 
  890.000  9.846663e-01 
  891.000  9.870756e-01 
  892.000  9.844765e-01 
  893.000  9.788408e-01 
  894.000  9.788408e-01 
  895.000  9.649682e-01 
  896.000  9.483489e-01 
  897.000  8.816248e-01 
  898.000  9.431734e-01 
  899.000  8.142932e-01 
  900.000  8.142932e-01 
  901.000  8.441093e-01 
  902.000  8.669333e-01 
  903.000  8.974323e-01 
  904.000  9.655318e-01 
  905.000  9.583367e-01 
  906.000  9.583367e-01 
  907.000  8.830422e-01 
  908.000  8.642365e-01 
  909.000  8.766026e-01 
  910.000  8.598664e-01 
  911.000  8.598664e-01 
  912.000  9.329156e-01 
  913.000  8.978385e-01 
  914.000  8.745772e-01 
  915.000  8.386359e-01 
  916.000  8.386359e-01 
  917.000  9.319257e-01 
  918.000  8.587530e-01 
  919.000  9.204246e-01 
  920.000  9.653300e-01 
  921.000  9.653300e-01 
  922.000  9.525323e-01 
  923.000  9.492941e-01 
  924.000  9.382575e-01 
  925.000  9.382575e-01 
  926.000  9.432765e-01 
  927.000  9.526983e-01 
  928.000  8.775015e-01 
  929.000  8.652507e-01 
  930.000  8.652507e-01 
  931.000  7.547123e-01 
  932.000  5.839640e-01 
  933.000  6.084856e-01 
  934.000  6.084856e-01 
  935.000  5.528898e-01 
  936.000  5.211966e-01 
  937.000  5.075048e-01 
  938.000  5.075048e-01 
  939.000  6.423367e-01 
  940.000  7.664301e-01 
  941.000  7.239377e-01 
  942.000  7.239377e-01 
  943.000  6.198341e-01 
  944.000  6.285260e-01 
  945.000  7.131410e-01 
  946.000  7.131410e-01 
  947.000  6.371476e-01 
  948.000  6.606523e-01 
  949.000  7.252633e-01 
  950.000  7.252633e-01 
  951.000  7.346790e-01 
  952.000  6.422591e-01 
  953.000  7.717891e-01 
  954.000  7.717891e-01 
  955.000  7.704902e-01 
  956.000  6.674367e-01 
  957.000  8.123923e-01 
  958.000  8.123923e-01 
  959.000  7.257828e-01 
  960.000  7.935098e-01 
  961.000  7.935098e-01 
  962.000  8.260797e-01 
  963.000  8.757394e-01 
  964.000  7.907347e-01 
  965.000  7.907347e-01 
  966.000  8.431974e-01 
  967.000  9.068491e-01 
  968.000  9.068491e-01 
  969.000  9.247993e-01 
  970.000  9.504929e-01 
  971.000  9.594343e-01 
  972.000  9.594343e-01 
  973.000  9.480817e-01 
  974.000  8.908056e-01 
  975.000  8.908056e-01 
  976.000  8.781704e-01 
  977.000  9.366416e-01 
  978.000  9.283428e-01 
  979.000  9.283428e-01 
  980.000  9.312810e-01 
  981.000  9.743885e-01 
  982.000  9.743885e-01 
  983.000  9.635297e-01 
  984.000  9.728293e-01 
  985.000  9.728293e-01 
  986.000  9.873806e-01 
  987.000  9.817955e-01 
  988.000  9.817955e-01 
  989.000  9.898066e-01 
  990.000  9.863978e-01 
  991.000  9.863978e-01 
  992.000  9.886436e-01 
  993.000  9.883864e-01 
  994.000  9.883864e-01 
  995.000  9.914449e-01 
  996.000  9.915185e-01 
  997.000  9.915185e-01 
  998.000  9.914953e-01 
  999.000  9.912381e-01 
 1000.000  9.912381e-01 
 1001.000  9.915065e-01 
 1002.000  9.869727e-01 
 1003.000  9.869727e-01 
 1004.000  9.914607e-01 
 1005.000  9.917958e-01 
 1006.000  9.917958e-01 
 1007.000  9.919783e-01 
 1008.000  9.909303e-01 
 1009.000  9.909303e-01 
 1010.000  9.872357e-01 
 1011.000  9.918949e-01 
 1012.000  9.918949e-01 
 1013.000  9.921624e-01 
 1014.000  9.920915e-01 
 1015.000  9.920915e-01 
 1016.000  9.922621e-01 
 1017.000  9.921433e-01 
 1018.000  9.921433e-01 
 1019.000  9.917074e-01 
 1020.000  9.924584e-01 
 1021.000  9.924584e-01 
 1022.000  9.918597e-01 
 1023.000  9.918597e-01 
 1024.000  9.918339e-01 
 1025.000  9.925522e-01 
 1026.000  9.925522e-01 
 1027.000  9.922405e-01 
 1028.000  9.926499e-01 
 1029.000  9.926499e-01 
 1030.000  9.928491e-01 
 1031.000  9.927719e-01 
 1032.000  9.927719e-01 
 1033.000  9.928278e-01 
 1034.000  9.928278e-01 
 1035.000  9.928795e-01 
 1036.000  9.925910e-01 
 1037.000  9.925910e-01 
 1038.000  9.925466e-01 
 1039.000  9.922354e-01 
 1040.000  9.922354e-01 
 1041.000  9.920015e-01 
 1042.000  9.920015e-01 
 1043.000  9.917043e-01 
 1044.000  9.912458e-01 
 1045.000  9.912458e-01 
 1046.000  9.906076e-01 
 1047.000  9.906076e-01 
 1048.000  9.899657e-01 
 1049.000  9.886487e-01 
 1050.000  9.886487e-01 
 1051.000  9.880909e-01 
 1052.000  9.880909e-01 
 1053.000  9.872066e-01 
 1054.000  9.864503e-01 
 1055.000  9.864503e-01 
 1056.000  9.855839e-01 
 1057.000  9.855839e-01 
 1058.000  9.847832e-01 
 1059.000  9.840037e-01 
 1060.000  9.840037e-01 
 1061.000  9.835137e-01 
 1062.000  9.835137e-01 
 1063.000  9.826608e-01 
 1064.000  9.819683e-01 
 1065.000  9.819683e-01 
 1066.000  9.829616e-01 
 1067.000  9.829616e-01 
 1068.000  9.824429e-01 
 1069.000  9.831992e-01 
 1070.000  9.831992e-01 
 1071.000  9.843671e-01 
 1072.000  9.843671e-01 
 1073.000  9.851838e-01 
 1074.000  9.851838e-01 
 1075.000  9.833745e-01 
 1076.000  9.830940e-01 
 1077.000  9.830940e-01 
 1078.000  9.863901e-01 
 1079.000  9.863901e-01 
 1080.000  9.840760e-01 
 1081.000  9.840760e-01 
 1082.000  9.856106e-01 
 1083.000  9.837432e-01 
 1084.000  9.837432e-01 
 1085.000  9.788377e-01 
 1086.000  9.788377e-01 
 1087.000  9.871078e-01 
 1088.000  9.871078e-01 
 1089.000  9.831507e-01 
 1090.000  9.811906e-01 
 1091.000  9.811906e-01 
 1092.000  9.750512e-01 
 1093.000  9.750512e-01 
 1094.000  9.761163e-01 
 1095.000  9.761163e-01 
 1096.000  9.720225e-01 
 1097.000  9.720225e-01 
 1098.000  9.658916e-01 
 1099.000  9.387684e-01 
 1100.000  9.387684e-01 
 1101.000  9.401575e-01 
 1102.000  9.401575e-01 
 1103.000  9.285681e-01 
 1104.000  9.285681e-01 
 1105.000  9.209596e-01 
 1106.000  9.209596e-01 
 1107.000  9.209360e-01 
 1108.000  9.209360e-01 
 1109.000  8.981063e-01 
 1110.000  8.766352e-01 
 1111.000  8.766352e-01 
 1112.000  8.416532e-01 
 1113.000  8.416532e-01 
 1114.000  7.715808e-01 
 1115.000  7.715808e-01 
 1116.000  5.714918e-01 
 1117.000  5.714918e-01 
 1118.000  6.692365e-01 
 1119.000  6.692365e-01 
 1120.000  6.026501e-01 
 1121.000  6.026501e-01 
 1122.000  4.153697e-01 
 1123.000  6.223505e-01 
 1124.000  6.223505e-01 
 1125.000  4.529650e-01 
 1126.000  4.529650e-01 
 1127.000  5.189022e-01 
 1128.000  5.189022e-01 
 1129.000  5.181616e-01 
 1130.000  5.181616e-01 
 1131.000  7.716670e-01 
 1132.000  7.716670e-01 
 1133.000  5.341883e-01 
 1134.000  5.341883e-01 
 1135.000  3.277138e-01 
 1136.000  3.277138e-01 
 1137.000  7.838443e-01 
 1138.000  7.838443e-01 
 1139.000  7.139803e-01 
 1140.000  7.139803e-01 
 1141.000  6.996337e-01 
 1142.000  6.996337e-01 
 1143.000  7.500258e-01 
 1144.000  7.500258e-01 
 1145.000  5.593898e-01 
 1146.000  5.593898e-01 
 1147.000  5.502409e-01 
 1148.000  5.502409e-01 
 1149.000  6.537560e-01 
 1150.000  6.537560e-01 
 1151.000  7.420523e-01 
 1152.000  7.420523e-01 
 1153.000  6.957905e-01 
 1154.000  6.957905e-01 
 1155.000  7.483996e-01 
 1156.000  7.483996e-01 
 1157.000  8.192263e-01 
 1158.000  8.192263e-01 
 1159.000  8.882018e-01 
 1160.000  8.882018e-01 
 1161.000  8.746138e-01 
 1162.000  8.746138e-01 
 1163.000  9.255661e-01 
 1164.000  9.255661e-01 
 1165.000  9.042676e-01 
 1166.000  9.042676e-01 
 1167.000  9.423062e-01 
 1168.000  9.423062e-01 
 1169.000  9.428277e-01 
 1170.000  9.428277e-01 
 1171.000  9.518482e-01 
 1172.000  9.518482e-01 
 1173.000  8.992633e-01 
 1174.000  8.992633e-01 
 1175.000  9.739672e-01 
 1176.000  9.739672e-01 
 1177.000  9.271540e-01 
 1178.000  9.271540e-01 
 1179.000  9.607291e-01 
 1180.000  9.607291e-01 
 1181.000  8.880345e-01 
 1182.000  8.880345e-01 
 1183.000  9.413624e-01 
 1184.000  9.413624e-01 
 1185.000  9.584693e-01 
 1186.000  9.584693e-01 
 1187.000  8.950136e-01 
 1188.000  8.950136e-01 
 1189.000  8.950136e-01 
 1190.000  9.408706e-01 
 1191.000  9.408706e-01 
 1192.000  9.765452e-01 
 1193.000  9.765452e-01 
 1194.000  9.516464e-01 
 1195.000  9.516464e-01 
 1196.000  9.624568e-01 
 1197.000  9.624568e-01 
 1198.000  9.388801e-01 
 1199.000  9.388801e-01 
 1200.000  9.362547e-01 
