  250.000  0.000000e+00 
  251.000  0.000000e+00 
  252.000  0.000000e+00 
  253.000  0.000000e+00 
  254.000  0.000000e+00 
  255.000  0.000000e+00 
  256.000  0.000000e+00 
  257.000  0.000000e+00 
  258.000  0.000000e+00 
  259.000  0.000000e+00 
  260.000  0.000000e+00 
  261.000  0.000000e+00 
  262.000  0.000000e+00 
  263.000  0.000000e+00 
  264.000  0.000000e+00 
  265.000  0.000000e+00 
  266.000  0.000000e+00 
  267.000  0.000000e+00 
  268.000  0.000000e+00 
  269.000  0.000000e+00 
  270.000  0.000000e+00 
  271.000  0.000000e+00 
  272.000  0.000000e+00 
  273.000  0.000000e+00 
  274.000  0.000000e+00 
  275.000  0.000000e+00 
  276.000  0.000000e+00 
  277.000  0.000000e+00 
  278.000  0.000000e+00 
  279.000  0.000000e+00 
  280.000  0.000000e+00 
  281.000  0.000000e+00 
  282.000  0.000000e+00 
  283.000  0.000000e+00 
  284.000  0.000000e+00 
  285.000  0.000000e+00 
  286.000  0.000000e+00 
  287.000  0.000000e+00 
  288.000  0.000000e+00 
  289.000  0.000000e+00 
  290.000  0.000000e+00 
  291.000  0.000000e+00 
  292.000  0.000000e+00 
  293.000  5.485606e-14 
  294.000  2.904008e-12 
  295.000  3.711670e-11 
  296.000  8.988448e-10 
  297.000  6.724239e-09 
  298.000  9.262045e-08 
  299.000  3.778111e-07 
  300.000  2.324942e-06 
  301.000  1.025802e-05 
  302.000  2.887909e-05 
  303.000  1.146948e-04 
  304.000  2.001215e-04 
  305.000  6.183569e-04 
  306.000  1.090820e-03 
  307.000  2.225122e-03 
  308.000  3.456502e-03 
  309.000  5.052463e-03 
  310.000  1.011812e-02 
  311.000  1.304705e-02 
  312.000  1.912834e-02 
  313.000  2.583585e-02 
  314.000  2.903426e-02 
  315.000  4.238347e-02 
  316.000  4.761601e-02 
  317.000  5.693519e-02 
  318.000  6.479746e-02 
  319.000  9.083934e-02 
  320.000  7.042421e-02 
  321.000  1.147566e-01 
  322.000  9.398027e-02 
  323.000  1.183437e-01 
  324.000  1.435237e-01 
  325.000  1.223951e-01 
  326.000  1.559699e-01 
  327.000  1.641671e-01 
  328.000  1.414744e-01 
  329.000  1.840936e-01 
  330.000  1.891907e-01 
  331.000  1.737415e-01 
  332.000  2.012448e-01 
  333.000  2.081571e-01 
  334.000  2.002615e-01 
  335.000  2.205479e-01 
  336.000  2.283222e-01 
  337.000  2.232272e-01 
  338.000  2.327099e-01 
  339.000  2.428252e-01 
  340.000  2.393693e-01 
  341.000  2.495510e-01 
  342.000  2.565596e-01 
  343.000  2.595033e-01 
  344.000  2.590410e-01 
  345.000  2.691494e-01 
  346.000  2.751183e-01 
  347.000  2.797208e-01 
  348.000  2.840624e-01 
  349.000  2.892412e-01 
  350.000  2.935306e-01 
  351.000  2.977648e-01 
  352.000  3.010459e-01 
  353.000  3.063902e-01 
  354.000  3.107130e-01 
  355.000  3.147600e-01 
  356.000  3.187424e-01 
  357.000  3.222587e-01 
  358.000  3.261817e-01 
  359.000  3.300970e-01 
  360.000  3.340430e-01 
  361.000  3.391047e-01 
  362.000  3.443890e-01 
  363.000  3.493017e-01 
  364.000  3.538546e-01 
  365.000  3.581236e-01 
  366.000  3.625748e-01 
  367.000  3.668005e-01 
  368.000  3.710093e-01 
  369.000  3.752028e-01 
  370.000  3.793738e-01 
  371.000  3.835320e-01 
  372.000  3.876756e-01 
  373.000  3.918034e-01 
  374.000  3.958848e-01 
  375.000  3.999075e-01 
  376.000  4.038148e-01 
  377.000  4.075313e-01 
  378.000  4.110076e-01 
  379.000  4.145486e-01 
  380.000  4.184395e-01 
  381.000  4.228624e-01 
  382.000  4.274593e-01 
  383.000  4.318339e-01 
  384.000  4.360088e-01 
  385.000  4.400524e-01 
  386.000  4.440106e-01 
  387.000  4.479209e-01 
  388.000  4.517964e-01 
  389.000  4.556537e-01 
  390.000  4.594936e-01 
  391.000  4.633078e-01 
  392.000  4.671066e-01 
  393.000  4.708868e-01 
  394.000  4.746445e-01 
  395.000  4.783765e-01 
  396.000  4.820960e-01 
  397.000  4.857846e-01 
  398.000  4.894509e-01 
  399.000  4.930973e-01 
  400.000  4.967051e-01 
  401.000  5.003091e-01 
  402.000  5.038947e-01 
  403.000  5.074599e-01 
  404.000  5.110039e-01 
  405.000  5.145192e-01 
  406.000  5.180207e-01 
  407.000  5.215043e-01 
  408.000  5.249670e-01 
  409.000  5.284050e-01 
  410.000  5.318197e-01 
  411.000  5.352096e-01 
  412.000  5.385722e-01 
  413.000  5.419235e-01 
  414.000  5.449796e-01 
  415.000  5.483850e-01 
  416.000  5.517569e-01 
  417.000  5.550732e-01 
  418.000  5.583056e-01 
  419.000  5.615101e-01 
  420.000  5.646932e-01 
  421.000  5.678642e-01 
  422.000  5.710224e-01 
  423.000  5.741640e-01 
  424.000  5.772726e-01 
  425.000  5.803096e-01 
  426.000  5.833234e-01 
  427.000  5.863168e-01 
  428.000  5.892538e-01 
  429.000  5.921505e-01 
  430.000  5.950193e-01 
  431.000  5.978717e-01 
  432.000  6.006998e-01 
  433.000  6.035062e-01 
  434.000  6.062940e-01 
  435.000  6.090595e-01 
  436.000  6.117987e-01 
  437.000  6.145131e-01 
  438.000  6.172014e-01 
  439.000  6.198736e-01 
  440.000  6.225080e-01 
  441.000  6.251135e-01 
  442.000  6.276826e-01 
  443.000  6.302179e-01 
  444.000  6.327181e-01 
  445.000  6.351694e-01 
  446.000  6.375578e-01 
  447.000  6.400737e-01 
  448.000  6.427768e-01 
  449.000  6.455154e-01 
  450.000  6.482068e-01 
  451.000  6.507900e-01 
  452.000  6.532803e-01 
  453.000  6.557242e-01 
  454.000  6.581280e-01 
  455.000  6.603581e-01 
  456.000  6.623635e-01 
  457.000  6.643710e-01 
  458.000  6.663529e-01 
  459.000  6.682940e-01 
  460.000  6.702211e-01 
  461.000  6.721290e-01 
  462.000  6.740016e-01 
  463.000  6.758758e-01 
  464.000  6.785394e-01 
  465.000  6.811696e-01 
  466.000  6.837602e-01 
  467.000  6.862987e-01 
  468.000  6.882731e-01 
  469.000  6.899300e-01 
  470.000  6.914560e-01 
  471.000  6.928319e-01 
  472.000  6.939692e-01 
  473.000  6.946829e-01 
  474.000  6.952517e-01 
  475.000  6.953264e-01 
  476.000  6.949012e-01 
  477.000  6.947646e-01 
  478.000  6.965495e-01 
  479.000  6.993417e-01 
  480.000  7.023703e-01 
  481.000  7.051018e-01 
  482.000  7.077444e-01 
  483.000  7.100403e-01 
  484.000  7.120110e-01 
  485.000  7.137712e-01 
  486.000  7.157444e-01 
  487.000  7.178918e-01 
  488.000  7.199762e-01 
  489.000  7.220263e-01 
  490.000  7.240553e-01 
  491.000  7.255273e-01 
  492.000  7.268363e-01 
  493.000  7.281390e-01 
  494.000  7.294040e-01 
  495.000  7.306693e-01 
  496.000  7.310567e-01 
  497.000  7.314065e-01 
  498.000  7.317472e-01 
  499.000  7.320538e-01 
  500.000  7.323514e-01 
  501.000  7.325696e-01 
  502.000  7.327886e-01 
  503.000  7.330014e-01 
  504.000  7.331908e-01 
  505.000  7.333531e-01 
  506.000  7.347726e-01 
  507.000  7.362510e-01 
  508.000  7.377279e-01 
  509.000  7.391889e-01 
  510.000  7.406203e-01 
  511.000  7.418610e-01 
  512.000  7.430471e-01 
  513.000  7.442266e-01 
  514.000  7.453915e-01 
  515.000  7.465464e-01 
  516.000  7.472489e-01 
  517.000  7.475491e-01 
  518.000  7.478349e-01 
  519.000  7.481113e-01 
  520.000  7.483832e-01 
  521.000  7.485971e-01 
  522.000  7.486572e-01 
  523.000  7.486266e-01 
  524.000  7.486044e-01 
  525.000  7.485312e-01 
  526.000  7.485360e-01 
  527.000  7.482514e-01 
  528.000  7.478469e-01 
  529.000  7.474410e-01 
  530.000  7.470476e-01 
  531.000  7.466625e-01 
  532.000  7.464015e-01 
  533.000  7.469165e-01 
  534.000  7.476041e-01 
  535.000  7.483986e-01 
  536.000  7.491624e-01 
  537.000  7.498493e-01 
  538.000  7.504475e-01 
  539.000  7.509892e-01 
  540.000  7.514886e-01 
  541.000  7.519693e-01 
  542.000  7.524231e-01 
  543.000  7.528559e-01 
  544.000  7.531064e-01 
  545.000  7.532042e-01 
  546.000  7.532877e-01 
  547.000  7.533801e-01 
  548.000  7.534573e-01 
  549.000  7.535303e-01 
  550.000  7.534009e-01 
  551.000  7.530799e-01 
  552.000  7.527657e-01 
  553.000  7.524217e-01 
  554.000  7.520643e-01 
  555.000  7.516997e-01 
  556.000  7.512633e-01 
  557.000  7.507096e-01 
  558.000  7.501402e-01 
  559.000  7.495461e-01 
  560.000  7.488900e-01 
  561.000  7.481778e-01 
  562.000  7.473113e-01 
  563.000  7.465565e-01 
  564.000  7.456971e-01 
  565.000  7.446366e-01 
  566.000  7.435921e-01 
  567.000  7.420318e-01 
  568.000  7.389740e-01 
  569.000  7.348992e-01 
  570.000  7.344849e-01 
  571.000  7.355077e-01 
  572.000  7.324525e-01 
  573.000  7.317701e-01 
  574.000  7.311022e-01 
  575.000  7.304568e-01 
  576.000  7.309270e-01 
  577.000  7.324768e-01 
  578.000  7.344930e-01 
  579.000  7.373198e-01 
  580.000  7.408901e-01 
  581.000  7.452785e-01 
  582.000  7.487818e-01 
  583.000  7.515943e-01 
  584.000  7.540534e-01 
  585.000  7.561904e-01 
  586.000  7.581465e-01 
  587.000  7.588408e-01 
  588.000  7.565794e-01 
  589.000  7.506461e-01 
  590.000  7.509629e-01 
  591.000  7.564061e-01 
  592.000  7.545395e-01 
  593.000  7.605387e-01 
  594.000  7.599352e-01 
  595.000  7.566888e-01 
  596.000  7.612886e-01 
  597.000  7.589362e-01 
  598.000  7.595036e-01 
  599.000  7.592906e-01 
  600.000  7.600533e-01 
  601.000  7.599523e-01 
  602.000  7.594092e-01 
  603.000  7.604684e-01 
  604.000  7.625229e-01 
  605.000  7.642933e-01 
  606.000  7.658480e-01 
  607.000  7.673663e-01 
  608.000  7.689036e-01 
  609.000  7.703921e-01 
  610.000  7.719570e-01 
  611.000  7.737350e-01 
  612.000  7.754850e-01 
  613.000  7.771934e-01 
  614.000  7.788631e-01 
  615.000  7.805303e-01 
  616.000  7.821508e-01 
  617.000  7.837026e-01 
  618.000  7.850188e-01 
  619.000  7.861644e-01 
  620.000  7.872475e-01 
  621.000  7.882205e-01 
  622.000  7.890831e-01 
  623.000  7.897596e-01 
  624.000  7.904605e-01 
  625.000  7.910969e-01 
  626.000  7.914308e-01 
  627.000  7.887893e-01 
  628.000  7.558547e-01 
  629.000  7.787251e-01 
  630.000  7.809725e-01 
  631.000  7.873350e-01 
  632.000  7.913455e-01 
  633.000  7.976009e-01 
  634.000  8.023910e-01 
  635.000  8.061671e-01 
  636.000  8.096235e-01 
  637.000  8.130670e-01 
  638.000  8.172960e-01 
  639.000  8.202179e-01 
  640.000  8.236688e-01 
  641.000  8.264002e-01 
  642.000  8.290277e-01 
  643.000  8.301259e-01 
  644.000  8.320872e-01 
  645.000  8.330467e-01 
  646.000  8.309073e-01 
  647.000  8.303779e-01 
  648.000  8.289276e-01 
  649.000  8.333535e-01 
  650.000  8.394911e-01 
  651.000  8.408962e-01 
  652.000  8.383036e-01 
  653.000  8.444927e-01 
  654.000  8.452027e-01 
  655.000  8.453495e-01 
  656.000  8.469032e-01 
  657.000  8.493668e-01 
  658.000  8.524845e-01 
  659.000  8.547947e-01 
  660.000  8.567533e-01 
  661.000  8.596090e-01 
  662.000  8.618481e-01 
  663.000  8.630210e-01 
  664.000  8.647020e-01 
  665.000  8.663181e-01 
  666.000  8.680281e-01 
  667.000  8.696519e-01 
  668.000  8.713765e-01 
  669.000  8.729281e-01 
  670.000  8.744281e-01 
  671.000  8.759459e-01 
  672.000  8.774183e-01 
  673.000  8.788814e-01 
  674.000  8.803387e-01 
  675.000  8.817942e-01 
  676.000  8.831781e-01 
  677.000  8.844361e-01 
  678.000  8.856928e-01 
  679.000  8.868854e-01 
  680.000  8.878086e-01 
  681.000  8.886284e-01 
  682.000  8.897173e-01 
  683.000  8.906730e-01 
  684.000  8.911818e-01 
  685.000  8.927718e-01 
  686.000  8.886145e-01 
  687.000  7.300460e-01 
  688.000  7.786927e-01 
  689.000  7.659888e-01 
  690.000  7.916287e-01 
  691.000  8.285860e-01 
  692.000  8.559082e-01 
  693.000  8.665578e-01 
  694.000  8.708029e-01 
  695.000  8.798257e-01 
  696.000  8.848165e-01 
  697.000  8.983073e-01 
  698.000  8.967615e-01 
  699.000  8.866358e-01 
  700.000  8.891663e-01 
  701.000  8.873965e-01 
  702.000  8.898684e-01 
  703.000  8.996775e-01 
  704.000  9.007372e-01 
  705.000  8.975350e-01 
  706.000  8.987996e-01 
  707.000  9.006764e-01 
  708.000  9.026578e-01 
  709.000  9.061586e-01 
  710.000  9.035181e-01 
  711.000  9.072791e-01 
  712.000  9.098522e-01 
  713.000  9.088787e-01 
  714.000  9.086744e-01 
  715.000  9.057145e-01 
  716.000  9.026886e-01 
  717.000  8.791599e-01 
  718.000  8.646045e-01 
  719.000  8.597080e-01 
  720.000  8.516960e-01 
  721.000  8.889033e-01 
  722.000  9.021345e-01 
  723.000  8.955912e-01 
  724.000  8.755628e-01 
  725.000  8.792006e-01 
  726.000  8.785637e-01 
  727.000  8.818588e-01 
  728.000  8.789666e-01 
  729.000  8.872646e-01 
  730.000  8.861796e-01 
  731.000  8.847939e-01 
  732.000  8.984723e-01 
  733.000  9.113544e-01 
  734.000  9.176557e-01 
  735.000  9.158782e-01 
  736.000  9.121910e-01 
  737.000  9.154106e-01 
  738.000  9.197332e-01 
  739.000  9.217198e-01 
  740.000  9.258261e-01 
  741.000  9.277338e-01 
  742.000  9.286535e-01 
  743.000  9.309595e-01 
  744.000  9.323714e-01 
  745.000  9.332225e-01 
  746.000  9.342617e-01 
  747.000  9.347987e-01 
  748.000  9.359196e-01 
  749.000  9.366637e-01 
  750.000  9.368387e-01 
  751.000  9.373559e-01 
  752.000  9.383783e-01 
  753.000  9.390203e-01 
  754.000  9.396051e-01 
  755.000  9.401159e-01 
  756.000  9.406318e-01 
  757.000  9.410155e-01 
  758.000  9.384605e-01 
  759.000  8.507519e-01 
  760.000  2.840581e-01 
  761.000  2.407462e-01 
  762.000  5.366215e-01 
  763.000  4.373802e-01 
  764.000  4.859291e-01 
  765.000  6.014937e-01 
  766.000  7.503157e-01 
  767.000  8.291391e-01 
  768.000  8.820277e-01 
  769.000  9.175436e-01 
  770.000  9.387052e-01 
  771.000  9.472266e-01 
  772.000  9.495662e-01 
  773.000  9.507249e-01 
  774.000  9.523750e-01 
  775.000  9.534004e-01 
  776.000  9.541053e-01 
  777.000  9.544518e-01 
  778.000  9.546471e-01 
  779.000  9.547932e-01 
  780.000  9.549223e-01 
  781.000  9.553709e-01 
  782.000  9.554896e-01 
  783.000  9.556173e-01 
  784.000  9.555366e-01 
  785.000  9.543487e-01 
  786.000  9.530232e-01 
  787.000  9.503822e-01 
  788.000  9.487849e-01 
  789.000  9.440831e-01 
  790.000  9.437610e-01 
  791.000  9.450067e-01 
  792.000  9.461635e-01 
  793.000  9.486425e-01 
  794.000  9.528452e-01 
  795.000  9.500136e-01 
  796.000  9.429906e-01 
  797.000  9.454527e-01 
  798.000  9.506827e-01 
  799.000  9.496785e-01 
  800.000  9.461339e-01 
  801.000  9.467268e-01 
  802.000  9.465023e-01 
  803.000  9.471913e-01 
  804.000  9.490737e-01 
  805.000  9.525424e-01 
  806.000  9.539810e-01 
  807.000  9.542187e-01 
  808.000  9.531162e-01 
  809.000  9.526951e-01 
  810.000  9.513388e-01 
  811.000  9.483867e-01 
  812.000  9.443592e-01 
  813.000  9.393668e-01 
  814.000  9.326925e-01 
  815.000  9.243109e-01 
  816.000  9.132940e-01 
  817.000  9.141021e-01 
  818.000  9.151551e-01 
  819.000  9.189364e-01 
  820.000  9.312741e-01 
  821.000  9.452004e-01 
  822.000  9.348511e-01 
  823.000  9.051012e-01 
  824.000  9.304495e-01 
  825.000  9.464432e-01 
  826.000  9.438184e-01 
  827.000  9.419461e-01 
  828.000  9.315956e-01 
  829.000  9.355116e-01 
  830.000  9.398503e-01 
  831.000  9.409444e-01 
  832.000  9.414533e-01 
  833.000  9.439808e-01 
  834.000  9.469239e-01 
  835.000  9.526444e-01 
  836.000  9.509429e-01 
  837.000  9.508513e-01 
  838.000  9.537006e-01 
  839.000  9.554667e-01 
  840.000  9.561833e-01 
  841.000  9.544989e-01 
  842.000  9.562257e-01 
  843.000  9.593784e-01 
  844.000  9.614019e-01 
  845.000  9.620615e-01 
  846.000  9.631693e-01 
  847.000  9.640390e-01 
  848.000  9.626650e-01 
  849.000  9.630091e-01 
  850.000  9.625953e-01 
  851.000  9.616950e-01 
  852.000  9.619038e-01 
  853.000  9.633406e-01 
  854.000  9.633432e-01 
  855.000  9.643385e-01 
  856.000  9.660133e-01 
  857.000  9.665743e-01 
  858.000  9.671880e-01 
  859.000  9.684327e-01 
  860.000  9.690827e-01 
  861.000  9.692635e-01 
  862.000  9.696541e-01 
  863.000  9.697896e-01 
  864.000  9.700876e-01 
  865.000  9.703486e-01 
  866.000  9.704883e-01 
  867.000  9.705512e-01 
  868.000  9.706715e-01 
  869.000  9.708214e-01 
  870.000  9.708722e-01 
  871.000  9.710180e-01 
  872.000  9.712408e-01 
  873.000  9.712010e-01 
  874.000  9.712207e-01 
  875.000  9.712946e-01 
  876.000  9.711561e-01 
  877.000  9.711294e-01 
  878.000  9.704481e-01 
  879.000  9.704843e-01 
  880.000  9.699053e-01 
  881.000  9.697167e-01 
  882.000  9.698373e-01 
  883.000  9.698819e-01 
  884.000  9.701023e-01 
  885.000  9.693725e-01 
  886.000  9.683595e-01 
  887.000  9.695685e-01 
  888.000  9.695944e-01 
  889.000  9.696875e-01 
  890.000  9.692974e-01 
  891.000  9.680594e-01 
  892.000  9.647589e-01 
  893.000  9.565061e-01 
  894.000  9.519675e-01 
  895.000  9.376282e-01 
  896.000  9.246837e-01 
  897.000  9.108933e-01 
  898.000  9.044262e-01 
  899.000  8.854801e-01 
  900.000  8.884023e-01 
  901.000  8.834465e-01 
  902.000  8.843408e-01 
  903.000  9.162713e-01 
  904.000  9.352698e-01 
  905.000  9.345988e-01 
  906.000  9.228514e-01 
  907.000  9.016802e-01 
  908.000  8.875106e-01 
  909.000  8.882411e-01 
  910.000  8.904927e-01 
  911.000  9.000518e-01 
  912.000  8.955297e-01 
  913.000  8.754040e-01 
  914.000  8.854917e-01 
  915.000  8.933406e-01 
  916.000  8.954705e-01 
  917.000  8.996884e-01 
  918.000  9.051154e-01 
  919.000  9.233302e-01 
  920.000  9.368386e-01 
  921.000  9.338989e-01 
  922.000  9.336995e-01 
  923.000  9.300049e-01 
  924.000  9.209828e-01 
  925.000  9.203948e-01 
  926.000  9.205139e-01 
  927.000  9.100970e-01 
  928.000  8.937968e-01 
  929.000  8.696993e-01 
  930.000  8.380285e-01 
  931.000  8.011313e-01 
  932.000  7.511869e-01 
  933.000  7.108107e-01 
  934.000  6.664052e-01 
  935.000  6.618453e-01 
  936.000  6.803794e-01 
  937.000  6.754544e-01 
  938.000  7.237906e-01 
  939.000  8.381608e-01 
  940.000  8.537737e-01 
  941.000  8.399900e-01 
  942.000  8.055799e-01 
  943.000  7.450613e-01 
  944.000  7.408948e-01 
  945.000  7.636169e-01 
  946.000  7.646768e-01 
  947.000  7.838091e-01 
  948.000  7.948852e-01 
  949.000  7.932152e-01 
  950.000  7.959944e-01 
  951.000  8.203883e-01 
  952.000  7.938853e-01 
  953.000  8.121209e-01 
  954.000  8.311990e-01 
  955.000  8.152664e-01 
  956.000  8.112379e-01 
  957.000  8.591043e-01 
  958.000  8.648857e-01 
  959.000  8.569261e-01 
  960.000  8.545150e-01 
  961.000  8.504860e-01 
  962.000  8.539667e-01 
  963.000  8.793105e-01 
  964.000  8.828309e-01 
  965.000  8.803550e-01 
  966.000  8.816172e-01 
  967.000  8.991777e-01 
  968.000  9.277530e-01 
  969.000  9.403519e-01 
  970.000  9.410217e-01 
  971.000  9.407597e-01 
  972.000  9.372560e-01 
  973.000  9.290165e-01 
  974.000  9.188347e-01 
  975.000  9.122362e-01 
  976.000  9.203954e-01 
  977.000  9.336719e-01 
  978.000  9.325976e-01 
  979.000  9.359821e-01 
  980.000  9.492612e-01 
  981.000  9.521825e-01 
  982.000  9.492469e-01 
  983.000  9.559913e-01 
  984.000  9.628939e-01 
  985.000  9.668058e-01 
  986.000  9.718243e-01 
  987.000  9.734432e-01 
  988.000  9.735563e-01 
  989.000  9.739384e-01 
  990.000  9.745626e-01 
  991.000  9.766702e-01 
  992.000  9.769052e-01 
  993.000  9.771817e-01 
  994.000  9.792260e-01 
  995.000  9.803826e-01 
  996.000  9.804133e-01 
  997.000  9.794995e-01 
  998.000  9.788833e-01 
  999.000  9.785600e-01 
 1000.000  9.789124e-01 
 1001.000  9.772753e-01 
 1002.000  9.746040e-01 
 1003.000  9.749475e-01 
 1004.000  9.768224e-01 
 1005.000  9.777030e-01 
 1006.000  9.779426e-01 
 1007.000  9.773785e-01 
 1008.000  9.748188e-01 
 1009.000  9.727077e-01 
 1010.000  9.734638e-01 
 1011.000  9.766194e-01 
 1012.000  9.780329e-01 
 1013.000  9.787832e-01 
 1014.000  9.792743e-01 
 1015.000  9.793499e-01 
 1016.000  9.798754e-01 
 1017.000  9.798067e-01 
 1018.000  9.795070e-01 
 1019.000  9.781408e-01 
 1020.000  9.786053e-01 
 1021.000  9.795840e-01 
 1022.000  9.778869e-01 
 1023.000  9.769322e-01 
 1024.000  9.761032e-01 
 1025.000  9.780793e-01 
 1026.000  9.791280e-01 
 1027.000  9.785966e-01 
 1028.000  9.788903e-01 
 1029.000  9.795969e-01 
 1030.000  9.802213e-01 
 1031.000  9.808260e-01 
 1032.000  9.812433e-01 
 1033.000  9.812683e-01 
 1034.000  9.814448e-01 
 1035.000  9.813475e-01 
 1036.000  9.808125e-01 
 1037.000  9.804662e-01 
 1038.000  9.805226e-01 
 1039.000  9.802476e-01 
 1040.000  9.799093e-01 
 1041.000  9.796405e-01 
 1042.000  9.795083e-01 
 1043.000  9.793666e-01 
 1044.000  9.790351e-01 
 1045.000  9.784127e-01 
 1046.000  9.779255e-01 
 1047.000  9.772755e-01 
 1048.000  9.760256e-01 
 1049.000  9.745278e-01 
 1050.000  9.737398e-01 
 1051.000  9.730742e-01 
 1052.000  9.722798e-01 
 1053.000  9.718024e-01 
 1054.000  9.708726e-01 
 1055.000  9.698946e-01 
 1056.000  9.687733e-01 
 1057.000  9.668987e-01 
 1058.000  9.645436e-01 
 1059.000  9.639538e-01 
 1060.000  9.639461e-01 
 1061.000  9.632452e-01 
 1062.000  9.618967e-01 
 1063.000  9.605622e-01 
 1064.000  9.589978e-01 
 1065.000  9.579305e-01 
 1066.000  9.579259e-01 
 1067.000  9.573764e-01 
 1068.000  9.561725e-01 
 1069.000  9.571810e-01 
 1070.000  9.587349e-01 
 1071.000  9.588943e-01 
 1072.000  9.594852e-01 
 1073.000  9.602215e-01 
 1074.000  9.613482e-01 
 1075.000  9.632637e-01 
 1076.000  9.637519e-01 
 1077.000  9.630675e-01 
 1078.000  9.620746e-01 
 1079.000  9.625684e-01 
 1080.000  9.584948e-01 
 1081.000  9.587830e-01 
 1082.000  9.613336e-01 
 1083.000  9.594089e-01 
 1084.000  9.571469e-01 
 1085.000  9.510466e-01 
 1086.000  9.529888e-01 
 1087.000  9.605163e-01 
 1088.000  9.611396e-01 
 1089.000  9.527603e-01 
 1090.000  9.514570e-01 
 1091.000  9.534407e-01 
 1092.000  9.494767e-01 
 1093.000  9.399157e-01 
 1094.000  9.358268e-01 
 1095.000  9.367439e-01 
 1096.000  9.376029e-01 
 1097.000  9.359503e-01 
 1098.000  9.117719e-01 
 1099.000  8.907307e-01 
 1100.000  8.923808e-01 
 1101.000  8.955261e-01 
 1102.000  8.944042e-01 
 1103.000  8.965411e-01 
 1104.000  8.930985e-01 
 1105.000  8.842613e-01 
 1106.000  8.750966e-01 
 1107.000  8.777433e-01 
 1108.000  8.798683e-01 
 1109.000  8.882548e-01 
 1110.000  8.879399e-01 
 1111.000  8.839605e-01 
 1112.000  8.648365e-01 
 1113.000  8.382948e-01 
 1114.000  8.320560e-01 
 1115.000  7.983507e-01 
 1116.000  7.766665e-01 
 1117.000  7.226413e-01 
 1118.000  6.709995e-01 
 1119.000  6.430864e-01 
 1120.000  6.058096e-01 
 1121.000  5.975598e-01 
 1122.000  5.548083e-01 
 1123.000  5.796565e-01 
 1124.000  5.958635e-01 
 1125.000  5.877526e-01 
 1126.000  5.842642e-01 
 1127.000  5.874432e-01 
 1128.000  5.935419e-01 
 1129.000  6.335064e-01 
 1130.000  7.209267e-01 
 1131.000  7.446063e-01 
 1132.000  7.124907e-01 
 1133.000  6.491788e-01 
 1134.000  5.203198e-01 
 1135.000  5.307164e-01 
 1136.000  6.575704e-01 
 1137.000  7.188207e-01 
 1138.000  7.732671e-01 
 1139.000  7.876531e-01 
 1140.000  7.775807e-01 
 1141.000  7.560564e-01 
 1142.000  7.487478e-01 
 1143.000  7.252420e-01 
 1144.000  6.976196e-01 
 1145.000  6.561251e-01 
 1146.000  6.660660e-01 
 1147.000  6.982156e-01 
 1148.000  7.257231e-01 
 1149.000  7.362226e-01 
 1150.000  7.358208e-01 
 1151.000  7.509145e-01 
 1152.000  7.581670e-01 
 1153.000  7.689600e-01 
 1154.000  7.646986e-01 
 1155.000  7.846305e-01 
 1156.000  8.069728e-01 
 1157.000  8.511913e-01 
 1158.000  8.680429e-01 
 1159.000  8.821668e-01 
 1160.000  8.878648e-01 
 1161.000  9.029079e-01 
 1162.000  9.133581e-01 
 1163.000  9.261311e-01 
 1164.000  9.292018e-01 
 1165.000  9.298952e-01 
 1166.000  9.324249e-01 
 1167.000  9.339619e-01 
 1168.000  9.333338e-01 
 1169.000  9.351262e-01 
 1170.000  9.367793e-01 
 1171.000  9.412839e-01 
 1172.000  9.386398e-01 
 1173.000  9.360023e-01 
 1174.000  9.361824e-01 
 1175.000  9.433570e-01 
 1176.000  9.499173e-01 
 1177.000  9.468891e-01 
 1178.000  9.406118e-01 
 1179.000  9.406491e-01 
 1180.000  9.384034e-01 
 1181.000  9.324878e-01 
 1182.000  9.265708e-01 
 1183.000  9.273232e-01 
 1184.000  9.307693e-01 
 1185.000  9.390889e-01 
 1186.000  9.366660e-01 
 1187.000  9.281444e-01 
 1188.000  9.261881e-01 
 1189.000  9.315184e-01 
 1190.000  9.448997e-01 
 1191.000  9.488331e-01 
 1192.000  9.544430e-01 
 1193.000  9.532573e-01 
 1194.000  9.524115e-01 
 1195.000  9.468686e-01 
 1196.000  9.476607e-01 
 1197.000  9.449662e-01 
 1198.000  9.443874e-01 
 1199.000  9.409873e-01 
 1200.000  9.429575e-01 
