  250.000  0.000000e+00 
  251.000  0.000000e+00 
  252.000  0.000000e+00 
  253.000  0.000000e+00 
  254.000  0.000000e+00 
  255.000  0.000000e+00 
  256.000  0.000000e+00 
  257.000  0.000000e+00 
  258.000  0.000000e+00 
  259.000  0.000000e+00 
  260.000  0.000000e+00 
  261.000  0.000000e+00 
  262.000  0.000000e+00 
  263.000  0.000000e+00 
  264.000  0.000000e+00 
  265.000  0.000000e+00 
  266.000  0.000000e+00 
  267.000  0.000000e+00 
  268.000  0.000000e+00 
  269.000  0.000000e+00 
  270.000  0.000000e+00 
  271.000  0.000000e+00 
  272.000  0.000000e+00 
  273.000  0.000000e+00 
  274.000  0.000000e+00 
  275.000  0.000000e+00 
  276.000  0.000000e+00 
  277.000  0.000000e+00 
  278.000  0.000000e+00 
  279.000  0.000000e+00 
  280.000  0.000000e+00 
  281.000  0.000000e+00 
  282.000  0.000000e+00 
  283.000  0.000000e+00 
  284.000  0.000000e+00 
  285.000  0.000000e+00 
  286.000  0.000000e+00 
  287.000  0.000000e+00 
  288.000  0.000000e+00 
  289.000  0.000000e+00 
  290.000  0.000000e+00 
  291.000  0.000000e+00 
  292.000  0.000000e+00 
  293.000  0.000000e+00 
  294.000  0.000000e+00 
  295.000  0.000000e+00 
  296.000  3.314744e-10 
  297.000  3.488492e-09 
  298.000  7.602025e-08 
  299.000  3.891179e-07 
  300.000  3.252759e-06 
  301.000  1.830843e-05 
  302.000  6.038797e-05 
  303.000  3.002970e-04 
  304.000  5.610361e-04 
  305.000  2.071778e-03 
  306.000  3.926808e-03 
  307.000  8.854396e-03 
  308.000  1.444207e-02 
  309.000  2.192330e-02 
  310.000  4.845096e-02 
  311.000  6.342246e-02 
  312.000  9.679259e-02 
  313.000  1.340491e-01 
  314.000  1.492149e-01 
  315.000  2.269347e-01 
  316.000  2.527915e-01 
  317.000  3.034560e-01 
  318.000  3.436392e-01 
  319.000  4.990755e-01 
  320.000  3.581122e-01 
  321.000  6.227738e-01 
  322.000  4.774836e-01 
  323.000  6.114186e-01 
  324.000  7.489728e-01 
  325.000  6.034285e-01 
  326.000  7.847678e-01 
  327.000  8.131029e-01 
  328.000  6.641750e-01 
  329.000  8.866713e-01 
  330.000  8.939902e-01 
  331.000  7.886444e-01 
  332.000  9.176522e-01 
  333.000  9.334537e-01 
  334.000  8.713597e-01 
  335.000  9.559741e-01 
  336.000  9.744987e-01 
  337.000  9.283064e-01 
  338.000  9.548625e-01 
  339.000  9.836342e-01 
  340.000  9.472677e-01 
  341.000  9.755435e-01 
  342.000  9.884632e-01 
  343.000  9.825429e-01 
  344.000  9.614956e-01 
  345.000  9.869189e-01 
  346.000  9.939317e-01 
  347.000  9.950525e-01 
  348.000  9.951052e-01 
  349.000  9.986392e-01 
  350.000  9.984758e-01 
  351.000  9.981327e-01 
  352.000  9.940746e-01 
  353.000  9.981660e-01 
  354.000  9.982982e-01 
  355.000  9.975116e-01 
  356.000  9.966397e-01 
  357.000  9.943380e-01 
  358.000  9.937092e-01 
  359.000  9.929836e-01 
  360.000  9.920322e-01 
  361.000  9.941605e-01 
  362.000  9.967412e-01 
  363.000  9.984058e-01 
  364.000  9.991790e-01 
  365.000  9.991689e-01 
  366.000  9.998566e-01 
  367.000  9.998844e-01 
  368.000  9.999020e-01 
  369.000  9.999139e-01 
  370.000  9.999061e-01 
  371.000  9.999010e-01 
  372.000  9.998955e-01 
  373.000  9.998876e-01 
  374.000  9.998150e-01 
  375.000  9.996551e-01 
  376.000  9.992962e-01 
  377.000  9.985930e-01 
  378.000  9.974577e-01 
  379.000  9.965051e-01 
  380.000  9.962884e-01 
  381.000  9.971400e-01 
  382.000  9.983435e-01 
  383.000  9.991362e-01 
  384.000  9.995726e-01 
  385.000  9.997909e-01 
  386.000  9.998820e-01 
  387.000  9.999185e-01 
  388.000  9.999260e-01 
  389.000  9.999357e-01 
  390.000  9.999491e-01 
  391.000  9.999518e-01 
  392.000  9.999626e-01 
  393.000  9.999759e-01 
  394.000  9.999852e-01 
  395.000  9.999852e-01 
  396.000  9.999990e-01 
  397.000  9.999953e-01 
  398.000  9.999893e-01 
  399.000  9.999852e-01 
  400.000  9.999519e-01 
  401.000  9.999477e-01 
  402.000  9.999481e-01 
  403.000  9.999501e-01 
  404.000  9.999519e-01 
  405.000  9.999425e-01 
  406.000  9.999453e-01 
  407.000  9.999539e-01 
  408.000  9.999632e-01 
  409.000  9.999680e-01 
  410.000  9.999698e-01 
  411.000  9.999670e-01 
  412.000  9.999557e-01 
  413.000  9.999604e-01 
  414.000  9.993721e-01 
  415.000  9.995934e-01 
  416.000  9.997948e-01 
  417.000  9.999219e-01 
  418.000  9.999115e-01 
  419.000  9.998922e-01 
  420.000  9.998733e-01 
  421.000  9.998686e-01 
  422.000  9.998767e-01 
  423.000  9.998917e-01 
  424.000  9.998825e-01 
  425.000  9.997815e-01 
  426.000  9.996790e-01 
  427.000  9.995788e-01 
  428.000  9.994069e-01 
  429.000  9.991971e-01 
  430.000  9.989799e-01 
  431.000  9.987712e-01 
  432.000  9.985597e-01 
  433.000  9.983492e-01 
  434.000  9.981436e-01 
  435.000  9.979375e-01 
  436.000  9.977255e-01 
  437.000  9.975096e-01 
  438.000  9.972882e-01 
  439.000  9.970748e-01 
  440.000  9.968408e-01 
  441.000  9.965976e-01 
  442.000  9.963353e-01 
  443.000  9.960583e-01 
  444.000  9.957653e-01 
  445.000  9.954373e-01 
  446.000  9.950566e-01 
  447.000  9.948934e-01 
  448.000  9.950144e-01 
  449.000  9.952041e-01 
  450.000  9.953574e-01 
  451.000  9.953756e-01 
  452.000  9.952830e-01 
  453.000  9.951573e-01 
  454.000  9.950063e-01 
  455.000  9.945787e-01 
  456.000  9.937972e-01 
  457.000  9.930468e-01 
  458.000  9.922929e-01 
  459.000  9.915166e-01 
  460.000  9.907508e-01 
  461.000  9.899889e-01 
  462.000  9.892112e-01 
  463.000  9.884790e-01 
  464.000  9.891585e-01 
  465.000  9.898156e-01 
  466.000  9.904430e-01 
  467.000  9.910262e-01 
  468.000  9.906930e-01 
  469.000  9.898999e-01 
  470.000  9.889779e-01 
  471.000  9.879060e-01 
  472.000  9.865151e-01 
  473.000  9.845058e-01 
  474.000  9.823601e-01 
  475.000  9.796745e-01 
  476.000  9.764469e-01 
  477.000  9.735242e-01 
  478.000  9.728270e-01 
  479.000  9.733033e-01 
  480.000  9.740630e-01 
  481.000  9.745454e-01 
  482.000  9.751019e-01 
  483.000  9.752810e-01 
  484.000  9.751102e-01 
  485.000  9.747213e-01 
  486.000  9.747627e-01 
  487.000  9.751497e-01 
  488.000  9.754812e-01 
  489.000  9.757896e-01 
  490.000  9.760895e-01 
  491.000  9.755191e-01 
  492.000  9.747223e-01 
  493.000  9.739385e-01 
  494.000  9.731328e-01 
  495.000  9.723470e-01 
  496.000  9.701874e-01 
  497.000  9.679913e-01 
  498.000  9.658123e-01 
  499.000  9.636230e-01 
  500.000  9.614503e-01 
  501.000  9.591945e-01 
  502.000  9.569657e-01 
  503.000  9.547562e-01 
  504.000  9.525473e-01 
  505.000  9.503348e-01 
  506.000  9.500885e-01 
  507.000  9.499513e-01 
  508.000  9.498264e-01 
  509.000  9.496984e-01 
  510.000  9.495530e-01 
  511.000  9.491363e-01 
  512.000  9.486555e-01 
  513.000  9.481823e-01 
  514.000  9.477085e-01 
  515.000  9.472385e-01 
  516.000  9.461067e-01 
  517.000  9.443973e-01 
  518.000  9.426929e-01 
  519.000  9.409982e-01 
  520.000  9.393182e-01 
  521.000  9.375881e-01 
  522.000  9.356717e-01 
  523.000  9.336821e-01 
  524.000  9.317213e-01 
  525.000  9.297279e-01 
  526.000  9.278337e-01 
  527.000  9.255557e-01 
  528.000  9.231269e-01 
  529.000  9.207183e-01 
  530.000  9.183434e-01 
  531.000  9.159977e-01 
  532.000  9.138276e-01 
  533.000  9.127789e-01 
  534.000  9.119172e-01 
  535.000  9.111754e-01 
  536.000  9.104155e-01 
  537.000  9.095916e-01 
  538.000  9.086895e-01 
  539.000  9.077400e-01 
  540.000  9.067614e-01 
  541.000  9.057772e-01 
  542.000  9.047789e-01 
  543.000  9.037726e-01 
  544.000  9.025301e-01 
  545.000  9.010875e-01 
  546.000  8.996451e-01 
  547.000  8.982255e-01 
  548.000  8.968047e-01 
  549.000  8.953934e-01 
  550.000  8.937142e-01 
  551.000  8.917946e-01 
  552.000  8.898971e-01 
  553.000  8.879858e-01 
  554.000  8.860770e-01 
  555.000  8.841763e-01 
  556.000  8.821948e-01 
  557.000  8.800828e-01 
  558.000  8.779715e-01 
  559.000  8.758516e-01 
  560.000  8.736879e-01 
  561.000  8.714858e-01 
  562.000  8.691584e-01 
  563.000  8.669801e-01 
  564.000  8.647172e-01 
  565.000  8.622779e-01 
  566.000  8.598689e-01 
  567.000  8.569854e-01 
  568.000  8.526881e-01 
  569.000  8.474424e-01 
  570.000  8.459417e-01 
  571.000  8.459527e-01 
  572.000  8.417986e-01 
  573.000  8.401224e-01 
  574.000  8.384063e-01 
  575.000  8.368477e-01 
  576.000  8.366845e-01 
  577.000  8.375593e-01 
  578.000  8.389066e-01 
  579.000  8.409675e-01 
  580.000  8.437246e-01 
  581.000  8.472446e-01 
  582.000  8.499988e-01 
  583.000  8.521502e-01 
  584.000  8.539739e-01 
  585.000  8.555003e-01 
  586.000  8.568612e-01 
  587.000  8.569871e-01 
  588.000  8.540623e-01 
  589.000  8.474288e-01 
  590.000  8.469545e-01 
  591.000  8.515684e-01 
  592.000  8.489478e-01 
  593.000  8.541158e-01 
  594.000  8.527628e-01 
  595.000  8.488116e-01 
  596.000  8.521264e-01 
  597.000  8.484523e-01 
  598.000  8.477604e-01 
  599.000  8.461983e-01 
  600.000  8.456215e-01 
  601.000  8.442584e-01 
  602.000  8.423775e-01 
  603.000  8.426460e-01 
  604.000  8.442957e-01 
  605.000  8.456894e-01 
  606.000  8.468894e-01 
  607.000  8.480589e-01 
  608.000  8.492482e-01 
  609.000  8.503959e-01 
  610.000  8.516499e-01 
  611.000  8.532071e-01 
  612.000  8.547411e-01 
  613.000  8.562396e-01 
  614.000  8.577055e-01 
  615.000  8.591713e-01 
  616.000  8.605971e-01 
  617.000  8.619631e-01 
  618.000  8.630515e-01 
  619.000  8.639618e-01 
  620.000  8.648182e-01 
  621.000  8.655779e-01 
  622.000  8.662406e-01 
  623.000  8.667383e-01 
  624.000  8.672606e-01 
  625.000  8.677276e-01 
  626.000  8.679018e-01 
  627.000  8.652899e-01 
  628.000  8.324972e-01 
  629.000  8.548525e-01 
  630.000  8.568104e-01 
  631.000  8.629780e-01 
  632.000  8.666800e-01 
  633.000  8.724991e-01 
  634.000  8.771296e-01 
  635.000  8.807235e-01 
  636.000  8.840813e-01 
  637.000  8.873790e-01 
  638.000  8.913814e-01 
  639.000  8.942136e-01 
  640.000  8.975204e-01 
  641.000  9.001843e-01 
  642.000  9.025577e-01 
  643.000  9.035595e-01 
  644.000  9.053349e-01 
  645.000  9.061479e-01 
  646.000  9.039904e-01 
  647.000  9.032830e-01 
  648.000  9.018083e-01 
  649.000  9.059659e-01 
  650.000  9.118531e-01 
  651.000  9.130458e-01 
  652.000  9.102688e-01 
  653.000  9.161680e-01 
  654.000  9.167204e-01 
  655.000  9.165658e-01 
  656.000  9.180200e-01 
  657.000  9.202213e-01 
  658.000  9.230809e-01 
  659.000  9.251894e-01 
  660.000  9.269125e-01 
  661.000  9.294943e-01 
  662.000  9.314576e-01 
  663.000  9.324756e-01 
  664.000  9.339461e-01 
  665.000  9.353605e-01 
  666.000  9.368595e-01 
  667.000  9.382907e-01 
  668.000  9.398273e-01 
  669.000  9.412120e-01 
  670.000  9.425522e-01 
  671.000  9.439096e-01 
  672.000  9.452284e-01 
  673.000  9.465403e-01 
  674.000  9.478484e-01 
  675.000  9.491563e-01 
  676.000  9.503785e-01 
  677.000  9.514416e-01 
  678.000  9.525048e-01 
  679.000  9.535128e-01 
  680.000  9.542845e-01 
  681.000  9.549664e-01 
  682.000  9.558877e-01 
  683.000  9.566928e-01 
  684.000  9.571051e-01 
  685.000  9.584684e-01 
  686.000  9.543502e-01 
  687.000  7.998985e-01 
  688.000  8.473483e-01 
  689.000  8.348001e-01 
  690.000  8.596445e-01 
  691.000  8.953795e-01 
  692.000  9.216645e-01 
  693.000  9.318621e-01 
  694.000  9.358718e-01 
  695.000  9.443401e-01 
  696.000  9.489057e-01 
  697.000  9.615452e-01 
  698.000  9.598731e-01 
  699.000  9.500415e-01 
  700.000  9.522521e-01 
  701.000  9.503720e-01 
  702.000  9.525275e-01 
  703.000  9.616517e-01 
  704.000  9.624639e-01 
  705.000  9.591920e-01 
  706.000  9.601508e-01 
  707.000  9.616919e-01 
  708.000  9.633335e-01 
  709.000  9.664142e-01 
  710.000  9.636799e-01 
  711.000  9.670092e-01 
  712.000  9.693631e-01 
  713.000  9.680662e-01 
  714.000  9.676492e-01 
  715.000  9.646651e-01 
  716.000  9.616410e-01 
  717.000  9.391971e-01 
  718.000  9.252301e-01 
  719.000  9.204262e-01 
  720.000  9.126415e-01 
  721.000  9.477934e-01 
  722.000  9.601461e-01 
  723.000  9.537993e-01 
  724.000  9.346815e-01 
  725.000  9.379514e-01 
  726.000  9.371127e-01 
  727.000  9.399992e-01 
  728.000  9.370284e-01 
  729.000  9.446478e-01 
  730.000  9.433880e-01 
  731.000  9.418455e-01 
  732.000  9.545368e-01 
  733.000  9.664481e-01 
  734.000  9.721491e-01 
  735.000  9.702481e-01 
  736.000  9.665244e-01 
  737.000  9.692892e-01 
  738.000  9.730908e-01 
  739.000  9.746940e-01 
  740.000  9.782882e-01 
  741.000  9.799355e-01 
  742.000  9.805928e-01 
  743.000  9.824954e-01 
  744.000  9.835128e-01 
  745.000  9.840788e-01 
  746.000  9.847493e-01 
  747.000  9.850503e-01 
  748.000  9.858814e-01 
  749.000  9.863875e-01 
  750.000  9.864026e-01 
  751.000  9.867147e-01 
  752.000  9.874648e-01 
  753.000  9.878871e-01 
  754.000  9.882609e-01 
  755.000  9.885720e-01 
  756.000  9.888886e-01 
  757.000  9.890923e-01 
  758.000  9.866990e-01 
  759.000  9.033406e-01 
  760.000  3.379292e-01 
  761.000  2.913210e-01 
  762.000  5.974471e-01 
  763.000  4.973305e-01 
  764.000  5.464572e-01 
  765.000  6.615165e-01 
  766.000  8.063676e-01 
  767.000  8.817737e-01 
  768.000  9.318975e-01 
  769.000  9.653326e-01 
  770.000  9.865265e-01 
  771.000  9.945214e-01 
  772.000  9.964967e-01 
  773.000  9.973577e-01 
  774.000  9.986249e-01 
  775.000  9.993068e-01 
  776.000  9.997137e-01 
  777.000  9.998131e-01 
  778.000  9.997836e-01 
  779.000  9.997131e-01 
  780.000  9.996292e-01 
  781.000  9.998214e-01 
  782.000  9.997310e-01 
  783.000  9.996496e-01 
  784.000  9.993904e-01 
  785.000  9.981813e-01 
  786.000  9.967681e-01 
  787.000  9.940596e-01 
  788.000  9.924087e-01 
  789.000  9.876487e-01 
  790.000  9.871519e-01 
  791.000  9.881205e-01 
  792.000  9.890045e-01 
  793.000  9.911224e-01 
  794.000  9.950294e-01 
  795.000  9.921986e-01 
  796.000  9.852839e-01 
  797.000  9.873915e-01 
  798.000  9.920760e-01 
  799.000  9.909549e-01 
  800.000  9.874705e-01 
  801.000  9.878408e-01 
  802.000  9.874491e-01 
  803.000  9.879106e-01 
  804.000  9.894807e-01 
  805.000  9.925270e-01 
  806.000  9.938291e-01 
  807.000  9.938718e-01 
  808.000  9.926991e-01 
  809.000  9.919642e-01 
  810.000  9.905325e-01 
  811.000  9.876213e-01 
  812.000  9.837123e-01 
  813.000  9.789087e-01 
  814.000  9.725427e-01 
  815.000  9.645904e-01 
  816.000  9.541690e-01 
  817.000  9.547677e-01 
  818.000  9.555914e-01 
  819.000  9.589496e-01 
  820.000  9.702635e-01 
  821.000  9.830369e-01 
  822.000  9.732703e-01 
  823.000  9.454349e-01 
  824.000  9.688666e-01 
  825.000  9.835526e-01 
  826.000  9.809566e-01 
  827.000  9.790661e-01 
  828.000  9.693114e-01 
  829.000  9.727948e-01 
  830.000  9.766665e-01 
  831.000  9.775284e-01 
  832.000  9.778455e-01 
  833.000  9.800360e-01 
  834.000  9.826102e-01 
  835.000  9.877539e-01 
  836.000  9.860302e-01 
  837.000  9.857970e-01 
  838.000  9.882869e-01 
  839.000  9.897724e-01 
  840.000  9.902903e-01 
  841.000  9.885910e-01 
  842.000  9.900428e-01 
  843.000  9.929754e-01 
  844.000  9.946623e-01 
  845.000  9.951842e-01 
  846.000  9.960349e-01 
  847.000  9.967349e-01 
  848.000  9.953191e-01 
  849.000  9.954928e-01 
  850.000  9.949263e-01 
  851.000  9.939827e-01 
  852.000  9.940391e-01 
  853.000  9.952660e-01 
  854.000  9.951397e-01 
  855.000  9.958960e-01 
  856.000  9.973063e-01 
  857.000  9.977341e-01 
  858.000  9.981343e-01 
  859.000  9.990697e-01 
  860.000  9.995016e-01 
  861.000  9.995365e-01 
  862.000  9.997498e-01 
  863.000  9.997476e-01 
  864.000  9.998839e-01 
  865.000  9.999893e-01 
  866.000  9.999927e-01 
  867.000  9.999317e-01 
  868.000  9.999201e-01 
  869.000  9.999339e-01 
  870.000  9.998648e-01 
  871.000  9.998764e-01 
  872.000  9.999540e-01 
  873.000  9.998100e-01 
  874.000  9.997171e-01 
  875.000  9.996706e-01 
  876.000  9.994451e-01 
  877.000  9.993148e-01 
  878.000  9.986319e-01 
  879.000  9.985561e-01 
  880.000  9.979610e-01 
  881.000  9.976833e-01 
  882.000  9.976282e-01 
  883.000  9.976143e-01 
  884.000  9.976976e-01 
  885.000  9.969057e-01 
  886.000  9.958416e-01 
  887.000  9.968062e-01 
  888.000  9.967235e-01 
  889.000  9.967638e-01 
  890.000  9.962524e-01 
  891.000  9.949840e-01 
  892.000  9.919187e-01 
  893.000  9.840152e-01 
  894.000  9.797362e-01 
  895.000  9.664116e-01 
  896.000  9.543687e-01 
  897.000  9.415356e-01 
  898.000  9.354630e-01 
  899.000  9.177979e-01 
  900.000  9.204242e-01 
  901.000  9.157256e-01 
  902.000  9.164493e-01 
  903.000  9.459392e-01 
  904.000  9.633895e-01 
  905.000  9.626653e-01 
  906.000  9.517223e-01 
  907.000  9.320475e-01 
  908.000  9.188266e-01 
  909.000  9.194198e-01 
  910.000  9.214199e-01 
  911.000  9.301881e-01 
  912.000  9.259081e-01 
  913.000  9.071501e-01 
  914.000  9.164218e-01 
  915.000  9.236047e-01 
  916.000  9.254841e-01 
  917.000  9.292942e-01 
  918.000  9.342209e-01 
  919.000  9.509531e-01 
  920.000  9.633085e-01 
  921.000  9.605051e-01 
  922.000  9.602311e-01 
  923.000  9.567391e-01 
  924.000  9.483356e-01 
  925.000  9.477203e-01 
  926.000  9.477793e-01 
  927.000  9.381153e-01 
  928.000  9.230207e-01 
  929.000  9.006941e-01 
  930.000  8.712770e-01 
  931.000  8.368676e-01 
  932.000  7.901862e-01 
  933.000  7.520819e-01 
  934.000  7.098591e-01 
  935.000  7.054923e-01 
  936.000  7.231315e-01 
  937.000  7.183301e-01 
  938.000  7.640004e-01 
  939.000  8.711179e-01 
  940.000  8.855284e-01 
  941.000  8.726167e-01 
  942.000  8.404537e-01 
  943.000  7.836125e-01 
  944.000  7.796493e-01 
  945.000  8.009962e-01 
  946.000  8.018990e-01 
  947.000  8.197303e-01 
  948.000  8.300099e-01 
  949.000  8.283497e-01 
  950.000  8.308691e-01 
  951.000  8.535556e-01 
  952.000  8.287053e-01 
  953.000  8.456373e-01 
  954.000  8.633045e-01 
  955.000  8.483588e-01 
  956.000  8.444718e-01 
  957.000  8.888767e-01 
  958.000  8.941292e-01 
  959.000  8.866548e-01 
  960.000  8.843288e-01 
  961.000  8.805073e-01 
  962.000  8.836523e-01 
  963.000  9.070349e-01 
  964.000  9.102063e-01 
  965.000  9.078355e-01 
  966.000  9.089180e-01 
  967.000  9.250416e-01 
  968.000  9.512520e-01 
  969.000  9.627365e-01 
  970.000  9.632757e-01 
  971.000  9.629657e-01 
  972.000  9.596872e-01 
  973.000  9.520609e-01 
  974.000  9.426400e-01 
  975.000  9.365078e-01 
  976.000  9.439443e-01 
  977.000  9.560689e-01 
  978.000  9.550115e-01 
  979.000  9.580435e-01 
  980.000  9.701428e-01 
  981.000  9.727473e-01 
  982.000  9.699883e-01 
  983.000  9.760913e-01 
  984.000  9.823350e-01 
  985.000  9.858423e-01 
  986.000  9.903587e-01 
  987.000  9.918857e-01 
  988.000  9.920087e-01 
  989.000  9.922856e-01 
  990.000  9.927788e-01 
  991.000  9.945922e-01 
  992.000  9.948134e-01 
  993.000  9.949955e-01 
  994.000  9.967284e-01 
  995.000  9.977264e-01 
  996.000  9.976947e-01 
  997.000  9.968511e-01 
  998.000  9.961914e-01 
  999.000  9.958498e-01 
 1000.000  9.961008e-01 
 1001.000  9.945317e-01 
 1002.000  9.920126e-01 
 1003.000  9.923459e-01 
 1004.000  9.939555e-01 
 1005.000  9.946811e-01 
 1006.000  9.948426e-01 
 1007.000  9.942850e-01 
 1008.000  9.919540e-01 
 1009.000  9.897733e-01 
 1010.000  9.905420e-01 
 1011.000  9.933938e-01 
 1012.000  9.945965e-01 
 1013.000  9.952743e-01 
 1014.000  9.956525e-01 
 1015.000  9.956681e-01 
 1016.000  9.960774e-01 
 1017.000  9.960324e-01 
 1018.000  9.956540e-01 
 1019.000  9.944075e-01 
 1020.000  9.947652e-01 
 1021.000  9.955727e-01 
 1022.000  9.940398e-01 
 1023.000  9.930742e-01 
 1024.000  9.922929e-01 
 1025.000  9.940688e-01 
 1026.000  9.949422e-01 
 1027.000  9.944316e-01 
 1028.000  9.946458e-01 
 1029.000  9.952784e-01 
 1030.000  9.958344e-01 
 1031.000  9.962915e-01 
 1032.000  9.965924e-01 
 1033.000  9.965662e-01 
 1034.000  9.966666e-01 
 1035.000  9.965389e-01 
 1036.000  9.960463e-01 
 1037.000  9.957113e-01 
 1038.000  9.957124e-01 
 1039.000  9.954374e-01 
 1040.000  9.951098e-01 
 1041.000  9.948404e-01 
 1042.000  9.946851e-01 
 1043.000  9.945223e-01 
 1044.000  9.942013e-01 
 1045.000  9.936378e-01 
 1046.000  9.931872e-01 
 1047.000  9.926013e-01 
 1048.000  9.915147e-01 
 1049.000  9.902214e-01 
 1050.000  9.895207e-01 
 1051.000  9.889223e-01 
 1052.000  9.882165e-01 
 1053.000  9.877755e-01 
 1054.000  9.869571e-01 
 1055.000  9.860985e-01 
 1056.000  9.851204e-01 
 1057.000  9.835129e-01 
 1058.000  9.814237e-01 
 1059.000  9.808995e-01 
 1060.000  9.809226e-01 
 1061.000  9.802961e-01 
 1062.000  9.790229e-01 
 1063.000  9.778199e-01 
 1064.000  9.763932e-01 
 1065.000  9.754009e-01 
 1066.000  9.753594e-01 
 1067.000  9.747787e-01 
 1068.000  9.735658e-01 
 1069.000  9.743395e-01 
 1070.000  9.756477e-01 
 1071.000  9.756550e-01 
 1072.000  9.758995e-01 
 1073.000  9.764487e-01 
 1074.000  9.773499e-01 
 1075.000  9.791294e-01 
 1076.000  9.793082e-01 
 1077.000  9.785749e-01 
 1078.000  9.775643e-01 
 1079.000  9.779099e-01 
 1080.000  9.741077e-01 
 1081.000  9.742805e-01 
 1082.000  9.765209e-01 
 1083.000  9.746825e-01 
 1084.000  9.725440e-01 
 1085.000  9.669083e-01 
 1086.000  9.686066e-01 
 1087.000  9.753979e-01 
 1088.000  9.758955e-01 
 1089.000  9.681994e-01 
 1090.000  9.669481e-01 
 1091.000  9.686957e-01 
 1092.000  9.650180e-01 
 1093.000  9.562481e-01 
 1094.000  9.524647e-01 
 1095.000  9.532539e-01 
 1096.000  9.539981e-01 
 1097.000  9.524409e-01 
 1098.000  9.303046e-01 
 1099.000  9.109823e-01 
 1100.000  9.124537e-01 
 1101.000  9.153000e-01 
 1102.000  9.142303e-01 
 1103.000  9.161631e-01 
 1104.000  9.129851e-01 
 1105.000  9.048511e-01 
 1106.000  8.963928e-01 
 1107.000  8.988039e-01 
 1108.000  9.007443e-01 
 1109.000  9.084473e-01 
 1110.000  9.081768e-01 
 1111.000  9.045182e-01 
 1112.000  8.869574e-01 
 1113.000  8.625937e-01 
 1114.000  8.569520e-01 
 1115.000  8.259155e-01 
 1116.000  8.058462e-01 
 1117.000  7.554721e-01 
 1118.000  7.070618e-01 
 1119.000  6.808494e-01 
 1120.000  6.455185e-01 
 1121.000  6.376830e-01 
 1122.000  5.966722e-01 
 1123.000  6.206749e-01 
 1124.000  6.362455e-01 
 1125.000  6.284555e-01 
 1126.000  6.250676e-01 
 1127.000  6.280233e-01 
 1128.000  6.337419e-01 
 1129.000  6.717625e-01 
 1130.000  7.543141e-01 
 1131.000  7.764706e-01 
 1132.000  7.463928e-01 
 1133.000  6.865458e-01 
 1134.000  5.628881e-01 
 1135.000  5.729224e-01 
 1136.000  6.943058e-01 
 1137.000  7.519754e-01 
 1138.000  8.026938e-01 
 1139.000  8.158277e-01 
 1140.000  8.064383e-01 
 1141.000  7.862823e-01 
 1142.000  7.794560e-01 
 1143.000  7.574883e-01 
 1144.000  7.315382e-01 
 1145.000  6.923862e-01 
 1146.000  7.017558e-01 
 1147.000  7.320148e-01 
 1148.000  7.577798e-01 
 1149.000  7.675265e-01 
 1150.000  7.670109e-01 
 1151.000  7.809627e-01 
 1152.000  7.876422e-01 
 1153.000  7.976108e-01 
 1154.000  7.935083e-01 
 1155.000  8.119012e-01 
 1156.000  8.325300e-01 
 1157.000  8.732501e-01 
 1158.000  8.886111e-01 
 1159.000  9.014428e-01 
 1160.000  9.065858e-01 
 1161.000  9.202889e-01 
 1162.000  9.297494e-01 
 1163.000  9.413276e-01 
 1164.000  9.440995e-01 
 1165.000  9.446675e-01 
 1166.000  9.469188e-01 
 1167.000  9.482754e-01 
 1168.000  9.476769e-01 
 1169.000  9.492726e-01 
 1170.000  9.507453e-01 
 1171.000  9.548141e-01 
 1172.000  9.523822e-01 
 1173.000  9.499538e-01 
 1174.000  9.500918e-01 
 1175.000  9.565943e-01 
 1176.000  9.625333e-01 
 1177.000  9.597574e-01 
 1178.000  9.540259e-01 
 1179.000  9.540345e-01 
 1180.000  9.519686e-01 
 1181.000  9.465610e-01 
 1182.000  9.411471e-01 
 1183.000  9.418079e-01 
 1184.000  9.449234e-01 
 1185.000  9.524692e-01 
 1186.000  9.502405e-01 
 1187.000  9.424555e-01 
 1188.000  9.406449e-01 
 1189.000  9.454733e-01 
 1190.000  9.576200e-01 
 1191.000  9.611679e-01 
 1192.000  9.662356e-01 
 1193.000  9.651348e-01 
 1194.000  9.643406e-01 
 1195.000  9.592819e-01 
 1196.000  9.599779e-01 
 1197.000  9.575066e-01 
 1198.000  9.569582e-01 
 1199.000  9.538448e-01 
 1200.000  9.556154e-01 
