  250.000  0.000000e+00 
  251.000  0.000000e+00 
  252.000  0.000000e+00 
  253.000  0.000000e+00 
  254.000  0.000000e+00 
  255.000  0.000000e+00 
  256.000  0.000000e+00 
  257.000  0.000000e+00 
  258.000  0.000000e+00 
  259.000  0.000000e+00 
  260.000  0.000000e+00 
  261.000  0.000000e+00 
  262.000  0.000000e+00 
  263.000  0.000000e+00 
  264.000  0.000000e+00 
  265.000  0.000000e+00 
  266.000  0.000000e+00 
  267.000  0.000000e+00 
  268.000  0.000000e+00 
  269.000  0.000000e+00 
  270.000  0.000000e+00 
  271.000  0.000000e+00 
  272.000  0.000000e+00 
  273.000  0.000000e+00 
  274.000  0.000000e+00 
  275.000  0.000000e+00 
  276.000  0.000000e+00 
  277.000  0.000000e+00 
  278.000  0.000000e+00 
  279.000  0.000000e+00 
  280.000  0.000000e+00 
  281.000  0.000000e+00 
  282.000  0.000000e+00 
  283.000  0.000000e+00 
  284.000  0.000000e+00 
  285.000  0.000000e+00 
  286.000  0.000000e+00 
  287.000  0.000000e+00 
  288.000  0.000000e+00 
  289.000  0.000000e+00 
  290.000  0.000000e+00 
  291.000  0.000000e+00 
  292.000  0.000000e+00 
  293.000  0.000000e+00 
  294.000  0.000000e+00 
  295.000  0.000000e+00 
  296.000  2.041585e-05 
  297.000  6.541804e-05 
  298.000  3.004837e-04 
  299.000  6.740245e-04 
  300.000  1.927179e-03 
  301.000  4.530897e-03 
  302.000  8.177377e-03 
  303.000  1.808252e-02 
  304.000  2.463511e-02 
  305.000  4.701687e-02 
  306.000  6.451263e-02 
  307.000  9.646093e-02 
  308.000  1.228773e-01 
  309.000  1.510632e-01 
  310.000  2.236402e-01 
  311.000  2.555092e-01 
  312.000  3.149508e-01 
  313.000  3.700083e-01 
  314.000  3.901588e-01 
  315.000  4.800984e-01 
  316.000  5.064250e-01 
  317.000  5.543263e-01 
  318.000  5.895024e-01 
  319.000  7.090338e-01 
  320.000  6.016581e-01 
  321.000  7.911237e-01 
  322.000  6.936875e-01 
  323.000  7.839538e-01 
  324.000  8.667457e-01 
  325.000  7.788683e-01 
  326.000  8.869986e-01 
  327.000  9.027017e-01 
  328.000  8.167211e-01 
  329.000  9.422268e-01 
  330.000  9.460666e-01 
  331.000  8.891637e-01 
  332.000  9.583737e-01 
  333.000  9.665033e-01 
  334.000  9.341412e-01 
  335.000  9.779762e-01 
  336.000  9.873064e-01 
  337.000  9.638691e-01 
  338.000  9.774145e-01 
  339.000  9.918777e-01 
  340.000  9.735653e-01 
  341.000  9.878427e-01 
  342.000  9.943020e-01 
  343.000  9.913564e-01 
  344.000  9.807891e-01 
  345.000  9.935221e-01 
  346.000  9.970013e-01 
  347.000  9.975545e-01 
  348.000  9.975799e-01 
  349.000  9.993318e-01 
  350.000  9.992517e-01 
  351.000  9.990836e-01 
  352.000  9.970741e-01 
  353.000  9.991052e-01 
  354.000  9.991750e-01 
  355.000  9.987937e-01 
  356.000  9.983737e-01 
  357.000  9.972529e-01 
  358.000  9.969649e-01 
  359.000  9.966241e-01 
  360.000  9.961563e-01 
  361.000  9.971858e-01 
  362.000  9.984283e-01 
  363.000  9.992304e-01 
  364.000  9.996030e-01 
  365.000  9.995933e-01 
  366.000  9.999314e-01 
  367.000  9.999447e-01 
  368.000  9.999531e-01 
  369.000  9.999588e-01 
  370.000  9.999551e-01 
  371.000  9.999526e-01 
  372.000  9.999499e-01 
  373.000  9.999462e-01 
  374.000  9.999115e-01 
  375.000  9.998350e-01 
  376.000  9.996634e-01 
  377.000  9.993268e-01 
  378.000  9.987833e-01 
  379.000  9.983270e-01 
  380.000  9.982231e-01 
  381.000  9.986312e-01 
  382.000  9.992074e-01 
  383.000  9.995868e-01 
  384.000  9.997956e-01 
  385.000  9.999000e-01 
  386.000  9.999436e-01 
  387.000  9.999610e-01 
  388.000  9.999645e-01 
  389.000  9.999692e-01 
  390.000  9.999756e-01 
  391.000  9.999769e-01 
  392.000  9.999821e-01 
  393.000  9.999884e-01 
  394.000  9.999929e-01 
  395.000  9.999929e-01 
  396.000  9.999995e-01 
  397.000  9.999977e-01 
  398.000  9.999949e-01 
  399.000  9.999929e-01 
  400.000  9.999770e-01 
  401.000  9.999750e-01 
  402.000  9.999752e-01 
  403.000  9.999761e-01 
  404.000  9.999770e-01 
  405.000  9.999725e-01 
  406.000  9.999739e-01 
  407.000  9.999779e-01 
  408.000  9.999824e-01 
  409.000  9.999846e-01 
  410.000  9.999855e-01 
  411.000  9.999842e-01 
  412.000  9.999788e-01 
  413.000  9.999811e-01 
  414.000  9.996901e-01 
  415.000  9.997995e-01 
  416.000  9.998994e-01 
  417.000  9.999626e-01 
  418.000  9.999576e-01 
  419.000  9.999484e-01 
  420.000  9.999394e-01 
  421.000  9.999372e-01 
  422.000  9.999409e-01 
  423.000  9.999481e-01 
  424.000  9.999434e-01 
  425.000  9.998935e-01 
  426.000  9.998430e-01 
  427.000  9.997936e-01 
  428.000  9.997085e-01 
  429.000  9.996048e-01 
  430.000  9.994974e-01 
  431.000  9.993941e-01 
  432.000  9.992895e-01 
  433.000  9.991854e-01 
  434.000  9.990835e-01 
  435.000  9.989815e-01 
  436.000  9.988766e-01 
  437.000  9.987699e-01 
  438.000  9.986606e-01 
  439.000  9.985551e-01 
  440.000  9.984398e-01 
  441.000  9.983200e-01 
  442.000  9.981911e-01 
  443.000  9.980553e-01 
  444.000  9.979118e-01 
  445.000  9.977515e-01 
  446.000  9.975659e-01 
  447.000  9.974860e-01 
  448.000  9.975435e-01 
  449.000  9.976339e-01 
  450.000  9.977069e-01 
  451.000  9.977139e-01 
  452.000  9.976668e-01 
  453.000  9.976038e-01 
  454.000  9.975287e-01 
  455.000  9.973165e-01 
  456.000  9.969290e-01 
  457.000  9.965562e-01 
  458.000  9.961817e-01 
  459.000  9.957964e-01 
  460.000  9.954160e-01 
  461.000  9.950375e-01 
  462.000  9.946513e-01 
  463.000  9.942877e-01 
  464.000  9.946268e-01 
  465.000  9.949549e-01 
  466.000  9.952686e-01 
  467.000  9.955609e-01 
  468.000  9.953986e-01 
  469.000  9.950094e-01 
  470.000  9.945582e-01 
  471.000  9.940345e-01 
  472.000  9.933535e-01 
  473.000  9.923658e-01 
  474.000  9.913114e-01 
  475.000  9.899950e-01 
  476.000  9.884145e-01 
  477.000  9.869758e-01 
  478.000  9.866144e-01 
  479.000  9.868221e-01 
  480.000  9.871672e-01 
  481.000  9.873806e-01 
  482.000  9.876385e-01 
  483.000  9.877136e-01 
  484.000  9.876192e-01 
  485.000  9.874192e-01 
  486.000  9.874372e-01 
  487.000  9.876296e-01 
  488.000  9.877952e-01 
  489.000  9.879496e-01 
  490.000  9.880998e-01 
  491.000  9.878140e-01 
  492.000  9.874150e-01 
  493.000  9.870222e-01 
  494.000  9.866187e-01 
  495.000  9.862247e-01 
  496.000  9.851402e-01 
  497.000  9.840357e-01 
  498.000  9.829385e-01 
  499.000  9.818354e-01 
  500.000  9.807392e-01 
  501.000  9.796001e-01 
  502.000  9.784732e-01 
  503.000  9.773546e-01 
  504.000  9.762352e-01 
  505.000  9.751130e-01 
  506.000  9.749882e-01 
  507.000  9.749188e-01 
  508.000  9.748554e-01 
  509.000  9.747905e-01 
  510.000  9.747170e-01 
  511.000  9.745058e-01 
  512.000  9.742619e-01 
  513.000  9.740217e-01 
  514.000  9.737812e-01 
  515.000  9.735425e-01 
  516.000  9.729671e-01 
  517.000  9.720975e-01 
  518.000  9.712297e-01 
  519.000  9.703661e-01 
  520.000  9.695091e-01 
  521.000  9.686261e-01 
  522.000  9.676478e-01 
  523.000  9.666324e-01 
  524.000  9.656304e-01 
  525.000  9.646114e-01 
  526.000  9.636406e-01 
  527.000  9.624721e-01 
  528.000  9.612246e-01 
  529.000  9.599857e-01 
  530.000  9.587622e-01 
  531.000  9.575520e-01 
  532.000  9.564301e-01 
  533.000  9.558868e-01 
  534.000  9.554370e-01 
  535.000  9.550472e-01 
  536.000  9.546482e-01 
  537.000  9.542170e-01 
  538.000  9.537464e-01 
  539.000  9.532516e-01 
  540.000  9.527419e-01 
  541.000  9.522292e-01 
  542.000  9.517094e-01 
  543.000  9.511852e-01 
  544.000  9.505379e-01 
  545.000  9.497859e-01 
  546.000  9.490336e-01 
  547.000  9.482923e-01 
  548.000  9.475499e-01 
  549.000  9.468119e-01 
  550.000  9.459330e-01 
  551.000  9.449278e-01 
  552.000  9.439330e-01 
  553.000  9.429302e-01 
  554.000  9.419278e-01 
  555.000  9.409286e-01 
  556.000  9.398858e-01 
  557.000  9.387736e-01 
  558.000  9.376606e-01 
  559.000  9.365422e-01 
  560.000  9.354001e-01 
  561.000  9.342370e-01 
  562.000  9.330088e-01 
  563.000  9.318573e-01 
  564.000  9.306611e-01 
  565.000  9.293724e-01 
  566.000  9.280978e-01 
  567.000  9.265763e-01 
  568.000  9.242943e-01 
  569.000  9.211110e-01 
  570.000  9.203801e-01 
  571.000  9.207620e-01 
  572.000  9.182355e-01 
  573.000  9.175107e-01 
  574.000  9.166166e-01 
  575.000  9.157882e-01 
  576.000  9.157127e-01 
  577.000  9.162212e-01 
  578.000  9.170476e-01 
  579.000  9.181334e-01 
  580.000  9.195808e-01 
  581.000  9.214227e-01 
  582.000  9.228667e-01 
  583.000  9.239981e-01 
  584.000  9.249582e-01 
  585.000  9.257635e-01 
  586.000  9.264824e-01 
  587.000  9.264098e-01 
  588.000  9.240459e-01 
  589.000  9.195640e-01 
  590.000  9.192365e-01 
  591.000  9.223182e-01 
  592.000  9.205691e-01 
  593.000  9.240323e-01 
  594.000  9.231440e-01 
  595.000  9.205206e-01 
  596.000  9.229958e-01 
  597.000  9.208740e-01 
  598.000  9.209540e-01 
  599.000  9.202070e-01 
  600.000  9.201610e-01 
  601.000  9.196917e-01 
  602.000  9.186665e-01 
  603.000  9.188014e-01 
  604.000  9.196835e-01 
  605.000  9.204314e-01 
  606.000  9.210778e-01 
  607.000  9.217081e-01 
  608.000  9.223481e-01 
  609.000  9.229659e-01 
  610.000  9.236405e-01 
  611.000  9.244778e-01 
  612.000  9.253024e-01 
  613.000  9.261077e-01 
  614.000  9.268955e-01 
  615.000  9.276825e-01 
  616.000  9.284481e-01 
  617.000  9.291822e-01 
  618.000  9.297689e-01 
  619.000  9.302619e-01 
  620.000  9.307268e-01 
  621.000  9.311417e-01 
  622.000  9.315064e-01 
  623.000  9.317861e-01 
  624.000  9.320784e-01 
  625.000  9.323421e-01 
  626.000  9.324539e-01 
  627.000  9.308829e-01 
  628.000  9.069608e-01 
  629.000  9.228920e-01 
  630.000  9.240219e-01 
  631.000  9.285153e-01 
  632.000  9.309202e-01 
  633.000  9.345672e-01 
  634.000  9.372676e-01 
  635.000  9.391412e-01 
  636.000  9.410024e-01 
  637.000  9.427187e-01 
  638.000  9.447891e-01 
  639.000  9.462626e-01 
  640.000  9.479737e-01 
  641.000  9.493572e-01 
  642.000  9.505813e-01 
  643.000  9.511131e-01 
  644.000  9.520338e-01 
  645.000  9.523181e-01 
  646.000  9.506599e-01 
  647.000  9.497495e-01 
  648.000  9.485723e-01 
  649.000  9.510667e-01 
  650.000  9.550004e-01 
  651.000  9.556104e-01 
  652.000  9.533391e-01 
  653.000  9.572655e-01 
  654.000  9.574975e-01 
  655.000  9.569204e-01 
  656.000  9.579242e-01 
  657.000  9.591578e-01 
  658.000  9.608802e-01 
  659.000  9.621371e-01 
  660.000  9.630394e-01 
  661.000  9.644995e-01 
  662.000  9.654949e-01 
  663.000  9.660210e-01 
  664.000  9.667708e-01 
  665.000  9.674922e-01 
  666.000  9.682549e-01 
  667.000  9.689838e-01 
  668.000  9.697649e-01 
  669.000  9.704704e-01 
  670.000  9.711536e-01 
  671.000  9.718446e-01 
  672.000  9.725160e-01 
  673.000  9.731835e-01 
  674.000  9.738488e-01 
  675.000  9.745134e-01 
  676.000  9.751341e-01 
  677.000  9.756737e-01 
  678.000  9.762130e-01 
  679.000  9.767249e-01 
  680.000  9.771208e-01 
  681.000  9.774727e-01 
  682.000  9.779414e-01 
  683.000  9.783529e-01 
  684.000  9.785724e-01 
  685.000  9.792562e-01 
  686.000  9.764651e-01 
  687.000  8.684193e-01 
  688.000  9.020060e-01 
  689.000  8.930347e-01 
  690.000  9.103818e-01 
  691.000  9.351252e-01 
  692.000  9.531232e-01 
  693.000  9.601566e-01 
  694.000  9.629415e-01 
  695.000  9.685097e-01 
  696.000  9.714552e-01 
  697.000  9.796443e-01 
  698.000  9.784722e-01 
  699.000  9.719656e-01 
  700.000  9.733295e-01 
  701.000  9.720125e-01 
  702.000  9.733356e-01 
  703.000  9.792002e-01 
  704.000  9.796402e-01 
  705.000  9.774441e-01 
  706.000  9.780120e-01 
  707.000  9.789593e-01 
  708.000  9.799708e-01 
  709.000  9.819187e-01 
  710.000  9.800848e-01 
  711.000  9.821948e-01 
  712.000  9.839698e-01 
  713.000  9.827743e-01 
  714.000  9.824533e-01 
  715.000  9.804502e-01 
  716.000  9.784251e-01 
  717.000  9.637094e-01 
  718.000  9.544780e-01 
  719.000  9.512504e-01 
  720.000  9.460070e-01 
  721.000  9.690515e-01 
  722.000  9.770212e-01 
  723.000  9.728054e-01 
  724.000  9.602179e-01 
  725.000  9.623131e-01 
  726.000  9.617273e-01 
  727.000  9.635857e-01 
  728.000  9.616004e-01 
  729.000  9.665563e-01 
  730.000  9.656882e-01 
  731.000  9.646332e-01 
  732.000  9.728925e-01 
  733.000  9.805974e-01 
  734.000  9.842510e-01 
  735.000  9.829842e-01 
  736.000  9.805534e-01 
  737.000  9.823388e-01 
  738.000  9.847938e-01 
  739.000  9.858233e-01 
  740.000  9.881391e-01 
  741.000  9.894312e-01 
  742.000  9.899538e-01 
  743.000  9.911687e-01 
  744.000  9.917169e-01 
  745.000  9.921192e-01 
  746.000  9.924430e-01 
  747.000  9.925921e-01 
  748.000  9.929978e-01 
  749.000  9.932469e-01 
  750.000  9.932594e-01 
  751.000  9.934149e-01 
  752.000  9.937813e-01 
  753.000  9.939897e-01 
  754.000  9.941748e-01 
  755.000  9.943296e-01 
  756.000  9.944871e-01 
  757.000  9.945902e-01 
  758.000  9.932846e-01 
  759.000  9.365728e-01 
  760.000  4.888659e-01 
  761.000  4.431472e-01 
  762.000  7.124357e-01 
  763.000  6.310363e-01 
  764.000  6.715416e-01 
  765.000  7.619179e-01 
  766.000  8.684245e-01 
  767.000  9.212370e-01 
  768.000  9.554709e-01 
  769.000  9.779350e-01 
  770.000  9.910718e-01 
  771.000  9.967718e-01 
  772.000  9.980739e-01 
  773.000  9.986303e-01 
  774.000  9.993421e-01 
  775.000  9.996684e-01 
  776.000  9.998630e-01 
  777.000  9.999105e-01 
  778.000  9.998965e-01 
  779.000  9.998627e-01 
  780.000  9.998226e-01 
  781.000  9.999145e-01 
  782.000  9.998713e-01 
  783.000  9.998324e-01 
  784.000  9.997084e-01 
  785.000  9.991297e-01 
  786.000  9.982629e-01 
  787.000  9.964127e-01 
  788.000  9.954149e-01 
  789.000  9.919535e-01 
  790.000  9.916310e-01 
  791.000  9.922639e-01 
  792.000  9.928405e-01 
  793.000  9.942222e-01 
  794.000  9.971378e-01 
  795.000  9.952889e-01 
  796.000  9.904083e-01 
  797.000  9.917866e-01 
  798.000  9.948450e-01 
  799.000  9.941130e-01 
  800.000  9.918380e-01 
  801.000  9.920794e-01 
  802.000  9.918242e-01 
  803.000  9.921246e-01 
  804.000  9.931488e-01 
  805.000  9.951366e-01 
  806.000  9.962736e-01 
  807.000  9.962993e-01 
  808.000  9.955899e-01 
  809.000  9.947702e-01 
  810.000  9.938390e-01 
  811.000  9.919424e-01 
  812.000  9.893961e-01 
  813.000  9.862605e-01 
  814.000  9.820982e-01 
  815.000  9.768908e-01 
  816.000  9.700195e-01 
  817.000  9.704267e-01 
  818.000  9.709728e-01 
  819.000  9.731814e-01 
  820.000  9.806264e-01 
  821.000  9.890063e-01 
  822.000  9.826016e-01 
  823.000  9.642196e-01 
  824.000  9.797018e-01 
  825.000  9.893354e-01 
  826.000  9.876224e-01 
  827.000  9.863827e-01 
  828.000  9.799796e-01 
  829.000  9.822704e-01 
  830.000  9.848092e-01 
  831.000  9.853703e-01 
  832.000  9.855676e-01 
  833.000  9.869987e-01 
  834.000  9.886792e-01 
  835.000  9.920357e-01 
  836.000  9.909064e-01 
  837.000  9.907495e-01 
  838.000  9.923747e-01 
  839.000  9.933428e-01 
  840.000  9.936801e-01 
  841.000  9.925692e-01 
  842.000  9.935164e-01 
  843.000  9.957580e-01 
  844.000  9.967776e-01 
  845.000  9.972251e-01 
  846.000  9.977156e-01 
  847.000  9.982452e-01 
  848.000  9.973025e-01 
  849.000  9.974029e-01 
  850.000  9.969367e-01 
  851.000  9.963658e-01 
  852.000  9.964000e-01 
  853.000  9.972723e-01 
  854.000  9.971989e-01 
  855.000  9.976352e-01 
  856.000  9.985525e-01 
  857.000  9.989156e-01 
  858.000  9.991072e-01 
  859.000  9.995549e-01 
  860.000  9.997616e-01 
  861.000  9.997783e-01 
  862.000  9.998803e-01 
  863.000  9.998793e-01 
  864.000  9.999444e-01 
  865.000  9.999949e-01 
  866.000  9.999965e-01 
  867.000  9.999673e-01 
  868.000  9.999617e-01 
  869.000  9.999683e-01 
  870.000  9.999353e-01 
  871.000  9.999409e-01 
  872.000  9.999779e-01 
  873.000  9.999091e-01 
  874.000  9.998646e-01 
  875.000  9.998424e-01 
  876.000  9.997346e-01 
  877.000  9.996723e-01 
  878.000  9.993454e-01 
  879.000  9.993092e-01 
  880.000  9.990243e-01 
  881.000  9.988626e-01 
  882.000  9.987203e-01 
  883.000  9.988286e-01 
  884.000  9.988695e-01 
  885.000  9.983304e-01 
  886.000  9.975863e-01 
  887.000  9.981471e-01 
  888.000  9.980994e-01 
  889.000  9.982550e-01 
  890.000  9.978285e-01 
  891.000  9.969481e-01 
  892.000  9.950818e-01 
  893.000  9.894426e-01 
  894.000  9.866151e-01 
  895.000  9.777443e-01 
  896.000  9.697126e-01 
  897.000  9.611304e-01 
  898.000  9.570583e-01 
  899.000  9.450869e-01 
  900.000  9.468907e-01 
  901.000  9.436862e-01 
  902.000  9.441515e-01 
  903.000  9.641165e-01 
  904.000  9.758257e-01 
  905.000  9.753234e-01 
  906.000  9.679798e-01 
  907.000  9.547076e-01 
  908.000  9.457414e-01 
  909.000  9.461570e-01 
  910.000  9.475212e-01 
  911.000  9.534748e-01 
  912.000  9.505678e-01 
  913.000  9.377775e-01 
  914.000  9.441049e-01 
  915.000  9.489814e-01 
  916.000  9.502453e-01 
  917.000  9.528139e-01 
  918.000  9.561356e-01 
  919.000  9.674121e-01 
  920.000  9.756814e-01 
  921.000  9.737901e-01 
  922.000  9.736012e-01 
  923.000  9.712583e-01 
  924.000  9.656140e-01 
  925.000  9.652250e-01 
  926.000  9.653344e-01 
  927.000  9.588871e-01 
  928.000  9.487710e-01 
  929.000  9.337036e-01 
  930.000  9.136437e-01 
  931.000  8.898669e-01 
  932.000  8.573558e-01 
  933.000  8.300650e-01 
  934.000  7.991192e-01 
  935.000  7.959709e-01 
  936.000  8.091303e-01 
  937.000  8.054644e-01 
  938.000  8.386260e-01 
  939.000  9.143474e-01 
  940.000  9.242346e-01 
  941.000  9.152598e-01 
  942.000  8.928196e-01 
  943.000  8.524675e-01 
  944.000  8.496740e-01 
  945.000  8.650343e-01 
  946.000  8.656155e-01 
  947.000  8.781732e-01 
  948.000  8.853842e-01 
  949.000  8.841431e-01 
  950.000  8.858874e-01 
  951.000  9.017555e-01 
  952.000  8.842283e-01 
  953.000  8.960525e-01 
  954.000  9.082950e-01 
  955.000  8.977823e-01 
  956.000  8.949197e-01 
  957.000  9.256851e-01 
  958.000  9.292189e-01 
  959.000  9.240085e-01 
  960.000  9.223536e-01 
  961.000  9.196751e-01 
  962.000  9.218080e-01 
  963.000  9.378381e-01 
  964.000  9.399748e-01 
  965.000  9.383180e-01 
  966.000  9.390207e-01 
  967.000  9.499733e-01 
  968.000  9.676506e-01 
  969.000  9.753324e-01 
  970.000  9.756790e-01 
  971.000  9.754678e-01 
  972.000  9.732754e-01 
  973.000  9.681597e-01 
  974.000  9.618135e-01 
  975.000  9.576682e-01 
  976.000  9.626912e-01 
  977.000  9.708475e-01 
  978.000  9.701234e-01 
  979.000  9.721421e-01 
  980.000  9.802331e-01 
  981.000  9.819615e-01 
  982.000  9.801051e-01 
  983.000  9.841678e-01 
  984.000  9.883191e-01 
  985.000  9.906442e-01 
  986.000  9.936357e-01 
  987.000  9.948792e-01 
  988.000  9.951293e-01 
  989.000  9.952962e-01 
  990.000  9.955964e-01 
  991.000  9.967034e-01 
  992.000  9.969901e-01 
  993.000  9.970957e-01 
  994.000  9.981027e-01 
  995.000  9.987743e-01 
  996.000  9.987572e-01 
  997.000  9.983015e-01 
  998.000  9.977908e-01 
  999.000  9.975924e-01 
 1000.000  9.977386e-01 
 1001.000  9.966662e-01 
 1002.000  9.949497e-01 
 1003.000  9.953303e-01 
 1004.000  9.963147e-01 
 1005.000  9.967582e-01 
 1006.000  9.968684e-01 
 1007.000  9.965289e-01 
 1008.000  9.951058e-01 
 1009.000  9.932562e-01 
 1010.000  9.940444e-01 
 1011.000  9.960001e-01 
 1012.000  9.967393e-01 
 1013.000  9.972904e-01 
 1014.000  9.975148e-01 
 1015.000  9.975309e-01 
 1016.000  9.977745e-01 
 1017.000  9.978920e-01 
 1018.000  9.975401e-01 
 1019.000  9.968204e-01 
 1020.000  9.970356e-01 
 1021.000  9.975115e-01 
 1022.000  9.966303e-01 
 1023.000  9.959049e-01 
 1024.000  9.954415e-01 
 1025.000  9.966781e-01 
 1026.000  9.971995e-01 
 1027.000  9.969135e-01 
 1028.000  9.970543e-01 
 1029.000  9.975570e-01 
 1030.000  9.980056e-01 
 1031.000  9.982246e-01 
 1032.000  9.983688e-01 
 1033.000  9.983562e-01 
 1034.000  9.984044e-01 
 1035.000  9.983431e-01 
 1036.000  9.981071e-01 
 1037.000  9.979466e-01 
 1038.000  9.979470e-01 
 1039.000  9.978153e-01 
 1040.000  9.976582e-01 
 1041.000  9.975290e-01 
 1042.000  9.974545e-01 
 1043.000  9.973764e-01 
 1044.000  9.972225e-01 
 1045.000  9.969521e-01 
 1046.000  9.967359e-01 
 1047.000  9.964546e-01 
 1048.000  9.959328e-01 
 1049.000  9.953113e-01 
 1050.000  9.949744e-01 
 1051.000  9.946865e-01 
 1052.000  9.943469e-01 
 1053.000  9.941347e-01 
 1054.000  9.937407e-01 
 1055.000  9.933271e-01 
 1056.000  9.928558e-01 
 1057.000  9.920806e-01 
 1058.000  9.908947e-01 
 1059.000  9.906631e-01 
 1060.000  9.908302e-01 
 1061.000  9.905275e-01 
 1062.000  9.896775e-01 
 1063.000  9.889923e-01 
 1064.000  9.881280e-01 
 1065.000  9.875135e-01 
 1066.000  9.874971e-01 
 1067.000  9.870342e-01 
 1068.000  9.860749e-01 
 1069.000  9.863786e-01 
 1070.000  9.871163e-01 
 1071.000  9.869241e-01 
 1072.000  9.865702e-01 
 1073.000  9.867736e-01 
 1074.000  9.872045e-01 
 1075.000  9.885505e-01 
 1076.000  9.882098e-01 
 1077.000  9.875768e-01 
 1078.000  9.867698e-01 
 1079.000  9.868713e-01 
 1080.000  9.842225e-01 
 1081.000  9.842359e-01 
 1082.000  9.856483e-01 
 1083.000  9.843236e-01 
 1084.000  9.828125e-01 
 1085.000  9.789565e-01 
 1086.000  9.800285e-01 
 1087.000  9.845243e-01 
 1088.000  9.847937e-01 
 1089.000  9.795843e-01 
 1090.000  9.786921e-01 
 1091.000  9.798200e-01 
 1092.000  9.772941e-01 
 1093.000  9.713647e-01 
 1094.000  9.687819e-01 
 1095.000  9.692915e-01 
 1096.000  9.697871e-01 
 1097.000  9.687102e-01 
 1098.000  9.536996e-01 
 1099.000  9.404885e-01 
 1100.000  9.414800e-01 
 1101.000  9.434224e-01 
 1102.000  9.426762e-01 
 1103.000  9.440144e-01 
 1104.000  9.418645e-01 
 1105.000  9.362959e-01 
 1106.000  9.304600e-01 
 1107.000  9.321470e-01 
 1108.000  9.335271e-01 
 1109.000  9.388983e-01 
 1110.000  9.388191e-01 
 1111.000  9.363587e-01 
 1112.000  9.243432e-01 
 1113.000  9.076684e-01 
 1114.000  9.040400e-01 
 1115.000  8.825917e-01 
 1116.000  8.685330e-01 
 1117.000  8.323610e-01 
 1118.000  7.970679e-01 
 1119.000  7.779073e-01 
 1120.000  7.513375e-01 
 1121.000  7.454516e-01 
 1122.000  7.134799e-01 
 1123.000  7.326640e-01 
 1124.000  7.449287e-01 
 1125.000  7.388728e-01 
 1126.000  7.361779e-01 
 1127.000  7.383136e-01 
 1128.000  7.425202e-01 
 1129.000  7.715637e-01 
 1130.000  8.332523e-01 
 1131.000  8.494105e-01 
 1132.000  8.275438e-01 
 1133.000  7.827600e-01 
 1134.000  6.859514e-01 
 1135.000  6.939830e-01 
 1136.000  7.883267e-01 
 1137.000  8.311079e-01 
 1138.000  8.675795e-01 
 1139.000  8.764948e-01 
 1140.000  8.697852e-01 
 1141.000  8.551183e-01 
 1142.000  8.502247e-01 
 1143.000  8.343313e-01 
 1144.000  8.152504e-01 
 1145.000  7.860656e-01 
 1146.000  7.930849e-01 
 1147.000  8.155651e-01 
 1148.000  8.344475e-01 
 1149.000  8.414323e-01 
 1150.000  8.407986e-01 
 1151.000  8.506511e-01 
 1152.000  8.553443e-01 
 1153.000  8.623890e-01 
 1154.000  8.591948e-01 
 1155.000  8.721247e-01 
 1156.000  8.866574e-01 
 1157.000  9.150880e-01 
 1158.000  9.255229e-01 
 1159.000  9.341633e-01 
 1160.000  9.375886e-01 
 1161.000  9.468985e-01 
 1162.000  9.532210e-01 
 1163.000  9.609844e-01 
 1164.000  9.628611e-01 
 1165.000  9.631687e-01 
 1166.000  9.646365e-01 
 1167.000  9.655190e-01 
 1168.000  9.651145e-01 
 1169.000  9.661716e-01 
 1170.000  9.671535e-01 
 1171.000  9.698896e-01 
 1172.000  9.682496e-01 
 1173.000  9.666060e-01 
 1174.000  9.666992e-01 
 1175.000  9.710855e-01 
 1176.000  9.750837e-01 
 1177.000  9.732209e-01 
 1178.000  9.693651e-01 
 1179.000  9.693708e-01 
 1180.000  9.679818e-01 
 1181.000  9.643321e-01 
 1182.000  9.606686e-01 
 1183.000  9.611160e-01 
 1184.000  9.632264e-01 
 1185.000  9.683218e-01 
 1186.000  9.668176e-01 
 1187.000  9.615462e-01 
 1188.000  9.603118e-01 
 1189.000  9.635757e-01 
 1190.000  9.717707e-01 
 1191.000  9.741535e-01 
 1192.000  9.775522e-01 
 1193.000  9.768131e-01 
 1194.000  9.762750e-01 
 1195.000  9.728734e-01 
 1196.000  9.733418e-01 
 1197.000  9.716796e-01 
 1198.000  9.713123e-01 
 1199.000  9.692153e-01 
 1200.000  9.704148e-01 
