  250.000  0.000000e+00 
  251.000  0.000000e+00 
  252.000  0.000000e+00 
  253.000  0.000000e+00 
  254.000  0.000000e+00 
  255.000  0.000000e+00 
  256.000  0.000000e+00 
  257.000  0.000000e+00 
  258.000  0.000000e+00 
  259.000  0.000000e+00 
  260.000  0.000000e+00 
  261.000  0.000000e+00 
  262.000  0.000000e+00 
  263.000  0.000000e+00 
  264.000  0.000000e+00 
  265.000  0.000000e+00 
  266.000  0.000000e+00 
  267.000  0.000000e+00 
  268.000  0.000000e+00 
  269.000  0.000000e+00 
  270.000  0.000000e+00 
  271.000  0.000000e+00 
  272.000  0.000000e+00 
  273.000  0.000000e+00 
  274.000  0.000000e+00 
  275.000  0.000000e+00 
  276.000  0.000000e+00 
  277.000  0.000000e+00 
  278.000  0.000000e+00 
  279.000  0.000000e+00 
  280.000  0.000000e+00 
  281.000  0.000000e+00 
  282.000  0.000000e+00 
  283.000  0.000000e+00 
  284.000  0.000000e+00 
  285.000  0.000000e+00 
  286.000  0.000000e+00 
  287.000  0.000000e+00 
  288.000  0.000000e+00 
  289.000  0.000000e+00 
  290.000  0.000000e+00 
  291.000  0.000000e+00 
  292.000  0.000000e+00 
  293.000  0.000000e+00 
  294.000  0.000000e+00 
  295.000  6.912569e-10 
  296.000  1.525032e-08 
  297.000  1.062093e-07 
  298.000  1.348036e-06 
  299.000  5.181548e-06 
  300.000  2.984490e-05 
  301.000  1.240624e-04 
  302.000  3.319123e-04 
  303.000  1.245752e-03 
  304.000  2.085728e-03 
  305.000  6.124766e-03 
  306.000  1.037707e-02 
  307.000  2.028862e-02 
  308.000  3.037058e-02 
  309.000  4.284807e-02 
  310.000  8.239796e-02 
  311.000  1.028832e-01 
  312.000  1.457934e-01 
  313.000  1.907008e-01 
  314.000  2.083222e-01 
  315.000  2.943633e-01 
  316.000  3.217550e-01 
  317.000  3.740611e-01 
  318.000  4.144537e-01 
  319.000  5.637825e-01 
  320.000  4.287949e-01 
  321.000  6.767174e-01 
  322.000  5.435921e-01 
  323.000  6.665266e-01 
  324.000  7.879274e-01 
  325.000  6.593360e-01 
  326.000  8.188510e-01 
  327.000  8.431544e-01 
  328.000  7.136025e-01 
  329.000  9.055777e-01 
  330.000  9.117370e-01 
  331.000  8.221850e-01 
  332.000  9.315901e-01 
  333.000  9.447979e-01 
  334.000  8.926631e-01 
  335.000  9.635077e-01 
  336.000  9.788807e-01 
  337.000  9.404503e-01 
  338.000  9.625741e-01 
  339.000  9.864175e-01 
  340.000  9.562187e-01 
  341.000  9.796445e-01 
  342.000  9.902657e-01 
  343.000  9.853292e-01 
  344.000  9.679177e-01 
  345.000  9.890769e-01 
  346.000  9.949273e-01 
  347.000  9.958754e-01 
  348.000  9.959251e-01 
  349.000  9.988353e-01 
  350.000  9.986940e-01 
  351.000  9.983969e-01 
  352.000  9.950306e-01 
  353.000  9.983838e-01 
  354.000  9.984576e-01 
  355.000  9.977432e-01 
  356.000  9.969271e-01 
  357.000  9.948646e-01 
  358.000  9.941534e-01 
  359.000  9.934001e-01 
  360.000  9.925764e-01 
  361.000  9.945500e-01 
  362.000  9.969773e-01 
  363.000  9.985301e-01 
  364.000  9.992485e-01 
  365.000  9.992773e-01 
  366.000  9.998628e-01 
  367.000  9.998894e-01 
  368.000  9.999062e-01 
  369.000  9.999177e-01 
  370.000  9.999102e-01 
  371.000  9.999053e-01 
  372.000  9.999000e-01 
  373.000  9.998925e-01 
  374.000  9.998231e-01 
  375.000  9.996701e-01 
  376.000  9.993269e-01 
  377.000  9.986542e-01 
  378.000  9.975681e-01 
  379.000  9.966569e-01 
  380.000  9.964495e-01 
  381.000  9.972643e-01 
  382.000  9.984155e-01 
  383.000  9.991738e-01 
  384.000  9.995912e-01 
  385.000  9.998000e-01 
  386.000  9.998872e-01 
  387.000  9.999221e-01 
  388.000  9.999292e-01 
  389.000  9.999385e-01 
  390.000  9.999514e-01 
  391.000  9.999540e-01 
  392.000  9.999642e-01 
  393.000  9.999770e-01 
  394.000  9.999859e-01 
  395.000  9.999859e-01 
  396.000  9.999991e-01 
  397.000  9.999955e-01 
  398.000  9.999899e-01 
  399.000  9.999859e-01 
  400.000  9.999540e-01 
  401.000  9.999500e-01 
  402.000  9.999505e-01 
  403.000  9.999523e-01 
  404.000  9.999540e-01 
  405.000  9.999450e-01 
  406.000  9.999478e-01 
  407.000  9.999559e-01 
  408.000  9.999649e-01 
  409.000  9.999694e-01 
  410.000  9.999712e-01 
  411.000  9.999685e-01 
  412.000  9.999577e-01 
  413.000  9.999622e-01 
  414.000  9.994763e-01 
  415.000  9.996590e-01 
  416.000  9.998228e-01 
  417.000  9.999253e-01 
  418.000  9.999154e-01 
  419.000  9.998969e-01 
  420.000  9.998788e-01 
  421.000  9.998744e-01 
  422.000  9.998820e-01 
  423.000  9.998964e-01 
  424.000  9.998910e-01 
  425.000  9.998065e-01 
  426.000  9.997206e-01 
  427.000  9.996370e-01 
  428.000  9.994946e-01 
  429.000  9.993215e-01 
  430.000  9.991412e-01 
  431.000  9.989688e-01 
  432.000  9.987936e-01 
  433.000  9.986193e-01 
  434.000  9.984494e-01 
  435.000  9.982790e-01 
  436.000  9.981030e-01 
  437.000  9.979233e-01 
  438.000  9.977379e-01 
  439.000  9.975601e-01 
  440.000  9.973621e-01 
  441.000  9.971551e-01 
  442.000  9.969296e-01 
  443.000  9.966897e-01 
  444.000  9.964338e-01 
  445.000  9.961442e-01 
  446.000  9.958041e-01 
  447.000  9.956607e-01 
  448.000  9.957809e-01 
  449.000  9.959669e-01 
  450.000  9.961179e-01 
  451.000  9.961492e-01 
  452.000  9.960822e-01 
  453.000  9.959832e-01 
  454.000  9.958599e-01 
  455.000  9.955084e-01 
  456.000  9.948615e-01 
  457.000  9.942437e-01 
  458.000  9.936219e-01 
  459.000  9.929783e-01 
  460.000  9.923440e-01 
  461.000  9.917128e-01 
  462.000  9.910660e-01 
  463.000  9.904549e-01 
  464.000  9.910087e-01 
  465.000  9.915412e-01 
  466.000  9.920456e-01 
  467.000  9.925079e-01 
  468.000  9.922063e-01 
  469.000  9.915102e-01 
  470.000  9.906902e-01 
  471.000  9.897260e-01 
  472.000  9.884841e-01 
  473.000  9.867139e-01 
  474.000  9.848114e-01 
  475.000  9.823897e-01 
  476.000  9.794462e-01 
  477.000  9.768209e-01 
  478.000  9.763365e-01 
  479.000  9.769777e-01 
  480.000  9.778906e-01 
  481.000  9.785160e-01 
  482.000  9.791434e-01 
  483.000  9.794080e-01 
  484.000  9.793362e-01 
  485.000  9.790543e-01 
  486.000  9.791116e-01 
  487.000  9.794432e-01 
  488.000  9.797218e-01 
  489.000  9.799783e-01 
  490.000  9.802268e-01 
  491.000  9.797546e-01 
  492.000  9.790926e-01 
  493.000  9.784425e-01 
  494.000  9.777708e-01 
  495.000  9.771175e-01 
  496.000  9.753292e-01 
  497.000  9.735128e-01 
  498.000  9.717103e-01 
  499.000  9.698954e-01 
  500.000  9.680938e-01 
  501.000  9.662198e-01 
  502.000  9.643692e-01 
  503.000  9.625347e-01 
  504.000  9.606980e-01 
  505.000  9.588554e-01 
  506.000  9.586480e-01 
  507.000  9.585321e-01 
  508.000  9.584279e-01 
  509.000  9.583207e-01 
  510.000  9.581965e-01 
  511.000  9.578466e-01 
  512.000  9.574437e-01 
  513.000  9.570479e-01 
  514.000  9.566510e-01 
  515.000  9.562576e-01 
  516.000  9.553130e-01 
  517.000  9.538854e-01 
  518.000  9.524610e-01 
  519.000  9.510443e-01 
  520.000  9.496400e-01 
  521.000  9.481897e-01 
  522.000  9.465778e-01 
  523.000  9.448932e-01 
  524.000  9.432343e-01 
  525.000  9.415420e-01 
  526.000  9.399438e-01 
  527.000  9.380185e-01 
  528.000  9.359659e-01 
  529.000  9.339299e-01 
  530.000  9.319241e-01 
  531.000  9.299437e-01 
  532.000  9.281183e-01 
  533.000  9.272406e-01 
  534.000  9.265436e-01 
  535.000  9.259625e-01 
  536.000  9.253631e-01 
  537.000  9.247005e-01 
  538.000  9.239623e-01 
  539.000  9.231790e-01 
  540.000  9.223664e-01 
  541.000  9.215476e-01 
  542.000  9.207144e-01 
  543.000  9.198724e-01 
  544.000  9.188296e-01 
  545.000  9.176182e-01 
  546.000  9.164056e-01 
  547.000  9.152139e-01 
  548.000  9.140198e-01 
  549.000  9.128336e-01 
  550.000  9.114211e-01 
  551.000  9.098022e-01 
  552.000  9.082028e-01 
  553.000  9.065880e-01 
  554.000  9.049734e-01 
  555.000  9.033648e-01 
  556.000  9.016865e-01 
  557.000  8.998929e-01 
  558.000  8.980973e-01 
  559.000  8.962911e-01 
  560.000  8.944396e-01 
  561.000  8.925483e-01 
  562.000  8.905287e-01 
  563.000  8.886411e-01 
  564.000  8.866681e-01 
  565.000  8.845198e-01 
  566.000  8.823988e-01 
  567.000  8.798097e-01 
  568.000  8.758260e-01 
  569.000  8.707867e-01 
  570.000  8.694600e-01 
  571.000  8.696522e-01 
  572.000  8.656723e-01 
  573.000  8.641797e-01 
  574.000  8.626318e-01 
  575.000  8.611760e-01 
  576.000  8.609469e-01 
  577.000  8.617436e-01 
  578.000  8.630126e-01 
  579.000  8.649720e-01 
  580.000  8.676161e-01 
  581.000  8.710098e-01 
  582.000  8.736223e-01 
  583.000  8.756236e-01 
  584.000  8.773026e-01 
  585.000  8.786892e-01 
  586.000  8.799131e-01 
  587.000  8.799086e-01 
  588.000  8.768361e-01 
  589.000  8.702057e-01 
  590.000  8.697540e-01 
  591.000  8.743780e-01 
  592.000  8.717867e-01 
  593.000  8.769647e-01 
  594.000  8.756389e-01 
  595.000  8.717213e-01 
  596.000  8.753279e-01 
  597.000  8.720455e-01 
  598.000  8.717581e-01 
  599.000  8.705751e-01 
  600.000  8.703790e-01 
  601.000  8.694055e-01 
  602.000  8.678904e-01 
  603.000  8.681938e-01 
  604.000  8.696514e-01 
  605.000  8.708565e-01 
  606.000  8.718710e-01 
  607.000  8.728555e-01 
  608.000  8.738595e-01 
  609.000  8.748226e-01 
  610.000  8.758754e-01 
  611.000  8.771791e-01 
  612.000  8.784600e-01 
  613.000  8.797060e-01 
  614.000  8.809199e-01 
  615.000  8.821336e-01 
  616.000  8.833080e-01 
  617.000  8.844236e-01 
  618.000  8.852962e-01 
  619.000  8.860058e-01 
  620.000  8.866627e-01 
  621.000  8.872252e-01 
  622.000  8.876927e-01 
  623.000  8.879989e-01 
  624.000  8.883298e-01 
  625.000  8.886068e-01 
  626.000  8.886074e-01 
  627.000  8.858553e-01 
  628.000  8.528830e-01 
  629.000  8.750387e-01 
  630.000  8.768004e-01 
  631.000  8.827982e-01 
  632.000  8.863010e-01 
  633.000  8.918774e-01 
  634.000  8.961328e-01 
  635.000  8.993434e-01 
  636.000  9.023333e-01 
  637.000  9.052514e-01 
  638.000  9.088553e-01 
  639.000  9.113159e-01 
  640.000  9.142381e-01 
  641.000  9.165324e-01 
  642.000  9.186292e-01 
  643.000  9.193927e-01 
  644.000  9.209092e-01 
  645.000  9.214734e-01 
  646.000  9.191028e-01 
  647.000  9.181458e-01 
  648.000  9.164563e-01 
  649.000  9.203285e-01 
  650.000  9.259654e-01 
  651.000  9.269551e-01 
  652.000  9.239981e-01 
  653.000  9.296570e-01 
  654.000  9.300196e-01 
  655.000  9.296491e-01 
  656.000  9.309206e-01 
  657.000  9.329019e-01 
  658.000  9.355372e-01 
  659.000  9.374312e-01 
  660.000  9.389344e-01 
  661.000  9.412832e-01 
  662.000  9.430159e-01 
  663.000  9.438331e-01 
  664.000  9.450886e-01 
  665.000  9.462897e-01 
  666.000  9.475726e-01 
  667.000  9.487867e-01 
  668.000  9.500963e-01 
  669.000  9.512590e-01 
  670.000  9.523788e-01 
  671.000  9.535152e-01 
  672.000  9.546142e-01 
  673.000  9.557065e-01 
  674.000  9.567953e-01 
  675.000  9.578839e-01 
  676.000  9.588999e-01 
  677.000  9.597836e-01 
  678.000  9.606676e-01 
  679.000  9.614985e-01 
  680.000  9.621014e-01 
  681.000  9.626182e-01 
  682.000  9.633658e-01 
  683.000  9.640015e-01 
  684.000  9.642590e-01 
  685.000  9.654350e-01 
  686.000  9.612742e-01 
  687.000  8.090566e-01 
  688.000  8.557260e-01 
  689.000  8.432522e-01 
  690.000  8.676094e-01 
  691.000  9.026583e-01 
  692.000  9.283836e-01 
  693.000  9.382993e-01 
  694.000  9.421327e-01 
  695.000  9.503375e-01 
  696.000  9.547254e-01 
  697.000  9.670159e-01 
  698.000  9.652904e-01 
  699.000  9.555767e-01 
  700.000  9.576541e-01 
  701.000  9.557263e-01 
  702.000  9.577492e-01 
  703.000  9.665916e-01 
  704.000  9.672984e-01 
  705.000  9.640339e-01 
  706.000  9.649159e-01 
  707.000  9.663686e-01 
  708.000  9.679176e-01 
  709.000  9.708750e-01 
  710.000  9.681452e-01 
  711.000  9.713457e-01 
  712.000  9.736232e-01 
  713.000  9.722689e-01 
  714.000  9.718066e-01 
  715.000  9.688160e-01 
  716.000  9.657782e-01 
  717.000  9.437514e-01 
  718.000  9.300107e-01 
  719.000  9.252336e-01 
  720.000  9.175358e-01 
  721.000  9.518401e-01 
  722.000  9.638327e-01 
  723.000  9.575496e-01 
  724.000  9.387827e-01 
  725.000  9.419197e-01 
  726.000  9.410689e-01 
  727.000  9.438599e-01 
  728.000  9.409251e-01 
  729.000  9.483407e-01 
  730.000  9.470790e-01 
  731.000  9.455400e-01 
  732.000  9.579104e-01 
  733.000  9.695132e-01 
  734.000  9.750485e-01 
  735.000  9.731612e-01 
  736.000  9.695120e-01 
  737.000  9.722061e-01 
  738.000  9.759125e-01 
  739.000  9.774721e-01 
  740.000  9.809751e-01 
  741.000  9.826021e-01 
  742.000  9.832494e-01 
  743.000  9.851002e-01 
  744.000  9.860772e-01 
  745.000  9.866288e-01 
  746.000  9.872671e-01 
  747.000  9.875237e-01 
  748.000  9.882787e-01 
  749.000  9.887220e-01 
  750.000  9.886946e-01 
  751.000  9.889520e-01 
  752.000  9.896295e-01 
  753.000  9.899927e-01 
  754.000  9.903096e-01 
  755.000  9.905665e-01 
  756.000  9.908287e-01 
  757.000  9.909827e-01 
  758.000  9.886264e-01 
  759.000  9.069759e-01 
  760.000  3.475471e-01 
  761.000  3.006863e-01 
  762.000  6.058523e-01 
  763.000  5.065696e-01 
  764.000  5.552912e-01 
  765.000  6.690284e-01 
  766.000  8.115257e-01 
  767.000  8.854179e-01 
  768.000  9.344255e-01 
  769.000  9.670573e-01 
  770.000  9.868547e-01 
  771.000  9.946963e-01 
  772.000  9.966230e-01 
  773.000  9.974616e-01 
  774.000  9.986846e-01 
  775.000  9.993370e-01 
  776.000  9.997262e-01 
  777.000  9.998212e-01 
  778.000  9.997931e-01 
  779.000  9.997256e-01 
  780.000  9.996454e-01 
  781.000  9.998292e-01 
  782.000  9.997427e-01 
  783.000  9.996648e-01 
  784.000  9.994169e-01 
  785.000  9.982603e-01 
  786.000  9.968886e-01 
  787.000  9.942400e-01 
  788.000  9.926390e-01 
  789.000  9.879625e-01 
  790.000  9.874784e-01 
  791.000  9.884226e-01 
  792.000  9.892842e-01 
  793.000  9.913486e-01 
  794.000  9.951949e-01 
  795.000  9.924354e-01 
  796.000  9.856572e-01 
  797.000  9.877129e-01 
  798.000  9.922781e-01 
  799.000  9.911853e-01 
  800.000  9.877898e-01 
  801.000  9.881498e-01 
  802.000  9.877689e-01 
  803.000  9.882178e-01 
  804.000  9.897482e-01 
  805.000  9.927175e-01 
  806.000  9.940165e-01 
  807.000  9.940578e-01 
  808.000  9.929206e-01 
  809.000  9.921690e-01 
  810.000  9.907737e-01 
  811.000  9.879365e-01 
  812.000  9.841267e-01 
  813.000  9.794445e-01 
  814.000  9.732384e-01 
  815.000  9.654852e-01 
  816.000  9.553195e-01 
  817.000  9.559049e-01 
  818.000  9.567086e-01 
  819.000  9.599839e-01 
  820.000  9.710186e-01 
  821.000  9.834737e-01 
  822.000  9.739507e-01 
  823.000  9.467956e-01 
  824.000  9.696555e-01 
  825.000  9.839755e-01 
  826.000  9.814432e-01 
  827.000  9.796000e-01 
  828.000  9.700877e-01 
  829.000  9.734851e-01 
  830.000  9.772601e-01 
  831.000  9.781002e-01 
  832.000  9.784082e-01 
  833.000  9.805436e-01 
  834.000  9.830527e-01 
  835.000  9.880664e-01 
  836.000  9.863858e-01 
  837.000  9.861580e-01 
  838.000  9.885850e-01 
  839.000  9.900329e-01 
  840.000  9.905376e-01 
  841.000  9.888811e-01 
  842.000  9.902961e-01 
  843.000  9.931886e-01 
  844.000  9.948244e-01 
  845.000  9.953443e-01 
  846.000  9.961667e-01 
  847.000  9.968566e-01 
  848.000  9.954746e-01 
  849.000  9.956426e-01 
  850.000  9.950805e-01 
  851.000  9.941653e-01 
  852.000  9.942201e-01 
  853.000  9.954234e-01 
  854.000  9.953012e-01 
  855.000  9.960325e-01 
  856.000  9.974068e-01 
  857.000  9.978325e-01 
  858.000  9.982153e-01 
  859.000  9.991102e-01 
  860.000  9.995233e-01 
  861.000  9.995567e-01 
  862.000  9.997607e-01 
  863.000  9.997587e-01 
  864.000  9.998890e-01 
  865.000  9.999898e-01 
  866.000  9.999930e-01 
  867.000  9.999347e-01 
  868.000  9.999236e-01 
  869.000  9.999368e-01 
  870.000  9.998707e-01 
  871.000  9.998818e-01 
  872.000  9.999560e-01 
  873.000  9.998183e-01 
  874.000  9.997295e-01 
  875.000  9.996850e-01 
  876.000  9.994693e-01 
  877.000  9.993447e-01 
  878.000  9.986913e-01 
  879.000  9.986189e-01 
  880.000  9.980496e-01 
  881.000  9.977810e-01 
  882.000  9.977163e-01 
  883.000  9.977148e-01 
  884.000  9.977947e-01 
  885.000  9.970207e-01 
  886.000  9.959784e-01 
  887.000  9.969113e-01 
  888.000  9.968315e-01 
  889.000  9.968841e-01 
  890.000  9.963760e-01 
  891.000  9.951345e-01 
  892.000  9.921610e-01 
  893.000  9.844089e-01 
  894.000  9.802351e-01 
  895.000  9.672312e-01 
  896.000  9.554765e-01 
  897.000  9.429479e-01 
  898.000  9.370176e-01 
  899.000  9.197560e-01 
  900.000  9.223250e-01 
  901.000  9.177313e-01 
  902.000  9.184360e-01 
  903.000  9.472513e-01 
  904.000  9.642912e-01 
  905.000  9.635825e-01 
  906.000  9.528967e-01 
  907.000  9.336773e-01 
  908.000  9.207570e-01 
  909.000  9.213381e-01 
  910.000  9.232934e-01 
  911.000  9.318629e-01 
  912.000  9.276799e-01 
  913.000  9.093413e-01 
  914.000  9.184062e-01 
  915.000  9.254264e-01 
  916.000  9.272620e-01 
  917.000  9.309838e-01 
  918.000  9.357964e-01 
  919.000  9.521402e-01 
  920.000  9.642030e-01 
  921.000  9.614645e-01 
  922.000  9.611964e-01 
  923.000  9.577865e-01 
  924.000  9.495801e-01 
  925.000  9.489816e-01 
  926.000  9.490464e-01 
  927.000  9.396132e-01 
  928.000  9.248744e-01 
  929.000  9.030627e-01 
  930.000  8.743024e-01 
  931.000  8.406287e-01 
  932.000  7.949173e-01 
  933.000  7.575296e-01 
  934.000  7.160316e-01 
  935.000  7.117441e-01 
  936.000  7.291024e-01 
  937.000  7.243702e-01 
  938.000  7.692266e-01 
  939.000  8.742272e-01 
  940.000  8.883225e-01 
  941.000  8.756817e-01 
  942.000  8.441847e-01 
  943.000  7.884502e-01 
  944.000  7.845659e-01 
  945.000  8.055176e-01 
  946.000  8.063970e-01 
  947.000  8.238716e-01 
  948.000  8.339424e-01 
  949.000  8.323085e-01 
  950.000  8.347744e-01 
  951.000  8.569952e-01 
  952.000  8.326409e-01 
  953.000  8.492234e-01 
  954.000  8.665164e-01 
  955.000  8.518719e-01 
  956.000  8.480507e-01 
  957.000  8.915133e-01 
  958.000  8.966436e-01 
  959.000  8.893249e-01 
  960.000  8.870441e-01 
  961.000  8.833007e-01 
  962.000  8.863742e-01 
  963.000  9.092426e-01 
  964.000  9.123406e-01 
  965.000  9.100187e-01 
  966.000  9.110735e-01 
  967.000  9.268323e-01 
  968.000  9.524361e-01 
  969.000  9.636480e-01 
  970.000  9.641730e-01 
  971.000  9.638700e-01 
  972.000  9.606693e-01 
  973.000  9.532225e-01 
  974.000  9.440205e-01 
  975.000  9.380285e-01 
  976.000  9.452945e-01 
  977.000  9.571361e-01 
  978.000  9.561021e-01 
  979.000  9.590611e-01 
  980.000  9.708732e-01 
  981.000  9.734143e-01 
  982.000  9.707198e-01 
  983.000  9.766758e-01 
  984.000  9.827686e-01 
  985.000  9.861905e-01 
  986.000  9.905966e-01 
  987.000  9.921101e-01 
  988.000  9.922475e-01 
  989.000  9.925160e-01 
  990.000  9.929944e-01 
  991.000  9.947538e-01 
  992.000  9.949841e-01 
  993.000  9.951603e-01 
  994.000  9.968362e-01 
  995.000  9.978111e-01 
  996.000  9.977804e-01 
  997.000  9.969680e-01 
  998.000  9.963170e-01 
  999.000  9.959865e-01 
 1000.000  9.962294e-01 
 1001.000  9.946951e-01 
 1002.000  9.922324e-01 
 1003.000  9.925741e-01 
 1004.000  9.941361e-01 
 1005.000  9.948400e-01 
 1006.000  9.949980e-01 
 1007.000  9.944571e-01 
 1008.000  9.921955e-01 
 1009.000  9.900263e-01 
 1010.000  9.908049e-01 
 1011.000  9.935941e-01 
 1012.000  9.947614e-01 
 1013.000  9.954333e-01 
 1014.000  9.957995e-01 
 1015.000  9.958153e-01 
 1016.000  9.962118e-01 
 1017.000  9.961831e-01 
 1018.000  9.958035e-01 
 1019.000  9.945983e-01 
 1020.000  9.949450e-01 
 1021.000  9.957268e-01 
 1022.000  9.942451e-01 
 1023.000  9.932942e-01 
 1024.000  9.925375e-01 
 1025.000  9.942764e-01 
 1026.000  9.951226e-01 
 1027.000  9.946299e-01 
 1028.000  9.948387e-01 
 1029.000  9.954644e-01 
 1030.000  9.960152e-01 
 1031.000  9.964525e-01 
 1032.000  9.967403e-01 
 1033.000  9.967152e-01 
 1034.000  9.968114e-01 
 1035.000  9.966891e-01 
 1036.000  9.962179e-01 
 1037.000  9.958974e-01 
 1038.000  9.958985e-01 
 1039.000  9.956354e-01 
 1040.000  9.953219e-01 
 1041.000  9.950641e-01 
 1042.000  9.949157e-01 
 1043.000  9.947598e-01 
 1044.000  9.944528e-01 
 1045.000  9.939136e-01 
 1046.000  9.934825e-01 
 1047.000  9.929218e-01 
 1048.000  9.918822e-01 
 1049.000  9.906446e-01 
 1050.000  9.899741e-01 
 1051.000  9.894014e-01 
 1052.000  9.887260e-01 
 1053.000  9.883039e-01 
 1054.000  9.875207e-01 
 1055.000  9.866989e-01 
 1056.000  9.857627e-01 
 1057.000  9.842241e-01 
 1058.000  9.822060e-01 
 1059.000  9.817064e-01 
 1060.000  9.817445e-01 
 1061.000  9.811447e-01 
 1062.000  9.799017e-01 
 1063.000  9.787393e-01 
 1064.000  9.773554e-01 
 1065.000  9.763916e-01 
 1066.000  9.763523e-01 
 1067.000  9.757776e-01 
 1068.000  9.745783e-01 
 1069.000  9.753120e-01 
 1070.000  9.765753e-01 
 1071.000  9.765623e-01 
 1072.000  9.767483e-01 
 1073.000  9.772676e-01 
 1074.000  9.781299e-01 
 1075.000  9.798831e-01 
 1076.000  9.800106e-01 
 1077.000  9.792801e-01 
 1078.000  9.782801e-01 
 1079.000  9.786041e-01 
 1080.000  9.748814e-01 
 1081.000  9.750398e-01 
 1082.000  9.772180e-01 
 1083.000  9.754136e-01 
 1084.000  9.733176e-01 
 1085.000  9.678069e-01 
 1086.000  9.694584e-01 
 1087.000  9.760836e-01 
 1088.000  9.765629e-01 
 1089.000  9.690433e-01 
 1090.000  9.678161e-01 
 1091.000  9.695179e-01 
 1092.000  9.659209e-01 
 1093.000  9.573528e-01 
 1094.000  9.536538e-01 
 1095.000  9.544224e-01 
 1096.000  9.551488e-01 
 1097.000  9.536250e-01 
 1098.000  9.319937e-01 
 1099.000  9.131003e-01 
 1100.000  9.145375e-01 
 1101.000  9.173203e-01 
 1102.000  9.162729e-01 
 1103.000  9.181644e-01 
 1104.000  9.150594e-01 
 1105.000  9.071050e-01 
 1106.000  8.988294e-01 
 1107.000  9.011908e-01 
 1108.000  9.030942e-01 
 1109.000  9.106359e-01 
 1110.000  9.103820e-01 
 1111.000  9.068087e-01 
 1112.000  8.896366e-01 
 1113.000  8.658111e-01 
 1114.000  8.603167e-01 
 1115.000  8.299434e-01 
 1116.000  8.102836e-01 
 1117.000  7.608499e-01 
 1118.000  7.132897e-01 
 1119.000  6.875303e-01 
 1120.000  6.527398e-01 
 1121.000  6.450244e-01 
 1122.000  6.045360e-01 
 1123.000  6.282749e-01 
 1124.000  6.436585e-01 
 1125.000  6.359692e-01 
 1126.000  6.326196e-01 
 1127.000  6.355228e-01 
 1128.000  6.411461e-01 
 1129.000  6.786271e-01 
 1130.000  7.598758e-01 
 1131.000  7.816443e-01 
 1132.000  7.520995e-01 
 1133.000  6.931921e-01 
 1134.000  5.710768e-01 
 1135.000  5.810021e-01 
 1136.000  7.008073e-01 
 1137.000  7.575368e-01 
 1138.000  8.073161e-01 
 1139.000  8.201553e-01 
 1140.000  8.109443e-01 
 1141.000  7.911459e-01 
 1142.000  7.844476e-01 
 1143.000  7.628779e-01 
 1144.000  7.373683e-01 
 1145.000  6.988432e-01 
 1146.000  7.080655e-01 
 1147.000  7.378334e-01 
 1148.000  7.631550e-01 
 1149.000  7.727190e-01 
 1150.000  7.721881e-01 
 1151.000  7.858637e-01 
 1152.000  7.924086e-01 
 1153.000  8.021799e-01 
 1154.000  7.981304e-01 
 1155.000  8.161523e-01 
 1156.000  8.363675e-01 
 1157.000  8.762447e-01 
 1158.000  8.912587e-01 
 1159.000  9.037930e-01 
 1160.000  9.088119e-01 
 1161.000  9.222050e-01 
 1162.000  9.314407e-01 
 1163.000  9.427458e-01 
 1164.000  9.454542e-01 
 1165.000  9.460014e-01 
 1166.000  9.481954e-01 
 1167.000  9.495173e-01 
 1168.000  9.489325e-01 
 1169.000  9.504893e-01 
 1170.000  9.519267e-01 
 1171.000  9.559003e-01 
 1172.000  9.535248e-01 
 1173.000  9.511521e-01 
 1174.000  9.512870e-01 
 1175.000  9.576387e-01 
 1176.000  9.634392e-01 
 1177.000  9.607287e-01 
 1178.000  9.551311e-01 
 1179.000  9.551395e-01 
 1180.000  9.531220e-01 
 1181.000  9.478396e-01 
 1182.000  9.425498e-01 
 1183.000  9.431955e-01 
 1184.000  9.462398e-01 
 1185.000  9.536113e-01 
 1186.000  9.514341e-01 
 1187.000  9.438274e-01 
 1188.000  9.420575e-01 
 1189.000  9.467747e-01 
 1190.000  9.586400e-01 
 1191.000  9.621046e-01 
 1192.000  9.670528e-01 
 1193.000  9.659778e-01 
 1194.000  9.652018e-01 
 1195.000  9.602614e-01 
 1196.000  9.609412e-01 
 1197.000  9.585277e-01 
 1198.000  9.579923e-01 
 1199.000  9.549514e-01 
 1200.000  9.566814e-01 
