  250.000  0.000000e+00 
  251.000  0.000000e+00 
  252.000  0.000000e+00 
  253.000  0.000000e+00 
  254.000  0.000000e+00 
  255.000  0.000000e+00 
  256.000  0.000000e+00 
  257.000  0.000000e+00 
  258.000  0.000000e+00 
  259.000  0.000000e+00 
  260.000  0.000000e+00 
  261.000  0.000000e+00 
  262.000  0.000000e+00 
  263.000  0.000000e+00 
  264.000  0.000000e+00 
  265.000  0.000000e+00 
  266.000  0.000000e+00 
  267.000  0.000000e+00 
  268.000  0.000000e+00 
  269.000  0.000000e+00 
  270.000  0.000000e+00 
  271.000  0.000000e+00 
  272.000  0.000000e+00 
  273.000  0.000000e+00 
  274.000  0.000000e+00 
  275.000  0.000000e+00 
  276.000  0.000000e+00 
  277.000  0.000000e+00 
  278.000  0.000000e+00 
  279.000  0.000000e+00 
  280.000  0.000000e+00 
  281.000  0.000000e+00 
  282.000  0.000000e+00 
  283.000  0.000000e+00 
  284.000  0.000000e+00 
  285.000  0.000000e+00 
  286.000  0.000000e+00 
  287.000  0.000000e+00 
  288.000  0.000000e+00 
  289.000  0.000000e+00 
  290.000  0.000000e+00 
  291.000  0.000000e+00 
  292.000  2.331489e-07 
  293.000  9.833878e-07 
  294.000  5.025180e-06 
  295.000  1.440754e-05 
  296.000  6.295791e-05 
  297.000  1.528580e-04 
  298.000  4.411456e-04 
  299.000  9.094831e-04 
  300.000  1.920971e-03 
  301.000  3.548399e-03 
  302.000  5.916303e-03 
  303.000  1.090332e-02 
  304.000  1.371263e-02 
  305.000  2.254714e-02 
  306.000  2.978586e-02 
  307.000  4.190814e-02 
  308.000  5.216492e-02 
  309.000  6.394152e-02 
  310.000  8.354998e-02 
  311.000  9.307357e-02 
  312.000  1.087049e-01 
  313.000  1.280383e-01 
  314.000  1.367358e-01 
  315.000  1.608005e-01 
  316.000  1.676372e-01 
  317.000  1.866676e-01 
  318.000  1.982931e-01 
  319.000  2.285817e-01 
  320.000  2.100718e-01 
  321.000  2.550650e-01 
  322.000  2.378705e-01 
  323.000  2.593096e-01 
  324.000  2.897553e-01 
  325.000  2.694739e-01 
  326.000  3.000168e-01 
  327.000  3.102154e-01 
  328.000  2.955123e-01 
  329.000  3.302962e-01 
  330.000  3.369761e-01 
  331.000  3.232699e-01 
  332.000  3.476436e-01 
  333.000  3.535528e-01 
  334.000  3.508229e-01 
  335.000  3.666953e-01 
  336.000  3.735100e-01 
  337.000  3.703163e-01 
  338.000  3.808858e-01 
  339.000  3.887414e-01 
  340.000  3.882419e-01 
  341.000  3.969056e-01 
  342.000  4.031177e-01 
  343.000  4.072675e-01 
  344.000  4.067038e-01 
  345.000  4.161316e-01 
  346.000  4.211365e-01 
  347.000  4.255736e-01 
  348.000  4.300814e-01 
  349.000  4.354745e-01 
  350.000  4.397199e-01 
  351.000  4.447459e-01 
  352.000  4.488341e-01 
  353.000  4.537239e-01 
  354.000  4.573414e-01 
  355.000  4.612039e-01 
  356.000  4.659873e-01 
  357.000  4.691810e-01 
  358.000  4.725703e-01 
  359.000  4.758631e-01 
  360.000  4.791644e-01 
  361.000  4.827953e-01 
  362.000  4.883976e-01 
  363.000  4.932378e-01 
  364.000  4.980036e-01 
  365.000  5.020567e-01 
  366.000  5.063672e-01 
  367.000  5.104269e-01 
  368.000  5.143189e-01 
  369.000  5.175562e-01 
  370.000  5.214428e-01 
  371.000  5.255020e-01 
  372.000  5.289899e-01 
  373.000  5.330936e-01 
  374.000  5.370358e-01 
  375.000  5.402136e-01 
  376.000  5.436086e-01 
  377.000  5.473073e-01 
  378.000  5.501177e-01 
  379.000  5.531945e-01 
  380.000  5.562685e-01 
  381.000  5.596061e-01 
  382.000  5.641661e-01 
  383.000  5.688158e-01 
  384.000  5.720342e-01 
  385.000  5.760509e-01 
  386.000  5.792220e-01 
  387.000  5.829806e-01 
  388.000  5.859410e-01 
  389.000  5.889407e-01 
  390.000  5.926902e-01 
  391.000  5.957514e-01 
  392.000  5.984083e-01 
  393.000  6.026154e-01 
  394.000  6.055910e-01 
  395.000  6.084908e-01 
  396.000  6.121661e-01 
  397.000  6.154058e-01 
  398.000  6.178176e-01 
  399.000  6.208870e-01 
  400.000  6.236872e-01 
  401.000  6.272340e-01 
  402.000  6.303540e-01 
  403.000  6.335925e-01 
  404.000  6.358826e-01 
  405.000  6.389478e-01 
  406.000  6.417227e-01 
  407.000  6.453546e-01 
  408.000  6.472960e-01 
  409.000  6.500029e-01 
  410.000  6.527590e-01 
  411.000  6.559004e-01 
  412.000  6.590415e-01 
  413.000  6.609191e-01 
  414.000  6.641966e-01 
  415.000  6.668013e-01 
  416.000  6.700650e-01 
  417.000  6.720638e-01 
  418.000  6.743826e-01 
  419.000  6.775825e-01 
  420.000  6.798071e-01 
  421.000  6.823326e-01 
  422.000  6.844100e-01 
  423.000  6.871929e-01 
  424.000  6.894373e-01 
  425.000  6.926154e-01 
  426.000  6.949465e-01 
  427.000  6.973013e-01 
  428.000  6.994378e-01 
  429.000  7.022547e-01 
  430.000  7.047015e-01 
  431.000  7.058153e-01 
  432.000  7.090961e-01 
  433.000  7.114967e-01 
  434.000  7.131230e-01 
  435.000  7.149068e-01 
  436.000  7.175033e-01 
  437.000  7.209148e-01 
  438.000  7.227053e-01 
  439.000  7.235429e-01 
  440.000  7.260970e-01 
  441.000  7.282604e-01 
  442.000  7.308975e-01 
  443.000  7.323091e-01 
  444.000  7.344520e-01 
  445.000  7.350838e-01 
  446.000  7.375090e-01 
  447.000  7.402751e-01 
  448.000  7.408240e-01 
  449.000  7.440259e-01 
  450.000  7.468093e-01 
  451.000  7.485505e-01 
  452.000  7.499745e-01 
  453.000  7.520626e-01 
  454.000  7.548783e-01 
  455.000  7.559528e-01 
  456.000  7.576149e-01 
  457.000  7.594790e-01 
  458.000  7.609048e-01 
  459.000  7.625141e-01 
  460.000  7.636572e-01 
  461.000  7.654220e-01 
  462.000  7.677981e-01 
  463.000  7.681609e-01 
  464.000  7.704651e-01 
  465.000  7.720743e-01 
  466.000  7.749881e-01 
  467.000  7.760696e-01 
  468.000  7.777771e-01 
  469.000  7.789937e-01 
  470.000  7.804776e-01 
  471.000  7.822845e-01 
  472.000  7.828920e-01 
  473.000  7.831528e-01 
  474.000  7.821784e-01 
  475.000  7.818572e-01 
  476.000  7.821783e-01 
  477.000  7.827194e-01 
  478.000  7.836043e-01 
  479.000  7.854533e-01 
  480.000  7.879675e-01 
  481.000  7.916793e-01 
  482.000  7.946485e-01 
  483.000  7.972722e-01 
  484.000  7.986741e-01 
  485.000  7.996446e-01 
  486.000  8.005832e-01 
  487.000  8.027050e-01 
  488.000  8.038474e-01 
  489.000  8.047771e-01 
  490.000  8.068746e-01 
  491.000  8.081136e-01 
  492.000  8.093547e-01 
  493.000  8.105826e-01 
  494.000  8.114825e-01 
  495.000  8.124164e-01 
  496.000  8.130923e-01 
  497.000  8.141428e-01 
  498.000  8.148965e-01 
  499.000  8.158773e-01 
  500.000  8.165805e-01 
  501.000  8.165383e-01 
  502.000  8.153543e-01 
  503.000  8.141441e-01 
  504.000  8.109911e-01 
  505.000  8.156482e-01 
  506.000  8.161330e-01 
  507.000  8.161858e-01 
  508.000  8.198431e-01 
  509.000  8.214221e-01 
  510.000  8.236163e-01 
  511.000  8.247819e-01 
  512.000  8.257154e-01 
  513.000  8.277840e-01 
  514.000  8.285545e-01 
  515.000  8.300227e-01 
  516.000  8.306214e-01 
  517.000  8.316880e-01 
  518.000  8.319522e-01 
  519.000  8.326776e-01 
  520.000  8.330301e-01 
  521.000  8.338335e-01 
  522.000  8.340558e-01 
  523.000  8.343955e-01 
  524.000  8.345428e-01 
  525.000  8.341036e-01 
  526.000  8.343386e-01 
  527.000  8.341478e-01 
  528.000  8.340271e-01 
  529.000  8.337338e-01 
  530.000  8.337324e-01 
  531.000  8.341819e-01 
  532.000  8.345534e-01 
  533.000  8.351909e-01 
  534.000  8.360196e-01 
  535.000  8.365455e-01 
  536.000  8.374587e-01 
  537.000  8.384389e-01 
  538.000  8.389948e-01 
  539.000  8.392385e-01 
  540.000  8.399354e-01 
  541.000  8.378969e-01 
  542.000  8.392261e-01 
  543.000  8.409926e-01 
  544.000  8.415869e-01 
  545.000  8.408002e-01 
  546.000  8.400396e-01 
  547.000  8.419839e-01 
  548.000  8.439739e-01 
  549.000  8.443409e-01 
  550.000  8.449951e-01 
  551.000  8.460225e-01 
  552.000  8.463165e-01 
  553.000  8.468539e-01 
  554.000  8.473259e-01 
  555.000  8.477061e-01 
  556.000  8.474701e-01 
  557.000  8.470106e-01 
  558.000  8.466588e-01 
  559.000  8.461826e-01 
  560.000  8.457226e-01 
  561.000  8.453679e-01 
  562.000  8.451611e-01 
  563.000  8.446786e-01 
  564.000  8.441713e-01 
  565.000  8.436996e-01 
  566.000  8.434112e-01 
  567.000  8.424362e-01 
  568.000  8.413665e-01 
  569.000  8.352185e-01 
  570.000  8.344140e-01 
  571.000  8.355606e-01 
  572.000  8.318381e-01 
  573.000  8.330396e-01 
  574.000  8.308632e-01 
  575.000  8.320039e-01 
  576.000  8.315122e-01 
  577.000  8.316142e-01 
  578.000  8.348436e-01 
  579.000  8.368633e-01 
  580.000  8.388333e-01 
  581.000  8.417938e-01 
  582.000  8.443799e-01 
  583.000  8.468499e-01 
  584.000  8.501530e-01 
  585.000  8.511121e-01 
  586.000  8.526949e-01 
  587.000  8.526977e-01 
  588.000  8.507274e-01 
  589.000  8.321195e-01 
  590.000  8.312837e-01 
  591.000  8.391154e-01 
  592.000  8.252832e-01 
  593.000  8.498375e-01 
  594.000  8.370514e-01 
  595.000  8.439113e-01 
  596.000  8.480290e-01 
  597.000  8.478687e-01 
  598.000  8.485690e-01 
  599.000  8.531274e-01 
  600.000  8.556410e-01 
  601.000  8.583811e-01 
  602.000  8.597328e-01 
  603.000  8.602826e-01 
  604.000  8.614984e-01 
  605.000  8.621626e-01 
  606.000  8.635566e-01 
  607.000  8.648009e-01 
  608.000  8.662488e-01 
  609.000  8.668410e-01 
  610.000  8.680176e-01 
  611.000  8.689659e-01 
  612.000  8.703710e-01 
  613.000  8.715127e-01 
  614.000  8.723370e-01 
  615.000  8.732839e-01 
  616.000  8.746100e-01 
  617.000  8.755382e-01 
  618.000  8.761361e-01 
  619.000  8.769868e-01 
  620.000  8.776624e-01 
  621.000  8.780673e-01 
  622.000  8.782279e-01 
  623.000  8.784429e-01 
  624.000  8.784469e-01 
  625.000  8.785518e-01 
  626.000  8.782097e-01 
  627.000  8.773307e-01 
  628.000  8.509086e-01 
  629.000  8.643355e-01 
  630.000  8.697597e-01 
  631.000  8.777656e-01 
  632.000  8.798434e-01 
  633.000  8.824977e-01 
  634.000  8.849965e-01 
  635.000  8.864622e-01 
  636.000  8.883910e-01 
  637.000  8.912544e-01 
  638.000  8.944008e-01 
  639.000  8.961467e-01 
  640.000  8.976632e-01 
  641.000  8.988519e-01 
  642.000  9.011588e-01 
  643.000  9.012313e-01 
  644.000  9.028500e-01 
  645.000  9.028043e-01 
  646.000  8.976596e-01 
  647.000  8.892414e-01 
  648.000  8.797169e-01 
  649.000  8.896198e-01 
  650.000  9.045506e-01 
  651.000  9.065142e-01 
  652.000  9.012573e-01 
  653.000  9.074774e-01 
  654.000  9.076233e-01 
  655.000  8.926247e-01 
  656.000  9.037494e-01 
  657.000  9.071851e-01 
  658.000  9.129564e-01 
  659.000  9.164802e-01 
  660.000  9.159418e-01 
  661.000  9.183409e-01 
  662.000  9.184180e-01 
  663.000  9.186929e-01 
  664.000  9.200085e-01 
  665.000  9.205868e-01 
  666.000  9.215642e-01 
  667.000  9.227948e-01 
  668.000  9.233351e-01 
  669.000  9.242242e-01 
  670.000  9.248112e-01 
  671.000  9.258823e-01 
  672.000  9.261162e-01 
  673.000  9.270151e-01 
  674.000  9.273564e-01 
  675.000  9.282827e-01 
  676.000  9.285471e-01 
  677.000  9.290529e-01 
  678.000  9.298524e-01 
  679.000  9.302657e-01 
  680.000  9.310431e-01 
  681.000  9.311740e-01 
  682.000  9.324402e-01 
  683.000  9.320607e-01 
  684.000  9.328219e-01 
  685.000  9.340239e-01 
  686.000  9.342941e-01 
  687.000  6.079731e-01 
  688.000  7.914280e-01 
  689.000  8.300031e-01 
  690.000  8.591202e-01 
  691.000  8.790582e-01 
  692.000  9.097564e-01 
  693.000  8.904089e-01 
  694.000  8.651758e-01 
  695.000  8.984675e-01 
  696.000  8.930151e-01 
  697.000  9.341853e-01 
  698.000  9.334360e-01 
  699.000  9.140528e-01 
  700.000  9.156517e-01 
  701.000  9.019098e-01 
  702.000  9.069988e-01 
  703.000  9.132788e-01 
  704.000  9.177416e-01 
  705.000  9.187890e-01 
  706.000  9.269716e-01 
  707.000  9.320542e-01 
  708.000  9.354534e-01 
  709.000  9.364996e-01 
  710.000  9.347956e-01 
  711.000  9.398510e-01 
  712.000  9.379066e-01 
  713.000  9.408308e-01 
  714.000  9.388200e-01 
  715.000  9.262736e-01 
  716.000  9.298276e-01 
  717.000  8.814889e-01 
  718.000  7.831197e-01 
  719.000  7.318823e-01 
  720.000  7.943988e-01 
  721.000  9.084705e-01 
  722.000  9.085482e-01 
  723.000  8.987820e-01 
  724.000  7.857587e-01 
  725.000  8.075930e-01 
  726.000  8.669876e-01 
  727.000  8.411206e-01 
  728.000  7.904025e-01 
  729.000  8.153858e-01 
  730.000  8.750262e-01 
  731.000  8.443550e-01 
  732.000  8.573472e-01 
  733.000  9.061050e-01 
  734.000  9.359438e-01 
  735.000  9.159772e-01 
  736.000  9.309835e-01 
  737.000  9.303492e-01 
  738.000  9.376599e-01 
  739.000  9.383725e-01 
  740.000  9.484525e-01 
  741.000  9.538224e-01 
  742.000  9.551027e-01 
  743.000  9.549114e-01 
  744.000  9.564414e-01 
  745.000  9.580246e-01 
  746.000  9.590134e-01 
  747.000  9.589525e-01 
  748.000  9.593491e-01 
  749.000  9.595392e-01 
  750.000  9.598990e-01 
  751.000  9.599483e-01 
  752.000  9.608969e-01 
  753.000  9.611202e-01 
  754.000  9.612787e-01 
  755.000  9.614353e-01 
  756.000  9.615354e-01 
  757.000  9.621094e-01 
  758.000  9.626009e-01 
  759.000  9.475638e-01 
  760.000  2.721750e-01 
  761.000  1.851062e-01 
  762.000  5.932208e-01 
  763.000  4.811954e-01 
  764.000  5.449619e-01 
  765.000  6.885066e-01 
  766.000  8.171398e-01 
  767.000  8.679887e-01 
  768.000  9.348643e-01 
  769.000  9.528289e-01 
  770.000  9.528378e-01 
  771.000  9.619461e-01 
  772.000  9.652072e-01 
  773.000  9.653065e-01 
  774.000  9.653060e-01 
  775.000  9.654733e-01 
  776.000  9.656744e-01 
  777.000  9.659576e-01 
  778.000  9.661216e-01 
  779.000  9.662628e-01 
  780.000  9.663806e-01 
  781.000  9.667316e-01 
  782.000  9.668304e-01 
  783.000  9.671382e-01 
  784.000  9.664254e-01 
  785.000  9.659032e-01 
  786.000  9.628737e-01 
  787.000  9.607898e-01 
  788.000  9.538608e-01 
  789.000  9.545833e-01 
  790.000  9.411647e-01 
  791.000  9.441473e-01 
  792.000  9.487194e-01 
  793.000  9.529160e-01 
  794.000  9.678661e-01 
  795.000  9.614944e-01 
  796.000  9.292496e-01 
  797.000  9.522381e-01 
  798.000  9.556006e-01 
  799.000  9.600821e-01 
  800.000  9.468517e-01 
  801.000  9.403692e-01 
  802.000  9.485952e-01 
  803.000  9.472284e-01 
  804.000  9.469540e-01 
  805.000  9.515787e-01 
  806.000  9.642109e-01 
  807.000  9.574217e-01 
  808.000  9.646088e-01 
  809.000  9.536741e-01 
  810.000  9.471793e-01 
  811.000  9.462914e-01 
  812.000  9.328331e-01 
  813.000  9.049885e-01 
  814.000  8.646792e-01 
  815.000  8.227767e-01 
  816.000  8.562276e-01 
  817.000  7.178124e-01 
  818.000  8.232739e-01 
  819.000  8.500574e-01 
  820.000  8.147453e-01 
  821.000  9.436510e-01 
  822.000  9.197230e-01 
  823.000  6.852410e-01 
  824.000  8.897848e-01 
  825.000  9.289641e-01 
  826.000  8.909749e-01 
  827.000  9.274285e-01 
  828.000  8.332432e-01 
  829.000  9.039937e-01 
  830.000  8.906605e-01 
  831.000  8.994450e-01 
  832.000  8.866615e-01 
  833.000  9.263542e-01 
  834.000  9.243613e-01 
  835.000  9.424239e-01 
  836.000  9.419809e-01 
  837.000  9.424610e-01 
  838.000  9.546490e-01 
  839.000  9.625134e-01 
  840.000  9.630634e-01 
  841.000  9.630634e-01 
  842.000  9.530700e-01 
  843.000  9.732630e-01 
  844.000  9.625290e-01 
  845.000  9.709699e-01 
  846.000  9.734244e-01 
  847.000  9.754888e-01 
  848.000  9.726801e-01 
  849.000  9.739710e-01 
  850.000  9.731655e-01 
  851.000  9.709926e-01 
  852.000  9.747913e-01 
  853.000  9.763566e-01 
  854.000  9.753198e-01 
  855.000  9.753198e-01 
  856.000  9.764348e-01 
  857.000  9.787582e-01 
  858.000  9.766716e-01 
  859.000  9.780014e-01 
  860.000  9.794485e-01 
  861.000  9.788846e-01 
  862.000  9.795939e-01 
  863.000  9.793756e-01 
  864.000  9.800224e-01 
  865.000  9.800224e-01 
  866.000  9.800332e-01 
  867.000  9.802175e-01 
  868.000  9.801746e-01 
  869.000  9.802994e-01 
  870.000  9.803154e-01 
  871.000  9.805537e-01 
  872.000  9.806902e-01 
  873.000  9.805635e-01 
  874.000  9.805635e-01 
  875.000  9.809867e-01 
  876.000  9.810680e-01 
  877.000  9.809520e-01 
  878.000  9.807308e-01 
  879.000  9.806977e-01 
  880.000  9.812620e-01 
  881.000  9.812620e-01 
  882.000  9.798304e-01 
  883.000  9.804052e-01 
  884.000  9.804677e-01 
  885.000  9.807051e-01 
  886.000  9.731019e-01 
  887.000  9.800238e-01 
  888.000  9.800238e-01 
  889.000  9.779652e-01 
  890.000  9.746227e-01 
  891.000  9.795609e-01 
  892.000  9.726582e-01 
  893.000  9.498622e-01 
  894.000  9.498622e-01 
  895.000  9.161297e-01 
  896.000  8.790824e-01 
  897.000  7.627740e-01 
  898.000  8.680065e-01 
  899.000  6.870196e-01 
  900.000  6.870196e-01 
  901.000  7.291309e-01 
  902.000  7.714940e-01 
  903.000  8.199713e-01 
  904.000  9.272695e-01 
  905.000  9.123800e-01 
  906.000  9.123800e-01 
  907.000  7.798595e-01 
  908.000  7.634335e-01 
  909.000  7.666203e-01 
  910.000  7.348707e-01 
  911.000  7.348707e-01 
  912.000  8.529590e-01 
  913.000  7.913272e-01 
  914.000  7.603896e-01 
  915.000  7.104523e-01 
  916.000  7.104523e-01 
  917.000  8.486680e-01 
  918.000  7.266144e-01 
  919.000  8.257299e-01 
  920.000  9.220558e-01 
  921.000  9.220558e-01 
  922.000  8.924111e-01 
  923.000  8.945595e-01 
  924.000  8.561996e-01 
  925.000  8.561996e-01 
  926.000  8.760039e-01 
  927.000  8.847045e-01 
  928.000  7.312125e-01 
  929.000  6.912197e-01 
  930.000  6.912197e-01 
  931.000  5.472288e-01 
  932.000  3.606267e-01 
  933.000  3.528595e-01 
  934.000  3.528595e-01 
  935.000  3.485179e-01 
  936.000  3.209116e-01 
  937.000  2.813538e-01 
  938.000  2.813538e-01 
  939.000  4.383310e-01 
  940.000  5.913479e-01 
  941.000  5.351012e-01 
  942.000  5.351012e-01 
  943.000  4.285657e-01 
  944.000  4.345240e-01 
  945.000  5.146750e-01 
  946.000  5.146750e-01 
  947.000  4.368768e-01 
  948.000  4.680005e-01 
  949.000  5.276986e-01 
  950.000  5.276986e-01 
  951.000  5.688043e-01 
  952.000  4.097609e-01 
  953.000  5.798007e-01 
  954.000  5.798007e-01 
  955.000  5.745234e-01 
  956.000  4.541681e-01 
  957.000  6.455764e-01 
  958.000  6.455764e-01 
  959.000  5.075091e-01 
  960.000  6.012038e-01 
  961.000  6.012038e-01 
  962.000  6.599672e-01 
  963.000  7.213439e-01 
  964.000  6.151394e-01 
  965.000  6.151394e-01 
  966.000  6.966094e-01 
  967.000  8.111483e-01 
  968.000  8.111483e-01 
  969.000  8.396277e-01 
  970.000  8.837460e-01 
  971.000  9.066053e-01 
  972.000  9.066053e-01 
  973.000  8.780115e-01 
  974.000  7.785598e-01 
  975.000  7.785598e-01 
  976.000  7.620571e-01 
  977.000  8.623176e-01 
  978.000  8.442400e-01 
  979.000  8.442400e-01 
  980.000  8.463299e-01 
  981.000  9.392827e-01 
  982.000  9.392827e-01 
  983.000  9.095391e-01 
  984.000  9.373286e-01 
  985.000  9.373286e-01 
  986.000  9.720113e-01 
  987.000  9.595765e-01 
  988.000  9.595765e-01 
  989.000  9.805057e-01 
  990.000  9.712840e-01 
  991.000  9.712840e-01 
  992.000  9.787970e-01 
  993.000  9.769153e-01 
  994.000  9.769153e-01 
  995.000  9.862483e-01 
  996.000  9.865056e-01 
  997.000  9.865056e-01 
  998.000  9.867188e-01 
  999.000  9.858275e-01 
 1000.000  9.858275e-01 
 1001.000  9.861173e-01 
 1002.000  9.750282e-01 
 1003.000  9.750282e-01 
 1004.000  9.864325e-01 
 1005.000  9.871852e-01 
 1006.000  9.871852e-01 
 1007.000  9.876087e-01 
 1008.000  9.849454e-01 
 1009.000  9.849454e-01 
 1010.000  9.773765e-01 
 1011.000  9.875655e-01 
 1012.000  9.875655e-01 
 1013.000  9.879452e-01 
 1014.000  9.876988e-01 
 1015.000  9.876988e-01 
 1016.000  9.883656e-01 
 1017.000  9.874191e-01 
 1018.000  9.874191e-01 
 1019.000  9.867284e-01 
 1020.000  9.886461e-01 
 1021.000  9.886461e-01 
 1022.000  9.869080e-01 
 1023.000  9.869080e-01 
 1024.000  9.862353e-01 
 1025.000  9.886136e-01 
 1026.000  9.886136e-01 
 1027.000  9.875595e-01 
 1028.000  9.887893e-01 
 1029.000  9.887893e-01 
 1030.000  9.892902e-01 
 1031.000  9.892812e-01 
 1032.000  9.892812e-01 
 1033.000  9.893407e-01 
 1034.000  9.893407e-01 
 1035.000  9.896719e-01 
 1036.000  9.891525e-01 
 1037.000  9.891525e-01 
 1038.000  9.890950e-01 
 1039.000  9.884817e-01 
 1040.000  9.884817e-01 
 1041.000  9.880885e-01 
 1042.000  9.880885e-01 
 1043.000  9.875688e-01 
 1044.000  9.867607e-01 
 1045.000  9.867607e-01 
 1046.000  9.856396e-01 
 1047.000  9.856396e-01 
 1048.000  9.845145e-01 
 1049.000  9.822898e-01 
 1050.000  9.822898e-01 
 1051.000  9.812428e-01 
 1052.000  9.812428e-01 
 1053.000  9.796941e-01 
 1054.000  9.783692e-01 
 1055.000  9.783692e-01 
 1056.000  9.768243e-01 
 1057.000  9.768243e-01 
 1058.000  9.754524e-01 
 1059.000  9.741094e-01 
 1060.000  9.741094e-01 
 1061.000  9.732497e-01 
 1062.000  9.732497e-01 
 1063.000  9.714918e-01 
 1064.000  9.702888e-01 
 1065.000  9.702888e-01 
 1066.000  9.722769e-01 
 1067.000  9.722769e-01 
 1068.000  9.710819e-01 
 1069.000  9.707888e-01 
 1070.000  9.707888e-01 
 1071.000  9.735979e-01 
 1072.000  9.735979e-01 
 1073.000  9.752572e-01 
 1074.000  9.752572e-01 
 1075.000  9.676149e-01 
 1076.000  9.669427e-01 
 1077.000  9.669427e-01 
 1078.000  9.758830e-01 
 1079.000  9.758830e-01 
 1080.000  9.667963e-01 
 1081.000  9.667963e-01 
 1082.000  9.729319e-01 
 1083.000  9.643693e-01 
 1084.000  9.643693e-01 
 1085.000  9.541622e-01 
 1086.000  9.541622e-01 
 1087.000  9.710771e-01 
 1088.000  9.710771e-01 
 1089.000  9.632018e-01 
 1090.000  9.600523e-01 
 1091.000  9.600523e-01 
 1092.000  9.417173e-01 
 1093.000  9.417173e-01 
 1094.000  9.439186e-01 
 1095.000  9.439186e-01 
 1096.000  9.375867e-01 
 1097.000  9.375867e-01 
 1098.000  9.175982e-01 
 1099.000  8.631029e-01 
 1100.000  8.631029e-01 
 1101.000  8.676094e-01 
 1102.000  8.676094e-01 
 1103.000  8.440826e-01 
 1104.000  8.440826e-01 
 1105.000  8.236426e-01 
 1106.000  8.236426e-01 
 1107.000  8.227715e-01 
 1108.000  8.227715e-01 
 1109.000  7.729400e-01 
 1110.000  7.226864e-01 
 1111.000  7.226864e-01 
 1112.000  6.890828e-01 
 1113.000  6.890828e-01 
 1114.000  5.822672e-01 
 1115.000  5.822672e-01 
 1116.000  3.437805e-01 
 1117.000  3.437805e-01 
 1118.000  4.416278e-01 
 1119.000  4.416278e-01 
 1120.000  3.692224e-01 
 1121.000  3.692224e-01 
 1122.000  2.017589e-01 
 1123.000  4.144306e-01 
 1124.000  4.144306e-01 
 1125.000  2.333641e-01 
 1126.000  2.333641e-01 
 1127.000  2.901392e-01 
 1128.000  2.901392e-01 
 1129.000  2.760983e-01 
 1130.000  2.760983e-01 
 1131.000  5.843134e-01 
 1132.000  5.843134e-01 
 1133.000  2.734204e-01 
 1134.000  2.734204e-01 
 1135.000  1.608863e-01 
 1136.000  1.608863e-01 
 1137.000  5.783902e-01 
 1138.000  5.783902e-01 
 1139.000  5.434645e-01 
 1140.000  5.434645e-01 
 1141.000  5.164545e-01 
 1142.000  5.164545e-01 
 1143.000  5.498860e-01 
 1144.000  5.498860e-01 
 1145.000  3.194597e-01 
 1146.000  3.194597e-01 
 1147.000  3.099673e-01 
 1148.000  3.099673e-01 
 1149.000  4.507823e-01 
 1150.000  4.507823e-01 
 1151.000  5.334044e-01 
 1152.000  5.334044e-01 
 1153.000  4.897523e-01 
 1154.000  4.897523e-01 
 1155.000  5.382566e-01 
 1156.000  5.382566e-01 
 1157.000  6.435664e-01 
 1158.000  6.435664e-01 
 1159.000  7.436886e-01 
 1160.000  7.436886e-01 
 1161.000  7.207927e-01 
 1162.000  7.207927e-01 
 1163.000  8.088719e-01 
 1164.000  8.088719e-01 
 1165.000  7.818732e-01 
 1166.000  7.818732e-01 
 1167.000  8.430022e-01 
 1168.000  8.430022e-01 
 1169.000  8.688079e-01 
 1170.000  8.688079e-01 
 1171.000  8.790069e-01 
 1172.000  8.790069e-01 
 1173.000  7.823657e-01 
 1174.000  7.823657e-01 
 1175.000  9.359947e-01 
 1176.000  9.359947e-01 
 1177.000  8.395350e-01 
 1178.000  8.395350e-01 
 1179.000  9.137359e-01 
 1180.000  9.137359e-01 
 1181.000  7.816442e-01 
 1182.000  7.816442e-01 
 1183.000  8.776999e-01 
 1184.000  8.776999e-01 
 1185.000  9.065656e-01 
 1186.000  9.065656e-01 
 1187.000  8.123485e-01 
 1188.000  8.123485e-01 
 1189.000  8.123485e-01 
 1190.000  8.853655e-01 
 1191.000  8.853655e-01 
 1192.000  9.460117e-01 
 1193.000  9.460117e-01 
 1194.000  9.005252e-01 
 1195.000  9.005252e-01 
 1196.000  9.178644e-01 
 1197.000  9.178644e-01 
 1198.000  8.746109e-01 
 1199.000  8.746109e-01 
 1200.000  8.743386e-01 
