  250.000  0.000000e+00 
  251.000  0.000000e+00 
  252.000  0.000000e+00 
  253.000  0.000000e+00 
  254.000  0.000000e+00 
  255.000  0.000000e+00 
  256.000  0.000000e+00 
  257.000  0.000000e+00 
  258.000  0.000000e+00 
  259.000  0.000000e+00 
  260.000  0.000000e+00 
  261.000  0.000000e+00 
  262.000  0.000000e+00 
  263.000  0.000000e+00 
  264.000  0.000000e+00 
  265.000  0.000000e+00 
  266.000  0.000000e+00 
  267.000  0.000000e+00 
  268.000  0.000000e+00 
  269.000  0.000000e+00 
  270.000  0.000000e+00 
  271.000  0.000000e+00 
  272.000  0.000000e+00 
  273.000  0.000000e+00 
  274.000  0.000000e+00 
  275.000  0.000000e+00 
  276.000  0.000000e+00 
  277.000  0.000000e+00 
  278.000  0.000000e+00 
  279.000  0.000000e+00 
  280.000  0.000000e+00 
  281.000  0.000000e+00 
  282.000  0.000000e+00 
  283.000  0.000000e+00 
  284.000  0.000000e+00 
  285.000  0.000000e+00 
  286.000  0.000000e+00 
  287.000  0.000000e+00 
  288.000  0.000000e+00 
  289.000  0.000000e+00 
  290.000  0.000000e+00 
  291.000  0.000000e+00 
  292.000  3.359182e-10 
  293.000  2.624962e-09 
  294.000  2.698049e-08 
  295.000  1.214678e-07 
  296.000  9.983985e-07 
  297.000  3.544729e-06 
  298.000  1.610918e-05 
  299.000  4.527924e-05 
  300.000  1.317475e-04 
  301.000  3.165422e-04 
  302.000  6.569997e-04 
  303.000  1.573335e-03 
  304.000  2.182916e-03 
  305.000  4.441530e-03 
  306.000  6.610806e-03 
  307.000  1.076643e-02 
  308.000  1.471924e-02 
  309.000  1.968627e-02 
  310.000  2.884649e-02 
  311.000  3.365558e-02 
  312.000  4.201116e-02 
  313.000  5.307762e-02 
  314.000  5.830183e-02 
  315.000  7.349364e-02 
  316.000  7.799730e-02 
  317.000  9.094618e-02 
  318.000  9.914353e-02 
  319.000  1.214635e-01 
  320.000  1.076615e-01 
  321.000  1.420534e-01 
  322.000  1.285749e-01 
  323.000  1.454421e-01 
  324.000  1.704347e-01 
  325.000  1.536534e-01 
  326.000  1.791213e-01 
  327.000  1.878818e-01 
  328.000  1.752923e-01 
  329.000  2.054921e-01 
  330.000  2.114540e-01 
  331.000  1.992765e-01 
  332.000  2.210802e-01 
  333.000  2.264675e-01 
  334.000  2.239738e-01 
  335.000  2.385875e-01 
  336.000  2.449460e-01 
  337.000  2.419599e-01 
  338.000  2.518845e-01 
  339.000  2.593377e-01 
  340.000  2.588619e-01 
  341.000  2.671525e-01 
  342.000  2.731450e-01 
  343.000  2.771703e-01 
  344.000  2.766225e-01 
  345.000  2.858273e-01 
  346.000  2.907504e-01 
  347.000  2.951360e-01 
  348.000  2.996116e-01 
  349.000  3.049926e-01 
  350.000  3.092486e-01 
  351.000  3.143100e-01 
  352.000  3.184451e-01 
  353.000  3.234122e-01 
  354.000  3.271016e-01 
  355.000  3.310549e-01 
  356.000  3.359703e-01 
  357.000  3.392642e-01 
  358.000  3.427703e-01 
  359.000  3.461870e-01 
  360.000  3.496227e-01 
  361.000  3.534131e-01 
  362.000  3.592856e-01 
  363.000  3.643824e-01 
  364.000  3.694219e-01 
  365.000  3.737240e-01 
  366.000  3.783158e-01 
  367.000  3.826557e-01 
  368.000  3.868302e-01 
  369.000  3.903129e-01 
  370.000  3.945063e-01 
  371.000  3.989005e-01 
  372.000  4.026877e-01 
  373.000  4.071573e-01 
  374.000  4.114650e-01 
  375.000  4.149472e-01 
  376.000  4.186772e-01 
  377.000  4.227521e-01 
  378.000  4.258564e-01 
  379.000  4.292626e-01 
  380.000  4.326739e-01 
  381.000  4.363869e-01 
  382.000  4.414751e-01 
  383.000  4.466814e-01 
  384.000  4.502960e-01 
  385.000  4.548194e-01 
  386.000  4.584000e-01 
  387.000  4.626549e-01 
  388.000  4.660143e-01 
  389.000  4.694258e-01 
  390.000  4.737006e-01 
  391.000  4.771992e-01 
  392.000  4.802422e-01 
  393.000  4.850721e-01 
  394.000  4.884972e-01 
  395.000  4.918417e-01 
  396.000  4.960907e-01 
  397.000  4.998530e-01 
  398.000  5.026467e-01 
  399.000  5.062218e-01 
  400.000  5.094823e-01 
  401.000  5.136244e-01 
  402.000  5.172777e-01 
  403.000  5.210779e-01 
  404.000  5.237703e-01 
  405.000  5.273804e-01 
  406.000  5.306551e-01 
  407.000  5.349503e-01 
  408.000  5.372504e-01 
  409.000  5.404625e-01 
  410.000  5.437389e-01 
  411.000  5.474806e-01 
  412.000  5.512296e-01 
  413.000  5.534741e-01 
  414.000  5.573988e-01 
  415.000  5.605286e-01 
  416.000  5.644479e-01 
  417.000  5.668558e-01 
  418.000  5.696498e-01 
  419.000  5.735173e-01 
  420.000  5.762056e-01 
  421.000  5.792656e-01 
  422.000  5.817868e-01 
  423.000  5.851685e-01 
  424.000  5.879002e-01 
  425.000  5.917751e-01 
  426.000  5.946265e-01 
  427.000  5.975024e-01 
  428.000  6.001190e-01 
  429.000  6.035756e-01 
  430.000  6.065806e-01 
  431.000  6.079504e-01 
  432.000  6.119910e-01 
  433.000  6.149526e-01 
  434.000  6.169615e-01 
  435.000  6.191671e-01 
  436.000  6.223817e-01 
  437.000  6.266130e-01 
  438.000  6.288373e-01 
  439.000  6.298786e-01 
  440.000  6.330593e-01 
  441.000  6.357553e-01 
  442.000  6.391522e-01 
  443.000  6.410853e-01 
  444.000  6.435065e-01 
  445.000  6.447335e-01 
  446.000  6.477578e-01 
  447.000  6.507958e-01 
  448.000  6.514866e-01 
  449.000  6.555055e-01 
  450.000  6.590086e-01 
  451.000  6.612044e-01 
  452.000  6.630018e-01 
  453.000  6.656602e-01 
  454.000  6.692028e-01 
  455.000  6.705637e-01 
  456.000  6.726708e-01 
  457.000  6.750363e-01 
  458.000  6.768473e-01 
  459.000  6.788927e-01 
  460.000  6.803470e-01 
  461.000  6.825942e-01 
  462.000  6.856230e-01 
  463.000  6.860856e-01 
  464.000  6.890273e-01 
  465.000  6.910838e-01 
  466.000  6.948586e-01 
  467.000  6.962060e-01 
  468.000  6.983895e-01 
  469.000  7.002473e-01 
  470.000  7.022948e-01 
  471.000  7.041907e-01 
  472.000  7.049866e-01 
  473.000  7.053065e-01 
  474.000  7.040430e-01 
  475.000  7.037892e-01 
  476.000  7.040402e-01 
  477.000  7.047347e-01 
  478.000  7.058727e-01 
  479.000  7.082531e-01 
  480.000  7.114936e-01 
  481.000  7.162859e-01 
  482.000  7.201263e-01 
  483.000  7.235254e-01 
  484.000  7.253448e-01 
  485.000  7.268497e-01 
  486.000  7.280537e-01 
  487.000  7.305862e-01 
  488.000  7.320731e-01 
  489.000  7.333031e-01 
  490.000  7.360117e-01 
  491.000  7.376355e-01 
  492.000  7.392438e-01 
  493.000  7.408435e-01 
  494.000  7.420163e-01 
  495.000  7.432358e-01 
  496.000  7.441193e-01 
  497.000  7.454928e-01 
  498.000  7.464789e-01 
  499.000  7.477705e-01 
  500.000  7.487268e-01 
  501.000  7.488399e-01 
  502.000  7.485766e-01 
  503.000  7.482446e-01 
  504.000  7.475108e-01 
  505.000  7.490928e-01 
  506.000  7.511899e-01 
  507.000  7.523181e-01 
  508.000  7.549896e-01 
  509.000  7.563096e-01 
  510.000  7.582247e-01 
  511.000  7.599772e-01 
  512.000  7.611023e-01 
  513.000  7.634451e-01 
  514.000  7.644815e-01 
  515.000  7.663497e-01 
  516.000  7.671407e-01 
  517.000  7.685473e-01 
  518.000  7.688956e-01 
  519.000  7.698535e-01 
  520.000  7.703190e-01 
  521.000  7.713805e-01 
  522.000  7.716745e-01 
  523.000  7.721241e-01 
  524.000  7.724992e-01 
  525.000  7.721564e-01 
  526.000  7.720594e-01 
  527.000  7.720664e-01 
  528.000  7.716895e-01 
  529.000  7.715226e-01 
  530.000  7.713370e-01 
  531.000  7.718539e-01 
  532.000  7.723644e-01 
  533.000  7.731781e-01 
  534.000  7.743046e-01 
  535.000  7.749688e-01 
  536.000  7.761832e-01 
  537.000  7.774910e-01 
  538.000  7.782170e-01 
  539.000  7.788657e-01 
  540.000  7.799544e-01 
  541.000  7.796664e-01 
  542.000  7.803413e-01 
  543.000  7.814808e-01 
  544.000  7.822666e-01 
  545.000  7.822022e-01 
  546.000  7.825390e-01 
  547.000  7.839970e-01 
  548.000  7.854840e-01 
  549.000  7.858713e-01 
  550.000  7.869265e-01 
  551.000  7.876121e-01 
  552.000  7.880778e-01 
  553.000  7.886484e-01 
  554.000  7.892717e-01 
  555.000  7.897775e-01 
  556.000  7.894634e-01 
  557.000  7.888519e-01 
  558.000  7.883842e-01 
  559.000  7.877557e-01 
  560.000  7.871712e-01 
  561.000  7.867152e-01 
  562.000  7.864081e-01 
  563.000  7.857694e-01 
  564.000  7.850891e-01 
  565.000  7.844597e-01 
  566.000  7.840753e-01 
  567.000  7.831902e-01 
  568.000  7.819598e-01 
  569.000  7.780376e-01 
  570.000  7.758764e-01 
  571.000  7.752287e-01 
  572.000  7.730128e-01 
  573.000  7.722051e-01 
  574.000  7.704552e-01 
  575.000  7.699806e-01 
  576.000  7.700642e-01 
  577.000  7.706783e-01 
  578.000  7.733387e-01 
  579.000  7.758941e-01 
  580.000  7.781724e-01 
  581.000  7.820737e-01 
  582.000  7.858788e-01 
  583.000  7.891474e-01 
  584.000  7.940045e-01 
  585.000  7.958034e-01 
  586.000  7.981071e-01 
  587.000  7.987350e-01 
  588.000  7.994848e-01 
  589.000  7.926850e-01 
  590.000  7.933335e-01 
  591.000  7.967786e-01 
  592.000  7.910681e-01 
  593.000  8.013998e-01 
  594.000  7.965382e-01 
  595.000  7.996503e-01 
  596.000  8.011432e-01 
  597.000  8.010537e-01 
  598.000  8.012413e-01 
  599.000  8.029288e-01 
  600.000  8.037115e-01 
  601.000  8.052492e-01 
  602.000  8.067411e-01 
  603.000  8.075330e-01 
  604.000  8.084232e-01 
  605.000  8.093026e-01 
  606.000  8.111352e-01 
  607.000  8.126270e-01 
  608.000  8.145698e-01 
  609.000  8.153650e-01 
  610.000  8.169561e-01 
  611.000  8.182232e-01 
  612.000  8.201116e-01 
  613.000  8.216487e-01 
  614.000  8.227590e-01 
  615.000  8.240351e-01 
  616.000  8.258239e-01 
  617.000  8.270755e-01 
  618.000  8.278823e-01 
  619.000  8.290308e-01 
  620.000  8.299432e-01 
  621.000  8.304903e-01 
  622.000  8.307092e-01 
  623.000  8.310013e-01 
  624.000  8.310590e-01 
  625.000  8.311576e-01 
  626.000  8.308498e-01 
  627.000  8.305392e-01 
  628.000  8.001829e-01 
  629.000  8.159142e-01 
  630.000  8.194600e-01 
  631.000  8.302186e-01 
  632.000  8.348844e-01 
  633.000  8.376440e-01 
  634.000  8.413631e-01 
  635.000  8.425511e-01 
  636.000  8.462211e-01 
  637.000  8.504969e-01 
  638.000  8.532888e-01 
  639.000  8.560963e-01 
  640.000  8.577825e-01 
  641.000  8.605266e-01 
  642.000  8.624505e-01 
  643.000  8.633811e-01 
  644.000  8.649753e-01 
  645.000  8.661059e-01 
  646.000  8.647980e-01 
  647.000  8.622753e-01 
  648.000  8.587455e-01 
  649.000  8.642458e-01 
  650.000  8.715397e-01 
  651.000  8.727293e-01 
  652.000  8.715290e-01 
  653.000  8.746049e-01 
  654.000  8.761304e-01 
  655.000  8.701368e-01 
  656.000  8.756742e-01 
  657.000  8.777674e-01 
  658.000  8.811451e-01 
  659.000  8.835573e-01 
  660.000  8.837482e-01 
  661.000  8.857703e-01 
  662.000  8.860809e-01 
  663.000  8.872765e-01 
  664.000  8.882394e-01 
  665.000  8.891477e-01 
  666.000  8.902102e-01 
  667.000  8.917081e-01 
  668.000  8.924401e-01 
  669.000  8.936805e-01 
  670.000  8.943567e-01 
  671.000  8.958355e-01 
  672.000  8.961584e-01 
  673.000  8.974013e-01 
  674.000  8.978745e-01 
  675.000  8.991550e-01 
  676.000  8.995520e-01 
  677.000  9.002222e-01 
  678.000  9.013281e-01 
  679.000  9.019194e-01 
  680.000  9.030933e-01 
  681.000  9.035701e-01 
  682.000  9.051135e-01 
  683.000  9.054222e-01 
  684.000  9.067208e-01 
  685.000  9.074718e-01 
  686.000  9.083036e-01 
  687.000  5.362270e-01 
  688.000  7.241620e-01 
  689.000  7.740777e-01 
  690.000  8.084390e-01 
  691.000  8.382656e-01 
  692.000  8.832082e-01 
  693.000  8.818539e-01 
  694.000  8.824081e-01 
  695.000  8.975472e-01 
  696.000  8.953729e-01 
  697.000  9.143115e-01 
  698.000  9.143550e-01 
  699.000  9.061933e-01 
  700.000  9.078098e-01 
  701.000  9.024005e-01 
  702.000  9.049609e-01 
  703.000  9.080669e-01 
  704.000  9.102569e-01 
  705.000  9.113023e-01 
  706.000  9.152837e-01 
  707.000  9.177918e-01 
  708.000  9.196606e-01 
  709.000  9.204841e-01 
  710.000  9.200312e-01 
  711.000  9.227975e-01 
  712.000  9.222468e-01 
  713.000  9.239542e-01 
  714.000  9.231988e-01 
  715.000  9.186462e-01 
  716.000  9.204966e-01 
  717.000  8.999371e-01 
  718.000  8.477639e-01 
  719.000  8.039815e-01 
  720.000  8.594629e-01 
  721.000  9.134567e-01 
  722.000  9.136754e-01 
  723.000  9.096156e-01 
  724.000  8.460765e-01 
  725.000  8.674045e-01 
  726.000  8.966954e-01 
  727.000  8.843754e-01 
  728.000  8.592443e-01 
  729.000  8.737993e-01 
  730.000  9.012967e-01 
  731.000  8.874493e-01 
  732.000  8.937201e-01 
  733.000  9.159371e-01 
  734.000  9.292239e-01 
  735.000  9.208797e-01 
  736.000  9.275275e-01 
  737.000  9.276536e-01 
  738.000  9.310384e-01 
  739.000  9.315633e-01 
  740.000  9.359592e-01 
  741.000  9.383893e-01 
  742.000  9.395270e-01 
  743.000  9.396446e-01 
  744.000  9.404925e-01 
  745.000  9.413416e-01 
  746.000  9.421353e-01 
  747.000  9.424644e-01 
  748.000  9.427866e-01 
  749.000  9.430579e-01 
  750.000  9.434862e-01 
  751.000  9.437202e-01 
  752.000  9.447249e-01 
  753.000  9.449998e-01 
  754.000  9.453334e-01 
  755.000  9.456820e-01 
  756.000  9.459124e-01 
  757.000  9.463347e-01 
  758.000  9.470300e-01 
  759.000  9.266871e-01 
  760.000  1.958486e-01 
  761.000  1.091881e-01 
  762.000  5.213982e-01 
  763.000  3.976378e-01 
  764.000  4.666073e-01 
  765.000  6.238239e-01 
  766.000  7.676412e-01 
  767.000  8.231315e-01 
  768.000  9.102107e-01 
  769.000  9.333078e-01 
  770.000  9.336724e-01 
  771.000  9.460903e-01 
  772.000  9.506757e-01 
  773.000  9.508153e-01 
  774.000  9.509324e-01 
  775.000  9.510840e-01 
  776.000  9.513345e-01 
  777.000  9.517329e-01 
  778.000  9.519642e-01 
  779.000  9.521648e-01 
  780.000  9.523321e-01 
  781.000  9.528270e-01 
  782.000  9.531719e-01 
  783.000  9.534650e-01 
  784.000  9.533583e-01 
  785.000  9.533336e-01 
  786.000  9.522581e-01 
  787.000  9.517562e-01 
  788.000  9.488054e-01 
  789.000  9.494776e-01 
  790.000  9.438646e-01 
  791.000  9.454023e-01 
  792.000  9.476322e-01 
  793.000  9.494693e-01 
  794.000  9.563991e-01 
  795.000  9.539706e-01 
  796.000  9.402206e-01 
  797.000  9.503468e-01 
  798.000  9.519456e-01 
  799.000  9.539706e-01 
  800.000  9.484262e-01 
  801.000  9.457739e-01 
  802.000  9.494630e-01 
  803.000  9.489774e-01 
  804.000  9.489943e-01 
  805.000  9.509852e-01 
  806.000  9.564559e-01 
  807.000  9.537157e-01 
  808.000  9.568648e-01 
  809.000  9.522572e-01 
  810.000  9.496242e-01 
  811.000  9.493582e-01 
  812.000  9.438298e-01 
  813.000  9.313240e-01 
  814.000  9.128046e-01 
  815.000  8.889574e-01 
  816.000  9.076547e-01 
  817.000  8.190396e-01 
  818.000  8.853085e-01 
  819.000  9.055163e-01 
  820.000  8.785627e-01 
  821.000  9.497865e-01 
  822.000  9.393778e-01 
  823.000  8.013799e-01 
  824.000  9.264284e-01 
  825.000  9.434956e-01 
  826.000  9.263510e-01 
  827.000  9.433694e-01 
  828.000  8.976900e-01 
  829.000  9.325331e-01 
  830.000  9.261287e-01 
  831.000  9.309143e-01 
  832.000  9.250333e-01 
  833.000  9.440423e-01 
  834.000  9.425333e-01 
  835.000  9.510567e-01 
  836.000  9.506857e-01 
  837.000  9.512592e-01 
  838.000  9.566973e-01 
  839.000  9.600683e-01 
  840.000  9.604677e-01 
  841.000  9.604677e-01 
  842.000  9.562408e-01 
  843.000  9.649579e-01 
  844.000  9.605047e-01 
  845.000  9.641950e-01 
  846.000  9.653530e-01 
  847.000  9.662329e-01 
  848.000  9.652549e-01 
  849.000  9.658890e-01 
  850.000  9.660471e-01 
  851.000  9.665869e-01 
  852.000  9.682980e-01 
  853.000  9.690347e-01 
  854.000  9.687592e-01 
  855.000  9.687592e-01 
  856.000  9.692864e-01 
  857.000  9.704348e-01 
  858.000  9.696377e-01 
  859.000  9.703339e-01 
  860.000  9.709463e-01 
  861.000  9.708297e-01 
  862.000  9.712449e-01 
  863.000  9.706836e-01 
  864.000  9.716712e-01 
  865.000  9.716712e-01 
  866.000  9.716074e-01 
  867.000  9.718676e-01 
  868.000  9.718074e-01 
  869.000  9.719861e-01 
  870.000  9.722267e-01 
  871.000  9.723542e-01 
  872.000  9.725965e-01 
  873.000  9.726460e-01 
  874.000  9.726460e-01 
  875.000  9.729871e-01 
  876.000  9.730917e-01 
  877.000  9.731577e-01 
  878.000  9.731724e-01 
  879.000  9.732007e-01 
  880.000  9.735918e-01 
  881.000  9.735918e-01 
  882.000  9.731258e-01 
  883.000  9.734007e-01 
  884.000  9.735526e-01 
  885.000  9.737651e-01 
  886.000  9.706658e-01 
  887.000  9.737059e-01 
  888.000  9.737059e-01 
  889.000  9.728686e-01 
  890.000  9.715875e-01 
  891.000  9.737639e-01 
  892.000  9.710168e-01 
  893.000  9.615394e-01 
  894.000  9.615394e-01 
  895.000  9.449533e-01 
  896.000  9.277124e-01 
  897.000  8.557990e-01 
  898.000  9.232675e-01 
  899.000  7.938163e-01 
  900.000  7.938163e-01 
  901.000  8.244812e-01 
  902.000  8.500029e-01 
  903.000  8.853193e-01 
  904.000  9.520203e-01 
  905.000  9.441937e-01 
  906.000  9.441937e-01 
  907.000  8.699002e-01 
  908.000  8.479270e-01 
  909.000  8.607807e-01 
  910.000  8.430596e-01 
  911.000  8.430596e-01 
  912.000  9.174314e-01 
  913.000  8.805915e-01 
  914.000  8.594062e-01 
  915.000  8.215891e-01 
  916.000  8.215891e-01 
  917.000  9.170942e-01 
  918.000  8.348423e-01 
  919.000  8.939947e-01 
  920.000  9.512109e-01 
  921.000  9.512109e-01 
  922.000  9.372367e-01 
  923.000  9.383810e-01 
  924.000  9.213635e-01 
  925.000  9.213635e-01 
  926.000  9.306578e-01 
  927.000  9.346589e-01 
  928.000  8.531724e-01 
  929.000  8.296251e-01 
  930.000  8.296251e-01 
  931.000  7.016053e-01 
  932.000  5.254901e-01 
  933.000  5.576310e-01 
  934.000  5.576310e-01 
  935.000  5.132638e-01 
  936.000  4.872519e-01 
  937.000  4.783708e-01 
  938.000  4.783708e-01 
  939.000  6.147692e-01 
  940.000  7.513102e-01 
  941.000  6.982558e-01 
  942.000  6.982558e-01 
  943.000  5.971009e-01 
  944.000  6.018072e-01 
  945.000  6.959397e-01 
  946.000  6.959397e-01 
  947.000  6.119984e-01 
  948.000  6.335993e-01 
  949.000  6.853771e-01 
  950.000  6.853771e-01 
  951.000  7.072266e-01 
  952.000  6.019570e-01 
  953.000  7.369267e-01 
  954.000  7.369267e-01 
  955.000  7.282817e-01 
  956.000  6.214534e-01 
  957.000  7.783714e-01 
  958.000  7.783714e-01 
  959.000  6.881116e-01 
  960.000  7.642650e-01 
  961.000  7.642650e-01 
  962.000  7.817165e-01 
  963.000  8.441104e-01 
  964.000  7.582424e-01 
  965.000  7.582424e-01 
  966.000  8.213158e-01 
  967.000  8.924806e-01 
  968.000  8.924806e-01 
  969.000  9.096195e-01 
  970.000  9.360937e-01 
  971.000  9.467547e-01 
  972.000  9.467547e-01 
  973.000  9.338738e-01 
  974.000  8.749423e-01 
  975.000  8.749423e-01 
  976.000  8.576744e-01 
  977.000  9.210094e-01 
  978.000  9.098925e-01 
  979.000  9.098925e-01 
  980.000  9.128030e-01 
  981.000  9.620661e-01 
  982.000  9.620661e-01 
  983.000  9.466017e-01 
  984.000  9.611777e-01 
  985.000  9.611777e-01 
  986.000  9.764370e-01 
  987.000  9.711206e-01 
  988.000  9.711206e-01 
  989.000  9.801690e-01 
  990.000  9.763803e-01 
  991.000  9.763803e-01 
  992.000  9.795510e-01 
  993.000  9.788241e-01 
  994.000  9.788241e-01 
  995.000  9.828643e-01 
  996.000  9.829979e-01 
  997.000  9.829979e-01 
  998.000  9.831701e-01 
  999.000  9.828801e-01 
 1000.000  9.828801e-01 
 1001.000  9.830850e-01 
 1002.000  9.783916e-01 
 1003.000  9.783916e-01 
 1004.000  9.833201e-01 
 1005.000  9.836677e-01 
 1006.000  9.836677e-01 
 1007.000  9.839026e-01 
 1008.000  9.828870e-01 
 1009.000  9.828870e-01 
 1010.000  9.797106e-01 
 1011.000  9.840812e-01 
 1012.000  9.840812e-01 
 1013.000  9.843186e-01 
 1014.000  9.842939e-01 
 1015.000  9.842939e-01 
 1016.000  9.846129e-01 
 1017.000  9.843108e-01 
 1018.000  9.843108e-01 
 1019.000  9.840900e-01 
 1020.000  9.849304e-01 
 1021.000  9.849304e-01 
 1022.000  9.842876e-01 
 1023.000  9.842876e-01 
 1024.000  9.840402e-01 
 1025.000  9.850690e-01 
 1026.000  9.850690e-01 
 1027.000  9.846625e-01 
 1028.000  9.851788e-01 
 1029.000  9.851788e-01 
 1030.000  9.853678e-01 
 1031.000  9.853394e-01 
 1032.000  9.853394e-01 
 1033.000  9.852725e-01 
 1034.000  9.852725e-01 
 1035.000  9.852893e-01 
 1036.000  9.845502e-01 
 1037.000  9.845502e-01 
 1038.000  9.844663e-01 
 1039.000  9.836552e-01 
 1040.000  9.836552e-01 
 1041.000  9.830419e-01 
 1042.000  9.830419e-01 
 1043.000  9.822969e-01 
 1044.000  9.811494e-01 
 1045.000  9.811494e-01 
 1046.000  9.795581e-01 
 1047.000  9.795581e-01 
 1048.000  9.779621e-01 
 1049.000  9.748077e-01 
 1050.000  9.748077e-01 
 1051.000  9.733251e-01 
 1052.000  9.733251e-01 
 1053.000  9.711332e-01 
 1054.000  9.692725e-01 
 1055.000  9.692725e-01 
 1056.000  9.670783e-01 
 1057.000  9.670783e-01 
 1058.000  9.651570e-01 
 1059.000  9.632455e-01 
 1060.000  9.632455e-01 
 1061.000  9.620385e-01 
 1062.000  9.620385e-01 
 1063.000  9.598812e-01 
 1064.000  9.588834e-01 
 1065.000  9.588834e-01 
 1066.000  9.606863e-01 
 1067.000  9.606863e-01 
 1068.000  9.597508e-01 
 1069.000  9.615244e-01 
 1070.000  9.615244e-01 
 1071.000  9.641213e-01 
 1072.000  9.641213e-01 
 1073.000  9.662496e-01 
 1074.000  9.662496e-01 
 1075.000  9.647419e-01 
 1076.000  9.661262e-01 
 1077.000  9.661262e-01 
 1078.000  9.718735e-01 
 1079.000  9.718735e-01 
 1080.000  9.693584e-01 
 1081.000  9.693584e-01 
 1082.000  9.739280e-01 
 1083.000  9.716209e-01 
 1084.000  9.716209e-01 
 1085.000  9.679074e-01 
 1086.000  9.679074e-01 
 1087.000  9.765227e-01 
 1088.000  9.765227e-01 
 1089.000  9.743267e-01 
 1090.000  9.734274e-01 
 1091.000  9.734274e-01 
 1092.000  9.662199e-01 
 1093.000  9.662199e-01 
 1094.000  9.672696e-01 
 1095.000  9.672696e-01 
 1096.000  9.648821e-01 
 1097.000  9.648821e-01 
 1098.000  9.562988e-01 
 1099.000  9.286019e-01 
 1100.000  9.286019e-01 
 1101.000  9.310015e-01 
 1102.000  9.310015e-01 
 1103.000  9.192363e-01 
 1104.000  9.192363e-01 
 1105.000  9.085556e-01 
 1106.000  9.085556e-01 
 1107.000  9.077086e-01 
 1108.000  9.077086e-01 
 1109.000  8.816072e-01 
 1110.000  8.308583e-01 
 1111.000  8.308583e-01 
 1112.000  8.250530e-01 
 1113.000  8.250530e-01 
 1114.000  7.232729e-01 
 1115.000  7.232729e-01 
 1116.000  5.194592e-01 
 1117.000  5.194592e-01 
 1118.000  6.213966e-01 
 1119.000  6.213966e-01 
 1120.000  5.605664e-01 
 1121.000  5.605664e-01 
 1122.000  3.729697e-01 
 1123.000  5.877802e-01 
 1124.000  5.877802e-01 
 1125.000  4.243629e-01 
 1126.000  4.243629e-01 
 1127.000  4.934081e-01 
 1128.000  4.934081e-01 
 1129.000  4.925061e-01 
 1130.000  4.925061e-01 
 1131.000  7.501924e-01 
 1132.000  7.501924e-01 
 1133.000  4.839022e-01 
 1134.000  4.839022e-01 
 1135.000  2.986966e-01 
 1136.000  2.986966e-01 
 1137.000  7.556525e-01 
 1138.000  7.556525e-01 
 1139.000  7.023075e-01 
 1140.000  7.023075e-01 
 1141.000  6.805688e-01 
 1142.000  6.805688e-01 
 1143.000  7.271756e-01 
 1144.000  7.271756e-01 
 1145.000  5.275842e-01 
 1146.000  5.275842e-01 
 1147.000  5.055709e-01 
 1148.000  5.055709e-01 
 1149.000  6.166840e-01 
 1150.000  6.166840e-01 
 1151.000  7.050409e-01 
 1152.000  7.050409e-01 
 1153.000  6.581286e-01 
 1154.000  6.581286e-01 
 1155.000  6.986144e-01 
 1156.000  6.986144e-01 
 1157.000  7.697471e-01 
 1158.000  7.697471e-01 
 1159.000  8.651429e-01 
 1160.000  8.651429e-01 
 1161.000  8.468813e-01 
 1162.000  8.468813e-01 
 1163.000  8.886229e-01 
 1164.000  8.886229e-01 
 1165.000  8.795426e-01 
 1166.000  8.795426e-01 
 1167.000  9.138363e-01 
 1168.000  9.138363e-01 
 1169.000  9.295768e-01 
 1170.000  9.295768e-01 
 1171.000  9.334687e-01 
 1172.000  9.334687e-01 
 1173.000  8.835732e-01 
 1174.000  8.835732e-01 
 1175.000  9.647117e-01 
 1176.000  9.647117e-01 
 1177.000  9.131010e-01 
 1178.000  9.131010e-01 
 1179.000  9.522435e-01 
 1180.000  9.522435e-01 
 1181.000  8.790634e-01 
 1182.000  8.790634e-01 
 1183.000  9.344689e-01 
 1184.000  9.344689e-01 
 1185.000  9.524609e-01 
 1186.000  9.524609e-01 
 1187.000  8.889539e-01 
 1188.000  8.889539e-01 
 1189.000  8.889539e-01 
 1190.000  9.385999e-01 
 1191.000  9.385999e-01 
 1192.000  9.702674e-01 
 1193.000  9.702674e-01 
 1194.000  9.465685e-01 
 1195.000  9.465685e-01 
 1196.000  9.585830e-01 
 1197.000  9.585830e-01 
 1198.000  9.354707e-01 
 1199.000  9.354707e-01 
 1200.000  9.328969e-01 
