  250.000  0.000000e+00 
  251.000  0.000000e+00 
  252.000  0.000000e+00 
  253.000  0.000000e+00 
  254.000  0.000000e+00 
  255.000  0.000000e+00 
  256.000  0.000000e+00 
  257.000  0.000000e+00 
  258.000  0.000000e+00 
  259.000  0.000000e+00 
  260.000  0.000000e+00 
  261.000  0.000000e+00 
  262.000  0.000000e+00 
  263.000  0.000000e+00 
  264.000  0.000000e+00 
  265.000  0.000000e+00 
  266.000  0.000000e+00 
  267.000  0.000000e+00 
  268.000  0.000000e+00 
  269.000  0.000000e+00 
  270.000  0.000000e+00 
  271.000  0.000000e+00 
  272.000  0.000000e+00 
  273.000  0.000000e+00 
  274.000  0.000000e+00 
  275.000  0.000000e+00 
  276.000  0.000000e+00 
  277.000  0.000000e+00 
  278.000  0.000000e+00 
  279.000  0.000000e+00 
  280.000  0.000000e+00 
  281.000  0.000000e+00 
  282.000  0.000000e+00 
  283.000  0.000000e+00 
  284.000  0.000000e+00 
  285.000  0.000000e+00 
  286.000  0.000000e+00 
  287.000  0.000000e+00 
  288.000  0.000000e+00 
  289.000  0.000000e+00 
  290.000  0.000000e+00 
  291.000  0.000000e+00 
  292.000  4.816690e-13 
  293.000  6.976421e-12 
  294.000  1.443053e-10 
  295.000  1.020494e-09 
  296.000  1.578472e-08 
  297.000  8.197445e-08 
  298.000  5.868268e-07 
  299.000  2.249301e-06 
  300.000  9.018002e-06 
  301.000  2.818777e-05 
  302.000  7.284162e-05 
  303.000  2.267079e-04 
  304.000  3.470304e-04 
  305.000  8.738884e-04 
  306.000  1.465612e-03 
  307.000  2.763195e-03 
  308.000  4.149435e-03 
  309.000  6.055760e-03 
  310.000  9.951775e-03 
  311.000  1.216084e-02 
  312.000  1.622472e-02 
  313.000  2.198885e-02 
  314.000  2.484336e-02 
  315.000  3.357086e-02 
  316.000  3.626978e-02 
  317.000  4.428645e-02 
  318.000  4.954504e-02 
  319.000  6.451319e-02 
  320.000  5.514934e-02 
  321.000  7.907986e-02 
  322.000  6.946651e-02 
  323.000  8.154128e-02 
  324.000  1.002111e-01 
  325.000  8.757666e-02 
  326.000  1.069017e-01 
  327.000  1.137487e-01 
  328.000  1.039402e-01 
  329.000  1.278014e-01 
  330.000  1.326429e-01 
  331.000  1.227984e-01 
  332.000  1.405468e-01 
  333.000  1.450158e-01 
  334.000  1.429432e-01 
  335.000  1.551861e-01 
  336.000  1.605847e-01 
  337.000  1.580441e-01 
  338.000  1.665238e-01 
  339.000  1.729583e-01 
  340.000  1.725459e-01 
  341.000  1.797650e-01 
  342.000  1.850251e-01 
  343.000  1.885780e-01 
  344.000  1.880936e-01 
  345.000  1.962714e-01 
  346.000  2.006780e-01 
  347.000  2.046224e-01 
  348.000  2.086658e-01 
  349.000  2.135514e-01 
  350.000  2.174338e-01 
  351.000  2.220719e-01 
  352.000  2.258780e-01 
  353.000  2.304693e-01 
  354.000  2.338935e-01 
  355.000  2.375753e-01 
  356.000  2.421717e-01 
  357.000  2.452632e-01 
  358.000  2.485637e-01 
  359.000  2.517898e-01 
  360.000  2.550435e-01 
  361.000  2.586443e-01 
  362.000  2.642458e-01 
  363.000  2.691298e-01 
  364.000  2.739791e-01 
  365.000  2.781347e-01 
  366.000  2.825859e-01 
  367.000  2.868079e-01 
  368.000  2.908825e-01 
  369.000  2.942919e-01 
  370.000  2.984094e-01 
  371.000  3.027379e-01 
  372.000  3.064802e-01 
  373.000  3.109103e-01 
  374.000  3.151937e-01 
  375.000  3.186663e-01 
  376.000  3.223954e-01 
  377.000  3.264811e-01 
  378.000  3.296015e-01 
  379.000  3.330331e-01 
  380.000  3.364781e-01 
  381.000  3.402372e-01 
  382.000  3.454039e-01 
  383.000  3.507093e-01 
  384.000  3.544035e-01 
  385.000  3.590391e-01 
  386.000  3.627183e-01 
  387.000  3.671017e-01 
  388.000  3.705712e-01 
  389.000  3.741021e-01 
  390.000  3.785373e-01 
  391.000  3.821763e-01 
  392.000  3.853478e-01 
  393.000  3.903942e-01 
  394.000  3.939818e-01 
  395.000  3.974924e-01 
  396.000  4.019628e-01 
  397.000  4.059233e-01 
  398.000  4.088818e-01 
  399.000  4.126630e-01 
  400.000  4.161256e-01 
  401.000  4.205309e-01 
  402.000  4.244240e-01 
  403.000  4.284824e-01 
  404.000  4.313631e-01 
  405.000  4.352326e-01 
  406.000  4.387495e-01 
  407.000  4.433723e-01 
  408.000  4.458525e-01 
  409.000  4.493213e-01 
  410.000  4.528660e-01 
  411.000  4.569218e-01 
  412.000  4.609939e-01 
  413.000  4.634360e-01 
  414.000  4.677131e-01 
  415.000  4.711258e-01 
  416.000  4.754167e-01 
  417.000  4.780540e-01 
  418.000  4.811216e-01 
  419.000  4.853701e-01 
  420.000  4.883333e-01 
  421.000  4.917079e-01 
  422.000  4.944917e-01 
  423.000  4.982323e-01 
  424.000  5.012583e-01 
  425.000  5.055582e-01 
  426.000  5.087232e-01 
  427.000  5.119287e-01 
  428.000  5.148456e-01 
  429.000  5.187032e-01 
  430.000  5.220643e-01 
  431.000  5.235977e-01 
  432.000  5.281267e-01 
  433.000  5.314519e-01 
  434.000  5.337101e-01 
  435.000  5.361921e-01 
  436.000  5.398144e-01 
  437.000  5.445907e-01 
  438.000  5.471053e-01 
  439.000  5.482834e-01 
  440.000  5.518835e-01 
  441.000  5.549412e-01 
  442.000  5.586932e-01 
  443.000  5.607215e-01 
  444.000  5.637375e-01 
  445.000  5.646971e-01 
  446.000  5.681595e-01 
  447.000  5.720649e-01 
  448.000  5.728531e-01 
  449.000  5.774589e-01 
  450.000  5.814769e-01 
  451.000  5.839971e-01 
  452.000  5.860621e-01 
  453.000  5.890987e-01 
  454.000  5.931985e-01 
  455.000  5.947676e-01 
  456.000  5.971985e-01 
  457.000  5.999302e-01 
  458.000  6.020237e-01 
  459.000  6.043903e-01 
  460.000  6.060741e-01 
  461.000  6.086780e-01 
  462.000  6.121918e-01 
  463.000  6.127289e-01 
  464.000  6.161467e-01 
  465.000  6.185388e-01 
  466.000  6.228874e-01 
  467.000  6.244974e-01 
  468.000  6.270508e-01 
  469.000  6.289143e-01 
  470.000  6.311609e-01 
  471.000  6.338181e-01 
  472.000  6.347345e-01 
  473.000  6.351250e-01 
  474.000  6.336568e-01 
  475.000  6.331956e-01 
  476.000  6.336563e-01 
  477.000  6.344705e-01 
  478.000  6.358032e-01 
  479.000  6.385922e-01 
  480.000  6.423936e-01 
  481.000  6.480249e-01 
  482.000  6.525456e-01 
  483.000  6.565526e-01 
  484.000  6.586983e-01 
  485.000  6.602201e-01 
  486.000  6.616578e-01 
  487.000  6.648867e-01 
  488.000  6.666452e-01 
  489.000  6.680806e-01 
  490.000  6.713148e-01 
  491.000  6.732318e-01 
  492.000  6.751517e-01 
  493.000  6.770549e-01 
  494.000  6.784511e-01 
  495.000  6.799017e-01 
  496.000  6.809526e-01 
  497.000  6.825873e-01 
  498.000  6.837614e-01 
  499.000  6.852917e-01 
  500.000  6.863942e-01 
  501.000  6.863520e-01 
  502.000  6.846870e-01 
  503.000  6.829752e-01 
  504.000  6.785498e-01 
  505.000  6.851624e-01 
  506.000  6.861234e-01 
  507.000  6.863552e-01 
  508.000  6.917744e-01 
  509.000  6.941442e-01 
  510.000  6.974557e-01 
  511.000  6.993209e-01 
  512.000  7.007766e-01 
  513.000  7.039865e-01 
  514.000  7.052067e-01 
  515.000  7.075196e-01 
  516.000  7.084680e-01 
  517.000  7.101585e-01 
  518.000  7.105771e-01 
  519.000  7.117283e-01 
  520.000  7.122880e-01 
  521.000  7.135642e-01 
  522.000  7.139177e-01 
  523.000  7.144578e-01 
  524.000  7.147177e-01 
  525.000  7.140535e-01 
  526.000  7.143689e-01 
  527.000  7.141025e-01 
  528.000  7.138795e-01 
  529.000  7.134451e-01 
  530.000  7.134165e-01 
  531.000  7.141200e-01 
  532.000  7.147135e-01 
  533.000  7.157235e-01 
  534.000  7.170474e-01 
  535.000  7.178807e-01 
  536.000  7.193376e-01 
  537.000  7.209033e-01 
  538.000  7.217898e-01 
  539.000  7.222255e-01 
  540.000  7.233638e-01 
  541.000  7.204486e-01 
  542.000  7.224189e-01 
  543.000  7.250730e-01 
  544.000  7.260244e-01 
  545.000  7.249031e-01 
  546.000  7.238780e-01 
  547.000  7.268325e-01 
  548.000  7.298599e-01 
  549.000  7.304351e-01 
  550.000  7.315122e-01 
  551.000  7.330679e-01 
  552.000  7.335519e-01 
  553.000  7.343965e-01 
  554.000  7.351561e-01 
  555.000  7.357690e-01 
  556.000  7.353885e-01 
  557.000  7.346480e-01 
  558.000  7.340816e-01 
  559.000  7.333158e-01 
  560.000  7.325792e-01 
  561.000  7.320112e-01 
  562.000  7.316738e-01 
  563.000  7.308987e-01 
  564.000  7.300828e-01 
  565.000  7.293251e-01 
  566.000  7.288619e-01 
  567.000  7.273563e-01 
  568.000  7.256696e-01 
  569.000  7.164533e-01 
  570.000  7.150084e-01 
  571.000  7.165344e-01 
  572.000  7.109977e-01 
  573.000  7.125704e-01 
  574.000  7.092745e-01 
  575.000  7.108034e-01 
  576.000  7.101253e-01 
  577.000  7.103564e-01 
  578.000  7.152594e-01 
  579.000  7.184591e-01 
  580.000  7.215562e-01 
  581.000  7.262892e-01 
  582.000  7.304909e-01 
  583.000  7.344625e-01 
  584.000  7.398575e-01 
  585.000  7.414814e-01 
  586.000  7.440737e-01 
  587.000  7.441664e-01 
  588.000  7.414692e-01 
  589.000  7.151306e-01 
  590.000  7.135211e-01 
  591.000  7.249064e-01 
  592.000  7.058299e-01 
  593.000  7.405770e-01 
  594.000  7.226360e-01 
  595.000  7.317848e-01 
  596.000  7.378458e-01 
  597.000  7.375963e-01 
  598.000  7.386352e-01 
  599.000  7.453830e-01 
  600.000  7.490863e-01 
  601.000  7.532447e-01 
  602.000  7.554033e-01 
  603.000  7.563090e-01 
  604.000  7.581887e-01 
  605.000  7.592728e-01 
  606.000  7.615486e-01 
  607.000  7.635623e-01 
  608.000  7.659381e-01 
  609.000  7.669106e-01 
  610.000  7.688462e-01 
  611.000  7.704058e-01 
  612.000  7.727207e-01 
  613.000  7.746040e-01 
  614.000  7.759653e-01 
  615.000  7.775304e-01 
  616.000  7.797245e-01 
  617.000  7.812620e-01 
  618.000  7.822531e-01 
  619.000  7.836642e-01 
  620.000  7.847858e-01 
  621.000  7.854583e-01 
  622.000  7.857254e-01 
  623.000  7.860829e-01 
  624.000  7.860972e-01 
  625.000  7.862653e-01 
  626.000  7.857193e-01 
  627.000  7.843876e-01 
  628.000  7.427647e-01 
  629.000  7.655033e-01 
  630.000  7.717382e-01 
  631.000  7.849772e-01 
  632.000  7.886983e-01 
  633.000  7.930022e-01 
  634.000  7.972274e-01 
  635.000  7.995629e-01 
  636.000  8.029513e-01 
  637.000  8.078191e-01 
  638.000  8.129036e-01 
  639.000  8.159149e-01 
  640.000  8.184246e-01 
  641.000  8.206028e-01 
  642.000  8.243380e-01 
  643.000  8.245825e-01 
  644.000  8.272443e-01 
  645.000  8.273427e-01 
  646.000  8.194442e-01 
  647.000  8.068622e-01 
  648.000  7.932373e-01 
  649.000  8.078988e-01 
  650.000  8.307661e-01 
  651.000  8.338961e-01 
  652.000  8.258145e-01 
  653.000  8.356185e-01 
  654.000  8.360654e-01 
  655.000  8.139873e-01 
  656.000  8.303905e-01 
  657.000  8.357602e-01 
  658.000  8.448631e-01 
  659.000  8.505692e-01 
  660.000  8.497825e-01 
  661.000  8.537267e-01 
  662.000  8.538902e-01 
  663.000  8.544849e-01 
  664.000  8.566328e-01 
  665.000  8.576498e-01 
  666.000  8.592990e-01 
  667.000  8.614014e-01 
  668.000  8.623362e-01 
  669.000  8.638808e-01 
  670.000  8.648800e-01 
  671.000  8.667411e-01 
  672.000  8.671476e-01 
  673.000  8.687117e-01 
  674.000  8.693057e-01 
  675.000  8.709190e-01 
  676.000  8.713843e-01 
  677.000  8.722616e-01 
  678.000  8.736559e-01 
  679.000  8.743802e-01 
  680.000  8.757523e-01 
  681.000  8.760255e-01 
  682.000  8.782069e-01 
  683.000  8.776662e-01 
  684.000  8.790362e-01 
  685.000  8.810034e-01 
  686.000  8.815449e-01 
  687.000  4.771660e-01 
  688.000  6.661008e-01 
  689.000  7.249098e-01 
  690.000  7.603669e-01 
  691.000  7.959232e-01 
  692.000  8.420407e-01 
  693.000  8.151398e-01 
  694.000  7.801440e-01 
  695.000  8.292931e-01 
  696.000  8.220990e-01 
  697.000  8.822742e-01 
  698.000  8.811160e-01 
  699.000  8.514464e-01 
  700.000  8.540568e-01 
  701.000  8.324995e-01 
  702.000  8.405655e-01 
  703.000  8.510537e-01 
  704.000  8.579845e-01 
  705.000  8.591326e-01 
  706.000  8.716813e-01 
  707.000  8.794938e-01 
  708.000  8.850381e-01 
  709.000  8.867735e-01 
  710.000  8.840628e-01 
  711.000  8.923226e-01 
  712.000  8.893964e-01 
  713.000  8.940235e-01 
  714.000  8.907693e-01 
  715.000  8.711665e-01 
  716.000  8.768551e-01 
  717.000  8.028096e-01 
  718.000  6.867188e-01 
  719.000  6.383979e-01 
  720.000  6.851611e-01 
  721.000  8.445766e-01 
  722.000  8.451152e-01 
  723.000  8.310539e-01 
  724.000  6.955702e-01 
  725.000  7.047656e-01 
  726.000  7.836198e-01 
  727.000  7.486348e-01 
  728.000  6.833101e-01 
  729.000  7.108872e-01 
  730.000  7.962099e-01 
  731.000  7.520687e-01 
  732.000  7.698944e-01 
  733.000  8.422951e-01 
  734.000  8.878353e-01 
  735.000  8.572603e-01 
  736.000  8.800544e-01 
  737.000  8.791615e-01 
  738.000  8.904784e-01 
  739.000  8.918951e-01 
  740.000  9.076958e-01 
  741.000  9.165025e-01 
  742.000  9.186887e-01 
  743.000  9.183993e-01 
  744.000  9.209412e-01 
  745.000  9.235653e-01 
  746.000  9.252466e-01 
  747.000  9.251996e-01 
  748.000  9.258755e-01 
  749.000  9.262165e-01 
  750.000  9.268501e-01 
  751.000  9.269633e-01 
  752.000  9.286158e-01 
  753.000  9.290109e-01 
  754.000  9.293120e-01 
  755.000  9.296125e-01 
  756.000  9.298056e-01 
  757.000  9.307791e-01 
  758.000  9.316630e-01 
  759.000  9.066240e-01 
  760.000  1.460382e-01 
  761.000  6.662204e-02 
  762.000  4.682170e-01 
  763.000  3.352344e-01 
  764.000  4.054050e-01 
  765.000  5.695603e-01 
  766.000  7.275451e-01 
  767.000  7.835190e-01 
  768.000  8.871208e-01 
  769.000  9.141718e-01 
  770.000  9.150715e-01 
  771.000  9.304833e-01 
  772.000  9.363502e-01 
  773.000  9.365292e-01 
  774.000  9.365462e-01 
  775.000  9.368348e-01 
  776.000  9.371924e-01 
  777.000  9.377028e-01 
  778.000  9.379986e-01 
  779.000  9.382535e-01 
  780.000  9.384663e-01 
  781.000  9.390994e-01 
  782.000  9.393089e-01 
  783.000  9.398432e-01 
  784.000  9.386944e-01 
  785.000  9.378583e-01 
  786.000  9.328815e-01 
  787.000  9.295130e-01 
  788.000  9.185527e-01 
  789.000  9.197444e-01 
  790.000  8.988947e-01 
  791.000  9.035636e-01 
  792.000  9.107189e-01 
  793.000  9.178950e-01 
  794.000  9.414480e-01 
  795.000  9.309607e-01 
  796.000  8.805274e-01 
  797.000  9.163190e-01 
  798.000  9.217261e-01 
  799.000  9.287148e-01 
  800.000  9.079771e-01 
  801.000  8.977686e-01 
  802.000  9.104701e-01 
  803.000  9.083180e-01 
  804.000  9.079098e-01 
  805.000  9.153775e-01 
  806.000  9.356479e-01 
  807.000  9.247925e-01 
  808.000  9.363406e-01 
  809.000  9.188026e-01 
  810.000  9.082004e-01 
  811.000  9.067450e-01 
  812.000  8.857670e-01 
  813.000  8.449544e-01 
  814.000  7.863140e-01 
  815.000  7.384126e-01 
  816.000  7.790514e-01 
  817.000  6.254646e-01 
  818.000  7.472651e-01 
  819.000  7.703525e-01 
  820.000  7.395353e-01 
  821.000  9.033221e-01 
  822.000  8.661019e-01 
  823.000  5.870656e-01 
  824.000  8.214896e-01 
  825.000  8.821442e-01 
  826.000  8.270468e-01 
  827.000  8.794958e-01 
  828.000  7.491190e-01 
  829.000  8.460117e-01 
  830.000  8.275275e-01 
  831.000  8.388293e-01 
  832.000  8.212749e-01 
  833.000  8.761703e-01 
  834.000  8.756402e-01 
  835.000  9.018864e-01 
  836.000  9.022299e-01 
  837.000  9.021666e-01 
  838.000  9.209247e-01 
  839.000  9.337471e-01 
  840.000  9.347581e-01 
  841.000  9.347581e-01 
  842.000  9.187161e-01 
  843.000  9.513603e-01 
  844.000  9.339155e-01 
  845.000  9.475747e-01 
  846.000  9.516823e-01 
  847.000  9.551201e-01 
  848.000  9.504734e-01 
  849.000  9.526353e-01 
  850.000  9.513977e-01 
  851.000  9.481440e-01 
  852.000  9.543199e-01 
  853.000  9.569367e-01 
  854.000  9.552710e-01 
  855.000  9.552710e-01 
  856.000  9.570994e-01 
  857.000  9.610078e-01 
  858.000  9.575328e-01 
  859.000  9.597753e-01 
  860.000  9.621961e-01 
  861.000  9.612709e-01 
  862.000  9.624754e-01 
  863.000  9.620388e-01 
  864.000  9.632300e-01 
  865.000  9.632300e-01 
  866.000  9.632378e-01 
  867.000  9.635738e-01 
  868.000  9.634958e-01 
  869.000  9.637242e-01 
  870.000  9.637863e-01 
  871.000  9.641898e-01 
  872.000  9.644465e-01 
  873.000  9.642500e-01 
  874.000  9.642500e-01 
  875.000  9.649838e-01 
  876.000  9.651310e-01 
  877.000  9.649541e-01 
  878.000  9.646010e-01 
  879.000  9.645519e-01 
  880.000  9.655208e-01 
  881.000  9.655208e-01 
  882.000  9.631457e-01 
  883.000  9.641110e-01 
  884.000  9.642371e-01 
  885.000  9.646524e-01 
  886.000  9.521474e-01 
  887.000  9.635482e-01 
  888.000  9.635482e-01 
  889.000  9.601115e-01 
  890.000  9.547053e-01 
  891.000  9.628150e-01 
  892.000  9.513721e-01 
  893.000  9.146481e-01 
  894.000  9.146481e-01 
  895.000  8.685244e-01 
  896.000  8.146466e-01 
  897.000  6.826658e-01 
  898.000  7.981223e-01 
  899.000  6.049002e-01 
  900.000  6.049002e-01 
  901.000  6.456491e-01 
  902.000  7.041818e-01 
  903.000  7.527694e-01 
  904.000  8.815358e-01 
  905.000  8.621194e-01 
  906.000  8.621194e-01 
  907.000  6.969991e-01 
  908.000  6.887262e-01 
  909.000  6.817445e-01 
  910.000  6.437393e-01 
  911.000  6.437393e-01 
  912.000  7.746273e-01 
  913.000  7.036229e-01 
  914.000  6.709867e-01 
  915.000  6.199254e-01 
  916.000  6.199254e-01 
  917.000  7.633825e-01 
  918.000  6.330975e-01 
  919.000  7.598155e-01 
  920.000  8.723834e-01 
  921.000  8.723834e-01 
  922.000  8.293933e-01 
  923.000  8.323014e-01 
  924.000  7.746770e-01 
  925.000  7.746770e-01 
  926.000  8.032294e-01 
  927.000  8.153763e-01 
  928.000  6.184031e-01 
  929.000  5.725815e-01 
  930.000  5.725815e-01 
  931.000  4.335948e-01 
  932.000  2.591792e-01 
  933.000  2.259432e-01 
  934.000  2.259432e-01 
  935.000  2.446047e-01 
  936.000  2.130596e-01 
  937.000  1.687788e-01 
  938.000  1.687788e-01 
  939.000  3.208231e-01 
  940.000  4.608799e-01 
  941.000  4.066887e-01 
  942.000  4.066887e-01 
  943.000  3.018693e-01 
  944.000  3.105164e-01 
  945.000  3.900264e-01 
  946.000  3.900264e-01 
  947.000  3.073444e-01 
  948.000  3.565459e-01 
  949.000  4.009542e-01 
  950.000  4.009542e-01 
  951.000  4.592861e-01 
  952.000  2.802322e-01 
  953.000  4.654869e-01 
  954.000  4.654869e-01 
  955.000  4.569477e-01 
  956.000  3.458697e-01 
  957.000  5.467348e-01 
  958.000  5.467348e-01 
  959.000  3.930819e-01 
  960.000  4.839726e-01 
  961.000  4.839726e-01 
  962.000  5.621577e-01 
  963.000  6.158240e-01 
  964.000  5.171391e-01 
  965.000  5.171391e-01 
  966.000  5.894907e-01 
  967.000  7.340777e-01 
  968.000  7.340777e-01 
  969.000  7.674455e-01 
  970.000  8.172863e-01 
  971.000  8.511741e-01 
  972.000  8.511741e-01 
  973.000  8.074430e-01 
  974.000  6.927803e-01 
  975.000  6.927803e-01 
  976.000  6.808087e-01 
  977.000  8.000517e-01 
  978.000  7.778718e-01 
  979.000  7.778718e-01 
  980.000  7.787167e-01 
  981.000  8.989938e-01 
  982.000  8.989938e-01 
  983.000  8.608958e-01 
  984.000  8.965291e-01 
  985.000  8.965291e-01 
  986.000  9.513518e-01 
  987.000  9.313372e-01 
  988.000  9.313372e-01 
  989.000  9.653769e-01 
  990.000  9.502531e-01 
  991.000  9.502531e-01 
  992.000  9.626006e-01 
  993.000  9.595058e-01 
  994.000  9.595058e-01 
  995.000  9.749896e-01 
  996.000  9.754266e-01 
  997.000  9.754266e-01 
  998.000  9.757977e-01 
  999.000  9.743108e-01 
 1000.000  9.743108e-01 
 1001.000  9.748124e-01 
 1002.000  9.566553e-01 
 1003.000  9.566553e-01 
 1004.000  9.753571e-01 
 1005.000  9.766260e-01 
 1006.000  9.766260e-01 
 1007.000  9.773475e-01 
 1008.000  9.728858e-01 
 1009.000  9.728858e-01 
 1010.000  9.605012e-01 
 1011.000  9.773070e-01 
 1012.000  9.773070e-01 
 1013.000  9.779579e-01 
 1014.000  9.775541e-01 
 1015.000  9.775541e-01 
 1016.000  9.786846e-01 
 1017.000  9.771037e-01 
 1018.000  9.771037e-01 
 1019.000  9.759523e-01 
 1020.000  9.791873e-01 
 1021.000  9.791873e-01 
 1022.000  9.762741e-01 
 1023.000  9.762741e-01 
 1024.000  9.751481e-01 
 1025.000  9.791566e-01 
 1026.000  9.791566e-01 
 1027.000  9.773864e-01 
 1028.000  9.794582e-01 
 1029.000  9.794582e-01 
 1030.000  9.802989e-01 
 1031.000  9.802798e-01 
 1032.000  9.802798e-01 
 1033.000  9.803666e-01 
 1034.000  9.803666e-01 
 1035.000  9.809061e-01 
 1036.000  9.799502e-01 
 1037.000  9.799502e-01 
 1038.000  9.798439e-01 
 1039.000  9.787254e-01 
 1040.000  9.787254e-01 
 1041.000  9.779942e-01 
 1042.000  9.779942e-01 
 1043.000  9.770380e-01 
 1044.000  9.755539e-01 
 1045.000  9.755539e-01 
 1046.000  9.734967e-01 
 1047.000  9.734967e-01 
 1048.000  9.714341e-01 
 1049.000  9.673614e-01 
 1050.000  9.673614e-01 
 1051.000  9.654477e-01 
 1052.000  9.654477e-01 
 1053.000  9.626200e-01 
 1054.000  9.602061e-01 
 1055.000  9.602061e-01 
 1056.000  9.573910e-01 
 1057.000  9.573910e-01 
 1058.000  9.548982e-01 
 1059.000  9.524561e-01 
 1060.000  9.524561e-01 
 1061.000  9.508968e-01 
 1062.000  9.508968e-01 
 1063.000  9.477594e-01 
 1064.000  9.456863e-01 
 1065.000  9.456863e-01 
 1066.000  9.491362e-01 
 1067.000  9.491362e-01 
 1068.000  9.470866e-01 
 1069.000  9.468896e-01 
 1070.000  9.468896e-01 
 1071.000  9.517739e-01 
 1072.000  9.517739e-01 
 1073.000  9.547553e-01 
 1074.000  9.547553e-01 
 1075.000  9.428407e-01 
 1076.000  9.420871e-01 
 1077.000  9.420871e-01 
 1078.000  9.567555e-01 
 1079.000  9.567555e-01 
 1080.000  9.423997e-01 
 1081.000  9.423997e-01 
 1082.000  9.525048e-01 
 1083.000  9.391295e-01 
 1084.000  9.391295e-01 
 1085.000  9.226492e-01 
 1086.000  9.226492e-01 
 1087.000  9.502837e-01 
 1088.000  9.502837e-01 
 1089.000  9.379797e-01 
 1090.000  9.333162e-01 
 1091.000  9.333162e-01 
 1092.000  9.046203e-01 
 1093.000  9.046203e-01 
 1094.000  9.074088e-01 
 1095.000  9.074088e-01 
 1096.000  8.977011e-01 
 1097.000  8.977011e-01 
 1098.000  8.668858e-01 
 1099.000  7.935745e-01 
 1100.000  7.935745e-01 
 1101.000  7.999927e-01 
 1102.000  7.999927e-01 
 1103.000  7.672642e-01 
 1104.000  7.672642e-01 
 1105.000  7.411303e-01 
 1106.000  7.411303e-01 
 1107.000  7.412392e-01 
 1108.000  7.412392e-01 
 1109.000  6.757207e-01 
 1110.000  6.437279e-01 
 1111.000  6.437279e-01 
 1112.000  5.893758e-01 
 1113.000  5.893758e-01 
 1114.000  4.720668e-01 
 1115.000  4.720668e-01 
 1116.000  2.373972e-01 
 1117.000  2.373972e-01 
 1118.000  3.212033e-01 
 1119.000  3.212033e-01 
 1120.000  2.462980e-01 
 1121.000  2.462980e-01 
 1122.000  1.154930e-01 
 1123.000  2.848532e-01 
 1124.000  2.848532e-01 
 1125.000  1.306284e-01 
 1126.000  1.306284e-01 
 1127.000  1.740170e-01 
 1128.000  1.740170e-01 
 1129.000  1.572758e-01 
 1130.000  1.572758e-01 
 1131.000  4.500015e-01 
 1132.000  4.500015e-01 
 1133.000  1.623827e-01 
 1134.000  1.623827e-01 
 1135.000  9.097849e-02 
 1136.000  9.097849e-02 
 1137.000  4.341069e-01 
 1138.000  4.341069e-01 
 1139.000  4.194068e-01 
 1140.000  4.194068e-01 
 1141.000  3.835753e-01 
 1142.000  3.835753e-01 
 1143.000  4.253383e-01 
 1144.000  4.253383e-01 
 1145.000  1.938664e-01 
 1146.000  1.938664e-01 
 1147.000  1.969789e-01 
 1148.000  1.969789e-01 
 1149.000  3.417155e-01 
 1150.000  3.417155e-01 
 1151.000  3.991586e-01 
 1152.000  3.991586e-01 
 1153.000  3.575884e-01 
 1154.000  3.575884e-01 
 1155.000  4.108729e-01 
 1156.000  4.108729e-01 
 1157.000  5.393836e-01 
 1158.000  5.393836e-01 
 1159.000  6.354964e-01 
 1160.000  6.354964e-01 
 1161.000  6.133698e-01 
 1162.000  6.133698e-01 
 1163.000  7.349525e-01 
 1164.000  7.349525e-01 
 1165.000  6.937970e-01 
 1166.000  6.937970e-01 
 1167.000  7.713842e-01 
 1168.000  7.713842e-01 
 1169.000  8.008549e-01 
 1170.000  8.008549e-01 
 1171.000  8.199372e-01 
 1172.000  8.199372e-01 
 1173.000  6.926068e-01 
 1174.000  6.926068e-01 
 1175.000  8.951024e-01 
 1176.000  8.951024e-01 
 1177.000  7.719472e-01 
 1178.000  7.719472e-01 
 1179.000  8.708282e-01 
 1180.000  8.708282e-01 
 1181.000  7.006890e-01 
 1182.000  7.006890e-01 
 1183.000  8.212447e-01 
 1184.000  8.212447e-01 
 1185.000  8.514680e-01 
 1186.000  8.514680e-01 
 1187.000  7.431638e-01 
 1188.000  7.431638e-01 
 1189.000  7.431638e-01 
 1190.000  8.314059e-01 
 1191.000  8.314059e-01 
 1192.000  9.108046e-01 
 1193.000  9.108046e-01 
 1194.000  8.528820e-01 
 1195.000  8.528820e-01 
 1196.000  8.671311e-01 
 1197.000  8.671311e-01 
 1198.000  8.131184e-01 
 1199.000  8.131184e-01 
 1200.000  8.179169e-01 
