  250.000  0.000000e+00 
  251.000  0.000000e+00 
  252.000  0.000000e+00 
  253.000  0.000000e+00 
  254.000  0.000000e+00 
  255.000  0.000000e+00 
  256.000  0.000000e+00 
  257.000  0.000000e+00 
  258.000  0.000000e+00 
  259.000  0.000000e+00 
  260.000  0.000000e+00 
  261.000  0.000000e+00 
  262.000  0.000000e+00 
  263.000  0.000000e+00 
  264.000  0.000000e+00 
  265.000  0.000000e+00 
  266.000  0.000000e+00 
  267.000  0.000000e+00 
  268.000  0.000000e+00 
  269.000  0.000000e+00 
  270.000  0.000000e+00 
  271.000  0.000000e+00 
  272.000  0.000000e+00 
  273.000  0.000000e+00 
  274.000  0.000000e+00 
  275.000  0.000000e+00 
  276.000  0.000000e+00 
  277.000  0.000000e+00 
  278.000  0.000000e+00 
  279.000  0.000000e+00 
  280.000  0.000000e+00 
  281.000  0.000000e+00 
  282.000  0.000000e+00 
  283.000  0.000000e+00 
  284.000  0.000000e+00 
  285.000  0.000000e+00 
  286.000  0.000000e+00 
  287.000  0.000000e+00 
  288.000  0.000000e+00 
  289.000  0.000000e+00 
  290.000  0.000000e+00 
  291.000  0.000000e+00 
  292.000  1.433802e-12 
  293.000  1.873802e-11 
  294.000  3.449621e-10 
  295.000  2.262692e-09 
  296.000  3.149957e-08 
  297.000  1.535428e-07 
  298.000  1.019020e-06 
  299.000  3.709169e-06 
  300.000  1.409758e-05 
  301.000  4.217531e-05 
  302.000  1.050797e-04 
  303.000  3.130696e-04 
  304.000  4.714442e-04 
  305.000  1.145756e-03 
  306.000  1.883728e-03 
  307.000  3.465923e-03 
  308.000  5.123949e-03 
  309.000  7.370040e-03 
  310.000  1.188241e-02 
  311.000  1.440850e-02 
  312.000  1.901151e-02 
  313.000  2.546619e-02 
  314.000  2.863736e-02 
  315.000  3.825219e-02 
  316.000  4.120473e-02 
  317.000  4.992722e-02 
  318.000  5.561507e-02 
  319.000  7.168549e-02 
  320.000  6.165135e-02 
  321.000  8.718625e-02 
  322.000  7.697019e-02 
  323.000  8.979406e-02 
  324.000  1.094818e-01 
  325.000  9.617579e-02 
  326.000  1.165015e-01 
  327.000  1.236676e-01 
  328.000  1.133965e-01 
  329.000  1.383246e-01 
  330.000  1.433597e-01 
  331.000  1.331140e-01 
  332.000  1.515643e-01 
  333.000  1.561955e-01 
  334.000  1.540484e-01 
  335.000  1.667147e-01 
  336.000  1.722876e-01 
  337.000  1.696658e-01 
  338.000  1.784101e-01 
  339.000  1.850340e-01 
  340.000  1.846097e-01 
  341.000  1.920305e-01 
  342.000  1.974304e-01 
  343.000  2.010744e-01 
  344.000  2.005777e-01 
  345.000  2.089560e-01 
  346.000  2.134650e-01 
  347.000  2.174978e-01 
  348.000  2.216288e-01 
  349.000  2.266161e-01 
  350.000  2.305762e-01 
  351.000  2.353036e-01 
  352.000  2.391800e-01 
  353.000  2.438530e-01 
  354.000  2.473356e-01 
  355.000  2.510782e-01 
  356.000  2.557472e-01 
  357.000  2.588857e-01 
  358.000  2.622346e-01 
  359.000  2.655065e-01 
  360.000  2.688046e-01 
  361.000  2.724528e-01 
  362.000  2.781241e-01 
  363.000  2.830651e-01 
  364.000  2.879677e-01 
  365.000  2.921662e-01 
  366.000  2.966607e-01 
  367.000  3.009212e-01 
  368.000  3.050309e-01 
  369.000  3.084679e-01 
  370.000  3.126166e-01 
  371.000  3.169756e-01 
  372.000  3.207422e-01 
  373.000  3.251989e-01 
  374.000  3.295058e-01 
  375.000  3.329957e-01 
  376.000  3.367418e-01 
  377.000  3.408441e-01 
  378.000  3.439759e-01 
  379.000  3.474188e-01 
  380.000  3.508737e-01 
  381.000  3.546420e-01 
  382.000  3.598188e-01 
  383.000  3.651315e-01 
  384.000  3.688290e-01 
  385.000  3.734666e-01 
  386.000  3.771456e-01 
  387.000  3.815271e-01 
  388.000  3.849936e-01 
  389.000  3.885201e-01 
  390.000  3.929482e-01 
  391.000  3.965797e-01 
  392.000  3.997436e-01 
  393.000  4.047759e-01 
  394.000  4.083521e-01 
  395.000  4.118502e-01 
  396.000  4.163029e-01 
  397.000  4.202482e-01 
  398.000  4.231912e-01 
  399.000  4.269546e-01 
  400.000  4.303978e-01 
  401.000  4.347777e-01 
  402.000  4.386472e-01 
  403.000  4.426795e-01 
  404.000  4.455408e-01 
  405.000  4.493831e-01 
  406.000  4.528742e-01 
  407.000  4.574614e-01 
  408.000  4.599217e-01 
  409.000  4.633618e-01 
  410.000  4.668761e-01 
  411.000  4.708959e-01 
  412.000  4.749305e-01 
  413.000  4.773493e-01 
  414.000  4.815846e-01 
  415.000  4.849642e-01 
  416.000  4.892096e-01 
  417.000  4.918191e-01 
  418.000  4.948527e-01 
  419.000  4.990545e-01 
  420.000  5.019828e-01 
  421.000  5.053177e-01 
  422.000  5.080684e-01 
  423.000  5.117635e-01 
  424.000  5.147516e-01 
  425.000  5.189967e-01 
  426.000  5.221215e-01 
  427.000  5.252836e-01 
  428.000  5.281610e-01 
  429.000  5.319660e-01 
  430.000  5.352797e-01 
  431.000  5.367913e-01 
  432.000  5.412551e-01 
  433.000  5.445315e-01 
  434.000  5.467562e-01 
  435.000  5.492008e-01 
  436.000  5.527678e-01 
  437.000  5.574698e-01 
  438.000  5.599447e-01 
  439.000  5.611041e-01 
  440.000  5.646468e-01 
  441.000  5.676546e-01 
  442.000  5.713724e-01 
  443.000  5.734113e-01 
  444.000  5.763080e-01 
  445.000  5.773666e-01 
  446.000  5.807655e-01 
  447.000  5.844885e-01 
  448.000  5.852632e-01 
  449.000  5.897852e-01 
  450.000  5.937299e-01 
  451.000  5.962040e-01 
  452.000  5.982310e-01 
  453.000  6.012164e-01 
  454.000  6.052338e-01 
  455.000  6.067730e-01 
  456.000  6.091574e-01 
  457.000  6.118365e-01 
  458.000  6.138893e-01 
  459.000  6.162094e-01 
  460.000  6.178601e-01 
  461.000  6.204123e-01 
  462.000  6.238557e-01 
  463.000  6.243820e-01 
  464.000  6.277305e-01 
  465.000  6.300736e-01 
  466.000  6.343448e-01 
  467.000  6.359111e-01 
  468.000  6.384094e-01 
  469.000  6.403136e-01 
  470.000  6.425512e-01 
  471.000  6.450364e-01 
  472.000  6.459371e-01 
  473.000  6.463150e-01 
  474.000  6.448755e-01 
  475.000  6.444671e-01 
  476.000  6.448743e-01 
  477.000  6.456707e-01 
  478.000  6.469746e-01 
  479.000  6.497032e-01 
  480.000  6.534215e-01 
  481.000  6.589282e-01 
  482.000  6.633477e-01 
  483.000  6.672640e-01 
  484.000  6.693612e-01 
  485.000  6.709149e-01 
  486.000  6.723157e-01 
  487.000  6.754085e-01 
  488.000  6.771264e-01 
  489.000  6.785339e-01 
  490.000  6.816856e-01 
  491.000  6.835597e-01 
  492.000  6.854312e-01 
  493.000  6.872880e-01 
  494.000  6.886503e-01 
  495.000  6.900659e-01 
  496.000  6.910914e-01 
  497.000  6.926865e-01 
  498.000  6.938322e-01 
  499.000  6.953274e-01 
  500.000  6.964128e-01 
  501.000  6.964177e-01 
  502.000  6.951475e-01 
  503.000  6.938176e-01 
  504.000  6.904262e-01 
  505.000  6.956457e-01 
  506.000  6.969831e-01 
  507.000  6.975003e-01 
  508.000  7.022043e-01 
  509.000  7.043093e-01 
  510.000  7.072740e-01 
  511.000  7.091530e-01 
  512.000  7.105436e-01 
  513.000  7.135673e-01 
  514.000  7.147624e-01 
  515.000  7.169977e-01 
  516.000  7.179222e-01 
  517.000  7.195690e-01 
  518.000  7.199768e-01 
  519.000  7.210984e-01 
  520.000  7.216435e-01 
  521.000  7.228868e-01 
  522.000  7.232311e-01 
  523.000  7.237574e-01 
  524.000  7.240605e-01 
  525.000  7.234796e-01 
  526.000  7.236738e-01 
  527.000  7.234861e-01 
  528.000  7.232087e-01 
  529.000  7.228467e-01 
  530.000  7.227679e-01 
  531.000  7.234318e-01 
  532.000  7.240153e-01 
  533.000  7.249909e-01 
  534.000  7.262887e-01 
  535.000  7.270915e-01 
  536.000  7.285119e-01 
  537.000  7.300392e-01 
  538.000  7.308996e-01 
  539.000  7.314139e-01 
  540.000  7.325685e-01 
  541.000  7.303959e-01 
  542.000  7.320162e-01 
  543.000  7.342669e-01 
  544.000  7.351926e-01 
  545.000  7.343711e-01 
  546.000  7.337459e-01 
  547.000  7.363130e-01 
  548.000  7.389396e-01 
  549.000  7.394716e-01 
  550.000  7.405706e-01 
  551.000  7.418961e-01 
  552.000  7.423881e-01 
  553.000  7.431695e-01 
  554.000  7.439074e-01 
  555.000  7.445036e-01 
  556.000  7.441335e-01 
  557.000  7.434130e-01 
  558.000  7.428619e-01 
  559.000  7.421180e-01 
  560.000  7.414089e-01 
  561.000  7.408603e-01 
  562.000  7.405232e-01 
  563.000  7.397696e-01 
  564.000  7.389737e-01 
  565.000  7.382354e-01 
  566.000  7.377844e-01 
  567.000  7.364324e-01 
  568.000  7.348435e-01 
  569.000  7.270360e-01 
  570.000  7.253143e-01 
  571.000  7.262131e-01 
  572.000  7.215601e-01 
  573.000  7.224377e-01 
  574.000  7.195331e-01 
  575.000  7.204778e-01 
  576.000  7.200170e-01 
  577.000  7.203760e-01 
  578.000  7.247107e-01 
  579.000  7.277945e-01 
  580.000  7.307192e-01 
  581.000  7.353206e-01 
  582.000  7.395130e-01 
  583.000  7.433745e-01 
  584.000  7.487518e-01 
  585.000  7.504749e-01 
  586.000  7.530528e-01 
  587.000  7.533153e-01 
  588.000  7.516413e-01 
  589.000  7.303678e-01 
  590.000  7.295508e-01 
  591.000  7.388356e-01 
  592.000  7.230327e-01 
  593.000  7.515550e-01 
  594.000  7.369691e-01 
  595.000  7.447598e-01 
  596.000  7.495567e-01 
  597.000  7.493382e-01 
  598.000  7.501604e-01 
  599.000  7.555086e-01 
  600.000  7.583849e-01 
  601.000  7.618410e-01 
  602.000  7.638513e-01 
  603.000  7.647477e-01 
  604.000  7.663683e-01 
  605.000  7.674184e-01 
  606.000  7.696196e-01 
  607.000  7.715263e-01 
  608.000  7.738342e-01 
  609.000  7.747789e-01 
  610.000  7.766617e-01 
  611.000  7.781742e-01 
  612.000  7.804218e-01 
  613.000  7.822507e-01 
  614.000  7.835724e-01 
  615.000  7.850921e-01 
  616.000  7.872224e-01 
  617.000  7.887148e-01 
  618.000  7.896768e-01 
  619.000  7.910465e-01 
  620.000  7.921351e-01 
  621.000  7.927878e-01 
  622.000  7.930475e-01 
  623.000  7.933950e-01 
  624.000  7.934236e-01 
  625.000  7.935745e-01 
  626.000  7.930883e-01 
  627.000  7.920433e-01 
  628.000  7.527730e-01 
  629.000  7.740682e-01 
  630.000  7.795159e-01 
  631.000  7.923594e-01 
  632.000  7.964903e-01 
  633.000  8.004342e-01 
  634.000  8.046302e-01 
  635.000  8.066683e-01 
  636.000  8.102530e-01 
  637.000  8.150819e-01 
  638.000  8.195891e-01 
  639.000  8.226284e-01 
  640.000  8.249523e-01 
  641.000  8.273816e-01 
  642.000  8.306531e-01 
  643.000  8.311257e-01 
  644.000  8.335284e-01 
  645.000  8.339644e-01 
  646.000  8.279288e-01 
  647.000  8.180680e-01 
  648.000  8.069663e-01 
  649.000  8.193743e-01 
  650.000  8.381491e-01 
  651.000  8.407547e-01 
  652.000  8.346205e-01 
  653.000  8.425758e-01 
  654.000  8.433886e-01 
  655.000  8.254049e-01 
  656.000  8.391324e-01 
  657.000  8.436533e-01 
  658.000  8.512481e-01 
  659.000  8.560783e-01 
  660.000  8.555871e-01 
  661.000  8.590329e-01 
  662.000  8.592501e-01 
  663.000  8.600577e-01 
  664.000  8.618928e-01 
  665.000  8.629086e-01 
  666.000  8.644218e-01 
  667.000  8.663983e-01 
  668.000  8.672980e-01 
  669.000  8.687953e-01 
  670.000  8.697230e-01 
  671.000  8.715221e-01 
  672.000  8.719150e-01 
  673.000  8.734272e-01 
  674.000  8.740019e-01 
  675.000  8.755612e-01 
  676.000  8.760198e-01 
  677.000  8.768594e-01 
  678.000  8.782070e-01 
  679.000  8.789124e-01 
  680.000  8.802666e-01 
  681.000  8.806160e-01 
  682.000  8.826631e-01 
  683.000  8.823788e-01 
  684.000  8.837753e-01 
  685.000  8.854124e-01 
  686.000  8.860669e-01 
  687.000  4.862894e-01 
  688.000  6.752123e-01 
  689.000  7.326930e-01 
  690.000  7.682202e-01 
  691.000  8.031368e-01 
  692.000  8.499356e-01 
  693.000  8.297784e-01 
  694.000  8.035443e-01 
  695.000  8.443999e-01 
  696.000  8.382708e-01 
  697.000  8.885463e-01 
  698.000  8.877301e-01 
  699.000  8.636603e-01 
  700.000  8.660495e-01 
  701.000  8.488407e-01 
  702.000  8.554807e-01 
  703.000  8.638506e-01 
  704.000  8.695423e-01 
  705.000  8.708321e-01 
  706.000  8.812221e-01 
  707.000  8.877005e-01 
  708.000  8.922575e-01 
  709.000  8.937451e-01 
  710.000  8.916693e-01 
  711.000  8.984375e-01 
  712.000  8.961295e-01 
  713.000  9.000270e-01 
  714.000  8.974515e-01 
  715.000  8.819320e-01 
  716.000  8.865714e-01 
  717.000  8.262962e-01 
  718.000  7.187772e-01 
  719.000  6.706278e-01 
  720.000  7.246268e-01 
  721.000  8.609452e-01 
  722.000  8.612970e-01 
  723.000  8.496162e-01 
  724.000  7.254754e-01 
  725.000  7.414249e-01 
  726.000  8.107569e-01 
  727.000  7.803312e-01 
  728.000  7.222278e-01 
  729.000  7.491980e-01 
  730.000  8.212924e-01 
  731.000  7.841197e-01 
  732.000  7.995360e-01 
  733.000  8.597998e-01 
  734.000  8.971525e-01 
  735.000  8.722932e-01 
  736.000  8.910102e-01 
  737.000  8.903945e-01 
  738.000  8.996809e-01 
  739.000  9.008209e-01 
  740.000  9.136102e-01 
  741.000  9.206567e-01 
  742.000  9.225762e-01 
  743.000  9.224018e-01 
  744.000  9.244825e-01 
  745.000  9.266141e-01 
  746.000  9.280632e-01 
  747.000  9.281378e-01 
  748.000  9.287222e-01 
  749.000  9.290522e-01 
  750.000  9.296408e-01 
  751.000  9.297978e-01 
  752.000  9.312964e-01 
  753.000  9.316662e-01 
  754.000  9.319887e-01 
  755.000  9.323158e-01 
  756.000  9.325281e-01 
  757.000  9.333553e-01 
  758.000  9.342089e-01 
  759.000  9.099120e-01 
  760.000  1.530915e-01 
  761.000  7.218783e-02 
  762.000  4.761922e-01 
  763.000  3.445678e-01 
  764.000  4.146339e-01 
  765.000  5.779736e-01 
  766.000  7.337134e-01 
  767.000  7.897934e-01 
  768.000  8.908671e-01 
  769.000  9.173326e-01 
  770.000  9.181319e-01 
  771.000  9.330657e-01 
  772.000  9.387221e-01 
  773.000  9.388946e-01 
  774.000  9.389454e-01 
  775.000  9.391991e-01 
  776.000  9.395344e-01 
  777.000  9.400264e-01 
  778.000  9.403117e-01 
  779.000  9.405580e-01 
  780.000  9.407634e-01 
  781.000  9.413741e-01 
  782.000  9.416358e-01 
  783.000  9.421101e-01 
  784.000  9.412657e-01 
  785.000  9.406646e-01 
  786.000  9.367888e-01 
  787.000  9.342560e-01 
  788.000  9.253755e-01 
  789.000  9.264675e-01 
  790.000  9.095817e-01 
  791.000  9.134357e-01 
  792.000  9.193501e-01 
  793.000  9.249780e-01 
  794.000  9.442151e-01 
  795.000  9.360060e-01 
  796.000  8.950853e-01 
  797.000  9.242870e-01 
  798.000  9.286835e-01 
  799.000  9.344046e-01 
  800.000  9.176269e-01 
  801.000  9.093896e-01 
  802.000  9.198289e-01 
  803.000  9.181290e-01 
  804.000  9.178383e-01 
  805.000  9.237999e-01 
  806.000  9.401432e-01 
  807.000  9.314637e-01 
  808.000  9.407661e-01 
  809.000  9.266967e-01 
  810.000  9.182712e-01 
  811.000  9.171686e-01 
  812.000  9.002264e-01 
  813.000  8.660128e-01 
  814.000  8.165723e-01 
  815.000  7.710359e-01 
  816.000  8.085013e-01 
  817.000  6.620210e-01 
  818.000  7.757573e-01 
  819.000  8.013709e-01 
  820.000  7.678740e-01 
  821.000  9.147461e-01 
  822.000  8.843789e-01 
  823.000  6.260777e-01 
  824.000  8.474100e-01 
  825.000  8.969462e-01 
  826.000  8.506272e-01 
  827.000  8.951142e-01 
  828.000  7.823906e-01 
  829.000  8.666196e-01 
  830.000  8.505642e-01 
  831.000  8.608913e-01 
  832.000  8.457952e-01 
  833.000  8.932996e-01 
  834.000  8.917651e-01 
  835.000  9.140168e-01 
  836.000  9.138927e-01 
  837.000  9.142367e-01 
  838.000  9.296469e-01 
  839.000  9.398894e-01 
  840.000  9.407341e-01 
  841.000  9.407341e-01 
  842.000  9.278311e-01 
  843.000  9.540424e-01 
  844.000  9.401326e-01 
  845.000  9.511120e-01 
  846.000  9.544058e-01 
  847.000  9.571195e-01 
  848.000  9.535158e-01 
  849.000  9.552513e-01 
  850.000  9.544226e-01 
  851.000  9.522601e-01 
  852.000  9.572451e-01 
  853.000  9.593284e-01 
  854.000  9.580505e-01 
  855.000  9.580505e-01 
  856.000  9.595255e-01 
  857.000  9.626659e-01 
  858.000  9.599474e-01 
  859.000  9.617621e-01 
  860.000  9.636739e-01 
  861.000  9.629822e-01 
  862.000  9.639701e-01 
  863.000  9.634759e-01 
  864.000  9.646440e-01 
  865.000  9.646440e-01 
  866.000  9.646284e-01 
  867.000  9.649518e-01 
  868.000  9.648768e-01 
  869.000  9.650974e-01 
  870.000  9.652210e-01 
  871.000  9.655481e-01 
  872.000  9.658097e-01 
  873.000  9.656875e-01 
  874.000  9.656875e-01 
  875.000  9.663188e-01 
  876.000  9.664575e-01 
  877.000  9.663548e-01 
  878.000  9.661119e-01 
  879.000  9.660867e-01 
  880.000  9.669002e-01 
  881.000  9.669002e-01 
  882.000  9.650719e-01 
  883.000  9.658420e-01 
  884.000  9.659843e-01 
  885.000  9.663487e-01 
  886.000  9.564427e-01 
  887.000  9.655532e-01 
  888.000  9.655532e-01 
  889.000  9.628526e-01 
  890.000  9.585605e-01 
  891.000  9.650593e-01 
  892.000  9.560561e-01 
  893.000  9.266988e-01 
  894.000  9.266988e-01 
  895.000  8.863460e-01 
  896.000  8.408362e-01 
  897.000  7.155795e-01 
  898.000  8.273034e-01 
  899.000  6.393856e-01 
  900.000  6.393856e-01 
  901.000  6.812559e-01 
  902.000  7.317373e-01 
  903.000  7.805830e-01 
  904.000  8.991001e-01 
  905.000  8.816012e-01 
  906.000  8.816012e-01 
  907.000  7.315981e-01 
  908.000  7.201639e-01 
  909.000  7.175808e-01 
  910.000  6.822142e-01 
  911.000  6.822142e-01 
  912.000  8.082660e-01 
  913.000  7.410616e-01 
  914.000  7.088956e-01 
  915.000  6.585547e-01 
  916.000  6.585547e-01 
  917.000  8.009126e-01 
  918.000  6.736566e-01 
  919.000  7.864742e-01 
  920.000  8.924831e-01 
  921.000  8.924831e-01 
  922.000  8.558989e-01 
  923.000  8.584873e-01 
  924.000  8.107337e-01 
  925.000  8.107337e-01 
  926.000  8.349966e-01 
  927.000  8.453685e-01 
  928.000  6.683492e-01 
  929.000  6.250015e-01 
  930.000  6.250015e-01 
  931.000  4.849181e-01 
  932.000  3.040940e-01 
  933.000  2.810751e-01 
  934.000  2.810751e-01 
  935.000  2.906516e-01 
  936.000  2.613296e-01 
  937.000  2.170355e-01 
  938.000  2.170355e-01 
  939.000  3.721377e-01 
  940.000  5.200581e-01 
  941.000  4.655308e-01 
  942.000  4.655308e-01 
  943.000  3.585603e-01 
  944.000  3.654206e-01 
  945.000  4.454575e-01 
  946.000  4.454575e-01 
  947.000  3.654675e-01 
  948.000  4.067997e-01 
  949.000  4.588113e-01 
  950.000  4.588113e-01 
  951.000  5.093707e-01 
  952.000  3.367191e-01 
  953.000  5.164350e-01 
  954.000  5.164350e-01 
  955.000  5.103225e-01 
  956.000  3.928871e-01 
  957.000  5.904678e-01 
  958.000  5.904678e-01 
  959.000  4.428168e-01 
  960.000  5.350458e-01 
  961.000  5.350458e-01 
  962.000  6.060476e-01 
  963.000  6.619110e-01 
  964.000  5.595635e-01 
  965.000  5.595635e-01 
  966.000  6.378371e-01 
  967.000  7.671344e-01 
  968.000  7.671344e-01 
  969.000  7.983745e-01 
  970.000  8.465071e-01 
  971.000  8.750342e-01 
  972.000  8.750342e-01 
  973.000  8.388383e-01 
  974.000  7.300273e-01 
  975.000  7.300273e-01 
  976.000  7.161793e-01 
  977.000  8.263216e-01 
  978.000  8.061474e-01 
  979.000  8.061474e-01 
  980.000  8.075949e-01 
  981.000  9.153446e-01 
  982.000  9.153446e-01 
  983.000  8.808976e-01 
  984.000  9.131003e-01 
  985.000  9.131003e-01 
  986.000  9.577471e-01 
  987.000  9.416181e-01 
  988.000  9.416181e-01 
  989.000  9.689614e-01 
  990.000  9.569434e-01 
  991.000  9.569434e-01 
  992.000  9.667622e-01 
  993.000  9.643254e-01 
  994.000  9.643254e-01 
  995.000  9.766633e-01 
  996.000  9.770160e-01 
  997.000  9.770160e-01 
  998.000  9.773344e-01 
  999.000  9.761897e-01 
 1000.000  9.761897e-01 
 1001.000  9.766127e-01 
 1002.000  9.620950e-01 
 1003.000  9.620950e-01 
 1004.000  9.770736e-01 
 1005.000  9.780796e-01 
 1006.000  9.780796e-01 
 1007.000  9.786655e-01 
 1008.000  9.751877e-01 
 1009.000  9.751877e-01 
 1010.000  9.652919e-01 
 1011.000  9.786998e-01 
 1012.000  9.786998e-01 
 1013.000  9.792368e-01 
 1014.000  9.789430e-01 
 1015.000  9.789430e-01 
 1016.000  9.798473e-01 
 1017.000  9.786314e-01 
 1018.000  9.786314e-01 
 1019.000  9.777474e-01 
 1020.000  9.803064e-01 
 1021.000  9.803064e-01 
 1022.000  9.780415e-01 
 1023.000  9.780415e-01 
 1024.000  9.771663e-01 
 1025.000  9.803321e-01 
 1026.000  9.803321e-01 
 1027.000  9.789498e-01 
 1028.000  9.805812e-01 
 1029.000  9.805812e-01 
 1030.000  9.812354e-01 
 1031.000  9.812122e-01 
 1032.000  9.812122e-01 
 1033.000  9.812521e-01 
 1034.000  9.812521e-01 
 1035.000  9.816369e-01 
 1036.000  9.807169e-01 
 1037.000  9.807169e-01 
 1038.000  9.806140e-01 
 1039.000  9.795555e-01 
 1040.000  9.795555e-01 
 1041.000  9.788357e-01 
 1042.000  9.788357e-01 
 1043.000  9.779136e-01 
 1044.000  9.764855e-01 
 1045.000  9.764855e-01 
 1046.000  9.745055e-01 
 1047.000  9.745055e-01 
 1048.000  9.725204e-01 
 1049.000  9.686001e-01 
 1050.000  9.686001e-01 
 1051.000  9.667580e-01 
 1052.000  9.667580e-01 
 1053.000  9.640357e-01 
 1054.000  9.617156e-01 
 1055.000  9.617156e-01 
 1056.000  9.590018e-01 
 1057.000  9.590018e-01 
 1058.000  9.566063e-01 
 1059.000  9.542498e-01 
 1060.000  9.542498e-01 
 1061.000  9.527498e-01 
 1062.000  9.527498e-01 
 1063.000  9.498222e-01 
 1064.000  9.480278e-01 
 1065.000  9.480278e-01 
 1066.000  9.510605e-01 
 1067.000  9.510605e-01 
 1068.000  9.493068e-01 
 1069.000  9.497574e-01 
 1070.000  9.497574e-01 
 1071.000  9.540638e-01 
 1072.000  9.540638e-01 
 1073.000  9.568732e-01 
 1074.000  9.568732e-01 
 1075.000  9.478259e-01 
 1076.000  9.477168e-01 
 1077.000  9.477168e-01 
 1078.000  9.601050e-01 
 1079.000  9.601050e-01 
 1080.000  9.489759e-01 
 1081.000  9.489759e-01 
 1082.000  9.577364e-01 
 1083.000  9.473499e-01 
 1084.000  9.473499e-01 
 1085.000  9.343279e-01 
 1086.000  9.343279e-01 
 1087.000  9.569317e-01 
 1088.000  9.569317e-01 
 1089.000  9.473372e-01 
 1090.000  9.436005e-01 
 1091.000  9.436005e-01 
 1092.000  9.205330e-01 
 1093.000  9.205330e-01 
 1094.000  9.229743e-01 
 1095.000  9.229743e-01 
 1096.000  9.151390e-01 
 1097.000  9.151390e-01 
 1098.000  8.898551e-01 
 1099.000  8.251977e-01 
 1100.000  8.251977e-01 
 1101.000  8.306969e-01 
 1102.000  8.306969e-01 
 1103.000  8.023398e-01 
 1104.000  8.023398e-01 
 1105.000  7.787544e-01 
 1106.000  7.787544e-01 
 1107.000  7.782552e-01 
 1108.000  7.782552e-01 
 1109.000  7.200429e-01 
 1110.000  6.793102e-01 
 1111.000  6.793102e-01 
 1112.000  6.336011e-01 
 1113.000  6.336011e-01 
 1114.000  5.223319e-01 
 1115.000  5.223319e-01 
 1116.000  2.838754e-01 
 1117.000  2.838754e-01 
 1118.000  3.748348e-01 
 1119.000  3.748348e-01 
 1120.000  3.011688e-01 
 1121.000  3.011688e-01 
 1122.000  1.524393e-01 
 1123.000  3.442788e-01 
 1124.000  3.442788e-01 
 1125.000  1.745802e-01 
 1126.000  1.745802e-01 
 1127.000  2.248629e-01 
 1128.000  2.248629e-01 
 1129.000  2.083073e-01 
 1130.000  2.083073e-01 
 1131.000  5.132163e-01 
 1132.000  5.132163e-01 
 1133.000  2.102278e-01 
 1134.000  2.102278e-01 
 1135.000  1.209613e-01 
 1136.000  1.209613e-01 
 1137.000  5.013139e-01 
 1138.000  5.013139e-01 
 1139.000  4.760067e-01 
 1140.000  4.760067e-01 
 1141.000  4.458877e-01 
 1142.000  4.458877e-01 
 1143.000  4.823325e-01 
 1144.000  4.823325e-01 
 1145.000  2.485468e-01 
 1146.000  2.485468e-01 
 1147.000  2.465776e-01 
 1148.000  2.465776e-01 
 1149.000  3.908844e-01 
 1150.000  3.908844e-01 
 1151.000  4.605394e-01 
 1152.000  4.605394e-01 
 1153.000  4.171139e-01 
 1154.000  4.171139e-01 
 1155.000  4.678106e-01 
 1156.000  4.678106e-01 
 1157.000  5.876322e-01 
 1158.000  5.876322e-01 
 1159.000  6.847823e-01 
 1160.000  6.847823e-01 
 1161.000  6.605518e-01 
 1162.000  6.605518e-01 
 1163.000  7.664704e-01 
 1164.000  7.664704e-01 
 1165.000  7.323975e-01 
 1166.000  7.323975e-01 
 1167.000  8.030983e-01 
 1168.000  8.030983e-01 
 1169.000  8.310886e-01 
 1170.000  8.310886e-01 
 1171.000  8.459054e-01 
 1172.000  8.459054e-01 
 1173.000  7.325822e-01 
 1174.000  7.325822e-01 
 1175.000  9.133171e-01 
 1176.000  9.133171e-01 
 1177.000  8.017647e-01 
 1178.000  8.017647e-01 
 1179.000  8.894327e-01 
 1180.000  8.894327e-01 
 1181.000  7.366695e-01 
 1182.000  7.366695e-01 
 1183.000  8.465604e-01 
 1184.000  8.465604e-01 
 1185.000  8.770119e-01 
 1186.000  8.770119e-01 
 1187.000  7.747102e-01 
 1188.000  7.747102e-01 
 1189.000  7.747102e-01 
 1190.000  8.556193e-01 
 1191.000  8.556193e-01 
 1192.000  9.264266e-01 
 1193.000  9.264266e-01 
 1194.000  8.740386e-01 
 1195.000  8.740386e-01 
 1196.000  8.908075e-01 
 1197.000  8.908075e-01 
 1198.000  8.411890e-01 
 1199.000  8.411890e-01 
 1200.000  8.431497e-01 
