  250.000  0.000000e+00 
  251.000  0.000000e+00 
  252.000  0.000000e+00 
  253.000  0.000000e+00 
  254.000  0.000000e+00 
  255.000  0.000000e+00 
  256.000  0.000000e+00 
  257.000  0.000000e+00 
  258.000  0.000000e+00 
  259.000  0.000000e+00 
  260.000  0.000000e+00 
  261.000  0.000000e+00 
  262.000  0.000000e+00 
  263.000  0.000000e+00 
  264.000  0.000000e+00 
  265.000  0.000000e+00 
  266.000  0.000000e+00 
  267.000  0.000000e+00 
  268.000  0.000000e+00 
  269.000  0.000000e+00 
  270.000  0.000000e+00 
  271.000  0.000000e+00 
  272.000  0.000000e+00 
  273.000  0.000000e+00 
  274.000  0.000000e+00 
  275.000  0.000000e+00 
  276.000  0.000000e+00 
  277.000  0.000000e+00 
  278.000  0.000000e+00 
  279.000  0.000000e+00 
  280.000  0.000000e+00 
  281.000  0.000000e+00 
  282.000  0.000000e+00 
  283.000  0.000000e+00 
  284.000  0.000000e+00 
  285.000  0.000000e+00 
  286.000  0.000000e+00 
  287.000  0.000000e+00 
  288.000  0.000000e+00 
  289.000  0.000000e+00 
  290.000  0.000000e+00 
  291.000  0.000000e+00 
  292.000  3.781898e-11 
  293.000  3.630750e-10 
  294.000  4.712360e-09 
  295.000  2.466437e-08 
  296.000  2.503270e-07 
  297.000  1.008978e-06 
  298.000  5.335810e-06 
  299.000  1.663272e-05 
  300.000  5.385760e-05 
  301.000  1.412704e-04 
  302.000  3.154543e-04 
  303.000  8.244491e-04 
  304.000  1.182003e-03 
  305.000  2.582267e-03 
  306.000  3.999595e-03 
  307.000  6.839754e-03 
  308.000  9.648330e-03 
  309.000  1.328536e-02 
  310.000  2.022627e-02 
  311.000  2.396538e-02 
  312.000  3.058683e-02 
  313.000  3.955927e-02 
  314.000  4.386327e-02 
  315.000  5.658971e-02 
  316.000  6.041619e-02 
  317.000  7.153800e-02 
  318.000  7.866278e-02 
  319.000  9.835115e-02 
  320.000  8.612901e-02 
  321.000  1.168407e-01 
  322.000  1.047041e-01 
  323.000  1.199107e-01 
  324.000  1.427647e-01 
  325.000  1.273790e-01 
  326.000  1.507897e-01 
  327.000  1.589225e-01 
  328.000  1.472473e-01 
  329.000  1.753846e-01 
  330.000  1.809905e-01 
  331.000  1.695575e-01 
  332.000  1.900752e-01 
  333.000  1.951769e-01 
  334.000  1.928138e-01 
  335.000  2.066983e-01 
  336.000  2.127667e-01 
  337.000  2.099148e-01 
  338.000  2.194063e-01 
  339.000  2.265590e-01 
  340.000  2.261017e-01 
  341.000  2.340808e-01 
  342.000  2.398636e-01 
  343.000  2.437552e-01 
  344.000  2.432253e-01 
  345.000  2.521438e-01 
  346.000  2.569256e-01 
  347.000  2.611922e-01 
  348.000  2.655529e-01 
  349.000  2.708045e-01 
  350.000  2.749646e-01 
  351.000  2.799195e-01 
  352.000  2.839735e-01 
  353.000  2.888502e-01 
  354.000  2.924774e-01 
  355.000  2.963684e-01 
  356.000  3.012130e-01 
  357.000  3.044634e-01 
  358.000  3.079266e-01 
  359.000  3.113050e-01 
  360.000  3.147055e-01 
  361.000  3.184610e-01 
  362.000  3.242873e-01 
  363.000  3.293518e-01 
  364.000  3.343663e-01 
  365.000  3.386526e-01 
  366.000  3.432328e-01 
  367.000  3.475669e-01 
  368.000  3.517407e-01 
  369.000  3.552259e-01 
  370.000  3.594268e-01 
  371.000  3.638335e-01 
  372.000  3.676355e-01 
  373.000  3.721270e-01 
  374.000  3.764605e-01 
  375.000  3.799671e-01 
  376.000  3.837261e-01 
  377.000  3.878369e-01 
  378.000  3.909712e-01 
  379.000  3.944127e-01 
  380.000  3.978623e-01 
  381.000  4.016199e-01 
  382.000  4.067746e-01 
  383.000  4.120552e-01 
  384.000  4.157248e-01 
  385.000  4.203214e-01 
  386.000  4.239630e-01 
  387.000  4.282943e-01 
  388.000  4.317169e-01 
  389.000  4.351950e-01 
  390.000  4.395568e-01 
  391.000  4.431297e-01 
  392.000  4.462393e-01 
  393.000  4.511790e-01 
  394.000  4.546850e-01 
  395.000  4.581108e-01 
  396.000  4.624666e-01 
  397.000  4.663270e-01 
  398.000  4.691947e-01 
  399.000  4.728674e-01 
  400.000  4.762189e-01 
  401.000  4.804799e-01 
  402.000  4.842409e-01 
  403.000  4.881560e-01 
  404.000  4.909316e-01 
  405.000  4.946554e-01 
  406.000  4.980355e-01 
  407.000  5.024720e-01 
  408.000  5.048493e-01 
  409.000  5.081708e-01 
  410.000  5.115610e-01 
  411.000  5.154350e-01 
  412.000  5.193192e-01 
  413.000  5.216461e-01 
  414.000  5.257168e-01 
  415.000  5.289655e-01 
  416.000  5.330356e-01 
  417.000  5.355377e-01 
  418.000  5.384422e-01 
  419.000  5.424654e-01 
  420.000  5.452632e-01 
  421.000  5.484497e-01 
  422.000  5.510763e-01 
  423.000  5.546013e-01 
  424.000  5.574501e-01 
  425.000  5.614936e-01 
  426.000  5.644708e-01 
  427.000  5.674748e-01 
  428.000  5.702094e-01 
  429.000  5.738236e-01 
  430.000  5.769672e-01 
  431.000  5.784007e-01 
  432.000  5.826312e-01 
  433.000  5.857338e-01 
  434.000  5.878390e-01 
  435.000  5.901514e-01 
  436.000  5.935231e-01 
  437.000  5.979637e-01 
  438.000  6.002992e-01 
  439.000  6.013929e-01 
  440.000  6.047347e-01 
  441.000  6.075685e-01 
  442.000  6.111473e-01 
  443.000  6.131915e-01 
  444.000  6.157237e-01 
  445.000  6.170422e-01 
  446.000  6.202264e-01 
  447.000  6.234002e-01 
  448.000  6.241284e-01 
  449.000  6.283648e-01 
  450.000  6.320599e-01 
  451.000  6.343771e-01 
  452.000  6.362746e-01 
  453.000  6.390830e-01 
  454.000  6.428245e-01 
  455.000  6.442629e-01 
  456.000  6.464903e-01 
  457.000  6.489918e-01 
  458.000  6.509074e-01 
  459.000  6.530718e-01 
  460.000  6.546110e-01 
  461.000  6.569899e-01 
  462.000  6.601977e-01 
  463.000  6.606879e-01 
  464.000  6.638048e-01 
  465.000  6.659849e-01 
  466.000  6.699907e-01 
  467.000  6.714178e-01 
  468.000  6.737343e-01 
  469.000  6.757250e-01 
  470.000  6.779073e-01 
  471.000  6.798946e-01 
  472.000  6.807408e-01 
  473.000  6.810796e-01 
  474.000  6.797369e-01 
  475.000  6.794772e-01 
  476.000  6.797336e-01 
  477.000  6.804713e-01 
  478.000  6.816804e-01 
  479.000  6.842096e-01 
  480.000  6.876544e-01 
  481.000  6.927516e-01 
  482.000  6.968387e-01 
  483.000  7.004580e-01 
  484.000  7.023962e-01 
  485.000  7.040148e-01 
  486.000  7.052969e-01 
  487.000  7.079824e-01 
  488.000  7.095677e-01 
  489.000  7.108806e-01 
  490.000  7.137684e-01 
  491.000  7.155014e-01 
  492.000  7.172174e-01 
  493.000  7.189248e-01 
  494.000  7.201768e-01 
  495.000  7.214789e-01 
  496.000  7.224224e-01 
  497.000  7.238895e-01 
  498.000  7.249431e-01 
  499.000  7.263236e-01 
  500.000  7.273477e-01 
  501.000  7.274792e-01 
  502.000  7.272777e-01 
  503.000  7.270023e-01 
  504.000  7.264297e-01 
  505.000  7.278384e-01 
  506.000  7.301722e-01 
  507.000  7.314445e-01 
  508.000  7.341689e-01 
  509.000  7.355337e-01 
  510.000  7.375212e-01 
  511.000  7.394105e-01 
  512.000  7.406085e-01 
  513.000  7.430928e-01 
  514.000  7.442040e-01 
  515.000  7.462009e-01 
  516.000  7.470483e-01 
  517.000  7.485550e-01 
  518.000  7.489284e-01 
  519.000  7.499549e-01 
  520.000  7.504539e-01 
  521.000  7.515915e-01 
  522.000  7.519067e-01 
  523.000  7.523886e-01 
  524.000  7.528020e-01 
  525.000  7.524492e-01 
  526.000  7.523200e-01 
  527.000  7.523437e-01 
  528.000  7.519261e-01 
  529.000  7.517608e-01 
  530.000  7.515506e-01 
  531.000  7.520998e-01 
  532.000  7.526482e-01 
  533.000  7.535188e-01 
  534.000  7.547286e-01 
  535.000  7.554389e-01 
  536.000  7.567417e-01 
  537.000  7.581451e-01 
  538.000  7.589232e-01 
  539.000  7.596397e-01 
  540.000  7.608179e-01 
  541.000  7.606615e-01 
  542.000  7.613165e-01 
  543.000  7.624640e-01 
  544.000  7.633073e-01 
  545.000  7.633005e-01 
  546.000  7.637461e-01 
  547.000  7.652404e-01 
  548.000  7.667647e-01 
  549.000  7.671742e-01 
  550.000  7.683196e-01 
  551.000  7.690130e-01 
  552.000  7.695180e-01 
  553.000  7.701218e-01 
  554.000  7.707912e-01 
  555.000  7.713346e-01 
  556.000  7.709972e-01 
  557.000  7.703401e-01 
  558.000  7.698377e-01 
  559.000  7.691630e-01 
  560.000  7.685368e-01 
  561.000  7.680479e-01 
  562.000  7.677161e-01 
  563.000  7.670303e-01 
  564.000  7.662995e-01 
  565.000  7.656235e-01 
  566.000  7.652107e-01 
  567.000  7.642862e-01 
  568.000  7.629769e-01 
  569.000  7.590332e-01 
  570.000  7.566507e-01 
  571.000  7.558156e-01 
  572.000  7.536116e-01 
  573.000  7.525922e-01 
  574.000  7.507885e-01 
  575.000  7.501550e-01 
  576.000  7.502916e-01 
  577.000  7.509792e-01 
  578.000  7.537296e-01 
  579.000  7.564631e-01 
  580.000  7.588860e-01 
  581.000  7.630709e-01 
  582.000  7.671798e-01 
  583.000  7.706894e-01 
  584.000  7.759379e-01 
  585.000  7.779055e-01 
  586.000  7.803940e-01 
  587.000  7.811092e-01 
  588.000  7.821243e-01 
  589.000  7.760141e-01 
  590.000  7.767962e-01 
  591.000  7.800478e-01 
  592.000  7.747837e-01 
  593.000  7.843940e-01 
  594.000  7.799770e-01 
  595.000  7.828935e-01 
  596.000  7.842486e-01 
  597.000  7.841646e-01 
  598.000  7.843112e-01 
  599.000  7.858493e-01 
  600.000  7.865332e-01 
  601.000  7.880519e-01 
  602.000  7.896379e-01 
  603.000  7.904938e-01 
  604.000  7.914059e-01 
  605.000  7.923523e-01 
  606.000  7.943242e-01 
  607.000  7.959201e-01 
  608.000  7.980138e-01 
  609.000  7.988707e-01 
  610.000  8.005866e-01 
  611.000  8.019521e-01 
  612.000  8.039886e-01 
  613.000  8.056464e-01 
  614.000  8.068442e-01 
  615.000  8.082211e-01 
  616.000  8.101512e-01 
  617.000  8.115022e-01 
  618.000  8.123731e-01 
  619.000  8.136129e-01 
  620.000  8.145981e-01 
  621.000  8.151890e-01 
  622.000  8.154253e-01 
  623.000  8.157412e-01 
  624.000  8.158066e-01 
  625.000  8.159103e-01 
  626.000  8.155875e-01 
  627.000  8.153072e-01 
  628.000  7.829975e-01 
  629.000  7.999764e-01 
  630.000  8.032964e-01 
  631.000  8.149038e-01 
  632.000  8.200628e-01 
  633.000  8.229913e-01 
  634.000  8.270316e-01 
  635.000  8.282663e-01 
  636.000  8.323021e-01 
  637.000  8.369538e-01 
  638.000  8.398820e-01 
  639.000  8.429501e-01 
  640.000  8.447524e-01 
  641.000  8.477970e-01 
  642.000  8.498042e-01 
  643.000  8.508661e-01 
  644.000  8.525552e-01 
  645.000  8.538559e-01 
  646.000  8.528035e-01 
  647.000  8.506577e-01 
  648.000  8.474837e-01 
  649.000  8.529018e-01 
  650.000  8.599432e-01 
  651.000  8.611388e-01 
  652.000  8.602206e-01 
  653.000  8.632122e-01 
  654.000  8.649514e-01 
  655.000  8.594434e-01 
  656.000  8.647814e-01 
  657.000  8.668823e-01 
  658.000  8.702521e-01 
  659.000  8.727165e-01 
  660.000  8.729817e-01 
  661.000  8.750997e-01 
  662.000  8.754501e-01 
  663.000  8.768022e-01 
  664.000  8.777947e-01 
  665.000  8.787891e-01 
  666.000  8.799263e-01 
  667.000  8.815424e-01 
  668.000  8.823379e-01 
  669.000  8.836878e-01 
  670.000  8.844147e-01 
  671.000  8.860236e-01 
  672.000  8.863749e-01 
  673.000  8.877276e-01 
  674.000  8.882425e-01 
  675.000  8.896362e-01 
  676.000  8.900703e-01 
  677.000  8.907980e-01 
  678.000  8.920018e-01 
  679.000  8.926469e-01 
  680.000  8.939314e-01 
  681.000  8.944689e-01 
  682.000  8.961368e-01 
  683.000  8.965268e-01 
  684.000  8.979559e-01 
  685.000  8.987158e-01 
  686.000  8.996512e-01 
  687.000  5.154771e-01 
  688.000  7.038895e-01 
  689.000  7.570438e-01 
  690.000  7.923518e-01 
  691.000  8.250014e-01 
  692.000  8.730479e-01 
  693.000  8.732345e-01 
  694.000  8.763366e-01 
  695.000  8.906333e-01 
  696.000  8.886768e-01 
  697.000  9.065918e-01 
  698.000  9.067125e-01 
  699.000  8.990794e-01 
  700.000  9.008027e-01 
  701.000  8.958121e-01 
  702.000  8.982916e-01 
  703.000  9.013354e-01 
  704.000  9.034573e-01 
  705.000  9.045500e-01 
  706.000  9.083811e-01 
  707.000  9.108034e-01 
  708.000  9.126526e-01 
  709.000  9.135150e-01 
  710.000  9.131460e-01 
  711.000  9.158870e-01 
  712.000  9.154348e-01 
  713.000  9.171337e-01 
  714.000  9.164488e-01 
  715.000  9.123293e-01 
  716.000  9.141549e-01 
  717.000  8.949125e-01 
  718.000  8.456383e-01 
  719.000  8.032187e-01 
  720.000  8.570020e-01 
  721.000  9.079930e-01 
  722.000  9.082644e-01 
  723.000  9.045073e-01 
  724.000  8.441647e-01 
  725.000  8.648995e-01 
  726.000  8.926141e-01 
  727.000  8.810095e-01 
  728.000  8.573574e-01 
  729.000  8.712584e-01 
  730.000  8.971912e-01 
  731.000  8.842034e-01 
  732.000  8.901519e-01 
  733.000  9.111423e-01 
  734.000  9.237055e-01 
  735.000  9.159245e-01 
  736.000  9.222034e-01 
  737.000  9.224107e-01 
  738.000  9.256419e-01 
  739.000  9.261872e-01 
  740.000  9.303440e-01 
  741.000  9.326678e-01 
  742.000  9.338696e-01 
  743.000  9.340261e-01 
  744.000  9.348681e-01 
  745.000  9.357101e-01 
  746.000  9.365396e-01 
  747.000  9.369264e-01 
  748.000  9.372635e-01 
  749.000  9.375607e-01 
  750.000  9.380243e-01 
  751.000  9.382908e-01 
  752.000  9.393690e-01 
  753.000  9.396669e-01 
  754.000  9.400391e-01 
  755.000  9.404287e-01 
  756.000  9.406864e-01 
  757.000  9.411238e-01 
  758.000  9.418851e-01 
  759.000  9.199060e-01 
  760.000  1.770478e-01 
  761.000  9.228060e-02 
  762.000  5.021101e-01 
  763.000  3.749921e-01 
  764.000  4.445553e-01 
  765.000  6.046786e-01 
  766.000  7.533923e-01 
  767.000  8.093799e-01 
  768.000  9.023432e-01 
  769.000  9.268805e-01 
  770.000  9.274049e-01 
  771.000  9.408554e-01 
  772.000  9.458733e-01 
  773.000  9.460263e-01 
  774.000  9.461617e-01 
  775.000  9.463221e-01 
  776.000  9.465945e-01 
  777.000  9.470305e-01 
  778.000  9.472839e-01 
  779.000  9.475037e-01 
  780.000  9.476869e-01 
  781.000  9.482285e-01 
  782.000  9.486194e-01 
  783.000  9.489315e-01 
  784.000  9.488714e-01 
  785.000  9.488906e-01 
  786.000  9.479191e-01 
  787.000  9.475209e-01 
  788.000  9.447592e-01 
  789.000  9.454656e-01 
  790.000  9.402177e-01 
  791.000  9.417281e-01 
  792.000  9.438759e-01 
  793.000  9.456360e-01 
  794.000  9.522659e-01 
  795.000  9.500247e-01 
  796.000  9.371295e-01 
  797.000  9.466924e-01 
  798.000  9.482337e-01 
  799.000  9.501572e-01 
  800.000  9.449748e-01 
  801.000  9.425149e-01 
  802.000  9.460039e-01 
  803.000  9.455665e-01 
  804.000  9.456123e-01 
  805.000  9.475018e-01 
  806.000  9.526597e-01 
  807.000  9.501152e-01 
  808.000  9.530982e-01 
  809.000  9.487722e-01 
  810.000  9.463220e-01 
  811.000  9.460891e-01 
  812.000  9.409391e-01 
  813.000  9.291766e-01 
  814.000  9.117241e-01 
  815.000  8.890483e-01 
  816.000  9.068537e-01 
  817.000  8.219522e-01 
  818.000  8.854684e-01 
  819.000  9.049645e-01 
  820.000  8.789949e-01 
  821.000  9.468418e-01 
  822.000  9.370502e-01 
  823.000  8.053026e-01 
  824.000  9.249462e-01 
  825.000  9.410179e-01 
  826.000  9.249048e-01 
  827.000  9.409806e-01 
  828.000  8.977919e-01 
  829.000  9.307984e-01 
  830.000  9.247791e-01 
  831.000  9.293492e-01 
  832.000  9.238160e-01 
  833.000  9.418077e-01 
  834.000  9.403736e-01 
  835.000  9.484546e-01 
  836.000  9.481089e-01 
  837.000  9.486939e-01 
  838.000  9.538394e-01 
  839.000  9.570254e-01 
  840.000  9.574362e-01 
  841.000  9.574362e-01 
  842.000  9.534722e-01 
  843.000  9.617057e-01 
  844.000  9.575334e-01 
  845.000  9.610301e-01 
  846.000  9.621476e-01 
  847.000  9.629831e-01 
  848.000  9.621028e-01 
  849.000  9.627219e-01 
  850.000  9.629796e-01 
  851.000  9.638116e-01 
  852.000  9.654411e-01 
  853.000  9.661570e-01 
  854.000  9.659330e-01 
  855.000  9.659330e-01 
  856.000  9.664427e-01 
  857.000  9.675642e-01 
  858.000  9.668291e-01 
  859.000  9.675161e-01 
  860.000  9.680952e-01 
  861.000  9.680114e-01 
  862.000  9.684289e-01 
  863.000  9.677969e-01 
  864.000  9.688847e-01 
  865.000  9.688847e-01 
  866.000  9.688098e-01 
  867.000  9.690950e-01 
  868.000  9.690291e-01 
  869.000  9.692253e-01 
  870.000  9.695031e-01 
  871.000  9.696294e-01 
  872.000  9.698984e-01 
  873.000  9.699674e-01 
  874.000  9.699674e-01 
  875.000  9.703249e-01 
  876.000  9.704390e-01 
  877.000  9.705260e-01 
  878.000  9.705626e-01 
  879.000  9.705985e-01 
  880.000  9.710016e-01 
  881.000  9.710016e-01 
  882.000  9.705898e-01 
  883.000  9.708576e-01 
  884.000  9.710274e-01 
  885.000  9.712521e-01 
  886.000  9.683532e-01 
  887.000  9.712443e-01 
  888.000  9.712443e-01 
  889.000  9.704580e-01 
  890.000  9.692842e-01 
  891.000  9.713520e-01 
  892.000  9.687913e-01 
  893.000  9.598945e-01 
  894.000  9.598945e-01 
  895.000  9.441988e-01 
  896.000  9.279140e-01 
  897.000  8.590596e-01 
  898.000  9.237871e-01 
  899.000  7.987217e-01 
  900.000  7.987217e-01 
  901.000  8.283146e-01 
  902.000  8.529698e-01 
  903.000  8.870704e-01 
  904.000  9.510815e-01 
  905.000  9.436532e-01 
  906.000  9.436532e-01 
  907.000  8.728232e-01 
  908.000  8.511271e-01 
  909.000  8.640513e-01 
  910.000  8.471900e-01 
  911.000  8.471900e-01 
  912.000  9.184737e-01 
  913.000  8.832732e-01 
  914.000  8.628908e-01 
  915.000  8.262818e-01 
  916.000  8.262818e-01 
  917.000  9.182851e-01 
  918.000  8.391590e-01 
  919.000  8.958799e-01 
  920.000  9.505879e-01 
  921.000  9.505879e-01 
  922.000  9.373788e-01 
  923.000  9.384801e-01 
  924.000  9.224401e-01 
  925.000  9.224401e-01 
  926.000  9.312458e-01 
  927.000  9.350333e-01 
  928.000  8.575498e-01 
  929.000  8.350751e-01 
  930.000  8.350751e-01 
  931.000  7.098767e-01 
  932.000  5.353433e-01 
  933.000  5.689558e-01 
  934.000  5.689558e-01 
  935.000  5.230725e-01 
  936.000  4.972735e-01 
  937.000  4.902319e-01 
  938.000  4.902319e-01 
  939.000  6.239284e-01 
  940.000  7.587989e-01 
  941.000  7.066458e-01 
  942.000  7.066458e-01 
  943.000  6.055034e-01 
  944.000  6.100067e-01 
  945.000  7.056249e-01 
  946.000  7.056249e-01 
  947.000  6.212310e-01 
  948.000  6.434277e-01 
  949.000  6.933554e-01 
  950.000  6.933554e-01 
  951.000  7.146557e-01 
  952.000  6.118956e-01 
  953.000  7.450517e-01 
  954.000  7.450517e-01 
  955.000  7.362642e-01 
  956.000  6.304780e-01 
  957.000  7.849770e-01 
  958.000  7.849770e-01 
  959.000  6.981943e-01 
  960.000  7.722361e-01 
  961.000  7.722361e-01 
  962.000  7.877351e-01 
  963.000  8.490559e-01 
  964.000  7.657249e-01 
  965.000  7.657249e-01 
  966.000  8.267290e-01 
  967.000  8.951749e-01 
  968.000  8.951749e-01 
  969.000  9.115877e-01 
  970.000  9.369045e-01 
  971.000  9.470030e-01 
  972.000  9.470030e-01 
  973.000  9.348440e-01 
  974.000  8.785315e-01 
  975.000  8.785315e-01 
  976.000  8.616291e-01 
  977.000  9.224671e-01 
  978.000  9.118170e-01 
  979.000  9.118170e-01 
  980.000  9.146926e-01 
  981.000  9.615692e-01 
  982.000  9.615692e-01 
  983.000  9.468892e-01 
  984.000  9.607593e-01 
  985.000  9.607593e-01 
  986.000  9.751676e-01 
  987.000  9.701658e-01 
  988.000  9.701658e-01 
  989.000  9.787161e-01 
  990.000  9.751669e-01 
  991.000  9.751669e-01 
  992.000  9.781618e-01 
  993.000  9.774899e-01 
  994.000  9.774899e-01 
  995.000  9.813204e-01 
  996.000  9.814521e-01 
  997.000  9.814521e-01 
  998.000  9.816331e-01 
  999.000  9.813772e-01 
 1000.000  9.813772e-01 
 1001.000  9.815883e-01 
 1002.000  9.771736e-01 
 1003.000  9.771736e-01 
 1004.000  9.818338e-01 
 1005.000  9.821707e-01 
 1006.000  9.821707e-01 
 1007.000  9.824053e-01 
 1008.000  9.814654e-01 
 1009.000  9.814654e-01 
 1010.000  9.784835e-01 
 1011.000  9.826156e-01 
 1012.000  9.826156e-01 
 1013.000  9.828573e-01 
 1014.000  9.828515e-01 
 1015.000  9.828515e-01 
 1016.000  9.831610e-01 
 1017.000  9.828967e-01 
 1018.000  9.828967e-01 
 1019.000  9.827025e-01 
 1020.000  9.835050e-01 
 1021.000  9.835050e-01 
 1022.000  9.829155e-01 
 1023.000  9.829155e-01 
 1024.000  9.826887e-01 
 1025.000  9.836690e-01 
 1026.000  9.836690e-01 
 1027.000  9.832920e-01 
 1028.000  9.837804e-01 
 1029.000  9.837804e-01 
 1030.000  9.839548e-01 
 1031.000  9.839231e-01 
 1032.000  9.839231e-01 
 1033.000  9.838392e-01 
 1034.000  9.838392e-01 
 1035.000  9.838287e-01 
 1036.000  9.830170e-01 
 1037.000  9.830170e-01 
 1038.000  9.829245e-01 
 1039.000  9.820378e-01 
 1040.000  9.820378e-01 
 1041.000  9.813605e-01 
 1042.000  9.813605e-01 
 1043.000  9.805419e-01 
 1044.000  9.792820e-01 
 1045.000  9.792820e-01 
 1046.000  9.775348e-01 
 1047.000  9.775348e-01 
 1048.000  9.757826e-01 
 1049.000  9.723209e-01 
 1050.000  9.723209e-01 
 1051.000  9.706945e-01 
 1052.000  9.706945e-01 
 1053.000  9.682896e-01 
 1054.000  9.662498e-01 
 1055.000  9.662498e-01 
 1056.000  9.638433e-01 
 1057.000  9.638433e-01 
 1058.000  9.617378e-01 
 1059.000  9.596415e-01 
 1060.000  9.596415e-01 
 1061.000  9.583192e-01 
 1062.000  9.583192e-01 
 1063.000  9.559759e-01 
 1064.000  9.549279e-01 
 1065.000  9.549279e-01 
 1066.000  9.568389e-01 
 1067.000  9.568389e-01 
 1068.000  9.558607e-01 
 1069.000  9.579431e-01 
 1070.000  9.579431e-01 
 1071.000  9.607022e-01 
 1072.000  9.607022e-01 
 1073.000  9.630213e-01 
 1074.000  9.630213e-01 
 1075.000  9.619865e-01 
 1076.000  9.636595e-01 
 1077.000  9.636595e-01 
 1078.000  9.695019e-01 
 1079.000  9.695019e-01 
 1080.000  9.674335e-01 
 1081.000  9.674335e-01 
 1082.000  9.721647e-01 
 1083.000  9.702905e-01 
 1084.000  9.702905e-01 
 1085.000  9.669341e-01 
 1086.000  9.669341e-01 
 1087.000  9.753649e-01 
 1088.000  9.753649e-01 
 1089.000  9.735594e-01 
 1090.000  9.728286e-01 
 1091.000  9.728286e-01 
 1092.000  9.661755e-01 
 1093.000  9.661755e-01 
 1094.000  9.671928e-01 
 1095.000  9.671928e-01 
 1096.000  9.650216e-01 
 1097.000  9.650216e-01 
 1098.000  9.569896e-01 
 1099.000  9.307007e-01 
 1100.000  9.307007e-01 
 1101.000  9.330109e-01 
 1102.000  9.330109e-01 
 1103.000  9.218543e-01 
 1104.000  9.218543e-01 
 1105.000  9.117136e-01 
 1106.000  9.117136e-01 
 1107.000  9.108976e-01 
 1108.000  9.108976e-01 
 1109.000  8.860496e-01 
 1110.000  8.364541e-01 
 1111.000  8.364541e-01 
 1112.000  8.316338e-01 
 1113.000  8.316338e-01 
 1114.000  7.302743e-01 
 1115.000  7.302743e-01 
 1116.000  5.302504e-01 
 1117.000  5.302504e-01 
 1118.000  6.308604e-01 
 1119.000  6.308604e-01 
 1120.000  5.715892e-01 
 1121.000  5.715892e-01 
 1122.000  3.850356e-01 
 1123.000  5.972710e-01 
 1124.000  5.972710e-01 
 1125.000  4.365662e-01 
 1126.000  4.365662e-01 
 1127.000  5.059642e-01 
 1128.000  5.059642e-01 
 1129.000  5.054998e-01 
 1130.000  5.054998e-01 
 1131.000  7.585578e-01 
 1132.000  7.585578e-01 
 1133.000  4.971105e-01 
 1134.000  4.971105e-01 
 1135.000  3.082398e-01 
 1136.000  3.082398e-01 
 1137.000  7.643367e-01 
 1138.000  7.643367e-01 
 1139.000  7.100285e-01 
 1140.000  7.100285e-01 
 1141.000  6.889926e-01 
 1142.000  6.889926e-01 
 1143.000  7.368205e-01 
 1144.000  7.368205e-01 
 1145.000  5.391611e-01 
 1146.000  5.391611e-01 
 1147.000  5.177270e-01 
 1148.000  5.177270e-01 
 1149.000  6.263579e-01 
 1150.000  6.263579e-01 
 1151.000  7.130854e-01 
 1152.000  7.130854e-01 
 1153.000  6.659288e-01 
 1154.000  6.659288e-01 
 1155.000  7.060175e-01 
 1156.000  7.060175e-01 
 1157.000  7.760659e-01 
 1158.000  7.760659e-01 
 1159.000  8.701150e-01 
 1160.000  8.701150e-01 
 1161.000  8.519884e-01 
 1162.000  8.519884e-01 
 1163.000  8.913362e-01 
 1164.000  8.913362e-01 
 1165.000  8.832226e-01 
 1166.000  8.832226e-01 
 1167.000  9.161180e-01 
 1168.000  9.161180e-01 
 1169.000  9.311482e-01 
 1170.000  9.311482e-01 
 1171.000  9.349506e-01 
 1172.000  9.349506e-01 
 1173.000  8.875834e-01 
 1174.000  8.875834e-01 
 1175.000  9.649416e-01 
 1176.000  9.649416e-01 
 1177.000  9.158800e-01 
 1178.000  9.158800e-01 
 1179.000  9.531886e-01 
 1180.000  9.531886e-01 
 1181.000  8.833596e-01 
 1182.000  8.833596e-01 
 1183.000  9.364327e-01 
 1184.000  9.364327e-01 
 1185.000  9.536617e-01 
 1186.000  9.536617e-01 
 1187.000  8.922464e-01 
 1188.000  8.922464e-01 
 1189.000  8.922464e-01 
 1190.000  9.404001e-01 
 1191.000  9.404001e-01 
 1192.000  9.704790e-01 
 1193.000  9.704790e-01 
 1194.000  9.480391e-01 
 1195.000  9.480391e-01 
 1196.000  9.596280e-01 
 1197.000  9.596280e-01 
 1198.000  9.376320e-01 
 1199.000  9.376320e-01 
 1200.000  9.350589e-01 
