  250.000  0.000000e+00 
  251.000  0.000000e+00 
  252.000  0.000000e+00 
  253.000  0.000000e+00 
  254.000  0.000000e+00 
  255.000  0.000000e+00 
  256.000  0.000000e+00 
  257.000  0.000000e+00 
  258.000  0.000000e+00 
  259.000  0.000000e+00 
  260.000  0.000000e+00 
  261.000  0.000000e+00 
  262.000  0.000000e+00 
  263.000  0.000000e+00 
  264.000  0.000000e+00 
  265.000  0.000000e+00 
  266.000  0.000000e+00 
  267.000  0.000000e+00 
  268.000  0.000000e+00 
  269.000  0.000000e+00 
  270.000  0.000000e+00 
  271.000  0.000000e+00 
  272.000  0.000000e+00 
  273.000  0.000000e+00 
  274.000  0.000000e+00 
  275.000  0.000000e+00 
  276.000  0.000000e+00 
  277.000  0.000000e+00 
  278.000  0.000000e+00 
  279.000  0.000000e+00 
  280.000  0.000000e+00 
  281.000  0.000000e+00 
  282.000  0.000000e+00 
  283.000  0.000000e+00 
  284.000  0.000000e+00 
  285.000  0.000000e+00 
  286.000  0.000000e+00 
  287.000  0.000000e+00 
  288.000  0.000000e+00 
  289.000  0.000000e+00 
  290.000  0.000000e+00 
  291.000  0.000000e+00 
  292.000  4.816690e-13 
  293.000  6.976421e-12 
  294.000  1.443053e-10 
  295.000  1.020494e-09 
  296.000  1.578472e-08 
  297.000  8.197445e-08 
  298.000  5.868268e-07 
  299.000  2.249301e-06 
  300.000  9.018002e-06 
  301.000  2.818777e-05 
  302.000  7.284162e-05 
  303.000  2.267079e-04 
  304.000  3.470304e-04 
  305.000  8.738884e-04 
  306.000  1.465612e-03 
  307.000  2.763195e-03 
  308.000  4.149435e-03 
  309.000  6.055760e-03 
  310.000  9.951775e-03 
  311.000  1.216084e-02 
  312.000  1.622472e-02 
  313.000  2.198885e-02 
  314.000  2.484336e-02 
  315.000  3.357086e-02 
  316.000  3.626978e-02 
  317.000  4.428645e-02 
  318.000  4.954504e-02 
  319.000  6.451319e-02 
  320.000  5.514934e-02 
  321.000  7.907986e-02 
  322.000  6.946651e-02 
  323.000  8.154128e-02 
  324.000  1.002111e-01 
  325.000  8.757666e-02 
  326.000  1.069017e-01 
  327.000  1.137487e-01 
  328.000  1.039402e-01 
  329.000  1.278014e-01 
  330.000  1.326429e-01 
  331.000  1.227984e-01 
  332.000  1.405468e-01 
  333.000  1.450158e-01 
  334.000  1.429432e-01 
  335.000  1.551861e-01 
  336.000  1.605847e-01 
  337.000  1.580441e-01 
  338.000  1.665238e-01 
  339.000  1.729583e-01 
  340.000  1.725459e-01 
  341.000  1.797650e-01 
  342.000  1.850251e-01 
  343.000  1.885780e-01 
  344.000  1.880936e-01 
  345.000  1.962714e-01 
  346.000  2.006780e-01 
  347.000  2.046224e-01 
  348.000  2.086658e-01 
  349.000  2.135514e-01 
  350.000  2.174338e-01 
  351.000  2.220719e-01 
  352.000  2.258780e-01 
  353.000  2.304693e-01 
  354.000  2.338935e-01 
  355.000  2.375753e-01 
  356.000  2.421717e-01 
  357.000  2.452632e-01 
  358.000  2.485637e-01 
  359.000  2.517898e-01 
  360.000  2.550435e-01 
  361.000  2.586443e-01 
  362.000  2.642458e-01 
  363.000  2.691298e-01 
  364.000  2.739791e-01 
  365.000  2.781347e-01 
  366.000  2.825859e-01 
  367.000  2.868079e-01 
  368.000  2.908825e-01 
  369.000  2.942919e-01 
  370.000  2.984094e-01 
  371.000  3.027379e-01 
  372.000  3.064802e-01 
  373.000  3.109103e-01 
  374.000  3.151937e-01 
  375.000  3.186663e-01 
  376.000  3.223954e-01 
  377.000  3.264811e-01 
  378.000  3.296015e-01 
  379.000  3.330331e-01 
  380.000  3.364781e-01 
  381.000  3.402372e-01 
  382.000  3.454039e-01 
  383.000  3.507093e-01 
  384.000  3.544035e-01 
  385.000  3.590391e-01 
  386.000  3.627183e-01 
  387.000  3.671017e-01 
  388.000  3.705712e-01 
  389.000  3.741021e-01 
  390.000  3.785373e-01 
  391.000  3.821763e-01 
  392.000  3.853478e-01 
  393.000  3.903942e-01 
  394.000  3.939818e-01 
  395.000  3.974924e-01 
  396.000  4.019628e-01 
  397.000  4.059322e-01 
  398.000  4.088831e-01 
  399.000  4.126690e-01 
  400.000  4.161273e-01 
  401.000  4.205310e-01 
  402.000  4.244240e-01 
  403.000  4.284824e-01 
  404.000  4.313631e-01 
  405.000  4.352326e-01 
  406.000  4.387495e-01 
  407.000  4.433723e-01 
  408.000  4.458525e-01 
  409.000  4.493213e-01 
  410.000  4.528660e-01 
  411.000  4.569218e-01 
  412.000  4.609939e-01 
  413.000  4.634360e-01 
  414.000  4.677131e-01 
  415.000  4.711313e-01 
  416.000  4.754181e-01 
  417.000  4.780567e-01 
  418.000  4.811222e-01 
  419.000  4.853740e-01 
  420.000  4.883333e-01 
  421.000  4.917079e-01 
  422.000  4.944921e-01 
  423.000  4.982323e-01 
  424.000  5.012583e-01 
  425.000  5.055582e-01 
  426.000  5.087283e-01 
  427.000  5.119287e-01 
  428.000  5.148456e-01 
  429.000  5.187045e-01 
  430.000  5.220643e-01 
  431.000  5.235977e-01 
  432.000  5.281267e-01 
  433.000  5.314519e-01 
  434.000  5.337101e-01 
  435.000  5.361921e-01 
  436.000  5.398144e-01 
  437.000  5.445907e-01 
  438.000  5.471054e-01 
  439.000  5.482836e-01 
  440.000  5.518864e-01 
  441.000  5.549440e-01 
  442.000  5.588233e-01 
  443.000  5.610555e-01 
  444.000  5.637600e-01 
  445.000  5.652452e-01 
  446.000  5.686921e-01 
  447.000  5.720746e-01 
  448.000  5.728645e-01 
  449.000  5.774621e-01 
  450.000  5.814769e-01 
  451.000  5.839971e-01 
  452.000  5.860621e-01 
  453.000  5.891231e-01 
  454.000  5.931986e-01 
  455.000  5.947676e-01 
  456.000  5.971985e-01 
  457.000  5.999304e-01 
  458.000  6.020238e-01 
  459.000  6.043903e-01 
  460.000  6.060741e-01 
  461.000  6.086780e-01 
  462.000  6.121918e-01 
  463.000  6.127289e-01 
  464.000  6.161467e-01 
  465.000  6.185388e-01 
  466.000  6.229445e-01 
  467.000  6.245077e-01 
  468.000  6.270542e-01 
  469.000  6.292850e-01 
  470.000  6.317067e-01 
  471.000  6.338373e-01 
  472.000  6.347718e-01 
  473.000  6.351432e-01 
  474.000  6.336620e-01 
  475.000  6.333979e-01 
  476.000  6.336582e-01 
  477.000  6.344708e-01 
  478.000  6.358032e-01 
  479.000  6.385922e-01 
  480.000  6.423936e-01 
  481.000  6.480249e-01 
  482.000  6.525456e-01 
  483.000  6.565531e-01 
  484.000  6.587008e-01 
  485.000  6.605288e-01 
  486.000  6.619487e-01 
  487.000  6.648972e-01 
  488.000  6.666574e-01 
  489.000  6.681182e-01 
  490.000  6.713238e-01 
  491.000  6.732519e-01 
  492.000  6.751589e-01 
  493.000  6.770583e-01 
  494.000  6.784518e-01 
  495.000  6.799017e-01 
  496.000  6.809526e-01 
  497.000  6.825873e-01 
  498.000  6.837616e-01 
  499.000  6.853017e-01 
  500.000  6.864486e-01 
  501.000  6.866188e-01 
  502.000  6.865718e-01 
  503.000  6.864421e-01 
  504.000  6.862743e-01 
  505.000  6.872177e-01 
  506.000  6.900277e-01 
  507.000  6.915957e-01 
  508.000  6.943433e-01 
  509.000  6.957627e-01 
  510.000  6.978472e-01 
  511.000  6.999910e-01 
  512.000  7.013173e-01 
  513.000  7.040449e-01 
  514.000  7.052922e-01 
  515.000  7.075197e-01 
  516.000  7.084697e-01 
  517.000  7.101585e-01 
  518.000  7.105772e-01 
  519.000  7.117284e-01 
  520.000  7.122880e-01 
  521.000  7.135643e-01 
  522.000  7.139179e-01 
  523.000  7.144590e-01 
  524.000  7.149482e-01 
  525.000  7.145852e-01 
  526.000  7.143834e-01 
  527.000  7.144461e-01 
  528.000  7.139472e-01 
  529.000  7.137924e-01 
  530.000  7.135308e-01 
  531.000  7.141365e-01 
  532.000  7.147545e-01 
  533.000  7.157277e-01 
  534.000  7.170902e-01 
  535.000  7.178834e-01 
  536.000  7.193476e-01 
  537.000  7.209258e-01 
  538.000  7.217990e-01 
  539.000  7.226504e-01 
  540.000  7.239978e-01 
  541.000  7.241653e-01 
  542.000  7.247456e-01 
  543.000  7.258670e-01 
  544.000  7.268153e-01 
  545.000  7.269475e-01 
  546.000  7.276391e-01 
  547.000  7.291610e-01 
  548.000  7.307141e-01 
  549.000  7.311611e-01 
  550.000  7.324787e-01 
  551.000  7.331631e-01 
  552.000  7.337425e-01 
  553.000  7.344028e-01 
  554.000  7.351565e-01 
  555.000  7.357692e-01 
  556.000  7.353886e-01 
  557.000  7.346481e-01 
  558.000  7.340819e-01 
  559.000  7.333222e-01 
  560.000  7.326207e-01 
  561.000  7.320721e-01 
  562.000  7.316937e-01 
  563.000  7.309217e-01 
  564.000  7.300978e-01 
  565.000  7.293363e-01 
  566.000  7.288715e-01 
  567.000  7.278885e-01 
  568.000  7.264413e-01 
  569.000  7.226023e-01 
  570.000  7.197821e-01 
  571.000  7.185262e-01 
  572.000  7.164385e-01 
  573.000  7.149491e-01 
  574.000  7.130871e-01 
  575.000  7.120960e-01 
  576.000  7.123553e-01 
  577.000  7.131923e-01 
  578.000  7.160512e-01 
  579.000  7.191048e-01 
  580.000  7.217807e-01 
  581.000  7.264834e-01 
  582.000  7.311620e-01 
  583.000  7.351132e-01 
  584.000  7.410975e-01 
  585.000  7.433944e-01 
  586.000  7.462293e-01 
  587.000  7.471281e-01 
  588.000  7.487445e-01 
  589.000  7.445685e-01 
  590.000  7.456436e-01 
  591.000  7.482899e-01 
  592.000  7.443332e-01 
  593.000  7.517880e-01 
  594.000  7.486356e-01 
  595.000  7.509542e-01 
  596.000  7.519186e-01 
  597.000  7.518536e-01 
  598.000  7.518913e-01 
  599.000  7.530021e-01 
  600.000  7.534192e-01 
  601.000  7.548273e-01 
  602.000  7.565771e-01 
  603.000  7.575536e-01 
  604.000  7.584809e-01 
  605.000  7.595520e-01 
  606.000  7.617813e-01 
  607.000  7.635647e-01 
  608.000  7.659389e-01 
  609.000  7.669111e-01 
  610.000  7.688596e-01 
  611.000  7.704085e-01 
  612.000  7.727208e-01 
  613.000  7.746041e-01 
  614.000  7.759654e-01 
  615.000  7.775306e-01 
  616.000  7.797257e-01 
  617.000  7.812624e-01 
  618.000  7.822534e-01 
  619.000  7.836646e-01 
  620.000  7.847862e-01 
  621.000  7.854589e-01 
  622.000  7.857284e-01 
  623.000  7.860880e-01 
  624.000  7.861702e-01 
  625.000  7.862821e-01 
  626.000  7.859365e-01 
  627.000  7.857425e-01 
  628.000  7.499954e-01 
  629.000  7.692814e-01 
  630.000  7.719586e-01 
  631.000  7.851533e-01 
  632.000  7.913032e-01 
  633.000  7.945203e-01 
  634.000  7.991763e-01 
  635.000  8.004725e-01 
  636.000  8.052345e-01 
  637.000  8.106109e-01 
  638.000  8.137468e-01 
  639.000  8.173241e-01 
  640.000  8.193341e-01 
  641.000  8.229881e-01 
  642.000  8.251115e-01 
  643.000  8.264520e-01 
  644.000  8.283003e-01 
  645.000  8.299664e-01 
  646.000  8.295978e-01 
  647.000  8.284907e-01 
  648.000  8.263475e-01 
  649.000  8.313169e-01 
  650.000  8.374040e-01 
  651.000  8.385597e-01 
  652.000  8.383890e-01 
  653.000  8.410332e-01 
  654.000  8.432259e-01 
  655.000  8.391901e-01 
  656.000  8.437830e-01 
  657.000  8.458053e-01 
  658.000  8.489978e-01 
  659.000  8.514786e-01 
  660.000  8.519164e-01 
  661.000  8.541765e-01 
  662.000  8.546103e-01 
  663.000  8.562918e-01 
  664.000  8.573121e-01 
  665.000  8.584759e-01 
  666.000  8.597472e-01 
  667.000  8.615838e-01 
  668.000  8.625008e-01 
  669.000  8.640624e-01 
  670.000  8.648827e-01 
  671.000  8.667423e-01 
  672.000  8.671483e-01 
  673.000  8.687123e-01 
  674.000  8.693082e-01 
  675.000  8.709203e-01 
  676.000  8.714272e-01 
  677.000  8.722647e-01 
  678.000  8.736580e-01 
  679.000  8.744074e-01 
  680.000  8.759089e-01 
  681.000  8.765745e-01 
  682.000  8.784754e-01 
  683.000  8.790529e-01 
  684.000  8.807415e-01 
  685.000  8.814876e-01 
  686.000  8.826394e-01 
  687.000  4.781262e-01 
  688.000  6.662603e-01 
  689.000  7.251980e-01 
  690.000  7.616402e-01 
  691.000  7.997720e-01 
  692.000  8.534674e-01 
  693.000  8.574677e-01 
  694.000  8.669994e-01 
  695.000  8.784642e-01 
  696.000  8.771530e-01 
  697.000  8.916022e-01 
  698.000  8.919128e-01 
  699.000  8.859921e-01 
  700.000  8.879041e-01 
  701.000  8.842227e-01 
  702.000  8.863711e-01 
  703.000  8.891111e-01 
  704.000  8.909576e-01 
  705.000  8.921193e-01 
  706.000  8.953786e-01 
  707.000  8.974620e-01 
  708.000  8.991706e-01 
  709.000  9.000905e-01 
  710.000  8.999532e-01 
  711.000  9.024941e-01 
  712.000  9.023156e-01 
  713.000  9.039071e-01 
  714.000  9.034382e-01 
  715.000  9.006214e-01 
  716.000  9.022973e-01 
  717.000  8.873644e-01 
  718.000  8.478428e-01 
  719.000  8.105678e-01 
  720.000  8.578447e-01 
  721.000  8.986701e-01 
  722.000  8.990657e-01 
  723.000  8.962606e-01 
  724.000  8.469493e-01 
  725.000  8.652593e-01 
  726.000  8.875868e-01 
  727.000  8.783828e-01 
  728.000  8.596794e-01 
  729.000  8.712234e-01 
  730.000  8.918816e-01 
  731.000  8.817417e-01 
  732.000  8.865764e-01 
  733.000  9.033833e-01 
  734.000  9.134748e-01 
  735.000  9.075197e-01 
  736.000  9.125455e-01 
  737.000  9.129499e-01 
  738.000  9.156272e-01 
  739.000  9.161946e-01 
  740.000  9.195329e-01 
  741.000  9.214667e-01 
  742.000  9.227717e-01 
  743.000  9.230203e-01 
  744.000  9.238051e-01 
  745.000  9.245855e-01 
  746.000  9.254659e-01 
  747.000  9.259802e-01 
  748.000  9.263381e-01 
  749.000  9.266864e-01 
  750.000  9.272161e-01 
  751.000  9.275525e-01 
  752.000  9.287629e-01 
  753.000  9.291052e-01 
  754.000  9.295570e-01 
  755.000  9.300317e-01 
  756.000  9.303464e-01 
  757.000  9.307999e-01 
  758.000  9.316904e-01 
  759.000  9.066243e-01 
  760.000  1.460382e-01 
  761.000  6.662206e-02 
  762.000  4.682171e-01 
  763.000  3.352346e-01 
  764.000  4.054051e-01 
  765.000  5.695605e-01 
  766.000  7.275454e-01 
  767.000  7.835193e-01 
  768.000  8.871213e-01 
  769.000  9.141724e-01 
  770.000  9.150721e-01 
  771.000  9.304840e-01 
  772.000  9.363517e-01 
  773.000  9.365306e-01 
  774.000  9.367065e-01 
  775.000  9.368819e-01 
  776.000  9.371960e-01 
  777.000  9.377059e-01 
  778.000  9.380024e-01 
  779.000  9.382597e-01 
  780.000  9.384743e-01 
  781.000  9.391084e-01 
  782.000  9.395966e-01 
  783.000  9.399408e-01 
  784.000  9.400029e-01 
  785.000  9.401346e-01 
  786.000  9.394804e-01 
  787.000  9.393648e-01 
  788.000  9.372363e-01 
  789.000  9.379926e-01 
  790.000  9.339470e-01 
  791.000  9.353138e-01 
  792.000  9.371381e-01 
  793.000  9.386109e-01 
  794.000  9.441295e-01 
  795.000  9.424838e-01 
  796.000  9.324505e-01 
  797.000  9.400728e-01 
  798.000  9.413867e-01 
  799.000  9.429505e-01 
  800.000  9.389666e-01 
  801.000  9.371308e-01 
  802.000  9.399238e-01 
  803.000  9.396317e-01 
  804.000  9.397492e-01 
  805.000  9.412841e-01 
  806.000  9.453661e-01 
  807.000  9.434565e-01 
  808.000  9.458587e-01 
  809.000  9.424800e-01 
  810.000  9.406305e-01 
  811.000  9.404925e-01 
  812.000  9.365772e-01 
  813.000  9.273303e-01 
  814.000  9.135242e-01 
  815.000  8.950047e-01 
  816.000  9.096138e-01 
  817.000  8.383120e-01 
  818.000  8.917491e-01 
  819.000  9.084523e-01 
  820.000  8.862623e-01 
  821.000  9.420377e-01 
  822.000  9.343435e-01 
  823.000  8.251699e-01 
  824.000  9.250379e-01 
  825.000  9.377189e-01 
  826.000  9.250832e-01 
  827.000  9.379048e-01 
  828.000  9.033557e-01 
  829.000  9.299405e-01 
  830.000  9.252363e-01 
  831.000  9.290053e-01 
  832.000  9.246410e-01 
  833.000  9.390967e-01 
  834.000  9.379342e-01 
  835.000  9.444554e-01 
  836.000  9.441917e-01 
  837.000  9.447765e-01 
  838.000  9.489034e-01 
  839.000  9.514467e-01 
  840.000  9.518631e-01 
  841.000  9.518631e-01 
  842.000  9.487869e-01 
  843.000  9.553428e-01 
  844.000  9.521137e-01 
  845.000  9.549274e-01 
  846.000  9.558814e-01 
  847.000  9.565596e-01 
  848.000  9.559765e-01 
  849.000  9.565247e-01 
  850.000  9.570247e-01 
  851.000  9.585667e-01 
  852.000  9.598992e-01 
  853.000  9.605256e-01 
  854.000  9.604461e-01 
  855.000  9.604461e-01 
  856.000  9.608835e-01 
  857.000  9.618769e-01 
  858.000  9.613402e-01 
  859.000  9.619673e-01 
  860.000  9.624304e-01 
  861.000  9.624350e-01 
  862.000  9.628364e-01 
  863.000  9.620558e-01 
  864.000  9.633447e-01 
  865.000  9.633447e-01 
  866.000  9.632446e-01 
  867.000  9.635797e-01 
  868.000  9.635022e-01 
  869.000  9.637331e-01 
  870.000  9.640925e-01 
  871.000  9.642090e-01 
  872.000  9.645326e-01 
  873.000  9.646481e-01 
  874.000  9.646481e-01 
  875.000  9.650289e-01 
  876.000  9.651612e-01 
  877.000  9.652981e-01 
  878.000  9.653893e-01 
  879.000  9.654428e-01 
  880.000  9.658548e-01 
  881.000  9.658548e-01 
  882.000  9.656045e-01 
  883.000  9.658403e-01 
  884.000  9.660464e-01 
  885.000  9.662910e-01 
  886.000  9.640618e-01 
  887.000  9.664155e-01 
  888.000  9.664155e-01 
  889.000  9.658025e-01 
  890.000  9.649681e-01 
  891.000  9.666460e-01 
  892.000  9.646997e-01 
  893.000  9.577621e-01 
  894.000  9.577621e-01 
  895.000  9.451967e-01 
  896.000  9.322312e-01 
  897.000  8.746923e-01 
  898.000  9.291238e-01 
  899.000  8.211095e-01 
  900.000  8.211095e-01 
  901.000  8.465061e-01 
  902.000  8.678989e-01 
  903.000  8.972943e-01 
  904.000  9.512345e-01 
  905.000  9.452377e-01 
  906.000  9.452377e-01 
  907.000  8.869531e-01 
  908.000  8.667611e-01 
  909.000  8.794892e-01 
  910.000  8.657063e-01 
  911.000  8.657063e-01 
  912.000  9.254626e-01 
  913.000  8.962871e-01 
  914.000  8.789876e-01 
  915.000  8.471681e-01 
  916.000  8.471681e-01 
  917.000  9.256854e-01 
  918.000  8.584493e-01 
  919.000  9.061415e-01 
  920.000  9.515872e-01 
  921.000  9.515872e-01 
  922.000  9.410617e-01 
  923.000  9.419952e-01 
  924.000  9.293088e-01 
  925.000  9.293088e-01 
  926.000  9.363949e-01 
  927.000  9.394457e-01 
  928.000  8.763108e-01 
  929.000  8.577278e-01 
  930.000  8.577278e-01 
  931.000  7.447422e-01 
  932.000  5.759055e-01 
  933.000  6.145149e-01 
  934.000  6.145149e-01 
  935.000  5.634371e-01 
  936.000  5.388503e-01 
  937.000  5.380940e-01 
  938.000  5.380940e-01 
  939.000  6.608180e-01 
  940.000  7.896912e-01 
  941.000  7.416140e-01 
  942.000  7.416140e-01 
  943.000  6.403469e-01 
  944.000  6.437664e-01 
  945.000  7.450271e-01 
  946.000  7.450271e-01 
  947.000  6.596991e-01 
  948.000  6.846695e-01 
  949.000  7.268637e-01 
  950.000  7.268637e-01 
  951.000  7.465107e-01 
  952.000  6.517629e-01 
  953.000  7.785312e-01 
  954.000  7.785312e-01 
  955.000  7.694463e-01 
  956.000  6.670983e-01 
  957.000  8.126635e-01 
  958.000  8.126635e-01 
  959.000  7.390988e-01 
  960.000  8.044685e-01 
  961.000  8.044685e-01 
  962.000  8.135001e-01 
  963.000  8.697643e-01 
  964.000  7.967120e-01 
  965.000  7.967120e-01 
  966.000  8.494665e-01 
  967.000  9.076325e-01 
  968.000  9.076325e-01 
  969.000  9.213452e-01 
  970.000  9.423455e-01 
  971.000  9.504505e-01 
  972.000  9.504505e-01 
  973.000  9.408107e-01 
  974.000  8.941560e-01 
  975.000  8.941560e-01 
  976.000  8.789288e-01 
  977.000  9.303288e-01 
  978.000  9.214233e-01 
  979.000  9.214233e-01 
  980.000  9.240768e-01 
  981.000  9.623414e-01 
  982.000  9.623414e-01 
  983.000  9.504643e-01 
  984.000  9.617808e-01 
  985.000  9.617808e-01 
  986.000  9.732138e-01 
  987.000  9.692946e-01 
  988.000  9.692946e-01 
  989.000  9.760969e-01 
  990.000  9.733569e-01 
  991.000  9.733569e-01 
  992.000  9.757386e-01 
  993.000  9.752443e-01 
  994.000  9.752443e-01 
  995.000  9.783267e-01 
  996.000  9.784468e-01 
  997.000  9.784468e-01 
  998.000  9.786407e-01 
  999.000  9.784870e-01 
 1000.000  9.784870e-01 
 1001.000  9.787029e-01 
 1002.000  9.752469e-01 
 1003.000  9.752469e-01 
 1004.000  9.789612e-01 
 1005.000  9.792536e-01 
 1006.000  9.792536e-01 
 1007.000  9.794753e-01 
 1008.000  9.787804e-01 
 1009.000  9.787804e-01 
 1010.000  9.764624e-01 
 1011.000  9.797562e-01 
 1012.000  9.797562e-01 
 1013.000  9.799963e-01 
 1014.000  9.800394e-01 
 1015.000  9.800394e-01 
 1016.000  9.803079e-01 
 1017.000  9.801551e-01 
 1018.000  9.801551e-01 
 1019.000  9.800400e-01 
 1020.000  9.807020e-01 
 1021.000  9.807020e-01 
 1022.000  9.802806e-01 
 1023.000  9.802806e-01 
 1024.000  9.801196e-01 
 1025.000  9.809220e-01 
 1026.000  9.809220e-01 
 1027.000  9.806417e-01 
 1028.000  9.810320e-01 
 1029.000  9.810320e-01 
 1030.000  9.811597e-01 
 1031.000  9.811202e-01 
 1032.000  9.811202e-01 
 1033.000  9.809977e-01 
 1034.000  9.809977e-01 
 1035.000  9.809178e-01 
 1036.000  9.799613e-01 
 1037.000  9.799613e-01 
 1038.000  9.798518e-01 
 1039.000  9.788163e-01 
 1040.000  9.788163e-01 
 1041.000  9.780104e-01 
 1042.000  9.780104e-01 
 1043.000  9.770454e-01 
 1044.000  9.755619e-01 
 1045.000  9.755619e-01 
 1046.000  9.735053e-01 
 1047.000  9.735053e-01 
 1048.000  9.714435e-01 
 1049.000  9.673719e-01 
 1050.000  9.673719e-01 
 1051.000  9.654598e-01 
 1052.000  9.654598e-01 
 1053.000  9.626338e-01 
 1054.000  9.602398e-01 
 1055.000  9.602398e-01 
 1056.000  9.574124e-01 
 1057.000  9.574124e-01 
 1058.000  9.549441e-01 
 1059.000  9.524824e-01 
 1060.000  9.524824e-01 
 1061.000  9.509324e-01 
 1062.000  9.509324e-01 
 1063.000  9.482328e-01 
 1064.000  9.471102e-01 
 1065.000  9.471102e-01 
 1066.000  9.491988e-01 
 1067.000  9.491988e-01 
 1068.000  9.481622e-01 
 1069.000  9.509299e-01 
 1070.000  9.509299e-01 
 1071.000  9.539619e-01 
 1072.000  9.539619e-01 
 1073.000  9.566508e-01 
 1074.000  9.566508e-01 
 1075.000  9.568868e-01 
 1076.000  9.592171e-01 
 1077.000  9.592171e-01 
 1078.000  9.649983e-01 
 1079.000  9.649983e-01 
 1080.000  9.641922e-01 
 1081.000  9.641922e-01 
 1082.000  9.690911e-01 
 1083.000  9.684335e-01 
 1084.000  9.684335e-01 
 1085.000  9.661804e-01 
 1086.000  9.661804e-01 
 1087.000  9.736868e-01 
 1088.000  9.736868e-01 
 1089.000  9.729885e-01 
 1090.000  9.727347e-01 
 1091.000  9.727347e-01 
 1092.000  9.678624e-01 
 1093.000  9.678624e-01 
 1094.000  9.687558e-01 
 1095.000  9.687558e-01 
 1096.000  9.672585e-01 
 1097.000  9.672585e-01 
 1098.000  9.610863e-01 
 1099.000  9.398479e-01 
 1100.000  9.398479e-01 
 1101.000  9.418082e-01 
 1102.000  9.418082e-01 
 1103.000  9.328249e-01 
 1104.000  9.328249e-01 
 1105.000  9.246138e-01 
 1106.000  9.246138e-01 
 1107.000  9.239237e-01 
 1108.000  9.239237e-01 
 1109.000  9.036151e-01 
 1110.000  8.591701e-01 
 1111.000  8.591701e-01 
 1112.000  8.574644e-01 
 1113.000  8.574644e-01 
 1114.000  7.584538e-01 
 1115.000  7.584538e-01 
 1116.000  5.746214e-01 
 1117.000  5.746214e-01 
 1118.000  6.677951e-01 
 1119.000  6.677951e-01 
 1120.000  6.150758e-01 
 1121.000  6.150758e-01 
 1122.000  4.348849e-01 
 1123.000  6.363129e-01 
 1124.000  6.363129e-01 
 1125.000  4.855249e-01 
 1126.000  4.855249e-01 
 1127.000  5.557904e-01 
 1128.000  5.557904e-01 
 1129.000  5.562183e-01 
 1130.000  5.562183e-01 
 1131.000  7.917441e-01 
 1132.000  7.917441e-01 
 1133.000  5.494256e-01 
 1134.000  5.494256e-01 
 1135.000  3.478342e-01 
 1136.000  3.478342e-01 
 1137.000  7.984493e-01 
 1138.000  7.984493e-01 
 1139.000  7.404799e-01 
 1140.000  7.404799e-01 
 1141.000  7.227862e-01 
 1142.000  7.227862e-01 
 1143.000  7.748169e-01 
 1144.000  7.748169e-01 
 1145.000  5.837756e-01 
 1146.000  5.837756e-01 
 1147.000  5.664470e-01 
 1148.000  5.664470e-01 
 1149.000  6.651268e-01 
 1150.000  6.651268e-01 
 1151.000  7.442152e-01 
 1152.000  7.442152e-01 
 1153.000  6.967608e-01 
 1154.000  6.967608e-01 
 1155.000  7.363129e-01 
 1156.000  7.363129e-01 
 1157.000  8.027825e-01 
 1158.000  8.027825e-01 
 1159.000  8.898533e-01 
 1160.000  8.898533e-01 
 1161.000  8.729909e-01 
 1162.000  8.729909e-01 
 1163.000  9.039971e-01 
 1164.000  9.039971e-01 
 1165.000  8.988932e-01 
 1166.000  8.988932e-01 
 1167.000  9.264656e-01 
 1168.000  9.264656e-01 
 1169.000  9.388542e-01 
 1170.000  9.388542e-01 
 1171.000  9.422468e-01 
 1172.000  9.422468e-01 
 1173.000  9.039080e-01 
 1174.000  9.039080e-01 
 1175.000  9.674052e-01 
 1176.000  9.674052e-01 
 1177.000  9.275622e-01 
 1178.000  9.275622e-01 
 1179.000  9.581400e-01 
 1180.000  9.581400e-01 
 1181.000  9.006587e-01 
 1182.000  9.006587e-01 
 1183.000  9.449120e-01 
 1184.000  9.449120e-01 
 1185.000  9.592611e-01 
 1186.000  9.592611e-01 
 1187.000  9.062130e-01 
 1188.000  9.062130e-01 
 1189.000  9.062130e-01 
 1190.000  9.482515e-01 
 1191.000  9.482515e-01 
 1192.000  9.726217e-01 
 1193.000  9.726217e-01 
 1194.000  9.546407e-01 
 1195.000  9.546407e-01 
 1196.000  9.645196e-01 
 1197.000  9.645196e-01 
 1198.000  9.465879e-01 
 1199.000  9.465879e-01 
 1200.000  9.441454e-01 
