  250.000  0.000000e+00 
  251.000  0.000000e+00 
  252.000  0.000000e+00 
  253.000  0.000000e+00 
  254.000  0.000000e+00 
  255.000  0.000000e+00 
  256.000  0.000000e+00 
  257.000  0.000000e+00 
  258.000  0.000000e+00 
  259.000  0.000000e+00 
  260.000  0.000000e+00 
  261.000  0.000000e+00 
  262.000  0.000000e+00 
  263.000  0.000000e+00 
  264.000  0.000000e+00 
  265.000  0.000000e+00 
  266.000  0.000000e+00 
  267.000  0.000000e+00 
  268.000  0.000000e+00 
  269.000  0.000000e+00 
  270.000  0.000000e+00 
  271.000  0.000000e+00 
  272.000  0.000000e+00 
  273.000  0.000000e+00 
  274.000  0.000000e+00 
  275.000  0.000000e+00 
  276.000  0.000000e+00 
  277.000  0.000000e+00 
  278.000  0.000000e+00 
  279.000  0.000000e+00 
  280.000  0.000000e+00 
  281.000  0.000000e+00 
  282.000  0.000000e+00 
  283.000  0.000000e+00 
  284.000  0.000000e+00 
  285.000  0.000000e+00 
  286.000  0.000000e+00 
  287.000  0.000000e+00 
  288.000  0.000000e+00 
  289.000  0.000000e+00 
  290.000  0.000000e+00 
  291.000  0.000000e+00 
  292.000  1.270485e-11 
  293.000  1.351778e-10 
  294.000  1.971284e-09 
  295.000  1.112385e-08 
  296.000  1.254411e-07 
  297.000  5.386798e-07 
  298.000  3.072754e-06 
  299.000  1.008635e-05 
  300.000  3.445186e-05 
  301.000  9.441771e-05 
  302.000  2.186740e-04 
  303.000  5.970209e-04 
  304.000  8.700731e-04 
  305.000  1.969540e-03 
  306.000  3.111836e-03 
  307.000  5.452971e-03 
  308.000  7.813333e-03 
  309.000  1.091622e-02 
  310.000  1.693994e-02 
  311.000  2.022689e-02 
  312.000  2.610328e-02 
  313.000  3.415756e-02 
  314.000  3.805207e-02 
  315.000  4.966422e-02 
  316.000  5.318036e-02 
  317.000  6.345566e-02 
  318.000  7.007725e-02 
  319.000  8.851089e-02 
  320.000  7.704548e-02 
  321.000  1.059771e-01 
  322.000  9.449671e-02 
  323.000  1.088899e-01 
  324.000  1.306756e-01 
  325.000  1.159900e-01 
  326.000  1.383646e-01 
  327.000  1.461758e-01 
  328.000  1.349682e-01 
  329.000  1.620420e-01 
  330.000  1.674607e-01 
  331.000  1.564177e-01 
  332.000  1.762582e-01 
  333.000  1.812070e-01 
  334.000  1.789141e-01 
  335.000  1.924048e-01 
  336.000  1.983142e-01 
  337.000  1.955360e-01 
  338.000  2.047886e-01 
  339.000  2.117734e-01 
  340.000  2.113265e-01 
  341.000  2.191294e-01 
  342.000  2.247920e-01 
  343.000  2.286063e-01 
  344.000  2.280868e-01 
  345.000  2.368375e-01 
  346.000  2.415352e-01 
  347.000  2.457301e-01 
  348.000  2.500208e-01 
  349.000  2.551923e-01 
  350.000  2.592921e-01 
  351.000  2.641789e-01 
  352.000  2.681803e-01 
  353.000  2.729969e-01 
  354.000  2.765819e-01 
  355.000  2.804298e-01 
  356.000  2.852240e-01 
  357.000  2.884426e-01 
  358.000  2.918736e-01 
  359.000  2.952223e-01 
  360.000  2.985945e-01 
  361.000  3.023207e-01 
  362.000  3.081055e-01 
  363.000  3.131377e-01 
  364.000  3.181238e-01 
  365.000  3.223885e-01 
  366.000  3.269484e-01 
  367.000  3.312657e-01 
  368.000  3.354256e-01 
  369.000  3.389012e-01 
  370.000  3.430923e-01 
  371.000  3.474911e-01 
  372.000  3.512882e-01 
  373.000  3.557764e-01 
  374.000  3.601090e-01 
  375.000  3.636164e-01 
  376.000  3.673781e-01 
  377.000  3.714936e-01 
  378.000  3.746327e-01 
  379.000  3.780811e-01 
  380.000  3.815388e-01 
  381.000  3.853070e-01 
  382.000  3.904785e-01 
  383.000  3.957796e-01 
  384.000  3.994652e-01 
  385.000  4.040839e-01 
  386.000  4.077447e-01 
  387.000  4.121007e-01 
  388.000  4.155442e-01 
  389.000  4.190448e-01 
  390.000  4.234366e-01 
  391.000  4.270356e-01 
  392.000  4.301689e-01 
  393.000  4.351485e-01 
  394.000  4.386842e-01 
  395.000  4.421403e-01 
  396.000  4.465362e-01 
  397.000  4.504241e-01 
  398.000  4.533285e-01 
  399.000  4.570341e-01 
  400.000  4.604259e-01 
  401.000  4.647354e-01 
  402.000  4.685393e-01 
  403.000  4.725004e-01 
  404.000  4.753094e-01 
  405.000  4.790793e-01 
  406.000  4.825023e-01 
  407.000  4.869967e-01 
  408.000  4.894058e-01 
  409.000  4.927726e-01 
  410.000  4.962100e-01 
  411.000  5.001391e-01 
  412.000  5.040802e-01 
  413.000  5.064417e-01 
  414.000  5.105741e-01 
  415.000  5.138671e-01 
  416.000  5.180060e-01 
  417.000  5.205469e-01 
  418.000  5.235011e-01 
  419.000  5.275878e-01 
  420.000  5.304369e-01 
  421.000  5.336781e-01 
  422.000  5.363500e-01 
  423.000  5.399378e-01 
  424.000  5.428376e-01 
  425.000  5.469547e-01 
  426.000  5.499817e-01 
  427.000  5.530473e-01 
  428.000  5.558338e-01 
  429.000  5.595161e-01 
  430.000  5.627225e-01 
  431.000  5.641844e-01 
  432.000  5.684991e-01 
  433.000  5.716645e-01 
  434.000  5.738128e-01 
  435.000  5.761726e-01 
  436.000  5.796146e-01 
  437.000  5.841489e-01 
  438.000  5.865344e-01 
  439.000  5.876515e-01 
  440.000  5.910631e-01 
  441.000  5.939590e-01 
  442.000  5.974830e-01 
  443.000  5.993584e-01 
  444.000  6.022756e-01 
  445.000  6.030714e-01 
  446.000  6.063460e-01 
  447.000  6.101421e-01 
  448.000  6.108852e-01 
  449.000  6.152297e-01 
  450.000  6.190158e-01 
  451.000  6.213886e-01 
  452.000  6.233318e-01 
  453.000  6.261830e-01 
  454.000  6.300417e-01 
  455.000  6.315157e-01 
  456.000  6.337985e-01 
  457.000  6.363623e-01 
  458.000  6.383263e-01 
  459.000  6.405456e-01 
  460.000  6.421240e-01 
  461.000  6.445639e-01 
  462.000  6.478544e-01 
  463.000  6.483572e-01 
  464.000  6.515554e-01 
  465.000  6.537926e-01 
  466.000  6.578450e-01 
  467.000  6.593588e-01 
  468.000  6.617445e-01 
  469.000  6.634078e-01 
  470.000  6.654667e-01 
  471.000  6.680551e-01 
  472.000  6.689056e-01 
  473.000  6.692737e-01 
  474.000  6.679075e-01 
  475.000  6.674366e-01 
  476.000  6.679078e-01 
  477.000  6.686673e-01 
  478.000  6.699096e-01 
  479.000  6.725085e-01 
  480.000  6.760486e-01 
  481.000  6.812885e-01 
  482.000  6.854912e-01 
  483.000  6.892135e-01 
  484.000  6.912053e-01 
  485.000  6.925538e-01 
  486.000  6.938917e-01 
  487.000  6.969449e-01 
  488.000  6.985750e-01 
  489.000  6.999000e-01 
  490.000  7.029024e-01 
  491.000  7.046755e-01 
  492.000  7.064556e-01 
  493.000  7.082177e-01 
  494.000  7.095101e-01 
  495.000  7.108521e-01 
  496.000  7.118240e-01 
  497.000  7.133353e-01 
  498.000  7.144207e-01 
  499.000  7.158329e-01 
  500.000  7.168421e-01 
  501.000  7.167595e-01 
  502.000  7.148838e-01 
  503.000  7.129804e-01 
  504.000  7.080067e-01 
  505.000  7.152918e-01 
  506.000  7.158016e-01 
  507.000  7.157394e-01 
  508.000  7.212965e-01 
  509.000  7.236787e-01 
  510.000  7.269824e-01 
  511.000  7.286447e-01 
  512.000  7.300137e-01 
  513.000  7.330708e-01 
  514.000  7.341892e-01 
  515.000  7.363364e-01 
  516.000  7.372093e-01 
  517.000  7.387655e-01 
  518.000  7.391507e-01 
  519.000  7.402099e-01 
  520.000  7.407247e-01 
  521.000  7.418987e-01 
  522.000  7.422238e-01 
  523.000  7.427203e-01 
  524.000  7.429121e-01 
  525.000  7.422383e-01 
  526.000  7.426358e-01 
  527.000  7.423226e-01 
  528.000  7.421747e-01 
  529.000  7.417169e-01 
  530.000  7.417390e-01 
  531.000  7.424064e-01 
  532.000  7.429470e-01 
  533.000  7.438834e-01 
  534.000  7.450926e-01 
  535.000  7.458668e-01 
  536.000  7.472041e-01 
  537.000  7.486402e-01 
  538.000  7.494572e-01 
  539.000  7.497721e-01 
  540.000  7.507733e-01 
  541.000  7.474682e-01 
  542.000  7.495580e-01 
  543.000  7.523103e-01 
  544.000  7.531841e-01 
  545.000  7.519006e-01 
  546.000  7.506070e-01 
  547.000  7.536102e-01 
  548.000  7.566909e-01 
  549.000  7.572447e-01 
  550.000  7.581854e-01 
  551.000  7.597894e-01 
  552.000  7.602134e-01 
  553.000  7.610257e-01 
  554.000  7.617233e-01 
  555.000  7.622849e-01 
  556.000  7.619364e-01 
  557.000  7.612576e-01 
  558.000  7.607384e-01 
  559.000  7.600350e-01 
  560.000  7.593524e-01 
  561.000  7.588274e-01 
  562.000  7.585265e-01 
  563.000  7.578151e-01 
  564.000  7.570682e-01 
  565.000  7.563739e-01 
  566.000  7.559493e-01 
  567.000  7.544603e-01 
  568.000  7.528617e-01 
  569.000  7.432925e-01 
  570.000  7.422697e-01 
  571.000  7.442198e-01 
  572.000  7.384315e-01 
  573.000  7.404921e-01 
  574.000  7.371722e-01 
  575.000  7.390936e-01 
  576.000  7.382826e-01 
  577.000  7.383673e-01 
  578.000  7.432938e-01 
  579.000  7.462662e-01 
  580.000  7.491978e-01 
  581.000  7.535499e-01 
  582.000  7.573086e-01 
  583.000  7.609529e-01 
  584.000  7.657747e-01 
  585.000  7.671279e-01 
  586.000  7.694457e-01 
  587.000  7.693692e-01 
  588.000  7.659969e-01 
  589.000  7.375010e-01 
  590.000  7.354519e-01 
  591.000  7.476324e-01 
  592.000  7.272066e-01 
  593.000  7.644287e-01 
  594.000  7.450504e-01 
  595.000  7.547425e-01 
  596.000  7.613366e-01 
  597.000  7.610936e-01 
  598.000  7.622081e-01 
  599.000  7.695300e-01 
  600.000  7.736081e-01 
  601.000  7.779580e-01 
  602.000  7.800134e-01 
  603.000  7.808252e-01 
  604.000  7.827363e-01 
  605.000  7.837301e-01 
  606.000  7.858176e-01 
  607.000  7.877021e-01 
  608.000  7.898703e-01 
  609.000  7.907576e-01 
  610.000  7.925202e-01 
  611.000  7.939444e-01 
  612.000  7.960548e-01 
  613.000  7.977709e-01 
  614.000  7.990111e-01 
  615.000  8.004365e-01 
  616.000  8.024341e-01 
  617.000  8.038338e-01 
  618.000  8.047357e-01 
  619.000  8.060199e-01 
  620.000  8.070402e-01 
  621.000  8.076518e-01 
  622.000  8.078942e-01 
  623.000  8.082191e-01 
  624.000  8.082184e-01 
  625.000  8.083824e-01 
  626.000  8.078448e-01 
  627.000  8.064002e-01 
  628.000  7.670127e-01 
  629.000  7.882353e-01 
  630.000  7.951137e-01 
  631.000  8.071777e-01 
  632.000  8.100771e-01 
  633.000  8.142050e-01 
  634.000  8.179493e-01 
  635.000  8.202842e-01 
  636.000  8.230783e-01 
  637.000  8.273915e-01 
  638.000  8.323948e-01 
  639.000  8.350100e-01 
  640.000  8.373838e-01 
  641.000  8.390572e-01 
  642.000  8.427612e-01 
  643.000  8.427626e-01 
  644.000  8.453336e-01 
  645.000  8.451030e-01 
  646.000  8.364497e-01 
  647.000  8.227956e-01 
  648.000  8.082206e-01 
  649.000  8.234127e-01 
  650.000  8.473839e-01 
  651.000  8.506093e-01 
  652.000  8.417288e-01 
  653.000  8.520264e-01 
  654.000  8.520728e-01 
  655.000  8.286194e-01 
  656.000  8.457406e-01 
  657.000  8.512521e-01 
  658.000  8.606291e-01 
  659.000  8.664173e-01 
  660.000  8.654532e-01 
  661.000  8.693565e-01 
  662.000  8.694485e-01 
  663.000  8.697686e-01 
  664.000  8.719293e-01 
  665.000  8.728148e-01 
  666.000  8.743761e-01 
  667.000  8.763214e-01 
  668.000  8.771666e-01 
  669.000  8.785531e-01 
  670.000  8.794879e-01 
  671.000  8.811621e-01 
  672.000  8.815278e-01 
  673.000  8.829342e-01 
  674.000  8.834680e-01 
  675.000  8.849184e-01 
  676.000  8.853282e-01 
  677.000  8.861247e-01 
  678.000  8.873779e-01 
  679.000  8.880235e-01 
  680.000  8.892298e-01 
  681.000  8.893954e-01 
  682.000  8.914116e-01 
  683.000  8.907058e-01 
  684.000  8.918661e-01 
  685.000  8.938783e-01 
  686.000  8.942421e-01 
  687.000  5.046387e-01 
  688.000  6.939604e-01 
  689.000  7.485145e-01 
  690.000  7.831882e-01 
  691.000  8.145801e-01 
  692.000  8.562182e-01 
  693.000  8.258141e-01 
  694.000  7.865728e-01 
  695.000  8.379785e-01 
  696.000  8.303717e-01 
  697.000  8.932441e-01 
  698.000  8.919296e-01 
  699.000  8.606538e-01 
  700.000  8.631498e-01 
  701.000  8.403298e-01 
  702.000  8.486713e-01 
  703.000  8.596466e-01 
  704.000  8.668755e-01 
  705.000  8.679013e-01 
  706.000  8.809395e-01 
  707.000  8.890444e-01 
  708.000  8.947526e-01 
  709.000  8.964921e-01 
  710.000  8.935605e-01 
  711.000  9.020844e-01 
  712.000  8.989401e-01 
  713.000  9.036536e-01 
  714.000  9.002257e-01 
  715.000  8.793425e-01 
  716.000  8.852708e-01 
  717.000  8.074668e-01 
  718.000  6.884690e-01 
  719.000  6.391834e-01 
  720.000  6.850941e-01 
  721.000  8.506915e-01 
  722.000  8.512381e-01 
  723.000  8.364472e-01 
  724.000  6.973655e-01 
  725.000  7.051700e-01 
  726.000  7.865368e-01 
  727.000  7.503310e-01 
  728.000  6.829725e-01 
  729.000  7.106322e-01 
  730.000  7.994822e-01 
  731.000  7.534984e-01 
  732.000  7.719610e-01 
  733.000  8.474395e-01 
  734.000  8.950942e-01 
  735.000  8.629479e-01 
  736.000  8.868111e-01 
  737.000  8.857660e-01 
  738.000  8.975651e-01 
  739.000  8.989807e-01 
  740.000  9.155590e-01 
  741.000  9.247673e-01 
  742.000  9.268965e-01 
  743.000  9.265464e-01 
  744.000  9.291581e-01 
  745.000  9.318733e-01 
  746.000  9.335341e-01 
  747.000  9.333816e-01 
  748.000  9.340467e-01 
  749.000  9.343503e-01 
  750.000  9.349366e-01 
  751.000  9.349934e-01 
  752.000  9.365558e-01 
  753.000  9.369184e-01 
  754.000  9.371575e-01 
  755.000  9.373910e-01 
  756.000  9.375393e-01 
  757.000  9.385108e-01 
  758.000  9.392978e-01 
  759.000  9.165525e-01 
  760.000  1.685532e-01 
  761.000  8.495662e-02 
  762.000  4.931093e-01 
  763.000  3.644180e-01 
  764.000  4.341882e-01 
  765.000  5.955229e-01 
  766.000  7.466239e-01 
  767.000  8.027192e-01 
  768.000  8.984765e-01 
  769.000  9.236863e-01 
  770.000  9.242975e-01 
  771.000  9.382510e-01 
  772.000  9.434822e-01 
  773.000  9.436416e-01 
  774.000  9.436248e-01 
  775.000  9.439049e-01 
  776.000  9.442323e-01 
  777.000  9.446873e-01 
  778.000  9.449506e-01 
  779.000  9.451773e-01 
  780.000  9.453664e-01 
  781.000  9.459304e-01 
  782.000  9.460614e-01 
  783.000  9.465750e-01 
  784.000  9.453068e-01 
  785.000  9.443737e-01 
  786.000  9.390861e-01 
  787.000  9.354103e-01 
  788.000  9.239722e-01 
  789.000  9.250958e-01 
  790.000  9.032015e-01 
  791.000  9.080454e-01 
  792.000  9.154398e-01 
  793.000  9.229736e-01 
  794.000  9.474862e-01 
  795.000  9.363761e-01 
  796.000  8.835968e-01 
  797.000  9.209633e-01 
  798.000  9.265816e-01 
  799.000  9.338592e-01 
  800.000  9.121259e-01 
  801.000  9.014288e-01 
  802.000  9.146445e-01 
  803.000  9.123549e-01 
  804.000  9.118896e-01 
  805.000  9.197438e-01 
  806.000  9.409069e-01 
  807.000  9.294990e-01 
  808.000  9.415671e-01 
  809.000  9.231837e-01 
  810.000  9.120560e-01 
  811.000  9.104770e-01 
  812.000  8.884282e-01 
  813.000  8.459861e-01 
  814.000  7.851544e-01 
  815.000  7.366073e-01 
  816.000  7.780044e-01 
  817.000  6.221170e-01 
  818.000  7.462420e-01 
  819.000  7.687433e-01 
  820.000  7.383822e-01 
  821.000  9.064275e-01 
  822.000  8.675790e-01 
  823.000  5.830541e-01 
  824.000  8.210182e-01 
  825.000  8.843722e-01 
  826.000  8.270616e-01 
  827.000  8.813787e-01 
  828.000  7.468644e-01 
  829.000  8.467338e-01 
  830.000  8.277430e-01 
  831.000  8.391562e-01 
  832.000  8.209186e-01 
  833.000  8.775735e-01 
  834.000  8.773475e-01 
  835.000  9.044814e-01 
  836.000  9.049322e-01 
  837.000  9.047301e-01 
  838.000  9.242774e-01 
  839.000  9.377047e-01 
  840.000  9.387003e-01 
  841.000  9.387003e-01 
  842.000  9.219303e-01 
  843.000  9.560573e-01 
  844.000  9.377605e-01 
  845.000  9.520283e-01 
  846.000  9.562912e-01 
  847.000  9.599054e-01 
  848.000  9.549642e-01 
  849.000  9.572095e-01 
  850.000  9.557656e-01 
  851.000  9.519389e-01 
  852.000  9.583604e-01 
  853.000  9.610972e-01 
  854.000  9.593045e-01 
  855.000  9.593045e-01 
  856.000  9.612054e-01 
  857.000  9.652553e-01 
  858.000  9.615868e-01 
  859.000  9.638984e-01 
  860.000  9.664370e-01 
  861.000  9.654309e-01 
  862.000  9.666601e-01 
  863.000  9.663402e-01 
  864.000  9.673793e-01 
  865.000  9.673793e-01 
  866.000  9.674075e-01 
  867.000  9.677061e-01 
  868.000  9.676367e-01 
  869.000  9.678389e-01 
  870.000  9.678352e-01 
  871.000  9.682502e-01 
  872.000  9.684649e-01 
  873.000  9.682283e-01 
  874.000  9.682283e-01 
  875.000  9.689496e-01 
  876.000  9.690831e-01 
  877.000  9.688635e-01 
  878.000  9.684590e-01 
  879.000  9.683949e-01 
  880.000  9.693660e-01 
  881.000  9.693660e-01 
  882.000  9.668306e-01 
  883.000  9.678372e-01 
  884.000  9.679279e-01 
  885.000  9.683290e-01 
  886.000  9.551951e-01 
  887.000  9.670988e-01 
  888.000  9.670988e-01 
  889.000  9.634802e-01 
  890.000  9.577944e-01 
  891.000  9.662483e-01 
  892.000  9.541955e-01 
  893.000  9.156480e-01 
  894.000  9.156480e-01 
  895.000  8.683234e-01 
  896.000  8.125424e-01 
  897.000  6.787707e-01 
  898.000  7.951596e-01 
  899.000  6.002761e-01 
  900.000  6.002761e-01 
  901.000  6.409028e-01 
  902.000  7.011945e-01 
  903.000  7.498461e-01 
  904.000  8.811093e-01 
  905.000  8.613784e-01 
  906.000  8.613784e-01 
  907.000  6.927564e-01 
  908.000  6.848174e-01 
  909.000  6.770592e-01 
  910.000  6.385053e-01 
  911.000  6.385053e-01 
  912.000  7.705696e-01 
  913.000  6.987076e-01 
  914.000  6.659266e-01 
  915.000  6.144007e-01 
  916.000  6.144007e-01 
  917.000  7.583999e-01 
  918.000  6.271286e-01 
  919.000  7.572243e-01 
  920.000  8.711039e-01 
  921.000  8.711039e-01 
  922.000  8.268044e-01 
  923.000  8.297537e-01 
  924.000  7.697421e-01 
  925.000  7.697421e-01 
  926.000  7.992604e-01 
  927.000  8.118975e-01 
  928.000  6.104835e-01 
  929.000  5.640230e-01 
  930.000  5.640230e-01 
  931.000  4.244618e-01 
  932.000  2.511003e-01 
  933.000  2.161752e-01 
  934.000  2.161752e-01 
  935.000  2.363805e-01 
  936.000  2.042917e-01 
  937.000  1.603913e-01 
  938.000  1.603913e-01 
  939.000  3.118727e-01 
  940.000  4.504039e-01 
  941.000  3.959752e-01 
  942.000  3.959752e-01 
  943.000  2.917187e-01 
  944.000  3.008879e-01 
  945.000  3.801560e-01 
  946.000  3.801560e-01 
  947.000  2.969311e-01 
  948.000  3.474432e-01 
  949.000  3.905421e-01 
  950.000  3.905421e-01 
  951.000  4.504409e-01 
  952.000  2.703516e-01 
  953.000  4.566702e-01 
  954.000  4.566702e-01 
  955.000  4.474807e-01 
  956.000  3.378235e-01 
  957.000  5.394341e-01 
  958.000  5.394341e-01 
  959.000  3.845504e-01 
  960.000  4.754963e-01 
  961.000  4.754963e-01 
  962.000  5.548797e-01 
  963.000  6.086586e-01 
  964.000  5.102568e-01 
  965.000  5.102568e-01 
  966.000  5.812786e-01 
  967.000  7.296272e-01 
  968.000  7.296272e-01 
  969.000  7.634748e-01 
  970.000  8.134741e-01 
  971.000  8.484715e-01 
  972.000  8.484715e-01 
  973.000  8.031276e-01 
  974.000  6.873028e-01 
  975.000  6.873028e-01 
  976.000  6.755406e-01 
  977.000  7.969734e-01 
  978.000  7.743382e-01 
  979.000  7.743382e-01 
  980.000  7.750195e-01 
  981.000  8.980386e-01 
  982.000  8.980386e-01 
  983.000  8.591837e-01 
  984.000  8.955333e-01 
  985.000  8.955333e-01 
  986.000  9.525651e-01 
  987.000  9.316898e-01 
  988.000  9.316898e-01 
  989.000  9.671888e-01 
  990.000  9.513301e-01 
  991.000  9.513301e-01 
  992.000  9.642737e-01 
  993.000  9.610103e-01 
  994.000  9.610103e-01 
  995.000  9.771712e-01 
  996.000  9.776215e-01 
  997.000  9.776215e-01 
  998.000  9.779871e-01 
  999.000  9.764031e-01 
 1000.000  9.764031e-01 
 1001.000  9.769023e-01 
 1002.000  9.579440e-01 
 1003.000  9.579440e-01 
 1004.000  9.774454e-01 
 1005.000  9.787729e-01 
 1006.000  9.787729e-01 
 1007.000  9.795133e-01 
 1008.000  9.747966e-01 
 1009.000  9.747966e-01 
 1010.000  9.618585e-01 
 1011.000  9.794078e-01 
 1012.000  9.794078e-01 
 1013.000  9.800684e-01 
 1014.000  9.796234e-01 
 1015.000  9.796234e-01 
 1016.000  9.807948e-01 
 1017.000  9.791111e-01 
 1018.000  9.791111e-01 
 1019.000  9.778816e-01 
 1020.000  9.812641e-01 
 1021.000  9.812641e-01 
 1022.000  9.781809e-01 
 1023.000  9.781809e-01 
 1024.000  9.769885e-01 
 1025.000  9.811850e-01 
 1026.000  9.811850e-01 
 1027.000  9.793177e-01 
 1028.000  9.814906e-01 
 1029.000  9.814906e-01 
 1030.000  9.823796e-01 
 1031.000  9.823675e-01 
 1032.000  9.823675e-01 
 1033.000  9.824842e-01 
 1034.000  9.824842e-01 
 1035.000  9.830874e-01 
 1036.000  9.822398e-01 
 1037.000  9.822398e-01 
 1038.000  9.821463e-01 
 1039.000  9.811377e-01 
 1040.000  9.811377e-01 
 1041.000  9.805040e-01 
 1042.000  9.805040e-01 
 1043.000  9.796576e-01 
 1044.000  9.783412e-01 
 1045.000  9.783412e-01 
 1046.000  9.765155e-01 
 1047.000  9.765155e-01 
 1048.000  9.746848e-01 
 1049.000  9.710689e-01 
 1050.000  9.710689e-01 
 1051.000  9.693687e-01 
 1052.000  9.693687e-01 
 1053.000  9.668561e-01 
 1054.000  9.647069e-01 
 1055.000  9.647069e-01 
 1056.000  9.622070e-01 
 1057.000  9.622070e-01 
 1058.000  9.599850e-01 
 1059.000  9.578164e-01 
 1060.000  9.578164e-01 
 1061.000  9.564269e-01 
 1062.000  9.564269e-01 
 1063.000  9.535461e-01 
 1064.000  9.515131e-01 
 1065.000  9.515131e-01 
 1066.000  9.548535e-01 
 1067.000  9.548535e-01 
 1068.000  9.528225e-01 
 1069.000  9.520524e-01 
 1070.000  9.520524e-01 
 1071.000  9.567698e-01 
 1072.000  9.567698e-01 
 1073.000  9.594799e-01 
 1074.000  9.594799e-01 
 1075.000  9.464953e-01 
 1076.000  9.452284e-01 
 1077.000  9.452284e-01 
 1078.000  9.600198e-01 
 1079.000  9.600198e-01 
 1080.000  9.446128e-01 
 1081.000  9.446128e-01 
 1082.000  9.546038e-01 
 1083.000  9.402260e-01 
 1084.000  9.402260e-01 
 1085.000  9.228361e-01 
 1086.000  9.228361e-01 
 1087.000  9.513083e-01 
 1088.000  9.513083e-01 
 1089.000  9.381221e-01 
 1090.000  9.331523e-01 
 1091.000  9.331523e-01 
 1092.000  9.029542e-01 
 1093.000  9.029542e-01 
 1094.000  9.059108e-01 
 1095.000  9.059108e-01 
 1096.000  8.956745e-01 
 1097.000  8.956745e-01 
 1098.000  8.635985e-01 
 1099.000  7.885241e-01 
 1100.000  7.885241e-01 
 1101.000  7.951186e-01 
 1102.000  7.951186e-01 
 1103.000  7.615073e-01 
 1104.000  7.615073e-01 
 1105.000  7.348406e-01 
 1106.000  7.348406e-01 
 1107.000  7.350931e-01 
 1108.000  7.350931e-01 
 1109.000  6.679874e-01 
 1110.000  6.373953e-01 
 1111.000  6.373953e-01 
 1112.000  5.815707e-01 
 1113.000  5.815707e-01 
 1114.000  4.628265e-01 
 1115.000  4.628265e-01 
 1116.000  2.290561e-01 
 1117.000  2.290561e-01 
 1118.000  3.113339e-01 
 1119.000  3.113339e-01 
 1120.000  2.361816e-01 
 1121.000  2.361816e-01 
 1122.000  1.089394e-01 
 1123.000  2.736759e-01 
 1124.000  2.736759e-01 
 1125.000  1.228960e-01 
 1126.000  1.228960e-01 
 1127.000  1.647639e-01 
 1128.000  1.647639e-01 
 1129.000  1.481543e-01 
 1130.000  1.481543e-01 
 1131.000  4.376974e-01 
 1132.000  4.376974e-01 
 1133.000  1.537298e-01 
 1134.000  1.537298e-01 
 1135.000  8.564841e-02 
 1136.000  8.564841e-02 
 1137.000  4.213614e-01 
 1138.000  4.213614e-01 
 1139.000  4.088984e-01 
 1140.000  4.088984e-01 
 1141.000  3.714860e-01 
 1142.000  3.714860e-01 
 1143.000  4.145313e-01 
 1144.000  4.145313e-01 
 1145.000  1.839971e-01 
 1146.000  1.839971e-01 
 1147.000  1.879826e-01 
 1148.000  1.879826e-01 
 1149.000  3.326727e-01 
 1150.000  3.326727e-01 
 1151.000  3.877634e-01 
 1152.000  3.877634e-01 
 1153.000  3.469312e-01 
 1154.000  3.469312e-01 
 1155.000  4.009445e-01 
 1156.000  4.009445e-01 
 1157.000  5.305634e-01 
 1158.000  5.305634e-01 
 1159.000  6.268460e-01 
 1160.000  6.268460e-01 
 1161.000  6.058504e-01 
 1162.000  6.058504e-01 
 1163.000  7.307307e-01 
 1164.000  7.307307e-01 
 1165.000  6.879137e-01 
 1166.000  6.879137e-01 
 1167.000  7.666285e-01 
 1168.000  7.666285e-01 
 1169.000  7.964414e-01 
 1170.000  7.964414e-01 
 1171.000  8.163185e-01 
 1172.000  8.163185e-01 
 1173.000  6.860960e-01 
 1174.000  6.860960e-01 
 1175.000  8.927185e-01 
 1176.000  8.927185e-01 
 1177.000  7.673841e-01 
 1178.000  7.673841e-01 
 1179.000  8.684533e-01 
 1180.000  8.684533e-01 
 1181.000  6.947837e-01 
 1182.000  6.947837e-01 
 1183.000  8.173175e-01 
 1184.000  8.173175e-01 
 1185.000  8.473467e-01 
 1186.000  8.473467e-01 
 1187.000  7.378765e-01 
 1188.000  7.378765e-01 
 1189.000  7.378765e-01 
 1190.000  8.276763e-01 
 1191.000  8.276763e-01 
 1192.000  9.088811e-01 
 1193.000  9.088811e-01 
 1194.000  8.497730e-01 
 1195.000  8.497730e-01 
 1196.000  8.633192e-01 
 1197.000  8.633192e-01 
 1198.000  8.085109e-01 
 1199.000  8.085109e-01 
 1200.000  8.139823e-01 
