  250.000  0.000000e+00 
  251.000  0.000000e+00 
  252.000  0.000000e+00 
  253.000  0.000000e+00 
  254.000  0.000000e+00 
  255.000  0.000000e+00 
  256.000  0.000000e+00 
  257.000  0.000000e+00 
  258.000  0.000000e+00 
  259.000  0.000000e+00 
  260.000  0.000000e+00 
  261.000  0.000000e+00 
  262.000  0.000000e+00 
  263.000  0.000000e+00 
  264.000  0.000000e+00 
  265.000  0.000000e+00 
  266.000  0.000000e+00 
  267.000  0.000000e+00 
  268.000  0.000000e+00 
  269.000  0.000000e+00 
  270.000  0.000000e+00 
  271.000  0.000000e+00 
  272.000  0.000000e+00 
  273.000  0.000000e+00 
  274.000  0.000000e+00 
  275.000  0.000000e+00 
  276.000  0.000000e+00 
  277.000  0.000000e+00 
  278.000  0.000000e+00 
  279.000  0.000000e+00 
  280.000  0.000000e+00 
  281.000  0.000000e+00 
  282.000  0.000000e+00 
  283.000  0.000000e+00 
  284.000  0.000000e+00 
  285.000  0.000000e+00 
  286.000  0.000000e+00 
  287.000  0.000000e+00 
  288.000  0.000000e+00 
  289.000  0.000000e+00 
  290.000  0.000000e+00 
  291.000  0.000000e+00 
  292.000  2.631194e-08 
  293.000  1.363148e-07 
  294.000  8.793740e-07 
  295.000  2.930625e-06 
  296.000  1.580938e-05 
  297.000  4.356992e-05 
  298.000  1.462975e-04 
  299.000  3.344545e-04 
  300.000  7.860542e-04 
  301.000  1.585029e-03 
  302.000  2.842968e-03 
  303.000  5.717553e-03 
  304.000  7.430112e-03 
  305.000  1.311653e-02 
  306.000  1.803066e-02 
  307.000  2.663692e-02 
  308.000  3.420953e-02 
  309.000  4.316986e-02 
  310.000  5.860555e-02 
  311.000  6.630037e-02 
  312.000  7.917181e-02 
  313.000  9.545901e-02 
  314.000  1.029052e-01 
  315.000  1.238511e-01 
  316.000  1.298871e-01 
  317.000  1.468710e-01 
  318.000  1.573704e-01 
  319.000  1.851297e-01 
  320.000  1.680983e-01 
  321.000  2.098392e-01 
  322.000  1.937521e-01 
  323.000  2.138348e-01 
  324.000  2.427610e-01 
  325.000  2.234406e-01 
  326.000  2.526109e-01 
  327.000  2.624484e-01 
  328.000  2.482811e-01 
  329.000  2.819523e-01 
  330.000  2.884784e-01 
  331.000  2.751080e-01 
  332.000  2.989387e-01 
  333.000  3.047529e-01 
  334.000  3.020651e-01 
  335.000  3.177337e-01 
  336.000  3.244910e-01 
  337.000  3.213220e-01 
  338.000  3.318245e-01 
  339.000  3.396573e-01 
  340.000  3.391586e-01 
  341.000  3.478219e-01 
  342.000  3.540503e-01 
  343.000  3.582188e-01 
  344.000  3.576522e-01 
  345.000  3.671429e-01 
  346.000  3.721938e-01 
  347.000  3.766787e-01 
  348.000  3.812421e-01 
  349.000  3.867106e-01 
  350.000  3.910221e-01 
  351.000  3.961341e-01 
  352.000  4.002985e-01 
  353.000  4.052863e-01 
  354.000  4.089813e-01 
  355.000  4.129313e-01 
  356.000  4.178294e-01 
  357.000  4.211038e-01 
  358.000  4.245821e-01 
  359.000  4.279649e-01 
  360.000  4.313596e-01 
  361.000  4.350973e-01 
  362.000  4.408722e-01 
  363.000  4.458690e-01 
  364.000  4.507959e-01 
  365.000  4.549915e-01 
  366.000  4.594586e-01 
  367.000  4.636709e-01 
  368.000  4.677136e-01 
  369.000  4.710796e-01 
  370.000  4.751248e-01 
  371.000  4.793541e-01 
  372.000  4.829920e-01 
  373.000  4.872765e-01 
  374.000  4.913968e-01 
  375.000  4.947214e-01 
  376.000  4.982761e-01 
  377.000  5.021526e-01 
  378.000  5.051007e-01 
  379.000  5.083305e-01 
  380.000  5.115600e-01 
  381.000  5.150693e-01 
  382.000  5.198687e-01 
  383.000  5.247682e-01 
  384.000  5.281630e-01 
  385.000  5.324037e-01 
  386.000  5.357544e-01 
  387.000  5.397296e-01 
  388.000  5.428630e-01 
  389.000  5.460403e-01 
  390.000  5.500150e-01 
  391.000  5.532629e-01 
  392.000  5.560837e-01 
  393.000  5.605540e-01 
  394.000  5.637185e-01 
  395.000  5.668043e-01 
  396.000  5.707186e-01 
  397.000  5.741704e-01 
  398.000  5.767439e-01 
  399.000  5.800191e-01 
  400.000  5.830104e-01 
  401.000  5.868012e-01 
  402.000  5.901383e-01 
  403.000  5.936045e-01 
  404.000  5.960572e-01 
  405.000  5.993420e-01 
  406.000  6.023176e-01 
  407.000  6.062152e-01 
  408.000  6.082999e-01 
  409.000  6.112079e-01 
  410.000  6.141707e-01 
  411.000  6.175498e-01 
  412.000  6.209309e-01 
  413.000  6.229529e-01 
  414.000  6.264846e-01 
  415.000  6.292926e-01 
  416.000  6.328144e-01 
  417.000  6.349721e-01 
  418.000  6.374769e-01 
  419.000  6.409344e-01 
  420.000  6.433403e-01 
  421.000  6.460726e-01 
  422.000  6.483210e-01 
  423.000  6.513348e-01 
  424.000  6.537664e-01 
  425.000  6.572118e-01 
  426.000  6.597396e-01 
  427.000  6.622958e-01 
  428.000  6.646155e-01 
  429.000  6.676752e-01 
  430.000  6.703347e-01 
  431.000  6.715457e-01 
  432.000  6.751143e-01 
  433.000  6.777270e-01 
  434.000  6.794977e-01 
  435.000  6.814405e-01 
  436.000  6.842698e-01 
  437.000  6.879894e-01 
  438.000  6.899425e-01 
  439.000  6.908563e-01 
  440.000  6.936438e-01 
  441.000  6.960062e-01 
  442.000  6.988708e-01 
  443.000  7.003874e-01 
  444.000  7.027705e-01 
  445.000  7.033937e-01 
  446.000  7.060494e-01 
  447.000  7.091439e-01 
  448.000  7.097445e-01 
  449.000  7.132525e-01 
  450.000  7.163032e-01 
  451.000  7.182121e-01 
  452.000  7.197739e-01 
  453.000  7.220615e-01 
  454.000  7.251549e-01 
  455.000  7.263348e-01 
  456.000  7.281601e-01 
  457.000  7.302080e-01 
  458.000  7.317750e-01 
  459.000  7.335439e-01 
  460.000  7.348009e-01 
  461.000  7.367421e-01 
  462.000  7.393565e-01 
  463.000  7.397556e-01 
  464.000  7.422922e-01 
  465.000  7.440643e-01 
  466.000  7.472672e-01 
  467.000  7.484650e-01 
  468.000  7.503481e-01 
  469.000  7.516446e-01 
  470.000  7.532592e-01 
  471.000  7.553180e-01 
  472.000  7.559860e-01 
  473.000  7.562763e-01 
  474.000  7.552025e-01 
  475.000  7.548240e-01 
  476.000  7.552028e-01 
  477.000  7.558002e-01 
  478.000  7.567768e-01 
  479.000  7.588180e-01 
  480.000  7.615945e-01 
  481.000  7.656960e-01 
  482.000  7.689788e-01 
  483.000  7.718812e-01 
  484.000  7.734323e-01 
  485.000  7.744691e-01 
  486.000  7.755104e-01 
  487.000  7.778940e-01 
  488.000  7.791592e-01 
  489.000  7.801859e-01 
  490.000  7.825139e-01 
  491.000  7.838861e-01 
  492.000  7.852635e-01 
  493.000  7.866257e-01 
  494.000  7.876241e-01 
  495.000  7.886603e-01 
  496.000  7.894102e-01 
  497.000  7.905757e-01 
  498.000  7.914124e-01 
  499.000  7.925000e-01 
  500.000  7.932751e-01 
  501.000  7.932032e-01 
  502.000  7.916933e-01 
  503.000  7.901645e-01 
  504.000  7.861544e-01 
  505.000  7.920019e-01 
  506.000  7.923219e-01 
  507.000  7.922205e-01 
  508.000  7.966025e-01 
  509.000  7.984695e-01 
  510.000  8.010514e-01 
  511.000  8.023141e-01 
  512.000  8.033677e-01 
  513.000  8.057257e-01 
  514.000  8.065796e-01 
  515.000  8.082232e-01 
  516.000  8.088895e-01 
  517.000  8.100770e-01 
  518.000  8.103709e-01 
  519.000  8.111785e-01 
  520.000  8.115711e-01 
  521.000  8.124655e-01 
  522.000  8.127131e-01 
  523.000  8.130914e-01 
  524.000  8.132284e-01 
  525.000  8.127031e-01 
  526.000  8.130265e-01 
  527.000  8.127748e-01 
  528.000  8.126732e-01 
  529.000  8.123133e-01 
  530.000  8.123393e-01 
  531.000  8.128517e-01 
  532.000  8.132624e-01 
  533.000  8.139768e-01 
  534.000  8.148955e-01 
  535.000  8.154860e-01 
  536.000  8.165026e-01 
  537.000  8.175934e-01 
  538.000  8.182144e-01 
  539.000  8.184375e-01 
  540.000  8.191891e-01 
  541.000  8.165594e-01 
  542.000  8.182003e-01 
  543.000  8.203495e-01 
  544.000  8.210121e-01 
  545.000  8.199905e-01 
  546.000  8.189417e-01 
  547.000  8.212755e-01 
  548.000  8.236672e-01 
  549.000  8.240916e-01 
  550.000  8.247948e-01 
  551.000  8.260418e-01 
  552.000  8.263587e-01 
  553.000  8.269801e-01 
  554.000  8.275076e-01 
  555.000  8.279321e-01 
  556.000  8.276687e-01 
  557.000  8.271557e-01 
  558.000  8.267631e-01 
  559.000  8.262310e-01 
  560.000  8.257135e-01 
  561.000  8.253155e-01 
  562.000  8.250894e-01 
  563.000  8.245509e-01 
  564.000  8.239858e-01 
  565.000  8.234601e-01 
  566.000  8.231385e-01 
  567.000  8.219900e-01 
  568.000  8.207683e-01 
  569.000  8.132864e-01 
  570.000  8.125667e-01 
  571.000  8.141549e-01 
  572.000  8.096116e-01 
  573.000  8.112996e-01 
  574.000  8.087125e-01 
  575.000  8.102767e-01 
  576.000  8.096226e-01 
  577.000  8.096626e-01 
  578.000  8.134969e-01 
  579.000  8.157647e-01 
  580.000  8.180090e-01 
  581.000  8.213129e-01 
  582.000  8.241425e-01 
  583.000  8.268998e-01 
  584.000  8.305185e-01 
  585.000  8.315141e-01 
  586.000  8.332505e-01 
  587.000  8.331626e-01 
  588.000  8.304486e-01 
  589.000  8.074150e-01 
  590.000  8.060518e-01 
  591.000  8.157429e-01 
  592.000  7.989032e-01 
  593.000  8.290539e-01 
  594.000  8.132864e-01 
  595.000  8.214880e-01 
  596.000  8.266769e-01 
  597.000  8.264915e-01 
  598.000  8.273630e-01 
  599.000  8.331040e-01 
  600.000  8.363051e-01 
  601.000  8.396769e-01 
  602.000  8.412352e-01 
  603.000  8.418412e-01 
  604.000  8.433106e-01 
  605.000  8.440560e-01 
  606.000  8.456210e-01 
  607.000  8.470402e-01 
  608.000  8.486614e-01 
  609.000  8.493245e-01 
  610.000  8.506404e-01 
  611.000  8.517041e-01 
  612.000  8.532785e-01 
  613.000  8.545578e-01 
  614.000  8.554816e-01 
  615.000  8.565430e-01 
  616.000  8.580294e-01 
  617.000  8.590703e-01 
  618.000  8.597407e-01 
  619.000  8.606949e-01 
  620.000  8.614527e-01 
  621.000  8.619069e-01 
  622.000  8.620867e-01 
  623.000  8.623277e-01 
  624.000  8.623245e-01 
  625.000  8.624485e-01 
  626.000  8.620417e-01 
  627.000  8.609257e-01 
  628.000  8.307866e-01 
  629.000  8.463789e-01 
  630.000  8.525681e-01 
  631.000  8.615479e-01 
  632.000  8.636100e-01 
  633.000  8.667094e-01 
  634.000  8.694628e-01 
  635.000  8.712286e-01 
  636.000  8.732402e-01 
  637.000  8.764027e-01 
  638.000  8.801594e-01 
  639.000  8.820616e-01 
  640.000  8.838241e-01 
  641.000  8.849976e-01 
  642.000  8.877735e-01 
  643.000  8.877341e-01 
  644.000  8.896474e-01 
  645.000  8.894199e-01 
  646.000  8.827970e-01 
  647.000  8.721365e-01 
  648.000  8.603836e-01 
  649.000  8.724228e-01 
  650.000  8.909402e-01 
  651.000  8.933715e-01 
  652.000  8.865827e-01 
  653.000  8.943820e-01 
  654.000  8.943503e-01 
  655.000  8.757784e-01 
  656.000  8.893659e-01 
  657.000  8.935817e-01 
  658.000  9.007035e-01 
  659.000  9.050311e-01 
  660.000  9.042836e-01 
  661.000  9.071829e-01 
  662.000  9.072397e-01 
  663.000  9.074330e-01 
  664.000  9.090419e-01 
  665.000  9.096786e-01 
  666.000  9.108241e-01 
  667.000  9.122428e-01 
  668.000  9.128556e-01 
  669.000  9.138585e-01 
  670.000  9.145414e-01 
  671.000  9.157522e-01 
  672.000  9.160165e-01 
  673.000  9.170330e-01 
  674.000  9.174186e-01 
  675.000  9.184661e-01 
  676.000  9.187604e-01 
  677.000  9.193367e-01 
  678.000  9.202409e-01 
  679.000  9.207057e-01 
  680.000  9.215709e-01 
  681.000  9.216757e-01 
  682.000  9.231393e-01 
  683.000  9.225911e-01 
  684.000  9.234142e-01 
  685.000  9.249077e-01 
  686.000  9.251475e-01 
  687.000  5.818124e-01 
  688.000  7.677419e-01 
  689.000  8.103412e-01 
  690.000  8.412340e-01 
  691.000  8.635929e-01 
  692.000  8.964628e-01 
  693.000  8.717386e-01 
  694.000  8.396306e-01 
  695.000  8.804017e-01 
  696.000  8.739113e-01 
  697.000  9.241311e-01 
  698.000  9.231355e-01 
  699.000  8.989456e-01 
  700.000  9.008218e-01 
  701.000  8.834767e-01 
  702.000  8.897915e-01 
  703.000  8.978084e-01 
  704.000  9.033557e-01 
  705.000  9.044302e-01 
  706.000  9.145268e-01 
  707.000  9.207984e-01 
  708.000  9.250416e-01 
  709.000  9.263270e-01 
  710.000  9.241276e-01 
  711.000  9.304561e-01 
  712.000  9.280042e-01 
  713.000  9.315899e-01 
  714.000  9.290388e-01 
  715.000  9.131315e-01 
  716.000  9.175937e-01 
  717.000  8.574008e-01 
  718.000  7.472628e-01 
  719.000  6.971660e-01 
  720.000  7.541990e-01 
  721.000  8.906799e-01 
  722.000  8.908823e-01 
  723.000  8.789402e-01 
  724.000  7.528438e-01 
  725.000  7.700495e-01 
  726.000  8.396479e-01 
  727.000  8.090614e-01 
  728.000  7.503304e-01 
  729.000  7.774437e-01 
  730.000  8.495411e-01 
  731.000  8.123839e-01 
  732.000  8.278319e-01 
  733.000  8.875448e-01 
  734.000  9.245456e-01 
  735.000  8.996603e-01 
  736.000  9.182529e-01 
  737.000  9.174157e-01 
  738.000  9.264966e-01 
  739.000  9.274181e-01 
  740.000  9.400575e-01 
  741.000  9.468654e-01 
  742.000  9.484133e-01 
  743.000  9.481482e-01 
  744.000  9.500675e-01 
  745.000  9.520646e-01 
  746.000  9.532734e-01 
  747.000  9.531453e-01 
  748.000  9.536288e-01 
  749.000  9.538443e-01 
  750.000  9.542643e-01 
  751.000  9.542967e-01 
  752.000  9.554214e-01 
  753.000  9.556806e-01 
  754.000  9.558448e-01 
  755.000  9.560044e-01 
  756.000  9.561055e-01 
  757.000  9.568128e-01 
  758.000  9.573707e-01 
  759.000  9.405053e-01 
  760.000  2.425738e-01 
  761.000  1.545601e-01 
  762.000  5.663706e-01 
  763.000  4.501263e-01 
  764.000  5.165397e-01 
  765.000  6.656166e-01 
  766.000  7.993423e-01 
  767.000  8.523804e-01 
  768.000  9.264534e-01 
  769.000  9.462743e-01 
  770.000  9.463806e-01 
  771.000  9.566293e-01 
  772.000  9.603364e-01 
  773.000  9.604493e-01 
  774.000  9.604318e-01 
  775.000  9.606341e-01 
  776.000  9.608674e-01 
  777.000  9.611896e-01 
  778.000  9.613760e-01 
  779.000  9.615362e-01 
  780.000  9.616699e-01 
  781.000  9.620690e-01 
  782.000  9.621518e-01 
  783.000  9.625219e-01 
  784.000  9.615810e-01 
  785.000  9.608874e-01 
  786.000  9.569905e-01 
  787.000  9.542620e-01 
  788.000  9.455871e-01 
  789.000  9.464282e-01 
  790.000  9.296298e-01 
  791.000  9.333394e-01 
  792.000  9.389978e-01 
  793.000  9.444178e-01 
  794.000  9.630742e-01 
  795.000  9.548901e-01 
  796.000  9.145610e-01 
  797.000  9.432149e-01 
  798.000  9.474328e-01 
  799.000  9.530125e-01 
  800.000  9.364312e-01 
  801.000  9.282986e-01 
  802.000  9.384981e-01 
  803.000  9.367605e-01 
  804.000  9.363989e-01 
  805.000  9.422696e-01 
  806.000  9.581659e-01 
  807.000  9.495838e-01 
  808.000  9.586414e-01 
  809.000  9.448347e-01 
  810.000  9.365815e-01 
  811.000  9.354181e-01 
  812.000  9.185355e-01 
  813.000  8.845874e-01 
  814.000  8.357136e-01 
  815.000  7.897402e-01 
  816.000  8.271844e-01 
  817.000  6.790901e-01 
  818.000  7.936653e-01 
  819.000  8.196095e-01 
  820.000  7.853792e-01 
  821.000  9.319980e-01 
  822.000  9.021875e-01 
  823.000  6.428960e-01 
  824.000  8.653924e-01 
  825.000  9.141665e-01 
  826.000  8.680544e-01 
  827.000  9.120297e-01 
  828.000  8.003089e-01 
  829.000  8.838493e-01 
  830.000  8.680626e-01 
  831.000  8.780906e-01 
  832.000  8.628322e-01 
  833.000  9.100571e-01 
  834.000  9.084593e-01 
  835.000  9.303098e-01 
  836.000  9.300811e-01 
  837.000  9.303848e-01 
  838.000  9.455068e-01 
  839.000  9.554830e-01 
  840.000  9.561677e-01 
  841.000  9.561677e-01 
  842.000  9.435752e-01 
  843.000  9.690828e-01 
  844.000  9.554638e-01 
  845.000  9.661233e-01 
  846.000  9.692382e-01 
  847.000  9.718839e-01 
  848.000  9.682581e-01 
  849.000  9.698985e-01 
  850.000  9.688041e-01 
  851.000  9.658620e-01 
  852.000  9.706479e-01 
  853.000  9.726487e-01 
  854.000  9.713095e-01 
  855.000  9.713095e-01 
  856.000  9.727185e-01 
  857.000  9.756696e-01 
  858.000  9.729865e-01 
  859.000  9.746693e-01 
  860.000  9.765226e-01 
  861.000  9.757828e-01 
  862.000  9.766750e-01 
  863.000  9.764620e-01 
  864.000  9.771889e-01 
  865.000  9.771889e-01 
  866.000  9.772124e-01 
  867.000  9.774224e-01 
  868.000  9.773735e-01 
  869.000  9.775155e-01 
  870.000  9.775026e-01 
  871.000  9.778041e-01 
  872.000  9.779525e-01 
  873.000  9.777755e-01 
  874.000  9.777755e-01 
  875.000  9.782942e-01 
  876.000  9.783884e-01 
  877.000  9.782233e-01 
  878.000  9.779230e-01 
  879.000  9.778746e-01 
  880.000  9.785759e-01 
  881.000  9.785759e-01 
  882.000  9.767197e-01 
  883.000  9.774535e-01 
  884.000  9.775131e-01 
  885.000  9.778005e-01 
  886.000  9.681019e-01 
  887.000  9.768920e-01 
  888.000  9.768920e-01 
  889.000  9.742479e-01 
  890.000  9.700026e-01 
  891.000  9.762590e-01 
  892.000  9.674096e-01 
  893.000  9.385279e-01 
  894.000  9.385279e-01 
  895.000  8.987688e-01 
  896.000  8.539482e-01 
  897.000  7.281488e-01 
  898.000  8.402003e-01 
  899.000  6.511500e-01 
  900.000  6.511500e-01 
  901.000  6.936619e-01 
  902.000  7.433744e-01 
  903.000  7.927916e-01 
  904.000  9.109038e-01 
  905.000  8.937848e-01 
  906.000  8.937848e-01 
  907.000  7.444457e-01 
  908.000  7.320400e-01 
  909.000  7.302294e-01 
  910.000  6.948981e-01 
  911.000  6.948981e-01 
  912.000  8.213607e-01 
  913.000  7.541620e-01 
  914.000  7.218838e-01 
  915.000  6.708844e-01 
  916.000  6.708844e-01 
  917.000  8.144403e-01 
  918.000  6.862009e-01 
  919.000  7.982378e-01 
  920.000  9.038450e-01 
  921.000  9.038450e-01 
  922.000  8.681029e-01 
  923.000  8.706070e-01 
  924.000  8.234006e-01 
  925.000  8.234006e-01 
  926.000  8.473115e-01 
  927.000  8.577801e-01 
  928.000  6.819156e-01 
  929.000  6.382563e-01 
  930.000  6.382563e-01 
  931.000  4.961974e-01 
  932.000  3.128118e-01 
  933.000  2.913488e-01 
  934.000  2.913488e-01 
  935.000  2.998000e-01 
  936.000  2.702968e-01 
  937.000  2.262381e-01 
  938.000  2.262381e-01 
  939.000  3.827126e-01 
  940.000  5.328482e-01 
  941.000  4.775377e-01 
  942.000  4.775377e-01 
  943.000  3.694254e-01 
  944.000  3.763781e-01 
  945.000  4.570507e-01 
  946.000  4.570507e-01 
  947.000  3.766642e-01 
  948.000  4.169083e-01 
  949.000  4.705950e-01 
  950.000  4.705950e-01 
  951.000  5.206928e-01 
  952.000  3.479683e-01 
  953.000  5.280903e-01 
  954.000  5.280903e-01 
  955.000  5.220997e-01 
  956.000  4.030203e-01 
  957.000  6.013789e-01 
  958.000  6.013789e-01 
  959.000  4.537951e-01 
  960.000  5.472574e-01 
  961.000  5.472574e-01 
  962.000  6.173882e-01 
  963.000  6.746607e-01 
  964.000  5.703561e-01 
  965.000  5.703561e-01 
  966.000  6.497145e-01 
  967.000  7.782302e-01 
  968.000  7.782302e-01 
  969.000  8.094274e-01 
  970.000  8.572067e-01 
  971.000  8.850204e-01 
  972.000  8.850204e-01 
  973.000  8.497705e-01 
  974.000  7.411516e-01 
  975.000  7.411516e-01 
  976.000  7.268530e-01 
  977.000  8.365521e-01 
  978.000  8.165869e-01 
  979.000  8.165869e-01 
  980.000  8.179526e-01 
  981.000  9.247590e-01 
  982.000  9.247590e-01 
  983.000  8.905948e-01 
  984.000  9.225181e-01 
  985.000  9.225181e-01 
  986.000  9.658597e-01 
  987.000  9.501935e-01 
  988.000  9.501935e-01 
  989.000  9.766457e-01 
  990.000  9.649045e-01 
  991.000  9.649045e-01 
  992.000  9.744758e-01 
  993.000  9.720663e-01 
  994.000  9.720663e-01 
  995.000  9.839452e-01 
  996.000  9.842716e-01 
  997.000  9.842716e-01 
  998.000  9.845340e-01 
  999.000  9.833778e-01 
 1000.000  9.833778e-01 
 1001.000  9.837371e-01 
 1002.000  9.696783e-01 
 1003.000  9.696783e-01 
 1004.000  9.841282e-01 
 1005.000  9.850937e-01 
 1006.000  9.850937e-01 
 1007.000  9.856299e-01 
 1008.000  9.821917e-01 
 1009.000  9.821917e-01 
 1010.000  9.725932e-01 
 1011.000  9.855435e-01 
 1012.000  9.855435e-01 
 1013.000  9.860205e-01 
 1014.000  9.856939e-01 
 1015.000  9.856939e-01 
 1016.000  9.865432e-01 
 1017.000  9.853154e-01 
 1018.000  9.853154e-01 
 1019.000  9.844179e-01 
 1020.000  9.868758e-01 
 1021.000  9.868758e-01 
 1022.000  9.846298e-01 
 1023.000  9.846298e-01 
 1024.000  9.837604e-01 
 1025.000  9.868114e-01 
 1026.000  9.868114e-01 
 1027.000  9.854522e-01 
 1028.000  9.870317e-01 
 1029.000  9.870317e-01 
 1030.000  9.876790e-01 
 1031.000  9.876713e-01 
 1032.000  9.876713e-01 
 1033.000  9.877598e-01 
 1034.000  9.877598e-01 
 1035.000  9.882036e-01 
 1036.000  9.876109e-01 
 1037.000  9.876109e-01 
 1038.000  9.875456e-01 
 1039.000  9.868370e-01 
 1040.000  9.868370e-01 
 1041.000  9.863962e-01 
 1042.000  9.863962e-01 
 1043.000  9.858042e-01 
 1044.000  9.848823e-01 
 1045.000  9.848823e-01 
 1046.000  9.836034e-01 
 1047.000  9.836034e-01 
 1048.000  9.823202e-01 
 1049.000  9.797835e-01 
 1050.000  9.797835e-01 
 1051.000  9.785898e-01 
 1052.000  9.785898e-01 
 1053.000  9.768246e-01 
 1054.000  9.753128e-01 
 1055.000  9.753128e-01 
 1056.000  9.735543e-01 
 1057.000  9.735543e-01 
 1058.000  9.719889e-01 
 1059.000  9.704615e-01 
 1060.000  9.704615e-01 
 1061.000  9.694815e-01 
 1062.000  9.694815e-01 
 1063.000  9.674335e-01 
 1064.000  9.659650e-01 
 1065.000  9.659650e-01 
 1066.000  9.683704e-01 
 1067.000  9.683704e-01 
 1068.000  9.669003e-01 
 1069.000  9.662514e-01 
 1070.000  9.662514e-01 
 1071.000  9.696458e-01 
 1072.000  9.696458e-01 
 1073.000  9.715660e-01 
 1074.000  9.715660e-01 
 1075.000  9.616935e-01 
 1076.000  9.606299e-01 
 1077.000  9.606299e-01 
 1078.000  9.716493e-01 
 1079.000  9.716493e-01 
 1080.000  9.600024e-01 
 1081.000  9.600024e-01 
 1082.000  9.674509e-01 
 1083.000  9.564986e-01 
 1084.000  9.564986e-01 
 1085.000  9.435025e-01 
 1086.000  9.435025e-01 
 1087.000  9.647008e-01 
 1088.000  9.647008e-01 
 1089.000  9.546515e-01 
 1090.000  9.507209e-01 
 1091.000  9.507209e-01 
 1092.000  9.276432e-01 
 1093.000  9.276432e-01 
 1094.000  9.302700e-01 
 1095.000  9.302700e-01 
 1096.000  9.223399e-01 
 1097.000  9.223399e-01 
 1098.000  8.975410e-01 
 1099.000  8.339000e-01 
 1100.000  8.339000e-01 
 1101.000  8.392315e-01 
 1102.000  8.392315e-01 
 1103.000  8.114536e-01 
 1104.000  8.114536e-01 
 1105.000  7.880313e-01 
 1106.000  7.880313e-01 
 1107.000  7.874613e-01 
 1108.000  7.874613e-01 
 1109.000  7.298418e-01 
 1110.000  6.871011e-01 
 1111.000  6.871011e-01 
 1112.000  6.427711e-01 
 1113.000  6.427711e-01 
 1114.000  5.316722e-01 
 1115.000  5.316722e-01 
 1116.000  2.919731e-01 
 1117.000  2.919731e-01 
 1118.000  3.837888e-01 
 1119.000  3.837888e-01 
 1120.000  3.102229e-01 
 1121.000  3.102229e-01 
 1122.000  1.584959e-01 
 1123.000  3.541977e-01 
 1124.000  3.541977e-01 
 1125.000  1.820561e-01 
 1126.000  1.820561e-01 
 1127.000  2.331328e-01 
 1128.000  2.331328e-01 
 1129.000  2.167008e-01 
 1130.000  2.167008e-01 
 1131.000  5.238698e-01 
 1132.000  5.238698e-01 
 1133.000  2.179100e-01 
 1134.000  2.179100e-01 
 1135.000  1.260271e-01 
 1136.000  1.260271e-01 
 1137.000  5.133470e-01 
 1138.000  5.133470e-01 
 1139.000  4.861218e-01 
 1140.000  4.861218e-01 
 1141.000  4.557892e-01 
 1142.000  4.557892e-01 
 1143.000  4.923564e-01 
 1144.000  4.923564e-01 
 1145.000  2.575149e-01 
 1146.000  2.575149e-01 
 1147.000  2.549410e-01 
 1148.000  2.549410e-01 
 1149.000  3.999785e-01 
 1150.000  3.999785e-01 
 1151.000  4.716041e-01 
 1152.000  4.716041e-01 
 1153.000  4.285935e-01 
 1154.000  4.285935e-01 
 1155.000  4.799048e-01 
 1156.000  4.799048e-01 
 1157.000  5.979233e-01 
 1158.000  5.979233e-01 
 1159.000  6.956978e-01 
 1160.000  6.956978e-01 
 1161.000  6.728371e-01 
 1162.000  6.728371e-01 
 1163.000  7.772683e-01 
 1164.000  7.772683e-01 
 1165.000  7.433820e-01 
 1166.000  7.433820e-01 
 1167.000  8.127246e-01 
 1168.000  8.127246e-01 
 1169.000  8.406626e-01 
 1170.000  8.406626e-01 
 1171.000  8.545489e-01 
 1172.000  8.545489e-01 
 1173.000  7.426149e-01 
 1174.000  7.426149e-01 
 1175.000  9.201621e-01 
 1176.000  9.201621e-01 
 1177.000  8.101066e-01 
 1178.000  8.101066e-01 
 1179.000  8.961406e-01 
 1180.000  8.961406e-01 
 1181.000  7.456141e-01 
 1182.000  7.456141e-01 
 1183.000  8.536986e-01 
 1184.000  8.536986e-01 
 1185.000  8.841437e-01 
 1186.000  8.841437e-01 
 1187.000  7.828131e-01 
 1188.000  7.828131e-01 
 1189.000  7.828131e-01 
 1190.000  8.625656e-01 
 1191.000  8.625656e-01 
 1192.000  9.325590e-01 
 1193.000  9.325590e-01 
 1194.000  8.805036e-01 
 1195.000  8.805036e-01 
 1196.000  8.975010e-01 
 1197.000  8.975010e-01 
 1198.000  8.483758e-01 
 1199.000  8.483758e-01 
 1200.000  8.501351e-01 
