  250.000  0.000000e+00 
  251.000  0.000000e+00 
  252.000  0.000000e+00 
  253.000  0.000000e+00 
  254.000  0.000000e+00 
  255.000  0.000000e+00 
  256.000  0.000000e+00 
  257.000  0.000000e+00 
  258.000  0.000000e+00 
  259.000  0.000000e+00 
  260.000  0.000000e+00 
  261.000  0.000000e+00 
  262.000  0.000000e+00 
  263.000  0.000000e+00 
  264.000  0.000000e+00 
  265.000  0.000000e+00 
  266.000  0.000000e+00 
  267.000  0.000000e+00 
  268.000  0.000000e+00 
  269.000  0.000000e+00 
  270.000  0.000000e+00 
  271.000  0.000000e+00 
  272.000  0.000000e+00 
  273.000  0.000000e+00 
  274.000  0.000000e+00 
  275.000  0.000000e+00 
  276.000  0.000000e+00 
  277.000  0.000000e+00 
  278.000  0.000000e+00 
  279.000  0.000000e+00 
  280.000  0.000000e+00 
  281.000  0.000000e+00 
  282.000  0.000000e+00 
  283.000  0.000000e+00 
  284.000  0.000000e+00 
  285.000  0.000000e+00 
  286.000  0.000000e+00 
  287.000  0.000000e+00 
  288.000  0.000000e+00 
  289.000  0.000000e+00 
  290.000  0.000000e+00 
  291.000  0.000000e+00 
  292.000  6.149714e-06 
  293.000  1.905453e-05 
  294.000  6.864662e-05 
  295.000  1.570489e-04 
  296.000  5.003269e-04 
  297.000  1.004479e-03 
  298.000  2.309937e-03 
  299.000  4.078323e-03 
  300.000  7.338773e-03 
  301.000  1.188572e-02 
  302.000  1.776103e-02 
  303.000  2.871322e-02 
  304.000  3.438026e-02 
  305.000  5.081600e-02 
  306.000  6.324234e-02 
  307.000  8.270281e-02 
  308.000  9.822590e-02 
  309.000  1.152621e-01 
  310.000  1.422191e-01 
  311.000  1.548076e-01 
  312.000  1.748909e-01 
  313.000  1.988951e-01 
  314.000  2.094356e-01 
  315.000  2.378859e-01 
  316.000  2.457971e-01 
  317.000  2.674659e-01 
  318.000  2.804689e-01 
  319.000  3.136098e-01 
  320.000  2.934774e-01 
  321.000  3.418197e-01 
  322.000  3.235802e-01 
  323.000  3.462812e-01 
  324.000  3.778422e-01 
  325.000  3.569019e-01 
  326.000  3.883165e-01 
  327.000  3.986508e-01 
  328.000  3.837282e-01 
  329.000  4.187895e-01 
  330.000  4.254298e-01 
  331.000  4.117735e-01 
  332.000  4.359761e-01 
  333.000  4.417882e-01 
  334.000  4.391057e-01 
  335.000  4.546409e-01 
  336.000  4.612663e-01 
  337.000  4.581646e-01 
  338.000  4.684082e-01 
  339.000  4.759821e-01 
  340.000  4.755015e-01 
  341.000  4.838189e-01 
  342.000  4.897587e-01 
  343.000  4.937157e-01 
  344.000  4.931788e-01 
  345.000  5.021392e-01 
  346.000  5.068783e-01 
  347.000  5.110697e-01 
  348.000  5.153183e-01 
  349.000  5.203888e-01 
  350.000  5.243707e-01 
  351.000  5.290741e-01 
  352.000  5.328917e-01 
  353.000  5.374479e-01 
  354.000  5.408117e-01 
  355.000  5.443972e-01 
  356.000  5.488286e-01 
  357.000  5.517820e-01 
  358.000  5.549114e-01 
  359.000  5.579471e-01 
  360.000  5.609862e-01 
  361.000  5.643235e-01 
  362.000  5.694622e-01 
  363.000  5.738918e-01 
  364.000  5.782441e-01 
  365.000  5.819386e-01 
  366.000  5.858607e-01 
  367.000  5.895481e-01 
  368.000  5.930772e-01 
  369.000  5.960084e-01 
  370.000  5.995222e-01 
  371.000  6.031861e-01 
  372.000  6.063295e-01 
  373.000  6.100221e-01 
  374.000  6.135638e-01 
  375.000  6.164147e-01 
  376.000  6.194563e-01 
  377.000  6.227655e-01 
  378.000  6.252767e-01 
  379.000  6.280228e-01 
  380.000  6.307632e-01 
  381.000  6.337349e-01 
  382.000  6.377888e-01 
  383.000  6.419152e-01 
  384.000  6.447673e-01 
  385.000  6.483220e-01 
  386.000  6.511244e-01 
  387.000  6.544420e-01 
  388.000  6.570516e-01 
  389.000  6.596931e-01 
  390.000  6.629908e-01 
  391.000  6.656798e-01 
  392.000  6.680114e-01 
  393.000  6.716986e-01 
  394.000  6.743033e-01 
  395.000  6.768388e-01 
  396.000  6.800489e-01 
  397.000  6.828729e-01 
  398.000  6.849765e-01 
  399.000  6.876479e-01 
  400.000  6.900845e-01 
  401.000  6.931663e-01 
  402.000  6.958742e-01 
  403.000  6.986816e-01 
  404.000  7.006651e-01 
  405.000  7.033175e-01 
  406.000  7.057162e-01 
  407.000  7.088525e-01 
  408.000  7.105275e-01 
  409.000  7.128611e-01 
  410.000  7.152348e-01 
  411.000  7.179379e-01 
  412.000  7.206380e-01 
  413.000  7.222507e-01 
  414.000  7.250633e-01 
  415.000  7.272953e-01 
  416.000  7.300917e-01 
  417.000  7.318021e-01 
  418.000  7.337856e-01 
  419.000  7.365192e-01 
  420.000  7.384193e-01 
  421.000  7.405738e-01 
  422.000  7.423447e-01 
  423.000  7.447155e-01 
  424.000  7.466258e-01 
  425.000  7.493287e-01 
  426.000  7.513084e-01 
  427.000  7.533091e-01 
  428.000  7.551220e-01 
  429.000  7.575103e-01 
  430.000  7.595835e-01 
  431.000  7.605266e-01 
  432.000  7.633029e-01 
  433.000  7.653324e-01 
  434.000  7.667066e-01 
  435.000  7.682131e-01 
  436.000  7.704045e-01 
  437.000  7.732810e-01 
  438.000  7.747897e-01 
  439.000  7.754951e-01 
  440.000  7.776446e-01 
  441.000  7.794645e-01 
  442.000  7.816559e-01 
  443.000  7.828014e-01 
  444.000  7.846627e-01 
  445.000  7.850890e-01 
  446.000  7.871280e-01 
  447.000  7.895494e-01 
  448.000  7.900090e-01 
  449.000  7.926922e-01 
  450.000  7.950219e-01 
  451.000  7.964779e-01 
  452.000  7.976682e-01 
  453.000  7.994079e-01 
  454.000  8.017633e-01 
  455.000  8.026599e-01 
  456.000  8.040462e-01 
  457.000  8.056000e-01 
  458.000  8.067883e-01 
  459.000  8.081285e-01 
  460.000  8.090804e-01 
  461.000  8.105492e-01 
  462.000  8.125255e-01 
  463.000  8.128270e-01 
  464.000  8.147421e-01 
  465.000  8.160789e-01 
  466.000  8.184872e-01 
  467.000  8.193932e-01 
  468.000  8.208107e-01 
  469.000  8.217515e-01 
  470.000  8.229482e-01 
  471.000  8.245429e-01 
  472.000  8.250425e-01 
  473.000  8.252621e-01 
  474.000  8.244576e-01 
  475.000  8.241554e-01 
  476.000  8.244582e-01 
  477.000  8.249066e-01 
  478.000  8.256392e-01 
  479.000  8.271696e-01 
  480.000  8.292493e-01 
  481.000  8.323170e-01 
  482.000  8.347686e-01 
  483.000  8.369334e-01 
  484.000  8.380890e-01 
  485.000  8.388335e-01 
  486.000  8.396105e-01 
  487.000  8.414093e-01 
  488.000  8.423497e-01 
  489.000  8.431104e-01 
  490.000  8.448417e-01 
  491.000  8.458589e-01 
  492.000  8.468817e-01 
  493.000  8.478917e-01 
  494.000  8.486318e-01 
  495.000  8.493991e-01 
  496.000  8.499544e-01 
  497.000  8.508169e-01 
  498.000  8.514358e-01 
  499.000  8.522391e-01 
  500.000  8.528081e-01 
  501.000  8.527362e-01 
  502.000  8.514749e-01 
  503.000  8.502070e-01 
  504.000  8.468559e-01 
  505.000  8.516905e-01 
  506.000  8.517658e-01 
  507.000  8.515723e-01 
  508.000  8.550474e-01 
  509.000  8.565083e-01 
  510.000  8.585171e-01 
  511.000  8.594230e-01 
  512.000  8.602105e-01 
  513.000  8.619878e-01 
  514.000  8.626134e-01 
  515.000  8.638290e-01 
  516.000  8.643184e-01 
  517.000  8.651906e-01 
  518.000  8.654064e-01 
  519.000  8.659993e-01 
  520.000  8.662874e-01 
  521.000  8.669437e-01 
  522.000  8.671253e-01 
  523.000  8.674026e-01 
  524.000  8.674832e-01 
  525.000  8.670714e-01 
  526.000  8.673538e-01 
  527.000  8.671406e-01 
  528.000  8.670901e-01 
  529.000  8.668015e-01 
  530.000  8.668410e-01 
  531.000  8.672255e-01 
  532.000  8.675245e-01 
  533.000  8.680516e-01 
  534.000  8.687217e-01 
  535.000  8.691579e-01 
  536.000  8.699021e-01 
  537.000  8.706998e-01 
  538.000  8.711556e-01 
  539.000  8.712834e-01 
  540.000  8.718146e-01 
  541.000  8.696275e-01 
  542.000  8.709457e-01 
  543.000  8.726501e-01 
  544.000  8.731350e-01 
  545.000  8.722821e-01 
  546.000  8.713675e-01 
  547.000  8.731959e-01 
  548.000  8.750702e-01 
  549.000  8.753911e-01 
  550.000  8.758854e-01 
  551.000  8.768692e-01 
  552.000  8.770922e-01 
  553.000  8.775615e-01 
  554.000  8.779468e-01 
  555.000  8.782564e-01 
  556.000  8.780643e-01 
  557.000  8.776901e-01 
  558.000  8.774037e-01 
  559.000  8.770149e-01 
  560.000  8.766342e-01 
  561.000  8.763419e-01 
  562.000  8.761805e-01 
  563.000  8.757870e-01 
  564.000  8.753749e-01 
  565.000  8.749913e-01 
  566.000  8.747565e-01 
  567.000  8.738723e-01 
  568.000  8.729578e-01 
  569.000  8.670155e-01 
  570.000  8.666197e-01 
  571.000  8.680103e-01 
  572.000  8.643848e-01 
  573.000  8.658804e-01 
  574.000  8.638604e-01 
  575.000  8.652257e-01 
  576.000  8.646674e-01 
  577.000  8.646424e-01 
  578.000  8.676311e-01 
  579.000  8.693067e-01 
  580.000  8.709864e-01 
  581.000  8.734061e-01 
  582.000  8.754339e-01 
  583.000  8.774474e-01 
  584.000  8.800353e-01 
  585.000  8.807060e-01 
  586.000  8.819465e-01 
  587.000  8.818167e-01 
  588.000  8.794628e-01 
  589.000  8.604186e-01 
  590.000  8.593724e-01 
  591.000  8.672705e-01 
  592.000  8.532137e-01 
  593.000  8.780982e-01 
  594.000  8.649998e-01 
  595.000  8.719344e-01 
  596.000  8.761621e-01 
  597.000  8.760243e-01 
  598.000  8.767217e-01 
  599.000  8.813809e-01 
  600.000  8.839982e-01 
  601.000  8.866712e-01 
  602.000  8.878362e-01 
  603.000  8.882694e-01 
  604.000  8.894145e-01 
  605.000  8.899567e-01 
  606.000  8.910949e-01 
  607.000  8.921418e-01 
  608.000  8.933155e-01 
  609.000  8.937954e-01 
  610.000  8.947462e-01 
  611.000  8.955160e-01 
  612.000  8.966540e-01 
  613.000  8.975779e-01 
  614.000  8.982450e-01 
  615.000  8.990110e-01 
  616.000  9.000832e-01 
  617.000  9.008338e-01 
  618.000  9.013171e-01 
  619.000  9.020047e-01 
  620.000  9.025505e-01 
  621.000  9.028777e-01 
  622.000  9.030071e-01 
  623.000  9.031802e-01 
  624.000  9.031726e-01 
  625.000  9.032663e-01 
  626.000  9.029568e-01 
  627.000  9.020589e-01 
  628.000  8.794826e-01 
  629.000  8.908054e-01 
  630.000  8.961220e-01 
  631.000  9.026045e-01 
  632.000  9.038959e-01 
  633.000  9.062116e-01 
  634.000  9.081522e-01 
  635.000  9.095063e-01 
  636.000  9.108374e-01 
  637.000  9.130647e-01 
  638.000  9.159114e-01 
  639.000  9.172279e-01 
  640.000  9.185280e-01 
  641.000  9.192489e-01 
  642.000  9.213583e-01 
  643.000  9.212440e-01 
  644.000  9.226734e-01 
  645.000  9.223852e-01 
  646.000  9.170623e-01 
  647.000  9.084115e-01 
  648.000  8.987159e-01 
  649.000  9.084253e-01 
  650.000  9.231496e-01 
  651.000  9.250380e-01 
  652.000  9.195786e-01 
  653.000  9.257058e-01 
  654.000  9.255427e-01 
  655.000  9.104436e-01 
  656.000  9.214387e-01 
  657.000  9.247436e-01 
  658.000  9.303040e-01 
  659.000  9.336252e-01 
  660.000  9.329947e-01 
  661.000  9.351875e-01 
  662.000  9.352063e-01 
  663.000  9.352605e-01 
  664.000  9.364876e-01 
  665.000  9.369267e-01 
  666.000  9.377674e-01 
  667.000  9.387917e-01 
  668.000  9.392269e-01 
  669.000  9.399350e-01 
  670.000  9.404315e-01 
  671.000  9.412875e-01 
  672.000  9.414744e-01 
  673.000  9.421924e-01 
  674.000  9.424645e-01 
  675.000  9.432043e-01 
  676.000  9.434090e-01 
  677.000  9.438189e-01 
  678.000  9.444571e-01 
  679.000  9.447830e-01 
  680.000  9.453832e-01 
  681.000  9.454265e-01 
  682.000  9.464803e-01 
  683.000  9.460105e-01 
  684.000  9.465631e-01 
  685.000  9.477096e-01 
  686.000  9.478319e-01 
  687.000  6.511580e-01 
  688.000  8.293742e-01 
  689.000  8.612789e-01 
  690.000  8.865777e-01 
  691.000  9.019616e-01 
  692.000  9.262704e-01 
  693.000  9.053521e-01 
  694.000  8.780262e-01 
  695.000  9.110978e-01 
  696.000  9.055402e-01 
  697.000  9.464848e-01 
  698.000  9.456806e-01 
  699.000  9.263358e-01 
  700.000  9.277511e-01 
  701.000  9.140273e-01 
  702.000  9.189551e-01 
  703.000  9.250966e-01 
  704.000  9.294964e-01 
  705.000  9.304664e-01 
  706.000  9.385011e-01 
  707.000  9.434849e-01 
  708.000  9.467546e-01 
  709.000  9.477335e-01 
  710.000  9.459941e-01 
  711.000  9.508744e-01 
  712.000  9.488919e-01 
  713.000  9.516873e-01 
  714.000  9.497045e-01 
  715.000  9.370558e-01 
  716.000  9.405519e-01 
  717.000  8.924429e-01 
  718.000  7.935150e-01 
  719.000  7.415947e-01 
  720.000  8.051559e-01 
  721.000  9.187787e-01 
  722.000  9.188197e-01 
  723.000  9.089738e-01 
  724.000  7.957351e-01 
  725.000  8.179482e-01 
  726.000  8.771695e-01 
  727.000  8.513619e-01 
  728.000  8.006843e-01 
  729.000  8.255295e-01 
  730.000  8.849559e-01 
  731.000  8.544353e-01 
  732.000  8.674037e-01 
  733.000  9.157531e-01 
  734.000  9.453763e-01 
  735.000  9.254616e-01 
  736.000  9.403849e-01 
  737.000  9.396757e-01 
  738.000  9.468887e-01 
  739.000  9.475142e-01 
  740.000  9.575170e-01 
  741.000  9.627823e-01 
  742.000  9.639308e-01 
  743.000  9.637135e-01 
  744.000  9.651814e-01 
  745.000  9.667158e-01 
  746.000  9.676194e-01 
  747.000  9.674888e-01 
  748.000  9.678491e-01 
  749.000  9.679994e-01 
  750.000  9.683002e-01 
  751.000  9.683063e-01 
  752.000  9.691234e-01 
  753.000  9.693080e-01 
  754.000  9.694116e-01 
  755.000  9.695100e-01 
  756.000  9.695715e-01 
  757.000  9.701029e-01 
  758.000  9.704913e-01 
  759.000  9.583420e-01 
  760.000  3.278997e-01 
  761.000  2.450401e-01 
  762.000  6.413229e-01 
  763.000  5.365914e-01 
  764.000  5.927944e-01 
  765.000  7.256339e-01 
  766.000  8.467942e-01 
  767.000  8.927444e-01 
  768.000  9.478629e-01 
  769.000  9.627458e-01 
  770.000  9.626504e-01 
  771.000  9.699765e-01 
  772.000  9.725591e-01 
  773.000  9.726378e-01 
  774.000  9.726136e-01 
  775.000  9.727628e-01 
  776.000  9.729286e-01 
  777.000  9.731528e-01 
  778.000  9.732825e-01 
  779.000  9.733938e-01 
  780.000  9.734867e-01 
  781.000  9.737642e-01 
  782.000  9.738014e-01 
  783.000  9.740727e-01 
  784.000  9.733267e-01 
  785.000  9.727750e-01 
  786.000  9.697455e-01 
  787.000  9.675880e-01 
  788.000  9.607663e-01 
  789.000  9.613922e-01 
  790.000  9.480224e-01 
  791.000  9.509640e-01 
  792.000  9.554271e-01 
  793.000  9.595474e-01 
  794.000  9.742646e-01 
  795.000  9.679064e-01 
  796.000  9.359530e-01 
  797.000  9.586936e-01 
  798.000  9.619868e-01 
  799.000  9.664075e-01 
  800.000  9.532776e-01 
  801.000  9.468575e-01 
  802.000  9.549715e-01 
  803.000  9.535913e-01 
  804.000  9.532933e-01 
  805.000  9.578909e-01 
  806.000  9.703214e-01 
  807.000  9.635835e-01 
  808.000  9.706690e-01 
  809.000  9.598503e-01 
  810.000  9.534394e-01 
  811.000  9.525237e-01 
  812.000  9.390983e-01 
  813.000  9.114098e-01 
  814.000  8.714266e-01 
  815.000  8.295445e-01 
  816.000  8.628411e-01 
  817.000  7.241861e-01 
  818.000  8.297750e-01 
  819.000  8.564703e-01 
  820.000  8.211019e-01 
  821.000  9.495259e-01 
  822.000  9.258544e-01 
  823.000  6.917874e-01 
  824.000  8.960308e-01 
  825.000  9.348808e-01 
  826.000  8.970151e-01 
  827.000  9.332038e-01 
  828.000  8.396708e-01 
  829.000  9.099715e-01 
  830.000  8.968307e-01 
  831.000  9.054294e-01 
  832.000  8.925714e-01 
  833.000  9.320967e-01 
  834.000  9.301246e-01 
  835.000  9.479920e-01 
  836.000  9.475183e-01 
  837.000  9.479797e-01 
  838.000  9.600495e-01 
  839.000  9.678102e-01 
  840.000  9.682964e-01 
  841.000  9.682964e-01 
  842.000  9.584416e-01 
  843.000  9.783486e-01 
  844.000  9.677365e-01 
  845.000  9.760501e-01 
  846.000  9.784357e-01 
  847.000  9.804778e-01 
  848.000  9.776635e-01 
  849.000  9.789214e-01 
  850.000  9.780256e-01 
  851.000  9.755937e-01 
  852.000  9.793121e-01 
  853.000  9.808534e-01 
  854.000  9.797969e-01 
  855.000  9.797969e-01 
  856.000  9.808887e-01 
  857.000  9.831452e-01 
  858.000  9.810731e-01 
  859.000  9.823564e-01 
  860.000  9.837821e-01 
  861.000  9.832024e-01 
  862.000  9.838785e-01 
  863.000  9.837559e-01 
  864.000  9.842522e-01 
  865.000  9.842522e-01 
  866.000  9.842764e-01 
  867.000  9.844217e-01 
  868.000  9.843878e-01 
  869.000  9.844857e-01 
  870.000  9.844553e-01 
  871.000  9.846848e-01 
  872.000  9.847826e-01 
  873.000  9.846374e-01 
  874.000  9.846374e-01 
  875.000  9.850218e-01 
  876.000  9.850881e-01 
  877.000  9.849507e-01 
  878.000  9.847093e-01 
  879.000  9.846681e-01 
  880.000  9.851942e-01 
  881.000  9.851942e-01 
  882.000  9.837527e-01 
  883.000  9.843160e-01 
  884.000  9.843487e-01 
  885.000  9.845592e-01 
  886.000  9.770334e-01 
  887.000  9.838380e-01 
  888.000  9.838380e-01 
  889.000  9.817980e-01 
  890.000  9.784795e-01 
  891.000  9.833254e-01 
  892.000  9.764760e-01 
  893.000  9.538338e-01 
  894.000  9.538338e-01 
  895.000  9.204342e-01 
  896.000  8.836836e-01 
  897.000  7.674525e-01 
  898.000  8.724683e-01 
  899.000  6.914693e-01 
  900.000  6.914693e-01 
  901.000  7.336950e-01 
  902.000  7.757071e-01 
  903.000  8.243526e-01 
  904.000  9.312626e-01 
  905.000  9.166114e-01 
  906.000  9.166114e-01 
  907.000  7.846255e-01 
  908.000  7.677591e-01 
  909.000  7.713267e-01 
  910.000  7.396501e-01 
  911.000  7.396501e-01 
  912.000  8.575652e-01 
  913.000  7.961314e-01 
  914.000  7.653003e-01 
  915.000  7.151834e-01 
  916.000  7.151834e-01 
  917.000  8.534390e-01 
  918.000  7.312983e-01 
  919.000  8.300092e-01 
  920.000  9.258912e-01 
  921.000  9.258912e-01 
  922.000  8.966449e-01 
  923.000  8.987601e-01 
  924.000  8.605665e-01 
  925.000  8.605665e-01 
  926.000  8.802351e-01 
  927.000  8.890099e-01 
  928.000  7.362683e-01 
  929.000  6.961914e-01 
  930.000  6.961914e-01 
  931.000  5.515041e-01 
  932.000  3.639983e-01 
  933.000  3.570499e-01 
  934.000  3.570499e-01 
  935.000  3.521762e-01 
  936.000  3.244033e-01 
  937.000  2.853088e-01 
  938.000  2.853088e-01 
  939.000  4.425663e-01 
  940.000  5.961439e-01 
  941.000  5.395532e-01 
  942.000  5.395532e-01 
  943.000  4.326968e-01 
  944.000  4.387899e-01 
  945.000  5.192890e-01 
  946.000  5.192890e-01 
  947.000  4.411607e-01 
  948.000  4.718371e-01 
  949.000  5.320502e-01 
  950.000  5.320502e-01 
  951.000  5.730111e-01 
  952.000  4.144317e-01 
  953.000  5.843418e-01 
  954.000  5.843418e-01 
  955.000  5.790009e-01 
  956.000  4.582668e-01 
  957.000  6.497005e-01 
  958.000  6.497005e-01 
  959.000  5.120256e-01 
  960.000  6.061289e-01 
  961.000  6.061289e-01 
  962.000  6.642420e-01 
  963.000  7.263563e-01 
  964.000  6.194296e-01 
  965.000  6.194296e-01 
  966.000  7.010446e-01 
  967.000  8.152109e-01 
  968.000  8.152109e-01 
  969.000  8.436415e-01 
  970.000  8.874149e-01 
  971.000  9.099762e-01 
  972.000  9.099762e-01 
  973.000  8.817720e-01 
  974.000  7.826656e-01 
  975.000  7.826656e-01 
  976.000  7.660189e-01 
  977.000  8.659844e-01 
  978.000  8.480253e-01 
  979.000  8.480253e-01 
  980.000  8.500680e-01 
  981.000  9.424976e-01 
  982.000  9.424976e-01 
  983.000  9.129479e-01 
  984.000  9.405673e-01 
  985.000  9.405673e-01 
  986.000  9.747429e-01 
  987.000  9.624849e-01 
  988.000  9.624849e-01 
  989.000  9.830841e-01 
  990.000  9.739581e-01 
  991.000  9.739581e-01 
  992.000  9.813940e-01 
  993.000  9.795202e-01 
  994.000  9.795202e-01 
  995.000  9.886882e-01 
  996.000  9.889367e-01 
  997.000  9.889367e-01 
  998.000  9.891314e-01 
  999.000  9.882358e-01 
 1000.000  9.882358e-01 
 1001.000  9.885035e-01 
 1002.000  9.775876e-01 
 1003.000  9.775876e-01 
 1004.000  9.887961e-01 
 1005.000  9.895379e-01 
 1006.000  9.895379e-01 
 1007.000  9.899450e-01 
 1008.000  9.872907e-01 
 1009.000  9.872907e-01 
 1010.000  9.798340e-01 
 1011.000  9.898592e-01 
 1012.000  9.898592e-01 
 1013.000  9.902192e-01 
 1014.000  9.899622e-01 
 1015.000  9.899622e-01 
 1016.000  9.906098e-01 
 1017.000  9.896596e-01 
 1018.000  9.896596e-01 
 1019.000  9.889635e-01 
 1020.000  9.908482e-01 
 1021.000  9.908482e-01 
 1022.000  9.891144e-01 
 1023.000  9.891144e-01 
 1024.000  9.884429e-01 
 1025.000  9.907847e-01 
 1026.000  9.907847e-01 
 1027.000  9.897375e-01 
 1028.000  9.909506e-01 
 1029.000  9.909506e-01 
 1030.000  9.914500e-01 
 1031.000  9.914466e-01 
 1032.000  9.914466e-01 
 1033.000  9.915219e-01 
 1034.000  9.915219e-01 
 1035.000  9.918737e-01 
 1036.000  9.914646e-01 
 1037.000  9.914646e-01 
 1038.000  9.914197e-01 
 1039.000  9.909247e-01 
 1040.000  9.909247e-01 
 1041.000  9.906257e-01 
 1042.000  9.906257e-01 
 1043.000  9.902174e-01 
 1044.000  9.895807e-01 
 1045.000  9.895807e-01 
 1046.000  9.886970e-01 
 1047.000  9.886970e-01 
 1048.000  9.878099e-01 
 1049.000  9.860553e-01 
 1050.000  9.860553e-01 
 1051.000  9.852291e-01 
 1052.000  9.852291e-01 
 1053.000  9.840066e-01 
 1054.000  9.829579e-01 
 1055.000  9.829579e-01 
 1056.000  9.817398e-01 
 1057.000  9.817398e-01 
 1058.000  9.806523e-01 
 1059.000  9.795939e-01 
 1060.000  9.795939e-01 
 1061.000  9.789128e-01 
 1062.000  9.789128e-01 
 1063.000  9.774578e-01 
 1064.000  9.763684e-01 
 1065.000  9.763684e-01 
 1066.000  9.781386e-01 
 1067.000  9.781386e-01 
 1068.000  9.770406e-01 
 1069.000  9.763694e-01 
 1070.000  9.763694e-01 
 1071.000  9.788645e-01 
 1072.000  9.788645e-01 
 1073.000  9.802185e-01 
 1074.000  9.802185e-01 
 1075.000  9.723038e-01 
 1076.000  9.713050e-01 
 1077.000  9.713050e-01 
 1078.000  9.797760e-01 
 1079.000  9.797760e-01 
 1080.000  9.705201e-01 
 1081.000  9.705201e-01 
 1082.000  9.762033e-01 
 1083.000  9.674466e-01 
 1084.000  9.674466e-01 
 1085.000  9.572616e-01 
 1086.000  9.572616e-01 
 1087.000  9.736889e-01 
 1088.000  9.736889e-01 
 1089.000  9.656607e-01 
 1090.000  9.624545e-01 
 1091.000  9.624545e-01 
 1092.000  9.440760e-01 
 1093.000  9.440760e-01 
 1094.000  9.463879e-01 
 1095.000  9.463879e-01 
 1096.000  9.400122e-01 
 1097.000  9.400122e-01 
 1098.000  9.202120e-01 
 1099.000  8.662115e-01 
 1100.000  8.662115e-01 
 1101.000  8.706658e-01 
 1102.000  8.706658e-01 
 1103.000  8.473949e-01 
 1104.000  8.473949e-01 
 1105.000  8.270364e-01 
 1106.000  8.270364e-01 
 1107.000  8.261660e-01 
 1108.000  8.261660e-01 
 1109.000  7.765758e-01 
 1110.000  7.255908e-01 
 1111.000  7.255908e-01 
 1112.000  6.926857e-01 
 1113.000  6.926857e-01 
 1114.000  5.857852e-01 
 1115.000  5.857852e-01 
 1116.000  3.471448e-01 
 1117.000  3.471448e-01 
 1118.000  4.450628e-01 
 1119.000  4.450628e-01 
 1120.000  3.728056e-01 
 1121.000  3.728056e-01 
 1122.000  2.043383e-01 
 1123.000  4.180946e-01 
 1124.000  4.180946e-01 
 1125.000  2.365713e-01 
 1126.000  2.365713e-01 
 1127.000  2.935991e-01 
 1128.000  2.935991e-01 
 1129.000  2.797113e-01 
 1130.000  2.797113e-01 
 1131.000  5.881312e-01 
 1132.000  5.881312e-01 
 1133.000  2.766125e-01 
 1134.000  2.766125e-01 
 1135.000  1.630581e-01 
 1136.000  1.630581e-01 
 1137.000  5.829067e-01 
 1138.000  5.829067e-01 
 1139.000  5.473281e-01 
 1140.000  5.473281e-01 
 1141.000  5.199603e-01 
 1142.000  5.199603e-01 
 1143.000  5.537626e-01 
 1144.000  5.537626e-01 
 1145.000  3.231548e-01 
 1146.000  3.231548e-01 
 1147.000  3.133901e-01 
 1148.000  3.133901e-01 
 1149.000  4.543640e-01 
 1150.000  4.543640e-01 
 1151.000  5.375406e-01 
 1152.000  5.375406e-01 
 1153.000  4.941469e-01 
 1154.000  4.941469e-01 
 1155.000  5.429774e-01 
 1156.000  5.429774e-01 
 1157.000  6.472804e-01 
 1158.000  6.472804e-01 
 1159.000  7.478260e-01 
 1160.000  7.478260e-01 
 1161.000  7.255311e-01 
 1162.000  7.255311e-01 
 1163.000  8.128680e-01 
 1164.000  8.128680e-01 
 1165.000  7.860222e-01 
 1166.000  7.860222e-01 
 1167.000  8.465158e-01 
 1168.000  8.465158e-01 
 1169.000  8.722374e-01 
 1170.000  8.722374e-01 
 1171.000  8.820592e-01 
 1172.000  8.820592e-01 
 1173.000  7.861875e-01 
 1174.000  7.861875e-01 
 1175.000  9.382549e-01 
 1176.000  9.382549e-01 
 1177.000  8.426423e-01 
 1178.000  8.426423e-01 
 1179.000  9.160756e-01 
 1180.000  9.160756e-01 
 1181.000  7.851169e-01 
 1182.000  7.851169e-01 
 1183.000  8.802556e-01 
 1184.000  8.802556e-01 
 1185.000  9.089933e-01 
 1186.000  9.089933e-01 
 1187.000  8.153025e-01 
 1188.000  8.153025e-01 
 1189.000  8.153025e-01 
 1190.000  8.878528e-01 
 1191.000  8.878528e-01 
 1192.000  9.480865e-01 
 1193.000  9.480865e-01 
 1194.000  9.028453e-01 
 1195.000  9.028453e-01 
 1196.000  9.201641e-01 
 1197.000  9.201641e-01 
 1198.000  8.772019e-01 
 1199.000  8.772019e-01 
 1200.000  8.769255e-01 
