  250.000  0.000000e+00 
  251.000  0.000000e+00 
  252.000  0.000000e+00 
  253.000  0.000000e+00 
  254.000  0.000000e+00 
  255.000  0.000000e+00 
  256.000  0.000000e+00 
  257.000  0.000000e+00 
  258.000  0.000000e+00 
  259.000  0.000000e+00 
  260.000  0.000000e+00 
  261.000  0.000000e+00 
  262.000  0.000000e+00 
  263.000  0.000000e+00 
  264.000  0.000000e+00 
  265.000  0.000000e+00 
  266.000  0.000000e+00 
  267.000  0.000000e+00 
  268.000  0.000000e+00 
  269.000  0.000000e+00 
  270.000  0.000000e+00 
  271.000  0.000000e+00 
  272.000  0.000000e+00 
  273.000  0.000000e+00 
  274.000  0.000000e+00 
  275.000  0.000000e+00 
  276.000  0.000000e+00 
  277.000  0.000000e+00 
  278.000  0.000000e+00 
  279.000  0.000000e+00 
  280.000  0.000000e+00 
  281.000  0.000000e+00 
  282.000  0.000000e+00 
  283.000  0.000000e+00 
  284.000  0.000000e+00 
  285.000  0.000000e+00 
  286.000  0.000000e+00 
  287.000  0.000000e+00 
  288.000  0.000000e+00 
  289.000  0.000000e+00 
  290.000  0.000000e+00 
  291.000  0.000000e+00 
  292.000  0.000000e+00 
  293.000  0.000000e+00 
  294.000  0.000000e+00 
  295.000  2.583022e-08 
  296.000  3.568684e-07 
  297.000  2.023895e-06 
  298.000  1.179563e-05 
  299.000  3.669065e-05 
  300.000  1.634212e-04 
  301.000  5.156873e-04 
  302.000  1.174217e-03 
  303.000  3.762573e-03 
  304.000  5.396494e-03 
  305.000  1.412744e-02 
  306.000  2.108127e-02 
  307.000  3.780469e-02 
  308.000  5.584614e-02 
  309.000  7.920845e-02 
  310.000  1.271637e-01 
  311.000  1.501235e-01 
  312.000  2.012475e-01 
  313.000  2.575108e-01 
  314.000  2.765886e-01 
  315.000  3.675388e-01 
  316.000  3.923476e-01 
  317.000  4.535254e-01 
  318.000  4.790899e-01 
  319.000  6.261785e-01 
  320.000  5.031607e-01 
  321.000  7.270982e-01 
  322.000  6.004699e-01 
  323.000  6.987433e-01 
  324.000  8.327867e-01 
  325.000  6.998428e-01 
  326.000  8.451928e-01 
  327.000  8.623595e-01 
  328.000  7.559371e-01 
  329.000  9.227038e-01 
  330.000  9.346040e-01 
  331.000  8.395322e-01 
  332.000  9.445662e-01 
  333.000  9.471856e-01 
  334.000  9.127394e-01 
  335.000  9.680340e-01 
  336.000  9.781437e-01 
  337.000  9.390299e-01 
  338.000  9.672472e-01 
  339.000  9.839314e-01 
  340.000  9.591782e-01 
  341.000  9.830342e-01 
  342.000  9.893332e-01 
  343.000  9.877168e-01 
  344.000  9.652672e-01 
  345.000  9.878564e-01 
  346.000  9.918045e-01 
  347.000  9.889074e-01 
  348.000  9.916230e-01 
  349.000  9.942250e-01 
  350.000  9.953695e-01 
  351.000  9.959967e-01 
  352.000  9.962161e-01 
  353.000  9.965169e-01 
  354.000  9.956242e-01 
  355.000  9.953834e-01 
  356.000  9.956199e-01 
  357.000  9.940295e-01 
  358.000  9.930810e-01 
  359.000  9.920822e-01 
  360.000  9.909914e-01 
  361.000  9.903613e-01 
  362.000  9.916965e-01 
  363.000  9.930866e-01 
  364.000  9.945339e-01 
  365.000  9.944977e-01 
  366.000  9.950604e-01 
  367.000  9.954258e-01 
  368.000  9.952252e-01 
  369.000  9.954098e-01 
  370.000  9.953204e-01 
  371.000  9.956062e-01 
  372.000  9.947160e-01 
  373.000  9.951180e-01 
  374.000  9.952071e-01 
  375.000  9.952874e-01 
  376.000  9.943821e-01 
  377.000  9.942529e-01 
  378.000  9.938938e-01 
  379.000  9.927939e-01 
  380.000  9.914943e-01 
  381.000  9.920933e-01 
  382.000  9.930713e-01 
  383.000  9.942603e-01 
  384.000  9.944199e-01 
  385.000  9.945842e-01 
  386.000  9.949465e-01 
  387.000  9.949200e-01 
  388.000  9.947384e-01 
  389.000  9.946185e-01 
  390.000  9.947014e-01 
  391.000  9.948119e-01 
  392.000  9.943927e-01 
  393.000  9.950384e-01 
  394.000  9.951200e-01 
  395.000  9.949210e-01 
  396.000  9.944966e-01 
  397.000  9.951702e-01 
  398.000  9.942721e-01 
  399.000  9.950764e-01 
  400.000  9.940780e-01 
  401.000  9.942824e-01 
  402.000  9.949372e-01 
  403.000  9.953308e-01 
  404.000  9.946167e-01 
  405.000  9.944028e-01 
  406.000  9.950169e-01 
  407.000  9.954903e-01 
  408.000  9.943236e-01 
  409.000  9.939272e-01 
  410.000  9.941525e-01 
  411.000  9.938825e-01 
  412.000  9.946782e-01 
  413.000  9.936296e-01 
  414.000  9.938866e-01 
  415.000  9.941853e-01 
  416.000  9.949983e-01 
  417.000  9.947500e-01 
  418.000  9.943354e-01 
  419.000  9.944585e-01 
  420.000  9.939553e-01 
  421.000  9.937056e-01 
  422.000  9.934842e-01 
  423.000  9.937841e-01 
  424.000  9.931815e-01 
  425.000  9.935368e-01 
  426.000  9.945437e-01 
  427.000  9.939660e-01 
  428.000  9.930798e-01 
  429.000  9.941314e-01 
  430.000  9.943842e-01 
  431.000  9.930078e-01 
  432.000  9.940060e-01 
  433.000  9.939093e-01 
  434.000  9.930893e-01 
  435.000  9.917162e-01 
  436.000  9.928067e-01 
  437.000  9.936748e-01 
  438.000  9.940619e-01 
  439.000  9.914420e-01 
  440.000  9.920707e-01 
  441.000  9.932352e-01 
  442.000  9.935192e-01 
  443.000  9.928453e-01 
  444.000  9.920901e-01 
  445.000  9.905958e-01 
  446.000  9.916485e-01 
  447.000  9.918698e-01 
  448.000  9.893203e-01 
  449.000  9.914266e-01 
  450.000  9.921887e-01 
  451.000  9.918762e-01 
  452.000  9.915424e-01 
  453.000  9.915529e-01 
  454.000  9.919722e-01 
  455.000  9.911717e-01 
  456.000  9.906746e-01 
  457.000  9.904144e-01 
  458.000  9.885880e-01 
  459.000  9.888828e-01 
  460.000  9.876494e-01 
  461.000  9.877086e-01 
  462.000  9.882745e-01 
  463.000  9.865581e-01 
  464.000  9.874929e-01 
  465.000  9.880856e-01 
  466.000  9.885675e-01 
  467.000  9.871144e-01 
  468.000  9.872072e-01 
  469.000  9.876333e-01 
  470.000  9.873906e-01 
  471.000  9.868509e-01 
  472.000  9.855749e-01 
  473.000  9.841735e-01 
  474.000  9.809060e-01 
  475.000  9.791454e-01 
  476.000  9.773225e-01 
  477.000  9.757476e-01 
  478.000  9.749520e-01 
  479.000  9.748794e-01 
  480.000  9.752463e-01 
  481.000  9.766036e-01 
  482.000  9.776830e-01 
  483.000  9.784194e-01 
  484.000  9.781628e-01 
  485.000  9.775005e-01 
  486.000  9.775515e-01 
  487.000  9.779790e-01 
  488.000  9.774380e-01 
  489.000  9.765910e-01 
  490.000  9.775931e-01 
  491.000  9.779400e-01 
  492.000  9.773408e-01 
  493.000  9.769088e-01 
  494.000  9.761227e-01 
  495.000  9.756839e-01 
  496.000  9.742112e-01 
  497.000  9.732648e-01 
  498.000  9.721058e-01 
  499.000  9.709988e-01 
  500.000  9.697300e-01 
  501.000  9.675931e-01 
  502.000  9.654608e-01 
  503.000  9.631773e-01 
  504.000  9.615758e-01 
  505.000  9.591042e-01 
  506.000  9.600496e-01 
  507.000  9.604648e-01 
  508.000  9.605018e-01 
  509.000  9.602932e-01 
  510.000  9.604414e-01 
  511.000  9.605942e-01 
  512.000  9.604232e-01 
  513.000  9.606730e-01 
  514.000  9.607455e-01 
  515.000  9.608808e-01 
  516.000  9.600044e-01 
  517.000  9.594420e-01 
  518.000  9.582472e-01 
  519.000  9.573883e-01 
  520.000  9.563561e-01 
  521.000  9.552406e-01 
  522.000  9.539187e-01 
  523.000  9.526084e-01 
  524.000  9.511865e-01 
  525.000  9.490875e-01 
  526.000  9.467896e-01 
  527.000  9.449170e-01 
  528.000  9.423866e-01 
  529.000  9.404159e-01 
  530.000  9.379869e-01 
  531.000  9.370000e-01 
  532.000  9.360069e-01 
  533.000  9.353932e-01 
  534.000  9.347461e-01 
  535.000  9.342194e-01 
  536.000  9.337463e-01 
  537.000  9.332729e-01 
  538.000  9.327579e-01 
  539.000  9.320889e-01 
  540.000  9.317867e-01 
  541.000  9.310162e-01 
  542.000  9.297851e-01 
  543.000  9.290473e-01 
  544.000  9.283665e-01 
  545.000  9.272664e-01 
  546.000  9.271055e-01 
  547.000  9.266889e-01 
  548.000  9.260982e-01 
  549.000  9.256358e-01 
  550.000  9.254096e-01 
  551.000  9.246420e-01 
  552.000  9.237251e-01 
  553.000  9.228405e-01 
  554.000  9.221149e-01 
  555.000  9.214278e-01 
  556.000  9.193001e-01 
  557.000  9.168221e-01 
  558.000  9.145574e-01 
  559.000  9.122483e-01 
  560.000  9.100077e-01 
  561.000  9.079233e-01 
  562.000  9.060815e-01 
  563.000  9.038783e-01 
  564.000  9.018255e-01 
  565.000  8.996792e-01 
  566.000  8.980890e-01 
  567.000  8.960945e-01 
  568.000  8.934401e-01 
  569.000  8.910713e-01 
  570.000  8.883268e-01 
  571.000  8.864095e-01 
  572.000  8.847221e-01 
  573.000  8.829859e-01 
  574.000  8.814946e-01 
  575.000  8.799436e-01 
  576.000  8.800894e-01 
  577.000  8.805959e-01 
  578.000  8.815476e-01 
  579.000  8.828883e-01 
  580.000  8.848208e-01 
  581.000  8.871339e-01 
  582.000  8.895240e-01 
  583.000  8.918906e-01 
  584.000  8.941513e-01 
  585.000  8.961347e-01 
  586.000  8.969892e-01 
  587.000  8.973897e-01 
  588.000  8.978580e-01 
  589.000  8.978248e-01 
  590.000  8.977907e-01 
  591.000  8.971014e-01 
  592.000  8.961937e-01 
  593.000  8.955951e-01 
  594.000  8.950168e-01 
  595.000  8.942594e-01 
  596.000  8.929998e-01 
  597.000  8.919098e-01 
  598.000  8.906109e-01 
  599.000  8.894806e-01 
  600.000  8.881339e-01 
  601.000  8.883674e-01 
  602.000  8.886201e-01 
  603.000  8.889374e-01 
  604.000  8.892184e-01 
  605.000  8.894277e-01 
  606.000  8.907218e-01 
  607.000  8.920028e-01 
  608.000  8.932715e-01 
  609.000  8.945768e-01 
  610.000  8.958640e-01 
  611.000  8.970839e-01 
  612.000  8.982247e-01 
  613.000  8.995097e-01 
  614.000  9.007975e-01 
  615.000  9.020411e-01 
  616.000  9.033478e-01 
  617.000  9.046150e-01 
  618.000  9.056858e-01 
  619.000  9.068749e-01 
  620.000  9.078580e-01 
  621.000  9.085417e-01 
  622.000  9.092206e-01 
  623.000  9.097246e-01 
  624.000  9.101946e-01 
  625.000  9.106616e-01 
  626.000  9.105345e-01 
  627.000  9.107249e-01 
  628.000  9.108574e-01 
  629.000  9.113810e-01 
  630.000  9.119531e-01 
  631.000  9.131584e-01 
  632.000  9.146002e-01 
  633.000  9.165019e-01 
  634.000  9.183019e-01 
  635.000  9.202489e-01 
  636.000  9.231027e-01 
  637.000  9.257544e-01 
  638.000  9.285793e-01 
  639.000  9.311258e-01 
  640.000  9.337776e-01 
  641.000  9.349785e-01 
  642.000  9.358223e-01 
  643.000  9.368162e-01 
  644.000  9.375419e-01 
  645.000  9.383875e-01 
  646.000  9.393863e-01 
  647.000  9.403206e-01 
  648.000  9.411060e-01 
  649.000  9.421127e-01 
  650.000  9.430400e-01 
  651.000  9.439545e-01 
  652.000  9.451226e-01 
  653.000  9.460521e-01 
  654.000  9.472073e-01 
  655.000  9.481187e-01 
  656.000  9.490337e-01 
  657.000  9.497414e-01 
  658.000  9.506669e-01 
  659.000  9.513521e-01 
  660.000  9.522761e-01 
  661.000  9.529799e-01 
  662.000  9.539097e-01 
  663.000  9.546045e-01 
  664.000  9.555284e-01 
  665.000  9.562081e-01 
  666.000  9.571185e-01 
  667.000  9.578077e-01 
  668.000  9.587116e-01 
  669.000  9.594123e-01 
  670.000  9.603320e-01 
  671.000  9.610528e-01 
  672.000  9.615110e-01 
  673.000  9.621988e-01 
  674.000  9.626620e-01 
  675.000  9.633700e-01 
  676.000  9.638348e-01 
  677.000  9.645367e-01 
  678.000  9.650250e-01 
  679.000  9.657272e-01 
  680.000  9.661916e-01 
  681.000  9.668983e-01 
  682.000  9.678459e-01 
  683.000  9.685419e-01 
  684.000  9.694862e-01 
  685.000  9.701884e-01 
  686.000  9.708861e-01 
  687.000  9.713679e-01 
  688.000  9.720791e-01 
  689.000  9.725486e-01 
  690.000  9.732559e-01 
  691.000  9.737270e-01 
  692.000  9.741998e-01 
  693.000  9.746732e-01 
  694.000  9.751451e-01 
  695.000  9.756156e-01 
  696.000  9.760869e-01 
  697.000  9.765607e-01 
  698.000  9.770377e-01 
  699.000  9.775112e-01 
  700.000  9.779775e-01 
  701.000  9.783576e-01 
  702.000  9.787331e-01 
  703.000  9.791105e-01 
  704.000  9.794772e-01 
  705.000  9.798499e-01 
  706.000  9.801845e-01 
  707.000  9.805031e-01 
  708.000  9.808478e-01 
  709.000  9.811922e-01 
  710.000  9.815196e-01 
  711.000  9.818922e-01 
  712.000  9.822727e-01 
  713.000  9.826596e-01 
  714.000  9.830428e-01 
  715.000  9.834283e-01 
  716.000  9.837207e-01 
  717.000  9.840086e-01 
  718.000  9.842952e-01 
  719.000  9.845828e-01 
  720.000  9.848684e-01 
  721.000  9.851530e-01 
  722.000  9.854353e-01 
  723.000  9.857213e-01 
  724.000  9.860090e-01 
  725.000  9.862998e-01 
  726.000  9.865171e-01 
  727.000  9.867327e-01 
  728.000  9.869469e-01 
  729.000  9.871630e-01 
  730.000  9.873776e-01 
  731.000  9.876164e-01 
  732.000  9.878544e-01 
  733.000  9.880938e-01 
  734.000  9.883302e-01 
  735.000  9.885660e-01 
  736.000  9.887118e-01 
  737.000  9.888309e-01 
  738.000  9.889762e-01 
  739.000  9.890921e-01 
  740.000  9.892373e-01 
  741.000  9.893582e-01 
  742.000  9.895034e-01 
  743.000  9.896185e-01 
  744.000  9.897582e-01 
  745.000  9.898694e-01 
  746.000  9.900796e-01 
  747.000  9.903105e-01 
  748.000  9.905320e-01 
  749.000  9.907482e-01 
  750.000  9.909626e-01 
  751.000  9.912007e-01 
  752.000  9.914401e-01 
  753.000  9.916809e-01 
  754.000  9.919183e-01 
  755.000  9.921598e-01 
  756.000  9.923295e-01 
  757.000  9.924749e-01 
  758.000  9.926451e-01 
  759.000  9.927903e-01 
  760.000  9.929593e-01 
  761.000  9.930320e-01 
  762.000  9.931039e-01 
  763.000  9.931989e-01 
  764.000  9.932703e-01 
  765.000  9.933413e-01 
  766.000  9.933661e-01 
  767.000  9.933909e-01 
  768.000  9.934398e-01 
  769.000  9.934646e-01 
  770.000  9.934893e-01 
  771.000  9.934415e-01 
  772.000  9.933934e-01 
  773.000  9.933455e-01 
  774.000  9.932972e-01 
  775.000  9.932491e-01 
  776.000  9.932246e-01 
  777.000  9.932000e-01 
  778.000  9.931755e-01 
  779.000  9.931513e-01 
  780.000  9.931276e-01 
  781.000  9.932958e-01 
  782.000  9.934398e-01 
  783.000  9.936075e-01 
  784.000  9.937522e-01 
  785.000  9.939183e-01 
  786.000  9.940633e-01 
  787.000  9.942322e-01 
  788.000  9.943745e-01 
  789.000  9.945410e-01 
  790.000  9.946820e-01 
  791.000  9.948781e-01 
  792.000  9.950483e-01 
  793.000  9.952434e-01 
  794.000  9.954123e-01 
  795.000  9.956084e-01 
  796.000  9.957048e-01 
  797.000  9.958010e-01 
  798.000  9.958733e-01 
  799.000  9.959697e-01 
  800.000  9.960660e-01 
  801.000  9.960178e-01 
  802.000  9.959455e-01 
  803.000  9.958974e-01 
  804.000  9.958251e-01 
  805.000  9.957770e-01 
  806.000  9.957048e-01 
  807.000  9.956324e-01 
  808.000  9.955602e-01 
  809.000  9.954880e-01 
  810.000  9.954158e-01 
  811.000  9.954398e-01 
  812.000  9.954640e-01 
  813.000  9.954880e-01 
  814.000  9.955121e-01 
  815.000  9.955362e-01 
  816.000  9.956084e-01 
  817.000  9.956806e-01 
  818.000  9.957529e-01 
  819.000  9.958251e-01 
  820.000  9.958974e-01 
  821.000  9.959937e-01 
  822.000  9.960660e-01 
  823.000  9.961624e-01 
  824.000  9.962347e-01 
  825.000  9.963310e-01 
  826.000  9.963791e-01 
  827.000  9.964274e-01 
  828.000  9.964755e-01 
  829.000  9.965238e-01 
  830.000  9.965720e-01 
  831.000  9.965720e-01 
  832.000  9.965960e-01 
  833.000  9.965960e-01 
  834.000  9.966201e-01 
  835.000  9.966201e-01 
  836.000  9.966201e-01 
  837.000  9.966201e-01 
  838.000  9.966201e-01 
  839.000  9.966201e-01 
  840.000  9.966201e-01 
  841.000  9.966201e-01 
  842.000  9.965960e-01 
  843.000  9.965960e-01 
  844.000  9.965720e-01 
  845.000  9.965720e-01 
  846.000  9.965478e-01 
  847.000  9.965478e-01 
  848.000  9.965238e-01 
  849.000  9.965238e-01 
  850.000  9.964997e-01 
  851.000  1.000000e+00 
  852.000  1.000000e+00 
  853.000  1.000000e+00 
  854.000  1.000000e+00 
  855.000  1.000000e+00 
  856.000  1.000000e+00 
  857.000  1.000000e+00 
  858.000  1.000000e+00 
  859.000  1.000000e+00 
  860.000  1.000000e+00 
  861.000  1.000000e+00 
  862.000  1.000000e+00 
  863.000  1.000000e+00 
  864.000  1.000000e+00 
  865.000  1.000000e+00 
  866.000  1.000000e+00 
  867.000  1.000000e+00 
  868.000  1.000000e+00 
  869.000  1.000000e+00 
  870.000  1.000000e+00 
  871.000  1.000000e+00 
  872.000  1.000000e+00 
  873.000  1.000000e+00 
  874.000  1.000000e+00 
  875.000  1.000000e+00 
  876.000  1.000000e+00 
  877.000  1.000000e+00 
  878.000  1.000000e+00 
  879.000  1.000000e+00 
  880.000  1.000000e+00 
  881.000  1.000000e+00 
  882.000  1.000000e+00 
  883.000  1.000000e+00 
  884.000  1.000000e+00 
  885.000  1.000000e+00 
  886.000  1.000000e+00 
  887.000  1.000000e+00 
  888.000  1.000000e+00 
  889.000  1.000000e+00 
  890.000  1.000000e+00 
  891.000  1.000000e+00 
  892.000  1.000000e+00 
  893.000  1.000000e+00 
  894.000  1.000000e+00 
  895.000  1.000000e+00 
  896.000  1.000000e+00 
  897.000  1.000000e+00 
  898.000  1.000000e+00 
  899.000  1.000000e+00 
  900.000  1.000000e+00 
  901.000  1.000000e+00 
  902.000  1.000000e+00 
  903.000  1.000000e+00 
  904.000  1.000000e+00 
  905.000  1.000000e+00 
  906.000  1.000000e+00 
  907.000  1.000000e+00 
  908.000  1.000000e+00 
  909.000  1.000000e+00 
  910.000  1.000000e+00 
  911.000  1.000000e+00 
  912.000  1.000000e+00 
  913.000  1.000000e+00 
  914.000  1.000000e+00 
  915.000  1.000000e+00 
  916.000  1.000000e+00 
  917.000  1.000000e+00 
  918.000  1.000000e+00 
  919.000  1.000000e+00 
  920.000  1.000000e+00 
  921.000  1.000000e+00 
  922.000  1.000000e+00 
  923.000  1.000000e+00 
  924.000  1.000000e+00 
  925.000  1.000000e+00 
  926.000  1.000000e+00 
  927.000  1.000000e+00 
  928.000  1.000000e+00 
  929.000  1.000000e+00 
  930.000  1.000000e+00 
  931.000  1.000000e+00 
  932.000  1.000000e+00 
  933.000  1.000000e+00 
  934.000  1.000000e+00 
  935.000  1.000000e+00 
  936.000  1.000000e+00 
  937.000  1.000000e+00 
  938.000  1.000000e+00 
  939.000  1.000000e+00 
  940.000  1.000000e+00 
  941.000  1.000000e+00 
  942.000  1.000000e+00 
  943.000  1.000000e+00 
  944.000  1.000000e+00 
  945.000  1.000000e+00 
  946.000  1.000000e+00 
  947.000  1.000000e+00 
  948.000  1.000000e+00 
  949.000  1.000000e+00 
  950.000  1.000000e+00 
  951.000  1.000000e+00 
  952.000  1.000000e+00 
  953.000  1.000000e+00 
  954.000  1.000000e+00 
  955.000  1.000000e+00 
  956.000  1.000000e+00 
  957.000  1.000000e+00 
  958.000  1.000000e+00 
  959.000  1.000000e+00 
  960.000  1.000000e+00 
  961.000  1.000000e+00 
  962.000  1.000000e+00 
  963.000  1.000000e+00 
  964.000  1.000000e+00 
  965.000  1.000000e+00 
  966.000  1.000000e+00 
  967.000  1.000000e+00 
  968.000  1.000000e+00 
  969.000  1.000000e+00 
  970.000  1.000000e+00 
  971.000  1.000000e+00 
  972.000  1.000000e+00 
  973.000  1.000000e+00 
  974.000  1.000000e+00 
  975.000  1.000000e+00 
  976.000  1.000000e+00 
  977.000  1.000000e+00 
  978.000  1.000000e+00 
  979.000  1.000000e+00 
  980.000  1.000000e+00 
  981.000  1.000000e+00 
  982.000  1.000000e+00 
  983.000  1.000000e+00 
  984.000  1.000000e+00 
  985.000  1.000000e+00 
  986.000  1.000000e+00 
  987.000  1.000000e+00 
  988.000  1.000000e+00 
  989.000  1.000000e+00 
  990.000  1.000000e+00 
  991.000  1.000000e+00 
  992.000  1.000000e+00 
  993.000  1.000000e+00 
  994.000  1.000000e+00 
  995.000  1.000000e+00 
  996.000  1.000000e+00 
  997.000  1.000000e+00 
  998.000  1.000000e+00 
  999.000  1.000000e+00 
 1000.000  1.000000e+00 
 1001.000  1.000000e+00 
 1002.000  1.000000e+00 
 1003.000  1.000000e+00 
 1004.000  1.000000e+00 
 1005.000  1.000000e+00 
 1006.000  1.000000e+00 
 1007.000  1.000000e+00 
 1008.000  9.999999e-01 
 1009.000  9.999999e-01 
 1010.000  9.999998e-01 
 1011.000  9.999997e-01 
 1012.000  9.999996e-01 
 1013.000  9.999994e-01 
 1014.000  9.999992e-01 
 1015.000  9.999987e-01 
 1016.000  9.999982e-01 
 1017.000  9.999974e-01 
 1018.000  9.999962e-01 
 1019.000  9.999946e-01 
 1020.000  9.999924e-01 
 1021.000  9.999894e-01 
 1022.000  9.999853e-01 
 1023.000  9.999797e-01 
 1024.000  9.999725e-01 
 1025.000  9.999627e-01 
 1026.000  9.999498e-01 
 1027.000  9.999331e-01 
 1028.000  9.999114e-01 
 1029.000  9.998837e-01 
 1030.000  9.998482e-01 
 1031.000  9.998035e-01 
 1032.000  9.997475e-01 
 1033.000  9.996780e-01 
 1034.000  9.995922e-01 
 1035.000  9.994876e-01 
 1036.000  9.993610e-01 
 1037.000  9.992090e-01 
 1038.000  9.990280e-01 
 1039.000  9.988145e-01 
 1040.000  9.985648e-01 
 1041.000  9.982756e-01 
 1042.000  9.979433e-01 
 1043.000  9.975653e-01 
 1044.000  9.971394e-01 
 1045.000  9.966639e-01 
 1046.000  9.961383e-01 
 1047.000  9.955630e-01 
 1048.000  9.949401e-01 
 1049.000  9.942725e-01 
 1050.000  9.935652e-01 
 1051.000  9.928241e-01 
 1052.000  9.920571e-01 
 1053.000  9.912734e-01 
 1054.000  9.904836e-01 
 1055.000  9.896991e-01 
 1056.000  9.889324e-01 
 1057.000  9.881967e-01 
 1058.000  9.875050e-01 
 1059.000  9.868706e-01 
 1060.000  9.863058e-01 
 1061.000  9.858219e-01 
 1062.000  9.854290e-01 
 1063.000  9.851356e-01 
 1064.000  9.849478e-01 
 1065.000  9.848698e-01 
 1066.000  9.849033e-01 
 1067.000  9.850475e-01 
 1068.000  9.852993e-01 
 1069.000  9.856533e-01 
 1070.000  9.861019e-01 
 1071.000  9.866357e-01 
 1072.000  9.872437e-01 
 1073.000  9.879140e-01 
 1074.000  9.886337e-01 
 1075.000  9.893895e-01 
 1076.000  9.901685e-01 
 1077.000  9.909576e-01 
 1078.000  9.917452e-01 
 1079.000  9.925200e-01 
 1080.000  9.932724e-01 
 1081.000  9.939941e-01 
 1082.000  9.946782e-01 
 1083.000  9.953195e-01 
 1084.000  9.959140e-01 
 1085.000  9.964596e-01 
 1086.000  9.969552e-01 
 1087.000  9.974009e-01 
 1088.000  9.977978e-01 
 1089.000  9.981480e-01 
 1090.000  9.984541e-01 
 1091.000  9.987191e-01 
 1092.000  9.989467e-01 
 1093.000  9.991402e-01 
 1094.000  9.993034e-01 
 1095.000  9.994399e-01 
 1096.000  9.995528e-01 
 1097.000  9.996458e-01 
 1098.000  9.997214e-01 
 1099.000  9.997826e-01 
 1100.000  9.998316e-01 
 1101.000  9.998704e-01 
 1102.000  9.999011e-01 
 1103.000  9.999250e-01 
 1104.000  9.999437e-01 
 1105.000  9.999580e-01 
 1106.000  9.999689e-01 
 1107.000  9.999771e-01 
 1108.000  9.999833e-01 
 1109.000  9.999879e-01 
 1110.000  9.999914e-01 
 1111.000  9.999938e-01 
 1112.000  9.999956e-01 
 1113.000  9.999969e-01 
 1114.000  9.999979e-01 
 1115.000  9.999985e-01 
 1116.000  9.999990e-01 
 1117.000  9.999993e-01 
 1118.000  9.999996e-01 
 1119.000  9.999997e-01 
 1120.000  9.999998e-01 
 1121.000  9.999999e-01 
 1122.000  9.999999e-01 
 1123.000  9.999999e-01 
 1124.000  1.000000e+00 
 1125.000  1.000000e+00 
 1126.000  1.000000e+00 
 1127.000  1.000000e+00 
 1128.000  1.000000e+00 
 1129.000  1.000000e+00 
 1130.000  1.000000e+00 
 1131.000  1.000000e+00 
 1132.000  1.000000e+00 
 1133.000  1.000000e+00 
 1134.000  1.000000e+00 
 1135.000  1.000000e+00 
 1136.000  1.000000e+00 
 1137.000  1.000000e+00 
 1138.000  1.000000e+00 
 1139.000  1.000000e+00 
 1140.000  1.000000e+00 
 1141.000  1.000000e+00 
 1142.000  1.000000e+00 
 1143.000  1.000000e+00 
 1144.000  1.000000e+00 
 1145.000  1.000000e+00 
 1146.000  1.000000e+00 
 1147.000  1.000000e+00 
 1148.000  1.000000e+00 
 1149.000  1.000000e+00 
 1150.000  1.000000e+00 
 1151.000  1.000000e+00 
 1152.000  1.000000e+00 
 1153.000  1.000000e+00 
 1154.000  1.000000e+00 
 1155.000  1.000000e+00 
 1156.000  1.000000e+00 
 1157.000  1.000000e+00 
 1158.000  1.000000e+00 
 1159.000  1.000000e+00 
 1160.000  1.000000e+00 
 1161.000  1.000000e+00 
 1162.000  1.000000e+00 
 1163.000  1.000000e+00 
 1164.000  1.000000e+00 
 1165.000  1.000000e+00 
 1166.000  1.000000e+00 
 1167.000  1.000000e+00 
 1168.000  1.000000e+00 
 1169.000  1.000000e+00 
 1170.000  1.000000e+00 
 1171.000  1.000000e+00 
 1172.000  1.000000e+00 
 1173.000  1.000000e+00 
 1174.000  1.000000e+00 
 1175.000  1.000000e+00 
 1176.000  1.000000e+00 
 1177.000  1.000000e+00 
 1178.000  1.000000e+00 
 1179.000  1.000000e+00 
 1180.000  1.000000e+00 
 1181.000  1.000000e+00 
 1182.000  1.000000e+00 
 1183.000  1.000000e+00 
 1184.000  1.000000e+00 
 1185.000  1.000000e+00 
 1186.000  1.000000e+00 
 1187.000  1.000000e+00 
 1188.000  1.000000e+00 
 1189.000  1.000000e+00 
 1190.000  1.000000e+00 
 1191.000  1.000000e+00 
 1192.000  1.000000e+00 
 1193.000  1.000000e+00 
 1194.000  1.000000e+00 
 1195.000  1.000000e+00 
 1196.000  1.000000e+00 
 1197.000  1.000000e+00 
 1198.000  1.000000e+00 
 1199.000  1.000000e+00 
 1200.000  1.000000e+00 
