  250.000  0.000000e+00 
  251.000  0.000000e+00 
  252.000  0.000000e+00 
  253.000  0.000000e+00 
  254.000  0.000000e+00 
  255.000  0.000000e+00 
  256.000  0.000000e+00 
  257.000  0.000000e+00 
  258.000  0.000000e+00 
  259.000  0.000000e+00 
  260.000  0.000000e+00 
  261.000  0.000000e+00 
  262.000  0.000000e+00 
  263.000  0.000000e+00 
  264.000  0.000000e+00 
  265.000  0.000000e+00 
  266.000  0.000000e+00 
  267.000  0.000000e+00 
  268.000  0.000000e+00 
  269.000  0.000000e+00 
  270.000  0.000000e+00 
  271.000  0.000000e+00 
  272.000  0.000000e+00 
  273.000  0.000000e+00 
  274.000  0.000000e+00 
  275.000  0.000000e+00 
  276.000  0.000000e+00 
  277.000  0.000000e+00 
  278.000  0.000000e+00 
  279.000  0.000000e+00 
  280.000  0.000000e+00 
  281.000  0.000000e+00 
  282.000  0.000000e+00 
  283.000  0.000000e+00 
  284.000  0.000000e+00 
  285.000  0.000000e+00 
  286.000  0.000000e+00 
  287.000  0.000000e+00 
  288.000  0.000000e+00 
  289.000  0.000000e+00 
  290.000  0.000000e+00 
  291.000  0.000000e+00 
  292.000  7.406281e-09 
  293.000  4.893068e-08 
  294.000  4.687059e-07 
  295.000  2.158855e-06 
  296.000  1.533615e-05 
  297.000  5.603085e-05 
  298.000  2.089418e-04 
  299.000  4.875422e-04 
  300.000  1.487335e-03 
  301.000  3.507989e-03 
  302.000  6.484270e-03 
  303.000  1.546883e-02 
  304.000  2.024911e-02 
  305.000  4.153986e-02 
  306.000  5.601088e-02 
  307.000  8.662412e-02 
  308.000  1.159228e-01 
  309.000  1.504738e-01 
  310.000  2.142770e-01 
  311.000  2.425404e-01 
  312.000  3.018653e-01 
  313.000  3.628590e-01 
  314.000  3.827582e-01 
  315.000  4.732314e-01 
  316.000  4.969046e-01 
  317.000  5.536550e-01 
  318.000  5.767489e-01 
  319.000  7.044203e-01 
  320.000  5.982289e-01 
  321.000  7.875238e-01 
  322.000  6.826534e-01 
  323.000  7.644087e-01 
  324.000  8.714573e-01 
  325.000  7.652684e-01 
  326.000  8.810452e-01 
  327.000  8.943760e-01 
  328.000  8.105565e-01 
  329.000  9.406618e-01 
  330.000  9.496291e-01 
  331.000  8.765667e-01 
  332.000  9.572086e-01 
  333.000  9.589385e-01 
  334.000  9.329898e-01 
  335.000  9.747275e-01 
  336.000  9.823859e-01 
  337.000  9.528629e-01 
  338.000  9.742216e-01 
  339.000  9.864475e-01 
  340.000  9.678912e-01 
  341.000  9.855292e-01 
  342.000  9.901022e-01 
  343.000  9.889036e-01 
  344.000  9.719453e-01 
  345.000  9.890091e-01 
  346.000  9.920827e-01 
  347.000  9.900103e-01 
  348.000  9.920219e-01 
  349.000  9.939637e-01 
  350.000  9.950564e-01 
  351.000  9.953310e-01 
  352.000  9.955869e-01 
  353.000  9.959376e-01 
  354.000  9.948967e-01 
  355.000  9.946160e-01 
  356.000  9.948917e-01 
  357.000  9.930379e-01 
  358.000  9.919325e-01 
  359.000  9.907686e-01 
  360.000  9.894978e-01 
  361.000  9.887640e-01 
  362.000  9.903194e-01 
  363.000  9.919390e-01 
  364.000  9.936258e-01 
  365.000  9.935836e-01 
  366.000  9.942395e-01 
  367.000  9.946654e-01 
  368.000  9.944316e-01 
  369.000  9.946468e-01 
  370.000  9.945425e-01 
  371.000  9.948757e-01 
  372.000  9.938380e-01 
  373.000  9.943066e-01 
  374.000  9.944106e-01 
  375.000  9.945041e-01 
  376.000  9.934489e-01 
  377.000  9.932982e-01 
  378.000  9.928797e-01 
  379.000  9.915980e-01 
  380.000  9.900838e-01 
  381.000  9.907816e-01 
  382.000  9.919211e-01 
  383.000  9.933069e-01 
  384.000  9.934928e-01 
  385.000  9.936845e-01 
  386.000  9.941068e-01 
  387.000  9.940757e-01 
  388.000  9.938642e-01 
  389.000  9.937243e-01 
  390.000  9.938210e-01 
  391.000  9.939498e-01 
  392.000  9.934612e-01 
  393.000  9.942139e-01 
  394.000  9.943090e-01 
  395.000  9.940770e-01 
  396.000  9.935822e-01 
  397.000  9.943675e-01 
  398.000  9.933207e-01 
  399.000  9.942582e-01 
  400.000  9.930944e-01 
  401.000  9.933326e-01 
  402.000  9.940959e-01 
  403.000  9.945546e-01 
  404.000  9.937223e-01 
  405.000  9.934731e-01 
  406.000  9.942476e-01 
  407.000  9.948578e-01 
  408.000  9.935573e-01 
  409.000  9.931536e-01 
  410.000  9.934748e-01 
  411.000  9.931652e-01 
  412.000  9.940968e-01 
  413.000  9.928792e-01 
  414.000  9.931830e-01 
  415.000  9.935364e-01 
  416.000  9.945014e-01 
  417.000  9.942290e-01 
  418.000  9.937628e-01 
  419.000  9.939235e-01 
  420.000  9.933538e-01 
  421.000  9.931142e-01 
  422.000  9.929075e-01 
  423.000  9.933085e-01 
  424.000  9.926574e-01 
  425.000  9.931231e-01 
  426.000  9.943035e-01 
  427.000  9.936358e-01 
  428.000  9.926073e-01 
  429.000  9.938397e-01 
  430.000  9.941407e-01 
  431.000  9.925728e-01 
  432.000  9.937733e-01 
  433.000  9.936978e-01 
  434.000  9.927777e-01 
  435.000  9.912137e-01 
  436.000  9.925629e-01 
  437.000  9.936534e-01 
  438.000  9.941857e-01 
  439.000  9.912000e-01 
  440.000  9.920139e-01 
  441.000  9.934230e-01 
  442.000  9.938049e-01 
  443.000  9.930589e-01 
  444.000  9.922280e-01 
  445.000  9.905350e-01 
  446.000  9.918034e-01 
  447.000  9.921121e-01 
  448.000  9.891777e-01 
  449.000  9.916855e-01 
  450.000  9.926152e-01 
  451.000  9.923310e-01 
  452.000  9.920222e-01 
  453.000  9.921251e-01 
  454.000  9.926952e-01 
  455.000  9.918413e-01 
  456.000  9.915529e-01 
  457.000  9.915411e-01 
  458.000  9.896998e-01 
  459.000  9.903356e-01 
  460.000  9.891861e-01 
  461.000  9.892753e-01 
  462.000  9.899568e-01 
  463.000  9.879813e-01 
  464.000  9.890937e-01 
  465.000  9.898063e-01 
  466.000  9.904501e-01 
  467.000  9.888221e-01 
  468.000  9.890109e-01 
  469.000  9.895794e-01 
  470.000  9.893761e-01 
  471.000  9.889159e-01 
  472.000  9.875848e-01 
  473.000  9.861168e-01 
  474.000  9.824579e-01 
  475.000  9.805703e-01 
  476.000  9.788781e-01 
  477.000  9.774848e-01 
  478.000  9.769914e-01 
  479.000  9.773532e-01 
  480.000  9.782194e-01 
  481.000  9.800667e-01 
  482.000  9.815998e-01 
  483.000  9.827219e-01 
  484.000  9.826907e-01 
  485.000  9.821737e-01 
  486.000  9.822035e-01 
  487.000  9.826748e-01 
  488.000  9.820109e-01 
  489.000  9.809881e-01 
  490.000  9.821327e-01 
  491.000  9.826991e-01 
  492.000  9.821561e-01 
  493.000  9.818192e-01 
  494.000  9.810569e-01 
  495.000  9.807019e-01 
  496.000  9.795918e-01 
  497.000  9.790680e-01 
  498.000  9.784034e-01 
  499.000  9.776993e-01 
  500.000  9.768041e-01 
  501.000  9.750853e-01 
  502.000  9.733695e-01 
  503.000  9.714730e-01 
  504.000  9.703769e-01 
  505.000  9.682541e-01 
  506.000  9.692693e-01 
  507.000  9.696597e-01 
  508.000  9.697035e-01 
  509.000  9.693592e-01 
  510.000  9.694354e-01 
  511.000  9.696152e-01 
  512.000  9.695123e-01 
  513.000  9.698066e-01 
  514.000  9.699904e-01 
  515.000  9.701498e-01 
  516.000  9.695113e-01 
  517.000  9.691440e-01 
  518.000  9.681293e-01 
  519.000  9.674119e-01 
  520.000  9.665877e-01 
  521.000  9.658609e-01 
  522.000  9.648895e-01 
  523.000  9.638328e-01 
  524.000  9.627411e-01 
  525.000  9.608485e-01 
  526.000  9.591086e-01 
  527.000  9.577709e-01 
  528.000  9.557495e-01 
  529.000  9.542902e-01 
  530.000  9.523818e-01 
  531.000  9.515995e-01 
  532.000  9.508091e-01 
  533.000  9.503712e-01 
  534.000  9.499902e-01 
  535.000  9.497516e-01 
  536.000  9.494796e-01 
  537.000  9.492074e-01 
  538.000  9.487891e-01 
  539.000  9.482840e-01 
  540.000  9.482142e-01 
  541.000  9.476845e-01 
  542.000  9.466071e-01 
  543.000  9.460191e-01 
  544.000  9.455944e-01 
  545.000  9.446709e-01 
  546.000  9.446717e-01 
  547.000  9.443683e-01 
  548.000  9.438577e-01 
  549.000  9.434995e-01 
  550.000  9.434221e-01 
  551.000  9.428922e-01 
  552.000  9.421842e-01 
  553.000  9.414185e-01 
  554.000  9.409371e-01 
  555.000  9.405013e-01 
  556.000  9.389211e-01 
  557.000  9.370155e-01 
  558.000  9.352652e-01 
  559.000  9.335532e-01 
  560.000  9.318247e-01 
  561.000  9.301850e-01 
  562.000  9.287382e-01 
  563.000  9.269509e-01 
  564.000  9.252470e-01 
  565.000  9.235222e-01 
  566.000  9.222735e-01 
  567.000  9.205386e-01 
  568.000  9.181039e-01 
  569.000  9.159156e-01 
  570.000  9.132743e-01 
  571.000  9.111601e-01 
  572.000  9.092292e-01 
  573.000  9.073322e-01 
  574.000  9.056366e-01 
  575.000  9.039615e-01 
  576.000  9.037689e-01 
  577.000  9.040084e-01 
  578.000  9.047807e-01 
  579.000  9.060180e-01 
  580.000  9.079632e-01 
  581.000  9.103630e-01 
  582.000  9.128541e-01 
  583.000  9.153163e-01 
  584.000  9.176507e-01 
  585.000  9.196523e-01 
  586.000  9.207690e-01 
  587.000  9.214357e-01 
  588.000  9.220904e-01 
  589.000  9.222379e-01 
  590.000  9.222907e-01 
  591.000  9.218392e-01 
  592.000  9.211252e-01 
  593.000  9.206880e-01 
  594.000  9.203683e-01 
  595.000  9.198332e-01 
  596.000  9.188817e-01 
  597.000  9.180395e-01 
  598.000  9.170384e-01 
  599.000  9.161459e-01 
  600.000  9.150855e-01 
  601.000  9.152731e-01 
  602.000  9.154839e-01 
  603.000  9.157722e-01 
  604.000  9.160171e-01 
  605.000  9.161755e-01 
  606.000  9.171717e-01 
  607.000  9.181510e-01 
  608.000  9.191145e-01 
  609.000  9.201207e-01 
  610.000  9.211040e-01 
  611.000  9.220054e-01 
  612.000  9.228109e-01 
  613.000  9.237882e-01 
  614.000  9.247677e-01 
  615.000  9.256930e-01 
  616.000  9.265987e-01 
  617.000  9.274555e-01 
  618.000  9.281707e-01 
  619.000  9.289320e-01 
  620.000  9.294457e-01 
  621.000  9.296958e-01 
  622.000  9.299394e-01 
  623.000  9.299740e-01 
  624.000  9.299676e-01 
  625.000  9.299573e-01 
  626.000  9.295226e-01 
  627.000  9.293717e-01 
  628.000  9.292463e-01 
  629.000  9.294919e-01 
  630.000  9.298891e-01 
  631.000  9.308504e-01 
  632.000  9.320918e-01 
  633.000  9.337840e-01 
  634.000  9.354488e-01 
  635.000  9.372870e-01 
  636.000  9.398195e-01 
  637.000  9.422039e-01 
  638.000  9.446953e-01 
  639.000  9.469485e-01 
  640.000  9.492275e-01 
  641.000  9.503624e-01 
  642.000  9.511698e-01 
  643.000  9.520583e-01 
  644.000  9.527252e-01 
  645.000  9.534373e-01 
  646.000  9.542336e-01 
  647.000  9.549528e-01 
  648.000  9.555923e-01 
  649.000  9.563963e-01 
  650.000  9.571057e-01 
  651.000  9.577996e-01 
  652.000  9.586952e-01 
  653.000  9.594057e-01 
  654.000  9.602847e-01 
  655.000  9.609722e-01 
  656.000  9.616635e-01 
  657.000  9.622069e-01 
  658.000  9.629097e-01 
  659.000  9.634258e-01 
  660.000  9.641257e-01 
  661.000  9.646632e-01 
  662.000  9.653691e-01 
  663.000  9.658951e-01 
  664.000  9.665930e-01 
  665.000  9.671004e-01 
  666.000  9.677816e-01 
  667.000  9.682995e-01 
  668.000  9.689720e-01 
  669.000  9.695029e-01 
  670.000  9.701929e-01 
  671.000  9.707469e-01 
  672.000  9.710894e-01 
  673.000  9.716038e-01 
  674.000  9.719520e-01 
  675.000  9.724896e-01 
  676.000  9.728394e-01 
  677.000  9.733694e-01 
  678.000  9.737465e-01 
  679.000  9.742763e-01 
  680.000  9.746250e-01 
  681.000  9.751595e-01 
  682.000  9.758780e-01 
  683.000  9.763992e-01 
  684.000  9.771128e-01 
  685.000  9.776407e-01 
  686.000  9.781628e-01 
  687.000  9.785304e-01 
  688.000  9.790679e-01 
  689.000  9.794207e-01 
  690.000  9.799532e-01 
  691.000  9.803075e-01 
  692.000  9.806634e-01 
  693.000  9.810202e-01 
  694.000  9.813749e-01 
  695.000  9.817279e-01 
  696.000  9.820816e-01 
  697.000  9.824383e-01 
  698.000  9.827984e-01 
  699.000  9.831545e-01 
  700.000  9.835019e-01 
  701.000  9.837879e-01 
  702.000  9.840685e-01 
  703.000  9.843513e-01 
  704.000  9.846213e-01 
  705.000  9.848984e-01 
  706.000  9.851507e-01 
  707.000  9.853843e-01 
  708.000  9.856481e-01 
  709.000  9.859117e-01 
  710.000  9.861553e-01 
  711.000  9.864319e-01 
  712.000  9.867174e-01 
  713.000  9.870104e-01 
  714.000  9.872990e-01 
  715.000  9.875902e-01 
  716.000  9.878123e-01 
  717.000  9.880293e-01 
  718.000  9.882445e-01 
  719.000  9.884610e-01 
  720.000  9.886750e-01 
  721.000  9.888878e-01 
  722.000  9.890978e-01 
  723.000  9.893122e-01 
  724.000  9.895283e-01 
  725.000  9.897482e-01 
  726.000  9.899122e-01 
  727.000  9.900740e-01 
  728.000  9.902343e-01 
  729.000  9.903966e-01 
  730.000  9.905573e-01 
  731.000  9.907362e-01 
  732.000  9.909140e-01 
  733.000  9.910937e-01 
  734.000  9.912695e-01 
  735.000  9.914448e-01 
  736.000  9.915549e-01 
  737.000  9.916440e-01 
  738.000  9.917535e-01 
  739.000  9.918388e-01 
  740.000  9.919482e-01 
  741.000  9.920391e-01 
  742.000  9.921486e-01 
  743.000  9.922329e-01 
  744.000  9.923357e-01 
  745.000  9.924155e-01 
  746.000  9.925706e-01 
  747.000  9.927499e-01 
  748.000  9.929183e-01 
  749.000  9.930803e-01 
  750.000  9.932402e-01 
  751.000  9.934177e-01 
  752.000  9.935967e-01 
  753.000  9.937773e-01 
  754.000  9.939539e-01 
  755.000  9.941353e-01 
  756.000  9.942629e-01 
  757.000  9.943723e-01 
  758.000  9.945006e-01 
  759.000  9.946097e-01 
  760.000  9.947364e-01 
  761.000  9.947912e-01 
  762.000  9.948448e-01 
  763.000  9.949155e-01 
  764.000  9.949686e-01 
  765.000  9.950212e-01 
  766.000  9.950402e-01 
  767.000  9.950590e-01 
  768.000  9.950959e-01 
  769.000  9.951148e-01 
  770.000  9.951336e-01 
  771.000  9.950979e-01 
  772.000  9.950619e-01 
  773.000  9.950262e-01 
  774.000  9.949899e-01 
  775.000  9.949540e-01 
  776.000  9.949353e-01 
  777.000  9.949167e-01 
  778.000  9.948983e-01 
  779.000  9.948800e-01 
  780.000  9.948624e-01 
  781.000  9.949883e-01 
  782.000  9.950958e-01 
  783.000  9.952211e-01 
  784.000  9.953296e-01 
  785.000  9.954529e-01 
  786.000  9.955616e-01 
  787.000  9.956883e-01 
  788.000  9.957938e-01 
  789.000  9.959174e-01 
  790.000  9.960215e-01 
  791.000  9.961696e-01 
  792.000  9.962978e-01 
  793.000  9.964446e-01 
  794.000  9.965711e-01 
  795.000  9.967191e-01 
  796.000  9.967911e-01 
  797.000  9.968631e-01 
  798.000  9.969171e-01 
  799.000  9.969891e-01 
  800.000  9.970611e-01 
  801.000  9.970251e-01 
  802.000  9.969711e-01 
  803.000  9.969351e-01 
  804.000  9.968811e-01 
  805.000  9.968451e-01 
  806.000  9.967911e-01 
  807.000  9.967371e-01 
  808.000  9.966831e-01 
  809.000  9.966291e-01 
  810.000  9.965751e-01 
  811.000  9.965932e-01 
  812.000  9.966111e-01 
  813.000  9.966291e-01 
  814.000  9.966471e-01 
  815.000  9.966651e-01 
  816.000  9.967191e-01 
  817.000  9.967731e-01 
  818.000  9.968271e-01 
  819.000  9.968811e-01 
  820.000  9.969351e-01 
  821.000  9.970071e-01 
  822.000  9.970611e-01 
  823.000  9.971331e-01 
  824.000  9.971871e-01 
  825.000  9.972592e-01 
  826.000  9.972951e-01 
  827.000  9.973312e-01 
  828.000  9.973672e-01 
  829.000  9.974033e-01 
  830.000  9.974392e-01 
  831.000  9.974392e-01 
  832.000  9.974573e-01 
  833.000  9.974573e-01 
  834.000  9.974753e-01 
  835.000  9.974753e-01 
  836.000  9.974753e-01 
  837.000  9.974753e-01 
  838.000  9.974753e-01 
  839.000  9.974753e-01 
  840.000  9.974753e-01 
  841.000  9.974753e-01 
  842.000  9.974573e-01 
  843.000  9.974573e-01 
  844.000  9.974392e-01 
  845.000  9.974392e-01 
  846.000  9.974213e-01 
  847.000  9.974213e-01 
  848.000  9.974033e-01 
  849.000  9.974033e-01 
  850.000  9.973852e-01 
  851.000  1.000000e+00 
  852.000  1.000000e+00 
  853.000  1.000000e+00 
  854.000  1.000000e+00 
  855.000  1.000000e+00 
  856.000  1.000000e+00 
  857.000  1.000000e+00 
  858.000  1.000000e+00 
  859.000  1.000000e+00 
  860.000  1.000000e+00 
  861.000  1.000000e+00 
  862.000  1.000000e+00 
  863.000  1.000000e+00 
  864.000  1.000000e+00 
  865.000  1.000000e+00 
  866.000  1.000000e+00 
  867.000  1.000000e+00 
  868.000  1.000000e+00 
  869.000  1.000000e+00 
  870.000  1.000000e+00 
  871.000  1.000000e+00 
  872.000  1.000000e+00 
  873.000  1.000000e+00 
  874.000  1.000000e+00 
  875.000  1.000000e+00 
  876.000  1.000000e+00 
  877.000  1.000000e+00 
  878.000  1.000000e+00 
  879.000  1.000000e+00 
  880.000  1.000000e+00 
  881.000  1.000000e+00 
  882.000  1.000000e+00 
  883.000  1.000000e+00 
  884.000  1.000000e+00 
  885.000  1.000000e+00 
  886.000  1.000000e+00 
  887.000  1.000000e+00 
  888.000  1.000000e+00 
  889.000  1.000000e+00 
  890.000  1.000000e+00 
  891.000  1.000000e+00 
  892.000  1.000000e+00 
  893.000  1.000000e+00 
  894.000  1.000000e+00 
  895.000  1.000000e+00 
  896.000  1.000000e+00 
  897.000  1.000000e+00 
  898.000  1.000000e+00 
  899.000  1.000000e+00 
  900.000  1.000000e+00 
  901.000  1.000000e+00 
  902.000  1.000000e+00 
  903.000  1.000000e+00 
  904.000  1.000000e+00 
  905.000  1.000000e+00 
  906.000  1.000000e+00 
  907.000  1.000000e+00 
  908.000  1.000000e+00 
  909.000  1.000000e+00 
  910.000  1.000000e+00 
  911.000  1.000000e+00 
  912.000  1.000000e+00 
  913.000  1.000000e+00 
  914.000  1.000000e+00 
  915.000  1.000000e+00 
  916.000  1.000000e+00 
  917.000  1.000000e+00 
  918.000  1.000000e+00 
  919.000  1.000000e+00 
  920.000  1.000000e+00 
  921.000  1.000000e+00 
  922.000  1.000000e+00 
  923.000  1.000000e+00 
  924.000  1.000000e+00 
  925.000  1.000000e+00 
  926.000  1.000000e+00 
  927.000  1.000000e+00 
  928.000  1.000000e+00 
  929.000  1.000000e+00 
  930.000  1.000000e+00 
  931.000  1.000000e+00 
  932.000  1.000000e+00 
  933.000  1.000000e+00 
  934.000  1.000000e+00 
  935.000  1.000000e+00 
  936.000  1.000000e+00 
  937.000  1.000000e+00 
  938.000  1.000000e+00 
  939.000  1.000000e+00 
  940.000  1.000000e+00 
  941.000  1.000000e+00 
  942.000  1.000000e+00 
  943.000  1.000000e+00 
  944.000  1.000000e+00 
  945.000  1.000000e+00 
  946.000  1.000000e+00 
  947.000  1.000000e+00 
  948.000  1.000000e+00 
  949.000  1.000000e+00 
  950.000  1.000000e+00 
  951.000  1.000000e+00 
  952.000  1.000000e+00 
  953.000  1.000000e+00 
  954.000  1.000000e+00 
  955.000  1.000000e+00 
  956.000  1.000000e+00 
  957.000  1.000000e+00 
  958.000  1.000000e+00 
  959.000  1.000000e+00 
  960.000  1.000000e+00 
  961.000  1.000000e+00 
  962.000  1.000000e+00 
  963.000  1.000000e+00 
  964.000  1.000000e+00 
  965.000  1.000000e+00 
  966.000  1.000000e+00 
  967.000  1.000000e+00 
  968.000  1.000000e+00 
  969.000  1.000000e+00 
  970.000  1.000000e+00 
  971.000  1.000000e+00 
  972.000  1.000000e+00 
  973.000  1.000000e+00 
  974.000  1.000000e+00 
  975.000  1.000000e+00 
  976.000  1.000000e+00 
  977.000  1.000000e+00 
  978.000  1.000000e+00 
  979.000  1.000000e+00 
  980.000  1.000000e+00 
  981.000  1.000000e+00 
  982.000  1.000000e+00 
  983.000  1.000000e+00 
  984.000  1.000000e+00 
  985.000  1.000000e+00 
  986.000  1.000000e+00 
  987.000  1.000000e+00 
  988.000  1.000000e+00 
  989.000  1.000000e+00 
  990.000  1.000000e+00 
  991.000  1.000000e+00 
  992.000  1.000000e+00 
  993.000  1.000000e+00 
  994.000  1.000000e+00 
  995.000  1.000000e+00 
  996.000  1.000000e+00 
  997.000  1.000000e+00 
  998.000  1.000000e+00 
  999.000  1.000000e+00 
 1000.000  1.000000e+00 
 1001.000  1.000000e+00 
 1002.000  1.000000e+00 
 1003.000  1.000000e+00 
 1004.000  1.000000e+00 
 1005.000  1.000000e+00 
 1006.000  9.999999e-01 
 1007.000  9.999999e-01 
 1008.000  9.999999e-01 
 1009.000  9.999999e-01 
 1010.000  9.999998e-01 
 1011.000  9.999997e-01 
 1012.000  9.999995e-01 
 1013.000  9.999993e-01 
 1014.000  9.999990e-01 
 1015.000  9.999985e-01 
 1016.000  9.999979e-01 
 1017.000  9.999969e-01 
 1018.000  9.999955e-01 
 1019.000  9.999937e-01 
 1020.000  9.999911e-01 
 1021.000  9.999876e-01 
 1022.000  9.999828e-01 
 1023.000  9.999764e-01 
 1024.000  9.999679e-01 
 1025.000  9.999565e-01 
 1026.000  9.999415e-01 
 1027.000  9.999219e-01 
 1028.000  9.998967e-01 
 1029.000  9.998642e-01 
 1030.000  9.998229e-01 
 1031.000  9.997707e-01 
 1032.000  9.997054e-01 
 1033.000  9.996243e-01 
 1034.000  9.995243e-01 
 1035.000  9.994023e-01 
 1036.000  9.992545e-01 
 1037.000  9.990771e-01 
 1038.000  9.988660e-01 
 1039.000  9.986170e-01 
 1040.000  9.983258e-01 
 1041.000  9.979884e-01 
 1042.000  9.976010e-01 
 1043.000  9.971602e-01 
 1044.000  9.966635e-01 
 1045.000  9.961089e-01 
 1046.000  9.954960e-01 
 1047.000  9.948254e-01 
 1048.000  9.940993e-01 
 1049.000  9.933212e-01 
 1050.000  9.924967e-01 
 1051.000  9.916331e-01 
 1052.000  9.907395e-01 
 1053.000  9.898264e-01 
 1054.000  9.889063e-01 
 1055.000  9.879925e-01 
 1056.000  9.870997e-01 
 1057.000  9.862430e-01 
 1058.000  9.854378e-01 
 1059.000  9.846992e-01 
 1060.000  9.840416e-01 
 1061.000  9.834784e-01 
 1062.000  9.830213e-01 
 1063.000  9.826797e-01 
 1064.000  9.824612e-01 
 1065.000  9.823704e-01 
 1066.000  9.824094e-01 
 1067.000  9.825772e-01 
 1068.000  9.828703e-01 
 1069.000  9.832822e-01 
 1070.000  9.838043e-01 
 1071.000  9.844257e-01 
 1072.000  9.851335e-01 
 1073.000  9.859139e-01 
 1074.000  9.867519e-01 
 1075.000  9.876320e-01 
 1076.000  9.885392e-01 
 1077.000  9.894585e-01 
 1078.000  9.903759e-01 
 1079.000  9.912787e-01 
 1080.000  9.921555e-01 
 1081.000  9.929966e-01 
 1082.000  9.937940e-01 
 1083.000  9.945415e-01 
 1084.000  9.952347e-01 
 1085.000  9.958708e-01 
 1086.000  9.964486e-01 
 1087.000  9.969683e-01 
 1088.000  9.974312e-01 
 1089.000  9.978396e-01 
 1090.000  9.981967e-01 
 1091.000  9.985059e-01 
 1092.000  9.987713e-01 
 1093.000  9.989970e-01 
 1094.000  9.991874e-01 
 1095.000  9.993465e-01 
 1096.000  9.994784e-01 
 1097.000  9.995867e-01 
 1098.000  9.996750e-01 
 1099.000  9.997463e-01 
 1100.000  9.998034e-01 
 1101.000  9.998489e-01 
 1102.000  9.998846e-01 
 1103.000  9.999126e-01 
 1104.000  9.999343e-01 
 1105.000  9.999509e-01 
 1106.000  9.999636e-01 
 1107.000  9.999733e-01 
 1108.000  9.999805e-01 
 1109.000  9.999859e-01 
 1110.000  9.999898e-01 
 1111.000  9.999928e-01 
 1112.000  9.999949e-01 
 1113.000  9.999964e-01 
 1114.000  9.999975e-01 
 1115.000  9.999983e-01 
 1116.000  9.999988e-01 
 1117.000  9.999992e-01 
 1118.000  9.999995e-01 
 1119.000  9.999996e-01 
 1120.000  9.999998e-01 
 1121.000  9.999998e-01 
 1122.000  9.999999e-01 
 1123.000  9.999999e-01 
 1124.000  9.999999e-01 
 1125.000  9.999999e-01 
 1126.000  1.000000e+00 
 1127.000  1.000000e+00 
 1128.000  1.000000e+00 
 1129.000  1.000000e+00 
 1130.000  1.000000e+00 
 1131.000  1.000000e+00 
 1132.000  1.000000e+00 
 1133.000  1.000000e+00 
 1134.000  1.000000e+00 
 1135.000  1.000000e+00 
 1136.000  1.000000e+00 
 1137.000  1.000000e+00 
 1138.000  1.000000e+00 
 1139.000  1.000000e+00 
 1140.000  1.000000e+00 
 1141.000  1.000000e+00 
 1142.000  1.000000e+00 
 1143.000  1.000000e+00 
 1144.000  1.000000e+00 
 1145.000  1.000000e+00 
 1146.000  1.000000e+00 
 1147.000  1.000000e+00 
 1148.000  1.000000e+00 
 1149.000  1.000000e+00 
 1150.000  1.000000e+00 
 1151.000  1.000000e+00 
 1152.000  1.000000e+00 
 1153.000  1.000000e+00 
 1154.000  1.000000e+00 
 1155.000  1.000000e+00 
 1156.000  1.000000e+00 
 1157.000  1.000000e+00 
 1158.000  1.000000e+00 
 1159.000  1.000000e+00 
 1160.000  1.000000e+00 
 1161.000  1.000000e+00 
 1162.000  1.000000e+00 
 1163.000  1.000000e+00 
 1164.000  1.000000e+00 
 1165.000  1.000000e+00 
 1166.000  1.000000e+00 
 1167.000  1.000000e+00 
 1168.000  1.000000e+00 
 1169.000  1.000000e+00 
 1170.000  1.000000e+00 
 1171.000  1.000000e+00 
 1172.000  1.000000e+00 
 1173.000  1.000000e+00 
 1174.000  1.000000e+00 
 1175.000  1.000000e+00 
 1176.000  1.000000e+00 
 1177.000  1.000000e+00 
 1178.000  1.000000e+00 
 1179.000  1.000000e+00 
 1180.000  1.000000e+00 
 1181.000  1.000000e+00 
 1182.000  1.000000e+00 
 1183.000  1.000000e+00 
 1184.000  1.000000e+00 
 1185.000  1.000000e+00 
 1186.000  1.000000e+00 
 1187.000  1.000000e+00 
 1188.000  1.000000e+00 
 1189.000  1.000000e+00 
 1190.000  1.000000e+00 
 1191.000  1.000000e+00 
 1192.000  1.000000e+00 
 1193.000  1.000000e+00 
 1194.000  1.000000e+00 
 1195.000  1.000000e+00 
 1196.000  1.000000e+00 
 1197.000  1.000000e+00 
 1198.000  1.000000e+00 
 1199.000  1.000000e+00 
 1200.000  1.000000e+00 
