  250.000  0.000000e+00 
  251.000  0.000000e+00 
  252.000  0.000000e+00 
  253.000  0.000000e+00 
  254.000  0.000000e+00 
  255.000  0.000000e+00 
  256.000  0.000000e+00 
  257.000  0.000000e+00 
  258.000  0.000000e+00 
  259.000  0.000000e+00 
  260.000  0.000000e+00 
  261.000  0.000000e+00 
  262.000  0.000000e+00 
  263.000  0.000000e+00 
  264.000  0.000000e+00 
  265.000  0.000000e+00 
  266.000  0.000000e+00 
  267.000  0.000000e+00 
  268.000  0.000000e+00 
  269.000  0.000000e+00 
  270.000  0.000000e+00 
  271.000  0.000000e+00 
  272.000  0.000000e+00 
  273.000  0.000000e+00 
  274.000  0.000000e+00 
  275.000  0.000000e+00 
  276.000  0.000000e+00 
  277.000  0.000000e+00 
  278.000  0.000000e+00 
  279.000  0.000000e+00 
  280.000  0.000000e+00 
  281.000  0.000000e+00 
  282.000  0.000000e+00 
  283.000  0.000000e+00 
  284.000  0.000000e+00 
  285.000  0.000000e+00 
  286.000  0.000000e+00 
  287.000  0.000000e+00 
  288.000  0.000000e+00 
  289.000  0.000000e+00 
  290.000  0.000000e+00 
  291.000  0.000000e+00 
  292.000  0.000000e+00 
  293.000  0.000000e+00 
  294.000  2.164073e-09 
  295.000  1.751490e-08 
  296.000  2.565281e-07 
  297.000  1.511963e-06 
  298.000  9.164022e-06 
  299.000  2.923309e-05 
  300.000  1.345987e-04 
  301.000  4.357249e-04 
  302.000  1.010413e-03 
  303.000  3.322477e-03 
  304.000  4.803631e-03 
  305.000  1.284701e-02 
  306.000  1.934219e-02 
  307.000  3.513792e-02 
  308.000  5.235941e-02 
  309.000  7.483836e-02 
  310.000  1.214195e-01 
  311.000  1.438687e-01 
  312.000  1.941207e-01 
  313.000  2.497501e-01 
  314.000  2.686834e-01 
  315.000  3.592763e-01 
  316.000  3.840942e-01 
  317.000  4.454034e-01 
  318.000  4.710609e-01 
  319.000  6.193777e-01 
  320.000  4.952567e-01 
  321.000  7.215701e-01 
  322.000  5.933644e-01 
  323.000  6.927801e-01 
  324.000  8.289204e-01 
  325.000  6.938734e-01 
  326.000  8.414947e-01 
  327.000  8.589719e-01 
  328.000  7.507401e-01 
  329.000  9.204369e-01 
  330.000  9.325278e-01 
  331.000  8.356941e-01 
  332.000  9.427089e-01 
  333.000  9.452305e-01 
  334.000  9.102318e-01 
  335.000  9.665472e-01 
  336.000  9.769078e-01 
  337.000  9.369692e-01 
  338.000  9.657958e-01 
  339.000  9.826500e-01 
  340.000  9.574067e-01 
  341.000  9.815848e-01 
  342.000  9.879307e-01 
  343.000  9.862865e-01 
  344.000  9.633005e-01 
  345.000  9.864297e-01 
  346.000  9.905350e-01 
  347.000  9.876333e-01 
  348.000  9.903952e-01 
  349.000  9.930511e-01 
  350.000  9.943646e-01 
  351.000  9.948875e-01 
  352.000  9.951676e-01 
  353.000  9.955515e-01 
  354.000  9.944120e-01 
  355.000  9.941047e-01 
  356.000  9.944065e-01 
  357.000  9.923773e-01 
  358.000  9.911675e-01 
  359.000  9.898938e-01 
  360.000  9.885033e-01 
  361.000  9.877005e-01 
  362.000  9.894023e-01 
  363.000  9.911747e-01 
  364.000  9.930208e-01 
  365.000  9.929746e-01 
  366.000  9.936926e-01 
  367.000  9.941589e-01 
  368.000  9.939028e-01 
  369.000  9.941384e-01 
  370.000  9.940243e-01 
  371.000  9.943891e-01 
  372.000  9.932531e-01 
  373.000  9.937660e-01 
  374.000  9.938799e-01 
  375.000  9.939822e-01 
  376.000  9.928272e-01 
  377.000  9.926623e-01 
  378.000  9.922042e-01 
  379.000  9.908013e-01 
  380.000  9.891444e-01 
  381.000  9.899080e-01 
  382.000  9.911550e-01 
  383.000  9.926717e-01 
  384.000  9.928753e-01 
  385.000  9.930850e-01 
  386.000  9.935473e-01 
  387.000  9.935133e-01 
  388.000  9.932818e-01 
  389.000  9.931287e-01 
  390.000  9.932345e-01 
  391.000  9.933754e-01 
  392.000  9.928407e-01 
  393.000  9.936646e-01 
  394.000  9.937686e-01 
  395.000  9.935147e-01 
  396.000  9.929731e-01 
  397.000  9.938328e-01 
  398.000  9.926869e-01 
  399.000  9.937130e-01 
  400.000  9.924392e-01 
  401.000  9.926999e-01 
  402.000  9.935354e-01 
  403.000  9.940375e-01 
  404.000  9.931265e-01 
  405.000  9.928536e-01 
  406.000  9.936728e-01 
  407.000  9.943124e-01 
  408.000  9.928600e-01 
  409.000  9.923896e-01 
  410.000  9.927127e-01 
  411.000  9.923714e-01 
  412.000  9.933891e-01 
  413.000  9.920540e-01 
  414.000  9.923845e-01 
  415.000  9.927688e-01 
  416.000  9.938166e-01 
  417.000  9.935101e-01 
  418.000  9.929916e-01 
  419.000  9.931591e-01 
  420.000  9.925273e-01 
  421.000  9.922401e-01 
  422.000  9.919889e-01 
  423.000  9.924027e-01 
  424.000  9.916652e-01 
  425.000  9.921498e-01 
  426.000  9.934384e-01 
  427.000  9.927048e-01 
  428.000  9.915770e-01 
  429.000  9.929225e-01 
  430.000  9.932490e-01 
  431.000  9.915153e-01 
  432.000  9.928111e-01 
  433.000  9.927103e-01 
  434.000  9.916860e-01 
  435.000  9.899569e-01 
  436.000  9.913952e-01 
  437.000  9.925503e-01 
  438.000  9.930936e-01 
  439.000  9.897932e-01 
  440.000  9.906442e-01 
  441.000  9.921610e-01 
  442.000  9.925542e-01 
  443.000  9.917185e-01 
  444.000  9.907853e-01 
  445.000  9.889094e-01 
  446.000  9.902769e-01 
  447.000  9.905899e-01 
  448.000  9.873619e-01 
  449.000  9.900794e-01 
  450.000  9.910764e-01 
  451.000  9.907265e-01 
  452.000  9.903495e-01 
  453.000  9.904180e-01 
  454.000  9.910023e-01 
  455.000  9.900295e-01 
  456.000  9.895722e-01 
  457.000  9.894176e-01 
  458.000  9.872638e-01 
  459.000  9.878169e-01 
  460.000  9.864197e-01 
  461.000  9.865074e-01 
  462.000  9.872419e-01 
  463.000  9.850699e-01 
  464.000  9.862748e-01 
  465.000  9.870434e-01 
  466.000  9.877075e-01 
  467.000  9.858953e-01 
  468.000  9.860625e-01 
  469.000  9.866492e-01 
  470.000  9.863881e-01 
  471.000  9.858028e-01 
  472.000  9.842717e-01 
  473.000  9.825869e-01 
  474.000  9.785172e-01 
  475.000  9.763762e-01 
  476.000  9.743190e-01 
  477.000  9.725837e-01 
  478.000  9.718347e-01 
  479.000  9.720126e-01 
  480.000  9.727445e-01 
  481.000  9.746312e-01 
  482.000  9.761709e-01 
  483.000  9.772674e-01 
  484.000  9.771030e-01 
  485.000  9.764146e-01 
  486.000  9.764616e-01 
  487.000  9.769892e-01 
  488.000  9.762807e-01 
  489.000  9.751816e-01 
  490.000  9.764423e-01 
  491.000  9.769818e-01 
  492.000  9.763133e-01 
  493.000  9.758645e-01 
  494.000  9.749575e-01 
  495.000  9.744940e-01 
  496.000  9.729877e-01 
  497.000  9.721343e-01 
  498.000  9.710754e-01 
  499.000  9.700223e-01 
  500.000  9.687621e-01 
  501.000  9.665129e-01 
  502.000  9.642689e-01 
  503.000  9.618310e-01 
  504.000  9.602626e-01 
  505.000  9.575832e-01 
  506.000  9.587303e-01 
  507.000  9.592007e-01 
  508.000  9.592481e-01 
  509.000  9.589224e-01 
  510.000  9.590525e-01 
  511.000  9.592473e-01 
  512.000  9.590884e-01 
  513.000  9.594073e-01 
  514.000  9.595589e-01 
  515.000  9.597316e-01 
  516.000  9.588504e-01 
  517.000  9.583104e-01 
  518.000  9.570222e-01 
  519.000  9.561036e-01 
  520.000  9.550226e-01 
  521.000  9.539531e-01 
  522.000  9.526198e-01 
  523.000  9.512420e-01 
  524.000  9.497802e-01 
  525.000  9.474543e-01 
  526.000  9.451081e-01 
  527.000  9.432447e-01 
  528.000  9.405994e-01 
  529.000  9.386088e-01 
  530.000  9.360904e-01 
  531.000  9.350632e-01 
  532.000  9.340279e-01 
  533.000  9.334184e-01 
  534.000  9.328240e-01 
  535.000  9.323830e-01 
  536.000  9.319524e-01 
  537.000  9.315215e-01 
  538.000  9.309798e-01 
  539.000  9.302990e-01 
  540.000  9.300861e-01 
  541.000  9.293332e-01 
  542.000  9.279926e-01 
  543.000  9.272238e-01 
  544.000  9.265845e-01 
  545.000  9.254105e-01 
  546.000  9.253197e-01 
  547.000  9.249029e-01 
  548.000  9.242639e-01 
  549.000  9.237883e-01 
  550.000  9.236141e-01 
  551.000  9.228633e-01 
  552.000  9.219220e-01 
  553.000  9.209647e-01 
  554.000  9.202670e-01 
  555.000  9.196184e-01 
  556.000  9.174725e-01 
  557.000  9.149355e-01 
  558.000  9.126126e-01 
  559.000  9.102879e-01 
  560.000  9.079931e-01 
  561.000  9.058402e-01 
  562.000  9.039395e-01 
  563.000  9.016332e-01 
  564.000  8.994623e-01 
  565.000  8.972268e-01 
  566.000  8.955882e-01 
  567.000  8.934340e-01 
  568.000  8.904939e-01 
  569.000  8.878622e-01 
  570.000  8.847520e-01 
  571.000  8.824217e-01 
  572.000  8.803304e-01 
  573.000  8.782321e-01 
  574.000  8.763914e-01 
  575.000  8.745297e-01 
  576.000  8.744986e-01 
  577.000  8.749254e-01 
  578.000  8.759173e-01 
  579.000  8.774028e-01 
  580.000  8.796401e-01 
  581.000  8.823613e-01 
  582.000  8.851811e-01 
  583.000  8.879720e-01 
  584.000  8.906287e-01 
  585.000  8.929332e-01 
  586.000  8.940765e-01 
  587.000  8.946972e-01 
  588.000  8.953491e-01 
  589.000  8.954175e-01 
  590.000  8.954293e-01 
  591.000  8.947722e-01 
  592.000  8.938366e-01 
  593.000  8.932393e-01 
  594.000  8.927230e-01 
  595.000  8.919782e-01 
  596.000  8.907034e-01 
  597.000  8.895894e-01 
  598.000  8.882635e-01 
  599.000  8.870974e-01 
  600.000  8.857101e-01 
  601.000  8.859527e-01 
  602.000  8.862200e-01 
  603.000  8.865696e-01 
  604.000  8.868731e-01 
  605.000  8.870848e-01 
  606.000  8.884050e-01 
  607.000  8.897078e-01 
  608.000  8.909947e-01 
  609.000  8.923277e-01 
  610.000  8.936372e-01 
  611.000  8.948606e-01 
  612.000  8.959825e-01 
  613.000  8.972879e-01 
  614.000  8.985965e-01 
  615.000  8.998482e-01 
  616.000  9.011243e-01 
  617.000  9.023492e-01 
  618.000  9.033794e-01 
  619.000  9.045038e-01 
  620.000  9.053650e-01 
  621.000  9.059005e-01 
  622.000  9.064293e-01 
  623.000  9.067351e-01 
  624.000  9.069974e-01 
  625.000  9.072555e-01 
  626.000  9.069256e-01 
  627.000  9.069436e-01 
  628.000  9.069440e-01 
  629.000  9.073860e-01 
  630.000  9.079455e-01 
  631.000  9.091981e-01 
  632.000  9.107514e-01 
  633.000  9.128332e-01 
  634.000  9.148420e-01 
  635.000  9.170376e-01 
  636.000  9.201612e-01 
  637.000  9.230834e-01 
  638.000  9.261690e-01 
  639.000  9.289560e-01 
  640.000  9.318196e-01 
  641.000  9.331782e-01 
  642.000  9.341389e-01 
  643.000  9.352334e-01 
  644.000  9.360434e-01 
  645.000  9.369485e-01 
  646.000  9.379913e-01 
  647.000  9.389511e-01 
  648.000  9.397793e-01 
  649.000  9.408313e-01 
  650.000  9.417819e-01 
  651.000  9.427161e-01 
  652.000  9.439151e-01 
  653.000  9.448679e-01 
  654.000  9.460500e-01 
  655.000  9.469792e-01 
  656.000  9.479127e-01 
  657.000  9.486400e-01 
  658.000  9.495867e-01 
  659.000  9.502851e-01 
  660.000  9.512293e-01 
  661.000  9.519514e-01 
  662.000  9.529027e-01 
  663.000  9.536129e-01 
  664.000  9.545563e-01 
  665.000  9.552468e-01 
  666.000  9.561728e-01 
  667.000  9.568752e-01 
  668.000  9.577924e-01 
  669.000  9.585093e-01 
  670.000  9.594463e-01 
  671.000  9.601886e-01 
  672.000  9.606547e-01 
  673.000  9.613547e-01 
  674.000  9.618272e-01 
  675.000  9.625525e-01 
  676.000  9.630269e-01 
  677.000  9.637446e-01 
  678.000  9.642488e-01 
  679.000  9.649666e-01 
  680.000  9.654403e-01 
  681.000  9.661635e-01 
  682.000  9.671344e-01 
  683.000  9.678438e-01 
  684.000  9.688100e-01 
  685.000  9.695271e-01 
  686.000  9.702381e-01 
  687.000  9.707335e-01 
  688.000  9.714615e-01 
  689.000  9.719410e-01 
  690.000  9.726640e-01 
  691.000  9.731454e-01 
  692.000  9.736286e-01 
  693.000  9.741130e-01 
  694.000  9.745951e-01 
  695.000  9.750754e-01 
  696.000  9.755567e-01 
  697.000  9.760413e-01 
  698.000  9.765297e-01 
  699.000  9.770138e-01 
  700.000  9.774886e-01 
  701.000  9.778773e-01 
  702.000  9.782602e-01 
  703.000  9.786454e-01 
  704.000  9.790169e-01 
  705.000  9.793962e-01 
  706.000  9.797388e-01 
  707.000  9.800611e-01 
  708.000  9.804163e-01 
  709.000  9.807714e-01 
  710.000  9.811046e-01 
  711.000  9.814836e-01 
  712.000  9.818724e-01 
  713.000  9.822695e-01 
  714.000  9.826618e-01 
  715.000  9.830570e-01 
  716.000  9.833574e-01 
  717.000  9.836524e-01 
  718.000  9.839455e-01 
  719.000  9.842399e-01 
  720.000  9.845317e-01 
  721.000  9.848222e-01 
  722.000  9.851098e-01 
  723.000  9.854020e-01 
  724.000  9.856964e-01 
  725.000  9.859947e-01 
  726.000  9.862175e-01 
  727.000  9.864380e-01 
  728.000  9.866567e-01 
  729.000  9.868779e-01 
  730.000  9.870971e-01 
  731.000  9.873412e-01 
  732.000  9.875842e-01 
  733.000  9.878291e-01 
  734.000  9.880699e-01 
  735.000  9.883101e-01 
  736.000  9.884596e-01 
  737.000  9.885813e-01 
  738.000  9.887303e-01 
  739.000  9.888478e-01 
  740.000  9.889966e-01 
  741.000  9.891204e-01 
  742.000  9.892692e-01 
  743.000  9.893857e-01 
  744.000  9.895274e-01 
  745.000  9.896390e-01 
  746.000  9.898524e-01 
  747.000  9.900923e-01 
  748.000  9.903203e-01 
  749.000  9.905413e-01 
  750.000  9.907601e-01 
  751.000  9.910030e-01 
  752.000  9.912477e-01 
  753.000  9.914941e-01 
  754.000  9.917360e-01 
  755.000  9.919832e-01 
  756.000  9.921571e-01 
  757.000  9.923061e-01 
  758.000  9.924806e-01 
  759.000  9.926293e-01 
  760.000  9.928023e-01 
  761.000  9.928768e-01 
  762.000  9.929501e-01 
  763.000  9.930471e-01 
  764.000  9.931198e-01 
  765.000  9.931921e-01 
  766.000  9.932177e-01 
  767.000  9.932432e-01 
  768.000  9.932934e-01 
  769.000  9.933190e-01 
  770.000  9.933444e-01 
  771.000  9.932956e-01 
  772.000  9.932464e-01 
  773.000  9.931974e-01 
  774.000  9.931480e-01 
  775.000  9.930990e-01 
  776.000  9.930737e-01 
  777.000  9.930484e-01 
  778.000  9.930233e-01 
  779.000  9.929984e-01 
  780.000  9.929743e-01 
  781.000  9.931462e-01 
  782.000  9.932933e-01 
  783.000  9.934646e-01 
  784.000  9.936127e-01 
  785.000  9.937819e-01 
  786.000  9.939303e-01 
  787.000  9.941031e-01 
  788.000  9.942481e-01 
  789.000  9.944177e-01 
  790.000  9.945610e-01 
  791.000  9.947624e-01 
  792.000  9.949369e-01 
  793.000  9.951369e-01 
  794.000  9.953097e-01 
  795.000  9.955109e-01 
  796.000  9.956095e-01 
  797.000  9.957079e-01 
  798.000  9.957817e-01 
  799.000  9.958802e-01 
  800.000  9.959787e-01 
  801.000  9.959294e-01 
  802.000  9.958556e-01 
  803.000  9.958063e-01 
  804.000  9.957325e-01 
  805.000  9.956833e-01 
  806.000  9.956095e-01 
  807.000  9.955356e-01 
  808.000  9.954617e-01 
  809.000  9.953879e-01 
  810.000  9.953141e-01 
  811.000  9.953387e-01 
  812.000  9.953633e-01 
  813.000  9.953879e-01 
  814.000  9.954125e-01 
  815.000  9.954371e-01 
  816.000  9.955109e-01 
  817.000  9.955848e-01 
  818.000  9.956586e-01 
  819.000  9.957325e-01 
  820.000  9.958063e-01 
  821.000  9.959048e-01 
  822.000  9.959787e-01 
  823.000  9.960771e-01 
  824.000  9.961510e-01 
  825.000  9.962495e-01 
  826.000  9.962988e-01 
  827.000  9.963480e-01 
  828.000  9.963973e-01 
  829.000  9.964466e-01 
  830.000  9.964958e-01 
  831.000  9.964958e-01 
  832.000  9.965205e-01 
  833.000  9.965205e-01 
  834.000  9.965451e-01 
  835.000  9.965451e-01 
  836.000  9.965451e-01 
  837.000  9.965451e-01 
  838.000  9.965451e-01 
  839.000  9.965451e-01 
  840.000  9.965451e-01 
  841.000  9.965451e-01 
  842.000  9.965205e-01 
  843.000  9.965205e-01 
  844.000  9.964958e-01 
  845.000  9.964958e-01 
  846.000  9.964712e-01 
  847.000  9.964712e-01 
  848.000  9.964466e-01 
  849.000  9.964466e-01 
  850.000  9.964219e-01 
  851.000  1.000000e+00 
  852.000  1.000000e+00 
  853.000  1.000000e+00 
  854.000  1.000000e+00 
  855.000  1.000000e+00 
  856.000  1.000000e+00 
  857.000  1.000000e+00 
  858.000  1.000000e+00 
  859.000  1.000000e+00 
  860.000  1.000000e+00 
  861.000  1.000000e+00 
  862.000  1.000000e+00 
  863.000  1.000000e+00 
  864.000  1.000000e+00 
  865.000  1.000000e+00 
  866.000  1.000000e+00 
  867.000  1.000000e+00 
  868.000  1.000000e+00 
  869.000  1.000000e+00 
  870.000  1.000000e+00 
  871.000  1.000000e+00 
  872.000  1.000000e+00 
  873.000  1.000000e+00 
  874.000  1.000000e+00 
  875.000  1.000000e+00 
  876.000  1.000000e+00 
  877.000  1.000000e+00 
  878.000  1.000000e+00 
  879.000  1.000000e+00 
  880.000  1.000000e+00 
  881.000  1.000000e+00 
  882.000  1.000000e+00 
  883.000  1.000000e+00 
  884.000  1.000000e+00 
  885.000  1.000000e+00 
  886.000  1.000000e+00 
  887.000  1.000000e+00 
  888.000  1.000000e+00 
  889.000  1.000000e+00 
  890.000  1.000000e+00 
  891.000  1.000000e+00 
  892.000  1.000000e+00 
  893.000  1.000000e+00 
  894.000  1.000000e+00 
  895.000  1.000000e+00 
  896.000  1.000000e+00 
  897.000  1.000000e+00 
  898.000  1.000000e+00 
  899.000  1.000000e+00 
  900.000  1.000000e+00 
  901.000  1.000000e+00 
  902.000  1.000000e+00 
  903.000  1.000000e+00 
  904.000  1.000000e+00 
  905.000  1.000000e+00 
  906.000  1.000000e+00 
  907.000  1.000000e+00 
  908.000  1.000000e+00 
  909.000  1.000000e+00 
  910.000  1.000000e+00 
  911.000  1.000000e+00 
  912.000  1.000000e+00 
  913.000  1.000000e+00 
  914.000  1.000000e+00 
  915.000  1.000000e+00 
  916.000  1.000000e+00 
  917.000  1.000000e+00 
  918.000  1.000000e+00 
  919.000  1.000000e+00 
  920.000  1.000000e+00 
  921.000  1.000000e+00 
  922.000  1.000000e+00 
  923.000  1.000000e+00 
  924.000  1.000000e+00 
  925.000  1.000000e+00 
  926.000  1.000000e+00 
  927.000  1.000000e+00 
  928.000  1.000000e+00 
  929.000  1.000000e+00 
  930.000  1.000000e+00 
  931.000  1.000000e+00 
  932.000  1.000000e+00 
  933.000  1.000000e+00 
  934.000  1.000000e+00 
  935.000  1.000000e+00 
  936.000  1.000000e+00 
  937.000  1.000000e+00 
  938.000  1.000000e+00 
  939.000  1.000000e+00 
  940.000  1.000000e+00 
  941.000  1.000000e+00 
  942.000  1.000000e+00 
  943.000  1.000000e+00 
  944.000  1.000000e+00 
  945.000  1.000000e+00 
  946.000  1.000000e+00 
  947.000  1.000000e+00 
  948.000  1.000000e+00 
  949.000  1.000000e+00 
  950.000  1.000000e+00 
  951.000  1.000000e+00 
  952.000  1.000000e+00 
  953.000  1.000000e+00 
  954.000  1.000000e+00 
  955.000  1.000000e+00 
  956.000  1.000000e+00 
  957.000  1.000000e+00 
  958.000  1.000000e+00 
  959.000  1.000000e+00 
  960.000  1.000000e+00 
  961.000  1.000000e+00 
  962.000  1.000000e+00 
  963.000  1.000000e+00 
  964.000  1.000000e+00 
  965.000  1.000000e+00 
  966.000  1.000000e+00 
  967.000  1.000000e+00 
  968.000  1.000000e+00 
  969.000  1.000000e+00 
  970.000  1.000000e+00 
  971.000  1.000000e+00 
  972.000  1.000000e+00 
  973.000  1.000000e+00 
  974.000  1.000000e+00 
  975.000  1.000000e+00 
  976.000  1.000000e+00 
  977.000  1.000000e+00 
  978.000  1.000000e+00 
  979.000  1.000000e+00 
  980.000  1.000000e+00 
  981.000  1.000000e+00 
  982.000  1.000000e+00 
  983.000  1.000000e+00 
  984.000  1.000000e+00 
  985.000  1.000000e+00 
  986.000  1.000000e+00 
  987.000  1.000000e+00 
  988.000  1.000000e+00 
  989.000  1.000000e+00 
  990.000  1.000000e+00 
  991.000  1.000000e+00 
  992.000  1.000000e+00 
  993.000  1.000000e+00 
  994.000  1.000000e+00 
  995.000  1.000000e+00 
  996.000  1.000000e+00 
  997.000  1.000000e+00 
  998.000  1.000000e+00 
  999.000  1.000000e+00 
 1000.000  1.000000e+00 
 1001.000  1.000000e+00 
 1002.000  1.000000e+00 
 1003.000  1.000000e+00 
 1004.000  1.000000e+00 
 1005.000  1.000000e+00 
 1006.000  9.999999e-01 
 1007.000  9.999999e-01 
 1008.000  9.999999e-01 
 1009.000  9.999998e-01 
 1010.000  9.999998e-01 
 1011.000  9.999996e-01 
 1012.000  9.999994e-01 
 1013.000  9.999992e-01 
 1014.000  9.999989e-01 
 1015.000  9.999983e-01 
 1016.000  9.999976e-01 
 1017.000  9.999965e-01 
 1018.000  9.999951e-01 
 1019.000  9.999930e-01 
 1020.000  9.999902e-01 
 1021.000  9.999864e-01 
 1022.000  9.999811e-01 
 1023.000  9.999741e-01 
 1024.000  9.999648e-01 
 1025.000  9.999523e-01 
 1026.000  9.999359e-01 
 1027.000  9.999144e-01 
 1028.000  9.998868e-01 
 1029.000  9.998512e-01 
 1030.000  9.998060e-01 
 1031.000  9.997488e-01 
 1032.000  9.996774e-01 
 1033.000  9.995884e-01 
 1034.000  9.994789e-01 
 1035.000  9.993454e-01 
 1036.000  9.991835e-01 
 1037.000  9.989893e-01 
 1038.000  9.987581e-01 
 1039.000  9.984853e-01 
 1040.000  9.981664e-01 
 1041.000  9.977970e-01 
 1042.000  9.973727e-01 
 1043.000  9.968901e-01 
 1044.000  9.963462e-01 
 1045.000  9.957390e-01 
 1046.000  9.950681e-01 
 1047.000  9.943340e-01 
 1048.000  9.935390e-01 
 1049.000  9.926874e-01 
 1050.000  9.917850e-01 
 1051.000  9.908399e-01 
 1052.000  9.898620e-01 
 1053.000  9.888629e-01 
 1054.000  9.878561e-01 
 1055.000  9.868565e-01 
 1056.000  9.858798e-01 
 1057.000  9.849427e-01 
 1058.000  9.840620e-01 
 1059.000  9.832542e-01 
 1060.000  9.825351e-01 
 1061.000  9.819192e-01 
 1062.000  9.814193e-01 
 1063.000  9.810458e-01 
 1064.000  9.808069e-01 
 1065.000  9.807076e-01 
 1066.000  9.807503e-01 
 1067.000  9.809337e-01 
 1068.000  9.812542e-01 
 1069.000  9.817047e-01 
 1070.000  9.822756e-01 
 1071.000  9.829551e-01 
 1072.000  9.837292e-01 
 1073.000  9.845827e-01 
 1074.000  9.854993e-01 
 1075.000  9.864621e-01 
 1076.000  9.874545e-01 
 1077.000  9.884603e-01 
 1078.000  9.894642e-01 
 1079.000  9.904521e-01 
 1080.000  9.914116e-01 
 1081.000  9.923321e-01 
 1082.000  9.932049e-01 
 1083.000  9.940231e-01 
 1084.000  9.947820e-01 
 1085.000  9.954784e-01 
 1086.000  9.961110e-01 
 1087.000  9.966800e-01 
 1088.000  9.971869e-01 
 1089.000  9.976341e-01 
 1090.000  9.980250e-01 
 1091.000  9.983636e-01 
 1092.000  9.986542e-01 
 1093.000  9.989015e-01 
 1094.000  9.991099e-01 
 1095.000  9.992842e-01 
 1096.000  9.994286e-01 
 1097.000  9.995473e-01 
 1098.000  9.996440e-01 
 1099.000  9.997221e-01 
 1100.000  9.997846e-01 
 1101.000  9.998344e-01 
 1102.000  9.998736e-01 
 1103.000  9.999042e-01 
 1104.000  9.999279e-01 
 1105.000  9.999462e-01 
 1106.000  9.999601e-01 
 1107.000  9.999707e-01 
 1108.000  9.999786e-01 
 1109.000  9.999845e-01 
 1110.000  9.999888e-01 
 1111.000  9.999920e-01 
 1112.000  9.999943e-01 
 1113.000  9.999960e-01 
 1114.000  9.999973e-01 
 1115.000  9.999980e-01 
 1116.000  9.999987e-01 
 1117.000  9.999991e-01 
 1118.000  9.999993e-01 
 1119.000  9.999996e-01 
 1120.000  9.999997e-01 
 1121.000  9.999998e-01 
 1122.000  9.999998e-01 
 1123.000  9.999999e-01 
 1124.000  9.999999e-01 
 1125.000  9.999999e-01 
 1126.000  1.000000e+00 
 1127.000  1.000000e+00 
 1128.000  1.000000e+00 
 1129.000  1.000000e+00 
 1130.000  1.000000e+00 
 1131.000  1.000000e+00 
 1132.000  1.000000e+00 
 1133.000  1.000000e+00 
 1134.000  1.000000e+00 
 1135.000  1.000000e+00 
 1136.000  1.000000e+00 
 1137.000  1.000000e+00 
 1138.000  1.000000e+00 
 1139.000  1.000000e+00 
 1140.000  1.000000e+00 
 1141.000  1.000000e+00 
 1142.000  1.000000e+00 
 1143.000  1.000000e+00 
 1144.000  1.000000e+00 
 1145.000  1.000000e+00 
 1146.000  1.000000e+00 
 1147.000  1.000000e+00 
 1148.000  1.000000e+00 
 1149.000  1.000000e+00 
 1150.000  1.000000e+00 
 1151.000  1.000000e+00 
 1152.000  1.000000e+00 
 1153.000  1.000000e+00 
 1154.000  1.000000e+00 
 1155.000  1.000000e+00 
 1156.000  1.000000e+00 
 1157.000  1.000000e+00 
 1158.000  1.000000e+00 
 1159.000  1.000000e+00 
 1160.000  1.000000e+00 
 1161.000  1.000000e+00 
 1162.000  1.000000e+00 
 1163.000  1.000000e+00 
 1164.000  1.000000e+00 
 1165.000  1.000000e+00 
 1166.000  1.000000e+00 
 1167.000  1.000000e+00 
 1168.000  1.000000e+00 
 1169.000  1.000000e+00 
 1170.000  1.000000e+00 
 1171.000  1.000000e+00 
 1172.000  1.000000e+00 
 1173.000  1.000000e+00 
 1174.000  1.000000e+00 
 1175.000  1.000000e+00 
 1176.000  1.000000e+00 
 1177.000  1.000000e+00 
 1178.000  1.000000e+00 
 1179.000  1.000000e+00 
 1180.000  1.000000e+00 
 1181.000  1.000000e+00 
 1182.000  1.000000e+00 
 1183.000  1.000000e+00 
 1184.000  1.000000e+00 
 1185.000  1.000000e+00 
 1186.000  1.000000e+00 
 1187.000  1.000000e+00 
 1188.000  1.000000e+00 
 1189.000  1.000000e+00 
 1190.000  1.000000e+00 
 1191.000  1.000000e+00 
 1192.000  1.000000e+00 
 1193.000  1.000000e+00 
 1194.000  1.000000e+00 
 1195.000  1.000000e+00 
 1196.000  1.000000e+00 
 1197.000  1.000000e+00 
 1198.000  1.000000e+00 
 1199.000  1.000000e+00 
 1200.000  1.000000e+00 
