  250.000  0.000000e+00 
  251.000  0.000000e+00 
  252.000  0.000000e+00 
  253.000  0.000000e+00 
  254.000  0.000000e+00 
  255.000  0.000000e+00 
  256.000  0.000000e+00 
  257.000  0.000000e+00 
  258.000  0.000000e+00 
  259.000  0.000000e+00 
  260.000  0.000000e+00 
  261.000  0.000000e+00 
  262.000  0.000000e+00 
  263.000  0.000000e+00 
  264.000  0.000000e+00 
  265.000  0.000000e+00 
  266.000  0.000000e+00 
  267.000  0.000000e+00 
  268.000  0.000000e+00 
  269.000  0.000000e+00 
  270.000  0.000000e+00 
  271.000  0.000000e+00 
  272.000  0.000000e+00 
  273.000  0.000000e+00 
  274.000  0.000000e+00 
  275.000  0.000000e+00 
  276.000  0.000000e+00 
  277.000  0.000000e+00 
  278.000  0.000000e+00 
  279.000  0.000000e+00 
  280.000  0.000000e+00 
  281.000  0.000000e+00 
  282.000  0.000000e+00 
  283.000  0.000000e+00 
  284.000  0.000000e+00 
  285.000  0.000000e+00 
  286.000  0.000000e+00 
  287.000  0.000000e+00 
  288.000  0.000000e+00 
  289.000  0.000000e+00 
  290.000  0.000000e+00 
  291.000  0.000000e+00 
  292.000  0.000000e+00 
  293.000  1.783155e-12 
  294.000  6.734506e-11 
  295.000  7.840978e-10 
  296.000  1.831624e-08 
  297.000  1.469641e-07 
  298.000  1.218572e-06 
  299.000  4.756162e-06 
  300.000  2.855971e-05 
  301.000  1.134103e-04 
  302.000  3.044082e-04 
  303.000  1.231169e-03 
  304.000  1.897887e-03 
  305.000  6.022816e-03 
  306.000  9.736720e-03 
  307.000  1.962293e-02 
  308.000  3.134088e-02 
  309.000  4.766563e-02 
  310.000  8.412445e-02 
  311.000  1.026615e-01 
  312.000  1.459275e-01 
  313.000  1.961535e-01 
  314.000  2.137247e-01 
  315.000  3.005881e-01 
  316.000  3.251122e-01 
  317.000  3.868349e-01 
  318.000  4.131100e-01 
  319.000  5.696752e-01 
  320.000  4.381228e-01 
  321.000  6.815153e-01 
  322.000  5.416738e-01 
  323.000  6.496832e-01 
  324.000  8.020008e-01 
  325.000  6.508741e-01 
  326.000  8.162693e-01 
  327.000  8.362080e-01 
  328.000  7.139088e-01 
  329.000  9.068632e-01 
  330.000  9.208341e-01 
  331.000  8.096427e-01 
  332.000  9.326593e-01 
  333.000  9.354913e-01 
  334.000  8.950421e-01 
  335.000  9.603339e-01 
  336.000  9.724561e-01 
  337.000  9.259376e-01 
  338.000  9.594911e-01 
  339.000  9.790613e-01 
  340.000  9.496153e-01 
  341.000  9.777183e-01 
  342.000  9.850881e-01 
  343.000  9.831675e-01 
  344.000  9.562744e-01 
  345.000  9.833355e-01 
  346.000  9.881903e-01 
  347.000  9.848294e-01 
  348.000  9.880561e-01 
  349.000  9.911668e-01 
  350.000  9.928004e-01 
  351.000  9.933366e-01 
  352.000  9.937014e-01 
  353.000  9.942015e-01 
  354.000  9.927176e-01 
  355.000  9.923174e-01 
  356.000  9.927104e-01 
  357.000  9.900690e-01 
  358.000  9.884949e-01 
  359.000  9.868383e-01 
  360.000  9.850305e-01 
  361.000  9.839873e-01 
  362.000  9.861993e-01 
  363.000  9.885042e-01 
  364.000  9.909064e-01 
  365.000  9.908462e-01 
  366.000  9.917809e-01 
  367.000  9.923880e-01 
  368.000  9.920545e-01 
  369.000  9.923612e-01 
  370.000  9.922128e-01 
  371.000  9.926876e-01 
  372.000  9.912087e-01 
  373.000  9.918764e-01 
  374.000  9.920246e-01 
  375.000  9.921579e-01 
  376.000  9.906543e-01 
  377.000  9.904398e-01 
  378.000  9.898436e-01 
  379.000  9.880186e-01 
  380.000  9.858640e-01 
  381.000  9.868568e-01 
  382.000  9.884786e-01 
  383.000  9.904520e-01 
  384.000  9.907170e-01 
  385.000  9.909900e-01 
  386.000  9.915917e-01 
  387.000  9.915474e-01 
  388.000  9.912460e-01 
  389.000  9.910467e-01 
  390.000  9.911844e-01 
  391.000  9.913680e-01 
  392.000  9.906719e-01 
  393.000  9.917443e-01 
  394.000  9.918798e-01 
  395.000  9.915493e-01 
  396.000  9.908443e-01 
  397.000  9.919633e-01 
  398.000  9.904718e-01 
  399.000  9.918074e-01 
  400.000  9.901494e-01 
  401.000  9.904888e-01 
  402.000  9.915762e-01 
  403.000  9.922299e-01 
  404.000  9.910439e-01 
  405.000  9.906887e-01 
  406.000  9.917738e-01 
  407.000  9.926249e-01 
  408.000  9.907529e-01 
  409.000  9.901593e-01 
  410.000  9.905983e-01 
  411.000  9.901557e-01 
  412.000  9.914816e-01 
  413.000  9.897456e-01 
  414.000  9.901769e-01 
  415.000  9.906787e-01 
  416.000  9.920481e-01 
  417.000  9.916546e-01 
  418.000  9.909850e-01 
  419.000  9.912084e-01 
  420.000  9.903915e-01 
  421.000  9.900340e-01 
  422.000  9.897233e-01 
  423.000  9.902782e-01 
  424.000  9.893347e-01 
  425.000  9.899815e-01 
  426.000  9.916610e-01 
  427.000  9.907079e-01 
  428.000  9.892416e-01 
  429.000  9.909948e-01 
  430.000  9.914218e-01 
  431.000  9.891769e-01 
  432.000  9.908749e-01 
  433.000  9.907556e-01 
  434.000  9.894339e-01 
  435.000  9.871960e-01 
  436.000  9.890918e-01 
  437.000  9.906197e-01 
  438.000  9.913526e-01 
  439.000  9.870797e-01 
  440.000  9.882123e-01 
  441.000  9.902024e-01 
  442.000  9.907302e-01 
  443.000  9.896551e-01 
  444.000  9.884565e-01 
  445.000  9.860320e-01 
  446.000  9.878236e-01 
  447.000  9.882470e-01 
  448.000  9.840613e-01 
  449.000  9.876114e-01 
  450.000  9.889215e-01 
  451.000  9.884917e-01 
  452.000  9.880266e-01 
  453.000  9.881443e-01 
  454.000  9.889301e-01 
  455.000  9.876897e-01 
  456.000  9.871870e-01 
  457.000  9.870781e-01 
  458.000  9.843684e-01 
  459.000  9.851800e-01 
  460.000  9.834546e-01 
  461.000  9.835750e-01 
  462.000  9.845368e-01 
  463.000  9.817219e-01 
  464.000  9.832948e-01 
  465.000  9.843008e-01 
  466.000  9.851900e-01 
  467.000  9.828553e-01 
  468.000  9.830980e-01 
  469.000  9.838832e-01 
  470.000  9.835690e-01 
  471.000  9.828616e-01 
  472.000  9.809217e-01 
  473.000  9.787858e-01 
  474.000  9.735516e-01 
  475.000  9.708273e-01 
  476.000  9.682974e-01 
  477.000  9.661887e-01 
  478.000  9.653553e-01 
  479.000  9.657259e-01 
  480.000  9.668117e-01 
  481.000  9.693395e-01 
  482.000  9.714219e-01 
  483.000  9.729271e-01 
  484.000  9.727982e-01 
  485.000  9.719858e-01 
  486.000  9.720375e-01 
  487.000  9.727132e-01 
  488.000  9.717838e-01 
  489.000  9.703477e-01 
  490.000  9.719748e-01 
  491.000  9.727256e-01 
  492.000  9.719077e-01 
  493.000  9.713781e-01 
  494.000  9.702508e-01 
  495.000  9.696992e-01 
  496.000  9.679381e-01 
  497.000  9.670148e-01 
  498.000  9.658592e-01 
  499.000  9.646797e-01 
  500.000  9.632317e-01 
  501.000  9.605634e-01 
  502.000  9.579027e-01 
  503.000  9.549912e-01 
  504.000  9.532064e-01 
  505.000  9.499837e-01 
  506.000  9.514377e-01 
  507.000  9.520161e-01 
  508.000  9.520773e-01 
  509.000  9.516250e-01 
  510.000  9.517627e-01 
  511.000  9.520149e-01 
  512.000  9.518399e-01 
  513.000  9.522527e-01 
  514.000  9.524797e-01 
  515.000  9.527033e-01 
  516.000  9.516851e-01 
  517.000  9.510781e-01 
  518.000  9.495333e-01 
  519.000  9.484364e-01 
  520.000  9.471602e-01 
  521.000  9.459600e-01 
  522.000  9.444185e-01 
  523.000  9.427891e-01 
  524.000  9.410820e-01 
  525.000  9.382585e-01 
  526.000  9.355308e-01 
  527.000  9.333965e-01 
  528.000  9.302835e-01 
  529.000  9.279855e-01 
  530.000  9.250373e-01 
  531.000  9.238328e-01 
  532.000  9.226178e-01 
  533.000  9.219218e-01 
  534.000  9.212749e-01 
  535.000  9.208257e-01 
  536.000  9.203599e-01 
  537.000  9.198939e-01 
  538.000  9.192556e-01 
  539.000  9.184676e-01 
  540.000  9.182823e-01 
  541.000  9.174312e-01 
  542.000  9.158234e-01 
  543.000  9.149225e-01 
  544.000  9.142178e-01 
  545.000  9.128248e-01 
  546.000  9.127669e-01 
  547.000  9.122894e-01 
  548.000  9.115261e-01 
  549.000  9.109732e-01 
  550.000  9.108078e-01 
  551.000  9.099596e-01 
  552.000  9.088665e-01 
  553.000  9.077235e-01 
  554.000  9.069436e-01 
  555.000  9.062266e-01 
  556.000  9.037609e-01 
  557.000  9.008220e-01 
  558.000  8.981295e-01 
  559.000  8.954641e-01 
  560.000  8.928087e-01 
  561.000  8.903068e-01 
  562.000  8.881000e-01 
  563.000  8.854026e-01 
  564.000  8.828506e-01 
  565.000  8.802450e-01 
  566.000  8.783470e-01 
  567.000  8.757899e-01 
  568.000  8.722576e-01 
  569.000  8.690929e-01 
  570.000  8.653194e-01 
  571.000  8.624035e-01 
  572.000  8.597662e-01 
  573.000  8.571494e-01 
  574.000  8.548344e-01 
  575.000  8.525216e-01 
  576.000  8.523721e-01 
  577.000  8.528048e-01 
  578.000  8.539559e-01 
  579.000  8.557351e-01 
  580.000  8.584716e-01 
  581.000  8.618261e-01 
  582.000  8.653086e-01 
  583.000  8.687567e-01 
  584.000  8.720362e-01 
  585.000  8.748675e-01 
  586.000  8.763573e-01 
  587.000  8.772074e-01 
  588.000  8.780695e-01 
  589.000  8.782136e-01 
  590.000  8.782571e-01 
  591.000  8.775298e-01 
  592.000  8.764460e-01 
  593.000  8.757669e-01 
  594.000  8.752196e-01 
  595.000  8.743801e-01 
  596.000  8.729193e-01 
  597.000  8.716361e-01 
  598.000  8.701103e-01 
  599.000  8.687606e-01 
  600.000  8.671566e-01 
  601.000  8.674386e-01 
  602.000  8.677520e-01 
  603.000  8.681705e-01 
  604.000  8.685301e-01 
  605.000  8.687726e-01 
  606.000  8.702909e-01 
  607.000  8.717874e-01 
  608.000  8.732635e-01 
  609.000  8.747987e-01 
  610.000  8.763040e-01 
  611.000  8.776993e-01 
  612.000  8.789648e-01 
  613.000  8.804653e-01 
  614.000  8.819697e-01 
  615.000  8.834018e-01 
  616.000  8.848363e-01 
  617.000  8.862055e-01 
  618.000  8.873535e-01 
  619.000  8.885939e-01 
  620.000  8.894969e-01 
  621.000  8.900109e-01 
  622.000  8.905163e-01 
  623.000  8.907360e-01 
  624.000  8.908996e-01 
  625.000  8.910578e-01 
  626.000  8.905491e-01 
  627.000  8.904574e-01 
  628.000  8.903719e-01 
  629.000  8.908230e-01 
  630.000  8.914531e-01 
  631.000  8.929137e-01 
  632.000  8.947597e-01 
  633.000  8.972548e-01 
  634.000  8.996859e-01 
  635.000  9.023580e-01 
  636.000  9.061061e-01 
  637.000  9.096265e-01 
  638.000  9.133295e-01 
  639.000  9.166795e-01 
  640.000  9.200999e-01 
  641.000  9.217609e-01 
  642.000  9.229393e-01 
  643.000  9.242606e-01 
  644.000  9.252453e-01 
  645.000  9.263229e-01 
  646.000  9.275481e-01 
  647.000  9.286667e-01 
  648.000  9.296451e-01 
  649.000  9.308827e-01 
  650.000  9.319896e-01 
  651.000  9.330752e-01 
  652.000  9.344726e-01 
  653.000  9.355826e-01 
  654.000  9.369585e-01 
  655.000  9.380380e-01 
  656.000  9.391233e-01 
  657.000  9.399723e-01 
  658.000  9.410747e-01 
  659.000  9.418864e-01 
  660.000  9.429857e-01 
  661.000  9.438282e-01 
  662.000  9.449367e-01 
  663.000  9.457638e-01 
  664.000  9.468623e-01 
  665.000  9.476641e-01 
  666.000  9.487402e-01 
  667.000  9.495575e-01 
  668.000  9.506223e-01 
  669.000  9.514584e-01 
  670.000  9.525488e-01 
  671.000  9.534181e-01 
  672.000  9.539603e-01 
  673.000  9.547745e-01 
  674.000  9.553251e-01 
  675.000  9.561725e-01 
  676.000  9.567255e-01 
  677.000  9.575629e-01 
  678.000  9.581546e-01 
  679.000  9.589923e-01 
  680.000  9.595445e-01 
  681.000  9.603892e-01 
  682.000  9.615243e-01 
  683.000  9.623512e-01 
  684.000  9.634802e-01 
  685.000  9.643172e-01 
  686.000  9.651464e-01 
  687.000  9.657268e-01 
  688.000  9.665782e-01 
  689.000  9.671382e-01 
  690.000  9.679831e-01 
  691.000  9.685455e-01 
  692.000  9.691105e-01 
  693.000  9.696768e-01 
  694.000  9.702402e-01 
  695.000  9.708014e-01 
  696.000  9.713637e-01 
  697.000  9.719304e-01 
  698.000  9.725021e-01 
  699.000  9.730682e-01 
  700.000  9.736223e-01 
  701.000  9.740771e-01 
  702.000  9.745243e-01 
  703.000  9.749746e-01 
  704.000  9.754071e-01 
  705.000  9.758495e-01 
  706.000  9.762508e-01 
  707.000  9.766256e-01 
  708.000  9.770433e-01 
  709.000  9.774606e-01 
  710.000  9.778497e-01 
  711.000  9.782920e-01 
  712.000  9.787470e-01 
  713.000  9.792128e-01 
  714.000  9.796726e-01 
  715.000  9.801358e-01 
  716.000  9.804887e-01 
  717.000  9.808343e-01 
  718.000  9.811776e-01 
  719.000  9.815226e-01 
  720.000  9.818641e-01 
  721.000  9.822040e-01 
  722.000  9.825401e-01 
  723.000  9.828823e-01 
  724.000  9.832272e-01 
  725.000  9.835773e-01 
  726.000  9.838387e-01 
  727.000  9.840971e-01 
  728.000  9.843531e-01 
  729.000  9.846123e-01 
  730.000  9.848691e-01 
  731.000  9.851550e-01 
  732.000  9.854394e-01 
  733.000  9.857264e-01 
  734.000  9.860080e-01 
  735.000  9.862890e-01 
  736.000  9.864646e-01 
  737.000  9.866070e-01 
  738.000  9.867818e-01 
  739.000  9.869189e-01 
  740.000  9.870934e-01 
  741.000  9.872387e-01 
  742.000  9.874134e-01 
  743.000  9.875492e-01 
  744.000  9.877145e-01 
  745.000  9.878439e-01 
  746.000  9.880932e-01 
  747.000  9.883768e-01 
  748.000  9.886449e-01 
  749.000  9.889040e-01 
  750.000  9.891604e-01 
  751.000  9.894447e-01 
  752.000  9.897314e-01 
  753.000  9.900203e-01 
  754.000  9.903036e-01 
  755.000  9.905937e-01 
  756.000  9.907978e-01 
  757.000  9.909726e-01 
  758.000  9.911776e-01 
  759.000  9.913521e-01 
  760.000  9.915550e-01 
  761.000  9.916425e-01 
  762.000  9.917285e-01 
  763.000  9.918420e-01 
  764.000  9.919271e-01 
  765.000  9.920118e-01 
  766.000  9.920419e-01 
  767.000  9.920720e-01 
  768.000  9.921310e-01 
  769.000  9.921611e-01 
  770.000  9.921910e-01 
  771.000  9.921337e-01 
  772.000  9.920762e-01 
  773.000  9.920188e-01 
  774.000  9.919608e-01 
  775.000  9.919032e-01 
  776.000  9.918735e-01 
  777.000  9.918437e-01 
  778.000  9.918143e-01 
  779.000  9.917850e-01 
  780.000  9.917568e-01 
  781.000  9.919584e-01 
  782.000  9.921309e-01 
  783.000  9.923316e-01 
  784.000  9.925054e-01 
  785.000  9.927034e-01 
  786.000  9.928776e-01 
  787.000  9.930804e-01 
  788.000  9.932500e-01 
  789.000  9.934486e-01 
  790.000  9.936161e-01 
  791.000  9.938529e-01 
  792.000  9.940580e-01 
  793.000  9.942929e-01 
  794.000  9.944956e-01 
  795.000  9.947323e-01 
  796.000  9.948478e-01 
  797.000  9.949633e-01 
  798.000  9.950500e-01 
  799.000  9.951653e-01 
  800.000  9.952810e-01 
  801.000  9.952232e-01 
  802.000  9.951365e-01 
  803.000  9.950787e-01 
  804.000  9.949922e-01 
  805.000  9.949344e-01 
  806.000  9.948478e-01 
  807.000  9.947612e-01 
  808.000  9.946746e-01 
  809.000  9.945880e-01 
  810.000  9.945014e-01 
  811.000  9.945303e-01 
  812.000  9.945591e-01 
  813.000  9.945880e-01 
  814.000  9.946169e-01 
  815.000  9.946457e-01 
  816.000  9.947323e-01 
  817.000  9.948189e-01 
  818.000  9.949055e-01 
  819.000  9.949922e-01 
  820.000  9.950787e-01 
  821.000  9.951943e-01 
  822.000  9.952810e-01 
  823.000  9.953965e-01 
  824.000  9.954831e-01 
  825.000  9.955987e-01 
  826.000  9.956565e-01 
  827.000  9.957142e-01 
  828.000  9.957721e-01 
  829.000  9.958298e-01 
  830.000  9.958877e-01 
  831.000  9.958877e-01 
  832.000  9.959165e-01 
  833.000  9.959165e-01 
  834.000  9.959455e-01 
  835.000  9.959455e-01 
  836.000  9.959455e-01 
  837.000  9.959455e-01 
  838.000  9.959455e-01 
  839.000  9.959455e-01 
  840.000  9.959455e-01 
  841.000  9.959455e-01 
  842.000  9.959165e-01 
  843.000  9.959165e-01 
  844.000  9.958877e-01 
  845.000  9.958877e-01 
  846.000  9.958587e-01 
  847.000  9.958587e-01 
  848.000  9.958298e-01 
  849.000  9.958298e-01 
  850.000  9.958010e-01 
  851.000  9.999999e-01 
  852.000  9.999999e-01 
  853.000  9.999999e-01 
  854.000  9.999999e-01 
  855.000  9.999999e-01 
  856.000  9.999999e-01 
  857.000  9.999999e-01 
  858.000  9.999999e-01 
  859.000  9.999999e-01 
  860.000  9.999999e-01 
  861.000  9.999999e-01 
  862.000  9.999999e-01 
  863.000  9.999999e-01 
  864.000  9.999999e-01 
  865.000  9.999999e-01 
  866.000  9.999999e-01 
  867.000  9.999999e-01 
  868.000  9.999999e-01 
  869.000  9.999999e-01 
  870.000  9.999999e-01 
  871.000  9.999999e-01 
  872.000  9.999999e-01 
  873.000  9.999999e-01 
  874.000  9.999999e-01 
  875.000  9.999999e-01 
  876.000  9.999999e-01 
  877.000  9.999999e-01 
  878.000  9.999999e-01 
  879.000  9.999999e-01 
  880.000  9.999999e-01 
  881.000  9.999999e-01 
  882.000  9.999999e-01 
  883.000  9.999999e-01 
  884.000  9.999999e-01 
  885.000  9.999999e-01 
  886.000  9.999999e-01 
  887.000  9.999999e-01 
  888.000  9.999999e-01 
  889.000  9.999999e-01 
  890.000  9.999999e-01 
  891.000  9.999999e-01 
  892.000  9.999999e-01 
  893.000  9.999999e-01 
  894.000  9.999999e-01 
  895.000  9.999999e-01 
  896.000  9.999999e-01 
  897.000  9.999999e-01 
  898.000  9.999999e-01 
  899.000  9.999999e-01 
  900.000  9.999999e-01 
  901.000  9.999999e-01 
  902.000  9.999999e-01 
  903.000  9.999999e-01 
  904.000  9.999999e-01 
  905.000  9.999999e-01 
  906.000  9.999999e-01 
  907.000  9.999999e-01 
  908.000  9.999999e-01 
  909.000  9.999999e-01 
  910.000  9.999999e-01 
  911.000  9.999999e-01 
  912.000  9.999999e-01 
  913.000  9.999999e-01 
  914.000  9.999999e-01 
  915.000  9.999999e-01 
  916.000  9.999999e-01 
  917.000  9.999999e-01 
  918.000  9.999999e-01 
  919.000  9.999999e-01 
  920.000  9.999999e-01 
  921.000  9.999999e-01 
  922.000  9.999999e-01 
  923.000  9.999999e-01 
  924.000  9.999999e-01 
  925.000  9.999999e-01 
  926.000  9.999999e-01 
  927.000  9.999999e-01 
  928.000  9.999999e-01 
  929.000  9.999999e-01 
  930.000  9.999999e-01 
  931.000  9.999999e-01 
  932.000  9.999999e-01 
  933.000  9.999999e-01 
  934.000  9.999999e-01 
  935.000  9.999999e-01 
  936.000  9.999999e-01 
  937.000  9.999999e-01 
  938.000  9.999999e-01 
  939.000  9.999999e-01 
  940.000  9.999999e-01 
  941.000  9.999999e-01 
  942.000  9.999999e-01 
  943.000  9.999999e-01 
  944.000  9.999999e-01 
  945.000  9.999999e-01 
  946.000  9.999999e-01 
  947.000  9.999999e-01 
  948.000  9.999999e-01 
  949.000  9.999999e-01 
  950.000  9.999999e-01 
  951.000  9.999999e-01 
  952.000  9.999999e-01 
  953.000  9.999999e-01 
  954.000  9.999999e-01 
  955.000  9.999999e-01 
  956.000  9.999999e-01 
  957.000  9.999999e-01 
  958.000  9.999999e-01 
  959.000  9.999999e-01 
  960.000  9.999999e-01 
  961.000  9.999999e-01 
  962.000  9.999999e-01 
  963.000  9.999999e-01 
  964.000  9.999999e-01 
  965.000  9.999999e-01 
  966.000  9.999999e-01 
  967.000  9.999999e-01 
  968.000  9.999999e-01 
  969.000  9.999999e-01 
  970.000  9.999999e-01 
  971.000  9.999999e-01 
  972.000  9.999999e-01 
  973.000  9.999999e-01 
  974.000  9.999999e-01 
  975.000  9.999999e-01 
  976.000  9.999999e-01 
  977.000  9.999999e-01 
  978.000  9.999999e-01 
  979.000  9.999999e-01 
  980.000  9.999999e-01 
  981.000  9.999999e-01 
  982.000  9.999999e-01 
  983.000  9.999999e-01 
  984.000  9.999999e-01 
  985.000  9.999999e-01 
  986.000  9.999999e-01 
  987.000  9.999999e-01 
  988.000  9.999999e-01 
  989.000  9.999999e-01 
  990.000  9.999999e-01 
  991.000  9.999999e-01 
  992.000  9.999999e-01 
  993.000  9.999999e-01 
  994.000  9.999999e-01 
  995.000  9.999999e-01 
  996.000  9.999999e-01 
  997.000  9.999999e-01 
  998.000  9.999999e-01 
  999.000  9.999999e-01 
 1000.000  9.999999e-01 
 1001.000  9.999999e-01 
 1002.000  9.999999e-01 
 1003.000  9.999999e-01 
 1004.000  9.999999e-01 
 1005.000  9.999999e-01 
 1006.000  9.999999e-01 
 1007.000  9.999999e-01 
 1008.000  9.999999e-01 
 1009.000  9.999998e-01 
 1010.000  9.999997e-01 
 1011.000  9.999995e-01 
 1012.000  9.999992e-01 
 1013.000  9.999990e-01 
 1014.000  9.999985e-01 
 1015.000  9.999978e-01 
 1016.000  9.999968e-01 
 1017.000  9.999955e-01 
 1018.000  9.999935e-01 
 1019.000  9.999909e-01 
 1020.000  9.999872e-01 
 1021.000  9.999822e-01 
 1022.000  9.999754e-01 
 1023.000  9.999663e-01 
 1024.000  9.999540e-01 
 1025.000  9.999377e-01 
 1026.000  9.999164e-01 
 1027.000  9.998885e-01 
 1028.000  9.998524e-01 
 1029.000  9.998059e-01 
 1030.000  9.997469e-01 
 1031.000  9.996724e-01 
 1032.000  9.995791e-01 
 1033.000  9.994631e-01 
 1034.000  9.993204e-01 
 1035.000  9.991462e-01 
 1036.000  9.989351e-01 
 1037.000  9.986818e-01 
 1038.000  9.983804e-01 
 1039.000  9.980248e-01 
 1040.000  9.976091e-01 
 1041.000  9.971275e-01 
 1042.000  9.965745e-01 
 1043.000  9.959455e-01 
 1044.000  9.952368e-01 
 1045.000  9.944459e-01 
 1046.000  9.935719e-01 
 1047.000  9.926159e-01 
 1048.000  9.915810e-01 
 1049.000  9.904724e-01 
 1050.000  9.892982e-01 
 1051.000  9.880688e-01 
 1052.000  9.867969e-01 
 1053.000  9.854981e-01 
 1054.000  9.841895e-01 
 1055.000  9.828906e-01 
 1056.000  9.816220e-01 
 1057.000  9.804052e-01 
 1058.000  9.792618e-01 
 1059.000  9.782135e-01 
 1060.000  9.772805e-01 
 1061.000  9.764816e-01 
 1062.000  9.758331e-01 
 1063.000  9.753488e-01 
 1064.000  9.750389e-01 
 1065.000  9.749102e-01 
 1066.000  9.749655e-01 
 1067.000  9.752035e-01 
 1068.000  9.756190e-01 
 1069.000  9.762032e-01 
 1070.000  9.769439e-01 
 1071.000  9.778253e-01 
 1072.000  9.788299e-01 
 1073.000  9.799379e-01 
 1074.000  9.811279e-01 
 1075.000  9.823784e-01 
 1076.000  9.836677e-01 
 1077.000  9.849747e-01 
 1078.000  9.862797e-01 
 1079.000  9.875643e-01 
 1080.000  9.888124e-01 
 1081.000  9.900101e-01 
 1082.000  9.911460e-01 
 1083.000  9.922112e-01 
 1084.000  9.931992e-01 
 1085.000  9.941062e-01 
 1086.000  9.949304e-01 
 1087.000  9.956717e-01 
 1088.000  9.963322e-01 
 1089.000  9.969152e-01 
 1090.000  9.974247e-01 
 1091.000  9.978661e-01 
 1092.000  9.982450e-01 
 1093.000  9.985674e-01 
 1094.000  9.988392e-01 
 1095.000  9.990665e-01 
 1096.000  9.992548e-01 
 1097.000  9.994096e-01 
 1098.000  9.995357e-01 
 1099.000  9.996375e-01 
 1100.000  9.997191e-01 
 1101.000  9.997841e-01 
 1102.000  9.998351e-01 
 1103.000  9.998751e-01 
 1104.000  9.999060e-01 
 1105.000  9.999298e-01 
 1106.000  9.999480e-01 
 1107.000  9.999618e-01 
 1108.000  9.999720e-01 
 1109.000  9.999797e-01 
 1110.000  9.999854e-01 
 1111.000  9.999896e-01 
 1112.000  9.999926e-01 
 1113.000  9.999948e-01 
 1114.000  9.999964e-01 
 1115.000  9.999974e-01 
 1116.000  9.999983e-01 
 1117.000  9.999988e-01 
 1118.000  9.999992e-01 
 1119.000  9.999994e-01 
 1120.000  9.999996e-01 
 1121.000  9.999997e-01 
 1122.000  9.999998e-01 
 1123.000  9.999999e-01 
 1124.000  9.999999e-01 
 1125.000  9.999999e-01 
 1126.000  9.999999e-01 
 1127.000  9.999999e-01 
 1128.000  9.999999e-01 
 1129.000  9.999999e-01 
 1130.000  9.999999e-01 
 1131.000  9.999999e-01 
 1132.000  9.999999e-01 
 1133.000  9.999999e-01 
 1134.000  9.999999e-01 
 1135.000  9.999999e-01 
 1136.000  9.999999e-01 
 1137.000  9.999999e-01 
 1138.000  9.999999e-01 
 1139.000  9.999999e-01 
 1140.000  9.999999e-01 
 1141.000  9.999999e-01 
 1142.000  9.999999e-01 
 1143.000  9.999999e-01 
 1144.000  9.999999e-01 
 1145.000  9.999999e-01 
 1146.000  9.999999e-01 
 1147.000  9.999999e-01 
 1148.000  9.999999e-01 
 1149.000  9.999999e-01 
 1150.000  9.999999e-01 
 1151.000  9.999999e-01 
 1152.000  9.999999e-01 
 1153.000  9.999999e-01 
 1154.000  9.999999e-01 
 1155.000  9.999999e-01 
 1156.000  9.999999e-01 
 1157.000  9.999999e-01 
 1158.000  9.999999e-01 
 1159.000  9.999999e-01 
 1160.000  9.999999e-01 
 1161.000  9.999999e-01 
 1162.000  9.999999e-01 
 1163.000  9.999999e-01 
 1164.000  9.999999e-01 
 1165.000  9.999999e-01 
 1166.000  9.999999e-01 
 1167.000  9.999999e-01 
 1168.000  9.999999e-01 
 1169.000  9.999999e-01 
 1170.000  9.999999e-01 
 1171.000  9.999999e-01 
 1172.000  9.999999e-01 
 1173.000  9.999999e-01 
 1174.000  9.999999e-01 
 1175.000  9.999999e-01 
 1176.000  9.999999e-01 
 1177.000  9.999999e-01 
 1178.000  9.999999e-01 
 1179.000  9.999999e-01 
 1180.000  9.999999e-01 
 1181.000  9.999999e-01 
 1182.000  9.999999e-01 
 1183.000  9.999999e-01 
 1184.000  9.999999e-01 
 1185.000  9.999999e-01 
 1186.000  9.999999e-01 
 1187.000  9.999999e-01 
 1188.000  9.999999e-01 
 1189.000  9.999999e-01 
 1190.000  9.999999e-01 
 1191.000  9.999999e-01 
 1192.000  9.999999e-01 
 1193.000  9.999999e-01 
 1194.000  9.999999e-01 
 1195.000  9.999999e-01 
 1196.000  9.999999e-01 
 1197.000  9.999999e-01 
 1198.000  9.999999e-01 
 1199.000  9.999999e-01 
 1200.000  9.999999e-01 
