  250.000  0.000000e+00 
  251.000  0.000000e+00 
  252.000  0.000000e+00 
  253.000  0.000000e+00 
  254.000  0.000000e+00 
  255.000  0.000000e+00 
  256.000  0.000000e+00 
  257.000  0.000000e+00 
  258.000  0.000000e+00 
  259.000  0.000000e+00 
  260.000  0.000000e+00 
  261.000  0.000000e+00 
  262.000  0.000000e+00 
  263.000  0.000000e+00 
  264.000  0.000000e+00 
  265.000  0.000000e+00 
  266.000  0.000000e+00 
  267.000  0.000000e+00 
  268.000  0.000000e+00 
  269.000  0.000000e+00 
  270.000  0.000000e+00 
  271.000  0.000000e+00 
  272.000  0.000000e+00 
  273.000  0.000000e+00 
  274.000  0.000000e+00 
  275.000  0.000000e+00 
  276.000  0.000000e+00 
  277.000  0.000000e+00 
  278.000  0.000000e+00 
  279.000  0.000000e+00 
  280.000  0.000000e+00 
  281.000  0.000000e+00 
  282.000  0.000000e+00 
  283.000  0.000000e+00 
  284.000  0.000000e+00 
  285.000  0.000000e+00 
  286.000  0.000000e+00 
  287.000  0.000000e+00 
  288.000  0.000000e+00 
  289.000  0.000000e+00 
  290.000  1.738143e-06 
  291.000  6.472932e-06 
  292.000  3.944393e-05 
  293.000  1.096824e-04 
  294.000  3.729813e-04 
  295.000  8.530616e-04 
  296.000  2.467225e-03 
  297.000  4.977345e-03 
  298.000  1.015344e-02 
  299.000  1.606723e-02 
  300.000  2.939818e-02 
  301.000  4.679224e-02 
  302.000  6.526533e-02 
  303.000  1.045218e-01 
  304.000  1.209356e-01 
  305.000  1.784769e-01 
  306.000  2.098449e-01 
  307.000  2.657440e-01 
  308.000  3.111743e-01 
  309.000  3.583916e-01 
  310.000  4.340240e-01 
  311.000  4.641462e-01 
  312.000  5.225478e-01 
  313.000  5.773147e-01 
  314.000  5.942591e-01 
  315.000  6.666158e-01 
  316.000  6.844867e-01 
  317.000  7.257674e-01 
  318.000  7.419910e-01 
  319.000  8.268892e-01 
  320.000  7.568246e-01 
  321.000  8.783613e-01 
  322.000  8.129253e-01 
  323.000  8.642741e-01 
  324.000  9.278714e-01 
  325.000  8.647855e-01 
  326.000  9.333550e-01 
  327.000  9.409794e-01 
  328.000  8.921177e-01 
  329.000  9.670374e-01 
  330.000  9.719928e-01 
  331.000  9.307567e-01 
  332.000  9.761986e-01 
  333.000  9.770648e-01 
  334.000  9.627296e-01 
  335.000  9.857718e-01 
  336.000  9.899833e-01 
  337.000  9.737410e-01 
  338.000  9.855247e-01 
  339.000  9.921021e-01 
  340.000  9.819608e-01 
  341.000  9.915156e-01 
  342.000  9.939567e-01 
  343.000  9.933081e-01 
  344.000  9.840002e-01 
  345.000  9.933659e-01 
  346.000  9.950799e-01 
  347.000  9.939857e-01 
  348.000  9.950730e-01 
  349.000  9.961272e-01 
  350.000  9.968031e-01 
  351.000  9.968849e-01 
  352.000  9.970557e-01 
  353.000  9.972899e-01 
  354.000  9.965948e-01 
  355.000  9.964074e-01 
  356.000  9.965915e-01 
  357.000  9.953532e-01 
  358.000  9.946143e-01 
  359.000  9.938361e-01 
  360.000  9.929861e-01 
  361.000  9.924952e-01 
  362.000  9.935358e-01 
  363.000  9.946188e-01 
  364.000  9.957460e-01 
  365.000  9.957178e-01 
  366.000  9.961559e-01 
  367.000  9.964405e-01 
  368.000  9.962842e-01 
  369.000  9.964280e-01 
  370.000  9.963583e-01 
  371.000  9.965809e-01 
  372.000  9.958877e-01 
  373.000  9.962007e-01 
  374.000  9.962702e-01 
  375.000  9.963326e-01 
  376.000  9.956278e-01 
  377.000  9.955271e-01 
  378.000  9.952474e-01 
  379.000  9.943907e-01 
  380.000  9.933782e-01 
  381.000  9.938449e-01 
  382.000  9.946067e-01 
  383.000  9.955328e-01 
  384.000  9.956571e-01 
  385.000  9.957852e-01 
  386.000  9.960673e-01 
  387.000  9.960465e-01 
  388.000  9.959052e-01 
  389.000  9.958118e-01 
  390.000  9.958764e-01 
  391.000  9.959624e-01 
  392.000  9.956360e-01 
  393.000  9.961388e-01 
  394.000  9.962023e-01 
  395.000  9.960474e-01 
  396.000  9.957168e-01 
  397.000  9.962415e-01 
  398.000  9.955421e-01 
  399.000  9.961684e-01 
  400.000  9.953909e-01 
  401.000  9.955501e-01 
  402.000  9.960600e-01 
  403.000  9.963664e-01 
  404.000  9.958104e-01 
  405.000  9.956439e-01 
  406.000  9.961745e-01 
  407.000  9.965950e-01 
  408.000  9.957395e-01 
  409.000  9.954829e-01 
  410.000  9.957105e-01 
  411.000  9.955047e-01 
  412.000  9.961280e-01 
  413.000  9.953156e-01 
  414.000  9.955196e-01 
  415.000  9.957568e-01 
  416.000  9.964052e-01 
  417.000  9.962272e-01 
  418.000  9.959195e-01 
  419.000  9.960307e-01 
  420.000  9.956539e-01 
  421.000  9.955053e-01 
  422.000  9.953786e-01 
  423.000  9.956581e-01 
  424.000  9.952343e-01 
  425.000  9.955570e-01 
  426.000  9.963471e-01 
  427.000  9.959023e-01 
  428.000  9.952161e-01 
  429.000  9.960411e-01 
  430.000  9.962435e-01 
  431.000  9.952040e-01 
  432.000  9.960144e-01 
  433.000  9.959723e-01 
  434.000  9.953655e-01 
  435.000  9.943281e-01 
  436.000  9.952476e-01 
  437.000  9.959936e-01 
  438.000  9.963674e-01 
  439.000  9.943872e-01 
  440.000  9.949495e-01 
  441.000  9.959027e-01 
  442.000  9.961691e-01 
  443.000  9.956795e-01 
  444.000  9.951353e-01 
  445.000  9.940142e-01 
  446.000  9.948716e-01 
  447.000  9.950892e-01 
  448.000  9.931351e-01 
  449.000  9.948242e-01 
  450.000  9.954548e-01 
  451.000  9.952828e-01 
  452.000  9.950941e-01 
  453.000  9.951833e-01 
  454.000  9.955825e-01 
  455.000  9.950294e-01 
  456.000  9.949017e-01 
  457.000  9.949589e-01 
  458.000  9.937917e-01 
  459.000  9.942825e-01 
  460.000  9.935779e-01 
  461.000  9.936421e-01 
  462.000  9.941029e-01 
  463.000  9.927867e-01 
  464.000  9.935362e-01 
  465.000  9.940178e-01 
  466.000  9.944668e-01 
  467.000  9.933924e-01 
  468.000  9.935368e-01 
  469.000  9.939333e-01 
  470.000  9.938150e-01 
  471.000  9.935449e-01 
  472.000  9.926891e-01 
  473.000  9.917431e-01 
  474.000  9.893242e-01 
  475.000  9.880945e-01 
  476.000  9.870554e-01 
  477.000  9.862187e-01 
  478.000  9.859847e-01 
  479.000  9.863284e-01 
  480.000  9.870090e-01 
  481.000  9.883092e-01 
  482.000  9.893999e-01 
  483.000  9.902118e-01 
  484.000  9.902512e-01 
  485.000  9.899620e-01 
  486.000  9.899754e-01 
  487.000  9.902853e-01 
  488.000  9.898324e-01 
  489.000  9.891384e-01 
  490.000  9.899009e-01 
  491.000  9.903172e-01 
  492.000  9.899881e-01 
  493.000  9.897997e-01 
  494.000  9.893231e-01 
  495.000  9.891201e-01 
  496.000  9.885119e-01 
  497.000  9.882911e-01 
  498.000  9.879999e-01 
  499.000  9.876596e-01 
  500.000  9.871902e-01 
  501.000  9.862099e-01 
  502.000  9.852305e-01 
  503.000  9.841281e-01 
  504.000  9.835653e-01 
  505.000  9.823076e-01 
  506.000  9.829720e-01 
  507.000  9.832138e-01 
  508.000  9.832433e-01 
  509.000  9.829883e-01 
  510.000  9.830177e-01 
  511.000  9.831393e-01 
  512.000  9.830919e-01 
  513.000  9.832908e-01 
  514.000  9.834372e-01 
  515.000  9.835450e-01 
  516.000  9.832022e-01 
  517.000  9.830204e-01 
  518.000  9.824228e-01 
  519.000  9.820039e-01 
  520.000  9.815347e-01 
  521.000  9.811754e-01 
  522.000  9.806503e-01 
  523.000  9.800447e-01 
  524.000  9.794372e-01 
  525.000  9.782856e-01 
  526.000  9.773249e-01 
  527.000  9.766144e-01 
  528.000  9.754599e-01 
  529.000  9.746646e-01 
  530.000  9.735845e-01 
  531.000  9.731391e-01 
  532.000  9.726880e-01 
  533.000  9.724552e-01 
  534.000  9.722831e-01 
  535.000  9.722080e-01 
  536.000  9.720882e-01 
  537.000  9.719682e-01 
  538.000  9.717265e-01 
  539.000  9.714473e-01 
  540.000  9.714654e-01 
  541.000  9.711913e-01 
  542.000  9.705427e-01 
  543.000  9.702065e-01 
  544.000  9.700036e-01 
  545.000  9.694595e-01 
  546.000  9.695038e-01 
  547.000  9.693400e-01 
  548.000  9.690343e-01 
  549.000  9.688329e-01 
  550.000  9.688236e-01 
  551.000  9.685482e-01 
  552.000  9.681507e-01 
  553.000  9.676915e-01 
  554.000  9.674491e-01 
  555.000  9.672376e-01 
  556.000  9.663720e-01 
  557.000  9.653037e-01 
  558.000  9.643188e-01 
  559.000  9.633808e-01 
  560.000  9.624085e-01 
  561.000  9.614745e-01 
  562.000  9.606506e-01 
  563.000  9.596127e-01 
  564.000  9.586094e-01 
  565.000  9.576122e-01 
  566.000  9.569001e-01 
  567.000  9.558507e-01 
  568.000  9.543368e-01 
  569.000  9.529703e-01 
  570.000  9.512876e-01 
  571.000  9.498617e-01 
  572.000  9.485409e-01 
  573.000  9.472637e-01 
  574.000  9.461045e-01 
  575.000  9.449802e-01 
  576.000  9.447607e-01 
  577.000  9.448423e-01 
  578.000  9.452950e-01 
  579.000  9.460711e-01 
  580.000  9.473393e-01 
  581.000  9.489222e-01 
  582.000  9.505666e-01 
  583.000  9.521891e-01 
  584.000  9.537213e-01 
  585.000  9.550214e-01 
  586.000  9.558160e-01 
  587.000  9.563205e-01 
  588.000  9.567950e-01 
  589.000  9.569402e-01 
  590.000  9.569983e-01 
  591.000  9.567723e-01 
  592.000  9.563646e-01 
  593.000  9.561266e-01 
  594.000  9.559916e-01 
  595.000  9.557073e-01 
  596.000  9.551775e-01 
  597.000  9.547015e-01 
  598.000  9.541366e-01 
  599.000  9.536250e-01 
  600.000  9.530180e-01 
  601.000  9.531267e-01 
  602.000  9.532515e-01 
  603.000  9.534302e-01 
  604.000  9.535786e-01 
  605.000  9.536670e-01 
  606.000  9.542290e-01 
  607.000  9.547789e-01 
  608.000  9.553173e-01 
  609.000  9.558849e-01 
  610.000  9.564362e-01 
  611.000  9.569306e-01 
  612.000  9.573581e-01 
  613.000  9.579042e-01 
  614.000  9.584514e-01 
  615.000  9.589608e-01 
  616.000  9.594345e-01 
  617.000  9.598743e-01 
  618.000  9.602376e-01 
  619.000  9.606108e-01 
  620.000  9.608132e-01 
  621.000  9.608553e-01 
  622.000  9.608930e-01 
  623.000  9.607867e-01 
  624.000  9.606523e-01 
  625.000  9.605150e-01 
  626.000  9.601508e-01 
  627.000  9.599601e-01 
  628.000  9.598087e-01 
  629.000  9.598913e-01 
  630.000  9.600997e-01 
  631.000  9.606528e-01 
  632.000  9.613982e-01 
  633.000  9.624311e-01 
  634.000  9.634659e-01 
  635.000  9.646188e-01 
  636.000  9.661593e-01 
  637.000  9.676180e-01 
  638.000  9.691261e-01 
  639.000  9.704913e-01 
  640.000  9.718504e-01 
  641.000  9.725589e-01 
  642.000  9.730658e-01 
  643.000  9.736057e-01 
  644.000  9.740163e-01 
  645.000  9.744356e-01 
  646.000  9.748901e-01 
  647.000  9.752918e-01 
  648.000  9.756611e-01 
  649.000  9.761202e-01 
  650.000  9.765146e-01 
  651.000  9.768983e-01 
  652.000  9.773970e-01 
  653.000  9.777914e-01 
  654.000  9.782782e-01 
  655.000  9.786568e-01 
  656.000  9.790376e-01 
  657.000  9.793400e-01 
  658.000  9.797285e-01 
  659.000  9.800121e-01 
  660.000  9.803982e-01 
  661.000  9.806961e-01 
  662.000  9.810859e-01 
  663.000  9.813758e-01 
  664.000  9.817598e-01 
  665.000  9.820368e-01 
  666.000  9.824093e-01 
  667.000  9.826933e-01 
  668.000  9.830593e-01 
  669.000  9.833518e-01 
  670.000  9.837295e-01 
  671.000  9.840373e-01 
  672.000  9.842243e-01 
  673.000  9.845052e-01 
  674.000  9.846960e-01 
  675.000  9.849924e-01 
  676.000  9.851840e-01 
  677.000  9.854751e-01 
  678.000  9.856851e-01 
  679.000  9.859759e-01 
  680.000  9.861666e-01 
  681.000  9.864603e-01 
  682.000  9.868556e-01 
  683.000  9.871403e-01 
  684.000  9.875319e-01 
  685.000  9.878207e-01 
  686.000  9.881054e-01 
  687.000  9.883084e-01 
  688.000  9.886034e-01 
  689.000  9.887962e-01 
  690.000  9.890875e-01 
  691.000  9.892812e-01 
  692.000  9.894760e-01 
  693.000  9.896713e-01 
  694.000  9.898652e-01 
  695.000  9.900579e-01 
  696.000  9.902510e-01 
  697.000  9.904459e-01 
  698.000  9.906433e-01 
  699.000  9.908378e-01 
  700.000  9.910265e-01 
  701.000  9.911829e-01 
  702.000  9.913356e-01 
  703.000  9.914896e-01 
  704.000  9.916350e-01 
  705.000  9.917853e-01 
  706.000  9.919233e-01 
  707.000  9.920487e-01 
  708.000  9.921945e-01 
  709.000  9.923400e-01 
  710.000  9.924721e-01 
  711.000  9.926218e-01 
  712.000  9.927774e-01 
  713.000  9.929382e-01 
  714.000  9.930959e-01 
  715.000  9.932553e-01 
  716.000  9.933772e-01 
  717.000  9.934958e-01 
  718.000  9.936131e-01 
  719.000  9.937313e-01 
  720.000  9.938478e-01 
  721.000  9.939634e-01 
  722.000  9.940773e-01 
  723.000  9.941940e-01 
  724.000  9.943119e-01 
  725.000  9.944323e-01 
  726.000  9.945219e-01 
  727.000  9.946101e-01 
  728.000  9.946972e-01 
  729.000  9.947857e-01 
  730.000  9.948731e-01 
  731.000  9.949704e-01 
  732.000  9.950670e-01 
  733.000  9.951648e-01 
  734.000  9.952601e-01 
  735.000  9.953549e-01 
  736.000  9.954151e-01 
  737.000  9.954635e-01 
  738.000  9.955233e-01 
  739.000  9.955691e-01 
  740.000  9.956289e-01 
  741.000  9.956785e-01 
  742.000  9.957382e-01 
  743.000  9.957834e-01 
  744.000  9.958388e-01 
  745.000  9.958808e-01 
  746.000  9.959644e-01 
  747.000  9.960641e-01 
  748.000  9.961564e-01 
  749.000  9.962445e-01 
  750.000  9.963312e-01 
  751.000  9.964275e-01 
  752.000  9.965247e-01 
  753.000  9.966230e-01 
  754.000  9.967185e-01 
  755.000  9.968172e-01 
  756.000  9.968868e-01 
  757.000  9.969464e-01 
  758.000  9.970164e-01 
  759.000  9.970759e-01 
  760.000  9.971448e-01 
  761.000  9.971746e-01 
  762.000  9.972036e-01 
  763.000  9.972420e-01 
  764.000  9.972707e-01 
  765.000  9.972991e-01 
  766.000  9.973095e-01 
  767.000  9.973198e-01 
  768.000  9.973400e-01 
  769.000  9.973504e-01 
  770.000  9.973606e-01 
  771.000  9.973413e-01 
  772.000  9.973217e-01 
  773.000  9.973024e-01 
  774.000  9.972826e-01 
  775.000  9.972632e-01 
  776.000  9.972530e-01 
  777.000  9.972427e-01 
  778.000  9.972327e-01 
  779.000  9.972227e-01 
  780.000  9.972132e-01 
  781.000  9.972816e-01 
  782.000  9.973400e-01 
  783.000  9.974079e-01 
  784.000  9.974669e-01 
  785.000  9.975334e-01 
  786.000  9.975926e-01 
  787.000  9.976614e-01 
  788.000  9.977184e-01 
  789.000  9.977852e-01 
  790.000  9.978412e-01 
  791.000  9.979221e-01 
  792.000  9.979919e-01 
  793.000  9.980719e-01 
  794.000  9.981406e-01 
  795.000  9.982215e-01 
  796.000  9.982605e-01 
  797.000  9.982996e-01 
  798.000  9.983289e-01 
  799.000  9.983679e-01 
  800.000  9.984069e-01 
  801.000  9.983875e-01 
  802.000  9.983581e-01 
  803.000  9.983386e-01 
  804.000  9.983093e-01 
  805.000  9.982898e-01 
  806.000  9.982605e-01 
  807.000  9.982312e-01 
  808.000  9.982020e-01 
  809.000  9.981726e-01 
  810.000  9.981434e-01 
  811.000  9.981532e-01 
  812.000  9.981629e-01 
  813.000  9.981726e-01 
  814.000  9.981824e-01 
  815.000  9.981922e-01 
  816.000  9.982215e-01 
  817.000  9.982508e-01 
  818.000  9.982800e-01 
  819.000  9.983093e-01 
  820.000  9.983386e-01 
  821.000  9.983777e-01 
  822.000  9.984069e-01 
  823.000  9.984460e-01 
  824.000  9.984753e-01 
  825.000  9.985144e-01 
  826.000  9.985340e-01 
  827.000  9.985535e-01 
  828.000  9.985730e-01 
  829.000  9.985926e-01 
  830.000  9.986121e-01 
  831.000  9.986121e-01 
  832.000  9.986218e-01 
  833.000  9.986218e-01 
  834.000  9.986316e-01 
  835.000  9.986316e-01 
  836.000  9.986316e-01 
  837.000  9.986316e-01 
  838.000  9.986316e-01 
  839.000  9.986316e-01 
  840.000  9.986316e-01 
  841.000  9.986316e-01 
  842.000  9.986218e-01 
  843.000  9.986218e-01 
  844.000  9.986121e-01 
  845.000  9.986121e-01 
  846.000  9.986023e-01 
  847.000  9.986023e-01 
  848.000  9.985926e-01 
  849.000  9.985926e-01 
  850.000  9.985828e-01 
  851.000  9.999999e-01 
  852.000  9.999999e-01 
  853.000  9.999999e-01 
  854.000  9.999999e-01 
  855.000  9.999999e-01 
  856.000  9.999999e-01 
  857.000  9.999999e-01 
  858.000  9.999999e-01 
  859.000  9.999999e-01 
  860.000  9.999999e-01 
  861.000  9.999999e-01 
  862.000  9.999999e-01 
  863.000  9.999999e-01 
  864.000  9.999999e-01 
  865.000  9.999999e-01 
  866.000  9.999999e-01 
  867.000  9.999999e-01 
  868.000  9.999999e-01 
  869.000  9.999999e-01 
  870.000  9.999999e-01 
  871.000  9.999999e-01 
  872.000  9.999999e-01 
  873.000  9.999999e-01 
  874.000  9.999999e-01 
  875.000  9.999999e-01 
  876.000  9.999999e-01 
  877.000  9.999999e-01 
  878.000  9.999999e-01 
  879.000  9.999999e-01 
  880.000  9.999999e-01 
  881.000  9.999999e-01 
  882.000  9.999999e-01 
  883.000  9.999999e-01 
  884.000  9.999999e-01 
  885.000  9.999999e-01 
  886.000  9.999999e-01 
  887.000  9.999999e-01 
  888.000  9.999999e-01 
  889.000  9.999999e-01 
  890.000  9.999999e-01 
  891.000  9.999999e-01 
  892.000  9.999999e-01 
  893.000  9.999999e-01 
  894.000  9.999999e-01 
  895.000  9.999999e-01 
  896.000  9.999999e-01 
  897.000  9.999999e-01 
  898.000  9.999999e-01 
  899.000  9.999999e-01 
  900.000  9.999999e-01 
  901.000  9.999999e-01 
  902.000  9.999999e-01 
  903.000  9.999999e-01 
  904.000  9.999999e-01 
  905.000  9.999999e-01 
  906.000  9.999999e-01 
  907.000  9.999999e-01 
  908.000  9.999999e-01 
  909.000  9.999999e-01 
  910.000  9.999999e-01 
  911.000  9.999999e-01 
  912.000  9.999999e-01 
  913.000  9.999999e-01 
  914.000  9.999999e-01 
  915.000  9.999999e-01 
  916.000  9.999999e-01 
  917.000  9.999999e-01 
  918.000  9.999999e-01 
  919.000  9.999999e-01 
  920.000  9.999999e-01 
  921.000  9.999999e-01 
  922.000  9.999999e-01 
  923.000  9.999999e-01 
  924.000  9.999999e-01 
  925.000  9.999999e-01 
  926.000  9.999999e-01 
  927.000  9.999999e-01 
  928.000  9.999999e-01 
  929.000  9.999999e-01 
  930.000  9.999999e-01 
  931.000  9.999999e-01 
  932.000  9.999999e-01 
  933.000  9.999999e-01 
  934.000  9.999999e-01 
  935.000  9.999999e-01 
  936.000  9.999999e-01 
  937.000  9.999999e-01 
  938.000  9.999999e-01 
  939.000  9.999999e-01 
  940.000  9.999999e-01 
  941.000  9.999999e-01 
  942.000  9.999999e-01 
  943.000  9.999999e-01 
  944.000  9.999999e-01 
  945.000  9.999999e-01 
  946.000  9.999999e-01 
  947.000  9.999999e-01 
  948.000  9.999999e-01 
  949.000  9.999999e-01 
  950.000  9.999999e-01 
  951.000  9.999999e-01 
  952.000  9.999999e-01 
  953.000  9.999999e-01 
  954.000  9.999999e-01 
  955.000  9.999999e-01 
  956.000  9.999999e-01 
  957.000  9.999999e-01 
  958.000  9.999999e-01 
  959.000  9.999999e-01 
  960.000  9.999999e-01 
  961.000  9.999999e-01 
  962.000  9.999999e-01 
  963.000  9.999999e-01 
  964.000  9.999999e-01 
  965.000  9.999999e-01 
  966.000  9.999999e-01 
  967.000  9.999999e-01 
  968.000  9.999999e-01 
  969.000  9.999999e-01 
  970.000  9.999999e-01 
  971.000  9.999999e-01 
  972.000  9.999999e-01 
  973.000  9.999999e-01 
  974.000  9.999999e-01 
  975.000  9.999999e-01 
  976.000  9.999999e-01 
  977.000  9.999999e-01 
  978.000  9.999999e-01 
  979.000  9.999999e-01 
  980.000  9.999999e-01 
  981.000  9.999999e-01 
  982.000  9.999999e-01 
  983.000  9.999999e-01 
  984.000  9.999999e-01 
  985.000  9.999999e-01 
  986.000  9.999999e-01 
  987.000  9.999999e-01 
  988.000  9.999999e-01 
  989.000  9.999999e-01 
  990.000  9.999999e-01 
  991.000  9.999999e-01 
  992.000  9.999999e-01 
  993.000  9.999999e-01 
  994.000  9.999999e-01 
  995.000  9.999999e-01 
  996.000  9.999999e-01 
  997.000  9.999999e-01 
  998.000  9.999999e-01 
  999.000  9.999999e-01 
 1000.000  9.999999e-01 
 1001.000  9.999999e-01 
 1002.000  9.999999e-01 
 1003.000  9.999999e-01 
 1004.000  9.999999e-01 
 1005.000  9.999999e-01 
 1006.000  9.999999e-01 
 1007.000  9.999999e-01 
 1008.000  9.999999e-01 
 1009.000  9.999999e-01 
 1010.000  9.999998e-01 
 1011.000  9.999997e-01 
 1012.000  9.999996e-01 
 1013.000  9.999995e-01 
 1014.000  9.999993e-01 
 1015.000  9.999990e-01 
 1016.000  9.999986e-01 
 1017.000  9.999979e-01 
 1018.000  9.999970e-01 
 1019.000  9.999957e-01 
 1020.000  9.999940e-01 
 1021.000  9.999917e-01 
 1022.000  9.999886e-01 
 1023.000  9.999842e-01 
 1024.000  9.999785e-01 
 1025.000  9.999709e-01 
 1026.000  9.999609e-01 
 1027.000  9.999479e-01 
 1028.000  9.999310e-01 
 1029.000  9.999094e-01 
 1030.000  9.998819e-01 
 1031.000  9.998471e-01 
 1032.000  9.998035e-01 
 1033.000  9.997495e-01 
 1034.000  9.996828e-01 
 1035.000  9.996014e-01 
 1036.000  9.995029e-01 
 1037.000  9.993846e-01 
 1038.000  9.992439e-01 
 1039.000  9.990777e-01 
 1040.000  9.988835e-01 
 1041.000  9.986585e-01 
 1042.000  9.984000e-01 
 1043.000  9.981058e-01 
 1044.000  9.977743e-01 
 1045.000  9.974042e-01 
 1046.000  9.969950e-01 
 1047.000  9.965473e-01 
 1048.000  9.960622e-01 
 1049.000  9.955424e-01 
 1050.000  9.949915e-01 
 1051.000  9.944142e-01 
 1052.000  9.938167e-01 
 1053.000  9.932060e-01 
 1054.000  9.925904e-01 
 1055.000  9.919788e-01 
 1056.000  9.913812e-01 
 1057.000  9.908075e-01 
 1058.000  9.902681e-01 
 1059.000  9.897732e-01 
 1060.000  9.893326e-01 
 1061.000  9.889550e-01 
 1062.000  9.886485e-01 
 1063.000  9.884195e-01 
 1064.000  9.882730e-01 
 1065.000  9.882120e-01 
 1066.000  9.882382e-01 
 1067.000  9.883507e-01 
 1068.000  9.885473e-01 
 1069.000  9.888235e-01 
 1070.000  9.891735e-01 
 1071.000  9.895899e-01 
 1072.000  9.900643e-01 
 1073.000  9.905871e-01 
 1074.000  9.911482e-01 
 1075.000  9.917376e-01 
 1076.000  9.923447e-01 
 1077.000  9.929599e-01 
 1078.000  9.935736e-01 
 1079.000  9.941772e-01 
 1080.000  9.947634e-01 
 1081.000  9.953256e-01 
 1082.000  9.958583e-01 
 1083.000  9.963576e-01 
 1084.000  9.968205e-01 
 1085.000  9.972453e-01 
 1086.000  9.976309e-01 
 1087.000  9.979778e-01 
 1088.000  9.982867e-01 
 1089.000  9.985592e-01 
 1090.000  9.987974e-01 
 1091.000  9.990036e-01 
 1092.000  9.991806e-01 
 1093.000  9.993311e-01 
 1094.000  9.994581e-01 
 1095.000  9.995642e-01 
 1096.000  9.996521e-01 
 1097.000  9.997244e-01 
 1098.000  9.997833e-01 
 1099.000  9.998308e-01 
 1100.000  9.998689e-01 
 1101.000  9.998991e-01 
 1102.000  9.999231e-01 
 1103.000  9.999416e-01 
 1104.000  9.999561e-01 
 1105.000  9.999673e-01 
 1106.000  9.999757e-01 
 1107.000  9.999821e-01 
 1108.000  9.999869e-01 
 1109.000  9.999905e-01 
 1110.000  9.999932e-01 
 1111.000  9.999951e-01 
 1112.000  9.999965e-01 
 1113.000  9.999976e-01 
 1114.000  9.999983e-01 
 1115.000  9.999988e-01 
 1116.000  9.999991e-01 
 1117.000  9.999994e-01 
 1118.000  9.999996e-01 
 1119.000  9.999997e-01 
 1120.000  9.999998e-01 
 1121.000  9.999999e-01 
 1122.000  9.999999e-01 
 1123.000  9.999999e-01 
 1124.000  9.999999e-01 
 1125.000  9.999999e-01 
 1126.000  9.999999e-01 
 1127.000  9.999999e-01 
 1128.000  9.999999e-01 
 1129.000  9.999999e-01 
 1130.000  9.999999e-01 
 1131.000  9.999999e-01 
 1132.000  9.999999e-01 
 1133.000  9.999999e-01 
 1134.000  9.999999e-01 
 1135.000  9.999999e-01 
 1136.000  9.999999e-01 
 1137.000  9.999999e-01 
 1138.000  9.999999e-01 
 1139.000  9.999999e-01 
 1140.000  9.999999e-01 
 1141.000  9.999999e-01 
 1142.000  9.999999e-01 
 1143.000  9.999999e-01 
 1144.000  9.999999e-01 
 1145.000  9.999999e-01 
 1146.000  9.999999e-01 
 1147.000  9.999999e-01 
 1148.000  9.999999e-01 
 1149.000  9.999999e-01 
 1150.000  9.999999e-01 
 1151.000  9.999999e-01 
 1152.000  9.999999e-01 
 1153.000  9.999999e-01 
 1154.000  9.999999e-01 
 1155.000  9.999999e-01 
 1156.000  9.999999e-01 
 1157.000  9.999999e-01 
 1158.000  9.999999e-01 
 1159.000  9.999999e-01 
 1160.000  9.999999e-01 
 1161.000  9.999999e-01 
 1162.000  9.999999e-01 
 1163.000  9.999999e-01 
 1164.000  9.999999e-01 
 1165.000  9.999999e-01 
 1166.000  9.999999e-01 
 1167.000  9.999999e-01 
 1168.000  9.999999e-01 
 1169.000  9.999999e-01 
 1170.000  9.999999e-01 
 1171.000  9.999999e-01 
 1172.000  9.999999e-01 
 1173.000  9.999999e-01 
 1174.000  9.999999e-01 
 1175.000  9.999999e-01 
 1176.000  9.999999e-01 
 1177.000  9.999999e-01 
 1178.000  9.999999e-01 
 1179.000  9.999999e-01 
 1180.000  9.999999e-01 
 1181.000  9.999999e-01 
 1182.000  9.999999e-01 
 1183.000  9.999999e-01 
 1184.000  9.999999e-01 
 1185.000  9.999999e-01 
 1186.000  9.999999e-01 
 1187.000  9.999999e-01 
 1188.000  9.999999e-01 
 1189.000  9.999999e-01 
 1190.000  9.999999e-01 
 1191.000  9.999999e-01 
 1192.000  9.999999e-01 
 1193.000  9.999999e-01 
 1194.000  9.999999e-01 
 1195.000  9.999999e-01 
 1196.000  9.999999e-01 
 1197.000  9.999999e-01 
 1198.000  9.999999e-01 
 1199.000  9.999999e-01 
 1200.000  9.999999e-01 
