  250.000  0.000000e+00 
  251.000  0.000000e+00 
  252.000  0.000000e+00 
  253.000  0.000000e+00 
  254.000  0.000000e+00 
  255.000  0.000000e+00 
  256.000  0.000000e+00 
  257.000  0.000000e+00 
  258.000  0.000000e+00 
  259.000  0.000000e+00 
  260.000  0.000000e+00 
  261.000  0.000000e+00 
  262.000  0.000000e+00 
  263.000  0.000000e+00 
  264.000  0.000000e+00 
  265.000  0.000000e+00 
  266.000  0.000000e+00 
  267.000  0.000000e+00 
  268.000  0.000000e+00 
  269.000  0.000000e+00 
  270.000  0.000000e+00 
  271.000  0.000000e+00 
  272.000  0.000000e+00 
  273.000  0.000000e+00 
  274.000  0.000000e+00 
  275.000  0.000000e+00 
  276.000  0.000000e+00 
  277.000  0.000000e+00 
  278.000  0.000000e+00 
  279.000  0.000000e+00 
  280.000  0.000000e+00 
  281.000  0.000000e+00 
  282.000  0.000000e+00 
  283.000  0.000000e+00 
  284.000  0.000000e+00 
  285.000  0.000000e+00 
  286.000  0.000000e+00 
  287.000  0.000000e+00 
  288.000  0.000000e+00 
  289.000  0.000000e+00 
  290.000  0.000000e+00 
  291.000  0.000000e+00 
  292.000  0.000000e+00 
  293.000  2.199584e-07 
  294.000  1.722027e-06 
  295.000  6.920592e-06 
  296.000  4.126742e-05 
  297.000  1.343032e-04 
  298.000  4.452962e-04 
  299.000  9.633382e-04 
  300.000  2.660279e-03 
  301.000  5.811698e-03 
  302.000  1.016932e-02 
  303.000  2.244812e-02 
  304.000  2.868710e-02 
  305.000  5.519331e-02 
  306.000  7.246037e-02 
  307.000  1.077870e-01 
  308.000  1.405388e-01 
  309.000  1.782309e-01 
  310.000  2.459174e-01 
  311.000  2.752947e-01 
  312.000  3.360040e-01 
  313.000  3.973176e-01 
  314.000  4.171104e-01 
  315.000  5.060391e-01 
  316.000  5.290365e-01 
  317.000  5.838007e-01 
  318.000  6.059507e-01 
  319.000  7.269795e-01 
  320.000  6.264759e-01 
  321.000  8.047041e-01 
  322.000  7.065096e-01 
  323.000  7.831849e-01 
  324.000  8.824683e-01 
  325.000  7.839980e-01 
  326.000  8.913310e-01 
  327.000  9.036040e-01 
  328.000  8.261601e-01 
  329.000  9.461073e-01 
  330.000  9.543393e-01 
  331.000  8.872233e-01 
  332.000  9.612649e-01 
  333.000  9.629177e-01 
  334.000  9.390990e-01 
  335.000  9.773257e-01 
  336.000  9.842975e-01 
  337.000  9.573329e-01 
  338.000  9.768395e-01 
  339.000  9.880804e-01 
  340.000  9.711293e-01 
  341.000  9.873121e-01 
  342.000  9.915224e-01 
  343.000  9.904266e-01 
  344.000  9.749825e-01 
  345.000  9.905224e-01 
  346.000  9.932906e-01 
  347.000  9.913749e-01 
  348.000  9.932142e-01 
  349.000  9.949849e-01 
  350.000  9.959139e-01 
  351.000  9.962187e-01 
  352.000  9.964260e-01 
  353.000  9.967101e-01 
  354.000  9.958668e-01 
  355.000  9.956393e-01 
  356.000  9.958627e-01 
  357.000  9.943603e-01 
  358.000  9.934642e-01 
  359.000  9.925203e-01 
  360.000  9.914897e-01 
  361.000  9.908944e-01 
  362.000  9.921561e-01 
  363.000  9.934695e-01 
  364.000  9.948367e-01 
  365.000  9.948025e-01 
  366.000  9.953342e-01 
  367.000  9.956794e-01 
  368.000  9.954898e-01 
  369.000  9.956642e-01 
  370.000  9.955798e-01 
  371.000  9.958498e-01 
  372.000  9.950087e-01 
  373.000  9.953885e-01 
  374.000  9.954728e-01 
  375.000  9.955486e-01 
  376.000  9.946934e-01 
  377.000  9.945713e-01 
  378.000  9.942321e-01 
  379.000  9.931929e-01 
  380.000  9.919649e-01 
  381.000  9.925309e-01 
  382.000  9.934549e-01 
  383.000  9.945783e-01 
  384.000  9.947290e-01 
  385.000  9.948844e-01 
  386.000  9.952266e-01 
  387.000  9.952015e-01 
  388.000  9.950300e-01 
  389.000  9.949167e-01 
  390.000  9.949951e-01 
  391.000  9.950994e-01 
  392.000  9.947034e-01 
  393.000  9.953134e-01 
  394.000  9.953905e-01 
  395.000  9.952025e-01 
  396.000  9.948015e-01 
  397.000  9.954379e-01 
  398.000  9.945895e-01 
  399.000  9.953493e-01 
  400.000  9.944061e-01 
  401.000  9.945992e-01 
  402.000  9.952179e-01 
  403.000  9.955896e-01 
  404.000  9.949151e-01 
  405.000  9.947129e-01 
  406.000  9.953302e-01 
  407.000  9.958142e-01 
  408.000  9.947495e-01 
  409.000  9.944117e-01 
  410.000  9.946616e-01 
  411.000  9.944097e-01 
  412.000  9.951640e-01 
  413.000  9.941763e-01 
  414.000  9.944217e-01 
  415.000  9.947073e-01 
  416.000  9.954862e-01 
  417.000  9.952624e-01 
  418.000  9.948816e-01 
  419.000  9.950086e-01 
  420.000  9.945439e-01 
  421.000  9.943404e-01 
  422.000  9.941636e-01 
  423.000  9.944794e-01 
  424.000  9.939423e-01 
  425.000  9.943106e-01 
  426.000  9.952661e-01 
  427.000  9.947239e-01 
  428.000  9.938893e-01 
  429.000  9.948871e-01 
  430.000  9.951300e-01 
  431.000  9.938525e-01 
  432.000  9.948189e-01 
  433.000  9.947510e-01 
  434.000  9.939988e-01 
  435.000  9.927242e-01 
  436.000  9.938040e-01 
  437.000  9.946737e-01 
  438.000  9.950906e-01 
  439.000  9.926580e-01 
  440.000  9.933033e-01 
  441.000  9.944362e-01 
  442.000  9.947366e-01 
  443.000  9.941247e-01 
  444.000  9.934423e-01 
  445.000  9.920608e-01 
  446.000  9.930819e-01 
  447.000  9.933229e-01 
  448.000  9.909366e-01 
  449.000  9.929609e-01 
  450.000  9.937071e-01 
  451.000  9.934624e-01 
  452.000  9.931974e-01 
  453.000  9.932644e-01 
  454.000  9.937120e-01 
  455.000  9.930055e-01 
  456.000  9.927191e-01 
  457.000  9.926570e-01 
  458.000  9.911119e-01 
  459.000  9.915748e-01 
  460.000  9.905905e-01 
  461.000  9.906592e-01 
  462.000  9.912079e-01 
  463.000  9.896011e-01 
  464.000  9.904992e-01 
  465.000  9.910734e-01 
  466.000  9.915806e-01 
  467.000  9.902483e-01 
  468.000  9.903868e-01 
  469.000  9.908350e-01 
  470.000  9.906558e-01 
  471.000  9.902520e-01 
  472.000  9.891438e-01 
  473.000  9.879228e-01 
  474.000  9.849256e-01 
  475.000  9.833629e-01 
  476.000  9.819100e-01 
  477.000  9.806977e-01 
  478.000  9.802182e-01 
  479.000  9.804314e-01 
  480.000  9.810559e-01 
  481.000  9.825087e-01 
  482.000  9.837041e-01 
  483.000  9.845676e-01 
  484.000  9.844937e-01 
  485.000  9.840277e-01 
  486.000  9.840573e-01 
  487.000  9.844449e-01 
  488.000  9.839118e-01 
  489.000  9.830876e-01 
  490.000  9.840213e-01 
  491.000  9.844519e-01 
  492.000  9.839828e-01 
  493.000  9.836791e-01 
  494.000  9.830320e-01 
  495.000  9.827152e-01 
  496.000  9.817035e-01 
  497.000  9.811727e-01 
  498.000  9.805081e-01 
  499.000  9.798294e-01 
  500.000  9.789958e-01 
  501.000  9.774580e-01 
  502.000  9.759228e-01 
  503.000  9.742408e-01 
  504.000  9.732086e-01 
  505.000  9.713428e-01 
  506.000  9.721849e-01 
  507.000  9.725198e-01 
  508.000  9.725553e-01 
  509.000  9.722934e-01 
  510.000  9.723731e-01 
  511.000  9.725191e-01 
  512.000  9.724179e-01 
  513.000  9.726568e-01 
  514.000  9.727881e-01 
  515.000  9.729176e-01 
  516.000  9.723282e-01 
  517.000  9.719767e-01 
  518.000  9.710817e-01 
  519.000  9.704459e-01 
  520.000  9.697058e-01 
  521.000  9.690092e-01 
  522.000  9.681142e-01 
  523.000  9.671674e-01 
  524.000  9.661745e-01 
  525.000  9.645308e-01 
  526.000  9.629408e-01 
  527.000  9.616954e-01 
  528.000  9.598765e-01 
  529.000  9.585322e-01 
  530.000  9.568053e-01 
  531.000  9.560991e-01 
  532.000  9.553864e-01 
  533.000  9.549779e-01 
  534.000  9.545981e-01 
  535.000  9.543343e-01 
  536.000  9.540608e-01 
  537.000  9.537870e-01 
  538.000  9.534119e-01 
  539.000  9.529487e-01 
  540.000  9.528398e-01 
  541.000  9.523392e-01 
  542.000  9.513931e-01 
  543.000  9.508626e-01 
  544.000  9.504476e-01 
  545.000  9.496267e-01 
  546.000  9.495925e-01 
  547.000  9.493110e-01 
  548.000  9.488609e-01 
  549.000  9.485347e-01 
  550.000  9.484370e-01 
  551.000  9.479364e-01 
  552.000  9.472910e-01 
  553.000  9.466158e-01 
  554.000  9.461548e-01 
  555.000  9.457309e-01 
  556.000  9.442718e-01 
  557.000  9.425306e-01 
  558.000  9.409332e-01 
  559.000  9.393497e-01 
  560.000  9.377702e-01 
  561.000  9.362802e-01 
  562.000  9.349644e-01 
  563.000  9.333541e-01 
  564.000  9.318287e-01 
  565.000  9.302693e-01 
  566.000  9.291322e-01 
  567.000  9.275984e-01 
  568.000  9.254765e-01 
  569.000  9.235722e-01 
  570.000  9.212977e-01 
  571.000  9.195372e-01 
  572.000  9.179427e-01 
  573.000  9.163584e-01 
  574.000  9.149552e-01 
  575.000  9.135515e-01 
  576.000  9.134609e-01 
  577.000  9.137236e-01 
  578.000  9.144222e-01 
  579.000  9.155013e-01 
  580.000  9.171592e-01 
  581.000  9.191883e-01 
  582.000  9.212912e-01 
  583.000  9.233698e-01 
  584.000  9.253433e-01 
  585.000  9.270446e-01 
  586.000  9.279389e-01 
  587.000  9.284489e-01 
  588.000  9.289658e-01 
  589.000  9.290522e-01 
  590.000  9.290782e-01 
  591.000  9.286422e-01 
  592.000  9.279920e-01 
  593.000  9.275846e-01 
  594.000  9.272560e-01 
  595.000  9.267519e-01 
  596.000  9.258742e-01 
  597.000  9.251027e-01 
  598.000  9.241847e-01 
  599.000  9.233721e-01 
  600.000  9.224057e-01 
  601.000  9.225756e-01 
  602.000  9.227645e-01 
  603.000  9.230167e-01 
  604.000  9.232333e-01 
  605.000  9.233793e-01 
  606.000  9.242934e-01 
  607.000  9.251937e-01 
  608.000  9.260811e-01 
  609.000  9.270033e-01 
  610.000  9.279069e-01 
  611.000  9.287438e-01 
  612.000  9.295025e-01 
  613.000  9.304013e-01 
  614.000  9.313018e-01 
  615.000  9.321584e-01 
  616.000  9.330158e-01 
  617.000  9.338337e-01 
  618.000  9.345190e-01 
  619.000  9.352590e-01 
  620.000  9.357975e-01 
  621.000  9.361039e-01 
  622.000  9.364050e-01 
  623.000  9.365360e-01 
  624.000  9.366334e-01 
  625.000  9.367278e-01 
  626.000  9.364246e-01 
  627.000  9.363700e-01 
  628.000  9.363190e-01 
  629.000  9.365877e-01 
  630.000  9.369631e-01 
  631.000  9.378327e-01 
  632.000  9.389309e-01 
  633.000  9.404138e-01 
  634.000  9.418567e-01 
  635.000  9.434409e-01 
  636.000  9.456595e-01 
  637.000  9.477398e-01 
  638.000  9.499241e-01 
  639.000  9.518970e-01 
  640.000  9.539080e-01 
  641.000  9.548835e-01 
  642.000  9.555750e-01 
  643.000  9.563500e-01 
  644.000  9.569272e-01 
  645.000  9.575586e-01 
  646.000  9.582762e-01 
  647.000  9.589309e-01 
  648.000  9.595032e-01 
  649.000  9.602268e-01 
  650.000  9.608736e-01 
  651.000  9.615077e-01 
  652.000  9.623235e-01 
  653.000  9.629711e-01 
  654.000  9.637733e-01 
  655.000  9.644024e-01 
  656.000  9.650345e-01 
  657.000  9.655288e-01 
  658.000  9.661703e-01 
  659.000  9.666424e-01 
  660.000  9.672816e-01 
  661.000  9.677712e-01 
  662.000  9.684151e-01 
  663.000  9.688954e-01 
  664.000  9.695330e-01 
  665.000  9.699981e-01 
  666.000  9.706221e-01 
  667.000  9.710959e-01 
  668.000  9.717127e-01 
  669.000  9.721970e-01 
  670.000  9.728281e-01 
  671.000  9.733312e-01 
  672.000  9.736447e-01 
  673.000  9.741156e-01 
  674.000  9.744339e-01 
  675.000  9.749236e-01 
  676.000  9.752430e-01 
  677.000  9.757266e-01 
  678.000  9.760683e-01 
  679.000  9.765518e-01 
  680.000  9.768703e-01 
  681.000  9.773575e-01 
  682.000  9.780120e-01 
  683.000  9.784885e-01 
  684.000  9.791389e-01 
  685.000  9.796208e-01 
  686.000  9.800979e-01 
  687.000  9.804320e-01 
  688.000  9.809217e-01 
  689.000  9.812436e-01 
  690.000  9.817293e-01 
  691.000  9.820525e-01 
  692.000  9.823771e-01 
  693.000  9.827024e-01 
  694.000  9.830259e-01 
  695.000  9.833480e-01 
  696.000  9.836707e-01 
  697.000  9.839959e-01 
  698.000  9.843238e-01 
  699.000  9.846485e-01 
  700.000  9.849662e-01 
  701.000  9.852268e-01 
  702.000  9.854832e-01 
  703.000  9.857412e-01 
  704.000  9.859889e-01 
  705.000  9.862424e-01 
  706.000  9.864721e-01 
  707.000  9.866866e-01 
  708.000  9.869258e-01 
  709.000  9.871647e-01 
  710.000  9.873874e-01 
  711.000  9.876404e-01 
  712.000  9.879007e-01 
  713.000  9.881670e-01 
  714.000  9.884299e-01 
  715.000  9.886948e-01 
  716.000  9.888964e-01 
  717.000  9.890940e-01 
  718.000  9.892901e-01 
  719.000  9.894872e-01 
  720.000  9.896823e-01 
  721.000  9.898764e-01 
  722.000  9.900684e-01 
  723.000  9.902638e-01 
  724.000  9.904606e-01 
  725.000  9.906605e-01 
  726.000  9.908097e-01 
  727.000  9.909571e-01 
  728.000  9.911032e-01 
  729.000  9.912511e-01 
  730.000  9.913976e-01 
  731.000  9.915606e-01 
  732.000  9.917229e-01 
  733.000  9.918865e-01 
  734.000  9.920470e-01 
  735.000  9.922072e-01 
  736.000  9.923073e-01 
  737.000  9.923885e-01 
  738.000  9.924881e-01 
  739.000  9.925663e-01 
  740.000  9.926658e-01 
  741.000  9.927486e-01 
  742.000  9.928481e-01 
  743.000  9.929254e-01 
  744.000  9.930196e-01 
  745.000  9.930933e-01 
  746.000  9.932353e-01 
  747.000  9.933969e-01 
  748.000  9.935496e-01 
  749.000  9.936971e-01 
  750.000  9.938430e-01 
  751.000  9.940050e-01 
  752.000  9.941682e-01 
  753.000  9.943327e-01 
  754.000  9.944938e-01 
  755.000  9.946589e-01 
  756.000  9.947749e-01 
  757.000  9.948745e-01 
  758.000  9.949911e-01 
  759.000  9.950904e-01 
  760.000  9.952058e-01 
  761.000  9.952555e-01 
  762.000  9.953044e-01 
  763.000  9.953690e-01 
  764.000  9.954174e-01 
  765.000  9.954655e-01 
  766.000  9.954826e-01 
  767.000  9.954997e-01 
  768.000  9.955333e-01 
  769.000  9.955504e-01 
  770.000  9.955674e-01 
  771.000  9.955349e-01 
  772.000  9.955022e-01 
  773.000  9.954696e-01 
  774.000  9.954365e-01 
  775.000  9.954038e-01 
  776.000  9.953869e-01 
  777.000  9.953700e-01 
  778.000  9.953532e-01 
  779.000  9.953366e-01 
  780.000  9.953205e-01 
  781.000  9.954352e-01 
  782.000  9.955333e-01 
  783.000  9.956474e-01 
  784.000  9.957462e-01 
  785.000  9.958588e-01 
  786.000  9.959577e-01 
  787.000  9.960731e-01 
  788.000  9.961694e-01 
  789.000  9.962823e-01 
  790.000  9.963775e-01 
  791.000  9.965120e-01 
  792.000  9.966285e-01 
  793.000  9.967620e-01 
  794.000  9.968772e-01 
  795.000  9.970115e-01 
  796.000  9.970772e-01 
  797.000  9.971428e-01 
  798.000  9.971919e-01 
  799.000  9.972576e-01 
  800.000  9.973232e-01 
  801.000  9.972904e-01 
  802.000  9.972412e-01 
  803.000  9.972084e-01 
  804.000  9.971592e-01 
  805.000  9.971264e-01 
  806.000  9.970772e-01 
  807.000  9.970280e-01 
  808.000  9.969788e-01 
  809.000  9.969297e-01 
  810.000  9.968805e-01 
  811.000  9.968969e-01 
  812.000  9.969133e-01 
  813.000  9.969297e-01 
  814.000  9.969460e-01 
  815.000  9.969624e-01 
  816.000  9.970115e-01 
  817.000  9.970608e-01 
  818.000  9.971099e-01 
  819.000  9.971592e-01 
  820.000  9.972084e-01 
  821.000  9.972740e-01 
  822.000  9.973232e-01 
  823.000  9.973888e-01 
  824.000  9.974380e-01 
  825.000  9.975036e-01 
  826.000  9.975364e-01 
  827.000  9.975692e-01 
  828.000  9.976020e-01 
  829.000  9.976348e-01 
  830.000  9.976677e-01 
  831.000  9.976677e-01 
  832.000  9.976841e-01 
  833.000  9.976841e-01 
  834.000  9.977005e-01 
  835.000  9.977005e-01 
  836.000  9.977005e-01 
  837.000  9.977005e-01 
  838.000  9.977005e-01 
  839.000  9.977005e-01 
  840.000  9.977005e-01 
  841.000  9.977005e-01 
  842.000  9.976841e-01 
  843.000  9.976841e-01 
  844.000  9.976677e-01 
  845.000  9.976677e-01 
  846.000  9.976513e-01 
  847.000  9.976513e-01 
  848.000  9.976348e-01 
  849.000  9.976348e-01 
  850.000  9.976184e-01 
  851.000  1.000000e+00 
  852.000  1.000000e+00 
  853.000  1.000000e+00 
  854.000  1.000000e+00 
  855.000  1.000000e+00 
  856.000  1.000000e+00 
  857.000  1.000000e+00 
  858.000  1.000000e+00 
  859.000  1.000000e+00 
  860.000  1.000000e+00 
  861.000  1.000000e+00 
  862.000  1.000000e+00 
  863.000  1.000000e+00 
  864.000  1.000000e+00 
  865.000  1.000000e+00 
  866.000  1.000000e+00 
  867.000  1.000000e+00 
  868.000  1.000000e+00 
  869.000  1.000000e+00 
  870.000  1.000000e+00 
  871.000  1.000000e+00 
  872.000  1.000000e+00 
  873.000  1.000000e+00 
  874.000  1.000000e+00 
  875.000  1.000000e+00 
  876.000  1.000000e+00 
  877.000  1.000000e+00 
  878.000  1.000000e+00 
  879.000  1.000000e+00 
  880.000  1.000000e+00 
  881.000  1.000000e+00 
  882.000  1.000000e+00 
  883.000  1.000000e+00 
  884.000  1.000000e+00 
  885.000  1.000000e+00 
  886.000  1.000000e+00 
  887.000  1.000000e+00 
  888.000  1.000000e+00 
  889.000  1.000000e+00 
  890.000  1.000000e+00 
  891.000  1.000000e+00 
  892.000  1.000000e+00 
  893.000  1.000000e+00 
  894.000  1.000000e+00 
  895.000  1.000000e+00 
  896.000  1.000000e+00 
  897.000  1.000000e+00 
  898.000  1.000000e+00 
  899.000  1.000000e+00 
  900.000  1.000000e+00 
  901.000  1.000000e+00 
  902.000  1.000000e+00 
  903.000  1.000000e+00 
  904.000  1.000000e+00 
  905.000  1.000000e+00 
  906.000  1.000000e+00 
  907.000  1.000000e+00 
  908.000  1.000000e+00 
  909.000  1.000000e+00 
  910.000  1.000000e+00 
  911.000  1.000000e+00 
  912.000  1.000000e+00 
  913.000  1.000000e+00 
  914.000  1.000000e+00 
  915.000  1.000000e+00 
  916.000  1.000000e+00 
  917.000  1.000000e+00 
  918.000  1.000000e+00 
  919.000  1.000000e+00 
  920.000  1.000000e+00 
  921.000  1.000000e+00 
  922.000  1.000000e+00 
  923.000  1.000000e+00 
  924.000  1.000000e+00 
  925.000  1.000000e+00 
  926.000  1.000000e+00 
  927.000  1.000000e+00 
  928.000  1.000000e+00 
  929.000  1.000000e+00 
  930.000  1.000000e+00 
  931.000  1.000000e+00 
  932.000  1.000000e+00 
  933.000  1.000000e+00 
  934.000  1.000000e+00 
  935.000  1.000000e+00 
  936.000  1.000000e+00 
  937.000  1.000000e+00 
  938.000  1.000000e+00 
  939.000  1.000000e+00 
  940.000  1.000000e+00 
  941.000  1.000000e+00 
  942.000  1.000000e+00 
  943.000  1.000000e+00 
  944.000  1.000000e+00 
  945.000  1.000000e+00 
  946.000  1.000000e+00 
  947.000  1.000000e+00 
  948.000  1.000000e+00 
  949.000  1.000000e+00 
  950.000  1.000000e+00 
  951.000  1.000000e+00 
  952.000  1.000000e+00 
  953.000  1.000000e+00 
  954.000  1.000000e+00 
  955.000  1.000000e+00 
  956.000  1.000000e+00 
  957.000  1.000000e+00 
  958.000  1.000000e+00 
  959.000  1.000000e+00 
  960.000  1.000000e+00 
  961.000  1.000000e+00 
  962.000  1.000000e+00 
  963.000  1.000000e+00 
  964.000  1.000000e+00 
  965.000  1.000000e+00 
  966.000  1.000000e+00 
  967.000  1.000000e+00 
  968.000  1.000000e+00 
  969.000  1.000000e+00 
  970.000  1.000000e+00 
  971.000  1.000000e+00 
  972.000  1.000000e+00 
  973.000  1.000000e+00 
  974.000  1.000000e+00 
  975.000  1.000000e+00 
  976.000  1.000000e+00 
  977.000  1.000000e+00 
  978.000  1.000000e+00 
  979.000  1.000000e+00 
  980.000  1.000000e+00 
  981.000  1.000000e+00 
  982.000  1.000000e+00 
  983.000  1.000000e+00 
  984.000  1.000000e+00 
  985.000  1.000000e+00 
  986.000  1.000000e+00 
  987.000  1.000000e+00 
  988.000  1.000000e+00 
  989.000  1.000000e+00 
  990.000  1.000000e+00 
  991.000  1.000000e+00 
  992.000  1.000000e+00 
  993.000  1.000000e+00 
  994.000  1.000000e+00 
  995.000  1.000000e+00 
  996.000  1.000000e+00 
  997.000  1.000000e+00 
  998.000  1.000000e+00 
  999.000  1.000000e+00 
 1000.000  1.000000e+00 
 1001.000  1.000000e+00 
 1002.000  1.000000e+00 
 1003.000  1.000000e+00 
 1004.000  1.000000e+00 
 1005.000  1.000000e+00 
 1006.000  1.000000e+00 
 1007.000  1.000000e+00 
 1008.000  9.999999e-01 
 1009.000  9.999999e-01 
 1010.000  9.999998e-01 
 1011.000  9.999997e-01 
 1012.000  9.999996e-01 
 1013.000  9.999994e-01 
 1014.000  9.999992e-01 
 1015.000  9.999988e-01 
 1016.000  9.999983e-01 
 1017.000  9.999975e-01 
 1018.000  9.999964e-01 
 1019.000  9.999949e-01 
 1020.000  9.999928e-01 
 1021.000  9.999900e-01 
 1022.000  9.999862e-01 
 1023.000  9.999809e-01 
 1024.000  9.999740e-01 
 1025.000  9.999648e-01 
 1026.000  9.999526e-01 
 1027.000  9.999368e-01 
 1028.000  9.999163e-01 
 1029.000  9.998901e-01 
 1030.000  9.998567e-01 
 1031.000  9.998144e-01 
 1032.000  9.997615e-01 
 1033.000  9.996958e-01 
 1034.000  9.996149e-01 
 1035.000  9.995161e-01 
 1036.000  9.993965e-01 
 1037.000  9.992529e-01 
 1038.000  9.990820e-01 
 1039.000  9.988803e-01 
 1040.000  9.986445e-01 
 1041.000  9.983713e-01 
 1042.000  9.980575e-01 
 1043.000  9.977005e-01 
 1044.000  9.972981e-01 
 1045.000  9.968489e-01 
 1046.000  9.963524e-01 
 1047.000  9.958090e-01 
 1048.000  9.952205e-01 
 1049.000  9.945899e-01 
 1050.000  9.939216e-01 
 1051.000  9.932214e-01 
 1052.000  9.924968e-01 
 1053.000  9.917563e-01 
 1054.000  9.910098e-01 
 1055.000  9.902685e-01 
 1056.000  9.895440e-01 
 1057.000  9.888487e-01 
 1058.000  9.881951e-01 
 1059.000  9.875955e-01 
 1060.000  9.870616e-01 
 1061.000  9.866043e-01 
 1062.000  9.862329e-01 
 1063.000  9.859555e-01 
 1064.000  9.857780e-01 
 1065.000  9.857043e-01 
 1066.000  9.857359e-01 
 1067.000  9.858723e-01 
 1068.000  9.861103e-01 
 1069.000  9.864449e-01 
 1070.000  9.868689e-01 
 1071.000  9.873734e-01 
 1072.000  9.879481e-01 
 1073.000  9.885816e-01 
 1074.000  9.892617e-01 
 1075.000  9.899760e-01 
 1076.000  9.907120e-01 
 1077.000  9.914578e-01 
 1078.000  9.922019e-01 
 1079.000  9.929340e-01 
 1080.000  9.936450e-01 
 1081.000  9.943268e-01 
 1082.000  9.949732e-01 
 1083.000  9.955789e-01 
 1084.000  9.961405e-01 
 1085.000  9.966560e-01 
 1086.000  9.971241e-01 
 1087.000  9.975451e-01 
 1088.000  9.979200e-01 
 1089.000  9.982508e-01 
 1090.000  9.985399e-01 
 1091.000  9.987903e-01 
 1092.000  9.990052e-01 
 1093.000  9.991880e-01 
 1094.000  9.993421e-01 
 1095.000  9.994709e-01 
 1096.000  9.995777e-01 
 1097.000  9.996654e-01 
 1098.000  9.997369e-01 
 1099.000  9.997947e-01 
 1100.000  9.998410e-01 
 1101.000  9.998776e-01 
 1102.000  9.999066e-01 
 1103.000  9.999292e-01 
 1104.000  9.999468e-01 
 1105.000  9.999603e-01 
 1106.000  9.999707e-01 
 1107.000  9.999784e-01 
 1108.000  9.999842e-01 
 1109.000  9.999886e-01 
 1110.000  9.999918e-01 
 1111.000  9.999942e-01 
 1112.000  9.999959e-01 
 1113.000  9.999971e-01 
 1114.000  9.999980e-01 
 1115.000  9.999986e-01 
 1116.000  9.999990e-01 
 1117.000  9.999993e-01 
 1118.000  9.999996e-01 
 1119.000  9.999997e-01 
 1120.000  9.999998e-01 
 1121.000  9.999999e-01 
 1122.000  9.999999e-01 
 1123.000  9.999999e-01 
 1124.000  1.000000e+00 
 1125.000  1.000000e+00 
 1126.000  1.000000e+00 
 1127.000  1.000000e+00 
 1128.000  1.000000e+00 
 1129.000  1.000000e+00 
 1130.000  1.000000e+00 
 1131.000  1.000000e+00 
 1132.000  1.000000e+00 
 1133.000  1.000000e+00 
 1134.000  1.000000e+00 
 1135.000  1.000000e+00 
 1136.000  1.000000e+00 
 1137.000  1.000000e+00 
 1138.000  1.000000e+00 
 1139.000  1.000000e+00 
 1140.000  1.000000e+00 
 1141.000  1.000000e+00 
 1142.000  1.000000e+00 
 1143.000  1.000000e+00 
 1144.000  1.000000e+00 
 1145.000  1.000000e+00 
 1146.000  1.000000e+00 
 1147.000  1.000000e+00 
 1148.000  1.000000e+00 
 1149.000  1.000000e+00 
 1150.000  1.000000e+00 
 1151.000  1.000000e+00 
 1152.000  1.000000e+00 
 1153.000  1.000000e+00 
 1154.000  1.000000e+00 
 1155.000  1.000000e+00 
 1156.000  1.000000e+00 
 1157.000  1.000000e+00 
 1158.000  1.000000e+00 
 1159.000  1.000000e+00 
 1160.000  1.000000e+00 
 1161.000  1.000000e+00 
 1162.000  1.000000e+00 
 1163.000  1.000000e+00 
 1164.000  1.000000e+00 
 1165.000  1.000000e+00 
 1166.000  1.000000e+00 
 1167.000  1.000000e+00 
 1168.000  1.000000e+00 
 1169.000  1.000000e+00 
 1170.000  1.000000e+00 
 1171.000  1.000000e+00 
 1172.000  1.000000e+00 
 1173.000  1.000000e+00 
 1174.000  1.000000e+00 
 1175.000  1.000000e+00 
 1176.000  1.000000e+00 
 1177.000  1.000000e+00 
 1178.000  1.000000e+00 
 1179.000  1.000000e+00 
 1180.000  1.000000e+00 
 1181.000  1.000000e+00 
 1182.000  1.000000e+00 
 1183.000  1.000000e+00 
 1184.000  1.000000e+00 
 1185.000  1.000000e+00 
 1186.000  1.000000e+00 
 1187.000  1.000000e+00 
 1188.000  1.000000e+00 
 1189.000  1.000000e+00 
 1190.000  1.000000e+00 
 1191.000  1.000000e+00 
 1192.000  1.000000e+00 
 1193.000  1.000000e+00 
 1194.000  1.000000e+00 
 1195.000  1.000000e+00 
 1196.000  1.000000e+00 
 1197.000  1.000000e+00 
 1198.000  1.000000e+00 
 1199.000  1.000000e+00 
 1200.000  1.000000e+00 
