  250.000  0.000000e+00 
  251.000  0.000000e+00 
  252.000  0.000000e+00 
  253.000  0.000000e+00 
  254.000  0.000000e+00 
  255.000  0.000000e+00 
  256.000  0.000000e+00 
  257.000  0.000000e+00 
  258.000  0.000000e+00 
  259.000  0.000000e+00 
  260.000  0.000000e+00 
  261.000  0.000000e+00 
  262.000  0.000000e+00 
  263.000  0.000000e+00 
  264.000  0.000000e+00 
  265.000  0.000000e+00 
  266.000  0.000000e+00 
  267.000  0.000000e+00 
  268.000  0.000000e+00 
  269.000  0.000000e+00 
  270.000  0.000000e+00 
  271.000  0.000000e+00 
  272.000  0.000000e+00 
  273.000  0.000000e+00 
  274.000  0.000000e+00 
  275.000  0.000000e+00 
  276.000  0.000000e+00 
  277.000  0.000000e+00 
  278.000  0.000000e+00 
  279.000  0.000000e+00 
  280.000  0.000000e+00 
  281.000  0.000000e+00 
  282.000  0.000000e+00 
  283.000  0.000000e+00 
  284.000  0.000000e+00 
  285.000  0.000000e+00 
  286.000  0.000000e+00 
  287.000  0.000000e+00 
  288.000  7.419721e-13 
  289.000  7.120319e-12 
  290.000  1.103901e-10 
  291.000  8.701899e-10 
  292.000  1.502913e-08 
  293.000  7.913260e-08 
  294.000  5.350956e-07 
  295.000  1.765788e-06 
  296.000  1.002959e-05 
  297.000  2.756323e-05 
  298.000  9.231042e-05 
  299.000  2.113661e-04 
  300.000  5.058510e-04 
  301.000  1.022962e-03 
  302.000  1.865487e-03 
  303.000  3.858673e-03 
  304.000  4.941510e-03 
  305.000  8.955890e-03 
  306.000  1.236577e-02 
  307.000  1.857999e-02 
  308.000  2.387939e-02 
  309.000  3.053385e-02 
  310.000  4.165367e-02 
  311.000  4.724658e-02 
  312.000  5.667185e-02 
  313.000  6.892447e-02 
  314.000  7.414311e-02 
  315.000  9.007195e-02 
  316.000  9.460301e-02 
  317.000  1.082604e-01 
  318.000  1.158108e-01 
  319.000  1.376240e-01 
  320.000  1.245890e-01 
  321.000  1.571709e-01 
  322.000  1.447413e-01 
  323.000  1.611880e-01 
  324.000  1.836526e-01 
  325.000  1.689703e-01 
  326.000  1.924832e-01 
  327.000  2.001309e-01 
  328.000  1.897315e-01 
  329.000  2.168649e-01 
  330.000  2.223924e-01 
  331.000  2.121802e-01 
  332.000  2.319763e-01 
  333.000  2.369321e-01 
  334.000  2.356792e-01 
  335.000  2.485847e-01 
  336.000  2.547348e-01 
  337.000  2.526768e-01 
  338.000  2.619856e-01 
  339.000  2.688867e-01 
  340.000  2.689890e-01 
  341.000  2.769051e-01 
  342.000  2.826318e-01 
  343.000  2.868872e-01 
  344.000  2.868813e-01 
  345.000  2.955639e-01 
  346.000  3.002197e-01 
  347.000  3.045059e-01 
  348.000  3.089688e-01 
  349.000  3.142574e-01 
  350.000  3.186263e-01 
  351.000  3.234592e-01 
  352.000  3.276252e-01 
  353.000  3.326257e-01 
  354.000  3.362556e-01 
  355.000  3.402120e-01 
  356.000  3.452175e-01 
  357.000  3.485248e-01 
  358.000  3.521955e-01 
  359.000  3.558176e-01 
  360.000  3.593779e-01 
  361.000  3.631308e-01 
  362.000  3.688856e-01 
  363.000  3.738040e-01 
  364.000  3.787095e-01 
  365.000  3.828539e-01 
  366.000  3.874361e-01 
  367.000  3.917654e-01 
  368.000  3.959134e-01 
  369.000  3.994035e-01 
  370.000  4.035751e-01 
  371.000  4.079826e-01 
  372.000  4.116672e-01 
  373.000  4.161603e-01 
  374.000  4.204617e-01 
  375.000  4.239531e-01 
  376.000  4.276122e-01 
  377.000  4.317667e-01 
  378.000  4.349904e-01 
  379.000  4.385058e-01 
  380.000  4.419048e-01 
  381.000  4.455990e-01 
  382.000  4.505503e-01 
  383.000  4.556118e-01 
  384.000  4.590861e-01 
  385.000  4.635372e-01 
  386.000  4.670993e-01 
  387.000  4.713106e-01 
  388.000  4.746309e-01 
  389.000  4.780129e-01 
  390.000  4.822523e-01 
  391.000  4.857368e-01 
  392.000  4.886822e-01 
  393.000  4.935764e-01 
  394.000  4.969729e-01 
  395.000  5.002739e-01 
  396.000  5.044490e-01 
  397.000  5.082344e-01 
  398.000  5.108926e-01 
  399.000  5.145147e-01 
  400.000  5.176436e-01 
  401.000  5.217660e-01 
  402.000  5.254639e-01 
  403.000  5.292736e-01 
  404.000  5.318445e-01 
  405.000  5.353876e-01 
  406.000  5.387294e-01 
  407.000  5.430708e-01 
  408.000  5.452422e-01 
  409.000  5.483730e-01 
  410.000  5.516664e-01 
  411.000  5.553521e-01 
  412.000  5.591508e-01 
  413.000  5.612466e-01 
  414.000  5.651768e-01 
  415.000  5.682826e-01 
  416.000  5.722685e-01 
  417.000  5.746373e-01 
  418.000  5.773389e-01 
  419.000  5.811804e-01 
  420.000  5.837750e-01 
  421.000  5.867965e-01 
  422.000  5.892745e-01 
  423.000  5.926737e-01 
  424.000  5.953124e-01 
  425.000  5.992430e-01 
  426.000  6.021622e-01 
  427.000  6.049058e-01 
  428.000  6.073987e-01 
  429.000  6.109582e-01 
  430.000  6.139235e-01 
  431.000  6.151221e-01 
  432.000  6.192731e-01 
  433.000  6.221762e-01 
  434.000  6.240780e-01 
  435.000  6.260848e-01 
  436.000  6.294403e-01 
  437.000  6.338241e-01 
  438.000  6.360750e-01 
  439.000  6.367371e-01 
  440.000  6.400366e-01 
  441.000  6.428811e-01 
  442.000  6.463639e-01 
  443.000  6.482655e-01 
  444.000  6.505219e-01 
  445.000  6.517623e-01 
  446.000  6.549253e-01 
  447.000  6.579033e-01 
  448.000  6.581671e-01 
  449.000  6.624163e-01 
  450.000  6.659287e-01 
  451.000  6.680613e-01 
  452.000  6.698124e-01 
  453.000  6.724576e-01 
  454.000  6.760462e-01 
  455.000  6.773037e-01 
  456.000  6.794651e-01 
  457.000  6.819432e-01 
  458.000  6.836361e-01 
  459.000  6.858183e-01 
  460.000  6.872232e-01 
  461.000  6.894519e-01 
  462.000  6.925384e-01 
  463.000  6.927541e-01 
  464.000  6.957825e-01 
  465.000  6.978767e-01 
  466.000  7.017482e-01 
  467.000  7.029322e-01 
  468.000  7.051545e-01 
  469.000  7.071419e-01 
  470.000  7.092519e-01 
  471.000  7.111521e-01 
  472.000  7.120746e-01 
  473.000  7.126441e-01 
  474.000  7.115343e-01 
  475.000  7.118800e-01 
  476.000  7.127298e-01 
  477.000  7.136565e-01 
  478.000  7.148035e-01 
  479.000  7.170182e-01 
  480.000  7.197917e-01 
  481.000  7.242243e-01 
  482.000  7.278268e-01 
  483.000  7.311213e-01 
  484.000  7.328586e-01 
  485.000  7.343858e-01 
  486.000  7.355368e-01 
  487.000  7.379968e-01 
  488.000  7.393464e-01 
  489.000  7.404193e-01 
  490.000  7.432218e-01 
  491.000  7.449498e-01 
  492.000  7.465540e-01 
  493.000  7.481528e-01 
  494.000  7.492663e-01 
  495.000  7.504933e-01 
  496.000  7.514991e-01 
  497.000  7.530794e-01 
  498.000  7.542580e-01 
  499.000  7.557622e-01 
  500.000  7.568901e-01 
  501.000  7.571409e-01 
  502.000  7.573956e-01 
  503.000  7.574866e-01 
  504.000  7.579791e-01 
  505.000  7.583289e-01 
  506.000  7.608653e-01 
  507.000  7.623182e-01 
  508.000  7.643442e-01 
  509.000  7.654024e-01 
  510.000  7.669635e-01 
  511.000  7.687879e-01 
  512.000  7.699174e-01 
  513.000  7.721684e-01 
  514.000  7.732462e-01 
  515.000  7.751090e-01 
  516.000  7.759784e-01 
  517.000  7.774898e-01 
  518.000  7.778637e-01 
  519.000  7.788596e-01 
  520.000  7.793734e-01 
  521.000  7.806832e-01 
  522.000  7.810708e-01 
  523.000  7.816314e-01 
  524.000  7.822356e-01 
  525.000  7.819937e-01 
  526.000  7.820951e-01 
  527.000  7.825312e-01 
  528.000  7.823523e-01 
  529.000  7.825696e-01 
  530.000  7.825286e-01 
  531.000  7.831675e-01 
  532.000  7.837695e-01 
  533.000  7.846373e-01 
  534.000  7.858865e-01 
  535.000  7.866024e-01 
  536.000  7.878785e-01 
  537.000  7.892085e-01 
  538.000  7.898877e-01 
  539.000  7.906245e-01 
  540.000  7.918425e-01 
  541.000  7.922982e-01 
  542.000  7.926437e-01 
  543.000  7.935024e-01 
  544.000  7.944176e-01 
  545.000  7.946216e-01 
  546.000  7.954134e-01 
  547.000  7.966594e-01 
  548.000  7.978817e-01 
  549.000  7.982509e-01 
  550.000  7.994007e-01 
  551.000  8.000148e-01 
  552.000  8.006012e-01 
  553.000  8.011882e-01 
  554.000  8.019360e-01 
  555.000  8.025905e-01 
  556.000  8.025129e-01 
  557.000  8.021497e-01 
  558.000  8.019028e-01 
  559.000  8.016316e-01 
  560.000  8.013006e-01 
  561.000  8.010533e-01 
  562.000  8.009312e-01 
  563.000  8.004963e-01 
  564.000  8.000349e-01 
  565.000  7.996511e-01 
  566.000  7.996244e-01 
  567.000  7.991440e-01 
  568.000  7.982375e-01 
  569.000  7.960131e-01 
  570.000  7.940677e-01 
  571.000  7.933505e-01 
  572.000  7.921410e-01 
  573.000  7.912761e-01 
  574.000  7.902479e-01 
  575.000  7.896229e-01 
  576.000  7.900356e-01 
  577.000  7.907598e-01 
  578.000  7.928088e-01 
  579.000  7.949911e-01 
  580.000  7.969007e-01 
  581.000  8.003064e-01 
  582.000  8.036692e-01 
  583.000  8.064753e-01 
  584.000  8.107132e-01 
  585.000  8.123295e-01 
  586.000  8.144516e-01 
  587.000  8.151973e-01 
  588.000  8.166497e-01 
  589.000  8.146311e-01 
  590.000  8.155176e-01 
  591.000  8.172457e-01 
  592.000  8.148812e-01 
  593.000  8.191273e-01 
  594.000  8.178704e-01 
  595.000  8.194165e-01 
  596.000  8.200206e-01 
  597.000  8.202649e-01 
  598.000  8.202533e-01 
  599.000  8.209739e-01 
  600.000  8.209729e-01 
  601.000  8.219634e-01 
  602.000  8.234041e-01 
  603.000  8.242193e-01 
  604.000  8.248758e-01 
  605.000  8.257073e-01 
  606.000  8.273593e-01 
  607.000  8.286456e-01 
  608.000  8.303839e-01 
  609.000  8.310983e-01 
  610.000  8.325272e-01 
  611.000  8.336545e-01 
  612.000  8.352850e-01 
  613.000  8.366946e-01 
  614.000  8.376982e-01 
  615.000  8.388674e-01 
  616.000  8.404586e-01 
  617.000  8.415917e-01 
  618.000  8.423508e-01 
  619.000  8.434423e-01 
  620.000  8.442982e-01 
  621.000  8.448758e-01 
  622.000  8.451286e-01 
  623.000  8.455287e-01 
  624.000  8.456645e-01 
  625.000  8.458280e-01 
  626.000  8.457699e-01 
  627.000  8.458300e-01 
  628.000  8.191035e-01 
  629.000  8.313112e-01 
  630.000  8.365378e-01 
  631.000  8.461486e-01 
  632.000  8.500941e-01 
  633.000  8.521948e-01 
  634.000  8.554750e-01 
  635.000  8.563044e-01 
  636.000  8.596599e-01 
  637.000  8.633924e-01 
  638.000  8.654172e-01 
  639.000  8.678796e-01 
  640.000  8.691878e-01 
  641.000  8.718408e-01 
  642.000  8.732163e-01 
  643.000  8.741761e-01 
  644.000  8.754974e-01 
  645.000  8.768460e-01 
  646.000  8.767964e-01 
  647.000  8.767654e-01 
  648.000  8.760085e-01 
  649.000  8.785686e-01 
  650.000  8.822437e-01 
  651.000  8.830414e-01 
  652.000  8.835022e-01 
  653.000  8.849089e-01 
  654.000  8.864602e-01 
  655.000  8.843100e-01 
  656.000  8.871091e-01 
  657.000  8.883941e-01 
  658.000  8.903947e-01 
  659.000  8.920183e-01 
  660.000  8.924166e-01 
  661.000  8.939138e-01 
  662.000  8.942489e-01 
  663.000  8.954505e-01 
  664.000  8.961210e-01 
  665.000  8.970009e-01 
  666.000  8.978442e-01 
  667.000  8.991380e-01 
  668.000  8.997726e-01 
  669.000  9.008834e-01 
  670.000  9.014463e-01 
  671.000  9.027799e-01 
  672.000  9.030725e-01 
  673.000  9.041776e-01 
  674.000  9.046153e-01 
  675.000  9.057648e-01 
  676.000  9.061341e-01 
  677.000  9.067241e-01 
  678.000  9.077317e-01 
  679.000  9.082640e-01 
  680.000  9.093480e-01 
  681.000  9.098445e-01 
  682.000  9.111580e-01 
  683.000  9.116096e-01 
  684.000  9.128051e-01 
  685.000  9.132838e-01 
  686.000  9.141341e-01 
  687.000  5.834162e-01 
  688.000  7.472398e-01 
  689.000  7.948267e-01 
  690.000  8.311384e-01 
  691.000  8.570384e-01 
  692.000  9.005616e-01 
  693.000  9.020060e-01 
  694.000  9.078414e-01 
  695.000  9.141044e-01 
  696.000  9.125037e-01 
  697.000  9.209017e-01 
  698.000  9.212592e-01 
  699.000  9.179800e-01 
  700.000  9.197041e-01 
  701.000  9.171576e-01 
  702.000  9.189811e-01 
  703.000  9.208826e-01 
  704.000  9.219331e-01 
  705.000  9.228536e-01 
  706.000  9.243364e-01 
  707.000  9.255762e-01 
  708.000  9.269146e-01 
  709.000  9.274122e-01 
  710.000  9.273098e-01 
  711.000  9.288719e-01 
  712.000  9.288307e-01 
  713.000  9.300004e-01 
  714.000  9.294772e-01 
  715.000  9.286985e-01 
  716.000  9.295347e-01 
  717.000  9.240727e-01 
  718.000  9.045469e-01 
  719.000  8.778375e-01 
  720.000  9.071418e-01 
  721.000  9.288976e-01 
  722.000  9.286361e-01 
  723.000  9.278021e-01 
  724.000  8.992069e-01 
  725.000  9.117624e-01 
  726.000  9.240471e-01 
  727.000  9.184390e-01 
  728.000  9.101330e-01 
  729.000  9.154212e-01 
  730.000  9.260655e-01 
  731.000  9.221131e-01 
  732.000  9.254742e-01 
  733.000  9.337352e-01 
  734.000  9.375106e-01 
  735.000  9.350942e-01 
  736.000  9.372061e-01 
  737.000  9.376696e-01 
  738.000  9.392411e-01 
  739.000  9.398564e-01 
  740.000  9.415099e-01 
  741.000  9.424029e-01 
  742.000  9.431682e-01 
  743.000  9.434177e-01 
  744.000  9.438536e-01 
  745.000  9.441835e-01 
  746.000  9.447713e-01 
  747.000  9.452129e-01 
  748.000  9.454357e-01 
  749.000  9.456612e-01 
  750.000  9.460331e-01 
  751.000  9.462834e-01 
  752.000  9.471273e-01 
  753.000  9.473690e-01 
  754.000  9.476971e-01 
  755.000  9.480428e-01 
  756.000  9.482725e-01 
  757.000  9.485794e-01 
  758.000  9.492270e-01 
  759.000  9.378219e-01 
  760.000  2.794214e-01 
  761.000  1.475465e-01 
  762.000  5.490959e-01 
  763.000  4.320245e-01 
  764.000  5.184933e-01 
  765.000  6.718227e-01 
  766.000  8.136851e-01 
  767.000  8.687025e-01 
  768.000  9.292378e-01 
  769.000  9.449586e-01 
  770.000  9.451244e-01 
  771.000  9.508829e-01 
  772.000  9.528820e-01 
  773.000  9.530401e-01 
  774.000  9.531639e-01 
  775.000  9.532807e-01 
  776.000  9.534987e-01 
  777.000  9.537976e-01 
  778.000  9.539788e-01 
  779.000  9.541778e-01 
  780.000  9.543440e-01 
  781.000  9.548016e-01 
  782.000  9.551663e-01 
  783.000  9.554029e-01 
  784.000  9.555375e-01 
  785.000  9.556512e-01 
  786.000  9.553038e-01 
  787.000  9.557498e-01 
  788.000  9.547977e-01 
  789.000  9.550317e-01 
  790.000  9.532403e-01 
  791.000  9.537755e-01 
  792.000  9.547352e-01 
  793.000  9.554349e-01 
  794.000  9.585463e-01 
  795.000  9.578319e-01 
  796.000  9.527849e-01 
  797.000  9.570821e-01 
  798.000  9.574255e-01 
  799.000  9.582648e-01 
  800.000  9.561484e-01 
  801.000  9.554070e-01 
  802.000  9.571423e-01 
  803.000  9.567298e-01 
  804.000  9.568375e-01 
  805.000  9.581506e-01 
  806.000  9.600813e-01 
  807.000  9.591111e-01 
  808.000  9.604478e-01 
  809.000  9.585338e-01 
  810.000  9.578310e-01 
  811.000  9.585730e-01 
  812.000  9.566894e-01 
  813.000  9.528111e-01 
  814.000  9.455028e-01 
  815.000  9.362723e-01 
  816.000  9.431109e-01 
  817.000  9.042575e-01 
  818.000  9.306463e-01 
  819.000  9.426298e-01 
  820.000  9.258037e-01 
  821.000  9.590551e-01 
  822.000  9.553779e-01 
  823.000  8.906055e-01 
  824.000  9.512841e-01 
  825.000  9.575655e-01 
  826.000  9.509501e-01 
  827.000  9.577740e-01 
  828.000  9.401080e-01 
  829.000  9.545729e-01 
  830.000  9.520140e-01 
  831.000  9.528530e-01 
  832.000  9.537824e-01 
  833.000  9.585364e-01 
  834.000  9.592450e-01 
  835.000  9.616653e-01 
  836.000  9.624789e-01 
  837.000  9.619050e-01 
  838.000  9.643430e-01 
  839.000  9.649917e-01 
  840.000  9.655171e-01 
  841.000  9.655171e-01 
  842.000  9.639662e-01 
  843.000  9.669994e-01 
  844.000  9.652773e-01 
  845.000  9.668594e-01 
  846.000  9.674301e-01 
  847.000  9.677808e-01 
  848.000  9.676120e-01 
  849.000  9.679118e-01 
  850.000  9.682959e-01 
  851.000  9.695057e-01 
  852.000  9.702955e-01 
  853.000  9.704861e-01 
  854.000  9.706278e-01 
  855.000  9.706278e-01 
  856.000  9.707628e-01 
  857.000  9.713447e-01 
  858.000  9.711019e-01 
  859.000  9.714941e-01 
  860.000  9.717232e-01 
  861.000  9.717846e-01 
  862.000  9.720460e-01 
  863.000  9.719210e-01 
  864.000  9.724082e-01 
  865.000  9.724082e-01 
  866.000  9.724578e-01 
  867.000  9.725970e-01 
  868.000  9.726664e-01 
  869.000  9.727188e-01 
  870.000  9.729879e-01 
  871.000  9.730599e-01 
  872.000  9.733047e-01 
  873.000  9.734117e-01 
  874.000  9.734117e-01 
  875.000  9.736778e-01 
  876.000  9.737758e-01 
  877.000  9.738989e-01 
  878.000  9.740234e-01 
  879.000  9.740714e-01 
  880.000  9.743254e-01 
  881.000  9.743254e-01 
  882.000  9.743147e-01 
  883.000  9.743953e-01 
  884.000  9.745856e-01 
  885.000  9.747718e-01 
  886.000  9.737844e-01 
  887.000  9.749627e-01 
  888.000  9.749627e-01 
  889.000  9.747413e-01 
  890.000  9.743133e-01 
  891.000  9.753016e-01 
  892.000  9.744651e-01 
  893.000  9.725046e-01 
  894.000  9.725046e-01 
  895.000  9.671814e-01 
  896.000  9.608288e-01 
  897.000  9.312222e-01 
  898.000  9.592434e-01 
  899.000  8.942538e-01 
  900.000  8.942538e-01 
  901.000  9.076154e-01 
  902.000  9.219310e-01 
  903.000  9.359185e-01 
  904.000  9.683717e-01 
  905.000  9.654657e-01 
  906.000  9.654657e-01 
  907.000  9.328789e-01 
  908.000  9.212785e-01 
  909.000  9.295781e-01 
  910.000  9.226488e-01 
  911.000  9.226488e-01 
  912.000  9.562570e-01 
  913.000  9.409332e-01 
  914.000  9.293268e-01 
  915.000  9.108711e-01 
  916.000  9.108711e-01 
  917.000  9.564747e-01 
  918.000  9.218236e-01 
  919.000  9.504054e-01 
  920.000  9.696888e-01 
  921.000  9.696888e-01 
  922.000  9.647400e-01 
  923.000  9.635627e-01 
  924.000  9.595758e-01 
  925.000  9.595758e-01 
  926.000  9.615695e-01 
  927.000  9.652602e-01 
  928.000  9.338199e-01 
  929.000  9.291068e-01 
  930.000  9.291068e-01 
  931.000  8.689247e-01 
  932.000  7.257750e-01 
  933.000  7.669089e-01 
  934.000  7.669089e-01 
  935.000  7.002552e-01 
  936.000  6.791184e-01 
  937.000  6.835738e-01 
  938.000  6.835738e-01 
  939.000  7.713785e-01 
  940.000  8.734451e-01 
  941.000  8.495908e-01 
  942.000  8.495908e-01 
  943.000  7.586641e-01 
  944.000  7.563831e-01 
  945.000  8.497347e-01 
  946.000  8.497347e-01 
  947.000  7.880273e-01 
  948.000  8.116041e-01 
  949.000  8.455005e-01 
  950.000  8.455005e-01 
  951.000  8.506061e-01 
  952.000  7.785133e-01 
  953.000  8.810450e-01 
  954.000  8.810450e-01 
  955.000  8.782148e-01 
  956.000  7.949758e-01 
  957.000  9.017020e-01 
  958.000  9.017020e-01 
  959.000  8.598369e-01 
  960.000  8.967750e-01 
  961.000  8.967750e-01 
  962.000  9.082240e-01 
  963.000  9.351103e-01 
  964.000  8.926124e-01 
  965.000  8.926124e-01 
  966.000  9.165749e-01 
  967.000  9.477138e-01 
  968.000  9.477138e-01 
  969.000  9.557673e-01 
  970.000  9.671401e-01 
  971.000  9.706804e-01 
  972.000  9.706804e-01 
  973.000  9.663746e-01 
  974.000  9.415875e-01 
  975.000  9.415875e-01 
  976.000  9.343183e-01 
  977.000  9.610747e-01 
  978.000  9.575296e-01 
  979.000  9.575296e-01 
  980.000  9.591656e-01 
  981.000  9.769105e-01 
  982.000  9.769105e-01 
  983.000  9.726061e-01 
  984.000  9.764764e-01 
  985.000  9.764764e-01 
  986.000  9.820174e-01 
  987.000  9.799817e-01 
  988.000  9.799817e-01 
  989.000  9.830820e-01 
  990.000  9.819187e-01 
  991.000  9.819187e-01 
  992.000  9.827930e-01 
  993.000  9.827627e-01 
  994.000  9.827627e-01 
  995.000  9.840223e-01 
  996.000  9.840800e-01 
  997.000  9.840800e-01 
  998.000  9.841670e-01 
  999.000  9.841587e-01 
 1000.000  9.841587e-01 
 1001.000  9.843495e-01 
 1002.000  9.827044e-01 
 1003.000  9.827044e-01 
 1004.000  9.844540e-01 
 1005.000  9.846278e-01 
 1006.000  9.846278e-01 
 1007.000  9.847639e-01 
 1008.000  9.844584e-01 
 1009.000  9.844584e-01 
 1010.000  9.831374e-01 
 1011.000  9.849464e-01 
 1012.000  9.849464e-01 
 1013.000  9.851372e-01 
 1014.000  9.851993e-01 
 1015.000  9.851993e-01 
 1016.000  9.853089e-01 
 1017.000  9.853663e-01 
 1018.000  9.853663e-01 
 1019.000  9.852754e-01 
 1020.000  9.856111e-01 
 1021.000  9.856111e-01 
 1022.000  9.854703e-01 
 1023.000  9.854703e-01 
 1024.000  9.854931e-01 
 1025.000  9.858227e-01 
 1026.000  9.858227e-01 
 1027.000  9.857433e-01 
 1028.000  9.859138e-01 
 1029.000  9.859138e-01 
 1030.000  9.859889e-01 
 1031.000  9.859452e-01 
 1032.000  9.859452e-01 
 1033.000  9.858942e-01 
 1034.000  9.858942e-01 
 1035.000  9.858146e-01 
 1036.000  9.852418e-01 
 1037.000  9.852418e-01 
 1038.000  9.851527e-01 
 1039.000  9.845646e-01 
 1040.000  9.845646e-01 
 1041.000  9.840724e-01 
 1042.000  9.840724e-01 
 1043.000  9.834813e-01 
 1044.000  9.825722e-01 
 1045.000  9.825722e-01 
 1046.000  9.813079e-01 
 1047.000  9.813079e-01 
 1048.000  9.800370e-01 
 1049.000  9.774315e-01 
 1050.000  9.774315e-01 
 1051.000  9.763298e-01 
 1052.000  9.763298e-01 
 1053.000  9.745836e-01 
 1054.000  9.730979e-01 
 1055.000  9.730979e-01 
 1056.000  9.713848e-01 
 1057.000  9.713848e-01 
 1058.000  9.698126e-01 
 1059.000  9.682751e-01 
 1060.000  9.682751e-01 
 1061.000  9.673144e-01 
 1062.000  9.673144e-01 
 1063.000  9.657313e-01 
 1064.000  9.649221e-01 
 1065.000  9.649221e-01 
 1066.000  9.662394e-01 
 1067.000  9.662394e-01 
 1068.000  9.655538e-01 
 1069.000  9.677017e-01 
 1070.000  9.677017e-01 
 1071.000  9.694809e-01 
 1072.000  9.694809e-01 
 1073.000  9.711275e-01 
 1074.000  9.711275e-01 
 1075.000  9.720888e-01 
 1076.000  9.735538e-01 
 1077.000  9.735538e-01 
 1078.000  9.766054e-01 
 1079.000  9.766054e-01 
 1080.000  9.770223e-01 
 1081.000  9.770223e-01 
 1082.000  9.793964e-01 
 1083.000  9.799781e-01 
 1084.000  9.799781e-01 
 1085.000  9.787524e-01 
 1086.000  9.787524e-01 
 1087.000  9.831659e-01 
 1088.000  9.831659e-01 
 1089.000  9.828142e-01 
 1090.000  9.825670e-01 
 1091.000  9.825670e-01 
 1092.000  9.809116e-01 
 1093.000  9.809116e-01 
 1094.000  9.814046e-01 
 1095.000  9.814046e-01 
 1096.000  9.802166e-01 
 1097.000  9.802166e-01 
 1098.000  9.782448e-01 
 1099.000  9.673539e-01 
 1100.000  9.673539e-01 
 1101.000  9.679946e-01 
 1102.000  9.679946e-01 
 1103.000  9.633527e-01 
 1104.000  9.633527e-01 
 1105.000  9.604124e-01 
 1106.000  9.604124e-01 
 1107.000  9.602305e-01 
 1108.000  9.602305e-01 
 1109.000  9.505027e-01 
 1110.000  9.391479e-01 
 1111.000  9.391479e-01 
 1112.000  9.234449e-01 
 1113.000  9.234449e-01 
 1114.000  8.673704e-01 
 1115.000  8.673704e-01 
 1116.000  7.440743e-01 
 1117.000  7.440743e-01 
 1118.000  7.955884e-01 
 1119.000  7.955884e-01 
 1120.000  7.541070e-01 
 1121.000  7.541070e-01 
 1122.000  6.081707e-01 
 1123.000  7.751206e-01 
 1124.000  7.751206e-01 
 1125.000  6.357923e-01 
 1126.000  6.357923e-01 
 1127.000  6.992546e-01 
 1128.000  6.992546e-01 
 1129.000  6.974016e-01 
 1130.000  6.974016e-01 
 1131.000  8.852430e-01 
 1132.000  8.852430e-01 
 1133.000  7.150813e-01 
 1134.000  7.150813e-01 
 1135.000  4.965677e-01 
 1136.000  4.965677e-01 
 1137.000  8.950748e-01 
 1138.000  8.950748e-01 
 1139.000  8.286381e-01 
 1140.000  8.286381e-01 
 1141.000  8.261510e-01 
 1142.000  8.261510e-01 
 1143.000  8.760768e-01 
 1144.000  8.760768e-01 
 1145.000  7.155397e-01 
 1146.000  7.155397e-01 
 1147.000  7.245974e-01 
 1148.000  7.245974e-01 
 1149.000  7.856941e-01 
 1150.000  7.856941e-01 
 1151.000  8.413323e-01 
 1152.000  8.413323e-01 
 1153.000  8.092051e-01 
 1154.000  8.092051e-01 
 1155.000  8.479288e-01 
 1156.000  8.479288e-01 
 1157.000  9.041163e-01 
 1158.000  9.041163e-01 
 1159.000  9.446279e-01 
 1160.000  9.446279e-01 
 1161.000  9.351837e-01 
 1162.000  9.351837e-01 
 1163.000  9.550626e-01 
 1164.000  9.550626e-01 
 1165.000  9.481721e-01 
 1166.000  9.481721e-01 
 1167.000  9.660118e-01 
 1168.000  9.660118e-01 
 1169.000  9.656637e-01 
 1170.000  9.656637e-01 
 1171.000  9.704628e-01 
 1172.000  9.704628e-01 
 1173.000  9.489949e-01 
 1174.000  9.489949e-01 
 1175.000  9.810612e-01 
 1176.000  9.810612e-01 
 1177.000  9.623098e-01 
 1178.000  9.623098e-01 
 1179.000  9.763457e-01 
 1180.000  9.763457e-01 
 1181.000  9.443950e-01 
 1182.000  9.443950e-01 
 1183.000  9.690890e-01 
 1184.000  9.690890e-01 
 1185.000  9.767734e-01 
 1186.000  9.767734e-01 
 1187.000  9.439512e-01 
 1188.000  9.439512e-01 
 1189.000  9.439512e-01 
 1190.000  9.687527e-01 
 1191.000  9.687527e-01 
 1192.000  9.836925e-01 
 1193.000  9.836925e-01 
 1194.000  9.738303e-01 
 1195.000  9.738303e-01 
 1196.000  9.792986e-01 
 1197.000  9.792986e-01 
 1198.000  9.693528e-01 
 1199.000  9.693528e-01 
 1200.000  9.675503e-01 
