  250.000  0.000000e+00 
  251.000  0.000000e+00 
  252.000  0.000000e+00 
  253.000  0.000000e+00 
  254.000  0.000000e+00 
  255.000  0.000000e+00 
  256.000  0.000000e+00 
  257.000  0.000000e+00 
  258.000  0.000000e+00 
  259.000  0.000000e+00 
  260.000  0.000000e+00 
  261.000  0.000000e+00 
  262.000  0.000000e+00 
  263.000  0.000000e+00 
  264.000  0.000000e+00 
  265.000  0.000000e+00 
  266.000  0.000000e+00 
  267.000  0.000000e+00 
  268.000  0.000000e+00 
  269.000  0.000000e+00 
  270.000  0.000000e+00 
  271.000  0.000000e+00 
  272.000  0.000000e+00 
  273.000  0.000000e+00 
  274.000  0.000000e+00 
  275.000  0.000000e+00 
  276.000  0.000000e+00 
  277.000  0.000000e+00 
  278.000  0.000000e+00 
  279.000  0.000000e+00 
  280.000  0.000000e+00 
  281.000  0.000000e+00 
  282.000  0.000000e+00 
  283.000  0.000000e+00 
  284.000  0.000000e+00 
  285.000  0.000000e+00 
  286.000  0.000000e+00 
  287.000  0.000000e+00 
  288.000  0.000000e+00 
  289.000  0.000000e+00 
  290.000  3.707493e-08 
  291.000  1.765603e-07 
  292.000  1.523615e-06 
  293.000  5.344519e-06 
  294.000  2.266225e-05 
  295.000  5.582312e-05 
  296.000  2.074216e-04 
  297.000  4.448216e-04 
  298.000  1.107650e-03 
  299.000  2.067718e-03 
  300.000  3.993440e-03 
  301.000  6.788586e-03 
  302.000  1.066644e-02 
  303.000  1.844694e-02 
  304.000  2.218389e-02 
  305.000  3.471136e-02 
  306.000  4.417781e-02 
  307.000  5.997454e-02 
  308.000  7.232926e-02 
  309.000  8.689819e-02 
  310.000  1.096502e-01 
  311.000  1.203059e-01 
  312.000  1.377661e-01 
  313.000  1.593674e-01 
  314.000  1.679808e-01 
  315.000  1.941698e-01 
  316.000  2.010754e-01 
  317.000  2.221409e-01 
  318.000  2.331970e-01 
  319.000  2.651991e-01 
  320.000  2.453312e-01 
  321.000  2.919362e-01 
  322.000  2.736007e-01 
  323.000  2.962425e-01 
  324.000  3.262469e-01 
  325.000  3.056718e-01 
  326.000  3.367179e-01 
  327.000  3.461199e-01 
  328.000  3.316468e-01 
  329.000  3.662876e-01 
  330.000  3.726332e-01 
  331.000  3.589021e-01 
  332.000  3.832794e-01 
  333.000  3.887783e-01 
  334.000  3.864736e-01 
  335.000  4.016924e-01 
  336.000  4.084508e-01 
  337.000  4.052262e-01 
  338.000  4.157442e-01 
  339.000  4.233164e-01 
  340.000  4.228180e-01 
  341.000  4.315138e-01 
  342.000  4.375357e-01 
  343.000  4.417726e-01 
  344.000  4.411702e-01 
  345.000  4.504822e-01 
  346.000  4.552060e-01 
  347.000  4.593605e-01 
  348.000  4.638250e-01 
  349.000  4.690891e-01 
  350.000  4.733584e-01 
  351.000  4.780765e-01 
  352.000  4.820936e-01 
  353.000  4.868920e-01 
  354.000  4.903596e-01 
  355.000  4.941245e-01 
  356.000  4.988659e-01 
  357.000  5.019856e-01 
  358.000  5.054362e-01 
  359.000  5.088290e-01 
  360.000  5.121521e-01 
  361.000  5.156428e-01 
  362.000  5.209713e-01 
  363.000  5.255027e-01 
  364.000  5.300016e-01 
  365.000  5.337868e-01 
  366.000  5.379553e-01 
  367.000  5.418781e-01 
  368.000  5.456227e-01 
  369.000  5.487629e-01 
  370.000  5.525036e-01 
  371.000  5.564415e-01 
  372.000  5.597222e-01 
  373.000  5.637091e-01 
  374.000  5.675120e-01 
  375.000  5.705888e-01 
  376.000  5.738040e-01 
  377.000  5.774429e-01 
  378.000  5.802583e-01 
  379.000  5.833202e-01 
  380.000  5.862725e-01 
  381.000  5.894725e-01 
  382.000  5.937469e-01 
  383.000  5.980998e-01 
  384.000  6.010779e-01 
  385.000  6.048821e-01 
  386.000  6.079174e-01 
  387.000  6.114954e-01 
  388.000  6.143087e-01 
  389.000  6.171672e-01 
  390.000  6.207406e-01 
  391.000  6.236694e-01 
  392.000  6.261397e-01 
  393.000  6.302328e-01 
  394.000  6.330650e-01 
  395.000  6.358113e-01 
  396.000  6.392757e-01 
  397.000  6.424069e-01 
  398.000  6.446030e-01 
  399.000  6.475867e-01 
  400.000  6.501598e-01 
  401.000  6.535407e-01 
  402.000  6.565655e-01 
  403.000  6.596740e-01 
  404.000  6.617674e-01 
  405.000  6.646463e-01 
  406.000  6.673509e-01 
  407.000  6.708553e-01 
  408.000  6.726025e-01 
  409.000  6.751189e-01 
  410.000  6.777615e-01 
  411.000  6.807176e-01 
  412.000  6.837581e-01 
  413.000  6.854323e-01 
  414.000  6.885664e-01 
  415.000  6.910367e-01 
  416.000  6.942006e-01 
  417.000  6.960766e-01 
  418.000  6.982129e-01 
  419.000  7.012444e-01 
  420.000  7.032884e-01 
  421.000  7.056605e-01 
  422.000  7.076026e-01 
  423.000  7.102629e-01 
  424.000  7.123231e-01 
  425.000  7.153890e-01 
  426.000  7.176645e-01 
  427.000  7.198007e-01 
  428.000  7.217383e-01 
  429.000  7.245002e-01 
  430.000  7.267966e-01 
  431.000  7.277209e-01 
  432.000  7.309234e-01 
  433.000  7.331573e-01 
  434.000  7.346182e-01 
  435.000  7.361563e-01 
  436.000  7.387260e-01 
  437.000  7.420752e-01 
  438.000  7.437902e-01 
  439.000  7.442867e-01 
  440.000  7.467975e-01 
  441.000  7.489619e-01 
  442.000  7.515886e-01 
  443.000  7.529999e-01 
  444.000  7.547487e-01 
  445.000  7.556132e-01 
  446.000  7.579889e-01 
  447.000  7.603238e-01 
  448.000  7.605178e-01 
  449.000  7.637202e-01 
  450.000  7.663599e-01 
  451.000  7.679549e-01 
  452.000  7.692632e-01 
  453.000  7.712333e-01 
  454.000  7.739123e-01 
  455.000  7.748454e-01 
  456.000  7.764274e-01 
  457.000  7.782447e-01 
  458.000  7.794585e-01 
  459.000  7.810594e-01 
  460.000  7.820701e-01 
  461.000  7.837250e-01 
  462.000  7.860144e-01 
  463.000  7.861716e-01 
  464.000  7.884142e-01 
  465.000  7.899631e-01 
  466.000  7.928058e-01 
  467.000  7.936773e-01 
  468.000  7.953089e-01 
  469.000  7.967128e-01 
  470.000  7.982361e-01 
  471.000  7.996820e-01 
  472.000  8.003377e-01 
  473.000  8.007380e-01 
  474.000  7.999058e-01 
  475.000  8.001046e-01 
  476.000  8.006929e-01 
  477.000  8.013246e-01 
  478.000  8.021286e-01 
  479.000  8.037024e-01 
  480.000  8.056729e-01 
  481.000  8.088728e-01 
  482.000  8.114655e-01 
  483.000  8.138275e-01 
  484.000  8.150586e-01 
  485.000  8.161097e-01 
  486.000  8.169413e-01 
  487.000  8.187682e-01 
  488.000  8.197509e-01 
  489.000  8.205298e-01 
  490.000  8.225626e-01 
  491.000  8.237970e-01 
  492.000  8.249359e-01 
  493.000  8.260665e-01 
  494.000  8.268488e-01 
  495.000  8.277168e-01 
  496.000  8.283663e-01 
  497.000  8.294217e-01 
  498.000  8.301969e-01 
  499.000  8.311825e-01 
  500.000  8.319023e-01 
  501.000  8.319788e-01 
  502.000  8.318599e-01 
  503.000  8.315751e-01 
  504.000  8.314998e-01 
  505.000  8.322122e-01 
  506.000  8.337679e-01 
  507.000  8.347051e-01 
  508.000  8.364285e-01 
  509.000  8.373721e-01 
  510.000  8.386250e-01 
  511.000  8.399039e-01 
  512.000  8.407217e-01 
  513.000  8.423654e-01 
  514.000  8.431220e-01 
  515.000  8.444567e-01 
  516.000  8.450295e-01 
  517.000  8.460459e-01 
  518.000  8.462816e-01 
  519.000  8.469307e-01 
  520.000  8.472625e-01 
  521.000  8.480887e-01 
  522.000  8.483129e-01 
  523.000  8.486419e-01 
  524.000  8.489619e-01 
  525.000  8.486874e-01 
  526.000  8.486702e-01 
  527.000  8.488080e-01 
  528.000  8.485829e-01 
  529.000  8.485763e-01 
  530.000  8.484805e-01 
  531.000  8.488743e-01 
  532.000  8.492489e-01 
  533.000  8.498299e-01 
  534.000  8.506453e-01 
  535.000  8.511240e-01 
  536.000  8.519790e-01 
  537.000  8.528682e-01 
  538.000  8.533271e-01 
  539.000  8.537570e-01 
  540.000  8.545589e-01 
  541.000  8.544787e-01 
  542.000  8.548073e-01 
  543.000  8.555565e-01 
  544.000  8.561617e-01 
  545.000  8.560510e-01 
  546.000  8.563994e-01 
  547.000  8.574495e-01 
  548.000  8.584617e-01 
  549.000  8.587209e-01 
  550.000  8.594089e-01 
  551.000  8.599432e-01 
  552.000  8.602924e-01 
  553.000  8.606641e-01 
  554.000  8.611376e-01 
  555.000  8.615335e-01 
  556.000  8.613600e-01 
  557.000  8.609671e-01 
  558.000  8.606716e-01 
  559.000  8.603016e-01 
  560.000  8.599289e-01 
  561.000  8.596376e-01 
  562.000  8.594557e-01 
  563.000  8.590367e-01 
  564.000  8.586001e-01 
  565.000  8.582288e-01 
  566.000  8.581073e-01 
  567.000  8.576299e-01 
  568.000  8.568978e-01 
  569.000  8.545100e-01 
  570.000  8.530751e-01 
  571.000  8.530357e-01 
  572.000  8.517371e-01 
  573.000  8.515145e-01 
  574.000  8.506002e-01 
  575.000  8.504145e-01 
  576.000  8.506315e-01 
  577.000  8.511239e-01 
  578.000  8.529152e-01 
  579.000  8.545161e-01 
  580.000  8.559403e-01 
  581.000  8.583906e-01 
  582.000  8.607480e-01 
  583.000  8.627758e-01 
  584.000  8.657427e-01 
  585.000  8.668018e-01 
  586.000  8.682912e-01 
  587.000  8.687460e-01 
  588.000  8.692358e-01 
  589.000  8.645518e-01 
  590.000  8.649320e-01 
  591.000  8.673878e-01 
  592.000  8.630459e-01 
  593.000  8.699594e-01 
  594.000  8.670117e-01 
  595.000  8.692286e-01 
  596.000  8.702232e-01 
  597.000  8.705648e-01 
  598.000  8.705037e-01 
  599.000  8.716984e-01 
  600.000  8.717397e-01 
  601.000  8.727891e-01 
  602.000  8.739265e-01 
  603.000  8.745131e-01 
  604.000  8.750638e-01 
  605.000  8.756403e-01 
  606.000  8.768948e-01 
  607.000  8.778806e-01 
  608.000  8.791883e-01 
  609.000  8.797249e-01 
  610.000  8.807978e-01 
  611.000  8.816485e-01 
  612.000  8.828924e-01 
  613.000  8.839477e-01 
  614.000  8.847049e-01 
  615.000  8.855860e-01 
  616.000  8.868097e-01 
  617.000  8.876858e-01 
  618.000  8.882717e-01 
  619.000  8.891234e-01 
  620.000  8.898275e-01 
  621.000  8.903176e-01 
  622.000  8.905329e-01 
  623.000  8.909341e-01 
  624.000  8.910781e-01 
  625.000  8.912653e-01 
  626.000  8.912809e-01 
  627.000  8.912644e-01 
  628.000  8.716531e-01 
  629.000  8.799785e-01 
  630.000  8.850765e-01 
  631.000  8.918086e-01 
  632.000  8.942860e-01 
  633.000  8.959151e-01 
  634.000  8.982735e-01 
  635.000  8.989451e-01 
  636.000  9.012862e-01 
  637.000  9.039791e-01 
  638.000  9.056373e-01 
  639.000  9.073566e-01 
  640.000  9.083276e-01 
  641.000  9.101439e-01 
  642.000  9.112606e-01 
  643.000  9.117950e-01 
  644.000  9.128603e-01 
  645.000  9.137443e-01 
  646.000  9.127339e-01 
  647.000  9.115514e-01 
  648.000  9.095720e-01 
  649.000  9.122503e-01 
  650.000  9.171540e-01 
  651.000  9.180290e-01 
  652.000  9.177012e-01 
  653.000  9.193884e-01 
  654.000  9.202674e-01 
  655.000  9.161242e-01 
  656.000  9.199328e-01 
  657.000  9.212680e-01 
  658.000  9.234408e-01 
  659.000  9.249944e-01 
  660.000  9.251874e-01 
  661.000  9.264193e-01 
  662.000  9.266529e-01 
  663.000  9.273630e-01 
  664.000  9.279816e-01 
  665.000  9.286534e-01 
  666.000  9.292849e-01 
  667.000  9.302658e-01 
  668.000  9.307336e-01 
  669.000  9.315394e-01 
  670.000  9.319748e-01 
  671.000  9.329419e-01 
  672.000  9.331521e-01 
  673.000  9.339560e-01 
  674.000  9.342685e-01 
  675.000  9.351022e-01 
  676.000  9.353625e-01 
  677.000  9.357967e-01 
  678.000  9.365212e-01 
  679.000  9.369065e-01 
  680.000  9.376802e-01 
  681.000  9.380080e-01 
  682.000  9.389946e-01 
  683.000  9.391972e-01 
  684.000  9.400448e-01 
  685.000  9.405348e-01 
  686.000  9.410926e-01 
  687.000  6.596008e-01 
  688.000  8.193530e-01 
  689.000  8.542978e-01 
  690.000  8.830525e-01 
  691.000  9.000970e-01 
  692.000  9.310502e-01 
  693.000  9.283238e-01 
  694.000  9.250233e-01 
  695.000  9.349908e-01 
  696.000  9.318442e-01 
  697.000  9.450834e-01 
  698.000  9.452350e-01 
  699.000  9.395424e-01 
  700.000  9.413483e-01 
  701.000  9.366186e-01 
  702.000  9.392384e-01 
  703.000  9.416481e-01 
  704.000  9.430135e-01 
  705.000  9.439274e-01 
  706.000  9.458583e-01 
  707.000  9.475465e-01 
  708.000  9.492321e-01 
  709.000  9.495389e-01 
  710.000  9.490467e-01 
  711.000  9.508293e-01 
  712.000  9.503937e-01 
  713.000  9.518098e-01 
  714.000  9.507887e-01 
  715.000  9.486399e-01 
  716.000  9.495076e-01 
  717.000  9.400381e-01 
  718.000  9.075568e-01 
  719.000  8.686388e-01 
  720.000  9.107291e-01 
  721.000  9.458816e-01 
  722.000  9.450440e-01 
  723.000  9.433143e-01 
  724.000  8.979784e-01 
  725.000  9.158793e-01 
  726.000  9.355882e-01 
  727.000  9.262796e-01 
  728.000  9.121633e-01 
  729.000  9.201156e-01 
  730.000  9.374675e-01 
  731.000  9.305973e-01 
  732.000  9.359156e-01 
  733.000  9.491388e-01 
  734.000  9.549766e-01 
  735.000  9.506145e-01 
  736.000  9.539351e-01 
  737.000  9.541747e-01 
  738.000  9.564963e-01 
  739.000  9.572125e-01 
  740.000  9.598047e-01 
  741.000  9.610446e-01 
  742.000  9.615247e-01 
  743.000  9.616674e-01 
  744.000  9.621233e-01 
  745.000  9.624084e-01 
  746.000  9.629039e-01 
  747.000  9.631907e-01 
  748.000  9.633636e-01 
  749.000  9.634961e-01 
  750.000  9.637663e-01 
  751.000  9.639174e-01 
  752.000  9.645630e-01 
  753.000  9.647387e-01 
  754.000  9.649535e-01 
  755.000  9.651769e-01 
  756.000  9.653218e-01 
  757.000  9.655958e-01 
  758.000  9.660441e-01 
  759.000  9.583073e-01 
  760.000  3.739867e-01 
  761.000  2.501735e-01 
  762.000  6.339521e-01 
  763.000  5.308691e-01 
  764.000  6.039237e-01 
  765.000  7.374698e-01 
  766.000  8.656263e-01 
  767.000  9.096425e-01 
  768.000  9.522761e-01 
  769.000  9.632534e-01 
  770.000  9.633138e-01 
  771.000  9.671984e-01 
  772.000  9.685197e-01 
  773.000  9.686222e-01 
  774.000  9.686890e-01 
  775.000  9.687749e-01 
  776.000  9.689214e-01 
  777.000  9.691180e-01 
  778.000  9.692370e-01 
  779.000  9.693675e-01 
  780.000  9.694764e-01 
  781.000  9.697938e-01 
  782.000  9.700188e-01 
  783.000  9.702039e-01 
  784.000  9.701982e-01 
  785.000  9.701442e-01 
  786.000  9.693364e-01 
  787.000  9.696755e-01 
  788.000  9.679912e-01 
  789.000  9.679596e-01 
  790.000  9.647965e-01 
  791.000  9.653128e-01 
  792.000  9.666318e-01 
  793.000  9.676011e-01 
  794.000  9.721531e-01 
  795.000  9.707261e-01 
  796.000  9.620637e-01 
  797.000  9.690223e-01 
  798.000  9.693708e-01 
  799.000  9.706622e-01 
  800.000  9.669323e-01 
  801.000  9.654585e-01 
  802.000  9.682380e-01 
  803.000  9.674230e-01 
  804.000  9.674008e-01 
  805.000  9.694548e-01 
  806.000  9.726087e-01 
  807.000  9.707573e-01 
  808.000  9.728390e-01 
  809.000  9.695957e-01 
  810.000  9.682348e-01 
  811.000  9.693740e-01 
  812.000  9.659196e-01 
  813.000  9.593174e-01 
  814.000  9.471372e-01 
  815.000  9.323066e-01 
  816.000  9.430535e-01 
  817.000  8.832649e-01 
  818.000  9.236880e-01 
  819.000  9.414929e-01 
  820.000  9.162536e-01 
  821.000  9.680508e-01 
  822.000  9.618843e-01 
  823.000  8.618561e-01 
  824.000  9.544936e-01 
  825.000  9.649336e-01 
  826.000  9.536338e-01 
  827.000  9.648212e-01 
  828.000  9.358687e-01 
  829.000  9.592061e-01 
  830.000  9.547604e-01 
  831.000  9.559644e-01 
  832.000  9.573157e-01 
  833.000  9.649432e-01 
  834.000  9.660632e-01 
  835.000  9.698400e-01 
  836.000  9.711234e-01 
  837.000  9.699330e-01 
  838.000  9.738327e-01 
  839.000  9.748188e-01 
  840.000  9.754775e-01 
  841.000  9.754775e-01 
  842.000  9.727927e-01 
  843.000  9.776550e-01 
  844.000  9.746687e-01 
  845.000  9.771530e-01 
  846.000  9.779230e-01 
  847.000  9.784547e-01 
  848.000  9.779226e-01 
  849.000  9.782754e-01 
  850.000  9.783810e-01 
  851.000  9.788276e-01 
  852.000  9.800473e-01 
  853.000  9.802138e-01 
  854.000  9.802282e-01 
  855.000  9.802282e-01 
  856.000  9.803678e-01 
  857.000  9.810780e-01 
  858.000  9.805809e-01 
  859.000  9.810330e-01 
  860.000  9.813949e-01 
  861.000  9.813355e-01 
  862.000  9.815943e-01 
  863.000  9.815488e-01 
  864.000  9.818599e-01 
  865.000  9.818599e-01 
  866.000  9.819042e-01 
  867.000  9.819962e-01 
  868.000  9.820420e-01 
  869.000  9.820763e-01 
  870.000  9.822221e-01 
  871.000  9.823010e-01 
  872.000  9.824550e-01 
  873.000  9.824920e-01 
  874.000  9.824920e-01 
  875.000  9.827071e-01 
  876.000  9.827725e-01 
  877.000  9.828206e-01 
  878.000  9.828857e-01 
  879.000  9.829075e-01 
  880.000  9.831111e-01 
  881.000  9.831111e-01 
  882.000  9.829270e-01 
  883.000  9.830021e-01 
  884.000  9.831529e-01 
  885.000  9.833072e-01 
  886.000  9.815479e-01 
  887.000  9.833264e-01 
  888.000  9.833264e-01 
  889.000  9.829493e-01 
  890.000  9.820291e-01 
  891.000  9.835593e-01 
  892.000  9.820157e-01 
  893.000  9.786046e-01 
  894.000  9.786046e-01 
  895.000  9.697754e-01 
  896.000  9.592706e-01 
  897.000  9.132563e-01 
  898.000  9.562667e-01 
  899.000  8.606825e-01 
  900.000  8.606825e-01 
  901.000  8.814242e-01 
  902.000  9.004732e-01 
  903.000  9.218680e-01 
  904.000  9.706556e-01 
  905.000  9.659250e-01 
  906.000  9.659250e-01 
  907.000  9.148076e-01 
  908.000  8.989268e-01 
  909.000  9.098685e-01 
  910.000  8.987443e-01 
  911.000  8.987443e-01 
  912.000  9.501379e-01 
  913.000  9.261370e-01 
  914.000  9.088858e-01 
  915.000  8.818855e-01 
  916.000  8.818855e-01 
  917.000  9.498577e-01 
  918.000  8.974605e-01 
  919.000  9.408954e-01 
  920.000  9.711590e-01 
  921.000  9.711590e-01 
  922.000  9.630010e-01 
  923.000  9.609705e-01 
  924.000  9.542224e-01 
  925.000  9.542224e-01 
  926.000  9.573879e-01 
  927.000  9.633638e-01 
  928.000  9.133549e-01 
  929.000  9.055492e-01 
  930.000  9.055492e-01 
  931.000  8.196733e-01 
  932.000  6.606879e-01 
  933.000  6.947174e-01 
  934.000  6.947174e-01 
  935.000  6.334057e-01 
  936.000  6.054748e-01 
  937.000  6.038467e-01 
  938.000  6.038467e-01 
  939.000  7.139730e-01 
  940.000  8.276280e-01 
  941.000  7.939667e-01 
  942.000  7.939667e-01 
  943.000  6.914746e-01 
  944.000  6.948029e-01 
  945.000  7.900879e-01 
  946.000  7.900879e-01 
  947.000  7.170917e-01 
  948.000  7.417449e-01 
  949.000  7.911679e-01 
  950.000  7.911679e-01 
  951.000  7.978132e-01 
  952.000  7.162653e-01 
  953.000  8.346727e-01 
  954.000  8.346727e-01 
  955.000  8.318676e-01 
  956.000  7.368332e-01 
  957.000  8.647287e-01 
  958.000  8.647287e-01 
  959.000  8.020664e-01 
  960.000  8.547469e-01 
  961.000  8.547469e-01 
  962.000  8.744465e-01 
  963.000  9.129063e-01 
  964.000  8.500672e-01 
  965.000  8.500672e-01 
  966.000  8.868733e-01 
  967.000  9.330536e-01 
  968.000  9.330536e-01 
  969.000  9.454347e-01 
  970.000  9.630970e-01 
  971.000  9.687914e-01 
  972.000  9.687914e-01 
  973.000  9.616511e-01 
  974.000  9.227558e-01 
  975.000  9.227558e-01 
  976.000  9.125035e-01 
  977.000  9.533955e-01 
  978.000  9.477796e-01 
  979.000  9.477796e-01 
  980.000  9.500670e-01 
  981.000  9.783856e-01 
  982.000  9.783856e-01 
  983.000  9.713478e-01 
  984.000  9.774559e-01 
  985.000  9.774559e-01 
  986.000  9.865626e-01 
  987.000  9.831144e-01 
  988.000  9.831144e-01 
  989.000  9.881309e-01 
  990.000  9.860706e-01 
  991.000  9.860706e-01 
  992.000  9.874684e-01 
  993.000  9.873392e-01 
  994.000  9.873392e-01 
  995.000  9.892820e-01 
  996.000  9.893401e-01 
  997.000  9.893401e-01 
  998.000  9.893667e-01 
  999.000  9.892455e-01 
 1000.000  9.892455e-01 
 1001.000  9.894499e-01 
 1002.000  9.866583e-01 
 1003.000  9.866583e-01 
 1004.000  9.894733e-01 
 1005.000  9.896991e-01 
 1006.000  9.896991e-01 
 1007.000  9.898403e-01 
 1008.000  9.892333e-01 
 1009.000  9.892333e-01 
 1010.000  9.869645e-01 
 1011.000  9.898812e-01 
 1012.000  9.898812e-01 
 1013.000  9.900847e-01 
 1014.000  9.900786e-01 
 1015.000  9.900786e-01 
 1016.000  9.902036e-01 
 1017.000  9.901736e-01 
 1018.000  9.901736e-01 
 1019.000  9.899359e-01 
 1020.000  9.904220e-01 
 1021.000  9.904220e-01 
 1022.000  9.900892e-01 
 1023.000  9.900892e-01 
 1024.000  9.900872e-01 
 1025.000  9.905555e-01 
 1026.000  9.905555e-01 
 1027.000  9.903795e-01 
 1028.000  9.906390e-01 
 1029.000  9.906390e-01 
 1030.000  9.907618e-01 
 1031.000  9.907076e-01 
 1032.000  9.907076e-01 
 1033.000  9.907116e-01 
 1034.000  9.907116e-01 
 1035.000  9.907011e-01 
 1036.000  9.903247e-01 
 1037.000  9.903247e-01 
 1038.000  9.902664e-01 
 1039.000  9.898731e-01 
 1040.000  9.898731e-01 
 1041.000  9.895559e-01 
 1042.000  9.895559e-01 
 1043.000  9.891677e-01 
 1044.000  9.885699e-01 
 1045.000  9.885699e-01 
 1046.000  9.877380e-01 
 1047.000  9.877380e-01 
 1048.000  9.869010e-01 
 1049.000  9.851847e-01 
 1050.000  9.851847e-01 
 1051.000  9.844584e-01 
 1052.000  9.844584e-01 
 1053.000  9.833066e-01 
 1054.000  9.823247e-01 
 1055.000  9.823247e-01 
 1056.000  9.811948e-01 
 1057.000  9.811948e-01 
 1058.000  9.801550e-01 
 1059.000  9.791393e-01 
 1060.000  9.791393e-01 
 1061.000  9.785033e-01 
 1062.000  9.785033e-01 
 1063.000  9.774345e-01 
 1064.000  9.767706e-01 
 1065.000  9.767706e-01 
 1066.000  9.777902e-01 
 1067.000  9.777902e-01 
 1068.000  9.772598e-01 
 1069.000  9.785280e-01 
 1070.000  9.785280e-01 
 1071.000  9.798244e-01 
 1072.000  9.798244e-01 
 1073.000  9.809040e-01 
 1074.000  9.809040e-01 
 1075.000  9.804855e-01 
 1076.000  9.809797e-01 
 1077.000  9.809797e-01 
 1078.000  9.837973e-01 
 1079.000  9.837973e-01 
 1080.000  9.829129e-01 
 1081.000  9.829129e-01 
 1082.000  9.846306e-01 
 1083.000  9.840244e-01 
 1084.000  9.840244e-01 
 1085.000  9.812386e-01 
 1086.000  9.812386e-01 
 1087.000  9.869285e-01 
 1088.000  9.869285e-01 
 1089.000  9.849528e-01 
 1090.000  9.839276e-01 
 1091.000  9.839276e-01 
 1092.000  9.804163e-01 
 1093.000  9.804163e-01 
 1094.000  9.810962e-01 
 1095.000  9.810962e-01 
 1096.000  9.786904e-01 
 1097.000  9.786904e-01 
 1098.000  9.750122e-01 
 1099.000  9.573706e-01 
 1100.000  9.573706e-01 
 1101.000  9.582659e-01 
 1102.000  9.582659e-01 
 1103.000  9.507219e-01 
 1104.000  9.507219e-01 
 1105.000  9.458579e-01 
 1106.000  9.458579e-01 
 1107.000  9.456577e-01 
 1108.000  9.456577e-01 
 1109.000  9.304217e-01 
 1110.000  9.138855e-01 
 1111.000  9.138855e-01 
 1112.000  8.897671e-01 
 1113.000  8.897671e-01 
 1114.000  8.229098e-01 
 1115.000  8.229098e-01 
 1116.000  6.588054e-01 
 1117.000  6.588054e-01 
 1118.000  7.362953e-01 
 1119.000  7.362953e-01 
 1120.000  6.860217e-01 
 1121.000  6.860217e-01 
 1122.000  5.158883e-01 
 1123.000  7.009267e-01 
 1124.000  7.009267e-01 
 1125.000  5.502756e-01 
 1126.000  5.502756e-01 
 1127.000  6.176297e-01 
 1128.000  6.176297e-01 
 1129.000  6.168901e-01 
 1130.000  6.168901e-01 
 1131.000  8.364996e-01 
 1132.000  8.364996e-01 
 1133.000  6.331229e-01 
 1134.000  6.331229e-01 
 1135.000  4.111996e-01 
 1136.000  4.111996e-01 
 1137.000  8.487651e-01 
 1138.000  8.487651e-01 
 1139.000  7.756305e-01 
 1140.000  7.756305e-01 
 1141.000  7.665155e-01 
 1142.000  7.665155e-01 
 1143.000  8.215721e-01 
 1144.000  8.215721e-01 
 1145.000  6.437660e-01 
 1146.000  6.437660e-01 
 1147.000  6.433831e-01 
 1148.000  6.433831e-01 
 1149.000  7.281550e-01 
 1150.000  7.281550e-01 
 1151.000  7.982890e-01 
 1152.000  7.982890e-01 
 1153.000  7.563469e-01 
 1154.000  7.563469e-01 
 1155.000  8.030604e-01 
 1156.000  8.030604e-01 
 1157.000  8.685873e-01 
 1158.000  8.685873e-01 
 1159.000  9.232001e-01 
 1160.000  9.232001e-01 
 1161.000  9.124233e-01 
 1162.000  9.124233e-01 
 1163.000  9.455540e-01 
 1164.000  9.455540e-01 
 1165.000  9.322413e-01 
 1166.000  9.322413e-01 
 1167.000  9.585241e-01 
 1168.000  9.585241e-01 
 1169.000  9.586508e-01 
 1170.000  9.586508e-01 
 1171.000  9.648969e-01 
 1172.000  9.648969e-01 
 1173.000  9.303214e-01 
 1174.000  9.303214e-01 
 1175.000  9.799941e-01 
 1176.000  9.799941e-01 
 1177.000  9.494285e-01 
 1178.000  9.494285e-01 
 1179.000  9.714973e-01 
 1180.000  9.714973e-01 
 1181.000  9.217629e-01 
 1182.000  9.217629e-01 
 1183.000  9.590124e-01 
 1184.000  9.590124e-01 
 1185.000  9.708897e-01 
 1186.000  9.708897e-01 
 1187.000  9.239033e-01 
 1188.000  9.239033e-01 
 1189.000  9.239033e-01 
 1190.000  9.584293e-01 
 1191.000  9.584293e-01 
 1192.000  9.822564e-01 
 1193.000  9.822564e-01 
 1194.000  9.659210e-01 
 1195.000  9.659210e-01 
 1196.000  9.738210e-01 
 1197.000  9.738210e-01 
 1198.000  9.580851e-01 
 1199.000  9.580851e-01 
 1200.000  9.557412e-01 
