  250.000  0.000000e+00 
  251.000  0.000000e+00 
  252.000  0.000000e+00 
  253.000  0.000000e+00 
  254.000  0.000000e+00 
  255.000  0.000000e+00 
  256.000  0.000000e+00 
  257.000  0.000000e+00 
  258.000  0.000000e+00 
  259.000  0.000000e+00 
  260.000  0.000000e+00 
  261.000  0.000000e+00 
  262.000  0.000000e+00 
  263.000  0.000000e+00 
  264.000  0.000000e+00 
  265.000  0.000000e+00 
  266.000  0.000000e+00 
  267.000  0.000000e+00 
  268.000  0.000000e+00 
  269.000  0.000000e+00 
  270.000  0.000000e+00 
  271.000  0.000000e+00 
  272.000  0.000000e+00 
  273.000  0.000000e+00 
  274.000  0.000000e+00 
  275.000  0.000000e+00 
  276.000  0.000000e+00 
  277.000  0.000000e+00 
  278.000  0.000000e+00 
  279.000  0.000000e+00 
  280.000  0.000000e+00 
  281.000  0.000000e+00 
  282.000  0.000000e+00 
  283.000  0.000000e+00 
  284.000  0.000000e+00 
  285.000  0.000000e+00 
  286.000  0.000000e+00 
  287.000  0.000000e+00 
  288.000  0.000000e+00 
  289.000  0.000000e+00 
  290.000  0.000000e+00 
  291.000  3.392020e-14 
  292.000  2.665086e-12 
  293.000  3.372340e-11 
  294.000  6.269970e-10 
  295.000  3.877648e-09 
  296.000  5.516077e-08 
  297.000  2.575927e-07 
  298.000  1.627303e-06 
  299.000  5.730722e-06 
  300.000  2.164417e-05 
  301.000  6.310535e-05 
  302.000  1.567121e-04 
  303.000  4.732244e-04 
  304.000  6.838426e-04 
  305.000  1.685736e-03 
  306.000  2.730901e-03 
  307.000  5.047856e-03 
  308.000  7.338538e-03 
  309.000  1.058834e-02 
  310.000  1.687530e-02 
  311.000  2.025565e-02 
  312.000  2.653908e-02 
  313.000  3.546887e-02 
  314.000  3.925230e-02 
  315.000  5.238603e-02 
  316.000  5.597869e-02 
  317.000  6.816170e-02 
  318.000  7.483608e-02 
  319.000  9.671281e-02 
  320.000  8.216908e-02 
  321.000  1.164288e-01 
  322.000  1.015716e-01 
  323.000  1.188532e-01 
  324.000  1.438432e-01 
  325.000  1.255276e-01 
  326.000  1.521238e-01 
  327.000  1.602170e-01 
  328.000  1.462420e-01 
  329.000  1.781893e-01 
  330.000  1.837979e-01 
  331.000  1.696567e-01 
  332.000  1.931103e-01 
  333.000  1.980577e-01 
  334.000  1.949193e-01 
  335.000  2.100459e-01 
  336.000  2.164689e-01 
  337.000  2.122490e-01 
  338.000  2.227622e-01 
  339.000  2.302955e-01 
  340.000  2.290632e-01 
  341.000  2.379362e-01 
  342.000  2.439005e-01 
  343.000  2.478650e-01 
  344.000  2.465041e-01 
  345.000  2.562839e-01 
  346.000  2.610154e-01 
  347.000  2.649778e-01 
  348.000  2.694866e-01 
  349.000  2.748466e-01 
  350.000  2.791489e-01 
  351.000  2.839620e-01 
  352.000  2.880444e-01 
  353.000  2.929523e-01 
  354.000  2.965204e-01 
  355.000  3.004144e-01 
  356.000  3.053485e-01 
  357.000  3.086132e-01 
  358.000  3.122408e-01 
  359.000  3.158247e-01 
  360.000  3.193514e-01 
  361.000  3.230733e-01 
  362.000  3.287893e-01 
  363.000  3.336827e-01 
  364.000  3.385706e-01 
  365.000  3.427058e-01 
  366.000  3.472839e-01 
  367.000  3.516150e-01 
  368.000  3.557701e-01 
  369.000  3.592700e-01 
  370.000  3.634578e-01 
  371.000  3.678880e-01 
  372.000  3.715958e-01 
  373.000  3.761224e-01 
  374.000  3.804612e-01 
  375.000  3.839866e-01 
  376.000  3.876849e-01 
  377.000  3.918884e-01 
  378.000  3.951534e-01 
  379.000  3.987171e-01 
  380.000  4.021657e-01 
  381.000  4.059175e-01 
  382.000  4.109515e-01 
  383.000  4.161042e-01 
  384.000  4.196448e-01 
  385.000  4.241856e-01 
  386.000  4.278230e-01 
  387.000  4.321275e-01 
  388.000  4.355244e-01 
  389.000  4.389873e-01 
  390.000  4.433320e-01 
  391.000  4.469063e-01 
  392.000  4.499300e-01 
  393.000  4.549589e-01 
  394.000  4.584522e-01 
  395.000  4.618501e-01 
  396.000  4.661513e-01 
  397.000  4.700473e-01 
  398.000  4.727964e-01 
  399.000  4.765325e-01 
  400.000  4.797701e-01 
  401.000  4.840349e-01 
  402.000  4.878630e-01 
  403.000  4.918098e-01 
  404.000  4.944751e-01 
  405.000  4.981496e-01 
  406.000  5.016038e-01 
  407.000  5.060931e-01 
  408.000  5.083342e-01 
  409.000  5.115710e-01 
  410.000  5.149814e-01 
  411.000  5.188170e-01 
  412.000  5.227755e-01 
  413.000  5.249600e-01 
  414.000  5.290605e-01 
  415.000  5.322973e-01 
  416.000  5.364612e-01 
  417.000  5.389329e-01 
  418.000  5.417560e-01 
  419.000  5.457681e-01 
  420.000  5.484837e-01 
  421.000  5.516329e-01 
  422.000  5.542159e-01 
  423.000  5.577645e-01 
  424.000  5.605162e-01 
  425.000  5.646275e-01 
  426.000  5.676898e-01 
  427.000  5.705780e-01 
  428.000  5.731992e-01 
  429.000  5.769440e-01 
  430.000  5.800661e-01 
  431.000  5.813189e-01 
  432.000  5.856808e-01 
  433.000  5.887290e-01 
  434.000  5.907245e-01 
  435.000  5.928255e-01 
  436.000  5.963455e-01 
  437.000  6.009445e-01 
  438.000  6.033024e-01 
  439.000  6.039709e-01 
  440.000  6.074327e-01 
  441.000  6.104316e-01 
  442.000  6.139882e-01 
  443.000  6.157973e-01 
  444.000  6.184492e-01 
  445.000  6.192805e-01 
  446.000  6.225204e-01 
  447.000  6.262426e-01 
  448.000  6.265042e-01 
  449.000  6.310054e-01 
  450.000  6.347207e-01 
  451.000  6.369590e-01 
  452.000  6.387967e-01 
  453.000  6.415499e-01 
  454.000  6.453485e-01 
  455.000  6.466614e-01 
  456.000  6.488484e-01 
  457.000  6.513761e-01 
  458.000  6.530140e-01 
  459.000  6.552543e-01 
  460.000  6.566322e-01 
  461.000  6.589990e-01 
  462.000  6.622807e-01 
  463.000  6.625008e-01 
  464.000  6.657227e-01 
  465.000  6.679513e-01 
  466.000  6.719909e-01 
  467.000  6.732674e-01 
  468.000  6.756172e-01 
  469.000  6.773518e-01 
  470.000  6.794384e-01 
  471.000  6.818732e-01 
  472.000  6.827744e-01 
  473.000  6.833289e-01 
  474.000  6.820901e-01 
  475.000  6.821741e-01 
  476.000  6.830534e-01 
  477.000  6.838758e-01 
  478.000  6.849708e-01 
  479.000  6.871635e-01 
  480.000  6.899177e-01 
  481.000  6.945164e-01 
  482.000  6.982456e-01 
  483.000  7.016398e-01 
  484.000  7.033840e-01 
  485.000  7.047054e-01 
  486.000  7.058990e-01 
  487.000  7.088053e-01 
  488.000  7.102643e-01 
  489.000  7.114087e-01 
  490.000  7.144364e-01 
  491.000  7.162297e-01 
  492.000  7.178835e-01 
  493.000  7.195146e-01 
  494.000  7.206342e-01 
  495.000  7.218907e-01 
  496.000  7.227020e-01 
  497.000  7.241028e-01 
  498.000  7.251067e-01 
  499.000  7.263736e-01 
  500.000  7.272421e-01 
  501.000  7.270455e-01 
  502.000  7.256368e-01 
  503.000  7.236626e-01 
  504.000  7.213966e-01 
  505.000  7.254511e-01 
  506.000  7.262977e-01 
  507.000  7.270771e-01 
  508.000  7.311569e-01 
  509.000  7.335482e-01 
  510.000  7.361246e-01 
  511.000  7.379081e-01 
  512.000  7.392287e-01 
  513.000  7.419198e-01 
  514.000  7.430199e-01 
  515.000  7.450799e-01 
  516.000  7.458456e-01 
  517.000  7.472534e-01 
  518.000  7.475462e-01 
  519.000  7.484014e-01 
  520.000  7.488322e-01 
  521.000  7.498607e-01 
  522.000  7.500929e-01 
  523.000  7.504451e-01 
  524.000  7.506256e-01 
  525.000  7.498547e-01 
  526.000  7.498565e-01 
  527.000  7.495799e-01 
  528.000  7.491422e-01 
  529.000  7.486930e-01 
  530.000  7.485026e-01 
  531.000  7.490086e-01 
  532.000  7.494563e-01 
  533.000  7.502747e-01 
  534.000  7.513428e-01 
  535.000  7.520233e-01 
  536.000  7.532108e-01 
  537.000  7.544407e-01 
  538.000  7.550955e-01 
  539.000  7.553769e-01 
  540.000  7.564020e-01 
  541.000  7.542176e-01 
  542.000  7.553508e-01 
  543.000  7.574466e-01 
  544.000  7.583266e-01 
  545.000  7.569290e-01 
  546.000  7.563709e-01 
  547.000  7.590126e-01 
  548.000  7.615361e-01 
  549.000  7.619741e-01 
  550.000  7.624763e-01 
  551.000  7.639856e-01 
  552.000  7.643510e-01 
  553.000  7.648976e-01 
  554.000  7.655104e-01 
  555.000  7.659781e-01 
  556.000  7.654662e-01 
  557.000  7.645824e-01 
  558.000  7.638795e-01 
  559.000  7.629421e-01 
  560.000  7.620738e-01 
  561.000  7.613774e-01 
  562.000  7.609195e-01 
  563.000  7.600483e-01 
  564.000  7.591583e-01 
  565.000  7.583883e-01 
  566.000  7.579921e-01 
  567.000  7.567798e-01 
  568.000  7.554227e-01 
  569.000  7.477264e-01 
  570.000  7.456598e-01 
  571.000  7.481489e-01 
  572.000  7.438008e-01 
  573.000  7.456490e-01 
  574.000  7.432945e-01 
  575.000  7.444884e-01 
  576.000  7.442146e-01 
  577.000  7.446862e-01 
  578.000  7.490663e-01 
  579.000  7.516506e-01 
  580.000  7.541195e-01 
  581.000  7.579406e-01 
  582.000  7.613063e-01 
  583.000  7.645577e-01 
  584.000  7.688018e-01 
  585.000  7.699198e-01 
  586.000  7.722726e-01 
  587.000  7.726505e-01 
  588.000  7.704743e-01 
  589.000  7.472554e-01 
  590.000  7.455655e-01 
  591.000  7.560340e-01 
  592.000  7.371921e-01 
  593.000  7.669932e-01 
  594.000  7.524623e-01 
  595.000  7.609072e-01 
  596.000  7.659047e-01 
  597.000  7.675321e-01 
  598.000  7.673287e-01 
  599.000  7.732921e-01 
  600.000  7.739413e-01 
  601.000  7.775186e-01 
  602.000  7.799405e-01 
  603.000  7.809075e-01 
  604.000  7.822515e-01 
  605.000  7.830799e-01 
  606.000  7.852815e-01 
  607.000  7.870532e-01 
  608.000  7.892749e-01 
  609.000  7.901863e-01 
  610.000  7.920032e-01 
  611.000  7.934639e-01 
  612.000  7.956227e-01 
  613.000  7.974187e-01 
  614.000  7.987203e-01 
  615.000  8.002346e-01 
  616.000  8.023891e-01 
  617.000  8.039431e-01 
  618.000  8.049819e-01 
  619.000  8.065109e-01 
  620.000  8.078444e-01 
  621.000  8.088000e-01 
  622.000  8.092207e-01 
  623.000  8.101102e-01 
  624.000  8.104122e-01 
  625.000  8.108878e-01 
  626.000  8.109740e-01 
  627.000  8.103835e-01 
  628.000  7.757155e-01 
  629.000  7.934480e-01 
  630.000  8.016970e-01 
  631.000  8.123557e-01 
  632.000  8.146291e-01 
  633.000  8.179579e-01 
  634.000  8.218313e-01 
  635.000  8.234014e-01 
  636.000  8.267501e-01 
  637.000  8.311821e-01 
  638.000  8.350638e-01 
  639.000  8.375698e-01 
  640.000  8.393172e-01 
  641.000  8.418378e-01 
  642.000  8.445395e-01 
  643.000  8.445606e-01 
  644.000  8.470849e-01 
  645.000  8.480777e-01 
  646.000  8.406448e-01 
  647.000  8.322227e-01 
  648.000  8.215717e-01 
  649.000  8.304154e-01 
  650.000  8.508075e-01 
  651.000  8.540394e-01 
  652.000  8.495319e-01 
  653.000  8.563491e-01 
  654.000  8.563083e-01 
  655.000  8.363122e-01 
  656.000  8.513476e-01 
  657.000  8.558792e-01 
  658.000  8.636119e-01 
  659.000  8.685037e-01 
  660.000  8.682352e-01 
  661.000  8.712509e-01 
  662.000  8.715867e-01 
  663.000  8.718488e-01 
  664.000  8.736947e-01 
  665.000  8.750535e-01 
  666.000  8.762466e-01 
  667.000  8.781924e-01 
  668.000  8.790293e-01 
  669.000  8.804329e-01 
  670.000  8.813350e-01 
  671.000  8.830428e-01 
  672.000  8.834104e-01 
  673.000  8.848368e-01 
  674.000  8.853790e-01 
  675.000  8.868561e-01 
  676.000  8.872840e-01 
  677.000  8.880845e-01 
  678.000  8.893579e-01 
  679.000  8.900312e-01 
  680.000  8.913468e-01 
  681.000  8.917251e-01 
  682.000  8.936484e-01 
  683.000  8.932605e-01 
  684.000  8.945925e-01 
  685.000  8.963295e-01 
  686.000  8.969479e-01 
  687.000  5.560492e-01 
  688.000  7.197009e-01 
  689.000  7.704731e-01 
  690.000  8.074777e-01 
  691.000  8.333592e-01 
  692.000  8.760846e-01 
  693.000  8.522035e-01 
  694.000  8.125950e-01 
  695.000  8.556884e-01 
  696.000  8.432604e-01 
  697.000  8.986806e-01 
  698.000  8.983713e-01 
  699.000  8.706380e-01 
  700.000  8.765988e-01 
  701.000  8.525222e-01 
  702.000  8.639843e-01 
  703.000  8.747869e-01 
  704.000  8.803478e-01 
  705.000  8.826733e-01 
  706.000  8.906394e-01 
  707.000  8.977640e-01 
  708.000  9.050958e-01 
  709.000  9.053981e-01 
  710.000  9.020344e-01 
  711.000  9.091886e-01 
  712.000  9.062511e-01 
  713.000  9.119639e-01 
  714.000  9.063584e-01 
  715.000  8.934245e-01 
  716.000  8.967819e-01 
  717.000  8.497372e-01 
  718.000  7.413571e-01 
  719.000  6.880197e-01 
  720.000  7.313024e-01 
  721.000  8.731284e-01 
  722.000  8.691707e-01 
  723.000  8.601857e-01 
  724.000  7.345812e-01 
  725.000  7.481345e-01 
  726.000  8.218054e-01 
  727.000  7.851824e-01 
  728.000  7.342526e-01 
  729.000  7.553008e-01 
  730.000  8.288603e-01 
  731.000  7.974641e-01 
  732.000  8.186978e-01 
  733.000  8.784276e-01 
  734.000  9.057882e-01 
  735.000  8.840474e-01 
  736.000  8.993811e-01 
  737.000  8.992461e-01 
  738.000  9.098647e-01 
  739.000  9.128125e-01 
  740.000  9.255282e-01 
  741.000  9.314298e-01 
  742.000  9.319628e-01 
  743.000  9.320598e-01 
  744.000  9.337837e-01 
  745.000  9.346375e-01 
  746.000  9.360259e-01 
  747.000  9.363980e-01 
  748.000  9.368042e-01 
  749.000  9.368843e-01 
  750.000  9.374204e-01 
  751.000  9.375364e-01 
  752.000  9.390028e-01 
  753.000  9.393511e-01 
  754.000  9.396356e-01 
  755.000  9.399115e-01 
  756.000  9.400731e-01 
  757.000  9.409272e-01 
  758.000  9.417065e-01 
  759.000  9.292309e-01 
  760.000  2.556510e-01 
  761.000  1.244755e-01 
  762.000  5.261023e-01 
  763.000  4.054567e-01 
  764.000  4.934319e-01 
  765.000  6.509697e-01 
  766.000  7.969075e-01 
  767.000  8.542817e-01 
  768.000  9.200626e-01 
  769.000  9.371995e-01 
  770.000  9.374123e-01 
  771.000  9.437588e-01 
  772.000  9.459407e-01 
  773.000  9.461057e-01 
  774.000  9.461281e-01 
  775.000  9.463289e-01 
  776.000  9.465900e-01 
  777.000  9.469134e-01 
  778.000  9.471084e-01 
  779.000  9.473205e-01 
  780.000  9.474980e-01 
  781.000  9.480574e-01 
  782.000  9.482771e-01 
  783.000  9.487292e-01 
  784.000  9.480958e-01 
  785.000  9.471891e-01 
  786.000  9.423054e-01 
  787.000  9.429940e-01 
  788.000  9.343414e-01 
  789.000  9.330875e-01 
  790.000  9.171135e-01 
  791.000  9.189548e-01 
  792.000  9.246606e-01 
  793.000  9.297948e-01 
  794.000  9.506590e-01 
  795.000  9.423690e-01 
  796.000  8.995194e-01 
  797.000  9.327482e-01 
  798.000  9.341000e-01 
  799.000  9.401233e-01 
  800.000  9.214225e-01 
  801.000  9.136404e-01 
  802.000  9.266196e-01 
  803.000  9.223402e-01 
  804.000  9.218748e-01 
  805.000  9.319572e-01 
  806.000  9.478791e-01 
  807.000  9.378579e-01 
  808.000  9.482290e-01 
  809.000  9.315972e-01 
  810.000  9.240970e-01 
  811.000  9.294261e-01 
  812.000  9.113634e-01 
  813.000  8.813518e-01 
  814.000  8.285644e-01 
  815.000  7.867655e-01 
  816.000  8.180242e-01 
  817.000  6.777716e-01 
  818.000  7.797833e-01 
  819.000  8.085607e-01 
  820.000  7.675378e-01 
  821.000  9.182813e-01 
  822.000  8.884964e-01 
  823.000  6.344187e-01 
  824.000  8.533548e-01 
  825.000  9.038196e-01 
  826.000  8.534682e-01 
  827.000  9.013630e-01 
  828.000  7.876213e-01 
  829.000  8.765109e-01 
  830.000  8.586835e-01 
  831.000  8.631911e-01 
  832.000  8.663370e-01 
  833.000  8.979008e-01 
  834.000  9.053791e-01 
  835.000  9.215647e-01 
  836.000  9.282191e-01 
  837.000  9.218588e-01 
  838.000  9.403364e-01 
  839.000  9.454436e-01 
  840.000  9.482870e-01 
  841.000  9.482870e-01 
  842.000  9.345145e-01 
  843.000  9.590330e-01 
  844.000  9.434019e-01 
  845.000  9.557004e-01 
  846.000  9.593585e-01 
  847.000  9.621344e-01 
  848.000  9.586393e-01 
  849.000  9.601979e-01 
  850.000  9.592821e-01 
  851.000  9.574177e-01 
  852.000  9.634999e-01 
  853.000  9.640734e-01 
  854.000  9.636329e-01 
  855.000  9.636329e-01 
  856.000  9.641610e-01 
  857.000  9.673660e-01 
  858.000  9.644532e-01 
  859.000  9.664029e-01 
  860.000  9.683145e-01 
  861.000  9.675955e-01 
  862.000  9.685651e-01 
  863.000  9.687172e-01 
  864.000  9.691755e-01 
  865.000  9.691755e-01 
  866.000  9.693213e-01 
  867.000  9.694766e-01 
  868.000  9.695532e-01 
  869.000  9.696090e-01 
  870.000  9.696566e-01 
  871.000  9.699823e-01 
  872.000  9.701947e-01 
  873.000  9.700481e-01 
  874.000  9.700481e-01 
  875.000  9.706530e-01 
  876.000  9.707667e-01 
  877.000  9.706404e-01 
  878.000  9.706368e-01 
  879.000  9.706119e-01 
  880.000  9.711770e-01 
  881.000  9.711770e-01 
  882.000  9.697533e-01 
  883.000  9.700291e-01 
  884.000  9.704224e-01 
  885.000  9.708729e-01 
  886.000  9.612352e-01 
  887.000  9.702212e-01 
  888.000  9.702212e-01 
  889.000  9.681368e-01 
  890.000  9.628758e-01 
  891.000  9.706501e-01 
  892.000  9.619116e-01 
  893.000  9.434841e-01 
  894.000  9.434841e-01 
  895.000  9.067740e-01 
  896.000  8.612267e-01 
  897.000  7.421598e-01 
  898.000  8.444627e-01 
  899.000  6.574574e-01 
  900.000  6.574574e-01 
  901.000  7.026174e-01 
  902.000  7.398860e-01 
  903.000  7.885614e-01 
  904.000  9.045366e-01 
  905.000  8.880960e-01 
  906.000  8.880960e-01 
  907.000  7.395329e-01 
  908.000  7.275002e-01 
  909.000  7.318540e-01 
  910.000  6.980783e-01 
  911.000  6.980783e-01 
  912.000  8.161441e-01 
  913.000  7.515596e-01 
  914.000  7.235115e-01 
  915.000  6.749151e-01 
  916.000  6.749151e-01 
  917.000  8.078744e-01 
  918.000  6.959708e-01 
  919.000  8.114324e-01 
  920.000  9.012499e-01 
  921.000  9.012499e-01 
  922.000  8.665013e-01 
  923.000  8.581711e-01 
  924.000  8.240156e-01 
  925.000  8.240156e-01 
  926.000  8.386360e-01 
  927.000  8.638727e-01 
  928.000  7.032478e-01 
  929.000  6.738595e-01 
  930.000  6.738595e-01 
  931.000  5.433120e-01 
  932.000  3.557322e-01 
  933.000  3.219658e-01 
  934.000  3.219658e-01 
  935.000  3.150041e-01 
  936.000  2.844812e-01 
  937.000  2.281717e-01 
  938.000  2.281717e-01 
  939.000  3.906777e-01 
  940.000  5.330639e-01 
  941.000  4.865871e-01 
  942.000  4.865871e-01 
  943.000  3.734886e-01 
  944.000  3.865749e-01 
  945.000  4.707330e-01 
  946.000  4.707330e-01 
  947.000  3.830085e-01 
  948.000  4.364945e-01 
  949.000  5.004953e-01 
  950.000  5.004953e-01 
  951.000  5.399728e-01 
  952.000  3.761053e-01 
  953.000  5.575818e-01 
  954.000  5.575818e-01 
  955.000  5.627788e-01 
  956.000  4.325813e-01 
  957.000  6.265274e-01 
  958.000  6.265274e-01 
  959.000  4.907052e-01 
  960.000  5.637322e-01 
  961.000  5.637322e-01 
  962.000  6.453555e-01 
  963.000  6.986403e-01 
  964.000  5.880839e-01 
  965.000  5.880839e-01 
  966.000  6.661612e-01 
  967.000  7.804827e-01 
  968.000  7.804827e-01 
  969.000  8.136564e-01 
  970.000  8.589034e-01 
  971.000  8.841951e-01 
  972.000  8.841951e-01 
  973.000  8.509114e-01 
  974.000  7.423486e-01 
  975.000  7.423486e-01 
  976.000  7.349684e-01 
  977.000  8.417822e-01 
  978.000  8.241374e-01 
  979.000  8.241374e-01 
  980.000  8.269688e-01 
  981.000  9.262279e-01 
  982.000  9.262279e-01 
  983.000  9.008045e-01 
  984.000  9.220659e-01 
  985.000  9.220659e-01 
  986.000  9.671308e-01 
  987.000  9.493217e-01 
  988.000  9.493217e-01 
  989.000  9.749982e-01 
  990.000  9.637768e-01 
  991.000  9.637768e-01 
  992.000  9.711473e-01 
  993.000  9.702341e-01 
  994.000  9.702341e-01 
  995.000  9.802381e-01 
  996.000  9.804642e-01 
  997.000  9.804642e-01 
  998.000  9.803189e-01 
  999.000  9.793903e-01 
 1000.000  9.793903e-01 
 1001.000  9.802265e-01 
 1002.000  9.655102e-01 
 1003.000  9.655102e-01 
 1004.000  9.799880e-01 
 1005.000  9.810917e-01 
 1006.000  9.810917e-01 
 1007.000  9.816589e-01 
 1008.000  9.780555e-01 
 1009.000  9.780555e-01 
 1010.000  9.661573e-01 
 1011.000  9.812159e-01 
 1012.000  9.812159e-01 
 1013.000  9.820539e-01 
 1014.000  9.817536e-01 
 1015.000  9.817536e-01 
 1016.000  9.822924e-01 
 1017.000  9.818207e-01 
 1018.000  9.818207e-01 
 1019.000  9.802999e-01 
 1020.000  9.827915e-01 
 1021.000  9.827915e-01 
 1022.000  9.807096e-01 
 1023.000  9.807096e-01 
 1024.000  9.805973e-01 
 1025.000  9.829786e-01 
 1026.000  9.829786e-01 
 1027.000  9.819008e-01 
 1028.000  9.832690e-01 
 1029.000  9.832690e-01 
 1030.000  9.839430e-01 
 1031.000  9.836955e-01 
 1032.000  9.836955e-01 
 1033.000  9.839324e-01 
 1034.000  9.839324e-01 
 1035.000  9.841792e-01 
 1036.000  9.835420e-01 
 1037.000  9.835420e-01 
 1038.000  9.834444e-01 
 1039.000  9.827347e-01 
 1040.000  9.827347e-01 
 1041.000  9.822380e-01 
 1042.000  9.822380e-01 
 1043.000  9.815832e-01 
 1044.000  9.805706e-01 
 1045.000  9.805706e-01 
 1046.000  9.791624e-01 
 1047.000  9.791624e-01 
 1048.000  9.777470e-01 
 1049.000  9.748470e-01 
 1050.000  9.748470e-01 
 1051.000  9.736198e-01 
 1052.000  9.736198e-01 
 1053.000  9.716759e-01 
 1054.000  9.700106e-01 
 1055.000  9.700106e-01 
 1056.000  9.681144e-01 
 1057.000  9.681144e-01 
 1058.000  9.663561e-01 
 1059.000  9.646517e-01 
 1060.000  9.646517e-01 
 1061.000  9.635771e-01 
 1062.000  9.635771e-01 
 1063.000  9.616450e-01 
 1064.000  9.597408e-01 
 1065.000  9.597408e-01 
 1066.000  9.623604e-01 
 1067.000  9.623604e-01 
 1068.000  9.609819e-01 
 1069.000  9.621557e-01 
 1070.000  9.621557e-01 
 1071.000  9.650819e-01 
 1072.000  9.650819e-01 
 1073.000  9.668401e-01 
 1074.000  9.668401e-01 
 1075.000  9.599495e-01 
 1076.000  9.580863e-01 
 1077.000  9.580863e-01 
 1078.000  9.674214e-01 
 1079.000  9.674214e-01 
 1080.000  9.591653e-01 
 1081.000  9.591653e-01 
 1082.000  9.628418e-01 
 1083.000  9.560701e-01 
 1084.000  9.560701e-01 
 1085.000  9.400431e-01 
 1086.000  9.400431e-01 
 1087.000  9.655610e-01 
 1088.000  9.655610e-01 
 1089.000  9.524225e-01 
 1090.000  9.465111e-01 
 1091.000  9.465111e-01 
 1092.000  9.267048e-01 
 1093.000  9.267048e-01 
 1094.000  9.296794e-01 
 1095.000  9.296794e-01 
 1096.000  9.171370e-01 
 1097.000  9.171370e-01 
 1098.000  8.982450e-01 
 1099.000  8.328459e-01 
 1100.000  8.328459e-01 
 1101.000  8.373752e-01 
 1102.000  8.373752e-01 
 1103.000  8.091747e-01 
 1104.000  8.091747e-01 
 1105.000  7.904717e-01 
 1106.000  7.904717e-01 
 1107.000  7.946287e-01 
 1108.000  7.946287e-01 
 1109.000  7.457736e-01 
 1110.000  7.311667e-01 
 1111.000  7.311667e-01 
 1112.000  6.662223e-01 
 1113.000  6.662223e-01 
 1114.000  5.837713e-01 
 1115.000  5.837713e-01 
 1116.000  3.317369e-01 
 1117.000  3.317369e-01 
 1118.000  4.274393e-01 
 1119.000  4.274393e-01 
 1120.000  3.327960e-01 
 1121.000  3.327960e-01 
 1122.000  1.793646e-01 
 1123.000  3.775242e-01 
 1124.000  3.775242e-01 
 1125.000  1.894274e-01 
 1126.000  1.894274e-01 
 1127.000  2.363305e-01 
 1128.000  2.363305e-01 
 1129.000  2.210807e-01 
 1130.000  2.210807e-01 
 1131.000  5.292846e-01 
 1132.000  5.292846e-01 
 1133.000  2.446959e-01 
 1134.000  2.446959e-01 
 1135.000  1.341786e-01 
 1136.000  1.341786e-01 
 1137.000  5.225375e-01 
 1138.000  5.225375e-01 
 1139.000  4.841997e-01 
 1140.000  4.841997e-01 
 1141.000  4.619142e-01 
 1142.000  4.619142e-01 
 1143.000  5.122622e-01 
 1144.000  5.122622e-01 
 1145.000  2.708178e-01 
 1146.000  2.708178e-01 
 1147.000  2.788045e-01 
 1148.000  2.788045e-01 
 1149.000  4.172918e-01 
 1150.000  4.172918e-01 
 1151.000  4.994933e-01 
 1152.000  4.994933e-01 
 1153.000  4.607858e-01 
 1154.000  4.607858e-01 
 1155.000  5.288553e-01 
 1156.000  5.288553e-01 
 1157.000  6.375014e-01 
 1158.000  6.375014e-01 
 1159.000  7.205988e-01 
 1160.000  7.205988e-01 
 1161.000  6.988780e-01 
 1162.000  6.988780e-01 
 1163.000  8.145357e-01 
 1164.000  8.145357e-01 
 1165.000  7.670758e-01 
 1166.000  7.670758e-01 
 1167.000  8.417683e-01 
 1168.000  8.417683e-01 
 1169.000  8.446414e-01 
 1170.000  8.446414e-01 
 1171.000  8.691832e-01 
 1172.000  8.691832e-01 
 1173.000  7.505320e-01 
 1174.000  7.505320e-01 
 1175.000  9.222606e-01 
 1176.000  9.222606e-01 
 1177.000  8.137666e-01 
 1178.000  8.137666e-01 
 1179.000  8.954113e-01 
 1180.000  8.954113e-01 
 1181.000  7.517974e-01 
 1182.000  7.517974e-01 
 1183.000  8.506825e-01 
 1184.000  8.506825e-01 
 1185.000  8.776021e-01 
 1186.000  8.776021e-01 
 1187.000  7.784727e-01 
 1188.000  7.784727e-01 
 1189.000  7.784727e-01 
 1190.000  8.545281e-01 
 1191.000  8.545281e-01 
 1192.000  9.296202e-01 
 1193.000  9.296202e-01 
 1194.000  8.764544e-01 
 1195.000  8.764544e-01 
 1196.000  8.871408e-01 
 1197.000  8.871408e-01 
 1198.000  8.390424e-01 
 1199.000  8.390424e-01 
 1200.000  8.417833e-01 
