  250.000  0.000000e+00 
  251.000  0.000000e+00 
  252.000  0.000000e+00 
  253.000  0.000000e+00 
  254.000  0.000000e+00 
  255.000  0.000000e+00 
  256.000  0.000000e+00 
  257.000  0.000000e+00 
  258.000  0.000000e+00 
  259.000  0.000000e+00 
  260.000  0.000000e+00 
  261.000  0.000000e+00 
  262.000  0.000000e+00 
  263.000  0.000000e+00 
  264.000  0.000000e+00 
  265.000  0.000000e+00 
  266.000  0.000000e+00 
  267.000  0.000000e+00 
  268.000  0.000000e+00 
  269.000  0.000000e+00 
  270.000  0.000000e+00 
  271.000  0.000000e+00 
  272.000  0.000000e+00 
  273.000  0.000000e+00 
  274.000  0.000000e+00 
  275.000  0.000000e+00 
  276.000  0.000000e+00 
  277.000  0.000000e+00 
  278.000  0.000000e+00 
  279.000  0.000000e+00 
  280.000  0.000000e+00 
  281.000  0.000000e+00 
  282.000  0.000000e+00 
  283.000  0.000000e+00 
  284.000  0.000000e+00 
  285.000  0.000000e+00 
  286.000  0.000000e+00 
  287.000  0.000000e+00 
  288.000  0.000000e+00 
  289.000  0.000000e+00 
  290.000  0.000000e+00 
  291.000  0.000000e+00 
  292.000  0.000000e+00 
  293.000  4.298942e-13 
  294.000  1.987968e-11 
  295.000  2.141406e-10 
  296.000  6.943793e-09 
  297.000  5.153031e-08 
  298.000  5.681895e-07 
  299.000  2.880993e-06 
  300.000  1.614564e-05 
  301.000  6.415345e-05 
  302.000  2.047529e-04 
  303.000  8.533821e-04 
  304.000  1.334745e-03 
  305.000  4.250689e-03 
  306.000  7.701427e-03 
  307.000  1.673905e-02 
  308.000  2.644137e-02 
  309.000  4.137332e-02 
  310.000  7.392299e-02 
  311.000  9.062442e-02 
  312.000  1.255749e-01 
  313.000  1.777513e-01 
  314.000  1.958184e-01 
  315.000  2.769165e-01 
  316.000  2.929624e-01 
  317.000  3.669691e-01 
  318.000  4.007255e-01 
  319.000  5.465103e-01 
  320.000  4.246317e-01 
  321.000  6.550035e-01 
  322.000  5.275231e-01 
  323.000  6.312727e-01 
  324.000  7.864085e-01 
  325.000  6.374233e-01 
  326.000  7.998918e-01 
  327.000  8.330375e-01 
  328.000  7.140687e-01 
  329.000  9.033340e-01 
  330.000  9.159242e-01 
  331.000  8.012481e-01 
  332.000  9.266035e-01 
  333.000  9.333897e-01 
  334.000  8.897454e-01 
  335.000  9.575877e-01 
  336.000  9.712245e-01 
  337.000  9.222524e-01 
  338.000  9.588666e-01 
  339.000  9.777476e-01 
  340.000  9.508566e-01 
  341.000  9.761758e-01 
  342.000  9.847569e-01 
  343.000  9.821522e-01 
  344.000  9.559142e-01 
  345.000  9.830112e-01 
  346.000  9.876178e-01 
  347.000  9.844061e-01 
  348.000  9.876184e-01 
  349.000  9.910809e-01 
  350.000  9.926719e-01 
  351.000  9.933192e-01 
  352.000  9.937552e-01 
  353.000  9.942030e-01 
  354.000  9.926843e-01 
  355.000  9.922560e-01 
  356.000  9.925538e-01 
  357.000  9.899196e-01 
  358.000  9.884858e-01 
  359.000  9.868934e-01 
  360.000  9.851079e-01 
  361.000  9.839330e-01 
  362.000  9.863780e-01 
  363.000  9.887094e-01 
  364.000  9.909244e-01 
  365.000  9.907935e-01 
  366.000  9.919349e-01 
  367.000  9.922907e-01 
  368.000  9.920956e-01 
  369.000  9.924210e-01 
  370.000  9.922622e-01 
  371.000  9.927535e-01 
  372.000  9.912121e-01 
  373.000  9.919123e-01 
  374.000  9.920654e-01 
  375.000  9.923142e-01 
  376.000  9.907265e-01 
  377.000  9.904739e-01 
  378.000  9.900087e-01 
  379.000  9.880959e-01 
  380.000  9.859162e-01 
  381.000  9.866919e-01 
  382.000  9.884881e-01 
  383.000  9.905270e-01 
  384.000  9.907004e-01 
  385.000  9.911817e-01 
  386.000  9.915658e-01 
  387.000  9.914555e-01 
  388.000  9.912545e-01 
  389.000  9.912076e-01 
  390.000  9.911838e-01 
  391.000  9.913893e-01 
  392.000  9.903368e-01 
  393.000  9.918603e-01 
  394.000  9.918730e-01 
  395.000  9.916739e-01 
  396.000  9.911700e-01 
  397.000  9.919467e-01 
  398.000  9.904547e-01 
  399.000  9.915667e-01 
  400.000  9.902120e-01 
  401.000  9.905172e-01 
  402.000  9.916285e-01 
  403.000  9.922791e-01 
  404.000  9.910279e-01 
  405.000  9.906318e-01 
  406.000  9.917382e-01 
  407.000  9.926076e-01 
  408.000  9.909887e-01 
  409.000  9.900816e-01 
  410.000  9.905018e-01 
  411.000  9.902816e-01 
  412.000  9.914473e-01 
  413.000  9.898728e-01 
  414.000  9.905108e-01 
  415.000  9.906384e-01 
  416.000  9.919807e-01 
  417.000  9.917870e-01 
  418.000  9.909918e-01 
  419.000  9.911483e-01 
  420.000  9.903409e-01 
  421.000  9.900813e-01 
  422.000  9.897249e-01 
  423.000  9.901909e-01 
  424.000  9.892378e-01 
  425.000  9.902467e-01 
  426.000  9.914575e-01 
  427.000  9.903332e-01 
  428.000  9.892741e-01 
  429.000  9.909936e-01 
  430.000  9.909705e-01 
  431.000  9.890649e-01 
  432.000  9.907731e-01 
  433.000  9.903701e-01 
  434.000  9.893115e-01 
  435.000  9.871720e-01 
  436.000  9.889501e-01 
  437.000  9.908672e-01 
  438.000  9.912085e-01 
  439.000  9.867099e-01 
  440.000  9.881338e-01 
  441.000  9.899749e-01 
  442.000  9.905633e-01 
  443.000  9.893827e-01 
  444.000  9.876988e-01 
  445.000  9.858168e-01 
  446.000  9.873340e-01 
  447.000  9.880446e-01 
  448.000  9.837379e-01 
  449.000  9.872401e-01 
  450.000  9.884315e-01 
  451.000  9.882079e-01 
  452.000  9.879484e-01 
  453.000  9.878795e-01 
  454.000  9.885306e-01 
  455.000  9.873496e-01 
  456.000  9.868228e-01 
  457.000  9.869737e-01 
  458.000  9.839754e-01 
  459.000  9.846585e-01 
  460.000  9.829047e-01 
  461.000  9.829707e-01 
  462.000  9.839278e-01 
  463.000  9.813693e-01 
  464.000  9.826154e-01 
  465.000  9.832488e-01 
  466.000  9.841807e-01 
  467.000  9.824697e-01 
  468.000  9.828025e-01 
  469.000  9.831406e-01 
  470.000  9.826371e-01 
  471.000  9.820273e-01 
  472.000  9.800325e-01 
  473.000  9.775981e-01 
  474.000  9.727713e-01 
  475.000  9.696475e-01 
  476.000  9.667236e-01 
  477.000  9.650149e-01 
  478.000  9.643503e-01 
  479.000  9.646086e-01 
  480.000  9.650682e-01 
  481.000  9.681819e-01 
  482.000  9.703338e-01 
  483.000  9.717721e-01 
  484.000  9.714033e-01 
  485.000  9.706634e-01 
  486.000  9.707195e-01 
  487.000  9.713312e-01 
  488.000  9.704551e-01 
  489.000  9.692739e-01 
  490.000  9.706417e-01 
  491.000  9.712700e-01 
  492.000  9.706084e-01 
  493.000  9.698884e-01 
  494.000  9.686660e-01 
  495.000  9.682485e-01 
  496.000  9.665435e-01 
  497.000  9.653972e-01 
  498.000  9.644397e-01 
  499.000  9.628410e-01 
  500.000  9.610983e-01 
  501.000  9.589978e-01 
  502.000  9.551960e-01 
  503.000  9.519283e-01 
  504.000  9.504338e-01 
  505.000  9.471420e-01 
  506.000  9.480915e-01 
  507.000  9.484641e-01 
  508.000  9.490283e-01 
  509.000  9.488989e-01 
  510.000  9.492314e-01 
  511.000  9.494090e-01 
  512.000  9.494741e-01 
  513.000  9.498787e-01 
  514.000  9.499968e-01 
  515.000  9.502231e-01 
  516.000  9.492647e-01 
  517.000  9.481069e-01 
  518.000  9.472328e-01 
  519.000  9.454280e-01 
  520.000  9.446244e-01 
  521.000  9.428948e-01 
  522.000  9.417564e-01 
  523.000  9.400083e-01 
  524.000  9.379767e-01 
  525.000  9.356073e-01 
  526.000  9.322287e-01 
  527.000  9.295794e-01 
  528.000  9.264576e-01 
  529.000  9.236866e-01 
  530.000  9.216008e-01 
  531.000  9.199166e-01 
  532.000  9.187284e-01 
  533.000  9.180266e-01 
  534.000  9.171374e-01 
  535.000  9.168147e-01 
  536.000  9.163727e-01 
  537.000  9.156823e-01 
  538.000  9.150754e-01 
  539.000  9.141933e-01 
  540.000  9.139150e-01 
  541.000  9.125947e-01 
  542.000  9.112142e-01 
  543.000  9.104180e-01 
  544.000  9.096560e-01 
  545.000  9.080139e-01 
  546.000  9.075371e-01 
  547.000  9.074896e-01 
  548.000  9.067189e-01 
  549.000  9.063684e-01 
  550.000  9.058233e-01 
  551.000  9.053875e-01 
  552.000  9.043231e-01 
  553.000  9.027436e-01 
  554.000  9.019718e-01 
  555.000  9.009749e-01 
  556.000  8.986726e-01 
  557.000  8.957868e-01 
  558.000  8.932442e-01 
  559.000  8.897807e-01 
  560.000  8.868830e-01 
  561.000  8.843879e-01 
  562.000  8.822230e-01 
  563.000  8.795671e-01 
  564.000  8.767567e-01 
  565.000  8.743969e-01 
  566.000  8.722525e-01 
  567.000  8.699169e-01 
  568.000  8.672082e-01 
  569.000  8.614455e-01 
  570.000  8.567488e-01 
  571.000  8.548525e-01 
  572.000  8.524182e-01 
  573.000  8.501000e-01 
  574.000  8.476968e-01 
  575.000  8.457124e-01 
  576.000  8.455255e-01 
  577.000  8.459377e-01 
  578.000  8.479466e-01 
  579.000  8.501086e-01 
  580.000  8.521261e-01 
  581.000  8.557759e-01 
  582.000  8.593720e-01 
  583.000  8.624049e-01 
  584.000  8.668983e-01 
  585.000  8.684937e-01 
  586.000  8.700025e-01 
  587.000  8.703333e-01 
  588.000  8.705932e-01 
  589.000  8.657980e-01 
  590.000  8.654572e-01 
  591.000  8.667489e-01 
  592.000  8.616533e-01 
  593.000  8.670004e-01 
  594.000  8.632603e-01 
  595.000  8.638622e-01 
  596.000  8.633197e-01 
  597.000  8.630588e-01 
  598.000  8.614668e-01 
  599.000  8.611301e-01 
  600.000  8.597113e-01 
  601.000  8.602247e-01 
  602.000  8.609332e-01 
  603.000  8.613240e-01 
  604.000  8.616911e-01 
  605.000  8.619566e-01 
  606.000  8.637925e-01 
  607.000  8.652634e-01 
  608.000  8.672491e-01 
  609.000  8.680686e-01 
  610.000  8.697117e-01 
  611.000  8.710121e-01 
  612.000  8.728899e-01 
  613.000  8.745354e-01 
  614.000  8.757074e-01 
  615.000  8.770781e-01 
  616.000  8.790790e-01 
  617.000  8.805198e-01 
  618.000  8.814172e-01 
  619.000  8.828210e-01 
  620.000  8.839677e-01 
  621.000  8.846581e-01 
  622.000  8.849624e-01 
  623.000  8.854517e-01 
  624.000  8.856199e-01 
  625.000  8.858320e-01 
  626.000  8.854001e-01 
  627.000  8.851289e-01 
  628.000  8.524709e-01 
  629.000  8.678094e-01 
  630.000  8.733195e-01 
  631.000  8.847600e-01 
  632.000  8.893562e-01 
  633.000  8.919869e-01 
  634.000  8.958769e-01 
  635.000  8.968942e-01 
  636.000  9.013433e-01 
  637.000  9.063417e-01 
  638.000  9.091641e-01 
  639.000  9.124581e-01 
  640.000  9.142838e-01 
  641.000  9.174027e-01 
  642.000  9.187715e-01 
  643.000  9.196575e-01 
  644.000  9.209588e-01 
  645.000  9.222361e-01 
  646.000  9.216803e-01 
  647.000  9.210339e-01 
  648.000  9.193879e-01 
  649.000  9.226169e-01 
  650.000  9.278502e-01 
  651.000  9.289013e-01 
  652.000  9.292077e-01 
  653.000  9.311241e-01 
  654.000  9.328851e-01 
  655.000  9.291793e-01 
  656.000  9.332179e-01 
  657.000  9.347705e-01 
  658.000  9.373702e-01 
  659.000  9.393155e-01 
  660.000  9.397194e-01 
  661.000  9.414074e-01 
  662.000  9.417928e-01 
  663.000  9.429917e-01 
  664.000  9.438379e-01 
  665.000  9.447577e-01 
  666.000  9.457596e-01 
  667.000  9.471821e-01 
  668.000  9.479371e-01 
  669.000  9.491361e-01 
  670.000  9.498201e-01 
  671.000  9.511758e-01 
  672.000  9.514198e-01 
  673.000  9.525119e-01 
  674.000  9.528941e-01 
  675.000  9.540510e-01 
  676.000  9.543659e-01 
  677.000  9.549983e-01 
  678.000  9.559429e-01 
  679.000  9.565178e-01 
  680.000  9.575440e-01 
  681.000  9.580673e-01 
  682.000  9.596639e-01 
  683.000  9.600947e-01 
  684.000  9.615381e-01 
  685.000  9.621425e-01 
  686.000  9.630452e-01 
  687.000  5.915757e-01 
  688.000  7.668929e-01 
  689.000  8.224705e-01 
  690.000  8.634025e-01 
  691.000  8.945935e-01 
  692.000  9.454013e-01 
  693.000  9.455544e-01 
  694.000  9.492760e-01 
  695.000  9.589716e-01 
  696.000  9.560818e-01 
  697.000  9.689820e-01 
  698.000  9.692437e-01 
  699.000  9.638301e-01 
  700.000  9.658495e-01 
  701.000  9.613881e-01 
  702.000  9.639739e-01 
  703.000  9.664061e-01 
  704.000  9.677731e-01 
  705.000  9.687438e-01 
  706.000  9.706622e-01 
  707.000  9.723129e-01 
  708.000  9.740070e-01 
  709.000  9.743648e-01 
  710.000  9.739312e-01 
  711.000  9.757935e-01 
  712.000  9.754441e-01 
  713.000  9.769166e-01 
  714.000  9.759613e-01 
  715.000  9.740875e-01 
  716.000  9.749587e-01 
  717.000  9.659135e-01 
  718.000  9.347273e-01 
  719.000  8.965014e-01 
  720.000  9.378905e-01 
  721.000  9.717104e-01 
  722.000  9.709368e-01 
  723.000  9.693206e-01 
  724.000  9.254513e-01 
  725.000  9.430586e-01 
  726.000  9.619786e-01 
  727.000  9.530413e-01 
  728.000  9.394315e-01 
  729.000  9.471164e-01 
  730.000  9.637413e-01 
  731.000  9.571602e-01 
  732.000  9.622673e-01 
  733.000  9.749672e-01 
  734.000  9.805686e-01 
  735.000  9.764041e-01 
  736.000  9.795510e-01 
  737.000  9.796716e-01 
  738.000  9.818410e-01 
  739.000  9.824607e-01 
  740.000  9.849082e-01 
  741.000  9.860452e-01 
  742.000  9.863554e-01 
  743.000  9.864394e-01 
  744.000  9.868255e-01 
  745.000  9.870471e-01 
  746.000  9.875339e-01 
  747.000  9.878375e-01 
  748.000  9.880126e-01 
  749.000  9.881497e-01 
  750.000  9.884221e-01 
  751.000  9.885874e-01 
  752.000  9.892805e-01 
  753.000  9.894737e-01 
  754.000  9.897133e-01 
  755.000  9.899675e-01 
  756.000  9.900985e-01 
  757.000  9.903454e-01 
  758.000  9.907275e-01 
  759.000  9.769138e-01 
  760.000  2.618995e-01 
  761.000  1.240694e-01 
  762.000  5.468516e-01 
  763.000  4.184618e-01 
  764.000  5.112883e-01 
  765.000  6.783524e-01 
  766.000  8.332050e-01 
  767.000  8.940460e-01 
  768.000  9.648655e-01 
  769.000  9.830030e-01 
  770.000  9.831719e-01 
  771.000  9.898435e-01 
  772.000  9.914914e-01 
  773.000  9.914397e-01 
  774.000  9.913908e-01 
  775.000  9.913862e-01 
  776.000  9.913736e-01 
  777.000  9.913741e-01 
  778.000  9.913638e-01 
  779.000  9.913324e-01 
  780.000  9.913073e-01 
  781.000  9.915787e-01 
  782.000  9.917902e-01 
  783.000  9.919646e-01 
  784.000  9.919540e-01 
  785.000  9.919115e-01 
  786.000  9.911361e-01 
  787.000  9.914717e-01 
  788.000  9.898582e-01 
  789.000  9.898341e-01 
  790.000  9.868172e-01 
  791.000  9.873399e-01 
  792.000  9.886207e-01 
  793.000  9.895656e-01 
  794.000  9.939710e-01 
  795.000  9.925981e-01 
  796.000  9.842964e-01 
  797.000  9.908867e-01 
  798.000  9.911715e-01 
  799.000  9.923851e-01 
  800.000  9.887977e-01 
  801.000  9.871936e-01 
  802.000  9.897278e-01 
  803.000  9.888231e-01 
  804.000  9.885679e-01 
  805.000  9.903724e-01 
  806.000  9.932963e-01 
  807.000  9.912584e-01 
  808.000  9.930480e-01 
  809.000  9.899089e-01 
  810.000  9.883843e-01 
  811.000  9.894130e-01 
  812.000  9.859904e-01 
  813.000  9.796268e-01 
  814.000  9.679285e-01 
  815.000  9.536045e-01 
  816.000  9.639040e-01 
  817.000  9.062098e-01 
  818.000  9.450620e-01 
  819.000  9.623009e-01 
  820.000  9.377428e-01 
  821.000  9.875139e-01 
  822.000  9.816288e-01 
  823.000  8.851885e-01 
  824.000  9.745146e-01 
  825.000  9.844258e-01 
  826.000  9.735980e-01 
  827.000  9.842305e-01 
  828.000  9.565485e-01 
  829.000  9.787534e-01 
  830.000  9.743772e-01 
  831.000  9.754523e-01 
  832.000  9.767290e-01 
  833.000  9.838474e-01 
  834.000  9.848540e-01 
  835.000  9.883178e-01 
  836.000  9.894862e-01 
  837.000  9.882050e-01 
  838.000  9.918123e-01 
  839.000  9.926828e-01 
  840.000  9.931781e-01 
  841.000  9.931781e-01 
  842.000  9.905478e-01 
  843.000  9.950224e-01 
  844.000  9.920994e-01 
  845.000  9.943530e-01 
  846.000  9.949428e-01 
  847.000  9.954085e-01 
  848.000  9.947248e-01 
  849.000  9.949489e-01 
  850.000  9.956703e-01 
  851.000  9.981171e-01 
  852.000  9.993314e-01 
  853.000  9.993916e-01 
  854.000  9.992676e-01 
  855.000  9.992676e-01 
  856.000  9.993461e-01 
  857.000  9.998565e-01 
  858.000  9.993290e-01 
  859.000  9.996316e-01 
  860.000  9.999614e-01 
  861.000  9.998047e-01 
  862.000  9.999356e-01 
  863.000  9.996467e-01 
  864.000  9.999807e-01 
  865.000  9.999807e-01 
  866.000  9.999075e-01 
  867.000  9.999874e-01 
  868.000  9.999111e-01 
  869.000  9.997014e-01 
  870.000  9.999384e-01 
  871.000  9.998572e-01 
  872.000  9.999827e-01 
  873.000  9.999300e-01 
  874.000  9.999300e-01 
  875.000  9.999959e-01 
  876.000  9.999970e-01 
  877.000  9.999457e-01 
  878.000  9.999195e-01 
  879.000  9.999047e-01 
  880.000  9.999607e-01 
  881.000  9.999607e-01 
  882.000  9.996854e-01 
  883.000  9.997186e-01 
  884.000  9.997594e-01 
  885.000  9.998091e-01 
  886.000  9.980782e-01 
  887.000  9.996442e-01 
  888.000  9.996442e-01 
  889.000  9.992849e-01 
  890.000  9.982837e-01 
  891.000  9.996604e-01 
  892.000  9.981160e-01 
  893.000  9.948206e-01 
  894.000  9.948206e-01 
  895.000  9.863287e-01 
  896.000  9.763150e-01 
  897.000  9.321479e-01 
  898.000  9.733239e-01 
  899.000  8.807994e-01 
  900.000  8.807994e-01 
  901.000  9.006191e-01 
  902.000  9.193210e-01 
  903.000  9.397073e-01 
  904.000  9.866032e-01 
  905.000  9.820194e-01 
  906.000  9.820194e-01 
  907.000  9.330945e-01 
  908.000  9.174470e-01 
  909.000  9.281126e-01 
  910.000  9.174457e-01 
  911.000  9.174457e-01 
  912.000  9.667019e-01 
  913.000  9.436451e-01 
  914.000  9.268980e-01 
  915.000  9.006923e-01 
  916.000  9.006923e-01 
  917.000  9.661116e-01 
  918.000  9.156903e-01 
  919.000  9.573095e-01 
  920.000  9.860752e-01 
  921.000  9.860752e-01 
  922.000  9.782659e-01 
  923.000  9.762744e-01 
  924.000  9.698889e-01 
  925.000  9.698889e-01 
  926.000  9.727798e-01 
  927.000  9.783626e-01 
  928.000  9.306824e-01 
  929.000  9.232379e-01 
  930.000  9.232379e-01 
  931.000  8.398347e-01 
  932.000  6.806602e-01 
  933.000  7.162384e-01 
  934.000  7.162384e-01 
  935.000  6.532174e-01 
  936.000  6.257882e-01 
  937.000  6.252584e-01 
  938.000  6.252584e-01 
  939.000  7.332850e-01 
  940.000  8.469298e-01 
  941.000  8.142099e-01 
  942.000  8.142099e-01 
  943.000  7.113058e-01 
  944.000  7.136461e-01 
  945.000  8.108115e-01 
  946.000  8.108115e-01 
  947.000  7.379096e-01 
  948.000  7.629818e-01 
  949.000  8.106110e-01 
  950.000  8.106110e-01 
  951.000  8.169237e-01 
  952.000  7.355185e-01 
  953.000  8.535363e-01 
  954.000  8.535363e-01 
  955.000  8.505502e-01 
  956.000  7.556344e-01 
  957.000  8.823475e-01 
  958.000  8.823475e-01 
  959.000  8.221267e-01 
  960.000  8.730363e-01 
  961.000  8.730363e-01 
  962.000  8.913936e-01 
  963.000  9.285016e-01 
  964.000  8.680588e-01 
  965.000  8.680588e-01 
  966.000  9.031366e-01 
  967.000  9.474679e-01 
  968.000  9.474679e-01 
  969.000  9.591860e-01 
  970.000  9.760216e-01 
  971.000  9.813309e-01 
  972.000  9.813309e-01 
  973.000  9.745413e-01 
  974.000  9.374456e-01 
  975.000  9.374456e-01 
  976.000  9.274182e-01 
  977.000  9.664016e-01 
  978.000  9.609963e-01 
  979.000  9.609963e-01 
  980.000  9.631374e-01 
  981.000  9.899240e-01 
  982.000  9.899240e-01 
  983.000  9.831844e-01 
  984.000  9.888941e-01 
  985.000  9.888941e-01 
  986.000  9.974498e-01 
  987.000  9.941540e-01 
  988.000  9.941540e-01 
  989.000  9.988011e-01 
  990.000  9.967886e-01 
  991.000  9.967886e-01 
  992.000  9.980606e-01 
  993.000  9.978926e-01 
  994.000  9.978926e-01 
  995.000  9.996275e-01 
  996.000  9.996589e-01 
  997.000  9.996589e-01 
  998.000  9.996111e-01 
  999.000  9.994320e-01 
 1000.000  9.994320e-01 
 1001.000  9.995543e-01 
 1002.000  9.968882e-01 
 1003.000  9.968882e-01 
 1004.000  9.994837e-01 
 1005.000  9.996550e-01 
 1006.000  9.996550e-01 
 1007.000  9.997351e-01 
 1008.000  9.991081e-01 
 1009.000  9.991081e-01 
 1010.000  9.969233e-01 
 1011.000  9.996135e-01 
 1012.000  9.996135e-01 
 1013.000  9.997333e-01 
 1014.000  9.996596e-01 
 1015.000  9.996596e-01 
 1016.000  9.997410e-01 
 1017.000  9.996325e-01 
 1018.000  9.996325e-01 
 1019.000  9.993530e-01 
 1020.000  9.997569e-01 
 1021.000  9.997569e-01 
 1022.000  9.993706e-01 
 1023.000  9.993706e-01 
 1024.000  9.993347e-01 
 1025.000  9.996858e-01 
 1026.000  9.996858e-01 
 1027.000  9.994546e-01 
 1028.000  9.996303e-01 
 1029.000  9.996303e-01 
 1030.000  9.996164e-01 
 1031.000  9.994987e-01 
 1032.000  9.994987e-01 
 1033.000  9.993379e-01 
 1034.000  9.993379e-01 
 1035.000  9.991764e-01 
 1036.000  9.984029e-01 
 1037.000  9.984029e-01 
 1038.000  9.982435e-01 
 1039.000  9.973748e-01 
 1040.000  9.973748e-01 
 1041.000  9.967494e-01 
 1042.000  9.967494e-01 
 1043.000  9.959646e-01 
 1044.000  9.948106e-01 
 1045.000  9.948106e-01 
 1046.000  9.932294e-01 
 1047.000  9.932294e-01 
 1048.000  9.916564e-01 
 1049.000  9.885204e-01 
 1050.000  9.885204e-01 
 1051.000  9.871203e-01 
 1052.000  9.871203e-01 
 1053.000  9.849904e-01 
 1054.000  9.831805e-01 
 1055.000  9.831805e-01 
 1056.000  9.811095e-01 
 1057.000  9.811095e-01 
 1058.000  9.791767e-01 
 1059.000  9.772819e-01 
 1060.000  9.772819e-01 
 1061.000  9.760791e-01 
 1062.000  9.760791e-01 
 1063.000  9.741334e-01 
 1064.000  9.730759e-01 
 1065.000  9.730759e-01 
 1066.000  9.745868e-01 
 1067.000  9.745868e-01 
 1068.000  9.736299e-01 
 1069.000  9.760414e-01 
 1070.000  9.760414e-01 
 1071.000  9.780499e-01 
 1072.000  9.780499e-01 
 1073.000  9.798847e-01 
 1074.000  9.798847e-01 
 1075.000  9.805058e-01 
 1076.000  9.819450e-01 
 1077.000  9.819450e-01 
 1078.000  9.857160e-01 
 1079.000  9.857160e-01 
 1080.000  9.856831e-01 
 1081.000  9.856831e-01 
 1082.000  9.884046e-01 
 1083.000  9.886187e-01 
 1084.000  9.886187e-01 
 1085.000  9.863779e-01 
 1086.000  9.863779e-01 
 1087.000  9.924958e-01 
 1088.000  9.924958e-01 
 1089.000  9.912925e-01 
 1090.000  9.906004e-01 
 1091.000  9.906004e-01 
 1092.000  9.876387e-01 
 1093.000  9.876387e-01 
 1094.000  9.882953e-01 
 1095.000  9.882953e-01 
 1096.000  9.862046e-01 
 1097.000  9.862046e-01 
 1098.000  9.828856e-01 
 1099.000  9.662628e-01 
 1100.000  9.662628e-01 
 1101.000  9.671048e-01 
 1102.000  9.671048e-01 
 1103.000  9.599684e-01 
 1104.000  9.599684e-01 
 1105.000  9.553733e-01 
 1106.000  9.553733e-01 
 1107.000  9.550906e-01 
 1108.000  9.550906e-01 
 1109.000  9.405709e-01 
 1110.000  9.247453e-01 
 1111.000  9.247453e-01 
 1112.000  9.016151e-01 
 1113.000  9.016151e-01 
 1114.000  8.353253e-01 
 1115.000  8.353253e-01 
 1116.000  6.759842e-01 
 1117.000  6.759842e-01 
 1118.000  7.501888e-01 
 1119.000  7.501888e-01 
 1120.000  7.014007e-01 
 1121.000  7.014007e-01 
 1122.000  5.334316e-01 
 1123.000  7.157781e-01 
 1124.000  7.157781e-01 
 1125.000  5.665014e-01 
 1126.000  5.665014e-01 
 1127.000  6.339740e-01 
 1128.000  6.339740e-01 
 1129.000  6.329389e-01 
 1130.000  6.329389e-01 
 1131.000  8.491896e-01 
 1132.000  8.491896e-01 
 1133.000  6.490815e-01 
 1134.000  6.490815e-01 
 1135.000  4.249802e-01 
 1136.000  4.249802e-01 
 1137.000  8.607826e-01 
 1138.000  8.607826e-01 
 1139.000  7.882954e-01 
 1140.000  7.882954e-01 
 1141.000  7.803695e-01 
 1142.000  7.803695e-01 
 1143.000  8.348947e-01 
 1144.000  8.348947e-01 
 1145.000  6.584076e-01 
 1146.000  6.584076e-01 
 1147.000  6.591449e-01 
 1148.000  6.591449e-01 
 1149.000  7.408215e-01 
 1150.000  7.408215e-01 
 1151.000  8.082424e-01 
 1152.000  8.082424e-01 
 1153.000  7.665215e-01 
 1154.000  7.665215e-01 
 1155.000  8.110113e-01 
 1156.000  8.110113e-01 
 1157.000  8.763940e-01 
 1158.000  8.763940e-01 
 1159.000  9.307595e-01 
 1160.000  9.307595e-01 
 1161.000  9.181768e-01 
 1162.000  9.181768e-01 
 1163.000  9.484899e-01 
 1164.000  9.484899e-01 
 1165.000  9.372327e-01 
 1166.000  9.372327e-01 
 1167.000  9.629788e-01 
 1168.000  9.629788e-01 
 1169.000  9.626918e-01 
 1170.000  9.626918e-01 
 1171.000  9.693176e-01 
 1172.000  9.693176e-01 
 1173.000  9.369548e-01 
 1174.000  9.369548e-01 
 1175.000  9.844774e-01 
 1176.000  9.844774e-01 
 1177.000  9.559667e-01 
 1178.000  9.559667e-01 
 1179.000  9.769078e-01 
 1180.000  9.769078e-01 
 1181.000  9.298270e-01 
 1182.000  9.298270e-01 
 1183.000  9.655795e-01 
 1184.000  9.655795e-01 
 1185.000  9.767362e-01 
 1186.000  9.767362e-01 
 1187.000  9.309591e-01 
 1188.000  9.309591e-01 
 1189.000  9.309591e-01 
 1190.000  9.649316e-01 
 1191.000  9.649316e-01 
 1192.000  9.872092e-01 
 1193.000  9.872092e-01 
 1194.000  9.721382e-01 
 1195.000  9.721382e-01 
 1196.000  9.798474e-01 
 1197.000  9.798474e-01 
 1198.000  9.649203e-01 
 1199.000  9.649203e-01 
 1200.000  9.624899e-01 
