  250.000  0.000000e+00 
  251.000  0.000000e+00 
  252.000  0.000000e+00 
  253.000  0.000000e+00 
  254.000  0.000000e+00 
  255.000  0.000000e+00 
  256.000  0.000000e+00 
  257.000  0.000000e+00 
  258.000  0.000000e+00 
  259.000  0.000000e+00 
  260.000  0.000000e+00 
  261.000  0.000000e+00 
  262.000  0.000000e+00 
  263.000  0.000000e+00 
  264.000  0.000000e+00 
  265.000  0.000000e+00 
  266.000  0.000000e+00 
  267.000  0.000000e+00 
  268.000  0.000000e+00 
  269.000  0.000000e+00 
  270.000  0.000000e+00 
  271.000  0.000000e+00 
  272.000  0.000000e+00 
  273.000  0.000000e+00 
  274.000  0.000000e+00 
  275.000  0.000000e+00 
  276.000  0.000000e+00 
  277.000  0.000000e+00 
  278.000  0.000000e+00 
  279.000  0.000000e+00 
  280.000  0.000000e+00 
  281.000  0.000000e+00 
  282.000  0.000000e+00 
  283.000  0.000000e+00 
  284.000  0.000000e+00 
  285.000  0.000000e+00 
  286.000  0.000000e+00 
  287.000  0.000000e+00 
  288.000  0.000000e+00 
  289.000  0.000000e+00 
  290.000  0.000000e+00 
  291.000  0.000000e+00 
  292.000  0.000000e+00 
  293.000  0.000000e+00 
  294.000  1.105377e-05 
  295.000  3.323751e-05 
  296.000  1.664985e-04 
  297.000  4.212909e-04 
  298.000  1.280539e-03 
  299.000  2.716070e-03 
  300.000  6.034228e-03 
  301.000  1.143217e-02 
  302.000  1.956915e-02 
  303.000  3.790483e-02 
  304.000  4.662997e-02 
  305.000  7.973787e-02 
  306.000  1.050046e-01 
  307.000  1.504433e-01 
  308.000  1.859223e-01 
  309.000  2.287683e-01 
  310.000  2.993207e-01 
  311.000  3.289385e-01 
  312.000  3.825834e-01 
  313.000  4.493926e-01 
  314.000  4.699963e-01 
  315.000  5.518333e-01 
  316.000  5.664138e-01 
  317.000  6.287006e-01 
  318.000  6.548675e-01 
  319.000  7.560652e-01 
  320.000  6.726875e-01 
  321.000  8.222244e-01 
  322.000  7.438000e-01 
  323.000  8.083085e-01 
  324.000  8.948981e-01 
  325.000  8.119574e-01 
  326.000  9.019947e-01 
  327.000  9.191176e-01 
  328.000  8.558151e-01 
  329.000  9.542705e-01 
  330.000  9.604259e-01 
  331.000  9.027204e-01 
  332.000  9.655883e-01 
  333.000  9.689206e-01 
  334.000  9.476149e-01 
  335.000  9.804565e-01 
  336.000  9.868819e-01 
  337.000  9.635242e-01 
  338.000  9.810444e-01 
  339.000  9.900159e-01 
  340.000  9.772996e-01 
  341.000  9.893380e-01 
  342.000  9.933931e-01 
  343.000  9.921758e-01 
  344.000  9.798411e-01 
  345.000  9.925736e-01 
  346.000  9.946937e-01 
  347.000  9.931721e-01 
  348.000  9.946632e-01 
  349.000  9.962896e-01 
  350.000  9.969696e-01 
  351.000  9.973224e-01 
  352.000  9.974974e-01 
  353.000  9.976771e-01 
  354.000  9.970673e-01 
  355.000  9.968953e-01 
  356.000  9.970149e-01 
  357.000  9.959556e-01 
  358.000  9.953783e-01 
  359.000  9.947366e-01 
  360.000  9.940164e-01 
  361.000  9.935420e-01 
  362.000  9.945288e-01 
  363.000  9.954684e-01 
  364.000  9.963599e-01 
  365.000  9.963073e-01 
  366.000  9.967661e-01 
  367.000  9.969093e-01 
  368.000  9.968307e-01 
  369.000  9.969615e-01 
  370.000  9.968978e-01 
  371.000  9.970952e-01 
  372.000  9.964756e-01 
  373.000  9.967570e-01 
  374.000  9.968187e-01 
  375.000  9.969186e-01 
  376.000  9.962803e-01 
  377.000  9.961787e-01 
  378.000  9.959915e-01 
  379.000  9.952213e-01 
  380.000  9.943426e-01 
  381.000  9.946554e-01 
  382.000  9.953793e-01 
  383.000  9.962000e-01 
  384.000  9.962698e-01 
  385.000  9.964634e-01 
  386.000  9.966178e-01 
  387.000  9.965734e-01 
  388.000  9.964926e-01 
  389.000  9.964737e-01 
  390.000  9.964641e-01 
  391.000  9.965469e-01 
  392.000  9.961236e-01 
  393.000  9.967362e-01 
  394.000  9.967412e-01 
  395.000  9.966612e-01 
  396.000  9.964586e-01 
  397.000  9.967710e-01 
  398.000  9.961709e-01 
  399.000  9.966182e-01 
  400.000  9.960732e-01 
  401.000  9.961961e-01 
  402.000  9.966431e-01 
  403.000  9.969045e-01 
  404.000  9.964015e-01 
  405.000  9.962416e-01 
  406.000  9.966772e-01 
  407.000  9.970136e-01 
  408.000  9.963531e-01 
  409.000  9.959762e-01 
  410.000  9.961349e-01 
  411.000  9.960442e-01 
  412.000  9.965121e-01 
  413.000  9.958780e-01 
  414.000  9.961339e-01 
  415.000  9.961842e-01 
  416.000  9.967204e-01 
  417.000  9.966400e-01 
  418.000  9.963171e-01 
  419.000  9.963761e-01 
  420.000  9.960479e-01 
  421.000  9.959333e-01 
  422.000  9.957814e-01 
  423.000  9.959587e-01 
  424.000  9.955649e-01 
  425.000  9.959611e-01 
  426.000  9.964471e-01 
  427.000  9.959936e-01 
  428.000  9.955664e-01 
  429.000  9.962572e-01 
  430.000  9.962461e-01 
  431.000  9.954738e-01 
  432.000  9.961532e-01 
  433.000  9.959833e-01 
  434.000  9.955512e-01 
  435.000  9.946800e-01 
  436.000  9.953836e-01 
  437.000  9.961369e-01 
  438.000  9.962626e-01 
  439.000  9.944355e-01 
  440.000  9.949953e-01 
  441.000  9.957299e-01 
  442.000  9.959551e-01 
  443.000  9.954724e-01 
  444.000  9.947827e-01 
  445.000  9.940156e-01 
  446.000  9.946203e-01 
  447.000  9.948968e-01 
  448.000  9.931512e-01 
  449.000  9.945555e-01 
  450.000  9.950259e-01 
  451.000  9.949218e-01 
  452.000  9.948054e-01 
  453.000  9.947592e-01 
  454.000  9.950008e-01 
  455.000  9.945127e-01 
  456.000  9.942464e-01 
  457.000  9.942549e-01 
  458.000  9.929683e-01 
  459.000  9.932045e-01 
  460.000  9.924412e-01 
  461.000  9.924638e-01 
  462.000  9.928458e-01 
  463.000  9.918077e-01 
  464.000  9.923070e-01 
  465.000  9.925599e-01 
  466.000  9.929169e-01 
  467.000  9.922118e-01 
  468.000  9.923323e-01 
  469.000  9.924578e-01 
  470.000  9.922355e-01 
  471.000  9.919554e-01 
  472.000  9.911178e-01 
  473.000  9.901007e-01 
  474.000  9.881145e-01 
  475.000  9.868028e-01 
  476.000  9.855123e-01 
  477.000  9.847403e-01 
  478.000  9.844112e-01 
  479.000  9.844399e-01 
  480.000  9.845353e-01 
  481.000  9.857430e-01 
  482.000  9.865648e-01 
  483.000  9.870927e-01 
  484.000  9.868939e-01 
  485.000  9.865509e-01 
  486.000  9.865773e-01 
  487.000  9.868327e-01 
  488.000  9.864828e-01 
  489.000  9.860084e-01 
  490.000  9.865652e-01 
  491.000  9.867994e-01 
  492.000  9.864969e-01 
  493.000  9.861681e-01 
  494.000  9.856386e-01 
  495.000  9.854434e-01 
  496.000  9.846373e-01 
  497.000  9.840475e-01 
  498.000  9.835489e-01 
  499.000  9.827567e-01 
  500.000  9.819185e-01 
  501.000  9.809486e-01 
  502.000  9.792049e-01 
  503.000  9.777123e-01 
  504.000  9.770032e-01 
  505.000  9.754587e-01 
  506.000  9.758627e-01 
  507.000  9.760315e-01 
  508.000  9.762665e-01 
  509.000  9.762297e-01 
  510.000  9.763850e-01 
  511.000  9.764562e-01 
  512.000  9.764696e-01 
  513.000  9.766294e-01 
  514.000  9.766656e-01 
  515.000  9.767537e-01 
  516.000  9.762931e-01 
  517.000  9.757311e-01 
  518.000  9.753280e-01 
  519.000  9.744996e-01 
  520.000  9.741204e-01 
  521.000  9.732575e-01 
  522.000  9.727147e-01 
  523.000  9.718939e-01 
  524.000  9.709291e-01 
  525.000  9.698580e-01 
  526.000  9.682443e-01 
  527.000  9.669511e-01 
  528.000  9.654698e-01 
  529.000  9.641290e-01 
  530.000  9.631270e-01 
  531.000  9.623251e-01 
  532.000  9.617577e-01 
  533.000  9.614111e-01 
  534.000  9.609485e-01 
  535.000  9.607673e-01 
  536.000  9.605167e-01 
  537.000  9.601580e-01 
  538.000  9.598718e-01 
  539.000  9.594474e-01 
  540.000  9.592745e-01 
  541.000  9.586537e-01 
  542.000  9.580019e-01 
  543.000  9.576036e-01 
  544.000  9.572082e-01 
  545.000  9.564462e-01 
  546.000  9.562104e-01 
  547.000  9.561507e-01 
  548.000  9.557703e-01 
  549.000  9.556032e-01 
  550.000  9.553239e-01 
  551.000  9.550878e-01 
  552.000  9.545646e-01 
  553.000  9.538147e-01 
  554.000  9.534166e-01 
  555.000  9.529076e-01 
  556.000  9.517694e-01 
  557.000  9.503564e-01 
  558.000  9.491091e-01 
  559.000  9.473907e-01 
  560.000  9.459683e-01 
  561.000  9.447459e-01 
  562.000  9.436820e-01 
  563.000  9.423903e-01 
  564.000  9.410296e-01 
  565.000  9.398763e-01 
  566.000  9.388137e-01 
  567.000  9.376956e-01 
  568.000  9.364169e-01 
  569.000  9.337390e-01 
  570.000  9.315630e-01 
  571.000  9.307083e-01 
  572.000  9.296354e-01 
  573.000  9.285854e-01 
  574.000  9.275180e-01 
  575.000  9.266196e-01 
  576.000  9.266213e-01 
  577.000  9.268624e-01 
  578.000  9.278269e-01 
  579.000  9.288455e-01 
  580.000  9.297759e-01 
  581.000  9.314442e-01 
  582.000  9.330834e-01 
  583.000  9.344620e-01 
  584.000  9.365101e-01 
  585.000  9.372409e-01 
  586.000  9.378710e-01 
  587.000  9.379960e-01 
  588.000  9.380785e-01 
  589.000  9.359601e-01 
  590.000  9.357933e-01 
  591.000  9.362853e-01 
  592.000  9.339938e-01 
  593.000  9.362699e-01 
  594.000  9.345621e-01 
  595.000  9.347361e-01 
  596.000  9.343976e-01 
  597.000  9.342445e-01 
  598.000  9.334452e-01 
  599.000  9.332011e-01 
  600.000  9.324831e-01 
  601.000  9.327021e-01 
  602.000  9.330369e-01 
  603.000  9.332218e-01 
  604.000  9.333929e-01 
  605.000  9.335273e-01 
  606.000  9.344459e-01 
  607.000  9.351822e-01 
  608.000  9.361776e-01 
  609.000  9.365870e-01 
  610.000  9.374091e-01 
  611.000  9.380618e-01 
  612.000  9.390240e-01 
  613.000  9.398394e-01 
  614.000  9.404276e-01 
  615.000  9.411135e-01 
  616.000  9.421380e-01 
  617.000  9.428798e-01 
  618.000  9.433466e-01 
  619.000  9.440783e-01 
  620.000  9.447193e-01 
  621.000  9.451358e-01 
  622.000  9.453204e-01 
  623.000  9.456953e-01 
  624.000  9.458446e-01 
  625.000  9.460239e-01 
  626.000  9.459335e-01 
  627.000  9.459008e-01 
  628.000  9.315454e-01 
  629.000  9.369857e-01 
  630.000  9.409833e-01 
  631.000  9.460144e-01 
  632.000  9.480625e-01 
  633.000  9.492750e-01 
  634.000  9.510698e-01 
  635.000  9.515315e-01 
  636.000  9.536083e-01 
  637.000  9.559293e-01 
  638.000  9.572297e-01 
  639.000  9.587631e-01 
  640.000  9.596142e-01 
  641.000  9.610531e-01 
  642.000  9.616615e-01 
  643.000  9.620782e-01 
  644.000  9.626641e-01 
  645.000  9.632667e-01 
  646.000  9.630934e-01 
  647.000  9.629002e-01 
  648.000  9.622413e-01 
  649.000  9.637052e-01 
  650.000  9.660008e-01 
  651.000  9.664766e-01 
  652.000  9.666937e-01 
  653.000  9.675454e-01 
  654.000  9.684200e-01 
  655.000  9.668946e-01 
  656.000  9.686663e-01 
  657.000  9.693682e-01 
  658.000  9.705406e-01 
  659.000  9.714342e-01 
  660.000  9.716375e-01 
  661.000  9.724290e-01 
  662.000  9.726148e-01 
  663.000  9.732057e-01 
  664.000  9.735966e-01 
  665.000  9.740342e-01 
  666.000  9.745128e-01 
  667.000  9.751887e-01 
  668.000  9.755510e-01 
  669.000  9.761214e-01 
  670.000  9.764469e-01 
  671.000  9.770898e-01 
  672.000  9.772063e-01 
  673.000  9.777295e-01 
  674.000  9.779087e-01 
  675.000  9.784582e-01 
  676.000  9.786076e-01 
  677.000  9.789079e-01 
  678.000  9.793530e-01 
  679.000  9.796258e-01 
  680.000  9.801135e-01 
  681.000  9.803650e-01 
  682.000  9.811174e-01 
  683.000  9.813359e-01 
  684.000  9.820211e-01 
  685.000  9.822921e-01 
  686.000  9.827293e-01 
  687.000  7.309282e-01 
  688.000  8.885421e-01 
  689.000  9.155657e-01 
  690.000  9.388643e-01 
  691.000  9.515161e-01 
  692.000  9.755300e-01 
  693.000  9.756197e-01 
  694.000  9.773343e-01 
  695.000  9.813949e-01 
  696.000  9.801884e-01 
  697.000  9.856175e-01 
  698.000  9.857522e-01 
  699.000  9.835367e-01 
  700.000  9.844326e-01 
  701.000  9.826269e-01 
  702.000  9.837124e-01 
  703.000  9.847444e-01 
  704.000  9.853298e-01 
  705.000  9.857691e-01 
  706.000  9.865830e-01 
  707.000  9.872814e-01 
  708.000  9.879975e-01 
  709.000  9.881703e-01 
  710.000  9.880109e-01 
  711.000  9.888150e-01 
  712.000  9.886928e-01 
  713.000  9.893233e-01 
  714.000  9.889446e-01 
  715.000  9.882260e-01 
  716.000  9.886056e-01 
  717.000  9.849220e-01 
  718.000  9.715189e-01 
  719.000  9.521331e-01 
  720.000  9.731975e-01 
  721.000  9.873940e-01 
  722.000  9.870877e-01 
  723.000  9.864389e-01 
  724.000  9.668265e-01 
  725.000  9.754815e-01 
  726.000  9.834815e-01 
  727.000  9.797332e-01 
  728.000  9.739641e-01 
  729.000  9.773306e-01 
  730.000  9.842535e-01 
  731.000  9.815511e-01 
  732.000  9.836934e-01 
  733.000  9.889374e-01 
  734.000  9.912463e-01 
  735.000  9.895589e-01 
  736.000  9.908535e-01 
  737.000  9.909191e-01 
  738.000  9.918132e-01 
  739.000  9.920719e-01 
  740.000  9.930711e-01 
  741.000  9.935379e-01 
  742.000  9.936874e-01 
  743.000  9.937302e-01 
  744.000  9.938948e-01 
  745.000  9.939931e-01 
  746.000  9.942120e-01 
  747.000  9.943540e-01 
  748.000  9.944335e-01 
  749.000  9.945000e-01 
  750.000  9.946262e-01 
  751.000  9.947059e-01 
  752.000  9.950238e-01 
  753.000  9.951129e-01 
  754.000  9.952266e-01 
  755.000  9.953468e-01 
  756.000  9.954097e-01 
  757.000  9.955180e-01 
  758.000  9.956958e-01 
  759.000  9.899206e-01 
  760.000  4.616186e-01 
  761.000  3.504329e-01 
  762.000  7.154170e-01 
  763.000  6.218340e-01 
  764.000  6.763306e-01 
  765.000  7.945880e-01 
  766.000  9.171926e-01 
  767.000  9.526501e-01 
  768.000  9.845927e-01 
  769.000  9.926459e-01 
  770.000  9.926412e-01 
  771.000  9.954043e-01 
  772.000  9.960570e-01 
  773.000  9.960328e-01 
  774.000  9.960107e-01 
  775.000  9.960068e-01 
  776.000  9.959994e-01 
  777.000  9.959970e-01 
  778.000  9.959912e-01 
  779.000  9.959767e-01 
  780.000  9.959650e-01 
  781.000  9.960912e-01 
  782.000  9.961928e-01 
  783.000  9.962719e-01 
  784.000  9.962774e-01 
  785.000  9.962713e-01 
  786.000  9.959686e-01 
  787.000  9.961214e-01 
  788.000  9.954726e-01 
  789.000  9.954816e-01 
  790.000  9.942622e-01 
  791.000  9.944912e-01 
  792.000  9.950245e-01 
  793.000  9.954101e-01 
  794.000  9.972295e-01 
  795.000  9.966865e-01 
  796.000  9.933215e-01 
  797.000  9.960076e-01 
  798.000  9.961279e-01 
  799.000  9.966246e-01 
  800.000  9.951738e-01 
  801.000  9.945214e-01 
  802.000  9.955499e-01 
  803.000  9.951789e-01 
  804.000  9.950690e-01 
  805.000  9.957951e-01 
  806.000  9.969726e-01 
  807.000  9.961412e-01 
  808.000  9.968570e-01 
  809.000  9.955873e-01 
  810.000  9.949664e-01 
  811.000  9.953837e-01 
  812.000  9.939999e-01 
  813.000  9.913870e-01 
  814.000  9.865590e-01 
  815.000  9.803001e-01 
  816.000  9.847952e-01 
  817.000  9.583517e-01 
  818.000  9.761133e-01 
  819.000  9.841608e-01 
  820.000  9.725196e-01 
  821.000  9.946525e-01 
  822.000  9.922599e-01 
  823.000  9.485099e-01 
  824.000  9.893608e-01 
  825.000  9.933967e-01 
  826.000  9.889358e-01 
  827.000  9.933338e-01 
  828.000  9.817466e-01 
  829.000  9.910810e-01 
  830.000  9.892608e-01 
  831.000  9.897088e-01 
  832.000  9.902602e-01 
  833.000  9.932141e-01 
  834.000  9.936014e-01 
  835.000  9.950269e-01 
  836.000  9.954962e-01 
  837.000  9.949768e-01 
  838.000  9.964446e-01 
  839.000  9.967934e-01 
  840.000  9.969929e-01 
  841.000  9.969929e-01 
  842.000  9.959294e-01 
  843.000  9.977338e-01 
  844.000  9.965537e-01 
  845.000  9.974633e-01 
  846.000  9.976981e-01 
  847.000  9.978848e-01 
  848.000  9.976087e-01 
  849.000  9.976974e-01 
  850.000  9.980521e-01 
  851.000  9.992365e-01 
  852.000  9.997325e-01 
  853.000  9.997567e-01 
  854.000  9.997069e-01 
  855.000  9.997069e-01 
  856.000  9.997385e-01 
  857.000  9.999426e-01 
  858.000  9.997316e-01 
  859.000  9.998527e-01 
  860.000  9.999846e-01 
  861.000  9.999219e-01 
  862.000  9.999743e-01 
  863.000  9.998587e-01 
  864.000  9.999924e-01 
  865.000  9.999924e-01 
  866.000  9.999630e-01 
  867.000  9.999950e-01 
  868.000  9.999645e-01 
  869.000  9.998807e-01 
  870.000  9.999753e-01 
  871.000  9.999430e-01 
  872.000  9.999931e-01 
  873.000  9.999720e-01 
  874.000  9.999720e-01 
  875.000  9.999985e-01 
  876.000  9.999989e-01 
  877.000  9.999784e-01 
  878.000  9.999678e-01 
  879.000  9.999617e-01 
  880.000  9.999844e-01 
  881.000  9.999844e-01 
  882.000  9.998742e-01 
  883.000  9.998875e-01 
  884.000  9.999038e-01 
  885.000  9.999236e-01 
  886.000  9.992291e-01 
  887.000  9.998577e-01 
  888.000  9.998577e-01 
  889.000  9.997138e-01 
  890.000  9.993114e-01 
  891.000  9.998642e-01 
  892.000  9.992456e-01 
  893.000  9.979209e-01 
  894.000  9.979209e-01 
  895.000  9.944051e-01 
  896.000  9.902705e-01 
  897.000  9.705401e-01 
  898.000  9.890682e-01 
  899.000  9.444863e-01 
  900.000  9.444863e-01 
  901.000  9.531642e-01 
  902.000  9.634863e-01 
  903.000  9.727567e-01 
  904.000  9.945607e-01 
  905.000  9.926230e-01 
  906.000  9.926230e-01 
  907.000  9.710616e-01 
  908.000  9.626573e-01 
  909.000  9.685838e-01 
  910.000  9.639620e-01 
  911.000  9.639620e-01 
  912.000  9.863339e-01 
  913.000  9.761420e-01 
  914.000  9.681922e-01 
  915.000  9.554742e-01 
  916.000  9.554742e-01 
  917.000  9.861677e-01 
  918.000  9.628260e-01 
  919.000  9.818481e-01 
  920.000  9.943687e-01 
  921.000  9.943687e-01 
  922.000  9.911495e-01 
  923.000  9.903203e-01 
  924.000  9.877322e-01 
  925.000  9.877322e-01 
  926.000  9.889138e-01 
  927.000  9.912241e-01 
  928.000  9.706507e-01 
  929.000  9.675182e-01 
  930.000  9.675182e-01 
  931.000  9.256643e-01 
  932.000  8.007479e-01 
  933.000  8.446141e-01 
  934.000  8.446141e-01 
  935.000  7.744033e-01 
  936.000  7.585206e-01 
  937.000  7.656979e-01 
  938.000  7.656979e-01 
  939.000  8.390713e-01 
  940.000  9.274678e-01 
  941.000  9.106965e-01 
  942.000  9.106965e-01 
  943.000  8.359184e-01 
  944.000  8.308411e-01 
  945.000  9.119219e-01 
  946.000  9.119219e-01 
  947.000  8.634278e-01 
  948.000  8.833328e-01 
  949.000  9.062683e-01 
  950.000  9.062683e-01 
  951.000  9.102173e-01 
  952.000  8.490931e-01 
  953.000  9.331823e-01 
  954.000  9.331823e-01 
  955.000  9.307331e-01 
  956.000  8.615670e-01 
  957.000  9.470770e-01 
  958.000  9.470770e-01 
  959.000  9.187990e-01 
  960.000  9.443237e-01 
  961.000  9.443237e-01 
  962.000  9.512290e-01 
  963.000  9.697312e-01 
  964.000  9.408448e-01 
  965.000  9.408448e-01 
  966.000  9.566100e-01 
  967.000  9.775757e-01 
  968.000  9.775757e-01 
  969.000  9.828157e-01 
  970.000  9.902295e-01 
  971.000  9.924070e-01 
  972.000  9.924070e-01 
  973.000  9.896358e-01 
  974.000  9.733229e-01 
  975.000  9.733229e-01 
  976.000  9.681991e-01 
  977.000  9.858810e-01 
  978.000  9.835002e-01 
  979.000  9.835002e-01 
  980.000  9.845339e-01 
  981.000  9.959399e-01 
  982.000  9.959399e-01 
  983.000  9.930980e-01 
  984.000  9.955145e-01 
  985.000  9.955145e-01 
  986.000  9.989779e-01 
  987.000  9.976493e-01 
  988.000  9.976493e-01 
  989.000  9.995200e-01 
  990.000  9.987116e-01 
  991.000  9.987116e-01 
  992.000  9.992224e-01 
  993.000  9.991552e-01 
  994.000  9.991552e-01 
  995.000  9.998510e-01 
  996.000  9.998637e-01 
  997.000  9.998637e-01 
  998.000  9.998444e-01 
  999.000  9.997728e-01 
 1000.000  9.997728e-01 
 1001.000  9.998217e-01 
 1002.000  9.987496e-01 
 1003.000  9.987496e-01 
 1004.000  9.997935e-01 
 1005.000  9.998621e-01 
 1006.000  9.998621e-01 
 1007.000  9.998940e-01 
 1008.000  9.996432e-01 
 1009.000  9.996432e-01 
 1010.000  9.987634e-01 
 1011.000  9.998454e-01 
 1012.000  9.998454e-01 
 1013.000  9.998933e-01 
 1014.000  9.998637e-01 
 1015.000  9.998637e-01 
 1016.000  9.998965e-01 
 1017.000  9.998530e-01 
 1018.000  9.998530e-01 
 1019.000  9.997411e-01 
 1020.000  9.999028e-01 
 1021.000  9.999028e-01 
 1022.000  9.997482e-01 
 1023.000  9.997482e-01 
 1024.000  9.997338e-01 
 1025.000  9.998744e-01 
 1026.000  9.998744e-01 
 1027.000  9.997818e-01 
 1028.000  9.998521e-01 
 1029.000  9.998521e-01 
 1030.000  9.998466e-01 
 1031.000  9.997995e-01 
 1032.000  9.997995e-01 
 1033.000  9.997352e-01 
 1034.000  9.997352e-01 
 1035.000  9.996706e-01 
 1036.000  9.993609e-01 
 1037.000  9.993609e-01 
 1038.000  9.992971e-01 
 1039.000  9.989491e-01 
 1040.000  9.989491e-01 
 1041.000  9.986985e-01 
 1042.000  9.986985e-01 
 1043.000  9.983840e-01 
 1044.000  9.979210e-01 
 1045.000  9.979210e-01 
 1046.000  9.972863e-01 
 1047.000  9.972863e-01 
 1048.000  9.966542e-01 
 1049.000  9.953923e-01 
 1050.000  9.953923e-01 
 1051.000  9.948281e-01 
 1052.000  9.948281e-01 
 1053.000  9.939689e-01 
 1054.000  9.932380e-01 
 1055.000  9.932380e-01 
 1056.000  9.924006e-01 
 1057.000  9.924006e-01 
 1058.000  9.916181e-01 
 1059.000  9.908502e-01 
 1060.000  9.908502e-01 
 1061.000  9.903622e-01 
 1062.000  9.903622e-01 
 1063.000  9.895719e-01 
 1064.000  9.891422e-01 
 1065.000  9.891422e-01 
 1066.000  9.897562e-01 
 1067.000  9.897562e-01 
 1068.000  9.893674e-01 
 1069.000  9.903468e-01 
 1070.000  9.903468e-01 
 1071.000  9.911615e-01 
 1072.000  9.911615e-01 
 1073.000  9.919049e-01 
 1074.000  9.919049e-01 
 1075.000  9.921529e-01 
 1076.000  9.927341e-01 
 1077.000  9.927341e-01 
 1078.000  9.942602e-01 
 1079.000  9.942602e-01 
 1080.000  9.942437e-01 
 1081.000  9.942437e-01 
 1082.000  9.953418e-01 
 1083.000  9.954242e-01 
 1084.000  9.954242e-01 
 1085.000  9.945159e-01 
 1086.000  9.945159e-01 
 1087.000  9.969872e-01 
 1088.000  9.969872e-01 
 1089.000  9.964948e-01 
 1090.000  9.962071e-01 
 1091.000  9.962071e-01 
 1092.000  9.950060e-01 
 1093.000  9.950060e-01 
 1094.000  9.952779e-01 
 1095.000  9.952779e-01 
 1096.000  9.944251e-01 
 1097.000  9.944251e-01 
 1098.000  9.930745e-01 
 1099.000  9.860597e-01 
 1100.000  9.860597e-01 
 1101.000  9.864011e-01 
 1102.000  9.864011e-01 
 1103.000  9.833788e-01 
 1104.000  9.833788e-01 
 1105.000  9.814487e-01 
 1106.000  9.814487e-01 
 1107.000  9.812632e-01 
 1108.000  9.812632e-01 
 1109.000  9.750012e-01 
 1110.000  9.671903e-01 
 1111.000  9.671903e-01 
 1112.000  9.569902e-01 
 1113.000  9.569902e-01 
 1114.000  9.137200e-01 
 1115.000  9.137200e-01 
 1116.000  8.242962e-01 
 1117.000  8.242962e-01 
 1118.000  8.563128e-01 
 1119.000  8.563128e-01 
 1120.000  8.178187e-01 
 1121.000  8.178187e-01 
 1122.000  6.894044e-01 
 1123.000  8.475598e-01 
 1124.000  8.475598e-01 
 1125.000  7.175012e-01 
 1126.000  7.175012e-01 
 1127.000  7.728086e-01 
 1128.000  7.728086e-01 
 1129.000  7.724749e-01 
 1130.000  7.724749e-01 
 1131.000  9.304695e-01 
 1132.000  9.304695e-01 
 1133.000  7.915951e-01 
 1134.000  7.915951e-01 
 1135.000  5.859516e-01 
 1136.000  5.859516e-01 
 1137.000  9.379220e-01 
 1138.000  9.379220e-01 
 1139.000  8.824285e-01 
 1140.000  8.824285e-01 
 1141.000  8.835313e-01 
 1142.000  8.835313e-01 
 1143.000  9.245127e-01 
 1144.000  9.245127e-01 
 1145.000  7.870556e-01 
 1146.000  7.870556e-01 
 1147.000  8.010415e-01 
 1148.000  8.010415e-01 
 1149.000  8.382214e-01 
 1150.000  8.382214e-01 
 1151.000  8.889320e-01 
 1152.000  8.889320e-01 
 1153.000  8.680218e-01 
 1154.000  8.680218e-01 
 1155.000  9.001722e-01 
 1156.000  9.001722e-01 
 1157.000  9.438588e-01 
 1158.000  9.438588e-01 
 1159.000  9.708432e-01 
 1160.000  9.708432e-01 
 1161.000  9.654179e-01 
 1162.000  9.654179e-01 
 1163.000  9.784213e-01 
 1164.000  9.784213e-01 
 1165.000  9.735227e-01 
 1166.000  9.735227e-01 
 1167.000  9.847568e-01 
 1168.000  9.847568e-01 
 1169.000  9.845940e-01 
 1170.000  9.845940e-01 
 1171.000  9.873694e-01 
 1172.000  9.873694e-01 
 1173.000  9.734480e-01 
 1174.000  9.734480e-01 
 1175.000  9.937363e-01 
 1176.000  9.937363e-01 
 1177.000  9.815935e-01 
 1178.000  9.815935e-01 
 1179.000  9.904508e-01 
 1180.000  9.904508e-01 
 1181.000  9.696284e-01 
 1182.000  9.696284e-01 
 1183.000  9.855621e-01 
 1184.000  9.855621e-01 
 1185.000  9.905410e-01 
 1186.000  9.905410e-01 
 1187.000  9.688383e-01 
 1188.000  9.688383e-01 
 1189.000  9.688383e-01 
 1190.000  9.851618e-01 
 1191.000  9.851618e-01 
 1192.000  9.948429e-01 
 1193.000  9.948429e-01 
 1194.000  9.883409e-01 
 1195.000  9.883409e-01 
 1196.000  9.918331e-01 
 1197.000  9.918331e-01 
 1198.000  9.854068e-01 
 1199.000  9.854068e-01 
 1200.000  9.841781e-01 
