  250.000  1.184724e-02 
  251.000  1.276202e-02 
  252.000  1.383318e-02 
  253.000  1.486856e-02 
  254.000  1.596499e-02 
  255.000  1.724451e-02 
  256.000  1.847701e-02 
  257.000  1.977813e-02 
  258.000  2.115017e-02 
  259.000  2.259567e-02 
  260.000  2.411704e-02 
  261.000  2.571672e-02 
  262.000  2.739707e-02 
  263.000  2.898036e-02 
  264.000  3.082064e-02 
  265.000  3.255173e-02 
  266.000  3.456048e-02 
  267.000  3.644687e-02 
  268.000  3.863228e-02 
  269.000  4.068132e-02 
  270.000  4.280988e-02 
  271.000  4.501946e-02 
  272.000  4.731152e-02 
  273.000  4.968757e-02 
  274.000  5.214901e-02 
  275.000  5.469709e-02 
  276.000  5.733321e-02 
  277.000  5.975126e-02 
  278.000  6.255695e-02 
  279.000  6.545403e-02 
  280.000  6.810687e-02 
  281.000  7.117949e-02 
  282.000  7.398988e-02 
  283.000  7.687530e-02 
  284.000  8.021198e-02 
  285.000  8.325895e-02 
  286.000  8.638262e-02 
  287.000  8.958337e-02 
  288.000  9.286169e-02 
  289.000  9.621785e-02 
  290.000  9.965211e-02 
  291.000  1.031647e-01 
  292.000  1.067556e-01 
  293.000  1.104251e-01 
  294.000  1.141733e-01 
  295.000  1.175174e-01 
  296.000  1.214129e-01 
  297.000  1.248858e-01 
  298.000  1.289282e-01 
  299.000  1.330487e-01 
  300.000  1.367180e-01 
  301.000  1.404466e-01 
  302.000  1.447805e-01 
  303.000  1.486354e-01 
  304.000  1.525489e-01 
  305.000  1.565205e-01 
  306.000  1.611302e-01 
  307.000  1.652251e-01 
  308.000  1.693768e-01 
  309.000  1.735848e-01 
  310.000  1.778487e-01 
  311.000  1.821678e-01 
  312.000  1.859136e-01 
  313.000  1.903338e-01 
  314.000  1.948076e-01 
  315.000  1.993344e-01 
  316.000  2.032561e-01 
  317.000  2.078793e-01 
  318.000  2.125534e-01 
  319.000  2.165996e-01 
  320.000  2.213660e-01 
  321.000  2.254904e-01 
  322.000  2.303464e-01 
  323.000  2.345462e-01 
  324.000  2.394889e-01 
  325.000  2.437617e-01 
  326.000  2.480672e-01 
  327.000  2.524049e-01 
  328.000  2.575053e-01 
  329.000  2.619105e-01 
  330.000  2.663459e-01 
  331.000  2.708109e-01 
  332.000  2.753047e-01 
  333.000  2.798267e-01 
  334.000  2.843763e-01 
  335.000  2.889527e-01 
  336.000  2.935554e-01 
  337.000  2.981835e-01 
  338.000  3.028363e-01 
  339.000  3.075132e-01 
  340.000  3.114285e-01 
  341.000  3.161476e-01 
  342.000  3.208886e-01 
  343.000  3.256509e-01 
  344.000  3.296352e-01 
  345.000  3.344346e-01 
  346.000  3.384485e-01 
  347.000  3.432823e-01 
  348.000  3.473240e-01 
  349.000  3.521896e-01 
  350.000  3.562567e-01 
  351.000  3.611516e-01 
  352.000  3.652420e-01 
  353.000  3.701635e-01 
  354.000  3.742750e-01 
  355.000  3.783954e-01 
  356.000  3.833510e-01 
  357.000  3.874893e-01 
  358.000  3.916349e-01 
  359.000  3.957876e-01 
  360.000  3.999467e-01 
  361.000  4.041119e-01 
  362.000  4.091174e-01 
  363.000  4.132943e-01 
  364.000  4.174756e-01 
  365.000  4.216610e-01 
  366.000  4.258502e-01 
  367.000  4.300426e-01 
  368.000  4.342376e-01 
  369.000  4.375953e-01 
  370.000  4.417943e-01 
  371.000  4.459948e-01 
  372.000  4.501961e-01 
  373.000  4.543982e-01 
  374.000  4.586005e-01 
  375.000  4.619620e-01 
  376.000  4.661633e-01 
  377.000  4.703635e-01 
  378.000  4.737226e-01 
  379.000  4.779198e-01 
  380.000  4.821147e-01 
  381.000  4.854686e-01 
  382.000  4.896582e-01 
  383.000  4.938444e-01 
  384.000  4.971904e-01 
  385.000  5.013692e-01 
  386.000  5.047089e-01 
  387.000  5.088788e-01 
  388.000  5.122109e-01 
  389.000  5.155394e-01 
  390.000  5.196946e-01 
  391.000  5.230139e-01 
  392.000  5.263289e-01 
  393.000  5.304663e-01 
  394.000  5.337709e-01 
  395.000  5.370704e-01 
  396.000  5.413504e-01 
  397.000  5.446978e-01 
  398.000  5.479293e-01 
  399.000  5.509653e-01 
  400.000  5.545993e-01 
  401.000  5.584685e-01 
  402.000  5.615622e-01 
  403.000  5.649624e-01 
  404.000  5.680140e-01 
  405.000  5.716226e-01 
  406.000  5.743247e-01 
  407.000  5.780820e-01 
  408.000  5.808916e-01 
  409.000  5.842988e-01 
  410.000  5.872515e-01 
  411.000  5.909057e-01 
  412.000  5.940186e-01 
  413.000  5.967798e-01 
  414.000  6.002620e-01 
  415.000  6.031885e-01 
  416.000  6.063678e-01 
  417.000  6.087288e-01 
  418.000  6.116987e-01 
  419.000  6.152995e-01 
  420.000  6.181747e-01 
  421.000  6.211700e-01 
  422.000  6.236961e-01 
  423.000  6.266918e-01 
  424.000  6.296633e-01 
  425.000  6.328918e-01 
  426.000  6.350737e-01 
  427.000  6.382624e-01 
  428.000  6.411831e-01 
  429.000  6.437072e-01 
  430.000  6.465461e-01 
  431.000  6.486520e-01 
  432.000  6.517082e-01 
  433.000  6.546599e-01 
  434.000  6.570047e-01 
  435.000  6.600093e-01 
  436.000  6.622336e-01 
  437.000  6.653365e-01 
  438.000  6.672565e-01 
  439.000  6.702203e-01 
  440.000  6.725554e-01 
  441.000  6.742545e-01 
  442.000  6.772034e-01 
  443.000  6.796106e-01 
  444.000  6.826375e-01 
  445.000  6.847925e-01 
  446.000  6.869448e-01 
  447.000  6.893757e-01 
  448.000  6.919658e-01 
  449.000  6.940429e-01 
  450.000  6.966829e-01 
  451.000  6.987769e-01 
  452.000  7.005374e-01 
  453.000  7.030129e-01 
  454.000  7.059709e-01 
  455.000  7.077785e-01 
  456.000  7.099159e-01 
  457.000  7.119746e-01 
  458.000  7.149842e-01 
  459.000  7.165083e-01 
  460.000  7.186289e-01 
  461.000  7.206885e-01 
  462.000  7.230431e-01 
  463.000  7.247109e-01 
  464.000  7.268417e-01 
  465.000  7.284446e-01 
  466.000  7.314854e-01 
  467.000  7.335521e-01 
  468.000  7.354036e-01 
  469.000  7.370244e-01 
  470.000  7.392350e-01 
  471.000  7.412751e-01 
  472.000  7.432078e-01 
  473.000  7.450744e-01 
  474.000  7.468080e-01 
  475.000  7.488503e-01 
  476.000  7.510414e-01 
  477.000  7.526630e-01 
  478.000  7.539286e-01 
  479.000  7.555684e-01 
  480.000  7.575498e-01 
  481.000  7.595956e-01 
  482.000  7.614648e-01 
  483.000  7.634628e-01 
  484.000  7.651303e-01 
  485.000  7.668491e-01 
  486.000  7.679171e-01 
  487.000  7.699038e-01 
  488.000  7.717546e-01 
  489.000  7.735355e-01 
  490.000  7.753338e-01 
  491.000  7.764823e-01 
  492.000  7.782730e-01 
  493.000  7.800850e-01 
  494.000  7.817746e-01 
  495.000  7.830924e-01 
  496.000  7.846481e-01 
  497.000  7.863470e-01 
  498.000  7.876080e-01 
  499.000  7.894526e-01 
  500.000  7.910940e-01 
  501.000  7.922002e-01 
  502.000  7.940487e-01 
  503.000  7.955371e-01 
  504.000  7.964641e-01 
  505.000  7.983056e-01 
  506.000  8.000741e-01 
  507.000  8.012474e-01 
  508.000  8.028959e-01 
  509.000  8.041145e-01 
  510.000  8.054999e-01 
  511.000  8.071035e-01 
  512.000  8.080814e-01 
  513.000  8.099350e-01 
  514.000  8.108245e-01 
  515.000  8.124241e-01 
  516.000  8.135963e-01 
  517.000  8.154278e-01 
  518.000  8.161793e-01 
  519.000  8.179674e-01 
  520.000  8.187862e-01 
  521.000  8.205343e-01 
  522.000  8.213513e-01 
  523.000  8.226364e-01 
  524.000  8.240365e-01 
  525.000  8.250208e-01 
  526.000  8.265068e-01 
  527.000  8.278758e-01 
  528.000  8.290608e-01 
  529.000  8.303527e-01 
  530.000  8.311862e-01 
  531.000  8.325438e-01 
  532.000  8.336421e-01 
  533.000  8.347332e-01 
  534.000  8.361489e-01 
  535.000  8.368554e-01 
  536.000  8.380953e-01 
  537.000  8.395476e-01 
  538.000  8.404912e-01 
  539.000  8.415667e-01 
  540.000  8.426715e-01 
  541.000  8.436463e-01 
  542.000  8.446850e-01 
  543.000  8.458499e-01 
  544.000  8.469375e-01 
  545.000  8.479383e-01 
  546.000  8.488312e-01 
  547.000  8.499424e-01 
  548.000  8.514834e-01 
  549.000  8.520110e-01 
  550.000  8.532621e-01 
  551.000  8.539693e-01 
  552.000  8.549654e-01 
  553.000  8.563141e-01 
  554.000  8.572651e-01 
  555.000  8.582186e-01 
  556.000  8.590701e-01 
  557.000  8.599623e-01 
  558.000  8.608212e-01 
  559.000  8.619805e-01 
  560.000  8.629432e-01 
  561.000  8.638340e-01 
  562.000  8.646953e-01 
  563.000  8.655503e-01 
  564.000  8.665029e-01 
  565.000  8.672650e-01 
  566.000  8.682125e-01 
  567.000  8.689893e-01 
  568.000  8.696688e-01 
  569.000  8.708824e-01 
  570.000  8.720101e-01 
  571.000  8.728190e-01 
  572.000  8.733703e-01 
  573.000  8.743108e-01 
  574.000  8.750837e-01 
  575.000  8.760066e-01 
  576.000  8.769606e-01 
  577.000  8.776446e-01 
  578.000  8.785939e-01 
  579.000  8.794050e-01 
  580.000  8.799474e-01 
  581.000  8.807928e-01 
  582.000  8.816090e-01 
  583.000  8.822817e-01 
  584.000  8.833797e-01 
  585.000  8.838811e-01 
  586.000  8.846685e-01 
  587.000  8.850324e-01 
  588.000  8.859472e-01 
  589.000  8.866366e-01 
  590.000  8.875581e-01 
  591.000  8.882781e-01 
  592.000  8.889113e-01 
  593.000  8.897042e-01 
  594.000  8.904669e-01 
  595.000  8.913525e-01 
  596.000  8.920565e-01 
  597.000  8.923647e-01 
  598.000  8.930904e-01 
  599.000  8.938083e-01 
  600.000  8.944687e-01 
  601.000  8.951227e-01 
  602.000  8.961465e-01 
  603.000  8.967152e-01 
  604.000  8.971521e-01 
  605.000  8.978511e-01 
  606.000  8.986275e-01 
  607.000  8.992203e-01 
  608.000  9.000263e-01 
  609.000  9.003507e-01 
  610.000  9.010053e-01 
  611.000  9.015344e-01 
  612.000  9.024078e-01 
  613.000  9.030128e-01 
  614.000  9.034848e-01 
  615.000  9.040250e-01 
  616.000  9.048248e-01 
  617.000  9.054140e-01 
  618.000  9.058591e-01 
  619.000  9.064721e-01 
  620.000  9.071656e-01 
  621.000  9.078039e-01 
  622.000  9.080893e-01 
  623.000  9.089491e-01 
  624.000  9.093470e-01 
  625.000  9.098005e-01 
  626.000  9.105788e-01 
  627.000  9.112538e-01 
  628.000  9.117820e-01 
  629.000  9.121328e-01 
  630.000  9.125739e-01 
  631.000  9.133208e-01 
  632.000  9.138061e-01 
  633.000  9.142450e-01 
  634.000  9.150390e-01 
  635.000  9.152074e-01 
  636.000  9.158588e-01 
  637.000  9.165569e-01 
  638.000  9.168974e-01 
  639.000  9.173962e-01 
  640.000  9.176493e-01 
  641.000  9.183777e-01 
  642.000  9.188430e-01 
  643.000  9.192528e-01 
  644.000  9.197465e-01 
  645.000  9.203573e-01 
  646.000  9.207370e-01 
  647.000  9.212560e-01 
  648.000  9.215785e-01 
  649.000  9.223050e-01 
  650.000  9.229507e-01 
  651.000  9.231778e-01 
  652.000  9.236213e-01 
  653.000  9.239537e-01 
  654.000  9.247028e-01 
  655.000  9.249258e-01 
  656.000  9.253690e-01 
  657.000  9.257962e-01 
  658.000  9.263740e-01 
  659.000  9.269711e-01 
  660.000  9.271894e-01 
  661.000  9.278199e-01 
  662.000  9.279699e-01 
  663.000  9.286138e-01 
  664.000  9.288461e-01 
  665.000  9.292725e-01 
  666.000  9.296323e-01 
  667.000  9.302244e-01 
  668.000  9.305034e-01 
  669.000  9.310176e-01 
  670.000  9.312524e-01 
  671.000  9.318998e-01 
  672.000  9.320698e-01 
  673.000  9.326491e-01 
  674.000  9.328800e-01 
  675.000  9.334514e-01 
  676.000  9.336583e-01 
  677.000  9.339367e-01 
  678.000  9.344520e-01 
  679.000  9.346988e-01 
  680.000  9.352683e-01 
  681.000  9.355116e-01 
  682.000  9.360327e-01 
  683.000  9.363005e-01 
  684.000  9.367926e-01 
  685.000  9.369450e-01 
  686.000  9.373803e-01 
  687.000  9.377852e-01 
  688.000  9.380521e-01 
  689.000  9.384354e-01 
  690.000  9.386938e-01 
  691.000  9.390423e-01 
  692.000  9.394631e-01 
  693.000  9.397071e-01 
  694.000  9.402777e-01 
  695.000  9.405577e-01 
  696.000  9.408417e-01 
  697.000  9.412742e-01 
  698.000  9.415172e-01 
  699.000  9.416151e-01 
  700.000  9.421952e-01 
  701.000  9.424421e-01 
  702.000  9.427043e-01 
  703.000  9.431845e-01 
  704.000  9.434278e-01 
  705.000  9.438014e-01 
  706.000  9.441343e-01 
  707.000  9.443898e-01 
  708.000  9.447170e-01 
  709.000  9.450322e-01 
  710.000  9.452214e-01 
  711.000  9.457117e-01 
  712.000  9.459234e-01 
  713.000  9.462301e-01 
  714.000  9.463108e-01 
  715.000  9.467580e-01 
  716.000  9.470916e-01 
  717.000  9.472480e-01 
  718.000  9.477009e-01 
  719.000  9.479064e-01 
  720.000  9.480739e-01 
  721.000  9.486365e-01 
  722.000  9.488962e-01 
  723.000  9.490889e-01 
  724.000  9.492061e-01 
  725.000  9.496567e-01 
  726.000  9.500039e-01 
  727.000  9.500344e-01 
  728.000  9.504231e-01 
  729.000  9.507852e-01 
  730.000  9.510199e-01 
  731.000  9.512017e-01 
  732.000  9.513646e-01 
  733.000  9.517378e-01 
  734.000  9.520649e-01 
  735.000  9.522574e-01 
  736.000  9.524139e-01 
  737.000  9.528063e-01 
  738.000  9.530331e-01 
  739.000  9.532674e-01 
  740.000  9.534045e-01 
  741.000  9.535978e-01 
  742.000  9.541776e-01 
  743.000  9.543795e-01 
  744.000  9.545810e-01 
  745.000  9.547800e-01 
  746.000  9.550935e-01 
  747.000  9.553635e-01 
  748.000  9.554875e-01 
  749.000  9.556409e-01 
  750.000  9.558638e-01 
  751.000  9.560278e-01 
  752.000  9.564935e-01 
  753.000  9.566298e-01 
  754.000  9.568326e-01 
  755.000  9.570436e-01 
  756.000  9.572024e-01 
  757.000  9.573619e-01 
  758.000  9.577906e-01 
  759.000  9.580119e-01 
  760.000  9.581833e-01 
  761.000  9.583837e-01 
  762.000  9.585680e-01 
  763.000  9.587706e-01 
  764.000  9.591126e-01 
  765.000  9.592589e-01 
  766.000  9.594446e-01 
  767.000  9.596621e-01 
  768.000  9.598084e-01 
  769.000  9.601001e-01 
  770.000  9.601570e-01 
  771.000  9.603147e-01 
  772.000  9.608365e-01 
  773.000  9.610037e-01 
  774.000  9.611366e-01 
  775.000  9.612395e-01 
  776.000  9.614369e-01 
  777.000  9.616966e-01 
  778.000  9.618616e-01 
  779.000  9.620572e-01 
  780.000  9.622198e-01 
  781.000  9.625213e-01 
  782.000  9.627710e-01 
  783.000  9.629081e-01 
  784.000  9.630591e-01 
  785.000  9.632109e-01 
  786.000  9.633543e-01 
  787.000  9.636098e-01 
  788.000  9.636727e-01 
  789.000  9.639443e-01 
  790.000  9.640560e-01 
  791.000  9.642840e-01 
  792.000  9.644541e-01 
  793.000  9.645832e-01 
  794.000  9.649684e-01 
  795.000  9.651159e-01 
  796.000  9.652880e-01 
  797.000  9.654412e-01 
  798.000  9.656081e-01 
  799.000  9.656852e-01 
  800.000  9.658262e-01 
  801.000  9.660641e-01 
  802.000  9.661817e-01 
  803.000  9.663171e-01 
  804.000  9.665467e-01 
  805.000  9.667029e-01 
  806.000  9.667852e-01 
  807.000  9.670460e-01 
  808.000  9.672271e-01 
  809.000  9.672757e-01 
  810.000  9.674902e-01 
  811.000  9.675761e-01 
  812.000  9.678294e-01 
  813.000  9.679790e-01 
  814.000  9.681103e-01 
  815.000  9.683009e-01 
  816.000  9.683676e-01 
  817.000  9.685500e-01 
  818.000  9.687257e-01 
  819.000  9.689022e-01 
  820.000  9.690626e-01 
  821.000  9.692184e-01 
  822.000  9.692606e-01 
  823.000  9.694245e-01 
  824.000  9.696919e-01 
  825.000  9.697105e-01 
  826.000  9.699916e-01 
  827.000  9.700306e-01 
  828.000  9.701645e-01 
  829.000  9.703185e-01 
  830.000  9.705626e-01 
  831.000  9.707022e-01 
  832.000  9.707861e-01 
  833.000  9.709738e-01 
  834.000  9.710625e-01 
  835.000  9.712578e-01 
  836.000  9.713304e-01 
  837.000  9.715466e-01 
  838.000  9.716870e-01 
  839.000  9.717805e-01 
  840.000  9.719749e-01 
  841.000  9.719749e-01 
  842.000  9.720733e-01 
  843.000  9.722632e-01 
  844.000  9.723712e-01 
  845.000  9.725152e-01 
  846.000  9.726927e-01 
  847.000  9.727459e-01 
  848.000  9.729797e-01 
  849.000  9.731221e-01 
  850.000  9.732035e-01 
  851.000  9.733609e-01 
  852.000  9.734010e-01 
  853.000  9.735404e-01 
  854.000  9.737403e-01 
  855.000  9.737403e-01 
  856.000  9.738181e-01 
  857.000  9.740558e-01 
  858.000  9.741365e-01 
  859.000  9.743202e-01 
  860.000  9.743400e-01 
  861.000  9.744855e-01 
  862.000  9.746493e-01 
  863.000  9.747682e-01 
  864.000  9.749520e-01 
  865.000  9.749520e-01 
  866.000  9.750568e-01 
  867.000  9.751222e-01 
  868.000  9.752438e-01 
  869.000  9.754521e-01 
  870.000  9.755055e-01 
  871.000  9.756427e-01 
  872.000  9.757667e-01 
  873.000  9.758944e-01 
  874.000  9.758944e-01 
  875.000  9.760978e-01 
  876.000  9.761860e-01 
  877.000  9.763275e-01 
  878.000  9.764557e-01 
  879.000  9.765080e-01 
  880.000  9.767066e-01 
  881.000  9.767066e-01 
  882.000  9.768545e-01 
  883.000  9.769089e-01 
  884.000  9.770585e-01 
  885.000  9.771993e-01 
  886.000  9.772955e-01 
  887.000  9.774672e-01 
  888.000  9.774672e-01 
  889.000  9.774719e-01 
  890.000  9.776590e-01 
  891.000  9.777660e-01 
  892.000  9.778917e-01 
  893.000  9.780039e-01 
  894.000  9.780039e-01 
  895.000  9.781388e-01 
  896.000  9.782167e-01 
  897.000  9.783388e-01 
  898.000  9.784936e-01 
  899.000  9.785848e-01 
  900.000  9.785848e-01 
  901.000  9.787030e-01 
  902.000  9.787939e-01 
  903.000  9.789134e-01 
  904.000  9.790286e-01 
  905.000  9.791114e-01 
  906.000  9.791114e-01 
  907.000  9.792225e-01 
  908.000  9.793732e-01 
  909.000  9.794896e-01 
  910.000  9.796138e-01 
  911.000  9.796138e-01 
  912.000  9.796815e-01 
  913.000  9.798098e-01 
  914.000  9.799113e-01 
  915.000  9.800128e-01 
  916.000  9.800128e-01 
  917.000  9.801732e-01 
  918.000  9.802533e-01 
  919.000  9.803783e-01 
  920.000  9.805254e-01 
  921.000  9.805254e-01 
  922.000  9.806042e-01 
  923.000  9.807083e-01 
  924.000  9.807816e-01 
  925.000  9.807816e-01 
  926.000  9.809145e-01 
  927.000  9.809968e-01 
  928.000  9.811041e-01 
  929.000  9.812315e-01 
  930.000  9.812315e-01 
  931.000  9.813411e-01 
  932.000  9.814432e-01 
  933.000  9.815387e-01 
  934.000  9.815387e-01 
  935.000  9.816346e-01 
  936.000  9.817352e-01 
  937.000  9.818530e-01 
  938.000  9.818530e-01 
  939.000  9.819333e-01 
  940.000  9.820390e-01 
  941.000  9.821407e-01 
  942.000  9.821407e-01 
  943.000  9.822683e-01 
  944.000  9.823326e-01 
  945.000  9.824371e-01 
  946.000  9.824371e-01 
  947.000  9.825329e-01 
  948.000  9.826194e-01 
  949.000  9.827506e-01 
  950.000  9.827506e-01 
  951.000  9.828333e-01 
  952.000  9.829287e-01 
  953.000  9.830386e-01 
  954.000  9.830386e-01 
  955.000  9.831530e-01 
  956.000  9.832258e-01 
  957.000  9.833233e-01 
  958.000  9.833233e-01 
  959.000  9.834152e-01 
  960.000  9.834848e-01 
  961.000  9.834848e-01 
  962.000  9.836261e-01 
  963.000  9.837121e-01 
  964.000  9.837914e-01 
  965.000  9.837914e-01 
  966.000  9.838892e-01 
  967.000  9.839934e-01 
  968.000  9.839934e-01 
  969.000  9.841015e-01 
  970.000  9.841448e-01 
  971.000  9.842526e-01 
  972.000  9.842526e-01 
  973.000  9.843102e-01 
  974.000  9.844291e-01 
  975.000  9.844291e-01 
  976.000  9.845253e-01 
  977.000  9.846199e-01 
  978.000  9.847022e-01 
  979.000  9.847022e-01 
  980.000  9.848089e-01 
  981.000  9.848827e-01 
  982.000  9.848827e-01 
  983.000  9.849892e-01 
  984.000  9.850971e-01 
  985.000  9.850971e-01 
  986.000  9.851508e-01 
  987.000  9.852161e-01 
  988.000  9.852161e-01 
  989.000  9.853356e-01 
  990.000  9.854450e-01 
  991.000  9.854450e-01 
  992.000  9.855033e-01 
  993.000  9.855726e-01 
  994.000  9.855726e-01 
  995.000  9.857120e-01 
  996.000  9.857461e-01 
  997.000  9.857461e-01 
  998.000  9.858529e-01 
  999.000  9.859489e-01 
 1000.000  9.859489e-01 
 1001.000  9.860518e-01 
 1002.000  9.861049e-01 
 1003.000  9.861049e-01 
 1004.000  9.861874e-01 
 1005.000  9.862463e-01 
 1006.000  9.862463e-01 
 1007.000  9.863236e-01 
 1008.000  9.864088e-01 
 1009.000  9.864088e-01 
 1010.000  9.864786e-01 
 1011.000  9.865599e-01 
 1012.000  9.865599e-01 
 1013.000  9.866640e-01 
 1014.000  9.867633e-01 
 1015.000  9.867633e-01 
 1016.000  9.868159e-01 
 1017.000  9.869316e-01 
 1018.000  9.869316e-01 
 1019.000  9.870117e-01 
 1020.000  9.870841e-01 
 1021.000  9.870841e-01 
 1022.000  9.871828e-01 
 1023.000  9.871828e-01 
 1024.000  9.872263e-01 
 1025.000  9.873298e-01 
 1026.000  9.873298e-01 
 1027.000  9.873994e-01 
 1028.000  9.874629e-01 
 1029.000  9.874629e-01 
 1030.000  9.875643e-01 
 1031.000  9.876081e-01 
 1032.000  9.876081e-01 
 1033.000  9.876984e-01 
 1034.000  9.876984e-01 
 1035.000  9.877641e-01 
 1036.000  9.878448e-01 
 1037.000  9.878448e-01 
 1038.000  9.878878e-01 
 1039.000  9.880267e-01 
 1040.000  9.880267e-01 
 1041.000  9.880677e-01 
 1042.000  9.880677e-01 
 1043.000  9.881413e-01 
 1044.000  9.882129e-01 
 1045.000  9.882129e-01 
 1046.000  9.882945e-01 
 1047.000  9.882945e-01 
 1048.000  9.883640e-01 
 1049.000  9.884384e-01 
 1050.000  9.884384e-01 
 1051.000  9.885287e-01 
 1052.000  9.885287e-01 
 1053.000  9.886022e-01 
 1054.000  9.886629e-01 
 1055.000  9.886629e-01 
 1056.000  9.887218e-01 
 1057.000  9.887218e-01 
 1058.000  9.888015e-01 
 1059.000  9.888844e-01 
 1060.000  9.888844e-01 
 1061.000  9.889512e-01 
 1062.000  9.889512e-01 
 1063.000  9.890266e-01 
 1064.000  9.890792e-01 
 1065.000  9.890792e-01 
 1066.000  9.891426e-01 
 1067.000  9.891426e-01 
 1068.000  9.892460e-01 
 1069.000  9.892690e-01 
 1070.000  9.892690e-01 
 1071.000  9.893556e-01 
 1072.000  9.893556e-01 
 1073.000  9.894184e-01 
 1074.000  9.894184e-01 
 1075.000  9.894906e-01 
 1076.000  9.895557e-01 
 1077.000  9.895557e-01 
 1078.000  9.896305e-01 
 1079.000  9.896305e-01 
 1080.000  9.896844e-01 
 1081.000  9.896844e-01 
 1082.000  9.897655e-01 
 1083.000  9.898286e-01 
 1084.000  9.898286e-01 
 1085.000  9.898624e-01 
 1086.000  9.898624e-01 
 1087.000  9.899462e-01 
 1088.000  9.899462e-01 
 1089.000  9.900388e-01 
 1090.000  9.900945e-01 
 1091.000  9.900945e-01 
 1092.000  9.901706e-01 
 1093.000  9.901706e-01 
 1094.000  9.902065e-01 
 1095.000  9.902065e-01 
 1096.000  9.902688e-01 
 1097.000  9.902688e-01 
 1098.000  9.903491e-01 
 1099.000  9.904014e-01 
 1100.000  9.904014e-01 
 1101.000  9.904686e-01 
 1102.000  9.904686e-01 
 1103.000  9.905300e-01 
 1104.000  9.905300e-01 
 1105.000  9.906006e-01 
 1106.000  9.906006e-01 
 1107.000  9.906711e-01 
 1108.000  9.906711e-01 
 1109.000  9.907037e-01 
 1110.000  9.907721e-01 
 1111.000  9.907721e-01 
 1112.000  9.908348e-01 
 1113.000  9.908348e-01 
 1114.000  9.909007e-01 
 1115.000  9.909007e-01 
 1116.000  9.909601e-01 
 1117.000  9.909601e-01 
 1118.000  9.910369e-01 
 1119.000  9.910369e-01 
 1120.000  9.910870e-01 
 1121.000  9.910870e-01 
 1122.000  9.911534e-01 
 1123.000  9.911866e-01 
 1124.000  9.911866e-01 
 1125.000  9.912564e-01 
 1126.000  9.912564e-01 
 1127.000  9.913176e-01 
 1128.000  9.913176e-01 
 1129.000  9.913765e-01 
 1130.000  9.913765e-01 
 1131.000  9.914526e-01 
 1132.000  9.914526e-01 
 1133.000  9.915020e-01 
 1134.000  9.915020e-01 
 1135.000  9.915536e-01 
 1136.000  9.915536e-01 
 1137.000  9.916254e-01 
 1138.000  9.916254e-01 
 1139.000  9.916731e-01 
 1140.000  9.916731e-01 
 1141.000  9.917417e-01 
 1142.000  9.917417e-01 
 1143.000  9.917873e-01 
 1144.000  9.917873e-01 
 1145.000  9.918502e-01 
 1146.000  9.918502e-01 
 1147.000  9.918911e-01 
 1148.000  9.918911e-01 
 1149.000  9.919488e-01 
 1150.000  9.919488e-01 
 1151.000  9.920291e-01 
 1152.000  9.920291e-01 
 1153.000  9.920619e-01 
 1154.000  9.920619e-01 
 1155.000  9.921066e-01 
 1156.000  9.921066e-01 
 1157.000  9.921531e-01 
 1158.000  9.921531e-01 
 1159.000  9.922190e-01 
 1160.000  9.922190e-01 
 1161.000  9.922886e-01 
 1162.000  9.922886e-01 
 1163.000  9.923394e-01 
 1164.000  9.923394e-01 
 1165.000  9.923993e-01 
 1166.000  9.923993e-01 
 1167.000  9.924245e-01 
 1168.000  9.924245e-01 
 1169.000  9.924884e-01 
 1170.000  9.924884e-01 
 1171.000  9.925323e-01 
 1172.000  9.925323e-01 
 1173.000  9.926033e-01 
 1174.000  9.926033e-01 
 1175.000  9.926430e-01 
 1176.000  9.926430e-01 
 1177.000  9.927011e-01 
 1178.000  9.927011e-01 
 1179.000  9.927602e-01 
 1180.000  9.927602e-01 
 1181.000  9.928023e-01 
 1182.000  9.928023e-01 
 1183.000  9.928556e-01 
 1184.000  9.928556e-01 
 1185.000  9.929264e-01 
 1186.000  9.929264e-01 
 1187.000  9.929599e-01 
 1188.000  9.929599e-01 
 1189.000  9.929599e-01 
 1190.000  9.930220e-01 
 1191.000  9.930220e-01 
 1192.000  9.930514e-01 
 1193.000  9.930514e-01 
 1194.000  9.931126e-01 
 1195.000  9.931126e-01 
 1196.000  9.931501e-01 
 1197.000  9.931501e-01 
 1198.000  9.932166e-01 
 1199.000  9.932166e-01 
 1200.000  9.932631e-01 
