  250.000  0.000000e+00 
  251.000  0.000000e+00 
  252.000  0.000000e+00 
  253.000  0.000000e+00 
  254.000  0.000000e+00 
  255.000  0.000000e+00 
  256.000  0.000000e+00 
  257.000  0.000000e+00 
  258.000  0.000000e+00 
  259.000  0.000000e+00 
  260.000  0.000000e+00 
  261.000  0.000000e+00 
  262.000  0.000000e+00 
  263.000  0.000000e+00 
  264.000  0.000000e+00 
  265.000  0.000000e+00 
  266.000  0.000000e+00 
  267.000  0.000000e+00 
  268.000  0.000000e+00 
  269.000  0.000000e+00 
  270.000  0.000000e+00 
  271.000  0.000000e+00 
  272.000  0.000000e+00 
  273.000  0.000000e+00 
  274.000  0.000000e+00 
  275.000  0.000000e+00 
  276.000  0.000000e+00 
  277.000  0.000000e+00 
  278.000  0.000000e+00 
  279.000  0.000000e+00 
  280.000  0.000000e+00 
  281.000  0.000000e+00 
  282.000  0.000000e+00 
  283.000  0.000000e+00 
  284.000  0.000000e+00 
  285.000  0.000000e+00 
  286.000  0.000000e+00 
  287.000  0.000000e+00 
  288.000  0.000000e+00 
  289.000  0.000000e+00 
  290.000  7.668234e-05 
  291.000  2.010153e-04 
  292.000  7.270887e-04 
  293.000  1.548924e-03 
  294.000  3.658120e-03 
  295.000  6.347419e-03 
  296.000  1.380156e-02 
  297.000  2.191920e-02 
  298.000  3.812425e-02 
  299.000  5.539010e-02 
  300.000  8.173613e-02 
  301.000  1.122296e-01 
  302.000  1.456539e-01 
  303.000  1.999394e-01 
  304.000  2.234136e-01 
  305.000  2.884986e-01 
  306.000  3.307088e-01 
  307.000  3.929149e-01 
  308.000  4.370467e-01 
  309.000  4.824107e-01 
  310.000  5.509325e-01 
  311.000  5.777077e-01 
  312.000  6.223632e-01 
  313.000  6.726514e-01 
  314.000  6.897628e-01 
  315.000  7.450611e-01 
  316.000  7.555230e-01 
  317.000  7.927566e-01 
  318.000  8.109944e-01 
  319.000  8.682888e-01 
  320.000  8.220051e-01 
  321.000  9.051335e-01 
  322.000  8.638390e-01 
  323.000  8.979025e-01 
  324.000  9.445010e-01 
  325.000  9.015447e-01 
  326.000  9.479441e-01 
  327.000  9.579105e-01 
  328.000  9.253433e-01 
  329.000  9.752308e-01 
  330.000  9.786592e-01 
  331.000  9.503446e-01 
  332.000  9.812666e-01 
  333.000  9.832104e-01 
  334.000  9.725471e-01 
  335.000  9.890730e-01 
  336.000  9.922183e-01 
  337.000  9.810895e-01 
  338.000  9.894996e-01 
  339.000  9.938129e-01 
  340.000  9.878440e-01 
  341.000  9.932429e-01 
  342.000  9.953107e-01 
  343.000  9.946507e-01 
  344.000  9.887133e-01 
  345.000  9.947538e-01 
  346.000  9.960215e-01 
  347.000  9.955367e-01 
  348.000  9.961930e-01 
  349.000  9.969320e-01 
  350.000  9.973415e-01 
  351.000  9.975488e-01 
  352.000  9.977092e-01 
  353.000  9.978741e-01 
  354.000  9.973170e-01 
  355.000  9.971641e-01 
  356.000  9.972920e-01 
  357.000  9.963585e-01 
  358.000  9.958901e-01 
  359.000  9.953744e-01 
  360.000  9.947679e-01 
  361.000  9.943377e-01 
  362.000  9.951798e-01 
  363.000  9.959667e-01 
  364.000  9.967232e-01 
  365.000  9.966403e-01 
  366.000  9.970458e-01 
  367.000  9.971720e-01 
  368.000  9.970990e-01 
  369.000  9.972185e-01 
  370.000  9.971601e-01 
  371.000  9.973408e-01 
  372.000  9.967736e-01 
  373.000  9.970315e-01 
  374.000  9.970883e-01 
  375.000  9.971820e-01 
  376.000  9.966064e-01 
  377.000  9.965376e-01 
  378.000  9.964003e-01 
  379.000  9.957455e-01 
  380.000  9.949696e-01 
  381.000  9.952461e-01 
  382.000  9.958636e-01 
  383.000  9.965661e-01 
  384.000  9.966043e-01 
  385.000  9.967672e-01 
  386.000  9.969050e-01 
  387.000  9.968633e-01 
  388.000  9.967892e-01 
  389.000  9.967719e-01 
  390.000  9.967631e-01 
  391.000  9.968388e-01 
  392.000  9.964511e-01 
  393.000  9.970122e-01 
  394.000  9.970168e-01 
  395.000  9.969436e-01 
  396.000  9.967580e-01 
  397.000  9.970402e-01 
  398.000  9.964941e-01 
  399.000  9.969015e-01 
  400.000  9.964045e-01 
  401.000  9.965176e-01 
  402.000  9.969268e-01 
  403.000  9.971662e-01 
  404.000  9.967057e-01 
  405.000  9.965613e-01 
  406.000  9.969893e-01 
  407.000  9.973378e-01 
  408.000  9.967639e-01 
  409.000  9.964563e-01 
  410.000  9.966340e-01 
  411.000  9.965575e-01 
  412.000  9.969884e-01 
  413.000  9.964105e-01 
  414.000  9.966475e-01 
  415.000  9.966947e-01 
  416.000  9.971980e-01 
  417.000  9.971319e-01 
  418.000  9.968472e-01 
  419.000  9.969125e-01 
  420.000  9.966242e-01 
  421.000  9.965509e-01 
  422.000  9.964383e-01 
  423.000  9.966329e-01 
  424.000  9.963042e-01 
  425.000  9.966979e-01 
  426.000  9.971442e-01 
  427.000  9.967347e-01 
  428.000  9.963466e-01 
  429.000  9.969822e-01 
  430.000  9.969780e-01 
  431.000  9.962881e-01 
  432.000  9.969352e-01 
  433.000  9.968042e-01 
  434.000  9.964277e-01 
  435.000  9.956589e-01 
  436.000  9.963433e-01 
  437.000  9.970901e-01 
  438.000  9.972414e-01 
  439.000  9.956178e-01 
  440.000  9.961742e-01 
  441.000  9.968687e-01 
  442.000  9.970739e-01 
  443.000  9.965933e-01 
  444.000  9.961099e-01 
  445.000  9.952731e-01 
  446.000  9.958146e-01 
  447.000  9.963129e-01 
  448.000  9.947343e-01 
  449.000  9.960433e-01 
  450.000  9.964955e-01 
  451.000  9.964382e-01 
  452.000  9.963655e-01 
  453.000  9.963712e-01 
  454.000  9.966637e-01 
  455.000  9.962552e-01 
  456.000  9.961801e-01 
  457.000  9.963523e-01 
  458.000  9.954149e-01 
  459.000  9.957556e-01 
  460.000  9.952288e-01 
  461.000  9.952622e-01 
  462.000  9.956270e-01 
  463.000  9.946886e-01 
  464.000  9.951600e-01 
  465.000  9.954016e-01 
  466.000  9.957725e-01 
  467.000  9.951842e-01 
  468.000  9.953414e-01 
  469.000  9.953735e-01 
  470.000  9.951929e-01 
  471.000  9.952161e-01 
  472.000  9.945715e-01 
  473.000  9.937955e-01 
  474.000  9.921324e-01 
  475.000  9.910913e-01 
  476.000  9.903656e-01 
  477.000  9.899187e-01 
  478.000  9.897895e-01 
  479.000  9.900109e-01 
  480.000  9.902982e-01 
  481.000  9.915057e-01 
  482.000  9.923634e-01 
  483.000  9.929832e-01 
  484.000  9.929350e-01 
  485.000  9.926665e-01 
  486.000  9.926720e-01 
  487.000  9.929641e-01 
  488.000  9.926212e-01 
  489.000  9.921585e-01 
  490.000  9.926772e-01 
  491.000  9.929569e-01 
  492.000  9.927875e-01 
  493.000  9.925992e-01 
  494.000  9.922132e-01 
  495.000  9.921131e-01 
  496.000  9.917225e-01 
  497.000  9.915654e-01 
  498.000  9.914467e-01 
  499.000  9.911546e-01 
  500.000  9.907687e-01 
  501.000  9.901661e-01 
  502.000  9.887337e-01 
  503.000  9.873510e-01 
  504.000  9.860405e-01 
  505.000  9.865938e-01 
  506.000  9.863924e-01 
  507.000  9.862120e-01 
  508.000  9.869478e-01 
  509.000  9.872425e-01 
  510.000  9.876776e-01 
  511.000  9.876834e-01 
  512.000  9.877771e-01 
  513.000  9.880584e-01 
  514.000  9.881241e-01 
  515.000  9.882435e-01 
  516.000  9.880267e-01 
  517.000  9.877779e-01 
  518.000  9.875414e-01 
  519.000  9.870425e-01 
  520.000  9.868430e-01 
  521.000  9.865174e-01 
  522.000  9.862453e-01 
  523.000  9.857977e-01 
  524.000  9.852489e-01 
  525.000  9.844630e-01 
  526.000  9.837705e-01 
  527.000  9.831081e-01 
  528.000  9.823799e-01 
  529.000  9.816605e-01 
  530.000  9.812058e-01 
  531.000  9.807989e-01 
  532.000  9.804889e-01 
  533.000  9.803420e-01 
  534.000  9.801829e-01 
  535.000  9.801669e-01 
  536.000  9.801310e-01 
  537.000  9.800028e-01 
  538.000  9.798329e-01 
  539.000  9.794995e-01 
  540.000  9.794655e-01 
  541.000  9.782991e-01 
  542.000  9.782719e-01 
  543.000  9.784736e-01 
  544.000  9.783679e-01 
  545.000  9.774762e-01 
  546.000  9.769593e-01 
  547.000  9.774693e-01 
  548.000  9.776525e-01 
  549.000  9.775978e-01 
  550.000  9.773352e-01 
  551.000  9.775774e-01 
  552.000  9.773031e-01 
  553.000  9.769075e-01 
  554.000  9.767663e-01 
  555.000  9.765695e-01 
  556.000  9.760269e-01 
  557.000  9.753085e-01 
  558.000  9.746753e-01 
  559.000  9.738463e-01 
  560.000  9.731032e-01 
  561.000  9.724548e-01 
  562.000  9.719104e-01 
  563.000  9.711946e-01 
  564.000  9.704218e-01 
  565.000  9.697952e-01 
  566.000  9.692640e-01 
  567.000  9.684700e-01 
  568.000  9.675946e-01 
  569.000  9.642713e-01 
  570.000  9.627199e-01 
  571.000  9.631906e-01 
  572.000  9.612464e-01 
  573.000  9.614495e-01 
  574.000  9.600521e-01 
  575.000  9.600786e-01 
  576.000  9.595086e-01 
  577.000  9.594733e-01 
  578.000  9.606857e-01 
  579.000  9.614059e-01 
  580.000  9.621975e-01 
  581.000  9.634548e-01 
  582.000  9.645538e-01 
  583.000  9.656087e-01 
  584.000  9.669570e-01 
  585.000  9.672697e-01 
  586.000  9.678831e-01 
  587.000  9.678326e-01 
  588.000  9.670153e-01 
  589.000  9.578808e-01 
  590.000  9.577326e-01 
  591.000  9.607818e-01 
  592.000  9.537235e-01 
  593.000  9.645304e-01 
  594.000  9.588867e-01 
  595.000  9.621236e-01 
  596.000  9.634359e-01 
  597.000  9.632506e-01 
  598.000  9.632151e-01 
  599.000  9.648011e-01 
  600.000  9.648076e-01 
  601.000  9.659239e-01 
  602.000  9.663337e-01 
  603.000  9.664686e-01 
  604.000  9.668136e-01 
  605.000  9.668652e-01 
  606.000  9.673521e-01 
  607.000  9.677764e-01 
  608.000  9.682741e-01 
  609.000  9.684814e-01 
  610.000  9.688901e-01 
  611.000  9.692120e-01 
  612.000  9.696270e-01 
  613.000  9.700522e-01 
  614.000  9.703375e-01 
  615.000  9.706753e-01 
  616.000  9.711169e-01 
  617.000  9.714276e-01 
  618.000  9.716139e-01 
  619.000  9.719028e-01 
  620.000  9.720531e-01 
  621.000  9.720913e-01 
  622.000  9.721073e-01 
  623.000  9.719889e-01 
  624.000  9.718962e-01 
  625.000  9.718291e-01 
  626.000  9.714602e-01 
  627.000  9.709533e-01 
  628.000  9.563892e-01 
  629.000  9.622895e-01 
  630.000  9.666107e-01 
  631.000  9.705052e-01 
  632.000  9.714012e-01 
  633.000  9.725254e-01 
  634.000  9.737214e-01 
  635.000  9.741980e-01 
  636.000  9.752390e-01 
  637.000  9.765635e-01 
  638.000  9.778379e-01 
  639.000  9.785957e-01 
  640.000  9.791700e-01 
  641.000  9.798003e-01 
  642.000  9.805934e-01 
  643.000  9.805323e-01 
  644.000  9.811463e-01 
  645.000  9.811854e-01 
  646.000  9.790088e-01 
  647.000  9.755205e-01 
  648.000  9.720691e-01 
  649.000  9.751016e-01 
  650.000  9.815717e-01 
  651.000  9.823843e-01 
  652.000  9.805759e-01 
  653.000  9.827052e-01 
  654.000  9.827405e-01 
  655.000  9.756117e-01 
  656.000  9.806303e-01 
  657.000  9.819398e-01 
  658.000  9.843667e-01 
  659.000  9.857410e-01 
  660.000  9.855715e-01 
  661.000  9.863327e-01 
  662.000  9.863823e-01 
  663.000  9.863116e-01 
  664.000  9.868061e-01 
  665.000  9.870483e-01 
  666.000  9.873494e-01 
  667.000  9.877532e-01 
  668.000  9.879260e-01 
  669.000  9.882051e-01 
  670.000  9.884056e-01 
  671.000  9.887302e-01 
  672.000  9.887866e-01 
  673.000  9.890348e-01 
  674.000  9.891296e-01 
  675.000  9.894018e-01 
  676.000  9.894671e-01 
  677.000  9.896236e-01 
  678.000  9.898520e-01 
  679.000  9.899818e-01 
  680.000  9.901966e-01 
  681.000  9.902350e-01 
  682.000  9.906688e-01 
  683.000  9.904228e-01 
  684.000  9.907714e-01 
  685.000  9.912054e-01 
  686.000  9.912621e-01 
  687.000  7.520587e-01 
  688.000  9.117236e-01 
  689.000  9.336793e-01 
  690.000  9.531331e-01 
  691.000  9.622396e-01 
  692.000  9.809437e-01 
  693.000  9.730169e-01 
  694.000  9.602016e-01 
  695.000  9.759220e-01 
  696.000  9.713415e-01 
  697.000  9.907005e-01 
  698.000  9.900602e-01 
  699.000  9.818589e-01 
  700.000  9.825625e-01 
  701.000  9.761243e-01 
  702.000  9.791768e-01 
  703.000  9.816381e-01 
  704.000  9.835398e-01 
  705.000  9.840760e-01 
  706.000  9.870545e-01 
  707.000  9.894730e-01 
  708.000  9.911137e-01 
  709.000  9.911463e-01 
  710.000  9.903095e-01 
  711.000  9.922932e-01 
  712.000  9.909561e-01 
  713.000  9.926997e-01 
  714.000  9.912038e-01 
  715.000  9.870367e-01 
  716.000  9.876350e-01 
  717.000  9.702956e-01 
  718.000  9.207863e-01 
  719.000  8.725396e-01 
  720.000  9.289559e-01 
  721.000  9.797094e-01 
  722.000  9.783816e-01 
  723.000  9.757240e-01 
  724.000  9.105433e-01 
  725.000  9.328014e-01 
  726.000  9.607112e-01 
  727.000  9.484014e-01 
  728.000  9.261947e-01 
  729.000  9.389052e-01 
  730.000  9.639037e-01 
  731.000  9.500233e-01 
  732.000  9.579282e-01 
  733.000  9.782876e-01 
  734.000  9.888358e-01 
  735.000  9.814008e-01 
  736.000  9.864854e-01 
  737.000  9.863629e-01 
  738.000  9.893757e-01 
  739.000  9.902037e-01 
  740.000  9.940477e-01 
  741.000  9.960393e-01 
  742.000  9.961084e-01 
  743.000  9.959510e-01 
  744.000  9.965133e-01 
  745.000  9.968205e-01 
  746.000  9.971112e-01 
  747.000  9.970751e-01 
  748.000  9.971915e-01 
  749.000  9.971988e-01 
  750.000  9.972785e-01 
  751.000  9.972634e-01 
  752.000  9.975309e-01 
  753.000  9.975872e-01 
  754.000  9.976071e-01 
  755.000  9.976230e-01 
  756.000  9.976186e-01 
  757.000  9.978031e-01 
  758.000  9.978876e-01 
  759.000  9.917262e-01 
  760.000  4.805422e-01 
  761.000  3.994498e-01 
  762.000  7.512593e-01 
  763.000  6.641256e-01 
  764.000  6.988229e-01 
  765.000  8.050868e-01 
  766.000  9.221605e-01 
  767.000  9.546575e-01 
  768.000  9.857389e-01 
  769.000  9.939384e-01 
  770.000  9.936438e-01 
  771.000  9.971172e-01 
  772.000  9.980345e-01 
  773.000  9.980204e-01 
  774.000  9.979815e-01 
  775.000  9.980069e-01 
  776.000  9.980177e-01 
  777.000  9.980341e-01 
  778.000  9.980391e-01 
  779.000  9.980314e-01 
  780.000  9.980254e-01 
  781.000  9.980871e-01 
  782.000  9.980746e-01 
  783.000  9.981555e-01 
  784.000  9.979123e-01 
  785.000  9.976548e-01 
  786.000  9.962667e-01 
  787.000  9.960974e-01 
  788.000  9.932384e-01 
  789.000  9.931221e-01 
  790.000  9.880723e-01 
  791.000  9.885312e-01 
  792.000  9.906225e-01 
  793.000  9.919901e-01 
  794.000  9.980353e-01 
  795.000  9.958442e-01 
  796.000  9.820501e-01 
  797.000  9.919892e-01 
  798.000  9.929086e-01 
  799.000  9.950095e-01 
  800.000  9.891572e-01 
  801.000  9.863025e-01 
  802.000  9.901537e-01 
  803.000  9.893283e-01 
  804.000  9.889650e-01 
  805.000  9.914828e-01 
  806.000  9.965042e-01 
  807.000  9.933589e-01 
  808.000  9.964475e-01 
  809.000  9.916046e-01 
  810.000  9.890708e-01 
  811.000  9.899501e-01 
  812.000  9.845047e-01 
  813.000  9.739596e-01 
  814.000  9.556006e-01 
  815.000  9.323981e-01 
  816.000  9.500032e-01 
  817.000  8.672658e-01 
  818.000  9.252094e-01 
  819.000  9.496657e-01 
  820.000  9.174225e-01 
  821.000  9.874597e-01 
  822.000  9.788164e-01 
  823.000  8.425675e-01 
  824.000  9.668660e-01 
  825.000  9.826039e-01 
  826.000  9.657040e-01 
  827.000  9.816128e-01 
  828.000  9.380486e-01 
  829.000  9.718043e-01 
  830.000  9.638682e-01 
  831.000  9.676658e-01 
  832.000  9.671567e-01 
  833.000  9.798934e-01 
  834.000  9.796387e-01 
  835.000  9.866098e-01 
  836.000  9.873574e-01 
  837.000  9.869476e-01 
  838.000  9.916063e-01 
  839.000  9.939110e-01 
  840.000  9.944477e-01 
  841.000  9.944477e-01 
  842.000  9.902790e-01 
  843.000  9.980140e-01 
  844.000  9.933064e-01 
  845.000  9.970413e-01 
  846.000  9.979605e-01 
  847.000  9.986645e-01 
  848.000  9.976092e-01 
  849.000  9.980205e-01 
  850.000  9.977130e-01 
  851.000  9.970461e-01 
  852.000  9.987698e-01 
  853.000  9.990781e-01 
  854.000  9.986782e-01 
  855.000  9.986782e-01 
  856.000  9.990184e-01 
  857.000  9.997844e-01 
  858.000  9.989919e-01 
  859.000  9.994500e-01 
  860.000  9.999419e-01 
  861.000  9.997083e-01 
  862.000  9.999074e-01 
  863.000  9.998087e-01 
  864.000  9.999713e-01 
  865.000  9.999713e-01 
  866.000  9.999502e-01 
  867.000  9.999923e-01 
  868.000  9.999499e-01 
  869.000  9.998963e-01 
  870.000  9.999197e-01 
  871.000  9.999489e-01 
  872.000  9.999776e-01 
  873.000  9.998990e-01 
  874.000  9.998990e-01 
  875.000  9.999908e-01 
  876.000  9.999936e-01 
  877.000  9.999155e-01 
  878.000  9.998392e-01 
  879.000  9.998149e-01 
  880.000  9.999278e-01 
  881.000  9.999278e-01 
  882.000  9.994367e-01 
  883.000  9.995707e-01 
  884.000  9.995847e-01 
  885.000  9.996490e-01 
  886.000  9.968922e-01 
  887.000  9.993705e-01 
  888.000  9.993705e-01 
  889.000  9.987456e-01 
  890.000  9.971805e-01 
  891.000  9.992844e-01 
  892.000  9.967723e-01 
  893.000  9.901668e-01 
  894.000  9.901668e-01 
  895.000  9.746318e-01 
  896.000  9.603044e-01 
  897.000  8.931201e-01 
  898.000  9.569010e-01 
  899.000  8.315465e-01 
  900.000  8.315465e-01 
  901.000  8.596948e-01 
  902.000  8.863050e-01 
  903.000  9.151724e-01 
  904.000  9.796069e-01 
  905.000  9.710116e-01 
  906.000  9.710116e-01 
  907.000  9.018660e-01 
  908.000  8.813605e-01 
  909.000  8.925552e-01 
  910.000  8.777432e-01 
  911.000  8.777432e-01 
  912.000  9.479136e-01 
  913.000  9.131729e-01 
  914.000  8.892372e-01 
  915.000  8.527154e-01 
  916.000  8.527154e-01 
  917.000  9.450288e-01 
  918.000  8.697613e-01 
  919.000  9.277582e-01 
  920.000  9.772314e-01 
  921.000  9.772314e-01 
  922.000  9.645617e-01 
  923.000  9.635148e-01 
  924.000  9.508909e-01 
  925.000  9.508909e-01 
  926.000  9.571328e-01 
  927.000  9.621739e-01 
  928.000  8.883091e-01 
  929.000  8.729897e-01 
  930.000  8.729897e-01 
  931.000  7.562808e-01 
  932.000  5.886294e-01 
  933.000  6.211137e-01 
  934.000  6.211137e-01 
  935.000  5.690542e-01 
  936.000  5.387613e-01 
  937.000  5.347576e-01 
  938.000  5.347576e-01 
  939.000  6.639260e-01 
  940.000  7.868174e-01 
  941.000  7.406964e-01 
  942.000  7.406964e-01 
  943.000  6.422554e-01 
  944.000  6.500545e-01 
  945.000  7.377199e-01 
  946.000  7.377199e-01 
  947.000  6.571490e-01 
  948.000  6.785985e-01 
  949.000  7.360744e-01 
  950.000  7.360744e-01 
  951.000  7.463874e-01 
  952.000  6.548179e-01 
  953.000  7.826712e-01 
  954.000  7.826712e-01 
  955.000  7.772040e-01 
  956.000  6.765898e-01 
  957.000  8.205609e-01 
  958.000  8.205609e-01 
  959.000  7.373667e-01 
  960.000  8.076168e-01 
  961.000  8.076168e-01 
  962.000  8.280724e-01 
  963.000  8.809459e-01 
  964.000  7.987611e-01 
  965.000  7.987611e-01 
  966.000  8.546090e-01 
  967.000  9.207988e-01 
  968.000  9.207988e-01 
  969.000  9.352140e-01 
  970.000  9.621844e-01 
  971.000  9.710063e-01 
  972.000  9.710063e-01 
  973.000  9.601586e-01 
  974.000  9.049101e-01 
  975.000  9.049101e-01 
  976.000  8.896173e-01 
  977.000  9.460275e-01 
  978.000  9.380761e-01 
  979.000  9.380761e-01 
  980.000  9.387718e-01 
  981.000  9.825511e-01 
  982.000  9.825511e-01 
  983.000  9.692631e-01 
  984.000  9.809575e-01 
  985.000  9.809575e-01 
  986.000  9.948854e-01 
  987.000  9.895966e-01 
  988.000  9.895966e-01 
  989.000  9.975838e-01 
  990.000  9.942662e-01 
  991.000  9.942662e-01 
  992.000  9.964865e-01 
  993.000  9.960203e-01 
  994.000  9.960203e-01 
  995.000  9.993050e-01 
  996.000  9.993681e-01 
  997.000  9.993681e-01 
  998.000  9.993516e-01 
  999.000  9.990599e-01 
 1000.000  9.990599e-01 
 1001.000  9.991855e-01 
 1002.000  9.946266e-01 
 1003.000  9.946266e-01 
 1004.000  9.991647e-01 
 1005.000  9.993559e-01 
 1006.000  9.993559e-01 
 1007.000  9.994813e-01 
 1008.000  9.985971e-01 
 1009.000  9.985971e-01 
 1010.000  9.951956e-01 
 1011.000  9.994048e-01 
 1012.000  9.994048e-01 
 1013.000  9.995440e-01 
 1014.000  9.993952e-01 
 1015.000  9.993952e-01 
 1016.000  9.996091e-01 
 1017.000  9.993358e-01 
 1018.000  9.993358e-01 
 1019.000  9.990196e-01 
 1020.000  9.996212e-01 
 1021.000  9.996212e-01 
 1022.000  9.990423e-01 
 1023.000  9.990423e-01 
 1024.000  9.988942e-01 
 1025.000  9.995818e-01 
 1026.000  9.995818e-01 
 1027.000  9.992337e-01 
 1028.000  9.995977e-01 
 1029.000  9.995977e-01 
 1030.000  9.997266e-01 
 1031.000  9.996543e-01 
 1032.000  9.996543e-01 
 1033.000  9.996740e-01 
 1034.000  9.996740e-01 
 1035.000  9.997206e-01 
 1036.000  9.994466e-01 
 1037.000  9.994466e-01 
 1038.000  9.994096e-01 
 1039.000  9.990996e-01 
 1040.000  9.990996e-01 
 1041.000  9.988990e-01 
 1042.000  9.988990e-01 
 1043.000  9.986387e-01 
 1044.000  9.982492e-01 
 1045.000  9.982492e-01 
 1046.000  9.977148e-01 
 1047.000  9.977148e-01 
 1048.000  9.971827e-01 
 1049.000  9.961234e-01 
 1050.000  9.961234e-01 
 1051.000  9.956459e-01 
 1052.000  9.956459e-01 
 1053.000  9.949209e-01 
 1054.000  9.943019e-01 
 1055.000  9.943019e-01 
 1056.000  9.935836e-01 
 1057.000  9.935836e-01 
 1058.000  9.929349e-01 
 1059.000  9.922919e-01 
 1060.000  9.922919e-01 
 1061.000  9.918792e-01 
 1062.000  9.918792e-01 
 1063.000  9.911250e-01 
 1064.000  9.905863e-01 
 1065.000  9.905863e-01 
 1066.000  9.913674e-01 
 1067.000  9.913674e-01 
 1068.000  9.907811e-01 
 1069.000  9.912127e-01 
 1070.000  9.912127e-01 
 1071.000  9.922239e-01 
 1072.000  9.922239e-01 
 1073.000  9.928670e-01 
 1074.000  9.928670e-01 
 1075.000  9.904857e-01 
 1076.000  9.902637e-01 
 1077.000  9.902637e-01 
 1078.000  9.933602e-01 
 1079.000  9.933602e-01 
 1080.000  9.907285e-01 
 1081.000  9.907285e-01 
 1082.000  9.925658e-01 
 1083.000  9.902292e-01 
 1084.000  9.902292e-01 
 1085.000  9.858004e-01 
 1086.000  9.858004e-01 
 1087.000  9.925707e-01 
 1088.000  9.925707e-01 
 1089.000  9.892921e-01 
 1090.000  9.875746e-01 
 1091.000  9.875746e-01 
 1092.000  9.823555e-01 
 1093.000  9.823555e-01 
 1094.000  9.823058e-01 
 1095.000  9.823058e-01 
 1096.000  9.791433e-01 
 1097.000  9.791433e-01 
 1098.000  9.720034e-01 
 1099.000  9.463357e-01 
 1100.000  9.463357e-01 
 1101.000  9.469915e-01 
 1102.000  9.469915e-01 
 1103.000  9.369066e-01 
 1104.000  9.369066e-01 
 1105.000  9.288914e-01 
 1106.000  9.288914e-01 
 1107.000  9.275522e-01 
 1108.000  9.275522e-01 
 1109.000  9.076665e-01 
 1110.000  8.723685e-01 
 1111.000  8.723685e-01 
 1112.000  8.539917e-01 
 1113.000  8.539917e-01 
 1114.000  7.681853e-01 
 1115.000  7.681853e-01 
 1116.000  5.744030e-01 
 1117.000  5.744030e-01 
 1118.000  6.746016e-01 
 1119.000  6.746016e-01 
 1120.000  6.139239e-01 
 1121.000  6.139239e-01 
 1122.000  4.300975e-01 
 1123.000  6.371292e-01 
 1124.000  6.371292e-01 
 1125.000  4.775429e-01 
 1126.000  4.775429e-01 
 1127.000  5.437840e-01 
 1128.000  5.437840e-01 
 1129.000  5.466250e-01 
 1130.000  5.466250e-01 
 1131.000  7.847940e-01 
 1132.000  7.847940e-01 
 1133.000  5.479040e-01 
 1134.000  5.479040e-01 
 1135.000  3.410261e-01 
 1136.000  3.410261e-01 
 1137.000  7.930822e-01 
 1138.000  7.930822e-01 
 1139.000  7.336034e-01 
 1140.000  7.336034e-01 
 1141.000  7.196912e-01 
 1142.000  7.196912e-01 
 1143.000  7.654230e-01 
 1144.000  7.654230e-01 
 1145.000  5.814845e-01 
 1146.000  5.814845e-01 
 1147.000  5.673338e-01 
 1148.000  5.673338e-01 
 1149.000  6.662283e-01 
 1150.000  6.662283e-01 
 1151.000  7.511719e-01 
 1152.000  7.511719e-01 
 1153.000  7.024767e-01 
 1154.000  7.024767e-01 
 1155.000  7.479655e-01 
 1156.000  7.479655e-01 
 1157.000  8.127512e-01 
 1158.000  8.127512e-01 
 1159.000  8.936584e-01 
 1160.000  8.936584e-01 
 1161.000  8.804065e-01 
 1162.000  8.804065e-01 
 1163.000  9.215819e-01 
 1164.000  9.215819e-01 
 1165.000  9.070239e-01 
 1166.000  9.070239e-01 
 1167.000  9.385133e-01 
 1168.000  9.385133e-01 
 1169.000  9.484027e-01 
 1170.000  9.484027e-01 
 1171.000  9.536390e-01 
 1172.000  9.536390e-01 
 1173.000  9.057195e-01 
 1174.000  9.057195e-01 
 1175.000  9.797648e-01 
 1176.000  9.797648e-01 
 1177.000  9.342284e-01 
 1178.000  9.342284e-01 
 1179.000  9.670713e-01 
 1180.000  9.670713e-01 
 1181.000  8.976896e-01 
 1182.000  8.976896e-01 
 1183.000  9.499812e-01 
 1184.000  9.499812e-01 
 1185.000  9.665397e-01 
 1186.000  9.665397e-01 
 1187.000  9.054879e-01 
 1188.000  9.054879e-01 
 1189.000  9.054879e-01 
 1190.000  9.492510e-01 
 1191.000  9.492510e-01 
 1192.000  9.814266e-01 
 1193.000  9.814266e-01 
 1194.000  9.584140e-01 
 1195.000  9.584140e-01 
 1196.000  9.694994e-01 
 1197.000  9.694994e-01 
 1198.000  9.479960e-01 
 1199.000  9.479960e-01 
 1200.000  9.442309e-01 
