  250.000  0.000000e+00 
  251.000  0.000000e+00 
  252.000  0.000000e+00 
  253.000  0.000000e+00 
  254.000  0.000000e+00 
  255.000  0.000000e+00 
  256.000  0.000000e+00 
  257.000  0.000000e+00 
  258.000  0.000000e+00 
  259.000  0.000000e+00 
  260.000  0.000000e+00 
  261.000  0.000000e+00 
  262.000  0.000000e+00 
  263.000  0.000000e+00 
  264.000  0.000000e+00 
  265.000  0.000000e+00 
  266.000  0.000000e+00 
  267.000  0.000000e+00 
  268.000  0.000000e+00 
  269.000  0.000000e+00 
  270.000  0.000000e+00 
  271.000  0.000000e+00 
  272.000  0.000000e+00 
  273.000  0.000000e+00 
  274.000  0.000000e+00 
  275.000  0.000000e+00 
  276.000  0.000000e+00 
  277.000  0.000000e+00 
  278.000  0.000000e+00 
  279.000  0.000000e+00 
  280.000  0.000000e+00 
  281.000  0.000000e+00 
  282.000  0.000000e+00 
  283.000  0.000000e+00 
  284.000  0.000000e+00 
  285.000  0.000000e+00 
  286.000  0.000000e+00 
  287.000  0.000000e+00 
  288.000  1.244465e-05 
  289.000  3.490427e-05 
  290.000  1.117642e-04 
  291.000  2.819622e-04 
  292.000  9.690364e-04 
  293.000  2.003190e-03 
  294.000  4.572036e-03 
  295.000  7.761118e-03 
  296.000  1.636227e-02 
  297.000  2.551170e-02 
  298.000  4.340660e-02 
  299.000  6.213499e-02 
  300.000  9.028106e-02 
  301.000  1.224097e-01 
  302.000  1.572238e-01 
  303.000  2.131164e-01 
  304.000  2.370889e-01 
  305.000  3.030580e-01 
  306.000  3.455200e-01 
  307.000  4.076997e-01 
  308.000  4.515807e-01 
  309.000  4.964843e-01 
  310.000  5.640224e-01 
  311.000  5.903105e-01 
  312.000  6.340569e-01 
  313.000  6.831651e-01 
  314.000  6.998511e-01 
  315.000  7.536186e-01 
  316.000  7.637876e-01 
  317.000  7.998838e-01 
  318.000  8.175227e-01 
  319.000  8.729203e-01 
  320.000  8.281663e-01 
  321.000  9.084417e-01 
  322.000  8.685976e-01 
  323.000  9.014440e-01 
  324.000  9.463304e-01 
  325.000  9.049381e-01 
  326.000  9.496096e-01 
  327.000  9.591942e-01 
  328.000  9.278426e-01 
  329.000  9.758272e-01 
  330.000  9.790952e-01 
  331.000  9.518926e-01 
  332.000  9.816111e-01 
  333.000  9.833887e-01 
  334.000  9.732198e-01 
  335.000  9.890442e-01 
  336.000  9.920878e-01 
  337.000  9.813864e-01 
  338.000  9.894800e-01 
  339.000  9.935225e-01 
  340.000  9.878091e-01 
  341.000  9.928985e-01 
  342.000  9.948388e-01 
  343.000  9.942088e-01 
  344.000  9.884654e-01 
  345.000  9.943075e-01 
  346.000  9.955628e-01 
  347.000  9.951240e-01 
  348.000  9.957644e-01 
  349.000  9.964552e-01 
  350.000  9.969321e-01 
  351.000  9.970593e-01 
  352.000  9.972516e-01 
  353.000  9.974493e-01 
  354.000  9.967812e-01 
  355.000  9.965980e-01 
  356.000  9.967515e-01 
  357.000  9.956319e-01 
  358.000  9.950701e-01 
  359.000  9.944518e-01 
  360.000  9.937248e-01 
  361.000  9.932091e-01 
  362.000  9.942185e-01 
  363.000  9.951620e-01 
  364.000  9.960691e-01 
  365.000  9.959698e-01 
  366.000  9.964560e-01 
  367.000  9.966074e-01 
  368.000  9.965199e-01 
  369.000  9.966632e-01 
  370.000  9.965931e-01 
  371.000  9.968098e-01 
  372.000  9.961296e-01 
  373.000  9.964387e-01 
  374.000  9.965070e-01 
  375.000  9.966193e-01 
  376.000  9.959291e-01 
  377.000  9.958465e-01 
  378.000  9.956819e-01 
  379.000  9.948969e-01 
  380.000  9.939666e-01 
  381.000  9.942980e-01 
  382.000  9.950384e-01 
  383.000  9.958808e-01 
  384.000  9.959266e-01 
  385.000  9.961221e-01 
  386.000  9.962871e-01 
  387.000  9.962372e-01 
  388.000  9.961483e-01 
  389.000  9.961276e-01 
  390.000  9.961171e-01 
  391.000  9.962078e-01 
  392.000  9.957430e-01 
  393.000  9.964157e-01 
  394.000  9.964212e-01 
  395.000  9.963334e-01 
  396.000  9.961110e-01 
  397.000  9.964539e-01 
  398.000  9.957950e-01 
  399.000  9.962862e-01 
  400.000  9.956878e-01 
  401.000  9.958227e-01 
  402.000  9.963134e-01 
  403.000  9.966005e-01 
  404.000  9.960482e-01 
  405.000  9.958757e-01 
  406.000  9.963968e-01 
  407.000  9.968259e-01 
  408.000  9.961461e-01 
  409.000  9.957873e-01 
  410.000  9.960095e-01 
  411.000  9.959194e-01 
  412.000  9.964369e-01 
  413.000  9.957445e-01 
  414.000  9.960296e-01 
  415.000  9.960896e-01 
  416.000  9.966943e-01 
  417.000  9.966178e-01 
  418.000  9.962781e-01 
  419.000  9.963613e-01 
  420.000  9.960167e-01 
  421.000  9.959373e-01 
  422.000  9.958100e-01 
  423.000  9.960519e-01 
  424.000  9.956666e-01 
  425.000  9.961472e-01 
  426.000  9.966854e-01 
  427.000  9.961932e-01 
  428.000  9.957287e-01 
  429.000  9.964925e-01 
  430.000  9.964883e-01 
  431.000  9.956655e-01 
  432.000  9.964486e-01 
  433.000  9.962982e-01 
  434.000  9.958519e-01 
  435.000  9.949380e-01 
  436.000  9.957696e-01 
  437.000  9.966807e-01 
  438.000  9.968723e-01 
  439.000  9.949388e-01 
  440.000  9.956191e-01 
  441.000  9.964577e-01 
  442.000  9.967627e-01 
  443.000  9.962758e-01 
  444.000  9.955817e-01 
  445.000  9.947904e-01 
  446.000  9.954938e-01 
  447.000  9.958415e-01 
  448.000  9.939563e-01 
  449.000  9.955307e-01 
  450.000  9.960802e-01 
  451.000  9.960234e-01 
  452.000  9.959464e-01 
  453.000  9.959783e-01 
  454.000  9.963377e-01 
  455.000  9.958584e-01 
  456.000  9.958147e-01 
  457.000  9.960663e-01 
  458.000  9.950082e-01 
  459.000  9.954509e-01 
  460.000  9.948665e-01 
  461.000  9.949102e-01 
  462.000  9.953517e-01 
  463.000  9.942299e-01 
  464.000  9.947990e-01 
  465.000  9.950914e-01 
  466.000  9.955738e-01 
  467.000  9.948630e-01 
  468.000  9.950610e-01 
  469.000  9.952550e-01 
  470.000  9.951061e-01 
  471.000  9.949710e-01 
  472.000  9.942307e-01 
  473.000  9.933204e-01 
  474.000  9.913458e-01 
  475.000  9.902087e-01 
  476.000  9.893475e-01 
  477.000  9.888757e-01 
  478.000  9.887706e-01 
  479.000  9.891020e-01 
  480.000  9.895260e-01 
  481.000  9.910274e-01 
  482.000  9.921030e-01 
  483.000  9.928955e-01 
  484.000  9.928808e-01 
  485.000  9.926860e-01 
  486.000  9.926986e-01 
  487.000  9.929458e-01 
  488.000  9.925295e-01 
  489.000  9.919770e-01 
  490.000  9.925899e-01 
  491.000  9.929476e-01 
  492.000  9.927687e-01 
  493.000  9.925727e-01 
  494.000  9.921367e-01 
  495.000  9.920382e-01 
  496.000  9.916661e-01 
  497.000  9.915836e-01 
  498.000  9.915345e-01 
  499.000  9.913082e-01 
  500.000  9.909679e-01 
  501.000  9.904115e-01 
  502.000  9.893444e-01 
  503.000  9.884155e-01 
  504.000  9.880390e-01 
  505.000  9.872152e-01 
  506.000  9.876267e-01 
  507.000  9.877354e-01 
  508.000  9.879575e-01 
  509.000  9.878362e-01 
  510.000  9.879413e-01 
  511.000  9.880258e-01 
  512.000  9.881012e-01 
  513.000  9.883144e-01 
  514.000  9.884128e-01 
  515.000  9.885336e-01 
  516.000  9.883315e-01 
  517.000  9.881067e-01 
  518.000  9.878603e-01 
  519.000  9.873351e-01 
  520.000  9.871371e-01 
  521.000  9.868761e-01 
  522.000  9.866127e-01 
  523.000  9.861611e-01 
  524.000  9.856715e-01 
  525.000  9.849038e-01 
  526.000  9.841022e-01 
  527.000  9.835693e-01 
  528.000  9.827746e-01 
  529.000  9.821540e-01 
  530.000  9.816531e-01 
  531.000  9.812219e-01 
  532.000  9.809178e-01 
  533.000  9.807770e-01 
  534.000  9.806769e-01 
  535.000  9.806855e-01 
  536.000  9.807019e-01 
  537.000  9.806124e-01 
  538.000  9.804320e-01 
  539.000  9.802061e-01 
  540.000  9.802679e-01 
  541.000  9.798754e-01 
  542.000  9.794927e-01 
  543.000  9.793296e-01 
  544.000  9.792356e-01 
  545.000  9.787228e-01 
  546.000  9.786218e-01 
  547.000  9.787410e-01 
  548.000  9.785591e-01 
  549.000  9.784649e-01 
  550.000  9.783912e-01 
  551.000  9.783695e-01 
  552.000  9.781304e-01 
  553.000  9.776772e-01 
  554.000  9.775691e-01 
  555.000  9.774097e-01 
  556.000  9.769019e-01 
  557.000  9.762060e-01 
  558.000  9.755931e-01 
  559.000  9.748154e-01 
  560.000  9.740977e-01 
  561.000  9.734642e-01 
  562.000  9.729202e-01 
  563.000  9.721981e-01 
  564.000  9.714049e-01 
  565.000  9.707745e-01 
  566.000  9.702601e-01 
  567.000  9.695544e-01 
  568.000  9.686547e-01 
  569.000  9.665856e-01 
  570.000  9.648343e-01 
  571.000  9.641083e-01 
  572.000  9.629878e-01 
  573.000  9.621096e-01 
  574.000  9.610249e-01 
  575.000  9.602568e-01 
  576.000  9.598982e-01 
  577.000  9.599134e-01 
  578.000  9.605780e-01 
  579.000  9.613385e-01 
  580.000  9.621151e-01 
  581.000  9.635484e-01 
  582.000  9.649478e-01 
  583.000  9.661260e-01 
  584.000  9.678317e-01 
  585.000  9.684147e-01 
  586.000  9.691496e-01 
  587.000  9.693239e-01 
  588.000  9.695450e-01 
  589.000  9.671583e-01 
  590.000  9.672168e-01 
  591.000  9.679779e-01 
  592.000  9.657995e-01 
  593.000  9.686819e-01 
  594.000  9.671047e-01 
  595.000  9.678420e-01 
  596.000  9.679235e-01 
  597.000  9.677740e-01 
  598.000  9.674771e-01 
  599.000  9.676294e-01 
  600.000  9.673252e-01 
  601.000  9.676282e-01 
  602.000  9.678595e-01 
  603.000  9.679934e-01 
  604.000  9.681412e-01 
  605.000  9.682066e-01 
  606.000  9.686562e-01 
  607.000  9.690183e-01 
  608.000  9.694937e-01 
  609.000  9.696931e-01 
  610.000  9.700872e-01 
  611.000  9.703890e-01 
  612.000  9.707505e-01 
  613.000  9.711658e-01 
  614.000  9.714335e-01 
  615.000  9.717530e-01 
  616.000  9.721366e-01 
  617.000  9.723994e-01 
  618.000  9.725502e-01 
  619.000  9.727812e-01 
  620.000  9.728287e-01 
  621.000  9.727673e-01 
  622.000  9.727389e-01 
  623.000  9.724509e-01 
  624.000  9.722904e-01 
  625.000  9.721152e-01 
  626.000  9.716367e-01 
  627.000  9.712586e-01 
  628.000  9.563265e-01 
  629.000  9.617277e-01 
  630.000  9.656224e-01 
  631.000  9.701741e-01 
  632.000  9.719976e-01 
  633.000  9.729242e-01 
  634.000  9.742158e-01 
  635.000  9.745718e-01 
  636.000  9.759330e-01 
  637.000  9.774619e-01 
  638.000  9.783795e-01 
  639.000  9.793574e-01 
  640.000  9.799047e-01 
  641.000  9.808373e-01 
  642.000  9.813414e-01 
  643.000  9.815834e-01 
  644.000  9.820119e-01 
  645.000  9.823205e-01 
  646.000  9.819208e-01 
  647.000  9.811733e-01 
  648.000  9.803402e-01 
  649.000  9.815345e-01 
  650.000  9.835904e-01 
  651.000  9.839058e-01 
  652.000  9.836553e-01 
  653.000  9.843735e-01 
  654.000  9.847509e-01 
  655.000  9.828386e-01 
  656.000  9.844369e-01 
  657.000  9.849493e-01 
  658.000  9.858556e-01 
  659.000  9.864479e-01 
  660.000  9.864982e-01 
  661.000  9.869475e-01 
  662.000  9.870276e-01 
  663.000  9.872497e-01 
  664.000  9.874882e-01 
  665.000  9.876918e-01 
  666.000  9.879297e-01 
  667.000  9.882585e-01 
  668.000  9.884213e-01 
  669.000  9.886966e-01 
  670.000  9.888513e-01 
  671.000  9.891663e-01 
  672.000  9.892200e-01 
  673.000  9.894528e-01 
  674.000  9.895478e-01 
  675.000  9.898093e-01 
  676.000  9.898807e-01 
  677.000  9.900228e-01 
  678.000  9.902464e-01 
  679.000  9.903761e-01 
  680.000  9.906015e-01 
  681.000  9.907061e-01 
  682.000  9.910785e-01 
  683.000  9.911118e-01 
  684.000  9.914498e-01 
  685.000  9.916263e-01 
  686.000  9.917927e-01 
  687.000  7.323883e-01 
  688.000  8.978547e-01 
  689.000  9.236498e-01 
  690.000  9.464180e-01 
  691.000  9.581210e-01 
  692.000  9.818934e-01 
  693.000  9.820572e-01 
  694.000  9.838648e-01 
  695.000  9.884546e-01 
  696.000  9.871665e-01 
  697.000  9.928418e-01 
  698.000  9.927337e-01 
  699.000  9.904581e-01 
  700.000  9.908381e-01 
  701.000  9.891160e-01 
  702.000  9.900360e-01 
  703.000  9.908049e-01 
  704.000  9.913835e-01 
  705.000  9.916261e-01 
  706.000  9.925372e-01 
  707.000  9.932560e-01 
  708.000  9.937901e-01 
  709.000  9.938656e-01 
  710.000  9.936762e-01 
  711.000  9.943370e-01 
  712.000  9.940133e-01 
  713.000  9.945819e-01 
  714.000  9.941837e-01 
  715.000  9.931691e-01 
  716.000  9.933891e-01 
  717.000  9.886031e-01 
  718.000  9.734547e-01 
  719.000  9.527459e-01 
  720.000  9.766836e-01 
  721.000  9.915265e-01 
  722.000  9.911737e-01 
  723.000  9.904929e-01 
  724.000  9.689852e-01 
  725.000  9.780924e-01 
  726.000  9.863921e-01 
  727.000  9.828045e-01 
  728.000  9.761713e-01 
  729.000  9.802542e-01 
  730.000  9.874384e-01 
  731.000  9.834792e-01 
  732.000  9.858072e-01 
  733.000  9.916458e-01 
  734.000  9.946378e-01 
  735.000  9.926038e-01 
  736.000  9.940383e-01 
  737.000  9.940438e-01 
  738.000  9.949076e-01 
  739.000  9.951618e-01 
  740.000  9.962341e-01 
  741.000  9.967987e-01 
  742.000  9.968787e-01 
  743.000  9.968534e-01 
  744.000  9.970274e-01 
  745.000  9.971282e-01 
  746.000  9.972612e-01 
  747.000  9.973101e-01 
  748.000  9.973660e-01 
  749.000  9.973961e-01 
  750.000  9.974577e-01 
  751.000  9.974860e-01 
  752.000  9.976536e-01 
  753.000  9.976982e-01 
  754.000  9.977446e-01 
  755.000  9.977947e-01 
  756.000  9.978173e-01 
  757.000  9.978919e-01 
  758.000  9.979751e-01 
  759.000  9.906129e-01 
  760.000  4.405163e-01 
  761.000  3.498220e-01 
  762.000  7.203521e-01 
  763.000  6.263213e-01 
  764.000  6.732112e-01 
  765.000  7.890704e-01 
  766.000  9.096994e-01 
  767.000  9.467642e-01 
  768.000  9.834883e-01 
  769.000  9.931774e-01 
  770.000  9.928430e-01 
  771.000  9.969891e-01 
  772.000  9.980987e-01 
  773.000  9.980845e-01 
  774.000  9.980749e-01 
  775.000  9.980818e-01 
  776.000  9.980877e-01 
  777.000  9.981096e-01 
  778.000  9.981171e-01 
  779.000  9.981101e-01 
  780.000  9.981048e-01 
  781.000  9.981641e-01 
  782.000  9.982010e-01 
  783.000  9.982450e-01 
  784.000  9.982027e-01 
  785.000  9.981598e-01 
  786.000  9.978043e-01 
  787.000  9.978092e-01 
  788.000  9.970205e-01 
  789.000  9.970365e-01 
  790.000  9.956573e-01 
  791.000  9.958211e-01 
  792.000  9.964452e-01 
  793.000  9.968333e-01 
  794.000  9.985923e-01 
  795.000  9.980211e-01 
  796.000  9.941991e-01 
  797.000  9.969853e-01 
  798.000  9.972553e-01 
  799.000  9.978479e-01 
  800.000  9.962391e-01 
  801.000  9.954293e-01 
  802.000  9.965048e-01 
  803.000  9.962707e-01 
  804.000  9.961482e-01 
  805.000  9.968297e-01 
  806.000  9.982151e-01 
  807.000  9.973253e-01 
  808.000  9.981607e-01 
  809.000  9.968188e-01 
  810.000  9.960995e-01 
  811.000  9.963508e-01 
  812.000  9.948589e-01 
  813.000  9.918787e-01 
  814.000  9.865841e-01 
  815.000  9.791076e-01 
  816.000  9.847841e-01 
  817.000  9.559057e-01 
  818.000  9.758668e-01 
  819.000  9.848604e-01 
  820.000  9.727827e-01 
  821.000  9.957829e-01 
  822.000  9.933655e-01 
  823.000  9.471446e-01 
  824.000  9.900619e-01 
  825.000  9.944357e-01 
  826.000  9.896609e-01 
  827.000  9.942232e-01 
  828.000  9.813524e-01 
  829.000  9.913967e-01 
  830.000  9.890417e-01 
  831.000  9.901984e-01 
  832.000  9.901347e-01 
  833.000  9.937930e-01 
  834.000  9.936460e-01 
  835.000  9.956521e-01 
  836.000  9.958424e-01 
  837.000  9.957387e-01 
  838.000  9.970374e-01 
  839.000  9.976671e-01 
  840.000  9.978186e-01 
  841.000  9.978186e-01 
  842.000  9.966568e-01 
  843.000  9.987894e-01 
  844.000  9.974887e-01 
  845.000  9.985191e-01 
  846.000  9.987675e-01 
  847.000  9.989564e-01 
  848.000  9.986662e-01 
  849.000  9.987742e-01 
  850.000  9.988526e-01 
  851.000  9.991742e-01 
  852.000  9.996698e-01 
  853.000  9.997501e-01 
  854.000  9.996412e-01 
  855.000  9.996412e-01 
  856.000  9.997334e-01 
  857.000  9.999416e-01 
  858.000  9.997262e-01 
  859.000  9.998507e-01 
  860.000  9.999844e-01 
  861.000  9.999208e-01 
  862.000  9.999728e-01 
  863.000  9.997743e-01 
  864.000  9.999921e-01 
  865.000  9.999921e-01 
  866.000  9.999418e-01 
  867.000  9.999921e-01 
  868.000  9.999413e-01 
  869.000  9.998777e-01 
  870.000  9.999748e-01 
  871.000  9.999426e-01 
  872.000  9.999930e-01 
  873.000  9.999715e-01 
  874.000  9.999715e-01 
  875.000  9.999980e-01 
  876.000  9.999989e-01 
  877.000  9.999778e-01 
  878.000  9.999576e-01 
  879.000  9.999510e-01 
  880.000  9.999817e-01 
  881.000  9.999817e-01 
  882.000  9.998496e-01 
  883.000  9.998848e-01 
  884.000  9.998899e-01 
  885.000  9.999076e-01 
  886.000  9.991568e-01 
  887.000  9.998335e-01 
  888.000  9.998335e-01 
  889.000  9.996652e-01 
  890.000  9.992335e-01 
  891.000  9.998117e-01 
  892.000  9.991322e-01 
  893.000  9.973409e-01 
  894.000  9.973409e-01 
  895.000  9.927604e-01 
  896.000  9.886816e-01 
  897.000  9.659120e-01 
  898.000  9.878273e-01 
  899.000  9.393142e-01 
  900.000  9.393142e-01 
  901.000  9.490261e-01 
  902.000  9.614591e-01 
  903.000  9.714991e-01 
  904.000  9.943715e-01 
  905.000  9.917365e-01 
  906.000  9.917365e-01 
  907.000  9.694316e-01 
  908.000  9.594570e-01 
  909.000  9.656534e-01 
  910.000  9.612345e-01 
  911.000  9.612345e-01 
  912.000  9.852235e-01 
  913.000  9.737446e-01 
  914.000  9.648169e-01 
  915.000  9.500437e-01 
  916.000  9.500437e-01 
  917.000  9.845113e-01 
  918.000  9.570214e-01 
  919.000  9.776706e-01 
  920.000  9.937463e-01 
  921.000  9.937463e-01 
  922.000  9.900513e-01 
  923.000  9.897618e-01 
  924.000  9.862908e-01 
  925.000  9.862908e-01 
  926.000  9.880388e-01 
  927.000  9.894521e-01 
  928.000  9.663838e-01 
  929.000  9.616501e-01 
  930.000  9.616501e-01 
  931.000  9.104398e-01 
  932.000  7.792890e-01 
  933.000  8.256238e-01 
  934.000  8.256238e-01 
  935.000  7.609136e-01 
  936.000  7.449621e-01 
  937.000  7.573026e-01 
  938.000  7.573026e-01 
  939.000  8.324511e-01 
  940.000  9.223891e-01 
  941.000  9.014797e-01 
  942.000  9.014797e-01 
  943.000  8.281314e-01 
  944.000  8.229168e-01 
  945.000  9.073545e-01 
  946.000  9.073545e-01 
  947.000  8.489264e-01 
  948.000  8.735884e-01 
  949.000  8.944818e-01 
  950.000  8.944818e-01 
  951.000  8.993071e-01 
  952.000  8.340287e-01 
  953.000  9.242862e-01 
  954.000  9.242862e-01 
  955.000  9.196224e-01 
  956.000  8.437805e-01 
  957.000  9.385182e-01 
  958.000  9.385182e-01 
  959.000  9.088080e-01 
  960.000  9.377337e-01 
  961.000  9.377337e-01 
  962.000  9.398972e-01 
  963.000  9.634147e-01 
  964.000  9.313006e-01 
  965.000  9.313006e-01 
  966.000  9.510035e-01 
  967.000  9.759451e-01 
  968.000  9.759451e-01 
  969.000  9.806542e-01 
  970.000  9.894528e-01 
  971.000  9.919629e-01 
  972.000  9.919629e-01 
  973.000  9.888915e-01 
  974.000  9.710267e-01 
  975.000  9.710267e-01 
  976.000  9.644200e-01 
  977.000  9.839061e-01 
  978.000  9.812956e-01 
  979.000  9.812956e-01 
  980.000  9.816598e-01 
  981.000  9.951873e-01 
  982.000  9.951873e-01 
  983.000  9.911476e-01 
  984.000  9.947164e-01 
  985.000  9.947164e-01 
  986.000  9.986070e-01 
  987.000  9.971427e-01 
  988.000  9.971427e-01 
  989.000  9.993461e-01 
  990.000  9.984413e-01 
  991.000  9.984413e-01 
  992.000  9.990399e-01 
  993.000  9.989146e-01 
  994.000  9.989146e-01 
  995.000  9.998140e-01 
  996.000  9.998312e-01 
  997.000  9.998312e-01 
  998.000  9.998264e-01 
  999.000  9.997476e-01 
 1000.000  9.997476e-01 
 1001.000  9.997820e-01 
 1002.000  9.985249e-01 
 1003.000  9.985249e-01 
 1004.000  9.997758e-01 
 1005.000  9.998258e-01 
 1006.000  9.998258e-01 
 1007.000  9.998595e-01 
 1008.000  9.996228e-01 
 1009.000  9.996228e-01 
 1010.000  9.986842e-01 
 1011.000  9.998400e-01 
 1012.000  9.998400e-01 
 1013.000  9.998770e-01 
 1014.000  9.998362e-01 
 1015.000  9.998362e-01 
 1016.000  9.998943e-01 
 1017.000  9.998190e-01 
 1018.000  9.998190e-01 
 1019.000  9.997324e-01 
 1020.000  9.998927e-01 
 1021.000  9.998927e-01 
 1022.000  9.997321e-01 
 1023.000  9.997321e-01 
 1024.000  9.996892e-01 
 1025.000  9.998626e-01 
 1026.000  9.998626e-01 
 1027.000  9.997563e-01 
 1028.000  9.998381e-01 
 1029.000  9.998381e-01 
 1030.000  9.998328e-01 
 1031.000  9.997885e-01 
 1032.000  9.997885e-01 
 1033.000  9.997256e-01 
 1034.000  9.997256e-01 
 1035.000  9.996674e-01 
 1036.000  9.993384e-01 
 1037.000  9.993384e-01 
 1038.000  9.992933e-01 
 1039.000  9.989384e-01 
 1040.000  9.989384e-01 
 1041.000  9.986821e-01 
 1042.000  9.986821e-01 
 1043.000  9.983685e-01 
 1044.000  9.979013e-01 
 1045.000  9.979013e-01 
 1046.000  9.972605e-01 
 1047.000  9.972605e-01 
 1048.000  9.966224e-01 
 1049.000  9.953524e-01 
 1050.000  9.953524e-01 
 1051.000  9.947802e-01 
 1052.000  9.947802e-01 
 1053.000  9.939114e-01 
 1054.000  9.931735e-01 
 1055.000  9.931735e-01 
 1056.000  9.923099e-01 
 1057.000  9.923099e-01 
 1058.000  9.915366e-01 
 1059.000  9.907634e-01 
 1060.000  9.907634e-01 
 1061.000  9.902707e-01 
 1062.000  9.902707e-01 
 1063.000  9.894382e-01 
 1064.000  9.890457e-01 
 1065.000  9.890457e-01 
 1066.000  9.896635e-01 
 1067.000  9.896635e-01 
 1068.000  9.891616e-01 
 1069.000  9.901912e-01 
 1070.000  9.901912e-01 
 1071.000  9.910432e-01 
 1072.000  9.910432e-01 
 1073.000  9.918030e-01 
 1074.000  9.918030e-01 
 1075.000  9.918580e-01 
 1076.000  9.924787e-01 
 1077.000  9.924787e-01 
 1078.000  9.941233e-01 
 1079.000  9.941233e-01 
 1080.000  9.939552e-01 
 1081.000  9.939552e-01 
 1082.000  9.952394e-01 
 1083.000  9.951478e-01 
 1084.000  9.951478e-01 
 1085.000  9.941869e-01 
 1086.000  9.941869e-01 
 1087.000  9.966092e-01 
 1088.000  9.966092e-01 
 1089.000  9.961753e-01 
 1090.000  9.958934e-01 
 1091.000  9.958934e-01 
 1092.000  9.947243e-01 
 1093.000  9.947243e-01 
 1094.000  9.947249e-01 
 1095.000  9.947249e-01 
 1096.000  9.939836e-01 
 1097.000  9.939836e-01 
 1098.000  9.921113e-01 
 1099.000  9.843772e-01 
 1100.000  9.843772e-01 
 1101.000  9.845468e-01 
 1102.000  9.845468e-01 
 1103.000  9.815230e-01 
 1104.000  9.815230e-01 
 1105.000  9.791641e-01 
 1106.000  9.791641e-01 
 1107.000  9.786252e-01 
 1108.000  9.786252e-01 
 1109.000  9.724860e-01 
 1110.000  9.580851e-01 
 1111.000  9.580851e-01 
 1112.000  9.534897e-01 
 1113.000  9.534897e-01 
 1114.000  8.939145e-01 
 1115.000  8.939145e-01 
 1116.000  8.028424e-01 
 1117.000  8.028424e-01 
 1118.000  8.386919e-01 
 1119.000  8.386919e-01 
 1120.000  8.020056e-01 
 1121.000  8.020056e-01 
 1122.000  6.746646e-01 
 1123.000  8.355566e-01 
 1124.000  8.355566e-01 
 1125.000  7.081209e-01 
 1126.000  7.081209e-01 
 1127.000  7.644299e-01 
 1128.000  7.644299e-01 
 1129.000  7.671498e-01 
 1130.000  7.671498e-01 
 1131.000  9.223448e-01 
 1132.000  9.223448e-01 
 1133.000  7.787029e-01 
 1134.000  7.787029e-01 
 1135.000  5.667547e-01 
 1136.000  5.667547e-01 
 1137.000  9.284325e-01 
 1138.000  9.284325e-01 
 1139.000  8.773421e-01 
 1140.000  8.773421e-01 
 1141.000  8.789983e-01 
 1142.000  8.789983e-01 
 1143.000  9.183279e-01 
 1144.000  9.183279e-01 
 1145.000  7.774825e-01 
 1146.000  7.774825e-01 
 1147.000  7.855063e-01 
 1148.000  7.855063e-01 
 1149.000  8.290755e-01 
 1150.000  8.290755e-01 
 1151.000  8.788990e-01 
 1152.000  8.788990e-01 
 1153.000  8.522162e-01 
 1154.000  8.522162e-01 
 1155.000  8.842835e-01 
 1156.000  8.842835e-01 
 1157.000  9.287441e-01 
 1158.000  9.287441e-01 
 1159.000  9.666902e-01 
 1160.000  9.666902e-01 
 1161.000  9.608224e-01 
 1162.000  9.608224e-01 
 1163.000  9.724767e-01 
 1164.000  9.724767e-01 
 1165.000  9.691263e-01 
 1166.000  9.691263e-01 
 1167.000  9.797382e-01 
 1168.000  9.797382e-01 
 1169.000  9.828057e-01 
 1170.000  9.828057e-01 
 1171.000  9.847075e-01 
 1172.000  9.847075e-01 
 1173.000  9.700972e-01 
 1174.000  9.700972e-01 
 1175.000  9.933281e-01 
 1176.000  9.933281e-01 
 1177.000  9.795443e-01 
 1178.000  9.795443e-01 
 1179.000  9.896709e-01 
 1180.000  9.896709e-01 
 1181.000  9.671109e-01 
 1182.000  9.671109e-01 
 1183.000  9.847587e-01 
 1184.000  9.847587e-01 
 1185.000  9.901878e-01 
 1186.000  9.901878e-01 
 1187.000  9.667816e-01 
 1188.000  9.667816e-01 
 1189.000  9.667816e-01 
 1190.000  9.842929e-01 
 1191.000  9.842929e-01 
 1192.000  9.943208e-01 
 1193.000  9.943208e-01 
 1194.000  9.873793e-01 
 1195.000  9.873793e-01 
 1196.000  9.913654e-01 
 1197.000  9.913654e-01 
 1198.000  9.846634e-01 
 1199.000  9.846634e-01 
 1200.000  9.829531e-01 
