  250.000  0.000000e+00 
  251.000  0.000000e+00 
  252.000  0.000000e+00 
  253.000  0.000000e+00 
  254.000  0.000000e+00 
  255.000  0.000000e+00 
  256.000  0.000000e+00 
  257.000  0.000000e+00 
  258.000  0.000000e+00 
  259.000  0.000000e+00 
  260.000  0.000000e+00 
  261.000  0.000000e+00 
  262.000  0.000000e+00 
  263.000  0.000000e+00 
  264.000  0.000000e+00 
  265.000  0.000000e+00 
  266.000  0.000000e+00 
  267.000  0.000000e+00 
  268.000  0.000000e+00 
  269.000  0.000000e+00 
  270.000  0.000000e+00 
  271.000  0.000000e+00 
  272.000  0.000000e+00 
  273.000  0.000000e+00 
  274.000  0.000000e+00 
  275.000  0.000000e+00 
  276.000  0.000000e+00 
  277.000  0.000000e+00 
  278.000  0.000000e+00 
  279.000  0.000000e+00 
  280.000  0.000000e+00 
  281.000  0.000000e+00 
  282.000  0.000000e+00 
  283.000  0.000000e+00 
  284.000  0.000000e+00 
  285.000  0.000000e+00 
  286.000  0.000000e+00 
  287.000  0.000000e+00 
  288.000  0.000000e+00 
  289.000  0.000000e+00 
  290.000  1.807966e-08 
  291.000  1.108268e-07 
  292.000  1.245006e-06 
  293.000  5.165642e-06 
  294.000  2.602190e-05 
  295.000  7.339106e-05 
  296.000  3.164607e-04 
  297.000  7.556023e-04 
  298.000  2.140681e-03 
  299.000  4.322983e-03 
  300.000  8.989090e-03 
  301.000  1.632230e-02 
  302.000  2.665541e-02 
  303.000  4.837562e-02 
  304.000  5.961208e-02 
  305.000  9.643586e-02 
  306.000  1.246852e-01 
  307.000  1.724420e-01 
  308.000  2.106802e-01 
  309.000  2.536947e-01 
  310.000  3.257155e-01 
  311.000  3.561327e-01 
  312.000  4.096843e-01 
  313.000  4.741743e-01 
  314.000  4.971258e-01 
  315.000  5.747425e-01 
  316.000  5.900245e-01 
  317.000  6.459137e-01 
  318.000  6.741452e-01 
  319.000  7.665411e-01 
  320.000  6.914639e-01 
  321.000  8.288746e-01 
  322.000  7.591555e-01 
  323.000  8.164476e-01 
  324.000  8.979920e-01 
  325.000  8.226822e-01 
  326.000  9.041452e-01 
  327.000  9.221132e-01 
  328.000  8.640063e-01 
  329.000  9.537253e-01 
  330.000  9.600304e-01 
  331.000  9.084456e-01 
  332.000  9.648540e-01 
  333.000  9.684099e-01 
  334.000  9.487795e-01 
  335.000  9.793152e-01 
  336.000  9.851940e-01 
  337.000  9.645001e-01 
  338.000  9.801229e-01 
  339.000  9.881279e-01 
  340.000  9.769999e-01 
  341.000  9.870245e-01 
  342.000  9.908724e-01 
  343.000  9.896379e-01 
  344.000  9.785311e-01 
  345.000  9.898307e-01 
  346.000  9.922246e-01 
  347.000  9.913290e-01 
  348.000  9.925640e-01 
  349.000  9.939409e-01 
  350.000  9.947504e-01 
  351.000  9.951042e-01 
  352.000  9.954242e-01 
  353.000  9.957529e-01 
  354.000  9.946417e-01 
  355.000  9.943370e-01 
  356.000  9.945922e-01 
  357.000  9.927312e-01 
  358.000  9.917979e-01 
  359.000  9.907711e-01 
  360.000  9.895645e-01 
  361.000  9.887087e-01 
  362.000  9.903839e-01 
  363.000  9.919505e-01 
  364.000  9.934577e-01 
  365.000  9.932928e-01 
  366.000  9.941010e-01 
  367.000  9.943526e-01 
  368.000  9.942070e-01 
  369.000  9.944454e-01 
  370.000  9.943287e-01 
  371.000  9.946893e-01 
  372.000  9.935583e-01 
  373.000  9.940722e-01 
  374.000  9.941859e-01 
  375.000  9.943724e-01 
  376.000  9.932251e-01 
  377.000  9.930879e-01 
  378.000  9.928144e-01 
  379.000  9.915103e-01 
  380.000  9.899657e-01 
  381.000  9.905157e-01 
  382.000  9.917453e-01 
  383.000  9.931446e-01 
  384.000  9.932210e-01 
  385.000  9.935456e-01 
  386.000  9.938203e-01 
  387.000  9.937372e-01 
  388.000  9.935894e-01 
  389.000  9.935549e-01 
  390.000  9.935374e-01 
  391.000  9.936882e-01 
  392.000  9.929159e-01 
  393.000  9.940339e-01 
  394.000  9.940432e-01 
  395.000  9.938973e-01 
  396.000  9.935271e-01 
  397.000  9.940866e-01 
  398.000  9.930007e-01 
  399.000  9.938110e-01 
  400.000  9.928222e-01 
  401.000  9.930481e-01 
  402.000  9.938639e-01 
  403.000  9.943412e-01 
  404.000  9.934230e-01 
  405.000  9.931356e-01 
  406.000  9.939924e-01 
  407.000  9.946929e-01 
  408.000  9.935529e-01 
  409.000  9.929445e-01 
  410.000  9.933034e-01 
  411.000  9.931517e-01 
  412.000  9.940110e-01 
  413.000  9.928595e-01 
  414.000  9.933323e-01 
  415.000  9.934247e-01 
  416.000  9.944313e-01 
  417.000  9.943002e-01 
  418.000  9.937344e-01 
  419.000  9.938651e-01 
  420.000  9.932932e-01 
  421.000  9.931512e-01 
  422.000  9.929305e-01 
  423.000  9.933226e-01 
  424.000  9.926720e-01 
  425.000  9.934606e-01 
  426.000  9.943493e-01 
  427.000  9.935351e-01 
  428.000  9.927619e-01 
  429.000  9.940289e-01 
  430.000  9.940218e-01 
  431.000  9.926488e-01 
  432.000  9.939420e-01 
  433.000  9.936843e-01 
  434.000  9.929363e-01 
  435.000  9.914089e-01 
  436.000  9.927776e-01 
  437.000  9.942737e-01 
  438.000  9.945805e-01 
  439.000  9.913516e-01 
  440.000  9.924649e-01 
  441.000  9.938520e-01 
  442.000  9.942293e-01 
  443.000  9.932137e-01 
  444.000  9.923471e-01 
  445.000  9.905332e-01 
  446.000  9.915801e-01 
  447.000  9.927661e-01 
  448.000  9.896262e-01 
  449.000  9.922380e-01 
  450.000  9.931438e-01 
  451.000  9.930356e-01 
  452.000  9.928956e-01 
  453.000  9.929079e-01 
  454.000  9.935064e-01 
  455.000  9.926977e-01 
  456.000  9.925709e-01 
  457.000  9.929361e-01 
  458.000  9.911014e-01 
  459.000  9.917967e-01 
  460.000  9.907710e-01 
  461.000  9.908395e-01 
  462.000  9.915676e-01 
  463.000  9.897014e-01 
  464.000  9.906417e-01 
  465.000  9.911237e-01 
  466.000  9.918552e-01 
  467.000  9.907024e-01 
  468.000  9.910230e-01 
  469.000  9.909847e-01 
  470.000  9.905943e-01 
  471.000  9.907965e-01 
  472.000  9.895222e-01 
  473.000  9.879968e-01 
  474.000  9.847085e-01 
  475.000  9.826052e-01 
  476.000  9.812648e-01 
  477.000  9.804114e-01 
  478.000  9.801800e-01 
  479.000  9.806507e-01 
  480.000  9.812587e-01 
  481.000  9.836792e-01 
  482.000  9.854046e-01 
  483.000  9.866593e-01 
  484.000  9.865841e-01 
  485.000  9.860014e-01 
  486.000  9.860042e-01 
  487.000  9.866535e-01 
  488.000  9.859692e-01 
  489.000  9.850418e-01 
  490.000  9.860783e-01 
  491.000  9.866406e-01 
  492.000  9.863213e-01 
  493.000  9.859630e-01 
  494.000  9.852110e-01 
  495.000  9.850230e-01 
  496.000  9.842950e-01 
  497.000  9.840350e-01 
  498.000  9.838452e-01 
  499.000  9.833224e-01 
  500.000  9.826003e-01 
  501.000  9.814011e-01 
  502.000  9.782804e-01 
  503.000  9.751778e-01 
  504.000  9.718092e-01 
  505.000  9.741930e-01 
  506.000  9.733080e-01 
  507.000  9.726951e-01 
  508.000  9.746329e-01 
  509.000  9.755424e-01 
  510.000  9.766846e-01 
  511.000  9.766418e-01 
  512.000  9.768686e-01 
  513.000  9.775229e-01 
  514.000  9.776519e-01 
  515.000  9.779098e-01 
  516.000  9.775087e-01 
  517.000  9.770532e-01 
  518.000  9.766036e-01 
  519.000  9.756533e-01 
  520.000  9.752792e-01 
  521.000  9.746990e-01 
  522.000  9.741923e-01 
  523.000  9.733496e-01 
  524.000  9.722742e-01 
  525.000  9.706895e-01 
  526.000  9.695281e-01 
  527.000  9.682343e-01 
  528.000  9.669352e-01 
  529.000  9.655382e-01 
  530.000  9.647500e-01 
  531.000  9.640123e-01 
  532.000  9.634275e-01 
  533.000  9.631692e-01 
  534.000  9.628860e-01 
  535.000  9.628830e-01 
  536.000  9.628385e-01 
  537.000  9.626134e-01 
  538.000  9.622960e-01 
  539.000  9.615725e-01 
  540.000  9.614896e-01 
  541.000  9.585439e-01 
  542.000  9.588155e-01 
  543.000  9.595732e-01 
  544.000  9.594215e-01 
  545.000  9.573476e-01 
  546.000  9.559944e-01 
  547.000  9.573898e-01 
  548.000  9.580998e-01 
  549.000  9.580334e-01 
  550.000  9.573989e-01 
  551.000  9.581535e-01 
  552.000  9.576287e-01 
  553.000  9.569259e-01 
  554.000  9.566811e-01 
  555.000  9.563329e-01 
  556.000  9.553400e-01 
  557.000  9.540149e-01 
  558.000  9.528477e-01 
  559.000  9.513305e-01 
  560.000  9.499519e-01 
  561.000  9.487488e-01 
  562.000  9.477544e-01 
  563.000  9.464240e-01 
  564.000  9.449862e-01 
  565.000  9.438264e-01 
  566.000  9.428526e-01 
  567.000  9.412497e-01 
  568.000  9.395551e-01 
  569.000  9.319300e-01 
  570.000  9.290306e-01 
  571.000  9.308630e-01 
  572.000  9.262675e-01 
  573.000  9.274847e-01 
  574.000  9.243926e-01 
  575.000  9.250417e-01 
  576.000  9.236313e-01 
  577.000  9.234534e-01 
  578.000  9.262590e-01 
  579.000  9.276462e-01 
  580.000  9.292452e-01 
  581.000  9.316472e-01 
  582.000  9.336370e-01 
  583.000  9.356753e-01 
  584.000  9.381166e-01 
  585.000  9.385328e-01 
  586.000  9.397429e-01 
  587.000  9.394969e-01 
  588.000  9.370584e-01 
  589.000  9.143450e-01 
  590.000  9.133436e-01 
  591.000  9.212297e-01 
  592.000  9.043361e-01 
  593.000  9.311346e-01 
  594.000  9.172392e-01 
  595.000  9.251009e-01 
  596.000  9.288159e-01 
  597.000  9.284662e-01 
  598.000  9.286614e-01 
  599.000  9.330875e-01 
  600.000  9.334576e-01 
  601.000  9.363497e-01 
  602.000  9.373004e-01 
  603.000  9.375646e-01 
  604.000  9.384123e-01 
  605.000  9.384905e-01 
  606.000  9.394012e-01 
  607.000  9.402245e-01 
  608.000  9.411333e-01 
  609.000  9.415128e-01 
  610.000  9.422568e-01 
  611.000  9.428458e-01 
  612.000  9.435883e-01 
  613.000  9.443701e-01 
  614.000  9.448895e-01 
  615.000  9.455060e-01 
  616.000  9.462956e-01 
  617.000  9.468482e-01 
  618.000  9.471763e-01 
  619.000  9.476840e-01 
  620.000  9.479129e-01 
  621.000  9.479356e-01 
  622.000  9.479434e-01 
  623.000  9.476417e-01 
  624.000  9.474142e-01 
  625.000  9.472576e-01 
  626.000  9.464644e-01 
  627.000  9.452217e-01 
  628.000  9.157315e-01 
  629.000  9.294790e-01 
  630.000  9.369343e-01 
  631.000  9.444578e-01 
  632.000  9.455823e-01 
  633.000  9.479747e-01 
  634.000  9.502564e-01 
  635.000  9.513148e-01 
  636.000  9.530622e-01 
  637.000  9.554763e-01 
  638.000  9.582993e-01 
  639.000  9.595811e-01 
  640.000  9.607221e-01 
  641.000  9.616921e-01 
  642.000  9.635372e-01 
  643.000  9.631408e-01 
  644.000  9.645274e-01 
  645.000  9.643384e-01 
  646.000  9.584046e-01 
  647.000  9.492239e-01 
  648.000  9.405454e-01 
  649.000  9.478277e-01 
  650.000  9.640916e-01 
  651.000  9.661287e-01 
  652.000  9.610912e-01 
  653.000  9.665568e-01 
  654.000  9.662275e-01 
  655.000  9.484756e-01 
  656.000  9.605474e-01 
  657.000  9.637548e-01 
  658.000  9.697766e-01 
  659.000  9.731606e-01 
  660.000  9.725965e-01 
  661.000  9.743462e-01 
  662.000  9.744005e-01 
  663.000  9.739380e-01 
  664.000  9.751294e-01 
  665.000  9.756088e-01 
  666.000  9.762257e-01 
  667.000  9.770424e-01 
  668.000  9.773628e-01 
  669.000  9.778774e-01 
  670.000  9.782903e-01 
  671.000  9.788966e-01 
  672.000  9.790018e-01 
  673.000  9.794612e-01 
  674.000  9.796392e-01 
  675.000  9.801468e-01 
  676.000  9.802599e-01 
  677.000  9.805601e-01 
  678.000  9.809882e-01 
  679.000  9.812252e-01 
  680.000  9.816027e-01 
  681.000  9.815960e-01 
  682.000  9.824605e-01 
  683.000  9.816917e-01 
  684.000  9.823344e-01 
  685.000  9.834236e-01 
  686.000  9.833914e-01 
  687.000  6.604490e-01 
  688.000  8.396534e-01 
  689.000  8.790529e-01 
  690.000  9.108963e-01 
  691.000  9.288310e-01 
  692.000  9.614456e-01 
  693.000  9.403229e-01 
  694.000  9.067806e-01 
  695.000  9.445137e-01 
  696.000  9.345284e-01 
  697.000  9.805114e-01 
  698.000  9.787495e-01 
  699.000  9.580025e-01 
  700.000  9.595895e-01 
  701.000  9.429040e-01 
  702.000  9.505813e-01 
  703.000  9.572099e-01 
  704.000  9.619434e-01 
  705.000  9.628980e-01 
  706.000  9.703171e-01 
  707.000  9.763790e-01 
  708.000  9.806266e-01 
  709.000  9.806485e-01 
  710.000  9.783875e-01 
  711.000  9.835138e-01 
  712.000  9.800478e-01 
  713.000  9.844325e-01 
  714.000  9.804718e-01 
  715.000  9.694901e-01 
  716.000  9.710882e-01 
  717.000  9.269959e-01 
  718.000  8.278818e-01 
  719.000  7.742544e-01 
  720.000  8.336658e-01 
  721.000  9.505236e-01 
  722.000  9.476598e-01 
  723.000  9.408401e-01 
  724.000  8.221379e-01 
  725.000  8.428870e-01 
  726.000  9.042512e-01 
  727.000  8.764879e-01 
  728.000  8.291309e-01 
  729.000  8.530842e-01 
  730.000  9.121570e-01 
  731.000  8.792664e-01 
  732.000  8.971670e-01 
  733.000  9.468441e-01 
  734.000  9.733436e-01 
  735.000  9.545318e-01 
  736.000  9.672540e-01 
  737.000  9.668787e-01 
  738.000  9.744695e-01 
  739.000  9.766502e-01 
  740.000  9.865734e-01 
  741.000  9.918501e-01 
  742.000  9.919641e-01 
  743.000  9.915310e-01 
  744.000  9.930051e-01 
  745.000  9.938082e-01 
  746.000  9.945235e-01 
  747.000  9.943631e-01 
  748.000  9.946463e-01 
  749.000  9.946337e-01 
  750.000  9.948009e-01 
  751.000  9.947226e-01 
  752.000  9.953278e-01 
  753.000  9.954448e-01 
  754.000  9.954498e-01 
  755.000  9.954398e-01 
  756.000  9.954000e-01 
  757.000  9.958665e-01 
  758.000  9.960227e-01 
  759.000  9.841205e-01 
  760.000  3.241724e-01 
  761.000  2.152798e-01 
  762.000  6.272764e-01 
  763.000  5.147365e-01 
  764.000  5.880709e-01 
  765.000  7.297935e-01 
  766.000  8.649172e-01 
  767.000  9.154577e-01 
  768.000  9.729579e-01 
  769.000  9.881341e-01 
  770.000  9.877061e-01 
  771.000  9.944633e-01 
  772.000  9.962977e-01 
  773.000  9.962710e-01 
  774.000  9.961689e-01 
  775.000  9.962391e-01 
  776.000  9.962680e-01 
  777.000  9.963020e-01 
  778.000  9.963126e-01 
  779.000  9.962977e-01 
  780.000  9.962859e-01 
  781.000  9.964016e-01 
  782.000  9.963208e-01 
  783.000  9.965118e-01 
  784.000  9.958295e-01 
  785.000  9.951112e-01 
  786.000  9.913774e-01 
  787.000  9.908457e-01 
  788.000  9.834831e-01 
  789.000  9.831008e-01 
  790.000  9.702395e-01 
  791.000  9.714327e-01 
  792.000  9.766363e-01 
  793.000  9.804526e-01 
  794.000  9.957440e-01 
  795.000  9.898458e-01 
  796.000  9.548546e-01 
  797.000  9.798701e-01 
  798.000  9.822500e-01 
  799.000  9.875716e-01 
  800.000  9.726558e-01 
  801.000  9.654154e-01 
  802.000  9.750276e-01 
  803.000  9.729145e-01 
  804.000  9.720255e-01 
  805.000  9.785577e-01 
  806.000  9.915894e-01 
  807.000  9.834366e-01 
  808.000  9.914836e-01 
  809.000  9.789246e-01 
  810.000  9.722855e-01 
  811.000  9.744794e-01 
  812.000  9.605297e-01 
  813.000  9.351058e-01 
  814.000  8.918341e-01 
  815.000  8.496736e-01 
  816.000  8.825136e-01 
  817.000  7.472740e-01 
  818.000  8.463801e-01 
  819.000  8.803469e-01 
  820.000  8.366511e-01 
  821.000  9.681393e-01 
  822.000  9.463259e-01 
  823.000  7.076180e-01 
  824.000  9.169605e-01 
  825.000  9.565884e-01 
  826.000  9.163142e-01 
  827.000  9.538156e-01 
  828.000  8.568086e-01 
  829.000  9.308312e-01 
  830.000  9.131127e-01 
  831.000  9.212995e-01 
  832.000  9.194053e-01 
  833.000  9.486910e-01 
  834.000  9.495198e-01 
  835.000  9.659365e-01 
  836.000  9.682310e-01 
  837.000  9.669012e-01 
  838.000  9.785849e-01 
  839.000  9.846826e-01 
  840.000  9.860858e-01 
  841.000  9.860858e-01 
  842.000  9.753415e-01 
  843.000  9.954541e-01 
  844.000  9.831778e-01 
  845.000  9.928628e-01 
  846.000  9.953125e-01 
  847.000  9.972085e-01 
  848.000  9.943827e-01 
  849.000  9.954907e-01 
  850.000  9.944902e-01 
  851.000  9.922017e-01 
  852.000  9.966840e-01 
  853.000  9.975255e-01 
  854.000  9.964690e-01 
  855.000  9.964690e-01 
  856.000  9.973673e-01 
  857.000  9.994205e-01 
  858.000  9.972969e-01 
  859.000  9.985244e-01 
  860.000  9.998435e-01 
  861.000  9.992168e-01 
  862.000  9.997526e-01 
  863.000  9.996141e-01 
  864.000  9.999224e-01 
  865.000  9.999224e-01 
  866.000  9.998984e-01 
  867.000  9.999828e-01 
  868.000  9.998979e-01 
  869.000  9.997901e-01 
  870.000  9.997860e-01 
  871.000  9.998936e-01 
  872.000  9.999393e-01 
  873.000  9.997282e-01 
  874.000  9.997282e-01 
  875.000  9.999733e-01 
  876.000  9.999804e-01 
  877.000  9.997703e-01 
  878.000  9.995633e-01 
  879.000  9.994978e-01 
  880.000  9.998007e-01 
  881.000  9.998007e-01 
  882.000  9.984779e-01 
  883.000  9.988418e-01 
  884.000  9.988742e-01 
  885.000  9.990454e-01 
  886.000  9.917394e-01 
  887.000  9.982923e-01 
  888.000  9.982923e-01 
  889.000  9.966110e-01 
  890.000  9.925214e-01 
  891.000  9.980547e-01 
  892.000  9.913363e-01 
  893.000  9.739818e-01 
  894.000  9.739818e-01 
  895.000  9.390999e-01 
  896.000  9.049634e-01 
  897.000  7.905952e-01 
  898.000  8.956743e-01 
  899.000  7.139919e-01 
  900.000  7.139919e-01 
  901.000  7.567255e-01 
  902.000  7.953385e-01 
  903.000  8.407525e-01 
  904.000  9.482045e-01 
  905.000  9.301891e-01 
  906.000  9.301891e-01 
  907.000  7.995787e-01 
  908.000  7.848753e-01 
  909.000  7.879507e-01 
  910.000  7.575027e-01 
  911.000  7.575027e-01 
  912.000  8.743383e-01 
  913.000  8.124400e-01 
  914.000  7.785280e-01 
  915.000  7.310495e-01 
  916.000  7.310495e-01 
  917.000  8.649160e-01 
  918.000  7.515203e-01 
  919.000  8.508539e-01 
  920.000  9.415516e-01 
  921.000  9.415516e-01 
  922.000  9.119760e-01 
  923.000  9.095807e-01 
  924.000  8.780219e-01 
  925.000  8.780219e-01 
  926.000  8.930846e-01 
  927.000  9.048491e-01 
  928.000  7.579371e-01 
  929.000  7.278921e-01 
  930.000  7.278921e-01 
  931.000  5.924790e-01 
  932.000  4.052872e-01 
  933.000  3.981323e-01 
  934.000  3.981323e-01 
  935.000  3.812215e-01 
  936.000  3.522755e-01 
  937.000  3.094850e-01 
  938.000  3.094850e-01 
  939.000  4.702488e-01 
  940.000  6.165851e-01 
  941.000  5.643016e-01 
  942.000  5.643016e-01 
  943.000  4.601949e-01 
  944.000  4.720776e-01 
  945.000  5.450785e-01 
  946.000  5.450785e-01 
  947.000  4.688100e-01 
  948.000  5.004304e-01 
  949.000  5.675883e-01 
  950.000  5.675883e-01 
  951.000  5.989292e-01 
  952.000  4.498985e-01 
  953.000  6.157542e-01 
  954.000  6.157542e-01 
  955.000  6.166763e-01 
  956.000  4.930421e-01 
  957.000  6.786309e-01 
  958.000  6.786309e-01 
  959.000  5.442783e-01 
  960.000  6.306997e-01 
  961.000  6.306997e-01 
  962.000  6.946297e-01 
  963.000  7.492573e-01 
  964.000  6.417041e-01 
  965.000  6.417041e-01 
  966.000  7.245868e-01 
  967.000  8.309107e-01 
  968.000  8.309107e-01 
  969.000  8.572245e-01 
  970.000  9.057638e-01 
  971.000  9.270089e-01 
  972.000  9.270089e-01 
  973.000  9.003002e-01 
  974.000  7.988635e-01 
  975.000  7.988635e-01 
  976.000  7.844084e-01 
  977.000  8.808339e-01 
  978.000  8.657730e-01 
  979.000  8.657730e-01 
  980.000  8.660534e-01 
  981.000  9.547895e-01 
  982.000  9.547895e-01 
  983.000  9.272774e-01 
  984.000  9.511925e-01 
  985.000  9.511925e-01 
  986.000  9.864257e-01 
  987.000  9.727861e-01 
  988.000  9.727861e-01 
  989.000  9.935368e-01 
  990.000  9.848005e-01 
  991.000  9.848005e-01 
  992.000  9.906855e-01 
  993.000  9.894406e-01 
  994.000  9.894406e-01 
  995.000  9.981235e-01 
  996.000  9.982933e-01 
  997.000  9.982933e-01 
  998.000  9.982497e-01 
  999.000  9.974663e-01 
 1000.000  9.974663e-01 
 1001.000  9.978020e-01 
 1002.000  9.859097e-01 
 1003.000  9.859097e-01 
 1004.000  9.977483e-01 
 1005.000  9.982690e-01 
 1006.000  9.982690e-01 
 1007.000  9.986070e-01 
 1008.000  9.962229e-01 
 1009.000  9.962229e-01 
 1010.000  9.873663e-01 
 1011.000  9.983965e-01 
 1012.000  9.983965e-01 
 1013.000  9.987716e-01 
 1014.000  9.983733e-01 
 1015.000  9.983733e-01 
 1016.000  9.989464e-01 
 1017.000  9.982141e-01 
 1018.000  9.982141e-01 
 1019.000  9.973650e-01 
 1020.000  9.989839e-01 
 1021.000  9.989839e-01 
 1022.000  9.974287e-01 
 1023.000  9.974287e-01 
 1024.000  9.970315e-01 
 1025.000  9.988913e-01 
 1026.000  9.988913e-01 
 1027.000  9.979641e-01 
 1028.000  9.989553e-01 
 1029.000  9.989553e-01 
 1030.000  9.993330e-01 
 1031.000  9.991581e-01 
 1032.000  9.991581e-01 
 1033.000  9.992598e-01 
 1034.000  9.992598e-01 
 1035.000  9.994389e-01 
 1036.000  9.988910e-01 
 1037.000  9.988910e-01 
 1038.000  9.988176e-01 
 1039.000  9.981853e-01 
 1040.000  9.981853e-01 
 1041.000  9.977962e-01 
 1042.000  9.977962e-01 
 1043.000  9.972774e-01 
 1044.000  9.964994e-01 
 1045.000  9.964994e-01 
 1046.000  9.954327e-01 
 1047.000  9.954327e-01 
 1048.000  9.943711e-01 
 1049.000  9.922596e-01 
 1050.000  9.922596e-01 
 1051.000  9.913079e-01 
 1052.000  9.913079e-01 
 1053.000  9.898646e-01 
 1054.000  9.886305e-01 
 1055.000  9.886305e-01 
 1056.000  9.872045e-01 
 1057.000  9.872045e-01 
 1058.000  9.859125e-01 
 1059.000  9.846380e-01 
 1060.000  9.846380e-01 
 1061.000  9.838173e-01 
 1062.000  9.838173e-01 
 1063.000  9.822692e-01 
 1064.000  9.810178e-01 
 1065.000  9.810178e-01 
 1066.000  9.827971e-01 
 1067.000  9.827971e-01 
 1068.000  9.814842e-01 
 1069.000  9.819603e-01 
 1070.000  9.819603e-01 
 1071.000  9.842307e-01 
 1072.000  9.842307e-01 
 1073.000  9.855148e-01 
 1074.000  9.855148e-01 
 1075.000  9.788720e-01 
 1076.000  9.778503e-01 
 1077.000  9.778503e-01 
 1078.000  9.853078e-01 
 1079.000  9.853078e-01 
 1080.000  9.781122e-01 
 1081.000  9.781122e-01 
 1082.000  9.822920e-01 
 1083.000  9.758950e-01 
 1084.000  9.758950e-01 
 1085.000  9.642608e-01 
 1086.000  9.642608e-01 
 1087.000  9.814270e-01 
 1088.000  9.814270e-01 
 1089.000  9.727271e-01 
 1090.000  9.684344e-01 
 1091.000  9.684344e-01 
 1092.000  9.547680e-01 
 1093.000  9.547680e-01 
 1094.000  9.545710e-01 
 1095.000  9.545710e-01 
 1096.000  9.466004e-01 
 1097.000  9.466004e-01 
 1098.000  9.287323e-01 
 1099.000  8.743950e-01 
 1100.000  8.743950e-01 
 1101.000  8.766328e-01 
 1102.000  8.766328e-01 
 1103.000  8.547590e-01 
 1104.000  8.547590e-01 
 1105.000  8.375530e-01 
 1106.000  8.375530e-01 
 1107.000  8.364244e-01 
 1108.000  8.364244e-01 
 1109.000  7.954650e-01 
 1110.000  7.596218e-01 
 1111.000  7.596218e-01 
 1112.000  7.128461e-01 
 1113.000  7.128461e-01 
 1114.000  6.263337e-01 
 1115.000  6.263337e-01 
 1116.000  3.831588e-01 
 1117.000  3.831588e-01 
 1118.000  4.881443e-01 
 1119.000  4.881443e-01 
 1120.000  4.050141e-01 
 1121.000  4.050141e-01 
 1122.000  2.330739e-01 
 1123.000  4.532594e-01 
 1124.000  4.532594e-01 
 1125.000  2.609135e-01 
 1126.000  2.609135e-01 
 1127.000  3.183428e-01 
 1128.000  3.183428e-01 
 1129.000  3.070894e-01 
 1130.000  3.070894e-01 
 1131.000  6.099800e-01 
 1132.000  6.099800e-01 
 1133.000  3.130142e-01 
 1134.000  3.130142e-01 
 1135.000  1.821325e-01 
 1136.000  1.821325e-01 
 1137.000  6.051837e-01 
 1138.000  6.051837e-01 
 1139.000  5.642784e-01 
 1140.000  5.642784e-01 
 1141.000  5.479928e-01 
 1142.000  5.479928e-01 
 1143.000  5.794975e-01 
 1144.000  5.794975e-01 
 1145.000  3.576286e-01 
 1146.000  3.576286e-01 
 1147.000  3.489893e-01 
 1148.000  3.489893e-01 
 1149.000  4.794705e-01 
 1150.000  4.794705e-01 
 1151.000  5.714037e-01 
 1152.000  5.714037e-01 
 1153.000  5.262323e-01 
 1154.000  5.262323e-01 
 1155.000  5.802559e-01 
 1156.000  5.802559e-01 
 1157.000  6.784522e-01 
 1158.000  6.784522e-01 
 1159.000  7.676294e-01 
 1160.000  7.676294e-01 
 1161.000  7.455631e-01 
 1162.000  7.455631e-01 
 1163.000  8.351811e-01 
 1164.000  8.351811e-01 
 1165.000  8.017700e-01 
 1166.000  8.017700e-01 
 1167.000  8.622917e-01 
 1168.000  8.622917e-01 
 1169.000  8.793248e-01 
 1170.000  8.793248e-01 
 1171.000  8.939030e-01 
 1172.000  8.939030e-01 
 1173.000  7.952486e-01 
 1174.000  7.952486e-01 
 1175.000  9.483072e-01 
 1176.000  9.483072e-01 
 1177.000  8.545501e-01 
 1178.000  8.545501e-01 
 1179.000  9.239361e-01 
 1180.000  9.239361e-01 
 1181.000  7.934200e-01 
 1182.000  7.934200e-01 
 1183.000  8.878986e-01 
 1184.000  8.878986e-01 
 1185.000  9.161993e-01 
 1186.000  9.161993e-01 
 1187.000  8.224590e-01 
 1188.000  8.224590e-01 
 1189.000  8.224590e-01 
 1190.000  8.895504e-01 
 1191.000  8.895504e-01 
 1192.000  9.524000e-01 
 1193.000  9.524000e-01 
 1194.000  9.069657e-01 
 1195.000  9.069657e-01 
 1196.000  9.225981e-01 
 1197.000  9.225981e-01 
 1198.000  8.803693e-01 
 1199.000  8.803693e-01 
 1200.000  8.785008e-01 
