  250.000  0.000000e+00 
  251.000  0.000000e+00 
  252.000  0.000000e+00 
  253.000  0.000000e+00 
  254.000  0.000000e+00 
  255.000  0.000000e+00 
  256.000  0.000000e+00 
  257.000  0.000000e+00 
  258.000  0.000000e+00 
  259.000  0.000000e+00 
  260.000  0.000000e+00 
  261.000  0.000000e+00 
  262.000  0.000000e+00 
  263.000  0.000000e+00 
  264.000  0.000000e+00 
  265.000  0.000000e+00 
  266.000  0.000000e+00 
  267.000  0.000000e+00 
  268.000  0.000000e+00 
  269.000  0.000000e+00 
  270.000  0.000000e+00 
  271.000  0.000000e+00 
  272.000  0.000000e+00 
  273.000  0.000000e+00 
  274.000  0.000000e+00 
  275.000  0.000000e+00 
  276.000  0.000000e+00 
  277.000  0.000000e+00 
  278.000  0.000000e+00 
  279.000  0.000000e+00 
  280.000  0.000000e+00 
  281.000  0.000000e+00 
  282.000  0.000000e+00 
  283.000  0.000000e+00 
  284.000  0.000000e+00 
  285.000  0.000000e+00 
  286.000  0.000000e+00 
  287.000  0.000000e+00 
  288.000  0.000000e+00 
  289.000  0.000000e+00 
  290.000  0.000000e+00 
  291.000  0.000000e+00 
  292.000  0.000000e+00 
  293.000  9.507492e-05 
  294.000  3.502363e-04 
  295.000  8.054096e-04 
  296.000  2.290032e-03 
  297.000  4.410949e-03 
  298.000  1.040545e-02 
  299.000  1.639712e-02 
  300.000  2.962116e-02 
  301.000  4.792880e-02 
  302.000  6.682647e-02 
  303.000  1.044623e-01 
  304.000  1.243250e-01 
  305.000  1.788843e-01 
  306.000  2.137537e-01 
  307.000  2.680781e-01 
  308.000  3.072110e-01 
  309.000  3.450834e-01 
  310.000  4.303703e-01 
  311.000  4.638864e-01 
  312.000  5.218503e-01 
  313.000  5.713910e-01 
  314.000  5.887049e-01 
  315.000  6.616241e-01 
  316.000  6.818092e-01 
  317.000  7.173944e-01 
  318.000  7.426763e-01 
  319.000  8.240167e-01 
  320.000  7.512586e-01 
  321.000  8.764331e-01 
  322.000  8.139288e-01 
  323.000  8.719528e-01 
  324.000  9.226509e-01 
  325.000  8.687642e-01 
  326.000  9.347259e-01 
  327.000  9.440055e-01 
  328.000  8.922853e-01 
  329.000  9.670553e-01 
  330.000  9.692720e-01 
  331.000  9.360096e-01 
  332.000  9.763498e-01 
  333.000  9.810034e-01 
  334.000  9.623750e-01 
  335.000  9.874821e-01 
  336.000  9.927787e-01 
  337.000  9.794328e-01 
  338.000  9.871504e-01 
  339.000  9.953336e-01 
  340.000  9.849111e-01 
  341.000  9.929532e-01 
  342.000  9.965212e-01 
  343.000  9.948037e-01 
  344.000  9.888538e-01 
  345.000  9.961913e-01 
  346.000  9.982275e-01 
  347.000  9.985683e-01 
  348.000  9.985905e-01 
  349.000  9.995704e-01 
  350.000  9.995172e-01 
  351.000  9.994047e-01 
  352.000  9.982502e-01 
  353.000  9.993659e-01 
  354.000  9.993610e-01 
  355.000  9.990639e-01 
  356.000  9.987055e-01 
  357.000  9.978682e-01 
  358.000  9.974637e-01 
  359.000  9.970770e-01 
  360.000  9.967647e-01 
  361.000  9.976189e-01 
  362.000  9.986940e-01 
  363.000  9.993718e-01 
  364.000  9.996830e-01 
  365.000  9.997242e-01 
  366.000  9.999377e-01 
  367.000  9.999498e-01 
  368.000  9.999574e-01 
  369.000  9.999626e-01 
  370.000  9.999592e-01 
  371.000  9.999570e-01 
  372.000  9.999545e-01 
  373.000  9.999511e-01 
  374.000  9.999196e-01 
  375.000  9.998500e-01 
  376.000  9.996940e-01 
  377.000  9.993880e-01 
  378.000  9.988939e-01 
  379.000  9.984790e-01 
  380.000  9.983846e-01 
  381.000  9.987556e-01 
  382.000  9.992794e-01 
  383.000  9.996244e-01 
  384.000  9.998142e-01 
  385.000  9.999091e-01 
  386.000  9.999487e-01 
  387.000  9.999646e-01 
  388.000  9.999678e-01 
  389.000  9.999720e-01 
  390.000  9.999779e-01 
  391.000  9.999791e-01 
  392.000  9.999837e-01 
  393.000  9.999895e-01 
  394.000  9.999936e-01 
  395.000  9.999936e-01 
  396.000  9.999996e-01 
  397.000  9.999980e-01 
  398.000  9.999954e-01 
  399.000  9.999936e-01 
  400.000  9.999791e-01 
  401.000  9.999773e-01 
  402.000  9.999775e-01 
  403.000  9.999783e-01 
  404.000  9.999791e-01 
  405.000  9.999750e-01 
  406.000  9.999763e-01 
  407.000  9.999799e-01 
  408.000  9.999840e-01 
  409.000  9.999861e-01 
  410.000  9.999869e-01 
  411.000  9.999857e-01 
  412.000  9.999807e-01 
  413.000  9.999828e-01 
  414.000  9.998180e-01 
  415.000  9.998800e-01 
  416.000  9.999334e-01 
  417.000  9.999660e-01 
  418.000  9.999615e-01 
  419.000  9.999531e-01 
  420.000  9.999449e-01 
  421.000  9.999429e-01 
  422.000  9.999464e-01 
  423.000  9.999529e-01 
  424.000  9.999529e-01 
  425.000  9.999234e-01 
  426.000  9.998932e-01 
  427.000  9.998640e-01 
  428.000  9.998155e-01 
  429.000  9.997569e-01 
  430.000  9.996949e-01 
  431.000  9.996364e-01 
  432.000  9.995766e-01 
  433.000  9.995170e-01 
  434.000  9.994594e-01 
  435.000  9.994015e-01 
  436.000  9.993410e-01 
  437.000  9.992787e-01 
  438.000  9.992138e-01 
  439.000  9.991521e-01 
  440.000  9.990809e-01 
  441.000  9.990055e-01 
  442.000  9.989216e-01 
  443.000  9.988307e-01 
  444.000  9.987320e-01 
  445.000  9.986179e-01 
  446.000  9.984807e-01 
  447.000  9.984248e-01 
  448.000  9.984828e-01 
  449.000  9.985707e-01 
  450.000  9.986428e-01 
  451.000  9.986671e-01 
  452.000  9.986523e-01 
  453.000  9.986229e-01 
  454.000  9.985823e-01 
  455.000  9.984643e-01 
  456.000  9.982436e-01 
  457.000  9.980357e-01 
  458.000  9.978254e-01 
  459.000  9.976048e-01 
  460.000  9.973879e-01 
  461.000  9.971720e-01 
  462.000  9.969485e-01 
  463.000  9.967356e-01 
  464.000  9.969173e-01 
  465.000  9.970895e-01 
  466.000  9.972491e-01 
  467.000  9.973896e-01 
  468.000  9.972647e-01 
  469.000  9.969933e-01 
  470.000  9.966649e-01 
  471.000  9.962702e-01 
  472.000  9.957686e-01 
  473.000  9.950722e-01 
  474.000  9.943137e-01 
  475.000  9.933149e-01 
  476.000  9.920738e-01 
  477.000  9.909968e-01 
  478.000  9.909102e-01 
  479.000  9.913423e-01 
  480.000  9.918991e-01 
  481.000  9.923074e-01 
  482.000  9.926654e-01 
  483.000  9.928558e-01 
  484.000  9.928910e-01 
  485.000  9.928290e-01 
  486.000  9.928682e-01 
  487.000  9.929914e-01 
  488.000  9.930903e-01 
  489.000  9.931790e-01 
  490.000  9.932641e-01 
  491.000  9.931027e-01 
  492.000  9.928743e-01 
  493.000  9.926509e-01 
  494.000  9.924170e-01 
  495.000  9.921911e-01 
  496.000  9.915786e-01 
  497.000  9.909584e-01 
  498.000  9.903426e-01 
  499.000  9.897189e-01 
  500.000  9.890993e-01 
  501.000  9.884517e-01 
  502.000  9.878128e-01 
  503.000  9.871793e-01 
  504.000  9.865426e-01 
  505.000  9.859011e-01 
  506.000  9.858270e-01 
  507.000  9.857852e-01 
  508.000  9.857488e-01 
  509.000  9.857109e-01 
  510.000  9.856650e-01 
  511.000  9.855406e-01 
  512.000  9.853981e-01 
  513.000  9.852588e-01 
  514.000  9.851187e-01 
  515.000  9.849799e-01 
  516.000  9.846491e-01 
  517.000  9.841483e-01 
  518.000  9.836476e-01 
  519.000  9.831491e-01 
  520.000  9.826551e-01 
  521.000  9.821411e-01 
  522.000  9.815651e-01 
  523.000  9.809531e-01 
  524.000  9.803515e-01 
  525.000  9.797325e-01 
  526.000  9.791561e-01 
  527.000  9.784588e-01 
  528.000  9.777153e-01 
  529.000  9.769773e-01 
  530.000  9.762511e-01 
  531.000  9.755349e-01 
  532.000  9.748801e-01 
  533.000  9.745691e-01 
  534.000  9.743440e-01 
  535.000  9.741735e-01 
  536.000  9.739937e-01 
  537.000  9.737832e-01 
  538.000  9.735367e-01 
  539.000  9.732692e-01 
  540.000  9.729872e-01 
  541.000  9.727014e-01 
  542.000  9.724081e-01 
  543.000  9.721100e-01 
  544.000  9.717377e-01 
  545.000  9.713047e-01 
  546.000  9.708698e-01 
  547.000  9.704440e-01 
  548.000  9.700159e-01 
  549.000  9.695905e-01 
  550.000  9.690830e-01 
  551.000  9.684973e-01 
  552.000  9.679194e-01 
  553.000  9.673322e-01 
  554.000  9.667434e-01 
  555.000  9.661558e-01 
  556.000  9.655414e-01 
  557.000  9.648801e-01 
  558.000  9.642158e-01 
  559.000  9.635442e-01 
  560.000  9.628480e-01 
  561.000  9.621295e-01 
  562.000  9.611928e-01 
  563.000  9.604482e-01 
  564.000  9.596347e-01 
  565.000  9.586621e-01 
  566.000  9.578789e-01 
  567.000  9.563096e-01 
  568.000  9.522430e-01 
  569.000  9.440686e-01 
  570.000  9.448141e-01 
  571.000  9.498875e-01 
  572.000  9.441432e-01 
  573.000  9.451139e-01 
  574.000  9.450495e-01 
  575.000  9.443206e-01 
  576.000  9.441786e-01 
  577.000  9.456961e-01 
  578.000  9.477576e-01 
  579.000  9.493191e-01 
  580.000  9.505282e-01 
  581.000  9.525384e-01 
  582.000  9.537356e-01 
  583.000  9.542630e-01 
  584.000  9.547328e-01 
  585.000  9.549890e-01 
  586.000  9.552661e-01 
  587.000  9.528341e-01 
  588.000  9.420471e-01 
  589.000  9.251743e-01 
  590.000  9.239441e-01 
  591.000  9.351451e-01 
  592.000  9.289013e-01 
  593.000  9.416798e-01 
  594.000  9.386287e-01 
  595.000  9.293235e-01 
  596.000  9.416360e-01 
  597.000  9.381112e-01 
  598.000  9.427201e-01 
  599.000  9.441966e-01 
  600.000  9.482928e-01 
  601.000  9.508570e-01 
  602.000  9.512442e-01 
  603.000  9.522387e-01 
  604.000  9.534336e-01 
  605.000  9.541584e-01 
  606.000  9.545982e-01 
  607.000  9.550169e-01 
  608.000  9.553943e-01 
  609.000  9.557474e-01 
  610.000  9.561264e-01 
  611.000  9.565918e-01 
  612.000  9.570457e-01 
  613.000  9.574821e-01 
  614.000  9.579025e-01 
  615.000  9.583227e-01 
  616.000  9.587235e-01 
  617.000  9.590953e-01 
  618.000  9.593706e-01 
  619.000  9.595749e-01 
  620.000  9.597536e-01 
  621.000  9.598861e-01 
  622.000  9.599723e-01 
  623.000  9.599794e-01 
  624.000  9.599983e-01 
  625.000  9.599897e-01 
  626.000  9.594766e-01 
  627.000  9.550599e-01 
  628.000  9.320272e-01 
  629.000  9.453823e-01 
  630.000  9.489022e-01 
  631.000  9.530757e-01 
  632.000  9.516242e-01 
  633.000  9.574305e-01 
  634.000  9.600170e-01 
  635.000  9.608520e-01 
  636.000  9.624217e-01 
  637.000  9.636310e-01 
  638.000  9.663591e-01 
  639.000  9.671063e-01 
  640.000  9.688104e-01 
  641.000  9.694273e-01 
  642.000  9.706232e-01 
  643.000  9.695768e-01 
  644.000  9.699996e-01 
  645.000  9.682108e-01 
  646.000  9.594877e-01 
  647.000  9.534935e-01 
  648.000  9.467551e-01 
  649.000  9.531199e-01 
  650.000  9.651185e-01 
  651.000  9.653084e-01 
  652.000  9.551088e-01 
  653.000  9.672604e-01 
  654.000  9.661465e-01 
  655.000  9.619992e-01 
  656.000  9.637259e-01 
  657.000  9.662847e-01 
  658.000  9.705632e-01 
  659.000  9.731419e-01 
  660.000  9.743818e-01 
  661.000  9.776277e-01 
  662.000  9.791709e-01 
  663.000  9.791232e-01 
  664.000  9.798567e-01 
  665.000  9.804953e-01 
  666.000  9.812813e-01 
  667.000  9.819193e-01 
  668.000  9.826733e-01 
  669.000  9.831687e-01 
  670.000  9.835900e-01 
  671.000  9.840433e-01 
  672.000  9.844328e-01 
  673.000  9.848132e-01 
  674.000  9.851898e-01 
  675.000  9.855684e-01 
  676.000  9.859129e-01 
  677.000  9.862139e-01 
  678.000  9.865174e-01 
  679.000  9.867371e-01 
  680.000  9.865919e-01 
  681.000  9.863104e-01 
  682.000  9.864030e-01 
  683.000  9.863181e-01 
  684.000  9.856284e-01 
  685.000  9.864538e-01 
  686.000  9.833226e-01 
  687.000  8.803689e-01 
  688.000  9.129146e-01 
  689.000  9.033415e-01 
  690.000  9.201698e-01 
  691.000  9.416892e-01 
  692.000  9.539244e-01 
  693.000  9.462834e-01 
  694.000  9.361144e-01 
  695.000  9.457228e-01 
  696.000  9.512388e-01 
  697.000  9.752467e-01 
  698.000  9.701430e-01 
  699.000  9.483229e-01 
  700.000  9.518201e-01 
  701.000  9.468558e-01 
  702.000  9.503069e-01 
  703.000  9.683519e-01 
  704.000  9.690199e-01 
  705.000  9.614245e-01 
  706.000  9.627700e-01 
  707.000  9.653332e-01 
  708.000  9.681115e-01 
  709.000  9.739107e-01 
  710.000  9.675049e-01 
  711.000  9.738188e-01 
  712.000  9.791726e-01 
  713.000  9.746772e-01 
  714.000  9.730943e-01 
  715.000  9.658547e-01 
  716.000  9.583507e-01 
  717.000  9.110211e-01 
  718.000  8.817431e-01 
  719.000  8.711200e-01 
  720.000  8.550214e-01 
  721.000  9.244530e-01 
  722.000  9.488964e-01 
  723.000  9.349070e-01 
  724.000  8.952423e-01 
  725.000  9.010134e-01 
  726.000  8.990268e-01 
  727.000  9.045117e-01 
  728.000  8.982626e-01 
  729.000  9.132946e-01 
  730.000  9.105194e-01 
  731.000  9.071940e-01 
  732.000  9.325901e-01 
  733.000  9.568023e-01 
  734.000  9.683516e-01 
  735.000  9.640915e-01 
  736.000  9.562663e-01 
  737.000  9.619424e-01 
  738.000  9.697838e-01 
  739.000  9.730820e-01 
  740.000  9.805470e-01 
  741.000  9.848022e-01 
  742.000  9.865146e-01 
  743.000  9.904317e-01 
  744.000  9.921427e-01 
  745.000  9.934293e-01 
  746.000  9.944070e-01 
  747.000  9.945673e-01 
  748.000  9.954370e-01 
  749.000  9.958133e-01 
  750.000  9.954463e-01 
  751.000  9.955303e-01 
  752.000  9.962789e-01 
  753.000  9.965312e-01 
  754.000  9.967110e-01 
  755.000  9.967964e-01 
  756.000  9.968910e-01 
  757.000  9.969313e-01 
  758.000  9.956564e-01 
  759.000  9.415889e-01 
  760.000  5.084198e-01 
  761.000  4.632090e-01 
  762.000  7.263873e-01 
  763.000  6.474383e-01 
  764.000  6.867019e-01 
  765.000  7.739474e-01 
  766.000  8.760590e-01 
  767.000  9.264056e-01 
  768.000  9.589288e-01 
  769.000  9.802106e-01 
  770.000  9.915341e-01 
  771.000  9.969760e-01 
  772.000  9.982076e-01 
  773.000  9.987199e-01 
  774.000  9.993324e-01 
  775.000  9.996346e-01 
  776.000  9.998298e-01 
  777.000  9.998168e-01 
  778.000  9.997059e-01 
  779.000  9.995869e-01 
  780.000  9.994665e-01 
  781.000  9.997413e-01 
  782.000  9.996108e-01 
  783.000  9.994929e-01 
  784.000  9.991171e-01 
  785.000  9.973744e-01 
  786.000  9.946888e-01 
  787.000  9.889028e-01 
  788.000  9.858193e-01 
  789.000  9.750304e-01 
  790.000  9.740235e-01 
  791.000  9.759575e-01 
  792.000  9.777363e-01 
  793.000  9.819999e-01 
  794.000  9.911368e-01 
  795.000  9.854115e-01 
  796.000  9.702991e-01 
  797.000  9.745116e-01 
  798.000  9.839140e-01 
  799.000  9.816629e-01 
  800.000  9.746713e-01 
  801.000  9.754099e-01 
  802.000  9.746277e-01 
  803.000  9.755538e-01 
  804.000  9.787142e-01 
  805.000  9.848439e-01 
  806.000  9.884660e-01 
  807.000  9.885470e-01 
  808.000  9.863635e-01 
  809.000  9.837011e-01 
  810.000  9.807943e-01 
  811.000  9.749120e-01 
  812.000  9.670228e-01 
  813.000  9.573707e-01 
  814.000  9.446512e-01 
  815.000  9.288351e-01 
  816.000  9.085135e-01 
  817.000  9.095761e-01 
  818.000  9.111544e-01 
  819.000  9.177454e-01 
  820.000  9.399326e-01 
  821.000  9.652227e-01 
  822.000  9.458639e-01 
  823.000  8.918148e-01 
  824.000  9.372420e-01 
  825.000  9.663271e-01 
  826.000  9.612694e-01 
  827.000  9.575143e-01 
  828.000  9.382395e-01 
  829.000  9.450904e-01 
  830.000  9.527652e-01 
  831.000  9.545096e-01 
  832.000  9.552288e-01 
  833.000  9.596171e-01 
  834.000  9.647926e-01 
  835.000  9.751250e-01 
  836.000  9.717048e-01 
  837.000  9.712765e-01 
  838.000  9.762708e-01 
  839.000  9.792709e-01 
  840.000  9.803172e-01 
  841.000  9.769169e-01 
  842.000  9.798386e-01 
  843.000  9.868684e-01 
  844.000  9.900168e-01 
  845.000  9.914477e-01 
  846.000  9.929559e-01 
  847.000  9.946269e-01 
  848.000  9.916945e-01 
  849.000  9.919975e-01 
  850.000  9.905164e-01 
  851.000  9.887636e-01 
  852.000  9.888684e-01 
  853.000  9.915951e-01 
  854.000  9.913802e-01 
  855.000  9.927189e-01 
  856.000  9.955705e-01 
  857.000  9.967366e-01 
  858.000  9.973129e-01 
  859.000  9.986553e-01 
  860.000  9.992774e-01 
  861.000  9.993284e-01 
  862.000  9.996349e-01 
  863.000  9.996322e-01 
  864.000  9.998276e-01 
  865.000  9.999787e-01 
  866.000  9.999834e-01 
  867.000  9.999002e-01 
  868.000  9.998840e-01 
  869.000  9.999027e-01 
  870.000  9.998078e-01 
  871.000  9.998235e-01 
  872.000  9.999291e-01 
  873.000  9.997317e-01 
  874.000  9.996040e-01 
  875.000  9.995393e-01 
  876.000  9.992298e-01 
  877.000  9.990507e-01 
  878.000  9.981139e-01 
  879.000  9.980088e-01 
  880.000  9.971930e-01 
  881.000  9.967159e-01 
  882.000  9.962559e-01 
  883.000  9.966133e-01 
  884.000  9.967272e-01 
  885.000  9.951101e-01 
  886.000  9.928814e-01 
  887.000  9.945161e-01 
  888.000  9.943675e-01 
  889.000  9.948379e-01 
  890.000  9.935097e-01 
  891.000  9.908281e-01 
  892.000  9.852293e-01 
  893.000  9.682886e-01 
  894.000  9.598161e-01 
  895.000  9.340025e-01 
  896.000  9.107999e-01 
  897.000  8.862824e-01 
  898.000  8.747701e-01 
  899.000  8.422818e-01 
  900.000  8.469254e-01 
  901.000  8.384256e-01 
  902.000  8.399382e-01 
  903.000  8.943328e-01 
  904.000  9.273572e-01 
  905.000  9.261120e-01 
  906.000  9.054061e-01 
  907.000  8.687258e-01 
  908.000  8.444629e-01 
  909.000  8.454518e-01 
  910.000  8.490621e-01 
  911.000  8.650979e-01 
  912.000  8.572766e-01 
  913.000  8.233678e-01 
  914.000  8.400870e-01 
  915.000  8.532289e-01 
  916.000  8.567576e-01 
  917.000  8.638651e-01 
  918.000  8.730546e-01 
  919.000  9.043385e-01 
  920.000  9.278884e-01 
  921.000  9.226508e-01 
  922.000  9.221618e-01 
  923.000  9.155335e-01 
  924.000  8.996525e-01 
  925.000  8.982820e-01 
  926.000  8.978335e-01 
  927.000  8.792605e-01 
  928.000  8.506505e-01 
  929.000  8.092223e-01 
  930.000  7.562944e-01 
  931.000  6.967790e-01 
  932.000  6.182097e-01 
  933.000  5.590971e-01 
  934.000  4.978446e-01 
  935.000  4.912341e-01 
  936.000  5.154826e-01 
  937.000  5.092900e-01 
  938.000  5.772378e-01 
  939.000  7.501134e-01 
  940.000  7.754381e-01 
  941.000  7.535555e-01 
  942.000  6.996260e-01 
  943.000  6.089254e-01 
  944.000  6.025142e-01 
  945.000  6.352779e-01 
  946.000  6.370904e-01 
  947.000  6.662003e-01 
  948.000  6.831936e-01 
  949.000  6.809649e-01 
  950.000  6.852974e-01 
  951.000  7.231595e-01 
  952.000  6.826676e-01 
  953.000  7.110751e-01 
  954.000  7.414028e-01 
  955.000  7.168170e-01 
  956.000  7.112910e-01 
  957.000  7.877105e-01 
  958.000  7.975129e-01 
  959.000  7.848617e-01 
  960.000  7.811640e-01 
  961.000  7.747968e-01 
  962.000  7.805486e-01 
  963.000  8.221080e-01 
  964.000  8.280290e-01 
  965.000  8.240438e-01 
  966.000  8.262641e-01 
  967.000  8.557186e-01 
  968.000  9.046089e-01 
  969.000  9.265488e-01 
  970.000  9.276959e-01 
  971.000  9.271410e-01 
  972.000  9.208774e-01 
  973.000  9.064308e-01 
  974.000  8.887966e-01 
  975.000  8.774291e-01 
  976.000  8.912578e-01 
  977.000  9.140547e-01 
  978.000  9.121724e-01 
  979.000  9.180419e-01 
  980.000  9.411891e-01 
  981.000  9.462795e-01 
  982.000  9.410961e-01 
  983.000  9.529257e-01 
  984.000  9.650800e-01 
  985.000  9.719584e-01 
  986.000  9.808327e-01 
  987.000  9.846516e-01 
  988.000  9.854971e-01 
  989.000  9.860249e-01 
  990.000  9.869287e-01 
  991.000  9.902026e-01 
  992.000  9.911072e-01 
  993.000  9.914238e-01 
  994.000  9.943746e-01 
  995.000  9.963782e-01 
  996.000  9.963292e-01 
  997.000  9.950052e-01 
  998.000  9.934629e-01 
  999.000  9.928783e-01 
 1000.000  9.933003e-01 
 1001.000  9.901047e-01 
 1002.000  9.850063e-01 
 1003.000  9.861796e-01 
 1004.000  9.890646e-01 
 1005.000  9.903651e-01 
 1006.000  9.907704e-01 
 1007.000  9.897743e-01 
 1008.000  9.856157e-01 
 1009.000  9.800641e-01 
 1010.000  9.824998e-01 
 1011.000  9.883438e-01 
 1012.000  9.905505e-01 
 1013.000  9.922822e-01 
 1014.000  9.929914e-01 
 1015.000  9.931092e-01 
 1016.000  9.938791e-01 
 1017.000  9.943155e-01 
 1018.000  9.933026e-01 
 1019.000  9.912456e-01 
 1020.000  9.919404e-01 
 1021.000  9.933875e-01 
 1022.000  9.909062e-01 
 1023.000  9.888265e-01 
 1024.000  9.875749e-01 
 1025.000  9.913405e-01 
 1026.000  9.929962e-01 
 1027.000  9.922699e-01 
 1028.000  9.928413e-01 
 1029.000  9.944899e-01 
 1030.000  9.960003e-01 
 1031.000  9.967793e-01 
 1032.000  9.973824e-01 
 1033.000  9.975312e-01 
 1034.000  9.978843e-01 
 1035.000  9.980407e-01 
 1036.000  9.979267e-01 
 1037.000  9.979382e-01 
 1038.000  9.980245e-01 
 1039.000  9.978136e-01 
 1040.000  9.976270e-01 
 1041.000  9.974796e-01 
 1042.000  9.974285e-01 
 1043.000  9.974098e-01 
 1044.000  9.972765e-01 
 1045.000  9.968888e-01 
 1046.000  9.966231e-01 
 1047.000  9.963118e-01 
 1048.000  9.959171e-01 
 1049.000  9.955213e-01 
 1050.000  9.951035e-01 
 1051.000  9.945009e-01 
 1052.000  9.941138e-01 
 1053.000  9.940845e-01 
 1054.000  9.934917e-01 
 1055.000  9.928861e-01 
 1056.000  9.923972e-01 
 1057.000  9.910616e-01 
 1058.000  9.885895e-01 
 1059.000  9.887779e-01 
 1060.000  9.900876e-01 
 1061.000  9.897935e-01 
 1062.000  9.882091e-01 
 1063.000  9.876041e-01 
 1064.000  9.862296e-01 
 1065.000  9.845869e-01 
 1066.000  9.846929e-01 
 1067.000  9.837357e-01 
 1068.000  9.804690e-01 
 1069.000  9.788407e-01 
 1070.000  9.792486e-01 
 1071.000  9.771176e-01 
 1072.000  9.749362e-01 
 1073.000  9.744526e-01 
 1074.000  9.746774e-01 
 1075.000  9.777101e-01 
 1076.000  9.756876e-01 
 1077.000  9.730033e-01 
 1078.000  9.698611e-01 
 1079.000  9.693946e-01 
 1080.000  9.611064e-01 
 1081.000  9.605824e-01 
 1082.000  9.641556e-01 
 1083.000  9.597405e-01 
 1084.000  9.549141e-01 
 1085.000  9.434523e-01 
 1086.000  9.460831e-01 
 1087.000  9.585955e-01 
 1088.000  9.590428e-01 
 1089.000  9.437490e-01 
 1090.000  9.408416e-01 
 1091.000  9.437166e-01 
 1092.000  9.361014e-01 
 1093.000  9.191196e-01 
 1094.000  9.116921e-01 
 1095.000  9.128675e-01 
 1096.000  9.139480e-01 
 1097.000  9.105359e-01 
 1098.000  8.690667e-01 
 1099.000  8.335312e-01 
 1100.000  8.359168e-01 
 1101.000  8.408137e-01 
 1102.000  8.384163e-01 
 1103.000  8.416744e-01 
 1104.000  8.357503e-01 
 1105.000  8.207961e-01 
 1106.000  8.056567e-01 
 1107.000  8.094123e-01 
 1108.000  8.121769e-01 
 1109.000  8.251191e-01 
 1110.000  8.235926e-01 
 1111.000  8.164545e-01 
 1112.000  7.847763e-01 
 1113.000  7.413530e-01 
 1114.000  7.296504e-01 
 1115.000  6.759517e-01 
 1116.000  6.425210e-01 
 1117.000  5.646954e-01 
 1118.000  4.930600e-01 
 1119.000  4.549968e-01 
 1120.000  4.075410e-01 
 1121.000  3.970083e-01 
 1122.000  3.475866e-01 
 1123.000  3.744732e-01 
 1124.000  3.925348e-01 
 1125.000  3.829923e-01 
 1126.000  3.791713e-01 
 1127.000  3.833090e-01 
 1128.000  3.913603e-01 
 1129.000  4.397717e-01 
 1130.000  5.521381e-01 
 1131.000  5.844600e-01 
 1132.000  5.402266e-01 
 1133.000  4.591003e-01 
 1134.000  3.114587e-01 
 1135.000  3.226907e-01 
 1136.000  4.708770e-01 
 1137.000  5.512528e-01 
 1138.000  6.285225e-01 
 1139.000  6.518371e-01 
 1140.000  6.371980e-01 
 1141.000  6.073738e-01 
 1142.000  5.968683e-01 
 1143.000  5.638573e-01 
 1144.000  5.265538e-01 
 1145.000  4.724908e-01 
 1146.000  4.852973e-01 
 1147.000  5.275691e-01 
 1148.000  5.649926e-01 
 1149.000  5.800811e-01 
 1150.000  5.808464e-01 
 1151.000  6.033924e-01 
 1152.000  6.143586e-01 
 1153.000  6.304944e-01 
 1154.000  6.256714e-01 
 1155.000  6.559675e-01 
 1156.000  6.898260e-01 
 1157.000  7.584739e-01 
 1158.000  7.864394e-01 
 1159.000  8.103954e-01 
 1160.000  8.202869e-01 
 1161.000  8.453496e-01 
 1162.000  8.634543e-01 
 1163.000  8.854589e-01 
 1164.000  8.905889e-01 
 1165.000  8.922399e-01 
 1166.000  8.968531e-01 
 1167.000  8.996552e-01 
 1168.000  8.985402e-01 
 1169.000  9.016870e-01 
 1170.000  9.045447e-01 
 1171.000  9.122391e-01 
 1172.000  9.076807e-01 
 1173.000  9.031831e-01 
 1174.000  9.034492e-01 
 1175.000  9.156299e-01 
 1176.000  9.268212e-01 
 1177.000  9.215507e-01 
 1178.000  9.107395e-01 
 1179.000  9.107552e-01 
 1180.000  9.068549e-01 
 1181.000  8.967473e-01 
 1182.000  8.867006e-01 
 1183.000  8.879251e-01 
 1184.000  8.936931e-01 
 1185.000  9.077857e-01 
 1186.000  9.036180e-01 
 1187.000  8.891951e-01 
 1188.000  8.859082e-01 
 1189.000  8.948976e-01 
 1190.000  9.176389e-01 
 1191.000  9.243692e-01 
 1192.000  9.340230e-01 
 1193.000  9.319330e-01 
 1194.000  9.304653e-01 
 1195.000  9.209037e-01 
 1196.000  9.222159e-01 
 1197.000  9.175497e-01 
 1198.000  9.165035e-01 
 1199.000  9.106480e-01 
 1200.000  9.140256e-01 
