  250.000  0.000000e+00 
  251.000  0.000000e+00 
  252.000  0.000000e+00 
  253.000  0.000000e+00 
  254.000  0.000000e+00 
  255.000  0.000000e+00 
  256.000  0.000000e+00 
  257.000  0.000000e+00 
  258.000  0.000000e+00 
  259.000  0.000000e+00 
  260.000  0.000000e+00 
  261.000  0.000000e+00 
  262.000  0.000000e+00 
  263.000  0.000000e+00 
  264.000  0.000000e+00 
  265.000  0.000000e+00 
  266.000  0.000000e+00 
  267.000  0.000000e+00 
  268.000  0.000000e+00 
  269.000  0.000000e+00 
  270.000  0.000000e+00 
  271.000  0.000000e+00 
  272.000  0.000000e+00 
  273.000  0.000000e+00 
  274.000  0.000000e+00 
  275.000  0.000000e+00 
  276.000  0.000000e+00 
  277.000  0.000000e+00 
  278.000  0.000000e+00 
  279.000  0.000000e+00 
  280.000  0.000000e+00 
  281.000  0.000000e+00 
  282.000  0.000000e+00 
  283.000  0.000000e+00 
  284.000  0.000000e+00 
  285.000  0.000000e+00 
  286.000  0.000000e+00 
  287.000  0.000000e+00 
  288.000  0.000000e+00 
  289.000  0.000000e+00 
  290.000  0.000000e+00 
  291.000  0.000000e+00 
  292.000  0.000000e+00 
  293.000  5.477544e-12 
  294.000  2.109659e-10 
  295.000  2.171941e-09 
  296.000  4.050953e-08 
  297.000  2.539162e-07 
  298.000  2.807574e-06 
  299.000  1.003112e-05 
  300.000  5.253955e-05 
  301.000  2.021485e-04 
  302.000  5.126916e-04 
  303.000  1.790963e-03 
  304.000  2.915839e-03 
  305.000  8.076114e-03 
  306.000  1.329715e-02 
  307.000  2.506870e-02 
  308.000  3.671325e-02 
  309.000  5.083791e-02 
  310.000  9.435364e-02 
  311.000  1.163999e-01 
  312.000  1.618560e-01 
  313.000  2.086477e-01 
  314.000  2.268368e-01 
  315.000  3.145660e-01 
  316.000  3.421811e-01 
  317.000  3.945685e-01 
  318.000  4.347491e-01 
  319.000  5.815952e-01 
  320.000  4.489629e-01 
  321.000  6.912140e-01 
  322.000  5.618780e-01 
  323.000  6.813658e-01 
  324.000  7.981871e-01 
  325.000  6.744121e-01 
  326.000  8.277819e-01 
  327.000  8.509983e-01 
  328.000  7.267926e-01 
  329.000  9.104660e-01 
  330.000  9.163213e-01 
  331.000  8.309690e-01 
  332.000  9.351802e-01 
  333.000  9.477143e-01 
  334.000  8.981816e-01 
  335.000  9.653435e-01 
  336.000  9.799113e-01 
  337.000  9.434718e-01 
  338.000  9.644358e-01 
  339.000  9.869888e-01 
  340.000  9.583226e-01 
  341.000  9.803937e-01 
  342.000  9.902897e-01 
  343.000  9.855183e-01 
  344.000  9.691026e-01 
  345.000  9.893723e-01 
  346.000  9.950450e-01 
  347.000  9.959965e-01 
  348.000  9.960582e-01 
  349.000  9.987975e-01 
  350.000  9.986486e-01 
  351.000  9.983342e-01 
  352.000  9.951082e-01 
  353.000  9.982256e-01 
  354.000  9.982118e-01 
  355.000  9.973812e-01 
  356.000  9.963797e-01 
  357.000  9.940423e-01 
  358.000  9.929146e-01 
  359.000  9.918371e-01 
  360.000  9.909675e-01 
  361.000  9.933471e-01 
  362.000  9.963474e-01 
  363.000  9.982420e-01 
  364.000  9.991126e-01 
  365.000  9.992280e-01 
  366.000  9.998254e-01 
  367.000  9.998592e-01 
  368.000  9.998807e-01 
  369.000  9.998953e-01 
  370.000  9.998857e-01 
  371.000  9.998795e-01 
  372.000  9.998727e-01 
  373.000  9.998631e-01 
  374.000  9.997748e-01 
  375.000  9.995801e-01 
  376.000  9.991433e-01 
  377.000  9.982873e-01 
  378.000  9.969059e-01 
  379.000  9.957470e-01 
  380.000  9.954833e-01 
  381.000  9.965194e-01 
  382.000  9.979838e-01 
  383.000  9.989486e-01 
  384.000  9.994797e-01 
  385.000  9.997455e-01 
  386.000  9.998564e-01 
  387.000  9.999008e-01 
  388.000  9.999099e-01 
  389.000  9.999217e-01 
  390.000  9.999381e-01 
  391.000  9.999414e-01 
  392.000  9.999544e-01 
  393.000  9.999707e-01 
  394.000  9.999819e-01 
  395.000  9.999819e-01 
  396.000  9.999988e-01 
  397.000  9.999943e-01 
  398.000  9.999871e-01 
  399.000  9.999819e-01 
  400.000  9.999415e-01 
  401.000  9.999363e-01 
  402.000  9.999369e-01 
  403.000  9.999392e-01 
  404.000  9.999415e-01 
  405.000  9.999300e-01 
  406.000  9.999335e-01 
  407.000  9.999438e-01 
  408.000  9.999552e-01 
  409.000  9.999610e-01 
  410.000  9.999633e-01 
  411.000  9.999598e-01 
  412.000  9.999461e-01 
  413.000  9.999518e-01 
  414.000  9.994906e-01 
  415.000  9.996639e-01 
  416.000  9.998136e-01 
  417.000  9.999049e-01 
  418.000  9.998922e-01 
  419.000  9.998687e-01 
  420.000  9.998457e-01 
  421.000  9.998401e-01 
  422.000  9.998499e-01 
  423.000  9.998682e-01 
  424.000  9.998680e-01 
  425.000  9.997855e-01 
  426.000  9.997011e-01 
  427.000  9.996193e-01 
  428.000  9.994835e-01 
  429.000  9.993195e-01 
  430.000  9.991459e-01 
  431.000  9.989824e-01 
  432.000  9.988149e-01 
  433.000  9.986483e-01 
  434.000  9.984870e-01 
  435.000  9.983250e-01 
  436.000  9.981559e-01 
  437.000  9.979817e-01 
  438.000  9.978002e-01 
  439.000  9.976277e-01 
  440.000  9.974287e-01 
  441.000  9.972180e-01 
  442.000  9.969835e-01 
  443.000  9.967293e-01 
  444.000  9.964536e-01 
  445.000  9.961350e-01 
  446.000  9.957518e-01 
  447.000  9.955957e-01 
  448.000  9.957576e-01 
  449.000  9.960033e-01 
  450.000  9.962044e-01 
  451.000  9.962724e-01 
  452.000  9.962310e-01 
  453.000  9.961488e-01 
  454.000  9.960355e-01 
  455.000  9.957061e-01 
  456.000  9.950899e-01 
  457.000  9.945096e-01 
  458.000  9.939231e-01 
  459.000  9.933078e-01 
  460.000  9.927033e-01 
  461.000  9.921018e-01 
  462.000  9.914793e-01 
  463.000  9.908865e-01 
  464.000  9.913924e-01 
  465.000  9.918720e-01 
  466.000  9.923165e-01 
  467.000  9.927080e-01 
  468.000  9.923601e-01 
  469.000  9.916040e-01 
  470.000  9.906898e-01 
  471.000  9.895914e-01 
  472.000  9.881971e-01 
  473.000  9.862633e-01 
  474.000  9.841596e-01 
  475.000  9.813942e-01 
  476.000  9.779645e-01 
  477.000  9.749947e-01 
  478.000  9.747562e-01 
  479.000  9.759468e-01 
  480.000  9.774824e-01 
  481.000  9.786096e-01 
  482.000  9.795984e-01 
  483.000  9.801247e-01 
  484.000  9.802217e-01 
  485.000  9.800505e-01 
  486.000  9.801589e-01 
  487.000  9.804996e-01 
  488.000  9.807729e-01 
  489.000  9.810182e-01 
  490.000  9.812538e-01 
  491.000  9.808073e-01 
  492.000  9.801757e-01 
  493.000  9.795582e-01 
  494.000  9.789121e-01 
  495.000  9.782885e-01 
  496.000  9.765985e-01 
  497.000  9.748890e-01 
  498.000  9.731935e-01 
  499.000  9.714783e-01 
  500.000  9.697766e-01 
  501.000  9.679998e-01 
  502.000  9.662489e-01 
  503.000  9.645148e-01 
  504.000  9.627741e-01 
  505.000  9.610222e-01 
  506.000  9.608200e-01 
  507.000  9.607058e-01 
  508.000  9.606065e-01 
  509.000  9.605031e-01 
  510.000  9.603779e-01 
  511.000  9.600385e-01 
  512.000  9.596500e-01 
  513.000  9.592699e-01 
  514.000  9.588882e-01 
  515.000  9.585100e-01 
  516.000  9.576088e-01 
  517.000  9.562458e-01 
  518.000  9.548841e-01 
  519.000  9.535298e-01 
  520.000  9.521889e-01 
  521.000  9.507952e-01 
  522.000  9.492345e-01 
  523.000  9.475783e-01 
  524.000  9.459520e-01 
  525.000  9.442803e-01 
  526.000  9.427260e-01 
  527.000  9.408473e-01 
  528.000  9.388469e-01 
  529.000  9.368638e-01 
  530.000  9.349155e-01 
  531.000  9.329960e-01 
  532.000  9.312437e-01 
  533.000  9.304124e-01 
  534.000  9.298104e-01 
  535.000  9.293550e-01 
  536.000  9.288749e-01 
  537.000  9.283128e-01 
  538.000  9.276550e-01 
  539.000  9.269416e-01 
  540.000  9.261897e-01 
  541.000  9.254283e-01 
  542.000  9.246472e-01 
  543.000  9.238535e-01 
  544.000  9.228633e-01 
  545.000  9.217122e-01 
  546.000  9.205573e-01 
  547.000  9.194273e-01 
  548.000  9.182919e-01 
  549.000  9.171648e-01 
  550.000  9.158213e-01 
  551.000  9.142725e-01 
  552.000  9.127456e-01 
  553.000  9.111961e-01 
  554.000  9.096440e-01 
  555.000  9.080966e-01 
  556.000  9.064807e-01 
  557.000  9.047434e-01 
  558.000  9.030004e-01 
  559.000  9.012407e-01 
  560.000  8.994195e-01 
  561.000  8.975435e-01 
  562.000  8.953923e-01 
  563.000  8.934765e-01 
  564.000  8.914323e-01 
  565.000  8.891132e-01 
  566.000  8.869471e-01 
  567.000  8.838091e-01 
  568.000  8.785835e-01 
  569.000  8.707207e-01 
  570.000  8.697400e-01 
  571.000  8.715096e-01 
  572.000  8.652829e-01 
  573.000  8.642069e-01 
  574.000  8.627735e-01 
  575.000  8.610532e-01 
  576.000  8.606333e-01 
  577.000  8.620065e-01 
  578.000  8.637948e-01 
  579.000  8.664919e-01 
  580.000  8.696879e-01 
  581.000  8.741308e-01 
  582.000  8.772564e-01 
  583.000  8.793311e-01 
  584.000  8.810631e-01 
  585.000  8.827502e-01 
  586.000  8.839743e-01 
  587.000  8.827786e-01 
  588.000  8.753061e-01 
  589.000  8.616394e-01 
  590.000  8.607168e-01 
  591.000  8.700449e-01 
  592.000  8.648887e-01 
  593.000  8.754332e-01 
  594.000  8.728623e-01 
  595.000  8.650941e-01 
  596.000  8.741949e-01 
  597.000  8.698936e-01 
  598.000  8.723002e-01 
  599.000  8.721257e-01 
  600.000  8.736377e-01 
  601.000  8.740905e-01 
  602.000  8.732425e-01 
  603.000  8.738671e-01 
  604.000  8.757904e-01 
  605.000  8.771621e-01 
  606.000  8.781636e-01 
  607.000  8.791233e-01 
  608.000  8.800748e-01 
  609.000  8.809717e-01 
  610.000  8.819487e-01 
  611.000  8.831509e-01 
  612.000  8.843244e-01 
  613.000  8.854538e-01 
  614.000  8.865428e-01 
  615.000  8.876323e-01 
  616.000  8.886721e-01 
  617.000  8.896374e-01 
  618.000  8.903525e-01 
  619.000  8.908837e-01 
  620.000  8.913483e-01 
  621.000  8.916928e-01 
  622.000  8.919170e-01 
  623.000  8.919356e-01 
  624.000  8.919865e-01 
  625.000  8.919687e-01 
  626.000  8.913646e-01 
  627.000  8.865916e-01 
  628.000  8.490390e-01 
  629.000  8.731392e-01 
  630.000  8.762319e-01 
  631.000  8.827266e-01 
  632.000  8.855852e-01 
  633.000  8.923271e-01 
  634.000  8.972419e-01 
  635.000  9.004387e-01 
  636.000  9.037019e-01 
  637.000  9.068159e-01 
  638.000  9.110826e-01 
  639.000  9.134620e-01 
  640.000  9.169396e-01 
  641.000  9.190757e-01 
  642.000  9.215587e-01 
  643.000  9.217022e-01 
  644.000  9.231375e-01 
  645.000  9.226488e-01 
  646.000  9.168861e-01 
  647.000  9.127409e-01 
  648.000  9.079079e-01 
  649.000  9.142255e-01 
  650.000  9.252371e-01 
  651.000  9.261039e-01 
  652.000  9.180823e-01 
  653.000  9.291691e-01 
  654.000  9.289072e-01 
  655.000  9.260447e-01 
  656.000  9.282085e-01 
  657.000  9.310212e-01 
  658.000  9.347664e-01 
  659.000  9.374841e-01 
  660.000  9.393475e-01 
  661.000  9.429529e-01 
  662.000  9.449725e-01 
  663.000  9.454533e-01 
  664.000  9.468993e-01 
  665.000  9.482280e-01 
  666.000  9.497390e-01 
  667.000  9.510768e-01 
  668.000  9.525782e-01 
  669.000  9.537590e-01 
  670.000  9.548475e-01 
  671.000  9.559751e-01 
  672.000  9.570227e-01 
  673.000  9.580584e-01 
  674.000  9.590886e-01 
  675.000  9.601207e-01 
  676.000  9.610760e-01 
  677.000  9.619082e-01 
  678.000  9.627432e-01 
  679.000  9.634676e-01 
  680.000  9.637110e-01 
  681.000  9.637740e-01 
  682.000  9.643281e-01 
  683.000  9.646475e-01 
  684.000  9.646924e-01 
  685.000  9.657636e-01 
  686.000  9.609156e-01 
  687.000  7.893407e-01 
  688.000  8.417308e-01 
  689.000  8.272108e-01 
  690.000  8.546452e-01 
  691.000  8.931447e-01 
  692.000  9.198256e-01 
  693.000  9.238787e-01 
  694.000  9.217166e-01 
  695.000  9.331241e-01 
  696.000  9.394340e-01 
  697.000  9.615675e-01 
  698.000  9.575486e-01 
  699.000  9.385660e-01 
  700.000  9.419926e-01 
  701.000  9.378891e-01 
  702.000  9.412550e-01 
  703.000  9.575775e-01 
  704.000  9.584727e-01 
  705.000  9.519460e-01 
  706.000  9.533338e-01 
  707.000  9.558039e-01 
  708.000  9.584643e-01 
  709.000  9.638088e-01 
  710.000  9.583141e-01 
  711.000  9.641185e-01 
  712.000  9.690711e-01 
  713.000  9.652770e-01 
  714.000  9.640741e-01 
  715.000  9.579199e-01 
  716.000  9.515746e-01 
  717.000  9.096521e-01 
  718.000  8.837229e-01 
  719.000  8.744769e-01 
  720.000  8.602100e-01 
  721.000  9.228488e-01 
  722.000  9.449727e-01 
  723.000  9.327410e-01 
  724.000  8.974448e-01 
  725.000  9.028547e-01 
  726.000  9.011612e-01 
  727.000  9.061826e-01 
  728.000  9.006536e-01 
  729.000  9.142479e-01 
  730.000  9.118305e-01 
  731.000  9.089158e-01 
  732.000  9.317996e-01 
  733.000  9.535502e-01 
  734.000  9.639531e-01 
  735.000  9.602432e-01 
  736.000  9.532849e-01 
  737.000  9.583729e-01 
  738.000  9.653922e-01 
  739.000  9.683498e-01 
  740.000  9.750237e-01 
  741.000  9.788324e-01 
  742.000  9.803736e-01 
  743.000  9.830501e-01 
  744.000  9.848459e-01 
  745.000  9.859408e-01 
  746.000  9.867596e-01 
  747.000  9.870691e-01 
  748.000  9.883595e-01 
  749.000  9.889910e-01 
  750.000  9.886274e-01 
  751.000  9.888671e-01 
  752.000  9.899963e-01 
  753.000  9.904611e-01 
  754.000  9.908288e-01 
  755.000  9.910700e-01 
  756.000  9.913232e-01 
  757.000  9.914351e-01 
  758.000  9.884498e-01 
  759.000  8.958036e-01 
  760.000  2.990120e-01 
  761.000  2.533462e-01 
  762.000  5.645406e-01 
  763.000  4.600041e-01 
  764.000  5.109147e-01 
  765.000  6.322446e-01 
  766.000  7.884502e-01 
  767.000  8.710347e-01 
  768.000  9.263355e-01 
  769.000  9.633676e-01 
  770.000  9.849774e-01 
  771.000  9.936675e-01 
  772.000  9.958717e-01 
  773.000  9.968308e-01 
  774.000  9.982732e-01 
  775.000  9.991074e-01 
  776.000  9.996168e-01 
  777.000  9.996946e-01 
  778.000  9.995835e-01 
  779.000  9.994299e-01 
  780.000  9.992634e-01 
  781.000  9.996444e-01 
  782.000  9.994648e-01 
  783.000  9.993027e-01 
  784.000  9.987867e-01 
  785.000  9.969167e-01 
  786.000  9.943286e-01 
  787.000  9.900065e-01 
  788.000  9.872292e-01 
  789.000  9.774948e-01 
  790.000  9.765887e-01 
  791.000  9.783363e-01 
  792.000  9.799413e-01 
  793.000  9.837877e-01 
  794.000  9.911489e-01 
  795.000  9.868659e-01 
  796.000  9.732223e-01 
  797.000  9.770283e-01 
  798.000  9.855160e-01 
  799.000  9.834839e-01 
  800.000  9.771724e-01 
  801.000  9.778397e-01 
  802.000  9.771333e-01 
  803.000  9.779689e-01 
  804.000  9.808200e-01 
  805.000  9.863507e-01 
  806.000  9.896163e-01 
  807.000  9.896894e-01 
  808.000  9.877226e-01 
  809.000  9.853231e-01 
  810.000  9.827064e-01 
  811.000  9.774052e-01 
  812.000  9.702948e-01 
  813.000  9.615874e-01 
  814.000  9.501001e-01 
  815.000  9.358068e-01 
  816.000  9.173613e-01 
  817.000  9.183506e-01 
  818.000  9.197904e-01 
  819.000  9.257640e-01 
  820.000  9.458839e-01 
  821.000  9.687759e-01 
  822.000  9.512537e-01 
  823.000  9.021392e-01 
  824.000  9.434297e-01 
  825.000  9.697546e-01 
  826.000  9.651572e-01 
  827.000  9.617596e-01 
  828.000  9.443049e-01 
  829.000  9.505126e-01 
  830.000  9.574559e-01 
  831.000  9.590257e-01 
  832.000  9.596556e-01 
  833.000  9.636165e-01 
  834.000  9.682845e-01 
  835.000  9.776074e-01 
  836.000  9.745121e-01 
  837.000  9.741167e-01 
  838.000  9.786248e-01 
  839.000  9.813288e-01 
  840.000  9.822719e-01 
  841.000  9.791999e-01 
  842.000  9.818356e-01 
  843.000  9.881780e-01 
  844.000  9.910131e-01 
  845.000  9.914457e-01 
  846.000  9.929544e-01 
  847.000  9.942668e-01 
  848.000  9.916893e-01 
  849.000  9.919942e-01 
  850.000  9.914610e-01 
  851.000  9.898803e-01 
  852.000  9.899749e-01 
  853.000  9.915916e-01 
  854.000  9.913729e-01 
  855.000  9.927130e-01 
  856.000  9.952712e-01 
  857.000  9.961631e-01 
  858.000  9.968405e-01 
  859.000  9.981496e-01 
  860.000  9.990077e-01 
  861.000  9.990773e-01 
  862.000  9.995010e-01 
  863.000  9.994969e-01 
  864.000  9.997674e-01 
  865.000  9.999766e-01 
  866.000  9.999833e-01 
  867.000  9.998647e-01 
  868.000  9.998419e-01 
  869.000  9.998689e-01 
  870.000  9.997341e-01 
  871.000  9.997568e-01 
  872.000  9.999077e-01 
  873.000  9.996271e-01 
  874.000  9.994460e-01 
  875.000  9.993552e-01 
  876.000  9.989159e-01 
  877.000  9.986620e-01 
  878.000  9.973320e-01 
  879.000  9.972814e-01 
  880.000  9.966303e-01 
  881.000  9.960574e-01 
  882.000  9.959369e-01 
  883.000  9.959379e-01 
  884.000  9.960778e-01 
  885.000  9.946975e-01 
  886.000  9.927899e-01 
  887.000  9.940577e-01 
  888.000  9.943067e-01 
  889.000  9.944298e-01 
  890.000  9.934604e-01 
  891.000  9.907563e-01 
  892.000  9.866934e-01 
  893.000  9.713762e-01 
  894.000  9.637250e-01 
  895.000  9.402990e-01 
  896.000  9.192286e-01 
  897.000  8.969317e-01 
  898.000  8.864473e-01 
  899.000  8.566594e-01 
  900.000  8.609608e-01 
  901.000  8.531460e-01 
  902.000  8.544948e-01 
  903.000  9.043514e-01 
  904.000  9.344699e-01 
  905.000  9.333078e-01 
  906.000  9.144202e-01 
  907.000  8.808697e-01 
  908.000  8.586107e-01 
  909.000  8.595397e-01 
  910.000  8.628650e-01 
  911.000  8.775888e-01 
  912.000  8.704056e-01 
  913.000  8.391980e-01 
  914.000  8.545915e-01 
  915.000  8.666543e-01 
  916.000  8.698746e-01 
  917.000  8.763707e-01 
  918.000  8.847723e-01 
  919.000  9.133697e-01 
  920.000  9.348183e-01 
  921.000  9.300302e-01 
  922.000  9.295828e-01 
  923.000  9.235476e-01 
  924.000  9.090694e-01 
  925.000  9.078754e-01 
  926.000  9.075983e-01 
  927.000  8.907347e-01 
  928.000  8.646817e-01 
  929.000  8.267913e-01 
  930.000  7.780794e-01 
  931.000  7.228676e-01 
  932.000  6.496398e-01 
  933.000  5.935801e-01 
  934.000  5.346833e-01 
  935.000  5.284102e-01 
  936.000  5.520363e-01 
  937.000  5.459238e-01 
  938.000  6.109458e-01 
  939.000  7.738142e-01 
  940.000  7.972702e-01 
  941.000  7.768175e-01 
  942.000  7.263536e-01 
  943.000  6.406986e-01 
  944.000  6.346642e-01 
  945.000  6.658510e-01 
  946.000  6.674735e-01 
  947.000  6.947942e-01 
  948.000  7.107033e-01 
  949.000  7.084876e-01 
  950.000  7.124990e-01 
  951.000  7.479025e-01 
  952.000  7.098029e-01 
  953.000  7.363188e-01 
  954.000  7.644954e-01 
  955.000  7.413983e-01 
  956.000  7.360030e-01 
  957.000  8.070087e-01 
  958.000  8.159537e-01 
  959.000  8.041339e-01 
  960.000  8.006235e-01 
  961.000  7.946533e-01 
  962.000  7.999225e-01 
  963.000  8.382882e-01 
  964.000  8.436930e-01 
  965.000  8.399584e-01 
  966.000  8.419411e-01 
  967.000  8.689794e-01 
  968.000  9.136803e-01 
  969.000  9.336426e-01 
  970.000  9.346581e-01 
  971.000  9.341418e-01 
  972.000  9.284381e-01 
  973.000  9.152628e-01 
  974.000  8.991424e-01 
  975.000  8.887290e-01 
  976.000  9.013813e-01 
  977.000  9.221945e-01 
  978.000  9.204497e-01 
  979.000  9.257713e-01 
  980.000  9.468300e-01 
  981.000  9.514379e-01 
  982.000  9.466980e-01 
  983.000  9.574306e-01 
  984.000  9.684496e-01 
  985.000  9.746757e-01 
  986.000  9.827061e-01 
  987.000  9.861532e-01 
  988.000  9.869099e-01 
  989.000  9.873811e-01 
  990.000  9.881961e-01 
  991.000  9.905669e-01 
  992.000  9.909979e-01 
  993.000  9.913162e-01 
  994.000  9.943113e-01 
  995.000  9.960865e-01 
  996.000  9.960324e-01 
  997.000  9.945911e-01 
  998.000  9.933832e-01 
  999.000  9.927905e-01 
 1000.000  9.932209e-01 
 1001.000  9.904654e-01 
 1002.000  9.864431e-01 
 1003.000  9.875059e-01 
 1004.000  9.894621e-01 
 1005.000  9.907187e-01 
 1006.000  9.905891e-01 
 1007.000  9.900762e-01 
 1008.000  9.869074e-01 
 1009.000  9.818496e-01 
 1010.000  9.840353e-01 
 1011.000  9.892903e-01 
 1012.000  9.907004e-01 
 1013.000  9.919478e-01 
 1014.000  9.926288e-01 
 1015.000  9.926931e-01 
 1016.000  9.934303e-01 
 1017.000  9.934485e-01 
 1018.000  9.927569e-01 
 1019.000  9.906299e-01 
 1020.000  9.912820e-01 
 1021.000  9.927058e-01 
 1022.000  9.901099e-01 
 1023.000  9.884494e-01 
 1024.000  9.878715e-01 
 1025.000  9.903160e-01 
 1026.000  9.918930e-01 
 1027.000  9.910698e-01 
 1028.000  9.915242e-01 
 1029.000  9.927512e-01 
 1030.000  9.939158e-01 
 1031.000  9.947398e-01 
 1032.000  9.949852e-01 
 1033.000  9.950780e-01 
 1034.000  9.954414e-01 
 1035.000  9.954513e-01 
 1036.000  9.949305e-01 
 1037.000  9.946460e-01 
 1038.000  9.947142e-01 
 1039.000  9.943090e-01 
 1040.000  9.938763e-01 
 1041.000  9.935255e-01 
 1042.000  9.933500e-01 
 1043.000  9.931933e-01 
 1044.000  9.928086e-01 
 1045.000  9.920132e-01 
 1046.000  9.914118e-01 
 1047.000  9.906566e-01 
 1048.000  9.893992e-01 
 1049.000  9.879605e-01 
 1050.000  9.870232e-01 
 1051.000  9.860319e-01 
 1052.000  9.851149e-01 
 1053.000  9.847078e-01 
 1054.000  9.835333e-01 
 1055.000  9.823146e-01 
 1056.000  9.810827e-01 
 1057.000  9.791749e-01 
 1058.000  9.760288e-01 
 1059.000  9.755782e-01 
 1060.000  9.761252e-01 
 1061.000  9.753644e-01 
 1062.000  9.732580e-01 
 1063.000  9.719657e-01 
 1064.000  9.700996e-01 
 1065.000  9.686627e-01 
 1066.000  9.686759e-01 
 1067.000  9.678056e-01 
 1068.000  9.651991e-01 
 1069.000  9.661235e-01 
 1070.000  9.676142e-01 
 1071.000  9.667416e-01 
 1072.000  9.655591e-01 
 1073.000  9.659301e-01 
 1074.000  9.669381e-01 
 1075.000  9.704230e-01 
 1076.000  9.693136e-01 
 1077.000  9.675552e-01 
 1078.000  9.653392e-01 
 1079.000  9.655187e-01 
 1080.000  9.585148e-01 
 1081.000  9.584975e-01 
 1082.000  9.621314e-01 
 1083.000  9.585856e-01 
 1084.000  9.545850e-01 
 1085.000  9.445390e-01 
 1086.000  9.472501e-01 
 1087.000  9.588726e-01 
 1088.000  9.595541e-01 
 1089.000  9.459457e-01 
 1090.000  9.435710e-01 
 1091.000  9.464189e-01 
 1092.000  9.398019e-01 
 1093.000  9.245256e-01 
 1094.000  9.179141e-01 
 1095.000  9.191339e-01 
 1096.000  9.202529e-01 
 1097.000  9.173639e-01 
 1098.000  8.796222e-01 
 1099.000  8.472001e-01 
 1100.000  8.495165e-01 
 1101.000  8.541190e-01 
 1102.000  8.521181e-01 
 1103.000  8.551893e-01 
 1104.000  8.497934e-01 
 1105.000  8.361654e-01 
 1106.000  8.222696e-01 
 1107.000  8.259085e-01 
 1108.000  8.286731e-01 
 1109.000  8.408175e-01 
 1110.000  8.396928e-01 
 1111.000  8.332898e-01 
 1112.000  8.041969e-01 
 1113.000  7.641747e-01 
 1114.000  7.537671e-01 
 1115.000  7.040050e-01 
 1116.000  6.727898e-01 
 1117.000  5.988787e-01 
 1118.000  5.303685e-01 
 1119.000  4.938438e-01 
 1120.000  4.475592e-01 
 1121.000  4.373060e-01 
 1122.000  3.879438e-01 
 1123.000  4.152943e-01 
 1124.000  4.335719e-01 
 1125.000  4.241039e-01 
 1126.000  4.202257e-01 
 1127.000  4.242542e-01 
 1128.000  4.320239e-01 
 1129.000  4.799194e-01 
 1130.000  5.897002e-01 
 1131.000  6.208587e-01 
 1132.000  5.782962e-01 
 1133.000  4.989153e-01 
 1134.000  3.509780e-01 
 1135.000  3.623514e-01 
 1136.000  5.100788e-01 
 1137.000  5.881833e-01 
 1138.000  6.619284e-01 
 1139.000  6.834351e-01 
 1140.000  6.695240e-01 
 1141.000  6.408327e-01 
 1142.000  6.308118e-01 
 1143.000  5.992149e-01 
 1144.000  5.632147e-01 
 1145.000  5.106149e-01 
 1146.000  5.230603e-01 
 1147.000  5.640397e-01 
 1148.000  6.000496e-01 
 1149.000  6.143535e-01 
 1150.000  6.147060e-01 
 1151.000  6.358660e-01 
 1152.000  6.461231e-01 
 1153.000  6.612777e-01 
 1154.000  6.563287e-01 
 1155.000  6.846757e-01 
 1156.000  7.164177e-01 
 1157.000  7.804664e-01 
 1158.000  8.061168e-01 
 1159.000  8.279738e-01 
 1160.000  8.369393e-01 
 1161.000  8.599315e-01 
 1162.000  8.763696e-01 
 1163.000  8.963891e-01 
 1164.000  9.010882e-01 
 1165.000  9.024648e-01 
 1166.000  9.065866e-01 
 1167.000  9.090832e-01 
 1168.000  9.080635e-01 
 1169.000  9.108975e-01 
 1170.000  9.134802e-01 
 1171.000  9.204897e-01 
 1172.000  9.163252e-01 
 1173.000  9.122012e-01 
 1174.000  9.124378e-01 
 1175.000  9.235651e-01 
 1176.000  9.337769e-01 
 1177.000  9.289718e-01 
 1178.000  9.191055e-01 
 1179.000  9.191201e-01 
 1180.000  9.155605e-01 
 1181.000  9.063217e-01 
 1182.000  8.971245e-01 
 1183.000  8.982447e-01 
 1184.000  9.035253e-01 
 1185.000  9.164053e-01 
 1186.000  9.125962e-01 
 1187.000  8.993873e-01 
 1188.000  8.963617e-01 
 1189.000  9.045825e-01 
 1190.000  9.253587e-01 
 1191.000  9.314896e-01 
 1192.000  9.402755e-01 
 1193.000  9.383714e-01 
 1194.000  9.370238e-01 
 1195.000  9.283031e-01 
 1196.000  9.295006e-01 
 1197.000  9.252431e-01 
 1198.000  9.242901e-01 
 1199.000  9.189442e-01 
 1200.000  9.219991e-01 
