  250.000  0.000000e+00 
  251.000  0.000000e+00 
  252.000  0.000000e+00 
  253.000  0.000000e+00 
  254.000  0.000000e+00 
  255.000  0.000000e+00 
  256.000  0.000000e+00 
  257.000  0.000000e+00 
  258.000  0.000000e+00 
  259.000  0.000000e+00 
  260.000  0.000000e+00 
  261.000  0.000000e+00 
  262.000  0.000000e+00 
  263.000  0.000000e+00 
  264.000  0.000000e+00 
  265.000  0.000000e+00 
  266.000  0.000000e+00 
  267.000  0.000000e+00 
  268.000  0.000000e+00 
  269.000  0.000000e+00 
  270.000  0.000000e+00 
  271.000  0.000000e+00 
  272.000  0.000000e+00 
  273.000  0.000000e+00 
  274.000  0.000000e+00 
  275.000  0.000000e+00 
  276.000  0.000000e+00 
  277.000  0.000000e+00 
  278.000  0.000000e+00 
  279.000  0.000000e+00 
  280.000  0.000000e+00 
  281.000  0.000000e+00 
  282.000  0.000000e+00 
  283.000  0.000000e+00 
  284.000  0.000000e+00 
  285.000  0.000000e+00 
  286.000  0.000000e+00 
  287.000  0.000000e+00 
  288.000  0.000000e+00 
  289.000  0.000000e+00 
  290.000  0.000000e+00 
  291.000  0.000000e+00 
  292.000  0.000000e+00 
  293.000  8.594058e-13 
  294.000  4.296192e-11 
  295.000  5.224571e-10 
  296.000  1.200950e-08 
  297.000  8.582154e-08 
  298.000  1.126634e-06 
  299.000  4.408620e-06 
  300.000  2.599001e-05 
  301.000  1.101006e-04 
  302.000  2.984322e-04 
  303.000  1.139930e-03 
  304.000  1.921653e-03 
  305.000  5.724225e-03 
  306.000  9.766551e-03 
  307.000  1.926566e-02 
  308.000  2.899413e-02 
  309.000  4.109343e-02 
  310.000  7.971261e-02 
  311.000  9.982396e-02 
  312.000  1.421143e-01 
  313.000  1.865522e-01 
  314.000  2.040295e-01 
  315.000  2.896236e-01 
  316.000  3.169484e-01 
  317.000  3.692105e-01 
  318.000  4.096364e-01 
  319.000  5.595102e-01 
  320.000  4.240024e-01 
  321.000  6.732188e-01 
  322.000  5.392117e-01 
  323.000  6.629472e-01 
  324.000  7.854385e-01 
  325.000  6.557008e-01 
  326.000  8.166816e-01 
  327.000  8.412472e-01 
  328.000  7.104135e-01 
  329.000  9.043863e-01 
  330.000  9.106194e-01 
  331.000  8.200510e-01 
  332.000  9.307142e-01 
  333.000  9.440860e-01 
  334.000  8.913187e-01 
  335.000  9.629145e-01 
  336.000  9.784920e-01 
  337.000  9.395585e-01 
  338.000  9.619445e-01 
  339.000  9.860659e-01 
  340.000  9.554130e-01 
  341.000  9.790081e-01 
  342.000  9.895997e-01 
  343.000  9.844919e-01 
  344.000  9.669325e-01 
  345.000  9.886175e-01 
  346.000  9.946920e-01 
  347.000  9.957111e-01 
  348.000  9.957772e-01 
  349.000  9.987117e-01 
  350.000  9.985522e-01 
  351.000  9.982153e-01 
  352.000  9.947597e-01 
  353.000  9.980990e-01 
  354.000  9.980841e-01 
  355.000  9.971943e-01 
  356.000  9.961216e-01 
  357.000  9.936181e-01 
  358.000  9.924104e-01 
  359.000  9.912566e-01 
  360.000  9.903254e-01 
  361.000  9.928736e-01 
  362.000  9.960871e-01 
  363.000  9.981166e-01 
  364.000  9.990492e-01 
  365.000  9.991729e-01 
  366.000  9.998129e-01 
  367.000  9.998491e-01 
  368.000  9.998721e-01 
  369.000  9.998878e-01 
  370.000  9.998775e-01 
  371.000  9.998708e-01 
  372.000  9.998636e-01 
  373.000  9.998533e-01 
  374.000  9.997587e-01 
  375.000  9.995502e-01 
  376.000  9.990821e-01 
  377.000  9.981651e-01 
  378.000  9.966852e-01 
  379.000  9.954439e-01 
  380.000  9.951615e-01 
  381.000  9.962713e-01 
  382.000  9.978399e-01 
  383.000  9.988734e-01 
  384.000  9.994425e-01 
  385.000  9.997272e-01 
  386.000  9.998461e-01 
  387.000  9.998937e-01 
  388.000  9.999034e-01 
  389.000  9.999161e-01 
  390.000  9.999336e-01 
  391.000  9.999372e-01 
  392.000  9.999511e-01 
  393.000  9.999686e-01 
  394.000  9.999806e-01 
  395.000  9.999806e-01 
  396.000  9.999987e-01 
  397.000  9.999939e-01 
  398.000  9.999861e-01 
  399.000  9.999806e-01 
  400.000  9.999373e-01 
  401.000  9.999318e-01 
  402.000  9.999323e-01 
  403.000  9.999349e-01 
  404.000  9.999373e-01 
  405.000  9.999250e-01 
  406.000  9.999287e-01 
  407.000  9.999398e-01 
  408.000  9.999520e-01 
  409.000  9.999582e-01 
  410.000  9.999606e-01 
  411.000  9.999570e-01 
  412.000  9.999422e-01 
  413.000  9.999484e-01 
  414.000  9.994541e-01 
  415.000  9.996399e-01 
  416.000  9.998002e-01 
  417.000  9.998980e-01 
  418.000  9.998845e-01 
  419.000  9.998593e-01 
  420.000  9.998347e-01 
  421.000  9.998286e-01 
  422.000  9.998391e-01 
  423.000  9.998587e-01 
  424.000  9.998585e-01 
  425.000  9.997702e-01 
  426.000  9.996797e-01 
  427.000  9.995921e-01 
  428.000  9.994466e-01 
  429.000  9.992709e-01 
  430.000  9.990849e-01 
  431.000  9.989097e-01 
  432.000  9.987303e-01 
  433.000  9.985518e-01 
  434.000  9.983790e-01 
  435.000  9.982055e-01 
  436.000  9.980243e-01 
  437.000  9.978377e-01 
  438.000  9.976434e-01 
  439.000  9.974584e-01 
  440.000  9.972453e-01 
  441.000  9.970195e-01 
  442.000  9.967682e-01 
  443.000  9.964961e-01 
  444.000  9.962009e-01 
  445.000  9.958595e-01 
  446.000  9.954491e-01 
  447.000  9.952819e-01 
  448.000  9.954553e-01 
  449.000  9.957184e-01 
  450.000  9.959338e-01 
  451.000  9.960067e-01 
  452.000  9.959623e-01 
  453.000  9.958743e-01 
  454.000  9.957529e-01 
  455.000  9.954001e-01 
  456.000  9.947401e-01 
  457.000  9.941186e-01 
  458.000  9.934905e-01 
  459.000  9.928315e-01 
  460.000  9.921842e-01 
  461.000  9.915400e-01 
  462.000  9.908734e-01 
  463.000  9.902388e-01 
  464.000  9.907804e-01 
  465.000  9.912938e-01 
  466.000  9.917699e-01 
  467.000  9.921892e-01 
  468.000  9.918165e-01 
  469.000  9.910070e-01 
  470.000  9.900280e-01 
  471.000  9.888521e-01 
  472.000  9.873594e-01 
  473.000  9.852893e-01 
  474.000  9.830378e-01 
  475.000  9.800785e-01 
  476.000  9.764092e-01 
  477.000  9.732327e-01 
  478.000  9.729776e-01 
  479.000  9.742510e-01 
  480.000  9.758934e-01 
  481.000  9.770994e-01 
  482.000  9.781571e-01 
  483.000  9.787202e-01 
  484.000  9.788240e-01 
  485.000  9.786408e-01 
  486.000  9.787568e-01 
  487.000  9.791212e-01 
  488.000  9.794136e-01 
  489.000  9.796762e-01 
  490.000  9.799283e-01 
  491.000  9.794506e-01 
  492.000  9.787747e-01 
  493.000  9.781141e-01 
  494.000  9.774229e-01 
  495.000  9.767557e-01 
  496.000  9.749480e-01 
  497.000  9.731197e-01 
  498.000  9.713065e-01 
  499.000  9.694725e-01 
  500.000  9.676530e-01 
  501.000  9.657536e-01 
  502.000  9.638821e-01 
  503.000  9.620288e-01 
  504.000  9.601687e-01 
  505.000  9.582969e-01 
  506.000  9.580808e-01 
  507.000  9.579588e-01 
  508.000  9.578527e-01 
  509.000  9.577423e-01 
  510.000  9.576085e-01 
  511.000  9.572460e-01 
  512.000  9.568309e-01 
  513.000  9.564250e-01 
  514.000  9.560171e-01 
  515.000  9.556131e-01 
  516.000  9.546505e-01 
  517.000  9.531948e-01 
  518.000  9.517406e-01 
  519.000  9.502943e-01 
  520.000  9.488626e-01 
  521.000  9.473746e-01 
  522.000  9.457086e-01 
  523.000  9.439407e-01 
  524.000  9.422051e-01 
  525.000  9.404212e-01 
  526.000  9.387627e-01 
  527.000  9.367585e-01 
  528.000  9.346247e-01 
  529.000  9.325097e-01 
  530.000  9.304321e-01 
  531.000  9.283854e-01 
  532.000  9.265175e-01 
  533.000  9.256312e-01 
  534.000  9.249896e-01 
  535.000  9.245043e-01 
  536.000  9.239925e-01 
  537.000  9.233935e-01 
  538.000  9.226924e-01 
  539.000  9.219322e-01 
  540.000  9.211310e-01 
  541.000  9.203197e-01 
  542.000  9.194873e-01 
  543.000  9.186417e-01 
  544.000  9.175868e-01 
  545.000  9.163606e-01 
  546.000  9.151306e-01 
  547.000  9.139269e-01 
  548.000  9.127179e-01 
  549.000  9.115176e-01 
  550.000  9.100870e-01 
  551.000  9.084380e-01 
  552.000  9.068126e-01 
  553.000  9.051633e-01 
  554.000  9.035115e-01 
  555.000  9.018648e-01 
  556.000  9.001456e-01 
  557.000  8.982973e-01 
  558.000  8.964432e-01 
  559.000  8.945715e-01 
  560.000  8.926344e-01 
  561.000  8.906386e-01 
  562.000  8.882025e-01 
  563.000  8.861539e-01 
  564.000  8.839446e-01 
  565.000  8.813752e-01 
  566.000  8.791431e-01 
  567.000  8.753422e-01 
  568.000  8.682792e-01 
  569.000  8.568815e-01 
  570.000  8.566164e-01 
  571.000  8.613266e-01 
  572.000  8.530593e-01 
  573.000  8.530082e-01 
  574.000  8.517617e-01 
  575.000  8.499144e-01 
  576.000  8.494864e-01 
  577.000  8.510096e-01 
  578.000  8.537209e-01 
  579.000  8.567383e-01 
  580.000  8.603975e-01 
  581.000  8.650519e-01 
  582.000  8.683429e-01 
  583.000  8.706105e-01 
  584.000  8.722863e-01 
  585.000  8.734763e-01 
  586.000  8.749565e-01 
  587.000  8.729346e-01 
  588.000  8.590710e-01 
  589.000  8.367867e-01 
  590.000  8.352234e-01 
  591.000  8.501611e-01 
  592.000  8.418635e-01 
  593.000  8.588856e-01 
  594.000  8.547649e-01 
  595.000  8.423139e-01 
  596.000  8.579007e-01 
  597.000  8.521153e-01 
  598.000  8.571751e-01 
  599.000  8.580644e-01 
  600.000  8.624278e-01 
  601.000  8.640367e-01 
  602.000  8.636853e-01 
  603.000  8.646032e-01 
  604.000  8.671375e-01 
  605.000  8.688428e-01 
  606.000  8.699722e-01 
  607.000  8.710513e-01 
  608.000  8.720724e-01 
  609.000  8.730319e-01 
  610.000  8.740700e-01 
  611.000  8.753467e-01 
  612.000  8.765932e-01 
  613.000  8.777928e-01 
  614.000  8.789495e-01 
  615.000  8.801069e-01 
  616.000  8.812116e-01 
  617.000  8.822371e-01 
  618.000  8.829970e-01 
  619.000  8.835614e-01 
  620.000  8.840551e-01 
  621.000  8.844212e-01 
  622.000  8.846595e-01 
  623.000  8.846792e-01 
  624.000  8.847325e-01 
  625.000  8.847114e-01 
  626.000  8.836983e-01 
  627.000  8.772210e-01 
  628.000  8.389028e-01 
  629.000  8.624029e-01 
  630.000  8.673988e-01 
  631.000  8.748982e-01 
  632.000  8.747530e-01 
  633.000  8.833523e-01 
  634.000  8.889711e-01 
  635.000  8.916610e-01 
  636.000  8.956065e-01 
  637.000  8.989296e-01 
  638.000  9.042849e-01 
  639.000  9.066918e-01 
  640.000  9.103397e-01 
  641.000  9.128288e-01 
  642.000  9.153529e-01 
  643.000  9.150021e-01 
  644.000  9.164335e-01 
  645.000  9.147839e-01 
  646.000  9.041740e-01 
  647.000  8.966631e-01 
  648.000  8.881217e-01 
  649.000  8.975636e-01 
  650.000  9.147528e-01 
  651.000  9.155800e-01 
  652.000  9.020320e-01 
  653.000  9.194093e-01 
  654.000  9.184211e-01 
  655.000  9.132116e-01 
  656.000  9.161547e-01 
  657.000  9.202154e-01 
  658.000  9.267128e-01 
  659.000  9.308654e-01 
  660.000  9.325008e-01 
  661.000  9.377213e-01 
  662.000  9.401348e-01 
  663.000  9.408013e-01 
  664.000  9.425093e-01 
  665.000  9.436689e-01 
  666.000  9.455963e-01 
  667.000  9.472239e-01 
  668.000  9.491046e-01 
  669.000  9.504491e-01 
  670.000  9.516402e-01 
  671.000  9.528980e-01 
  672.000  9.540231e-01 
  673.000  9.551296e-01 
  674.000  9.562279e-01 
  675.000  9.573306e-01 
  676.000  9.583432e-01 
  677.000  9.592271e-01 
  678.000  9.601161e-01 
  679.000  9.608260e-01 
  680.000  9.607539e-01 
  681.000  9.603893e-01 
  682.000  9.609274e-01 
  683.000  9.614528e-01 
  684.000  9.610042e-01 
  685.000  9.623562e-01 
  686.000  9.571037e-01 
  687.000  7.806841e-01 
  688.000  8.348999e-01 
  689.000  8.194439e-01 
  690.000  8.479421e-01 
  691.000  8.863561e-01 
  692.000  9.106941e-01 
  693.000  9.054400e-01 
  694.000  8.948427e-01 
  695.000  9.094369e-01 
  696.000  9.178229e-01 
  697.000  9.515765e-01 
  698.000  9.448434e-01 
  699.000  9.149647e-01 
  700.000  9.200103e-01 
  701.000  9.134258e-01 
  702.000  9.184294e-01 
  703.000  9.436510e-01 
  704.000  9.448496e-01 
  705.000  9.345141e-01 
  706.000  9.365510e-01 
  707.000  9.402771e-01 
  708.000  9.443077e-01 
  709.000  9.525464e-01 
  710.000  9.437973e-01 
  711.000  9.527494e-01 
  712.000  9.603819e-01 
  713.000  9.542559e-01 
  714.000  9.521792e-01 
  715.000  9.422505e-01 
  716.000  9.319065e-01 
  717.000  8.669922e-01 
  718.000  8.275114e-01 
  719.000  8.133950e-01 
  720.000  7.923262e-01 
  721.000  8.859761e-01 
  722.000  9.198519e-01 
  723.000  9.008084e-01 
  724.000  8.469793e-01 
  725.000  8.548790e-01 
  726.000  8.523074e-01 
  727.000  8.598434e-01 
  728.000  8.515084e-01 
  729.000  8.720263e-01 
  730.000  8.684202e-01 
  731.000  8.640813e-01 
  732.000  8.988852e-01 
  733.000  9.325167e-01 
  734.000  9.487710e-01 
  735.000  9.429560e-01 
  736.000  9.321246e-01 
  737.000  9.400545e-01 
  738.000  9.510226e-01 
  739.000  9.556705e-01 
  740.000  9.661719e-01 
  741.000  9.721840e-01 
  742.000  9.746246e-01 
  743.000  9.793323e-01 
  744.000  9.816121e-01 
  745.000  9.837736e-01 
  746.000  9.851412e-01 
  747.000  9.855129e-01 
  748.000  9.869712e-01 
  749.000  9.878623e-01 
  750.000  9.871316e-01 
  751.000  9.873846e-01 
  752.000  9.890883e-01 
  753.000  9.897091e-01 
  754.000  9.901717e-01 
  755.000  9.904281e-01 
  756.000  9.907046e-01 
  757.000  9.908244e-01 
  758.000  9.876581e-01 
  759.000  8.917353e-01 
  760.000  2.851815e-01 
  761.000  2.400736e-01 
  762.000  5.519578e-01 
  763.000  4.461781e-01 
  764.000  4.975941e-01 
  765.000  6.209128e-01 
  766.000  7.810254e-01 
  767.000  8.662021e-01 
  768.000  9.234200e-01 
  769.000  9.618157e-01 
  770.000  9.843939e-01 
  771.000  9.933328e-01 
  772.000  9.956219e-01 
  773.000  9.966093e-01 
  774.000  9.980762e-01 
  775.000  9.989757e-01 
  776.000  9.995409e-01 
  777.000  9.995645e-01 
  778.000  9.993411e-01 
  779.000  9.990826e-01 
  780.000  9.988149e-01 
  781.000  9.994267e-01 
  782.000  9.991372e-01 
  783.000  9.988761e-01 
  784.000  9.980439e-01 
  785.000  9.955575e-01 
  786.000  9.916268e-01 
  787.000  9.844041e-01 
  788.000  9.800782e-01 
  789.000  9.650196e-01 
  790.000  9.636075e-01 
  791.000  9.662956e-01 
  792.000  9.687784e-01 
  793.000  9.747320e-01 
  794.000  9.875100e-01 
  795.000  9.794966e-01 
  796.000  9.584423e-01 
  797.000  9.642947e-01 
  798.000  9.774012e-01 
  799.000  9.742620e-01 
  800.000  9.645189e-01 
  801.000  9.655457e-01 
  802.000  9.644576e-01 
  803.000  9.657497e-01 
  804.000  9.701614e-01 
  805.000  9.787199e-01 
  806.000  9.837908e-01 
  807.000  9.839059e-01 
  808.000  9.808491e-01 
  809.000  9.771188e-01 
  810.000  9.730390e-01 
  811.000  9.648099e-01 
  812.000  9.537867e-01 
  813.000  9.403508e-01 
  814.000  9.227263e-01 
  815.000  9.009120e-01 
  816.000  8.732658e-01 
  817.000  8.746303e-01 
  818.000  8.767564e-01 
  819.000  8.857548e-01 
  820.000  9.160815e-01 
  821.000  9.509357e-01 
  822.000  9.242239e-01 
  823.000  8.508670e-01 
  824.000  9.124327e-01 
  825.000  9.525225e-01 
  826.000  9.456133e-01 
  827.000  9.404221e-01 
  828.000  9.138960e-01 
  829.000  9.232862e-01 
  830.000  9.338655e-01 
  831.000  9.362997e-01 
  832.000  9.373644e-01 
  833.000  9.434584e-01 
  834.000  9.506640e-01 
  835.000  9.650581e-01 
  836.000  9.603254e-01 
  837.000  9.597616e-01 
  838.000  9.667173e-01 
  839.000  9.709131e-01 
  840.000  9.723771e-01 
  841.000  9.676468e-01 
  842.000  9.717248e-01 
  843.000  9.815460e-01 
  844.000  9.859621e-01 
  845.000  9.879722e-01 
  846.000  9.900907e-01 
  847.000  9.915283e-01 
  848.000  9.883237e-01 
  849.000  9.887453e-01 
  850.000  9.866670e-01 
  851.000  9.842125e-01 
  852.000  9.843591e-01 
  853.000  9.881793e-01 
  854.000  9.878835e-01 
  855.000  9.897623e-01 
  856.000  9.930149e-01 
  857.000  9.944803e-01 
  858.000  9.954544e-01 
  859.000  9.970194e-01 
  860.000  9.983997e-01 
  861.000  9.985121e-01 
  862.000  9.991933e-01 
  863.000  9.991872e-01 
  864.000  9.996216e-01 
  865.000  9.999579e-01 
  866.000  9.999686e-01 
  867.000  9.997811e-01 
  868.000  9.997449e-01 
  869.000  9.997873e-01 
  870.000  9.995739e-01 
  871.000  9.996095e-01 
  872.000  9.998478e-01 
  873.000  9.994039e-01 
  874.000  9.991170e-01 
  875.000  9.989726e-01 
  876.000  9.982772e-01 
  877.000  9.978754e-01 
  878.000  9.964465e-01 
  879.000  9.962490e-01 
  880.000  9.952497e-01 
  881.000  9.944432e-01 
  882.000  9.936660e-01 
  883.000  9.942707e-01 
  884.000  9.944637e-01 
  885.000  9.923193e-01 
  886.000  9.894117e-01 
  887.000  9.913867e-01 
  888.000  9.911524e-01 
  889.000  9.918830e-01 
  890.000  9.903163e-01 
  891.000  9.872097e-01 
  892.000  9.794042e-01 
  893.000  9.559658e-01 
  894.000  9.442303e-01 
  895.000  9.089998e-01 
  896.000  8.775211e-01 
  897.000  8.445158e-01 
  898.000  8.291247e-01 
  899.000  7.865710e-01 
  900.000  7.925054e-01 
  901.000  7.815185e-01 
  902.000  7.836438e-01 
  903.000  8.551021e-01 
  904.000  8.993648e-01 
  905.000  8.978020e-01 
  906.000  8.700352e-01 
  907.000  8.214322e-01 
  908.000  7.896866e-01 
  909.000  7.908998e-01 
  910.000  7.955723e-01 
  911.000  8.165071e-01 
  912.000  8.062978e-01 
  913.000  7.624196e-01 
  914.000  7.840042e-01 
  915.000  8.011504e-01 
  916.000  8.058322e-01 
  917.000  8.152307e-01 
  918.000  8.273947e-01 
  919.000  8.689405e-01 
  920.000  9.006857e-01 
  921.000  8.937218e-01 
  922.000  8.931023e-01 
  923.000  8.842057e-01 
  924.000  8.629504e-01 
  925.000  8.609712e-01 
  926.000  8.599380e-01 
  927.000  8.348845e-01 
  928.000  7.967144e-01 
  929.000  7.423794e-01 
  930.000  6.746615e-01 
  931.000  6.008931e-01 
  932.000  5.062499e-01 
  933.000  4.392621e-01 
  934.000  3.733268e-01 
  935.000  3.661208e-01 
  936.000  3.912787e-01 
  937.000  3.851506e-01 
  938.000  4.596810e-01 
  939.000  6.628925e-01 
  940.000  6.946454e-01 
  941.000  6.677811e-01 
  942.000  6.022943e-01 
  943.000  4.964604e-01 
  944.000  4.889634e-01 
  945.000  5.260666e-01 
  946.000  5.284254e-01 
  947.000  5.628039e-01 
  948.000  5.830936e-01 
  949.000  5.807728e-01 
  950.000  5.860594e-01 
  951.000  6.317634e-01 
  952.000  5.835520e-01 
  953.000  6.179374e-01 
  954.000  6.553122e-01 
  955.000  6.257403e-01 
  956.000  6.197401e-01 
  957.000  7.145372e-01 
  958.000  7.273601e-01 
  959.000  7.117509e-01 
  960.000  7.073790e-01 
  961.000  6.996055e-01 
  962.000  7.070350e-01 
  963.000  7.600046e-01 
  964.000  7.677944e-01 
  965.000  7.628813e-01 
  966.000  7.659523e-01 
  967.000  8.043087e-01 
  968.000  8.690599e-01 
  969.000  8.986476e-01 
  970.000  9.002864e-01 
  971.000  8.995607e-01 
  972.000  8.910978e-01 
  973.000  8.717048e-01 
  974.000  8.482457e-01 
  975.000  8.332326e-01 
  976.000  8.515190e-01 
  977.000  8.819299e-01 
  978.000  8.794985e-01 
  979.000  8.874751e-01 
  980.000  9.187679e-01 
  981.000  9.257469e-01 
  982.000  9.188051e-01 
  983.000  9.349552e-01 
  984.000  9.516098e-01 
  985.000  9.610861e-01 
  986.000  9.733379e-01 
  987.000  9.786465e-01 
  988.000  9.798443e-01 
  989.000  9.805955e-01 
  990.000  9.818568e-01 
  991.000  9.863917e-01 
  992.000  9.876476e-01 
  993.000  9.880903e-01 
  994.000  9.911567e-01 
  995.000  9.938696e-01 
  996.000  9.937863e-01 
  997.000  9.921440e-01 
  998.000  9.902607e-01 
  999.000  9.893906e-01 
 1000.000  9.900137e-01 
 1001.000  9.862558e-01 
 1002.000  9.792143e-01 
 1003.000  9.808314e-01 
 1004.000  9.848120e-01 
 1005.000  9.866081e-01 
 1006.000  9.871069e-01 
 1007.000  9.857219e-01 
 1008.000  9.799697e-01 
 1009.000  9.722952e-01 
 1010.000  9.756324e-01 
 1011.000  9.836622e-01 
 1012.000  9.866905e-01 
 1013.000  9.890461e-01 
 1014.000  9.893178e-01 
 1015.000  9.894486e-01 
 1016.000  9.900720e-01 
 1017.000  9.907287e-01 
 1018.000  9.896241e-01 
 1019.000  9.873829e-01 
 1020.000  9.882937e-01 
 1021.000  9.891179e-01 
 1022.000  9.867494e-01 
 1023.000  9.838038e-01 
 1024.000  9.819999e-01 
 1025.000  9.871399e-01 
 1026.000  9.887003e-01 
 1027.000  9.875541e-01 
 1028.000  9.882987e-01 
 1029.000  9.902694e-01 
 1030.000  9.921634e-01 
 1031.000  9.929538e-01 
 1032.000  9.939912e-01 
 1033.000  9.936967e-01 
 1034.000  9.944138e-01 
 1035.000  9.946493e-01 
 1036.000  9.941983e-01 
 1037.000  9.940606e-01 
 1038.000  9.942247e-01 
 1039.000  9.936942e-01 
 1040.000  9.931846e-01 
 1041.000  9.927774e-01 
 1042.000  9.926071e-01 
 1043.000  9.924948e-01 
 1044.000  9.920900e-01 
 1045.000  9.910883e-01 
 1046.000  9.903716e-01 
 1047.000  9.895046e-01 
 1048.000  9.882432e-01 
 1049.000  9.868823e-01 
 1050.000  9.857619e-01 
 1051.000  9.847019e-01 
 1052.000  9.836729e-01 
 1053.000  9.830158e-01 
 1054.000  9.816042e-01 
 1055.000  9.804811e-01 
 1056.000  9.791303e-01 
 1057.000  9.766654e-01 
 1058.000  9.725034e-01 
 1059.000  9.722553e-01 
 1060.000  9.735097e-01 
 1061.000  9.726900e-01 
 1062.000  9.700086e-01 
 1063.000  9.687137e-01 
 1064.000  9.663855e-01 
 1065.000  9.639621e-01 
 1066.000  9.640529e-01 
 1067.000  9.628590e-01 
 1068.000  9.598172e-01 
 1069.000  9.586219e-01 
 1070.000  9.600144e-01 
 1071.000  9.579070e-01 
 1072.000  9.555627e-01 
 1073.000  9.555457e-01 
 1074.000  9.565064e-01 
 1075.000  9.612413e-01 
 1076.000  9.590539e-01 
 1077.000  9.559262e-01 
 1078.000  9.521374e-01 
 1079.000  9.519778e-01 
 1080.000  9.410908e-01 
 1081.000  9.407445e-01 
 1082.000  9.459139e-01 
 1083.000  9.402437e-01 
 1084.000  9.339721e-01 
 1085.000  9.187450e-01 
 1086.000  9.225267e-01 
 1087.000  9.396557e-01 
 1088.000  9.404938e-01 
 1089.000  9.199547e-01 
 1090.000  9.162023e-01 
 1091.000  9.202260e-01 
 1092.000  9.101353e-01 
 1093.000  8.874322e-01 
 1094.000  8.776178e-01 
 1095.000  8.792418e-01 
 1096.000  8.806592e-01 
 1097.000  8.761532e-01 
 1098.000  8.213944e-01 
 1099.000  7.752901e-01 
 1100.000  7.783911e-01 
 1101.000  7.846961e-01 
 1102.000  7.815880e-01 
 1103.000  7.856894e-01 
 1104.000  7.779081e-01 
 1105.000  7.586064e-01 
 1106.000  7.393672e-01 
 1107.000  7.439409e-01 
 1108.000  7.471474e-01 
 1109.000  7.631828e-01 
 1110.000  7.605748e-01 
 1111.000  7.511275e-01 
 1112.000  7.105752e-01 
 1113.000  6.554520e-01 
 1114.000  6.395714e-01 
 1115.000  5.734258e-01 
 1116.000  5.335111e-01 
 1117.000  4.452707e-01 
 1118.000  3.673860e-01 
 1119.000  3.270059e-01 
 1120.000  2.795315e-01 
 1121.000  2.691146e-01 
 1122.000  2.234471e-01 
 1123.000  2.471054e-01 
 1124.000  2.634660e-01 
 1125.000  2.546279e-01 
 1126.000  2.512502e-01 
 1127.000  2.554644e-01 
 1128.000  2.635688e-01 
 1129.000  3.103860e-01 
 1130.000  4.252758e-01 
 1131.000  4.601334e-01 
 1132.000  4.122303e-01 
 1133.000  3.294753e-01 
 1134.000  1.928768e-01 
 1135.000  2.026890e-01 
 1136.000  3.421152e-01 
 1137.000  4.258398e-01 
 1138.000  5.119775e-01 
 1139.000  5.405583e-01 
 1140.000  5.238376e-01 
 1141.000  4.909341e-01 
 1142.000  4.790429e-01 
 1143.000  4.424261e-01 
 1144.000  4.024407e-01 
 1145.000  3.462691e-01 
 1146.000  3.593887e-01 
 1147.000  4.036041e-01 
 1148.000  4.439729e-01 
 1149.000  4.609386e-01 
 1150.000  4.627806e-01 
 1151.000  4.889032e-01 
 1152.000  5.017737e-01 
 1153.000  5.206351e-01 
 1154.000  5.161835e-01 
 1155.000  5.521536e-01 
 1156.000  5.925114e-01 
 1157.000  6.762704e-01 
 1158.000  7.122098e-01 
 1159.000  7.435867e-01 
 1160.000  7.567997e-01 
 1161.000  7.894143e-01 
 1162.000  8.136750e-01 
 1163.000  8.431282e-01 
 1164.000  8.498981e-01 
 1165.000  8.525626e-01 
 1166.000  8.590150e-01 
 1167.000  8.629477e-01 
 1168.000  8.614677e-01 
 1169.000  8.657762e-01 
 1170.000  8.696522e-01 
 1171.000  8.799608e-01 
 1172.000  8.738797e-01 
 1173.000  8.679181e-01 
 1174.000  8.682677e-01 
 1175.000  8.845068e-01 
 1176.000  8.994942e-01 
 1177.000  8.923916e-01 
 1178.000  8.778992e-01 
 1179.000  8.779202e-01 
 1180.000  8.726885e-01 
 1181.000  8.592361e-01 
 1182.000  8.459382e-01 
 1183.000  8.475549e-01 
 1184.000  8.551731e-01 
 1185.000  8.739081e-01 
 1186.000  8.683588e-01 
 1187.000  8.492813e-01 
 1188.000  8.449891e-01 
 1189.000  8.569079e-01 
 1190.000  8.872100e-01 
 1191.000  8.962604e-01 
 1192.000  9.092850e-01 
 1193.000  9.064702e-01 
 1194.000  9.045236e-01 
 1195.000  8.916820e-01 
 1196.000  8.934409e-01 
 1197.000  8.871799e-01 
 1198.000  8.857655e-01 
 1199.000  8.779336e-01 
 1200.000  8.824071e-01 
