  250.000  0.000000e+00 
  251.000  0.000000e+00 
  252.000  0.000000e+00 
  253.000  0.000000e+00 
  254.000  0.000000e+00 
  255.000  0.000000e+00 
  256.000  0.000000e+00 
  257.000  0.000000e+00 
  258.000  0.000000e+00 
  259.000  0.000000e+00 
  260.000  0.000000e+00 
  261.000  0.000000e+00 
  262.000  0.000000e+00 
  263.000  0.000000e+00 
  264.000  0.000000e+00 
  265.000  0.000000e+00 
  266.000  0.000000e+00 
  267.000  0.000000e+00 
  268.000  0.000000e+00 
  269.000  0.000000e+00 
  270.000  0.000000e+00 
  271.000  0.000000e+00 
  272.000  0.000000e+00 
  273.000  0.000000e+00 
  274.000  0.000000e+00 
  275.000  0.000000e+00 
  276.000  0.000000e+00 
  277.000  0.000000e+00 
  278.000  0.000000e+00 
  279.000  0.000000e+00 
  280.000  0.000000e+00 
  281.000  0.000000e+00 
  282.000  0.000000e+00 
  283.000  0.000000e+00 
  284.000  0.000000e+00 
  285.000  0.000000e+00 
  286.000  0.000000e+00 
  287.000  0.000000e+00 
  288.000  0.000000e+00 
  289.000  0.000000e+00 
  290.000  0.000000e+00 
  291.000  0.000000e+00 
  292.000  0.000000e+00 
  293.000  1.454496e-07 
  294.000  1.334794e-06 
  295.000  5.498305e-06 
  296.000  3.248860e-05 
  297.000  9.901583e-05 
  298.000  4.259354e-04 
  299.000  9.227942e-04 
  300.000  2.521876e-03 
  301.000  5.714973e-03 
  302.000  1.005571e-02 
  303.000  2.148974e-02 
  304.000  2.889011e-02 
  305.000  5.362568e-02 
  306.000  7.258609e-02 
  307.000  1.066705e-01 
  308.000  1.344753e-01 
  309.000  1.638593e-01 
  310.000  2.385240e-01 
  311.000  2.709566e-01 
  312.000  3.310001e-01 
  313.000  3.861774e-01 
  314.000  4.062805e-01 
  315.000  4.954950e-01 
  316.000  5.214670e-01 
  317.000  5.685762e-01 
  318.000  6.030582e-01 
  319.000  7.196001e-01 
  320.000  6.149532e-01 
  321.000  7.991382e-01 
  322.000  7.046881e-01 
  323.000  7.922059e-01 
  324.000  8.720946e-01 
  325.000  7.872873e-01 
  326.000  8.915861e-01 
  327.000  9.066857e-01 
  328.000  8.238656e-01 
  329.000  9.446421e-01 
  330.000  9.483259e-01 
  331.000  8.936687e-01 
  332.000  9.601283e-01 
  333.000  9.679210e-01 
  334.000  9.368831e-01 
  335.000  9.788130e-01 
  336.000  9.877548e-01 
  337.000  9.652879e-01 
  338.000  9.782541e-01 
  339.000  9.920800e-01 
  340.000  9.744847e-01 
  341.000  9.880500e-01 
  342.000  9.940932e-01 
  343.000  9.911825e-01 
  344.000  9.811254e-01 
  345.000  9.935340e-01 
  346.000  9.969888e-01 
  347.000  9.975674e-01 
  348.000  9.976050e-01 
  349.000  9.992698e-01 
  350.000  9.991794e-01 
  351.000  9.989884e-01 
  352.000  9.970272e-01 
  353.000  9.989224e-01 
  354.000  9.989140e-01 
  355.000  9.984092e-01 
  356.000  9.978004e-01 
  357.000  9.963787e-01 
  358.000  9.956922e-01 
  359.000  9.950360e-01 
  360.000  9.945062e-01 
  361.000  9.959555e-01 
  362.000  9.977809e-01 
  363.000  9.989324e-01 
  364.000  9.994612e-01 
  365.000  9.995313e-01 
  366.000  9.998940e-01 
  367.000  9.999146e-01 
  368.000  9.999276e-01 
  369.000  9.999364e-01 
  370.000  9.999306e-01 
  371.000  9.999269e-01 
  372.000  9.999228e-01 
  373.000  9.999170e-01 
  374.000  9.998633e-01 
  375.000  9.997451e-01 
  376.000  9.994798e-01 
  377.000  9.989599e-01 
  378.000  9.981203e-01 
  379.000  9.974158e-01 
  380.000  9.972554e-01 
  381.000  9.978854e-01 
  382.000  9.987754e-01 
  383.000  9.993616e-01 
  384.000  9.996841e-01 
  385.000  9.998455e-01 
  386.000  9.999129e-01 
  387.000  9.999399e-01 
  388.000  9.999453e-01 
  389.000  9.999525e-01 
  390.000  9.999624e-01 
  391.000  9.999645e-01 
  392.000  9.999723e-01 
  393.000  9.999822e-01 
  394.000  9.999891e-01 
  395.000  9.999891e-01 
  396.000  9.999993e-01 
  397.000  9.999966e-01 
  398.000  9.999921e-01 
  399.000  9.999891e-01 
  400.000  9.999646e-01 
  401.000  9.999614e-01 
  402.000  9.999617e-01 
  403.000  9.999632e-01 
  404.000  9.999646e-01 
  405.000  9.999576e-01 
  406.000  9.999597e-01 
  407.000  9.999659e-01 
  408.000  9.999729e-01 
  409.000  9.999763e-01 
  410.000  9.999778e-01 
  411.000  9.999757e-01 
  412.000  9.999673e-01 
  413.000  9.999709e-01 
  414.000  9.996907e-01 
  415.000  9.997960e-01 
  416.000  9.998869e-01 
  417.000  9.999423e-01 
  418.000  9.999346e-01 
  419.000  9.999203e-01 
  420.000  9.999064e-01 
  421.000  9.999030e-01 
  422.000  9.999089e-01 
  423.000  9.999200e-01 
  424.000  9.999199e-01 
  425.000  9.998698e-01 
  426.000  9.998186e-01 
  427.000  9.997689e-01 
  428.000  9.996864e-01 
  429.000  9.995868e-01 
  430.000  9.994814e-01 
  431.000  9.993820e-01 
  432.000  9.992804e-01 
  433.000  9.991792e-01 
  434.000  9.990812e-01 
  435.000  9.989828e-01 
  436.000  9.988800e-01 
  437.000  9.987742e-01 
  438.000  9.986639e-01 
  439.000  9.985591e-01 
  440.000  9.984381e-01 
  441.000  9.983100e-01 
  442.000  9.981675e-01 
  443.000  9.980130e-01 
  444.000  9.978454e-01 
  445.000  9.976516e-01 
  446.000  9.974186e-01 
  447.000  9.973236e-01 
  448.000  9.974223e-01 
  449.000  9.975715e-01 
  450.000  9.976939e-01 
  451.000  9.977351e-01 
  452.000  9.977100e-01 
  453.000  9.976600e-01 
  454.000  9.975911e-01 
  455.000  9.973909e-01 
  456.000  9.970160e-01 
  457.000  9.966630e-01 
  458.000  9.963061e-01 
  459.000  9.959316e-01 
  460.000  9.955636e-01 
  461.000  9.951972e-01 
  462.000  9.948180e-01 
  463.000  9.944570e-01 
  464.000  9.947651e-01 
  465.000  9.950573e-01 
  466.000  9.953280e-01 
  467.000  9.955664e-01 
  468.000  9.953545e-01 
  469.000  9.948940e-01 
  470.000  9.943370e-01 
  471.000  9.936677e-01 
  472.000  9.928173e-01 
  473.000  9.916372e-01 
  474.000  9.903525e-01 
  475.000  9.886619e-01 
  476.000  9.865628e-01 
  477.000  9.847428e-01 
  478.000  9.845966e-01 
  479.000  9.853265e-01 
  480.000  9.862674e-01 
  481.000  9.869579e-01 
  482.000  9.875633e-01 
  483.000  9.878854e-01 
  484.000  9.879447e-01 
  485.000  9.878400e-01 
  486.000  9.879063e-01 
  487.000  9.881147e-01 
  488.000  9.882818e-01 
  489.000  9.884320e-01 
  490.000  9.885761e-01 
  491.000  9.883031e-01 
  492.000  9.879166e-01 
  493.000  9.875386e-01 
  494.000  9.871432e-01 
  495.000  9.867612e-01 
  496.000  9.857260e-01 
  497.000  9.846780e-01 
  498.000  9.836379e-01 
  499.000  9.825850e-01 
  500.000  9.815396e-01 
  501.000  9.804473e-01 
  502.000  9.793703e-01 
  503.000  9.783027e-01 
  504.000  9.772304e-01 
  505.000  9.761504e-01 
  506.000  9.760256e-01 
  507.000  9.759552e-01 
  508.000  9.758940e-01 
  509.000  9.758303e-01 
  510.000  9.757529e-01 
  511.000  9.755436e-01 
  512.000  9.753039e-01 
  513.000  9.750694e-01 
  514.000  9.748337e-01 
  515.000  9.746004e-01 
  516.000  9.740439e-01 
  517.000  9.732019e-01 
  518.000  9.723603e-01 
  519.000  9.715227e-01 
  520.000  9.706930e-01 
  521.000  9.698302e-01 
  522.000  9.688634e-01 
  523.000  9.678366e-01 
  524.000  9.668278e-01 
  525.000  9.657901e-01 
  526.000  9.648246e-01 
  527.000  9.636568e-01 
  528.000  9.624122e-01 
  529.000  9.611775e-01 
  530.000  9.599634e-01 
  531.000  9.587663e-01 
  532.000  9.576727e-01 
  533.000  9.571534e-01 
  534.000  9.567774e-01 
  535.000  9.564929e-01 
  536.000  9.561929e-01 
  537.000  9.558415e-01 
  538.000  9.554302e-01 
  539.000  9.549840e-01 
  540.000  9.545136e-01 
  541.000  9.540371e-01 
  542.000  9.535481e-01 
  543.000  9.530511e-01 
  544.000  9.524307e-01 
  545.000  9.517093e-01 
  546.000  9.509852e-01 
  547.000  9.502762e-01 
  548.000  9.495636e-01 
  549.000  9.488558e-01 
  550.000  9.480118e-01 
  551.000  9.470379e-01 
  552.000  9.460773e-01 
  553.000  9.451019e-01 
  554.000  9.441242e-01 
  555.000  9.431487e-01 
  556.000  9.421294e-01 
  557.000  9.410326e-01 
  558.000  9.399315e-01 
  559.000  9.388189e-01 
  560.000  9.376661e-01 
  561.000  9.364768e-01 
  562.000  9.349273e-01 
  563.000  9.336964e-01 
  564.000  9.323524e-01 
  565.000  9.307466e-01 
  566.000  9.294543e-01 
  567.000  9.268949e-01 
  568.000  9.212723e-01 
  569.000  9.098381e-01 
  570.000  9.106086e-01 
  571.000  9.171004e-01 
  572.000  9.091713e-01 
  573.000  9.102303e-01 
  574.000  9.099137e-01 
  575.000  9.087462e-01 
  576.000  9.085072e-01 
  577.000  9.105732e-01 
  578.000  9.132446e-01 
  579.000  9.155549e-01 
  580.000  9.175477e-01 
  581.000  9.206909e-01 
  582.000  9.226598e-01 
  583.000  9.236887e-01 
  584.000  9.246269e-01 
  585.000  9.251335e-01 
  586.000  9.256467e-01 
  587.000  9.226750e-01 
  588.000  9.080083e-01 
  589.000  8.850749e-01 
  590.000  8.834170e-01 
  591.000  8.986319e-01 
  592.000  8.901534e-01 
  593.000  9.075438e-01 
  594.000  9.033712e-01 
  595.000  8.907064e-01 
  596.000  9.073168e-01 
  597.000  9.023087e-01 
  598.000  9.083874e-01 
  599.000  9.102019e-01 
  600.000  9.155911e-01 
  601.000  9.187077e-01 
  602.000  9.189909e-01 
  603.000  9.203373e-01 
  604.000  9.221335e-01 
  605.000  9.233254e-01 
  606.000  9.240491e-01 
  607.000  9.247381e-01 
  608.000  9.253595e-01 
  609.000  9.259411e-01 
  610.000  9.265653e-01 
  611.000  9.273321e-01 
  612.000  9.280803e-01 
  613.000  9.287999e-01 
  614.000  9.294931e-01 
  615.000  9.301865e-01 
  616.000  9.308480e-01 
  617.000  9.314618e-01 
  618.000  9.319163e-01 
  619.000  9.322537e-01 
  620.000  9.325489e-01 
  621.000  9.327676e-01 
  622.000  9.329100e-01 
  623.000  9.329218e-01 
  624.000  9.329531e-01 
  625.000  9.329388e-01 
  626.000  9.320915e-01 
  627.000  9.262332e-01 
  628.000  8.963342e-01 
  629.000  9.135898e-01 
  630.000  9.185168e-01 
  631.000  9.241098e-01 
  632.000  9.221131e-01 
  633.000  9.301748e-01 
  634.000  9.337497e-01 
  635.000  9.352284e-01 
  636.000  9.377384e-01 
  637.000  9.397304e-01 
  638.000  9.437007e-01 
  639.000  9.451059e-01 
  640.000  9.477192e-01 
  641.000  9.487894e-01 
  642.000  9.507182e-01 
  643.000  9.493742e-01 
  644.000  9.501109e-01 
  645.000  9.480668e-01 
  646.000  9.361663e-01 
  647.000  9.280475e-01 
  648.000  9.189300e-01 
  649.000  9.277995e-01 
  650.000  9.444592e-01 
  651.000  9.448324e-01 
  652.000  9.308825e-01 
  653.000  9.477527e-01 
  654.000  9.463260e-01 
  655.000  9.407024e-01 
  656.000  9.431939e-01 
  657.000  9.468351e-01 
  658.000  9.528684e-01 
  659.000  9.565557e-01 
  660.000  9.583902e-01 
  661.000  9.627731e-01 
  662.000  9.650392e-01 
  663.000  9.651372e-01 
  664.000  9.661959e-01 
  665.000  9.672321e-01 
  666.000  9.683871e-01 
  667.000  9.694579e-01 
  668.000  9.707236e-01 
  669.000  9.715556e-01 
  670.000  9.722636e-01 
  671.000  9.730253e-01 
  672.000  9.736801e-01 
  673.000  9.743199e-01 
  674.000  9.749534e-01 
  675.000  9.755905e-01 
  676.000  9.761701e-01 
  677.000  9.766769e-01 
  678.000  9.771879e-01 
  679.000  9.775580e-01 
  680.000  9.773133e-01 
  681.000  9.769978e-01 
  682.000  9.771827e-01 
  683.000  9.770932e-01 
  684.000  9.762652e-01 
  685.000  9.775431e-01 
  686.000  9.734194e-01 
  687.000  8.389595e-01 
  688.000  8.811148e-01 
  689.000  8.687245e-01 
  690.000  8.906881e-01 
  691.000  9.188463e-01 
  692.000  9.347940e-01 
  693.000  9.241216e-01 
  694.000  9.102362e-01 
  695.000  9.231037e-01 
  696.000  9.305857e-01 
  697.000  9.632040e-01 
  698.000  9.563132e-01 
  699.000  9.268044e-01 
  700.000  9.315549e-01 
  701.000  9.249098e-01 
  702.000  9.296244e-01 
  703.000  9.541346e-01 
  704.000  9.551135e-01 
  705.000  9.448580e-01 
  706.000  9.467283e-01 
  707.000  9.502497e-01 
  708.000  9.540697e-01 
  709.000  9.620025e-01 
  710.000  9.533231e-01 
  711.000  9.619513e-01 
  712.000  9.692856e-01 
  713.000  9.631748e-01 
  714.000  9.610215e-01 
  715.000  9.511515e-01 
  716.000  9.408628e-01 
  717.000  8.771755e-01 
  718.000  8.383176e-01 
  719.000  8.243095e-01 
  720.000  8.034708e-01 
  721.000  8.950684e-01 
  722.000  9.280024e-01 
  723.000  9.092273e-01 
  724.000  8.564188e-01 
  725.000  8.640270e-01 
  726.000  8.614489e-01 
  727.000  8.687609e-01 
  728.000  8.605463e-01 
  729.000  8.805521e-01 
  730.000  8.769653e-01 
  731.000  8.726611e-01 
  732.000  9.066047e-01 
  733.000  9.393571e-01 
  734.000  9.551362e-01 
  735.000  9.494016e-01 
  736.000  9.388149e-01 
  737.000  9.465351e-01 
  738.000  9.572134e-01 
  739.000  9.617306e-01 
  740.000  9.719484e-01 
  741.000  9.777915e-01 
  742.000  9.801569e-01 
  743.000  9.855415e-01 
  744.000  9.876564e-01 
  745.000  9.893968e-01 
  746.000  9.907335e-01 
  747.000  9.909928e-01 
  748.000  9.922553e-01 
  749.000  9.928931e-01 
  750.000  9.922711e-01 
  751.000  9.924134e-01 
  752.000  9.936823e-01 
  753.000  9.941102e-01 
  754.000  9.944150e-01 
  755.000  9.945601e-01 
  756.000  9.947205e-01 
  757.000  9.947888e-01 
  758.000  9.928207e-01 
  759.000  9.211848e-01 
  760.000  4.015290e-01 
  761.000  3.541863e-01 
  762.000  6.494448e-01 
  763.000  5.561907e-01 
  764.000  6.021396e-01 
  765.000  7.074716e-01 
  766.000  8.360875e-01 
  767.000  9.015092e-01 
  768.000  9.444515e-01 
  769.000  9.728426e-01 
  770.000  9.886084e-01 
  771.000  9.955936e-01 
  772.000  9.972569e-01 
  773.000  9.979559e-01 
  774.000  9.988652e-01 
  775.000  9.993788e-01 
  776.000  9.997107e-01 
  777.000  9.996886e-01 
  778.000  9.995002e-01 
  779.000  9.992979e-01 
  780.000  9.990932e-01 
  781.000  9.995604e-01 
  782.000  9.993384e-01 
  783.000  9.991382e-01 
  784.000  9.984996e-01 
  785.000  9.961068e-01 
  786.000  9.927534e-01 
  787.000  9.848788e-01 
  788.000  9.806833e-01 
  789.000  9.660743e-01 
  790.000  9.647041e-01 
  791.000  9.673123e-01 
  792.000  9.697209e-01 
  793.000  9.754965e-01 
  794.000  9.878896e-01 
  795.000  9.801181e-01 
  796.000  9.596901e-01 
  797.000  9.653698e-01 
  798.000  9.780856e-01 
  799.000  9.750403e-01 
  800.000  9.655871e-01 
  801.000  9.665834e-01 
  802.000  9.655275e-01 
  803.000  9.667811e-01 
  804.000  9.710613e-01 
  805.000  9.793636e-01 
  806.000  9.842809e-01 
  807.000  9.843923e-01 
  808.000  9.814271e-01 
  809.000  9.778085e-01 
  810.000  9.738510e-01 
  811.000  9.658670e-01 
  812.000  9.551696e-01 
  813.000  9.421259e-01 
  814.000  9.250062e-01 
  815.000  9.038034e-01 
  816.000  8.769065e-01 
  817.000  8.782333e-01 
  818.000  8.803008e-01 
  819.000  8.890540e-01 
  820.000  9.185414e-01 
  821.000  9.523969e-01 
  822.000  9.264563e-01 
  823.000  8.550906e-01 
  824.000  9.149993e-01 
  825.000  9.539405e-01 
  826.000  9.472305e-01 
  827.000  9.421905e-01 
  828.000  9.164221e-01 
  829.000  9.255487e-01 
  830.000  9.358284e-01 
  831.000  9.381934e-01 
  832.000  9.392274e-01 
  833.000  9.451455e-01 
  834.000  9.521410e-01 
  835.000  9.661113e-01 
  836.000  9.615180e-01 
  837.000  9.609703e-01 
  838.000  9.677203e-01 
  839.000  9.717910e-01 
  840.000  9.732113e-01 
  841.000  9.686219e-01 
  842.000  9.725785e-01 
  843.000  9.821054e-01 
  844.000  9.863880e-01 
  845.000  9.883374e-01 
  846.000  9.903917e-01 
  847.000  9.926648e-01 
  848.000  9.886787e-01 
  849.000  9.890877e-01 
  850.000  9.870725e-01 
  851.000  9.846925e-01 
  852.000  9.848348e-01 
  853.000  9.885393e-01 
  854.000  9.882526e-01 
  855.000  9.900743e-01 
  856.000  9.936454e-01 
  857.000  9.953178e-01 
  858.000  9.960182e-01 
  859.000  9.979045e-01 
  860.000  9.987720e-01 
  861.000  9.988586e-01 
  862.000  9.993795e-01 
  863.000  9.993749e-01 
  864.000  9.997070e-01 
  865.000  9.999638e-01 
  866.000  9.999719e-01 
  867.000  9.998304e-01 
  868.000  9.998028e-01 
  869.000  9.998347e-01 
  870.000  9.996732e-01 
  871.000  9.997000e-01 
  872.000  9.998795e-01 
  873.000  9.995440e-01 
  874.000  9.993269e-01 
  875.000  9.992169e-01 
  876.000  9.986911e-01 
  877.000  9.983868e-01 
  878.000  9.972197e-01 
  879.000  9.970646e-01 
  880.000  9.958642e-01 
  881.000  9.953241e-01 
  882.000  9.946695e-01 
  883.000  9.951761e-01 
  884.000  9.953365e-01 
  885.000  9.932019e-01 
  886.000  9.904050e-01 
  887.000  9.923734e-01 
  888.000  9.921634e-01 
  889.000  9.927987e-01 
  890.000  9.912040e-01 
  891.000  9.875702e-01 
  892.000  9.799916e-01 
  893.000  9.572262e-01 
  894.000  9.458234e-01 
  895.000  9.115601e-01 
  896.000  8.809153e-01 
  897.000  8.487503e-01 
  898.000  8.337377e-01 
  899.000  7.921786e-01 
  900.000  7.979758e-01 
  901.000  7.872271e-01 
  902.000  7.892972e-01 
  903.000  8.590475e-01 
  904.000  9.021632e-01 
  905.000  9.006358e-01 
  906.000  8.735943e-01 
  907.000  8.261973e-01 
  908.000  7.951956e-01 
  909.000  7.963830e-01 
  910.000  8.009478e-01 
  911.000  8.213935e-01 
  912.000  8.114238e-01 
  913.000  7.685344e-01 
  914.000  7.896397e-01 
  915.000  8.063905e-01 
  916.000  8.109602e-01 
  917.000  8.201336e-01 
  918.000  8.320014e-01 
  919.000  8.725089e-01 
  920.000  9.034110e-01 
  921.000  8.966229e-01 
  922.000  8.960113e-01 
  923.000  8.873397e-01 
  924.000  8.666236e-01 
  925.000  8.646849e-01 
  926.000  8.636765e-01 
  927.000  8.392528e-01 
  928.000  8.020057e-01 
  929.000  7.488957e-01 
  930.000  6.825408e-01 
  931.000  6.100253e-01 
  932.000  5.166112e-01 
  933.000  4.501548e-01 
  934.000  3.844312e-01 
  935.000  3.772213e-01 
  936.000  4.023353e-01 
  937.000  3.961915e-01 
  938.000  4.703339e-01 
  939.000  6.708923e-01 
  940.000  7.020364e-01 
  941.000  6.756835e-01 
  942.000  6.113123e-01 
  943.000  5.068033e-01 
  944.000  4.993924e-01 
  945.000  5.361365e-01 
  946.000  5.384668e-01 
  947.000  5.724314e-01 
  948.000  5.924532e-01 
  949.000  5.901703e-01 
  950.000  5.953915e-01 
  951.000  6.404070e-01 
  952.000  5.929268e-01 
  953.000  6.268066e-01 
  954.000  6.635678e-01 
  955.000  6.344879e-01 
  956.000  6.285769e-01 
  957.000  7.216792e-01 
  958.000  7.342346e-01 
  959.000  7.189311e-01 
  960.000  7.146397e-01 
  961.000  7.070145e-01 
  962.000  7.142960e-01 
  963.000  7.661709e-01 
  964.000  7.737880e-01 
  965.000  7.689784e-01 
  966.000  7.719790e-01 
  967.000  8.094662e-01 
  968.000  8.726315e-01 
  969.000  9.014479e-01 
  970.000  9.030448e-01 
  971.000  9.023420e-01 
  972.000  8.941076e-01 
  973.000  8.752233e-01 
  974.000  8.523613e-01 
  975.000  8.377211e-01 
  976.000  8.555608e-01 
  977.000  8.852005e-01 
  978.000  8.828328e-01 
  979.000  8.906021e-01 
  980.000  9.210628e-01 
  981.000  9.278522e-01 
  982.000  9.210985e-01 
  983.000  9.368054e-01 
  984.000  9.529964e-01 
  985.000  9.622048e-01 
  986.000  9.741058e-01 
  987.000  9.792609e-01 
  988.000  9.804241e-01 
  989.000  9.811537e-01 
  990.000  9.823790e-01 
  991.000  9.867830e-01 
  992.000  9.880039e-01 
  993.000  9.884334e-01 
  994.000  9.921705e-01 
  995.000  9.948274e-01 
  996.000  9.947581e-01 
  997.000  9.930447e-01 
  998.000  9.911747e-01 
  999.000  9.903867e-01 
 1000.000  9.909500e-01 
 1001.000  9.866567e-01 
 1002.000  9.798200e-01 
 1003.000  9.813907e-01 
 1004.000  9.852560e-01 
 1005.000  9.870000e-01 
 1006.000  9.875294e-01 
 1007.000  9.861884e-01 
 1008.000  9.806114e-01 
 1009.000  9.731759e-01 
 1010.000  9.764308e-01 
 1011.000  9.842526e-01 
 1012.000  9.872105e-01 
 1013.000  9.895301e-01 
 1014.000  9.904791e-01 
 1015.000  9.906288e-01 
 1016.000  9.916555e-01 
 1017.000  9.920130e-01 
 1018.000  9.908630e-01 
 1019.000  9.880928e-01 
 1020.000  9.890139e-01 
 1021.000  9.909461e-01 
 1022.000  9.875983e-01 
 1023.000  9.847915e-01 
 1024.000  9.830967e-01 
 1025.000  9.881362e-01 
 1026.000  9.903401e-01 
 1027.000  9.893507e-01 
 1028.000  9.900962e-01 
 1029.000  9.920983e-01 
 1030.000  9.940655e-01 
 1031.000  9.950414e-01 
 1032.000  9.957853e-01 
 1033.000  9.960033e-01 
 1034.000  9.964060e-01 
 1035.000  9.966716e-01 
 1036.000  9.964780e-01 
 1037.000  9.964975e-01 
 1038.000  9.966438e-01 
 1039.000  9.962860e-01 
 1040.000  9.959692e-01 
 1041.000  9.957191e-01 
 1042.000  9.956323e-01 
 1043.000  9.956007e-01 
 1044.000  9.953745e-01 
 1045.000  9.947168e-01 
 1046.000  9.942661e-01 
 1047.000  9.937382e-01 
 1048.000  9.930691e-01 
 1049.000  9.923981e-01 
 1050.000  9.917669e-01 
 1051.000  9.908096e-01 
 1052.000  9.901691e-01 
 1053.000  9.900823e-01 
 1054.000  9.891241e-01 
 1055.000  9.881458e-01 
 1056.000  9.873315e-01 
 1057.000  9.854035e-01 
 1058.000  9.820667e-01 
 1059.000  9.820707e-01 
 1060.000  9.837102e-01 
 1061.000  9.832228e-01 
 1062.000  9.811369e-01 
 1063.000  9.801715e-01 
 1064.000  9.782764e-01 
 1065.000  9.763794e-01 
 1066.000  9.762346e-01 
 1067.000  9.752962e-01 
 1068.000  9.710321e-01 
 1069.000  9.690169e-01 
 1070.000  9.697033e-01 
 1071.000  9.670076e-01 
 1072.000  9.642282e-01 
 1073.000  9.637091e-01 
 1074.000  9.641420e-01 
 1075.000  9.682974e-01 
 1076.000  9.657151e-01 
 1077.000  9.622459e-01 
 1078.000  9.581608e-01 
 1079.000  9.576291e-01 
 1080.000  9.467037e-01 
 1081.000  9.460800e-01 
 1082.000  9.508710e-01 
 1083.000  9.450653e-01 
 1084.000  9.387212e-01 
 1085.000  9.236562e-01 
 1086.000  9.271457e-01 
 1087.000  9.436735e-01 
 1088.000  9.443165e-01 
 1089.000  9.241401e-01 
 1090.000  9.203219e-01 
 1091.000  9.241019e-01 
 1092.000  9.140872e-01 
 1093.000  8.918493e-01 
 1094.000  8.821819e-01 
 1095.000  8.836835e-01 
 1096.000  8.850010e-01 
 1097.000  8.804869e-01 
 1098.000  8.269431e-01 
 1099.000  7.817511e-01 
 1100.000  7.847225e-01 
 1101.000  7.908450e-01 
 1102.000  7.877056e-01 
 1103.000  7.916940e-01 
 1104.000  7.840727e-01 
 1105.000  7.651238e-01 
 1106.000  7.462364e-01 
 1107.000  7.506652e-01 
 1108.000  7.537528e-01 
 1109.000  7.694301e-01 
 1110.000  7.668438e-01 
 1111.000  7.575609e-01 
 1112.000  7.178046e-01 
 1113.000  6.637290e-01 
 1114.000  6.481361e-01 
 1115.000  5.830045e-01 
 1116.000  5.435804e-01 
 1117.000  4.561180e-01 
 1118.000  3.784750e-01 
 1119.000  3.380640e-01 
 1120.000  2.903194e-01 
 1121.000  2.798104e-01 
 1122.000  2.335970e-01 
 1123.000  2.575690e-01 
 1124.000  2.740803e-01 
 1125.000  2.651140e-01 
 1126.000  2.616875e-01 
 1127.000  2.659164e-01 
 1128.000  2.740846e-01 
 1129.000  3.211893e-01 
 1130.000  4.360291e-01 
 1131.000  4.706789e-01 
 1132.000  4.230654e-01 
 1133.000  3.403795e-01 
 1134.000  2.024212e-01 
 1135.000  2.124122e-01 
 1136.000  3.530653e-01 
 1137.000  4.366380e-01 
 1138.000  5.220686e-01 
 1139.000  5.502765e-01 
 1140.000  5.337464e-01 
 1141.000  5.011671e-01 
 1142.000  4.894112e-01 
 1143.000  4.530995e-01 
 1144.000  4.132948e-01 
 1145.000  3.572090e-01 
 1146.000  3.703637e-01 
 1147.000  4.145338e-01 
 1148.000  4.547283e-01 
 1149.000  4.715881e-01 
 1150.000  4.734182e-01 
 1151.000  4.993356e-01 
 1152.000  5.120904e-01 
 1153.000  5.307621e-01 
 1154.000  5.263462e-01 
 1155.000  5.618992e-01 
 1156.000  6.017156e-01 
 1157.000  6.841091e-01 
 1158.000  7.193472e-01 
 1159.000  7.500614e-01 
 1160.000  7.629798e-01 
 1161.000  7.948682e-01 
 1162.000  8.185539e-01 
 1163.000  8.472883e-01 
 1164.000  8.538915e-01 
 1165.000  8.564819e-01 
 1166.000  8.627701e-01 
 1167.000  8.666056e-01 
 1168.000  8.651628e-01 
 1169.000  8.693669e-01 
 1170.000  8.731497e-01 
 1171.000  8.832003e-01 
 1172.000  8.772749e-01 
 1173.000  8.714703e-01 
 1174.000  8.718168e-01 
 1175.000  8.876431e-01 
 1176.000  9.022433e-01 
 1177.000  8.953317e-01 
 1178.000  8.812194e-01 
 1179.000  8.812399e-01 
 1180.000  8.761464e-01 
 1181.000  8.630368e-01 
 1182.000  8.500699e-01 
 1183.000  8.516481e-01 
 1184.000  8.590803e-01 
 1185.000  8.773454e-01 
 1186.000  8.719371e-01 
 1187.000  8.533372e-01 
 1188.000  8.491512e-01 
 1189.000  8.607757e-01 
 1190.000  8.903082e-01 
 1191.000  8.991235e-01 
 1192.000  9.118052e-01 
 1193.000  9.090650e-01 
 1194.000  9.071713e-01 
 1195.000  8.946692e-01 
 1196.000  8.963822e-01 
 1197.000  8.902860e-01 
 1198.000  8.889104e-01 
 1199.000  8.812811e-01 
 1200.000  8.856587e-01 
