  250.000  0.000000e+00 
  251.000  0.000000e+00 
  252.000  0.000000e+00 
  253.000  0.000000e+00 
  254.000  0.000000e+00 
  255.000  0.000000e+00 
  256.000  0.000000e+00 
  257.000  0.000000e+00 
  258.000  0.000000e+00 
  259.000  0.000000e+00 
  260.000  0.000000e+00 
  261.000  0.000000e+00 
  262.000  0.000000e+00 
  263.000  0.000000e+00 
  264.000  0.000000e+00 
  265.000  0.000000e+00 
  266.000  0.000000e+00 
  267.000  0.000000e+00 
  268.000  0.000000e+00 
  269.000  0.000000e+00 
  270.000  0.000000e+00 
  271.000  0.000000e+00 
  272.000  0.000000e+00 
  273.000  0.000000e+00 
  274.000  0.000000e+00 
  275.000  0.000000e+00 
  276.000  0.000000e+00 
  277.000  0.000000e+00 
  278.000  0.000000e+00 
  279.000  0.000000e+00 
  280.000  0.000000e+00 
  281.000  0.000000e+00 
  282.000  0.000000e+00 
  283.000  0.000000e+00 
  284.000  0.000000e+00 
  285.000  0.000000e+00 
  286.000  0.000000e+00 
  287.000  0.000000e+00 
  288.000  0.000000e+00 
  289.000  0.000000e+00 
  290.000  0.000000e+00 
  291.000  0.000000e+00 
  292.000  0.000000e+00 
  293.000  9.507492e-05 
  294.000  3.502363e-04 
  295.000  8.054096e-04 
  296.000  2.290032e-03 
  297.000  4.410949e-03 
  298.000  1.040545e-02 
  299.000  1.639712e-02 
  300.000  2.962116e-02 
  301.000  4.792880e-02 
  302.000  6.682647e-02 
  303.000  1.044623e-01 
  304.000  1.243250e-01 
  305.000  1.788843e-01 
  306.000  2.137537e-01 
  307.000  2.680781e-01 
  308.000  3.072110e-01 
  309.000  3.450834e-01 
  310.000  4.303703e-01 
  311.000  4.638864e-01 
  312.000  5.218503e-01 
  313.000  5.713910e-01 
  314.000  5.887049e-01 
  315.000  6.616241e-01 
  316.000  6.818092e-01 
  317.000  7.173944e-01 
  318.000  7.426763e-01 
  319.000  8.240167e-01 
  320.000  7.512586e-01 
  321.000  8.764331e-01 
  322.000  8.139288e-01 
  323.000  8.719528e-01 
  324.000  9.226509e-01 
  325.000  8.687642e-01 
  326.000  9.347259e-01 
  327.000  9.440055e-01 
  328.000  8.922853e-01 
  329.000  9.670553e-01 
  330.000  9.692720e-01 
  331.000  9.360096e-01 
  332.000  9.763498e-01 
  333.000  9.810034e-01 
  334.000  9.623750e-01 
  335.000  9.874821e-01 
  336.000  9.927787e-01 
  337.000  9.794328e-01 
  338.000  9.871504e-01 
  339.000  9.953336e-01 
  340.000  9.849111e-01 
  341.000  9.929532e-01 
  342.000  9.965212e-01 
  343.000  9.948037e-01 
  344.000  9.888538e-01 
  345.000  9.961913e-01 
  346.000  9.982275e-01 
  347.000  9.985683e-01 
  348.000  9.985905e-01 
  349.000  9.995704e-01 
  350.000  9.995172e-01 
  351.000  9.994047e-01 
  352.000  9.982502e-01 
  353.000  9.993659e-01 
  354.000  9.993610e-01 
  355.000  9.990639e-01 
  356.000  9.987055e-01 
  357.000  9.978682e-01 
  358.000  9.974637e-01 
  359.000  9.970770e-01 
  360.000  9.967647e-01 
  361.000  9.976189e-01 
  362.000  9.986940e-01 
  363.000  9.993718e-01 
  364.000  9.996830e-01 
  365.000  9.997242e-01 
  366.000  9.999377e-01 
  367.000  9.999498e-01 
  368.000  9.999574e-01 
  369.000  9.999626e-01 
  370.000  9.999592e-01 
  371.000  9.999570e-01 
  372.000  9.999545e-01 
  373.000  9.999511e-01 
  374.000  9.999196e-01 
  375.000  9.998500e-01 
  376.000  9.996940e-01 
  377.000  9.993880e-01 
  378.000  9.988939e-01 
  379.000  9.984790e-01 
  380.000  9.983846e-01 
  381.000  9.987556e-01 
  382.000  9.992794e-01 
  383.000  9.996244e-01 
  384.000  9.998142e-01 
  385.000  9.999091e-01 
  386.000  9.999487e-01 
  387.000  9.999646e-01 
  388.000  9.999678e-01 
  389.000  9.999720e-01 
  390.000  9.999779e-01 
  391.000  9.999791e-01 
  392.000  9.999837e-01 
  393.000  9.999895e-01 
  394.000  9.999936e-01 
  395.000  9.999936e-01 
  396.000  9.999996e-01 
  397.000  9.999980e-01 
  398.000  9.999954e-01 
  399.000  9.999936e-01 
  400.000  9.999791e-01 
  401.000  9.999773e-01 
  402.000  9.999775e-01 
  403.000  9.999783e-01 
  404.000  9.999791e-01 
  405.000  9.999750e-01 
  406.000  9.999763e-01 
  407.000  9.999799e-01 
  408.000  9.999840e-01 
  409.000  9.999861e-01 
  410.000  9.999869e-01 
  411.000  9.999857e-01 
  412.000  9.999807e-01 
  413.000  9.999828e-01 
  414.000  9.998180e-01 
  415.000  9.998800e-01 
  416.000  9.999334e-01 
  417.000  9.999660e-01 
  418.000  9.999615e-01 
  419.000  9.999531e-01 
  420.000  9.999449e-01 
  421.000  9.999429e-01 
  422.000  9.999464e-01 
  423.000  9.999529e-01 
  424.000  9.999529e-01 
  425.000  9.999234e-01 
  426.000  9.998932e-01 
  427.000  9.998640e-01 
  428.000  9.998155e-01 
  429.000  9.997569e-01 
  430.000  9.996949e-01 
  431.000  9.996364e-01 
  432.000  9.995766e-01 
  433.000  9.995170e-01 
  434.000  9.994594e-01 
  435.000  9.994015e-01 
  436.000  9.993410e-01 
  437.000  9.992787e-01 
  438.000  9.992138e-01 
  439.000  9.991521e-01 
  440.000  9.990809e-01 
  441.000  9.990055e-01 
  442.000  9.989216e-01 
  443.000  9.988307e-01 
  444.000  9.987320e-01 
  445.000  9.986179e-01 
  446.000  9.984807e-01 
  447.000  9.984248e-01 
  448.000  9.984828e-01 
  449.000  9.985707e-01 
  450.000  9.986428e-01 
  451.000  9.986671e-01 
  452.000  9.986523e-01 
  453.000  9.986229e-01 
  454.000  9.985823e-01 
  455.000  9.984643e-01 
  456.000  9.982436e-01 
  457.000  9.980357e-01 
  458.000  9.978254e-01 
  459.000  9.976048e-01 
  460.000  9.973879e-01 
  461.000  9.971720e-01 
  462.000  9.969485e-01 
  463.000  9.967356e-01 
  464.000  9.969173e-01 
  465.000  9.970895e-01 
  466.000  9.972491e-01 
  467.000  9.973896e-01 
  468.000  9.972647e-01 
  469.000  9.969933e-01 
  470.000  9.966649e-01 
  471.000  9.962702e-01 
  472.000  9.957686e-01 
  473.000  9.950722e-01 
  474.000  9.943137e-01 
  475.000  9.933149e-01 
  476.000  9.920738e-01 
  477.000  9.909968e-01 
  478.000  9.909102e-01 
  479.000  9.913423e-01 
  480.000  9.918991e-01 
  481.000  9.923074e-01 
  482.000  9.926654e-01 
  483.000  9.928558e-01 
  484.000  9.928910e-01 
  485.000  9.928290e-01 
  486.000  9.928682e-01 
  487.000  9.929914e-01 
  488.000  9.930903e-01 
  489.000  9.931790e-01 
  490.000  9.932641e-01 
  491.000  9.931027e-01 
  492.000  9.928743e-01 
  493.000  9.926509e-01 
  494.000  9.924170e-01 
  495.000  9.921911e-01 
  496.000  9.915786e-01 
  497.000  9.909584e-01 
  498.000  9.903426e-01 
  499.000  9.897189e-01 
  500.000  9.890993e-01 
  501.000  9.884517e-01 
  502.000  9.878128e-01 
  503.000  9.871793e-01 
  504.000  9.865426e-01 
  505.000  9.859011e-01 
  506.000  9.858270e-01 
  507.000  9.857852e-01 
  508.000  9.857488e-01 
  509.000  9.857109e-01 
  510.000  9.856650e-01 
  511.000  9.855406e-01 
  512.000  9.853981e-01 
  513.000  9.852588e-01 
  514.000  9.851187e-01 
  515.000  9.849799e-01 
  516.000  9.846491e-01 
  517.000  9.841483e-01 
  518.000  9.836476e-01 
  519.000  9.831491e-01 
  520.000  9.826551e-01 
  521.000  9.821411e-01 
  522.000  9.815651e-01 
  523.000  9.809531e-01 
  524.000  9.803515e-01 
  525.000  9.797325e-01 
  526.000  9.791561e-01 
  527.000  9.784588e-01 
  528.000  9.777153e-01 
  529.000  9.769773e-01 
  530.000  9.762511e-01 
  531.000  9.755349e-01 
  532.000  9.748801e-01 
  533.000  9.745691e-01 
  534.000  9.743440e-01 
  535.000  9.741735e-01 
  536.000  9.739937e-01 
  537.000  9.737832e-01 
  538.000  9.735367e-01 
  539.000  9.732692e-01 
  540.000  9.729872e-01 
  541.000  9.727014e-01 
  542.000  9.724081e-01 
  543.000  9.721100e-01 
  544.000  9.717377e-01 
  545.000  9.713047e-01 
  546.000  9.708699e-01 
  547.000  9.704440e-01 
  548.000  9.700159e-01 
  549.000  9.695905e-01 
  550.000  9.690830e-01 
  551.000  9.684973e-01 
  552.000  9.679194e-01 
  553.000  9.673322e-01 
  554.000  9.667435e-01 
  555.000  9.661558e-01 
  556.000  9.655415e-01 
  557.000  9.648801e-01 
  558.000  9.642159e-01 
  559.000  9.635444e-01 
  560.000  9.628486e-01 
  561.000  9.621311e-01 
  562.000  9.613410e-01 
  563.000  9.606088e-01 
  564.000  9.598318e-01 
  565.000  9.589636e-01 
  566.000  9.581127e-01 
  567.000  9.570086e-01 
  568.000  9.551222e-01 
  569.000  9.521088e-01 
  570.000  9.516755e-01 
  571.000  9.524468e-01 
  572.000  9.500986e-01 
  573.000  9.496890e-01 
  574.000  9.490685e-01 
  575.000  9.483984e-01 
  576.000  9.482300e-01 
  577.000  9.486563e-01 
  578.000  9.494001e-01 
  579.000  9.503468e-01 
  580.000  9.516097e-01 
  581.000  9.532584e-01 
  582.000  9.544798e-01 
  583.000  9.553695e-01 
  584.000  9.561020e-01 
  585.000  9.566868e-01 
  586.000  9.571944e-01 
  587.000  9.568701e-01 
  588.000  9.540805e-01 
  589.000  9.492685e-01 
  590.000  9.489475e-01 
  591.000  9.522620e-01 
  592.000  9.504327e-01 
  593.000  9.541603e-01 
  594.000  9.532524e-01 
  595.000  9.504972e-01 
  596.000  9.536515e-01 
  597.000  9.520519e-01 
  598.000  9.528233e-01 
  599.000  9.526806e-01 
  600.000  9.532908e-01 
  601.000  9.534588e-01 
  602.000  9.530044e-01 
  603.000  9.532151e-01 
  604.000  9.538286e-01 
  605.000  9.543039e-01 
  606.000  9.546776e-01 
  607.000  9.550361e-01 
  608.000  9.554026e-01 
  609.000  9.557486e-01 
  610.000  9.561268e-01 
  611.000  9.565921e-01 
  612.000  9.570459e-01 
  613.000  9.574822e-01 
  614.000  9.579026e-01 
  615.000  9.583228e-01 
  616.000  9.587236e-01 
  617.000  9.590954e-01 
  618.000  9.593707e-01 
  619.000  9.595750e-01 
  620.000  9.597537e-01 
  621.000  9.598862e-01 
  622.000  9.599724e-01 
  623.000  9.599795e-01 
  624.000  9.599993e-01 
  625.000  9.599929e-01 
  626.000  9.598459e-01 
  627.000  9.580088e-01 
  628.000  9.343988e-01 
  629.000  9.496340e-01 
  630.000  9.505656e-01 
  631.000  9.547209e-01 
  632.000  9.566805e-01 
  633.000  9.600197e-01 
  634.000  9.621792e-01 
  635.000  9.634917e-01 
  636.000  9.648337e-01 
  637.000  9.660172e-01 
  638.000  9.675723e-01 
  639.000  9.685212e-01 
  640.000  9.697171e-01 
  641.000  9.705809e-01 
  642.000  9.714364e-01 
  643.000  9.715959e-01 
  644.000  9.721563e-01 
  645.000  9.720491e-01 
  646.000  9.698994e-01 
  647.000  9.685182e-01 
  648.000  9.668881e-01 
  649.000  9.691222e-01 
  650.000  9.729525e-01 
  651.000  9.732824e-01 
  652.000  9.705508e-01 
  653.000  9.743966e-01 
  654.000  9.743363e-01 
  655.000  9.733866e-01 
  656.000  9.741604e-01 
  657.000  9.751491e-01 
  658.000  9.766557e-01 
  659.000  9.776707e-01 
  660.000  9.783008e-01 
  661.000  9.795165e-01 
  662.000  9.802375e-01 
  663.000  9.804850e-01 
  664.000  9.809597e-01 
  665.000  9.814060e-01 
  666.000  9.818946e-01 
  667.000  9.823443e-01 
  668.000  9.828367e-01 
  669.000  9.832531e-01 
  670.000  9.836475e-01 
  671.000  9.840504e-01 
  672.000  9.844341e-01 
  673.000  9.848144e-01 
  674.000  9.851930e-01 
  675.000  9.855714e-01 
  676.000  9.859233e-01 
  677.000  9.862294e-01 
  678.000  9.865357e-01 
  679.000  9.868150e-01 
  680.000  9.869787e-01 
  681.000  9.870987e-01 
  682.000  9.873363e-01 
  683.000  9.875173e-01 
  684.000  9.875065e-01 
  685.000  9.879649e-01 
  686.000  9.851332e-01 
  687.000  8.813534e-01 
  688.000  9.134911e-01 
  689.000  9.046986e-01 
  690.000  9.212065e-01 
  691.000  9.446931e-01 
  692.000  9.615910e-01 
  693.000  9.676507e-01 
  694.000  9.696954e-01 
  695.000  9.750435e-01 
  696.000  9.778419e-01 
  697.000  9.861307e-01 
  698.000  9.847569e-01 
  699.000  9.778711e-01 
  700.000  9.791438e-01 
  701.000  9.776416e-01 
  702.000  9.788730e-01 
  703.000  9.848089e-01 
  704.000  9.851266e-01 
  705.000  9.827536e-01 
  706.000  9.832533e-01 
  707.000  9.841459e-01 
  708.000  9.851049e-01 
  709.000  9.870332e-01 
  710.000  9.850480e-01 
  711.000  9.871441e-01 
  712.000  9.889277e-01 
  713.000  9.875695e-01 
  714.000  9.871506e-01 
  715.000  9.849598e-01 
  716.000  9.827337e-01 
  717.000  9.673893e-01 
  718.000  9.577211e-01 
  719.000  9.542609e-01 
  720.000  9.487212e-01 
  721.000  9.723989e-01 
  722.000  9.805067e-01 
  723.000  9.760242e-01 
  724.000  9.628985e-01 
  725.000  9.649643e-01 
  726.000  9.643120e-01 
  727.000  9.661829e-01 
  728.000  9.640862e-01 
  729.000  9.691549e-01 
  730.000  9.682119e-01 
  731.000  9.670763e-01 
  732.000  9.755553e-01 
  733.000  9.834638e-01 
  734.000  9.871894e-01 
  735.000  9.858337e-01 
  736.000  9.833041e-01 
  737.000  9.851393e-01 
  738.000  9.876660e-01 
  739.000  9.887208e-01 
  740.000  9.911040e-01 
  741.000  9.924568e-01 
  742.000  9.930001e-01 
  743.000  9.942456e-01 
  744.000  9.947920e-01 
  745.000  9.952041e-01 
  746.000  9.955187e-01 
  747.000  9.956151e-01 
  748.000  9.959506e-01 
  749.000  9.961303e-01 
  750.000  9.960750e-01 
  751.000  9.961621e-01 
  752.000  9.964589e-01 
  753.000  9.965990e-01 
  754.000  9.967159e-01 
  755.000  9.968029e-01 
  756.000  9.968928e-01 
  757.000  9.969329e-01 
  758.000  9.956604e-01 
  759.000  9.415927e-01 
  760.000  5.084228e-01 
  761.000  4.632099e-01 
  762.000  7.263932e-01 
  763.000  6.474404e-01 
  764.000  6.867105e-01 
  765.000  7.739483e-01 
  766.000  8.760619e-01 
  767.000  9.264073e-01 
  768.000  9.589315e-01 
  769.000  9.802125e-01 
  770.000  9.915361e-01 
  771.000  9.969804e-01 
  772.000  9.982138e-01 
  773.000  9.987393e-01 
  774.000  9.993993e-01 
  775.000  9.996961e-01 
  776.000  9.998738e-01 
  777.000  9.999149e-01 
  778.000  9.998984e-01 
  779.000  9.998643e-01 
  780.000  9.998247e-01 
  781.000  9.999155e-01 
  782.000  9.998728e-01 
  783.000  9.998342e-01 
  784.000  9.997117e-01 
  785.000  9.991395e-01 
  786.000  9.982539e-01 
  787.000  9.963415e-01 
  788.000  9.953241e-01 
  789.000  9.917251e-01 
  790.000  9.913935e-01 
  791.000  9.920441e-01 
  792.000  9.926371e-01 
  793.000  9.940580e-01 
  794.000  9.970969e-01 
  795.000  9.951955e-01 
  796.000  9.901364e-01 
  797.000  9.915535e-01 
  798.000  9.946983e-01 
  799.000  9.939455e-01 
  800.000  9.916063e-01 
  801.000  9.918546e-01 
  802.000  9.915920e-01 
  803.000  9.919010e-01 
  804.000  9.929543e-01 
  805.000  9.949983e-01 
  806.000  9.961996e-01 
  807.000  9.962258e-01 
  808.000  9.955025e-01 
  809.000  9.946215e-01 
  810.000  9.936637e-01 
  811.000  9.917132e-01 
  812.000  9.890947e-01 
  813.000  9.858703e-01 
  814.000  9.815905e-01 
  815.000  9.762367e-01 
  816.000  9.691747e-01 
  817.000  9.695925e-01 
  818.000  9.701536e-01 
  819.000  9.724237e-01 
  820.000  9.800760e-01 
  821.000  9.886907e-01 
  822.000  9.821064e-01 
  823.000  9.632162e-01 
  824.000  9.791260e-01 
  825.000  9.890295e-01 
  826.000  9.872682e-01 
  827.000  9.859948e-01 
  828.000  9.794124e-01 
  829.000  9.817671e-01 
  830.000  9.843771e-01 
  831.000  9.849542e-01 
  832.000  9.851577e-01 
  833.000  9.866292e-01 
  834.000  9.883573e-01 
  835.000  9.918088e-01 
  836.000  9.906479e-01 
  837.000  9.904868e-01 
  838.000  9.921579e-01 
  839.000  9.931535e-01 
  840.000  9.935005e-01 
  841.000  9.923581e-01 
  842.000  9.933322e-01 
  843.000  9.956737e-01 
  844.000  9.967135e-01 
  845.000  9.971858e-01 
  846.000  9.976832e-01 
  847.000  9.982361e-01 
  848.000  9.972643e-01 
  849.000  9.973662e-01 
  850.000  9.968759e-01 
  851.000  9.962937e-01 
  852.000  9.963286e-01 
  853.000  9.972336e-01 
  854.000  9.971592e-01 
  855.000  9.976017e-01 
  856.000  9.985449e-01 
  857.000  9.989280e-01 
  858.000  9.991174e-01 
  859.000  9.995599e-01 
  860.000  9.997643e-01 
  861.000  9.997808e-01 
  862.000  9.998816e-01 
  863.000  9.998807e-01 
  864.000  9.999450e-01 
  865.000  9.999949e-01 
  866.000  9.999965e-01 
  867.000  9.999678e-01 
  868.000  9.999623e-01 
  869.000  9.999688e-01 
  870.000  9.999362e-01 
  871.000  9.999417e-01 
  872.000  9.999782e-01 
  873.000  9.999104e-01 
  874.000  9.998666e-01 
  875.000  9.998447e-01 
  876.000  9.997384e-01 
  877.000  9.996770e-01 
  878.000  9.993550e-01 
  879.000  9.993192e-01 
  880.000  9.990385e-01 
  881.000  9.988747e-01 
  882.000  9.987170e-01 
  883.000  9.988411e-01 
  884.000  9.988816e-01 
  885.000  9.983259e-01 
  886.000  9.975572e-01 
  887.000  9.981247e-01 
  888.000  9.980763e-01 
  889.000  9.982498e-01 
  890.000  9.978017e-01 
  891.000  9.968920e-01 
  892.000  9.949914e-01 
  893.000  9.891528e-01 
  894.000  9.862476e-01 
  895.000  9.771373e-01 
  896.000  9.688894e-01 
  897.000  9.600773e-01 
  898.000  9.558966e-01 
  899.000  9.436137e-01 
  900.000  9.454629e-01 
  901.000  9.421762e-01 
  902.000  9.426551e-01 
  903.000  9.631408e-01 
  904.000  9.751610e-01 
  905.000  9.746464e-01 
  906.000  9.671078e-01 
  907.000  9.534869e-01 
  908.000  9.442877e-01 
  909.000  9.447132e-01 
  910.000  9.461124e-01 
  911.000  9.522203e-01 
  912.000  9.492381e-01 
  913.000  9.361202e-01 
  914.000  9.426090e-01 
  915.000  9.476119e-01 
  916.000  9.489092e-01 
  917.000  9.515455e-01 
  918.000  9.549546e-01 
  919.000  9.665280e-01 
  920.000  9.750182e-01 
  921.000  9.730772e-01 
  922.000  9.728836e-01 
  923.000  9.704784e-01 
  924.000  9.646844e-01 
  925.000  9.642836e-01 
  926.000  9.643916e-01 
  927.000  9.577706e-01 
  928.000  9.473845e-01 
  929.000  9.319205e-01 
  930.000  9.113444e-01 
  931.000  8.869725e-01 
  932.000  8.536598e-01 
  933.000  8.257388e-01 
  934.000  7.941182e-01 
  935.000  7.908977e-01 
  936.000  8.043305e-01 
  937.000  8.005933e-01 
  938.000  8.344954e-01 
  939.000  9.120157e-01 
  940.000  9.221541e-01 
  941.000  9.129584e-01 
  942.000  8.899695e-01 
  943.000  8.486688e-01 
  944.000  8.458084e-01 
  945.000  8.615182e-01 
  946.000  8.621168e-01 
  947.000  8.749759e-01 
  948.000  8.823614e-01 
  949.000  8.810949e-01 
  950.000  8.828829e-01 
  951.000  8.991371e-01 
  952.000  8.811923e-01 
  953.000  8.933055e-01 
  954.000  9.058526e-01 
  955.000  8.950878e-01 
  956.000  8.921642e-01 
  957.000  9.236937e-01 
  958.000  9.273213e-01 
  959.000  9.219837e-01 
  960.000  9.202902e-01 
  961.000  9.175473e-01 
  962.000  9.197357e-01 
  963.000  9.361739e-01 
  964.000  9.383662e-01 
  965.000  9.366701e-01 
  966.000  9.373921e-01 
  967.000  9.486284e-01 
  968.000  9.667706e-01 
  969.000  9.746580e-01 
  970.000  9.750147e-01 
  971.000  9.747981e-01 
  972.000  9.725470e-01 
  973.000  9.672953e-01 
  974.000  9.607820e-01 
  975.000  9.565282e-01 
  976.000  9.616829e-01 
  977.000  9.700548e-01 
  978.000  9.693122e-01 
  979.000  9.713855e-01 
  980.000  9.796931e-01 
  981.000  9.814686e-01 
  982.000  9.795631e-01 
  983.000  9.837355e-01 
  984.000  9.879993e-01 
  985.000  9.903878e-01 
  986.000  9.934608e-01 
  987.000  9.947646e-01 
  988.000  9.950407e-01 
  989.000  9.952109e-01 
  990.000  9.955166e-01 
  991.000  9.966437e-01 
  992.000  9.969536e-01 
  993.000  9.970605e-01 
  994.000  9.980796e-01 
  995.000  9.987708e-01 
  996.000  9.987535e-01 
  997.000  9.982967e-01 
  998.000  9.977640e-01 
  999.000  9.975632e-01 
 1000.000  9.977111e-01 
 1001.000  9.966058e-01 
 1002.000  9.948375e-01 
 1003.000  9.952460e-01 
 1004.000  9.962479e-01 
 1005.000  9.966994e-01 
 1006.000  9.968160e-01 
 1007.000  9.964707e-01 
 1008.000  9.950230e-01 
 1009.000  9.930802e-01 
 1010.000  9.939216e-01 
 1011.000  9.959388e-01 
 1012.000  9.966931e-01 
 1013.000  9.972727e-01 
 1014.000  9.975023e-01 
 1015.000  9.975219e-01 
 1016.000  9.977713e-01 
 1017.000  9.979097e-01 
 1018.000  9.975397e-01 
 1019.000  9.968138e-01 
 1020.000  9.970351e-01 
 1021.000  9.975196e-01 
 1022.000  9.966328e-01 
 1023.000  9.958820e-01 
 1024.000  9.954162e-01 
 1025.000  9.966961e-01 
 1026.000  9.972303e-01 
 1027.000  9.969463e-01 
 1028.000  9.970967e-01 
 1029.000  9.976273e-01 
 1030.000  9.981027e-01 
 1031.000  9.983244e-01 
 1032.000  9.984739e-01 
 1033.000  9.984687e-01 
 1034.000  9.985245e-01 
 1035.000  9.984772e-01 
 1036.000  9.982664e-01 
 1037.000  9.981266e-01 
 1038.000  9.981304e-01 
 1039.000  9.980070e-01 
 1040.000  9.978625e-01 
 1041.000  9.977438e-01 
 1042.000  9.976768e-01 
 1043.000  9.976078e-01 
 1044.000  9.974681e-01 
 1045.000  9.972168e-01 
 1046.000  9.970174e-01 
 1047.000  9.967595e-01 
 1048.000  9.962881e-01 
 1049.000  9.957296e-01 
 1050.000  9.954188e-01 
 1051.000  9.951437e-01 
 1052.000  9.948318e-01 
 1053.000  9.946452e-01 
 1054.000  9.942777e-01 
 1055.000  9.938926e-01 
 1056.000  9.934615e-01 
 1057.000  9.927316e-01 
 1058.000  9.915740e-01 
 1059.000  9.913819e-01 
 1060.000  9.916005e-01 
 1061.000  9.913245e-01 
 1062.000  9.904878e-01 
 1063.000  9.898513e-01 
 1064.000  9.890184e-01 
 1065.000  9.883987e-01 
 1066.000  9.883891e-01 
 1067.000  9.879224e-01 
 1068.000  9.869052e-01 
 1069.000  9.870970e-01 
 1070.000  9.877723e-01 
 1071.000  9.874941e-01 
 1072.000  9.870351e-01 
 1073.000  9.871858e-01 
 1074.000  9.875710e-01 
 1075.000  9.889337e-01 
 1076.000  9.884986e-01 
 1077.000  9.878021e-01 
 1078.000  9.869298e-01 
 1079.000  9.869920e-01 
 1080.000  9.842371e-01 
 1081.000  9.842200e-01 
 1082.000  9.856422e-01 
 1083.000  9.842508e-01 
 1084.000  9.826737e-01 
 1085.000  9.786908e-01 
 1086.000  9.797689e-01 
 1087.000  9.843660e-01 
 1088.000  9.846232e-01 
 1089.000  9.792567e-01 
 1090.000  9.783227e-01 
 1091.000  9.794647e-01 
 1092.000  9.768510e-01 
 1093.000  9.707530e-01 
 1094.000  9.680911e-01 
 1095.000  9.686042e-01 
 1096.000  9.691049e-01 
 1097.000  9.679854e-01 
 1098.000  9.525725e-01 
 1099.000  9.390085e-01 
 1100.000  9.400171e-01 
 1101.000  9.420030e-01 
 1102.000  9.412246e-01 
 1103.000  9.425938e-01 
 1104.000  9.403875e-01 
 1105.000  9.346688e-01 
 1106.000  9.286795e-01 
 1107.000  9.303999e-01 
 1108.000  9.318038e-01 
 1109.000  9.373028e-01 
 1110.000  9.372090e-01 
 1111.000  9.346768e-01 
 1112.000  9.223489e-01 
 1113.000  9.052506e-01 
 1114.000  9.015134e-01 
 1115.000  8.795259e-01 
 1116.000  8.651220e-01 
 1117.000  8.281241e-01 
 1118.000  7.920433e-01 
 1119.000  7.724602e-01 
 1120.000  7.453405e-01 
 1121.000  7.393304e-01 
 1122.000  7.067685e-01 
 1123.000  7.262815e-01 
 1124.000  7.387631e-01 
 1125.000  7.325917e-01 
 1126.000  7.298517e-01 
 1127.000  7.320313e-01 
 1128.000  7.363341e-01 
 1129.000  7.659419e-01 
 1130.000  8.289069e-01 
 1131.000  8.454213e-01 
 1132.000  8.230678e-01 
 1133.000  7.773584e-01 
 1134.000  6.787923e-01 
 1135.000  6.869603e-01 
 1136.000  7.830549e-01 
 1137.000  8.267405e-01 
 1138.000  8.640451e-01 
 1139.000  8.731946e-01 
 1140.000  8.663297e-01 
 1141.000  8.513389e-01 
 1142.000  8.463331e-01 
 1143.000  8.300825e-01 
 1144.000  8.105900e-01 
 1145.000  7.807977e-01 
 1146.000  7.879615e-01 
 1147.000  8.109143e-01 
 1148.000  8.302078e-01 
 1149.000  8.373538e-01 
 1150.000  8.367216e-01 
 1151.000  8.468099e-01 
 1152.000  8.516166e-01 
 1153.000  8.588291e-01 
 1154.000  8.555768e-01 
 1155.000  8.688182e-01 
 1156.000  8.836985e-01 
 1157.000  9.128224e-01 
 1158.000  9.235282e-01 
 1159.000  9.323982e-01 
 1160.000  9.359155e-01 
 1161.000  9.454665e-01 
 1162.000  9.519587e-01 
 1163.000  9.599289e-01 
 1164.000  9.618545e-01 
 1165.000  9.621745e-01 
 1166.000  9.636840e-01 
 1167.000  9.645916e-01 
 1168.000  9.641765e-01 
 1169.000  9.652626e-01 
 1170.000  9.662708e-01 
 1171.000  9.690794e-01 
 1172.000  9.673962e-01 
 1173.000  9.657098e-01 
 1174.000  9.658054e-01 
 1175.000  9.703069e-01 
 1176.000  9.744103e-01 
 1177.000  9.724981e-01 
 1178.000  9.685405e-01 
 1179.000  9.685465e-01 
 1180.000  9.671207e-01 
 1181.000  9.633753e-01 
 1182.000  9.596163e-01 
 1183.000  9.600754e-01 
 1184.000  9.622408e-01 
 1185.000  9.674694e-01 
 1186.000  9.659258e-01 
 1187.000  9.605172e-01 
 1188.000  9.592512e-01 
 1189.000  9.626004e-01 
 1190.000  9.710103e-01 
 1191.000  9.734561e-01 
 1192.000  9.769451e-01 
 1193.000  9.761863e-01 
 1194.000  9.756343e-01 
 1195.000  9.721429e-01 
 1196.000  9.726236e-01 
 1197.000  9.709175e-01 
 1198.000  9.705404e-01 
 1199.000  9.683881e-01 
 1200.000  9.696221e-01 
