  250.000  0.000000e+00 
  251.000  0.000000e+00 
  252.000  0.000000e+00 
  253.000  0.000000e+00 
  254.000  0.000000e+00 
  255.000  0.000000e+00 
  256.000  0.000000e+00 
  257.000  0.000000e+00 
  258.000  0.000000e+00 
  259.000  0.000000e+00 
  260.000  0.000000e+00 
  261.000  0.000000e+00 
  262.000  0.000000e+00 
  263.000  0.000000e+00 
  264.000  0.000000e+00 
  265.000  0.000000e+00 
  266.000  0.000000e+00 
  267.000  0.000000e+00 
  268.000  0.000000e+00 
  269.000  0.000000e+00 
  270.000  0.000000e+00 
  271.000  0.000000e+00 
  272.000  0.000000e+00 
  273.000  0.000000e+00 
  274.000  0.000000e+00 
  275.000  0.000000e+00 
  276.000  0.000000e+00 
  277.000  0.000000e+00 
  278.000  0.000000e+00 
  279.000  0.000000e+00 
  280.000  0.000000e+00 
  281.000  0.000000e+00 
  282.000  0.000000e+00 
  283.000  0.000000e+00 
  284.000  0.000000e+00 
  285.000  0.000000e+00 
  286.000  0.000000e+00 
  287.000  0.000000e+00 
  288.000  0.000000e+00 
  289.000  0.000000e+00 
  290.000  0.000000e+00 
  291.000  0.000000e+00 
  292.000  0.000000e+00 
  293.000  3.491176e-11 
  294.000  1.035951e-09 
  295.000  9.029087e-09 
  296.000  1.366433e-07 
  297.000  7.512481e-07 
  298.000  6.996461e-06 
  299.000  2.282420e-05 
  300.000  1.062100e-04 
  301.000  3.711513e-04 
  302.000  8.807775e-04 
  303.000  2.813809e-03 
  304.000  4.424373e-03 
  305.000  1.139430e-02 
  306.000  1.810405e-02 
  307.000  3.261966e-02 
  308.000  4.648741e-02 
  309.000  6.289306e-02 
  310.000  1.116838e-01 
  311.000  1.357282e-01 
  312.000  1.843399e-01 
  313.000  2.333603e-01 
  314.000  2.521935e-01 
  315.000  3.416564e-01 
  316.000  3.694226e-01 
  317.000  4.216682e-01 
  318.000  4.614013e-01 
  319.000  6.045520e-01 
  320.000  4.753928e-01 
  321.000  7.096901e-01 
  322.000  5.854971e-01 
  323.000  7.002962e-01 
  324.000  8.111427e-01 
  325.000  6.936573e-01 
  326.000  8.390331e-01 
  327.000  8.608625e-01 
  328.000  7.435492e-01 
  329.000  9.165865e-01 
  330.000  9.220589e-01 
  331.000  8.420323e-01 
  332.000  9.396675e-01 
  333.000  9.513566e-01 
  334.000  9.050974e-01 
  335.000  9.677787e-01 
  336.000  9.813328e-01 
  337.000  9.474014e-01 
  338.000  9.669337e-01 
  339.000  9.879125e-01 
  340.000  9.612411e-01 
  341.000  9.817814e-01 
  342.000  9.909801e-01 
  343.000  9.865458e-01 
  344.000  9.712775e-01 
  345.000  9.901277e-01 
  346.000  9.953981e-01 
  347.000  9.962819e-01 
  348.000  9.963393e-01 
  349.000  9.988834e-01 
  350.000  9.987452e-01 
  351.000  9.984531e-01 
  352.000  9.954568e-01 
  353.000  9.983523e-01 
  354.000  9.983395e-01 
  355.000  9.975680e-01 
  356.000  9.966379e-01 
  357.000  9.944667e-01 
  358.000  9.934191e-01 
  359.000  9.924179e-01 
  360.000  9.916100e-01 
  361.000  9.938208e-01 
  362.000  9.966080e-01 
  363.000  9.983675e-01 
  364.000  9.991759e-01 
  365.000  9.992832e-01 
  366.000  9.998379e-01 
  367.000  9.998693e-01 
  368.000  9.998892e-01 
  369.000  9.999027e-01 
  370.000  9.998938e-01 
  371.000  9.998881e-01 
  372.000  9.998818e-01 
  373.000  9.998729e-01 
  374.000  9.997910e-01 
  375.000  9.996102e-01 
  376.000  9.992045e-01 
  377.000  9.984096e-01 
  378.000  9.971266e-01 
  379.000  9.960502e-01 
  380.000  9.958053e-01 
  381.000  9.967676e-01 
  382.000  9.981277e-01 
  383.000  9.990236e-01 
  384.000  9.995168e-01 
  385.000  9.997637e-01 
  386.000  9.998667e-01 
  387.000  9.999080e-01 
  388.000  9.999163e-01 
  389.000  9.999273e-01 
  390.000  9.999425e-01 
  391.000  9.999456e-01 
  392.000  9.999577e-01 
  393.000  9.999728e-01 
  394.000  9.999833e-01 
  395.000  9.999833e-01 
  396.000  9.999989e-01 
  397.000  9.999948e-01 
  398.000  9.999880e-01 
  399.000  9.999833e-01 
  400.000  9.999457e-01 
  401.000  9.999409e-01 
  402.000  9.999414e-01 
  403.000  9.999436e-01 
  404.000  9.999457e-01 
  405.000  9.999351e-01 
  406.000  9.999382e-01 
  407.000  9.999478e-01 
  408.000  9.999585e-01 
  409.000  9.999638e-01 
  410.000  9.999659e-01 
  411.000  9.999627e-01 
  412.000  9.999499e-01 
  413.000  9.999553e-01 
  414.000  9.995269e-01 
  415.000  9.996880e-01 
  416.000  9.998269e-01 
  417.000  9.999117e-01 
  418.000  9.999000e-01 
  419.000  9.998781e-01 
  420.000  9.998568e-01 
  421.000  9.998515e-01 
  422.000  9.998606e-01 
  423.000  9.998776e-01 
  424.000  9.998774e-01 
  425.000  9.998009e-01 
  426.000  9.997224e-01 
  427.000  9.996465e-01 
  428.000  9.995204e-01 
  429.000  9.993681e-01 
  430.000  9.992069e-01 
  431.000  9.990550e-01 
  432.000  9.988995e-01 
  433.000  9.987448e-01 
  434.000  9.985950e-01 
  435.000  9.984446e-01 
  436.000  9.982876e-01 
  437.000  9.981258e-01 
  438.000  9.979572e-01 
  439.000  9.977970e-01 
  440.000  9.976121e-01 
  441.000  9.974164e-01 
  442.000  9.971986e-01 
  443.000  9.969626e-01 
  444.000  9.967066e-01 
  445.000  9.964106e-01 
  446.000  9.960546e-01 
  447.000  9.959097e-01 
  448.000  9.960601e-01 
  449.000  9.962882e-01 
  450.000  9.964751e-01 
  451.000  9.965382e-01 
  452.000  9.964998e-01 
  453.000  9.964234e-01 
  454.000  9.963181e-01 
  455.000  9.960123e-01 
  456.000  9.954398e-01 
  457.000  9.949008e-01 
  458.000  9.943560e-01 
  459.000  9.937844e-01 
  460.000  9.932228e-01 
  461.000  9.926639e-01 
  462.000  9.920855e-01 
  463.000  9.915348e-01 
  464.000  9.920048e-01 
  465.000  9.924503e-01 
  466.000  9.928633e-01 
  467.000  9.932271e-01 
  468.000  9.929038e-01 
  469.000  9.922013e-01 
  470.000  9.913518e-01 
  471.000  9.903314e-01 
  472.000  9.890357e-01 
  473.000  9.872382e-01 
  474.000  9.852827e-01 
  475.000  9.827116e-01 
  476.000  9.795222e-01 
  477.000  9.767599e-01 
  478.000  9.765380e-01 
  479.000  9.776456e-01 
  480.000  9.790738e-01 
  481.000  9.801222e-01 
  482.000  9.810417e-01 
  483.000  9.815312e-01 
  484.000  9.816214e-01 
  485.000  9.814622e-01 
  486.000  9.815630e-01 
  487.000  9.818797e-01 
  488.000  9.821339e-01 
  489.000  9.823621e-01 
  490.000  9.825811e-01 
  491.000  9.821660e-01 
  492.000  9.815786e-01 
  493.000  9.810044e-01 
  494.000  9.804035e-01 
  495.000  9.798236e-01 
  496.000  9.782518e-01 
  497.000  9.766616e-01 
  498.000  9.750842e-01 
  499.000  9.734884e-01 
  500.000  9.719048e-01 
  501.000  9.702511e-01 
  502.000  9.686215e-01 
  503.000  9.670072e-01 
  504.000  9.653865e-01 
  505.000  9.637553e-01 
  506.000  9.635668e-01 
  507.000  9.634605e-01 
  508.000  9.633681e-01 
  509.000  9.632719e-01 
  510.000  9.631552e-01 
  511.000  9.628392e-01 
  512.000  9.624774e-01 
  513.000  9.621235e-01 
  514.000  9.617679e-01 
  515.000  9.614156e-01 
  516.000  9.605762e-01 
  517.000  9.593066e-01 
  518.000  9.580382e-01 
  519.000  9.567763e-01 
  520.000  9.555268e-01 
  521.000  9.542280e-01 
  522.000  9.527736e-01 
  523.000  9.512298e-01 
  524.000  9.497138e-01 
  525.000  9.481552e-01 
  526.000  9.467059e-01 
  527.000  9.449539e-01 
  528.000  9.430881e-01 
  529.000  9.412383e-01 
  530.000  9.394205e-01 
  531.000  9.376295e-01 
  532.000  9.359942e-01 
  533.000  9.352182e-01 
  534.000  9.346563e-01 
  535.000  9.342312e-01 
  536.000  9.337831e-01 
  537.000  9.332584e-01 
  538.000  9.326442e-01 
  539.000  9.319783e-01 
  540.000  9.312763e-01 
  541.000  9.305654e-01 
  542.000  9.298359e-01 
  543.000  9.290948e-01 
  544.000  9.281700e-01 
  545.000  9.270949e-01 
  546.000  9.260163e-01 
  547.000  9.249607e-01 
  548.000  9.239001e-01 
  549.000  9.228471e-01 
  550.000  9.215917e-01 
  551.000  9.201443e-01 
  552.000  9.187173e-01 
  553.000  9.172689e-01 
  554.000  9.158181e-01 
  555.000  9.143713e-01 
  556.000  9.128605e-01 
  557.000  9.112357e-01 
  558.000  9.096055e-01 
  559.000  9.079593e-01 
  560.000  9.062549e-01 
  561.000  9.044984e-01 
  562.000  9.023156e-01 
  563.000  9.005083e-01 
  564.000  8.985527e-01 
  565.000  8.962615e-01 
  566.000  8.943114e-01 
  567.000  8.908387e-01 
  568.000  8.843126e-01 
  569.000  8.725515e-01 
  570.000  8.726339e-01 
  571.000  8.779629e-01 
  572.000  8.697330e-01 
  573.000  8.700575e-01 
  574.000  8.691039e-01 
  575.000  8.674537e-01 
  576.000  8.670821e-01 
  577.000  8.687283e-01 
  578.000  8.717630e-01 
  579.000  8.745832e-01 
  580.000  8.775374e-01 
  581.000  8.817495e-01 
  582.000  8.846501e-01 
  583.000  8.865522e-01 
  584.000  8.879618e-01 
  585.000  8.892159e-01 
  586.000  8.901636e-01 
  587.000  8.878005e-01 
  588.000  8.734089e-01 
  589.000  8.505059e-01 
  590.000  8.488828e-01 
  591.000  8.641785e-01 
  592.000  8.556725e-01 
  593.000  8.731236e-01 
  594.000  8.689110e-01 
  595.000  8.561658e-01 
  596.000  8.723804e-01 
  597.000  8.667568e-01 
  598.000  8.722551e-01 
  599.000  8.734763e-01 
  600.000  8.782687e-01 
  601.000  8.803461e-01 
  602.000  8.802595e-01 
  603.000  8.815368e-01 
  604.000  8.836755e-01 
  605.000  8.852460e-01 
  606.000  8.862603e-01 
  607.000  8.872284e-01 
  608.000  8.881326e-01 
  609.000  8.889813e-01 
  610.000  8.898975e-01 
  611.000  8.910239e-01 
  612.000  8.921236e-01 
  613.000  8.931816e-01 
  614.000  8.942015e-01 
  615.000  8.952218e-01 
  616.000  8.961957e-01 
  617.000  8.970996e-01 
  618.000  8.977691e-01 
  619.000  8.982664e-01 
  620.000  8.987014e-01 
  621.000  8.990239e-01 
  622.000  8.992338e-01 
  623.000  8.992512e-01 
  624.000  8.992980e-01 
  625.000  8.992788e-01 
  626.000  8.982910e-01 
  627.000  8.918370e-01 
  628.000  8.557897e-01 
  629.000  8.775788e-01 
  630.000  8.826417e-01 
  631.000  8.896250e-01 
  632.000  8.888440e-01 
  633.000  8.974908e-01 
  634.000  9.024241e-01 
  635.000  9.049749e-01 
  636.000  9.082153e-01 
  637.000  9.111439e-01 
  638.000  9.161708e-01 
  639.000  9.182299e-01 
  640.000  9.216477e-01 
  641.000  9.236855e-01 
  642.000  9.259958e-01 
  643.000  9.253505e-01 
  644.000  9.265672e-01 
  645.000  9.252053e-01 
  646.000  9.135188e-01 
  647.000  9.056582e-01 
  648.000  8.967609e-01 
  649.000  9.061773e-01 
  650.000  9.235027e-01 
  651.000  9.241881e-01 
  652.000  9.102490e-01 
  653.000  9.277744e-01 
  654.000  9.266158e-01 
  655.000  9.211650e-01 
  656.000  9.240065e-01 
  657.000  9.279981e-01 
  658.000  9.344574e-01 
  659.000  9.385275e-01 
  660.000  9.407100e-01 
  661.000  9.452712e-01 
  662.000  9.479091e-01 
  663.000  9.481130e-01 
  664.000  9.496761e-01 
  665.000  9.508231e-01 
  666.000  9.525102e-01 
  667.000  9.539820e-01 
  668.000  9.556938e-01 
  669.000  9.568885e-01 
  670.000  9.579351e-01 
  671.000  9.590459e-01 
  672.000  9.600288e-01 
  673.000  9.609936e-01 
  674.000  9.619508e-01 
  675.000  9.629121e-01 
  676.000  9.637928e-01 
  677.000  9.645618e-01 
  678.000  9.653358e-01 
  679.000  9.659384e-01 
  680.000  9.657927e-01 
  681.000  9.653676e-01 
  682.000  9.657957e-01 
  683.000  9.661738e-01 
  684.000  9.655869e-01 
  685.000  9.671963e-01 
  686.000  9.619865e-01 
  687.000  7.969201e-01 
  688.000  8.479393e-01 
  689.000  8.332692e-01 
  690.000  8.600202e-01 
  691.000  8.955826e-01 
  692.000  9.174574e-01 
  693.000  9.102436e-01 
  694.000  8.983281e-01 
  695.000  9.125710e-01 
  696.000  9.207896e-01 
  697.000  9.547443e-01 
  698.000  9.478366e-01 
  699.000  9.175632e-01 
  700.000  9.225922e-01 
  701.000  9.158732e-01 
  702.000  9.208630e-01 
  703.000  9.462795e-01 
  704.000  9.474240e-01 
  705.000  9.369346e-01 
  706.000  9.389501e-01 
  707.000  9.426715e-01 
  708.000  9.467006e-01 
  709.000  9.549803e-01 
  710.000  9.460997e-01 
  711.000  9.550989e-01 
  712.000  9.627648e-01 
  713.000  9.565335e-01 
  714.000  9.543913e-01 
  715.000  9.443030e-01 
  716.000  9.337870e-01 
  717.000  8.681945e-01 
  718.000  8.282970e-01 
  719.000  8.139978e-01 
  720.000  7.927039e-01 
  721.000  8.871005e-01 
  722.000  9.212242e-01 
  723.000  9.019498e-01 
  724.000  8.475966e-01 
  725.000  8.555165e-01 
  726.000  8.529037e-01 
  727.000  8.604832e-01 
  728.000  8.520598e-01 
  729.000  8.727307e-01 
  730.000  8.690774e-01 
  731.000  8.646858e-01 
  732.000  8.997643e-01 
  733.000  9.336715e-01 
  734.000  9.500515e-01 
  735.000  9.441633e-01 
  736.000  9.332279e-01 
  737.000  9.412249e-01 
  738.000  9.522874e-01 
  739.000  9.569740e-01 
  740.000  9.675672e-01 
  741.000  9.736308e-01 
  742.000  9.760903e-01 
  743.000  9.816812e-01 
  744.000  9.836389e-01 
  745.000  9.854168e-01 
  746.000  9.867979e-01 
  747.000  9.871386e-01 
  748.000  9.885588e-01 
  749.000  9.893857e-01 
  750.000  9.886669e-01 
  751.000  9.888857e-01 
  752.000  9.904873e-01 
  753.000  9.910566e-01 
  754.000  9.914752e-01 
  755.000  9.916973e-01 
  756.000  9.919384e-01 
  757.000  9.920425e-01 
  758.000  9.892364e-01 
  759.000  9.000082e-01 
  760.000  3.140178e-01 
  761.000  2.678444e-01 
  762.000  5.778422e-01 
  763.000  4.747484e-01 
  764.000  5.250520e-01 
  765.000  6.441745e-01 
  766.000  7.961898e-01 
  767.000  8.760477e-01 
  768.000  9.293450e-01 
  769.000  9.649605e-01 
  770.000  9.855773e-01 
  771.000  9.939998e-01 
  772.000  9.961130e-01 
  773.000  9.970178e-01 
  774.000  9.983143e-01 
  775.000  9.990955e-01 
  776.000  9.995902e-01 
  777.000  9.995960e-01 
  778.000  9.993767e-01 
  779.000  9.991294e-01 
  780.000  9.988756e-01 
  781.000  9.994557e-01 
  782.000  9.991809e-01 
  783.000  9.989330e-01 
  784.000  9.981428e-01 
  785.000  9.956430e-01 
  786.000  9.917080e-01 
  787.000  9.842895e-01 
  788.000  9.799317e-01 
  789.000  9.647655e-01 
  790.000  9.633430e-01 
  791.000  9.660496e-01 
  792.000  9.685502e-01 
  793.000  9.745464e-01 
  794.000  9.874161e-01 
  795.000  9.793450e-01 
  796.000  9.581416e-01 
  797.000  9.640350e-01 
  798.000  9.772344e-01 
  799.000  9.740729e-01 
  800.000  9.642608e-01 
  801.000  9.652947e-01 
  802.000  9.641991e-01 
  803.000  9.655003e-01 
  804.000  9.699436e-01 
  805.000  9.785632e-01 
  806.000  9.836706e-01 
  807.000  9.837866e-01 
  808.000  9.807075e-01 
  809.000  9.769498e-01 
  810.000  9.728398e-01 
  811.000  9.645507e-01 
  812.000  9.534474e-01 
  813.000  9.399151e-01 
  814.000  9.221660e-01 
  815.000  9.001992e-01 
  816.000  8.723728e-01 
  817.000  8.737417e-01 
  818.000  8.758802e-01 
  819.000  8.849385e-01 
  820.000  9.154657e-01 
  821.000  9.505562e-01 
  822.000  9.236631e-01 
  823.000  8.498383e-01 
  824.000  9.117955e-01 
  825.000  9.521580e-01 
  826.000  9.452052e-01 
  827.000  9.399787e-01 
  828.000  9.132738e-01 
  829.000  9.227269e-01 
  830.000  9.333791e-01 
  831.000  9.358314e-01 
  832.000  9.369072e-01 
  833.000  9.430447e-01 
  834.000  9.503022e-01 
  835.000  9.647993e-01 
  836.000  9.600344e-01 
  837.000  9.594681e-01 
  838.000  9.664733e-01 
  839.000  9.706995e-01 
  840.000  9.721742e-01 
  841.000  9.674107e-01 
  842.000  9.715180e-01 
  843.000  9.814096e-01 
  844.000  9.858581e-01 
  845.000  9.878830e-01 
  846.000  9.900172e-01 
  847.000  9.916096e-01 
  848.000  9.882374e-01 
  849.000  9.886620e-01 
  850.000  9.865687e-01 
  851.000  9.840963e-01 
  852.000  9.842442e-01 
  853.000  9.880919e-01 
  854.000  9.877944e-01 
  855.000  9.896869e-01 
  856.000  9.930826e-01 
  857.000  9.945873e-01 
  858.000  9.955425e-01 
  859.000  9.972595e-01 
  860.000  9.984804e-01 
  861.000  9.985874e-01 
  862.000  9.992336e-01 
  863.000  9.992278e-01 
  864.000  9.996399e-01 
  865.000  9.999587e-01 
  866.000  9.999688e-01 
  867.000  9.997917e-01 
  868.000  9.997574e-01 
  869.000  9.997975e-01 
  870.000  9.995958e-01 
  871.000  9.996293e-01 
  872.000  9.998544e-01 
  873.000  9.994347e-01 
  874.000  9.991634e-01 
  875.000  9.990267e-01 
  876.000  9.983694e-01 
  877.000  9.979892e-01 
  878.000  9.965709e-01 
  879.000  9.963802e-01 
  880.000  9.953524e-01 
  881.000  9.945634e-01 
  882.000  9.941846e-01 
  883.000  9.943938e-01 
  884.000  9.945821e-01 
  885.000  9.924060e-01 
  886.000  9.900512e-01 
  887.000  9.914830e-01 
  888.000  9.912506e-01 
  889.000  9.919693e-01 
  890.000  9.903432e-01 
  891.000  9.871113e-01 
  892.000  9.792480e-01 
  893.000  9.556437e-01 
  894.000  9.438234e-01 
  895.000  9.083572e-01 
  896.000  8.766698e-01 
  897.000  8.434504e-01 
  898.000  8.279616e-01 
  899.000  7.851697e-01 
  900.000  7.911299e-01 
  901.000  7.800838e-01 
  902.000  7.822267e-01 
  903.000  8.540859e-01 
  904.000  8.986198e-01 
  905.000  8.970518e-01 
  906.000  8.691154e-01 
  907.000  8.202292e-01 
  908.000  7.883084e-01 
  909.000  7.895247e-01 
  910.000  7.942209e-01 
  911.000  8.152692e-01 
  912.000  8.050048e-01 
  913.000  7.608992e-01 
  914.000  7.825949e-01 
  915.000  7.998348e-01 
  916.000  8.045452e-01 
  917.000  8.139994e-01 
  918.000  8.262349e-01 
  919.000  8.680258e-01 
  920.000  8.999696e-01 
  921.000  8.929643e-01 
  922.000  8.923404e-01 
  923.000  8.833866e-01 
  924.000  8.619987e-01 
  925.000  8.599966e-01 
  926.000  8.589336e-01 
  927.000  8.337134e-01 
  928.000  7.953021e-01 
  929.000  7.406501e-01 
  930.000  6.725839e-01 
  931.000  5.984998e-01 
  932.000  5.035011e-01 
  933.000  4.363903e-01 
  934.000  3.704318e-01 
  935.000  3.632118e-01 
  936.000  3.883378e-01 
  937.000  3.822252e-01 
  938.000  4.568141e-01 
  939.000  6.605235e-01 
  940.000  6.924109e-01 
  941.000  6.654612e-01 
  942.000  5.997705e-01 
  943.000  4.937023e-01 
  944.000  4.861867e-01 
  945.000  5.233412e-01 
  946.000  5.257181e-01 
  947.000  5.601991e-01 
  948.000  5.805552e-01 
  949.000  5.782468e-01 
  950.000  5.835582e-01 
  951.000  6.294166e-01 
  952.000  5.810786e-01 
  953.000  6.155890e-01 
  954.000  6.531183e-01 
  955.000  6.234637e-01 
  956.000  6.174780e-01 
  957.000  7.126667e-01 
  958.000  7.255679e-01 
  959.000  7.099053e-01 
  960.000  7.055277e-01 
  961.000  6.977305e-01 
  962.000  7.052029e-01 
  963.000  7.584296e-01 
  964.000  7.662670e-01 
  965.000  7.613393e-01 
  966.000  7.644362e-01 
  967.000  8.030027e-01 
  968.000  8.681351e-01 
  969.000  8.979127e-01 
  970.000  8.995674e-01 
  971.000  8.988394e-01 
  972.000  8.903236e-01 
  973.000  8.708117e-01 
  974.000  8.472150e-01 
  975.000  8.321173e-01 
  976.000  8.505105e-01 
  977.000  8.811051e-01 
  978.000  8.786639e-01 
  979.000  8.866952e-01 
  980.000  9.181889e-01 
  981.000  9.252170e-01 
  982.000  9.182350e-01 
  983.000  9.344938e-01 
  984.000  9.512616e-01 
  985.000  9.608040e-01 
  986.000  9.731415e-01 
  987.000  9.784887e-01 
  988.000  9.796966e-01 
  989.000  9.804541e-01 
  990.000  9.817251e-01 
  991.000  9.862923e-01 
  992.000  9.875574e-01 
  993.000  9.880036e-01 
  994.000  9.912555e-01 
  995.000  9.943613e-01 
  996.000  9.942851e-01 
  997.000  9.922317e-01 
  998.000  9.902941e-01 
  999.000  9.900270e-01 
 1000.000  9.900477e-01 
 1001.000  9.861571e-01 
 1002.000  9.790671e-01 
 1003.000  9.806954e-01 
 1004.000  9.847035e-01 
 1005.000  9.865119e-01 
 1006.000  9.870297e-01 
 1007.000  9.856362e-01 
 1008.000  9.798471e-01 
 1009.000  9.721262e-01 
 1010.000  9.754910e-01 
 1011.000  9.835846e-01 
 1012.000  9.866400e-01 
 1013.000  9.890236e-01 
 1014.000  9.894150e-01 
 1015.000  9.895572e-01 
 1016.000  9.906689e-01 
 1017.000  9.909168e-01 
 1018.000  9.897608e-01 
 1019.000  9.874108e-01 
 1020.000  9.883407e-01 
 1021.000  9.897963e-01 
 1022.000  9.868134e-01 
 1023.000  9.838669e-01 
 1024.000  9.820703e-01 
 1025.000  9.872628e-01 
 1026.000  9.889606e-01 
 1027.000  9.884349e-01 
 1028.000  9.886062e-01 
 1029.000  9.906510e-01 
 1030.000  9.926019e-01 
 1031.000  9.938236e-01 
 1032.000  9.944829e-01 
 1033.000  9.943729e-01 
 1034.000  9.949825e-01 
 1035.000  9.952414e-01 
 1036.000  9.948763e-01 
 1037.000  9.947974e-01 
 1038.000  9.949619e-01 
 1039.000  9.944783e-01 
 1040.000  9.940251e-01 
 1041.000  9.936640e-01 
 1042.000  9.935206e-01 
 1043.000  9.934365e-01 
 1044.000  9.930871e-01 
 1045.000  9.921815e-01 
 1046.000  9.915419e-01 
 1047.000  9.907751e-01 
 1048.000  9.897008e-01 
 1049.000  9.885628e-01 
 1050.000  9.875997e-01 
 1051.000  9.865404e-01 
 1052.000  9.856265e-01 
 1053.000  9.851672e-01 
 1054.000  9.840855e-01 
 1055.000  9.827780e-01 
 1056.000  9.815884e-01 
 1057.000  9.792672e-01 
 1058.000  9.752634e-01 
 1059.000  9.751557e-01 
 1060.000  9.765656e-01 
 1061.000  9.758466e-01 
 1062.000  9.732826e-01 
 1063.000  9.721323e-01 
 1064.000  9.699166e-01 
 1065.000  9.675087e-01 
 1066.000  9.676165e-01 
 1067.000  9.663987e-01 
 1068.000  9.630141e-01 
 1069.000  9.615174e-01 
 1070.000  9.626897e-01 
 1071.000  9.603445e-01 
 1072.000  9.578114e-01 
 1073.000  9.576203e-01 
 1074.000  9.584143e-01 
 1075.000  9.630267e-01 
 1076.000  9.606662e-01 
 1077.000  9.573683e-01 
 1078.000  9.534141e-01 
 1079.000  9.531225e-01 
 1080.000  9.420444e-01 
 1081.000  9.415960e-01 
 1082.000  9.467174e-01 
 1083.000  9.409069e-01 
 1084.000  9.345083e-01 
 1085.000  9.190955e-01 
 1086.000  9.228342e-01 
 1087.000  9.400266e-01 
 1088.000  9.408106e-01 
 1089.000  9.200684e-01 
 1090.000  9.162328e-01 
 1091.000  9.202333e-01 
 1092.000  9.100087e-01 
 1093.000  8.871166e-01 
 1094.000  8.772051e-01 
 1095.000  8.788086e-01 
 1096.000  8.802073e-01 
 1097.000  8.756260e-01 
 1098.000  8.204988e-01 
 1099.000  7.740936e-01 
 1100.000  7.771870e-01 
 1101.000  7.835066e-01 
 1102.000  7.803410e-01 
 1103.000  7.844499e-01 
 1104.000  7.766169e-01 
 1105.000  7.571864e-01 
 1106.000  7.378358e-01 
 1107.000  7.424003e-01 
 1108.000  7.455841e-01 
 1109.000  7.616636e-01 
 1110.000  7.589931e-01 
 1111.000  7.494673e-01 
 1112.000  7.086923e-01 
 1113.000  6.532927e-01 
 1114.000  6.372761e-01 
 1115.000  5.708419e-01 
 1116.000  5.307862e-01 
 1117.000  4.424006e-01 
 1118.000  3.644428e-01 
 1119.000  3.240438e-01 
 1120.000  2.766312e-01 
 1121.000  2.662259e-01 
 1122.000  2.207392e-01 
 1123.000  2.442505e-01 
 1124.000  2.605149e-01 
 1125.000  2.517036e-01 
 1126.000  2.483454e-01 
 1127.000  2.525512e-01 
 1128.000  2.606502e-01 
 1129.000  3.073209e-01 
 1130.000  4.219981e-01 
 1131.000  4.568382e-01 
 1132.000  4.089507e-01 
 1133.000  3.263679e-01 
 1134.000  1.903649e-01 
 1135.000  2.001253e-01 
 1136.000  3.390295e-01 
 1137.000  4.226550e-01 
 1138.000  5.088537e-01 
 1139.000  5.375575e-01 
 1140.000  5.208160e-01 
 1141.000  4.879183e-01 
 1142.000  4.760190e-01 
 1143.000  4.393846e-01 
 1144.000  3.994106e-01 
 1145.000  3.433041e-01 
 1146.000  3.564143e-01 
 1147.000  4.006018e-01 
 1148.000  4.409756e-01 
 1149.000  4.579720e-01 
 1150.000  4.598682e-01 
 1151.000  4.860690e-01 
 1152.000  4.989831e-01 
 1153.000  5.178998e-01 
 1154.000  5.134937e-01 
 1155.000  5.495858e-01 
 1156.000  5.900713e-01 
 1157.000  6.741357e-01 
 1158.000  7.102733e-01 
 1159.000  7.418413e-01 
 1160.000  7.551443e-01 
 1161.000  7.879390e-01 
 1162.000  8.123613e-01 
 1163.000  8.420045e-01 
 1164.000  8.488128e-01 
 1165.000  8.515157e-01 
 1166.000  8.580226e-01 
 1167.000  8.619901e-01 
 1168.000  8.605014e-01 
 1169.000  8.648434e-01 
 1170.000  8.687479e-01 
 1171.000  8.791224e-01 
 1172.000  8.730049e-01 
 1173.000  8.670110e-01 
 1174.000  8.673641e-01 
 1175.000  8.837009e-01 
 1176.000  8.987804e-01 
 1177.000  8.916342e-01 
 1178.000  8.770537e-01 
 1179.000  8.770748e-01 
 1180.000  8.718116e-01 
 1181.000  8.582796e-01 
 1182.000  8.449050e-01 
 1183.000  8.465314e-01 
 1184.000  8.541939e-01 
 1185.000  8.730406e-01 
 1186.000  8.674581e-01 
 1187.000  8.482719e-01 
 1188.000  8.439577e-01 
 1189.000  8.559472e-01 
 1190.000  8.864310e-01 
 1191.000  8.955387e-01 
 1192.000  9.086471e-01 
 1193.000  9.058146e-01 
 1194.000  9.038578e-01 
 1195.000  8.909373e-01 
 1196.000  8.927069e-01 
 1197.000  8.864077e-01 
 1198.000  8.849846e-01 
 1199.000  8.771051e-01 
 1200.000  8.816112e-01 
