  250.000  0.000000e+00 
  251.000  0.000000e+00 
  252.000  0.000000e+00 
  253.000  0.000000e+00 
  254.000  0.000000e+00 
  255.000  0.000000e+00 
  256.000  0.000000e+00 
  257.000  0.000000e+00 
  258.000  0.000000e+00 
  259.000  0.000000e+00 
  260.000  0.000000e+00 
  261.000  0.000000e+00 
  262.000  0.000000e+00 
  263.000  0.000000e+00 
  264.000  0.000000e+00 
  265.000  0.000000e+00 
  266.000  0.000000e+00 
  267.000  0.000000e+00 
  268.000  0.000000e+00 
  269.000  0.000000e+00 
  270.000  0.000000e+00 
  271.000  0.000000e+00 
  272.000  0.000000e+00 
  273.000  0.000000e+00 
  274.000  0.000000e+00 
  275.000  0.000000e+00 
  276.000  0.000000e+00 
  277.000  0.000000e+00 
  278.000  0.000000e+00 
  279.000  0.000000e+00 
  280.000  0.000000e+00 
  281.000  0.000000e+00 
  282.000  0.000000e+00 
  283.000  0.000000e+00 
  284.000  0.000000e+00 
  285.000  0.000000e+00 
  286.000  0.000000e+00 
  287.000  0.000000e+00 
  288.000  0.000000e+00 
  289.000  0.000000e+00 
  290.000  0.000000e+00 
  291.000  0.000000e+00 
  292.000  0.000000e+00 
  293.000  9.057679e-09 
  294.000  1.228804e-07 
  295.000  6.497023e-07 
  296.000  5.251267e-06 
  297.000  1.947970e-05 
  298.000  1.083822e-04 
  299.000  2.691087e-04 
  300.000  8.780930e-04 
  301.000  2.298706e-03 
  302.000  4.468437e-03 
  303.000  1.091779e-02 
  304.000  1.546379e-02 
  305.000  3.201171e-02 
  306.000  4.570618e-02 
  307.000  7.188668e-02 
  308.000  9.440308e-02 
  309.000  1.191105e-01 
  310.000  1.852530e-01 
  311.000  2.152269e-01 
  312.000  2.723667e-01 
  313.000  3.265280e-01 
  314.000  3.466139e-01 
  315.000  4.377863e-01 
  316.000  4.649029e-01 
  317.000  5.146924e-01 
  318.000  5.516041e-01 
  319.000  6.790324e-01 
  320.000  5.644249e-01 
  321.000  7.681572e-01 
  322.000  6.625102e-01 
  323.000  7.603247e-01 
  324.000  8.512998e-01 
  325.000  7.547746e-01 
  326.000  8.737255e-01 
  327.000  8.911577e-01 
  328.000  7.961930e-01 
  329.000  9.352030e-01 
  330.000  9.394946e-01 
  331.000  8.761267e-01 
  332.000  9.532641e-01 
  333.000  9.623718e-01 
  334.000  9.261736e-01 
  335.000  9.751236e-01 
  336.000  9.856110e-01 
  337.000  9.592929e-01 
  338.000  9.744688e-01 
  339.000  9.906899e-01 
  340.000  9.700533e-01 
  341.000  9.859576e-01 
  342.000  9.930552e-01 
  343.000  9.896356e-01 
  344.000  9.778341e-01 
  345.000  9.923980e-01 
  346.000  9.964586e-01 
  347.000  9.971390e-01 
  348.000  9.971833e-01 
  349.000  9.991411e-01 
  350.000  9.990347e-01 
  351.000  9.988101e-01 
  352.000  9.965038e-01 
  353.000  9.987325e-01 
  354.000  9.987226e-01 
  355.000  9.981290e-01 
  356.000  9.974130e-01 
  357.000  9.957414e-01 
  358.000  9.949345e-01 
  359.000  9.941632e-01 
  360.000  9.935406e-01 
  361.000  9.952440e-01 
  362.000  9.973900e-01 
  363.000  9.987442e-01 
  364.000  9.993661e-01 
  365.000  9.994486e-01 
  366.000  9.998754e-01 
  367.000  9.998995e-01 
  368.000  9.999148e-01 
  369.000  9.999251e-01 
  370.000  9.999183e-01 
  371.000  9.999139e-01 
  372.000  9.999092e-01 
  373.000  9.999022e-01 
  374.000  9.998392e-01 
  375.000  9.997002e-01 
  376.000  9.993881e-01 
  377.000  9.987766e-01 
  378.000  9.977892e-01 
  379.000  9.969607e-01 
  380.000  9.967721e-01 
  381.000  9.975130e-01 
  382.000  9.985596e-01 
  383.000  9.992490e-01 
  384.000  9.996284e-01 
  385.000  9.998183e-01 
  386.000  9.998975e-01 
  387.000  9.999292e-01 
  388.000  9.999356e-01 
  389.000  9.999441e-01 
  390.000  9.999558e-01 
  391.000  9.999582e-01 
  392.000  9.999675e-01 
  393.000  9.999790e-01 
  394.000  9.999871e-01 
  395.000  9.999871e-01 
  396.000  9.999992e-01 
  397.000  9.999959e-01 
  398.000  9.999907e-01 
  399.000  9.999871e-01 
  400.000  9.999583e-01 
  401.000  9.999546e-01 
  402.000  9.999549e-01 
  403.000  9.999566e-01 
  404.000  9.999583e-01 
  405.000  9.999501e-01 
  406.000  9.999526e-01 
  407.000  9.999598e-01 
  408.000  9.999681e-01 
  409.000  9.999721e-01 
  410.000  9.999738e-01 
  411.000  9.999714e-01 
  412.000  9.999615e-01 
  413.000  9.999657e-01 
  414.000  9.996362e-01 
  415.000  9.997600e-01 
  416.000  9.998669e-01 
  417.000  9.999321e-01 
  418.000  9.999230e-01 
  419.000  9.999062e-01 
  420.000  9.998899e-01 
  421.000  9.998859e-01 
  422.000  9.998928e-01 
  423.000  9.999058e-01 
  424.000  9.999057e-01 
  425.000  9.998469e-01 
  426.000  9.997866e-01 
  427.000  9.997281e-01 
  428.000  9.996311e-01 
  429.000  9.995139e-01 
  430.000  9.993899e-01 
  431.000  9.992731e-01 
  432.000  9.991535e-01 
  433.000  9.990345e-01 
  434.000  9.989192e-01 
  435.000  9.988035e-01 
  436.000  9.986826e-01 
  437.000  9.985582e-01 
  438.000  9.984285e-01 
  439.000  9.983051e-01 
  440.000  9.981629e-01 
  441.000  9.980122e-01 
  442.000  9.978446e-01 
  443.000  9.976630e-01 
  444.000  9.974660e-01 
  445.000  9.972380e-01 
  446.000  9.969641e-01 
  447.000  9.968525e-01 
  448.000  9.969683e-01 
  449.000  9.971439e-01 
  450.000  9.972878e-01 
  451.000  9.973363e-01 
  452.000  9.973068e-01 
  453.000  9.972479e-01 
  454.000  9.971669e-01 
  455.000  9.969314e-01 
  456.000  9.964907e-01 
  457.000  9.960757e-01 
  458.000  9.956561e-01 
  459.000  9.952158e-01 
  460.000  9.947832e-01 
  461.000  9.943527e-01 
  462.000  9.939071e-01 
  463.000  9.934826e-01 
  464.000  9.938449e-01 
  465.000  9.941881e-01 
  466.000  9.945063e-01 
  467.000  9.947866e-01 
  468.000  9.945375e-01 
  469.000  9.939963e-01 
  470.000  9.933417e-01 
  471.000  9.925551e-01 
  472.000  9.915561e-01 
  473.000  9.901698e-01 
  474.000  9.886609e-01 
  475.000  9.866760e-01 
  476.000  9.842120e-01 
  477.000  9.820765e-01 
  478.000  9.819050e-01 
  479.000  9.827614e-01 
  480.000  9.838655e-01 
  481.000  9.846758e-01 
  482.000  9.853862e-01 
  483.000  9.857643e-01 
  484.000  9.858339e-01 
  485.000  9.857110e-01 
  486.000  9.857889e-01 
  487.000  9.860335e-01 
  488.000  9.862298e-01 
  489.000  9.864060e-01 
  490.000  9.865752e-01 
  491.000  9.862546e-01 
  492.000  9.858009e-01 
  493.000  9.853573e-01 
  494.000  9.848931e-01 
  495.000  9.844449e-01 
  496.000  9.832301e-01 
  497.000  9.820006e-01 
  498.000  9.807805e-01 
  499.000  9.795456e-01 
  500.000  9.783198e-01 
  501.000  9.770393e-01 
  502.000  9.757768e-01 
  503.000  9.745257e-01 
  504.000  9.732693e-01 
  505.000  9.720041e-01 
  506.000  9.718580e-01 
  507.000  9.717755e-01 
  508.000  9.717038e-01 
  509.000  9.716291e-01 
  510.000  9.715387e-01 
  511.000  9.712934e-01 
  512.000  9.710127e-01 
  513.000  9.707380e-01 
  514.000  9.704620e-01 
  515.000  9.701887e-01 
  516.000  9.695371e-01 
  517.000  9.685513e-01 
  518.000  9.675661e-01 
  519.000  9.665858e-01 
  520.000  9.656148e-01 
  521.000  9.646052e-01 
  522.000  9.634741e-01 
  523.000  9.622731e-01 
  524.000  9.610933e-01 
  525.000  9.598799e-01 
  526.000  9.587512e-01 
  527.000  9.573863e-01 
  528.000  9.559320e-01 
  529.000  9.544895e-01 
  530.000  9.530714e-01 
  531.000  9.516734e-01 
  532.000  9.503966e-01 
  533.000  9.497905e-01 
  534.000  9.493515e-01 
  535.000  9.490194e-01 
  536.000  9.486693e-01 
  537.000  9.482593e-01 
  538.000  9.477792e-01 
  539.000  9.472587e-01 
  540.000  9.467098e-01 
  541.000  9.461539e-01 
  542.000  9.455834e-01 
  543.000  9.450037e-01 
  544.000  9.442801e-01 
  545.000  9.434388e-01 
  546.000  9.425945e-01 
  547.000  9.417679e-01 
  548.000  9.409372e-01 
  549.000  9.401122e-01 
  550.000  9.391285e-01 
  551.000  9.379938e-01 
  552.000  9.368747e-01 
  553.000  9.357385e-01 
  554.000  9.345999e-01 
  555.000  9.334641e-01 
  556.000  9.322775e-01 
  557.000  9.310010e-01 
  558.000  9.297197e-01 
  559.000  9.284254e-01 
  560.000  9.270855e-01 
  561.000  9.257051e-01 
  562.000  9.242991e-01 
  563.000  9.229017e-01 
  564.000  9.214375e-01 
  565.000  9.198521e-01 
  566.000  9.181675e-01 
  567.000  9.164094e-01 
  568.000  9.144781e-01 
  569.000  9.127219e-01 
  570.000  9.109766e-01 
  571.000  9.091179e-01 
  572.000  9.072722e-01 
  573.000  9.054220e-01 
  574.000  9.038138e-01 
  575.000  9.025874e-01 
  576.000  9.022506e-01 
  577.000  9.022226e-01 
  578.000  9.026245e-01 
  579.000  9.039542e-01 
  580.000  9.063993e-01 
  581.000  9.092630e-01 
  582.000  9.116123e-01 
  583.000  9.135909e-01 
  584.000  9.151937e-01 
  585.000  9.165652e-01 
  586.000  9.177098e-01 
  587.000  9.187061e-01 
  588.000  9.195733e-01 
  589.000  9.198837e-01 
  590.000  9.199887e-01 
  591.000  9.200512e-01 
  592.000  9.200649e-01 
  593.000  9.200367e-01 
  594.000  9.199827e-01 
  595.000  9.199060e-01 
  596.000  9.187211e-01 
  597.000  9.171900e-01 
  598.000  9.156635e-01 
  599.000  9.141440e-01 
  600.000  9.126098e-01 
  601.000  9.110856e-01 
  602.000  9.095736e-01 
  603.000  9.093758e-01 
  604.000  9.101003e-01 
  605.000  9.108164e-01 
  606.000  9.114791e-01 
  607.000  9.121178e-01 
  608.000  9.128094e-01 
  609.000  9.134653e-01 
  610.000  9.141878e-01 
  611.000  9.150774e-01 
  612.000  9.159455e-01 
  613.000  9.167809e-01 
  614.000  9.175860e-01 
  615.000  9.183912e-01 
  616.000  9.191595e-01 
  617.000  9.198724e-01 
  618.000  9.204004e-01 
  619.000  9.207926e-01 
  620.000  9.211355e-01 
  621.000  9.213898e-01 
  622.000  9.215553e-01 
  623.000  9.215691e-01 
  624.000  9.216073e-01 
  625.000  9.215962e-01 
  626.000  9.215999e-01 
  627.000  9.201066e-01 
  628.000  8.869763e-01 
  629.000  9.095717e-01 
  630.000  9.095474e-01 
  631.000  9.151720e-01 
  632.000  9.202180e-01 
  633.000  9.238667e-01 
  634.000  9.274973e-01 
  635.000  9.304069e-01 
  636.000  9.328167e-01 
  637.000  9.350856e-01 
  638.000  9.371618e-01 
  639.000  9.391620e-01 
  640.000  9.410759e-01 
  641.000  9.429493e-01 
  642.000  9.443381e-01 
  643.000  9.456101e-01 
  644.000  9.468033e-01 
  645.000  9.479328e-01 
  646.000  9.490209e-01 
  647.000  9.500559e-01 
  648.000  9.510511e-01 
  649.000  9.520175e-01 
  650.000  9.528551e-01 
  651.000  9.536160e-01 
  652.000  9.543728e-01 
  653.000  9.551232e-01 
  654.000  9.558696e-01 
  655.000  9.566135e-01 
  656.000  9.573536e-01 
  657.000  9.580237e-01 
  658.000  9.587351e-01 
  659.000  9.594663e-01 
  660.000  9.602163e-01 
  661.000  9.609680e-01 
  662.000  9.617227e-01 
  663.000  9.624478e-01 
  664.000  9.631711e-01 
  665.000  9.638930e-01 
  666.000  9.646132e-01 
  667.000  9.653451e-01 
  668.000  9.661024e-01 
  669.000  9.668580e-01 
  670.000  9.676118e-01 
  671.000  9.683641e-01 
  672.000  9.691147e-01 
  673.000  9.698636e-01 
  674.000  9.706110e-01 
  675.000  9.713566e-01 
  676.000  9.720569e-01 
  677.000  9.726650e-01 
  678.000  9.732716e-01 
  679.000  9.738769e-01 
  680.000  9.744806e-01 
  681.000  9.750831e-01 
  682.000  9.756841e-01 
  683.000  9.762837e-01 
  684.000  9.768820e-01 
  685.000  9.774520e-01 
  686.000  9.731774e-01 
  687.000  8.258379e-01 
  688.000  8.704879e-01 
  689.000  8.587664e-01 
  690.000  8.818738e-01 
  691.000  9.166400e-01 
  692.000  9.441004e-01 
  693.000  9.622893e-01 
  694.000  9.734368e-01 
  695.000  9.783006e-01 
  696.000  9.805512e-01 
  697.000  9.822383e-01 
  698.000  9.830089e-01 
  699.000  9.834671e-01 
  700.000  9.838318e-01 
  701.000  9.841673e-01 
  702.000  9.845018e-01 
  703.000  9.848354e-01 
  704.000  9.851684e-01 
  705.000  9.854090e-01 
  706.000  9.856224e-01 
  707.000  9.858352e-01 
  708.000  9.860475e-01 
  709.000  9.862593e-01 
  710.000  9.864705e-01 
  711.000  9.866812e-01 
  712.000  9.868913e-01 
  713.000  9.871008e-01 
  714.000  9.873098e-01 
  715.000  9.875953e-01 
  716.000  9.879108e-01 
  717.000  9.882255e-01 
  718.000  9.885395e-01 
  719.000  9.888527e-01 
  720.000  9.891651e-01 
  721.000  9.894768e-01 
  722.000  9.897877e-01 
  723.000  9.900978e-01 
  724.000  9.904072e-01 
  725.000  9.906473e-01 
  726.000  9.907662e-01 
  727.000  9.908848e-01 
  728.000  9.910031e-01 
  729.000  9.911211e-01 
  730.000  9.912387e-01 
  731.000  9.913561e-01 
  732.000  9.914732e-01 
  733.000  9.915900e-01 
  734.000  9.917064e-01 
  735.000  9.918225e-01 
  736.000  9.918711e-01 
  737.000  9.918914e-01 
  738.000  9.919118e-01 
  739.000  9.919321e-01 
  740.000  9.919523e-01 
  741.000  9.919724e-01 
  742.000  9.919926e-01 
  743.000  9.920127e-01 
  744.000  9.920326e-01 
  745.000  9.920526e-01 
  746.000  9.920725e-01 
  747.000  9.922085e-01 
  748.000  9.923867e-01 
  749.000  9.925644e-01 
  750.000  9.927418e-01 
  751.000  9.929187e-01 
  752.000  9.930951e-01 
  753.000  9.932712e-01 
  754.000  9.934467e-01 
  755.000  9.936218e-01 
  756.000  9.937966e-01 
  757.000  9.938767e-01 
  758.000  9.916291e-01 
  759.000  9.136624e-01 
  760.000  3.679678e-01 
  761.000  3.207284e-01 
  762.000  6.230810e-01 
  763.000  5.257928e-01 
  764.000  5.735717e-01 
  765.000  6.843284e-01 
  766.000  8.217257e-01 
  767.000  8.924165e-01 
  768.000  9.390951e-01 
  769.000  9.700713e-01 
  770.000  9.875342e-01 
  771.000  9.950545e-01 
  772.000  9.968817e-01 
  773.000  9.976844e-01 
  774.000  9.988638e-01 
  775.000  9.994519e-01 
  776.000  9.997897e-01 
  777.000  9.999249e-01 
  778.000  9.999845e-01 
  779.000  1.000000e+00 
  780.000  1.000000e+00 
  781.000  1.000000e+00 
  782.000  1.000000e+00 
  783.000  1.000000e+00 
  784.000  1.000000e+00 
  785.000  1.000000e+00 
  786.000  1.000000e+00 
  787.000  1.000000e+00 
  788.000  1.000000e+00 
  789.000  1.000000e+00 
  790.000  1.000000e+00 
  791.000  1.000000e+00 
  792.000  1.000000e+00 
  793.000  1.000000e+00 
  794.000  1.000000e+00 
  795.000  1.000000e+00 
  796.000  1.000000e+00 
  797.000  1.000000e+00 
  798.000  1.000000e+00 
  799.000  1.000000e+00 
  800.000  1.000000e+00 
  801.000  1.000000e+00 
  802.000  1.000000e+00 
  803.000  1.000000e+00 
  804.000  1.000000e+00 
  805.000  1.000000e+00 
  806.000  1.000000e+00 
  807.000  1.000000e+00 
  808.000  1.000000e+00 
  809.000  1.000000e+00 
  810.000  1.000000e+00 
  811.000  1.000000e+00 
  812.000  1.000000e+00 
  813.000  1.000000e+00 
  814.000  1.000000e+00 
  815.000  1.000000e+00 
  816.000  1.000000e+00 
  817.000  1.000000e+00 
  818.000  1.000000e+00 
  819.000  1.000000e+00 
  820.000  1.000000e+00 
  821.000  1.000000e+00 
  822.000  1.000000e+00 
  823.000  1.000000e+00 
  824.000  1.000000e+00 
  825.000  1.000000e+00 
  826.000  1.000000e+00 
  827.000  1.000000e+00 
  828.000  1.000000e+00 
  829.000  1.000000e+00 
  830.000  1.000000e+00 
  831.000  1.000000e+00 
  832.000  1.000000e+00 
  833.000  1.000000e+00 
  834.000  1.000000e+00 
  835.000  1.000000e+00 
  836.000  1.000000e+00 
  837.000  1.000000e+00 
  838.000  1.000000e+00 
  839.000  1.000000e+00 
  840.000  1.000000e+00 
  841.000  1.000000e+00 
  842.000  1.000000e+00 
  843.000  1.000000e+00 
  844.000  1.000000e+00 
  845.000  1.000000e+00 
  846.000  1.000000e+00 
  847.000  1.000000e+00 
  848.000  1.000000e+00 
  849.000  1.000000e+00 
  850.000  1.000000e+00 
  851.000  1.000000e+00 
  852.000  1.000000e+00 
  853.000  1.000000e+00 
  854.000  1.000000e+00 
  855.000  1.000000e+00 
  856.000  1.000000e+00 
  857.000  1.000000e+00 
  858.000  1.000000e+00 
  859.000  1.000000e+00 
  860.000  1.000000e+00 
  861.000  1.000000e+00 
  862.000  1.000000e+00 
  863.000  1.000000e+00 
  864.000  1.000000e+00 
  865.000  1.000000e+00 
  866.000  1.000000e+00 
  867.000  1.000000e+00 
  868.000  1.000000e+00 
  869.000  1.000000e+00 
  870.000  1.000000e+00 
  871.000  1.000000e+00 
  872.000  1.000000e+00 
  873.000  1.000000e+00 
  874.000  1.000000e+00 
  875.000  1.000000e+00 
  876.000  1.000000e+00 
  877.000  1.000000e+00 
  878.000  1.000000e+00 
  879.000  1.000000e+00 
  880.000  1.000000e+00 
  881.000  1.000000e+00 
  882.000  1.000000e+00 
  883.000  1.000000e+00 
  884.000  1.000000e+00 
  885.000  1.000000e+00 
  886.000  1.000000e+00 
  887.000  1.000000e+00 
  888.000  1.000000e+00 
  889.000  1.000000e+00 
  890.000  1.000000e+00 
  891.000  1.000000e+00 
  892.000  1.000000e+00 
  893.000  1.000000e+00 
  894.000  1.000000e+00 
  895.000  1.000000e+00 
  896.000  1.000000e+00 
  897.000  1.000000e+00 
  898.000  1.000000e+00 
  899.000  1.000000e+00 
  900.000  1.000000e+00 
  901.000  1.000000e+00 
  902.000  1.000000e+00 
  903.000  1.000000e+00 
  904.000  1.000000e+00 
  905.000  1.000000e+00 
  906.000  1.000000e+00 
  907.000  1.000000e+00 
  908.000  1.000000e+00 
  909.000  1.000000e+00 
  910.000  1.000000e+00 
  911.000  1.000000e+00 
  912.000  1.000000e+00 
  913.000  1.000000e+00 
  914.000  1.000000e+00 
  915.000  1.000000e+00 
  916.000  1.000000e+00 
  917.000  1.000000e+00 
  918.000  1.000000e+00 
  919.000  1.000000e+00 
  920.000  1.000000e+00 
  921.000  1.000000e+00 
  922.000  1.000000e+00 
  923.000  1.000000e+00 
  924.000  1.000000e+00 
  925.000  1.000000e+00 
  926.000  1.000000e+00 
  927.000  1.000000e+00 
  928.000  1.000000e+00 
  929.000  1.000000e+00 
  930.000  1.000000e+00 
  931.000  1.000000e+00 
  932.000  1.000000e+00 
  933.000  1.000000e+00 
  934.000  1.000000e+00 
  935.000  1.000000e+00 
  936.000  1.000000e+00 
  937.000  1.000000e+00 
  938.000  1.000000e+00 
  939.000  1.000000e+00 
  940.000  1.000000e+00 
  941.000  1.000000e+00 
  942.000  1.000000e+00 
  943.000  1.000000e+00 
  944.000  1.000000e+00 
  945.000  1.000000e+00 
  946.000  1.000000e+00 
  947.000  1.000000e+00 
  948.000  1.000000e+00 
  949.000  1.000000e+00 
  950.000  1.000000e+00 
  951.000  1.000000e+00 
  952.000  1.000000e+00 
  953.000  1.000000e+00 
  954.000  1.000000e+00 
  955.000  1.000000e+00 
  956.000  1.000000e+00 
  957.000  1.000000e+00 
  958.000  1.000000e+00 
  959.000  1.000000e+00 
  960.000  1.000000e+00 
  961.000  1.000000e+00 
  962.000  1.000000e+00 
  963.000  1.000000e+00 
  964.000  1.000000e+00 
  965.000  1.000000e+00 
  966.000  1.000000e+00 
  967.000  1.000000e+00 
  968.000  1.000000e+00 
  969.000  1.000000e+00 
  970.000  1.000000e+00 
  971.000  1.000000e+00 
  972.000  1.000000e+00 
  973.000  1.000000e+00 
  974.000  1.000000e+00 
  975.000  1.000000e+00 
  976.000  1.000000e+00 
  977.000  1.000000e+00 
  978.000  1.000000e+00 
  979.000  1.000000e+00 
  980.000  1.000000e+00 
  981.000  1.000000e+00 
  982.000  1.000000e+00 
  983.000  1.000000e+00 
  984.000  1.000000e+00 
  985.000  1.000000e+00 
  986.000  1.000000e+00 
  987.000  1.000000e+00 
  988.000  1.000000e+00 
  989.000  1.000000e+00 
  990.000  1.000000e+00 
  991.000  1.000000e+00 
  992.000  1.000000e+00 
  993.000  1.000000e+00 
  994.000  1.000000e+00 
  995.000  1.000000e+00 
  996.000  1.000000e+00 
  997.000  1.000000e+00 
  998.000  1.000000e+00 
  999.000  1.000000e+00 
 1000.000  1.000000e+00 
 1001.000  1.000000e+00 
 1002.000  1.000000e+00 
 1003.000  1.000000e+00 
 1004.000  1.000000e+00 
 1005.000  1.000000e+00 
 1006.000  9.999248e-01 
 1007.000  9.999191e-01 
 1008.000  9.999050e-01 
 1009.000  9.998745e-01 
 1010.000  9.998521e-01 
 1011.000  9.998126e-01 
 1012.000  9.997836e-01 
 1013.000  9.997292e-01 
 1014.000  9.996873e-01 
 1015.000  9.996266e-01 
 1016.000  9.995772e-01 
 1017.000  9.995387e-01 
 1018.000  9.994776e-01 
 1019.000  9.994339e-01 
 1020.000  9.993731e-01 
 1021.000  9.993207e-01 
 1022.000  9.992328e-01 
 1023.000  9.991420e-01 
 1024.000  9.990454e-01 
 1025.000  9.989686e-01 
 1026.000  9.988531e-01 
 1027.000  9.987575e-01 
 1028.000  9.986178e-01 
 1029.000  9.985012e-01 
 1030.000  9.983639e-01 
 1031.000  9.982240e-01 
 1032.000  9.980480e-01 
 1033.000  9.978768e-01 
 1034.000  9.976764e-01 
 1035.000  9.973686e-01 
 1036.000  9.968469e-01 
 1037.000  9.964091e-01 
 1038.000  9.963301e-01 
 1039.000  9.961751e-01 
 1040.000  9.959324e-01 
 1041.000  9.957255e-01 
 1042.000  9.955742e-01 
 1043.000  9.953826e-01 
 1044.000  9.950963e-01 
 1045.000  9.947386e-01 
 1046.000  9.944109e-01 
 1047.000  9.939523e-01 
 1048.000  9.929306e-01 
 1049.000  9.916446e-01 
 1050.000  9.911379e-01 
 1051.000  9.909357e-01 
 1052.000  9.903930e-01 
 1053.000  9.898534e-01 
 1054.000  9.893584e-01 
 1055.000  9.888226e-01 
 1056.000  9.880238e-01 
 1057.000  9.872133e-01 
 1058.000  9.863050e-01 
 1059.000  9.855180e-01 
 1060.000  9.847947e-01 
 1061.000  9.842635e-01 
 1062.000  9.833921e-01 
 1063.000  9.820940e-01 
 1064.000  9.811983e-01 
 1065.000  9.810517e-01 
 1066.000  9.809920e-01 
 1067.000  9.807374e-01 
 1068.000  9.811200e-01 
 1069.000  9.830673e-01 
 1070.000  9.845796e-01 
 1071.000  9.859906e-01 
 1072.000  9.869078e-01 
 1073.000  9.878663e-01 
 1074.000  9.887893e-01 
 1075.000  9.896859e-01 
 1076.000  9.905021e-01 
 1077.000  9.912286e-01 
 1078.000  9.919148e-01 
 1079.000  9.925753e-01 
 1080.000  9.930913e-01 
 1081.000  9.935883e-01 
 1082.000  9.940320e-01 
 1083.000  9.945102e-01 
 1084.000  9.948982e-01 
 1085.000  9.952572e-01 
 1086.000  9.956065e-01 
 1087.000  9.959095e-01 
 1088.000  9.962125e-01 
 1089.000  9.964748e-01 
 1090.000  9.967507e-01 
 1091.000  9.969976e-01 
 1092.000  9.973068e-01 
 1093.000  9.974741e-01 
 1094.000  9.976394e-01 
 1095.000  9.977892e-01 
 1096.000  9.979001e-01 
 1097.000  9.981098e-01 
 1098.000  9.982503e-01 
 1099.000  9.984443e-01 
 1100.000  9.985707e-01 
 1101.000  9.986601e-01 
 1102.000  9.988482e-01 
 1103.000  9.988782e-01 
 1104.000  9.988782e-01 
 1105.000  9.989844e-01 
 1106.000  9.990826e-01 
 1107.000  9.991860e-01 
 1108.000  9.993004e-01 
 1109.000  9.993476e-01 
 1110.000  9.994329e-01 
 1111.000  9.995202e-01 
 1112.000  9.995961e-01 
 1113.000  9.995594e-01 
 1114.000  9.995871e-01 
 1115.000  9.996019e-01 
 1116.000  9.996499e-01 
 1117.000  9.996052e-01 
 1118.000  9.997109e-01 
 1119.000  9.996978e-01 
 1120.000  9.997959e-01 
 1121.000  9.998440e-01 
 1122.000  9.998456e-01 
 1123.000  9.997976e-01 
 1124.000  9.998233e-01 
 1125.000  9.998662e-01 
 1126.000  9.998382e-01 
 1127.000  9.999330e-01 
 1128.000  9.998612e-01 
 1129.000  9.999281e-01 
 1130.000  9.999566e-01 
 1131.000  9.999620e-01 
 1132.000  9.999670e-01 
 1133.000  1.000000e+00 
 1134.000  9.999926e-01 
 1135.000  1.000000e+00 
 1136.000  1.000000e+00 
 1137.000  9.999835e-01 
 1138.000  9.999838e-01 
 1139.000  9.999840e-01 
 1140.000  9.999843e-01 
 1141.000  9.999846e-01 
 1142.000  9.999849e-01 
 1143.000  9.999851e-01 
 1144.000  9.999853e-01 
 1145.000  9.999856e-01 
 1146.000  9.999859e-01 
 1147.000  9.999862e-01 
 1148.000  9.999864e-01 
 1149.000  9.999866e-01 
 1150.000  9.999869e-01 
 1151.000  9.999872e-01 
 1152.000  9.999875e-01 
 1153.000  9.999877e-01 
 1154.000  9.999880e-01 
 1155.000  9.999882e-01 
 1156.000  9.999884e-01 
 1157.000  9.999888e-01 
 1158.000  9.999890e-01 
 1159.000  9.999893e-01 
 1160.000  9.999895e-01 
 1161.000  9.999897e-01 
 1162.000  9.999901e-01 
 1163.000  9.999903e-01 
 1164.000  9.999906e-01 
 1165.000  9.999908e-01 
 1166.000  9.999911e-01 
 1167.000  9.999914e-01 
 1168.000  9.999917e-01 
 1169.000  9.999919e-01 
 1170.000  9.999921e-01 
 1171.000  9.999924e-01 
 1172.000  9.999927e-01 
 1173.000  9.999930e-01 
 1174.000  9.999932e-01 
 1175.000  9.999934e-01 
 1176.000  9.999937e-01 
 1177.000  9.999940e-01 
 1178.000  9.999943e-01 
 1179.000  9.999945e-01 
 1180.000  9.999948e-01 
 1181.000  9.999950e-01 
 1182.000  9.999952e-01 
 1183.000  9.999956e-01 
 1184.000  9.999958e-01 
 1185.000  9.999961e-01 
 1186.000  9.999963e-01 
 1187.000  9.999965e-01 
 1188.000  9.999969e-01 
 1189.000  9.999971e-01 
 1190.000  9.999974e-01 
 1191.000  9.999976e-01 
 1192.000  9.999979e-01 
 1193.000  9.999982e-01 
 1194.000  9.999985e-01 
 1195.000  9.999987e-01 
 1196.000  9.999989e-01 
 1197.000  9.999992e-01 
 1198.000  9.999995e-01 
 1199.000  9.999998e-01 
 1200.000  9.999372e-01 
