  250.000  0.000000e+00 
  251.000  0.000000e+00 
  252.000  0.000000e+00 
  253.000  0.000000e+00 
  254.000  0.000000e+00 
  255.000  0.000000e+00 
  256.000  0.000000e+00 
  257.000  0.000000e+00 
  258.000  0.000000e+00 
  259.000  0.000000e+00 
  260.000  0.000000e+00 
  261.000  0.000000e+00 
  262.000  0.000000e+00 
  263.000  0.000000e+00 
  264.000  0.000000e+00 
  265.000  0.000000e+00 
  266.000  0.000000e+00 
  267.000  0.000000e+00 
  268.000  0.000000e+00 
  269.000  0.000000e+00 
  270.000  0.000000e+00 
  271.000  0.000000e+00 
  272.000  0.000000e+00 
  273.000  0.000000e+00 
  274.000  0.000000e+00 
  275.000  0.000000e+00 
  276.000  0.000000e+00 
  277.000  0.000000e+00 
  278.000  0.000000e+00 
  279.000  0.000000e+00 
  280.000  0.000000e+00 
  281.000  0.000000e+00 
  282.000  0.000000e+00 
  283.000  0.000000e+00 
  284.000  0.000000e+00 
  285.000  0.000000e+00 
  286.000  0.000000e+00 
  287.000  0.000000e+00 
  288.000  0.000000e+00 
  289.000  0.000000e+00 
  290.000  0.000000e+00 
  291.000  0.000000e+00 
  292.000  0.000000e+00 
  293.000  2.169659e-12 
  294.000  9.520230e-11 
  295.000  1.065243e-09 
  296.000  2.205671e-08 
  297.000  1.476193e-07 
  298.000  1.778512e-06 
  299.000  6.650064e-06 
  300.000  3.695270e-05 
  301.000  1.491866e-04 
  302.000  3.911567e-04 
  303.000  1.428836e-03 
  304.000  2.367114e-03 
  305.000  6.799225e-03 
  306.000  1.139593e-02 
  307.000  2.197646e-02 
  308.000  3.262619e-02 
  309.000  4.570671e-02 
  310.000  8.672469e-02 
  311.000  1.077938e-01 
  312.000  1.516643e-01 
  313.000  1.972909e-01 
  314.000  2.151311e-01 
  315.000  3.018373e-01 
  316.000  3.293231e-01 
  317.000  3.816789e-01 
  318.000  4.220060e-01 
  319.000  5.704458e-01 
  320.000  4.363042e-01 
  321.000  6.821570e-01 
  322.000  5.504282e-01 
  323.000  6.720934e-01 
  324.000  7.917871e-01 
  325.000  6.649906e-01 
  326.000  8.222131e-01 
  327.000  8.461087e-01 
  328.000  7.185563e-01 
  329.000  9.074211e-01 
  330.000  9.134659e-01 
  331.000  8.254920e-01 
  332.000  9.329445e-01 
  333.000  9.458984e-01 
  334.000  8.947436e-01 
  335.000  9.641282e-01 
  336.000  9.792014e-01 
  337.000  9.415132e-01 
  338.000  9.631894e-01 
  339.000  9.865273e-01 
  340.000  9.568666e-01 
  341.000  9.797007e-01 
  342.000  9.899446e-01 
  343.000  9.850050e-01 
  344.000  9.680169e-01 
  345.000  9.889948e-01 
  346.000  9.948685e-01 
  347.000  9.958537e-01 
  348.000  9.959177e-01 
  349.000  9.987546e-01 
  350.000  9.986005e-01 
  351.000  9.982747e-01 
  352.000  9.949340e-01 
  353.000  9.981624e-01 
  354.000  9.981480e-01 
  355.000  9.972878e-01 
  356.000  9.962506e-01 
  357.000  9.938302e-01 
  358.000  9.926625e-01 
  359.000  9.915468e-01 
  360.000  9.906464e-01 
  361.000  9.931104e-01 
  362.000  9.962173e-01 
  363.000  9.981793e-01 
  364.000  9.990809e-01 
  365.000  9.992005e-01 
  366.000  9.998192e-01 
  367.000  9.998541e-01 
  368.000  9.998764e-01 
  369.000  9.998915e-01 
  370.000  9.998816e-01 
  371.000  9.998752e-01 
  372.000  9.998682e-01 
  373.000  9.998583e-01 
  374.000  9.997668e-01 
  375.000  9.995652e-01 
  376.000  9.991127e-01 
  377.000  9.982262e-01 
  378.000  9.967955e-01 
  379.000  9.955955e-01 
  380.000  9.953224e-01 
  381.000  9.963953e-01 
  382.000  9.979118e-01 
  383.000  9.989110e-01 
  384.000  9.994611e-01 
  385.000  9.997364e-01 
  386.000  9.998512e-01 
  387.000  9.998973e-01 
  388.000  9.999067e-01 
  389.000  9.999189e-01 
  390.000  9.999359e-01 
  391.000  9.999393e-01 
  392.000  9.999528e-01 
  393.000  9.999697e-01 
  394.000  9.999813e-01 
  395.000  9.999813e-01 
  396.000  9.999987e-01 
  397.000  9.999941e-01 
  398.000  9.999866e-01 
  399.000  9.999813e-01 
  400.000  9.999394e-01 
  401.000  9.999340e-01 
  402.000  9.999346e-01 
  403.000  9.999371e-01 
  404.000  9.999394e-01 
  405.000  9.999275e-01 
  406.000  9.999311e-01 
  407.000  9.999418e-01 
  408.000  9.999536e-01 
  409.000  9.999596e-01 
  410.000  9.999620e-01 
  411.000  9.999584e-01 
  412.000  9.999442e-01 
  413.000  9.999501e-01 
  414.000  9.994723e-01 
  415.000  9.996519e-01 
  416.000  9.998069e-01 
  417.000  9.999015e-01 
  418.000  9.998884e-01 
  419.000  9.998640e-01 
  420.000  9.998403e-01 
  421.000  9.998344e-01 
  422.000  9.998445e-01 
  423.000  9.998634e-01 
  424.000  9.998633e-01 
  425.000  9.997779e-01 
  426.000  9.996904e-01 
  427.000  9.996057e-01 
  428.000  9.994650e-01 
  429.000  9.992952e-01 
  430.000  9.991154e-01 
  431.000  9.989460e-01 
  432.000  9.987726e-01 
  433.000  9.986000e-01 
  434.000  9.984330e-01 
  435.000  9.982652e-01 
  436.000  9.980901e-01 
  437.000  9.979097e-01 
  438.000  9.977219e-01 
  439.000  9.975430e-01 
  440.000  9.973369e-01 
  441.000  9.971187e-01 
  442.000  9.968758e-01 
  443.000  9.966127e-01 
  444.000  9.963273e-01 
  445.000  9.959972e-01 
  446.000  9.956004e-01 
  447.000  9.954388e-01 
  448.000  9.956065e-01 
  449.000  9.958608e-01 
  450.000  9.960691e-01 
  451.000  9.961395e-01 
  452.000  9.960967e-01 
  453.000  9.960116e-01 
  454.000  9.958941e-01 
  455.000  9.955531e-01 
  456.000  9.949149e-01 
  457.000  9.943141e-01 
  458.000  9.937068e-01 
  459.000  9.930696e-01 
  460.000  9.924437e-01 
  461.000  9.918209e-01 
  462.000  9.911763e-01 
  463.000  9.905626e-01 
  464.000  9.910864e-01 
  465.000  9.915829e-01 
  466.000  9.920431e-01 
  467.000  9.924486e-01 
  468.000  9.920882e-01 
  469.000  9.913055e-01 
  470.000  9.903588e-01 
  471.000  9.892218e-01 
  472.000  9.877782e-01 
  473.000  9.857761e-01 
  474.000  9.835985e-01 
  475.000  9.807361e-01 
  476.000  9.771865e-01 
  477.000  9.741133e-01 
  478.000  9.738665e-01 
  479.000  9.750986e-01 
  480.000  9.766876e-01 
  481.000  9.778541e-01 
  482.000  9.788774e-01 
  483.000  9.794222e-01 
  484.000  9.795226e-01 
  485.000  9.793454e-01 
  486.000  9.794576e-01 
  487.000  9.798102e-01 
  488.000  9.800931e-01 
  489.000  9.803470e-01 
  490.000  9.805908e-01 
  491.000  9.801288e-01 
  492.000  9.794750e-01 
  493.000  9.788359e-01 
  494.000  9.781672e-01 
  495.000  9.775218e-01 
  496.000  9.757729e-01 
  497.000  9.740040e-01 
  498.000  9.722496e-01 
  499.000  9.704749e-01 
  500.000  9.687143e-01 
  501.000  9.668760e-01 
  502.000  9.650648e-01 
  503.000  9.632710e-01 
  504.000  9.614705e-01 
  505.000  9.596586e-01 
  506.000  9.594494e-01 
  507.000  9.593313e-01 
  508.000  9.592286e-01 
  509.000  9.591217e-01 
  510.000  9.589922e-01 
  511.000  9.586412e-01 
  512.000  9.582394e-01 
  513.000  9.578463e-01 
  514.000  9.574515e-01 
  515.000  9.570605e-01 
  516.000  9.561285e-01 
  517.000  9.547190e-01 
  518.000  9.533110e-01 
  519.000  9.519107e-01 
  520.000  9.505243e-01 
  521.000  9.490833e-01 
  522.000  9.474699e-01 
  523.000  9.457578e-01 
  524.000  9.440767e-01 
  525.000  9.423488e-01 
  526.000  9.407423e-01 
  527.000  9.388007e-01 
  528.000  9.367334e-01 
  529.000  9.346843e-01 
  530.000  9.326711e-01 
  531.000  9.306879e-01 
  532.000  9.288776e-01 
  533.000  9.280187e-01 
  534.000  9.273968e-01 
  535.000  9.269264e-01 
  536.000  9.264304e-01 
  537.000  9.258499e-01 
  538.000  9.251703e-01 
  539.000  9.244335e-01 
  540.000  9.236568e-01 
  541.000  9.228704e-01 
  542.000  9.220635e-01 
  543.000  9.212438e-01 
  544.000  9.202213e-01 
  545.000  9.190325e-01 
  546.000  9.178399e-01 
  547.000  9.166729e-01 
  548.000  9.155006e-01 
  549.000  9.143368e-01 
  550.000  9.129497e-01 
  551.000  9.113505e-01 
  552.000  9.097742e-01 
  553.000  9.081746e-01 
  554.000  9.065725e-01 
  555.000  9.049752e-01 
  556.000  9.033076e-01 
  557.000  9.015144e-01 
  558.000  8.997156e-01 
  559.000  8.978993e-01 
  560.000  8.960187e-01 
  561.000  8.940798e-01 
  562.000  8.914208e-01 
  563.000  8.894080e-01 
  564.000  8.871909e-01 
  565.000  8.844882e-01 
  566.000  8.824562e-01 
  567.000  8.782813e-01 
  568.000  8.690985e-01 
  569.000  8.501807e-01 
  570.000  8.515408e-01 
  571.000  8.627059e-01 
  572.000  8.493652e-01 
  573.000  8.512018e-01 
  574.000  8.507622e-01 
  575.000  8.488994e-01 
  576.000  8.485307e-01 
  577.000  8.519539e-01 
  578.000  8.559601e-01 
  579.000  8.600329e-01 
  580.000  8.632196e-01 
  581.000  8.682743e-01 
  582.000  8.714365e-01 
  583.000  8.730931e-01 
  584.000  8.743497e-01 
  585.000  8.750406e-01 
  586.000  8.761442e-01 
  587.000  8.711816e-01 
  588.000  8.466900e-01 
  589.000  8.091179e-01 
  590.000  8.064114e-01 
  591.000  8.311337e-01 
  592.000  8.173352e-01 
  593.000  8.457921e-01 
  594.000  8.389198e-01 
  595.000  8.182502e-01 
  596.000  8.455504e-01 
  597.000  8.374337e-01 
  598.000  8.475434e-01 
  599.000  8.506658e-01 
  600.000  8.597072e-01 
  601.000  8.652986e-01 
  602.000  8.654611e-01 
  603.000  8.674061e-01 
  604.000  8.704821e-01 
  605.000  8.726336e-01 
  606.000  8.738621e-01 
  607.000  8.750299e-01 
  608.000  8.760436e-01 
  609.000  8.769896e-01 
  610.000  8.779992e-01 
  611.000  8.792392e-01 
  612.000  8.804500e-01 
  613.000  8.816146e-01 
  614.000  8.827376e-01 
  615.000  8.838612e-01 
  616.000  8.849337e-01 
  617.000  8.859292e-01 
  618.000  8.866668e-01 
  619.000  8.872147e-01 
  620.000  8.876938e-01 
  621.000  8.880491e-01 
  622.000  8.882802e-01 
  623.000  8.882991e-01 
  624.000  8.883491e-01 
  625.000  8.883232e-01 
  626.000  8.866066e-01 
  627.000  8.775105e-01 
  628.000  8.399752e-01 
  629.000  8.605703e-01 
  630.000  8.689570e-01 
  631.000  8.763493e-01 
  632.000  8.715670e-01 
  633.000  8.841458e-01 
  634.000  8.899871e-01 
  635.000  8.921607e-01 
  636.000  8.961870e-01 
  637.000  8.994259e-01 
  638.000  9.056000e-01 
  639.000  9.076515e-01 
  640.000  9.119521e-01 
  641.000  9.139642e-01 
  642.000  9.169313e-01 
  643.000  9.148395e-01 
  644.000  9.160108e-01 
  645.000  9.125961e-01 
  646.000  8.924199e-01 
  647.000  8.787357e-01 
  648.000  8.635237e-01 
  649.000  8.781996e-01 
  650.000  9.061229e-01 
  651.000  9.067296e-01 
  652.000  8.833057e-01 
  653.000  9.116244e-01 
  654.000  9.092074e-01 
  655.000  8.996959e-01 
  656.000  9.038681e-01 
  657.000  9.100194e-01 
  658.000  9.202436e-01 
  659.000  9.265095e-01 
  660.000  9.296270e-01 
  661.000  9.369938e-01 
  662.000  9.408447e-01 
  663.000  9.407399e-01 
  664.000  9.427679e-01 
  665.000  9.442213e-01 
  666.000  9.461786e-01 
  667.000  9.480495e-01 
  668.000  9.504160e-01 
  669.000  9.518829e-01 
  670.000  9.530930e-01 
  671.000  9.544163e-01 
  672.000  9.555177e-01 
  673.000  9.565891e-01 
  674.000  9.576486e-01 
  675.000  9.587165e-01 
  676.000  9.596815e-01 
  677.000  9.605267e-01 
  678.000  9.613811e-01 
  679.000  9.619460e-01 
  680.000  9.612455e-01 
  681.000  9.606677e-01 
  682.000  9.609016e-01 
  683.000  9.610831e-01 
  684.000  9.597319e-01 
  685.000  9.615321e-01 
  686.000  9.569127e-01 
  687.000  7.834557e-01 
  688.000  8.373626e-01 
  689.000  8.211508e-01 
  690.000  8.495745e-01 
  691.000  8.847650e-01 
  692.000  9.024360e-01 
  693.000  8.796533e-01 
  694.000  8.540702e-01 
  695.000  8.732954e-01 
  696.000  8.848889e-01 
  697.000  9.378836e-01 
  698.000  9.264947e-01 
  699.000  8.785255e-01 
  700.000  8.860947e-01 
  701.000  8.754190e-01 
  702.000  8.830349e-01 
  703.000  9.229018e-01 
  704.000  9.245826e-01 
  705.000  9.079049e-01 
  706.000  9.110013e-01 
  707.000  9.167911e-01 
  708.000  9.230911e-01 
  709.000  9.361550e-01 
  710.000  9.219164e-01 
  711.000  9.361029e-01 
  712.000  9.482138e-01 
  713.000  9.380718e-01 
  714.000  9.344102e-01 
  715.000  9.179657e-01 
  716.000  9.006135e-01 
  717.000  7.989424e-01 
  718.000  7.390497e-01 
  719.000  7.177341e-01 
  720.000  6.874734e-01 
  721.000  8.260632e-01 
  722.000  8.784835e-01 
  723.000  8.485969e-01 
  724.000  7.665776e-01 
  725.000  7.779716e-01 
  726.000  7.741622e-01 
  727.000  7.854612e-01 
  728.000  7.730638e-01 
  729.000  8.039712e-01 
  730.000  7.987478e-01 
  731.000  7.924641e-01 
  732.000  8.455527e-01 
  733.000  8.983353e-01 
  734.000  9.243665e-01 
  735.000  9.151366e-01 
  736.000  8.980044e-01 
  737.000  9.106236e-01 
  738.000  9.281526e-01 
  739.000  9.356630e-01 
  740.000  9.526486e-01 
  741.000  9.624384e-01 
  742.000  9.664428e-01 
  743.000  9.754882e-01 
  744.000  9.794631e-01 
  745.000  9.818453e-01 
  746.000  9.840841e-01 
  747.000  9.845381e-01 
  748.000  9.863304e-01 
  749.000  9.876001e-01 
  750.000  9.867296e-01 
  751.000  9.869717e-01 
  752.000  9.890725e-01 
  753.000  9.899068e-01 
  754.000  9.904851e-01 
  755.000  9.907301e-01 
  756.000  9.910077e-01 
  757.000  9.911238e-01 
  758.000  9.880441e-01 
  759.000  8.937442e-01 
  760.000  2.919549e-01 
  761.000  2.465651e-01 
  762.000  5.581539e-01 
  763.000  4.529788e-01 
  764.000  5.041445e-01 
  765.000  6.265049e-01 
  766.000  7.846937e-01 
  767.000  8.685918e-01 
  768.000  9.248597e-01 
  769.000  9.625808e-01 
  770.000  9.846776e-01 
  771.000  9.934899e-01 
  772.000  9.957333e-01 
  773.000  9.966795e-01 
  774.000  9.980010e-01 
  775.000  9.988815e-01 
  776.000  9.994638e-01 
  777.000  9.993752e-01 
  778.000  9.989648e-01 
  779.000  9.985395e-01 
  780.000  9.981146e-01 
  781.000  9.990836e-01 
  782.000  9.986217e-01 
  783.000  9.982050e-01 
  784.000  9.969816e-01 
  785.000  9.933212e-01 
  786.000  9.879351e-01 
  787.000  9.749125e-01 
  788.000  9.679736e-01 
  789.000  9.441079e-01 
  790.000  9.418432e-01 
  791.000  9.460614e-01 
  792.000  9.499947e-01 
  793.000  9.594380e-01 
  794.000  9.797678e-01 
  795.000  9.669964e-01 
  796.000  9.337648e-01 
  797.000  9.429473e-01 
  798.000  9.636571e-01 
  799.000  9.586921e-01 
  800.000  9.433047e-01 
  801.000  9.449174e-01 
  802.000  9.432054e-01 
  803.000  9.452509e-01 
  804.000  9.522439e-01 
  805.000  9.658158e-01 
  806.000  9.739043e-01 
  807.000  9.740922e-01 
  808.000  9.692074e-01 
  809.000  9.632410e-01 
  810.000  9.566914e-01 
  811.000  9.435782e-01 
  812.000  9.260575e-01 
  813.000  9.048732e-01 
  814.000  8.773596e-01 
  815.000  8.436283e-01 
  816.000  8.021531e-01 
  817.000  8.039066e-01 
  818.000  8.070105e-01 
  819.000  8.206065e-01 
  820.000  8.665309e-01 
  821.000  9.202396e-01 
  822.000  8.789965e-01 
  823.000  7.695556e-01 
  824.000  8.611430e-01 
  825.000  9.229478e-01 
  826.000  9.125220e-01 
  827.000  9.044755e-01 
  828.000  8.637269e-01 
  829.000  8.780454e-01 
  830.000  8.943783e-01 
  831.000  8.982444e-01 
  832.000  9.001576e-01 
  833.000  9.097175e-01 
  834.000  9.210874e-01 
  835.000  9.438141e-01 
  836.000  9.364591e-01 
  837.000  9.356880e-01 
  838.000  9.466632e-01 
  839.000  9.533436e-01 
  840.000  9.556774e-01 
  841.000  9.482385e-01 
  842.000  9.547026e-01 
  843.000  9.702992e-01 
  844.000  9.773787e-01 
  845.000  9.806049e-01 
  846.000  9.840106e-01 
  847.000  9.877690e-01 
  848.000  9.811913e-01 
  849.000  9.818562e-01 
  850.000  9.785309e-01 
  851.000  9.746162e-01 
  852.000  9.748504e-01 
  853.000  9.809470e-01 
  854.000  9.804958e-01 
  855.000  9.835091e-01 
  856.000  9.899262e-01 
  857.000  9.917236e-01 
  858.000  9.931827e-01 
  859.000  9.959579e-01 
  860.000  9.974411e-01 
  861.000  9.976217e-01 
  862.000  9.987034e-01 
  863.000  9.986943e-01 
  864.000  9.993835e-01 
  865.000  9.999167e-01 
  866.000  9.999332e-01 
  867.000  9.996417e-01 
  868.000  9.995844e-01 
  869.000  9.996494e-01 
  870.000  9.993166e-01 
  871.000  9.993711e-01 
  872.000  9.997398e-01 
  873.000  9.990478e-01 
  874.000  9.985999e-01 
  875.000  9.983717e-01 
  876.000  9.972879e-01 
  877.000  9.971721e-01 
  878.000  9.949550e-01 
  879.000  9.946725e-01 
  880.000  9.930204e-01 
  881.000  9.918387e-01 
  882.000  9.906980e-01 
  883.000  9.915704e-01 
  884.000  9.918404e-01 
  885.000  9.891914e-01 
  886.000  9.843215e-01 
  887.000  9.878583e-01 
  888.000  9.875043e-01 
  889.000  9.884223e-01 
  890.000  9.854241e-01 
  891.000  9.794249e-01 
  892.000  9.669356e-01 
  893.000  9.300925e-01 
  894.000  9.115901e-01 
  895.000  8.578202e-01 
  896.000  8.103487e-01 
  897.000  7.613850e-01 
  898.000  7.388857e-01 
  899.000  6.794168e-01 
  900.000  6.872187e-01 
  901.000  6.722487e-01 
  902.000  6.756468e-01 
  903.000  7.760651e-01 
  904.000  8.409283e-01 
  905.000  8.389862e-01 
  906.000  7.982580e-01 
  907.000  7.286972e-01 
  908.000  6.844423e-01 
  909.000  6.858822e-01 
  910.000  6.922316e-01 
  911.000  7.212598e-01 
  912.000  7.071114e-01 
  913.000  6.473823e-01 
  914.000  6.766285e-01 
  915.000  7.003920e-01 
  916.000  7.071195e-01 
  917.000  7.205317e-01 
  918.000  7.379171e-01 
  919.000  7.976936e-01 
  920.000  8.447901e-01 
  921.000  8.347259e-01 
  922.000  8.338861e-01 
  923.000  8.207331e-01 
  924.000  7.895651e-01 
  925.000  7.860883e-01 
  926.000  7.830572e-01 
  927.000  7.457499e-01 
  928.000  6.903205e-01 
  929.000  6.143727e-01 
  930.000  5.247769e-01 
  931.000  4.337632e-01 
  932.000  3.243909e-01 
  933.000  2.568580e-01 
  934.000  1.974278e-01 
  935.000  1.907214e-01 
  936.000  2.114410e-01 
  937.000  2.069032e-01 
  938.000  2.766409e-01 
  939.000  4.977995e-01 
  940.000  5.373414e-01 
  941.000  5.054856e-01 
  942.000  4.293016e-01 
  943.000  3.157768e-01 
  944.000  3.077359e-01 
  945.000  3.450320e-01 
  946.000  3.481628e-01 
  947.000  3.861508e-01 
  948.000  4.091341e-01 
  949.000  4.074506e-01 
  950.000  4.137879e-01 
  951.000  4.667936e-01 
  952.000  4.126959e-01 
  953.000  4.529693e-01 
  954.000  4.984942e-01 
  955.000  4.645245e-01 
  956.000  4.594192e-01 
  957.000  5.768557e-01 
  958.000  5.946626e-01 
  959.000  5.756722e-01 
  960.000  5.709227e-01 
  961.000  5.616851e-01 
  962.000  5.717782e-01 
  963.000  6.415468e-01 
  964.000  6.525493e-01 
  965.000  6.466217e-01 
  966.000  6.514279e-01 
  967.000  7.044017e-01 
  968.000  7.970645e-01 
  969.000  8.410814e-01 
  970.000  8.438596e-01 
  971.000  8.428888e-01 
  972.000  8.302835e-01 
  973.000  8.017673e-01 
  974.000  7.679208e-01 
  975.000  7.465978e-01 
  976.000  7.727053e-01 
  977.000  8.169132e-01 
  978.000  8.136750e-01 
  979.000  8.257723e-01 
  980.000  8.725864e-01 
  981.000  8.833641e-01 
  982.000  8.732361e-01 
  983.000  8.979170e-01 
  984.000  9.235692e-01 
  985.000  9.383363e-01 
  986.000  9.575057e-01 
  987.000  9.659415e-01 
  988.000  9.679307e-01 
  989.000  9.691924e-01 
  990.000  9.712200e-01 
  991.000  9.783759e-01 
  992.000  9.803699e-01 
  993.000  9.810828e-01 
  994.000  9.875147e-01 
  995.000  9.909031e-01 
  996.000  9.907854e-01 
  997.000  9.888970e-01 
  998.000  9.855345e-01 
  999.000  9.842499e-01 
 1000.000  9.851490e-01 
 1001.000  9.782045e-01 
 1002.000  9.671863e-01 
 1003.000  9.697075e-01 
 1004.000  9.759275e-01 
 1005.000  9.787373e-01 
 1006.000  9.795818e-01 
 1007.000  9.774052e-01 
 1008.000  9.684224e-01 
 1009.000  9.564962e-01 
 1010.000  9.617102e-01 
 1011.000  9.742847e-01 
 1012.000  9.790629e-01 
 1013.000  9.828207e-01 
 1014.000  9.843674e-01 
 1015.000  9.846141e-01 
 1016.000  9.862774e-01 
 1017.000  9.872145e-01 
 1018.000  9.849862e-01 
 1019.000  9.805027e-01 
 1020.000  9.819835e-01 
 1021.000  9.850980e-01 
 1022.000  9.796761e-01 
 1023.000  9.751456e-01 
 1024.000  9.724100e-01 
 1025.000  9.805331e-01 
 1026.000  9.840937e-01 
 1027.000  9.824977e-01 
 1028.000  9.837046e-01 
 1029.000  9.872596e-01 
 1030.000  9.896469e-01 
 1031.000  9.911262e-01 
 1032.000  9.927061e-01 
 1033.000  9.926914e-01 
 1034.000  9.933649e-01 
 1035.000  9.938951e-01 
 1036.000  9.936545e-01 
 1037.000  9.938263e-01 
 1038.000  9.941508e-01 
 1039.000  9.934611e-01 
 1040.000  9.928840e-01 
 1041.000  9.924318e-01 
 1042.000  9.922981e-01 
 1043.000  9.922894e-01 
 1044.000  9.919098e-01 
 1045.000  9.906669e-01 
 1046.000  9.898403e-01 
 1047.000  9.888946e-01 
 1048.000  9.878275e-01 
 1049.000  9.868359e-01 
 1050.000  9.858081e-01 
 1051.000  9.843023e-01 
 1052.000  9.832070e-01 
 1053.000  9.828148e-01 
 1054.000  9.810786e-01 
 1055.000  9.797292e-01 
 1056.000  9.783458e-01 
 1057.000  9.752042e-01 
 1058.000  9.695929e-01 
 1059.000  9.698163e-01 
 1060.000  9.723440e-01 
 1061.000  9.715273e-01 
 1062.000  9.680500e-01 
 1063.000  9.665164e-01 
 1064.000  9.636139e-01 
 1065.000  9.610775e-01 
 1066.000  9.613262e-01 
 1067.000  9.595091e-01 
 1068.000  9.527547e-01 
 1069.000  9.493226e-01 
 1070.000  9.503027e-01 
 1071.000  9.459352e-01 
 1072.000  9.415060e-01 
 1073.000  9.406540e-01 
 1074.000  9.413434e-01 
 1075.000  9.479241e-01 
 1076.000  9.437948e-01 
 1077.000  9.382628e-01 
 1078.000  9.317582e-01 
 1079.000  9.308734e-01 
 1080.000  9.136370e-01 
 1081.000  9.126383e-01 
 1082.000  9.201164e-01 
 1083.000  9.108964e-01 
 1084.000  9.009066e-01 
 1085.000  8.775223e-01 
 1086.000  8.828024e-01 
 1087.000  9.083482e-01 
 1088.000  9.093720e-01 
 1089.000  8.779119e-01 
 1090.000  8.718934e-01 
 1091.000  8.775582e-01 
 1092.000  8.619708e-01 
 1093.000  8.280130e-01 
 1094.000  8.134218e-01 
 1095.000  8.154864e-01 
 1096.000  8.170669e-01 
 1097.000  8.099145e-01 
 1098.000  7.311516e-01 
 1099.000  6.670734e-01 
 1100.000  6.710079e-01 
 1101.000  6.792683e-01 
 1102.000  6.744245e-01 
 1103.000  6.795086e-01 
 1104.000  6.684273e-01 
 1105.000  6.418409e-01 
 1106.000  6.163459e-01 
 1107.000  6.214241e-01 
 1108.000  6.243481e-01 
 1109.000  6.438543e-01 
 1110.000  6.380977e-01 
 1111.000  6.243927e-01 
 1112.000  5.704381e-01 
 1113.000  4.987804e-01 
 1114.000  4.754288e-01 
 1115.000  3.954127e-01 
 1116.000  3.503867e-01 
 1117.000  2.616206e-01 
 1118.000  1.900335e-01 
 1119.000  1.551808e-01 
 1120.000  1.192074e-01 
 1121.000  1.115414e-01 
 1122.000  8.260689e-02 
 1123.000  9.586452e-02 
 1124.000  1.055233e-01 
 1125.000  9.987472e-02 
 1126.000  9.795614e-02 
 1127.000  1.010958e-01 
 1128.000  1.071420e-01 
 1129.000  1.395872e-01 
 1130.000  2.291356e-01 
 1131.000  2.594240e-01 
 1132.000  2.174623e-01 
 1133.000  1.535514e-01 
 1134.000  6.652158e-02 
 1135.000  7.209559e-02 
 1136.000  1.646230e-01 
 1137.000  2.329728e-01 
 1138.000  3.142452e-01 
 1139.000  3.471920e-01 
 1140.000  3.304577e-01 
 1141.000  3.000478e-01 
 1142.000  2.884233e-01 
 1143.000  2.539250e-01 
 1144.000  2.187561e-01 
 1145.000  1.725135e-01 
 1146.000  1.831336e-01 
 1147.000  2.202721e-01 
 1148.000  2.564249e-01 
 1149.000  2.731018e-01 
 1150.000  2.771223e-01 
 1151.000  3.047099e-01 
 1152.000  3.187236e-01 
 1153.000  3.390932e-01 
 1154.000  3.371272e-01 
 1155.000  3.775398e-01 
 1156.000  4.232776e-01 
 1157.000  5.230001e-01 
 1158.000  5.709099e-01 
 1159.000  6.145451e-01 
 1160.000  6.337209e-01 
 1161.000  6.785852e-01 
 1162.000  7.141710e-01 
 1163.000  7.573209e-01 
 1164.000  7.669218e-01 
 1165.000  7.723345e-01 
 1166.000  7.827438e-01 
 1167.000  7.891629e-01 
 1168.000  7.870336e-01 
 1169.000  7.937278e-01 
 1170.000  7.996379e-01 
 1171.000  8.148365e-01 
 1172.000  8.059874e-01 
 1173.000  7.974768e-01 
 1174.000  7.980127e-01 
 1175.000  8.216342e-01 
 1176.000  8.436439e-01 
 1177.000  8.331103e-01 
 1178.000  8.118240e-01 
 1179.000  8.118542e-01 
 1180.000  8.041714e-01 
 1181.000  7.846993e-01 
 1182.000  7.656657e-01 
 1183.000  7.679777e-01 
 1184.000  7.788502e-01 
 1185.000  8.059462e-01 
 1186.000  7.979022e-01 
 1187.000  7.706472e-01 
 1188.000  7.647031e-01 
 1189.000  7.818549e-01 
 1190.000  8.258841e-01 
 1191.000  8.393070e-01 
 1192.000  8.587562e-01 
 1193.000  8.545727e-01 
 1194.000  8.517981e-01 
 1195.000  8.328458e-01 
 1196.000  8.354328e-01 
 1197.000  8.262132e-01 
 1198.000  8.241041e-01 
 1199.000  8.126399e-01 
 1200.000  8.191542e-01 
