  250.000  0.000000e+00 
  251.000  0.000000e+00 
  252.000  0.000000e+00 
  253.000  0.000000e+00 
  254.000  0.000000e+00 
  255.000  0.000000e+00 
  256.000  0.000000e+00 
  257.000  0.000000e+00 
  258.000  0.000000e+00 
  259.000  0.000000e+00 
  260.000  0.000000e+00 
  261.000  0.000000e+00 
  262.000  0.000000e+00 
  263.000  0.000000e+00 
  264.000  0.000000e+00 
  265.000  0.000000e+00 
  266.000  0.000000e+00 
  267.000  0.000000e+00 
  268.000  0.000000e+00 
  269.000  0.000000e+00 
  270.000  0.000000e+00 
  271.000  0.000000e+00 
  272.000  0.000000e+00 
  273.000  0.000000e+00 
  274.000  0.000000e+00 
  275.000  0.000000e+00 
  276.000  0.000000e+00 
  277.000  0.000000e+00 
  278.000  0.000000e+00 
  279.000  0.000000e+00 
  280.000  0.000000e+00 
  281.000  0.000000e+00 
  282.000  0.000000e+00 
  283.000  0.000000e+00 
  284.000  0.000000e+00 
  285.000  0.000000e+00 
  286.000  0.000000e+00 
  287.000  0.000000e+00 
  288.000  0.000000e+00 
  289.000  0.000000e+00 
  290.000  0.000000e+00 
  291.000  1.668059e-09 
  292.000  3.685166e-08 
  293.000  2.202495e-07 
  294.000  1.734664e-06 
  295.000  6.235661e-06 
  296.000  4.057011e-05 
  297.000  1.193308e-04 
  298.000  4.344012e-04 
  299.000  1.040930e-03 
  300.000  2.632347e-03 
  301.000  5.531935e-03 
  302.000  1.033151e-02 
  303.000  2.227659e-02 
  304.000  2.834110e-02 
  305.000  5.286960e-02 
  306.000  7.280418e-02 
  307.000  1.105680e-01 
  308.000  1.414229e-01 
  309.000  1.799514e-01 
  310.000  2.459495e-01 
  311.000  2.744440e-01 
  312.000  3.271174e-01 
  313.000  3.943878e-01 
  314.000  4.154925e-01 
  315.000  5.006603e-01 
  316.000  5.160894e-01 
  317.000  5.825921e-01 
  318.000  6.108151e-01 
  319.000  7.218767e-01 
  320.000  6.301486e-01 
  321.000  7.957552e-01 
  322.000  7.082177e-01 
  323.000  7.800505e-01 
  324.000  8.780183e-01 
  325.000  7.841002e-01 
  326.000  8.860213e-01 
  327.000  9.055988e-01 
  328.000  8.334765e-01 
  329.000  9.459334e-01 
  330.000  9.529518e-01 
  331.000  8.867759e-01 
  332.000  9.589415e-01 
  333.000  9.625208e-01 
  334.000  9.381856e-01 
  335.000  9.759301e-01 
  336.000  9.834390e-01 
  337.000  9.563965e-01 
  338.000  9.766881e-01 
  339.000  9.867748e-01 
  340.000  9.721051e-01 
  341.000  9.857377e-01 
  342.000  9.902803e-01 
  343.000  9.888675e-01 
  344.000  9.744631e-01 
  345.000  9.893454e-01 
  346.000  9.919354e-01 
  347.000  9.902657e-01 
  348.000  9.920304e-01 
  349.000  9.938616e-01 
  350.000  9.949066e-01 
  351.000  9.950964e-01 
  352.000  9.954167e-01 
  353.000  9.957455e-01 
  354.000  9.946301e-01 
  355.000  9.943153e-01 
  356.000  9.945342e-01 
  357.000  9.925978e-01 
  358.000  9.915433e-01 
  359.000  9.903716e-01 
  360.000  9.890573e-01 
  361.000  9.881921e-01 
  362.000  9.899923e-01 
  363.000  9.917077e-01 
  364.000  9.933366e-01 
  365.000  9.932402e-01 
  366.000  9.940793e-01 
  367.000  9.943408e-01 
  368.000  9.941974e-01 
  369.000  9.944364e-01 
  370.000  9.943197e-01 
  371.000  9.946807e-01 
  372.000  9.935481e-01 
  373.000  9.940625e-01 
  374.000  9.941752e-01 
  375.000  9.943581e-01 
  376.000  9.931908e-01 
  377.000  9.930053e-01 
  378.000  9.926633e-01 
  379.000  9.912564e-01 
  380.000  9.896525e-01 
  381.000  9.902234e-01 
  382.000  9.915451e-01 
  383.000  9.930443e-01 
  384.000  9.931718e-01 
  385.000  9.935259e-01 
  386.000  9.938079e-01 
  387.000  9.937270e-01 
  388.000  9.935791e-01 
  389.000  9.935448e-01 
  390.000  9.935272e-01 
  391.000  9.936783e-01 
  392.000  9.929047e-01 
  393.000  9.940243e-01 
  394.000  9.940337e-01 
  395.000  9.938874e-01 
  396.000  9.935170e-01 
  397.000  9.940785e-01 
  398.000  9.929896e-01 
  399.000  9.938015e-01 
  400.000  9.928111e-01 
  401.000  9.930370e-01 
  402.000  9.938542e-01 
  403.000  9.943322e-01 
  404.000  9.934126e-01 
  405.000  9.931235e-01 
  406.000  9.939654e-01 
  407.000  9.946441e-01 
  408.000  9.934846e-01 
  409.000  9.928541e-01 
  410.000  9.931953e-01 
  411.000  9.930397e-01 
  412.000  9.938989e-01 
  413.000  9.927441e-01 
  414.000  9.932160e-01 
  415.000  9.933069e-01 
  416.000  9.943088e-01 
  417.000  9.941730e-01 
  418.000  9.936006e-01 
  419.000  9.937245e-01 
  420.000  9.931455e-01 
  421.000  9.929855e-01 
  422.000  9.927495e-01 
  423.000  9.931241e-01 
  424.000  9.924543e-01 
  425.000  9.932268e-01 
  426.000  9.941149e-01 
  427.000  9.932972e-01 
  428.000  9.925214e-01 
  429.000  9.937881e-01 
  430.000  9.937778e-01 
  431.000  9.923931e-01 
  432.000  9.936740e-01 
  433.000  9.934020e-01 
  434.000  9.926420e-01 
  435.000  9.910962e-01 
  436.000  9.924441e-01 
  437.000  9.939101e-01 
  438.000  9.941967e-01 
  439.000  9.909353e-01 
  440.000  9.920242e-01 
  441.000  9.933996e-01 
  442.000  9.937576e-01 
  443.000  9.927222e-01 
  444.000  9.918022e-01 
  445.000  9.899796e-01 
  446.000  9.910200e-01 
  447.000  9.921467e-01 
  448.000  9.889995e-01 
  449.000  9.916120e-01 
  450.000  9.925210e-01 
  451.000  9.923996e-01 
  452.000  9.922452e-01 
  453.000  9.922299e-01 
  454.000  9.927941e-01 
  455.000  9.919628e-01 
  456.000  9.917405e-01 
  457.000  9.920131e-01 
  458.000  9.900402e-01 
  459.000  9.906659e-01 
  460.000  9.895418e-01 
  461.000  9.896030e-01 
  462.000  9.903235e-01 
  463.000  9.884486e-01 
  464.000  9.893816e-01 
  465.000  9.898585e-01 
  466.000  9.905573e-01 
  467.000  9.893776e-01 
  468.000  9.896720e-01 
  469.000  9.896248e-01 
  470.000  9.891979e-01 
  471.000  9.892842e-01 
  472.000  9.878913e-01 
  473.000  9.862028e-01 
  474.000  9.827257e-01 
  475.000  9.803656e-01 
  476.000  9.786742e-01 
  477.000  9.776362e-01 
  478.000  9.773197e-01 
  479.000  9.777468e-01 
  480.000  9.783714e-01 
  481.000  9.808747e-01 
  482.000  9.826394e-01 
  483.000  9.838814e-01 
  484.000  9.837570e-01 
  485.000  9.831508e-01 
  486.000  9.831413e-01 
  487.000  9.837962e-01 
  488.000  9.831245e-01 
  489.000  9.822114e-01 
  490.000  9.832451e-01 
  491.000  9.837694e-01 
  492.000  9.833920e-01 
  493.000  9.829696e-01 
  494.000  9.821613e-01 
  495.000  9.819288e-01 
  496.000  9.810041e-01 
  497.000  9.805275e-01 
  498.000  9.801468e-01 
  499.000  9.793779e-01 
  500.000  9.784372e-01 
  501.000  9.770452e-01 
  502.000  9.737548e-01 
  503.000  9.703568e-01 
  504.000  9.674049e-01 
  505.000  9.689561e-01 
  506.000  9.680656e-01 
  507.000  9.676338e-01 
  508.000  9.696223e-01 
  509.000  9.704790e-01 
  510.000  9.713768e-01 
  511.000  9.713811e-01 
  512.000  9.715884e-01 
  513.000  9.721535e-01 
  514.000  9.722604e-01 
  515.000  9.725072e-01 
  516.000  9.719905e-01 
  517.000  9.713851e-01 
  518.000  9.708610e-01 
  519.000  9.697641e-01 
  520.000  9.693064e-01 
  521.000  9.684624e-01 
  522.000  9.678277e-01 
  523.000  9.668106e-01 
  524.000  9.655370e-01 
  525.000  9.637939e-01 
  526.000  9.622282e-01 
  527.000  9.606052e-01 
  528.000  9.589618e-01 
  529.000  9.572552e-01 
  530.000  9.562162e-01 
  531.000  9.552902e-01 
  532.000  9.545860e-01 
  533.000  9.542344e-01 
  534.000  9.538054e-01 
  535.000  9.537277e-01 
  536.000  9.535854e-01 
  537.000  9.532617e-01 
  538.000  9.529044e-01 
  539.000  9.521118e-01 
  540.000  9.519715e-01 
  541.000  9.492164e-01 
  542.000  9.491227e-01 
  543.000  9.497547e-01 
  544.000  9.494776e-01 
  545.000  9.473239e-01 
  546.000  9.460516e-01 
  547.000  9.472380e-01 
  548.000  9.478745e-01 
  549.000  9.477376e-01 
  550.000  9.470136e-01 
  551.000  9.476029e-01 
  552.000  9.469616e-01 
  553.000  9.461070e-01 
  554.000  9.457379e-01 
  555.000  9.452390e-01 
  556.000  9.439678e-01 
  557.000  9.423229e-01 
  558.000  9.408729e-01 
  559.000  9.389406e-01 
  560.000  9.372502e-01 
  561.000  9.357806e-01 
  562.000  9.345490e-01 
  563.000  9.329543e-01 
  564.000  9.312458e-01 
  565.000  9.298358e-01 
  566.000  9.285905e-01 
  567.000  9.267979e-01 
  568.000  9.249313e-01 
  569.000  9.172862e-01 
  570.000  9.142696e-01 
  571.000  9.153993e-01 
  572.000  9.112085e-01 
  573.000  9.116740e-01 
  574.000  9.089004e-01 
  575.000  9.088860e-01 
  576.000  9.077825e-01 
  577.000  9.075863e-01 
  578.000  9.104229e-01 
  579.000  9.119713e-01 
  580.000  9.136522e-01 
  581.000  9.162999e-01 
  582.000  9.186014e-01 
  583.000  9.208752e-01 
  584.000  9.236910e-01 
  585.000  9.242854e-01 
  586.000  9.256503e-01 
  587.000  9.256912e-01 
  588.000  9.232951e-01 
  589.000  9.035411e-01 
  590.000  9.017361e-01 
  591.000  9.096310e-01 
  592.000  8.932124e-01 
  593.000  9.172128e-01 
  594.000  9.045620e-01 
  595.000  9.110031e-01 
  596.000  9.143348e-01 
  597.000  9.153437e-01 
  598.000  9.145213e-01 
  599.000  9.185905e-01 
  600.000  9.184693e-01 
  601.000  9.207576e-01 
  602.000  9.218354e-01 
  603.000  9.221412e-01 
  604.000  9.228443e-01 
  605.000  9.229175e-01 
  606.000  9.240642e-01 
  607.000  9.250097e-01 
  608.000  9.261466e-01 
  609.000  9.266182e-01 
  610.000  9.275498e-01 
  611.000  9.282914e-01 
  612.000  9.292898e-01 
  613.000  9.302450e-01 
  614.000  9.309003e-01 
  615.000  9.316705e-01 
  616.000  9.327199e-01 
  617.000  9.334604e-01 
  618.000  9.339058e-01 
  619.000  9.345958e-01 
  620.000  9.350249e-01 
  621.000  9.351896e-01 
  622.000  9.352570e-01 
  623.000  9.351284e-01 
  624.000  9.349794e-01 
  625.000  9.349102e-01 
  626.000  9.342068e-01 
  627.000  9.331099e-01 
  628.000  9.026018e-01 
  629.000  9.166741e-01 
  630.000  9.240907e-01 
  631.000  9.326195e-01 
  632.000  9.343480e-01 
  633.000  9.366823e-01 
  634.000  9.392213e-01 
  635.000  9.403336e-01 
  636.000  9.426067e-01 
  637.000  9.456797e-01 
  638.000  9.484807e-01 
  639.000  9.501485e-01 
  640.000  9.513528e-01 
  641.000  9.528319e-01 
  642.000  9.545520e-01 
  643.000  9.542826e-01 
  644.000  9.558322e-01 
  645.000  9.561329e-01 
  646.000  9.502470e-01 
  647.000  9.433765e-01 
  648.000  9.347677e-01 
  649.000  9.410847e-01 
  650.000  9.562495e-01 
  651.000  9.585022e-01 
  652.000  9.547955e-01 
  653.000  9.596540e-01 
  654.000  9.590693e-01 
  655.000  9.432420e-01 
  656.000  9.547395e-01 
  657.000  9.578430e-01 
  658.000  9.632440e-01 
  659.000  9.664261e-01 
  660.000  9.660638e-01 
  661.000  9.678165e-01 
  662.000  9.679525e-01 
  663.000  9.676488e-01 
  664.000  9.688421e-01 
  665.000  9.695149e-01 
  666.000  9.701243e-01 
  667.000  9.711051e-01 
  668.000  9.715099e-01 
  669.000  9.721503e-01 
  670.000  9.726369e-01 
  671.000  9.733921e-01 
  672.000  9.735254e-01 
  673.000  9.741154e-01 
  674.000  9.743322e-01 
  675.000  9.749701e-01 
  676.000  9.751192e-01 
  677.000  9.754905e-01 
  678.000  9.760196e-01 
  679.000  9.763232e-01 
  680.000  9.768363e-01 
  681.000  9.769263e-01 
  682.000  9.779447e-01 
  683.000  9.774521e-01 
  684.000  9.780619e-01 
  685.000  9.792120e-01 
  686.000  9.793239e-01 
  687.000  6.501715e-01 
  688.000  8.225181e-01 
  689.000  8.670152e-01 
  690.000  9.016936e-01 
  691.000  9.229938e-01 
  692.000  9.604074e-01 
  693.000  9.423999e-01 
  694.000  9.118361e-01 
  695.000  9.450522e-01 
  696.000  9.343897e-01 
  697.000  9.775339e-01 
  698.000  9.771102e-01 
  699.000  9.561582e-01 
  700.000  9.602458e-01 
  701.000  9.420826e-01 
  702.000  9.504865e-01 
  703.000  9.578861e-01 
  704.000  9.618947e-01 
  705.000  9.635398e-01 
  706.000  9.692388e-01 
  707.000  9.743888e-01 
  708.000  9.794456e-01 
  709.000  9.794059e-01 
  710.000  9.768184e-01 
  711.000  9.816012e-01 
  712.000  9.792338e-01 
  713.000  9.831933e-01 
  714.000  9.790695e-01 
  715.000  9.692261e-01 
  716.000  9.713582e-01 
  717.000  9.363599e-01 
  718.000  8.420546e-01 
  719.000  7.825175e-01 
  720.000  8.401979e-01 
  721.000  9.525063e-01 
  722.000  9.490733e-01 
  723.000  9.421504e-01 
  724.000  8.286651e-01 
  725.000  8.521344e-01 
  726.000  9.122953e-01 
  727.000  8.826417e-01 
  728.000  8.396213e-01 
  729.000  8.591805e-01 
  730.000  9.163454e-01 
  731.000  8.922437e-01 
  732.000  9.090033e-01 
  733.000  9.538133e-01 
  734.000  9.737709e-01 
  735.000  9.574771e-01 
  736.000  9.687933e-01 
  737.000  9.684003e-01 
  738.000  9.760483e-01 
  739.000  9.779545e-01 
  740.000  9.870791e-01 
  741.000  9.911256e-01 
  742.000  9.910241e-01 
  743.000  9.909209e-01 
  744.000  9.919794e-01 
  745.000  9.924184e-01 
  746.000  9.931477e-01 
  747.000  9.931942e-01 
  748.000  9.933823e-01 
  749.000  9.933141e-01 
  750.000  9.935128e-01 
  751.000  9.934621e-01 
  752.000  9.941244e-01 
  753.000  9.942611e-01 
  754.000  9.942983e-01 
  755.000  9.943238e-01 
  756.000  9.943077e-01 
  757.000  9.947809e-01 
  758.000  9.949795e-01 
  759.000  9.845972e-01 
  760.000  3.285432e-01 
  761.000  1.929991e-01 
  762.000  6.055086e-01 
  763.000  4.896319e-01 
  764.000  5.753003e-01 
  765.000  7.267340e-01 
  766.000  8.677092e-01 
  767.000  9.203417e-01 
  768.000  9.751644e-01 
  769.000  9.891061e-01 
  770.000  9.891702e-01 
  771.000  9.941453e-01 
  772.000  9.953891e-01 
  773.000  9.953609e-01 
  774.000  9.952634e-01 
  775.000  9.953166e-01 
  776.000  9.953325e-01 
  777.000  9.953409e-01 
  778.000  9.953382e-01 
  779.000  9.953198e-01 
  780.000  9.953055e-01 
  781.000  9.954515e-01 
  782.000  9.954027e-01 
  783.000  9.956086e-01 
  784.000  9.950429e-01 
  785.000  9.942827e-01 
  786.000  9.907346e-01 
  787.000  9.910244e-01 
  788.000  9.847466e-01 
  789.000  9.836383e-01 
  790.000  9.719211e-01 
  791.000  9.730453e-01 
  792.000  9.770787e-01 
  793.000  9.804555e-01 
  794.000  9.953024e-01 
  795.000  9.893807e-01 
  796.000  9.580562e-01 
  797.000  9.822004e-01 
  798.000  9.829968e-01 
  799.000  9.873299e-01 
  800.000  9.736159e-01 
  801.000  9.677995e-01 
  802.000  9.772328e-01 
  803.000  9.740078e-01 
  804.000  9.734620e-01 
  805.000  9.805574e-01 
  806.000  9.918364e-01 
  807.000  9.844821e-01 
  808.000  9.917001e-01 
  809.000  9.797964e-01 
  810.000  9.743252e-01 
  811.000  9.781190e-01 
  812.000  9.649251e-01 
  813.000  9.422266e-01 
  814.000  9.019340e-01 
  815.000  8.640012e-01 
  816.000  8.914737e-01 
  817.000  7.605903e-01 
  818.000  8.521183e-01 
  819.000  8.841323e-01 
  820.000  8.392836e-01 
  821.000  9.686089e-01 
  822.000  9.468907e-01 
  823.000  7.172931e-01 
  824.000  9.203745e-01 
  825.000  9.571039e-01 
  826.000  9.187856e-01 
  827.000  9.552623e-01 
  828.000  8.655896e-01 
  829.000  9.361717e-01 
  830.000  9.219174e-01 
  831.000  9.252953e-01 
  832.000  9.282578e-01 
  833.000  9.525141e-01 
  834.000  9.572251e-01 
  835.000  9.692718e-01 
  836.000  9.738569e-01 
  837.000  9.690951e-01 
  838.000  9.824120e-01 
  839.000  9.858744e-01 
  840.000  9.877214e-01 
  841.000  9.877214e-01 
  842.000  9.778398e-01 
  843.000  9.950203e-01 
  844.000  9.838866e-01 
  845.000  9.924927e-01 
  846.000  9.948869e-01 
  847.000  9.967607e-01 
  848.000  9.941437e-01 
  849.000  9.951019e-01 
  850.000  9.944279e-01 
  851.000  9.930707e-01 
  852.000  9.973159e-01 
  853.000  9.975894e-01 
  854.000  9.971079e-01 
  855.000  9.971079e-01 
  856.000  9.974152e-01 
  857.000  9.994301e-01 
  858.000  9.973490e-01 
  859.000  9.985419e-01 
  860.000  9.998454e-01 
  861.000  9.992262e-01 
  862.000  9.997571e-01 
  863.000  9.997315e-01 
  864.000  9.999232e-01 
  865.000  9.999232e-01 
  866.000  9.999276e-01 
  867.000  9.999865e-01 
  868.000  9.999303e-01 
  869.000  9.997749e-01 
  870.000  9.997879e-01 
  871.000  9.998853e-01 
  872.000  9.999394e-01 
  873.000  9.997310e-01 
  874.000  9.997310e-01 
  875.000  9.999769e-01 
  876.000  9.999810e-01 
  877.000  9.997751e-01 
  878.000  9.996659e-01 
  879.000  9.996048e-01 
  880.000  9.998269e-01 
  881.000  9.998269e-01 
  882.000  9.987247e-01 
  883.000  9.988669e-01 
  884.000  9.990145e-01 
  885.000  9.992067e-01 
  886.000  9.924356e-01 
  887.000  9.985362e-01 
  888.000  9.985362e-01 
  889.000  9.971004e-01 
  890.000  9.932603e-01 
  891.000  9.985830e-01 
  892.000  9.924562e-01 
  893.000  9.795269e-01 
  894.000  9.795269e-01 
  895.000  9.512671e-01 
  896.000  9.169109e-01 
  897.000  8.094163e-01 
  898.000  9.048623e-01 
  899.000  7.261385e-01 
  900.000  7.261385e-01 
  901.000  7.704793e-01 
  902.000  8.004457e-01 
  903.000  8.463520e-01 
  904.000  9.500061e-01 
  905.000  9.364813e-01 
  906.000  9.364813e-01 
  907.000  8.086441e-01 
  908.000  7.924966e-01 
  909.000  8.007498e-01 
  910.000  7.715533e-01 
  911.000  7.715533e-01 
  912.000  8.825548e-01 
  913.000  8.248139e-01 
  914.000  7.946795e-01 
  915.000  7.470766e-01 
  916.000  7.470766e-01 
  917.000  8.778052e-01 
  918.000  7.708938e-01 
  919.000  8.697125e-01 
  920.000  9.470551e-01 
  921.000  9.470551e-01 
  922.000  9.207406e-01 
  923.000  9.141805e-01 
  924.000  8.897769e-01 
  925.000  8.897769e-01 
  926.000  9.003605e-01 
  927.000  9.195002e-01 
  928.000  7.850967e-01 
  929.000  7.614920e-01 
  930.000  7.614920e-01 
  931.000  6.276438e-01 
  932.000  4.385015e-01 
  933.000  4.289438e-01 
  934.000  4.289438e-01 
  935.000  4.002703e-01 
  936.000  3.703147e-01 
  937.000  3.232422e-01 
  938.000  3.232422e-01 
  939.000  4.869572e-01 
  940.000  6.327301e-01 
  941.000  5.840610e-01 
  942.000  5.840610e-01 
  943.000  4.737394e-01 
  944.000  4.858909e-01 
  945.000  5.631890e-01 
  946.000  5.631890e-01 
  947.000  4.832558e-01 
  948.000  5.211018e-01 
  949.000  5.948049e-01 
  950.000  5.948049e-01 
  951.000  6.201003e-01 
  952.000  4.796463e-01 
  953.000  6.429567e-01 
  954.000  6.429567e-01 
  955.000  6.472846e-01 
  956.000  5.225213e-01 
  957.000  7.028216e-01 
  958.000  7.028216e-01 
  959.000  5.766167e-01 
  960.000  6.553566e-01 
  961.000  6.553566e-01 
  962.000  7.218674e-01 
  963.000  7.794952e-01 
  964.000  6.672605e-01 
  965.000  6.672605e-01 
  966.000  7.444744e-01 
  967.000  8.418398e-01 
  968.000  8.418398e-01 
  969.000  8.708515e-01 
  970.000  9.123626e-01 
  971.000  9.309471e-01 
  972.000  9.309471e-01 
  973.000  9.067290e-01 
  974.000  8.111593e-01 
  975.000  8.111593e-01 
  976.000  7.997301e-01 
  977.000  8.926843e-01 
  978.000  8.782237e-01 
  979.000  8.782237e-01 
  980.000  8.814675e-01 
  981.000  9.615122e-01 
  982.000  9.615122e-01 
  983.000  9.408818e-01 
  984.000  9.581414e-01 
  985.000  9.581414e-01 
  986.000  9.899701e-01 
  987.000  9.774744e-01 
  988.000  9.774744e-01 
  989.000  9.952293e-01 
  990.000  9.873971e-01 
  991.000  9.873971e-01 
  992.000  9.924192e-01 
  993.000  9.917398e-01 
  994.000  9.917398e-01 
  995.000  9.984939e-01 
  996.000  9.986193e-01 
  997.000  9.986193e-01 
  998.000  9.984311e-01 
  999.000  9.977197e-01 
 1000.000  9.977197e-01 
 1001.000  9.982033e-01 
 1002.000  9.879709e-01 
 1003.000  9.879709e-01 
 1004.000  9.979279e-01 
 1005.000  9.986262e-01 
 1006.000  9.986262e-01 
 1007.000  9.989470e-01 
 1008.000  9.964304e-01 
 1009.000  9.964304e-01 
 1010.000  9.881020e-01 
 1011.000  9.984517e-01 
 1012.000  9.984517e-01 
 1013.000  9.989337e-01 
 1014.000  9.986467e-01 
 1015.000  9.986467e-01 
 1016.000  9.989696e-01 
 1017.000  9.985522e-01 
 1018.000  9.985522e-01 
 1019.000  9.974527e-01 
 1020.000  9.990836e-01 
 1021.000  9.990836e-01 
 1022.000  9.975879e-01 
 1023.000  9.975879e-01 
 1024.000  9.974754e-01 
 1025.000  9.990013e-01 
 1026.000  9.990013e-01 
 1027.000  9.982090e-01 
 1028.000  9.990796e-01 
 1029.000  9.990796e-01 
 1030.000  9.994408e-01 
 1031.000  9.992292e-01 
 1032.000  9.992292e-01 
 1033.000  9.992965e-01 
 1034.000  9.992965e-01 
 1035.000  9.993889e-01 
 1036.000  9.988220e-01 
 1037.000  9.988220e-01 
 1038.000  9.987062e-01 
 1039.000  9.980344e-01 
 1040.000  9.980344e-01 
 1041.000  9.976075e-01 
 1042.000  9.976075e-01 
 1043.000  9.970333e-01 
 1044.000  9.961857e-01 
 1045.000  9.961857e-01 
 1046.000  9.950237e-01 
 1047.000  9.950237e-01 
 1048.000  9.938672e-01 
 1049.000  9.915609e-01 
 1050.000  9.915609e-01 
 1051.000  9.905297e-01 
 1052.000  9.905297e-01 
 1053.000  9.889607e-01 
 1054.000  9.876195e-01 
 1055.000  9.876195e-01 
 1056.000  9.860989e-01 
 1057.000  9.860989e-01 
 1058.000  9.846671e-01 
 1059.000  9.832723e-01 
 1060.000  9.832723e-01 
 1061.000  9.823802e-01 
 1062.000  9.823802e-01 
 1063.000  9.808344e-01 
 1064.000  9.794172e-01 
 1065.000  9.794172e-01 
 1066.000  9.812651e-01 
 1067.000  9.812651e-01 
 1068.000  9.801692e-01 
 1069.000  9.811841e-01 
 1070.000  9.811841e-01 
 1071.000  9.832662e-01 
 1072.000  9.832662e-01 
 1073.000  9.845746e-01 
 1074.000  9.845746e-01 
 1075.000  9.799218e-01 
 1076.000  9.787291e-01 
 1077.000  9.787291e-01 
 1078.000  9.853559e-01 
 1079.000  9.853559e-01 
 1080.000  9.797259e-01 
 1081.000  9.797259e-01 
 1082.000  9.824294e-01 
 1083.000  9.778000e-01 
 1084.000  9.778000e-01 
 1085.000  9.666951e-01 
 1086.000  9.666951e-01 
 1087.000  9.845072e-01 
 1088.000  9.845072e-01 
 1089.000  9.753467e-01 
 1090.000  9.710313e-01 
 1091.000  9.710313e-01 
 1092.000  9.571877e-01 
 1093.000  9.571877e-01 
 1094.000  9.593706e-01 
 1095.000  9.593706e-01 
 1096.000  9.503981e-01 
 1097.000  9.503981e-01 
 1098.000  9.369511e-01 
 1099.000  8.853568e-01 
 1100.000  8.853568e-01 
 1101.000  8.883849e-01 
 1102.000  8.883849e-01 
 1103.000  8.663149e-01 
 1104.000  8.663149e-01 
 1105.000  8.516011e-01 
 1106.000  8.516011e-01 
 1107.000  8.532677e-01 
 1108.000  8.532677e-01 
 1109.000  8.127627e-01 
 1110.000  7.909316e-01 
 1111.000  7.909316e-01 
 1112.000  7.335901e-01 
 1113.000  7.335901e-01 
 1114.000  6.624820e-01 
 1115.000  6.624820e-01 
 1116.000  4.179277e-01 
 1117.000  4.179277e-01 
 1118.000  5.214316e-01 
 1119.000  5.214316e-01 
 1120.000  4.302391e-01 
 1121.000  4.302391e-01 
 1122.000  2.532365e-01 
 1123.000  4.733267e-01 
 1124.000  4.733267e-01 
 1125.000  2.749561e-01 
 1126.000  2.749561e-01 
 1127.000  3.305838e-01 
 1128.000  3.305838e-01 
 1129.000  3.195800e-01 
 1130.000  3.195800e-01 
 1131.000  6.266976e-01 
 1132.000  6.266976e-01 
 1133.000  3.400925e-01 
 1134.000  3.400925e-01 
 1135.000  1.935612e-01 
 1136.000  1.935612e-01 
 1137.000  6.281928e-01 
 1138.000  6.281928e-01 
 1139.000  5.753063e-01 
 1140.000  5.753063e-01 
 1141.000  5.591123e-01 
 1142.000  5.591123e-01 
 1143.000  6.009657e-01 
 1144.000  6.009657e-01 
 1145.000  3.738410e-01 
 1146.000  3.738410e-01 
 1147.000  3.713329e-01 
 1148.000  3.713329e-01 
 1149.000  5.018640e-01 
 1150.000  5.018640e-01 
 1151.000  5.987579e-01 
 1152.000  5.987579e-01 
 1153.000  5.561436e-01 
 1154.000  5.561436e-01 
 1155.000  6.196091e-01 
 1156.000  6.196091e-01 
 1157.000  7.093793e-01 
 1158.000  7.093793e-01 
 1159.000  7.926583e-01 
 1160.000  7.926583e-01 
 1161.000  7.719268e-01 
 1162.000  7.719268e-01 
 1163.000  8.652114e-01 
 1164.000  8.652114e-01 
 1165.000  8.264619e-01 
 1166.000  8.264619e-01 
 1167.000  8.907869e-01 
 1168.000  8.907869e-01 
 1169.000  8.922672e-01 
 1170.000  8.922672e-01 
 1171.000  9.105299e-01 
 1172.000  9.105299e-01 
 1173.000  8.144351e-01 
 1174.000  8.144351e-01 
 1175.000  9.521479e-01 
 1176.000  9.521479e-01 
 1177.000  8.652563e-01 
 1178.000  8.652563e-01 
 1179.000  9.289419e-01 
 1180.000  9.289419e-01 
 1181.000  8.072603e-01 
 1182.000  8.072603e-01 
 1183.000  8.932790e-01 
 1184.000  8.932790e-01 
 1185.000  9.192984e-01 
 1186.000  9.192984e-01 
 1187.000  8.286886e-01 
 1188.000  8.286886e-01 
 1189.000  8.286886e-01 
 1190.000  8.946308e-01 
 1191.000  8.946308e-01 
 1192.000  9.570264e-01 
 1193.000  9.570264e-01 
 1194.000  9.127211e-01 
 1195.000  9.127211e-01 
 1196.000  9.266348e-01 
 1197.000  9.266348e-01 
 1198.000  8.854722e-01 
 1199.000  8.854722e-01 
 1200.000  8.847546e-01 
