  250.000  0.000000e+00 
  251.000  0.000000e+00 
  252.000  0.000000e+00 
  253.000  0.000000e+00 
  254.000  0.000000e+00 
  255.000  0.000000e+00 
  256.000  0.000000e+00 
  257.000  0.000000e+00 
  258.000  0.000000e+00 
  259.000  0.000000e+00 
  260.000  0.000000e+00 
  261.000  0.000000e+00 
  262.000  0.000000e+00 
  263.000  0.000000e+00 
  264.000  0.000000e+00 
  265.000  0.000000e+00 
  266.000  0.000000e+00 
  267.000  0.000000e+00 
  268.000  0.000000e+00 
  269.000  0.000000e+00 
  270.000  0.000000e+00 
  271.000  0.000000e+00 
  272.000  0.000000e+00 
  273.000  0.000000e+00 
  274.000  0.000000e+00 
  275.000  0.000000e+00 
  276.000  0.000000e+00 
  277.000  0.000000e+00 
  278.000  0.000000e+00 
  279.000  0.000000e+00 
  280.000  0.000000e+00 
  281.000  0.000000e+00 
  282.000  0.000000e+00 
  283.000  0.000000e+00 
  284.000  0.000000e+00 
  285.000  0.000000e+00 
  286.000  0.000000e+00 
  287.000  0.000000e+00 
  288.000  0.000000e+00 
  289.000  0.000000e+00 
  290.000  4.849718e-13 
  291.000  8.127191e-12 
  292.000  4.057713e-10 
  293.000  3.883942e-09 
  294.000  5.268373e-08 
  295.000  2.652839e-07 
  296.000  2.826713e-06 
  297.000  1.104693e-05 
  298.000  5.651890e-05 
  299.000  1.704906e-04 
  300.000  5.505004e-04 
  301.000  1.406870e-03 
  302.000  3.097378e-03 
  303.000  8.176594e-03 
  304.000  1.108373e-02 
  305.000  2.436703e-02 
  306.000  3.650548e-02 
  307.000  6.189099e-02 
  308.000  8.446512e-02 
  309.000  1.145157e-01 
  310.000  1.699424e-01 
  311.000  1.951845e-01 
  312.000  2.436570e-01 
  313.000  3.085944e-01 
  314.000  3.296058e-01 
  315.000  4.171521e-01 
  316.000  4.334647e-01 
  317.000  5.051886e-01 
  318.000  5.362909e-01 
  319.000  6.623260e-01 
  320.000  5.578193e-01 
  321.000  7.490801e-01 
  322.000  6.465155e-01 
  323.000  7.304321e-01 
  324.000  8.482019e-01 
  325.000  7.352151e-01 
  326.000  8.579563e-01 
  327.000  8.819767e-01 
  328.000  7.941710e-01 
  329.000  9.318830e-01 
  330.000  9.406063e-01 
  331.000  8.588601e-01 
  332.000  9.480907e-01 
  333.000  9.524912e-01 
  334.000  9.222274e-01 
  335.000  9.693086e-01 
  336.000  9.787599e-01 
  337.000  9.448690e-01 
  338.000  9.702808e-01 
  339.000  9.828759e-01 
  340.000  9.644638e-01 
  341.000  9.815020e-01 
  342.000  9.871777e-01 
  343.000  9.853981e-01 
  344.000  9.672627e-01 
  345.000  9.860045e-01 
  346.000  9.893033e-01 
  347.000  9.872255e-01 
  348.000  9.894589e-01 
  349.000  9.917520e-01 
  350.000  9.931397e-01 
  351.000  9.933192e-01 
  352.000  9.937552e-01 
  353.000  9.942030e-01 
  354.000  9.926843e-01 
  355.000  9.922560e-01 
  356.000  9.925538e-01 
  357.000  9.899196e-01 
  358.000  9.884858e-01 
  359.000  9.868934e-01 
  360.000  9.851079e-01 
  361.000  9.839330e-01 
  362.000  9.863780e-01 
  363.000  9.887094e-01 
  364.000  9.909244e-01 
  365.000  9.907935e-01 
  366.000  9.919349e-01 
  367.000  9.922907e-01 
  368.000  9.920956e-01 
  369.000  9.924210e-01 
  370.000  9.922622e-01 
  371.000  9.927535e-01 
  372.000  9.912121e-01 
  373.000  9.919123e-01 
  374.000  9.920654e-01 
  375.000  9.923142e-01 
  376.000  9.907265e-01 
  377.000  9.904739e-01 
  378.000  9.900087e-01 
  379.000  9.880959e-01 
  380.000  9.859162e-01 
  381.000  9.866919e-01 
  382.000  9.884881e-01 
  383.000  9.905270e-01 
  384.000  9.907004e-01 
  385.000  9.911817e-01 
  386.000  9.915658e-01 
  387.000  9.914555e-01 
  388.000  9.912545e-01 
  389.000  9.912076e-01 
  390.000  9.911838e-01 
  391.000  9.913893e-01 
  392.000  9.903368e-01 
  393.000  9.918603e-01 
  394.000  9.918730e-01 
  395.000  9.916739e-01 
  396.000  9.911699e-01 
  397.000  9.919397e-01 
  398.000  9.904535e-01 
  399.000  9.915615e-01 
  400.000  9.902107e-01 
  401.000  9.905172e-01 
  402.000  9.916285e-01 
  403.000  9.922791e-01 
  404.000  9.910279e-01 
  405.000  9.906352e-01 
  406.000  9.917883e-01 
  407.000  9.927227e-01 
  408.000  9.911538e-01 
  409.000  9.903064e-01 
  410.000  9.907790e-01 
  411.000  9.905691e-01 
  412.000  9.917392e-01 
  413.000  9.901685e-01 
  414.000  9.908112e-01 
  415.000  9.909394e-01 
  416.000  9.923027e-01 
  417.000  9.921208e-01 
  418.000  9.913435e-01 
  419.000  9.915175e-01 
  420.000  9.907302e-01 
  421.000  9.905212e-01 
  422.000  9.902075e-01 
  423.000  9.907255e-01 
  424.000  9.898232e-01 
  425.000  9.908823e-01 
  426.000  9.920948e-01 
  427.000  9.909800e-01 
  428.000  9.899256e-01 
  429.000  9.916505e-01 
  430.000  9.916372e-01 
  431.000  9.897582e-01 
  432.000  9.915075e-01 
  433.000  9.911441e-01 
  434.000  9.901156e-01 
  435.000  9.880214e-01 
  436.000  9.898649e-01 
  437.000  9.918748e-01 
  438.000  9.922746e-01 
  439.000  9.878520e-01 
  440.000  9.893460e-01 
  441.000  9.912226e-01 
  442.000  9.917882e-01 
  443.000  9.905040e-01 
  444.000  9.890866e-01 
  445.000  9.869035e-01 
  446.000  9.883838e-01 
  447.000  9.895687e-01 
  448.000  9.852982e-01 
  449.000  9.888532e-01 
  450.000  9.900963e-01 
  451.000  9.899430e-01 
  452.000  9.897429e-01 
  453.000  9.897512e-01 
  454.000  9.905229e-01 
  455.000  9.894027e-01 
  456.000  9.891461e-01 
  457.000  9.895615e-01 
  458.000  9.869444e-01 
  459.000  9.878286e-01 
  460.000  9.863473e-01 
  461.000  9.864340e-01 
  462.000  9.874173e-01 
  463.000  9.848728e-01 
  464.000  9.861444e-01 
  465.000  9.867951e-01 
  466.000  9.877914e-01 
  467.000  9.861751e-01 
  468.000  9.865835e-01 
  469.000  9.867336e-01 
  470.000  9.862406e-01 
  471.000  9.861177e-01 
  472.000  9.842603e-01 
  473.000  9.819844e-01 
  474.000  9.772835e-01 
  475.000  9.742255e-01 
  476.000  9.719104e-01 
  477.000  9.705672e-01 
  478.000  9.701870e-01 
  479.000  9.708300e-01 
  480.000  9.717535e-01 
  481.000  9.751977e-01 
  482.000  9.776369e-01 
  483.000  9.793707e-01 
  484.000  9.792441e-01 
  485.000  9.785730e-01 
  486.000  9.785820e-01 
  487.000  9.793278e-01 
  488.000  9.784117e-01 
  489.000  9.771780e-01 
  490.000  9.785684e-01 
  491.000  9.793031e-01 
  492.000  9.788121e-01 
  493.000  9.782685e-01 
  494.000  9.771979e-01 
  495.000  9.769036e-01 
  496.000  9.757439e-01 
  497.000  9.752015e-01 
  498.000  9.747766e-01 
  499.000  9.738566e-01 
  500.000  9.727067e-01 
  501.000  9.710154e-01 
  502.000  9.673512e-01 
  503.000  9.637510e-01 
  504.000  9.611572e-01 
  505.000  9.612852e-01 
  506.000  9.610333e-01 
  507.000  9.608495e-01 
  508.000  9.625588e-01 
  509.000  9.630857e-01 
  510.000  9.638507e-01 
  511.000  9.639412e-01 
  512.000  9.641601e-01 
  513.000  9.647813e-01 
  514.000  9.649485e-01 
  515.000  9.652489e-01 
  516.000  9.646060e-01 
  517.000  9.638584e-01 
  518.000  9.631857e-01 
  519.000  9.617736e-01 
  520.000  9.611948e-01 
  521.000  9.601794e-01 
  522.000  9.593827e-01 
  523.000  9.580913e-01 
  524.000  9.565502e-01 
  525.000  9.544129e-01 
  526.000  9.522659e-01 
  527.000  9.503636e-01 
  528.000  9.481950e-01 
  529.000  9.461536e-01 
  530.000  9.447722e-01 
  531.000  9.435714e-01 
  532.000  9.426897e-01 
  533.000  9.422472e-01 
  534.000  9.417617e-01 
  535.000  9.416785e-01 
  536.000  9.415447e-01 
  537.000  9.411721e-01 
  538.000  9.407119e-01 
  539.000  9.398656e-01 
  540.000  9.397863e-01 
  541.000  9.373308e-01 
  542.000  9.368113e-01 
  543.000  9.370694e-01 
  544.000  9.367116e-01 
  545.000  9.345545e-01 
  546.000  9.334977e-01 
  547.000  9.344511e-01 
  548.000  9.347029e-01 
  549.000  9.344899e-01 
  550.000  9.338366e-01 
  551.000  9.342047e-01 
  552.000  9.334357e-01 
  553.000  9.322910e-01 
  554.000  9.318526e-01 
  555.000  9.312552e-01 
  556.000  9.296841e-01 
  557.000  9.276335e-01 
  558.000  9.258271e-01 
  559.000  9.234414e-01 
  560.000  9.213423e-01 
  561.000  9.195130e-01 
  562.000  9.179614e-01 
  563.000  9.159559e-01 
  564.000  9.137947e-01 
  565.000  9.120223e-01 
  566.000  9.104727e-01 
  567.000  9.083589e-01 
  568.000  9.060079e-01 
  569.000  8.982140e-01 
  570.000  8.941256e-01 
  571.000  8.941386e-01 
  572.000  8.899688e-01 
  573.000  8.893097e-01 
  574.000  8.861975e-01 
  575.000  8.853170e-01 
  576.000  8.842044e-01 
  577.000  8.841031e-01 
  578.000  8.868875e-01 
  579.000  8.888427e-01 
  580.000  8.908895e-01 
  581.000  8.943396e-01 
  582.000  8.975184e-01 
  583.000  9.004447e-01 
  584.000  9.043515e-01 
  585.000  9.054289e-01 
  586.000  9.071974e-01 
  587.000  9.074306e-01 
  588.000  9.059142e-01 
  589.000  8.892620e-01 
  590.000  8.879254e-01 
  591.000  8.944683e-01 
  592.000  8.801942e-01 
  593.000  9.004391e-01 
  594.000  8.896586e-01 
  595.000  8.949443e-01 
  596.000  8.973706e-01 
  597.000  8.980725e-01 
  598.000  8.970369e-01 
  599.000  9.000831e-01 
  600.000  8.995717e-01 
  601.000  9.014992e-01 
  602.000  9.025471e-01 
  603.000  9.029151e-01 
  604.000  9.035683e-01 
  605.000  9.036961e-01 
  606.000  9.050742e-01 
  607.000  9.061946e-01 
  608.000  9.075992e-01 
  609.000  9.081832e-01 
  610.000  9.093395e-01 
  611.000  9.102503e-01 
  612.000  9.114571e-01 
  613.000  9.126457e-01 
  614.000  9.134523e-01 
  615.000  9.144021e-01 
  616.000  9.156694e-01 
  617.000  9.165572e-01 
  618.000  9.170851e-01 
  619.000  9.179001e-01 
  620.000  9.183500e-01 
  621.000  9.184698e-01 
  622.000  9.185157e-01 
  623.000  9.182065e-01 
  624.000  9.179690e-01 
  625.000  9.177799e-01 
  626.000  9.168111e-01 
  627.000  9.156633e-01 
  628.000  8.782409e-01 
  629.000  8.961017e-01 
  630.000  9.031348e-01 
  631.000  9.144027e-01 
  632.000  9.175912e-01 
  633.000  9.202865e-01 
  634.000  9.235930e-01 
  635.000  9.247984e-01 
  636.000  9.280354e-01 
  637.000  9.320611e-01 
  638.000  9.351313e-01 
  639.000  9.374946e-01 
  640.000  9.390017e-01 
  641.000  9.411923e-01 
  642.000  9.429972e-01 
  643.000  9.430888e-01 
  644.000  9.447203e-01 
  645.000  9.453545e-01 
  646.000  9.406205e-01 
  647.000  9.350546e-01 
  648.000  9.278486e-01 
  649.000  9.336729e-01 
  650.000  9.470025e-01 
  651.000  9.490389e-01 
  652.000  9.462173e-01 
  653.000  9.505205e-01 
  654.000  9.505250e-01 
  655.000  9.369968e-01 
  656.000  9.471699e-01 
  657.000  9.500187e-01 
  658.000  9.549594e-01 
  659.000  9.579622e-01 
  660.000  9.577894e-01 
  661.000  9.596006e-01 
  662.000  9.598076e-01 
  663.000  9.598775e-01 
  664.000  9.610342e-01 
  665.000  9.617980e-01 
  666.000  9.625313e-01 
  667.000  9.636671e-01 
  668.000  9.641737e-01 
  669.000  9.649898e-01 
  670.000  9.655442e-01 
  671.000  9.664939e-01 
  672.000  9.666606e-01 
  673.000  9.673963e-01 
  674.000  9.676716e-01 
  675.000  9.684723e-01 
  676.000  9.686721e-01 
  677.000  9.691260e-01 
  678.000  9.697937e-01 
  679.000  9.701814e-01 
  680.000  9.708491e-01 
  681.000  9.710562e-01 
  682.000  9.722712e-01 
  683.000  9.719887e-01 
  684.000  9.728477e-01 
  685.000  9.739067e-01 
  686.000  9.742175e-01 
  687.000  5.981458e-01 
  688.000  7.756926e-01 
  689.000  8.316804e-01 
  690.000  8.724920e-01 
  691.000  9.025142e-01 
  692.000  9.516510e-01 
  693.000  9.385006e-01 
  694.000  9.167482e-01 
  695.000  9.458500e-01 
  696.000  9.364744e-01 
  697.000  9.743564e-01 
  698.000  9.740738e-01 
  699.000  9.560389e-01 
  700.000  9.598032e-01 
  701.000  9.442060e-01 
  702.000  9.515952e-01 
  703.000  9.580441e-01 
  704.000  9.615697e-01 
  705.000  9.631403e-01 
  706.000  9.681836e-01 
  707.000  9.727125e-01 
  708.000  9.771570e-01 
  709.000  9.772063e-01 
  710.000  9.750447e-01 
  711.000  9.793040e-01 
  712.000  9.773168e-01 
  713.000  9.808550e-01 
  714.000  9.773193e-01 
  715.000  9.690735e-01 
  716.000  9.709365e-01 
  717.000  9.407953e-01 
  718.000  8.559620e-01 
  719.000  7.965431e-01 
  720.000  8.561109e-01 
  721.000  9.552122e-01 
  722.000  9.522066e-01 
  723.000  9.463273e-01 
  724.000  8.417966e-01 
  725.000  8.669707e-01 
  726.000  9.205173e-01 
  727.000  8.942816e-01 
  728.000  8.557423e-01 
  729.000  8.739982e-01 
  730.000  9.240869e-01 
  731.000  9.030782e-01 
  732.000  9.178715e-01 
  733.000  9.569642e-01 
  734.000  9.742501e-01 
  735.000  9.602087e-01 
  736.000  9.700239e-01 
  737.000  9.697424e-01 
  738.000  9.763840e-01 
  739.000  9.780782e-01 
  740.000  9.859360e-01 
  741.000  9.894348e-01 
  742.000  9.894345e-01 
  743.000  9.893647e-01 
  744.000  9.903026e-01 
  745.000  9.907010e-01 
  746.000  9.914005e-01 
  747.000  9.915192e-01 
  748.000  9.917138e-01 
  749.000  9.916944e-01 
  750.000  9.919202e-01 
  751.000  9.919221e-01 
  752.000  9.926219e-01 
  753.000  9.927800e-01 
  754.000  9.928693e-01 
  755.000  9.929548e-01 
  756.000  9.929745e-01 
  757.000  9.934132e-01 
  758.000  9.936676e-01 
  759.000  9.797632e-01 
  760.000  2.626519e-01 
  761.000  1.244214e-01 
  762.000  5.483860e-01 
  763.000  4.196243e-01 
  764.000  5.126828e-01 
  765.000  6.801893e-01 
  766.000  8.354538e-01 
  767.000  8.964486e-01 
  768.000  9.674463e-01 
  769.000  9.856156e-01 
  770.000  9.857824e-01 
  771.000  9.924686e-01 
  772.000  9.941709e-01 
  773.000  9.941352e-01 
  774.000  9.940481e-01 
  775.000  9.940908e-01 
  776.000  9.941035e-01 
  777.000  9.941170e-01 
  778.000  9.941146e-01 
  779.000  9.940921e-01 
  780.000  9.940745e-01 
  781.000  9.942595e-01 
  782.000  9.942743e-01 
  783.000  9.944815e-01 
  784.000  9.940336e-01 
  785.000  9.934185e-01 
  786.000  9.904078e-01 
  787.000  9.907452e-01 
  788.000  9.853082e-01 
  789.000  9.844359e-01 
  790.000  9.743586e-01 
  791.000  9.753486e-01 
  792.000  9.789145e-01 
  793.000  9.818040e-01 
  794.000  9.947572e-01 
  795.000  9.897340e-01 
  796.000  9.626188e-01 
  797.000  9.835676e-01 
  798.000  9.842687e-01 
  799.000  9.880366e-01 
  800.000  9.761850e-01 
  801.000  9.711104e-01 
  802.000  9.793212e-01 
  803.000  9.765273e-01 
  804.000  9.760110e-01 
  805.000  9.821095e-01 
  806.000  9.918553e-01 
  807.000  9.854888e-01 
  808.000  9.916853e-01 
  809.000  9.814073e-01 
  810.000  9.766513e-01 
  811.000  9.799584e-01 
  812.000  9.686107e-01 
  813.000  9.488108e-01 
  814.000  9.133320e-01 
  815.000  8.783541e-01 
  816.000  9.036588e-01 
  817.000  7.805302e-01 
  818.000  8.657360e-01 
  819.000  8.975297e-01 
  820.000  8.532090e-01 
  821.000  9.719543e-01 
  822.000  9.530675e-01 
  823.000  7.389061e-01 
  824.000  9.300659e-01 
  825.000  9.618524e-01 
  826.000  9.284008e-01 
  827.000  9.604557e-01 
  828.000  8.807356e-01 
  829.000  9.436286e-01 
  830.000  9.308676e-01 
  831.000  9.339213e-01 
  832.000  9.368600e-01 
  833.000  9.581311e-01 
  834.000  9.620420e-01 
  835.000  9.726195e-01 
  836.000  9.765558e-01 
  837.000  9.724175e-01 
  838.000  9.839696e-01 
  839.000  9.869295e-01 
  840.000  9.885454e-01 
  841.000  9.885454e-01 
  842.000  9.799775e-01 
  843.000  9.947966e-01 
  844.000  9.851893e-01 
  845.000  9.926194e-01 
  846.000  9.946795e-01 
  847.000  9.962722e-01 
  848.000  9.940304e-01 
  849.000  9.948429e-01 
  850.000  9.944935e-01 
  851.000  9.940238e-01 
  852.000  9.977167e-01 
  853.000  9.979371e-01 
  854.000  9.975246e-01 
  855.000  9.975246e-01 
  856.000  9.977858e-01 
  857.000  9.995127e-01 
  858.000  9.977284e-01 
  859.000  9.987514e-01 
  860.000  9.998683e-01 
  861.000  9.993377e-01 
  862.000  9.997911e-01 
  863.000  9.996405e-01 
  864.000  9.999350e-01 
  865.000  9.999350e-01 
  866.000  9.999048e-01 
  867.000  9.999851e-01 
  868.000  9.999086e-01 
  869.000  9.996979e-01 
  870.000  9.998157e-01 
  871.000  9.998513e-01 
  872.000  9.999486e-01 
  873.000  9.997703e-01 
  874.000  9.997703e-01 
  875.000  9.999831e-01 
  876.000  9.999868e-01 
  877.000  9.998114e-01 
  878.000  9.997199e-01 
  879.000  9.996682e-01 
  880.000  9.998587e-01 
  881.000  9.998587e-01 
  882.000  9.989197e-01 
  883.000  9.990372e-01 
  884.000  9.991691e-01 
  885.000  9.993353e-01 
  886.000  9.935288e-01 
  887.000  9.987682e-01 
  888.000  9.987682e-01 
  889.000  9.975444e-01 
  890.000  9.942303e-01 
  891.000  9.988151e-01 
  892.000  9.935820e-01 
  893.000  9.825357e-01 
  894.000  9.825357e-01 
  895.000  9.574828e-01 
  896.000  9.273145e-01 
  897.000  8.270748e-01 
  898.000  9.171421e-01 
  899.000  7.455165e-01 
  900.000  7.455165e-01 
  901.000  7.879186e-01 
  902.000  8.160427e-01 
  903.000  8.594387e-01 
  904.000  9.568533e-01 
  905.000  9.445206e-01 
  906.000  9.445206e-01 
  907.000  8.269487e-01 
  908.000  8.095010e-01 
  909.000  8.191242e-01 
  910.000  7.923794e-01 
  911.000  7.923794e-01 
  912.000  8.974039e-01 
  913.000  8.436587e-01 
  914.000  8.138596e-01 
  915.000  7.676697e-01 
  916.000  7.676697e-01 
  917.000  8.936037e-01 
  918.000  7.917242e-01 
  919.000  8.833833e-01 
  920.000  9.544648e-01 
  921.000  9.544648e-01 
  922.000  9.311393e-01 
  923.000  9.253422e-01 
  924.000  9.044557e-01 
  925.000  9.044557e-01 
  926.000  9.135942e-01 
  927.000  9.303436e-01 
  928.000  8.081058e-01 
  929.000  7.871332e-01 
  930.000  7.871332e-01 
  931.000  6.547387e-01 
  932.000  4.686189e-01 
  933.000  4.679921e-01 
  934.000  4.679921e-01 
  935.000  4.313127e-01 
  936.000  4.011355e-01 
  937.000  3.601407e-01 
  938.000  3.601407e-01 
  939.000  5.210510e-01 
  940.000  6.639278e-01 
  941.000  6.152769e-01 
  942.000  6.152769e-01 
  943.000  5.075166e-01 
  944.000  5.191600e-01 
  945.000  5.946247e-01 
  946.000  5.946247e-01 
  947.000  5.171936e-01 
  948.000  5.496359e-01 
  949.000  6.242919e-01 
  950.000  6.242919e-01 
  951.000  6.446203e-01 
  952.000  5.157155e-01 
  953.000  6.706071e-01 
  954.000  6.706071e-01 
  955.000  6.739517e-01 
  956.000  5.539137e-01 
  957.000  7.268586e-01 
  958.000  7.268586e-01 
  959.000  6.069085e-01 
  960.000  6.856769e-01 
  961.000  6.856769e-01 
  962.000  7.450112e-01 
  963.000  8.026724e-01 
  964.000  6.934503e-01 
  965.000  6.934503e-01 
  966.000  7.674491e-01 
  967.000  8.581312e-01 
  968.000  8.581312e-01 
  969.000  8.850043e-01 
  970.000  9.239907e-01 
  971.000  9.402889e-01 
  972.000  9.402889e-01 
  973.000  9.190994e-01 
  974.000  8.306813e-01 
  975.000  8.306813e-01 
  976.000  8.181791e-01 
  977.000  9.046316e-01 
  978.000  8.914011e-01 
  979.000  8.914011e-01 
  980.000  8.947867e-01 
  981.000  9.668185e-01 
  982.000  9.668185e-01 
  983.000  9.482758e-01 
  984.000  9.637999e-01 
  985.000  9.637999e-01 
  986.000  9.914093e-01 
  987.000  9.806054e-01 
  988.000  9.806054e-01 
  989.000  9.959291e-01 
  990.000  9.892076e-01 
  991.000  9.892076e-01 
  992.000  9.934900e-01 
  993.000  9.929149e-01 
  994.000  9.929149e-01 
  995.000  9.987228e-01 
  996.000  9.988297e-01 
  997.000  9.988297e-01 
  998.000  9.986683e-01 
  999.000  9.980603e-01 
 1000.000  9.980603e-01 
 1001.000  9.984744e-01 
 1002.000  9.896486e-01 
 1003.000  9.896486e-01 
 1004.000  9.982368e-01 
 1005.000  9.988269e-01 
 1006.000  9.988269e-01 
 1007.000  9.991001e-01 
 1008.000  9.969596e-01 
 1009.000  9.969596e-01 
 1010.000  9.897657e-01 
 1011.000  9.986817e-01 
 1012.000  9.986817e-01 
 1013.000  9.990919e-01 
 1014.000  9.988452e-01 
 1015.000  9.988452e-01 
 1016.000  9.991223e-01 
 1017.000  9.987633e-01 
 1018.000  9.987633e-01 
 1019.000  9.978232e-01 
 1020.000  9.992128e-01 
 1021.000  9.992128e-01 
 1022.000  9.979329e-01 
 1023.000  9.979329e-01 
 1024.000  9.978338e-01 
 1025.000  9.991200e-01 
 1026.000  9.991200e-01 
 1027.000  9.984292e-01 
 1028.000  9.991525e-01 
 1029.000  9.991525e-01 
 1030.000  9.994122e-01 
 1031.000  9.992006e-01 
 1032.000  9.992006e-01 
 1033.000  9.991784e-01 
 1034.000  9.991784e-01 
 1035.000  9.991722e-01 
 1036.000  9.983990e-01 
 1037.000  9.983990e-01 
 1038.000  9.982404e-01 
 1039.000  9.973463e-01 
 1040.000  9.973463e-01 
 1041.000  9.967448e-01 
 1042.000  9.967448e-01 
 1043.000  9.959615e-01 
 1044.000  9.948074e-01 
 1045.000  9.948074e-01 
 1046.000  9.932259e-01 
 1047.000  9.932259e-01 
 1048.000  9.916525e-01 
 1049.000  9.885163e-01 
 1050.000  9.885163e-01 
 1051.000  9.871154e-01 
 1052.000  9.871154e-01 
 1053.000  9.849849e-01 
 1054.000  9.831691e-01 
 1055.000  9.831691e-01 
 1056.000  9.811022e-01 
 1057.000  9.811022e-01 
 1058.000  9.791648e-01 
 1059.000  9.772725e-01 
 1060.000  9.772725e-01 
 1061.000  9.760668e-01 
 1062.000  9.760668e-01 
 1063.000  9.740415e-01 
 1064.000  9.725155e-01 
 1065.000  9.725155e-01 
 1066.000  9.745657e-01 
 1067.000  9.745657e-01 
 1068.000  9.733258e-01 
 1069.000  9.751759e-01 
 1070.000  9.751759e-01 
 1071.000  9.776247e-01 
 1072.000  9.776247e-01 
 1073.000  9.794272e-01 
 1074.000  9.794272e-01 
 1075.000  9.762802e-01 
 1076.000  9.760432e-01 
 1077.000  9.760432e-01 
 1078.000  9.826564e-01 
 1079.000  9.826564e-01 
 1080.000  9.784820e-01 
 1081.000  9.784820e-01 
 1082.000  9.817168e-01 
 1083.000  9.784051e-01 
 1084.000  9.784051e-01 
 1085.000  9.691408e-01 
 1086.000  9.691408e-01 
 1087.000  9.851266e-01 
 1088.000  9.851266e-01 
 1089.000  9.777870e-01 
 1090.000  9.742416e-01 
 1091.000  9.742416e-01 
 1092.000  9.627060e-01 
 1093.000  9.627060e-01 
 1094.000  9.645367e-01 
 1095.000  9.645367e-01 
 1096.000  9.569147e-01 
 1097.000  9.569147e-01 
 1098.000  9.454191e-01 
 1099.000  8.991982e-01 
 1100.000  8.991982e-01 
 1101.000  9.017773e-01 
 1102.000  9.017773e-01 
 1103.000  8.820157e-01 
 1104.000  8.820157e-01 
 1105.000  8.689376e-01 
 1106.000  8.689376e-01 
 1107.000  8.700076e-01 
 1108.000  8.700076e-01 
 1109.000  8.331565e-01 
 1110.000  8.102338e-01 
 1111.000  8.102338e-01 
 1112.000  7.567659e-01 
 1113.000  7.567659e-01 
 1114.000  6.875916e-01 
 1115.000  6.875916e-01 
 1116.000  4.495578e-01 
 1117.000  4.495578e-01 
 1118.000  5.547862e-01 
 1119.000  5.547862e-01 
 1120.000  4.664649e-01 
 1121.000  4.664649e-01 
 1122.000  2.832055e-01 
 1123.000  5.056695e-01 
 1124.000  5.056695e-01 
 1125.000  3.092639e-01 
 1126.000  3.092639e-01 
 1127.000  3.678047e-01 
 1128.000  3.678047e-01 
 1129.000  3.593080e-01 
 1130.000  3.593080e-01 
 1131.000  6.589882e-01 
 1132.000  6.589882e-01 
 1133.000  3.784876e-01 
 1134.000  3.784876e-01 
 1135.000  2.177804e-01 
 1136.000  2.177804e-01 
 1137.000  6.628214e-01 
 1138.000  6.628214e-01 
 1139.000  6.065555e-01 
 1140.000  6.065555e-01 
 1141.000  5.916018e-01 
 1142.000  5.916018e-01 
 1143.000  6.320939e-01 
 1144.000  6.320939e-01 
 1145.000  4.133705e-01 
 1146.000  4.133705e-01 
 1147.000  4.068898e-01 
 1148.000  4.068898e-01 
 1149.000  5.323321e-01 
 1150.000  5.323321e-01 
 1151.000  6.311508e-01 
 1152.000  6.311508e-01 
 1153.000  5.866966e-01 
 1154.000  5.866966e-01 
 1155.000  6.467959e-01 
 1156.000  6.467959e-01 
 1157.000  7.307833e-01 
 1158.000  7.307833e-01 
 1159.000  8.139964e-01 
 1160.000  8.139964e-01 
 1161.000  7.927290e-01 
 1162.000  7.927290e-01 
 1163.000  8.763663e-01 
 1164.000  8.763663e-01 
 1165.000  8.421600e-01 
 1166.000  8.421600e-01 
 1167.000  9.019551e-01 
 1168.000  9.019551e-01 
 1169.000  9.030550e-01 
 1170.000  9.030550e-01 
 1171.000  9.195271e-01 
 1172.000  9.195271e-01 
 1173.000  8.329878e-01 
 1174.000  8.329878e-01 
 1175.000  9.575766e-01 
 1176.000  9.575766e-01 
 1177.000  8.794549e-01 
 1178.000  8.794549e-01 
 1179.000  9.365809e-01 
 1180.000  9.365809e-01 
 1181.000  8.243791e-01 
 1182.000  8.243791e-01 
 1183.000  9.047868e-01 
 1184.000  9.047868e-01 
 1185.000  9.294826e-01 
 1186.000  9.294826e-01 
 1187.000  8.427887e-01 
 1188.000  8.427887e-01 
 1189.000  8.427887e-01 
 1190.000  9.054756e-01 
 1191.000  9.054756e-01 
 1192.000  9.622745e-01 
 1193.000  9.622745e-01 
 1194.000  9.221700e-01 
 1195.000  9.221700e-01 
 1196.000  9.362749e-01 
 1197.000  9.362749e-01 
 1198.000  8.985380e-01 
 1199.000  8.985380e-01 
 1200.000  8.968571e-01 
