  250.000  0.000000e+00 
  251.000  0.000000e+00 
  252.000  0.000000e+00 
  253.000  0.000000e+00 
  254.000  0.000000e+00 
  255.000  0.000000e+00 
  256.000  0.000000e+00 
  257.000  0.000000e+00 
  258.000  0.000000e+00 
  259.000  0.000000e+00 
  260.000  0.000000e+00 
  261.000  0.000000e+00 
  262.000  0.000000e+00 
  263.000  0.000000e+00 
  264.000  0.000000e+00 
  265.000  0.000000e+00 
  266.000  0.000000e+00 
  267.000  0.000000e+00 
  268.000  0.000000e+00 
  269.000  0.000000e+00 
  270.000  0.000000e+00 
  271.000  0.000000e+00 
  272.000  0.000000e+00 
  273.000  0.000000e+00 
  274.000  0.000000e+00 
  275.000  0.000000e+00 
  276.000  0.000000e+00 
  277.000  0.000000e+00 
  278.000  0.000000e+00 
  279.000  0.000000e+00 
  280.000  0.000000e+00 
  281.000  0.000000e+00 
  282.000  0.000000e+00 
  283.000  0.000000e+00 
  284.000  0.000000e+00 
  285.000  0.000000e+00 
  286.000  0.000000e+00 
  287.000  0.000000e+00 
  288.000  2.945430e-10 
  289.000  2.022998e-09 
  290.000  2.106954e-08 
  291.000  1.221197e-07 
  292.000  1.397839e-06 
  293.000  5.714396e-06 
  294.000  2.903161e-05 
  295.000  7.952045e-05 
  296.000  3.475626e-04 
  297.000  8.128575e-04 
  298.000  2.248774e-03 
  299.000  4.475627e-03 
  300.000  9.293461e-03 
  301.000  1.668007e-02 
  302.000  2.727903e-02 
  303.000  4.995871e-02 
  304.000  6.039014e-02 
  305.000  9.867804e-02 
  306.000  1.269588e-01 
  307.000  1.764260e-01 
  308.000  2.141684e-01 
  309.000  2.588983e-01 
  310.000  3.311332e-01 
  311.000  3.609790e-01 
  312.000  4.145037e-01 
  313.000  4.802611e-01 
  314.000  5.004010e-01 
  315.000  5.795074e-01 
  316.000  5.935480e-01 
  317.000  6.529728e-01 
  318.000  6.777111e-01 
  319.000  7.730436e-01 
  320.000  6.945248e-01 
  321.000  8.346609e-01 
  322.000  7.614411e-01 
  323.000  8.215961e-01 
  324.000  9.018532e-01 
  325.000  8.249150e-01 
  326.000  9.082406e-01 
  327.000  9.240085e-01 
  328.000  8.655075e-01 
  329.000  9.562327e-01 
  330.000  9.617519e-01 
  331.000  9.087871e-01 
  332.000  9.665374e-01 
  333.000  9.691538e-01 
  334.000  9.499882e-01 
  335.000  9.798368e-01 
  336.000  9.858286e-01 
  337.000  9.643807e-01 
  338.000  9.805006e-01 
  339.000  9.882166e-01 
  340.000  9.766662e-01 
  341.000  9.871892e-01 
  342.000  9.906420e-01 
  343.000  9.895267e-01 
  344.000  9.780484e-01 
  345.000  9.899175e-01 
  346.000  9.920686e-01 
  347.000  9.908309e-01 
  348.000  9.922518e-01 
  349.000  9.936487e-01 
  350.000  9.946840e-01 
  351.000  9.946519e-01 
  352.000  9.950010e-01 
  353.000  9.953597e-01 
  354.000  9.941433e-01 
  355.000  9.938001e-01 
  356.000  9.940386e-01 
  357.000  9.919276e-01 
  358.000  9.907781e-01 
  359.000  9.895009e-01 
  360.000  9.880686e-01 
  361.000  9.871256e-01 
  362.000  9.890875e-01 
  363.000  9.909573e-01 
  364.000  9.927330e-01 
  365.000  9.926280e-01 
  366.000  9.935428e-01 
  367.000  9.938279e-01 
  368.000  9.936715e-01 
  369.000  9.939323e-01 
  370.000  9.938051e-01 
  371.000  9.941987e-01 
  372.000  9.929636e-01 
  373.000  9.935246e-01 
  374.000  9.936473e-01 
  375.000  9.938467e-01 
  376.000  9.925744e-01 
  377.000  9.923718e-01 
  378.000  9.919990e-01 
  379.000  9.904653e-01 
  380.000  9.887171e-01 
  381.000  9.893394e-01 
  382.000  9.907799e-01 
  383.000  9.924145e-01 
  384.000  9.925534e-01 
  385.000  9.929392e-01 
  386.000  9.932470e-01 
  387.000  9.931586e-01 
  388.000  9.929975e-01 
  389.000  9.929600e-01 
  390.000  9.929408e-01 
  391.000  9.931056e-01 
  392.000  9.922620e-01 
  393.000  9.934831e-01 
  394.000  9.934931e-01 
  395.000  9.933336e-01 
  396.000  9.929298e-01 
  397.000  9.935532e-01 
  398.000  9.923567e-01 
  399.000  9.932483e-01 
  400.000  9.921620e-01 
  401.000  9.924067e-01 
  402.000  9.932973e-01 
  403.000  9.938185e-01 
  404.000  9.928159e-01 
  405.000  9.925025e-01 
  406.000  9.934441e-01 
  407.000  9.942175e-01 
  408.000  9.929789e-01 
  409.000  9.923222e-01 
  410.000  9.927208e-01 
  411.000  9.925565e-01 
  412.000  9.934953e-01 
  413.000  9.922383e-01 
  414.000  9.927552e-01 
  415.000  9.928641e-01 
  416.000  9.939600e-01 
  417.000  9.938201e-01 
  418.000  9.932017e-01 
  419.000  9.933511e-01 
  420.000  9.927239e-01 
  421.000  9.925754e-01 
  422.000  9.923404e-01 
  423.000  9.927747e-01 
  424.000  9.920709e-01 
  425.000  9.929385e-01 
  426.000  9.939156e-01 
  427.000  9.930211e-01 
  428.000  9.921775e-01 
  429.000  9.935634e-01 
  430.000  9.935551e-01 
  431.000  9.920592e-01 
  432.000  9.934767e-01 
  433.000  9.932003e-01 
  434.000  9.923875e-01 
  435.000  9.907255e-01 
  436.000  9.922283e-01 
  437.000  9.938737e-01 
  438.000  9.942163e-01 
  439.000  9.907002e-01 
  440.000  9.919268e-01 
  441.000  9.934441e-01 
  442.000  9.939950e-01 
  443.000  9.931110e-01 
  444.000  9.918013e-01 
  445.000  9.903840e-01 
  446.000  9.916540e-01 
  447.000  9.922273e-01 
  448.000  9.888170e-01 
  449.000  9.916825e-01 
  450.000  9.926963e-01 
  451.000  9.926000e-01 
  452.000  9.924620e-01 
  453.000  9.925184e-01 
  454.000  9.931619e-01 
  455.000  9.922869e-01 
  456.000  9.921833e-01 
  457.000  9.926162e-01 
  458.000  9.906622e-01 
  459.000  9.914470e-01 
  460.000  9.903625e-01 
  461.000  9.904398e-01 
  462.000  9.912380e-01 
  463.000  9.892027e-01 
  464.000  9.902323e-01 
  465.000  9.907607e-01 
  466.000  9.916304e-01 
  467.000  9.903318e-01 
  468.000  9.906825e-01 
  469.000  9.910526e-01 
  470.000  9.907694e-01 
  471.000  9.904379e-01 
  472.000  9.890134e-01 
  473.000  9.872333e-01 
  474.000  9.834968e-01 
  475.000  9.812305e-01 
  476.000  9.794322e-01 
  477.000  9.784896e-01 
  478.000  9.782920e-01 
  479.000  9.789559e-01 
  480.000  9.798753e-01 
  481.000  9.827696e-01 
  482.000  9.848384e-01 
  483.000  9.863433e-01 
  484.000  9.863356e-01 
  485.000  9.860030e-01 
  486.000  9.860314e-01 
  487.000  9.864675e-01 
  488.000  9.857184e-01 
  489.000  9.847239e-01 
  490.000  9.858305e-01 
  491.000  9.864686e-01 
  492.000  9.861289e-01 
  493.000  9.857581e-01 
  494.000  9.849551e-01 
  495.000  9.847654e-01 
  496.000  9.840422e-01 
  497.000  9.838377e-01 
  498.000  9.837002e-01 
  499.000  9.832284e-01 
  500.000  9.825595e-01 
  501.000  9.815171e-01 
  502.000  9.796101e-01 
  503.000  9.779670e-01 
  504.000  9.775059e-01 
  505.000  9.755945e-01 
  506.000  9.764519e-01 
  507.000  9.767304e-01 
  508.000  9.770270e-01 
  509.000  9.767261e-01 
  510.000  9.768200e-01 
  511.000  9.769906e-01 
  512.000  9.771127e-01 
  513.000  9.774622e-01 
  514.000  9.776350e-01 
  515.000  9.778456e-01 
  516.000  9.774515e-01 
  517.000  9.770075e-01 
  518.000  9.765442e-01 
  519.000  9.755598e-01 
  520.000  9.751812e-01 
  521.000  9.746408e-01 
  522.000  9.741320e-01 
  523.000  9.732701e-01 
  524.000  9.723385e-01 
  525.000  9.709269e-01 
  526.000  9.693468e-01 
  527.000  9.683036e-01 
  528.000  9.667640e-01 
  529.000  9.655663e-01 
  530.000  9.645861e-01 
  531.000  9.637515e-01 
  532.000  9.631731e-01 
  533.000  9.628970e-01 
  534.000  9.626904e-01 
  535.000  9.626912e-01 
  536.000  9.627094e-01 
  537.000  9.625424e-01 
  538.000  9.622198e-01 
  539.000  9.618289e-01 
  540.000  9.619390e-01 
  541.000  9.614128e-01 
  542.000  9.606018e-01 
  543.000  9.602073e-01 
  544.000  9.600031e-01 
  545.000  9.591456e-01 
  546.000  9.590490e-01 
  547.000  9.591382e-01 
  548.000  9.587160e-01 
  549.000  9.585269e-01 
  550.000  9.584063e-01 
  551.000  9.582744e-01 
  552.000  9.578195e-01 
  553.000  9.569640e-01 
  554.000  9.567384e-01 
  555.000  9.564144e-01 
  556.000  9.554355e-01 
  557.000  9.541102e-01 
  558.000  9.529433e-01 
  559.000  9.514484e-01 
  560.000  9.500883e-01 
  561.000  9.488896e-01 
  562.000  9.478535e-01 
  563.000  9.464933e-01 
  564.000  9.449985e-01 
  565.000  9.437960e-01 
  566.000  9.427793e-01 
  567.000  9.414586e-01 
  568.000  9.397753e-01 
  569.000  9.362327e-01 
  570.000  9.329453e-01 
  571.000  9.312126e-01 
  572.000  9.293891e-01 
  573.000  9.273779e-01 
  574.000  9.254723e-01 
  575.000  9.237683e-01 
  576.000  9.231790e-01 
  577.000  9.232122e-01 
  578.000  9.243146e-01 
  579.000  9.257594e-01 
  580.000  9.272002e-01 
  581.000  9.299142e-01 
  582.000  9.326179e-01 
  583.000  9.348670e-01 
  584.000  9.381804e-01 
  585.000  9.393640e-01 
  586.000  9.407806e-01 
  587.000  9.411986e-01 
  588.000  9.418572e-01 
  589.000  9.395610e-01 
  590.000  9.395604e-01 
  591.000  9.404179e-01 
  592.000  9.377297e-01 
  593.000  9.406919e-01 
  594.000  9.389331e-01 
  595.000  9.394466e-01 
  596.000  9.392601e-01 
  597.000  9.391703e-01 
  598.000  9.384231e-01 
  599.000  9.383231e-01 
  600.000  9.376413e-01 
  601.000  9.379241e-01 
  602.000  9.383166e-01 
  603.000  9.385594e-01 
  604.000  9.387634e-01 
  605.000  9.388868e-01 
  606.000  9.397368e-01 
  607.000  9.404070e-01 
  608.000  9.413092e-01 
  609.000  9.416868e-01 
  610.000  9.424350e-01 
  611.000  9.430087e-01 
  612.000  9.437136e-01 
  613.000  9.444922e-01 
  614.000  9.449982e-01 
  615.000  9.455978e-01 
  616.000  9.463291e-01 
  617.000  9.468249e-01 
  618.000  9.471035e-01 
  619.000  9.475266e-01 
  620.000  9.476106e-01 
  621.000  9.474781e-01 
  622.000  9.474128e-01 
  623.000  9.468425e-01 
  624.000  9.465291e-01 
  625.000  9.461780e-01 
  626.000  9.452571e-01 
  627.000  9.445915e-01 
  628.000  9.165427e-01 
  629.000  9.283954e-01 
  630.000  9.335476e-01 
  631.000  9.426056e-01 
  632.000  9.461669e-01 
  633.000  9.478017e-01 
  634.000  9.502680e-01 
  635.000  9.509134e-01 
  636.000  9.535973e-01 
  637.000  9.565896e-01 
  638.000  9.582172e-01 
  639.000  9.601515e-01 
  640.000  9.611785e-01 
  641.000  9.630683e-01 
  642.000  9.639319e-01 
  643.000  9.644793e-01 
  644.000  9.652561e-01 
  645.000  9.659610e-01 
  646.000  9.656574e-01 
  647.000  9.652510e-01 
  648.000  9.643812e-01 
  649.000  9.660105e-01 
  650.000  9.685979e-01 
  651.000  9.690943e-01 
  652.000  9.691716e-01 
  653.000  9.700971e-01 
  654.000  9.708526e-01 
  655.000  9.688976e-01 
  656.000  9.708989e-01 
  657.000  9.716422e-01 
  658.000  9.728739e-01 
  659.000  9.737671e-01 
  660.000  9.739373e-01 
  661.000  9.747050e-01 
  662.000  9.748729e-01 
  663.000  9.753823e-01 
  664.000  9.757669e-01 
  665.000  9.761645e-01 
  666.000  9.765966e-01 
  667.000  9.772168e-01 
  668.000  9.775329e-01 
  669.000  9.780639e-01 
  670.000  9.783542e-01 
  671.000  9.789603e-01 
  672.000  9.790644e-01 
  673.000  9.795181e-01 
  674.000  9.796994e-01 
  675.000  9.802049e-01 
  676.000  9.803448e-01 
  677.000  9.806179e-01 
  678.000  9.810475e-01 
  679.000  9.812992e-01 
  680.000  9.817433e-01 
  681.000  9.819683e-01 
  682.000  9.826725e-01 
  683.000  9.828409e-01 
  684.000  9.834685e-01 
  685.000  9.837453e-01 
  686.000  9.841073e-01 
  687.000  6.403276e-01 
  688.000  8.146769e-01 
  689.000  8.624376e-01 
  690.000  8.995632e-01 
  691.000  9.249341e-01 
  692.000  9.684242e-01 
  693.000  9.702308e-01 
  694.000  9.767243e-01 
  695.000  9.816278e-01 
  696.000  9.800875e-01 
  697.000  9.866135e-01 
  698.000  9.867150e-01 
  699.000  9.839662e-01 
  700.000  9.849213e-01 
  701.000  9.826579e-01 
  702.000  9.839317e-01 
  703.000  9.850898e-01 
  704.000  9.857471e-01 
  705.000  9.861975e-01 
  706.000  9.871342e-01 
  707.000  9.879293e-01 
  708.000  9.887549e-01 
  709.000  9.889054e-01 
  710.000  9.886713e-01 
  711.000  9.895443e-01 
  712.000  9.893428e-01 
  713.000  9.900470e-01 
  714.000  9.895604e-01 
  715.000  9.885841e-01 
  716.000  9.889911e-01 
  717.000  9.844568e-01 
  718.000  9.681244e-01 
  719.000  9.451400e-01 
  720.000  9.700387e-01 
  721.000  9.872355e-01 
  722.000  9.868128e-01 
  723.000  9.859858e-01 
  724.000  9.623055e-01 
  725.000  9.725363e-01 
  726.000  9.822226e-01 
  727.000  9.776541e-01 
  728.000  9.705850e-01 
  729.000  9.746168e-01 
  730.000  9.830205e-01 
  731.000  9.796907e-01 
  732.000  9.822733e-01 
  733.000  9.886195e-01 
  734.000  9.913852e-01 
  735.000  9.892897e-01 
  736.000  9.908556e-01 
  737.000  9.909000e-01 
  738.000  9.919704e-01 
  739.000  9.922662e-01 
  740.000  9.934757e-01 
  741.000  9.940277e-01 
  742.000  9.941555e-01 
  743.000  9.941857e-01 
  744.000  9.943650e-01 
  745.000  9.944610e-01 
  746.000  9.946756e-01 
  747.000  9.948138e-01 
  748.000  9.948919e-01 
  749.000  9.949481e-01 
  750.000  9.950646e-01 
  751.000  9.951323e-01 
  752.000  9.954322e-01 
  753.000  9.955162e-01 
  754.000  9.956150e-01 
  755.000  9.957227e-01 
  756.000  9.957753e-01 
  757.000  9.958894e-01 
  758.000  9.960529e-01 
  759.000  9.847181e-01 
  760.000  3.101109e-01 
  761.000  1.727392e-01 
  762.000  5.902169e-01 
  763.000  4.707336e-01 
  764.000  5.591058e-01 
  765.000  7.153759e-01 
  766.000  8.601531e-01 
  767.000  9.153140e-01 
  768.000  9.744140e-01 
  769.000  9.894620e-01 
  770.000  9.895468e-01 
  771.000  9.949598e-01 
  772.000  9.963440e-01 
  773.000  9.963216e-01 
  774.000  9.963042e-01 
  775.000  9.963075e-01 
  776.000  9.963100e-01 
  777.000  9.963256e-01 
  778.000  9.963270e-01 
  779.000  9.963135e-01 
  780.000  9.963031e-01 
  781.000  9.964188e-01 
  782.000  9.965050e-01 
  783.000  9.965810e-01 
  784.000  9.965646e-01 
  785.000  9.965330e-01 
  786.000  9.961427e-01 
  787.000  9.962900e-01 
  788.000  9.954860e-01 
  789.000  9.954498e-01 
  790.000  9.939417e-01 
  791.000  9.941851e-01 
  792.000  9.948094e-01 
  793.000  9.952581e-01 
  794.000  9.974125e-01 
  795.000  9.967297e-01 
  796.000  9.925992e-01 
  797.000  9.958682e-01 
  798.000  9.960006e-01 
  799.000  9.965999e-01 
  800.000  9.948125e-01 
  801.000  9.940203e-01 
  802.000  9.952863e-01 
  803.000  9.948412e-01 
  804.000  9.947221e-01 
  805.000  9.956191e-01 
  806.000  9.970669e-01 
  807.000  9.960706e-01 
  808.000  9.969612e-01 
  809.000  9.954114e-01 
  810.000  9.946674e-01 
  811.000  9.951786e-01 
  812.000  9.934807e-01 
  813.000  9.902905e-01 
  814.000  9.843971e-01 
  815.000  9.768267e-01 
  816.000  9.822596e-01 
  817.000  9.505300e-01 
  818.000  9.718120e-01 
  819.000  9.814475e-01 
  820.000  9.675204e-01 
  821.000  9.941849e-01 
  822.000  9.912556e-01 
  823.000  9.386607e-01 
  824.000  9.876779e-01 
  825.000  9.926031e-01 
  826.000  9.871502e-01 
  827.000  9.925050e-01 
  828.000  9.784007e-01 
  829.000  9.897385e-01 
  830.000  9.875068e-01 
  831.000  9.880533e-01 
  832.000  9.887246e-01 
  833.000  9.923155e-01 
  834.000  9.927900e-01 
  835.000  9.945285e-01 
  836.000  9.951030e-01 
  837.000  9.944675e-01 
  838.000  9.962602e-01 
  839.000  9.966875e-01 
  840.000  9.969324e-01 
  841.000  9.969324e-01 
  842.000  9.956328e-01 
  843.000  9.978429e-01 
  844.000  9.964018e-01 
  845.000  9.975160e-01 
  846.000  9.978081e-01 
  847.000  9.980365e-01 
  848.000  9.977029e-01 
  849.000  9.978141e-01 
  850.000  9.981002e-01 
  851.000  9.990837e-01 
  852.000  9.996731e-01 
  853.000  9.997021e-01 
  854.000  9.996412e-01 
  855.000  9.996412e-01 
  856.000  9.996798e-01 
  857.000  9.999301e-01 
  858.000  9.996715e-01 
  859.000  9.998196e-01 
  860.000  9.999812e-01 
  861.000  9.999044e-01 
  862.000  9.999672e-01 
  863.000  9.997181e-01 
  864.000  9.999905e-01 
  865.000  9.999905e-01 
  866.000  9.999263e-01 
  867.000  9.999902e-01 
  868.000  9.999291e-01 
  869.000  9.997615e-01 
  870.000  9.999665e-01 
  871.000  9.998865e-01 
  872.000  9.999903e-01 
  873.000  9.999645e-01 
  874.000  9.999645e-01 
  875.000  9.999980e-01 
  876.000  9.999988e-01 
  877.000  9.999735e-01 
  878.000  9.999608e-01 
  879.000  9.999533e-01 
  880.000  9.999809e-01 
  881.000  9.999809e-01 
  882.000  9.998463e-01 
  883.000  9.998625e-01 
  884.000  9.998826e-01 
  885.000  9.999070e-01 
  886.000  9.990575e-01 
  887.000  9.998264e-01 
  888.000  9.998264e-01 
  889.000  9.996506e-01 
  890.000  9.991580e-01 
  891.000  9.998346e-01 
  892.000  9.990780e-01 
  893.000  9.974597e-01 
  894.000  9.974597e-01 
  895.000  9.931759e-01 
  896.000  9.881421e-01 
  897.000  9.643959e-01 
  898.000  9.866798e-01 
  899.000  9.336336e-01 
  900.000  9.336336e-01 
  901.000  9.441395e-01 
  902.000  9.561734e-01 
  903.000  9.672795e-01 
  904.000  9.933642e-01 
  905.000  9.910062e-01 
  906.000  9.910062e-01 
  907.000  9.650074e-01 
  908.000  9.551676e-01 
  909.000  9.620683e-01 
  910.000  9.564863e-01 
  911.000  9.564863e-01 
  912.000  9.833449e-01 
  913.000  9.710518e-01 
  914.000  9.615589e-01 
  915.000  9.464308e-01 
  916.000  9.464308e-01 
  917.000  9.831235e-01 
  918.000  9.551784e-01 
  919.000  9.779969e-01 
  920.000  9.931259e-01 
  921.000  9.931259e-01 
  922.000  9.891980e-01 
  923.000  9.881898e-01 
  924.000  9.850378e-01 
  925.000  9.850378e-01 
  926.000  9.864757e-01 
  927.000  9.892835e-01 
  928.000  9.643936e-01 
  929.000  9.606006e-01 
  930.000  9.606006e-01 
  931.000  9.110931e-01 
  932.000  7.763310e-01 
  933.000  8.201642e-01 
  934.000  8.201642e-01 
  935.000  7.500135e-01 
  936.000  7.318839e-01 
  937.000  7.381751e-01 
  938.000  7.381751e-01 
  939.000  8.180079e-01 
  940.000  9.136345e-01 
  941.000  8.938851e-01 
  942.000  8.938851e-01 
  943.000  8.110088e-01 
  944.000  8.066722e-01 
  945.000  8.947279e-01 
  946.000  8.947279e-01 
  947.000  8.399526e-01 
  948.000  8.618421e-01 
  949.000  8.891791e-01 
  950.000  8.891791e-01 
  951.000  8.935837e-01 
  952.000  8.267785e-01 
  953.000  9.198726e-01 
  954.000  9.198726e-01 
  955.000  9.171587e-01 
  956.000  8.409489e-01 
  957.000  9.364012e-01 
  958.000  9.364012e-01 
  959.000  9.026349e-01 
  960.000  9.328102e-01 
  961.000  9.328102e-01 
  962.000  9.413602e-01 
  963.000  9.632539e-01 
  964.000  9.288579e-01 
  965.000  9.288579e-01 
  966.000  9.478121e-01 
  967.000  9.728314e-01 
  968.000  9.728314e-01 
  969.000  9.791300e-01 
  970.000  9.880829e-01 
  971.000  9.907385e-01 
  972.000  9.907385e-01 
  973.000  9.873543e-01 
  974.000  9.676780e-01 
  975.000  9.676780e-01 
  976.000  9.616269e-01 
  977.000  9.828497e-01 
  978.000  9.799780e-01 
  979.000  9.799780e-01 
  980.000  9.812093e-01 
  981.000  9.950353e-01 
  982.000  9.950353e-01 
  983.000  9.915838e-01 
  984.000  9.945160e-01 
  985.000  9.945160e-01 
  986.000  9.987497e-01 
  987.000  9.971243e-01 
  988.000  9.971243e-01 
  989.000  9.994130e-01 
  990.000  9.984245e-01 
  991.000  9.984245e-01 
  992.000  9.990482e-01 
  993.000  9.989662e-01 
  994.000  9.989662e-01 
  995.000  9.998181e-01 
  996.000  9.998335e-01 
  997.000  9.998335e-01 
  998.000  9.998100e-01 
  999.000  9.997223e-01 
 1000.000  9.997223e-01 
 1001.000  9.997821e-01 
 1002.000  9.984701e-01 
 1003.000  9.984701e-01 
 1004.000  9.997475e-01 
 1005.000  9.998312e-01 
 1006.000  9.998312e-01 
 1007.000  9.998704e-01 
 1008.000  9.995637e-01 
 1009.000  9.995637e-01 
 1010.000  9.984874e-01 
 1011.000  9.998108e-01 
 1012.000  9.998108e-01 
 1013.000  9.998693e-01 
 1014.000  9.998329e-01 
 1015.000  9.998329e-01 
 1016.000  9.998726e-01 
 1017.000  9.998183e-01 
 1018.000  9.998183e-01 
 1019.000  9.996800e-01 
 1020.000  9.998758e-01 
 1021.000  9.998758e-01 
 1022.000  9.996819e-01 
 1023.000  9.996819e-01 
 1024.000  9.996613e-01 
 1025.000  9.998215e-01 
 1026.000  9.998215e-01 
 1027.000  9.996959e-01 
 1028.000  9.997658e-01 
 1029.000  9.997658e-01 
 1030.000  9.997194e-01 
 1031.000  9.996375e-01 
 1032.000  9.996375e-01 
 1033.000  9.994907e-01 
 1034.000  9.994907e-01 
 1035.000  9.993414e-01 
 1036.000  9.987224e-01 
 1037.000  9.987224e-01 
 1038.000  9.985948e-01 
 1039.000  9.979028e-01 
 1040.000  9.979028e-01 
 1041.000  9.973992e-01 
 1042.000  9.973992e-01 
 1043.000  9.967706e-01 
 1044.000  9.958465e-01 
 1045.000  9.958465e-01 
 1046.000  9.945800e-01 
 1047.000  9.945800e-01 
 1048.000  9.933199e-01 
 1049.000  9.908061e-01 
 1050.000  9.908061e-01 
 1051.000  9.896831e-01 
 1052.000  9.896831e-01 
 1053.000  9.879746e-01 
 1054.000  9.865227e-01 
 1055.000  9.865227e-01 
 1056.000  9.848594e-01 
 1057.000  9.848594e-01 
 1058.000  9.833076e-01 
 1059.000  9.817847e-01 
 1060.000  9.817847e-01 
 1061.000  9.808181e-01 
 1062.000  9.808181e-01 
 1063.000  9.792639e-01 
 1064.000  9.784746e-01 
 1065.000  9.784746e-01 
 1066.000  9.796193e-01 
 1067.000  9.796193e-01 
 1068.000  9.788860e-01 
 1069.000  9.808979e-01 
 1070.000  9.808979e-01 
 1071.000  9.824550e-01 
 1072.000  9.824550e-01 
 1073.000  9.839330e-01 
 1074.000  9.839330e-01 
 1075.000  9.849331e-01 
 1076.000  9.863156e-01 
 1077.000  9.863156e-01 
 1078.000  9.889590e-01 
 1079.000  9.889590e-01 
 1080.000  9.894855e-01 
 1081.000  9.894855e-01 
 1082.000  9.915959e-01 
 1083.000  9.922382e-01 
 1084.000  9.922382e-01 
 1085.000  9.913881e-01 
 1086.000  9.913881e-01 
 1087.000  9.949625e-01 
 1088.000  9.949625e-01 
 1089.000  9.948291e-01 
 1090.000  9.946844e-01 
 1091.000  9.946844e-01 
 1092.000  9.934610e-01 
 1093.000  9.934610e-01 
 1094.000  9.938287e-01 
 1095.000  9.938287e-01 
 1096.000  9.929265e-01 
 1097.000  9.929265e-01 
 1098.000  9.914000e-01 
 1099.000  9.829227e-01 
 1100.000  9.829227e-01 
 1101.000  9.833766e-01 
 1102.000  9.833766e-01 
 1103.000  9.797269e-01 
 1104.000  9.797269e-01 
 1105.000  9.773981e-01 
 1106.000  9.773981e-01 
 1107.000  9.771694e-01 
 1108.000  9.771694e-01 
 1109.000  9.695178e-01 
 1110.000  9.603094e-01 
 1111.000  9.603094e-01 
 1112.000  9.478810e-01 
 1113.000  9.478810e-01 
 1114.000  8.988190e-01 
 1115.000  8.988190e-01 
 1116.000  7.952710e-01 
 1117.000  7.952710e-01 
 1118.000  8.348293e-01 
 1119.000  8.348293e-01 
 1120.000  7.950378e-01 
 1121.000  7.950378e-01 
 1122.000  6.590907e-01 
 1123.000  8.210554e-01 
 1124.000  8.210554e-01 
 1125.000  6.859616e-01 
 1126.000  6.859616e-01 
 1127.000  7.453463e-01 
 1128.000  7.453463e-01 
 1129.000  7.440853e-01 
 1130.000  7.440853e-01 
 1131.000  9.159337e-01 
 1132.000  9.159337e-01 
 1133.000  7.626636e-01 
 1134.000  7.626636e-01 
 1135.000  5.497739e-01 
 1136.000  5.497739e-01 
 1137.000  9.241834e-01 
 1138.000  9.241834e-01 
 1139.000  8.637270e-01 
 1140.000  8.637270e-01 
 1141.000  8.636936e-01 
 1142.000  8.636936e-01 
 1143.000  9.086066e-01 
 1144.000  9.086066e-01 
 1145.000  7.599953e-01 
 1146.000  7.599953e-01 
 1147.000  7.723447e-01 
 1148.000  7.723447e-01 
 1149.000  8.195500e-01 
 1150.000  8.195500e-01 
 1151.000  8.716562e-01 
 1152.000  8.716562e-01 
 1153.000  8.454256e-01 
 1154.000  8.454256e-01 
 1155.000  8.801007e-01 
 1156.000  8.801007e-01 
 1157.000  9.297439e-01 
 1158.000  9.297439e-01 
 1159.000  9.630668e-01 
 1160.000  9.630668e-01 
 1161.000  9.549434e-01 
 1162.000  9.549434e-01 
 1163.000  9.700890e-01 
 1164.000  9.700890e-01 
 1165.000  9.650690e-01 
 1166.000  9.650690e-01 
 1167.000  9.792848e-01 
 1168.000  9.792848e-01 
 1169.000  9.788133e-01 
 1170.000  9.788133e-01 
 1171.000  9.827550e-01 
 1172.000  9.827550e-01 
 1173.000  9.660475e-01 
 1174.000  9.660475e-01 
 1175.000  9.911686e-01 
 1176.000  9.911686e-01 
 1177.000  9.766704e-01 
 1178.000  9.766704e-01 
 1179.000  9.875555e-01 
 1180.000  9.875555e-01 
 1181.000  9.624984e-01 
 1182.000  9.624984e-01 
 1183.000  9.819790e-01 
 1184.000  9.819790e-01 
 1185.000  9.879353e-01 
 1186.000  9.879353e-01 
 1187.000  9.613934e-01 
 1188.000  9.613934e-01 
 1189.000  9.613934e-01 
 1190.000  9.815581e-01 
 1191.000  9.815581e-01 
 1192.000  9.931214e-01 
 1193.000  9.931214e-01 
 1194.000  9.855127e-01 
 1195.000  9.855127e-01 
 1196.000  9.898540e-01 
 1197.000  9.898540e-01 
 1198.000  9.820538e-01 
 1199.000  9.820538e-01 
 1200.000  9.805174e-01 
