  250.000  0.000000e+00 
  251.000  0.000000e+00 
  252.000  0.000000e+00 
  253.000  0.000000e+00 
  254.000  0.000000e+00 
  255.000  0.000000e+00 
  256.000  0.000000e+00 
  257.000  0.000000e+00 
  258.000  0.000000e+00 
  259.000  0.000000e+00 
  260.000  0.000000e+00 
  261.000  0.000000e+00 
  262.000  0.000000e+00 
  263.000  0.000000e+00 
  264.000  0.000000e+00 
  265.000  0.000000e+00 
  266.000  0.000000e+00 
  267.000  0.000000e+00 
  268.000  0.000000e+00 
  269.000  0.000000e+00 
  270.000  0.000000e+00 
  271.000  0.000000e+00 
  272.000  0.000000e+00 
  273.000  0.000000e+00 
  274.000  0.000000e+00 
  275.000  0.000000e+00 
  276.000  0.000000e+00 
  277.000  0.000000e+00 
  278.000  0.000000e+00 
  279.000  0.000000e+00 
  280.000  0.000000e+00 
  281.000  0.000000e+00 
  282.000  0.000000e+00 
  283.000  0.000000e+00 
  284.000  0.000000e+00 
  285.000  0.000000e+00 
  286.000  0.000000e+00 
  287.000  0.000000e+00 
  288.000  0.000000e+00 
  289.000  0.000000e+00 
  290.000  3.961272e-07 
  291.000  1.569745e-06 
  292.000  9.781696e-06 
  293.000  2.893643e-05 
  294.000  9.893913e-05 
  295.000  2.186451e-04 
  296.000  6.652108e-04 
  297.000  1.297399e-03 
  298.000  2.882028e-03 
  299.000  4.969158e-03 
  300.000  8.734424e-03 
  301.000  1.387044e-02 
  302.000  2.039086e-02 
  303.000  3.235636e-02 
  304.000  3.843165e-02 
  305.000  5.593975e-02 
  306.000  6.900158e-02 
  307.000  8.929565e-02 
  308.000  1.053077e-01 
  309.000  1.228337e-01 
  310.000  1.502836e-01 
  311.000  1.630354e-01 
  312.000  1.833075e-01 
  313.000  2.074427e-01 
  314.000  2.179815e-01 
  315.000  2.464000e-01 
  316.000  2.542945e-01 
  317.000  2.758703e-01 
  318.000  2.887421e-01 
  319.000  3.215342e-01 
  320.000  3.016788e-01 
  321.000  3.493876e-01 
  322.000  3.314669e-01 
  323.000  3.538919e-01 
  324.000  3.848789e-01 
  325.000  3.644058e-01 
  326.000  3.952752e-01 
  327.000  4.054115e-01 
  328.000  3.909124e-01 
  329.000  4.252734e-01 
  330.000  4.317924e-01 
  331.000  4.185579e-01 
  332.000  4.422742e-01 
  333.000  4.479517e-01 
  334.000  4.455062e-01 
  335.000  4.606714e-01 
  336.000  4.672293e-01 
  337.000  4.642970e-01 
  338.000  4.743786e-01 
  339.000  4.817882e-01 
  340.000  4.814347e-01 
  341.000  4.896266e-01 
  342.000  4.955548e-01 
  343.000  4.995755e-01 
  344.000  4.990858e-01 
  345.000  5.078518e-01 
  346.000  5.124897e-01 
  347.000  5.166014e-01 
  348.000  5.207971e-01 
  349.000  5.257976e-01 
  350.000  5.298093e-01 
  351.000  5.344090e-01 
  352.000  5.382255e-01 
  353.000  5.427770e-01 
  354.000  5.460309e-01 
  355.000  5.495833e-01 
  356.000  5.540757e-01 
  357.000  5.569969e-01 
  358.000  5.602666e-01 
  359.000  5.634854e-01 
  360.000  5.666175e-01 
  361.000  5.698757e-01 
  362.000  5.748653e-01 
  363.000  5.790897e-01 
  364.000  5.832871e-01 
  365.000  5.867900e-01 
  366.000  5.906865e-01 
  367.000  5.943432e-01 
  368.000  5.978227e-01 
  369.000  6.007478e-01 
  370.000  6.042187e-01 
  371.000  6.078815e-01 
  372.000  6.108922e-01 
  373.000  6.145973e-01 
  374.000  6.181181e-01 
  375.000  6.209681e-01 
  376.000  6.239130e-01 
  377.000  6.272860e-01 
  378.000  6.299018e-01 
  379.000  6.327282e-01 
  380.000  6.354267e-01 
  381.000  6.383760e-01 
  382.000  6.422988e-01 
  383.000  6.462908e-01 
  384.000  6.490015e-01 
  385.000  6.524830e-01 
  386.000  6.552656e-01 
  387.000  6.585343e-01 
  388.000  6.611007e-01 
  389.000  6.637098e-01 
  390.000  6.669696e-01 
  391.000  6.696441e-01 
  392.000  6.718720e-01 
  393.000  6.756309e-01 
  394.000  6.782073e-01 
  395.000  6.806994e-01 
  396.000  6.838352e-01 
  397.000  6.866881e-01 
  398.000  6.886524e-01 
  399.000  6.913782e-01 
  400.000  6.936822e-01 
  401.000  6.967506e-01 
  402.000  6.995117e-01 
  403.000  7.023363e-01 
  404.000  7.041994e-01 
  405.000  7.067901e-01 
  406.000  7.092585e-01 
  407.000  7.124423e-01 
  408.000  7.139833e-01 
  409.000  7.162328e-01 
  410.000  7.186247e-01 
  411.000  7.212798e-01 
  412.000  7.240404e-01 
  413.000  7.255087e-01 
  414.000  7.283385e-01 
  415.000  7.305553e-01 
  416.000  7.334288e-01 
  417.000  7.351059e-01 
  418.000  7.370043e-01 
  419.000  7.397223e-01 
  420.000  7.415365e-01 
  421.000  7.436561e-01 
  422.000  7.453870e-01 
  423.000  7.477797e-01 
  424.000  7.496009e-01 
  425.000  7.523660e-01 
  426.000  7.544229e-01 
  427.000  7.563051e-01 
  428.000  7.580074e-01 
  429.000  7.605100e-01 
  430.000  7.625564e-01 
  431.000  7.633348e-01 
  432.000  7.662296e-01 
  433.000  7.682098e-01 
  434.000  7.694848e-01 
  435.000  7.708025e-01 
  436.000  7.731341e-01 
  437.000  7.761619e-01 
  438.000  7.776965e-01 
  439.000  7.780311e-01 
  440.000  7.802975e-01 
  441.000  7.822659e-01 
  442.000  7.845395e-01 
  443.000  7.856411e-01 
  444.000  7.873552e-01 
  445.000  7.877650e-01 
  446.000  7.898397e-01 
  447.000  7.923318e-01 
  448.000  7.923903e-01 
  449.000  7.953100e-01 
  450.000  7.976671e-01 
  451.000  7.990687e-01 
  452.000  8.002179e-01 
  453.000  8.019446e-01 
  454.000  8.043458e-01 
  455.000  8.051429e-01 
  456.000  8.065436e-01 
  457.000  8.081684e-01 
  458.000  8.091884e-01 
  459.000  8.106308e-01 
  460.000  8.114954e-01 
  461.000  8.129559e-01 
  462.000  8.149978e-01 
  463.000  8.150707e-01 
  464.000  8.170781e-01 
  465.000  8.184580e-01 
  466.000  8.209554e-01 
  467.000  8.217093e-01 
  468.000  8.231615e-01 
  469.000  8.241736e-01 
  470.000  8.254256e-01 
  471.000  8.270245e-01 
  472.000  8.275856e-01 
  473.000  8.279570e-01 
  474.000  8.271970e-01 
  475.000  8.272920e-01 
  476.000  8.279923e-01 
  477.000  8.285609e-01 
  478.000  8.292606e-01 
  479.000  8.306220e-01 
  480.000  8.322902e-01 
  481.000  8.350871e-01 
  482.000  8.373559e-01 
  483.000  8.394315e-01 
  484.000  8.404942e-01 
  485.000  8.412424e-01 
  486.000  8.419573e-01 
  487.000  8.437301e-01 
  488.000  8.445618e-01 
  489.000  8.451942e-01 
  490.000  8.470241e-01 
  491.000  8.481223e-01 
  492.000  8.491192e-01 
  493.000  8.501026e-01 
  494.000  8.507656e-01 
  495.000  8.515220e-01 
  496.000  8.520846e-01 
  497.000  8.530210e-01 
  498.000  8.537124e-01 
  499.000  8.545765e-01 
  500.000  8.551805e-01 
  501.000  8.551130e-01 
  502.000  8.541140e-01 
  503.000  8.528449e-01 
  504.000  8.507692e-01 
  505.000  8.542539e-01 
  506.000  8.545265e-01 
  507.000  8.547390e-01 
  508.000  8.573618e-01 
  509.000  8.589619e-01 
  510.000  8.607844e-01 
  511.000  8.617657e-01 
  512.000  8.625669e-01 
  513.000  8.642489e-01 
  514.000  8.649012e-01 
  515.000  8.661175e-01 
  516.000  8.666140e-01 
  517.000  8.674997e-01 
  518.000  8.676969e-01 
  519.000  8.682433e-01 
  520.000  8.685280e-01 
  521.000  8.692573e-01 
  522.000  8.694493e-01 
  523.000  8.697259e-01 
  524.000  8.698896e-01 
  525.000  8.694527e-01 
  526.000  8.697042e-01 
  527.000  8.696652e-01 
  528.000  8.695993e-01 
  529.000  8.694497e-01 
  530.000  8.694860e-01 
  531.000  8.698757e-01 
  532.000  8.701839e-01 
  533.000  8.707076e-01 
  534.000  8.713986e-01 
  535.000  8.718405e-01 
  536.000  8.725823e-01 
  537.000  8.733419e-01 
  538.000  8.737335e-01 
  539.000  8.738734e-01 
  540.000  8.744754e-01 
  541.000  8.726889e-01 
  542.000  8.737156e-01 
  543.000  8.751687e-01 
  544.000  8.757556e-01 
  545.000  8.747776e-01 
  546.000  8.741978e-01 
  547.000  8.760631e-01 
  548.000  8.777189e-01 
  549.000  8.780279e-01 
  550.000  8.782904e-01 
  551.000  8.793972e-01 
  552.000  8.796513e-01 
  553.000  8.800512e-01 
  554.000  8.804711e-01 
  555.000  8.808197e-01 
  556.000  8.806651e-01 
  557.000  8.803126e-01 
  558.000  8.800460e-01 
  559.000  8.797150e-01 
  560.000  8.793617e-01 
  561.000  8.790863e-01 
  562.000  8.789424e-01 
  563.000  8.785629e-01 
  564.000  8.781741e-01 
  565.000  8.778502e-01 
  566.000  8.777606e-01 
  567.000  8.770805e-01 
  568.000  8.763295e-01 
  569.000  8.710688e-01 
  570.000  8.698653e-01 
  571.000  8.722345e-01 
  572.000  8.689069e-01 
  573.000  8.708814e-01 
  574.000  8.690047e-01 
  575.000  8.704329e-01 
  576.000  8.698988e-01 
  577.000  8.701469e-01 
  578.000  8.729872e-01 
  579.000  8.744408e-01 
  580.000  8.759117e-01 
  581.000  8.780388e-01 
  582.000  8.797925e-01 
  583.000  8.815834e-01 
  584.000  8.837967e-01 
  585.000  8.842591e-01 
  586.000  8.855391e-01 
  587.000  8.854760e-01 
  588.000  8.837383e-01 
  589.000  8.645722e-01 
  590.000  8.642532e-01 
  591.000  8.715054e-01 
  592.000  8.573534e-01 
  593.000  8.810314e-01 
  594.000  8.694429e-01 
  595.000  8.768894e-01 
  596.000  8.806419e-01 
  597.000  8.805857e-01 
  598.000  8.812721e-01 
  599.000  8.856466e-01 
  600.000  8.865185e-01 
  601.000  8.893940e-01 
  602.000  8.907865e-01 
  603.000  8.913196e-01 
  604.000  8.922958e-01 
  605.000  8.927686e-01 
  606.000  8.938998e-01 
  607.000  8.948723e-01 
  608.000  8.960114e-01 
  609.000  8.964791e-01 
  610.000  8.974066e-01 
  611.000  8.981520e-01 
  612.000  8.992273e-01 
  613.000  9.001510e-01 
  614.000  9.008116e-01 
  615.000  9.015826e-01 
  616.000  9.026487e-01 
  617.000  9.034159e-01 
  618.000  9.039322e-01 
  619.000  9.046860e-01 
  620.000  9.053089e-01 
  621.000  9.057509e-01 
  622.000  9.059467e-01 
  623.000  9.063202e-01 
  624.000  9.064234e-01 
  625.000  9.066315e-01 
  626.000  9.065763e-01 
  627.000  9.060062e-01 
  628.000  8.849230e-01 
  629.000  8.949347e-01 
  630.000  9.014485e-01 
  631.000  9.070081e-01 
  632.000  9.076329e-01 
  633.000  9.097217e-01 
  634.000  9.117852e-01 
  635.000  9.127203e-01 
  636.000  9.141877e-01 
  637.000  9.162315e-01 
  638.000  9.186621e-01 
  639.000  9.197642e-01 
  640.000  9.207509e-01 
  641.000  9.217227e-01 
  642.000  9.234938e-01 
  643.000  9.232942e-01 
  644.000  9.246951e-01 
  645.000  9.247780e-01 
  646.000  9.197619e-01 
  647.000  9.119565e-01 
  648.000  9.044533e-01 
  649.000  9.111817e-01 
  650.000  9.256647e-01 
  651.000  9.275433e-01 
  652.000  9.233203e-01 
  653.000  9.282454e-01 
  654.000  9.282607e-01 
  655.000  9.127774e-01 
  656.000  9.236029e-01 
  657.000  9.266152e-01 
  658.000  9.321200e-01 
  659.000  9.353480e-01 
  660.000  9.349431e-01 
  661.000  9.367673e-01 
  662.000  9.368790e-01 
  663.000  9.367751e-01 
  664.000  9.379154e-01 
  665.000  9.385386e-01 
  666.000  9.392365e-01 
  667.000  9.402243e-01 
  668.000  9.406290e-01 
  669.000  9.413136e-01 
  670.000  9.417779e-01 
  671.000  9.426139e-01 
  672.000  9.427952e-01 
  673.000  9.434866e-01 
  674.000  9.437562e-01 
  675.000  9.444757e-01 
  676.000  9.446802e-01 
  677.000  9.450737e-01 
  678.000  9.456998e-01 
  679.000  9.460205e-01 
  680.000  9.466337e-01 
  681.000  9.467376e-01 
  682.000  9.477118e-01 
  683.000  9.471666e-01 
  684.000  9.479253e-01 
  685.000  9.489517e-01 
  686.000  9.491296e-01 
  687.000  6.834015e-01 
  688.000  8.470100e-01 
  689.000  8.754954e-01 
  690.000  8.995644e-01 
  691.000  9.113203e-01 
  692.000  9.338996e-01 
  693.000  9.141297e-01 
  694.000  8.826076e-01 
  695.000  9.162018e-01 
  696.000  9.073128e-01 
  697.000  9.484900e-01 
  698.000  9.470820e-01 
  699.000  9.287663e-01 
  700.000  9.304653e-01 
  701.000  9.159036e-01 
  702.000  9.227622e-01 
  703.000  9.288116e-01 
  704.000  9.331484e-01 
  705.000  9.342416e-01 
  706.000  9.409599e-01 
  707.000  9.464524e-01 
  708.000  9.503415e-01 
  709.000  9.505416e-01 
  710.000  9.486572e-01 
  711.000  9.534158e-01 
  712.000  9.504753e-01 
  713.000  9.544780e-01 
  714.000  9.510719e-01 
  715.000  9.415489e-01 
  716.000  9.431756e-01 
  717.000  9.041774e-01 
  718.000  8.131440e-01 
  719.000  7.605004e-01 
  720.000  8.201894e-01 
  721.000  9.256064e-01 
  722.000  9.231648e-01 
  723.000  9.171354e-01 
  724.000  8.071550e-01 
  725.000  8.291092e-01 
  726.000  8.849742e-01 
  727.000  8.598652e-01 
  728.000  8.169838e-01 
  729.000  8.392802e-01 
  730.000  8.925527e-01 
  731.000  8.631656e-01 
  732.000  8.794630e-01 
  733.000  9.239826e-01 
  734.000  9.477839e-01 
  735.000  9.311286e-01 
  736.000  9.425818e-01 
  737.000  9.424761e-01 
  738.000  9.493645e-01 
  739.000  9.513807e-01 
  740.000  9.602869e-01 
  741.000  9.650447e-01 
  742.000  9.654783e-01 
  743.000  9.652241e-01 
  744.000  9.666382e-01 
  745.000  9.674682e-01 
  746.000  9.682722e-01 
  747.000  9.682735e-01 
  748.000  9.685893e-01 
  749.000  9.686623e-01 
  750.000  9.689311e-01 
  751.000  9.689502e-01 
  752.000  9.697339e-01 
  753.000  9.699091e-01 
  754.000  9.700222e-01 
  755.000  9.701250e-01 
  756.000  9.701781e-01 
  757.000  9.706792e-01 
  758.000  9.710579e-01 
  759.000  9.629175e-01 
  760.000  3.949055e-01 
  761.000  3.000418e-01 
  762.000  6.748636e-01 
  763.000  5.778711e-01 
  764.000  6.329601e-01 
  765.000  7.535893e-01 
  766.000  8.746995e-01 
  767.000  9.148859e-01 
  768.000  9.560828e-01 
  769.000  9.671146e-01 
  770.000  9.667917e-01 
  771.000  9.715803e-01 
  772.000  9.731547e-01 
  773.000  9.732391e-01 
  774.000  9.732299e-01 
  775.000  9.733561e-01 
  776.000  9.735029e-01 
  777.000  9.736863e-01 
  778.000  9.737949e-01 
  779.000  9.739049e-01 
  780.000  9.739968e-01 
  781.000  9.742677e-01 
  782.000  9.743334e-01 
  783.000  9.745783e-01 
  784.000  9.740523e-01 
  785.000  9.735000e-01 
  786.000  9.702670e-01 
  787.000  9.699041e-01 
  788.000  9.634066e-01 
  789.000  9.631966e-01 
  790.000  9.516933e-01 
  791.000  9.529248e-01 
  792.000  9.576497e-01 
  793.000  9.610961e-01 
  794.000  9.750022e-01 
  795.000  9.698215e-01 
  796.000  9.385774e-01 
  797.000  9.611160e-01 
  798.000  9.633281e-01 
  799.000  9.681421e-01 
  800.000  9.548526e-01 
  801.000  9.485563e-01 
  802.000  9.572405e-01 
  803.000  9.554192e-01 
  804.000  9.547873e-01 
  805.000  9.607418e-01 
  806.000  9.723924e-01 
  807.000  9.652848e-01 
  808.000  9.725870e-01 
  809.000  9.614084e-01 
  810.000  9.556580e-01 
  811.000  9.576556e-01 
  812.000  9.452517e-01 
  813.000  9.222695e-01 
  814.000  8.831856e-01 
  815.000  8.434870e-01 
  816.000  8.742505e-01 
  817.000  7.456257e-01 
  818.000  8.394173e-01 
  819.000  8.725297e-01 
  820.000  8.299730e-01 
  821.000  9.527963e-01 
  822.000  9.332716e-01 
  823.000  7.083657e-01 
  824.000  9.068717e-01 
  825.000  9.426367e-01 
  826.000  9.060915e-01 
  827.000  9.402218e-01 
  828.000  8.515114e-01 
  829.000  9.195737e-01 
  830.000  9.036212e-01 
  831.000  9.111513e-01 
  832.000  9.093668e-01 
  833.000  9.363887e-01 
  834.000  9.370198e-01 
  835.000  9.520519e-01 
  836.000  9.540989e-01 
  837.000  9.530917e-01 
  838.000  9.637263e-01 
  839.000  9.692340e-01 
  840.000  9.705850e-01 
  841.000  9.705850e-01 
  842.000  9.610464e-01 
  843.000  9.791632e-01 
  844.000  9.682465e-01 
  845.000  9.770112e-01 
  846.000  9.792957e-01 
  847.000  9.810325e-01 
  848.000  9.786488e-01 
  849.000  9.797315e-01 
  850.000  9.788118e-01 
  851.000  9.766440e-01 
  852.000  9.806608e-01 
  853.000  9.815143e-01 
  854.000  9.806887e-01 
  855.000  9.806887e-01 
  856.000  9.815463e-01 
  857.000  9.835267e-01 
  858.000  9.816803e-01 
  859.000  9.828896e-01 
  860.000  9.840802e-01 
  861.000  9.836102e-01 
  862.000  9.841911e-01 
  863.000  9.842163e-01 
  864.000  9.845289e-01 
  865.000  9.845289e-01 
  866.000  9.845918e-01 
  867.000  9.846904e-01 
  868.000  9.847069e-01 
  869.000  9.847608e-01 
  870.000  9.847500e-01 
  871.000  9.849484e-01 
  872.000  9.850469e-01 
  873.000  9.849368e-01 
  874.000  9.849368e-01 
  875.000  9.852805e-01 
  876.000  9.853410e-01 
  877.000  9.852400e-01 
  878.000  9.851314e-01 
  879.000  9.851049e-01 
  880.000  9.854985e-01 
  881.000  9.854985e-01 
  882.000  9.844006e-01 
  883.000  9.847647e-01 
  884.000  9.848806e-01 
  885.000  9.851193e-01 
  886.000  9.786149e-01 
  887.000  9.846038e-01 
  888.000  9.846038e-01 
  889.000  9.830943e-01 
  890.000  9.795446e-01 
  891.000  9.845679e-01 
  892.000  9.786041e-01 
  893.000  9.629722e-01 
  894.000  9.629722e-01 
  895.000  9.310738e-01 
  896.000  8.999075e-01 
  897.000  7.908586e-01 
  898.000  8.915134e-01 
  899.000  7.159839e-01 
  900.000  7.159839e-01 
  901.000  7.575801e-01 
  902.000  7.939173e-01 
  903.000  8.378581e-01 
  904.000  9.400715e-01 
  905.000  9.235357e-01 
  906.000  9.235357e-01 
  907.000  8.006791e-01 
  908.000  7.847924e-01 
  909.000  7.893259e-01 
  910.000  7.609192e-01 
  911.000  7.609192e-01 
  912.000  8.728051e-01 
  913.000  8.142269e-01 
  914.000  7.812353e-01 
  915.000  7.346081e-01 
  916.000  7.346081e-01 
  917.000  8.649327e-01 
  918.000  7.551084e-01 
  919.000  8.491412e-01 
  920.000  9.349844e-01 
  921.000  9.349844e-01 
  922.000  9.081557e-01 
  923.000  9.059334e-01 
  924.000  8.770423e-01 
  925.000  8.770423e-01 
  926.000  8.909755e-01 
  927.000  9.019969e-01 
  928.000  7.643633e-01 
  929.000  7.360027e-01 
  930.000  7.360027e-01 
  931.000  6.015544e-01 
  932.000  4.172069e-01 
  933.000  4.156664e-01 
  934.000  4.156664e-01 
  935.000  3.943959e-01 
  936.000  3.656660e-01 
  937.000  3.269486e-01 
  938.000  3.269486e-01 
  939.000  4.846601e-01 
  940.000  6.282718e-01 
  941.000  5.763846e-01 
  942.000  5.763846e-01 
  943.000  4.747305e-01 
  944.000  4.865291e-01 
  945.000  5.579439e-01 
  946.000  5.579439e-01 
  947.000  4.836057e-01 
  948.000  5.114940e-01 
  949.000  5.794986e-01 
  950.000  5.794986e-01 
  951.000  6.075475e-01 
  952.000  4.668149e-01 
  953.000  6.261163e-01 
  954.000  6.261163e-01 
  955.000  6.266226e-01 
  956.000  5.063998e-01 
  957.000  6.857954e-01 
  958.000  6.857954e-01 
  959.000  5.569596e-01 
  960.000  6.428316e-01 
  961.000  6.428316e-01 
  962.000  7.015243e-01 
  963.000  7.572181e-01 
  964.000  6.506713e-01 
  965.000  6.506713e-01 
  966.000  7.316470e-01 
  967.000  8.331748e-01 
  968.000  8.331748e-01 
  969.000  8.582347e-01 
  970.000  9.042988e-01 
  971.000  9.237630e-01 
  972.000  9.237630e-01 
  973.000  8.995430e-01 
  974.000  8.033165e-01 
  975.000  8.033165e-01 
  976.000  7.883139e-01 
  977.000  8.803191e-01 
  978.000  8.662676e-01 
  979.000  8.662676e-01 
  980.000  8.665804e-01 
  981.000  9.498546e-01 
  982.000  9.498546e-01 
  983.000  9.241720e-01 
  984.000  9.466876e-01 
  985.000  9.466876e-01 
  986.000  9.786423e-01 
  987.000  9.663587e-01 
  988.000  9.663587e-01 
  989.000  9.851658e-01 
  990.000  9.773296e-01 
  991.000  9.773296e-01 
  992.000  9.827156e-01 
  993.000  9.816273e-01 
  994.000  9.816273e-01 
  995.000  9.895323e-01 
  996.000  9.897062e-01 
  997.000  9.897062e-01 
  998.000  9.897336e-01 
  999.000  9.890857e-01 
 1000.000  9.890857e-01 
 1001.000  9.894500e-01 
 1002.000  9.787571e-01 
 1003.000  9.787571e-01 
 1004.000  9.894872e-01 
 1005.000  9.900007e-01 
 1006.000  9.900007e-01 
 1007.000  9.903544e-01 
 1008.000  9.882443e-01 
 1009.000  9.882443e-01 
 1010.000  9.802948e-01 
 1011.000  9.903039e-01 
 1012.000  9.903039e-01 
 1013.000  9.907079e-01 
 1014.000  9.904109e-01 
 1015.000  9.904109e-01 
 1016.000  9.909589e-01 
 1017.000  9.903702e-01 
 1018.000  9.903702e-01 
 1019.000  9.896523e-01 
 1020.000  9.911608e-01 
 1021.000  9.911608e-01 
 1022.000  9.898156e-01 
 1023.000  9.898156e-01 
 1024.000  9.894833e-01 
 1025.000  9.912360e-01 
 1026.000  9.912360e-01 
 1027.000  9.904454e-01 
 1028.000  9.913883e-01 
 1029.000  9.913883e-01 
 1030.000  9.918109e-01 
 1031.000  9.916926e-01 
 1032.000  9.916926e-01 
 1033.000  9.918681e-01 
 1034.000  9.918681e-01 
 1035.000  9.921030e-01 
 1036.000  9.917718e-01 
 1037.000  9.917718e-01 
 1038.000  9.917475e-01 
 1039.000  9.913830e-01 
 1040.000  9.913830e-01 
 1041.000  9.911470e-01 
 1042.000  9.911470e-01 
 1043.000  9.908320e-01 
 1044.000  9.903346e-01 
 1045.000  9.903346e-01 
 1046.000  9.896421e-01 
 1047.000  9.896421e-01 
 1048.000  9.889455e-01 
 1049.000  9.875200e-01 
 1050.000  9.875200e-01 
 1051.000  9.869117e-01 
 1052.000  9.869117e-01 
 1053.000  9.859498e-01 
 1054.000  9.851234e-01 
 1055.000  9.851234e-01 
 1056.000  9.841657e-01 
 1057.000  9.841657e-01 
 1058.000  9.833095e-01 
 1059.000  9.824711e-01 
 1060.000  9.824711e-01 
 1061.000  9.819367e-01 
 1062.000  9.819367e-01 
 1063.000  9.808568e-01 
 1064.000  9.798640e-01 
 1065.000  9.798640e-01 
 1066.000  9.813350e-01 
 1067.000  9.813350e-01 
 1068.000  9.803548e-01 
 1069.000  9.803904e-01 
 1070.000  9.803904e-01 
 1071.000  9.822475e-01 
 1072.000  9.822475e-01 
 1073.000  9.831883e-01 
 1074.000  9.831883e-01 
 1075.000  9.768564e-01 
 1076.000  9.756673e-01 
 1077.000  9.756673e-01 
 1078.000  9.821528e-01 
 1079.000  9.821528e-01 
 1080.000  9.753773e-01 
 1081.000  9.753773e-01 
 1082.000  9.788953e-01 
 1083.000  9.728287e-01 
 1084.000  9.728287e-01 
 1085.000  9.621748e-01 
 1086.000  9.621748e-01 
 1087.000  9.775830e-01 
 1088.000  9.775830e-01 
 1089.000  9.694876e-01 
 1090.000  9.655072e-01 
 1091.000  9.655072e-01 
 1092.000  9.528695e-01 
 1093.000  9.528695e-01 
 1094.000  9.528557e-01 
 1095.000  9.528557e-01 
 1096.000  9.455310e-01 
 1097.000  9.455310e-01 
 1098.000  9.291725e-01 
 1099.000  8.784537e-01 
 1100.000  8.784537e-01 
 1101.000  8.805123e-01 
 1102.000  8.805123e-01 
 1103.000  8.602347e-01 
 1104.000  8.602347e-01 
 1105.000  8.441179e-01 
 1106.000  8.441179e-01 
 1107.000  8.428954e-01 
 1108.000  8.428954e-01 
 1109.000  8.043621e-01 
 1110.000  7.667983e-01 
 1111.000  7.667983e-01 
 1112.000  7.236879e-01 
 1113.000  7.236879e-01 
 1114.000  6.388698e-01 
 1115.000  6.388698e-01 
 1116.000  3.996845e-01 
 1117.000  3.996845e-01 
 1118.000  5.052502e-01 
 1119.000  5.052502e-01 
 1120.000  4.236518e-01 
 1121.000  4.236518e-01 
 1122.000  2.485203e-01 
 1123.000  4.704017e-01 
 1124.000  4.704017e-01 
 1125.000  2.793201e-01 
 1126.000  2.793201e-01 
 1127.000  3.376853e-01 
 1128.000  3.376853e-01 
 1129.000  3.281133e-01 
 1130.000  3.281133e-01 
 1131.000  6.258253e-01 
 1132.000  6.258253e-01 
 1133.000  3.327212e-01 
 1134.000  3.327212e-01 
 1135.000  1.947796e-01 
 1136.000  1.947796e-01 
 1137.000  6.234369e-01 
 1138.000  6.234369e-01 
 1139.000  5.803783e-01 
 1140.000  5.803783e-01 
 1141.000  5.641778e-01 
 1142.000  5.641778e-01 
 1143.000  5.953912e-01 
 1144.000  5.953912e-01 
 1145.000  3.787307e-01 
 1146.000  3.787307e-01 
 1147.000  3.679664e-01 
 1148.000  3.679664e-01 
 1149.000  4.956933e-01 
 1150.000  4.956933e-01 
 1151.000  5.896105e-01 
 1152.000  5.896105e-01 
 1153.000  5.445265e-01 
 1154.000  5.445265e-01 
 1155.000  5.978011e-01 
 1156.000  5.978011e-01 
 1157.000  6.901139e-01 
 1158.000  6.901139e-01 
 1159.000  7.795610e-01 
 1160.000  7.795610e-01 
 1161.000  7.589684e-01 
 1162.000  7.589684e-01 
 1163.000  8.428602e-01 
 1164.000  8.428602e-01 
 1165.000  8.115780e-01 
 1166.000  8.115780e-01 
 1167.000  8.686695e-01 
 1168.000  8.686695e-01 
 1169.000  8.850815e-01 
 1170.000  8.850815e-01 
 1171.000  8.980970e-01 
 1172.000  8.980970e-01 
 1173.000  8.053846e-01 
 1174.000  8.053846e-01 
 1175.000  9.487514e-01 
 1176.000  9.487514e-01 
 1177.000  8.607654e-01 
 1178.000  8.607654e-01 
 1179.000  9.255890e-01 
 1180.000  9.255890e-01 
 1181.000  8.019909e-01 
 1182.000  8.019909e-01 
 1183.000  8.917952e-01 
 1184.000  8.917952e-01 
 1185.000  9.191738e-01 
 1186.000  9.191738e-01 
 1187.000  8.286088e-01 
 1188.000  8.286088e-01 
 1189.000  8.286088e-01 
 1190.000  8.931281e-01 
 1191.000  8.931281e-01 
 1192.000  9.526817e-01 
 1193.000  9.526817e-01 
 1194.000  9.096221e-01 
 1195.000  9.096221e-01 
 1196.000  9.252710e-01 
 1197.000  9.252710e-01 
 1198.000  8.852924e-01 
 1199.000  8.852924e-01 
 1200.000  8.829747e-01 
