  250.000  0.000000e+00 
  251.000  0.000000e+00 
  252.000  0.000000e+00 
  253.000  0.000000e+00 
  254.000  0.000000e+00 
  255.000  0.000000e+00 
  256.000  0.000000e+00 
  257.000  0.000000e+00 
  258.000  0.000000e+00 
  259.000  0.000000e+00 
  260.000  0.000000e+00 
  261.000  0.000000e+00 
  262.000  0.000000e+00 
  263.000  0.000000e+00 
  264.000  0.000000e+00 
  265.000  0.000000e+00 
  266.000  0.000000e+00 
  267.000  0.000000e+00 
  268.000  0.000000e+00 
  269.000  0.000000e+00 
  270.000  0.000000e+00 
  271.000  0.000000e+00 
  272.000  0.000000e+00 
  273.000  0.000000e+00 
  274.000  0.000000e+00 
  275.000  0.000000e+00 
  276.000  0.000000e+00 
  277.000  0.000000e+00 
  278.000  0.000000e+00 
  279.000  0.000000e+00 
  280.000  0.000000e+00 
  281.000  0.000000e+00 
  282.000  0.000000e+00 
  283.000  0.000000e+00 
  284.000  0.000000e+00 
  285.000  0.000000e+00 
  286.000  0.000000e+00 
  287.000  0.000000e+00 
  288.000  0.000000e+00 
  289.000  0.000000e+00 
  290.000  0.000000e+00 
  291.000  0.000000e+00 
  292.000  1.120044e-12 
  293.000  1.994950e-11 
  294.000  5.262150e-10 
  295.000  4.291254e-09 
  296.000  8.262607e-08 
  297.000  4.810266e-07 
  298.000  3.958389e-06 
  299.000  1.641663e-05 
  300.000  7.223822e-05 
  301.000  2.415982e-04 
  302.000  6.520019e-04 
  303.000  2.178510e-03 
  304.000  3.324647e-03 
  305.000  8.801853e-03 
  306.000  1.480401e-02 
  307.000  2.853973e-02 
  308.000  4.280308e-02 
  309.000  6.235131e-02 
  310.000  1.033909e-01 
  311.000  1.238757e-01 
  312.000  1.644855e-01 
  313.000  2.211348e-01 
  314.000  2.433242e-01 
  315.000  3.264197e-01 
  316.000  3.442023e-01 
  317.000  4.134256e-01 
  318.000  4.508779e-01 
  319.000  5.846862e-01 
  320.000  4.746609e-01 
  321.000  6.849865e-01 
  322.000  5.734248e-01 
  323.000  6.644584e-01 
  324.000  8.056080e-01 
  325.000  6.748276e-01 
  326.000  8.169565e-01 
  327.000  8.501511e-01 
  328.000  7.452832e-01 
  329.000  9.102412e-01 
  330.000  9.225786e-01 
  331.000  8.249475e-01 
  332.000  9.319330e-01 
  333.000  9.393067e-01 
  334.000  9.008399e-01 
  335.000  9.607184e-01 
  336.000  9.723164e-01 
  337.000  9.314892e-01 
  338.000  9.622021e-01 
  339.000  9.786388e-01 
  340.000  9.563823e-01 
  341.000  9.767895e-01 
  342.000  9.847235e-01 
  343.000  9.822260e-01 
  344.000  9.602470e-01 
  345.000  9.826145e-01 
  346.000  9.872468e-01 
  347.000  9.853185e-01 
  348.000  9.877551e-01 
  349.000  9.906180e-01 
  350.000  9.918515e-01 
  351.000  9.929081e-01 
  352.000  9.933709e-01 
  353.000  9.938471e-01 
  354.000  9.922390e-01 
  355.000  9.917982e-01 
  356.000  9.921673e-01 
  357.000  9.894762e-01 
  358.000  9.881276e-01 
  359.000  9.866444e-01 
  360.000  9.849023e-01 
  361.000  9.836675e-01 
  362.000  9.860853e-01 
  363.000  9.883481e-01 
  364.000  9.905266e-01 
  365.000  9.902880e-01 
  366.000  9.914568e-01 
  367.000  9.918207e-01 
  368.000  9.916102e-01 
  369.000  9.919550e-01 
  370.000  9.917864e-01 
  371.000  9.923077e-01 
  372.000  9.906721e-01 
  373.000  9.914152e-01 
  374.000  9.915795e-01 
  375.000  9.918495e-01 
  376.000  9.901902e-01 
  377.000  9.899919e-01 
  378.000  9.895965e-01 
  379.000  9.877120e-01 
  380.000  9.854815e-01 
  381.000  9.862757e-01 
  382.000  9.880516e-01 
  383.000  9.900740e-01 
  384.000  9.901842e-01 
  385.000  9.906537e-01 
  386.000  9.910508e-01 
  387.000  9.909306e-01 
  388.000  9.907170e-01 
  389.000  9.906672e-01 
  390.000  9.906418e-01 
  391.000  9.908601e-01 
  392.000  9.897431e-01 
  393.000  9.913599e-01 
  394.000  9.913732e-01 
  395.000  9.911620e-01 
  396.000  9.906272e-01 
  397.000  9.914231e-01 
  398.000  9.898638e-01 
  399.000  9.910284e-01 
  400.000  9.896054e-01 
  401.000  9.899342e-01 
  402.000  9.911138e-01 
  403.000  9.918042e-01 
  404.000  9.904764e-01 
  405.000  9.900582e-01 
  406.000  9.912616e-01 
  407.000  9.922252e-01 
  408.000  9.905384e-01 
  409.000  9.896133e-01 
  410.000  9.900921e-01 
  411.000  9.898648e-01 
  412.000  9.911042e-01 
  413.000  9.894362e-01 
  414.000  9.901161e-01 
  415.000  9.902386e-01 
  416.000  9.916862e-01 
  417.000  9.914849e-01 
  418.000  9.906573e-01 
  419.000  9.908269e-01 
  420.000  9.899917e-01 
  421.000  9.897479e-01 
  422.000  9.893957e-01 
  423.000  9.899235e-01 
  424.000  9.889441e-01 
  425.000  9.900461e-01 
  426.000  9.913207e-01 
  427.000  9.901450e-01 
  428.000  9.890240e-01 
  429.000  9.908491e-01 
  430.000  9.908336e-01 
  431.000  9.888283e-01 
  432.000  9.906667e-01 
  433.000  9.902638e-01 
  434.000  9.891595e-01 
  435.000  9.869178e-01 
  436.000  9.888454e-01 
  437.000  9.909379e-01 
  438.000  9.913368e-01 
  439.000  9.866114e-01 
  440.000  9.881620e-01 
  441.000  9.901403e-01 
  442.000  9.905000e-01 
  443.000  9.887688e-01 
  444.000  9.878263e-01 
  445.000  9.845927e-01 
  446.000  9.859506e-01 
  447.000  9.883500e-01 
  448.000  9.837857e-01 
  449.000  9.875283e-01 
  450.000  9.888022e-01 
  451.000  9.885921e-01 
  452.000  9.883446e-01 
  453.000  9.882654e-01 
  454.000  9.890763e-01 
  455.000  9.878613e-01 
  456.000  9.874712e-01 
  457.000  9.877967e-01 
  458.000  9.848548e-01 
  459.000  9.857054e-01 
  460.000  9.840157e-01 
  461.000  9.840987e-01 
  462.000  9.851304e-01 
  463.000  9.824252e-01 
  464.000  9.837629e-01 
  465.000  9.844457e-01 
  466.000  9.853676e-01 
  467.000  9.837009e-01 
  468.000  9.841157e-01 
  469.000  9.836097e-01 
  470.000  9.828219e-01 
  471.000  9.835300e-01 
  472.000  9.815590e-01 
  473.000  9.792645e-01 
  474.000  9.744471e-01 
  475.000  9.710627e-01 
  476.000  9.689788e-01 
  477.000  9.674745e-01 
  478.000  9.669245e-01 
  479.000  9.673065e-01 
  480.000  9.678259e-01 
  481.000  9.710552e-01 
  482.000  9.733196e-01 
  483.000  9.749006e-01 
  484.000  9.746039e-01 
  485.000  9.733501e-01 
  486.000  9.733434e-01 
  487.000  9.745743e-01 
  488.000  9.736165e-01 
  489.000  9.722892e-01 
  490.000  9.738007e-01 
  491.000  9.745150e-01 
  492.000  9.739426e-01 
  493.000  9.732950e-01 
  494.000  9.720983e-01 
  495.000  9.717337e-01 
  496.000  9.702668e-01 
  497.000  9.694287e-01 
  498.000  9.687462e-01 
  499.000  9.674591e-01 
  500.000  9.659081e-01 
  501.000  9.635831e-01 
  502.000  9.570476e-01 
  503.000  9.504662e-01 
  504.000  9.422199e-01 
  505.000  9.494714e-01 
  506.000  9.464621e-01 
  507.000  9.446976e-01 
  508.000  9.493048e-01 
  509.000  9.519036e-01 
  510.000  9.546772e-01 
  511.000  9.544003e-01 
  512.000  9.548087e-01 
  513.000  9.560718e-01 
  514.000  9.561844e-01 
  515.000  9.566050e-01 
  516.000  9.557842e-01 
  517.000  9.548161e-01 
  518.000  9.540160e-01 
  519.000  9.523501e-01 
  520.000  9.516403e-01 
  521.000  9.502569e-01 
  522.000  9.492666e-01 
  523.000  9.477054e-01 
  524.000  9.455512e-01 
  525.000  9.427052e-01 
  526.000  9.407092e-01 
  527.000  9.379070e-01 
  528.000  9.356228e-01 
  529.000  9.327451e-01 
  530.000  9.313449e-01 
  531.000  9.300263e-01 
  532.000  9.289280e-01 
  533.000  9.283997e-01 
  534.000  9.276348e-01 
  535.000  9.274928e-01 
  536.000  9.271814e-01 
  537.000  9.265990e-01 
  538.000  9.260486e-01 
  539.000  9.244963e-01 
  540.000  9.240167e-01 
  541.000  9.171340e-01 
  542.000  9.183233e-01 
  543.000  9.203951e-01 
  544.000  9.199941e-01 
  545.000  9.155446e-01 
  546.000  9.122145e-01 
  547.000  9.154006e-01 
  548.000  9.173970e-01 
  549.000  9.173555e-01 
  550.000  9.157804e-01 
  551.000  9.175819e-01 
  552.000  9.165092e-01 
  553.000  9.153662e-01 
  554.000  9.147649e-01 
  555.000  9.139584e-01 
  556.000  9.119774e-01 
  557.000  9.094435e-01 
  558.000  9.072116e-01 
  559.000  9.042100e-01 
  560.000  9.015955e-01 
  561.000  8.993446e-01 
  562.000  8.975034e-01 
  563.000  8.951070e-01 
  564.000  8.925735e-01 
  565.000  8.904780e-01 
  566.000  8.886352e-01 
  567.000  8.856463e-01 
  568.000  8.827835e-01 
  569.000  8.671740e-01 
  570.000  8.630522e-01 
  571.000  8.685943e-01 
  572.000  8.593333e-01 
  573.000  8.636999e-01 
  574.000  8.580332e-01 
  575.000  8.609055e-01 
  576.000  8.583329e-01 
  577.000  8.579847e-01 
  578.000  8.638858e-01 
  579.000  8.661354e-01 
  580.000  8.688108e-01 
  581.000  8.723664e-01 
  582.000  8.749665e-01 
  583.000  8.780406e-01 
  584.000  8.812662e-01 
  585.000  8.813657e-01 
  586.000  8.829594e-01 
  587.000  8.820038e-01 
  588.000  8.753481e-01 
  589.000  8.285654e-01 
  590.000  8.234867e-01 
  591.000  8.405631e-01 
  592.000  8.080630e-01 
  593.000  8.623862e-01 
  594.000  8.338448e-01 
  595.000  8.481022e-01 
  596.000  8.568326e-01 
  597.000  8.562601e-01 
  598.000  8.567820e-01 
  599.000  8.671574e-01 
  600.000  8.685240e-01 
  601.000  8.749880e-01 
  602.000  8.769777e-01 
  603.000  8.774224e-01 
  604.000  8.792832e-01 
  605.000  8.794123e-01 
  606.000  8.811673e-01 
  607.000  8.828041e-01 
  608.000  8.845453e-01 
  609.000  8.852666e-01 
  610.000  8.866858e-01 
  611.000  8.878353e-01 
  612.000  8.894142e-01 
  613.000  8.908772e-01 
  614.000  8.918981e-01 
  615.000  8.930996e-01 
  616.000  8.947902e-01 
  617.000  8.960057e-01 
  618.000  8.967591e-01 
  619.000  8.979376e-01 
  620.000  8.988059e-01 
  621.000  8.992833e-01 
  622.000  8.994930e-01 
  623.000  8.996857e-01 
  624.000  8.996064e-01 
  625.000  8.997598e-01 
  626.000  8.988855e-01 
  627.000  8.966644e-01 
  628.000  8.513114e-01 
  629.000  8.751658e-01 
  630.000  8.866145e-01 
  631.000  8.974311e-01 
  632.000  8.971840e-01 
  633.000  9.016817e-01 
  634.000  9.053563e-01 
  635.000  9.074643e-01 
  636.000  9.098150e-01 
  637.000  9.136100e-01 
  638.000  9.193332e-01 
  639.000  9.211473e-01 
  640.000  9.232407e-01 
  641.000  9.242831e-01 
  642.000  9.281136e-01 
  643.000  9.267818e-01 
  644.000  9.296066e-01 
  645.000  9.287007e-01 
  646.000  9.145937e-01 
  647.000  8.941675e-01 
  648.000  8.763243e-01 
  649.000  8.913556e-01 
  650.000  9.266562e-01 
  651.000  9.313487e-01 
  652.000  9.192777e-01 
  653.000  9.319889e-01 
  654.000  9.307780e-01 
  655.000  8.944876e-01 
  656.000  9.182285e-01 
  657.000  9.251912e-01 
  658.000  9.384642e-01 
  659.000  9.462118e-01 
  660.000  9.447210e-01 
  661.000  9.486497e-01 
  662.000  9.487022e-01 
  663.000  9.473596e-01 
  664.000  9.500704e-01 
  665.000  9.510555e-01 
  666.000  9.523675e-01 
  667.000  9.540730e-01 
  668.000  9.547248e-01 
  669.000  9.557261e-01 
  670.000  9.566092e-01 
  671.000  9.577942e-01 
  672.000  9.580052e-01 
  673.000  9.589403e-01 
  674.000  9.592764e-01 
  675.000  9.602814e-01 
  676.000  9.604897e-01 
  677.000  9.610998e-01 
  678.000  9.619291e-01 
  679.000  9.623901e-01 
  680.000  9.631088e-01 
  681.000  9.629804e-01 
  682.000  9.647673e-01 
  683.000  9.628521e-01 
  684.000  9.640712e-01 
  685.000  9.666275e-01 
  686.000  9.664007e-01 
  687.000  5.911779e-01 
  688.000  7.777771e-01 
  689.000  8.295118e-01 
  690.000  8.673156e-01 
  691.000  8.913338e-01 
  692.000  9.300180e-01 
  693.000  8.820001e-01 
  694.000  8.133800e-01 
  695.000  8.862355e-01 
  696.000  8.709230e-01 
  697.000  9.580774e-01 
  698.000  9.539323e-01 
  699.000  9.097211e-01 
  700.000  9.129345e-01 
  701.000  8.757008e-01 
  702.000  8.920960e-01 
  703.000  9.086525e-01 
  704.000  9.186609e-01 
  705.000  9.190735e-01 
  706.000  9.346614e-01 
  707.000  9.474380e-01 
  708.000  9.573151e-01 
  709.000  9.573890e-01 
  710.000  9.520186e-01 
  711.000  9.640505e-01 
  712.000  9.565303e-01 
  713.000  9.660328e-01 
  714.000  9.568171e-01 
  715.000  9.317172e-01 
  716.000  9.358927e-01 
  717.000  8.407192e-01 
  718.000  7.100827e-01 
  719.000  6.557676e-01 
  720.000  6.831403e-01 
  721.000  8.906593e-01 
  722.000  8.868759e-01 
  723.000  8.721085e-01 
  724.000  7.142693e-01 
  725.000  7.034288e-01 
  726.000  8.003122e-01 
  727.000  7.545258e-01 
  728.000  6.833348e-01 
  729.000  7.073081e-01 
  730.000  8.174537e-01 
  731.000  7.560120e-01 
  732.000  7.858831e-01 
  733.000  8.848119e-01 
  734.000  9.408804e-01 
  735.000  9.008465e-01 
  736.000  9.274238e-01 
  737.000  9.264651e-01 
  738.000  9.426113e-01 
  739.000  9.477859e-01 
  740.000  9.699791e-01 
  741.000  9.825470e-01 
  742.000  9.827533e-01 
  743.000  9.817637e-01 
  744.000  9.852705e-01 
  745.000  9.872244e-01 
  746.000  9.889001e-01 
  747.000  9.884410e-01 
  748.000  9.890903e-01 
  749.000  9.890342e-01 
  750.000  9.893953e-01 
  751.000  9.891707e-01 
  752.000  9.905320e-01 
  753.000  9.907801e-01 
  754.000  9.907498e-01 
  755.000  9.906742e-01 
  756.000  9.905528e-01 
  757.000  9.916529e-01 
  758.000  9.919643e-01 
  759.000  9.753233e-01 
  760.000  2.428207e-01 
  761.000  1.303263e-01 
  762.000  5.574420e-01 
  763.000  4.302486e-01 
  764.000  5.126897e-01 
  765.000  6.721653e-01 
  766.000  8.236098e-01 
  767.000  8.825284e-01 
  768.000  9.603359e-01 
  769.000  9.808490e-01 
  770.000  9.804351e-01 
  771.000  9.899767e-01 
  772.000  9.925871e-01 
  773.000  9.925361e-01 
  774.000  9.922774e-01 
  775.000  9.924443e-01 
  776.000  9.925030e-01 
  777.000  9.925424e-01 
  778.000  9.925504e-01 
  779.000  9.925192e-01 
  780.000  9.924945e-01 
  781.000  9.927262e-01 
  782.000  9.924853e-01 
  783.000  9.929235e-01 
  784.000  9.912201e-01 
  785.000  9.894704e-01 
  786.000  9.804584e-01 
  787.000  9.789511e-01 
  788.000  9.627319e-01 
  789.000  9.616500e-01 
  790.000  9.338550e-01 
  791.000  9.367641e-01 
  792.000  9.475795e-01 
  793.000  9.575676e-01 
  794.000  9.905917e-01 
  795.000  9.762296e-01 
  796.000  9.011920e-01 
  797.000  9.540632e-01 
  798.000  9.594808e-01 
  799.000  9.708295e-01 
  800.000  9.385925e-01 
  801.000  9.230601e-01 
  802.000  9.428265e-01 
  803.000  9.381592e-01 
  804.000  9.363575e-01 
  805.000  9.510714e-01 
  806.000  9.803968e-01 
  807.000  9.619602e-01 
  808.000  9.801868e-01 
  809.000  9.518908e-01 
  810.000  9.365167e-01 
  811.000  9.409917e-01 
  812.000  9.104378e-01 
  813.000  8.619235e-01 
  814.000  7.821357e-01 
  815.000  7.361376e-01 
  816.000  7.773154e-01 
  817.000  6.153752e-01 
  818.000  7.479934e-01 
  819.000  7.688234e-01 
  820.000  7.367440e-01 
  821.000  9.276924e-01 
  822.000  8.813637e-01 
  823.000  5.728143e-01 
  824.000  8.226581e-01 
  825.000  9.065874e-01 
  826.000  8.300344e-01 
  827.000  8.995574e-01 
  828.000  7.369823e-01 
  829.000  8.576675e-01 
  830.000  8.287746e-01 
  831.000  8.412529e-01 
  832.000  8.351534e-01 
  833.000  8.853367e-01 
  834.000  8.936137e-01 
  835.000  9.234025e-01 
  836.000  9.302082e-01 
  837.000  9.260091e-01 
  838.000  9.504009e-01 
  839.000  9.647619e-01 
  840.000  9.679707e-01 
  841.000  9.679707e-01 
  842.000  9.440992e-01 
  843.000  9.896883e-01 
  844.000  9.616537e-01 
  845.000  9.834641e-01 
  846.000  9.892955e-01 
  847.000  9.939567e-01 
  848.000  9.870831e-01 
  849.000  9.897908e-01 
  850.000  9.872451e-01 
  851.000  9.816107e-01 
  852.000  9.918336e-01 
  853.000  9.939729e-01 
  854.000  9.914907e-01 
  855.000  9.914907e-01 
  856.000  9.936011e-01 
  857.000  9.985852e-01 
  858.000  9.934339e-01 
  859.000  9.964083e-01 
  860.000  9.996146e-01 
  861.000  9.980908e-01 
  862.000  9.993985e-01 
  863.000  9.994246e-01 
  864.000  9.998067e-01 
  865.000  9.998067e-01 
  866.000  9.998425e-01 
  867.000  9.999651e-01 
  868.000  9.998410e-01 
  869.000  9.996820e-01 
  870.000  9.994792e-01 
  871.000  9.998247e-01 
  872.000  9.998447e-01 
  873.000  9.993300e-01 
  874.000  9.993300e-01 
  875.000  9.999202e-01 
  876.000  9.999357e-01 
  877.000  9.994214e-01 
  878.000  9.989024e-01 
  879.000  9.987415e-01 
  880.000  9.994786e-01 
  881.000  9.994786e-01 
  882.000  9.962280e-01 
  883.000  9.971426e-01 
  884.000  9.971879e-01 
  885.000  9.975958e-01 
  886.000  9.803092e-01 
  887.000  9.957252e-01 
  888.000  9.957252e-01 
  889.000  9.916044e-01 
  890.000  9.822519e-01 
  891.000  9.951035e-01 
  892.000  9.788693e-01 
  893.000  9.385763e-01 
  894.000  9.385763e-01 
  895.000  8.809949e-01 
  896.000  8.157150e-01 
  897.000  6.805979e-01 
  898.000  7.941667e-01 
  899.000  5.913412e-01 
  900.000  5.913412e-01 
  901.000  6.310440e-01 
  902.000  6.969732e-01 
  903.000  7.436861e-01 
  904.000  8.878143e-01 
  905.000  8.621406e-01 
  906.000  8.621406e-01 
  907.000  6.789117e-01 
  908.000  6.719140e-01 
  909.000  6.652993e-01 
  910.000  6.234890e-01 
  911.000  6.234890e-01 
  912.000  7.539777e-01 
  913.000  6.792496e-01 
  914.000  6.483520e-01 
  915.000  5.976388e-01 
  916.000  5.976388e-01 
  917.000  7.268894e-01 
  918.000  6.084774e-01 
  919.000  7.585886e-01 
  920.000  8.706596e-01 
  921.000  8.706596e-01 
  922.000  8.178409e-01 
  923.000  8.137801e-01 
  924.000  7.479864e-01 
  925.000  7.479864e-01 
  926.000  7.770851e-01 
  927.000  7.980475e-01 
  928.000  5.892183e-01 
  929.000  5.478630e-01 
  930.000  5.478630e-01 
  931.000  4.126777e-01 
  932.000  2.380028e-01 
  933.000  1.885310e-01 
  934.000  1.885310e-01 
  935.000  2.087970e-01 
  936.000  1.729190e-01 
  937.000  1.269678e-01 
  938.000  1.269678e-01 
  939.000  2.784986e-01 
  940.000  4.028829e-01 
  941.000  3.506717e-01 
  942.000  3.506717e-01 
  943.000  2.517786e-01 
  944.000  2.665981e-01 
  945.000  3.473594e-01 
  946.000  3.473594e-01 
  947.000  2.583636e-01 
  948.000  3.180205e-01 
  949.000  3.590302e-01 
  950.000  3.590302e-01 
  951.000  4.205582e-01 
  952.000  2.427206e-01 
  953.000  4.356044e-01 
  954.000  4.356044e-01 
  955.000  4.298777e-01 
  956.000  3.167035e-01 
  957.000  5.253282e-01 
  958.000  5.253282e-01 
  959.000  3.683482e-01 
  960.000  4.486261e-01 
  961.000  4.486261e-01 
  962.000  5.393291e-01 
  963.000  5.894281e-01 
  964.000  4.903705e-01 
  965.000  4.903705e-01 
  966.000  5.565076e-01 
  967.000  7.152641e-01 
  968.000  7.152641e-01 
  969.000  7.514214e-01 
  970.000  8.039098e-01 
  971.000  8.446440e-01 
  972.000  8.446440e-01 
  973.000  7.906837e-01 
  974.000  6.668305e-01 
  975.000  6.668305e-01 
  976.000  6.584687e-01 
  977.000  7.915950e-01 
  978.000  7.666883e-01 
  979.000  7.666883e-01 
  980.000  7.687123e-01 
  981.000  8.981477e-01 
  982.000  8.981477e-01 
  983.000  8.603388e-01 
  984.000  8.924460e-01 
  985.000  8.924460e-01 
  986.000  9.677598e-01 
  987.000  9.374332e-01 
  988.000  9.374332e-01 
  989.000  9.843718e-01 
  990.000  9.639912e-01 
  991.000  9.639912e-01 
  992.000  9.779440e-01 
  993.000  9.749453e-01 
  994.000  9.749453e-01 
  995.000  9.953601e-01 
  996.000  9.957733e-01 
  997.000  9.957733e-01 
  998.000  9.956741e-01 
  999.000  9.937620e-01 
 1000.000  9.937620e-01 
 1001.000  9.945706e-01 
 1002.000  9.674267e-01 
 1003.000  9.674267e-01 
 1004.000  9.944540e-01 
 1005.000  9.957709e-01 
 1006.000  9.957709e-01 
 1007.000  9.966033e-01 
 1008.000  9.907238e-01 
 1009.000  9.907238e-01 
 1010.000  9.706101e-01 
 1011.000  9.960542e-01 
 1012.000  9.960542e-01 
 1013.000  9.969796e-01 
 1014.000  9.960157e-01 
 1015.000  9.960157e-01 
 1016.000  9.974061e-01 
 1017.000  9.956250e-01 
 1018.000  9.956250e-01 
 1019.000  9.935495e-01 
 1020.000  9.975146e-01 
 1021.000  9.975146e-01 
 1022.000  9.937053e-01 
 1023.000  9.937053e-01 
 1024.000  9.927333e-01 
 1025.000  9.973243e-01 
 1026.000  9.973243e-01 
 1027.000  9.950774e-01 
 1028.000  9.975421e-01 
 1029.000  9.975421e-01 
 1030.000  9.985601e-01 
 1031.000  9.981947e-01 
 1032.000  9.981947e-01 
 1033.000  9.985760e-01 
 1034.000  9.985760e-01 
 1035.000  9.991722e-01 
 1036.000  9.983785e-01 
 1037.000  9.983785e-01 
 1038.000  9.982735e-01 
 1039.000  9.973077e-01 
 1040.000  9.973077e-01 
 1041.000  9.967888e-01 
 1042.000  9.967888e-01 
 1043.000  9.960409e-01 
 1044.000  9.949133e-01 
 1045.000  9.949133e-01 
 1046.000  9.933681e-01 
 1047.000  9.933681e-01 
 1048.000  9.918308e-01 
 1049.000  9.887766e-01 
 1050.000  9.887766e-01 
 1051.000  9.873993e-01 
 1052.000  9.873993e-01 
 1053.000  9.853128e-01 
 1054.000  9.835190e-01 
 1055.000  9.835190e-01 
 1056.000  9.814688e-01 
 1057.000  9.814688e-01 
 1058.000  9.795926e-01 
 1059.000  9.777624e-01 
 1060.000  9.777624e-01 
 1061.000  9.765727e-01 
 1062.000  9.765727e-01 
 1063.000  9.741369e-01 
 1064.000  9.716350e-01 
 1065.000  9.716350e-01 
 1066.000  9.750786e-01 
 1067.000  9.750786e-01 
 1068.000  9.725958e-01 
 1069.000  9.718090e-01 
 1070.000  9.718090e-01 
 1071.000  9.761002e-01 
 1072.000  9.761002e-01 
 1073.000  9.779733e-01 
 1074.000  9.779733e-01 
 1075.000  9.615910e-01 
 1076.000  9.581061e-01 
 1077.000  9.581061e-01 
 1078.000  9.733457e-01 
 1079.000  9.733457e-01 
 1080.000  9.560120e-01 
 1081.000  9.560120e-01 
 1082.000  9.637191e-01 
 1083.000  9.483712e-01 
 1084.000  9.483712e-01 
 1085.000  9.217470e-01 
 1086.000  9.217470e-01 
 1087.000  9.594256e-01 
 1088.000  9.594256e-01 
 1089.000  9.394822e-01 
 1090.000  9.308661e-01 
 1091.000  9.308661e-01 
 1092.000  8.997339e-01 
 1093.000  8.997339e-01 
 1094.000  8.990440e-01 
 1095.000  8.990440e-01 
 1096.000  8.823295e-01 
 1097.000  8.823295e-01 
 1098.000  8.451685e-01 
 1099.000  7.621168e-01 
 1100.000  7.621168e-01 
 1101.000  7.694513e-01 
 1102.000  7.694513e-01 
 1103.000  7.322041e-01 
 1104.000  7.322041e-01 
 1105.000  7.058256e-01 
 1106.000  7.058256e-01 
 1107.000  7.096412e-01 
 1108.000  7.096412e-01 
 1109.000  6.474016e-01 
 1110.000  6.374694e-01 
 1111.000  6.374694e-01 
 1112.000  5.683108e-01 
 1113.000  5.683108e-01 
 1114.000  4.466450e-01 
 1115.000  4.466450e-01 
 1116.000  2.093477e-01 
 1117.000  2.093477e-01 
 1118.000  2.886119e-01 
 1119.000  2.886119e-01 
 1120.000  2.020683e-01 
 1121.000  2.020683e-01 
 1122.000  9.020990e-02 
 1123.000  2.371392e-01 
 1124.000  2.371392e-01 
 1125.000  9.460754e-02 
 1126.000  9.460754e-02 
 1127.000  1.288402e-01 
 1128.000  1.288402e-01 
 1129.000  1.136309e-01 
 1130.000  1.136309e-01 
 1131.000  3.827277e-01 
 1132.000  3.827277e-01 
 1133.000  1.273667e-01 
 1134.000  1.273667e-01 
 1135.000  6.696468e-02 
 1136.000  6.696468e-02 
 1137.000  3.625296e-01 
 1138.000  3.625296e-01 
 1139.000  3.640069e-01 
 1140.000  3.640069e-01 
 1141.000  3.237975e-01 
 1142.000  3.237975e-01 
 1143.000  3.765904e-01 
 1144.000  3.765904e-01 
 1145.000  1.498038e-01 
 1146.000  1.498038e-01 
 1147.000  1.591695e-01 
 1148.000  1.591695e-01 
 1149.000  2.981849e-01 
 1150.000  2.981849e-01 
 1151.000  3.468055e-01 
 1152.000  3.468055e-01 
 1153.000  3.134433e-01 
 1154.000  3.134433e-01 
 1155.000  3.735531e-01 
 1156.000  3.735531e-01 
 1157.000  5.106927e-01 
 1158.000  5.106927e-01 
 1159.000  6.032601e-01 
 1160.000  6.032601e-01 
 1161.000  5.856445e-01 
 1162.000  5.856445e-01 
 1163.000  7.271062e-01 
 1164.000  7.271062e-01 
 1165.000  6.721842e-01 
 1166.000  6.721842e-01 
 1167.000  7.517988e-01 
 1168.000  7.517988e-01 
 1169.000  7.732100e-01 
 1170.000  7.732100e-01 
 1171.000  8.034067e-01 
 1172.000  8.034067e-01 
 1173.000  6.584193e-01 
 1174.000  6.584193e-01 
 1175.000  8.852680e-01 
 1176.000  8.852680e-01 
 1177.000  7.489398e-01 
 1178.000  7.489398e-01 
 1179.000  8.585238e-01 
 1180.000  8.585238e-01 
 1181.000  6.741066e-01 
 1182.000  6.741066e-01 
 1183.000  7.988693e-01 
 1184.000  7.988693e-01 
 1185.000  8.233749e-01 
 1186.000  8.233749e-01 
 1187.000  7.098435e-01 
 1188.000  7.098435e-01 
 1189.000  7.098435e-01 
 1190.000  8.075578e-01 
 1191.000  8.075578e-01 
 1192.000  8.944756e-01 
 1193.000  8.944756e-01 
 1194.000  8.349246e-01 
 1195.000  8.349246e-01 
 1196.000  8.329087e-01 
 1197.000  8.329087e-01 
 1198.000  7.820643e-01 
 1199.000  7.820643e-01 
 1200.000  7.917534e-01 
