  250.000  0.000000e+00 
  251.000  0.000000e+00 
  252.000  0.000000e+00 
  253.000  0.000000e+00 
  254.000  0.000000e+00 
  255.000  0.000000e+00 
  256.000  0.000000e+00 
  257.000  0.000000e+00 
  258.000  0.000000e+00 
  259.000  0.000000e+00 
  260.000  0.000000e+00 
  261.000  0.000000e+00 
  262.000  0.000000e+00 
  263.000  0.000000e+00 
  264.000  0.000000e+00 
  265.000  0.000000e+00 
  266.000  0.000000e+00 
  267.000  0.000000e+00 
  268.000  0.000000e+00 
  269.000  0.000000e+00 
  270.000  0.000000e+00 
  271.000  0.000000e+00 
  272.000  0.000000e+00 
  273.000  0.000000e+00 
  274.000  0.000000e+00 
  275.000  0.000000e+00 
  276.000  0.000000e+00 
  277.000  0.000000e+00 
  278.000  0.000000e+00 
  279.000  0.000000e+00 
  280.000  0.000000e+00 
  281.000  0.000000e+00 
  282.000  0.000000e+00 
  283.000  0.000000e+00 
  284.000  0.000000e+00 
  285.000  0.000000e+00 
  286.000  0.000000e+00 
  287.000  0.000000e+00 
  288.000  0.000000e+00 
  289.000  0.000000e+00 
  290.000  0.000000e+00 
  291.000  0.000000e+00 
  292.000  7.569139e-05 
  293.000  2.043249e-04 
  294.000  6.315403e-04 
  295.000  1.302219e-03 
  296.000  3.610992e-03 
  297.000  6.628841e-03 
  298.000  1.371119e-02 
  299.000  2.239226e-02 
  300.000  3.732404e-02 
  301.000  5.659667e-02 
  302.000  7.970124e-02 
  303.000  1.208159e-01 
  304.000  1.397750e-01 
  305.000  1.955386e-01 
  306.000  2.339356e-01 
  307.000  2.933570e-01 
  308.000  3.373609e-01 
  309.000  3.840869e-01 
  310.000  4.572633e-01 
  311.000  4.866723e-01 
  312.000  5.366599e-01 
  313.000  5.943191e-01 
  314.000  6.142424e-01 
  315.000  6.797304e-01 
  316.000  6.922781e-01 
  317.000  7.374341e-01 
  318.000  7.598187e-01 
  319.000  8.310527e-01 
  320.000  7.734070e-01 
  321.000  8.776849e-01 
  322.000  8.254980e-01 
  323.000  8.685243e-01 
  324.000  9.281729e-01 
  325.000  8.731744e-01 
  326.000  9.326609e-01 
  327.000  9.455583e-01 
  328.000  9.035931e-01 
  329.000  9.680907e-01 
  330.000  9.725954e-01 
  331.000  9.357967e-01 
  332.000  9.759847e-01 
  333.000  9.786407e-01 
  334.000  9.646311e-01 
  335.000  9.862764e-01 
  336.000  9.903660e-01 
  337.000  9.758244e-01 
  338.000  9.868014e-01 
  339.000  9.925819e-01 
  340.000  9.847392e-01 
  341.000  9.919348e-01 
  342.000  9.947057e-01 
  343.000  9.938350e-01 
  344.000  9.861096e-01 
  345.000  9.939706e-01 
  346.000  9.955838e-01 
  347.000  9.949129e-01 
  348.000  9.957606e-01 
  349.000  9.967549e-01 
  350.000  9.971827e-01 
  351.000  9.975488e-01 
  352.000  9.977092e-01 
  353.000  9.978741e-01 
  354.000  9.973170e-01 
  355.000  9.971641e-01 
  356.000  9.972920e-01 
  357.000  9.963585e-01 
  358.000  9.958901e-01 
  359.000  9.953744e-01 
  360.000  9.947679e-01 
  361.000  9.943377e-01 
  362.000  9.951798e-01 
  363.000  9.959667e-01 
  364.000  9.967232e-01 
  365.000  9.966403e-01 
  366.000  9.970458e-01 
  367.000  9.971720e-01 
  368.000  9.970990e-01 
  369.000  9.972185e-01 
  370.000  9.971601e-01 
  371.000  9.973408e-01 
  372.000  9.967736e-01 
  373.000  9.970315e-01 
  374.000  9.970883e-01 
  375.000  9.971820e-01 
  376.000  9.966064e-01 
  377.000  9.965376e-01 
  378.000  9.964003e-01 
  379.000  9.957455e-01 
  380.000  9.949696e-01 
  381.000  9.952461e-01 
  382.000  9.958636e-01 
  383.000  9.965661e-01 
  384.000  9.966043e-01 
  385.000  9.967672e-01 
  386.000  9.969050e-01 
  387.000  9.968633e-01 
  388.000  9.967892e-01 
  389.000  9.967719e-01 
  390.000  9.967631e-01 
  391.000  9.968388e-01 
  392.000  9.964511e-01 
  393.000  9.970122e-01 
  394.000  9.970168e-01 
  395.000  9.969436e-01 
  396.000  9.967580e-01 
  397.000  9.970352e-01 
  398.000  9.964933e-01 
  399.000  9.968980e-01 
  400.000  9.964036e-01 
  401.000  9.965175e-01 
  402.000  9.969268e-01 
  403.000  9.971662e-01 
  404.000  9.967057e-01 
  405.000  9.965606e-01 
  406.000  9.969781e-01 
  407.000  9.973122e-01 
  408.000  9.967273e-01 
  409.000  9.964061e-01 
  410.000  9.965724e-01 
  411.000  9.964935e-01 
  412.000  9.969235e-01 
  413.000  9.963446e-01 
  414.000  9.965807e-01 
  415.000  9.966239e-01 
  416.000  9.971255e-01 
  417.000  9.970559e-01 
  418.000  9.967686e-01 
  419.000  9.968277e-01 
  420.000  9.965374e-01 
  421.000  9.964529e-01 
  422.000  9.963306e-01 
  423.000  9.965138e-01 
  424.000  9.961737e-01 
  425.000  9.965564e-01 
  426.000  9.969991e-01 
  427.000  9.965907e-01 
  428.000  9.962015e-01 
  429.000  9.968352e-01 
  430.000  9.968297e-01 
  431.000  9.961335e-01 
  432.000  9.967718e-01 
  433.000  9.966320e-01 
  434.000  9.962486e-01 
  435.000  9.954695e-01 
  436.000  9.961395e-01 
  437.000  9.968658e-01 
  438.000  9.970042e-01 
  439.000  9.953629e-01 
  440.000  9.959023e-01 
  441.000  9.965894e-01 
  442.000  9.967268e-01 
  443.000  9.961468e-01 
  444.000  9.957876e-01 
  445.000  9.947148e-01 
  446.000  9.951986e-01 
  447.000  9.959682e-01 
  448.000  9.943799e-01 
  449.000  9.956820e-01 
  450.000  9.961244e-01 
  451.000  9.960514e-01 
  452.000  9.959655e-01 
  453.000  9.959403e-01 
  454.000  9.962198e-01 
  455.000  9.957973e-01 
  456.000  9.956619e-01 
  457.000  9.957751e-01 
  458.000  9.947514e-01 
  459.000  9.950476e-01 
  460.000  9.944590e-01 
  461.000  9.944880e-01 
  462.000  9.948474e-01 
  463.000  9.939045e-01 
  464.000  9.943709e-01 
  465.000  9.946089e-01 
  466.000  9.949352e-01 
  467.000  9.943503e-01 
  468.000  9.944942e-01 
  469.000  9.943544e-01 
  470.000  9.940938e-01 
  471.000  9.942914e-01 
  472.000  9.936056e-01 
  473.000  9.928023e-01 
  474.000  9.911143e-01 
  475.000  9.899451e-01 
  476.000  9.891926e-01 
  477.000  9.886626e-01 
  478.000  9.884688e-01 
  479.000  9.886034e-01 
  480.000  9.887865e-01 
  481.000  9.899229e-01 
  482.000  9.907182e-01 
  483.000  9.912729e-01 
  484.000  9.911690e-01 
  485.000  9.907526e-01 
  486.000  9.907525e-01 
  487.000  9.911593e-01 
  488.000  9.908234e-01 
  489.000  9.903595e-01 
  490.000  9.908879e-01 
  491.000  9.911392e-01 
  492.000  9.909374e-01 
  493.000  9.907099e-01 
  494.000  9.902894e-01 
  495.000  9.901612e-01 
  496.000  9.896457e-01 
  497.000  9.893508e-01 
  498.000  9.891105e-01 
  499.000  9.886580e-01 
  500.000  9.881149e-01 
  501.000  9.873118e-01 
  502.000  9.851254e-01 
  503.000  9.829313e-01 
  504.000  9.802737e-01 
  505.000  9.824420e-01 
  506.000  9.815331e-01 
  507.000  9.809909e-01 
  508.000  9.824647e-01 
  509.000  9.832767e-01 
  510.000  9.841647e-01 
  511.000  9.840854e-01 
  512.000  9.842178e-01 
  513.000  9.846336e-01 
  514.000  9.846757e-01 
  515.000  9.848183e-01 
  516.000  9.845269e-01 
  517.000  9.841828e-01 
  518.000  9.838983e-01 
  519.000  9.833056e-01 
  520.000  9.830528e-01 
  521.000  9.825597e-01 
  522.000  9.822066e-01 
  523.000  9.816493e-01 
  524.000  9.808950e-01 
  525.000  9.799016e-01 
  526.000  9.791454e-01 
  527.000  9.781632e-01 
  528.000  9.773207e-01 
  529.000  9.763045e-01 
  530.000  9.757809e-01 
  531.000  9.752969e-01 
  532.000  9.749015e-01 
  533.000  9.747075e-01 
  534.000  9.744335e-01 
  535.000  9.743789e-01 
  536.000  9.742667e-01 
  537.000  9.740565e-01 
  538.000  9.738560e-01 
  539.000  9.733246e-01 
  540.000  9.731653e-01 
  541.000  9.708974e-01 
  542.000  9.712307e-01 
  543.000  9.718676e-01 
  544.000  9.717134e-01 
  545.000  9.702126e-01 
  546.000  9.691197e-01 
  547.000  9.701538e-01 
  548.000  9.707680e-01 
  549.000  9.707415e-01 
  550.000  9.702139e-01 
  551.000  9.707828e-01 
  552.000  9.703978e-01 
  553.000  9.699673e-01 
  554.000  9.697471e-01 
  555.000  9.694521e-01 
  556.000  9.687269e-01 
  557.000  9.677981e-01 
  558.000  9.669784e-01 
  559.000  9.658744e-01 
  560.000  9.649130e-01 
  561.000  9.640833e-01 
  562.000  9.633991e-01 
  563.000  9.625115e-01 
  564.000  9.615707e-01 
  565.000  9.607913e-01 
  566.000  9.601052e-01 
  567.000  9.590280e-01 
  568.000  9.579728e-01 
  569.000  9.525443e-01 
  570.000  9.509464e-01 
  571.000  9.527431e-01 
  572.000  9.495207e-01 
  573.000  9.509035e-01 
  574.000  9.488872e-01 
  575.000  9.497752e-01 
  576.000  9.488894e-01 
  577.000  9.487895e-01 
  578.000  9.508577e-01 
  579.000  9.516999e-01 
  580.000  9.526802e-01 
  581.000  9.540213e-01 
  582.000  9.550372e-01 
  583.000  9.561860e-01 
  584.000  9.574420e-01 
  585.000  9.575385e-01 
  586.000  9.581341e-01 
  587.000  9.578297e-01 
  588.000  9.556490e-01 
  589.000  9.378951e-01 
  590.000  9.371416e-01 
  591.000  9.432352e-01 
  592.000  9.300134e-01 
  593.000  9.509662e-01 
  594.000  9.399791e-01 
  595.000  9.462261e-01 
  596.000  9.491602e-01 
  597.000  9.489341e-01 
  598.000  9.490761e-01 
  599.000  9.525517e-01 
  600.000  9.529428e-01 
  601.000  9.551358e-01 
  602.000  9.558263e-01 
  603.000  9.559908e-01 
  604.000  9.566249e-01 
  605.000  9.566778e-01 
  606.000  9.573292e-01 
  607.000  9.579276e-01 
  608.000  9.585785e-01 
  609.000  9.588478e-01 
  610.000  9.593785e-01 
  611.000  9.598064e-01 
  612.000  9.603946e-01 
  613.000  9.609391e-01 
  614.000  9.613186e-01 
  615.000  9.617649e-01 
  616.000  9.623924e-01 
  617.000  9.628429e-01 
  618.000  9.631220e-01 
  619.000  9.635584e-01 
  620.000  9.638796e-01 
  621.000  9.640561e-01 
  622.000  9.641337e-01 
  623.000  9.642052e-01 
  624.000  9.641808e-01 
  625.000  9.642333e-01 
  626.000  9.639224e-01 
  627.000  9.631785e-01 
  628.000  9.461107e-01 
  629.000  9.538991e-01 
  630.000  9.593670e-01 
  631.000  9.633834e-01 
  632.000  9.634913e-01 
  633.000  9.650726e-01 
  634.000  9.664275e-01 
  635.000  9.671514e-01 
  636.000  9.680885e-01 
  637.000  9.695093e-01 
  638.000  9.714678e-01 
  639.000  9.721766e-01 
  640.000  9.729198e-01 
  641.000  9.733733e-01 
  642.000  9.746572e-01 
  643.000  9.742631e-01 
  644.000  9.752176e-01 
  645.000  9.749743e-01 
  646.000  9.704098e-01 
  647.000  9.633063e-01 
  648.000  9.564842e-01 
  649.000  9.621148e-01 
  650.000  9.745299e-01 
  651.000  9.760692e-01 
  652.000  9.721912e-01 
  653.000  9.763449e-01 
  654.000  9.760277e-01 
  655.000  9.622593e-01 
  656.000  9.716572e-01 
  657.000  9.740968e-01 
  658.000  9.786355e-01 
  659.000  9.811689e-01 
  660.000  9.807135e-01 
  661.000  9.820144e-01 
  662.000  9.820445e-01 
  663.000  9.816613e-01 
  664.000  9.825488e-01 
  665.000  9.828922e-01 
  666.000  9.833417e-01 
  667.000  9.839294e-01 
  668.000  9.841608e-01 
  669.000  9.845184e-01 
  670.000  9.848199e-01 
  671.000  9.852404e-01 
  672.000  9.853152e-01 
  673.000  9.856467e-01 
  674.000  9.857659e-01 
  675.000  9.861218e-01 
  676.000  9.861984e-01 
  677.000  9.864118e-01 
  678.000  9.867051e-01 
  679.000  9.868697e-01 
  680.000  9.871306e-01 
  681.000  9.871091e-01 
  682.000  9.877238e-01 
  683.000  9.871357e-01 
  684.000  9.875730e-01 
  685.000  9.883918e-01 
  686.000  9.883521e-01 
  687.000  7.497725e-01 
  688.000  9.093260e-01 
  689.000  9.312592e-01 
  690.000  9.503821e-01 
  691.000  9.586827e-01 
  692.000  9.754308e-01 
  693.000  9.574953e-01 
  694.000  9.285105e-01 
  695.000  9.579501e-01 
  696.000  9.497596e-01 
  697.000  9.859573e-01 
  698.000  9.846417e-01 
  699.000  9.686178e-01 
  700.000  9.698395e-01 
  701.000  9.571240e-01 
  702.000  9.629275e-01 
  703.000  9.678714e-01 
  704.000  9.715505e-01 
  705.000  9.723973e-01 
  706.000  9.780685e-01 
  707.000  9.827152e-01 
  708.000  9.858912e-01 
  709.000  9.859203e-01 
  710.000  9.842134e-01 
  711.000  9.880655e-01 
  712.000  9.854257e-01 
  713.000  9.887243e-01 
  714.000  9.857851e-01 
  715.000  9.773219e-01 
  716.000  9.785793e-01 
  717.000  9.446736e-01 
  718.000  8.605070e-01 
  719.000  8.052523e-01 
  720.000  8.691456e-01 
  721.000  9.625103e-01 
  722.000  9.601924e-01 
  723.000  9.548177e-01 
  724.000  8.517889e-01 
  725.000  8.762318e-01 
  726.000  9.262596e-01 
  727.000  9.038140e-01 
  728.000  8.649068e-01 
  729.000  8.854510e-01 
  730.000  9.323815e-01 
  731.000  9.064540e-01 
  732.000  9.209108e-01 
  733.000  9.595852e-01 
  734.000  9.800975e-01 
  735.000  9.655617e-01 
  736.000  9.754468e-01 
  737.000  9.751670e-01 
  738.000  9.810186e-01 
  739.000  9.825924e-01 
  740.000  9.902043e-01 
  741.000  9.941616e-01 
  742.000  9.942383e-01 
  743.000  9.939270e-01 
  744.000  9.950291e-01 
  745.000  9.956399e-01 
  746.000  9.961724e-01 
  747.000  9.960399e-01 
  748.000  9.962473e-01 
  749.000  9.962349e-01 
  750.000  9.963554e-01 
  751.000  9.962918e-01 
  752.000  9.967341e-01 
  753.000  9.968171e-01 
  754.000  9.968159e-01 
  755.000  9.968012e-01 
  756.000  9.967682e-01 
  757.000  9.971148e-01 
  758.000  9.972235e-01 
  759.000  9.910870e-01 
  760.000  4.802374e-01 
  761.000  3.991992e-01 
  762.000  7.507930e-01 
  763.000  6.637178e-01 
  764.000  6.984016e-01 
  765.000  8.046050e-01 
  766.000  9.216104e-01 
  767.000  9.540904e-01 
  768.000  9.851561e-01 
  769.000  9.933544e-01 
  770.000  9.930606e-01 
  771.000  9.965324e-01 
  772.000  9.974378e-01 
  773.000  9.974201e-01 
  774.000  9.973395e-01 
  775.000  9.973909e-01 
  776.000  9.974089e-01 
  777.000  9.974226e-01 
  778.000  9.974254e-01 
  779.000  9.974148e-01 
  780.000  9.974064e-01 
  781.000  9.974869e-01 
  782.000  9.974201e-01 
  783.000  9.975606e-01 
  784.000  9.970382e-01 
  785.000  9.964979e-01 
  786.000  9.936872e-01 
  787.000  9.932382e-01 
  788.000  9.876752e-01 
  789.000  9.873543e-01 
  790.000  9.773882e-01 
  791.000  9.783585e-01 
  792.000  9.823260e-01 
  793.000  9.851597e-01 
  794.000  9.969146e-01 
  795.000  9.924399e-01 
  796.000  9.655367e-01 
  797.000  9.848508e-01 
  798.000  9.866490e-01 
  799.000  9.907429e-01 
  800.000  9.792739e-01 
  801.000  9.737816e-01 
  802.000  9.811797e-01 
  803.000  9.795375e-01 
  804.000  9.788834e-01 
  805.000  9.838922e-01 
  806.000  9.937505e-01 
  807.000  9.875568e-01 
  808.000  9.936768e-01 
  809.000  9.841338e-01 
  810.000  9.791590e-01 
  811.000  9.808145e-01 
  812.000  9.700410e-01 
  813.000  9.499672e-01 
  814.000  9.158674e-01 
  815.000  8.788074e-01 
  816.000  9.071255e-01 
  817.000  7.848730e-01 
  818.000  8.728863e-01 
  819.000  9.054739e-01 
  820.000  8.631510e-01 
  821.000  9.757401e-01 
  822.000  9.590207e-01 
  823.000  7.492251e-01 
  824.000  9.359372e-01 
  825.000  9.666833e-01 
  826.000  9.346375e-01 
  827.000  9.644054e-01 
  828.000  8.859940e-01 
  829.000  9.463041e-01 
  830.000  9.321898e-01 
  831.000  9.387665e-01 
  832.000  9.371580e-01 
  833.000  9.608899e-01 
  834.000  9.611291e-01 
  835.000  9.741145e-01 
  836.000  9.757470e-01 
  837.000  9.748437e-01 
  838.000  9.839051e-01 
  839.000  9.885166e-01 
  840.000  9.895449e-01 
  841.000  9.895449e-01 
  842.000  9.814045e-01 
  843.000  9.966720e-01 
  844.000  9.873628e-01 
  845.000  9.947278e-01 
  846.000  9.965527e-01 
  847.000  9.979957e-01 
  848.000  9.958603e-01 
  849.000  9.967009e-01 
  850.000  9.959118e-01 
  851.000  9.941009e-01 
  852.000  9.974788e-01 
  853.000  9.981351e-01 
  854.000  9.973305e-01 
  855.000  9.973305e-01 
  856.000  9.980189e-01 
  857.000  9.995630e-01 
  858.000  9.979666e-01 
  859.000  9.988893e-01 
  860.000  9.998813e-01 
  861.000  9.994100e-01 
  862.000  9.998142e-01 
  863.000  9.998031e-01 
  864.000  9.999406e-01 
  865.000  9.999406e-01 
  866.000  9.999467e-01 
  867.000  9.999890e-01 
  868.000  9.999463e-01 
  869.000  9.998918e-01 
  870.000  9.998392e-01 
  871.000  9.999416e-01 
  872.000  9.999527e-01 
  873.000  9.997937e-01 
  874.000  9.997937e-01 
  875.000  9.999765e-01 
  876.000  9.999815e-01 
  877.000  9.998227e-01 
  878.000  9.996635e-01 
  879.000  9.996139e-01 
  880.000  9.998417e-01 
  881.000  9.998417e-01 
  882.000  9.988387e-01 
  883.000  9.991195e-01 
  884.000  9.991361e-01 
  885.000  9.992631e-01 
  886.000  9.937221e-01 
  887.000  9.986871e-01 
  888.000  9.986871e-01 
  889.000  9.974118e-01 
  890.000  9.943197e-01 
  891.000  9.984980e-01 
  892.000  9.934033e-01 
  893.000  9.800692e-01 
  894.000  9.800692e-01 
  895.000  9.520597e-01 
  896.000  9.249868e-01 
  897.000  8.227819e-01 
  898.000  9.176348e-01 
  899.000  7.483710e-01 
  900.000  7.483710e-01 
  901.000  7.884755e-01 
  902.000  8.223289e-01 
  903.000  8.643194e-01 
  904.000  9.597903e-01 
  905.000  9.451029e-01 
  906.000  9.451029e-01 
  907.000  8.328358e-01 
  908.000  8.143044e-01 
  909.000  8.213654e-01 
  910.000  7.957305e-01 
  911.000  7.957305e-01 
  912.000  9.009710e-01 
  913.000  8.467400e-01 
  914.000  8.145610e-01 
  915.000  7.684129e-01 
  916.000  7.684129e-01 
  917.000  8.945153e-01 
  918.000  7.889830e-01 
  919.000  8.759560e-01 
  920.000  9.548118e-01 
  921.000  9.548118e-01 
  922.000  9.316228e-01 
  923.000  9.295775e-01 
  924.000  9.046536e-01 
  925.000  9.046536e-01 
  926.000  9.166831e-01 
  927.000  9.263543e-01 
  928.000  8.020990e-01 
  929.000  7.761844e-01 
  930.000  7.761844e-01 
  931.000  6.403161e-01 
  932.000  4.562702e-01 
  933.000  4.649327e-01 
  934.000  4.649327e-01 
  935.000  4.344499e-01 
  936.000  4.048796e-01 
  937.000  3.734270e-01 
  938.000  3.734270e-01 
  939.000  5.293452e-01 
  940.000  6.709222e-01 
  941.000  6.183584e-01 
  942.000  6.183584e-01 
  943.000  5.179470e-01 
  944.000  5.296802e-01 
  945.000  6.016883e-01 
  946.000  6.016883e-01 
  947.000  5.273533e-01 
  948.000  5.502420e-01 
  949.000  6.201744e-01 
  950.000  6.201744e-01 
  951.000  6.429242e-01 
  952.000  5.142346e-01 
  953.000  6.658803e-01 
  954.000  6.658803e-01 
  955.000  6.650919e-01 
  956.000  5.484931e-01 
  957.000  7.210363e-01 
  958.000  7.210363e-01 
  959.000  5.997370e-01 
  960.000  6.857492e-01 
  961.000  6.857492e-01 
  962.000  7.355597e-01 
  963.000  7.937971e-01 
  964.000  6.880164e-01 
  965.000  6.880164e-01 
  966.000  7.662765e-01 
  967.000  8.611176e-01 
  968.000  8.611176e-01 
  969.000  8.841256e-01 
  970.000  9.264936e-01 
  971.000  9.431740e-01 
  972.000  9.431740e-01 
  973.000  9.224896e-01 
  974.000  8.340724e-01 
  975.000  8.340724e-01 
  976.000  8.178551e-01 
  977.000  9.032687e-01 
  978.000  8.905205e-01 
  979.000  8.905205e-01 
  980.000  8.908765e-01 
  981.000  9.655229e-01 
  982.000  9.655229e-01 
  983.000  9.425417e-01 
  984.000  9.626654e-01 
  985.000  9.626654e-01 
  986.000  9.897206e-01 
  987.000  9.793274e-01 
  988.000  9.793274e-01 
  989.000  9.951032e-01 
  990.000  9.884496e-01 
  991.000  9.884496e-01 
  992.000  9.929688e-01 
  993.000  9.920155e-01 
  994.000  9.920155e-01 
  995.000  9.985704e-01 
  996.000  9.986984e-01 
  997.000  9.986984e-01 
  998.000  9.986671e-01 
  999.000  9.980751e-01 
 1000.000  9.980751e-01 
 1001.000  9.983264e-01 
 1002.000  9.893147e-01 
 1003.000  9.893147e-01 
 1004.000  9.982891e-01 
 1005.000  9.986931e-01 
 1006.000  9.986931e-01 
 1007.000  9.989501e-01 
 1008.000  9.971333e-01 
 1009.000  9.971333e-01 
 1010.000  9.904162e-01 
 1011.000  9.987830e-01 
 1012.000  9.987830e-01 
 1013.000  9.990685e-01 
 1014.000  9.987697e-01 
 1015.000  9.987697e-01 
 1016.000  9.992005e-01 
 1017.000  9.986490e-01 
 1018.000  9.986490e-01 
 1019.000  9.980067e-01 
 1020.000  9.992328e-01 
 1021.000  9.992328e-01 
 1022.000  9.980553e-01 
 1023.000  9.980553e-01 
 1024.000  9.977545e-01 
 1025.000  9.991723e-01 
 1026.000  9.991723e-01 
 1027.000  9.984766e-01 
 1028.000  9.992364e-01 
 1029.000  9.992364e-01 
 1030.000  9.995456e-01 
 1031.000  9.994292e-01 
 1032.000  9.994292e-01 
 1033.000  9.995404e-01 
 1034.000  9.995404e-01 
 1035.000  9.997159e-01 
 1036.000  9.994420e-01 
 1037.000  9.994420e-01 
 1038.000  9.994056e-01 
 1039.000  9.990765e-01 
 1040.000  9.990765e-01 
 1041.000  9.988932e-01 
 1042.000  9.988932e-01 
 1043.000  9.986344e-01 
 1044.000  9.982445e-01 
 1045.000  9.982445e-01 
 1046.000  9.977098e-01 
 1047.000  9.977098e-01 
 1048.000  9.971772e-01 
 1049.000  9.961175e-01 
 1050.000  9.961175e-01 
 1051.000  9.956390e-01 
 1052.000  9.956390e-01 
 1053.000  9.949133e-01 
 1054.000  9.942895e-01 
 1055.000  9.942895e-01 
 1056.000  9.935737e-01 
 1057.000  9.935737e-01 
 1058.000  9.929197e-01 
 1059.000  9.922792e-01 
 1060.000  9.922792e-01 
 1061.000  9.918635e-01 
 1062.000  9.918635e-01 
 1063.000  9.910288e-01 
 1064.000  9.902138e-01 
 1065.000  9.902138e-01 
 1066.000  9.913425e-01 
 1067.000  9.913425e-01 
 1068.000  9.905259e-01 
 1069.000  9.903834e-01 
 1070.000  9.903834e-01 
 1071.000  9.917957e-01 
 1072.000  9.917957e-01 
 1073.000  9.924494e-01 
 1074.000  9.924494e-01 
 1075.000  9.869415e-01 
 1076.000  9.857878e-01 
 1077.000  9.857878e-01 
 1078.000  9.910855e-01 
 1079.000  9.910855e-01 
 1080.000  9.852404e-01 
 1081.000  9.852404e-01 
 1082.000  9.880423e-01 
 1083.000  9.827690e-01 
 1084.000  9.827690e-01 
 1085.000  9.737412e-01 
 1086.000  9.737412e-01 
 1087.000  9.865825e-01 
 1088.000  9.865825e-01 
 1089.000  9.795995e-01 
 1090.000  9.761386e-01 
 1091.000  9.761386e-01 
 1092.000  9.653021e-01 
 1093.000  9.653021e-01 
 1094.000  9.653831e-01 
 1095.000  9.653831e-01 
 1096.000  9.590895e-01 
 1097.000  9.590895e-01 
 1098.000  9.451036e-01 
 1099.000  9.002846e-01 
 1100.000  9.002846e-01 
 1101.000  9.019428e-01 
 1102.000  9.019428e-01 
 1103.000  8.841364e-01 
 1104.000  8.841364e-01 
 1105.000  8.698231e-01 
 1106.000  8.698231e-01 
 1107.000  8.683887e-01 
 1108.000  8.683887e-01 
 1109.000  8.339989e-01 
 1110.000  7.939416e-01 
 1111.000  7.939416e-01 
 1112.000  7.570058e-01 
 1113.000  7.570058e-01 
 1114.000  6.728612e-01 
 1115.000  6.728612e-01 
 1116.000  4.389671e-01 
 1117.000  4.389671e-01 
 1118.000  5.469120e-01 
 1119.000  5.469120e-01 
 1120.000  4.673773e-01 
 1121.000  4.673773e-01 
 1122.000  2.845650e-01 
 1123.000  5.104102e-01 
 1124.000  5.104102e-01 
 1125.000  3.212473e-01 
 1126.000  3.212473e-01 
 1127.000  3.822773e-01 
 1128.000  3.822773e-01 
 1129.000  3.760861e-01 
 1130.000  3.760861e-01 
 1131.000  6.655813e-01 
 1132.000  6.655813e-01 
 1133.000  3.785714e-01 
 1134.000  3.785714e-01 
 1135.000  2.238995e-01 
 1136.000  2.238995e-01 
 1137.000  6.667706e-01 
 1138.000  6.667706e-01 
 1139.000  6.195763e-01 
 1140.000  6.195763e-01 
 1141.000  6.031903e-01 
 1142.000  6.031903e-01 
 1143.000  6.354906e-01 
 1144.000  6.354906e-01 
 1145.000  4.261707e-01 
 1146.000  4.261707e-01 
 1147.000  4.115243e-01 
 1148.000  4.115243e-01 
 1149.000  5.347229e-01 
 1150.000  5.347229e-01 
 1151.000  6.317960e-01 
 1152.000  6.317960e-01 
 1153.000  5.856614e-01 
 1154.000  5.856614e-01 
 1155.000  6.375219e-01 
 1156.000  6.375219e-01 
 1157.000  7.209570e-01 
 1158.000  7.209570e-01 
 1159.000  8.115820e-01 
 1160.000  8.115820e-01 
 1161.000  7.926013e-01 
 1162.000  7.926013e-01 
 1163.000  8.663545e-01 
 1164.000  8.663545e-01 
 1165.000  8.390249e-01 
 1166.000  8.390249e-01 
 1167.000  8.904045e-01 
 1168.000  8.904045e-01 
 1169.000  9.055602e-01 
 1170.000  9.055602e-01 
 1171.000  9.161808e-01 
 1172.000  9.161808e-01 
 1173.000  8.338023e-01 
 1174.000  8.338023e-01 
 1175.000  9.607629e-01 
 1176.000  9.607629e-01 
 1177.000  8.826242e-01 
 1178.000  8.826242e-01 
 1179.000  9.397072e-01 
 1180.000  9.397072e-01 
 1181.000  8.279480e-01 
 1182.000  8.279480e-01 
 1183.000  9.097791e-01 
 1184.000  9.097791e-01 
 1185.000  9.352258e-01 
 1186.000  9.352258e-01 
 1187.000  8.498724e-01 
 1188.000  8.498724e-01 
 1189.000  8.498724e-01 
 1190.000  9.103411e-01 
 1191.000  9.103411e-01 
 1192.000  9.638962e-01 
 1193.000  9.638962e-01 
 1194.000  9.251609e-01 
 1195.000  9.251609e-01 
 1196.000  9.404920e-01 
 1197.000  9.404920e-01 
 1198.000  9.044889e-01 
 1199.000  9.044889e-01 
 1200.000  9.013727e-01 
