  250.000  0.000000e+00 
  251.000  0.000000e+00 
  252.000  0.000000e+00 
  253.000  0.000000e+00 
  254.000  0.000000e+00 
  255.000  0.000000e+00 
  256.000  0.000000e+00 
  257.000  0.000000e+00 
  258.000  0.000000e+00 
  259.000  0.000000e+00 
  260.000  0.000000e+00 
  261.000  0.000000e+00 
  262.000  0.000000e+00 
  263.000  0.000000e+00 
  264.000  0.000000e+00 
  265.000  0.000000e+00 
  266.000  0.000000e+00 
  267.000  0.000000e+00 
  268.000  0.000000e+00 
  269.000  0.000000e+00 
  270.000  0.000000e+00 
  271.000  0.000000e+00 
  272.000  0.000000e+00 
  273.000  0.000000e+00 
  274.000  0.000000e+00 
  275.000  0.000000e+00 
  276.000  0.000000e+00 
  277.000  0.000000e+00 
  278.000  0.000000e+00 
  279.000  0.000000e+00 
  280.000  0.000000e+00 
  281.000  0.000000e+00 
  282.000  0.000000e+00 
  283.000  0.000000e+00 
  284.000  0.000000e+00 
  285.000  0.000000e+00 
  286.000  0.000000e+00 
  287.000  0.000000e+00 
  288.000  0.000000e+00 
  289.000  0.000000e+00 
  290.000  0.000000e+00 
  291.000  0.000000e+00 
  292.000  6.329920e-08 
  293.000  2.731051e-07 
  294.000  1.882000e-06 
  295.000  6.531746e-06 
  296.000  3.051294e-05 
  297.000  8.263467e-05 
  298.000  2.914899e-04 
  299.000  5.834060e-04 
  300.000  1.414544e-03 
  301.000  2.899582e-03 
  302.000  4.838454e-03 
  303.000  9.455935e-03 
  304.000  1.256289e-02 
  305.000  2.163753e-02 
  306.000  2.874747e-02 
  307.000  4.054432e-02 
  308.000  5.092187e-02 
  309.000  6.128570e-02 
  310.000  8.600927e-02 
  311.000  9.779385e-02 
  312.000  1.181341e-01 
  313.000  1.375633e-01 
  314.000  1.462533e-01 
  315.000  1.759980e-01 
  316.000  1.866158e-01 
  317.000  2.041066e-01 
  318.000  2.182852e-01 
  319.000  2.574279e-01 
  320.000  2.285880e-01 
  321.000  2.893115e-01 
  322.000  2.648385e-01 
  323.000  2.952223e-01 
  324.000  3.260528e-01 
  325.000  3.025118e-01 
  326.000  3.404548e-01 
  327.000  3.508851e-01 
  328.000  3.273762e-01 
  329.000  3.717727e-01 
  330.000  3.785714e-01 
  331.000  3.641180e-01 
  332.000  3.911309e-01 
  333.000  3.988034e-01 
  334.000  3.919022e-01 
  335.000  4.117665e-01 
  336.000  4.196376e-01 
  337.000  4.158441e-01 
  338.000  4.251474e-01 
  339.000  4.347805e-01 
  340.000  4.328150e-01 
  341.000  4.421985e-01 
  342.000  4.489917e-01 
  343.000  4.522513e-01 
  344.000  4.526498e-01 
  345.000  4.619340e-01 
  346.000  4.676907e-01 
  347.000  4.723382e-01 
  348.000  4.766831e-01 
  349.000  4.816149e-01 
  350.000  4.857909e-01 
  351.000  4.899549e-01 
  352.000  4.933218e-01 
  353.000  4.982456e-01 
  354.000  5.024008e-01 
  355.000  5.062646e-01 
  356.000  5.100393e-01 
  357.000  5.134013e-01 
  358.000  5.170524e-01 
  359.000  5.206893e-01 
  360.000  5.243770e-01 
  361.000  5.290074e-01 
  362.000  5.338147e-01 
  363.000  5.382617e-01 
  364.000  5.423703e-01 
  365.000  5.462261e-01 
  366.000  5.501870e-01 
  367.000  5.539542e-01 
  368.000  5.576888e-01 
  369.000  5.613925e-01 
  370.000  5.650597e-01 
  371.000  5.686992e-01 
  372.000  5.723099e-01 
  373.000  5.758909e-01 
  374.000  5.794171e-01 
  375.000  5.828786e-01 
  376.000  5.862290e-01 
  377.000  5.894065e-01 
  378.000  5.923721e-01 
  379.000  5.953807e-01 
  380.000  5.986673e-01 
  381.000  6.023787e-01 
  382.000  6.062163e-01 
  383.000  6.098556e-01 
  384.000  6.133172e-01 
  385.000  6.166589e-01 
  386.000  6.199188e-01 
  387.000  6.231280e-01 
  388.000  6.262975e-01 
  389.000  6.294411e-01 
  390.000  6.325597e-01 
  391.000  6.356468e-01 
  392.000  6.387110e-01 
  393.000  6.417501e-01 
  394.000  6.447613e-01 
  395.000  6.477421e-01 
  396.000  6.507034e-01 
  397.000  6.536310e-01 
  398.000  6.565318e-01 
  399.000  6.594081e-01 
  400.000  6.622456e-01 
  401.000  6.650714e-01 
  402.000  6.678745e-01 
  403.000  6.706534e-01 
  404.000  6.734078e-01 
  405.000  6.761324e-01 
  406.000  6.788386e-01 
  407.000  6.815233e-01 
  408.000  6.841847e-01 
  409.000  6.868200e-01 
  410.000  6.894305e-01 
  411.000  6.920153e-01 
  412.000  6.945727e-01 
  413.000  6.971149e-01 
  414.000  6.994636e-01 
  415.000  7.020208e-01 
  416.000  7.045463e-01 
  417.000  7.070284e-01 
  418.000  7.094505e-01 
  419.000  7.118461e-01 
  420.000  7.142200e-01 
  421.000  7.165794e-01 
  422.000  7.189238e-01 
  423.000  7.212504e-01 
  424.000  7.235491e-01 
  425.000  7.257946e-01 
  426.000  7.280182e-01 
  427.000  7.302222e-01 
  428.000  7.323852e-01 
  429.000  7.345170e-01 
  430.000  7.366243e-01 
  431.000  7.387156e-01 
  432.000  7.407851e-01 
  433.000  7.428350e-01 
  434.000  7.448674e-01 
  435.000  7.468799e-01 
  436.000  7.488701e-01 
  437.000  7.508388e-01 
  438.000  7.527851e-01 
  439.000  7.547164e-01 
  440.000  7.566174e-01 
  441.000  7.584945e-01 
  442.000  7.603427e-01 
  443.000  7.621638e-01 
  444.000  7.639568e-01 
  445.000  7.657128e-01 
  446.000  7.674220e-01 
  447.000  7.692114e-01 
  448.000  7.711235e-01 
  449.000  7.730565e-01 
  450.000  7.749534e-01 
  451.000  7.767766e-01 
  452.000  7.785362e-01 
  453.000  7.802610e-01 
  454.000  7.819555e-01 
  455.000  7.835453e-01 
  456.000  7.849995e-01 
  457.000  7.864532e-01 
  458.000  7.878873e-01 
  459.000  7.892916e-01 
  460.000  7.906845e-01 
  461.000  7.920623e-01 
  462.000  7.934144e-01 
  463.000  7.947623e-01 
  464.000  7.965536e-01 
  465.000  7.983191e-01 
  466.000  8.000547e-01 
  467.000  8.017522e-01 
  468.000  8.031217e-01 
  469.000  8.042980e-01 
  470.000  8.053849e-01 
  471.000  8.063697e-01 
  472.000  8.072070e-01 
  473.000  8.077910e-01 
  474.000  8.082770e-01 
  475.000  8.084308e-01 
  476.000  8.082485e-01 
  477.000  8.082728e-01 
  478.000  8.095895e-01 
  479.000  8.115793e-01 
  480.000  8.137243e-01 
  481.000  8.156567e-01 
  482.000  8.174926e-01 
  483.000  8.190948e-01 
  484.000  8.204783e-01 
  485.000  8.217204e-01 
  486.000  8.230650e-01 
  487.000  8.244948e-01 
  488.000  8.258810e-01 
  489.000  8.272426e-01 
  490.000  8.285884e-01 
  491.000  8.296230e-01 
  492.000  8.305634e-01 
  493.000  8.314986e-01 
  494.000  8.324079e-01 
  495.000  8.333164e-01 
  496.000  8.337412e-01 
  497.000  8.341455e-01 
  498.000  8.345430e-01 
  499.000  8.349172e-01 
  500.000  8.352847e-01 
  501.000  8.356046e-01 
  502.000  8.359241e-01 
  503.000  8.362389e-01 
  504.000  8.365374e-01 
  505.000  8.368175e-01 
  506.000  8.377890e-01 
  507.000  8.387912e-01 
  508.000  8.397914e-01 
  509.000  8.407802e-01 
  510.000  8.417485e-01 
  511.000  8.426098e-01 
  512.000  8.434394e-01 
  513.000  8.442639e-01 
  514.000  8.450781e-01 
  515.000  8.458849e-01 
  516.000  8.464420e-01 
  517.000  8.467755e-01 
  518.000  8.470992e-01 
  519.000  8.474162e-01 
  520.000  8.477294e-01 
  521.000  8.480065e-01 
  522.000  8.481933e-01 
  523.000  8.483200e-01 
  524.000  8.484516e-01 
  525.000  8.485493e-01 
  526.000  8.486974e-01 
  527.000  8.486806e-01 
  528.000  8.485961e-01 
  529.000  8.485097e-01 
  530.000  8.484308e-01 
  531.000  8.483562e-01 
  532.000  8.483551e-01 
  533.000  8.487863e-01 
  534.000  8.493302e-01 
  535.000  8.499436e-01 
  536.000  8.505365e-01 
  537.000  8.510783e-01 
  538.000  8.515621e-01 
  539.000  8.520095e-01 
  540.000  8.524287e-01 
  541.000  8.528353e-01 
  542.000  8.532238e-01 
  543.000  8.535981e-01 
  544.000  8.538693e-01 
  545.000  8.540553e-01 
  546.000  8.542314e-01 
  547.000  8.544130e-01 
  548.000  8.545840e-01 
  549.000  8.547518e-01 
  550.000  8.548068e-01 
  551.000  8.547525e-01 
  552.000  8.547020e-01 
  553.000  8.546311e-01 
  554.000  8.545508e-01 
  555.000  8.544649e-01 
  556.000  8.543376e-01 
  557.000  8.541406e-01 
  558.000  8.539324e-01 
  559.000  8.537068e-01 
  560.000  8.534391e-01 
  561.000  8.531325e-01 
  562.000  8.524926e-01 
  563.000  8.521293e-01 
  564.000  8.516585e-01 
  565.000  8.509467e-01 
  566.000  8.505155e-01 
  567.000  8.489227e-01 
  568.000  8.444438e-01 
  569.000  8.345394e-01 
  570.000  8.359631e-01 
  571.000  8.428829e-01 
  572.000  8.360343e-01 
  573.000  8.377200e-01 
  574.000  8.381066e-01 
  575.000  8.376549e-01 
  576.000  8.379731e-01 
  577.000  8.404279e-01 
  578.000  8.434126e-01 
  579.000  8.460460e-01 
  580.000  8.483742e-01 
  581.000  8.517013e-01 
  582.000  8.539307e-01 
  583.000  8.552684e-01 
  584.000  8.564600e-01 
  585.000  8.574219e-01 
  586.000  8.583320e-01 
  587.000  8.558909e-01 
  588.000  8.425229e-01 
  589.000  8.214227e-01 
  590.000  8.203400e-01 
  591.000  8.351445e-01 
  592.000  8.276343e-01 
  593.000  8.445086e-01 
  594.000  8.410527e-01 
  595.000  8.295718e-01 
  596.000  8.458617e-01 
  597.000  8.417723e-01 
  598.000  8.481640e-01 
  599.000  8.505219e-01 
  600.000  8.562682e-01 
  601.000  8.600352e-01 
  602.000  8.608336e-01 
  603.000  8.625226e-01 
  604.000  8.645890e-01 
  605.000  8.660586e-01 
  606.000  8.670914e-01 
  607.000  8.680898e-01 
  608.000  8.690208e-01 
  609.000  8.699129e-01 
  610.000  8.708348e-01 
  611.000  8.718656e-01 
  612.000  8.728772e-01 
  613.000  8.738606e-01 
  614.000  8.748180e-01 
  615.000  8.757728e-01 
  616.000  8.766964e-01 
  617.000  8.775749e-01 
  618.000  8.783177e-01 
  619.000  8.789568e-01 
  620.000  8.795553e-01 
  621.000  8.800825e-01 
  622.000  8.805385e-01 
  623.000  8.808744e-01 
  624.000  8.812250e-01 
  625.000  8.815317e-01 
  626.000  8.810509e-01 
  627.000  8.757191e-01 
  628.000  8.479782e-01 
  629.000  8.643775e-01 
  630.000  8.694252e-01 
  631.000  8.749580e-01 
  632.000  8.731637e-01 
  633.000  8.811213e-01 
  634.000  8.847444e-01 
  635.000  8.864263e-01 
  636.000  8.887411e-01 
  637.000  8.907901e-01 
  638.000  8.948902e-01 
  639.000  8.962742e-01 
  640.000  8.989601e-01 
  641.000  9.002146e-01 
  642.000  9.021884e-01 
  643.000  9.011519e-01 
  644.000  9.020677e-01 
  645.000  9.001973e-01 
  646.000  8.888516e-01 
  647.000  8.811731e-01 
  648.000  8.725227e-01 
  649.000  8.813204e-01 
  650.000  8.977001e-01 
  651.000  8.982787e-01 
  652.000  8.849413e-01 
  653.000  9.015434e-01 
  654.000  9.003670e-01 
  655.000  8.951088e-01 
  656.000  8.977374e-01 
  657.000  9.014864e-01 
  658.000  9.075606e-01 
  659.000  9.113505e-01 
  660.000  9.133354e-01 
  661.000  9.178765e-01 
  662.000  9.202143e-01 
  663.000  9.204853e-01 
  664.000  9.218119e-01 
  665.000  9.229348e-01 
  666.000  9.242737e-01 
  667.000  9.254970e-01 
  668.000  9.269019e-01 
  669.000  9.278911e-01 
  670.000  9.287603e-01 
  671.000  9.296795e-01 
  672.000  9.304948e-01 
  673.000  9.312943e-01 
  674.000  9.320863e-01 
  675.000  9.328800e-01 
  676.000  9.336227e-01 
  677.000  9.343045e-01 
  678.000  9.349887e-01 
  679.000  9.355371e-01 
  680.000  9.354973e-01 
  681.000  9.353569e-01 
  682.000  9.357177e-01 
  683.000  9.359080e-01 
  684.000  9.352517e-01 
  685.000  9.365730e-01 
  686.000  9.330910e-01 
  687.000  8.050769e-01 
  688.000  8.454246e-01 
  689.000  8.337537e-01 
  690.000  8.548703e-01 
  691.000  8.817723e-01 
  692.000  8.969016e-01 
  693.000  8.861952e-01 
  694.000  8.725128e-01 
  695.000  8.851779e-01 
  696.000  8.926319e-01 
  697.000  9.247451e-01 
  698.000  9.181633e-01 
  699.000  8.894194e-01 
  700.000  8.942502e-01 
  701.000  8.879088e-01 
  702.000  8.926992e-01 
  703.000  9.169084e-01 
  704.000  9.180387e-01 
  705.000  9.081534e-01 
  706.000  9.101704e-01 
  707.000  9.138094e-01 
  708.000  9.177399e-01 
  709.000  9.257131e-01 
  710.000  9.173658e-01 
  711.000  9.260225e-01 
  712.000  9.334116e-01 
  713.000  9.275824e-01 
  714.000  9.256447e-01 
  715.000  9.161113e-01 
  716.000  9.061708e-01 
  717.000  8.437651e-01 
  718.000  8.057912e-01 
  719.000  7.922010e-01 
  720.000  7.718791e-01 
  721.000  8.619459e-01 
  722.000  8.944757e-01 
  723.000  8.761435e-01 
  724.000  8.243602e-01 
  725.000  8.319854e-01 
  726.000  8.295987e-01 
  727.000  8.369366e-01 
  728.000  8.290018e-01 
  729.000  8.488281e-01 
  730.000  8.454365e-01 
  731.000  8.413358e-01 
  732.000  8.749098e-01 
  733.000  9.073378e-01 
  734.000  9.230518e-01 
  735.000  9.175456e-01 
  736.000  9.072611e-01 
  737.000  9.150444e-01 
  738.000  9.257531e-01 
  739.000  9.303784e-01 
  740.000  9.406378e-01 
  741.000  9.465792e-01 
  742.000  9.490823e-01 
  743.000  9.545728e-01 
  744.000  9.570711e-01 
  745.000  9.588053e-01 
  746.000  9.603117e-01 
  747.000  9.606245e-01 
  748.000  9.620323e-01 
  749.000  9.627936e-01 
  750.000  9.623360e-01 
  751.000  9.626163e-01 
  752.000  9.639851e-01 
  753.000  9.645398e-01 
  754.000  9.649746e-01 
  755.000  9.652538e-01 
  756.000  9.655470e-01 
  757.000  9.657524e-01 
  758.000  9.640169e-01 
  759.000  8.950455e-01 
  760.000  3.925782e-01 
  761.000  3.466567e-01 
  762.000  6.328931e-01 
  763.000  5.427046e-01 
  764.000  5.872721e-01 
  765.000  6.892746e-01 
  766.000  8.136858e-01 
  767.000  8.769798e-01 
  768.000  9.185547e-01 
  769.000  9.460794e-01 
  770.000  9.610665e-01 
  771.000  9.680166e-01 
  772.000  9.697676e-01 
  773.000  9.705465e-01 
  774.000  9.715571e-01 
  775.000  9.721808e-01 
  776.000  9.726340e-01 
  777.000  9.727471e-01 
  778.000  9.726994e-01 
  779.000  9.726384e-01 
  780.000  9.725749e-01 
  781.000  9.731656e-01 
  782.000  9.730835e-01 
  783.000  9.730216e-01 
  784.000  9.725311e-01 
  785.000  9.703280e-01 
  786.000  9.670072e-01 
  787.000  9.592574e-01 
  788.000  9.551884e-01 
  789.000  9.406980e-01 
  790.000  9.394522e-01 
  791.000  9.421850e-01 
  792.000  9.447172e-01 
  793.000  9.506195e-01 
  794.000  9.631522e-01 
  795.000  9.554902e-01 
  796.000  9.351531e-01 
  797.000  9.409583e-01 
  798.000  9.538136e-01 
  799.000  9.508796e-01 
  800.000  9.415250e-01 
  801.000  9.426385e-01 
  802.000  9.416949e-01 
  803.000  9.430643e-01 
  804.000  9.474663e-01 
  805.000  9.559032e-01 
  806.000  9.609475e-01 
  807.000  9.611720e-01 
  808.000  9.583104e-01 
  809.000  9.547929e-01 
  810.000  9.509361e-01 
  811.000  9.430407e-01 
  812.000  9.324278e-01 
  813.000  9.194643e-01 
  814.000  9.024213e-01 
  815.000  8.813018e-01 
  816.000  8.544711e-01 
  817.000  8.559071e-01 
  818.000  8.580738e-01 
  819.000  8.669255e-01 
  820.000  8.965673e-01 
  821.000  9.306347e-01 
  822.000  9.046982e-01 
  823.000  8.332589e-01 
  824.000  8.933884e-01 
  825.000  9.325696e-01 
  826.000  9.259127e-01 
  827.000  9.209470e-01 
  828.000  8.951733e-01 
  829.000  9.044272e-01 
  830.000  9.148386e-01 
  831.000  9.173017e-01 
  832.000  9.184208e-01 
  833.000  9.244542e-01 
  834.000  9.315715e-01 
  835.000  9.457025e-01 
  836.000  9.411724e-01 
  837.000  9.407086e-01 
  838.000  9.475887e-01 
  839.000  9.517739e-01 
  840.000  9.532939e-01 
  841.000  9.487646e-01 
  842.000  9.528360e-01 
  843.000  9.625167e-01 
  844.000  9.669191e-01 
  845.000  9.689708e-01 
  846.000  9.711294e-01 
  847.000  9.735091e-01 
  848.000  9.695814e-01 
  849.000  9.700823e-01 
  850.000  9.681407e-01 
  851.000  9.658282e-01 
  852.000  9.660581e-01 
  853.000  9.698778e-01 
  854.000  9.696736e-01 
  855.000  9.715950e-01 
  856.000  9.755924e-01 
  857.000  9.770170e-01 
  858.000  9.779409e-01 
  859.000  9.798419e-01 
  860.000  9.808171e-01 
  861.000  9.809855e-01 
  862.000  9.815807e-01 
  863.000  9.816586e-01 
  864.000  9.820671e-01 
  865.000  9.824013e-01 
  866.000  9.824902e-01 
  867.000  9.824301e-01 
  868.000  9.824829e-01 
  869.000  9.825940e-01 
  870.000  9.825129e-01 
  871.000  9.826180e-01 
  872.000  9.828744e-01 
  873.000  9.826190e-01 
  874.000  9.824809e-01 
  875.000  9.824487e-01 
  876.000  9.820030e-01 
  877.000  9.818025e-01 
  878.000  9.806103e-01 
  879.000  9.805267e-01 
  880.000  9.794989e-01 
  881.000  9.788759e-01 
  882.000  9.783962e-01 
  883.000  9.789788e-01 
  884.000  9.791095e-01 
  885.000  9.772449e-01 
  886.000  9.742588e-01 
  887.000  9.765686e-01 
  888.000  9.764318e-01 
  889.000  9.771329e-01 
  890.000  9.753662e-01 
  891.000  9.717355e-01 
  892.000  9.640861e-01 
  893.000  9.409674e-01 
  894.000  9.294403e-01 
  895.000  8.946463e-01 
  896.000  8.635956e-01 
  897.000  8.310559e-01 
  898.000  8.159155e-01 
  899.000  7.738614e-01 
  900.000  7.798076e-01 
  901.000  7.689689e-01 
  902.000  7.710862e-01 
  903.000  8.418839e-01 
  904.000  8.857728e-01 
  905.000  8.842555e-01 
  906.000  8.568013e-01 
  907.000  8.087137e-01 
  908.000  7.773345e-01 
  909.000  7.786018e-01 
  910.000  7.832840e-01 
  911.000  8.040771e-01 
  912.000  7.940062e-01 
  913.000  7.505695e-01 
  914.000  7.719993e-01 
  915.000  7.890224e-01 
  916.000  7.936932e-01 
  917.000  8.030341e-01 
  918.000  8.151175e-01 
  919.000  8.563362e-01 
  920.000  8.878281e-01 
  921.000  8.809506e-01 
  922.000  8.803756e-01 
  923.000  8.715971e-01 
  924.000  8.505675e-01 
  925.000  8.486789e-01 
  926.000  8.477902e-01 
  927.000  8.230819e-01 
  928.000  7.854168e-01 
  929.000  7.317860e-01 
  930.000  6.649339e-01 
  931.000  5.921006e-01 
  932.000  4.989237e-01 
  933.000  4.327767e-01 
  934.000  3.675859e-01 
  935.000  3.605360e-01 
  936.000  3.855197e-01 
  937.000  3.793721e-01 
  938.000  4.529877e-01 
  939.000  6.544039e-01 
  940.000  6.858757e-01 
  941.000  6.591871e-01 
  942.000  5.942239e-01 
  943.000  4.893067e-01 
  944.000  4.819603e-01 
  945.000  5.188413e-01 
  946.000  5.211496e-01 
  947.000  5.551847e-01 
  948.000  5.753059e-01 
  949.000  5.729691e-01 
  950.000  5.782207e-01 
  951.000  6.235838e-01 
  952.000  5.756667e-01 
  953.000  6.097539e-01 
  954.000  6.468040e-01 
  955.000  6.173856e-01 
  956.000  6.113145e-01 
  957.000  7.053846e-01 
  958.000  7.180614e-01 
  959.000  7.025136e-01 
  960.000  6.981468e-01 
  961.000  6.904147e-01 
  962.000  6.977832e-01 
  963.000  7.503983e-01 
  964.000  7.581365e-01 
  965.000  7.532458e-01 
  966.000  7.562872e-01 
  967.000  7.944001e-01 
  968.000  8.587555e-01 
  969.000  8.881810e-01 
  970.000  8.898342e-01 
  971.000  8.891517e-01 
  972.000  8.807862e-01 
  973.000  8.615513e-01 
  974.000  8.382652e-01 
  975.000  8.233744e-01 
  976.000  8.415986e-01 
  977.000  8.718818e-01 
  978.000  8.694838e-01 
  979.000  8.774352e-01 
  980.000  9.085955e-01 
  981.000  9.155659e-01 
  982.000  9.086785e-01 
  983.000  9.247754e-01 
  984.000  9.413812e-01 
  985.000  9.508457e-01 
  986.000  9.630744e-01 
  987.000  9.683922e-01 
  988.000  9.696198e-01 
  989.000  9.704043e-01 
  990.000  9.716989e-01 
  991.000  9.762551e-01 
  992.000  9.775459e-01 
  993.000  9.780259e-01 
  994.000  9.821362e-01 
  995.000  9.847429e-01 
  996.000  9.847127e-01 
  997.000  9.831264e-01 
  998.000  9.810373e-01 
  999.000  9.802683e-01 
 1000.000  9.808863e-01 
 1001.000  9.765189e-01 
 1002.000  9.695418e-01 
 1003.000  9.711918e-01 
 1004.000  9.751971e-01 
 1005.000  9.770263e-01 
 1006.000  9.776132e-01 
 1007.000  9.762743e-01 
 1008.000  9.705880e-01 
 1009.000  9.629961e-01 
 1010.000  9.663743e-01 
 1011.000  9.744424e-01 
 1012.000  9.775185e-01 
 1013.000  9.799392e-01 
 1014.000  9.809524e-01 
 1015.000  9.811463e-01 
 1016.000  9.822403e-01 
 1017.000  9.828746e-01 
 1018.000  9.815052e-01 
 1019.000  9.786985e-01 
 1020.000  9.796846e-01 
 1021.000  9.817088e-01 
 1022.000  9.783112e-01 
 1023.000  9.754692e-01 
 1024.000  9.737697e-01 
 1025.000  9.789863e-01 
 1026.000  9.812930e-01 
 1027.000  9.803169e-01 
 1028.000  9.811264e-01 
 1029.000  9.831626e-01 
 1030.000  9.852577e-01 
 1031.000  9.864287e-01 
 1032.000  9.872675e-01 
 1033.000  9.874339e-01 
 1034.000  9.879204e-01 
 1035.000  9.882343e-01 
 1036.000  9.880984e-01 
 1037.000  9.881718e-01 
 1038.000  9.883554e-01 
 1039.000  9.880375e-01 
 1040.000  9.877672e-01 
 1041.000  9.875600e-01 
 1042.000  9.875129e-01 
 1043.000  9.875222e-01 
 1044.000  9.873417e-01 
 1045.000  9.867343e-01 
 1046.000  9.863315e-01 
 1047.000  9.858574e-01 
 1048.000  9.852661e-01 
 1049.000  9.846840e-01 
 1050.000  9.840935e-01 
 1051.000  9.832311e-01 
 1052.000  9.826512e-01 
 1053.000  9.825576e-01 
 1054.000  9.816468e-01 
 1055.000  9.808087e-01 
 1056.000  9.800656e-01 
 1057.000  9.781604e-01 
 1058.000  9.746717e-01 
 1059.000  9.749051e-01 
 1060.000  9.766677e-01 
 1061.000  9.762342e-01 
 1062.000  9.740309e-01 
 1063.000  9.732308e-01 
 1064.000  9.713655e-01 
 1065.000  9.693794e-01 
 1066.000  9.695566e-01 
 1067.000  9.683273e-01 
 1068.000  9.639573e-01 
 1069.000  9.618260e-01 
 1070.000  9.624805e-01 
 1071.000  9.596780e-01 
 1072.000  9.568071e-01 
 1073.000  9.562483e-01 
 1074.000  9.566624e-01 
 1075.000  9.608907e-01 
 1076.000  9.582268e-01 
 1077.000  9.546592e-01 
 1078.000  9.504651e-01 
 1079.000  9.499087e-01 
 1080.000  9.387275e-01 
 1081.000  9.380854e-01 
 1082.000  9.429864e-01 
 1083.000  9.370490e-01 
 1084.000  9.305657e-01 
 1085.000  9.151673e-01 
 1086.000  9.187428e-01 
 1087.000  9.356567e-01 
 1088.000  9.363192e-01 
 1089.000  9.157023e-01 
 1090.000  9.118139e-01 
 1091.000  9.156940e-01 
 1092.000  9.054735e-01 
 1093.000  8.827791e-01 
 1094.000  8.729254e-01 
 1095.000  8.744810e-01 
 1096.000  8.758616e-01 
 1097.000  8.712835e-01 
 1098.000  8.167079e-01 
 1099.000  7.707314e-01 
 1100.000  7.737767e-01 
 1101.000  7.800340e-01 
 1102.000  7.768747e-01 
 1103.000  7.809755e-01 
 1104.000  7.732657e-01 
 1105.000  7.540371e-01 
 1106.000  7.348537e-01 
 1107.000  7.394128e-01 
 1108.000  7.426285e-01 
 1109.000  7.586756e-01 
 1110.000  7.561805e-01 
 1111.000  7.468187e-01 
 1112.000  7.065270e-01 
 1113.000  6.519149e-01 
 1114.000  6.364112e-01 
 1115.000  5.708855e-01 
 1116.000  5.312933e-01 
 1117.000  4.435062e-01 
 1118.000  3.661395e-01 
 1119.000  3.261853e-01 
 1120.000  2.789975e-01 
 1121.000  2.686751e-01 
 1122.000  2.231075e-01 
 1123.000  2.468885e-01 
 1124.000  2.633034e-01 
 1125.000  2.544449e-01 
 1126.000  2.510410e-01 
 1127.000  2.551661e-01 
 1128.000  2.631534e-01 
 1129.000  3.098325e-01 
 1130.000  4.247147e-01 
 1131.000  4.595844e-01 
 1132.000  4.117714e-01 
 1133.000  3.289470e-01 
 1134.000  1.923711e-01 
 1135.000  2.021559e-01 
 1136.000  3.414546e-01 
 1137.000  4.250879e-01 
 1138.000  5.109333e-01 
 1139.000  5.390878e-01 
 1140.000  5.223976e-01 
 1141.000  4.894133e-01 
 1142.000  4.776037e-01 
 1143.000  4.411425e-01 
 1144.000  4.012247e-01 
 1145.000  3.451963e-01 
 1146.000  3.583037e-01 
 1147.000  4.024374e-01 
 1148.000  4.427229e-01 
 1149.000  4.595888e-01 
 1150.000  4.612522e-01 
 1151.000  4.871378e-01 
 1152.000  4.998931e-01 
 1153.000  5.186229e-01 
 1154.000  5.139938e-01 
 1155.000  5.496747e-01 
 1156.000  5.898231e-01 
 1157.000  6.732262e-01 
 1158.000  7.088418e-01 
 1159.000  7.399023e-01 
 1160.000  7.529623e-01 
 1161.000  7.853935e-01 
 1162.000  8.094355e-01 
 1163.000  8.386784e-01 
 1164.000  8.454378e-01 
 1165.000  8.480181e-01 
 1166.000  8.543993e-01 
 1167.000  8.582964e-01 
 1168.000  8.568377e-01 
 1169.000  8.611259e-01 
 1170.000  8.649930e-01 
 1171.000  8.752727e-01 
 1172.000  8.692307e-01 
 1173.000  8.633076e-01 
 1174.000  8.636763e-01 
 1175.000  8.798723e-01 
 1176.000  8.948233e-01 
 1177.000  8.877726e-01 
 1178.000  8.733598e-01 
 1179.000  8.733959e-01 
 1180.000  8.682079e-01 
 1181.000  8.548259e-01 
 1182.000  8.415932e-01 
 1183.000  8.432194e-01 
 1184.000  8.508283e-01 
 1185.000  8.695092e-01 
 1186.000  8.639944e-01 
 1187.000  8.449920e-01 
 1188.000  8.407208e-01 
 1189.000  8.526061e-01 
 1190.000  8.828132e-01 
 1191.000  8.918415e-01 
 1192.000  9.048285e-01 
 1193.000  9.020383e-01 
 1194.000  9.001088e-01 
 1195.000  8.873274e-01 
 1196.000  8.890946e-01 
 1197.000  8.828725e-01 
 1198.000  8.814810e-01 
 1199.000  8.736920e-01 
 1200.000  8.781884e-01 
