  250.000  0.000000e+00 
  251.000  0.000000e+00 
  252.000  0.000000e+00 
  253.000  0.000000e+00 
  254.000  0.000000e+00 
  255.000  0.000000e+00 
  256.000  0.000000e+00 
  257.000  0.000000e+00 
  258.000  0.000000e+00 
  259.000  0.000000e+00 
  260.000  0.000000e+00 
  261.000  0.000000e+00 
  262.000  0.000000e+00 
  263.000  0.000000e+00 
  264.000  0.000000e+00 
  265.000  0.000000e+00 
  266.000  0.000000e+00 
  267.000  0.000000e+00 
  268.000  0.000000e+00 
  269.000  0.000000e+00 
  270.000  0.000000e+00 
  271.000  0.000000e+00 
  272.000  0.000000e+00 
  273.000  0.000000e+00 
  274.000  0.000000e+00 
  275.000  0.000000e+00 
  276.000  0.000000e+00 
  277.000  0.000000e+00 
  278.000  0.000000e+00 
  279.000  0.000000e+00 
  280.000  0.000000e+00 
  281.000  0.000000e+00 
  282.000  0.000000e+00 
  283.000  0.000000e+00 
  284.000  0.000000e+00 
  285.000  0.000000e+00 
  286.000  0.000000e+00 
  287.000  0.000000e+00 
  288.000  0.000000e+00 
  289.000  0.000000e+00 
  290.000  0.000000e+00 
  291.000  0.000000e+00 
  292.000  3.181428e-14 
  293.000  4.933087e-13 
  294.000  1.840399e-11 
  295.000  1.897493e-10 
  296.000  3.415135e-09 
  297.000  2.211462e-08 
  298.000  2.350549e-07 
  299.000  8.633671e-07 
  300.000  4.543661e-06 
  301.000  1.745336e-05 
  302.000  4.558531e-05 
  303.000  1.601202e-04 
  304.000  2.727679e-04 
  305.000  7.559870e-04 
  306.000  1.287877e-03 
  307.000  2.453967e-03 
  308.000  3.762233e-03 
  309.000  5.324741e-03 
  310.000  1.005246e-02 
  311.000  1.278893e-02 
  312.000  1.822653e-02 
  313.000  2.424893e-02 
  314.000  2.720026e-02 
  315.000  3.848816e-02 
  316.000  4.295643e-02 
  317.000  5.081381e-02 
  318.000  5.763293e-02 
  319.000  7.851984e-02 
  320.000  6.283841e-02 
  321.000  9.773736e-02 
  322.000  8.281130e-02 
  323.000  1.015149e-01 
  324.000  1.222967e-01 
  325.000  1.062654e-01 
  326.000  1.326208e-01 
  327.000  1.403409e-01 
  328.000  1.232292e-01 
  329.000  1.564121e-01 
  330.000  1.618181e-01 
  331.000  1.504281e-01 
  332.000  1.720299e-01 
  333.000  1.784115e-01 
  334.000  1.726665e-01 
  335.000  1.894395e-01 
  336.000  1.962861e-01 
  337.000  1.929722e-01 
  338.000  2.011462e-01 
  339.000  2.097762e-01 
  340.000  2.080016e-01 
  341.000  2.165372e-01 
  342.000  2.228163e-01 
  343.000  2.258588e-01 
  344.000  2.262322e-01 
  345.000  2.350105e-01 
  346.000  2.405318e-01 
  347.000  2.450329e-01 
  348.000  2.492762e-01 
  349.000  2.541337e-01 
  350.000  2.582811e-01 
  351.000  2.624476e-01 
  352.000  2.658393e-01 
  353.000  2.708361e-01 
  354.000  2.750866e-01 
  355.000  2.790666e-01 
  356.000  2.829807e-01 
  357.000  2.864882e-01 
  358.000  2.903202e-01 
  359.000  2.941609e-01 
  360.000  2.980793e-01 
  361.000  3.030336e-01 
  362.000  3.082174e-01 
  363.000  3.130493e-01 
  364.000  3.175446e-01 
  365.000  3.217906e-01 
  366.000  3.261796e-01 
  367.000  3.303798e-01 
  368.000  3.345684e-01 
  369.000  3.387466e-01 
  370.000  3.429074e-01 
  371.000  3.470602e-01 
  372.000  3.512032e-01 
  373.000  3.553349e-01 
  374.000  3.594253e-01 
  375.000  3.634620e-01 
  376.000  3.673891e-01 
  377.000  3.711317e-01 
  378.000  3.746406e-01 
  379.000  3.782162e-01 
  380.000  3.821403e-01 
  381.000  3.865943e-01 
  382.000  3.912252e-01 
  383.000  3.956403e-01 
  384.000  3.998615e-01 
  385.000  4.039563e-01 
  386.000  4.079696e-01 
  387.000  4.119385e-01 
  388.000  4.158759e-01 
  389.000  4.197985e-01 
  390.000  4.237066e-01 
  391.000  4.275922e-01 
  392.000  4.314652e-01 
  393.000  4.353226e-01 
  394.000  4.391602e-01 
  395.000  4.429747e-01 
  396.000  4.467795e-01 
  397.000  4.505558e-01 
  398.000  4.543124e-01 
  399.000  4.580514e-01 
  400.000  4.617541e-01 
  401.000  4.654553e-01 
  402.000  4.691404e-01 
  403.000  4.728071e-01 
  404.000  4.764546e-01 
  405.000  4.800754e-01 
  406.000  4.836845e-01 
  407.000  4.872774e-01 
  408.000  4.908513e-01 
  409.000  4.944023e-01 
  410.000  4.979315e-01 
  411.000  5.014375e-01 
  412.000  5.049178e-01 
  413.000  5.083884e-01 
  414.000  5.116047e-01 
  415.000  5.151173e-01 
  416.000  5.185974e-01 
  417.000  5.220283e-01 
  418.000  5.253864e-01 
  419.000  5.287177e-01 
  420.000  5.320286e-01 
  421.000  5.353288e-01 
  422.000  5.386173e-01 
  423.000  5.418903e-01 
  424.000  5.451331e-01 
  425.000  5.483094e-01 
  426.000  5.514634e-01 
  427.000  5.545978e-01 
  428.000  5.576820e-01 
  429.000  5.607296e-01 
  430.000  5.637497e-01 
  431.000  5.667543e-01 
  432.000  5.697349e-01 
  433.000  5.726946e-01 
  434.000  5.756361e-01 
  435.000  5.785558e-01 
  436.000  5.814496e-01 
  437.000  5.843189e-01 
  438.000  5.871623e-01 
  439.000  5.899899e-01 
  440.000  5.927793e-01 
  441.000  5.955398e-01 
  442.000  5.982636e-01 
  443.000  6.009530e-01 
  444.000  6.036067e-01 
  445.000  6.062106e-01 
  446.000  6.087502e-01 
  447.000  6.114144e-01 
  448.000  6.142672e-01 
  449.000  6.171575e-01 
  450.000  6.199999e-01 
  451.000  6.227377e-01 
  452.000  6.253854e-01 
  453.000  6.279858e-01 
  454.000  6.305453e-01 
  455.000  6.329511e-01 
  456.000  6.351555e-01 
  457.000  6.373627e-01 
  458.000  6.395437e-01 
  459.000  6.416826e-01 
  460.000  6.438074e-01 
  461.000  6.459126e-01 
  462.000  6.479815e-01 
  463.000  6.500471e-01 
  464.000  6.527969e-01 
  465.000  6.555124e-01 
  466.000  6.581871e-01 
  467.000  6.608081e-01 
  468.000  6.629259e-01 
  469.000  6.647477e-01 
  470.000  6.664329e-01 
  471.000  6.679618e-01 
  472.000  6.692629e-01 
  473.000  6.701709e-01 
  474.000  6.709272e-01 
  475.000  6.711666e-01 
  476.000  6.708828e-01 
  477.000  6.709207e-01 
  478.000  6.729714e-01 
  479.000  6.760761e-01 
  480.000  6.794301e-01 
  481.000  6.824586e-01 
  482.000  6.853417e-01 
  483.000  6.878623e-01 
  484.000  6.900424e-01 
  485.000  6.920023e-01 
  486.000  6.941271e-01 
  487.000  6.963899e-01 
  488.000  6.985866e-01 
  489.000  7.007476e-01 
  490.000  7.028866e-01 
  491.000  7.045332e-01 
  492.000  7.060311e-01 
  493.000  7.075225e-01 
  494.000  7.089739e-01 
  495.000  7.104256e-01 
  496.000  7.111048e-01 
  497.000  7.117513e-01 
  498.000  7.123874e-01 
  499.000  7.129865e-01 
  500.000  7.135752e-01 
  501.000  7.140875e-01 
  502.000  7.145996e-01 
  503.000  7.151042e-01 
  504.000  7.155830e-01 
  505.000  7.160323e-01 
  506.000  7.175918e-01 
  507.000  7.192021e-01 
  508.000  7.208109e-01 
  509.000  7.224030e-01 
  510.000  7.239639e-01 
  511.000  7.253534e-01 
  512.000  7.266930e-01 
  513.000  7.280254e-01 
  514.000  7.293425e-01 
  515.000  7.306488e-01 
  516.000  7.315511e-01 
  517.000  7.320918e-01 
  518.000  7.326166e-01 
  519.000  7.331305e-01 
  520.000  7.336388e-01 
  521.000  7.340885e-01 
  522.000  7.343916e-01 
  523.000  7.345974e-01 
  524.000  7.348112e-01 
  525.000  7.349697e-01 
  526.000  7.352103e-01 
  527.000  7.351831e-01 
  528.000  7.350458e-01 
  529.000  7.349055e-01 
  530.000  7.347772e-01 
  531.000  7.346562e-01 
  532.000  7.346545e-01 
  533.000  7.353547e-01 
  534.000  7.362385e-01 
  535.000  7.372360e-01 
  536.000  7.382003e-01 
  537.000  7.390824e-01 
  538.000  7.398704e-01 
  539.000  7.405993e-01 
  540.000  7.412827e-01 
  541.000  7.419457e-01 
  542.000  7.425796e-01 
  543.000  7.431905e-01 
  544.000  7.436333e-01 
  545.000  7.439370e-01 
  546.000  7.442247e-01 
  547.000  7.445213e-01 
  548.000  7.448007e-01 
  549.000  7.450750e-01 
  550.000  7.451650e-01 
  551.000  7.450762e-01 
  552.000  7.449936e-01 
  553.000  7.448778e-01 
  554.000  7.447465e-01 
  555.000  7.446063e-01 
  556.000  7.443982e-01 
  557.000  7.440764e-01 
  558.000  7.437363e-01 
  559.000  7.433679e-01 
  560.000  7.429306e-01 
  561.000  7.424296e-01 
  562.000  7.413135e-01 
  563.000  7.407150e-01 
  564.000  7.399297e-01 
  565.000  7.387190e-01 
  566.000  7.380501e-01 
  567.000  7.355357e-01 
  568.000  7.289550e-01 
  569.000  7.141705e-01 
  570.000  7.161867e-01 
  571.000  7.263508e-01 
  572.000  7.161076e-01 
  573.000  7.184955e-01 
  574.000  7.189924e-01 
  575.000  7.182842e-01 
  576.000  7.187972e-01 
  577.000  7.225022e-01 
  578.000  7.268460e-01 
  579.000  7.309608e-01 
  580.000  7.346264e-01 
  581.000  7.399468e-01 
  582.000  7.435778e-01 
  583.000  7.458584e-01 
  584.000  7.477928e-01 
  585.000  7.495279e-01 
  586.000  7.510227e-01 
  587.000  7.478325e-01 
  588.000  7.278598e-01 
  589.000  6.967120e-01 
  590.000  6.951823e-01 
  591.000  7.170331e-01 
  592.000  7.060250e-01 
  593.000  7.311013e-01 
  594.000  7.259966e-01 
  595.000  7.090505e-01 
  596.000  7.332425e-01 
  597.000  7.271003e-01 
  598.000  7.365989e-01 
  599.000  7.400985e-01 
  600.000  7.486946e-01 
  601.000  7.543293e-01 
  602.000  7.551284e-01 
  603.000  7.578752e-01 
  604.000  7.610312e-01 
  605.000  7.635868e-01 
  606.000  7.653291e-01 
  607.000  7.670135e-01 
  608.000  7.685622e-01 
  609.000  7.700459e-01 
  610.000  7.715771e-01 
  611.000  7.732906e-01 
  612.000  7.749740e-01 
  613.000  7.766117e-01 
  614.000  7.782078e-01 
  615.000  7.798012e-01 
  616.000  7.813440e-01 
  617.000  7.828125e-01 
  618.000  7.840554e-01 
  619.000  7.851254e-01 
  620.000  7.861282e-01 
  621.000  7.870119e-01 
  622.000  7.877765e-01 
  623.000  7.883401e-01 
  624.000  7.889280e-01 
  625.000  7.894416e-01 
  626.000  7.884404e-01 
  627.000  7.808681e-01 
  628.000  7.463843e-01 
  629.000  7.663108e-01 
  630.000  7.742671e-01 
  631.000  7.816632e-01 
  632.000  7.781830e-01 
  633.000  7.900783e-01 
  634.000  7.959039e-01 
  635.000  7.984290e-01 
  636.000  8.025870e-01 
  637.000  8.060358e-01 
  638.000  8.119598e-01 
  639.000  8.143089e-01 
  640.000  8.187600e-01 
  641.000  8.210468e-01 
  642.000  8.243008e-01 
  643.000  8.228417e-01 
  644.000  8.244081e-01 
  645.000  8.220772e-01 
  646.000  8.044717e-01 
  647.000  7.926721e-01 
  648.000  7.794719e-01 
  649.000  7.931484e-01 
  650.000  8.187684e-01 
  651.000  8.198035e-01 
  652.000  7.991641e-01 
  653.000  8.251847e-01 
  654.000  8.234796e-01 
  655.000  8.153637e-01 
  656.000  8.196006e-01 
  657.000  8.256195e-01 
  658.000  8.353289e-01 
  659.000  8.414622e-01 
  660.000  8.447481e-01 
  661.000  8.516930e-01 
  662.000  8.557136e-01 
  663.000  8.560430e-01 
  664.000  8.583714e-01 
  665.000  8.601825e-01 
  666.000  8.624694e-01 
  667.000  8.646340e-01 
  668.000  8.672450e-01 
  669.000  8.690260e-01 
  670.000  8.705686e-01 
  671.000  8.722134e-01 
  672.000  8.736514e-01 
  673.000  8.750595e-01 
  674.000  8.764542e-01 
  675.000  8.778543e-01 
  676.000  8.791609e-01 
  677.000  8.803624e-01 
  678.000  8.815700e-01 
  679.000  8.825066e-01 
  680.000  8.822659e-01 
  681.000  8.820853e-01 
  682.000  8.830148e-01 
  683.000  8.832199e-01 
  684.000  8.823262e-01 
  685.000  8.847621e-01 
  686.000  8.805453e-01 
  687.000  7.144965e-01 
  688.000  7.662802e-01 
  689.000  7.511883e-01 
  690.000  7.786965e-01 
  691.000  8.131022e-01 
  692.000  8.311393e-01 
  693.000  8.114944e-01 
  694.000  7.888637e-01 
  695.000  8.071662e-01 
  696.000  8.182968e-01 
  697.000  8.676028e-01 
  698.000  8.574726e-01 
  699.000  8.135345e-01 
  700.000  8.208889e-01 
  701.000  8.113635e-01 
  702.000  8.187431e-01 
  703.000  8.559677e-01 
  704.000  8.578664e-01 
  705.000  8.427673e-01 
  706.000  8.459802e-01 
  707.000  8.516911e-01 
  708.000  8.578761e-01 
  709.000  8.703409e-01 
  710.000  8.574780e-01 
  711.000  8.709926e-01 
  712.000  8.825908e-01 
  713.000  8.735258e-01 
  714.000  8.704849e-01 
  715.000  8.555673e-01 
  716.000  8.398398e-01 
  717.000  7.456428e-01 
  718.000  6.902604e-01 
  719.000  6.707308e-01 
  720.000  6.427259e-01 
  721.000  7.721623e-01 
  722.000  8.213050e-01 
  723.000  7.937075e-01 
  724.000  7.174457e-01 
  725.000  7.283729e-01 
  726.000  7.250609e-01 
  727.000  7.358645e-01 
  728.000  7.245148e-01 
  729.000  7.536476e-01 
  730.000  7.489777e-01 
  731.000  7.433074e-01 
  732.000  7.932382e-01 
  733.000  8.428739e-01 
  734.000  8.674933e-01 
  735.000  8.591233e-01 
  736.000  8.433552e-01 
  737.000  8.554644e-01 
  738.000  8.721854e-01 
  739.000  8.795158e-01 
  740.000  8.957379e-01 
  741.000  9.052162e-01 
  742.000  9.092700e-01 
  743.000  9.180617e-01 
  744.000  9.220967e-01 
  745.000  9.244163e-01 
  746.000  9.268844e-01 
  747.000  9.276106e-01 
  748.000  9.296975e-01 
  749.000  9.311907e-01 
  750.000  9.302807e-01 
  751.000  9.311084e-01 
  752.000  9.334326e-01 
  753.000  9.345050e-01 
  754.000  9.353315e-01 
  755.000  9.358382e-01 
  756.000  9.363742e-01 
  757.000  9.367477e-01 
  758.000  9.338921e-01 
  759.000  8.411269e-01 
  760.000  2.609474e-01 
  761.000  2.187161e-01 
  762.000  5.143592e-01 
  763.000  4.135223e-01 
  764.000  4.626401e-01 
  765.000  5.808952e-01 
  766.000  7.353885e-01 
  767.000  8.180633e-01 
  768.000  8.738150e-01 
  769.000  9.113677e-01 
  770.000  9.330546e-01 
  771.000  9.421117e-01 
  772.000  9.446132e-01 
  773.000  9.456809e-01 
  774.000  9.472950e-01 
  775.000  9.484385e-01 
  776.000  9.492776e-01 
  777.000  9.494537e-01 
  778.000  9.493117e-01 
  779.000  9.491512e-01 
  780.000  9.489883e-01 
  781.000  9.501752e-01 
  782.000  9.499737e-01 
  783.000  9.498142e-01 
  784.000  9.488654e-01 
  785.000  9.454154e-01 
  786.000  9.407433e-01 
  787.000  9.285233e-01 
  788.000  9.221212e-01 
  789.000  8.995061e-01 
  790.000  8.975661e-01 
  791.000  9.018283e-01 
  792.000  9.058139e-01 
  793.000  9.150770e-01 
  794.000  9.347849e-01 
  795.000  9.227619e-01 
  796.000  8.911086e-01 
  797.000  9.001281e-01 
  798.000  9.202102e-01 
  799.000  9.156566e-01 
  800.000  9.010973e-01 
  801.000  9.028529e-01 
  802.000  9.014142e-01 
  803.000  9.035810e-01 
  804.000  9.104983e-01 
  805.000  9.237418e-01 
  806.000  9.317192e-01 
  807.000  9.321048e-01 
  808.000  9.276149e-01 
  809.000  9.220849e-01 
  810.000  9.159976e-01 
  811.000  9.035972e-01 
  812.000  8.869669e-01 
  813.000  8.668110e-01 
  814.000  8.405709e-01 
  815.000  8.083730e-01 
  816.000  7.686384e-01 
  817.000  7.705360e-01 
  818.000  7.736947e-01 
  819.000  7.869174e-01 
  820.000  8.313065e-01 
  821.000  8.832636e-01 
  822.000  8.436553e-01 
  823.000  7.382641e-01 
  824.000  8.267424e-01 
  825.000  8.865361e-01 
  826.000  8.765894e-01 
  827.000  8.689898e-01 
  828.000  8.298191e-01 
  829.000  8.438057e-01 
  830.000  8.597265e-01 
  831.000  8.636047e-01 
  832.000  8.655685e-01 
  833.000  8.749485e-01 
  834.000  8.860750e-01 
  835.000  9.081833e-01 
  836.000  9.012235e-01 
  837.000  9.006235e-01 
  838.000  9.113991e-01 
  839.000  9.180187e-01 
  840.000  9.204395e-01 
  841.000  9.133981e-01 
  842.000  9.198146e-01 
  843.000  9.350774e-01 
  844.000  9.420912e-01 
  845.000  9.453780e-01 
  846.000  9.488388e-01 
  847.000  9.526441e-01 
  848.000  9.464317e-01 
  849.000  9.472390e-01 
  850.000  9.441769e-01 
  851.000  9.405396e-01 
  852.000  9.409242e-01 
  853.000  9.469948e-01 
  854.000  9.467102e-01 
  855.000  9.497885e-01 
  856.000  9.561709e-01 
  857.000  9.581830e-01 
  858.000  9.593880e-01 
  859.000  9.623677e-01 
  860.000  9.640456e-01 
  861.000  9.643764e-01 
  862.000  9.655948e-01 
  863.000  9.657374e-01 
  864.000  9.665679e-01 
  865.000  9.672439e-01 
  866.000  9.674098e-01 
  867.000  9.672673e-01 
  868.000  9.673582e-01 
  869.000  9.675702e-01 
  870.000  9.673844e-01 
  871.000  9.675841e-01 
  872.000  9.680972e-01 
  873.000  9.675503e-01 
  874.000  9.672464e-01 
  875.000  9.671613e-01 
  876.000  9.662207e-01 
  877.000  9.662002e-01 
  878.000  9.640424e-01 
  879.000  9.642724e-01 
  880.000  9.623476e-01 
  881.000  9.617202e-01 
  882.000  9.607524e-01 
  883.000  9.617338e-01 
  884.000  9.621314e-01 
  885.000  9.595383e-01 
  886.000  9.548782e-01 
  887.000  9.584965e-01 
  888.000  9.582846e-01 
  889.000  9.593355e-01 
  890.000  9.565265e-01 
  891.000  9.507684e-01 
  892.000  9.386437e-01 
  893.000  9.025744e-01 
  894.000  8.845713e-01 
  895.000  8.318611e-01 
  896.000  7.854537e-01 
  897.000  7.376621e-01 
  898.000  7.157712e-01 
  899.000  6.575057e-01 
  900.000  6.653226e-01 
  901.000  6.506997e-01 
  902.000  6.540228e-01 
  903.000  7.527919e-01 
  904.000  8.167148e-01 
  905.000  8.148289e-01 
  906.000  7.748039e-01 
  907.000  7.064484e-01 
  908.000  6.630484e-01 
  909.000  6.645885e-01 
  910.000  6.709271e-01 
  911.000  6.995736e-01 
  912.000  6.857170e-01 
  913.000  6.270117e-01 
  914.000  6.558423e-01 
  915.000  6.792625e-01 
  916.000  6.859168e-01 
  917.000  6.991387e-01 
  918.000  7.162848e-01 
  919.000  7.752345e-01 
  920.000  8.217044e-01 
  921.000  8.118179e-01 
  922.000  8.110702e-01 
  923.000  7.981930e-01 
  924.000  7.675648e-01 
  925.000  7.643480e-01 
  926.000  7.617498e-01 
  927.000  7.253125e-01 
  928.000  6.711401e-01 
  929.000  5.969154e-01 
  930.000  5.093797e-01 
  931.000  4.205164e-01 
  932.000  3.144175e-01 
  933.000  2.485845e-01 
  934.000  1.905796e-01 
  935.000  1.841816e-01 
  936.000  2.046219e-01 
  937.000  2.000624e-01 
  938.000  2.681092e-01 
  939.000  4.859089e-01 
  940.000  5.248997e-01 
  941.000  4.932413e-01 
  942.000  4.179175e-01 
  943.000  3.061126e-01 
  944.000  2.983316e-01 
  945.000  3.351767e-01 
  946.000  3.381551e-01 
  947.000  3.753587e-01 
  948.000  3.979271e-01 
  949.000  3.961180e-01 
  950.000  4.023112e-01 
  951.000  4.545327e-01 
  952.000  4.009533e-01 
  953.000  4.404922e-01 
  954.000  4.852033e-01 
  955.000  4.514727e-01 
  956.000  4.460899e-01 
  957.000  5.617822e-01 
  958.000  5.791730e-01 
  959.000  5.602469e-01 
  960.000  5.554429e-01 
  961.000  5.462441e-01 
  962.000  5.561331e-01 
  963.000  6.250108e-01 
  964.000  6.358348e-01 
  965.000  6.298985e-01 
  966.000  6.345710e-01 
  967.000  6.869078e-01 
  968.000  7.785907e-01 
  969.000  8.221815e-01 
  970.000  8.249373e-01 
  971.000  8.240221e-01 
  972.000  8.116038e-01 
  973.000  7.834092e-01 
  974.000  7.499137e-01 
  975.000  7.288310e-01 
  976.000  7.547588e-01 
  977.000  7.986439e-01 
  978.000  7.954307e-01 
  979.000  8.074201e-01 
  980.000  8.539048e-01 
  981.000  8.646249e-01 
  982.000  8.545687e-01 
  983.000  8.791016e-01 
  984.000  9.046237e-01 
  985.000  9.193440e-01 
  986.000  9.384461e-01 
  987.000  9.468806e-01 
  988.000  9.489111e-01 
  989.000  9.502237e-01 
  990.000  9.523047e-01 
  991.000  9.594900e-01 
  992.000  9.615446e-01 
  993.000  9.623244e-01 
  994.000  9.688012e-01 
  995.000  9.723837e-01 
  996.000  9.723415e-01 
  997.000  9.703959e-01 
  998.000  9.671194e-01 
  999.000  9.659137e-01 
 1000.000  9.668838e-01 
 1001.000  9.600377e-01 
 1002.000  9.491329e-01 
 1003.000  9.517151e-01 
 1004.000  9.579833e-01 
 1005.000  9.608538e-01 
 1006.000  9.617630e-01 
 1007.000  9.596649e-01 
 1008.000  9.507798e-01 
 1009.000  9.389603e-01 
 1010.000  9.442220e-01 
 1011.000  9.568210e-01 
 1012.000  9.616491e-01 
 1013.000  9.654584e-01 
 1014.000  9.670631e-01 
 1015.000  9.673719e-01 
 1016.000  9.690955e-01 
 1017.000  9.700940e-01 
 1018.000  9.679350e-01 
 1019.000  9.635265e-01 
 1020.000  9.650671e-01 
 1021.000  9.682387e-01 
 1022.000  9.628906e-01 
 1023.000  9.584301e-01 
 1024.000  9.557598e-01 
 1025.000  9.639251e-01 
 1026.000  9.675360e-01 
 1027.000  9.660002e-01 
 1028.000  9.672596e-01 
 1029.000  9.708645e-01 
 1030.000  9.734228e-01 
 1031.000  9.750253e-01 
 1032.000  9.762931e-01 
 1033.000  9.767478e-01 
 1034.000  9.771806e-01 
 1035.000  9.777789e-01 
 1036.000  9.775834e-01 
 1037.000  9.778084e-01 
 1038.000  9.781973e-01 
 1039.000  9.775559e-01 
 1040.000  9.770307e-01 
 1041.000  9.766293e-01 
 1042.000  9.765509e-01 
 1043.000  9.765971e-01 
 1044.000  9.762656e-01 
 1045.000  9.750602e-01 
 1046.000  9.742752e-01 
 1047.000  9.733659e-01 
 1048.000  9.723154e-01 
 1049.000  9.713321e-01 
 1050.000  9.703218e-01 
 1051.000  9.688162e-01 
 1052.000  9.677453e-01 
 1053.000  9.674223e-01 
 1054.000  9.660045e-01 
 1055.000  9.643323e-01 
 1056.000  9.629632e-01 
 1057.000  9.597781e-01 
 1058.000  9.545064e-01 
 1059.000  9.543489e-01 
 1060.000  9.570023e-01 
 1061.000  9.562153e-01 
 1062.000  9.526895e-01 
 1063.000  9.515467e-01 
 1064.000  9.486867e-01 
 1065.000  9.461479e-01 
 1066.000  9.464441e-01 
 1067.000  9.446824e-01 
 1068.000  9.380410e-01 
 1069.000  9.347709e-01 
 1070.000  9.358677e-01 
 1071.000  9.316396e-01 
 1072.000  9.273323e-01 
 1073.000  9.265867e-01 
 1074.000  9.273698e-01 
 1075.000  9.340141e-01 
 1076.000  9.300025e-01 
 1077.000  9.245934e-01 
 1078.000  9.182150e-01 
 1079.000  9.174289e-01 
 1080.000  9.003617e-01 
 1081.000  8.994468e-01 
 1082.000  9.069694e-01 
 1083.000  8.978879e-01 
 1084.000  8.880287e-01 
 1085.000  8.648249e-01 
 1086.000  8.701673e-01 
 1087.000  8.956943e-01 
 1088.000  8.967715e-01 
 1089.000  8.655303e-01 
 1090.000  8.596255e-01 
 1091.000  8.653558e-01 
 1092.000  8.499346e-01 
 1093.000  8.162113e-01 
 1094.000  8.017492e-01 
 1095.000  8.038875e-01 
 1096.000  8.055851e-01 
 1097.000  7.985929e-01 
 1098.000  7.203080e-01 
 1099.000  6.566876e-01 
 1100.000  6.606734e-01 
 1101.000  6.689751e-01 
 1102.000  6.642924e-01 
 1103.000  6.694773e-01 
 1104.000  6.585813e-01 
 1105.000  6.322747e-01 
 1106.000  6.069413e-01 
 1107.000  6.121877e-01 
 1108.000  6.153568e-01 
 1109.000  6.351238e-01 
 1110.000  6.298359e-01 
 1111.000  6.164293e-01 
 1112.000  5.629841e-01 
 1113.000  4.922741e-01 
 1114.000  4.698426e-01 
 1115.000  3.909686e-01 
 1116.000  3.465142e-01 
 1117.000  2.583448e-01 
 1118.000  1.876578e-01 
 1119.000  1.534978e-01 
 1120.000  1.179836e-01 
 1121.000  1.104688e-01 
 1122.000  8.168890e-02 
 1123.000  9.512990e-02 
 1124.000  1.049324e-01 
 1125.000  9.930211e-02 
 1126.000  9.735578e-02 
 1127.000  1.004120e-01 
 1128.000  1.063110e-01 
 1129.000  1.386955e-01 
 1130.000  2.288271e-01 
 1131.000  2.594040e-01 
 1132.000  2.171930e-01 
 1133.000  1.526750e-01 
 1134.000  6.550184e-02 
 1135.000  7.101747e-02 
 1136.000  1.634795e-01 
 1137.000  2.320710e-01 
 1138.000  3.134609e-01 
 1139.000  3.457671e-01 
 1140.000  3.289453e-01 
 1141.000  2.980738e-01 
 1142.000  2.864566e-01 
 1143.000  2.519639e-01 
 1144.000  2.167458e-01 
 1145.000  1.705367e-01 
 1146.000  1.810960e-01 
 1147.000  2.181411e-01 
 1148.000  2.542461e-01 
 1149.000  2.707506e-01 
 1150.000  2.743364e-01 
 1151.000  3.014487e-01 
 1152.000  3.152170e-01 
 1153.000  3.353347e-01 
 1154.000  3.328888e-01 
 1155.000  3.727236e-01 
 1156.000  4.181148e-01 
 1157.000  5.174147e-01 
 1158.000  5.646819e-01 
 1159.000  6.076608e-01 
 1160.000  6.264894e-01 
 1161.000  6.710817e-01 
 1162.000  7.062094e-01 
 1163.000  7.489750e-01 
 1164.000  7.585919e-01 
 1165.000  7.637283e-01 
 1166.000  7.739343e-01 
 1167.000  7.802286e-01 
 1168.000  7.781286e-01 
 1169.000  7.847483e-01 
 1170.000  7.906180e-01 
 1171.000  8.057815e-01 
 1172.000  7.969697e-01 
 1173.000  7.884698e-01 
 1174.000  7.890233e-01 
 1175.000  8.126443e-01 
 1176.000  8.346651e-01 
 1177.000  8.241765e-01 
 1178.000  8.029483e-01 
 1179.000  8.030046e-01 
 1180.000  7.953681e-01 
 1181.000  7.759485e-01 
 1182.000  7.569629e-01 
 1183.000  7.592942e-01 
 1184.000  7.701810e-01 
 1185.000  7.972631e-01 
 1186.000  7.892509e-01 
 1187.000  7.620150e-01 
 1188.000  7.560672e-01 
 1189.000  7.732030e-01 
 1190.000  8.172107e-01 
 1191.000  8.306298e-01 
 1192.000  8.500680e-01 
 1193.000  8.459111e-01 
 1194.000  8.431399e-01 
 1195.000  8.242151e-01 
 1196.000  8.268262e-01 
 1197.000  8.176370e-01 
 1198.000  8.155585e-01 
 1199.000  8.041265e-01 
 1200.000  8.106690e-01 
