  250.000  0.000000e+00 
  251.000  0.000000e+00 
  252.000  0.000000e+00 
  253.000  0.000000e+00 
  254.000  0.000000e+00 
  255.000  0.000000e+00 
  256.000  0.000000e+00 
  257.000  0.000000e+00 
  258.000  0.000000e+00 
  259.000  0.000000e+00 
  260.000  0.000000e+00 
  261.000  0.000000e+00 
  262.000  0.000000e+00 
  263.000  0.000000e+00 
  264.000  0.000000e+00 
  265.000  0.000000e+00 
  266.000  0.000000e+00 
  267.000  0.000000e+00 
  268.000  0.000000e+00 
  269.000  0.000000e+00 
  270.000  0.000000e+00 
  271.000  0.000000e+00 
  272.000  0.000000e+00 
  273.000  0.000000e+00 
  274.000  0.000000e+00 
  275.000  0.000000e+00 
  276.000  0.000000e+00 
  277.000  0.000000e+00 
  278.000  0.000000e+00 
  279.000  0.000000e+00 
  280.000  0.000000e+00 
  281.000  0.000000e+00 
  282.000  0.000000e+00 
  283.000  0.000000e+00 
  284.000  0.000000e+00 
  285.000  0.000000e+00 
  286.000  0.000000e+00 
  287.000  0.000000e+00 
  288.000  0.000000e+00 
  289.000  0.000000e+00 
  290.000  0.000000e+00 
  291.000  0.000000e+00 
  292.000  2.829174e-09 
  293.000  1.605614e-08 
  294.000  1.588950e-07 
  295.000  6.963808e-07 
  296.000  4.343346e-06 
  297.000  1.417848e-05 
  298.000  6.334905e-05 
  299.000  1.444076e-04 
  300.000  4.133869e-04 
  301.000  9.694446e-04 
  302.000  1.780692e-03 
  303.000  3.945925e-03 
  304.000  5.529283e-03 
  305.000  1.054530e-02 
  306.000  1.477702e-02 
  307.000  2.222883e-02 
  308.000  2.913726e-02 
  309.000  3.630687e-02 
  310.000  5.429657e-02 
  311.000  6.324044e-02 
  312.000  7.914905e-02 
  313.000  9.483569e-02 
  314.000  1.019912e-01 
  315.000  1.270692e-01 
  316.000  1.362232e-01 
  317.000  1.515148e-01 
  318.000  1.640935e-01 
  319.000  1.995968e-01 
  320.000  1.733309e-01 
  321.000  2.292829e-01 
  322.000  2.064382e-01 
  323.000  2.348563e-01 
  324.000  2.642587e-01 
  325.000  2.417583e-01 
  326.000  2.781766e-01 
  327.000  2.883256e-01 
  328.000  2.655330e-01 
  329.000  3.088193e-01 
  330.000  3.155371e-01 
  331.000  3.012832e-01 
  332.000  3.280065e-01 
  333.000  3.356612e-01 
  334.000  3.287748e-01 
  335.000  3.486567e-01 
  336.000  3.565852e-01 
  337.000  3.527605e-01 
  338.000  3.621519e-01 
  339.000  3.719166e-01 
  340.000  3.699209e-01 
  341.000  3.794639e-01 
  342.000  3.863963e-01 
  343.000  3.897296e-01 
  344.000  3.901375e-01 
  345.000  3.996580e-01 
  346.000  4.055794e-01 
  347.000  4.103698e-01 
  348.000  4.148564e-01 
  349.000  4.199582e-01 
  350.000  4.242859e-01 
  351.000  4.286080e-01 
  352.000  4.321078e-01 
  353.000  4.372341e-01 
  354.000  4.415676e-01 
  355.000  4.456032e-01 
  356.000  4.495513e-01 
  357.000  4.530723e-01 
  358.000  4.569011e-01 
  359.000  4.607200e-01 
  360.000  4.645975e-01 
  361.000  4.694732e-01 
  362.000  4.745437e-01 
  363.000  4.792418e-01 
  364.000  4.835889e-01 
  365.000  4.876741e-01 
  366.000  4.918764e-01 
  367.000  4.958784e-01 
  368.000  4.998508e-01 
  369.000  5.037953e-01 
  370.000  5.077056e-01 
  371.000  5.115911e-01 
  372.000  5.154506e-01 
  373.000  5.192828e-01 
  374.000  5.230607e-01 
  375.000  5.267736e-01 
  376.000  5.303712e-01 
  377.000  5.337867e-01 
  378.000  5.369774e-01 
  379.000  5.402175e-01 
  380.000  5.437607e-01 
  381.000  5.477660e-01 
  382.000  5.519125e-01 
  383.000  5.558492e-01 
  384.000  5.595979e-01 
  385.000  5.632204e-01 
  386.000  5.667579e-01 
  387.000  5.702437e-01 
  388.000  5.736896e-01 
  389.000  5.771107e-01 
  390.000  5.805076e-01 
  391.000  5.838735e-01 
  392.000  5.872175e-01 
  393.000  5.905369e-01 
  394.000  5.938287e-01 
  395.000  5.970902e-01 
  396.000  6.003332e-01 
  397.000  6.035419e-01 
  398.000  6.067240e-01 
  399.000  6.098818e-01 
  400.000  6.129995e-01 
  401.000  6.161068e-01 
  402.000  6.191916e-01 
  403.000  6.222523e-01 
  404.000  6.252882e-01 
  405.000  6.282936e-01 
  406.000  6.312809e-01 
  407.000  6.342468e-01 
  408.000  6.371890e-01 
  409.000  6.401047e-01 
  410.000  6.429948e-01 
  411.000  6.458584e-01 
  412.000  6.486937e-01 
  413.000  6.515142e-01 
  414.000  6.541216e-01 
  415.000  6.569625e-01 
  416.000  6.597700e-01 
  417.000  6.625310e-01 
  418.000  6.652271e-01 
  419.000  6.678954e-01 
  420.000  6.705412e-01 
  421.000  6.731725e-01 
  422.000  6.757885e-01 
  423.000  6.783864e-01 
  424.000  6.809548e-01 
  425.000  6.834649e-01 
  426.000  6.859522e-01 
  427.000  6.884189e-01 
  428.000  6.908411e-01 
  429.000  6.932297e-01 
  430.000  6.955921e-01 
  431.000  6.979377e-01 
  432.000  7.002602e-01 
  433.000  7.025619e-01 
  434.000  7.048451e-01 
  435.000  7.071072e-01 
  436.000  7.093452e-01 
  437.000  7.115602e-01 
  438.000  7.137511e-01 
  439.000  7.159262e-01 
  440.000  7.180679e-01 
  441.000  7.201840e-01 
  442.000  7.222683e-01 
  443.000  7.243230e-01 
  444.000  7.263471e-01 
  445.000  7.283300e-01 
  446.000  7.302610e-01 
  447.000  7.322835e-01 
  448.000  7.344456e-01 
  449.000  7.366324e-01 
  450.000  7.387792e-01 
  451.000  7.408437e-01 
  452.000  7.428371e-01 
  453.000  7.447917e-01 
  454.000  7.467129e-01 
  455.000  7.485160e-01 
  456.000  7.501659e-01 
  457.000  7.518159e-01 
  458.000  7.534442e-01 
  459.000  7.550391e-01 
  460.000  7.566216e-01 
  461.000  7.581876e-01 
  462.000  7.597248e-01 
  463.000  7.612576e-01 
  464.000  7.632956e-01 
  465.000  7.653050e-01 
  466.000  7.672812e-01 
  467.000  7.692149e-01 
  468.000  7.707753e-01 
  469.000  7.721161e-01 
  470.000  7.733553e-01 
  471.000  7.744784e-01 
  472.000  7.754335e-01 
  473.000  7.760997e-01 
  474.000  7.766542e-01 
  475.000  7.768298e-01 
  476.000  7.766218e-01 
  477.000  7.766495e-01 
  478.000  7.781521e-01 
  479.000  7.804238e-01 
  480.000  7.828737e-01 
  481.000  7.850819e-01 
  482.000  7.871808e-01 
  483.000  7.890131e-01 
  484.000  7.905961e-01 
  485.000  7.920174e-01 
  486.000  7.935568e-01 
  487.000  7.951941e-01 
  488.000  7.967820e-01 
  489.000  7.983420e-01 
  490.000  7.998846e-01 
  491.000  8.010709e-01 
  492.000  8.021491e-01 
  493.000  8.032218e-01 
  494.000  8.042650e-01 
  495.000  8.053075e-01 
  496.000  8.057950e-01 
  497.000  8.062590e-01 
  498.000  8.067153e-01 
  499.000  8.071449e-01 
  500.000  8.075669e-01 
  501.000  8.079340e-01 
  502.000  8.083010e-01 
  503.000  8.086624e-01 
  504.000  8.090053e-01 
  505.000  8.093269e-01 
  506.000  8.104427e-01 
  507.000  8.115942e-01 
  508.000  8.127435e-01 
  509.000  8.138800e-01 
  510.000  8.149933e-01 
  511.000  8.159836e-01 
  512.000  8.169377e-01 
  513.000  8.178861e-01 
  514.000  8.188229e-01 
  515.000  8.197513e-01 
  516.000  8.203924e-01 
  517.000  8.207764e-01 
  518.000  8.211489e-01 
  519.000  8.215137e-01 
  520.000  8.218744e-01 
  521.000  8.221933e-01 
  522.000  8.224084e-01 
  523.000  8.225544e-01 
  524.000  8.227060e-01 
  525.000  8.228184e-01 
  526.000  8.229889e-01 
  527.000  8.229696e-01 
  528.000  8.228723e-01 
  529.000  8.227729e-01 
  530.000  8.226818e-01 
  531.000  8.225961e-01 
  532.000  8.225949e-01 
  533.000  8.230913e-01 
  534.000  8.237177e-01 
  535.000  8.244243e-01 
  536.000  8.251071e-01 
  537.000  8.257313e-01 
  538.000  8.262889e-01 
  539.000  8.268043e-01 
  540.000  8.272874e-01 
  541.000  8.277560e-01 
  542.000  8.282038e-01 
  543.000  8.286353e-01 
  544.000  8.289480e-01 
  545.000  8.291624e-01 
  546.000  8.293654e-01 
  547.000  8.295748e-01 
  548.000  8.297719e-01 
  549.000  8.299654e-01 
  550.000  8.300289e-01 
  551.000  8.299663e-01 
  552.000  8.299080e-01 
  553.000  8.298262e-01 
  554.000  8.297336e-01 
  555.000  8.296347e-01 
  556.000  8.294879e-01 
  557.000  8.292608e-01 
  558.000  8.290207e-01 
  559.000  8.287607e-01 
  560.000  8.284525e-01 
  561.000  8.280998e-01 
  562.000  8.274660e-01 
  563.000  8.270562e-01 
  564.000  8.265395e-01 
  565.000  8.257934e-01 
  566.000  8.252490e-01 
  567.000  8.237211e-01 
  568.000  8.198284e-01 
  569.000  8.121899e-01 
  570.000  8.130285e-01 
  571.000  8.178436e-01 
  572.000  8.124946e-01 
  573.000  8.134947e-01 
  574.000  8.135604e-01 
  575.000  8.130813e-01 
  576.000  8.134292e-01 
  577.000  8.152583e-01 
  578.000  8.180511e-01 
  579.000  8.206587e-01 
  580.000  8.232957e-01 
  581.000  8.268595e-01 
  582.000  8.294435e-01 
  583.000  8.312597e-01 
  584.000  8.328012e-01 
  585.000  8.341532e-01 
  586.000  8.353575e-01 
  587.000  8.340952e-01 
  588.000  8.242052e-01 
  589.000  8.081061e-01 
  590.000  8.074830e-01 
  591.000  8.192074e-01 
  592.000  8.135545e-01 
  593.000  8.268397e-01 
  594.000  8.243300e-01 
  595.000  8.155641e-01 
  596.000  8.280824e-01 
  597.000  8.246846e-01 
  598.000  8.294128e-01 
  599.000  8.310080e-01 
  600.000  8.352150e-01 
  601.000  8.376665e-01 
  602.000  8.381430e-01 
  603.000  8.395313e-01 
  604.000  8.416079e-01 
  605.000  8.431251e-01 
  606.000  8.442709e-01 
  607.000  8.453816e-01 
  608.000  8.464502e-01 
  609.000  8.474770e-01 
  610.000  8.485429e-01 
  611.000  8.497358e-01 
  612.000  8.509067e-01 
  613.000  8.520451e-01 
  614.000  8.531537e-01 
  615.000  8.542596e-01 
  616.000  8.553296e-01 
  617.000  8.563473e-01 
  618.000  8.572082e-01 
  619.000  8.579490e-01 
  620.000  8.586428e-01 
  621.000  8.592540e-01 
  622.000  8.597827e-01 
  623.000  8.601723e-01 
  624.000  8.605795e-01 
  625.000  8.609371e-01 
  626.000  8.606511e-01 
  627.000  8.560799e-01 
  628.000  8.263297e-01 
  629.000  8.450219e-01 
  630.000  8.490694e-01 
  631.000  8.550844e-01 
  632.000  8.551599e-01 
  633.000  8.621686e-01 
  634.000  8.661585e-01 
  635.000  8.682690e-01 
  636.000  8.710639e-01 
  637.000  8.734264e-01 
  638.000  8.772493e-01 
  639.000  8.789920e-01 
  640.000  8.817253e-01 
  641.000  8.834081e-01 
  642.000  8.854312e-01 
  643.000  8.851166e-01 
  644.000  8.862814e-01 
  645.000  8.854346e-01 
  646.000  8.769978e-01 
  647.000  8.713914e-01 
  648.000  8.649868e-01 
  649.000  8.722793e-01 
  650.000  8.854632e-01 
  651.000  8.862409e-01 
  652.000  8.760985e-01 
  653.000  8.894392e-01 
  654.000  8.888335e-01 
  655.000  8.850277e-01 
  656.000  8.874035e-01 
  657.000  8.906328e-01 
  658.000  8.956949e-01 
  659.000  8.989715e-01 
  660.000  9.008400e-01 
  661.000  9.045569e-01 
  662.000  9.067861e-01 
  663.000  9.072117e-01 
  664.000  9.085897e-01 
  665.000  9.097139e-01 
  666.000  9.111976e-01 
  667.000  9.124848e-01 
  668.000  9.139287e-01 
  669.000  9.150263e-01 
  670.000  9.160235e-01 
  671.000  9.170613e-01 
  672.000  9.180120e-01 
  673.000  9.189486e-01 
  674.000  9.198781e-01 
  675.000  9.208083e-01 
  676.000  9.216844e-01 
  677.000  9.224876e-01 
  678.000  9.232922e-01 
  679.000  9.239802e-01 
  680.000  9.241664e-01 
  681.000  9.241637e-01 
  682.000  9.247087e-01 
  683.000  9.251384e-01 
  684.000  9.248583e-01 
  685.000  9.262624e-01 
  686.000  9.223493e-01 
  687.000  7.840217e-01 
  688.000  8.271963e-01 
  689.000  8.151065e-01 
  690.000  8.377236e-01 
  691.000  8.679352e-01 
  692.000  8.870117e-01 
  693.000  8.830882e-01 
  694.000  8.750015e-01 
  695.000  8.865061e-01 
  696.000  8.931481e-01 
  697.000  9.193614e-01 
  698.000  9.143303e-01 
  699.000  8.913861e-01 
  700.000  8.954699e-01 
  701.000  8.905141e-01 
  702.000  8.945439e-01 
  703.000  9.142026e-01 
  704.000  9.152674e-01 
  705.000  9.074470e-01 
  706.000  9.091976e-01 
  707.000  9.122547e-01 
  708.000  9.155439e-01 
  709.000  9.220804e-01 
  710.000  9.155024e-01 
  711.000  9.225923e-01 
  712.000  9.286569e-01 
  713.000  9.241189e-01 
  714.000  9.227123e-01 
  715.000  9.152340e-01 
  716.000  9.074735e-01 
  717.000  8.570491e-01 
  718.000  8.261178e-01 
  719.000  8.151017e-01 
  720.000  7.983055e-01 
  721.000  8.726075e-01 
  722.000  8.991589e-01 
  723.000  8.844219e-01 
  724.000  8.422225e-01 
  725.000  8.486487e-01 
  726.000  8.467588e-01 
  727.000  8.528598e-01 
  728.000  8.464044e-01 
  729.000  8.627371e-01 
  730.000  8.599960e-01 
  731.000  8.566648e-01 
  732.000  8.841775e-01 
  733.000  9.105294e-01 
  734.000  9.232628e-01 
  735.000  9.188945e-01 
  736.000  9.106479e-01 
  737.000  9.169973e-01 
  738.000  9.256966e-01 
  739.000  9.294810e-01 
  740.000  9.377901e-01 
  741.000  9.426209e-01 
  742.000  9.446903e-01 
  743.000  9.491574e-01 
  744.000  9.509099e-01 
  745.000  9.525043e-01 
  746.000  9.537915e-01 
  747.000  9.542188e-01 
  748.000  9.554735e-01 
  749.000  9.562192e-01 
  750.000  9.559201e-01 
  751.000  9.562528e-01 
  752.000  9.575180e-01 
  753.000  9.580852e-01 
  754.000  9.585494e-01 
  755.000  9.588799e-01 
  756.000  9.592221e-01 
  757.000  9.594644e-01 
  758.000  9.574769e-01 
  759.000  8.824620e-01 
  760.000  3.561184e-01 
  761.000  3.105385e-01 
  762.000  6.025559e-01 
  763.000  5.087325e-01 
  764.000  5.549397e-01 
  765.000  6.619743e-01 
  766.000  7.947048e-01 
  767.000  8.630583e-01 
  768.000  9.082420e-01 
  769.000  9.382797e-01 
  770.000  9.548759e-01 
  771.000  9.623784e-01 
  772.000  9.642485e-01 
  773.000  9.651741e-01 
  774.000  9.663669e-01 
  775.000  9.670995e-01 
  776.000  9.676211e-01 
  777.000  9.677967e-01 
  778.000  9.678134e-01 
  779.000  9.678073e-01 
  780.000  9.677947e-01 
  781.000  9.683504e-01 
  782.000  9.683217e-01 
  783.000  9.683102e-01 
  784.000  9.679278e-01 
  785.000  9.660873e-01 
  786.000  9.636481e-01 
  787.000  9.574239e-01 
  788.000  9.541778e-01 
  789.000  9.424523e-01 
  790.000  9.414910e-01 
  791.000  9.437642e-01 
  792.000  9.458674e-01 
  793.000  9.507076e-01 
  794.000  9.609244e-01 
  795.000  9.547552e-01 
  796.000  9.382536e-01 
  797.000  9.430297e-01 
  798.000  9.535300e-01 
  799.000  9.511883e-01 
  800.000  9.436219e-01 
  801.000  9.445725e-01 
  802.000  9.438468e-01 
  803.000  9.450030e-01 
  804.000  9.486229e-01 
  805.000  9.555212e-01 
  806.000  9.596562e-01 
  807.000  9.598801e-01 
  808.000  9.576014e-01 
  809.000  9.547925e-01 
  810.000  9.517124e-01 
  811.000  9.453476e-01 
  812.000  9.367713e-01 
  813.000  9.262607e-01 
  814.000  9.123860e-01 
  815.000  8.951358e-01 
  816.000  8.729991e-01 
  817.000  8.742734e-01 
  818.000  8.761150e-01 
  819.000  8.834488e-01 
  820.000  9.079127e-01 
  821.000  9.358793e-01 
  822.000  9.146661e-01 
  823.000  8.555452e-01 
  824.000  9.054149e-01 
  825.000  9.375712e-01 
  826.000  9.321116e-01 
  827.000  9.280837e-01 
  828.000  9.069648e-01 
  829.000  9.146135e-01 
  830.000  9.231816e-01 
  831.000  9.252176e-01 
  832.000  9.261252e-01 
  833.000  9.310794e-01 
  834.000  9.369083e-01 
  835.000  9.484473e-01 
  836.000  9.447751e-01 
  837.000  9.444129e-01 
  838.000  9.500504e-01 
  839.000  9.534833e-01 
  840.000  9.547518e-01 
  841.000  9.510931e-01 
  842.000  9.544380e-01 
  843.000  9.623410e-01 
  844.000  9.659430e-01 
  845.000  9.676390e-01 
  846.000  9.694209e-01 
  847.000  9.713835e-01 
  848.000  9.682308e-01 
  849.000  9.686717e-01 
  850.000  9.671299e-01 
  851.000  9.652859e-01 
  852.000  9.655048e-01 
  853.000  9.686368e-01 
  854.000  9.684998e-01 
  855.000  9.700893e-01 
  856.000  9.729502e-01 
  857.000  9.744560e-01 
  858.000  9.751199e-01 
  859.000  9.766821e-01 
  860.000  9.776443e-01 
  861.000  9.778163e-01 
  862.000  9.783599e-01 
  863.000  9.784532e-01 
  864.000  9.788343e-01 
  865.000  9.791506e-01 
  866.000  9.792534e-01 
  867.000  9.792248e-01 
  868.000  9.792956e-01 
  869.000  9.794178e-01 
  870.000  9.793705e-01 
  871.000  9.794871e-01 
  872.000  9.797369e-01 
  873.000  9.795359e-01 
  874.000  9.794379e-01 
  875.000  9.794335e-01 
  876.000  9.790646e-01 
  877.000  9.788889e-01 
  878.000  9.778416e-01 
  879.000  9.777892e-01 
  880.000  9.769834e-01 
  881.000  9.766346e-01 
  882.000  9.761599e-01 
  883.000  9.766844e-01 
  884.000  9.769109e-01 
  885.000  9.752003e-01 
  886.000  9.731005e-01 
  887.000  9.746678e-01 
  888.000  9.745771e-01 
  889.000  9.752231e-01 
  890.000  9.737339e-01 
  891.000  9.712172e-01 
  892.000  9.650215e-01 
  893.000  9.461383e-01 
  894.000  9.367462e-01 
  895.000  9.080517e-01 
  896.000  8.823559e-01 
  897.000  8.552946e-01 
  898.000  8.426595e-01 
  899.000  8.070204e-01 
  900.000  8.121769e-01 
  901.000  8.029333e-01 
  902.000  8.046649e-01 
  903.000  8.646219e-01 
  904.000  9.013171e-01 
  905.000  9.000101e-01 
  906.000  8.770952e-01 
  907.000  8.366306e-01 
  908.000  8.100146e-01 
  909.000  8.111585e-01 
  910.000  8.151837e-01 
  911.000  8.328817e-01 
  912.000  8.243371e-01 
  913.000  7.872087e-01 
  914.000  8.055810e-01 
  915.000  8.200771e-01 
  916.000  8.240230e-01 
  917.000  8.319137e-01 
  918.000  8.421121e-01 
  919.000  8.767877e-01 
  920.000  9.030344e-01 
  921.000  8.972796e-01 
  922.000  8.968066e-01 
  923.000  8.895060e-01 
  924.000  8.719449e-01 
  925.000  8.704894e-01 
  926.000  8.700414e-01 
  927.000  8.495257e-01 
  928.000  8.180060e-01 
  929.000  7.726033e-01 
  930.000  7.150673e-01 
  931.000  6.510572e-01 
  932.000  5.676968e-01 
  933.000  5.060302e-01 
  934.000  4.431403e-01 
  935.000  4.364414e-01 
  936.000  4.612119e-01 
  937.000  4.549455e-01 
  938.000  5.251459e-01 
  939.000  7.087764e-01 
  940.000  7.362914e-01 
  941.000  7.126151e-01 
  942.000  6.545995e-01 
  943.000  5.584747e-01 
  944.000  5.517660e-01 
  945.000  5.862431e-01 
  946.000  5.882026e-01 
  947.000  6.190995e-01 
  948.000  6.372392e-01 
  949.000  6.349051e-01 
  950.000  6.395643e-01 
  951.000  6.801861e-01 
  952.000  6.368455e-01 
  953.000  6.672977e-01 
  954.000  7.000053e-01 
  955.000  6.735677e-01 
  956.000  6.676952e-01 
  957.000  7.504296e-01 
  958.000  7.611868e-01 
  959.000  7.474505e-01 
  960.000  7.434792e-01 
  961.000  7.366029e-01 
  962.000  7.429127e-01 
  963.000  7.883822e-01 
  964.000  7.949333e-01 
  965.000  7.906126e-01 
  966.000  7.931031e-01 
  967.000  8.255783e-01 
  968.000  8.798091e-01 
  969.000  9.043168e-01 
  970.000  9.056490e-01 
  971.000  9.050770e-01 
  972.000  8.981311e-01 
  973.000  8.820739e-01 
  974.000  8.625156e-01 
  975.000  8.499516e-01 
  976.000  8.653354e-01 
  977.000  8.907461e-01 
  978.000  8.886970e-01 
  979.000  8.952920e-01 
  980.000  9.212094e-01 
  981.000  9.269604e-01 
  982.000  9.212058e-01 
  983.000  9.345134e-01 
  984.000  9.482108e-01 
  985.000  9.559956e-01 
  986.000  9.660371e-01 
  987.000  9.703914e-01 
  988.000  9.713943e-01 
  989.000  9.720385e-01 
  990.000  9.731062e-01 
  991.000  9.768475e-01 
  992.000  9.779162e-01 
  993.000  9.783212e-01 
  994.000  9.813390e-01 
  995.000  9.836473e-01 
  996.000  9.836338e-01 
  997.000  9.822332e-01 
  998.000  9.808577e-01 
  999.000  9.802438e-01 
 1000.000  9.807664e-01 
 1001.000  9.772038e-01 
 1002.000  9.714952e-01 
 1003.000  9.728641e-01 
 1004.000  9.761652e-01 
 1005.000  9.776785e-01 
 1006.000  9.781523e-01 
 1007.000  9.770697e-01 
 1008.000  9.724143e-01 
 1009.000  9.661837e-01 
 1010.000  9.689661e-01 
 1011.000  9.755901e-01 
 1012.000  9.781146e-01 
 1013.000  9.800937e-01 
 1014.000  9.809224e-01 
 1015.000  9.810755e-01 
 1016.000  9.815902e-01 
 1017.000  9.821414e-01 
 1018.000  9.809516e-01 
 1019.000  9.790661e-01 
 1020.000  9.798700e-01 
 1021.000  9.811248e-01 
 1022.000  9.787313e-01 
 1023.000  9.763885e-01 
 1024.000  9.749785e-01 
 1025.000  9.792447e-01 
 1026.000  9.806998e-01 
 1027.000  9.802960e-01 
 1028.000  9.805129e-01 
 1029.000  9.824832e-01 
 1030.000  9.841652e-01 
 1031.000  9.849998e-01 
 1032.000  9.856445e-01 
 1033.000  9.857010e-01 
 1034.000  9.861870e-01 
 1035.000  9.863985e-01 
 1036.000  9.861613e-01 
 1037.000  9.861293e-01 
 1038.000  9.862822e-01 
 1039.000  9.859744e-01 
 1040.000  9.856864e-01 
 1041.000  9.854634e-01 
 1042.000  9.853955e-01 
 1043.000  9.853675e-01 
 1044.000  9.851488e-01 
 1045.000  9.845358e-01 
 1046.000  9.841106e-01 
 1047.000  9.835907e-01 
 1048.000  9.828309e-01 
 1049.000  9.820151e-01 
 1050.000  9.813452e-01 
 1051.000  9.805623e-01 
 1052.000  9.799265e-01 
 1053.000  9.796888e-01 
 1054.000  9.788710e-01 
 1055.000  9.779408e-01 
 1056.000  9.771003e-01 
 1057.000  9.752942e-01 
 1058.000  9.723065e-01 
 1059.000  9.721435e-01 
 1060.000  9.734225e-01 
 1061.000  9.729230e-01 
 1062.000  9.710281e-01 
 1063.000  9.700884e-01 
 1064.000  9.682181e-01 
 1065.000  9.664451e-01 
 1066.000  9.665664e-01 
 1067.000  9.655528e-01 
 1068.000  9.624805e-01 
 1069.000  9.612659e-01 
 1070.000  9.622058e-01 
 1071.000  9.602724e-01 
 1072.000  9.581793e-01 
 1073.000  9.579961e-01 
 1074.000  9.586065e-01 
 1075.000  9.623396e-01 
 1076.000  9.603938e-01 
 1077.000  9.576856e-01 
 1078.000  9.544469e-01 
 1079.000  9.541972e-01 
 1080.000  9.451438e-01 
 1081.000  9.447716e-01 
 1082.000  9.489630e-01 
 1083.000  9.442272e-01 
 1084.000  9.390029e-01 
 1085.000  9.263583e-01 
 1086.000  9.294543e-01 
 1087.000  9.435884e-01 
 1088.000  9.442307e-01 
 1089.000  9.272519e-01 
 1090.000  9.241349e-01 
 1091.000  9.274657e-01 
 1092.000  9.191004e-01 
 1093.000  9.002516e-01 
 1094.000  8.920689e-01 
 1095.000  8.934568e-01 
 1096.000  8.947242e-01 
 1097.000  8.910250e-01 
 1098.000  8.450955e-01 
 1099.000  8.059967e-01 
 1100.000  8.086841e-01 
 1101.000  8.141254e-01 
 1102.000  8.115697e-01 
 1103.000  8.151910e-01 
 1104.000  8.086926e-01 
 1105.000  7.923114e-01 
 1106.000  7.757658e-01 
 1107.000  7.799234e-01 
 1108.000  7.829922e-01 
 1109.000  7.972072e-01 
 1110.000  7.955410e-01 
 1111.000  7.877316e-01 
 1112.000  7.530779e-01 
 1113.000  7.058051e-01 
 1114.000  6.930717e-01 
 1115.000  6.352606e-01 
 1116.000  5.996110e-01 
 1117.000  5.176739e-01 
 1118.000  4.435811e-01 
 1119.000  4.047402e-01 
 1120.000  3.570260e-01 
 1121.000  3.465356e-01 
 1122.000  2.978984e-01 
 1123.000  3.242155e-01 
 1124.000  3.420739e-01 
 1125.000  3.326759e-01 
 1126.000  3.289330e-01 
 1127.000  3.330754e-01 
 1128.000  3.411056e-01 
 1129.000  3.895572e-01 
 1130.000  5.046142e-01 
 1131.000  5.383536e-01 
 1132.000  4.922339e-01 
 1133.000  4.090961e-01 
 1134.000  2.631660e-01 
 1135.000  2.739959e-01 
 1136.000  4.211127e-01 
 1137.000  5.038158e-01 
 1138.000  5.850002e-01 
 1139.000  6.099060e-01 
 1140.000  5.943690e-01 
 1141.000  5.628909e-01 
 1142.000  5.518108e-01 
 1143.000  5.171984e-01 
 1144.000  4.784800e-01 
 1145.000  4.229963e-01 
 1146.000  4.360489e-01 
 1147.000  4.794975e-01 
 1148.000  5.183799e-01 
 1149.000  5.341843e-01 
 1150.000  5.350468e-01 
 1151.000  5.587921e-01 
 1152.000  5.703941e-01 
 1153.000  5.875027e-01 
 1154.000  5.824678e-01 
 1155.000  6.147226e-01 
 1156.000  6.509770e-01 
 1157.000  7.251879e-01 
 1158.000  7.557617e-01 
 1159.000  7.820898e-01 
 1160.000  7.930132e-01 
 1161.000  8.206681e-01 
 1162.000  8.407507e-01 
 1163.000  8.652146e-01 
 1164.000  8.709365e-01 
 1165.000  8.728207e-01 
 1166.000  8.779923e-01 
 1167.000  8.811409e-01 
 1168.000  8.799181e-01 
 1169.000  8.834458e-01 
 1170.000  8.866488e-01 
 1171.000  8.952491e-01 
 1172.000  8.901823e-01 
 1173.000  8.851849e-01 
 1174.000  8.854951e-01 
 1175.000  8.991020e-01 
 1176.000  9.116245e-01 
 1177.000  9.057457e-01 
 1178.000  8.936855e-01 
 1179.000  8.937215e-01 
 1180.000  8.893839e-01 
 1181.000  8.781351e-01 
 1182.000  8.669728e-01 
 1183.000  8.683512e-01 
 1184.000  8.747840e-01 
 1185.000  8.905042e-01 
 1186.000  8.858739e-01 
 1187.000  8.698322e-01 
 1188.000  8.661956e-01 
 1189.000  8.762159e-01 
 1190.000  9.015988e-01 
 1191.000  9.091401e-01 
 1192.000  9.199634e-01 
 1193.000  9.176409e-01 
 1194.000  9.160157e-01 
 1195.000  9.053358e-01 
 1196.000  9.068202e-01 
 1197.000  9.016203e-01 
 1198.000  9.004663e-01 
 1199.000  8.939419e-01 
 1200.000  8.977171e-01 
