  250.000  0.000000e+00 
  251.000  0.000000e+00 
  252.000  0.000000e+00 
  253.000  0.000000e+00 
  254.000  0.000000e+00 
  255.000  0.000000e+00 
  256.000  0.000000e+00 
  257.000  0.000000e+00 
  258.000  0.000000e+00 
  259.000  0.000000e+00 
  260.000  0.000000e+00 
  261.000  0.000000e+00 
  262.000  0.000000e+00 
  263.000  0.000000e+00 
  264.000  0.000000e+00 
  265.000  0.000000e+00 
  266.000  0.000000e+00 
  267.000  0.000000e+00 
  268.000  0.000000e+00 
  269.000  0.000000e+00 
  270.000  0.000000e+00 
  271.000  0.000000e+00 
  272.000  0.000000e+00 
  273.000  0.000000e+00 
  274.000  0.000000e+00 
  275.000  0.000000e+00 
  276.000  0.000000e+00 
  277.000  0.000000e+00 
  278.000  0.000000e+00 
  279.000  0.000000e+00 
  280.000  0.000000e+00 
  281.000  0.000000e+00 
  282.000  0.000000e+00 
  283.000  0.000000e+00 
  284.000  0.000000e+00 
  285.000  0.000000e+00 
  286.000  0.000000e+00 
  287.000  0.000000e+00 
  288.000  0.000000e+00 
  289.000  0.000000e+00 
  290.000  0.000000e+00 
  291.000  0.000000e+00 
  292.000  8.964674e-14 
  293.000  1.268668e-12 
  294.000  4.195156e-11 
  295.000  4.001665e-10 
  296.000  6.540750e-09 
  297.000  3.979759e-08 
  298.000  3.909581e-07 
  299.000  1.375062e-06 
  300.000  6.846873e-06 
  301.000  2.514681e-05 
  302.000  6.361077e-05 
  303.000  2.142715e-04 
  304.000  3.585916e-04 
  305.000  9.606469e-04 
  306.000  1.607725e-03 
  307.000  2.998286e-03 
  308.000  4.531732e-03 
  309.000  6.339989e-03 
  310.000  1.171826e-02 
  311.000  1.478903e-02 
  312.000  2.082958e-02 
  313.000  2.744961e-02 
  314.000  3.067283e-02 
  315.000  4.290253e-02 
  316.000  4.770830e-02 
  317.000  5.611974e-02 
  318.000  6.338429e-02 
  319.000  8.546995e-02 
  320.000  6.891033e-02 
  321.000  1.056149e-01 
  322.000  8.998151e-02 
  323.000  1.095584e-01 
  324.000  1.311699e-01 
  325.000  1.145105e-01 
  326.000  1.418593e-01 
  327.000  1.498343e-01 
  328.000  1.321366e-01 
  329.000  1.663903e-01 
  330.000  1.719463e-01 
  331.000  1.602327e-01 
  332.000  1.824248e-01 
  333.000  1.889624e-01 
  334.000  1.830773e-01 
  335.000  2.002419e-01 
  336.000  2.072334e-01 
  337.000  2.038504e-01 
  338.000  2.121915e-01 
  339.000  2.209858e-01 
  340.000  2.191784e-01 
  341.000  2.278669e-01 
  342.000  2.342513e-01 
  343.000  2.373427e-01 
  344.000  2.377219e-01 
  345.000  2.466329e-01 
  346.000  2.522320e-01 
  347.000  2.567933e-01 
  348.000  2.610907e-01 
  349.000  2.660073e-01 
  350.000  2.702026e-01 
  351.000  2.744150e-01 
  352.000  2.778425e-01 
  353.000  2.828892e-01 
  354.000  2.871797e-01 
  355.000  2.911952e-01 
  356.000  2.951424e-01 
  357.000  2.986780e-01 
  358.000  3.025390e-01 
  359.000  3.064071e-01 
  360.000  3.103517e-01 
  361.000  3.153367e-01 
  362.000  3.205496e-01 
  363.000  3.254061e-01 
  364.000  3.299220e-01 
  365.000  3.341855e-01 
  366.000  3.385906e-01 
  367.000  3.428044e-01 
  368.000  3.470047e-01 
  369.000  3.511930e-01 
  370.000  3.553620e-01 
  371.000  3.595214e-01 
  372.000  3.636692e-01 
  373.000  3.678042e-01 
  374.000  3.718962e-01 
  375.000  3.759329e-01 
  376.000  3.798586e-01 
  377.000  3.835987e-01 
  378.000  3.871040e-01 
  379.000  3.906748e-01 
  380.000  3.945924e-01 
  381.000  3.990374e-01 
  382.000  4.036570e-01 
  383.000  4.080599e-01 
  384.000  4.122677e-01 
  385.000  4.163481e-01 
  386.000  4.203459e-01 
  387.000  4.242983e-01 
  388.000  4.282180e-01 
  389.000  4.321218e-01 
  390.000  4.360100e-01 
  391.000  4.398745e-01 
  392.000  4.437253e-01 
  393.000  4.475595e-01 
  394.000  4.513730e-01 
  395.000  4.551623e-01 
  396.000  4.589409e-01 
  397.000  4.626902e-01 
  398.000  4.664188e-01 
  399.000  4.701291e-01 
  400.000  4.738022e-01 
  401.000  4.774729e-01 
  402.000  4.811266e-01 
  403.000  4.847612e-01 
  404.000  4.883758e-01 
  405.000  4.919631e-01 
  406.000  4.955378e-01 
  407.000  4.990956e-01 
  408.000  5.026338e-01 
  409.000  5.061483e-01 
  410.000  5.096405e-01 
  411.000  5.131090e-01 
  412.000  5.165511e-01 
  413.000  5.199830e-01 
  414.000  5.231626e-01 
  415.000  5.266345e-01 
  416.000  5.300734e-01 
  417.000  5.334629e-01 
  418.000  5.367799e-01 
  419.000  5.400696e-01 
  420.000  5.433385e-01 
  421.000  5.465962e-01 
  422.000  5.498416e-01 
  423.000  5.530711e-01 
  424.000  5.562702e-01 
  425.000  5.594031e-01 
  426.000  5.625133e-01 
  427.000  5.656037e-01 
  428.000  5.686440e-01 
  429.000  5.716476e-01 
  430.000  5.746236e-01 
  431.000  5.775838e-01 
  432.000  5.805199e-01 
  433.000  5.834348e-01 
  434.000  5.863313e-01 
  435.000  5.892058e-01 
  436.000  5.920545e-01 
  437.000  5.948785e-01 
  438.000  5.976766e-01 
  439.000  6.004587e-01 
  440.000  6.032026e-01 
  441.000  6.059179e-01 
  442.000  6.085965e-01 
  443.000  6.112410e-01 
  444.000  6.138499e-01 
  445.000  6.164096e-01 
  446.000  6.189057e-01 
  447.000  6.215239e-01 
  448.000  6.243269e-01 
  449.000  6.271665e-01 
  450.000  6.299585e-01 
  451.000  6.326473e-01 
  452.000  6.352473e-01 
  453.000  6.378005e-01 
  454.000  6.403131e-01 
  455.000  6.426747e-01 
  456.000  6.448382e-01 
  457.000  6.470041e-01 
  458.000  6.491442e-01 
  459.000  6.512427e-01 
  460.000  6.533272e-01 
  461.000  6.553922e-01 
  462.000  6.574214e-01 
  463.000  6.594471e-01 
  464.000  6.621435e-01 
  465.000  6.648059e-01 
  466.000  6.674280e-01 
  467.000  6.699969e-01 
  468.000  6.720725e-01 
  469.000  6.738578e-01 
  470.000  6.755092e-01 
  471.000  6.770071e-01 
  472.000  6.782818e-01 
  473.000  6.791714e-01 
  474.000  6.799122e-01 
  475.000  6.801468e-01 
  476.000  6.798688e-01 
  477.000  6.799060e-01 
  478.000  6.819147e-01 
  479.000  6.849556e-01 
  480.000  6.882401e-01 
  481.000  6.912054e-01 
  482.000  6.940278e-01 
  483.000  6.964951e-01 
  484.000  6.986290e-01 
  485.000  7.005470e-01 
  486.000  7.026263e-01 
  487.000  7.048402e-01 
  488.000  7.069894e-01 
  489.000  7.091034e-01 
  490.000  7.111956e-01 
  491.000  7.128062e-01 
  492.000  7.142711e-01 
  493.000  7.157295e-01 
  494.000  7.171488e-01 
  495.000  7.185681e-01 
  496.000  7.192323e-01 
  497.000  7.198644e-01 
  498.000  7.204862e-01 
  499.000  7.210720e-01 
  500.000  7.216474e-01 
  501.000  7.221483e-01 
  502.000  7.226489e-01 
  503.000  7.231422e-01 
  504.000  7.236102e-01 
  505.000  7.240494e-01 
  506.000  7.255737e-01 
  507.000  7.271477e-01 
  508.000  7.287199e-01 
  509.000  7.302758e-01 
  510.000  7.318010e-01 
  511.000  7.331588e-01 
  512.000  7.344675e-01 
  513.000  7.357693e-01 
  514.000  7.370560e-01 
  515.000  7.383320e-01 
  516.000  7.392135e-01 
  517.000  7.397416e-01 
  518.000  7.402542e-01 
  519.000  7.407561e-01 
  520.000  7.412526e-01 
  521.000  7.416917e-01 
  522.000  7.419878e-01 
  523.000  7.421889e-01 
  524.000  7.423977e-01 
  525.000  7.425525e-01 
  526.000  7.427874e-01 
  527.000  7.427608e-01 
  528.000  7.426268e-01 
  529.000  7.424898e-01 
  530.000  7.423644e-01 
  531.000  7.422463e-01 
  532.000  7.422446e-01 
  533.000  7.429285e-01 
  534.000  7.437916e-01 
  535.000  7.447656e-01 
  536.000  7.457073e-01 
  537.000  7.465687e-01 
  538.000  7.473381e-01 
  539.000  7.480499e-01 
  540.000  7.487171e-01 
  541.000  7.493644e-01 
  542.000  7.499833e-01 
  543.000  7.505797e-01 
  544.000  7.510120e-01 
  545.000  7.513085e-01 
  546.000  7.515893e-01 
  547.000  7.518789e-01 
  548.000  7.521517e-01 
  549.000  7.524194e-01 
  550.000  7.525073e-01 
  551.000  7.524207e-01 
  552.000  7.523400e-01 
  553.000  7.522268e-01 
  554.000  7.520987e-01 
  555.000  7.519618e-01 
  556.000  7.517587e-01 
  557.000  7.514446e-01 
  558.000  7.511125e-01 
  559.000  7.507528e-01 
  560.000  7.503259e-01 
  561.000  7.498367e-01 
  562.000  7.487333e-01 
  563.000  7.481479e-01 
  564.000  7.473778e-01 
  565.000  7.461858e-01 
  566.000  7.455388e-01 
  567.000  7.430395e-01 
  568.000  7.364041e-01 
  569.000  7.214784e-01 
  570.000  7.235574e-01 
  571.000  7.338899e-01 
  572.000  7.235646e-01 
  573.000  7.260263e-01 
  574.000  7.265638e-01 
  575.000  7.258665e-01 
  576.000  7.263702e-01 
  577.000  7.300926e-01 
  578.000  7.344619e-01 
  579.000  7.385398e-01 
  580.000  7.421147e-01 
  581.000  7.473446e-01 
  582.000  7.508872e-01 
  583.000  7.530782e-01 
  584.000  7.549409e-01 
  585.000  7.566019e-01 
  586.000  7.580376e-01 
  587.000  7.547177e-01 
  588.000  7.344591e-01 
  589.000  7.029304e-01 
  590.000  7.013524e-01 
  591.000  7.234089e-01 
  592.000  7.122546e-01 
  593.000  7.375741e-01 
  594.000  7.323896e-01 
  595.000  7.152392e-01 
  596.000  7.397088e-01 
  597.000  7.335337e-01 
  598.000  7.431681e-01 
  599.000  7.467392e-01 
  600.000  7.554641e-01 
  601.000  7.611957e-01 
  602.000  7.620592e-01 
  603.000  7.648160e-01 
  604.000  7.679523e-01 
  605.000  7.704690e-01 
  606.000  7.721748e-01 
  607.000  7.738233e-01 
  608.000  7.753348e-01 
  609.000  7.767823e-01 
  610.000  7.782754e-01 
  611.000  7.799461e-01 
  612.000  7.815874e-01 
  613.000  7.831840e-01 
  614.000  7.847399e-01 
  615.000  7.862930e-01 
  616.000  7.877968e-01 
  617.000  7.892280e-01 
  618.000  7.904392e-01 
  619.000  7.914821e-01 
  620.000  7.924591e-01 
  621.000  7.933204e-01 
  622.000  7.940654e-01 
  623.000  7.946144e-01 
  624.000  7.951872e-01 
  625.000  7.956873e-01 
  626.000  7.946755e-01 
  627.000  7.870162e-01 
  628.000  7.529113e-01 
  629.000  7.725107e-01 
  630.000  7.805144e-01 
  631.000  7.878095e-01 
  632.000  7.841381e-01 
  633.000  7.960125e-01 
  634.000  8.017504e-01 
  635.000  8.041682e-01 
  636.000  8.082420e-01 
  637.000  8.116028e-01 
  638.000  8.174922e-01 
  639.000  8.200304e-01 
  640.000  8.241423e-01 
  641.000  8.263413e-01 
  642.000  8.295427e-01 
  643.000  8.279965e-01 
  644.000  8.302243e-01 
  645.000  8.270590e-01 
  646.000  8.092487e-01 
  647.000  7.972949e-01 
  648.000  7.839344e-01 
  649.000  7.976570e-01 
  650.000  8.234175e-01 
  651.000  8.244098e-01 
  652.000  8.035671e-01 
  653.000  8.297303e-01 
  654.000  8.279631e-01 
  655.000  8.197387e-01 
  656.000  8.239574e-01 
  657.000  8.299739e-01 
  658.000  8.397050e-01 
  659.000  8.458328e-01 
  660.000  8.490919e-01 
  661.000  8.560601e-01 
  662.000  8.600555e-01 
  663.000  8.603443e-01 
  664.000  8.626341e-01 
  665.000  8.644148e-01 
  666.000  8.666686e-01 
  667.000  8.687912e-01 
  668.000  8.713548e-01 
  669.000  8.730931e-01 
  670.000  8.745941e-01 
  671.000  8.761966e-01 
  672.000  8.775937e-01 
  673.000  8.789609e-01 
  674.000  8.803149e-01 
  675.000  8.816743e-01 
  676.000  8.829421e-01 
  677.000  8.841079e-01 
  678.000  8.852799e-01 
  679.000  8.861830e-01 
  680.000  8.859178e-01 
  681.000  8.856999e-01 
  682.000  8.865858e-01 
  683.000  8.867568e-01 
  684.000  8.858165e-01 
  685.000  8.882193e-01 
  686.000  8.840185e-01 
  687.000  7.201337e-01 
  688.000  7.713335e-01 
  689.000  7.563633e-01 
  690.000  7.835429e-01 
  691.000  8.173729e-01 
  692.000  8.348663e-01 
  693.000  8.146679e-01 
  694.000  7.916383e-01 
  695.000  8.099104e-01 
  696.000  8.210289e-01 
  697.000  8.705374e-01 
  698.000  8.603203e-01 
  699.000  8.161329e-01 
  700.000  8.234960e-01 
  701.000  8.138979e-01 
  702.000  8.212876e-01 
  703.000  8.586675e-01 
  704.000  8.605489e-01 
  705.000  8.453543e-01 
  706.000  8.485613e-01 
  707.000  8.542784e-01 
  708.000  8.604714e-01 
  709.000  8.729741e-01 
  710.000  8.600284e-01 
  711.000  8.735852e-01 
  712.000  8.852159e-01 
  713.000  8.760859e-01 
  714.000  8.730081e-01 
  715.000  8.579949e-01 
  716.000  8.421654e-01 
  717.000  7.475234e-01 
  718.000  6.918805e-01 
  719.000  6.722468e-01 
  720.000  6.441131e-01 
  721.000  7.740582e-01 
  722.000  8.233883e-01 
  723.000  7.956513e-01 
  724.000  7.190547e-01 
  725.000  7.300060e-01 
  726.000  7.266684e-01 
  727.000  7.375025e-01 
  728.000  7.260959e-01 
  729.000  7.553323e-01 
  730.000  7.506332e-01 
  731.000  7.449300e-01 
  732.000  7.950469e-01 
  733.000  8.448730e-01 
  734.000  8.695816e-01 
  735.000  8.611630e-01 
  736.000  8.453187e-01 
  737.000  8.574668e-01 
  738.000  8.742455e-01 
  739.000  8.815954e-01 
  740.000  8.978736e-01 
  741.000  9.073800e-01 
  742.000  9.114396e-01 
  743.000  9.202564e-01 
  744.000  9.242964e-01 
  745.000  9.266447e-01 
  746.000  9.291106e-01 
  747.000  9.298216e-01 
  748.000  9.319041e-01 
  749.000  9.333719e-01 
  750.000  9.327644e-01 
  751.000  9.332575e-01 
  752.000  9.355590e-01 
  753.000  9.366099e-01 
  754.000  9.374174e-01 
  755.000  9.379082e-01 
  756.000  9.384280e-01 
  757.000  9.387900e-01 
  758.000  9.360093e-01 
  759.000  8.446350e-01 
  760.000  2.678045e-01 
  761.000  2.252003e-01 
  762.000  5.212404e-01 
  763.000  4.207563e-01 
  764.000  4.697466e-01 
  765.000  5.873199e-01 
  766.000  7.402588e-01 
  767.000  8.218428e-01 
  768.000  8.767679e-01 
  769.000  9.137238e-01 
  770.000  9.349896e-01 
  771.000  9.439283e-01 
  772.000  9.463831e-01 
  773.000  9.474319e-01 
  774.000  9.489990e-01 
  775.000  9.501070e-01 
  776.000  9.509214e-01 
  777.000  9.510860e-01 
  778.000  9.509386e-01 
  779.000  9.507741e-01 
  780.000  9.506077e-01 
  781.000  9.517766e-01 
  782.000  9.515719e-01 
  783.000  9.514090e-01 
  784.000  9.504626e-01 
  785.000  9.469886e-01 
  786.000  9.422581e-01 
  787.000  9.299895e-01 
  788.000  9.235579e-01 
  789.000  9.008621e-01 
  790.000  8.989077e-01 
  791.000  9.031758e-01 
  792.000  9.071662e-01 
  793.000  9.164513e-01 
  794.000  9.362143e-01 
  795.000  9.241452e-01 
  796.000  8.923851e-01 
  797.000  9.014250e-01 
  798.000  9.215626e-01 
  799.000  9.169872e-01 
  800.000  9.023752e-01 
  801.000  9.041290e-01 
  802.000  9.026785e-01 
  803.000  9.048450e-01 
  804.000  9.117767e-01 
  805.000  9.250539e-01 
  806.000  9.330489e-01 
  807.000  9.334285e-01 
  808.000  9.289173e-01 
  809.000  9.233627e-01 
  810.000  9.172491e-01 
  811.000  9.048031e-01 
  812.000  8.881143e-01 
  813.000  8.678901e-01 
  814.000  8.415645e-01 
  815.000  8.092643e-01 
  816.000  7.694135e-01 
  817.000  7.713078e-01 
  818.000  7.744687e-01 
  819.000  7.877229e-01 
  820.000  8.322297e-01 
  821.000  8.843282e-01 
  822.000  8.446019e-01 
  823.000  7.389235e-01 
  824.000  8.276319e-01 
  825.000  8.875882e-01 
  826.000  8.776098e-01 
  827.000  8.699830e-01 
  828.000  8.306980e-01 
  829.000  8.447176e-01 
  830.000  8.606777e-01 
  831.000  8.645621e-01 
  832.000  8.665282e-01 
  833.000  8.759299e-01 
  834.000  8.870832e-01 
  835.000  9.092499e-01 
  836.000  9.022654e-01 
  837.000  9.016588e-01 
  838.000  9.124594e-01 
  839.000  9.190927e-01 
  840.000  9.215147e-01 
  841.000  9.144479e-01 
  842.000  9.208771e-01 
  843.000  9.361776e-01 
  844.000  9.432061e-01 
  845.000  9.464968e-01 
  846.000  9.499618e-01 
  847.000  9.537723e-01 
  848.000  9.475365e-01 
  849.000  9.483405e-01 
  850.000  9.452640e-01 
  851.000  9.416109e-01 
  852.000  9.419912e-01 
  853.000  9.480734e-01 
  854.000  9.477826e-01 
  855.000  9.508641e-01 
  856.000  9.572592e-01 
  857.000  9.592990e-01 
  858.000  9.605107e-01 
  859.000  9.638320e-01 
  860.000  9.651697e-01 
  861.000  9.654937e-01 
  862.000  9.666950e-01 
  863.000  9.668329e-01 
  864.000  9.676507e-01 
  865.000  9.683160e-01 
  866.000  9.684768e-01 
  867.000  9.683331e-01 
  868.000  9.684198e-01 
  869.000  9.686262e-01 
  870.000  9.684397e-01 
  871.000  9.686341e-01 
  872.000  9.691378e-01 
  873.000  9.685947e-01 
  874.000  9.682916e-01 
  875.000  9.682046e-01 
  876.000  9.672726e-01 
  877.000  9.672381e-01 
  878.000  9.650803e-01 
  879.000  9.652933e-01 
  880.000  9.633703e-01 
  881.000  9.627259e-01 
  882.000  9.617547e-01 
  883.000  9.627305e-01 
  884.000  9.631233e-01 
  885.000  9.604884e-01 
  886.000  9.558113e-01 
  887.000  9.594340e-01 
  888.000  9.592165e-01 
  889.000  9.602643e-01 
  890.000  9.574427e-01 
  891.000  9.516639e-01 
  892.000  9.395013e-01 
  893.000  9.033329e-01 
  894.000  8.852773e-01 
  895.000  8.324336e-01 
  896.000  7.859093e-01 
  897.000  7.380004e-01 
  898.000  7.160552e-01 
  899.000  6.576695e-01 
  900.000  6.654946e-01 
  901.000  6.508404e-01 
  902.000  6.541705e-01 
  903.000  7.531328e-01 
  904.000  8.171914e-01 
  905.000  8.153005e-01 
  906.000  7.751859e-01 
  907.000  7.066870e-01 
  908.000  6.631999e-01 
  909.000  6.647380e-01 
  910.000  6.710847e-01 
  911.000  6.997821e-01 
  912.000  6.858970e-01 
  913.000  6.270844e-01 
  914.000  6.559632e-01 
  915.000  6.794250e-01 
  916.000  6.860908e-01 
  917.000  6.993373e-01 
  918.000  7.165156e-01 
  919.000  7.755824e-01 
  920.000  8.221496e-01 
  921.000  8.122395e-01 
  922.000  8.114862e-01 
  923.000  7.985766e-01 
  924.000  7.678790e-01 
  925.000  7.646448e-01 
  926.000  7.620225e-01 
  927.000  7.254974e-01 
  928.000  6.712044e-01 
  929.000  5.968312e-01 
  930.000  5.091466e-01 
  931.000  4.201648e-01 
  932.000  3.139499e-01 
  933.000  2.480991e-01 
  934.000  1.901142e-01 
  935.000  1.837134e-01 
  936.000  2.041300e-01 
  937.000  1.995777e-01 
  938.000  2.676080e-01 
  939.000  4.854975e-01 
  940.000  5.245289e-01 
  941.000  4.928494e-01 
  942.000  4.174757e-01 
  943.000  3.056324e-01 
  944.000  2.978470e-01 
  945.000  3.346905e-01 
  946.000  3.376746e-01 
  947.000  3.749020e-01 
  948.000  3.974872e-01 
  949.000  3.956853e-01 
  950.000  4.018861e-01 
  951.000  4.541493e-01 
  952.000  4.005427e-01 
  953.000  4.401184e-01 
  954.000  4.848803e-01 
  955.000  4.511295e-01 
  956.000  4.457592e-01 
  957.000  5.615867e-01 
  958.000  5.790101e-01 
  959.000  5.600672e-01 
  960.000  5.552629e-01 
  961.000  5.460569e-01 
  962.000  5.559628e-01 
  963.000  6.249405e-01 
  964.000  6.357844e-01 
  965.000  6.298432e-01 
  966.000  6.345272e-01 
  967.000  6.869516e-01 
  968.000  7.788048e-01 
  969.000  8.224841e-01 
  970.000  8.252467e-01 
  971.000  8.243290e-01 
  972.000  8.118836e-01 
  973.000  7.836319e-01 
  974.000  7.500728e-01 
  975.000  7.289513e-01 
  976.000  7.549246e-01 
  977.000  7.988914e-01 
  978.000  7.956731e-01 
  979.000  8.076872e-01 
  980.000  8.542650e-01 
  981.000  8.650075e-01 
  982.000  8.549314e-01 
  983.000  8.795151e-01 
  984.000  9.050909e-01 
  985.000  9.198418e-01 
  986.000  9.389846e-01 
  987.000  9.474366e-01 
  988.000  9.494702e-01 
  989.000  9.507839e-01 
  990.000  9.528676e-01 
  991.000  9.600669e-01 
  992.000  9.621238e-01 
  993.000  9.629031e-01 
  994.000  9.693919e-01 
  995.000  9.730128e-01 
  996.000  9.729685e-01 
  997.000  9.709827e-01 
  998.000  9.676966e-01 
  999.000  9.664857e-01 
 1000.000  9.674554e-01 
 1001.000  9.605919e-01 
 1002.000  9.496609e-01 
 1003.000  9.522462e-01 
 1004.000  9.585256e-01 
 1005.000  9.613999e-01 
 1006.000  9.623124e-01 
 1007.000  9.602075e-01 
 1008.000  9.513017e-01 
 1009.000  9.394560e-01 
 1010.000  9.447277e-01 
 1011.000  9.573535e-01 
 1012.000  9.621914e-01 
 1013.000  9.660094e-01 
 1014.000  9.676177e-01 
 1015.000  9.679280e-01 
 1016.000  9.696556e-01 
 1017.000  9.706559e-01 
 1018.000  9.684932e-01 
 1019.000  9.640750e-01 
 1020.000  9.656197e-01 
 1021.000  9.687986e-01 
 1022.000  9.634411e-01 
 1023.000  9.589733e-01 
 1024.000  9.562998e-01 
 1025.000  9.644846e-01 
 1026.000  9.681073e-01 
 1027.000  9.665708e-01 
 1028.000  9.678382e-01 
 1029.000  9.714549e-01 
 1030.000  9.740526e-01 
 1031.000  9.756682e-01 
 1032.000  9.769477e-01 
 1033.000  9.774047e-01 
 1034.000  9.778593e-01 
 1035.000  9.784606e-01 
 1036.000  9.782820e-01 
 1037.000  9.785159e-01 
 1038.000  9.789010e-01 
 1039.000  9.782711e-01 
 1040.000  9.777585e-01 
 1041.000  9.773670e-01 
 1042.000  9.772928e-01 
 1043.000  9.773428e-01 
 1044.000  9.770227e-01 
 1045.000  9.758419e-01 
 1046.000  9.750754e-01 
 1047.000  9.741898e-01 
 1048.000  9.731815e-01 
 1049.000  9.722473e-01 
 1050.000  9.712551e-01 
 1051.000  9.697608e-01 
 1052.000  9.687164e-01 
 1053.000  9.684231e-01 
 1054.000  9.670250e-01 
 1055.000  9.653826e-01 
 1056.000  9.640510e-01 
 1057.000  9.608991e-01 
 1058.000  9.563099e-01 
 1059.000  9.555365e-01 
 1060.000  9.582283e-01 
 1061.000  9.574639e-01 
 1062.000  9.543139e-01 
 1063.000  9.528498e-01 
 1064.000  9.500107e-01 
 1065.000  9.474204e-01 
 1066.000  9.477177e-01 
 1067.000  9.459466e-01 
 1068.000  9.392601e-01 
 1069.000  9.359080e-01 
 1070.000  9.369485e-01 
 1071.000  9.326538e-01 
 1072.000  9.282922e-01 
 1073.000  9.275002e-01 
 1074.000  9.282405e-01 
 1075.000  9.348595e-01 
 1076.000  9.307982e-01 
 1077.000  9.253387e-01 
 1078.000  9.189102e-01 
 1079.000  9.180881e-01 
 1080.000  9.009545e-01 
 1081.000  9.000116e-01 
 1082.000  9.075274e-01 
 1083.000  8.983999e-01 
 1084.000  8.884979e-01 
 1085.000  8.652259e-01 
 1086.000  8.705595e-01 
 1087.000  8.961212e-01 
 1088.000  8.971847e-01 
 1089.000  8.658640e-01 
 1090.000  8.599309e-01 
 1091.000  8.656570e-01 
 1092.000  8.501874e-01 
 1093.000  8.163895e-01 
 1094.000  8.018916e-01 
 1095.000  8.040236e-01 
 1096.000  8.057128e-01 
 1097.000  7.986926e-01 
 1098.000  7.202678e-01 
 1099.000  6.565413e-01 
 1100.000  6.605245e-01 
 1101.000  6.688301e-01 
 1102.000  6.641267e-01 
 1103.000  6.693101e-01 
 1104.000  6.583916e-01 
 1105.000  6.320395e-01 
 1106.000  6.066718e-01 
 1107.000  6.119100e-01 
 1108.000  6.150651e-01 
 1109.000  6.348348e-01 
 1110.000  6.295148e-01 
 1111.000  6.160782e-01 
 1112.000  5.625634e-01 
 1113.000  4.917682e-01 
 1114.000  4.692827e-01 
 1115.000  3.903429e-01 
 1116.000  3.458688e-01 
 1117.000  2.577253e-01 
 1118.000  1.870822e-01 
 1119.000  1.529504e-01 
 1120.000  1.174944e-01 
 1121.000  1.099917e-01 
 1122.000  8.129065e-02 
 1123.000  9.467932e-02 
 1124.000  1.044446e-01 
 1125.000  9.882811e-02 
 1126.000  9.688849e-02 
 1127.000  9.993889e-02 
 1128.000  1.058274e-01 
 1129.000  1.381306e-01 
 1130.000  2.280758e-01 
 1131.000  2.586039e-01 
 1132.000  2.164565e-01 
 1133.000  1.520811e-01 
 1134.000  6.516407e-02 
 1135.000  7.066213e-02 
 1136.000  1.628796e-01 
 1137.000  2.313518e-01 
 1138.000  3.126609e-01 
 1139.000  3.449816e-01 
 1140.000  3.281717e-01 
 1141.000  2.973424e-01 
 1142.000  2.857361e-01 
 1143.000  2.512774e-01 
 1144.000  2.161032e-01 
 1145.000  1.699674e-01 
 1146.000  1.805128e-01 
 1147.000  2.175088e-01 
 1148.000  2.535759e-01 
 1149.000  2.700748e-01 
 1150.000  2.736805e-01 
 1151.000  3.007987e-01 
 1152.000  3.145724e-01 
 1153.000  3.346943e-01 
 1154.000  3.322741e-01 
 1155.000  3.721276e-01 
 1156.000  4.175351e-01 
 1157.000  5.168886e-01 
 1158.000  5.642179e-01 
 1159.000  6.072636e-01 
 1160.000  6.261266e-01 
 1161.000  6.707780e-01 
 1162.000  7.059692e-01 
 1163.000  7.488084e-01 
 1164.000  7.584379e-01 
 1165.000  7.635960e-01 
 1166.000  7.738274e-01 
 1167.000  7.801385e-01 
 1168.000  7.780345e-01 
 1169.000  7.846689e-01 
 1170.000  7.905508e-01 
 1171.000  8.057398e-01 
 1172.000  7.969135e-01 
 1173.000  7.884022e-01 
 1174.000  7.889571e-01 
 1175.000  8.126138e-01 
 1176.000  8.346688e-01 
 1177.000  8.241630e-01 
 1178.000  8.029010e-01 
 1179.000  8.029565e-01 
 1180.000  7.953075e-01 
 1181.000  7.758581e-01 
 1182.000  7.568443e-01 
 1183.000  7.591783e-01 
 1184.000  7.700805e-01 
 1185.000  7.972029e-01 
 1186.000  7.891779e-01 
 1187.000  7.619029e-01 
 1188.000  7.559478e-01 
 1189.000  7.731087e-01 
 1190.000  8.171830e-01 
 1191.000  8.306234e-01 
 1192.000  8.500940e-01 
 1193.000  8.459294e-01 
 1194.000  8.431543e-01 
 1195.000  8.241989e-01 
 1196.000  8.268133e-01 
 1197.000  8.176090e-01 
 1198.000  8.155264e-01 
 1199.000  8.040760e-01 
 1200.000  8.106287e-01 
