  250.000  0.000000e+00 
  251.000  0.000000e+00 
  252.000  0.000000e+00 
  253.000  0.000000e+00 
  254.000  0.000000e+00 
  255.000  0.000000e+00 
  256.000  0.000000e+00 
  257.000  0.000000e+00 
  258.000  0.000000e+00 
  259.000  0.000000e+00 
  260.000  0.000000e+00 
  261.000  0.000000e+00 
  262.000  0.000000e+00 
  263.000  0.000000e+00 
  264.000  0.000000e+00 
  265.000  0.000000e+00 
  266.000  0.000000e+00 
  267.000  0.000000e+00 
  268.000  0.000000e+00 
  269.000  0.000000e+00 
  270.000  0.000000e+00 
  271.000  0.000000e+00 
  272.000  0.000000e+00 
  273.000  0.000000e+00 
  274.000  0.000000e+00 
  275.000  0.000000e+00 
  276.000  0.000000e+00 
  277.000  0.000000e+00 
  278.000  0.000000e+00 
  279.000  0.000000e+00 
  280.000  0.000000e+00 
  281.000  0.000000e+00 
  282.000  0.000000e+00 
  283.000  0.000000e+00 
  284.000  0.000000e+00 
  285.000  0.000000e+00 
  286.000  0.000000e+00 
  287.000  0.000000e+00 
  288.000  0.000000e+00 
  289.000  0.000000e+00 
  290.000  0.000000e+00 
  291.000  0.000000e+00 
  292.000  7.972112e-09 
  293.000  4.129252e-08 
  294.000  3.621991e-07 
  295.000  1.468616e-06 
  296.000  8.318497e-06 
  297.000  2.551572e-05 
  298.000  1.053663e-04 
  299.000  2.299945e-04 
  300.000  6.229363e-04 
  301.000  1.396778e-03 
  302.000  2.484820e-03 
  303.000  5.280410e-03 
  304.000  7.269023e-03 
  305.000  1.340012e-02 
  306.000  1.844695e-02 
  307.000  2.715947e-02 
  308.000  3.509680e-02 
  309.000  4.322939e-02 
  310.000  6.329414e-02 
  311.000  7.313085e-02 
  312.000  9.045289e-02 
  313.000  1.073533e-01 
  314.000  1.150122e-01 
  315.000  1.416434e-01 
  316.000  1.512924e-01 
  317.000  1.673359e-01 
  318.000  1.804689e-01 
  319.000  2.172640e-01 
  320.000  1.900795e-01 
  321.000  2.477630e-01 
  322.000  2.243127e-01 
  323.000  2.534649e-01 
  324.000  2.834320e-01 
  325.000  2.605165e-01 
  326.000  2.975548e-01 
  327.000  3.078297e-01 
  328.000  2.847266e-01 
  329.000  3.285203e-01 
  330.000  3.352866e-01 
  331.000  3.209204e-01 
  332.000  3.478263e-01 
  333.000  3.555116e-01 
  334.000  3.485981e-01 
  335.000  3.685381e-01 
  336.000  3.764729e-01 
  337.000  3.726464e-01 
  338.000  3.820384e-01 
  339.000  3.917904e-01 
  340.000  3.897984e-01 
  341.000  3.993185e-01 
  342.000  4.062265e-01 
  343.000  4.095456e-01 
  344.000  4.099517e-01 
  345.000  4.194231e-01 
  346.000  4.253080e-01 
  347.000  4.300656e-01 
  348.000  4.345188e-01 
  349.000  4.395795e-01 
  350.000  4.438697e-01 
  351.000  4.481523e-01 
  352.000  4.516184e-01 
  353.000  4.566925e-01 
  354.000  4.609796e-01 
  355.000  4.649698e-01 
  356.000  4.688717e-01 
  357.000  4.723502e-01 
  358.000  4.761309e-01 
  359.000  4.799003e-01 
  360.000  4.837257e-01 
  361.000  4.885337e-01 
  362.000  4.935309e-01 
  363.000  4.981587e-01 
  364.000  5.024385e-01 
  365.000  5.064587e-01 
  366.000  5.105921e-01 
  367.000  5.145270e-01 
  368.000  5.184309e-01 
  369.000  5.223060e-01 
  370.000  5.261458e-01 
  371.000  5.299598e-01 
  372.000  5.337466e-01 
  373.000  5.375053e-01 
  374.000  5.412093e-01 
  375.000  5.448481e-01 
  376.000  5.483726e-01 
  377.000  5.517176e-01 
  378.000  5.548415e-01 
  379.000  5.580127e-01 
  380.000  5.614793e-01 
  381.000  5.653968e-01 
  382.000  5.694507e-01 
  383.000  5.732979e-01 
  384.000  5.769601e-01 
  385.000  5.804979e-01 
  386.000  5.839514e-01 
  387.000  5.873533e-01 
  388.000  5.907154e-01 
  389.000  5.940521e-01 
  390.000  5.973642e-01 
  391.000  6.006450e-01 
  392.000  6.039034e-01 
  393.000  6.071370e-01 
  394.000  6.103427e-01 
  395.000  6.135181e-01 
  396.000  6.166745e-01 
  397.000  6.197966e-01 
  398.000  6.228920e-01 
  399.000  6.259629e-01 
  400.000  6.289939e-01 
  401.000  6.320142e-01 
  402.000  6.350117e-01 
  403.000  6.379849e-01 
  404.000  6.409335e-01 
  405.000  6.438516e-01 
  406.000  6.467513e-01 
  407.000  6.496296e-01 
  408.000  6.524842e-01 
  409.000  6.553123e-01 
  410.000  6.581150e-01 
  411.000  6.608915e-01 
  412.000  6.636398e-01 
  413.000  6.663730e-01 
  414.000  6.688993e-01 
  415.000  6.716511e-01 
  416.000  6.743700e-01 
  417.000  6.770433e-01 
  418.000  6.796532e-01 
  419.000  6.822356e-01 
  420.000  6.847957e-01 
  421.000  6.873412e-01 
  422.000  6.898715e-01 
  423.000  6.923837e-01 
  424.000  6.948668e-01 
  425.000  6.972932e-01 
  426.000  6.996970e-01 
  427.000  7.020805e-01 
  428.000  7.044206e-01 
  429.000  7.067277e-01 
  430.000  7.090091e-01 
  431.000  7.112740e-01 
  432.000  7.135161e-01 
  433.000  7.157376e-01 
  434.000  7.179412e-01 
  435.000  7.201238e-01 
  436.000  7.222828e-01 
  437.000  7.244192e-01 
  438.000  7.265323e-01 
  439.000  7.286296e-01 
  440.000  7.306945e-01 
  441.000  7.327343e-01 
  442.000  7.347432e-01 
  443.000  7.367231e-01 
  444.000  7.386734e-01 
  445.000  7.405837e-01 
  446.000  7.424437e-01 
  447.000  7.443915e-01 
  448.000  7.464736e-01 
  449.000  7.485790e-01 
  450.000  7.506457e-01 
  451.000  7.526328e-01 
  452.000  7.545512e-01 
  453.000  7.564321e-01 
  454.000  7.582803e-01 
  455.000  7.600149e-01 
  456.000  7.616020e-01 
  457.000  7.631888e-01 
  458.000  7.647547e-01 
  459.000  7.662883e-01 
  460.000  7.678097e-01 
  461.000  7.693151e-01 
  462.000  7.707927e-01 
  463.000  7.722660e-01 
  464.000  7.742245e-01 
  465.000  7.761552e-01 
  466.000  7.780538e-01 
  467.000  7.799113e-01 
  468.000  7.814101e-01 
  469.000  7.826978e-01 
  470.000  7.838877e-01 
  471.000  7.849663e-01 
  472.000  7.858833e-01 
  473.000  7.865229e-01 
  474.000  7.870553e-01 
  475.000  7.872238e-01 
  476.000  7.870241e-01 
  477.000  7.870508e-01 
  478.000  7.884933e-01 
  479.000  7.906739e-01 
  480.000  7.930251e-01 
  481.000  7.951441e-01 
  482.000  7.971578e-01 
  483.000  7.989156e-01 
  484.000  8.004339e-01 
  485.000  8.017972e-01 
  486.000  8.032735e-01 
  487.000  8.048436e-01 
  488.000  8.063660e-01 
  489.000  8.078617e-01 
  490.000  8.093404e-01 
  491.000  8.104774e-01 
  492.000  8.115109e-01 
  493.000  8.125389e-01 
  494.000  8.135387e-01 
  495.000  8.145377e-01 
  496.000  8.150049e-01 
  497.000  8.154494e-01 
  498.000  8.158866e-01 
  499.000  8.162982e-01 
  500.000  8.167025e-01 
  501.000  8.170543e-01 
  502.000  8.174058e-01 
  503.000  8.177521e-01 
  504.000  8.180805e-01 
  505.000  8.183886e-01 
  506.000  8.194576e-01 
  507.000  8.205605e-01 
  508.000  8.216614e-01 
  509.000  8.227497e-01 
  510.000  8.238159e-01 
  511.000  8.247643e-01 
  512.000  8.256778e-01 
  513.000  8.265858e-01 
  514.000  8.274827e-01 
  515.000  8.283716e-01 
  516.000  8.289853e-01 
  517.000  8.293529e-01 
  518.000  8.297095e-01 
  519.000  8.300587e-01 
  520.000  8.304040e-01 
  521.000  8.307093e-01 
  522.000  8.309152e-01 
  523.000  8.310548e-01 
  524.000  8.311999e-01 
  525.000  8.313075e-01 
  526.000  8.314707e-01 
  527.000  8.314523e-01 
  528.000  8.313591e-01 
  529.000  8.312640e-01 
  530.000  8.311768e-01 
  531.000  8.310947e-01 
  532.000  8.310935e-01 
  533.000  8.315688e-01 
  534.000  8.321683e-01 
  535.000  8.328445e-01 
  536.000  8.334980e-01 
  537.000  8.340954e-01 
  538.000  8.346289e-01 
  539.000  8.351222e-01 
  540.000  8.355845e-01 
  541.000  8.360329e-01 
  542.000  8.364612e-01 
  543.000  8.368741e-01 
  544.000  8.371732e-01 
  545.000  8.373783e-01 
  546.000  8.375726e-01 
  547.000  8.377729e-01 
  548.000  8.379616e-01 
  549.000  8.381466e-01 
  550.000  8.382074e-01 
  551.000  8.381475e-01 
  552.000  8.380917e-01 
  553.000  8.380135e-01 
  554.000  8.379250e-01 
  555.000  8.378302e-01 
  556.000  8.376898e-01 
  557.000  8.374725e-01 
  558.000  8.372428e-01 
  559.000  8.369940e-01 
  560.000  8.366988e-01 
  561.000  8.363607e-01 
  562.000  8.356652e-01 
  563.000  8.352655e-01 
  564.000  8.347488e-01 
  565.000  8.339714e-01 
  566.000  8.334913e-01 
  567.000  8.317725e-01 
  568.000  8.271719e-01 
  569.000  8.169597e-01 
  570.000  8.183690e-01 
  571.000  8.254095e-01 
  572.000  8.183271e-01 
  573.000  8.199970e-01 
  574.000  8.203479e-01 
  575.000  8.198591e-01 
  576.000  8.202063e-01 
  577.000  8.227619e-01 
  578.000  8.258286e-01 
  579.000  8.286479e-01 
  580.000  8.311404e-01 
  581.000  8.347618e-01 
  582.000  8.373129e-01 
  583.000  8.387432e-01 
  584.000  8.401832e-01 
  585.000  8.411964e-01 
  586.000  8.423294e-01 
  587.000  8.399538e-01 
  588.000  8.262945e-01 
  589.000  8.046774e-01 
  590.000  8.036078e-01 
  591.000  8.188481e-01 
  592.000  8.111728e-01 
  593.000  8.285432e-01 
  594.000  8.250241e-01 
  595.000  8.132608e-01 
  596.000  8.299760e-01 
  597.000  8.257314e-01 
  598.000  8.322589e-01 
  599.000  8.346409e-01 
  600.000  8.405055e-01 
  601.000  8.443354e-01 
  602.000  8.450725e-01 
  603.000  8.468197e-01 
  604.000  8.490347e-01 
  605.000  8.506405e-01 
  606.000  8.517770e-01 
  607.000  8.528761e-01 
  608.000  8.539044e-01 
  609.000  8.548901e-01 
  610.000  8.559093e-01 
  611.000  8.570492e-01 
  612.000  8.581681e-01 
  613.000  8.592557e-01 
  614.000  8.603149e-01 
  615.000  8.613713e-01 
  616.000  8.623934e-01 
  617.000  8.633655e-01 
  618.000  8.641877e-01 
  619.000  8.648952e-01 
  620.000  8.655577e-01 
  621.000  8.661415e-01 
  622.000  8.666463e-01 
  623.000  8.670183e-01 
  624.000  8.674067e-01 
  625.000  8.677465e-01 
  626.000  8.672407e-01 
  627.000  8.617855e-01 
  628.000  8.326593e-01 
  629.000  8.499772e-01 
  630.000  8.552246e-01 
  631.000  8.610905e-01 
  632.000  8.594003e-01 
  633.000  8.677514e-01 
  634.000  8.716081e-01 
  635.000  8.735542e-01 
  636.000  8.760389e-01 
  637.000  8.783072e-01 
  638.000  8.826947e-01 
  639.000  8.842541e-01 
  640.000  8.871625e-01 
  641.000  8.885978e-01 
  642.000  8.907380e-01 
  643.000  8.897604e-01 
  644.000  8.907948e-01 
  645.000  8.889980e-01 
  646.000  8.773485e-01 
  647.000  8.694896e-01 
  648.000  8.606275e-01 
  649.000  8.697915e-01 
  650.000  8.867971e-01 
  651.000  8.874606e-01 
  652.000  8.737307e-01 
  653.000  8.909672e-01 
  654.000  8.898140e-01 
  655.000  8.844355e-01 
  656.000  8.872180e-01 
  657.000  8.911576e-01 
  658.000  8.975084e-01 
  659.000  9.014965e-01 
  660.000  9.036167e-01 
  661.000  9.083402e-01 
  662.000  9.108101e-01 
  663.000  9.111628e-01 
  664.000  9.125052e-01 
  665.000  9.138235e-01 
  666.000  9.152666e-01 
  667.000  9.166152e-01 
  668.000  9.181610e-01 
  669.000  9.192575e-01 
  670.000  9.202244e-01 
  671.000  9.212451e-01 
  672.000  9.221537e-01 
  673.000  9.230450e-01 
  674.000  9.239282e-01 
  675.000  9.248135e-01 
  676.000  9.256423e-01 
  677.000  9.264032e-01 
  678.000  9.271667e-01 
  679.000  9.277828e-01 
  680.000  9.277610e-01 
  681.000  9.276589e-01 
  682.000  9.280769e-01 
  683.000  9.283379e-01 
  684.000  9.277115e-01 
  685.000  9.291186e-01 
  686.000  9.252316e-01 
  687.000  7.905570e-01 
  688.000  8.329624e-01 
  689.000  8.207486e-01 
  690.000  8.429869e-01 
  691.000  8.714740e-01 
  692.000  8.876952e-01 
  693.000  8.770301e-01 
  694.000  8.631516e-01 
  695.000  8.763611e-01 
  696.000  8.841470e-01 
  697.000  9.174415e-01 
  698.000  9.106702e-01 
  699.000  8.809633e-01 
  700.000  8.859921e-01 
  701.000  8.794689e-01 
  702.000  8.844594e-01 
  703.000  9.095526e-01 
  704.000  9.107614e-01 
  705.000  9.005581e-01 
  706.000  9.026765e-01 
  707.000  9.064745e-01 
  708.000  9.105765e-01 
  709.000  9.188654e-01 
  710.000  9.102461e-01 
  711.000  9.192439e-01 
  712.000  9.269311e-01 
  713.000  9.209153e-01 
  714.000  9.189311e-01 
  715.000  9.090755e-01 
  716.000  8.987911e-01 
  717.000  8.342696e-01 
  718.000  7.951059e-01 
  719.000  7.811195e-01 
  720.000  7.602488e-01 
  721.000  8.531440e-01 
  722.000  8.868270e-01 
  723.000  8.678911e-01 
  724.000  8.144297e-01 
  725.000  8.223140e-01 
  726.000  8.198750e-01 
  727.000  8.274713e-01 
  728.000  8.193070e-01 
  729.000  8.398009e-01 
  730.000  8.363287e-01 
  731.000  8.321260e-01 
  732.000  8.668487e-01 
  733.000  9.004524e-01 
  734.000  9.167711e-01 
  735.000  9.110881e-01 
  736.000  9.004488e-01 
  737.000  9.085321e-01 
  738.000  9.196519e-01 
  739.000  9.244670e-01 
  740.000  9.351299e-01 
  741.000  9.413135e-01 
  742.000  9.439301e-01 
  743.000  9.496479e-01 
  744.000  9.522581e-01 
  745.000  9.540202e-01 
  746.000  9.556018e-01 
  747.000  9.559256e-01 
  748.000  9.574276e-01 
  749.000  9.582651e-01 
  750.000  9.577761e-01 
  751.000  9.580900e-01 
  752.000  9.595890e-01 
  753.000  9.602017e-01 
  754.000  9.606840e-01 
  755.000  9.609969e-01 
  756.000  9.613249e-01 
  757.000  9.615549e-01 
  758.000  9.596496e-01 
  759.000  8.865768e-01 
  760.000  3.675930e-01 
  761.000  3.218547e-01 
  762.000  6.122777e-01 
  763.000  5.195541e-01 
  764.000  5.652687e-01 
  765.000  6.707560e-01 
  766.000  8.008609e-01 
  767.000  8.675989e-01 
  768.000  9.116235e-01 
  769.000  9.408517e-01 
  770.000  9.569247e-01 
  771.000  9.642500e-01 
  772.000  9.660677e-01 
  773.000  9.669536e-01 
  774.000  9.680642e-01 
  775.000  9.687629e-01 
  776.000  9.692696e-01 
  777.000  9.694005e-01 
  778.000  9.693541e-01 
  779.000  9.692920e-01 
  780.000  9.692268e-01 
  781.000  9.698755e-01 
  782.000  9.697900e-01 
  783.000  9.697265e-01 
  784.000  9.691956e-01 
  785.000  9.669306e-01 
  786.000  9.635535e-01 
  787.000  9.555154e-01 
  788.000  9.512998e-01 
  789.000  9.362717e-01 
  790.000  9.349880e-01 
  791.000  9.378328e-01 
  792.000  9.404706e-01 
  793.000  9.466068e-01 
  794.000  9.596284e-01 
  795.000  9.516827e-01 
  796.000  9.305896e-01 
  797.000  9.366207e-01 
  798.000  9.499714e-01 
  799.000  9.469360e-01 
  800.000  9.372377e-01 
  801.000  9.384025e-01 
  802.000  9.374328e-01 
  803.000  9.388635e-01 
  804.000  9.434423e-01 
  805.000  9.522101e-01 
  806.000  9.574584e-01 
  807.000  9.577011e-01 
  808.000  9.547382e-01 
  809.000  9.510937e-01 
  810.000  9.470958e-01 
  811.000  9.389055e-01 
  812.000  9.278953e-01 
  813.000  9.144513e-01 
  814.000  8.967860e-01 
  815.000  8.749073e-01 
  816.000  8.471636e-01 
  817.000  8.486454e-01 
  818.000  8.508913e-01 
  819.000  8.600590e-01 
  820.000  8.907489e-01 
  821.000  9.260643e-01 
  822.000  8.991867e-01 
  823.000  8.253183e-01 
  824.000  8.874935e-01 
  825.000  9.281107e-01 
  826.000  9.212268e-01 
  827.000  9.160857e-01 
  828.000  8.893847e-01 
  829.000  8.989774e-01 
  830.000  9.097763e-01 
  831.000  9.123412e-01 
  832.000  9.135187e-01 
  833.000  9.197865e-01 
  834.000  9.271821e-01 
  835.000  9.418603e-01 
  836.000  9.371690e-01 
  837.000  9.366995e-01 
  838.000  9.438499e-01 
  839.000  9.482051e-01 
  840.000  9.497916e-01 
  841.000  9.450973e-01 
  842.000  9.493332e-01 
  843.000  9.593963e-01 
  844.000  9.639785e-01 
  845.000  9.661196e-01 
  846.000  9.683710e-01 
  847.000  9.708518e-01 
  848.000  9.667770e-01 
  849.000  9.673045e-01 
  850.000  9.652938e-01 
  851.000  9.628977e-01 
  852.000  9.631437e-01 
  853.000  9.671205e-01 
  854.000  9.669160e-01 
  855.000  9.689204e-01 
  856.000  9.730830e-01 
  857.000  9.744939e-01 
  858.000  9.754753e-01 
  859.000  9.774507e-01 
  860.000  9.784823e-01 
  861.000  9.786685e-01 
  862.000  9.793213e-01 
  863.000  9.794087e-01 
  864.000  9.798574e-01 
  865.000  9.802248e-01 
  866.000  9.803244e-01 
  867.000  9.802611e-01 
  868.000  9.803210e-01 
  869.000  9.804449e-01 
  870.000  9.803585e-01 
  871.000  9.804758e-01 
  872.000  9.807585e-01 
  873.000  9.804816e-01 
  874.000  9.803328e-01 
  875.000  9.802998e-01 
  876.000  9.798148e-01 
  877.000  9.795697e-01 
  878.000  9.783780e-01 
  879.000  9.782934e-01 
  880.000  9.772376e-01 
  881.000  9.765847e-01 
  882.000  9.761159e-01 
  883.000  9.765897e-01 
  884.000  9.768458e-01 
  885.000  9.746392e-01 
  886.000  9.719055e-01 
  887.000  9.743090e-01 
  888.000  9.741725e-01 
  889.000  9.749038e-01 
  890.000  9.730731e-01 
  891.000  9.693055e-01 
  892.000  9.613622e-01 
  893.000  9.373696e-01 
  894.000  9.254087e-01 
  895.000  8.893678e-01 
  896.000  8.572340e-01 
  897.000  8.235988e-01 
  898.000  8.079672e-01 
  899.000  7.646638e-01 
  900.000  7.707711e-01 
  901.000  7.596340e-01 
  902.000  7.618375e-01 
  903.000  8.347857e-01 
  904.000  8.801426e-01 
  905.000  8.785939e-01 
  906.000  8.502260e-01 
  907.000  8.006205e-01 
  908.000  7.683125e-01 
  909.000  7.696106e-01 
  910.000  7.744290e-01 
  911.000  7.958390e-01 
  912.000  7.854754e-01 
  913.000  7.408194e-01 
  914.000  7.628489e-01 
  915.000  7.803757e-01 
  916.000  7.851985e-01 
  917.000  7.948355e-01 
  918.000  8.073035e-01 
  919.000  8.498489e-01 
  920.000  8.824253e-01 
  921.000  8.753288e-01 
  922.000  8.747436e-01 
  923.000  8.656728e-01 
  924.000  8.439466e-01 
  925.000  8.419794e-01 
  926.000  8.410062e-01 
  927.000  8.154559e-01 
  928.000  7.765679e-01 
  929.000  7.213336e-01 
  930.000  6.527324e-01 
  931.000  5.783405e-01 
  932.000  4.835926e-01 
  933.000  4.169205e-01 
  934.000  3.516996e-01 
  935.000  3.446392e-01 
  936.000  3.695058e-01 
  937.000  3.634273e-01 
  938.000  4.372766e-01 
  939.000  6.414461e-01 
  940.000  6.736478e-01 
  941.000  6.464214e-01 
  942.000  5.802556e-01 
  943.000  4.740151e-01 
  944.000  4.665796e-01 
  945.000  5.037684e-01 
  946.000  5.061400e-01 
  947.000  5.406630e-01 
  948.000  5.611072e-01 
  949.000  5.587809e-01 
  950.000  5.641347e-01 
  951.000  6.103048e-01 
  952.000  5.616294e-01 
  953.000  5.963362e-01 
  954.000  6.341591e-01 
  955.000  6.042276e-01 
  956.000  5.981405e-01 
  957.000  6.942804e-01 
  958.000  7.073340e-01 
  959.000  6.914536e-01 
  960.000  6.870217e-01 
  961.000  6.791378e-01 
  962.000  6.867127e-01 
  963.000  7.407073e-01 
  964.000  7.486854e-01 
  965.000  7.436917e-01 
  966.000  7.468492e-01 
  967.000  7.860860e-01 
  968.000  8.525032e-01 
  969.000  8.829529e-01 
  970.000  8.846797e-01 
  971.000  8.839800e-01 
  972.000  8.753250e-01 
  973.000  8.554381e-01 
  974.000  8.313925e-01 
  975.000  8.160334e-01 
  976.000  8.348415e-01 
  977.000  8.661327e-01 
  978.000  8.636693e-01 
  979.000  8.719087e-01 
  980.000  9.041692e-01 
  981.000  9.114023e-01 
  982.000  9.042842e-01 
  983.000  9.209746e-01 
  984.000  9.382028e-01 
  985.000  9.480311e-01 
  986.000  9.607329e-01 
  987.000  9.662635e-01 
  988.000  9.675460e-01 
  989.000  9.683673e-01 
  990.000  9.697170e-01 
  991.000  9.744534e-01 
  992.000  9.757993e-01 
  993.000  9.763018e-01 
  994.000  9.805757e-01 
  995.000  9.832287e-01 
  996.000  9.831998e-01 
  997.000  9.816144e-01 
  998.000  9.794471e-01 
  999.000  9.786510e-01 
 1000.000  9.792958e-01 
 1001.000  9.747618e-01 
 1002.000  9.675183e-01 
 1003.000  9.692349e-01 
 1004.000  9.733977e-01 
 1005.000  9.752998e-01 
 1006.000  9.759083e-01 
 1007.000  9.745199e-01 
 1008.000  9.686161e-01 
 1009.000  9.607345e-01 
 1010.000  9.642436e-01 
 1011.000  9.726228e-01 
 1012.000  9.758194e-01 
 1013.000  9.783342e-01 
 1014.000  9.793876e-01 
 1015.000  9.795883e-01 
 1016.000  9.807248e-01 
 1017.000  9.813842e-01 
 1018.000  9.799604e-01 
 1019.000  9.770444e-01 
 1020.000  9.780675e-01 
 1021.000  9.801697e-01 
 1022.000  9.766368e-01 
 1023.000  9.736817e-01 
 1024.000  9.719131e-01 
 1025.000  9.773294e-01 
 1026.000  9.797214e-01 
 1027.000  9.787042e-01 
 1028.000  9.795391e-01 
 1029.000  9.815722e-01 
 1030.000  9.837395e-01 
 1031.000  9.848349e-01 
 1032.000  9.858317e-01 
 1033.000  9.859799e-01 
 1034.000  9.864706e-01 
 1035.000  9.868081e-01 
 1036.000  9.866480e-01 
 1037.000  9.867191e-01 
 1038.000  9.869192e-01 
 1039.000  9.865686e-01 
 1040.000  9.862682e-01 
 1041.000  9.860376e-01 
 1042.000  9.859836e-01 
 1043.000  9.859903e-01 
 1044.000  9.857871e-01 
 1045.000  9.851151e-01 
 1046.000  9.846677e-01 
 1047.000  9.841391e-01 
 1048.000  9.834695e-01 
 1049.000  9.828039e-01 
 1050.000  9.821630e-01 
 1051.000  9.812436e-01 
 1052.000  9.806021e-01 
 1053.000  9.804636e-01 
 1054.000  9.794654e-01 
 1055.000  9.785684e-01 
 1056.000  9.777420e-01 
 1057.000  9.757084e-01 
 1058.000  9.720201e-01 
 1059.000  9.722227e-01 
 1060.000  9.740127e-01 
 1061.000  9.735302e-01 
 1062.000  9.712006e-01 
 1063.000  9.703344e-01 
 1064.000  9.683661e-01 
 1065.000  9.663774e-01 
 1066.000  9.665615e-01 
 1067.000  9.652960e-01 
 1068.000  9.607981e-01 
 1069.000  9.586744e-01 
 1070.000  9.594253e-01 
 1071.000  9.565868e-01 
 1072.000  9.536633e-01 
 1073.000  9.531395e-01 
 1074.000  9.536259e-01 
 1075.000  9.580644e-01 
 1076.000  9.553504e-01 
 1077.000  9.516957e-01 
 1078.000  9.473881e-01 
 1079.000  9.468521e-01 
 1080.000  9.352918e-01 
 1081.000  9.346583e-01 
 1082.000  9.397672e-01 
 1083.000  9.336393e-01 
 1084.000  9.269431e-01 
 1085.000  9.110144e-01 
 1086.000  9.147373e-01 
 1087.000  9.322796e-01 
 1088.000  9.329878e-01 
 1089.000  9.116389e-01 
 1090.000  9.076259e-01 
 1091.000  9.116562e-01 
 1092.000  9.010866e-01 
 1093.000  8.776088e-01 
 1094.000  8.674292e-01 
 1095.000  8.690413e-01 
 1096.000  8.704628e-01 
 1097.000  8.657293e-01 
 1098.000  8.093837e-01 
 1099.000  7.620354e-01 
 1100.000  7.651688e-01 
 1101.000  7.716034e-01 
 1102.000  7.683457e-01 
 1103.000  7.725511e-01 
 1104.000  7.646012e-01 
 1105.000  7.448158e-01 
 1106.000  7.251202e-01 
 1107.000  7.297710e-01 
 1108.000  7.330277e-01 
 1109.000  7.494447e-01 
 1110.000  7.467896e-01 
 1111.000  7.371263e-01 
 1112.000  6.957295e-01 
 1113.000  6.397017e-01 
 1114.000  6.236658e-01 
 1115.000  5.567483e-01 
 1116.000  5.164986e-01 
 1117.000  4.279069e-01 
 1118.000  3.503223e-01 
 1119.000  3.104185e-01 
 1120.000  2.636822e-01 
 1121.000  2.534797e-01 
 1122.000  2.088622e-01 
 1123.000  2.319898e-01 
 1124.000  2.480183e-01 
 1125.000  2.393411e-01 
 1126.000  2.360288e-01 
 1127.000  2.401180e-01 
 1128.000  2.480278e-01 
 1129.000  2.940359e-01 
 1130.000  4.082140e-01 
 1131.000  4.431388e-01 
 1132.000  3.952291e-01 
 1133.000  3.129390e-01 
 1134.000  1.791369e-01 
 1135.000  1.886410e-01 
 1136.000  3.254470e-01 
 1137.000  4.087968e-01 
 1138.000  4.951906e-01 
 1139.000  5.238935e-01 
 1140.000  5.070335e-01 
 1141.000  4.738709e-01 
 1142.000  4.619593e-01 
 1143.000  4.252855e-01 
 1144.000  3.853287e-01 
 1145.000  3.295009e-01 
 1146.000  3.425358e-01 
 1147.000  3.865566e-01 
 1148.000  4.269191e-01 
 1149.000  4.439152e-01 
 1150.000  4.457225e-01 
 1151.000  4.719201e-01 
 1152.000  4.848538e-01 
 1153.000  5.038385e-01 
 1154.000  4.993044e-01 
 1155.000  5.355559e-01 
 1156.000  5.763793e-01 
 1157.000  6.614817e-01 
 1158.000  6.980873e-01 
 1159.000  7.300984e-01 
 1160.000  7.435955e-01 
 1161.000  7.770015e-01 
 1162.000  8.018663e-01 
 1163.000  8.321102e-01 
 1164.000  8.390896e-01 
 1165.000  8.418217e-01 
 1166.000  8.484614e-01 
 1167.000  8.525188e-01 
 1168.000  8.510131e-01 
 1169.000  8.554635e-01 
 1170.000  8.594724e-01 
 1171.000  8.701091e-01 
 1172.000  8.638630e-01 
 1173.000  8.577450e-01 
 1174.000  8.581271e-01 
 1175.000  8.748741e-01 
 1176.000  8.903443e-01 
 1177.000  8.830446e-01 
 1178.000  8.681326e-01 
 1179.000  8.681711e-01 
 1180.000  8.628040e-01 
 1181.000  8.489725e-01 
 1182.000  8.353060e-01 
 1183.000  8.369864e-01 
 1184.000  8.448445e-01 
 1185.000  8.641531e-01 
 1186.000  8.584532e-01 
 1187.000  8.388284e-01 
 1188.000  8.344260e-01 
 1189.000  8.467063e-01 
 1190.000  8.779383e-01 
 1191.000  8.872861e-01 
 1192.000  9.007389e-01 
 1193.000  8.978507e-01 
 1194.000  8.958571e-01 
 1195.000  8.826291e-01 
 1196.000  8.844590e-01 
 1197.000  8.780207e-01 
 1198.000  8.765804e-01 
 1199.000  8.685241e-01 
 1200.000  8.731719e-01 
