  250.000  0.000000e+00 
  251.000  0.000000e+00 
  252.000  0.000000e+00 
  253.000  0.000000e+00 
  254.000  0.000000e+00 
  255.000  0.000000e+00 
  256.000  0.000000e+00 
  257.000  0.000000e+00 
  258.000  0.000000e+00 
  259.000  0.000000e+00 
  260.000  0.000000e+00 
  261.000  0.000000e+00 
  262.000  0.000000e+00 
  263.000  0.000000e+00 
  264.000  0.000000e+00 
  265.000  0.000000e+00 
  266.000  0.000000e+00 
  267.000  0.000000e+00 
  268.000  0.000000e+00 
  269.000  0.000000e+00 
  270.000  0.000000e+00 
  271.000  0.000000e+00 
  272.000  0.000000e+00 
  273.000  0.000000e+00 
  274.000  0.000000e+00 
  275.000  0.000000e+00 
  276.000  0.000000e+00 
  277.000  0.000000e+00 
  278.000  0.000000e+00 
  279.000  0.000000e+00 
  280.000  0.000000e+00 
  281.000  0.000000e+00 
  282.000  0.000000e+00 
  283.000  0.000000e+00 
  284.000  0.000000e+00 
  285.000  0.000000e+00 
  286.000  0.000000e+00 
  287.000  0.000000e+00 
  288.000  0.000000e+00 
  289.000  0.000000e+00 
  290.000  0.000000e+00 
  291.000  0.000000e+00 
  292.000  4.487553e-11 
  293.000  3.670488e-10 
  294.000  5.885255e-09 
  295.000  3.520500e-08 
  296.000  3.228090e-07 
  297.000  1.351825e-06 
  298.000  8.277441e-06 
  299.000  2.244310e-05 
  300.000  8.016983e-05 
  301.000  2.249609e-04 
  302.000  4.696405e-04 
  303.000  1.230482e-03 
  304.000  1.851149e-03 
  305.000  4.044462e-03 
  306.000  6.084666e-03 
  307.000  9.974686e-03 
  308.000  1.384124e-02 
  309.000  1.806461e-02 
  310.000  2.940416e-02 
  311.000  3.536493e-02 
  312.000  4.640231e-02 
  313.000  5.775606e-02 
  314.000  6.307238e-02 
  315.000  8.230334e-02 
  316.000  8.953405e-02 
  317.000  1.018402e-01 
  318.000  1.121624e-01 
  319.000  1.421731e-01 
  320.000  1.198503e-01 
  321.000  1.681563e-01 
  322.000  1.480933e-01 
  323.000  1.731169e-01 
  324.000  1.996877e-01 
  325.000  1.792945e-01 
  326.000  2.124885e-01 
  327.000  2.219088e-01 
  328.000  2.008539e-01 
  329.000  2.411425e-01 
  330.000  2.475069e-01 
  331.000  2.340375e-01 
  332.000  2.593958e-01 
  333.000  2.667417e-01 
  334.000  2.601315e-01 
  335.000  2.792935e-01 
  336.000  2.870000e-01 
  337.000  2.832778e-01 
  338.000  2.924325e-01 
  339.000  3.020043e-01 
  340.000  3.000436e-01 
  341.000  3.094389e-01 
  342.000  3.162952e-01 
  343.000  3.196012e-01 
  344.000  3.200062e-01 
  345.000  3.294834e-01 
  346.000  3.354020e-01 
  347.000  3.402035e-01 
  348.000  3.447111e-01 
  349.000  3.498493e-01 
  350.000  3.542182e-01 
  351.000  3.585910e-01 
  352.000  3.621385e-01 
  353.000  3.673457e-01 
  354.000  3.717576e-01 
  355.000  3.758743e-01 
  356.000  3.799095e-01 
  357.000  3.835145e-01 
  358.000  3.874412e-01 
  359.000  3.913648e-01 
  360.000  3.953555e-01 
  361.000  4.003836e-01 
  362.000  4.056242e-01 
  363.000  4.104905e-01 
  364.000  4.150021e-01 
  365.000  4.192498e-01 
  366.000  4.236269e-01 
  367.000  4.278029e-01 
  368.000  4.319549e-01 
  369.000  4.360846e-01 
  370.000  4.401853e-01 
  371.000  4.442666e-01 
  372.000  4.483269e-01 
  373.000  4.523650e-01 
  374.000  4.563520e-01 
  375.000  4.602762e-01 
  376.000  4.640841e-01 
  377.000  4.677044e-01 
  378.000  4.710909e-01 
  379.000  4.745341e-01 
  380.000  4.783042e-01 
  381.000  4.825724e-01 
  382.000  4.869980e-01 
  383.000  4.912061e-01 
  384.000  4.952191e-01 
  385.000  4.991024e-01 
  386.000  5.028996e-01 
  387.000  5.066462e-01 
  388.000  5.103548e-01 
  389.000  5.140412e-01 
  390.000  5.177062e-01 
  391.000  5.213420e-01 
  392.000  5.249586e-01 
  393.000  5.285530e-01 
  394.000  5.321216e-01 
  395.000  5.356616e-01 
  396.000  5.391854e-01 
  397.000  5.426759e-01 
  398.000  5.461414e-01 
  399.000  5.495842e-01 
  400.000  5.529870e-01 
  401.000  5.563820e-01 
  402.000  5.597560e-01 
  403.000  5.631071e-01 
  404.000  5.664346e-01 
  405.000  5.697320e-01 
  406.000  5.730128e-01 
  407.000  5.762733e-01 
  408.000  5.795109e-01 
  409.000  5.827224e-01 
  410.000  5.859088e-01 
  411.000  5.890691e-01 
  412.000  5.922011e-01 
  413.000  5.953193e-01 
  414.000  5.982047e-01 
  415.000  6.013510e-01 
  416.000  6.044633e-01 
  417.000  6.075268e-01 
  418.000  6.105207e-01 
  419.000  6.134864e-01 
  420.000  6.164296e-01 
  421.000  6.193590e-01 
  422.000  6.222739e-01 
  423.000  6.251708e-01 
  424.000  6.280370e-01 
  425.000  6.308407e-01 
  426.000  6.336208e-01 
  427.000  6.363801e-01 
  428.000  6.390916e-01 
  429.000  6.417674e-01 
  430.000  6.444158e-01 
  431.000  6.470473e-01 
  432.000  6.496546e-01 
  433.000  6.522404e-01 
  434.000  6.548072e-01 
  435.000  6.573520e-01 
  436.000  6.598713e-01 
  437.000  6.623664e-01 
  438.000  6.648361e-01 
  439.000  6.672893e-01 
  440.000  6.697067e-01 
  441.000  6.720965e-01 
  442.000  6.744518e-01 
  443.000  6.767751e-01 
  444.000  6.790651e-01 
  445.000  6.813099e-01 
  446.000  6.834971e-01 
  447.000  6.857892e-01 
  448.000  6.882411e-01 
  449.000  6.907225e-01 
  450.000  6.931601e-01 
  451.000  6.955056e-01 
  452.000  6.977715e-01 
  453.000  6.999949e-01 
  454.000  7.021811e-01 
  455.000  7.042342e-01 
  456.000  7.061138e-01 
  457.000  7.079942e-01 
  458.000  7.098509e-01 
  459.000  7.116703e-01 
  460.000  7.134762e-01 
  461.000  7.152643e-01 
  462.000  7.170200e-01 
  463.000  7.187718e-01 
  464.000  7.211017e-01 
  465.000  7.234004e-01 
  466.000  7.256622e-01 
  467.000  7.278765e-01 
  468.000  7.296643e-01 
  469.000  7.312012e-01 
  470.000  7.326220e-01 
  471.000  7.339101e-01 
  472.000  7.350059e-01 
  473.000  7.357703e-01 
  474.000  7.364068e-01 
  475.000  7.366083e-01 
  476.000  7.363695e-01 
  477.000  7.364014e-01 
  478.000  7.381264e-01 
  479.000  7.407357e-01 
  480.000  7.435514e-01 
  481.000  7.460911e-01 
  482.000  7.485063e-01 
  483.000  7.506159e-01 
  484.000  7.524392e-01 
  485.000  7.540771e-01 
  486.000  7.558517e-01 
  487.000  7.577400e-01 
  488.000  7.595719e-01 
  489.000  7.613726e-01 
  490.000  7.631537e-01 
  491.000  7.645240e-01 
  492.000  7.657699e-01 
  493.000  7.670097e-01 
  494.000  7.682158e-01 
  495.000  7.694213e-01 
  496.000  7.699853e-01 
  497.000  7.705219e-01 
  498.000  7.710499e-01 
  499.000  7.715469e-01 
  500.000  7.720352e-01 
  501.000  7.724602e-01 
  502.000  7.728848e-01 
  503.000  7.733033e-01 
  504.000  7.737001e-01 
  505.000  7.740725e-01 
  506.000  7.753647e-01 
  507.000  7.766984e-01 
  508.000  7.780301e-01 
  509.000  7.793472e-01 
  510.000  7.806379e-01 
  511.000  7.817863e-01 
  512.000  7.828930e-01 
  513.000  7.839933e-01 
  514.000  7.850804e-01 
  515.000  7.861583e-01 
  516.000  7.869024e-01 
  517.000  7.873483e-01 
  518.000  7.877810e-01 
  519.000  7.882046e-01 
  520.000  7.886236e-01 
  521.000  7.889941e-01 
  522.000  7.892439e-01 
  523.000  7.894135e-01 
  524.000  7.895896e-01 
  525.000  7.897202e-01 
  526.000  7.899184e-01 
  527.000  7.898959e-01 
  528.000  7.897829e-01 
  529.000  7.896673e-01 
  530.000  7.895616e-01 
  531.000  7.894619e-01 
  532.000  7.894605e-01 
  533.000  7.900374e-01 
  534.000  7.907652e-01 
  535.000  7.915863e-01 
  536.000  7.923801e-01 
  537.000  7.931060e-01 
  538.000  7.937541e-01 
  539.000  7.943536e-01 
  540.000  7.949156e-01 
  541.000  7.954606e-01 
  542.000  7.959815e-01 
  543.000  7.964835e-01 
  544.000  7.968473e-01 
  545.000  7.970968e-01 
  546.000  7.973331e-01 
  547.000  7.975767e-01 
  548.000  7.978062e-01 
  549.000  7.980314e-01 
  550.000  7.981053e-01 
  551.000  7.980324e-01 
  552.000  7.979646e-01 
  553.000  7.978694e-01 
  554.000  7.977616e-01 
  555.000  7.976465e-01 
  556.000  7.974756e-01 
  557.000  7.972112e-01 
  558.000  7.969319e-01 
  559.000  7.966293e-01 
  560.000  7.962701e-01 
  561.000  7.958587e-01 
  562.000  7.949765e-01 
  563.000  7.944874e-01 
  564.000  7.938504e-01 
  565.000  7.928795e-01 
  566.000  7.923130e-01 
  567.000  7.902801e-01 
  568.000  7.846752e-01 
  569.000  7.722792e-01 
  570.000  7.739894e-01 
  571.000  7.825388e-01 
  572.000  7.739489e-01 
  573.000  7.759748e-01 
  574.000  7.764037e-01 
  575.000  7.758136e-01 
  576.000  7.762363e-01 
  577.000  7.793367e-01 
  578.000  7.830791e-01 
  579.000  7.864934e-01 
  580.000  7.895185e-01 
  581.000  7.939130e-01 
  582.000  7.969012e-01 
  583.000  7.987584e-01 
  584.000  8.003663e-01 
  585.000  8.017479e-01 
  586.000  8.029855e-01 
  587.000  8.001820e-01 
  588.000  7.835099e-01 
  589.000  7.573060e-01 
  590.000  7.560076e-01 
  591.000  7.744290e-01 
  592.000  7.651431e-01 
  593.000  7.862027e-01 
  594.000  7.819210e-01 
  595.000  7.676651e-01 
  596.000  7.879619e-01 
  597.000  7.828161e-01 
  598.000  7.907664e-01 
  599.000  7.936845e-01 
  600.000  8.008510e-01 
  601.000  8.055412e-01 
  602.000  8.063412e-01 
  603.000  8.084428e-01 
  604.000  8.111997e-01 
  605.000  8.132252e-01 
  606.000  8.146310e-01 
  607.000  8.159901e-01 
  608.000  8.172502e-01 
  609.000  8.184577e-01 
  610.000  8.197049e-01 
  611.000  8.211002e-01 
  612.000  8.224702e-01 
  613.000  8.238024e-01 
  614.000  8.251001e-01 
  615.000  8.263950e-01 
  616.000  8.276482e-01 
  617.000  8.288405e-01 
  618.000  8.298492e-01 
  619.000  8.307174e-01 
  620.000  8.315306e-01 
  621.000  8.322473e-01 
  622.000  8.328671e-01 
  623.000  8.333238e-01 
  624.000  8.338006e-01 
  625.000  8.342173e-01 
  626.000  8.334991e-01 
  627.000  8.270217e-01 
  628.000  7.952237e-01 
  629.000  8.138599e-01 
  630.000  8.203638e-01 
  631.000  8.269556e-01 
  632.000  8.244293e-01 
  633.000  8.344262e-01 
  634.000  8.392942e-01 
  635.000  8.413677e-01 
  636.000  8.447469e-01 
  637.000  8.475317e-01 
  638.000  8.524934e-01 
  639.000  8.543979e-01 
  640.000  8.579942e-01 
  641.000  8.597926e-01 
  642.000  8.624298e-01 
  643.000  8.612138e-01 
  644.000  8.624797e-01 
  645.000  8.603892e-01 
  646.000  8.459780e-01 
  647.000  8.362800e-01 
  648.000  8.253852e-01 
  649.000  8.366382e-01 
  650.000  8.576172e-01 
  651.000  8.584397e-01 
  652.000  8.415021e-01 
  653.000  8.627843e-01 
  654.000  8.613638e-01 
  655.000  8.547125e-01 
  656.000  8.581535e-01 
  657.000  8.630373e-01 
  658.000  8.709166e-01 
  659.000  8.758739e-01 
  660.000  8.785140e-01 
  661.000  8.842681e-01 
  662.000  8.874838e-01 
  663.000  8.877673e-01 
  664.000  8.895974e-01 
  665.000  8.910792e-01 
  666.000  8.928607e-01 
  667.000  8.945945e-01 
  668.000  8.965953e-01 
  669.000  8.979856e-01 
  670.000  8.992002e-01 
  671.000  9.004889e-01 
  672.000  9.016254e-01 
  673.000  9.027393e-01 
  674.000  9.038426e-01 
  675.000  9.049494e-01 
  676.000  9.059838e-01 
  677.000  9.069342e-01 
  678.000  9.078885e-01 
  679.000  9.086434e-01 
  680.000  9.085327e-01 
  681.000  9.083903e-01 
  682.000  9.088913e-01 
  683.000  9.092540e-01 
  684.000  9.084945e-01 
  685.000  9.104145e-01 
  686.000  9.064342e-01 
  687.000  7.567080e-01 
  688.000  8.036076e-01 
  689.000  7.900134e-01 
  690.000  8.147535e-01 
  691.000  8.460554e-01 
  692.000  8.631781e-01 
  693.000  8.484095e-01 
  694.000  8.304857e-01 
  695.000  8.460785e-01 
  696.000  8.554067e-01 
  697.000  8.960627e-01 
  698.000  8.877437e-01 
  699.000  8.514634e-01 
  700.000  8.575690e-01 
  701.000  8.496442e-01 
  702.000  8.557337e-01 
  703.000  8.864101e-01 
  704.000  8.879229e-01 
  705.000  8.754584e-01 
  706.000  8.780712e-01 
  707.000  8.827395e-01 
  708.000  8.877879e-01 
  709.000  8.979804e-01 
  710.000  8.874114e-01 
  711.000  8.984695e-01 
  712.000  9.079333e-01 
  713.000  9.005246e-01 
  714.000  8.980603e-01 
  715.000  8.858973e-01 
  716.000  8.731437e-01 
  717.000  7.948018e-01 
  718.000  7.479021e-01 
  719.000  7.312411e-01 
  720.000  7.068240e-01 
  721.000  8.173137e-01 
  722.000  8.581946e-01 
  723.000  8.352197e-01 
  724.000  7.709690e-01 
  725.000  7.803197e-01 
  726.000  7.774504e-01 
  727.000  7.865663e-01 
  728.000  7.768652e-01 
  729.000  8.014548e-01 
  730.000  7.973890e-01 
  731.000  7.924615e-01 
  732.000  8.343303e-01 
  733.000  8.753327e-01 
  734.000  8.954297e-01 
  735.000  8.885040e-01 
  736.000  8.755044e-01 
  737.000  8.854261e-01 
  738.000  8.990983e-01 
  739.000  9.050514e-01 
  740.000  9.182287e-01 
  741.000  9.258958e-01 
  742.000  9.291543e-01 
  743.000  9.362534e-01 
  744.000  9.395006e-01 
  745.000  9.415439e-01 
  746.000  9.435194e-01 
  747.000  9.440809e-01 
  748.000  9.457831e-01 
  749.000  9.468952e-01 
  750.000  9.462481e-01 
  751.000  9.466441e-01 
  752.000  9.486058e-01 
  753.000  9.494112e-01 
  754.000  9.500381e-01 
  755.000  9.504330e-01 
  756.000  9.508491e-01 
  757.000  9.511398e-01 
  758.000  9.488252e-01 
  759.000  8.666648e-01 
  760.000  3.157491e-01 
  761.000  2.711292e-01 
  762.000  5.669202e-01 
  763.000  4.696199e-01 
  764.000  5.173342e-01 
  765.000  6.295365e-01 
  766.000  7.715186e-01 
  767.000  8.457381e-01 
  768.000  8.951815e-01 
  769.000  9.282194e-01 
  770.000  9.467949e-01 
  771.000  9.549343e-01 
  772.000  9.570896e-01 
  773.000  9.580278e-01 
  774.000  9.593568e-01 
  775.000  9.602430e-01 
  776.000  9.608897e-01 
  777.000  9.610406e-01 
  778.000  9.609554e-01 
  779.000  9.608533e-01 
  780.000  9.607482e-01 
  781.000  9.616208e-01 
  782.000  9.614878e-01 
  783.000  9.613853e-01 
  784.000  9.606416e-01 
  785.000  9.578781e-01 
  786.000  9.538789e-01 
  787.000  9.439584e-01 
  788.000  9.387572e-01 
  789.000  9.202942e-01 
  790.000  9.187130e-01 
  791.000  9.221997e-01 
  792.000  9.254450e-01 
  793.000  9.329931e-01 
  794.000  9.490284e-01 
  795.000  9.392433e-01 
  796.000  9.133633e-01 
  797.000  9.207500e-01 
  798.000  9.371464e-01 
  799.000  9.334219e-01 
  800.000  9.215198e-01 
  801.000  9.229506e-01 
  802.000  9.217660e-01 
  803.000  9.235276e-01 
  804.000  9.291613e-01 
  805.000  9.399490e-01 
  806.000  9.464239e-01 
  807.000  9.467285e-01 
  808.000  9.430765e-01 
  809.000  9.385820e-01 
  810.000  9.336438e-01 
  811.000  9.235535e-01 
  812.000  9.100034e-01 
  813.000  8.935118e-01 
  814.000  8.719305e-01 
  815.000  8.453099e-01 
  816.000  8.119608e-01 
  817.000  8.136552e-01 
  818.000  8.163321e-01 
  819.000  8.273873e-01 
  820.000  8.644366e-01 
  821.000  9.073907e-01 
  822.000  8.746748e-01 
  823.000  7.860428e-01 
  824.000  8.605585e-01 
  825.000  9.099740e-01 
  826.000  9.016681e-01 
  827.000  8.954020e-01 
  828.000  8.629670e-01 
  829.000  8.745867e-01 
  830.000  8.877336e-01 
  831.000  8.908911e-01 
  832.000  8.924090e-01 
  833.000  9.000894e-01 
  834.000  9.091735e-01 
  835.000  9.272122e-01 
  836.000  9.214864e-01 
  837.000  9.209484e-01 
  838.000  9.297358e-01 
  839.000  9.351090e-01 
  840.000  9.370692e-01 
  841.000  9.313106e-01 
  842.000  9.365285e-01 
  843.000  9.489316e-01 
  844.000  9.546021e-01 
  845.000  9.572542e-01 
  846.000  9.600460e-01 
  847.000  9.631180e-01 
  848.000  9.580827e-01 
  849.000  9.587347e-01 
  850.000  9.562508e-01 
  851.000  9.532964e-01 
  852.000  9.536029e-01 
  853.000  9.585174e-01 
  854.000  9.582738e-01 
  855.000  9.607585e-01 
  856.000  9.659127e-01 
  857.000  9.676921e-01 
  858.000  9.687093e-01 
  859.000  9.711373e-01 
  860.000  9.724494e-01 
  861.000  9.726958e-01 
  862.000  9.735827e-01 
  863.000  9.736934e-01 
  864.000  9.743002e-01 
  865.000  9.747956e-01 
  866.000  9.749230e-01 
  867.000  9.748273e-01 
  868.000  9.749004e-01 
  869.000  9.750611e-01 
  870.000  9.749340e-01 
  871.000  9.750858e-01 
  872.000  9.754641e-01 
  873.000  9.750760e-01 
  874.000  9.748634e-01 
  875.000  9.748093e-01 
  876.000  9.741362e-01 
  877.000  9.738550e-01 
  878.000  9.723659e-01 
  879.000  9.722531e-01 
  880.000  9.709730e-01 
  881.000  9.703953e-01 
  882.000  9.696293e-01 
  883.000  9.704052e-01 
  884.000  9.707200e-01 
  885.000  9.684290e-01 
  886.000  9.646307e-01 
  887.000  9.675794e-01 
  888.000  9.674090e-01 
  889.000  9.682875e-01 
  890.000  9.660210e-01 
  891.000  9.613638e-01 
  892.000  9.515531e-01 
  893.000  9.221205e-01 
  894.000  9.074370e-01 
  895.000  8.637599e-01 
  896.000  8.250299e-01 
  897.000  7.847753e-01 
  898.000  7.661850e-01 
  899.000  7.156033e-01 
  900.000  7.225789e-01 
  901.000  7.097110e-01 
  902.000  7.124278e-01 
  903.000  7.978673e-01 
  904.000  8.519450e-01 
  905.000  8.502115e-01 
  906.000  8.163740e-01 
  907.000  7.578217e-01 
  908.000  7.201141e-01 
  909.000  7.215483e-01 
  910.000  7.271190e-01 
  911.000  7.520624e-01 
  912.000  7.399921e-01 
  913.000  6.883734e-01 
  914.000  7.137872e-01 
  915.000  7.341954e-01 
  916.000  7.398927e-01 
  917.000  7.512477e-01 
  918.000  7.659521e-01 
  919.000  8.162891e-01 
  920.000  8.553339e-01 
  921.000  8.469191e-01 
  922.000  8.462508e-01 
  923.000  8.354033e-01 
  924.000  8.095018e-01 
  925.000  8.069853e-01 
  926.000  8.053516e-01 
  927.000  7.747135e-01 
  928.000  7.285578e-01 
  929.000  6.640235e-01 
  930.000  5.856681e-01 
  931.000  5.031193e-01 
  932.000  4.008237e-01 
  933.000  3.327195e-01 
  934.000  2.691053e-01 
  935.000  2.621467e-01 
  936.000  2.855739e-01 
  937.000  2.800715e-01 
  938.000  3.532541e-01 
  939.000  5.689093e-01 
  940.000  6.049026e-01 
  941.000  5.750288e-01 
  942.000  5.031067e-01 
  943.000  3.915861e-01 
  944.000  3.837911e-01 
  945.000  4.218033e-01 
  946.000  4.245156e-01 
  947.000  4.611543e-01 
  948.000  4.830787e-01 
  949.000  4.809206e-01 
  950.000  4.867846e-01 
  951.000  5.368089e-01 
  952.000  4.847205e-01 
  953.000  5.224392e-01 
  954.000  5.642184e-01 
  955.000  5.318696e-01 
  956.000  5.259273e-01 
  957.000  6.328745e-01 
  958.000  6.480805e-01 
  959.000  6.304984e-01 
  960.000  6.257883e-01 
  961.000  6.171424e-01 
  962.000  6.258812e-01 
  963.000  6.874837e-01 
  964.000  6.968433e-01 
  965.000  6.913208e-01 
  966.000  6.951804e-01 
  967.000  7.408315e-01 
  968.000  8.192866e-01 
  969.000  8.558412e-01 
  970.000  8.580214e-01 
  971.000  8.572139e-01 
  972.000  8.468139e-01 
  973.000  8.230450e-01 
  974.000  7.945306e-01 
  975.000  7.764360e-01 
  976.000  7.986356e-01 
  977.000  8.358532e-01 
  978.000  8.330154e-01 
  979.000  8.429794e-01 
  980.000  8.818117e-01 
  981.000  8.906298e-01 
  982.000  8.821373e-01 
  983.000  9.024051e-01 
  984.000  9.233997e-01 
  985.000  9.354331e-01 
  986.000  9.510146e-01 
  987.000  9.578416e-01 
  988.000  9.594520e-01 
  989.000  9.604875e-01 
  990.000  9.621614e-01 
  991.000  9.679935e-01 
  992.000  9.696546e-01 
  993.000  9.702795e-01 
  994.000  9.755398e-01 
  995.000  9.786440e-01 
  996.000  9.786086e-01 
  997.000  9.768245e-01 
  998.000  9.741601e-01 
  999.000  9.731804e-01 
 1000.000  9.739709e-01 
 1001.000  9.683990e-01 
 1002.000  9.595101e-01 
 1003.000  9.616155e-01 
 1004.000  9.667238e-01 
 1005.000  9.690601e-01 
 1006.000  9.698038e-01 
 1007.000  9.680974e-01 
 1008.000  9.608538e-01 
 1009.000  9.511986e-01 
 1010.000  9.554969e-01 
 1011.000  9.657735e-01 
 1012.000  9.697011e-01 
 1013.000  9.727967e-01 
 1014.000  9.740961e-01 
 1015.000  9.743450e-01 
 1016.000  9.757438e-01 
 1017.000  9.765550e-01 
 1018.000  9.748026e-01 
 1019.000  9.712167e-01 
 1020.000  9.724724e-01 
 1021.000  9.750555e-01 
 1022.000  9.707088e-01 
 1023.000  9.670792e-01 
 1024.000  9.649065e-01 
 1025.000  9.715566e-01 
 1026.000  9.744968e-01 
 1027.000  9.732473e-01 
 1028.000  9.742734e-01 
 1029.000  9.772044e-01 
 1030.000  9.792134e-01 
 1031.000  9.807901e-01 
 1032.000  9.818365e-01 
 1033.000  9.819698e-01 
 1034.000  9.825574e-01 
 1035.000  9.830442e-01 
 1036.000  9.828678e-01 
 1037.000  9.830008e-01 
 1038.000  9.832788e-01 
 1039.000  9.828078e-01 
 1040.000  9.824138e-01 
 1041.000  9.821121e-01 
 1042.000  9.820477e-01 
 1043.000  9.820701e-01 
 1044.000  9.818131e-01 
 1045.000  9.809198e-01 
 1046.000  9.803319e-01 
 1047.000  9.796446e-01 
 1048.000  9.788141e-01 
 1049.000  9.780126e-01 
 1050.000  9.772128e-01 
 1051.000  9.760410e-01 
 1052.000  9.752186e-01 
 1053.000  9.750100e-01 
 1054.000  9.737066e-01 
 1055.000  9.726039e-01 
 1056.000  9.715491e-01 
 1057.000  9.690132e-01 
 1058.000  9.644316e-01 
 1059.000  9.646797e-01 
 1060.000  9.668661e-01 
 1061.000  9.662550e-01 
 1062.000  9.633955e-01 
 1063.000  9.624020e-01 
 1064.000  9.600335e-01 
 1065.000  9.577672e-01 
 1066.000  9.580016e-01 
 1067.000  9.565071e-01 
 1068.000  9.510326e-01 
 1069.000  9.483779e-01 
 1070.000  9.492731e-01 
 1071.000  9.457945e-01 
 1072.000  9.422346e-01 
 1073.000  9.416003e-01 
 1074.000  9.422094e-01 
 1075.000  9.476358e-01 
 1076.000  9.443265e-01 
 1077.000  9.398708e-01 
 1078.000  9.346190e-01 
 1079.000  9.339644e-01 
 1080.000  9.198982e-01 
 1081.000  9.191326e-01 
 1082.000  9.253359e-01 
 1083.000  9.178661e-01 
 1084.000  9.097270e-01 
 1085.000  8.904639e-01 
 1086.000  8.949326e-01 
 1087.000  9.161330e-01 
 1088.000  9.170042e-01 
 1089.000  8.911341e-01 
 1090.000  8.862569e-01 
 1091.000  8.910767e-01 
 1092.000  8.782828e-01 
 1093.000  8.500672e-01 
 1094.000  8.378923e-01 
 1095.000  8.397613e-01 
 1096.000  8.413379e-01 
 1097.000  8.355733e-01 
 1098.000  7.688482e-01 
 1099.000  7.136036e-01 
 1100.000  7.171701e-01 
 1101.000  7.245422e-01 
 1102.000  7.206187e-01 
 1103.000  7.253421e-01 
 1104.000  7.159789e-01 
 1105.000  6.929938e-01 
 1106.000  6.704499e-01 
 1107.000  6.754763e-01 
 1108.000  6.787929e-01 
 1109.000  6.970461e-01 
 1110.000  6.932530e-01 
 1111.000  6.817904e-01 
 1112.000  6.342761e-01 
 1113.000  5.705765e-01 
 1114.000  5.513837e-01 
 1115.000  4.774699e-01 
 1116.000  4.342553e-01 
 1117.000  3.434544e-01 
 1118.000  2.669114e-01 
 1119.000  2.285347e-01 
 1120.000  1.858897e-01 
 1121.000  1.766925e-01 
 1122.000  1.388177e-01 
 1123.000  1.575688e-01 
 1124.000  1.708684e-01 
 1125.000  1.634742e-01 
 1126.000  1.607736e-01 
 1127.000  1.645002e-01 
 1128.000  1.716913e-01 
 1129.000  2.122935e-01 
 1130.000  3.182561e-01 
 1131.000  3.522058e-01 
 1132.000  3.054909e-01 
 1133.000  2.293388e-01 
 1134.000  1.154251e-01 
 1135.000  1.231167e-01 
 1136.000  2.414576e-01 
 1137.000  3.202040e-01 
 1138.000  4.068747e-01 
 1139.000  4.381079e-01 
 1140.000  4.207814e-01 
 1141.000  3.877444e-01 
 1142.000  3.756270e-01 
 1143.000  3.389183e-01 
 1144.000  3.000662e-01 
 1145.000  2.472771e-01 
 1146.000  2.594862e-01 
 1147.000  3.014165e-01 
 1148.000  3.409170e-01 
 1149.000  3.581775e-01 
 1150.000  3.608939e-01 
 1151.000  3.882519e-01 
 1152.000  4.019241e-01 
 1153.000  4.219349e-01 
 1154.000  4.182424e-01 
 1155.000  4.570412e-01 
 1156.000  5.009258e-01 
 1157.000  5.943561e-01 
 1158.000  6.364188e-01 
 1159.000  6.738382e-01 
 1160.000  6.898898e-01 
 1161.000  7.287881e-01 
 1162.000  7.584935e-01 
 1163.000  7.946182e-01 
 1164.000  8.028547e-01 
 1165.000  8.066085e-01 
 1166.000  8.148494e-01 
 1167.000  8.199061e-01 
 1168.000  8.181200e-01 
 1169.000  8.235566e-01 
 1170.000  8.284176e-01 
 1171.000  8.411577e-01 
 1172.000  8.337116e-01 
 1173.000  8.264682e-01 
 1174.000  8.269288e-01 
 1175.000  8.468903e-01 
 1176.000  8.654049e-01 
 1177.000  8.566311e-01 
 1178.000  8.387825e-01 
 1179.000  8.388290e-01 
 1180.000  8.324058e-01 
 1181.000  8.159520e-01 
 1182.000  7.997714e-01 
 1183.000  8.017596e-01 
 1184.000  8.110515e-01 
 1185.000  8.340098e-01 
 1186.000  8.272260e-01 
 1187.000  8.040022e-01 
 1188.000  7.988546e-01 
 1189.000  8.134225e-01 
 1190.000  8.506324e-01 
 1191.000  8.618622e-01 
 1192.000  8.780703e-01 
 1193.000  8.745965e-01 
 1194.000  8.722362e-01 
 1195.000  8.563697e-01 
 1196.000  8.585619e-01 
 1197.000  8.508474e-01 
 1198.000  8.491127e-01 
 1199.000  8.394843e-01 
 1200.000  8.450191e-01 
