  250.000  0.000000e+00 
  251.000  0.000000e+00 
  252.000  0.000000e+00 
  253.000  0.000000e+00 
  254.000  0.000000e+00 
  255.000  0.000000e+00 
  256.000  0.000000e+00 
  257.000  0.000000e+00 
  258.000  0.000000e+00 
  259.000  0.000000e+00 
  260.000  0.000000e+00 
  261.000  0.000000e+00 
  262.000  0.000000e+00 
  263.000  0.000000e+00 
  264.000  0.000000e+00 
  265.000  0.000000e+00 
  266.000  0.000000e+00 
  267.000  0.000000e+00 
  268.000  0.000000e+00 
  269.000  0.000000e+00 
  270.000  0.000000e+00 
  271.000  0.000000e+00 
  272.000  0.000000e+00 
  273.000  0.000000e+00 
  274.000  0.000000e+00 
  275.000  0.000000e+00 
  276.000  0.000000e+00 
  277.000  0.000000e+00 
  278.000  0.000000e+00 
  279.000  0.000000e+00 
  280.000  0.000000e+00 
  281.000  0.000000e+00 
  282.000  0.000000e+00 
  283.000  0.000000e+00 
  284.000  0.000000e+00 
  285.000  0.000000e+00 
  286.000  0.000000e+00 
  287.000  0.000000e+00 
  288.000  0.000000e+00 
  289.000  0.000000e+00 
  290.000  0.000000e+00 
  291.000  0.000000e+00 
  292.000  5.651775e-12 
  293.000  5.549649e-11 
  294.000  1.132643e-09 
  295.000  7.915592e-09 
  296.000  8.800483e-08 
  297.000  4.174132e-07 
  298.000  2.992088e-06 
  299.000  8.847683e-06 
  300.000  3.530516e-05 
  301.000  1.083675e-04 
  302.000  2.411871e-04 
  303.000  6.871291e-04 
  304.000  1.071094e-03 
  305.000  2.504736e-03 
  306.000  3.904468e-03 
  307.000  6.681756e-03 
  308.000  9.539774e-03 
  309.000  1.274233e-02 
  310.000  2.163849e-02 
  311.000  2.644611e-02 
  312.000  3.552930e-02 
  313.000  4.507238e-02 
  314.000  4.959952e-02 
  315.000  6.623781e-02 
  316.000  7.258667e-02 
  317.000  8.349326e-02 
  318.000  9.273114e-02 
  319.000  1.199912e-01 
  320.000  9.966003e-02 
  321.000  1.440071e-01 
  322.000  1.254319e-01 
  323.000  1.486306e-01 
  324.000  1.735851e-01 
  325.000  1.544045e-01 
  326.000  1.857133e-01 
  327.000  1.946795e-01 
  328.000  1.746873e-01 
  329.000  2.130878e-01 
  330.000  2.192077e-01 
  331.000  2.062722e-01 
  332.000  2.306765e-01 
  333.000  2.377857e-01 
  334.000  2.313877e-01 
  335.000  2.499725e-01 
  336.000  2.574787e-01 
  337.000  2.538511e-01 
  338.000  2.627805e-01 
  339.000  2.721428e-01 
  340.000  2.702230e-01 
  341.000  2.794326e-01 
  342.000  2.861689e-01 
  343.000  2.894216e-01 
  344.000  2.898202e-01 
  345.000  2.991618e-01 
  346.000  3.050075e-01 
  347.000  3.097565e-01 
  348.000  3.142201e-01 
  349.000  3.193145e-01 
  350.000  3.236511e-01 
  351.000  3.279963e-01 
  352.000  3.315248e-01 
  353.000  3.367096e-01 
  354.000  3.411074e-01 
  355.000  3.452152e-01 
  356.000  3.492454e-01 
  357.000  3.528491e-01 
  358.000  3.567777e-01 
  359.000  3.607067e-01 
  360.000  3.647063e-01 
  361.000  3.697507e-01 
  362.000  3.750142e-01 
  363.000  3.799070e-01 
  364.000  3.844478e-01 
  365.000  3.887268e-01 
  366.000  3.931401e-01 
  367.000  3.973543e-01 
  368.000  4.015480e-01 
  369.000  4.057225e-01 
  370.000  4.098712e-01 
  371.000  4.140036e-01 
  372.000  4.181179e-01 
  373.000  4.222130e-01 
  374.000  4.262593e-01 
  375.000  4.302450e-01 
  376.000  4.341154e-01 
  377.000  4.377976e-01 
  378.000  4.412442e-01 
  379.000  4.447508e-01 
  380.000  4.485929e-01 
  381.000  4.529458e-01 
  382.000  4.574627e-01 
  383.000  4.617609e-01 
  384.000  4.658628e-01 
  385.000  4.698350e-01 
  386.000  4.737216e-01 
  387.000  4.775590e-01 
  388.000  4.813598e-01 
  389.000  4.851403e-01 
  390.000  4.889011e-01 
  391.000  4.926345e-01 
  392.000  4.963501e-01 
  393.000  5.000452e-01 
  394.000  5.037161e-01 
  395.000  5.073595e-01 
  396.000  5.109884e-01 
  397.000  5.145851e-01 
  398.000  5.181580e-01 
  399.000  5.217093e-01 
  400.000  5.252213e-01 
  401.000  5.287272e-01 
  402.000  5.322133e-01 
  403.000  5.356774e-01 
  404.000  5.391189e-01 
  405.000  5.425311e-01 
  406.000  5.459278e-01 
  407.000  5.493051e-01 
  408.000  5.526604e-01 
  409.000  5.559902e-01 
  410.000  5.592956e-01 
  411.000  5.625754e-01 
  412.000  5.658273e-01 
  413.000  5.690665e-01 
  414.000  5.720651e-01 
  415.000  5.753364e-01 
  416.000  5.785736e-01 
  417.000  5.817616e-01 
  418.000  5.848786e-01 
  419.000  5.879674e-01 
  420.000  5.910341e-01 
  421.000  5.940877e-01 
  422.000  5.971273e-01 
  423.000  6.001496e-01 
  424.000  6.031409e-01 
  425.000  6.060681e-01 
  426.000  6.089719e-01 
  427.000  6.118550e-01 
  428.000  6.146892e-01 
  429.000  6.174871e-01 
  430.000  6.202574e-01 
  431.000  6.230109e-01 
  432.000  6.257402e-01 
  433.000  6.284478e-01 
  434.000  6.311366e-01 
  435.000  6.338031e-01 
  436.000  6.364439e-01 
  437.000  6.390600e-01 
  438.000  6.416504e-01 
  439.000  6.442245e-01 
  440.000  6.467616e-01 
  441.000  6.492705e-01 
  442.000  6.517442e-01 
  443.000  6.541848e-01 
  444.000  6.565912e-01 
  445.000  6.589507e-01 
  446.000  6.612504e-01 
  447.000  6.636612e-01 
  448.000  6.662407e-01 
  449.000  6.688520e-01 
  450.000  6.714181e-01 
  451.000  6.738879e-01 
  452.000  6.762748e-01 
  453.000  6.786172e-01 
  454.000  6.809213e-01 
  455.000  6.830856e-01 
  456.000  6.850675e-01 
  457.000  6.870508e-01 
  458.000  6.890094e-01 
  459.000  6.909292e-01 
  460.000  6.928352e-01 
  461.000  6.947227e-01 
  462.000  6.965765e-01 
  463.000  6.984264e-01 
  464.000  7.008877e-01 
  465.000  7.033164e-01 
  466.000  7.057071e-01 
  467.000  7.080481e-01 
  468.000  7.099387e-01 
  469.000  7.115641e-01 
  470.000  7.130671e-01 
  471.000  7.144300e-01 
  472.000  7.155895e-01 
  473.000  7.163984e-01 
  474.000  7.170721e-01 
  475.000  7.172853e-01 
  476.000  7.170326e-01 
  477.000  7.170664e-01 
  478.000  7.188924e-01 
  479.000  7.216551e-01 
  480.000  7.246373e-01 
  481.000  7.273280e-01 
  482.000  7.298875e-01 
  483.000  7.321239e-01 
  484.000  7.340571e-01 
  485.000  7.357941e-01 
  486.000  7.376764e-01 
  487.000  7.396797e-01 
  488.000  7.416236e-01 
  489.000  7.435349e-01 
  490.000  7.454258e-01 
  491.000  7.468808e-01 
  492.000  7.482039e-01 
  493.000  7.495206e-01 
  494.000  7.508017e-01 
  495.000  7.520825e-01 
  496.000  7.526817e-01 
  497.000  7.532520e-01 
  498.000  7.538128e-01 
  499.000  7.543412e-01 
  500.000  7.548601e-01 
  501.000  7.553118e-01 
  502.000  7.557631e-01 
  503.000  7.562078e-01 
  504.000  7.566297e-01 
  505.000  7.570255e-01 
  506.000  7.583992e-01 
  507.000  7.598173e-01 
  508.000  7.612334e-01 
  509.000  7.626343e-01 
  510.000  7.640072e-01 
  511.000  7.652289e-01 
  512.000  7.664064e-01 
  513.000  7.675774e-01 
  514.000  7.687344e-01 
  515.000  7.698815e-01 
  516.000  7.706738e-01 
  517.000  7.711484e-01 
  518.000  7.716091e-01 
  519.000  7.720601e-01 
  520.000  7.725062e-01 
  521.000  7.729006e-01 
  522.000  7.731667e-01 
  523.000  7.733473e-01 
  524.000  7.735348e-01 
  525.000  7.736738e-01 
  526.000  7.738848e-01 
  527.000  7.738610e-01 
  528.000  7.737406e-01 
  529.000  7.736175e-01 
  530.000  7.735049e-01 
  531.000  7.733988e-01 
  532.000  7.733973e-01 
  533.000  7.740116e-01 
  534.000  7.747867e-01 
  535.000  7.756612e-01 
  536.000  7.765067e-01 
  537.000  7.772798e-01 
  538.000  7.779704e-01 
  539.000  7.786091e-01 
  540.000  7.792077e-01 
  541.000  7.797885e-01 
  542.000  7.803436e-01 
  543.000  7.808786e-01 
  544.000  7.812663e-01 
  545.000  7.815322e-01 
  546.000  7.817840e-01 
  547.000  7.820436e-01 
  548.000  7.822883e-01 
  549.000  7.825282e-01 
  550.000  7.826070e-01 
  551.000  7.825294e-01 
  552.000  7.824570e-01 
  553.000  7.823556e-01 
  554.000  7.822407e-01 
  555.000  7.821180e-01 
  556.000  7.819359e-01 
  557.000  7.816542e-01 
  558.000  7.813565e-01 
  559.000  7.810342e-01 
  560.000  7.806522e-01 
  561.000  7.802156e-01 
  562.000  7.795150e-01 
  563.000  7.790143e-01 
  564.000  7.783952e-01 
  565.000  7.775314e-01 
  566.000  7.768179e-01 
  567.000  7.751958e-01 
  568.000  7.714645e-01 
  569.000  7.651571e-01 
  570.000  7.655182e-01 
  571.000  7.688469e-01 
  572.000  7.643406e-01 
  573.000  7.643148e-01 
  574.000  7.641345e-01 
  575.000  7.635710e-01 
  576.000  7.639881e-01 
  577.000  7.658625e-01 
  578.000  7.685870e-01 
  579.000  7.714285e-01 
  580.000  7.747129e-01 
  581.000  7.790983e-01 
  582.000  7.823172e-01 
  583.000  7.845972e-01 
  584.000  7.866769e-01 
  585.000  7.885756e-01 
  586.000  7.901898e-01 
  587.000  7.896078e-01 
  588.000  7.824275e-01 
  589.000  7.694778e-01 
  590.000  7.692403e-01 
  591.000  7.792047e-01 
  592.000  7.747681e-01 
  593.000  7.859836e-01 
  594.000  7.841255e-01 
  595.000  7.770737e-01 
  596.000  7.872663e-01 
  597.000  7.841749e-01 
  598.000  7.877982e-01 
  599.000  7.888294e-01 
  600.000  7.920056e-01 
  601.000  7.934812e-01 
  602.000  7.935777e-01 
  603.000  7.949598e-01 
  604.000  7.972398e-01 
  605.000  7.989818e-01 
  606.000  8.003711e-01 
  607.000  8.017208e-01 
  608.000  8.030478e-01 
  609.000  8.043255e-01 
  610.000  8.056566e-01 
  611.000  8.071470e-01 
  612.000  8.086106e-01 
  613.000  8.100343e-01 
  614.000  8.114215e-01 
  615.000  8.128056e-01 
  616.000  8.141455e-01 
  617.000  8.154204e-01 
  618.000  8.164992e-01 
  619.000  8.174277e-01 
  620.000  8.182976e-01 
  621.000  8.190641e-01 
  622.000  8.197274e-01 
  623.000  8.202162e-01 
  624.000  8.207276e-01 
  625.000  8.211777e-01 
  626.000  8.210444e-01 
  627.000  8.169686e-01 
  628.000  7.839556e-01 
  629.000  8.055109e-01 
  630.000  8.090867e-01 
  631.000  8.159149e-01 
  632.000  8.175817e-01 
  633.000  8.244597e-01 
  634.000  8.291101e-01 
  635.000  8.318549e-01 
  636.000  8.352513e-01 
  637.000  8.382173e-01 
  638.000  8.422467e-01 
  639.000  8.447983e-01 
  640.000  8.479357e-01 
  641.000  8.500066e-01 
  642.000  8.525678e-01 
  643.000  8.527332e-01 
  644.000  8.544939e-01 
  645.000  8.540393e-01 
  646.000  8.479398e-01 
  647.000  8.437437e-01 
  648.000  8.388457e-01 
  649.000  8.454910e-01 
  650.000  8.570547e-01 
  651.000  8.581331e-01 
  652.000  8.499926e-01 
  653.000  8.616683e-01 
  654.000  8.615714e-01 
  655.000  8.587711e-01 
  656.000  8.611876e-01 
  657.000  8.642968e-01 
  658.000  8.689703e-01 
  659.000  8.716114e-01 
  660.000  8.736723e-01 
  661.000  8.773822e-01 
  662.000  8.796831e-01 
  663.000  8.804217e-01 
  664.000  8.820014e-01 
  665.000  8.835233e-01 
  666.000  8.852261e-01 
  667.000  8.867491e-01 
  668.000  8.884252e-01 
  669.000  8.897779e-01 
  670.000  8.910363e-01 
  671.000  8.923320e-01 
  672.000  8.935455e-01 
  673.000  8.947452e-01 
  674.000  8.959374e-01 
  675.000  8.971297e-01 
  676.000  8.982578e-01 
  677.000  8.992912e-01 
  678.000  9.003252e-01 
  679.000  9.012473e-01 
  680.000  9.016889e-01 
  681.000  9.019489e-01 
  682.000  9.026954e-01 
  683.000  9.032694e-01 
  684.000  9.033397e-01 
  685.000  9.049448e-01 
  686.000  9.007307e-01 
  687.000  7.453176e-01 
  688.000  7.932788e-01 
  689.000  7.801890e-01 
  690.000  8.054270e-01 
  691.000  8.403003e-01 
  692.000  8.639444e-01 
  693.000  8.654698e-01 
  694.000  8.616150e-01 
  695.000  8.729593e-01 
  696.000  8.794289e-01 
  697.000  9.025561e-01 
  698.000  8.985271e-01 
  699.000  8.789361e-01 
  700.000  8.827086e-01 
  701.000  8.786374e-01 
  702.000  8.823498e-01 
  703.000  8.995861e-01 
  704.000  9.007266e-01 
  705.000  8.941457e-01 
  706.000  8.958396e-01 
  707.000  8.986636e-01 
  708.000  9.016871e-01 
  709.000  9.075202e-01 
  710.000  9.020062e-01 
  711.000  9.083195e-01 
  712.000  9.137443e-01 
  713.000  9.099992e-01 
  714.000  9.089661e-01 
  715.000  9.027081e-01 
  716.000  8.962299e-01 
  717.000  8.525854e-01 
  718.000  8.257490e-01 
  719.000  8.162959e-01 
  720.000  8.016639e-01 
  721.000  8.670166e-01 
  722.000  8.903360e-01 
  723.000  8.776981e-01 
  724.000  8.409985e-01 
  725.000  8.468149e-01 
  726.000  8.452749e-01 
  727.000  8.507400e-01 
  728.000  8.451933e-01 
  729.000  8.596167e-01 
  730.000  8.573176e-01 
  731.000  8.544967e-01 
  732.000  8.786774e-01 
  733.000  9.017489e-01 
  734.000  9.129277e-01 
  735.000  9.092491e-01 
  736.000  9.021745e-01 
  737.000  9.077877e-01 
  738.000  9.154419e-01 
  739.000  9.188186e-01 
  740.000  9.261215e-01 
  741.000  9.304010e-01 
  742.000  9.322858e-01 
  743.000  9.356542e-01 
  744.000  9.374943e-01 
  745.000  9.389715e-01 
  746.000  9.401502e-01 
  747.000  9.406747e-01 
  748.000  9.421774e-01 
  749.000  9.430113e-01 
  750.000  9.428352e-01 
  751.000  9.432692e-01 
  752.000  9.446039e-01 
  753.000  9.452637e-01 
  754.000  9.458235e-01 
  755.000  9.462537e-01 
  756.000  9.466948e-01 
  757.000  9.470093e-01 
  758.000  9.445398e-01 
  759.000  8.591277e-01 
  760.000  2.983269e-01 
  761.000  2.543218e-01 
  762.000  5.507872e-01 
  763.000  4.521913e-01 
  764.000  5.004492e-01 
  765.000  6.147053e-01 
  766.000  7.606840e-01 
  767.000  8.375270e-01 
  768.000  8.889068e-01 
  769.000  9.233192e-01 
  770.000  9.428253e-01 
  771.000  9.512531e-01 
  772.000  9.534023e-01 
  773.000  9.545151e-01 
  774.000  9.560289e-01 
  775.000  9.569790e-01 
  776.000  9.576461e-01 
  777.000  9.579121e-01 
  778.000  9.579990e-01 
  779.000  9.580499e-01 
  780.000  9.580894e-01 
  781.000  9.586859e-01 
  782.000  9.587091e-01 
  783.000  9.587491e-01 
  784.000  9.584260e-01 
  785.000  9.566132e-01 
  786.000  9.543014e-01 
  787.000  9.495713e-01 
  788.000  9.467971e-01 
  789.000  9.365821e-01 
  790.000  9.358046e-01 
  791.000  9.378632e-01 
  792.000  9.397694e-01 
  793.000  9.440746e-01 
  794.000  9.530893e-01 
  795.000  9.477469e-01 
  796.000  9.333289e-01 
  797.000  9.375840e-01 
  798.000  9.468567e-01 
  799.000  9.448625e-01 
  800.000  9.382825e-01 
  801.000  9.391763e-01 
  802.000  9.385976e-01 
  803.000  9.396702e-01 
  804.000  9.429033e-01 
  805.000  9.490121e-01 
  806.000  9.526938e-01 
  807.000  9.529474e-01 
  808.000  9.510090e-01 
  809.000  9.486041e-01 
  810.000  9.459638e-01 
  811.000  9.404402e-01 
  812.000  9.329745e-01 
  813.000  9.237992e-01 
  814.000  9.116522e-01 
  815.000  8.965126e-01 
  816.000  8.769742e-01 
  817.000  8.781751e-01 
  818.000  8.798612e-01 
  819.000  8.863938e-01 
  820.000  9.080643e-01 
  821.000  9.327673e-01 
  822.000  9.141244e-01 
  823.000  8.617893e-01 
  824.000  9.060451e-01 
  825.000  9.344429e-01 
  826.000  9.296623e-01 
  827.000  9.261636e-01 
  828.000  9.075814e-01 
  829.000  9.143856e-01 
  830.000  9.219863e-01 
  831.000  9.238213e-01 
  832.000  9.246492e-01 
  833.000  9.290548e-01 
  834.000  9.342244e-01 
  835.000  9.444117e-01 
  836.000  9.412238e-01 
  837.000  9.409441e-01 
  838.000  9.459465e-01 
  839.000  9.490067e-01 
  840.000  9.501669e-01 
  841.000  9.469953e-01 
  842.000  9.499801e-01 
  843.000  9.569681e-01 
  844.000  9.601724e-01 
  845.000  9.617055e-01 
  846.000  9.633136e-01 
  847.000  9.644182e-01 
  848.000  9.623598e-01 
  849.000  9.627925e-01 
  850.000  9.614846e-01 
  851.000  9.599099e-01 
  852.000  9.601462e-01 
  853.000  9.629398e-01 
  854.000  9.628617e-01 
  855.000  9.642997e-01 
  856.000  9.666663e-01 
  857.000  9.678662e-01 
  858.000  9.684203e-01 
  859.000  9.700130e-01 
  860.000  9.710297e-01 
  861.000  9.712305e-01 
  862.000  9.717966e-01 
  863.000  9.719198e-01 
  864.000  9.723260e-01 
  865.000  9.726683e-01 
  866.000  9.728004e-01 
  867.000  9.728017e-01 
  868.000  9.729018e-01 
  869.000  9.730527e-01 
  870.000  9.730350e-01 
  871.000  9.731802e-01 
  872.000  9.734579e-01 
  873.000  9.732867e-01 
  874.000  9.732180e-01 
  875.000  9.732423e-01 
  876.000  9.729037e-01 
  877.000  9.727573e-01 
  878.000  9.718320e-01 
  879.000  9.718129e-01 
  880.000  9.711496e-01 
  881.000  9.706949e-01 
  882.000  9.702602e-01 
  883.000  9.708027e-01 
  884.000  9.710538e-01 
  885.000  9.695768e-01 
  886.000  9.675327e-01 
  887.000  9.691352e-01 
  888.000  9.690819e-01 
  889.000  9.697350e-01 
  890.000  9.686748e-01 
  891.000  9.666851e-01 
  892.000  9.612670e-01 
  893.000  9.446337e-01 
  894.000  9.363826e-01 
  895.000  9.109697e-01 
  896.000  8.881741e-01 
  897.000  8.641049e-01 
  898.000  8.528579e-01 
  899.000  8.208452e-01 
  900.000  8.255531e-01 
  901.000  8.172365e-01 
  902.000  8.187822e-01 
  903.000  8.726764e-01 
  904.000  9.054551e-01 
  905.000  9.042912e-01 
  906.000  8.838720e-01 
  907.000  8.476459e-01 
  908.000  8.237270e-01 
  909.000  8.248059e-01 
  910.000  8.284690e-01 
  911.000  8.444330e-01 
  912.000  8.367649e-01 
  913.000  8.032560e-01 
  914.000  8.198890e-01 
  915.000  8.329717e-01 
  916.000  8.365313e-01 
  917.000  8.436320e-01 
  918.000  8.528003e-01 
  919.000  8.838812e-01 
  920.000  9.073004e-01 
  921.000  9.021769e-01 
  922.000  9.017760e-01 
  923.000  8.952920e-01 
  924.000  8.796356e-01 
  925.000  8.784094e-01 
  926.000  8.781618e-01 
  927.000  8.599238e-01 
  928.000  8.317833e-01 
  929.000  7.910036e-01 
  930.000  7.388906e-01 
  931.000  6.802973e-01 
  932.000  6.033252e-01 
  933.000  5.451912e-01 
  934.000  4.848655e-01 
  935.000  4.785017e-01 
  936.000  5.026029e-01 
  937.000  4.964326e-01 
  938.000  5.633940e-01 
  939.000  7.346460e-01 
  940.000  7.597746e-01 
  941.000  7.380142e-01 
  942.000  6.844882e-01 
  943.000  5.946219e-01 
  944.000  5.883733e-01 
  945.000  6.209511e-01 
  946.000  6.227192e-01 
  947.000  6.514843e-01 
  948.000  6.683198e-01 
  949.000  6.660588e-01 
  950.000  6.703570e-01 
  951.000  7.079229e-01 
  952.000  6.676608e-01 
  953.000  6.957946e-01 
  954.000  7.258313e-01 
  955.000  7.013518e-01 
  956.000  6.957277e-01 
  957.000  7.715680e-01 
  958.000  7.812600e-01 
  959.000  7.686538e-01 
  960.000  7.649660e-01 
  961.000  7.586398e-01 
  962.000  7.643583e-01 
  963.000  8.056869e-01 
  964.000  8.115903e-01 
  965.000  8.076339e-01 
  966.000  8.098470e-01 
  967.000  8.391618e-01 
  968.000  8.878322e-01 
  969.000  9.097052e-01 
  970.000  9.108876e-01 
  971.000  9.103906e-01 
  972.000  9.042187e-01 
  973.000  8.898949e-01 
  974.000  8.723875e-01 
  975.000  8.611198e-01 
  976.000  8.749502e-01 
  977.000  8.977171e-01 
  978.000  8.958793e-01 
  979.000  9.017625e-01 
  980.000  9.248809e-01 
  981.000  9.300014e-01 
  982.000  9.248726e-01 
  983.000  9.367148e-01 
  984.000  9.488884e-01 
  985.000  9.558036e-01 
  986.000  9.647121e-01 
  987.000  9.685773e-01 
  988.000  9.694775e-01 
  989.000  9.700621e-01 
  990.000  9.710249e-01 
  991.000  9.743520e-01 
  992.000  9.753165e-01 
  993.000  9.756939e-01 
  994.000  9.779375e-01 
  995.000  9.800247e-01 
  996.000  9.800270e-01 
  997.000  9.788390e-01 
  998.000  9.774715e-01 
  999.000  9.768983e-01 
 1000.000  9.774191e-01 
 1001.000  9.748658e-01 
 1002.000  9.698313e-01 
 1003.000  9.710634e-01 
 1004.000  9.740060e-01 
 1005.000  9.753651e-01 
 1006.000  9.757740e-01 
 1007.000  9.748333e-01 
 1008.000  9.707244e-01 
 1009.000  9.652104e-01 
 1010.000  9.676858e-01 
 1011.000  9.735555e-01 
 1012.000  9.757968e-01 
 1013.000  9.768883e-01 
 1014.000  9.776854e-01 
 1015.000  9.778267e-01 
 1016.000  9.783921e-01 
 1017.000  9.789193e-01 
 1018.000  9.781007e-01 
 1019.000  9.758886e-01 
 1020.000  9.766576e-01 
 1021.000  9.782507e-01 
 1022.000  9.763010e-01 
 1023.000  9.742082e-01 
 1024.000  9.729394e-01 
 1025.000  9.759959e-01 
 1026.000  9.777691e-01 
 1027.000  9.769645e-01 
 1028.000  9.775405e-01 
 1029.000  9.790686e-01 
 1030.000  9.805257e-01 
 1031.000  9.812027e-01 
 1032.000  9.816518e-01 
 1033.000  9.818407e-01 
 1034.000  9.823208e-01 
 1035.000  9.824523e-01 
 1036.000  9.820724e-01 
 1037.000  9.819223e-01 
 1038.000  9.820637e-01 
 1039.000  9.817228e-01 
 1040.000  9.813749e-01 
 1041.000  9.811032e-01 
 1042.000  9.810029e-01 
 1043.000  9.809305e-01 
 1044.000  9.806395e-01 
 1045.000  9.799334e-01 
 1046.000  9.794237e-01 
 1047.000  9.787809e-01 
 1048.000  9.777318e-01 
 1049.000  9.765488e-01 
 1050.000  9.757247e-01 
 1051.000  9.749725e-01 
 1052.000  9.741935e-01 
 1053.000  9.737211e-01 
 1054.000  9.726450e-01 
 1055.000  9.715306e-01 
 1056.000  9.704580e-01 
 1057.000  9.688184e-01 
 1058.000  9.656489e-01 
 1059.000  9.653872e-01 
 1060.000  9.660357e-01 
 1061.000  9.656289e-01 
 1062.000  9.635343e-01 
 1063.000  9.623724e-01 
 1064.000  9.605423e-01 
 1065.000  9.589957e-01 
 1066.000  9.590804e-01 
 1067.000  9.580218e-01 
 1068.000  9.559544e-01 
 1069.000  9.555333e-01 
 1070.000  9.568713e-01 
 1071.000  9.556298e-01 
 1072.000  9.541276e-01 
 1073.000  9.543281e-01 
 1074.000  9.552296e-01 
 1075.000  9.588755e-01 
 1076.000  9.574738e-01 
 1077.000  9.553732e-01 
 1078.000  9.527826e-01 
 1079.000  9.528344e-01 
 1080.000  9.450202e-01 
 1081.000  9.448993e-01 
 1082.000  9.488105e-01 
 1083.000  9.448125e-01 
 1084.000  9.403412e-01 
 1085.000  9.292434e-01 
 1086.000  9.321576e-01 
 1087.000  9.448770e-01 
 1088.000  9.455787e-01 
 1089.000  9.305902e-01 
 1090.000  9.279415e-01 
 1091.000  9.310319e-01 
 1092.000  9.237185e-01 
 1093.000  9.069681e-01 
 1094.000  8.997241e-01 
 1095.000  9.010491e-01 
 1096.000  9.022698e-01 
 1097.000  8.990803e-01 
 1098.000  8.578984e-01 
 1099.000  8.226691e-01 
 1100.000  8.251752e-01 
 1101.000  8.301683e-01 
 1102.000  8.279723e-01 
 1103.000  8.313155e-01 
 1104.000  8.254846e-01 
 1105.000  8.107189e-01 
 1106.000  7.957081e-01 
 1107.000  7.996210e-01 
 1108.000  8.025791e-01 
 1109.000  8.156897e-01 
 1110.000  8.144256e-01 
 1111.000  8.074774e-01 
 1112.000  7.760540e-01 
 1113.000  7.330216e-01 
 1114.000  7.217806e-01 
 1115.000  6.686825e-01 
 1116.000  6.356127e-01 
 1117.000  5.581640e-01 
 1118.000  4.872533e-01 
 1119.000  4.498169e-01 
 1120.000  4.029160e-01 
 1121.000  3.925894e-01 
 1122.000  3.434443e-01 
 1123.000  3.705182e-01 
 1124.000  3.887343e-01 
 1125.000  3.792777e-01 
 1126.000  3.754394e-01 
 1127.000  3.795004e-01 
 1128.000  3.873524e-01 
 1129.000  4.356290e-01 
 1130.000  5.482012e-01 
 1131.000  5.806356e-01 
 1132.000  5.363849e-01 
 1133.000  4.549698e-01 
 1134.000  3.073478e-01 
 1135.000  3.185043e-01 
 1136.000  4.664792e-01 
 1137.000  5.468974e-01 
 1138.000  6.240700e-01 
 1139.000  6.469355e-01 
 1140.000  6.322824e-01 
 1141.000  6.022122e-01 
 1142.000  5.917216e-01 
 1143.000  5.587417e-01 
 1144.000  5.214389e-01 
 1145.000  4.674132e-01 
 1146.000  4.801650e-01 
 1147.000  5.223565e-01 
 1148.000  5.597354e-01 
 1149.000  5.747034e-01 
 1150.000  5.751800e-01 
 1151.000  5.974284e-01 
 1152.000  6.082560e-01 
 1153.000  6.242598e-01 
 1154.000  6.191602e-01 
 1155.000  6.491793e-01 
 1156.000  6.829109e-01 
 1157.000  7.514433e-01 
 1158.000  7.791659e-01 
 1159.000  8.028882e-01 
 1160.000  8.126661e-01 
 1161.000  8.376709e-01 
 1162.000  8.556390e-01 
 1163.000  8.775472e-01 
 1164.000  8.827069e-01 
 1165.000  8.842729e-01 
 1166.000  8.888327e-01 
 1167.000  8.916068e-01 
 1168.000  8.905161e-01 
 1169.000  8.936538e-01 
 1170.000  8.965141e-01 
 1171.000  9.042222e-01 
 1172.000  8.996847e-01 
 1173.000  8.951951e-01 
 1174.000  8.954796e-01 
 1175.000  9.076971e-01 
 1176.000  9.189260e-01 
 1177.000  9.136754e-01 
 1178.000  9.028789e-01 
 1179.000  9.029192e-01 
 1180.000  8.990415e-01 
 1181.000  8.889473e-01 
 1182.000  8.789129e-01 
 1183.000  8.801609e-01 
 1184.000  8.859589e-01 
 1185.000  9.000868e-01 
 1186.000  8.959374e-01 
 1187.000  8.815075e-01 
 1188.000  8.782263e-01 
 1189.000  8.872419e-01 
 1190.000  9.100330e-01 
 1191.000  9.167885e-01 
 1192.000  9.264697e-01 
 1193.000  9.244002e-01 
 1194.000  9.229448e-01 
 1195.000  9.133889e-01 
 1196.000  9.147266e-01 
 1197.000  9.100758e-01 
 1198.000  9.090518e-01 
 1199.000  9.032102e-01 
 1200.000  9.065925e-01 
