  250.000  0.000000e+00 
  251.000  0.000000e+00 
  252.000  0.000000e+00 
  253.000  0.000000e+00 
  254.000  0.000000e+00 
  255.000  0.000000e+00 
  256.000  0.000000e+00 
  257.000  0.000000e+00 
  258.000  0.000000e+00 
  259.000  0.000000e+00 
  260.000  0.000000e+00 
  261.000  0.000000e+00 
  262.000  0.000000e+00 
  263.000  0.000000e+00 
  264.000  0.000000e+00 
  265.000  0.000000e+00 
  266.000  0.000000e+00 
  267.000  0.000000e+00 
  268.000  0.000000e+00 
  269.000  0.000000e+00 
  270.000  0.000000e+00 
  271.000  0.000000e+00 
  272.000  0.000000e+00 
  273.000  0.000000e+00 
  274.000  0.000000e+00 
  275.000  0.000000e+00 
  276.000  0.000000e+00 
  277.000  0.000000e+00 
  278.000  0.000000e+00 
  279.000  0.000000e+00 
  280.000  0.000000e+00 
  281.000  0.000000e+00 
  282.000  0.000000e+00 
  283.000  0.000000e+00 
  284.000  0.000000e+00 
  285.000  0.000000e+00 
  286.000  0.000000e+00 
  287.000  0.000000e+00 
  288.000  0.000000e+00 
  289.000  0.000000e+00 
  290.000  0.000000e+00 
  291.000  0.000000e+00 
  292.000  1.264510e-10 
  293.000  9.439591e-10 
  294.000  1.341534e-08 
  295.000  7.424462e-08 
  296.000  6.182518e-07 
  297.000  2.432752e-06 
  298.000  1.376757e-05 
  299.000  3.574454e-05 
  300.000  1.208085e-04 
  301.000  3.241239e-04 
  302.000  6.553471e-04 
  303.000  1.646621e-03 
  304.000  2.433595e-03 
  305.000  5.139376e-03 
  306.000  7.595814e-03 
  307.000  1.218719e-02 
  308.000  1.667222e-02 
  309.000  2.150893e-02 
  310.000  3.427675e-02 
  311.000  4.089576e-02 
  312.000  5.302933e-02 
  313.000  6.537943e-02 
  314.000  7.112465e-02 
  315.000  9.174306e-02 
  316.000  9.943837e-02 
  317.000  1.124743e-01 
  318.000  1.233555e-01 
  319.000  1.547575e-01 
  320.000  1.314312e-01 
  321.000  1.817096e-01 
  322.000  1.609159e-01 
  323.000  1.868337e-01 
  324.000  2.141760e-01 
  325.000  1.932060e-01 
  326.000  2.272908e-01 
  327.000  2.369200e-01 
  328.000  2.153723e-01 
  329.000  2.565261e-01 
  330.000  2.629984e-01 
  331.000  2.492917e-01 
  332.000  2.750698e-01 
  333.000  2.825163e-01 
  334.000  2.758159e-01 
  335.000  2.952195e-01 
  336.000  3.030067e-01 
  337.000  2.992468e-01 
  338.000  3.084906e-01 
  339.000  3.181422e-01 
  340.000  3.161663e-01 
  341.000  3.256295e-01 
  342.000  3.325276e-01 
  343.000  3.358514e-01 
  344.000  3.362584e-01 
  345.000  3.457780e-01 
  346.000  3.517169e-01 
  347.000  3.565315e-01 
  348.000  3.610488e-01 
  349.000  3.661949e-01 
  350.000  3.705679e-01 
  351.000  3.749424e-01 
  352.000  3.784898e-01 
  353.000  3.836938e-01 
  354.000  3.881005e-01 
  355.000  3.922104e-01 
  356.000  3.962369e-01 
  357.000  3.998327e-01 
  358.000  4.037476e-01 
  359.000  4.076577e-01 
  360.000  4.116329e-01 
  361.000  4.166390e-01 
  362.000  4.218538e-01 
  363.000  4.266935e-01 
  364.000  4.311782e-01 
  365.000  4.353987e-01 
  366.000  4.397458e-01 
  367.000  4.438912e-01 
  368.000  4.480112e-01 
  369.000  4.521074e-01 
  370.000  4.561731e-01 
  371.000  4.602180e-01 
  372.000  4.642404e-01 
  373.000  4.682392e-01 
  374.000  4.721859e-01 
  375.000  4.760690e-01 
  376.000  4.798357e-01 
  377.000  4.834155e-01 
  378.000  4.867630e-01 
  379.000  4.901655e-01 
  380.000  4.938898e-01 
  381.000  4.981048e-01 
  382.000  5.024732e-01 
  383.000  5.066255e-01 
  384.000  5.105839e-01 
  385.000  5.144129e-01 
  386.000  5.181558e-01 
  387.000  5.218477e-01 
  388.000  5.255008e-01 
  389.000  5.291311e-01 
  390.000  5.327390e-01 
  391.000  5.363173e-01 
  392.000  5.398754e-01 
  393.000  5.434107e-01 
  394.000  5.469196e-01 
  395.000  5.503993e-01 
  396.000  5.538622e-01 
  397.000  5.572913e-01 
  398.000  5.606950e-01 
  399.000  5.640754e-01 
  400.000  5.674155e-01 
  401.000  5.707473e-01 
  402.000  5.740575e-01 
  403.000  5.773444e-01 
  404.000  5.806072e-01 
  405.000  5.838398e-01 
  406.000  5.870552e-01 
  407.000  5.902500e-01 
  408.000  5.934216e-01 
  409.000  5.965667e-01 
  410.000  5.996867e-01 
  411.000  6.027803e-01 
  412.000  6.058455e-01 
  413.000  6.088964e-01 
  414.000  6.117190e-01 
  415.000  6.147962e-01 
  416.000  6.178394e-01 
  417.000  6.208342e-01 
  418.000  6.237605e-01 
  419.000  6.266584e-01 
  420.000  6.295337e-01 
  421.000  6.323950e-01 
  422.000  6.352416e-01 
  423.000  6.380700e-01 
  424.000  6.408679e-01 
  425.000  6.436042e-01 
  426.000  6.463169e-01 
  427.000  6.490089e-01 
  428.000  6.516538e-01 
  429.000  6.542633e-01 
  430.000  6.568456e-01 
  431.000  6.594110e-01 
  432.000  6.619524e-01 
  433.000  6.644724e-01 
  434.000  6.669734e-01 
  435.000  6.694526e-01 
  436.000  6.719065e-01 
  437.000  6.743364e-01 
  438.000  6.767412e-01 
  439.000  6.791297e-01 
  440.000  6.814828e-01 
  441.000  6.838086e-01 
  442.000  6.861007e-01 
  443.000  6.883612e-01 
  444.000  6.905890e-01 
  445.000  6.927724e-01 
  446.000  6.948995e-01 
  447.000  6.971285e-01 
  448.000  6.995124e-01 
  449.000  7.019246e-01 
  450.000  7.042938e-01 
  451.000  7.065732e-01 
  452.000  7.087749e-01 
  453.000  7.109350e-01 
  454.000  7.130587e-01 
  455.000  7.150528e-01 
  456.000  7.168782e-01 
  457.000  7.187042e-01 
  458.000  7.205069e-01 
  459.000  7.222732e-01 
  460.000  7.240264e-01 
  461.000  7.257618e-01 
  462.000  7.274657e-01 
  463.000  7.291656e-01 
  464.000  7.314264e-01 
  465.000  7.336563e-01 
  466.000  7.358505e-01 
  467.000  7.379981e-01 
  468.000  7.397319e-01 
  469.000  7.412221e-01 
  470.000  7.425997e-01 
  471.000  7.438485e-01 
  472.000  7.449108e-01 
  473.000  7.456518e-01 
  474.000  7.462688e-01 
  475.000  7.464641e-01 
  476.000  7.462327e-01 
  477.000  7.462636e-01 
  478.000  7.479356e-01 
  479.000  7.504644e-01 
  480.000  7.531928e-01 
  481.000  7.556534e-01 
  482.000  7.579931e-01 
  483.000  7.600364e-01 
  484.000  7.618022e-01 
  485.000  7.633883e-01 
  486.000  7.651066e-01 
  487.000  7.669348e-01 
  488.000  7.687083e-01 
  489.000  7.704513e-01 
  490.000  7.721753e-01 
  491.000  7.735014e-01 
  492.000  7.747071e-01 
  493.000  7.759067e-01 
  494.000  7.770737e-01 
  495.000  7.782402e-01 
  496.000  7.787858e-01 
  497.000  7.793050e-01 
  498.000  7.798156e-01 
  499.000  7.802965e-01 
  500.000  7.807688e-01 
  501.000  7.811799e-01 
  502.000  7.815907e-01 
  503.000  7.819954e-01 
  504.000  7.823793e-01 
  505.000  7.827395e-01 
  506.000  7.839893e-01 
  507.000  7.852791e-01 
  508.000  7.865670e-01 
  509.000  7.878406e-01 
  510.000  7.890886e-01 
  511.000  7.901989e-01 
  512.000  7.912688e-01 
  513.000  7.923325e-01 
  514.000  7.933834e-01 
  515.000  7.944252e-01 
  516.000  7.951446e-01 
  517.000  7.955756e-01 
  518.000  7.959937e-01 
  519.000  7.964031e-01 
  520.000  7.968080e-01 
  521.000  7.971662e-01 
  522.000  7.974076e-01 
  523.000  7.975715e-01 
  524.000  7.977417e-01 
  525.000  7.978678e-01 
  526.000  7.980593e-01 
  527.000  7.980376e-01 
  528.000  7.979283e-01 
  529.000  7.978168e-01 
  530.000  7.977145e-01 
  531.000  7.976182e-01 
  532.000  7.976169e-01 
  533.000  7.981743e-01 
  534.000  7.988777e-01 
  535.000  7.996712e-01 
  536.000  8.004381e-01 
  537.000  8.011395e-01 
  538.000  8.017657e-01 
  539.000  8.023449e-01 
  540.000  8.028878e-01 
  541.000  8.034143e-01 
  542.000  8.039176e-01 
  543.000  8.044026e-01 
  544.000  8.047541e-01 
  545.000  8.049951e-01 
  546.000  8.052233e-01 
  547.000  8.054587e-01 
  548.000  8.056803e-01 
  549.000  8.058978e-01 
  550.000  8.059692e-01 
  551.000  8.058989e-01 
  552.000  8.058333e-01 
  553.000  8.057414e-01 
  554.000  8.056373e-01 
  555.000  8.055260e-01 
  556.000  8.053610e-01 
  557.000  8.051057e-01 
  558.000  8.048359e-01 
  559.000  8.045438e-01 
  560.000  8.041977e-01 
  561.000  8.038028e-01 
  562.000  8.032902e-01 
  563.000  8.028466e-01 
  564.000  8.023157e-01 
  565.000  8.016195e-01 
  566.000  8.009151e-01 
  567.000  7.998312e-01 
  568.000  7.976063e-01 
  569.000  7.946217e-01 
  570.000  7.941597e-01 
  571.000  7.950346e-01 
  572.000  7.925993e-01 
  573.000  7.921313e-01 
  574.000  7.916315e-01 
  575.000  7.911552e-01 
  576.000  7.915199e-01 
  577.000  7.925685e-01 
  578.000  7.943760e-01 
  579.000  7.966905e-01 
  580.000  7.997193e-01 
  581.000  8.033949e-01 
  582.000  8.063349e-01 
  583.000  8.087089e-01 
  584.000  8.107674e-01 
  585.000  8.125577e-01 
  586.000  8.141804e-01 
  587.000  8.147981e-01 
  588.000  8.130756e-01 
  589.000  8.086346e-01 
  590.000  8.089826e-01 
  591.000  8.132548e-01 
  592.000  8.119174e-01 
  593.000  8.165998e-01 
  594.000  8.162246e-01 
  595.000  8.138212e-01 
  596.000  8.174915e-01 
  597.000  8.158605e-01 
  598.000  8.164670e-01 
  599.000  8.164706e-01 
  600.000  8.171054e-01 
  601.000  8.174337e-01 
  602.000  8.171398e-01 
  603.000  8.179903e-01 
  604.000  8.195543e-01 
  605.000  8.209155e-01 
  606.000  8.221145e-01 
  607.000  8.232827e-01 
  608.000  8.244724e-01 
  609.000  8.256205e-01 
  610.000  8.268222e-01 
  611.000  8.281680e-01 
  612.000  8.294892e-01 
  613.000  8.307743e-01 
  614.000  8.320260e-01 
  615.000  8.332749e-01 
  616.000  8.344836e-01 
  617.000  8.356334e-01 
  618.000  8.366062e-01 
  619.000  8.374434e-01 
  620.000  8.382276e-01 
  621.000  8.389185e-01 
  622.000  8.395163e-01 
  623.000  8.399568e-01 
  624.000  8.404182e-01 
  625.000  8.408255e-01 
  626.000  8.410294e-01 
  627.000  8.387425e-01 
  628.000  8.067997e-01 
  629.000  8.286539e-01 
  630.000  8.302361e-01 
  631.000  8.362358e-01 
  632.000  8.401109e-01 
  633.000  8.452889e-01 
  634.000  8.492736e-01 
  635.000  8.521135e-01 
  636.000  8.550429e-01 
  637.000  8.577009e-01 
  638.000  8.608704e-01 
  639.000  8.631126e-01 
  640.000  8.657060e-01 
  641.000  8.677896e-01 
  642.000  8.697789e-01 
  643.000  8.706871e-01 
  644.000  8.721805e-01 
  645.000  8.728725e-01 
  646.000  8.711729e-01 
  647.000  8.707604e-01 
  648.000  8.696517e-01 
  649.000  8.729773e-01 
  650.000  8.776490e-01 
  651.000  8.787013e-01 
  652.000  8.766845e-01 
  653.000  8.813860e-01 
  654.000  8.820947e-01 
  655.000  8.815344e-01 
  656.000  8.831257e-01 
  657.000  8.849585e-01 
  658.000  8.873243e-01 
  659.000  8.891022e-01 
  660.000  8.905442e-01 
  661.000  8.926857e-01 
  662.000  8.943038e-01 
  663.000  8.951840e-01 
  664.000  8.964119e-01 
  665.000  8.975943e-01 
  666.000  8.988400e-01 
  667.000  9.000255e-01 
  668.000  9.012792e-01 
  669.000  9.024134e-01 
  670.000  9.035112e-01 
  671.000  9.046203e-01 
  672.000  9.056975e-01 
  673.000  9.067674e-01 
  674.000  9.078324e-01 
  675.000  9.088953e-01 
  676.000  9.099082e-01 
  677.000  9.108341e-01 
  678.000  9.117583e-01 
  679.000  9.126376e-01 
  680.000  9.133306e-01 
  681.000  9.139518e-01 
  682.000  9.147579e-01 
  683.000  9.154715e-01 
  684.000  9.158770e-01 
  685.000  9.170226e-01 
  686.000  9.130958e-01 
  687.000  7.649211e-01 
  688.000  8.103108e-01 
  689.000  7.983524e-01 
  690.000  8.220941e-01 
  691.000  8.565161e-01 
  692.000  8.821886e-01 
  693.000  8.934747e-01 
  694.000  8.986901e-01 
  695.000  9.063409e-01 
  696.000  9.104700e-01 
  697.000  9.208497e-01 
  698.000  9.197316e-01 
  699.000  9.120786e-01 
  700.000  9.139966e-01 
  701.000  9.126490e-01 
  702.000  9.145133e-01 
  703.000  9.219216e-01 
  704.000  9.227117e-01 
  705.000  9.202930e-01 
  706.000  9.212511e-01 
  707.000  9.226712e-01 
  708.000  9.241691e-01 
  709.000  9.268118e-01 
  710.000  9.248247e-01 
  711.000  9.276632e-01 
  712.000  9.296235e-01 
  713.000  9.288780e-01 
  714.000  9.287326e-01 
  715.000  9.265094e-01 
  716.000  9.242463e-01 
  717.000  9.064641e-01 
  718.000  8.954185e-01 
  719.000  8.916979e-01 
  720.000  8.855469e-01 
  721.000  9.138569e-01 
  722.000  9.238411e-01 
  723.000  9.188907e-01 
  724.000  9.037068e-01 
  725.000  9.064803e-01 
  726.000  9.060014e-01 
  727.000  9.085085e-01 
  728.000  9.063156e-01 
  729.000  9.126124e-01 
  730.000  9.117852e-01 
  731.000  9.107290e-01 
  732.000  9.210852e-01 
  733.000  9.307930e-01 
  734.000  9.355276e-01 
  735.000  9.341954e-01 
  736.000  9.314355e-01 
  737.000  9.338733e-01 
  738.000  9.371378e-01 
  739.000  9.386442e-01 
  740.000  9.413949e-01 
  741.000  9.431999e-01 
  742.000  9.439657e-01 
  743.000  9.457595e-01 
  744.000  9.465923e-01 
  745.000  9.474983e-01 
  746.000  9.482440e-01 
  747.000  9.486471e-01 
  748.000  9.494465e-01 
  749.000  9.499895e-01 
  750.000  9.501457e-01 
  751.000  9.505339e-01 
  752.000  9.512650e-01 
  753.000  9.517374e-01 
  754.000  9.521707e-01 
  755.000  9.525535e-01 
  756.000  9.529394e-01 
  757.000  9.532180e-01 
  758.000  9.509881e-01 
  759.000  8.705277e-01 
  760.000  3.251021e-01 
  761.000  2.802002e-01 
  762.000  5.753921e-01 
  763.000  4.788335e-01 
  764.000  5.262400e-01 
  765.000  6.372790e-01 
  766.000  7.771211e-01 
  767.000  8.499543e-01 
  768.000  8.983861e-01 
  769.000  9.307056e-01 
  770.000  9.488022e-01 
  771.000  9.567956e-01 
  772.000  9.588131e-01 
  773.000  9.598494e-01 
  774.000  9.612702e-01 
  775.000  9.621052e-01 
  776.000  9.626770e-01 
  777.000  9.629682e-01 
  778.000  9.631426e-01 
  779.000  9.632756e-01 
  780.000  9.633939e-01 
  781.000  9.637308e-01 
  782.000  9.638418e-01 
  783.000  9.639587e-01 
  784.000  9.639330e-01 
  785.000  9.631494e-01 
  786.000  9.621450e-01 
  787.000  9.600413e-01 
  788.000  9.590742e-01 
  789.000  9.552673e-01 
  790.000  9.550369e-01 
  791.000  9.559962e-01 
  792.000  9.568853e-01 
  793.000  9.587780e-01 
  794.000  9.620637e-01 
  795.000  9.601024e-01 
  796.000  9.545236e-01 
  797.000  9.564064e-01 
  798.000  9.603869e-01 
  799.000  9.596365e-01 
  800.000  9.569589e-01 
  801.000  9.574211e-01 
  802.000  9.572622e-01 
  803.000  9.577963e-01 
  804.000  9.592342e-01 
  805.000  9.614667e-01 
  806.000  9.630008e-01 
  807.000  9.631920e-01 
  808.000  9.623728e-01 
  809.000  9.620378e-01 
  810.000  9.610242e-01 
  811.000  9.588019e-01 
  812.000  9.557653e-01 
  813.000  9.519926e-01 
  814.000  9.469387e-01 
  815.000  9.405826e-01 
  816.000  9.321734e-01 
  817.000  9.328160e-01 
  818.000  9.336353e-01 
  819.000  9.365283e-01 
  820.000  9.459507e-01 
  821.000  9.565607e-01 
  822.000  9.486966e-01 
  823.000  9.259447e-01 
  824.000  9.453557e-01 
  825.000  9.575355e-01 
  826.000  9.555349e-01 
  827.000  9.541215e-01 
  828.000  9.462521e-01 
  829.000  9.492474e-01 
  830.000  9.525568e-01 
  831.000  9.533938e-01 
  832.000  9.537783e-01 
  833.000  9.557038e-01 
  834.000  9.579421e-01 
  835.000  9.622856e-01 
  836.000  9.610007e-01 
  837.000  9.609354e-01 
  838.000  9.631040e-01 
  839.000  9.644485e-01 
  840.000  9.650000e-01 
  841.000  9.637321e-01 
  842.000  9.650481e-01 
  843.000  9.674720e-01 
  844.000  9.690041e-01 
  845.000  9.695753e-01 
  846.000  9.704065e-01 
  847.000  9.711455e-01 
  848.000  9.700554e-01 
  849.000  9.703219e-01 
  850.000  9.699587e-01 
  851.000  9.692900e-01 
  852.000  9.694564e-01 
  853.000  9.706120e-01 
  854.000  9.706239e-01 
  855.000  9.713714e-01 
  856.000  9.726908e-01 
  857.000  9.731984e-01 
  858.000  9.736362e-01 
  859.000  9.745046e-01 
  860.000  9.749668e-01 
  861.000  9.751086e-01 
  862.000  9.753934e-01 
  863.000  9.755041e-01 
  864.000  9.757257e-01 
  865.000  9.759218e-01 
  866.000  9.760351e-01 
  867.000  9.760949e-01 
  868.000  9.761946e-01 
  869.000  9.763146e-01 
  870.000  9.763660e-01 
  871.000  9.764829e-01 
  872.000  9.766533e-01 
  873.000  9.766415e-01 
  874.000  9.766709e-01 
  875.000  9.767379e-01 
  876.000  9.766573e-01 
  877.000  9.766543e-01 
  878.000  9.761972e-01 
  879.000  9.762377e-01 
  880.000  9.758513e-01 
  881.000  9.756678e-01 
  882.000  9.755512e-01 
  883.000  9.758105e-01 
  884.000  9.759808e-01 
  885.000  9.754301e-01 
  886.000  9.745894e-01 
  887.000  9.753148e-01 
  888.000  9.753375e-01 
  889.000  9.757046e-01 
  890.000  9.753324e-01 
  891.000  9.743382e-01 
  892.000  9.720799e-01 
  893.000  9.654306e-01 
  894.000  9.619453e-01 
  895.000  9.508494e-01 
  896.000  9.408247e-01 
  897.000  9.301248e-01 
  898.000  9.251011e-01 
  899.000  9.102330e-01 
  900.000  9.125593e-01 
  901.000  9.086518e-01 
  902.000  9.093283e-01 
  903.000  9.343799e-01 
  904.000  9.491837e-01 
  905.000  9.486457e-01 
  906.000  9.394972e-01 
  907.000  9.229419e-01 
  908.000  9.118183e-01 
  909.000  9.124122e-01 
  910.000  9.141938e-01 
  911.000  9.217134e-01 
  912.000  9.181614e-01 
  913.000  9.022900e-01 
  914.000  9.102542e-01 
  915.000  9.164262e-01 
  916.000  9.180902e-01 
  917.000  9.213886e-01 
  918.000  9.256315e-01 
  919.000  9.398671e-01 
  920.000  9.503664e-01 
  921.000  9.480681e-01 
  922.000  9.479109e-01 
  923.000  9.450381e-01 
  924.000  9.380120e-01 
  925.000  9.375876e-01 
  926.000  9.377685e-01 
  927.000  9.297129e-01 
  928.000  9.170617e-01 
  929.000  8.982520e-01 
  930.000  8.733289e-01 
  931.000  8.439877e-01 
  932.000  8.040833e-01 
  933.000  7.710571e-01 
  934.000  7.340486e-01 
  935.000  7.303185e-01 
  936.000  7.460132e-01 
  937.000  7.417482e-01 
  938.000  7.817158e-01 
  939.000  8.744344e-01 
  940.000  8.867964e-01 
  941.000  8.757529e-01 
  942.000  8.481284e-01 
  943.000  7.988975e-01 
  944.000  7.955428e-01 
  945.000  8.142392e-01 
  946.000  8.150349e-01 
  947.000  8.304825e-01 
  948.000  8.394026e-01 
  949.000  8.379715e-01 
  950.000  8.401857e-01 
  951.000  8.597954e-01 
  952.000  8.383283e-01 
  953.000  8.529591e-01 
  954.000  8.681713e-01 
  955.000  8.552890e-01 
  956.000  8.518844e-01 
  957.000  8.900684e-01 
  958.000  8.945646e-01 
  959.000  8.881700e-01 
  960.000  8.861955e-01 
  961.000  8.829450e-01 
  962.000  8.856720e-01 
  963.000  9.057249e-01 
  964.000  9.084699e-01 
  965.000  9.064751e-01 
  966.000  9.074300e-01 
  967.000  9.212232e-01 
  968.000  9.435429e-01 
  969.000  9.533207e-01 
  970.000  9.538268e-01 
  971.000  9.536219e-01 
  972.000  9.509072e-01 
  973.000  9.445015e-01 
  974.000  9.365570e-01 
  975.000  9.313964e-01 
  976.000  9.377804e-01 
  977.000  9.481336e-01 
  978.000  9.472831e-01 
  979.000  9.499004e-01 
  980.000  9.602059e-01 
  981.000  9.624606e-01 
  982.000  9.601709e-01 
  983.000  9.653868e-01 
  984.000  9.707195e-01 
  985.000  9.737374e-01 
  986.000  9.776046e-01 
  987.000  9.788082e-01 
  988.000  9.792331e-01 
  989.000  9.795169e-01 
  990.000  9.799806e-01 
  991.000  9.813628e-01 
  992.000  9.818476e-01 
  993.000  9.820514e-01 
  994.000  9.831771e-01 
  995.000  9.840796e-01 
  996.000  9.841599e-01 
  997.000  9.836815e-01 
  998.000  9.831354e-01 
  999.000  9.828967e-01 
 1000.000  9.831665e-01 
 1001.000  9.818579e-01 
 1002.000  9.797326e-01 
 1003.000  9.803295e-01 
 1004.000  9.815212e-01 
 1005.000  9.821989e-01 
 1006.000  9.823825e-01 
 1007.000  9.819539e-01 
 1008.000  9.802524e-01 
 1009.000  9.783261e-01 
 1010.000  9.788650e-01 
 1011.000  9.813798e-01 
 1012.000  9.824635e-01 
 1013.000  9.831045e-01 
 1014.000  9.834744e-01 
 1015.000  9.835310e-01 
 1016.000  9.839267e-01 
 1017.000  9.839714e-01 
 1018.000  9.836510e-01 
 1019.000  9.826245e-01 
 1020.000  9.829741e-01 
 1021.000  9.837109e-01 
 1022.000  9.826524e-01 
 1023.000  9.816238e-01 
 1024.000  9.809874e-01 
 1025.000  9.825718e-01 
 1026.000  9.833569e-01 
 1027.000  9.829544e-01 
 1028.000  9.831698e-01 
 1029.000  9.837801e-01 
 1030.000  9.843230e-01 
 1031.000  9.847282e-01 
 1032.000  9.849983e-01 
 1033.000  9.849977e-01 
 1034.000  9.850978e-01 
 1035.000  9.849924e-01 
 1036.000  9.845521e-01 
 1037.000  9.842552e-01 
 1038.000  9.842900e-01 
 1039.000  9.840844e-01 
 1040.000  9.838225e-01 
 1041.000  9.836138e-01 
 1042.000  9.835076e-01 
 1043.000  9.833887e-01 
 1044.000  9.831247e-01 
 1045.000  9.826491e-01 
 1046.000  9.822711e-01 
 1047.000  9.817613e-01 
 1048.000  9.807518e-01 
 1049.000  9.795307e-01 
 1050.000  9.789185e-01 
 1051.000  9.784369e-01 
 1052.000  9.778149e-01 
 1053.000  9.774124e-01 
 1054.000  9.767045e-01 
 1055.000  9.759569e-01 
 1056.000  9.750699e-01 
 1057.000  9.736601e-01 
 1058.000  9.717841e-01 
 1059.000  9.712800e-01 
 1060.000  9.712757e-01 
 1061.000  9.707170e-01 
 1062.000  9.693625e-01 
 1063.000  9.683559e-01 
 1064.000  9.670368e-01 
 1065.000  9.663408e-01 
 1066.000  9.663271e-01 
 1067.000  9.658251e-01 
 1068.000  9.647829e-01 
 1069.000  9.657196e-01 
 1070.000  9.672297e-01 
 1071.000  9.674580e-01 
 1072.000  9.672920e-01 
 1073.000  9.683812e-01 
 1074.000  9.692982e-01 
 1075.000  9.707887e-01 
 1076.000  9.712469e-01 
 1077.000  9.707577e-01 
 1078.000  9.700294e-01 
 1079.000  9.704444e-01 
 1080.000  9.673293e-01 
 1081.000  9.675761e-01 
 1082.000  9.695669e-01 
 1083.000  9.681107e-01 
 1084.000  9.663870e-01 
 1085.000  9.616916e-01 
 1086.000  9.632143e-01 
 1087.000  9.690477e-01 
 1088.000  9.695424e-01 
 1089.000  9.630910e-01 
 1090.000  9.621031e-01 
 1091.000  9.636557e-01 
 1092.000  9.606147e-01 
 1093.000  9.532260e-01 
 1094.000  9.500654e-01 
 1095.000  9.507945e-01 
 1096.000  9.514869e-01 
 1097.000  9.502346e-01 
 1098.000  9.314319e-01 
 1099.000  9.149790e-01 
 1100.000  9.162924e-01 
 1101.000  9.187809e-01 
 1102.000  9.179367e-01 
 1103.000  9.196429e-01 
 1104.000  9.169713e-01 
 1105.000  9.100653e-01 
 1106.000  9.028479e-01 
 1107.000  9.049966e-01 
 1108.000  9.067575e-01 
 1109.000  9.134713e-01 
 1110.000  9.133739e-01 
 1111.000  9.103273e-01 
 1112.000  8.953514e-01 
 1113.000  8.745461e-01 
 1114.000  8.699399e-01 
 1115.000  8.433425e-01 
 1116.000  8.260477e-01 
 1117.000  7.820039e-01 
 1118.000  7.394741e-01 
 1119.000  7.164676e-01 
 1120.000  6.850102e-01 
 1121.000  6.780722e-01 
 1122.000  6.408650e-01 
 1123.000  6.629849e-01 
 1124.000  6.772535e-01 
 1125.000  6.702129e-01 
 1126.000  6.671106e-01 
 1127.000  6.697157e-01 
 1128.000  6.747412e-01 
 1129.000  7.089826e-01 
 1130.000  7.826662e-01 
 1131.000  8.022498e-01 
 1132.000  7.757798e-01 
 1133.000  7.223426e-01 
 1134.000  6.097169e-01 
 1135.000  6.189510e-01 
 1136.000  7.291472e-01 
 1137.000  7.804419e-01 
 1138.000  8.248980e-01 
 1139.000  8.360580e-01 
 1140.000  8.278674e-01 
 1141.000  8.100790e-01 
 1142.000  8.041299e-01 
 1143.000  7.848473e-01 
 1144.000  7.618802e-01 
 1145.000  7.270154e-01 
 1146.000  7.353987e-01 
 1147.000  7.623367e-01 
 1148.000  7.851389e-01 
 1149.000  7.936729e-01 
 1150.000  7.930469e-01 
 1151.000  8.051546e-01 
 1152.000  8.109493e-01 
 1153.000  8.196222e-01 
 1154.000  8.158619e-01 
 1155.000  8.318061e-01 
 1156.000  8.497344e-01 
 1157.000  8.849847e-01 
 1158.000  8.981016e-01 
 1159.000  9.090137e-01 
 1160.000  9.133751e-01 
 1161.000  9.251050e-01 
 1162.000  9.331346e-01 
 1163.000  9.429837e-01 
 1164.000  9.453751e-01 
 1165.000  9.458247e-01 
 1166.000  9.477282e-01 
 1167.000  9.488832e-01 
 1168.000  9.483963e-01 
 1169.000  9.497653e-01 
 1170.000  9.510356e-01 
 1171.000  9.545221e-01 
 1172.000  9.524722e-01 
 1173.000  9.504204e-01 
 1174.000  9.505615e-01 
 1175.000  9.561304e-01 
 1176.000  9.612144e-01 
 1177.000  9.588765e-01 
 1178.000  9.540180e-01 
 1179.000  9.540483e-01 
 1180.000  9.523124e-01 
 1181.000  9.477221e-01 
 1182.000  9.431203e-01 
 1183.000  9.437071e-01 
 1184.000  9.463921e-01 
 1185.000  9.528534e-01 
 1186.000  9.509740e-01 
 1187.000  9.443421e-01 
 1188.000  9.428103e-01 
 1189.000  9.469539e-01 
 1190.000  9.573386e-01 
 1191.000  9.603803e-01 
 1192.000  9.647132e-01 
 1193.000  9.637978e-01 
 1194.000  9.631395e-01 
 1195.000  9.588508e-01 
 1196.000  9.594656e-01 
 1197.000  9.573812e-01 
 1198.000  9.569364e-01 
 1199.000  9.543028e-01 
 1200.000  9.558290e-01 
