  250.000  0.000000e+00 
  251.000  0.000000e+00 
  252.000  0.000000e+00 
  253.000  0.000000e+00 
  254.000  0.000000e+00 
  255.000  0.000000e+00 
  256.000  0.000000e+00 
  257.000  0.000000e+00 
  258.000  0.000000e+00 
  259.000  0.000000e+00 
  260.000  0.000000e+00 
  261.000  0.000000e+00 
  262.000  0.000000e+00 
  263.000  0.000000e+00 
  264.000  0.000000e+00 
  265.000  0.000000e+00 
  266.000  0.000000e+00 
  267.000  0.000000e+00 
  268.000  0.000000e+00 
  269.000  0.000000e+00 
  270.000  0.000000e+00 
  271.000  0.000000e+00 
  272.000  0.000000e+00 
  273.000  0.000000e+00 
  274.000  0.000000e+00 
  275.000  0.000000e+00 
  276.000  0.000000e+00 
  277.000  0.000000e+00 
  278.000  0.000000e+00 
  279.000  0.000000e+00 
  280.000  0.000000e+00 
  281.000  0.000000e+00 
  282.000  0.000000e+00 
  283.000  0.000000e+00 
  284.000  0.000000e+00 
  285.000  0.000000e+00 
  286.000  0.000000e+00 
  287.000  0.000000e+00 
  288.000  0.000000e+00 
  289.000  0.000000e+00 
  290.000  0.000000e+00 
  291.000  0.000000e+00 
  292.000  1.592570e-11 
  293.000  1.427237e-10 
  294.000  2.581846e-09 
  295.000  1.669340e-08 
  296.000  1.685493e-07 
  297.000  7.511802e-07 
  298.000  4.976637e-06 
  299.000  1.409149e-05 
  300.000  5.320165e-05 
  301.000  1.561362e-04 
  302.000  3.365582e-04 
  303.000  9.195114e-04 
  304.000  1.408104e-03 
  305.000  3.182817e-03 
  306.000  4.874158e-03 
  307.000  8.163854e-03 
  308.000  1.149097e-02 
  309.000  1.517187e-02 
  310.000  2.522424e-02 
  311.000  3.058212e-02 
  312.000  4.060348e-02 
  313.000  5.102161e-02 
  314.000  5.593176e-02 
  315.000  7.383493e-02 
  316.000  8.061627e-02 
  317.000  9.221159e-02 
  318.000  1.019851e-01 
  319.000  1.306122e-01 
  320.000  1.092900e-01 
  321.000  1.556140e-01 
  322.000  1.362924e-01 
  323.000  1.604072e-01 
  324.000  1.861795e-01 
  325.000  1.663848e-01 
  326.000  1.986503e-01 
  327.000  2.078488e-01 
  328.000  1.873143e-01 
  329.000  2.266816e-01 
  330.000  2.329280e-01 
  331.000  2.197168e-01 
  332.000  2.446151e-01 
  333.000  2.518480e-01 
  334.000  2.453390e-01 
  335.000  2.642266e-01 
  336.000  2.718389e-01 
  337.000  2.681611e-01 
  338.000  2.772104e-01 
  339.000  2.866851e-01 
  340.000  2.847432e-01 
  341.000  2.940533e-01 
  342.000  3.008553e-01 
  343.000  3.041373e-01 
  344.000  3.045394e-01 
  345.000  3.139568e-01 
  346.000  3.198439e-01 
  347.000  3.246233e-01 
  348.000  3.291127e-01 
  349.000  3.342334e-01 
  350.000  3.385900e-01 
  351.000  3.429527e-01 
  352.000  3.464938e-01 
  353.000  3.516943e-01 
  354.000  3.561030e-01 
  355.000  3.602188e-01 
  356.000  3.642550e-01 
  357.000  3.678625e-01 
  358.000  3.717935e-01 
  359.000  3.757232e-01 
  360.000  3.797218e-01 
  361.000  3.847625e-01 
  362.000  3.900190e-01 
  363.000  3.949029e-01 
  364.000  3.994329e-01 
  365.000  4.037000e-01 
  366.000  4.080990e-01 
  367.000  4.122976e-01 
  368.000  4.164741e-01 
  369.000  4.206298e-01 
  370.000  4.247579e-01 
  371.000  4.288683e-01 
  372.000  4.329590e-01 
  373.000  4.370291e-01 
  374.000  4.410492e-01 
  375.000  4.450074e-01 
  376.000  4.488498e-01 
  377.000  4.525040e-01 
  378.000  4.559234e-01 
  379.000  4.594012e-01 
  380.000  4.632104e-01 
  381.000  4.675245e-01 
  382.000  4.719994e-01 
  383.000  4.762561e-01 
  384.000  4.803168e-01 
  385.000  4.842477e-01 
  386.000  4.880926e-01 
  387.000  4.918877e-01 
  388.000  4.956453e-01 
  389.000  4.993818e-01 
  390.000  5.030976e-01 
  391.000  5.067851e-01 
  392.000  5.104540e-01 
  393.000  5.141016e-01 
  394.000  5.177241e-01 
  395.000  5.213186e-01 
  396.000  5.248977e-01 
  397.000  5.284439e-01 
  398.000  5.319658e-01 
  399.000  5.354655e-01 
  400.000  5.389254e-01 
  401.000  5.423784e-01 
  402.000  5.458110e-01 
  403.000  5.492211e-01 
  404.000  5.526081e-01 
  405.000  5.559652e-01 
  406.000  5.593064e-01 
  407.000  5.626277e-01 
  408.000  5.659265e-01 
  409.000  5.691994e-01 
  410.000  5.724476e-01 
  411.000  5.756699e-01 
  412.000  5.788640e-01 
  413.000  5.820450e-01 
  414.000  5.849890e-01 
  415.000  5.881999e-01 
  416.000  5.913769e-01 
  417.000  5.945047e-01 
  418.000  5.975622e-01 
  419.000  6.005915e-01 
  420.000  6.035983e-01 
  421.000  6.065918e-01 
  422.000  6.095710e-01 
  423.000  6.125325e-01 
  424.000  6.154631e-01 
  425.000  6.183304e-01 
  426.000  6.211742e-01 
  427.000  6.239970e-01 
  428.000  6.267717e-01 
  429.000  6.295102e-01 
  430.000  6.322213e-01 
  431.000  6.349154e-01 
  432.000  6.375853e-01 
  433.000  6.402336e-01 
  434.000  6.428630e-01 
  435.000  6.454703e-01 
  436.000  6.480518e-01 
  437.000  6.506090e-01 
  438.000  6.531404e-01 
  439.000  6.556556e-01 
  440.000  6.581342e-01 
  441.000  6.605849e-01 
  442.000  6.630009e-01 
  443.000  6.653841e-01 
  444.000  6.677337e-01 
  445.000  6.700372e-01 
  446.000  6.722817e-01 
  447.000  6.746346e-01 
  448.000  6.771516e-01 
  449.000  6.796994e-01 
  450.000  6.822026e-01 
  451.000  6.846114e-01 
  452.000  6.869391e-01 
  453.000  6.892232e-01 
  454.000  6.914696e-01 
  455.000  6.935793e-01 
  456.000  6.955112e-01 
  457.000  6.974440e-01 
  458.000  6.993525e-01 
  459.000  7.012231e-01 
  460.000  7.030801e-01 
  461.000  7.049187e-01 
  462.000  7.067245e-01 
  463.000  7.085261e-01 
  464.000  7.109228e-01 
  465.000  7.132877e-01 
  466.000  7.156152e-01 
  467.000  7.178940e-01 
  468.000  7.197340e-01 
  469.000  7.213159e-01 
  470.000  7.227784e-01 
  471.000  7.241046e-01 
  472.000  7.252328e-01 
  473.000  7.260199e-01 
  474.000  7.266752e-01 
  475.000  7.268826e-01 
  476.000  7.266368e-01 
  477.000  7.266697e-01 
  478.000  7.284459e-01 
  479.000  7.311332e-01 
  480.000  7.340335e-01 
  481.000  7.366498e-01 
  482.000  7.391384e-01 
  483.000  7.413123e-01 
  484.000  7.431914e-01 
  485.000  7.448795e-01 
  486.000  7.467088e-01 
  487.000  7.486554e-01 
  488.000  7.505442e-01 
  489.000  7.524010e-01 
  490.000  7.542378e-01 
  491.000  7.556509e-01 
  492.000  7.569360e-01 
  493.000  7.582148e-01 
  494.000  7.594588e-01 
  495.000  7.607026e-01 
  496.000  7.612844e-01 
  497.000  7.618381e-01 
  498.000  7.623827e-01 
  499.000  7.628956e-01 
  500.000  7.633994e-01 
  501.000  7.638379e-01 
  502.000  7.642761e-01 
  503.000  7.647078e-01 
  504.000  7.651173e-01 
  505.000  7.655016e-01 
  506.000  7.668351e-01 
  507.000  7.682115e-01 
  508.000  7.695860e-01 
  509.000  7.709455e-01 
  510.000  7.722778e-01 
  511.000  7.734634e-01 
  512.000  7.746059e-01 
  513.000  7.757420e-01 
  514.000  7.768644e-01 
  515.000  7.779773e-01 
  516.000  7.787458e-01 
  517.000  7.792063e-01 
  518.000  7.796531e-01 
  519.000  7.800906e-01 
  520.000  7.805233e-01 
  521.000  7.809060e-01 
  522.000  7.811640e-01 
  523.000  7.813391e-01 
  524.000  7.815210e-01 
  525.000  7.816559e-01 
  526.000  7.818605e-01 
  527.000  7.818374e-01 
  528.000  7.817206e-01 
  529.000  7.816013e-01 
  530.000  7.814921e-01 
  531.000  7.813891e-01 
  532.000  7.813877e-01 
  533.000  7.819834e-01 
  534.000  7.827352e-01 
  535.000  7.835834e-01 
  536.000  7.844033e-01 
  537.000  7.851530e-01 
  538.000  7.858226e-01 
  539.000  7.864420e-01 
  540.000  7.870225e-01 
  541.000  7.875856e-01 
  542.000  7.881238e-01 
  543.000  7.886425e-01 
  544.000  7.890183e-01 
  545.000  7.892762e-01 
  546.000  7.895203e-01 
  547.000  7.897720e-01 
  548.000  7.900091e-01 
  549.000  7.902418e-01 
  550.000  7.903182e-01 
  551.000  7.902429e-01 
  552.000  7.901728e-01 
  553.000  7.900744e-01 
  554.000  7.899631e-01 
  555.000  7.898441e-01 
  556.000  7.896675e-01 
  557.000  7.893944e-01 
  558.000  7.891057e-01 
  559.000  7.887930e-01 
  560.000  7.884217e-01 
  561.000  7.879962e-01 
  562.000  7.870248e-01 
  563.000  7.865145e-01 
  564.000  7.858415e-01 
  565.000  7.847958e-01 
  566.000  7.842379e-01 
  567.000  7.819857e-01 
  568.000  7.756700e-01 
  569.000  7.615210e-01 
  570.000  7.635916e-01 
  571.000  7.735467e-01 
  572.000  7.637908e-01 
  573.000  7.662411e-01 
  574.000  7.668307e-01 
  575.000  7.662077e-01 
  576.000  7.666526e-01 
  577.000  7.701410e-01 
  578.000  7.742986e-01 
  579.000  7.779893e-01 
  580.000  7.810958e-01 
  581.000  7.857301e-01 
  582.000  7.888080e-01 
  583.000  7.906301e-01 
  584.000  7.922045e-01 
  585.000  7.935573e-01 
  586.000  7.947610e-01 
  587.000  7.913473e-01 
  588.000  7.719802e-01 
  589.000  7.418647e-01 
  590.000  7.402908e-01 
  591.000  7.612528e-01 
  592.000  7.505618e-01 
  593.000  7.745990e-01 
  594.000  7.696174e-01 
  595.000  7.532415e-01 
  596.000  7.765499e-01 
  597.000  7.707489e-01 
  598.000  7.799703e-01 
  599.000  7.834271e-01 
  600.000  7.917750e-01 
  601.000  7.972806e-01 
  602.000  7.982788e-01 
  603.000  8.008367e-01 
  604.000  8.036863e-01 
  605.000  8.058861e-01 
  606.000  8.073679e-01 
  607.000  8.087991e-01 
  608.000  8.101072e-01 
  609.000  8.113593e-01 
  610.000  8.126498e-01 
  611.000  8.140933e-01 
  612.000  8.155107e-01 
  613.000  8.168892e-01 
  614.000  8.182321e-01 
  615.000  8.195720e-01 
  616.000  8.208690e-01 
  617.000  8.221029e-01 
  618.000  8.231470e-01 
  619.000  8.240456e-01 
  620.000  8.248874e-01 
  621.000  8.256292e-01 
  622.000  8.262709e-01 
  623.000  8.267437e-01 
  624.000  8.272367e-01 
  625.000  8.276669e-01 
  626.000  8.267650e-01 
  627.000  8.194171e-01 
  628.000  7.873393e-01 
  629.000  8.056617e-01 
  630.000  8.131157e-01 
  631.000  8.198398e-01 
  632.000  8.162028e-01 
  633.000  8.271877e-01 
  634.000  8.323229e-01 
  635.000  8.343265e-01 
  636.000  8.378872e-01 
  637.000  8.407785e-01 
  638.000  8.461782e-01 
  639.000  8.482847e-01 
  640.000  8.521442e-01 
  641.000  8.537627e-01 
  642.000  8.565868e-01 
  643.000  8.549780e-01 
  644.000  8.567734e-01 
  645.000  8.536677e-01 
  646.000  8.368718e-01 
  647.000  8.255447e-01 
  648.000  8.128853e-01 
  649.000  8.256298e-01 
  650.000  8.496135e-01 
  651.000  8.504270e-01 
  652.000  8.308221e-01 
  653.000  8.551687e-01 
  654.000  8.534050e-01 
  655.000  8.456166e-01 
  656.000  8.494471e-01 
  657.000  8.549556e-01 
  658.000  8.639166e-01 
  659.000  8.695111e-01 
  660.000  8.724304e-01 
  661.000  8.789214e-01 
  662.000  8.825085e-01 
  663.000  8.826994e-01 
  664.000  8.846909e-01 
  665.000  8.862676e-01 
  666.000  8.884447e-01 
  667.000  8.900798e-01 
  668.000  8.922760e-01 
  669.000  8.937559e-01 
  670.000  8.950297e-01 
  671.000  8.963912e-01 
  672.000  8.975743e-01 
  673.000  8.987315e-01 
  674.000  8.998769e-01 
  675.000  9.010268e-01 
  676.000  9.020982e-01 
  677.000  9.030834e-01 
  678.000  9.040737e-01 
  679.000  9.048318e-01 
  680.000  9.045815e-01 
  681.000  9.043094e-01 
  682.000  9.050014e-01 
  683.000  9.050953e-01 
  684.000  9.041237e-01 
  685.000  9.062320e-01 
  686.000  9.021702e-01 
  687.000  7.500877e-01 
  688.000  7.978744e-01 
  689.000  7.838331e-01 
  690.000  8.090906e-01 
  691.000  8.403401e-01 
  692.000  8.563080e-01 
  693.000  8.371336e-01 
  694.000  8.153577e-01 
  695.000  8.323796e-01 
  696.000  8.426801e-01 
  697.000  8.887789e-01 
  698.000  8.791891e-01 
  699.000  8.378746e-01 
  700.000  8.447099e-01 
  701.000  8.356686e-01 
  702.000  8.425134e-01 
  703.000  8.773232e-01 
  704.000  8.789995e-01 
  705.000  8.647751e-01 
  706.000  8.677062e-01 
  707.000  8.729760e-01 
  708.000  8.786842e-01 
  709.000  8.902591e-01 
  710.000  8.781621e-01 
  711.000  8.907189e-01 
  712.000  9.014716e-01 
  713.000  8.929473e-01 
  714.000  8.900539e-01 
  715.000  8.760718e-01 
  716.000  8.613617e-01 
  717.000  7.727501e-01 
  718.000  7.202295e-01 
  719.000  7.016107e-01 
  720.000  6.747153e-01 
  721.000  7.976018e-01 
  722.000  8.437073e-01 
  723.000  8.177076e-01 
  724.000  7.456239e-01 
  725.000  7.559540e-01 
  726.000  7.527516e-01 
  727.000  7.629213e-01 
  728.000  7.521035e-01 
  729.000  7.795929e-01 
  730.000  7.750888e-01 
  731.000  7.696326e-01 
  732.000  8.166316e-01 
  733.000  8.630583e-01 
  734.000  8.859494e-01 
  735.000  8.780674e-01 
  736.000  8.632874e-01 
  737.000  8.745514e-01 
  738.000  8.901007e-01 
  739.000  8.968803e-01 
  740.000  9.119220e-01 
  741.000  9.206818e-01 
  742.000  9.243994e-01 
  743.000  9.325144e-01 
  744.000  9.362153e-01 
  745.000  9.385033e-01 
  746.000  9.407463e-01 
  747.000  9.413543e-01 
  748.000  9.432592e-01 
  749.000  9.445059e-01 
  750.000  9.439256e-01 
  751.000  9.443381e-01 
  752.000  9.463495e-01 
  753.000  9.472391e-01 
  754.000  9.479204e-01 
  755.000  9.483310e-01 
  756.000  9.487665e-01 
  757.000  9.490693e-01 
  758.000  9.466746e-01 
  759.000  8.628648e-01 
  760.000  3.068340e-01 
  761.000  2.625141e-01 
  762.000  5.587231e-01 
  763.000  4.607459e-01 
  764.000  5.087426e-01 
  765.000  6.220155e-01 
  766.000  7.660410e-01 
  767.000  8.415963e-01 
  768.000  8.920217e-01 
  769.000  9.257568e-01 
  770.000  9.448019e-01 
  771.000  9.530858e-01 
  772.000  9.552931e-01 
  773.000  9.562466e-01 
  774.000  9.575971e-01 
  775.000  9.585226e-01 
  776.000  9.592041e-01 
  777.000  9.593368e-01 
  778.000  9.592055e-01 
  779.000  9.590607e-01 
  780.000  9.589146e-01 
  781.000  9.599063e-01 
  782.000  9.597278e-01 
  783.000  9.595848e-01 
  784.000  9.587622e-01 
  785.000  9.555207e-01 
  786.000  9.509674e-01 
  787.000  9.396222e-01 
  788.000  9.336652e-01 
  789.000  9.126431e-01 
  790.000  9.108195e-01 
  791.000  9.147578e-01 
  792.000  9.184312e-01 
  793.000  9.270033e-01 
  794.000  9.452522e-01 
  795.000  9.340820e-01 
  796.000  9.046559e-01 
  797.000  9.130191e-01 
  798.000  9.316406e-01 
  799.000  9.273885e-01 
  800.000  9.138448e-01 
  801.000  9.154523e-01 
  802.000  9.140910e-01 
  803.000  9.160783e-01 
  804.000  9.224713e-01 
  805.000  9.347320e-01 
  806.000  9.420974e-01 
  807.000  9.424294e-01 
  808.000  9.382474e-01 
  809.000  9.331032e-01 
  810.000  9.274468e-01 
  811.000  9.159327e-01 
  812.000  9.004877e-01 
  813.000  8.817413e-01 
  814.000  8.572896e-01 
  815.000  8.272226e-01 
  816.000  7.898994e-01 
  817.000  7.917057e-01 
  818.000  7.946649e-01 
  819.000  8.070441e-01 
  820.000  8.486018e-01 
  821.000  8.970475e-01 
  822.000  8.601011e-01 
  823.000  7.610810e-01 
  824.000  8.442324e-01 
  825.000  8.999766e-01 
  826.000  8.906484e-01 
  827.000  8.835520e-01 
  828.000  8.469798e-01 
  829.000  8.600347e-01 
  830.000  8.748607e-01 
  831.000  8.784403e-01 
  832.000  8.802105e-01 
  833.000  8.889091e-01 
  834.000  8.992161e-01 
  835.000  9.197059e-01 
  836.000  9.132133e-01 
  837.000  9.126192e-01 
  838.000  9.225941e-01 
  839.000  9.287030e-01 
  840.000  9.309243e-01 
  841.000  9.243723e-01 
  842.000  9.302981e-01 
  843.000  9.444101e-01 
  844.000  9.508727e-01 
  845.000  9.538898e-01 
  846.000  9.570669e-01 
  847.000  9.605632e-01 
  848.000  9.548030e-01 
  849.000  9.555321e-01 
  850.000  9.526837e-01 
  851.000  9.493020e-01 
  852.000  9.496392e-01 
  853.000  9.552328e-01 
  854.000  9.549481e-01 
  855.000  9.577730e-01 
  856.000  9.636490e-01 
  857.000  9.656455e-01 
  858.000  9.667885e-01 
  859.000  9.697895e-01 
  860.000  9.710435e-01 
  861.000  9.713163e-01 
  862.000  9.723346e-01 
  863.000  9.724493e-01 
  864.000  9.731416e-01 
  865.000  9.737042e-01 
  866.000  9.738383e-01 
  867.000  9.737139e-01 
  868.000  9.737851e-01 
  869.000  9.739579e-01 
  870.000  9.737972e-01 
  871.000  9.739599e-01 
  872.000  9.743848e-01 
  873.000  9.739217e-01 
  874.000  9.736620e-01 
  875.000  9.735856e-01 
  876.000  9.727923e-01 
  877.000  9.727049e-01 
  878.000  9.707540e-01 
  879.000  9.708774e-01 
  880.000  9.691485e-01 
  881.000  9.684908e-01 
  882.000  9.676035e-01 
  883.000  9.684771e-01 
  884.000  9.688237e-01 
  885.000  9.662355e-01 
  886.000  9.619060e-01 
  887.000  9.652424e-01 
  888.000  9.650332e-01 
  889.000  9.660007e-01 
  890.000  9.633962e-01 
  891.000  9.580656e-01 
  892.000  9.468551e-01 
  893.000  9.134216e-01 
  894.000  8.967265e-01 
  895.000  8.475645e-01 
  896.000  8.041423e-01 
  897.000  7.592475e-01 
  898.000  7.386063e-01 
  899.000  6.832027e-01 
  900.000  6.907035e-01 
  901.000  6.767116e-01 
  902.000  6.797924e-01 
  903.000  7.735299e-01 
  904.000  8.336299e-01 
  905.000  8.317868e-01 
  906.000  7.941539e-01 
  907.000  7.295358e-01 
  908.000  6.882602e-01 
  909.000  6.897565e-01 
  910.000  6.958014e-01 
  911.000  7.230527e-01 
  912.000  7.098569e-01 
  913.000  6.537601e-01 
  914.000  6.813276e-01 
  915.000  7.036151e-01 
  916.000  7.098982e-01 
  917.000  7.224032e-01 
  918.000  7.386100e-01 
  919.000  7.942390e-01 
  920.000  8.377930e-01 
  921.000  8.284662e-01 
  922.000  8.277346e-01 
  923.000  8.156366e-01 
  924.000  7.868333e-01 
  925.000  7.838777e-01 
  926.000  7.816548e-01 
  927.000  7.474523e-01 
  928.000  6.963291e-01 
  929.000  6.256923e-01 
  930.000  5.413723e-01 
  931.000  4.544381e-01 
  932.000  3.489449e-01 
  933.000  2.815679e-01 
  934.000  2.207531e-01 
  935.000  2.140492e-01 
  936.000  2.358510e-01 
  937.000  2.308803e-01 
  938.000  3.016339e-01 
  939.000  5.202833e-01 
  940.000  5.583045e-01 
  941.000  5.271726e-01 
  942.000  4.527120e-01 
  943.000  3.401359e-01 
  944.000  3.322771e-01 
  945.000  3.698938e-01 
  946.000  3.727948e-01 
  947.000  4.100831e-01 
  948.000  4.325711e-01 
  949.000  4.306160e-01 
  950.000  4.367270e-01 
  951.000  4.884391e-01 
  952.000  4.350877e-01 
  953.000  4.741828e-01 
  954.000  5.180132e-01 
  955.000  4.846254e-01 
  956.000  4.789906e-01 
  957.000  5.918395e-01 
  958.000  6.084302e-01 
  959.000  5.899476e-01 
  960.000  5.851528e-01 
  961.000  5.761258e-01 
  962.000  5.855975e-01 
  963.000  6.518483e-01 
  964.000  6.621186e-01 
  965.000  6.563191e-01 
  966.000  6.606753e-01 
  967.000  7.104922e-01 
  968.000  7.970622e-01 
  969.000  8.378770e-01 
  970.000  8.403965e-01 
  971.000  8.395179e-01 
  972.000  8.278924e-01 
  973.000  8.014331e-01 
  974.000  7.698751e-01 
  975.000  7.499433e-01 
  976.000  7.744228e-01 
  977.000  8.156949e-01 
  978.000  8.126206e-01 
  979.000  8.238034e-01 
  980.000  8.672472e-01 
  981.000  8.771999e-01 
  982.000  8.677580e-01 
  983.000  8.905787e-01 
  984.000  9.142740e-01 
  985.000  9.279026e-01 
  986.000  9.455739e-01 
  987.000  9.533486e-01 
  988.000  9.552005e-01 
  989.000  9.563926e-01 
  990.000  9.583009e-01 
  991.000  9.649294e-01 
  992.000  9.668167e-01 
  993.000  9.675261e-01 
  994.000  9.735008e-01 
  995.000  9.769917e-01 
  996.000  9.769465e-01 
  997.000  9.749473e-01 
  998.000  9.719135e-01 
  999.000  9.707916e-01 
 1000.000  9.716825e-01 
 1001.000  9.653471e-01 
 1002.000  9.552543e-01 
 1003.000  9.576358e-01 
 1004.000  9.634256e-01 
 1005.000  9.660717e-01 
 1006.000  9.669179e-01 
 1007.000  9.649730e-01 
 1008.000  9.567504e-01 
 1009.000  9.458070e-01 
 1010.000  9.506742e-01 
 1011.000  9.623286e-01 
 1012.000  9.667878e-01 
 1013.000  9.703072e-01 
 1014.000  9.717872e-01 
 1015.000  9.720747e-01 
 1016.000  9.736660e-01 
 1017.000  9.745873e-01 
 1018.000  9.725971e-01 
 1019.000  9.685228e-01 
 1020.000  9.699501e-01 
 1021.000  9.728838e-01 
 1022.000  9.679496e-01 
 1023.000  9.638341e-01 
 1024.000  9.613742e-01 
 1025.000  9.689282e-01 
 1026.000  9.722778e-01 
 1027.000  9.708654e-01 
 1028.000  9.720455e-01 
 1029.000  9.753866e-01 
 1030.000  9.779328e-01 
 1031.000  9.794539e-01 
 1032.000  9.806582e-01 
 1033.000  9.810703e-01 
 1034.000  9.818071e-01 
 1035.000  9.820991e-01 
 1036.000  9.819592e-01 
 1037.000  9.821668e-01 
 1038.000  9.824940e-01 
 1039.000  9.819630e-01 
 1040.000  9.815335e-01 
 1041.000  9.812058e-01 
 1042.000  9.811454e-01 
 1043.000  9.811912e-01 
 1044.000  9.809258e-01 
 1045.000  9.799326e-01 
 1046.000  9.792897e-01 
 1047.000  9.785489e-01 
 1048.000  9.777171e-01 
 1049.000  9.769822e-01 
 1050.000  9.760907e-01 
 1051.000  9.747677e-01 
 1052.000  9.738843e-01 
 1053.000  9.736991e-01 
 1054.000  9.724680e-01 
 1055.000  9.710574e-01 
 1056.000  9.699373e-01 
 1057.000  9.671364e-01 
 1058.000  9.628154e-01 
 1059.000  9.623860e-01 
 1060.000  9.649447e-01 
 1061.000  9.643013e-01 
 1062.000  9.613948e-01 
 1063.000  9.601512e-01 
 1064.000  9.575688e-01 
 1065.000  9.549993e-01 
 1066.000  9.552718e-01 
 1067.000  9.536006e-01 
 1068.000  9.473426e-01 
 1069.000  9.441015e-01 
 1070.000  9.449445e-01 
 1071.000  9.408508e-01 
 1072.000  9.367136e-01 
 1073.000  9.358817e-01 
 1074.000  9.364637e-01 
 1075.000  9.424988e-01 
 1076.000  9.386516e-01 
 1077.000  9.335150e-01 
 1078.000  9.274861e-01 
 1079.000  9.266539e-01 
 1080.000  9.107087e-01 
 1081.000  9.097776e-01 
 1082.000  9.167050e-01 
 1083.000  9.081962e-01 
 1084.000  8.989649e-01 
 1085.000  8.772790e-01 
 1086.000  8.822188e-01 
 1087.000  9.059642e-01 
 1088.000  9.069111e-01 
 1089.000  8.777807e-01 
 1090.000  8.722432e-01 
 1091.000  8.775691e-01 
 1092.000  8.631511e-01 
 1093.000  8.315930e-01 
 1094.000  8.180111e-01 
 1095.000  8.200191e-01 
 1096.000  8.216493e-01 
 1097.000  8.151116e-01 
 1098.000  7.413404e-01 
 1099.000  6.809123e-01 
 1100.000  6.847219e-01 
 1101.000  6.926568e-01 
 1102.000  6.882387e-01 
 1103.000  6.932398e-01 
 1104.000  6.829236e-01 
 1105.000  6.578594e-01 
 1106.000  6.335560e-01 
 1107.000  6.387132e-01 
 1108.000  6.419342e-01 
 1109.000  6.611425e-01 
 1110.000  6.564270e-01 
 1111.000  6.437476e-01 
 1112.000  5.924830e-01 
 1113.000  5.242655e-01 
 1114.000  5.029955e-01 
 1115.000  4.256046e-01 
 1116.000  3.813159e-01 
 1117.000  2.914063e-01 
 1118.000  2.177456e-01 
 1119.000  1.815578e-01 
 1120.000  1.428986e-01 
 1121.000  1.346437e-01 
 1122.000  1.021188e-01 
 1123.000  1.176540e-01 
 1124.000  1.288501e-01 
 1125.000  1.224846e-01 
 1126.000  1.202369e-01 
 1127.000  1.235905e-01 
 1128.000  1.300630e-01 
 1129.000  1.659095e-01 
 1130.000  2.629798e-01 
 1131.000  2.951355e-01 
 1132.000  2.507930e-01 
 1133.000  1.812116e-01 
 1134.000  8.311155e-02 
 1135.000  8.949690e-02 
 1136.000  1.926724e-01 
 1137.000  2.658269e-01 
 1138.000  3.499734e-01 
 1139.000  3.821376e-01 
 1140.000  3.649947e-01 
 1141.000  3.330633e-01 
 1142.000  3.211666e-01 
 1143.000  2.855328e-01 
 1144.000  2.485967e-01 
 1145.000  1.994274e-01 
 1146.000  2.107332e-01 
 1147.000  2.500199e-01 
 1148.000  2.877680e-01 
 1149.000  3.047218e-01 
 1150.000  3.080317e-01 
 1151.000  3.354864e-01 
 1152.000  3.493357e-01 
 1153.000  3.695695e-01 
 1154.000  3.666406e-01 
 1155.000  4.063526e-01 
 1156.000  4.514268e-01 
 1157.000  5.488917e-01 
 1158.000  5.942690e-01 
 1159.000  6.351589e-01 
 1160.000  6.529219e-01 
 1161.000  6.953337e-01 
 1162.000  7.283399e-01 
 1163.000  7.684848e-01 
 1164.000  7.775541e-01 
 1165.000  7.821295e-01 
 1166.000  7.915468e-01 
 1167.000  7.973443e-01 
 1168.000  7.953665e-01 
 1169.000  8.015130e-01 
 1170.000  8.069795e-01 
 1171.000  8.211738e-01 
 1172.000  8.129057e-01 
 1173.000  8.049075e-01 
 1174.000  8.054246e-01 
 1175.000  8.275805e-01 
 1176.000  8.481911e-01 
 1177.000  8.383933e-01 
 1178.000  8.185213e-01 
 1179.000  8.185710e-01 
 1180.000  8.114201e-01 
 1181.000  7.931827e-01 
 1182.000  7.753090e-01 
 1183.000  7.775025e-01 
 1184.000  7.877553e-01 
 1185.000  8.131918e-01 
 1186.000  8.056677e-01 
 1187.000  7.800258e-01 
 1188.000  7.743925e-01 
 1189.000  7.905061e-01 
 1190.000  8.317936e-01 
 1191.000  8.443297e-01 
 1192.000  8.624622e-01 
 1193.000  8.585786e-01 
 1194.000  8.559710e-01 
 1195.000  8.382772e-01 
 1196.000  8.407173e-01 
 1197.000  8.321197e-01 
 1198.000  8.301781e-01 
 1199.000  8.194680e-01 
 1200.000  8.256088e-01 
