  250.000  0.000000e+00 
  251.000  0.000000e+00 
  252.000  0.000000e+00 
  253.000  0.000000e+00 
  254.000  0.000000e+00 
  255.000  0.000000e+00 
  256.000  0.000000e+00 
  257.000  0.000000e+00 
  258.000  0.000000e+00 
  259.000  0.000000e+00 
  260.000  0.000000e+00 
  261.000  0.000000e+00 
  262.000  0.000000e+00 
  263.000  0.000000e+00 
  264.000  0.000000e+00 
  265.000  0.000000e+00 
  266.000  0.000000e+00 
  267.000  0.000000e+00 
  268.000  0.000000e+00 
  269.000  0.000000e+00 
  270.000  0.000000e+00 
  271.000  0.000000e+00 
  272.000  0.000000e+00 
  273.000  0.000000e+00 
  274.000  0.000000e+00 
  275.000  0.000000e+00 
  276.000  0.000000e+00 
  277.000  0.000000e+00 
  278.000  0.000000e+00 
  279.000  0.000000e+00 
  280.000  0.000000e+00 
  281.000  0.000000e+00 
  282.000  0.000000e+00 
  283.000  0.000000e+00 
  284.000  0.000000e+00 
  285.000  0.000000e+00 
  286.000  0.000000e+00 
  287.000  0.000000e+00 
  288.000  0.000000e+00 
  289.000  0.000000e+00 
  290.000  0.000000e+00 
  291.000  0.000000e+00 
  292.000  3.168647e-05 
  293.000  7.901438e-05 
  294.000  2.640202e-04 
  295.000  5.746366e-04 
  296.000  1.505922e-03 
  297.000  2.806897e-03 
  298.000  6.171485e-03 
  299.000  9.522079e-03 
  300.000  1.656286e-02 
  301.000  2.593938e-02 
  302.000  3.572248e-02 
  303.000  5.430194e-02 
  304.000  6.485315e-02 
  305.000  9.109714e-02 
  306.000  1.087990e-01 
  307.000  1.348827e-01 
  308.000  1.555304e-01 
  309.000  1.746222e-01 
  310.000  2.158196e-01 
  311.000  2.338540e-01 
  312.000  2.631690e-01 
  313.000  2.894437e-01 
  314.000  3.007399e-01 
  315.000  3.376310e-01 
  316.000  3.502215e-01 
  317.000  3.703911e-01 
  318.000  3.862693e-01 
  319.000  4.282129e-01 
  320.000  3.975652e-01 
  321.000  4.606314e-01 
  322.000  4.358763e-01 
  323.000  4.664910e-01 
  324.000  4.963693e-01 
  325.000  4.736570e-01 
  326.000  5.099612e-01 
  327.000  5.196705e-01 
  328.000  4.976276e-01 
  329.000  5.387948e-01 
  330.000  5.449320e-01 
  331.000  5.318342e-01 
  332.000  5.561620e-01 
  333.000  5.629558e-01 
  334.000  5.568472e-01 
  335.000  5.743239e-01 
  336.000  5.811610e-01 
  337.000  5.778719e-01 
  338.000  5.859185e-01 
  339.000  5.941810e-01 
  340.000  5.925007e-01 
  341.000  6.004969e-01 
  342.000  6.062461e-01 
  343.000  6.089931e-01 
  344.000  6.093284e-01 
  345.000  6.171098e-01 
  346.000  6.219052e-01 
  347.000  6.257605e-01 
  348.000  6.293520e-01 
  349.000  6.334137e-01 
  350.000  6.368408e-01 
  351.000  6.402470e-01 
  352.000  6.429933e-01 
  353.000  6.469969e-01 
  354.000  6.503640e-01 
  355.000  6.534855e-01 
  356.000  6.565265e-01 
  357.000  6.592279e-01 
  358.000  6.621541e-01 
  359.000  6.650613e-01 
  360.000  6.680013e-01 
  361.000  6.716819e-01 
  362.000  6.754902e-01 
  363.000  6.790018e-01 
  364.000  6.822364e-01 
  365.000  6.852638e-01 
  366.000  6.883652e-01 
  367.000  6.913074e-01 
  368.000  6.942165e-01 
  369.000  6.970945e-01 
  370.000  6.999370e-01 
  371.000  7.027512e-01 
  372.000  7.055365e-01 
  373.000  7.082925e-01 
  374.000  7.110000e-01 
  375.000  7.136518e-01 
  376.000  7.162128e-01 
  377.000  7.186366e-01 
  378.000  7.208943e-01 
  379.000  7.231805e-01 
  380.000  7.256730e-01 
  381.000  7.284814e-01 
  382.000  7.313786e-01 
  383.000  7.341197e-01 
  384.000  7.367213e-01 
  385.000  7.392275e-01 
  386.000  7.416675e-01 
  387.000  7.440649e-01 
  388.000  7.464280e-01 
  389.000  7.487674e-01 
  390.000  7.510839e-01 
  391.000  7.533727e-01 
  392.000  7.556405e-01 
  393.000  7.578857e-01 
  394.000  7.601063e-01 
  395.000  7.623007e-01 
  396.000  7.644770e-01 
  397.000  7.666248e-01 
  398.000  7.687495e-01 
  399.000  7.708527e-01 
  400.000  7.729242e-01 
  401.000  7.749839e-01 
  402.000  7.770237e-01 
  403.000  7.790428e-01 
  404.000  7.810410e-01 
  405.000  7.830145e-01 
  406.000  7.849718e-01 
  407.000  7.869107e-01 
  408.000  7.888299e-01 
  409.000  7.907275e-01 
  410.000  7.926045e-01 
  411.000  7.944605e-01 
  412.000  7.962942e-01 
  413.000  7.981145e-01 
  414.000  7.997941e-01 
  415.000  8.016203e-01 
  416.000  8.034215e-01 
  417.000  8.051893e-01 
  418.000  8.069122e-01 
  419.000  8.086141e-01 
  420.000  8.102984e-01 
  421.000  8.119704e-01 
  422.000  8.136296e-01 
  423.000  8.152744e-01 
  424.000  8.168974e-01 
  425.000  8.184809e-01 
  426.000  8.200473e-01 
  427.000  8.215980e-01 
  428.000  8.231182e-01 
  429.000  8.246149e-01 
  430.000  8.260927e-01 
  431.000  8.275577e-01 
  432.000  8.290059e-01 
  433.000  8.304389e-01 
  434.000  8.318583e-01 
  435.000  8.332623e-01 
  436.000  8.346493e-01 
  437.000  8.360200e-01 
  438.000  8.373739e-01 
  439.000  8.387159e-01 
  440.000  8.400356e-01 
  441.000  8.413376e-01 
  442.000  8.426182e-01 
  443.000  8.438790e-01 
  444.000  8.451193e-01 
  445.000  8.463328e-01 
  446.000  8.475130e-01 
  447.000  8.487476e-01 
  448.000  8.500656e-01 
  449.000  8.513968e-01 
  450.000  8.527018e-01 
  451.000  8.539551e-01 
  452.000  8.551637e-01 
  453.000  8.563473e-01 
  454.000  8.575091e-01 
  455.000  8.585984e-01 
  456.000  8.595940e-01 
  457.000  8.605885e-01 
  458.000  8.615690e-01 
  459.000  8.625284e-01 
  460.000  8.634794e-01 
  461.000  8.644196e-01 
  462.000  8.653415e-01 
  463.000  8.662600e-01 
  464.000  8.674798e-01 
  465.000  8.686810e-01 
  466.000  8.698609e-01 
  467.000  8.710139e-01 
  468.000  8.719435e-01 
  469.000  8.727415e-01 
  470.000  8.734784e-01 
  471.000  8.741458e-01 
  472.000  8.747130e-01 
  473.000  8.751084e-01 
  474.000  8.754374e-01 
  475.000  8.755416e-01 
  476.000  8.754182e-01 
  477.000  8.754347e-01 
  478.000  8.763257e-01 
  479.000  8.776712e-01 
  480.000  8.791202e-01 
  481.000  8.804245e-01 
  482.000  8.816625e-01 
  483.000  8.827420e-01 
  484.000  8.836737e-01 
  485.000  8.845095e-01 
  486.000  8.854139e-01 
  487.000  8.863750e-01 
  488.000  8.873060e-01 
  489.000  8.882200e-01 
  490.000  8.891228e-01 
  491.000  8.898166e-01 
  492.000  8.904468e-01 
  493.000  8.910733e-01 
  494.000  8.916822e-01 
  495.000  8.922904e-01 
  496.000  8.925746e-01 
  497.000  8.928451e-01 
  498.000  8.931109e-01 
  499.000  8.933613e-01 
  500.000  8.936070e-01 
  501.000  8.938209e-01 
  502.000  8.940345e-01 
  503.000  8.942448e-01 
  504.000  8.944444e-01 
  505.000  8.946315e-01 
  506.000  8.952805e-01 
  507.000  8.959498e-01 
  508.000  8.966174e-01 
  509.000  8.972770e-01 
  510.000  8.979228e-01 
  511.000  8.984969e-01 
  512.000  8.990496e-01 
  513.000  8.995988e-01 
  514.000  9.001409e-01 
  515.000  9.006780e-01 
  516.000  9.010486e-01 
  517.000  9.012706e-01 
  518.000  9.014859e-01 
  519.000  9.016966e-01 
  520.000  9.019049e-01 
  521.000  9.020892e-01 
  522.000  9.022133e-01 
  523.000  9.022976e-01 
  524.000  9.023852e-01 
  525.000  9.024500e-01 
  526.000  9.025484e-01 
  527.000  9.025373e-01 
  528.000  9.024811e-01 
  529.000  9.024237e-01 
  530.000  9.023712e-01 
  531.000  9.023217e-01 
  532.000  9.023210e-01 
  533.000  9.026076e-01 
  534.000  9.029691e-01 
  535.000  9.033766e-01 
  536.000  9.037703e-01 
  537.000  9.041302e-01 
  538.000  9.044514e-01 
  539.000  9.047483e-01 
  540.000  9.050265e-01 
  541.000  9.052963e-01 
  542.000  9.055540e-01 
  543.000  9.058022e-01 
  544.000  9.059821e-01 
  545.000  9.061055e-01 
  546.000  9.062222e-01 
  547.000  9.063426e-01 
  548.000  9.064559e-01 
  549.000  9.065672e-01 
  550.000  9.066037e-01 
  551.000  9.065677e-01 
  552.000  9.065342e-01 
  553.000  9.064872e-01 
  554.000  9.064339e-01 
  555.000  9.063770e-01 
  556.000  9.062926e-01 
  557.000  9.061620e-01 
  558.000  9.060239e-01 
  559.000  9.058743e-01 
  560.000  9.056966e-01 
  561.000  9.054930e-01 
  562.000  9.050390e-01 
  563.000  9.047954e-01 
  564.000  9.044756e-01 
  565.000  9.039819e-01 
  566.000  9.037090e-01 
  567.000  9.025431e-01 
  568.000  8.985435e-01 
  569.000  8.898309e-01 
  570.000  8.912609e-01 
  571.000  8.976341e-01 
  572.000  8.916737e-01 
  573.000  8.933635e-01 
  574.000  8.938480e-01 
  575.000  8.935211e-01 
  576.000  8.937429e-01 
  577.000  8.958274e-01 
  578.000  8.984913e-01 
  579.000  9.004914e-01 
  580.000  9.019771e-01 
  581.000  9.043377e-01 
  582.000  9.058098e-01 
  583.000  9.065444e-01 
  584.000  9.072472e-01 
  585.000  9.077249e-01 
  586.000  9.082450e-01 
  587.000  9.056659e-01 
  588.000  8.935193e-01 
  589.000  8.745211e-01 
  590.000  8.734262e-01 
  591.000  8.865354e-01 
  592.000  8.797153e-01 
  593.000  8.946620e-01 
  594.000  8.914850e-01 
  595.000  8.811494e-01 
  596.000  8.957402e-01 
  597.000  8.922235e-01 
  598.000  8.980424e-01 
  599.000  9.002667e-01 
  600.000  9.055090e-01 
  601.000  9.089897e-01 
  602.000  9.099563e-01 
  603.000  9.114281e-01 
  604.000  9.129931e-01 
  605.000  9.140139e-01 
  606.000  9.147086e-01 
  607.000  9.153791e-01 
  608.000  9.159948e-01 
  609.000  9.165838e-01 
  610.000  9.171910e-01 
  611.000  9.178694e-01 
  612.000  9.185350e-01 
  613.000  9.191816e-01 
  614.000  9.198109e-01 
  615.000  9.204382e-01 
  616.000  9.210448e-01 
  617.000  9.216214e-01 
  618.000  9.221089e-01 
  619.000  9.225283e-01 
  620.000  9.229208e-01 
  621.000  9.232666e-01 
  622.000  9.235654e-01 
  623.000  9.237856e-01 
  624.000  9.240152e-01 
  625.000  9.242157e-01 
  626.000  9.238248e-01 
  627.000  9.190088e-01 
  628.000  8.965800e-01 
  629.000  9.095071e-01 
  630.000  9.138397e-01 
  631.000  9.181669e-01 
  632.000  9.160536e-01 
  633.000  9.226091e-01 
  634.000  9.254281e-01 
  635.000  9.262803e-01 
  636.000  9.280384e-01 
  637.000  9.293873e-01 
  638.000  9.325337e-01 
  639.000  9.333665e-01 
  640.000  9.353283e-01 
  641.000  9.360189e-01 
  642.000  9.374542e-01 
  643.000  9.362712e-01 
  644.000  9.368163e-01 
  645.000  9.347722e-01 
  646.000  9.246066e-01 
  647.000  9.176519e-01 
  648.000  9.098424e-01 
  649.000  9.173408e-01 
  650.000  9.314694e-01 
  651.000  9.317853e-01 
  652.000  9.199356e-01 
  653.000  9.342588e-01 
  654.000  9.330448e-01 
  655.000  9.282719e-01 
  656.000  9.303839e-01 
  657.000  9.334808e-01 
  658.000  9.385933e-01 
  659.000  9.417093e-01 
  660.000  9.432500e-01 
  661.000  9.471492e-01 
  662.000  9.490448e-01 
  663.000  9.490699e-01 
  664.000  9.500131e-01 
  665.000  9.508438e-01 
  666.000  9.518471e-01 
  667.000  9.526736e-01 
  668.000  9.536315e-01 
  669.000  9.542839e-01 
  670.000  9.548482e-01 
  671.000  9.554492e-01 
  672.000  9.559740e-01 
  673.000  9.564872e-01 
  674.000  9.569952e-01 
  675.000  9.575045e-01 
  676.000  9.579793e-01 
  677.000  9.584155e-01 
  678.000  9.588535e-01 
  679.000  9.591930e-01 
  680.000  9.591058e-01 
  681.000  9.588587e-01 
  682.000  9.590468e-01 
  683.000  9.590270e-01 
  684.000  9.583007e-01 
  685.000  9.593434e-01 
  686.000  9.562749e-01 
  687.000  8.538719e-01 
  688.000  8.865367e-01 
  689.000  8.769165e-01 
  690.000  8.939018e-01 
  691.000  9.150221e-01 
  692.000  9.262207e-01 
  693.000  9.153970e-01 
  694.000  9.024561e-01 
  695.000  9.131750e-01 
  696.000  9.194613e-01 
  697.000  9.473661e-01 
  698.000  9.414871e-01 
  699.000  9.162217e-01 
  700.000  9.203618e-01 
  701.000  9.146988e-01 
  702.000  9.187951e-01 
  703.000  9.398639e-01 
  704.000  9.407405e-01 
  705.000  9.320123e-01 
  706.000  9.336876e-01 
  707.000  9.367784e-01 
  708.000  9.401227e-01 
  709.000  9.469895e-01 
  710.000  9.396274e-01 
  711.000  9.470919e-01 
  712.000  9.534435e-01 
  713.000  9.482925e-01 
  714.000  9.465356e-01 
  715.000  9.381598e-01 
  716.000  9.294516e-01 
  717.000  8.746557e-01 
  718.000  8.410311e-01 
  719.000  8.289102e-01 
  720.000  8.106577e-01 
  721.000  8.903903e-01 
  722.000  9.188088e-01 
  723.000  9.026592e-01 
  724.000  8.569622e-01 
  725.000  8.636553e-01 
  726.000  8.614758e-01 
  727.000  8.678911e-01 
  728.000  8.608083e-01 
  729.000  8.782318e-01 
  730.000  8.751533e-01 
  731.000  8.714442e-01 
  732.000  9.009009e-01 
  733.000  9.291628e-01 
  734.000  9.427580e-01 
  735.000  9.378939e-01 
  736.000  9.288778e-01 
  737.000  9.356104e-01 
  738.000  9.448781e-01 
  739.000  9.488477e-01 
  740.000  9.577006e-01 
  741.000  9.628006e-01 
  742.000  9.649202e-01 
  743.000  9.696267e-01 
  744.000  9.717435e-01 
  745.000  9.733610e-01 
  746.000  9.746150e-01 
  747.000  9.748908e-01 
  748.000  9.759942e-01 
  749.000  9.765164e-01 
  750.000  9.761638e-01 
  751.000  9.763409e-01 
  752.000  9.772995e-01 
  753.000  9.776736e-01 
  754.000  9.779617e-01 
  755.000  9.781383e-01 
  756.000  9.783250e-01 
  757.000  9.784551e-01 
  758.000  9.772571e-01 
  759.000  9.228762e-01 
  760.000  4.901309e-01 
  761.000  4.454627e-01 
  762.000  7.071596e-01 
  763.000  6.283982e-01 
  764.000  6.676227e-01 
  765.000  7.549446e-01 
  766.000  8.574855e-01 
  767.000  9.082096e-01 
  768.000  9.410474e-01 
  769.000  9.625812e-01 
  770.000  9.739025e-01 
  771.000  9.794826e-01 
  772.000  9.808151e-01 
  773.000  9.814184e-01 
  774.000  9.821137e-01 
  775.000  9.825087e-01 
  776.000  9.827983e-01 
  777.000  9.828591e-01 
  778.000  9.828101e-01 
  779.000  9.827547e-01 
  780.000  9.826985e-01 
  781.000  9.831080e-01 
  782.000  9.830385e-01 
  783.000  9.829835e-01 
  784.000  9.826228e-01 
  785.000  9.806477e-01 
  786.000  9.775611e-01 
  787.000  9.708198e-01 
  788.000  9.672648e-01 
  789.000  9.546528e-01 
  790.000  9.535447e-01 
  791.000  9.558935e-01 
  792.000  9.580632e-01 
  793.000  9.631579e-01 
  794.000  9.739984e-01 
  795.000  9.673279e-01 
  796.000  9.496309e-01 
  797.000  9.546533e-01 
  798.000  9.657903e-01 
  799.000  9.632152e-01 
  800.000  9.550631e-01 
  801.000  9.560041e-01 
  802.000  9.551569e-01 
  803.000  9.563190e-01 
  804.000  9.601122e-01 
  805.000  9.674048e-01 
  806.000  9.717489e-01 
  807.000  9.719162e-01 
  808.000  9.694104e-01 
  809.000  9.663386e-01 
  810.000  9.629757e-01 
  811.000  9.561082e-01 
  812.000  9.468803e-01 
  813.000  9.355948e-01 
  814.000  9.207311e-01 
  815.000  9.022782e-01 
  816.000  8.786875e-01 
  817.000  8.799578e-01 
  818.000  8.818471e-01 
  819.000  8.895870e-01 
  820.000  9.155363e-01 
  821.000  9.452378e-01 
  822.000  9.225985e-01 
  823.000  8.597786e-01 
  824.000  9.126500e-01 
  825.000  9.468066e-01 
  826.000  9.409538e-01 
  827.000  9.366071e-01 
  828.000  9.140854e-01 
  829.000  9.221571e-01 
  830.000  9.312168e-01 
  831.000  9.333315e-01 
  832.000  9.342574e-01 
  833.000  9.394783e-01 
  834.000  9.456335e-01 
  835.000  9.578716e-01 
  836.000  9.539080e-01 
  837.000  9.534717e-01 
  838.000  9.594185e-01 
  839.000  9.630204e-01 
  840.000  9.643147e-01 
  841.000  9.603630e-01 
  842.000  9.638696e-01 
  843.000  9.722314e-01 
  844.000  9.760147e-01 
  845.000  9.777662e-01 
  846.000  9.796094e-01 
  847.000  9.816446e-01 
  848.000  9.782293e-01 
  849.000  9.786428e-01 
  850.000  9.769445e-01 
  851.000  9.749254e-01 
  852.000  9.751040e-01 
  853.000  9.783855e-01 
  854.000  9.781868e-01 
  855.000  9.798265e-01 
  856.000  9.832591e-01 
  857.000  9.846957e-01 
  858.000  9.854326e-01 
  859.000  9.870775e-01 
  860.000  9.878687e-01 
  861.000  9.879816e-01 
  862.000  9.883975e-01 
  863.000  9.884462e-01 
  864.000  9.887294e-01 
  865.000  9.889599e-01 
  866.000  9.890164e-01 
  867.000  9.889679e-01 
  868.000  9.889988e-01 
  869.000  9.890711e-01 
  870.000  9.890078e-01 
  871.000  9.890758e-01 
  872.000  9.892506e-01 
  873.000  9.890643e-01 
  874.000  9.889607e-01 
  875.000  9.889317e-01 
  876.000  9.886110e-01 
  877.000  9.884453e-01 
  878.000  9.873766e-01 
  879.000  9.872983e-01 
  880.000  9.863734e-01 
  881.000  9.858513e-01 
  882.000  9.853492e-01 
  883.000  9.858203e-01 
  884.000  9.860010e-01 
  885.000  9.841197e-01 
  886.000  9.815106e-01 
  887.000  9.835002e-01 
  888.000  9.833661e-01 
  889.000  9.839641e-01 
  890.000  9.824207e-01 
  891.000  9.792634e-01 
  892.000  9.726273e-01 
  893.000  9.525305e-01 
  894.000  9.425055e-01 
  895.000  9.120655e-01 
  896.000  8.848146e-01 
  897.000  8.561443e-01 
  898.000  8.427510e-01 
  899.000  8.052130e-01 
  900.000  8.105661e-01 
  901.000  8.008212e-01 
  902.000  8.026417e-01 
  903.000  8.656983e-01 
  904.000  9.043955e-01 
  905.000  9.030018e-01 
  906.000  8.787819e-01 
  907.000  8.361182e-01 
  908.000  8.080980e-01 
  909.000  8.092492e-01 
  910.000  8.134370e-01 
  911.000  8.320007e-01 
  912.000  8.229915e-01 
  913.000  7.840074e-01 
  914.000  8.032460e-01 
  915.000  8.184483e-01 
  916.000  8.225788e-01 
  917.000  8.308620e-01 
  918.000  8.415736e-01 
  919.000  8.780707e-01 
  920.000  9.057487e-01 
  921.000  8.996526e-01 
  922.000  8.991188e-01 
  923.000  8.913725e-01 
  924.000  8.728078e-01 
  925.000  8.711860e-01 
  926.000  8.705592e-01 
  927.000  8.488178e-01 
  928.000  8.155007e-01 
  929.000  7.676625e-01 
  930.000  7.072985e-01 
  931.000  6.404947e-01 
  932.000  5.537568e-01 
  933.000  4.903273e-01 
  934.000  4.262222e-01 
  935.000  4.193149e-01 
  936.000  4.443089e-01 
  937.000  4.380211e-01 
  938.000  5.097460e-01 
  939.000  6.992396e-01 
  940.000  7.279198e-01 
  941.000  7.033522e-01 
  942.000  6.432154e-01 
  943.000  5.441545e-01 
  944.000  5.372085e-01 
  945.000  5.725297e-01 
  946.000  5.746008e-01 
  947.000  6.065540e-01 
  948.000  6.253356e-01 
  949.000  6.230053e-01 
  950.000  6.278529e-01 
  951.000  6.699575e-01 
  952.000  6.251913e-01 
  953.000  6.567925e-01 
  954.000  6.908371e-01 
  955.000  6.634977e-01 
  956.000  6.575794e-01 
  957.000  7.437081e-01 
  958.000  7.550222e-01 
  959.000  7.407575e-01 
  960.000  7.366657e-01 
  961.000  7.295325e-01 
  962.000  7.361440e-01 
  963.000  7.836609e-01 
  964.000  7.905393e-01 
  965.000  7.860485e-01 
  966.000  7.886875e-01 
  967.000  8.227391e-01 
  968.000  8.797568e-01 
  969.000  9.055920e-01 
  970.000  9.069975e-01 
  971.000  9.063796e-01 
  972.000  8.990312e-01 
  973.000  8.820924e-01 
  974.000  8.614999e-01 
  975.000  8.482816e-01 
  976.000  8.644289e-01 
  977.000  8.911505e-01 
  978.000  8.889935e-01 
  979.000  8.959429e-01 
  980.000  9.232578e-01 
  981.000  9.293208e-01 
  982.000  9.232475e-01 
  983.000  9.372848e-01 
  984.000  9.517394e-01 
  985.000  9.599519e-01 
  986.000  9.705538e-01 
  987.000  9.751439e-01 
  988.000  9.761874e-01 
  989.000  9.768496e-01 
  990.000  9.779577e-01 
  991.000  9.818942e-01 
  992.000  9.830015e-01 
  993.000  9.834064e-01 
  994.000  9.869576e-01 
  995.000  9.893773e-01 
  996.000  9.893442e-01 
  997.000  9.877870e-01 
  998.000  9.859686e-01 
  999.000  9.852943e-01 
 1000.000  9.858220e-01 
 1001.000  9.820296e-01 
 1002.000  9.759694e-01 
 1003.000  9.773926e-01 
 1004.000  9.808589e-01 
 1005.000  9.824350e-01 
 1006.000  9.829496e-01 
 1007.000  9.817833e-01 
 1008.000  9.768451e-01 
 1009.000  9.702519e-01 
 1010.000  9.731805e-01 
 1011.000  9.801786e-01 
 1012.000  9.828410e-01 
 1013.000  9.849389e-01 
 1014.000  9.858144e-01 
 1015.000  9.859844e-01 
 1016.000  9.869323e-01 
 1017.000  9.874806e-01 
 1018.000  9.862978e-01 
 1019.000  9.838660e-01 
 1020.000  9.847239e-01 
 1021.000  9.864800e-01 
 1022.000  9.835449e-01 
 1023.000  9.810911e-01 
 1024.000  9.796264e-01 
 1025.000  9.841546e-01 
 1026.000  9.861664e-01 
 1027.000  9.853296e-01 
 1028.000  9.860483e-01 
 1029.000  9.880527e-01 
 1030.000  9.898941e-01 
 1031.000  9.908611e-01 
 1032.000  9.916213e-01 
 1033.000  9.918368e-01 
 1034.000  9.922998e-01 
 1035.000  9.925374e-01 
 1036.000  9.924713e-01 
 1037.000  9.925474e-01 
 1038.000  9.926790e-01 
 1039.000  9.924620e-01 
 1040.000  9.922842e-01 
 1041.000  9.921483e-01 
 1042.000  9.921218e-01 
 1043.000  9.921374e-01 
 1044.000  9.920251e-01 
 1045.000  9.916167e-01 
 1046.000  9.913505e-01 
 1047.000  9.910420e-01 
 1048.000  9.906853e-01 
 1049.000  9.903513e-01 
 1050.000  9.899203e-01 
 1051.000  9.892417e-01 
 1052.000  9.888505e-01 
 1053.000  9.888847e-01 
 1054.000  9.882442e-01 
 1055.000  9.875920e-01 
 1056.000  9.871026e-01 
 1057.000  9.856070e-01 
 1058.000  9.827688e-01 
 1059.000  9.830832e-01 
 1060.000  9.847255e-01 
 1061.000  9.844420e-01 
 1062.000  9.826522e-01 
 1063.000  9.820635e-01 
 1064.000  9.805401e-01 
 1065.000  9.786163e-01 
 1066.000  9.787718e-01 
 1067.000  9.776818e-01 
 1068.000  9.737794e-01 
 1069.000  9.716592e-01 
 1070.000  9.720160e-01 
 1071.000  9.693748e-01 
 1072.000  9.667175e-01 
 1073.000  9.660704e-01 
 1074.000  9.662677e-01 
 1075.000  9.697986e-01 
 1076.000  9.673374e-01 
 1077.000  9.640992e-01 
 1078.000  9.603237e-01 
 1079.000  9.597211e-01 
 1080.000  9.498752e-01 
 1081.000  9.492229e-01 
 1082.000  9.534196e-01 
 1083.000  9.481596e-01 
 1084.000  9.424298e-01 
 1085.000  9.288925e-01 
 1086.000  9.319648e-01 
 1087.000  9.467041e-01 
 1088.000  9.472213e-01 
 1089.000  9.291583e-01 
 1090.000  9.257116e-01 
 1091.000  9.290752e-01 
 1092.000  9.200807e-01 
 1093.000  9.001311e-01 
 1094.000  8.914279e-01 
 1095.000  8.927869e-01 
 1096.000  8.940192e-01 
 1097.000  8.899860e-01 
 1098.000  8.416817e-01 
 1099.000  8.006389e-01 
 1100.000  8.033645e-01 
 1101.000  8.089773e-01 
 1102.000  8.061680e-01 
 1103.000  8.098797e-01 
 1104.000  8.030260e-01 
 1105.000  7.858105e-01 
 1106.000  7.685088e-01 
 1107.000  7.727081e-01 
 1108.000  7.757403e-01 
 1109.000  7.903843e-01 
 1110.000  7.884086e-01 
 1111.000  7.801191e-01 
 1112.000  7.438744e-01 
 1113.000  6.945078e-01 
 1114.000  6.808939e-01 
 1115.000  6.207612e-01 
 1116.000  5.838702e-01 
 1117.000  5.000094e-01 
 1118.000  4.245210e-01 
 1119.000  3.850147e-01 
 1120.000  3.370243e-01 
 1121.000  3.264576e-01 
 1122.000  2.782924e-01 
 1123.000  3.040028e-01 
 1124.000  3.215047e-01 
 1125.000  3.121553e-01 
 1126.000  3.084823e-01 
 1127.000  3.126573e-01 
 1128.000  3.207728e-01 
 1129.000  3.690178e-01 
 1130.000  4.844547e-01 
 1131.000  5.185828e-01 
 1132.000  4.718612e-01 
 1133.000  3.885560e-01 
 1134.000  2.444098e-01 
 1135.000  2.550421e-01 
 1136.000  4.008616e-01 
 1137.000  4.841364e-01 
 1138.000  5.668339e-01 
 1139.000  5.927814e-01 
 1140.000  5.769026e-01 
 1141.000  5.450116e-01 
 1142.000  5.337180e-01 
 1143.000  4.985133e-01 
 1144.000  4.593296e-01 
 1145.000  4.034752e-01 
 1146.000  4.166320e-01 
 1147.000  4.604813e-01 
 1148.000  4.999043e-01 
 1149.000  5.160885e-01 
 1150.000  5.172605e-01 
 1151.000  5.417490e-01 
 1152.000  5.537381e-01 
 1153.000  5.713681e-01 
 1154.000  5.665102e-01 
 1155.000  5.998399e-01 
 1156.000  6.372425e-01 
 1157.000  7.140310e-01 
 1158.000  7.460258e-01 
 1159.000  7.736727e-01 
 1160.000  7.851885e-01 
 1161.000  8.141153e-01 
 1162.000  8.352675e-01 
 1163.000  8.609978e-01 
 1164.000  8.669786e-01 
 1165.000  8.690659e-01 
 1166.000  8.745659e-01 
 1167.000  8.779181e-01 
 1168.000  8.766266e-01 
 1169.000  8.803563e-01 
 1170.000  8.837330e-01 
 1171.000  8.927647e-01 
 1172.000  8.874403e-01 
 1173.000  8.822054e-01 
 1174.000  8.825282e-01 
 1175.000  8.967911e-01 
 1176.000  9.099268e-01 
 1177.000  9.037451e-01 
 1178.000  8.910789e-01 
 1179.000  8.911070e-01 
 1180.000  8.865461e-01 
 1181.000  8.747453e-01 
 1182.000  8.630447e-01 
 1183.000  8.644804e-01 
 1184.000  8.712095e-01 
 1185.000  8.876832e-01 
 1186.000  8.828190e-01 
 1187.000  8.660156e-01 
 1188.000  8.622133e-01 
 1189.000  8.727077e-01 
 1190.000  8.993169e-01 
 1191.000  9.072326e-01 
 1192.000  9.186012e-01 
 1193.000  9.161524e-01 
 1194.000  9.144460e-01 
 1195.000  9.032275e-01 
 1196.000  9.047762e-01 
 1197.000  8.993096e-01 
 1198.000  8.980887e-01 
 1199.000  8.912359e-01 
 1200.000  8.952014e-01 
