  250.000  0.000000e+00 
  251.000  0.000000e+00 
  252.000  0.000000e+00 
  253.000  0.000000e+00 
  254.000  0.000000e+00 
  255.000  0.000000e+00 
  256.000  0.000000e+00 
  257.000  0.000000e+00 
  258.000  0.000000e+00 
  259.000  0.000000e+00 
  260.000  0.000000e+00 
  261.000  0.000000e+00 
  262.000  0.000000e+00 
  263.000  0.000000e+00 
  264.000  0.000000e+00 
  265.000  0.000000e+00 
  266.000  0.000000e+00 
  267.000  0.000000e+00 
  268.000  0.000000e+00 
  269.000  0.000000e+00 
  270.000  0.000000e+00 
  271.000  0.000000e+00 
  272.000  0.000000e+00 
  273.000  0.000000e+00 
  274.000  0.000000e+00 
  275.000  0.000000e+00 
  276.000  0.000000e+00 
  277.000  0.000000e+00 
  278.000  0.000000e+00 
  279.000  0.000000e+00 
  280.000  0.000000e+00 
  281.000  0.000000e+00 
  282.000  0.000000e+00 
  283.000  0.000000e+00 
  284.000  0.000000e+00 
  285.000  0.000000e+00 
  286.000  0.000000e+00 
  287.000  0.000000e+00 
  288.000  2.148362e-14 
  289.000  2.997888e-13 
  290.000  5.830510e-12 
  291.000  6.228966e-11 
  292.000  1.445305e-09 
  293.000  9.354147e-09 
  294.000  7.758566e-08 
  295.000  3.042250e-07 
  296.000  2.065372e-06 
  297.000  6.536481e-06 
  298.000  2.588054e-05 
  299.000  6.637291e-05 
  300.000  1.757335e-04 
  301.000  3.909550e-04 
  302.000  7.626793e-04 
  303.000  1.694156e-03 
  304.000  2.290758e-03 
  305.000  4.388155e-03 
  306.000  6.335530e-03 
  307.000  9.919826e-03 
  308.000  1.324627e-02 
  309.000  1.735523e-02 
  310.000  2.467819e-02 
  311.000  2.855273e-02 
  312.000  3.509025e-02 
  313.000  4.364195e-02 
  314.000  4.780187e-02 
  315.000  5.932422e-02 
  316.000  6.294193e-02 
  317.000  7.279409e-02 
  318.000  7.916641e-02 
  319.000  9.566819e-02 
  320.000  8.625380e-02 
  321.000  1.114716e-01 
  322.000  1.024223e-01 
  323.000  1.151212e-01 
  324.000  1.336639e-01 
  325.000  1.222697e-01 
  326.000  1.411973e-01 
  327.000  1.481315e-01 
  328.000  1.398961e-01 
  329.000  1.623468e-01 
  330.000  1.673601e-01 
  331.000  1.593662e-01 
  332.000  1.759090e-01 
  333.000  1.805261e-01 
  334.000  1.796340e-01 
  335.000  1.910148e-01 
  336.000  1.965238e-01 
  337.000  1.952081e-01 
  338.000  2.033618e-01 
  339.000  2.096255e-01 
  340.000  2.100679e-01 
  341.000  2.170346e-01 
  342.000  2.223999e-01 
  343.000  2.263771e-01 
  344.000  2.266946e-01 
  345.000  2.344748e-01 
  346.000  2.389268e-01 
  347.000  2.431412e-01 
  348.000  2.473004e-01 
  349.000  2.522918e-01 
  350.000  2.564254e-01 
  351.000  2.611394e-01 
  352.000  2.651520e-01 
  353.000  2.699801e-01 
  354.000  2.734601e-01 
  355.000  2.772866e-01 
  356.000  2.821663e-01 
  357.000  2.853639e-01 
  358.000  2.889655e-01 
  359.000  2.925346e-01 
  360.000  2.960300e-01 
  361.000  2.996896e-01 
  362.000  3.053406e-01 
  363.000  3.101689e-01 
  364.000  3.150064e-01 
  365.000  3.190742e-01 
  366.000  3.236316e-01 
  367.000  3.279399e-01 
  368.000  3.320676e-01 
  369.000  3.355591e-01 
  370.000  3.397273e-01 
  371.000  3.441556e-01 
  372.000  3.478185e-01 
  373.000  3.523546e-01 
  374.000  3.566943e-01 
  375.000  3.602277e-01 
  376.000  3.638984e-01 
  377.000  3.681271e-01 
  378.000  3.714244e-01 
  379.000  3.750049e-01 
  380.000  3.784404e-01 
  381.000  3.822144e-01 
  382.000  3.872650e-01 
  383.000  3.924409e-01 
  384.000  3.959765e-01 
  385.000  4.005423e-01 
  386.000  4.042116e-01 
  387.000  4.085447e-01 
  388.000  4.119639e-01 
  389.000  4.154558e-01 
  390.000  4.198405e-01 
  391.000  4.234564e-01 
  392.000  4.264810e-01 
  393.000  4.316102e-01 
  394.000  4.351449e-01 
  395.000  4.385784e-01 
  396.000  4.429194e-01 
  397.000  4.468979e-01 
  398.000  4.496336e-01 
  399.000  4.534613e-01 
  400.000  4.567006e-01 
  401.000  4.610388e-01 
  402.000  4.649625e-01 
  403.000  4.689949e-01 
  404.000  4.716650e-01 
  405.000  4.753917e-01 
  406.000  4.789662e-01 
  407.000  4.835987e-01 
  408.000  4.858534e-01 
  409.000  4.891522e-01 
  410.000  4.926704e-01 
  411.000  4.965815e-01 
  412.000  5.006641e-01 
  413.000  5.028430e-01 
  414.000  5.070562e-01 
  415.000  5.103765e-01 
  416.000  5.146868e-01 
  417.000  5.172166e-01 
  418.000  5.200843e-01 
  419.000  5.242110e-01 
  420.000  5.269695e-01 
  421.000  5.302141e-01 
  422.000  5.328724e-01 
  423.000  5.365559e-01 
  424.000  5.393720e-01 
  425.000  5.436562e-01 
  426.000  5.468529e-01 
  427.000  5.497764e-01 
  428.000  5.524328e-01 
  429.000  5.563512e-01 
  430.000  5.595647e-01 
  431.000  5.607963e-01 
  432.000  5.653729e-01 
  433.000  5.685181e-01 
  434.000  5.705498e-01 
  435.000  5.726572e-01 
  436.000  5.763913e-01 
  437.000  5.812619e-01 
  438.000  5.837423e-01 
  439.000  5.843009e-01 
  440.000  5.879751e-01 
  441.000  5.911664e-01 
  442.000  5.950102e-01 
  443.000  5.970491e-01 
  444.000  5.995008e-01 
  445.000  6.007738e-01 
  446.000  6.043140e-01 
  447.000  6.076676e-01 
  448.000  6.077767e-01 
  449.000  6.125888e-01 
  450.000  6.164954e-01 
  451.000  6.188378e-01 
  452.000  6.207624e-01 
  453.000  6.236890e-01 
  454.000  6.276981e-01 
  455.000  6.290486e-01 
  456.000  6.314700e-01 
  457.000  6.342714e-01 
  458.000  6.360949e-01 
  459.000  6.385821e-01 
  460.000  6.401195e-01 
  461.000  6.425963e-01 
  462.000  6.460662e-01 
  463.000  6.461966e-01 
  464.000  6.496176e-01 
  465.000  6.519751e-01 
  466.000  6.563384e-01 
  467.000  6.575968e-01 
  468.000  6.601020e-01 
  469.000  6.623214e-01 
  470.000  6.646740e-01 
  471.000  6.668676e-01 
  472.000  6.679031e-01 
  473.000  6.685702e-01 
  474.000  6.672825e-01 
  475.000  6.677506e-01 
  476.000  6.688603e-01 
  477.000  6.699533e-01 
  478.000  6.712508e-01 
  479.000  6.737280e-01 
  480.000  6.767678e-01 
  481.000  6.817429e-01 
  482.000  6.857991e-01 
  483.000  6.895331e-01 
  484.000  6.914813e-01 
  485.000  6.931704e-01 
  486.000  6.944578e-01 
  487.000  6.972563e-01 
  488.000  6.987221e-01 
  489.000  6.998613e-01 
  490.000  7.030809e-01 
  491.000  7.050807e-01 
  492.000  7.068943e-01 
  493.000  7.087023e-01 
  494.000  7.099346e-01 
  495.000  7.113267e-01 
  496.000  7.125086e-01 
  497.000  7.143800e-01 
  498.000  7.157912e-01 
  499.000  7.175761e-01 
  500.000  7.189112e-01 
  501.000  7.192099e-01 
  502.000  7.194241e-01 
  503.000  7.194461e-01 
  504.000  7.197644e-01 
  505.000  7.205760e-01 
  506.000  7.233674e-01 
  507.000  7.249300e-01 
  508.000  7.273504e-01 
  509.000  7.286139e-01 
  510.000  7.304892e-01 
  511.000  7.325467e-01 
  512.000  7.338544e-01 
  513.000  7.364706e-01 
  514.000  7.377134e-01 
  515.000  7.398505e-01 
  516.000  7.408697e-01 
  517.000  7.426323e-01 
  518.000  7.430651e-01 
  519.000  7.442080e-01 
  520.000  7.448100e-01 
  521.000  7.463979e-01 
  522.000  7.468717e-01 
  523.000  7.475452e-01 
  524.000  7.482756e-01 
  525.000  7.479782e-01 
  526.000  7.482279e-01 
  527.000  7.488247e-01 
  528.000  7.487178e-01 
  529.000  7.490517e-01 
  530.000  7.490841e-01 
  531.000  7.498642e-01 
  532.000  7.505768e-01 
  533.000  7.515949e-01 
  534.000  7.530710e-01 
  535.000  7.539217e-01 
  536.000  7.554160e-01 
  537.000  7.569576e-01 
  538.000  7.577242e-01 
  539.000  7.585456e-01 
  540.000  7.599652e-01 
  541.000  7.602694e-01 
  542.000  7.607888e-01 
  543.000  7.618868e-01 
  544.000  7.629892e-01 
  545.000  7.631245e-01 
  546.000  7.639363e-01 
  547.000  7.655272e-01 
  548.000  7.670301e-01 
  549.000  7.674720e-01 
  550.000  7.687856e-01 
  551.000  7.696097e-01 
  552.000  7.703114e-01 
  553.000  7.710134e-01 
  554.000  7.719209e-01 
  555.000  7.727291e-01 
  556.000  7.727252e-01 
  557.000  7.723946e-01 
  558.000  7.721881e-01 
  559.000  7.720035e-01 
  560.000  7.717054e-01 
  561.000  7.714891e-01 
  562.000  7.714161e-01 
  563.000  7.709793e-01 
  564.000  7.705136e-01 
  565.000  7.701472e-01 
  566.000  7.702252e-01 
  567.000  7.697104e-01 
  568.000  7.687052e-01 
  569.000  7.658408e-01 
  570.000  7.636648e-01 
  571.000  7.632777e-01 
  572.000  7.615818e-01 
  573.000  7.610244e-01 
  574.000  7.597072e-01 
  575.000  7.593131e-01 
  576.000  7.596532e-01 
  577.000  7.604525e-01 
  578.000  7.629179e-01 
  579.000  7.653599e-01 
  580.000  7.675403e-01 
  581.000  7.713757e-01 
  582.000  7.751088e-01 
  583.000  7.782600e-01 
  584.000  7.829619e-01 
  585.000  7.847034e-01 
  586.000  7.871131e-01 
  587.000  7.878705e-01 
  588.000  7.892795e-01 
  589.000  7.844744e-01 
  590.000  7.856127e-01 
  591.000  7.882686e-01 
  592.000  7.840346e-01 
  593.000  7.917215e-01 
  594.000  7.889392e-01 
  595.000  7.917387e-01 
  596.000  7.928709e-01 
  597.000  7.929174e-01 
  598.000  7.931870e-01 
  599.000  7.945055e-01 
  600.000  7.946830e-01 
  601.000  7.961679e-01 
  602.000  7.978622e-01 
  603.000  7.988041e-01 
  604.000  7.996442e-01 
  605.000  8.005950e-01 
  606.000  8.024398e-01 
  607.000  8.038936e-01 
  608.000  8.058302e-01 
  609.000  8.066275e-01 
  610.000  8.082203e-01 
  611.000  8.094749e-01 
  612.000  8.112631e-01 
  613.000  8.128485e-01 
  614.000  8.139690e-01 
  615.000  8.152801e-01 
  616.000  8.170370e-01 
  617.000  8.182913e-01 
  618.000  8.191389e-01 
  619.000  8.203571e-01 
  620.000  8.212849e-01 
  621.000  8.219167e-01 
  622.000  8.221973e-01 
  623.000  8.226141e-01 
  624.000  8.227473e-01 
  625.000  8.229188e-01 
  626.000  8.228269e-01 
  627.000  8.227990e-01 
  628.000  7.925312e-01 
  629.000  8.070797e-01 
  630.000  8.124877e-01 
  631.000  8.229835e-01 
  632.000  8.273534e-01 
  633.000  8.298861e-01 
  634.000  8.335983e-01 
  635.000  8.345811e-01 
  636.000  8.382584e-01 
  637.000  8.423812e-01 
  638.000  8.448253e-01 
  639.000  8.475272e-01 
  640.000  8.490282e-01 
  641.000  8.519109e-01 
  642.000  8.536158e-01 
  643.000  8.546073e-01 
  644.000  8.561714e-01 
  645.000  8.575606e-01 
  646.000  8.569262e-01 
  647.000  8.555884e-01 
  648.000  8.538595e-01 
  649.000  8.575710e-01 
  650.000  8.634123e-01 
  651.000  8.644478e-01 
  652.000  8.642426e-01 
  653.000  8.664122e-01 
  654.000  8.681233e-01 
  655.000  8.635733e-01 
  656.000  8.680266e-01 
  657.000  8.697845e-01 
  658.000  8.726950e-01 
  659.000  8.748485e-01 
  660.000  8.752026e-01 
  661.000  8.770223e-01 
  662.000  8.773826e-01 
  663.000  8.786383e-01 
  664.000  8.794911e-01 
  665.000  8.804801e-01 
  666.000  8.814666e-01 
  667.000  8.829480e-01 
  668.000  8.836608e-01 
  669.000  8.849186e-01 
  670.000  8.855640e-01 
  671.000  8.870800e-01 
  672.000  8.874131e-01 
  673.000  8.886619e-01 
  674.000  8.891640e-01 
  675.000  8.904690e-01 
  676.000  8.908879e-01 
  677.000  8.915585e-01 
  678.000  8.927094e-01 
  679.000  8.933111e-01 
  680.000  8.945336e-01 
  681.000  8.950670e-01 
  682.000  8.965721e-01 
  683.000  8.969467e-01 
  684.000  8.983339e-01 
  685.000  8.989601e-01 
  686.000  8.998707e-01 
  687.000  5.459500e-01 
  688.000  7.190821e-01 
  689.000  7.687682e-01 
  690.000  8.063310e-01 
  691.000  8.340294e-01 
  692.000  8.805834e-01 
  693.000  8.802370e-01 
  694.000  8.828079e-01 
  695.000  8.948528e-01 
  696.000  8.919955e-01 
  697.000  9.069629e-01 
  698.000  9.069501e-01 
  699.000  9.011459e-01 
  700.000  9.027798e-01 
  701.000  8.985384e-01 
  702.000  9.012436e-01 
  703.000  9.038500e-01 
  704.000  9.056410e-01 
  705.000  9.066799e-01 
  706.000  9.094479e-01 
  707.000  9.116343e-01 
  708.000  9.134268e-01 
  709.000  9.139934e-01 
  710.000  9.137096e-01 
  711.000  9.160327e-01 
  712.000  9.154259e-01 
  713.000  9.172797e-01 
  714.000  9.163119e-01 
  715.000  9.141321e-01 
  716.000  9.151132e-01 
  717.000  9.026846e-01 
  718.000  8.662184e-01 
  719.000  8.264693e-01 
  720.000  8.733912e-01 
  721.000  9.120086e-01 
  722.000  9.114314e-01 
  723.000  9.098555e-01 
  724.000  8.597337e-01 
  725.000  8.788176e-01 
  726.000  9.002284e-01 
  727.000  8.911076e-01 
  728.000  8.749465e-01 
  729.000  8.852938e-01 
  730.000  9.041763e-01 
  731.000  8.941151e-01 
  732.000  9.002730e-01 
  733.000  9.160159e-01 
  734.000  9.243258e-01 
  735.000  9.191594e-01 
  736.000  9.231460e-01 
  737.000  9.236377e-01 
  738.000  9.262097e-01 
  739.000  9.271863e-01 
  740.000  9.302242e-01 
  741.000  9.319878e-01 
  742.000  9.329169e-01 
  743.000  9.330972e-01 
  744.000  9.338170e-01 
  745.000  9.343363e-01 
  746.000  9.350720e-01 
  747.000  9.355222e-01 
  748.000  9.358211e-01 
  749.000  9.360856e-01 
  750.000  9.365191e-01 
  751.000  9.367906e-01 
  752.000  9.377970e-01 
  753.000  9.380791e-01 
  754.000  9.384455e-01 
  755.000  9.388300e-01 
  756.000  9.390839e-01 
  757.000  9.394798e-01 
  758.000  9.402283e-01 
  759.000  9.241408e-01 
  760.000  2.236385e-01 
  761.000  1.172026e-01 
  762.000  5.230395e-01 
  763.000  4.010192e-01 
  764.000  4.799407e-01 
  765.000  6.329259e-01 
  766.000  7.786518e-01 
  767.000  8.354569e-01 
  768.000  9.115406e-01 
  769.000  9.319094e-01 
  770.000  9.315924e-01 
  771.000  9.411525e-01 
  772.000  9.444451e-01 
  773.000  9.446272e-01 
  774.000  9.447719e-01 
  775.000  9.449233e-01 
  776.000  9.451927e-01 
  777.000  9.455792e-01 
  778.000  9.458096e-01 
  779.000  9.460452e-01 
  780.000  9.462419e-01 
  781.000  9.467720e-01 
  782.000  9.471749e-01 
  783.000  9.474615e-01 
  784.000  9.475284e-01 
  785.000  9.475922e-01 
  786.000  9.467895e-01 
  787.000  9.471087e-01 
  788.000  9.450404e-01 
  789.000  9.454118e-01 
  790.000  9.418160e-01 
  791.000  9.425341e-01 
  792.000  9.444204e-01 
  793.000  9.456581e-01 
  794.000  9.508847e-01 
  795.000  9.494910e-01 
  796.000  9.393444e-01 
  797.000  9.470707e-01 
  798.000  9.480160e-01 
  799.000  9.497193e-01 
  800.000  9.455230e-01 
  801.000  9.436309e-01 
  802.000  9.466920e-01 
  803.000  9.462339e-01 
  804.000  9.462041e-01 
  805.000  9.482724e-01 
  806.000  9.521728e-01 
  807.000  9.500839e-01 
  808.000  9.526132e-01 
  809.000  9.490039e-01 
  810.000  9.473101e-01 
  811.000  9.481017e-01 
  812.000  9.443563e-01 
  813.000  9.365648e-01 
  814.000  9.226539e-01 
  815.000  9.045874e-01 
  816.000  9.186189e-01 
  817.000  8.521954e-01 
  818.000  8.987828e-01 
  819.000  9.193260e-01 
  820.000  8.927435e-01 
  821.000  9.486252e-01 
  822.000  9.420972e-01 
  823.000  8.329973e-01 
  824.000  9.337127e-01 
  825.000  9.456317e-01 
  826.000  9.332250e-01 
  827.000  9.454325e-01 
  828.000  9.119415e-01 
  829.000  9.382640e-01 
  830.000  9.323885e-01 
  831.000  9.355673e-01 
  832.000  9.354385e-01 
  833.000  9.453691e-01 
  834.000  9.452194e-01 
  835.000  9.508311e-01 
  836.000  9.514811e-01 
  837.000  9.514477e-01 
  838.000  9.551673e-01 
  839.000  9.570333e-01 
  840.000  9.577042e-01 
  841.000  9.577042e-01 
  842.000  9.546341e-01 
  843.000  9.607643e-01 
  844.000  9.573129e-01 
  845.000  9.603411e-01 
  846.000  9.612647e-01 
  847.000  9.618598e-01 
  848.000  9.613566e-01 
  849.000  9.618437e-01 
  850.000  9.620857e-01 
  851.000  9.629327e-01 
  852.000  9.643487e-01 
  853.000  9.647539e-01 
  854.000  9.647115e-01 
  855.000  9.647115e-01 
  856.000  9.650685e-01 
  857.000  9.659591e-01 
  858.000  9.654617e-01 
  859.000  9.660489e-01 
  860.000  9.664483e-01 
  861.000  9.664598e-01 
  862.000  9.668190e-01 
  863.000  9.665028e-01 
  864.000  9.672660e-01 
  865.000  9.672660e-01 
  866.000  9.672832e-01 
  867.000  9.674901e-01 
  868.000  9.675255e-01 
  869.000  9.676425e-01 
  870.000  9.679393e-01 
  871.000  9.680473e-01 
  872.000  9.683289e-01 
  873.000  9.684348e-01 
  874.000  9.684348e-01 
  875.000  9.687731e-01 
  876.000  9.688898e-01 
  877.000  9.690152e-01 
  878.000  9.691253e-01 
  879.000  9.691754e-01 
  880.000  9.695195e-01 
  881.000  9.695195e-01 
  882.000  9.693410e-01 
  883.000  9.695110e-01 
  884.000  9.697195e-01 
  885.000  9.699526e-01 
  886.000  9.679787e-01 
  887.000  9.700929e-01 
  888.000  9.700929e-01 
  889.000  9.696264e-01 
  890.000  9.686665e-01 
  891.000  9.704203e-01 
  892.000  9.686776e-01 
  893.000  9.638264e-01 
  894.000  9.638264e-01 
  895.000  9.518195e-01 
  896.000  9.408846e-01 
  897.000  8.864734e-01 
  898.000  9.388015e-01 
  899.000  8.332048e-01 
  900.000  8.332048e-01 
  901.000  8.565090e-01 
  902.000  8.802043e-01 
  903.000  9.038163e-01 
  904.000  9.570381e-01 
  905.000  9.502678e-01 
  906.000  9.502678e-01 
  907.000  8.950302e-01 
  908.000  8.766391e-01 
  909.000  8.873274e-01 
  910.000  8.759031e-01 
  911.000  8.759031e-01 
  912.000  9.332354e-01 
  913.000  9.052194e-01 
  914.000  8.852012e-01 
  915.000  8.539697e-01 
  916.000  8.539697e-01 
  917.000  9.316439e-01 
  918.000  8.691067e-01 
  919.000  9.171385e-01 
  920.000  9.571673e-01 
  921.000  9.571673e-01 
  922.000  9.472781e-01 
  923.000  9.466361e-01 
  924.000  9.371610e-01 
  925.000  9.371610e-01 
  926.000  9.420932e-01 
  927.000  9.460080e-01 
  928.000  8.873535e-01 
  929.000  8.754845e-01 
  930.000  8.754845e-01 
  931.000  7.731768e-01 
  932.000  6.159194e-01 
  933.000  6.512415e-01 
  934.000  6.512415e-01 
  935.000  5.973071e-01 
  936.000  5.695331e-01 
  937.000  5.715172e-01 
  938.000  5.715172e-01 
  939.000  6.858329e-01 
  940.000  8.006032e-01 
  941.000  7.600306e-01 
  942.000  7.600306e-01 
  943.000  6.644543e-01 
  944.000  6.691868e-01 
  945.000  7.611132e-01 
  946.000  7.611132e-01 
  947.000  6.816856e-01 
  948.000  7.056435e-01 
  949.000  7.544155e-01 
  950.000  7.544155e-01 
  951.000  7.626311e-01 
  952.000  6.790612e-01 
  953.000  7.993143e-01 
  954.000  7.993143e-01 
  955.000  7.934750e-01 
  956.000  6.984280e-01 
  957.000  8.314398e-01 
  958.000  8.314398e-01 
  959.000  7.626140e-01 
  960.000  8.232542e-01 
  961.000  8.232542e-01 
  962.000  8.370774e-01 
  963.000  8.837452e-01 
  964.000  8.140703e-01 
  965.000  8.140703e-01 
  966.000  8.604810e-01 
  967.000  9.163210e-01 
  968.000  9.163210e-01 
  969.000  9.280560e-01 
  970.000  9.500849e-01 
  971.000  9.570993e-01 
  972.000  9.570993e-01 
  973.000  9.486969e-01 
  974.000  9.042361e-01 
  975.000  9.042361e-01 
  976.000  8.908170e-01 
  977.000  9.372807e-01 
  978.000  9.309267e-01 
  979.000  9.309267e-01 
  980.000  9.317376e-01 
  981.000  9.667244e-01 
  982.000  9.667244e-01 
  983.000  9.562948e-01 
  984.000  9.657299e-01 
  985.000  9.657299e-01 
  986.000  9.766382e-01 
  987.000  9.726164e-01 
  988.000  9.726164e-01 
  989.000  9.789643e-01 
  990.000  9.765547e-01 
  991.000  9.765547e-01 
  992.000  9.783210e-01 
  993.000  9.780563e-01 
  994.000  9.780563e-01 
  995.000  9.807802e-01 
  996.000  9.808735e-01 
  997.000  9.808735e-01 
  998.000  9.809994e-01 
  999.000  9.809006e-01 
 1000.000  9.809006e-01 
 1001.000  9.811322e-01 
 1002.000  9.776603e-01 
 1003.000  9.776603e-01 
 1004.000  9.812918e-01 
 1005.000  9.815109e-01 
 1006.000  9.815109e-01 
 1007.000  9.817076e-01 
 1008.000  9.811457e-01 
 1009.000  9.811457e-01 
 1010.000  9.785928e-01 
 1011.000  9.819605e-01 
 1012.000  9.819605e-01 
 1013.000  9.822019e-01 
 1014.000  9.822156e-01 
 1015.000  9.822156e-01 
 1016.000  9.824489e-01 
 1017.000  9.823869e-01 
 1018.000  9.823869e-01 
 1019.000  9.822456e-01 
 1020.000  9.827971e-01 
 1021.000  9.827971e-01 
 1022.000  9.824717e-01 
 1023.000  9.824717e-01 
 1024.000  9.824080e-01 
 1025.000  9.830423e-01 
 1026.000  9.830423e-01 
 1027.000  9.828368e-01 
 1028.000  9.831606e-01 
 1029.000  9.831606e-01 
 1030.000  9.832978e-01 
 1031.000  9.832413e-01 
 1032.000  9.832413e-01 
 1033.000  9.832143e-01 
 1034.000  9.832143e-01 
 1035.000  9.831698e-01 
 1036.000  9.824661e-01 
 1037.000  9.824661e-01 
 1038.000  9.824117e-01 
 1039.000  9.817188e-01 
 1040.000  9.817188e-01 
 1041.000  9.811445e-01 
 1042.000  9.811445e-01 
 1043.000  9.804701e-01 
 1044.000  9.794163e-01 
 1045.000  9.794163e-01 
 1046.000  9.779507e-01 
 1047.000  9.779507e-01 
 1048.000  9.764773e-01 
 1049.000  9.734654e-01 
 1050.000  9.734654e-01 
 1051.000  9.721831e-01 
 1052.000  9.721831e-01 
 1053.000  9.701564e-01 
 1054.000  9.684344e-01 
 1055.000  9.684344e-01 
 1056.000  9.664065e-01 
 1057.000  9.664065e-01 
 1058.000  9.646261e-01 
 1059.000  9.628526e-01 
 1060.000  9.628526e-01 
 1061.000  9.617412e-01 
 1062.000  9.617412e-01 
 1063.000  9.598097e-01 
 1064.000  9.588963e-01 
 1065.000  9.588963e-01 
 1066.000  9.605108e-01 
 1067.000  9.605108e-01 
 1068.000  9.594031e-01 
 1069.000  9.618739e-01 
 1070.000  9.618739e-01 
 1071.000  9.640952e-01 
 1072.000  9.640952e-01 
 1073.000  9.660258e-01 
 1074.000  9.660258e-01 
 1075.000  9.659416e-01 
 1076.000  9.674393e-01 
 1077.000  9.674393e-01 
 1078.000  9.717695e-01 
 1079.000  9.717695e-01 
 1080.000  9.711055e-01 
 1081.000  9.711055e-01 
 1082.000  9.744461e-01 
 1083.000  9.740174e-01 
 1084.000  9.740174e-01 
 1085.000  9.712322e-01 
 1086.000  9.712322e-01 
 1087.000  9.778941e-01 
 1088.000  9.778941e-01 
 1089.000  9.765799e-01 
 1090.000  9.757847e-01 
 1091.000  9.757847e-01 
 1092.000  9.724755e-01 
 1093.000  9.724755e-01 
 1094.000  9.724907e-01 
 1095.000  9.724907e-01 
 1096.000  9.704395e-01 
 1097.000  9.704395e-01 
 1098.000  9.652655e-01 
 1099.000  9.448655e-01 
 1100.000  9.448655e-01 
 1101.000  9.454665e-01 
 1102.000  9.454665e-01 
 1103.000  9.375210e-01 
 1104.000  9.375210e-01 
 1105.000  9.313225e-01 
 1106.000  9.313225e-01 
 1107.000  9.301946e-01 
 1108.000  9.301946e-01 
 1109.000  9.142269e-01 
 1110.000  8.836769e-01 
 1111.000  8.836769e-01 
 1112.000  8.693831e-01 
 1113.000  8.693831e-01 
 1114.000  7.854574e-01 
 1115.000  7.854574e-01 
 1116.000  6.126304e-01 
 1117.000  6.126304e-01 
 1118.000  7.018166e-01 
 1119.000  7.018166e-01 
 1120.000  6.499428e-01 
 1121.000  6.499428e-01 
 1122.000  4.765360e-01 
 1123.000  6.685460e-01 
 1124.000  6.685460e-01 
 1125.000  5.210726e-01 
 1126.000  5.210726e-01 
 1127.000  5.867764e-01 
 1128.000  5.867764e-01 
 1129.000  5.898220e-01 
 1130.000  5.898220e-01 
 1131.000  8.081471e-01 
 1132.000  8.081471e-01 
 1133.000  5.924773e-01 
 1134.000  5.924773e-01 
 1135.000  3.773358e-01 
 1136.000  3.773358e-01 
 1137.000  8.163810e-01 
 1138.000  8.163810e-01 
 1139.000  7.562493e-01 
 1140.000  7.562493e-01 
 1141.000  7.460622e-01 
 1142.000  7.460622e-01 
 1143.000  7.935898e-01 
 1144.000  7.935898e-01 
 1145.000  6.179312e-01 
 1146.000  6.179312e-01 
 1147.000  6.083847e-01 
 1148.000  6.083847e-01 
 1149.000  6.966041e-01 
 1150.000  6.966041e-01 
 1151.000  7.709357e-01 
 1152.000  7.709357e-01 
 1153.000  7.232388e-01 
 1154.000  7.232388e-01 
 1155.000  7.642968e-01 
 1156.000  7.642968e-01 
 1157.000  8.264368e-01 
 1158.000  8.264368e-01 
 1159.000  9.016830e-01 
 1160.000  9.016830e-01 
 1161.000  8.874116e-01 
 1162.000  8.874116e-01 
 1163.000  9.189482e-01 
 1164.000  9.189482e-01 
 1165.000  9.094404e-01 
 1166.000  9.094404e-01 
 1167.000  9.363627e-01 
 1168.000  9.363627e-01 
 1169.000  9.441574e-01 
 1170.000  9.441574e-01 
 1171.000  9.493625e-01 
 1172.000  9.493625e-01 
 1173.000  9.113480e-01 
 1174.000  9.113480e-01 
 1175.000  9.720345e-01 
 1176.000  9.720345e-01 
 1177.000  9.358885e-01 
 1178.000  9.358885e-01 
 1179.000  9.626448e-01 
 1180.000  9.626448e-01 
 1181.000  9.058951e-01 
 1182.000  9.058951e-01 
 1183.000  9.497876e-01 
 1184.000  9.497876e-01 
 1185.000  9.634360e-01 
 1186.000  9.634360e-01 
 1187.000  9.102920e-01 
 1188.000  9.102920e-01 
 1189.000  9.102920e-01 
 1190.000  9.492359e-01 
 1191.000  9.492359e-01 
 1192.000  9.750768e-01 
 1193.000  9.750768e-01 
 1194.000  9.570899e-01 
 1195.000  9.570899e-01 
 1196.000  9.667693e-01 
 1197.000  9.667693e-01 
 1198.000  9.494099e-01 
 1199.000  9.494099e-01 
 1200.000  9.458346e-01 
