  250.000  0.000000e+00 
  251.000  0.000000e+00 
  252.000  0.000000e+00 
  253.000  0.000000e+00 
  254.000  0.000000e+00 
  255.000  0.000000e+00 
  256.000  0.000000e+00 
  257.000  0.000000e+00 
  258.000  0.000000e+00 
  259.000  0.000000e+00 
  260.000  0.000000e+00 
  261.000  0.000000e+00 
  262.000  0.000000e+00 
  263.000  0.000000e+00 
  264.000  0.000000e+00 
  265.000  0.000000e+00 
  266.000  0.000000e+00 
  267.000  0.000000e+00 
  268.000  0.000000e+00 
  269.000  0.000000e+00 
  270.000  0.000000e+00 
  271.000  0.000000e+00 
  272.000  0.000000e+00 
  273.000  0.000000e+00 
  274.000  0.000000e+00 
  275.000  0.000000e+00 
  276.000  0.000000e+00 
  277.000  0.000000e+00 
  278.000  0.000000e+00 
  279.000  0.000000e+00 
  280.000  0.000000e+00 
  281.000  0.000000e+00 
  282.000  0.000000e+00 
  283.000  0.000000e+00 
  284.000  0.000000e+00 
  285.000  0.000000e+00 
  286.000  0.000000e+00 
  287.000  0.000000e+00 
  288.000  0.000000e+00 
  289.000  8.334373e-09 
  290.000  5.732011e-08 
  291.000  2.669933e-07 
  292.000  2.059790e-06 
  293.000  6.925410e-06 
  294.000  2.736282e-05 
  295.000  6.642899e-05 
  296.000  2.304182e-04 
  297.000  4.866247e-04 
  298.000  1.188623e-03 
  299.000  2.188819e-03 
  300.000  4.116295e-03 
  301.000  6.912524e-03 
  302.000  1.065510e-02 
  303.000  1.787644e-02 
  304.000  2.171538e-02 
  305.000  3.308814e-02 
  306.000  4.193652e-02 
  307.000  5.604602e-02 
  308.000  6.753456e-02 
  309.000  8.038181e-02 
  310.000  1.009044e-01 
  311.000  1.107703e-01 
  312.000  1.264985e-01 
  313.000  1.455556e-01 
  314.000  1.541984e-01 
  315.000  1.771895e-01 
  316.000  1.839065e-01 
  317.000  2.018545e-01 
  318.000  2.128700e-01 
  319.000  2.404677e-01 
  320.000  2.244776e-01 
  321.000  2.649091e-01 
  322.000  2.503618e-01 
  323.000  2.698199e-01 
  324.000  2.969360e-01 
  325.000  2.798920e-01 
  326.000  3.070085e-01 
  327.000  3.163706e-01 
  328.000  3.044147e-01 
  329.000  3.349847e-01 
  330.000  3.413040e-01 
  331.000  3.302418e-01 
  332.000  3.517720e-01 
  333.000  3.573857e-01 
  334.000  3.558383e-01 
  335.000  3.699661e-01 
  336.000  3.764727e-01 
  337.000  3.744465e-01 
  338.000  3.841496e-01 
  339.000  3.914327e-01 
  340.000  3.916373e-01 
  341.000  3.996638e-01 
  342.000  4.056748e-01 
  343.000  4.099783e-01 
  344.000  4.100334e-01 
  345.000  4.187209e-01 
  346.000  4.235305e-01 
  347.000  4.279660e-01 
  348.000  4.323760e-01 
  349.000  4.376348e-01 
  350.000  4.419262e-01 
  351.000  4.468106e-01 
  352.000  4.509174e-01 
  353.000  4.558260e-01 
  354.000  4.593423e-01 
  355.000  4.631881e-01 
  356.000  4.680617e-01 
  357.000  4.712370e-01 
  358.000  4.747966e-01 
  359.000  4.783066e-01 
  360.000  4.817276e-01 
  361.000  4.852919e-01 
  362.000  4.907618e-01 
  363.000  4.954034e-01 
  364.000  5.000249e-01 
  365.000  5.038891e-01 
  366.000  5.081952e-01 
  367.000  5.122436e-01 
  368.000  5.161024e-01 
  369.000  5.193515e-01 
  370.000  5.232127e-01 
  371.000  5.272942e-01 
  372.000  5.306543e-01 
  373.000  5.347958e-01 
  374.000  5.387381e-01 
  375.000  5.419340e-01 
  376.000  5.452405e-01 
  377.000  5.490333e-01 
  378.000  5.519786e-01 
  379.000  5.551651e-01 
  380.000  5.582111e-01 
  381.000  5.615447e-01 
  382.000  5.659850e-01 
  383.000  5.705118e-01 
  384.000  5.735901e-01 
  385.000  5.775492e-01 
  386.000  5.807180e-01 
  387.000  5.844452e-01 
  388.000  5.873751e-01 
  389.000  5.903572e-01 
  390.000  5.940878e-01 
  391.000  5.971525e-01 
  392.000  5.997080e-01 
  393.000  6.040252e-01 
  394.000  6.069884e-01 
  395.000  6.098576e-01 
  396.000  6.134721e-01 
  397.000  6.167709e-01 
  398.000  6.190348e-01 
  399.000  6.221904e-01 
  400.000  6.248543e-01 
  401.000  6.284091e-01 
  402.000  6.316125e-01 
  403.000  6.348935e-01 
  404.000  6.370598e-01 
  405.000  6.400750e-01 
  406.000  6.429557e-01 
  407.000  6.466761e-01 
  408.000  6.484805e-01 
  409.000  6.511154e-01 
  410.000  6.539182e-01 
  411.000  6.570274e-01 
  412.000  6.602628e-01 
  413.000  6.619852e-01 
  414.000  6.653074e-01 
  415.000  6.679166e-01 
  416.000  6.712952e-01 
  417.000  6.732720e-01 
  418.000  6.755087e-01 
  419.000  6.787179e-01 
  420.000  6.808580e-01 
  421.000  6.833673e-01 
  422.000  6.854183e-01 
  423.000  6.882543e-01 
  424.000  6.904162e-01 
  425.000  6.936983e-01 
  426.000  6.961416e-01 
  427.000  6.983728e-01 
  428.000  7.003950e-01 
  429.000  7.033711e-01 
  430.000  7.058056e-01 
  431.000  7.067354e-01 
  432.000  7.101880e-01 
  433.000  7.125534e-01 
  434.000  7.140782e-01 
  435.000  7.156567e-01 
  436.000  7.184489e-01 
  437.000  7.220798e-01 
  438.000  7.239233e-01 
  439.000  7.243338e-01 
  440.000  7.270582e-01 
  441.000  7.294213e-01 
  442.000  7.322379e-01 
  443.000  7.337034e-01 
  444.000  7.355609e-01 
  445.000  7.364039e-01 
  446.000  7.389807e-01 
  447.000  7.415510e-01 
  448.000  7.416278e-01 
  449.000  7.451438e-01 
  450.000  7.479887e-01 
  451.000  7.496880e-01 
  452.000  7.510821e-01 
  453.000  7.531945e-01 
  454.000  7.560930e-01 
  455.000  7.570646e-01 
  456.000  7.587938e-01 
  457.000  7.607942e-01 
  458.000  7.620800e-01 
  459.000  7.638532e-01 
  460.000  7.649375e-01 
  461.000  7.667106e-01 
  462.000  7.691905e-01 
  463.000  7.692821e-01 
  464.000  7.717216e-01 
  465.000  7.733998e-01 
  466.000  7.764849e-01 
  467.000  7.773810e-01 
  468.000  7.791530e-01 
  469.000  7.806512e-01 
  470.000  7.822833e-01 
  471.000  7.839103e-01 
  472.000  7.846267e-01 
  473.000  7.850890e-01 
  474.000  7.841738e-01 
  475.000  7.844535e-01 
  476.000  7.852375e-01 
  477.000  7.859814e-01 
  478.000  7.868744e-01 
  479.000  7.885886e-01 
  480.000  7.906892e-01 
  481.000  7.941499e-01 
  482.000  7.969626e-01 
  483.000  7.995431e-01 
  484.000  8.008802e-01 
  485.000  8.019944e-01 
  486.000  8.028846e-01 
  487.000  8.048741e-01 
  488.000  8.058908e-01 
  489.000  8.066772e-01 
  490.000  8.089064e-01 
  491.000  8.102767e-01 
  492.000  8.115168e-01 
  493.000  8.127490e-01 
  494.000  8.135855e-01 
  495.000  8.145333e-01 
  496.000  8.153048e-01 
  497.000  8.165445e-01 
  498.000  8.174729e-01 
  499.000  8.186430e-01 
  500.000  8.195040e-01 
  501.000  8.196328e-01 
  502.000  8.194684e-01 
  503.000  8.191289e-01 
  504.000  8.187597e-01 
  505.000  8.200645e-01 
  506.000  8.216417e-01 
  507.000  8.225436e-01 
  508.000  8.245195e-01 
  509.000  8.256161e-01 
  510.000  8.270993e-01 
  511.000  8.284575e-01 
  512.000  8.293639e-01 
  513.000  8.311998e-01 
  514.000  8.320320e-01 
  515.000  8.334891e-01 
  516.000  8.341530e-01 
  517.000  8.353114e-01 
  518.000  8.355874e-01 
  519.000  8.363266e-01 
  520.000  8.367145e-01 
  521.000  8.377284e-01 
  522.000  8.380202e-01 
  523.000  8.384366e-01 
  524.000  8.388500e-01 
  525.000  8.385667e-01 
  526.000  8.387336e-01 
  527.000  8.390139e-01 
  528.000  8.389136e-01 
  529.000  8.390265e-01 
  530.000  8.390340e-01 
  531.000  8.395354e-01 
  532.000  8.399840e-01 
  533.000  8.406526e-01 
  534.000  8.416023e-01 
  535.000  8.421614e-01 
  536.000  8.431364e-01 
  537.000  8.441399e-01 
  538.000  8.446428e-01 
  539.000  8.451056e-01 
  540.000  8.460053e-01 
  541.000  8.456906e-01 
  542.000  8.462242e-01 
  543.000  8.471709e-01 
  544.000  8.478943e-01 
  545.000  8.476989e-01 
  546.000  8.479725e-01 
  547.000  8.492916e-01 
  548.000  8.505048e-01 
  549.000  8.508148e-01 
  550.000  8.515648e-01 
  551.000  8.522798e-01 
  552.000  8.527040e-01 
  553.000  8.531644e-01 
  554.000  8.537396e-01 
  555.000  8.542417e-01 
  556.000  8.541752e-01 
  557.000  8.538819e-01 
  558.000  8.536792e-01 
  559.000  8.534598e-01 
  560.000  8.531834e-01 
  561.000  8.529748e-01 
  562.000  8.528783e-01 
  563.000  8.525271e-01 
  564.000  8.521581e-01 
  565.000  8.518606e-01 
  566.000  8.518573e-01 
  567.000  8.513931e-01 
  568.000  8.506541e-01 
  569.000  8.477533e-01 
  570.000  8.462479e-01 
  571.000  8.466792e-01 
  572.000  8.449089e-01 
  573.000  8.451345e-01 
  574.000  8.439440e-01 
  575.000  8.441048e-01 
  576.000  8.441522e-01 
  577.000  8.446517e-01 
  578.000  8.467063e-01 
  579.000  8.483806e-01 
  580.000  8.499182e-01 
  581.000  8.524984e-01 
  582.000  8.549232e-01 
  583.000  8.570496e-01 
  584.000  8.600994e-01 
  585.000  8.611325e-01 
  586.000  8.627220e-01 
  587.000  8.630952e-01 
  588.000  8.633866e-01 
  589.000  8.556234e-01 
  590.000  8.562562e-01 
  591.000  8.595538e-01 
  592.000  8.533941e-01 
  593.000  8.638596e-01 
  594.000  8.592556e-01 
  595.000  8.627888e-01 
  596.000  8.643355e-01 
  597.000  8.643243e-01 
  598.000  8.646533e-01 
  599.000  8.664630e-01 
  600.000  8.667471e-01 
  601.000  8.682821e-01 
  602.000  8.695294e-01 
  603.000  8.701594e-01 
  604.000  8.708513e-01 
  605.000  8.714691e-01 
  606.000  8.727374e-01 
  607.000  8.737584e-01 
  608.000  8.750769e-01 
  609.000  8.756191e-01 
  610.000  8.767003e-01 
  611.000  8.775559e-01 
  612.000  8.787817e-01 
  613.000  8.798556e-01 
  614.000  8.806177e-01 
  615.000  8.815084e-01 
  616.000  8.827153e-01 
  617.000  8.835791e-01 
  618.000  8.841618e-01 
  619.000  8.850040e-01 
  620.000  8.856661e-01 
  621.000  8.861243e-01 
  622.000  8.863279e-01 
  623.000  8.866649e-01 
  624.000  8.867723e-01 
  625.000  8.869284e-01 
  626.000  8.868817e-01 
  627.000  8.867319e-01 
  628.000  8.653984e-01 
  629.000  8.747972e-01 
  630.000  8.802687e-01 
  631.000  8.871304e-01 
  632.000  8.895341e-01 
  633.000  8.913940e-01 
  634.000  8.938550e-01 
  635.000  8.946027e-01 
  636.000  8.968913e-01 
  637.000  8.995538e-01 
  638.000  9.014488e-01 
  639.000  9.031286e-01 
  640.000  9.041602e-01 
  641.000  9.058945e-01 
  642.000  9.072279e-01 
  643.000  9.076812e-01 
  644.000  9.088460e-01 
  645.000  9.095812e-01 
  646.000  9.079428e-01 
  647.000  9.051731e-01 
  648.000  9.022330e-01 
  649.000  9.059336e-01 
  650.000  9.128244e-01 
  651.000  9.138462e-01 
  652.000  9.126382e-01 
  653.000  9.150328e-01 
  654.000  9.159206e-01 
  655.000  9.093130e-01 
  656.000  9.146042e-01 
  657.000  9.163043e-01 
  658.000  9.192654e-01 
  659.000  9.212129e-01 
  660.000  9.212937e-01 
  661.000  9.226940e-01 
  662.000  9.229081e-01 
  663.000  9.235201e-01 
  664.000  9.242545e-01 
  665.000  9.249231e-01 
  666.000  9.256089e-01 
  667.000  9.266230e-01 
  668.000  9.270929e-01 
  669.000  9.279125e-01 
  670.000  9.283636e-01 
  671.000  9.293525e-01 
  672.000  9.295685e-01 
  673.000  9.303842e-01 
  674.000  9.307086e-01 
  675.000  9.315591e-01 
  676.000  9.318245e-01 
  677.000  9.322681e-01 
  678.000  9.330143e-01 
  679.000  9.334036e-01 
  680.000  9.341830e-01 
  681.000  9.344816e-01 
  682.000  9.355004e-01 
  683.000  9.355446e-01 
  684.000  9.364527e-01 
  685.000  9.370373e-01 
  686.000  9.375460e-01 
  687.000  6.442258e-01 
  688.000  8.121313e-01 
  689.000  8.468928e-01 
  690.000  8.758665e-01 
  691.000  8.925085e-01 
  692.000  9.237726e-01 
  693.000  9.181871e-01 
  694.000  9.101594e-01 
  695.000  9.258154e-01 
  696.000  9.216364e-01 
  697.000  9.409601e-01 
  698.000  9.405692e-01 
  699.000  9.326474e-01 
  700.000  9.339181e-01 
  701.000  9.278446e-01 
  702.000  9.311032e-01 
  703.000  9.339668e-01 
  704.000  9.360464e-01 
  705.000  9.369133e-01 
  706.000  9.401582e-01 
  707.000  9.427656e-01 
  708.000  9.447003e-01 
  709.000  9.450253e-01 
  710.000  9.443802e-01 
  711.000  9.468035e-01 
  712.000  9.456883e-01 
  713.000  9.477146e-01 
  714.000  9.463047e-01 
  715.000  9.426751e-01 
  716.000  9.435552e-01 
  717.000  9.266662e-01 
  718.000  8.787902e-01 
  719.000  8.322763e-01 
  720.000  8.869544e-01 
  721.000  9.372644e-01 
  722.000  9.361850e-01 
  723.000  9.337873e-01 
  724.000  8.701261e-01 
  725.000  8.921311e-01 
  726.000  9.198136e-01 
  727.000  9.077616e-01 
  728.000  8.862522e-01 
  729.000  8.990880e-01 
  730.000  9.238368e-01 
  731.000  9.103054e-01 
  732.000  9.182146e-01 
  733.000  9.386475e-01 
  734.000  9.493317e-01 
  735.000  9.421780e-01 
  736.000  9.473187e-01 
  737.000  9.475313e-01 
  738.000  9.507020e-01 
  739.000  9.517397e-01 
  740.000  9.556497e-01 
  741.000  9.577930e-01 
  742.000  9.583656e-01 
  743.000  9.583789e-01 
  744.000  9.591121e-01 
  745.000  9.595851e-01 
  746.000  9.601614e-01 
  747.000  9.603836e-01 
  748.000  9.606158e-01 
  749.000  9.607652e-01 
  750.000  9.610506e-01 
  751.000  9.611899e-01 
  752.000  9.618951e-01 
  753.000  9.620812e-01 
  754.000  9.622921e-01 
  755.000  9.625094e-01 
  756.000  9.626486e-01 
  757.000  9.629765e-01 
  758.000  9.634453e-01 
  759.000  9.531737e-01 
  760.000  3.365840e-01 
  761.000  2.339616e-01 
  762.000  6.257264e-01 
  763.000  5.206571e-01 
  764.000  5.877672e-01 
  765.000  7.198939e-01 
  766.000  8.472517e-01 
  767.000  8.936881e-01 
  768.000  9.446889e-01 
  769.000  9.583519e-01 
  770.000  9.579951e-01 
  771.000  9.640443e-01 
  772.000  9.660621e-01 
  773.000  9.661726e-01 
  774.000  9.662402e-01 
  775.000  9.663469e-01 
  776.000  9.665163e-01 
  777.000  9.667525e-01 
  778.000  9.668930e-01 
  779.000  9.670364e-01 
  780.000  9.671562e-01 
  781.000  9.674885e-01 
  782.000  9.677039e-01 
  783.000  9.679099e-01 
  784.000  9.678059e-01 
  785.000  9.676886e-01 
  786.000  9.664323e-01 
  787.000  9.665117e-01 
  788.000  9.636970e-01 
  789.000  9.638369e-01 
  790.000  9.589205e-01 
  791.000  9.595720e-01 
  792.000  9.618301e-01 
  793.000  9.633151e-01 
  794.000  9.697101e-01 
  795.000  9.676608e-01 
  796.000  9.540294e-01 
  797.000  9.640805e-01 
  798.000  9.651452e-01 
  799.000  9.673110e-01 
  800.000  9.615881e-01 
  801.000  9.588948e-01 
  802.000  9.628412e-01 
  803.000  9.621234e-01 
  804.000  9.619186e-01 
  805.000  9.645454e-01 
  806.000  9.696491e-01 
  807.000  9.666870e-01 
  808.000  9.699113e-01 
  809.000  9.650913e-01 
  810.000  9.626926e-01 
  811.000  9.636516e-01 
  812.000  9.584284e-01 
  813.000  9.480360e-01 
  814.000  9.297436e-01 
  815.000  9.068276e-01 
  816.000  9.244387e-01 
  817.000  8.426031e-01 
  818.000  9.000564e-01 
  819.000  9.246335e-01 
  820.000  8.926653e-01 
  821.000  9.625711e-01 
  822.000  9.539214e-01 
  823.000  8.184691e-01 
  824.000  9.423747e-01 
  825.000  9.581111e-01 
  826.000  9.415181e-01 
  827.000  9.574459e-01 
  828.000  9.139634e-01 
  829.000  9.478201e-01 
  830.000  9.400092e-01 
  831.000  9.439566e-01 
  832.000  9.436041e-01 
  833.000  9.564150e-01 
  834.000  9.562270e-01 
  835.000  9.633729e-01 
  836.000  9.641858e-01 
  837.000  9.639328e-01 
  838.000  9.687097e-01 
  839.000  9.710991e-01 
  840.000  9.718020e-01 
  841.000  9.718020e-01 
  842.000  9.676697e-01 
  843.000  9.756049e-01 
  844.000  9.709477e-01 
  845.000  9.748198e-01 
  846.000  9.758874e-01 
  847.000  9.766324e-01 
  848.000  9.757545e-01 
  849.000  9.762766e-01 
  850.000  9.761574e-01 
  851.000  9.759970e-01 
  852.000  9.777851e-01 
  853.000  9.781983e-01 
  854.000  9.779551e-01 
  855.000  9.779551e-01 
  856.000  9.783570e-01 
  857.000  9.793167e-01 
  858.000  9.785816e-01 
  859.000  9.791888e-01 
  860.000  9.797001e-01 
  861.000  9.795796e-01 
  862.000  9.799082e-01 
  863.000  9.797629e-01 
  864.000  9.802137e-01 
  865.000  9.802137e-01 
  866.000  9.802389e-01 
  867.000  9.803647e-01 
  868.000  9.803862e-01 
  869.000  9.804570e-01 
  870.000  9.805967e-01 
  871.000  9.807021e-01 
  872.000  9.808640e-01 
  873.000  9.808854e-01 
  874.000  9.808854e-01 
  875.000  9.811404e-01 
  876.000  9.812131e-01 
  877.000  9.812465e-01 
  878.000  9.812718e-01 
  879.000  9.812887e-01 
  880.000  9.815596e-01 
  881.000  9.815596e-01 
  882.000  9.811833e-01 
  883.000  9.813593e-01 
  884.000  9.814942e-01 
  885.000  9.816710e-01 
  886.000  9.789678e-01 
  887.000  9.816044e-01 
  888.000  9.816044e-01 
  889.000  9.809800e-01 
  890.000  9.795427e-01 
  891.000  9.817568e-01 
  892.000  9.793270e-01 
  893.000  9.727890e-01 
  894.000  9.727890e-01 
  895.000  9.572024e-01 
  896.000  9.428698e-01 
  897.000  8.757131e-01 
  898.000  9.397591e-01 
  899.000  8.145805e-01 
  900.000  8.145805e-01 
  901.000  8.428716e-01 
  902.000  8.695325e-01 
  903.000  8.983142e-01 
  904.000  9.629715e-01 
  905.000  9.543018e-01 
  906.000  9.543018e-01 
  907.000  8.850406e-01 
  908.000  8.649054e-01 
  909.000  8.759171e-01 
  910.000  8.611710e-01 
  911.000  8.611710e-01 
  912.000  9.315212e-01 
  913.000  8.966634e-01 
  914.000  8.727147e-01 
  915.000  8.362807e-01 
  916.000  8.362807e-01 
  917.000  9.288957e-01 
  918.000  8.536249e-01 
  919.000  9.119189e-01 
  920.000  9.617360e-01 
  921.000  9.617360e-01 
  922.000  9.489052e-01 
  923.000  9.479629e-01 
  924.000  9.354000e-01 
  925.000  9.354000e-01 
  926.000  9.417455e-01 
  927.000  9.468058e-01 
  928.000  8.726050e-01 
  929.000  8.574359e-01 
  930.000  8.574359e-01 
  931.000  7.411565e-01 
  932.000  5.762563e-01 
  933.000  6.076367e-01 
  934.000  6.076367e-01 
  935.000  5.565093e-01 
  936.000  5.267877e-01 
  937.000  5.220201e-01 
  938.000  5.220201e-01 
  939.000  6.505919e-01 
  940.000  7.722017e-01 
  941.000  7.264262e-01 
  942.000  7.264262e-01 
  943.000  6.298025e-01 
  944.000  6.375863e-01 
  945.000  7.230087e-01 
  946.000  7.230087e-01 
  947.000  6.439936e-01 
  948.000  6.649532e-01 
  949.000  7.224612e-01 
  950.000  7.224612e-01 
  951.000  7.326237e-01 
  952.000  6.416873e-01 
  953.000  7.682921e-01 
  954.000  7.682921e-01 
  955.000  7.631445e-01 
  956.000  6.637458e-01 
  957.000  8.065637e-01 
  958.000  8.065637e-01 
  959.000  7.231363e-01 
  960.000  7.932174e-01 
  961.000  7.932174e-01 
  962.000  8.141958e-01 
  963.000  8.667153e-01 
  964.000  7.848032e-01 
  965.000  7.848032e-01 
  966.000  8.409061e-01 
  967.000  9.074663e-01 
  968.000  9.074663e-01 
  969.000  9.219880e-01 
  970.000  9.493090e-01 
  971.000  9.583301e-01 
  972.000  9.583301e-01 
  973.000  9.473445e-01 
  974.000  8.918111e-01 
  975.000  8.918111e-01 
  976.000  8.765830e-01 
  977.000  9.333274e-01 
  978.000  9.253657e-01 
  979.000  9.253657e-01 
  980.000  9.261563e-01 
  981.000  9.703650e-01 
  982.000  9.703650e-01 
  983.000  9.570172e-01 
  984.000  9.689035e-01 
  985.000  9.689035e-01 
  986.000  9.831090e-01 
  987.000  9.777789e-01 
  988.000  9.777789e-01 
  989.000  9.859977e-01 
  990.000  9.827209e-01 
  991.000  9.827209e-01 
  992.000  9.850041e-01 
  993.000  9.845888e-01 
  994.000  9.845888e-01 
  995.000  9.880419e-01 
  996.000  9.881331e-01 
  997.000  9.881331e-01 
  998.000  9.881999e-01 
  999.000  9.879797e-01 
 1000.000  9.879797e-01 
 1001.000  9.881890e-01 
 1002.000  9.835860e-01 
 1003.000  9.835860e-01 
 1004.000  9.882737e-01 
 1005.000  9.885107e-01 
 1006.000  9.885107e-01 
 1007.000  9.886986e-01 
 1008.000  9.878731e-01 
 1009.000  9.878731e-01 
 1010.000  9.844621e-01 
 1011.000  9.888099e-01 
 1012.000  9.888099e-01 
 1013.000  9.890321e-01 
 1014.000  9.889588e-01 
 1015.000  9.889588e-01 
 1016.000  9.892178e-01 
 1017.000  9.890302e-01 
 1018.000  9.890302e-01 
 1019.000  9.887717e-01 
 1020.000  9.894372e-01 
 1021.000  9.894372e-01 
 1022.000  9.889250e-01 
 1023.000  9.889250e-01 
 1024.000  9.888071e-01 
 1025.000  9.895754e-01 
 1026.000  9.895754e-01 
 1027.000  9.892669e-01 
 1028.000  9.896727e-01 
 1029.000  9.896727e-01 
 1030.000  9.898499e-01 
 1031.000  9.897904e-01 
 1032.000  9.897904e-01 
 1033.000  9.898260e-01 
 1034.000  9.898260e-01 
 1035.000  9.898664e-01 
 1036.000  9.894413e-01 
 1037.000  9.894413e-01 
 1038.000  9.894089e-01 
 1039.000  9.889800e-01 
 1040.000  9.889800e-01 
 1041.000  9.886423e-01 
 1042.000  9.886423e-01 
 1043.000  9.882351e-01 
 1044.000  9.875977e-01 
 1045.000  9.875977e-01 
 1046.000  9.867105e-01 
 1047.000  9.867105e-01 
 1048.000  9.858183e-01 
 1049.000  9.839926e-01 
 1050.000  9.839926e-01 
 1051.000  9.832146e-01 
 1052.000  9.832146e-01 
 1053.000  9.819841e-01 
 1054.000  9.809355e-01 
 1055.000  9.809355e-01 
 1056.000  9.797042e-01 
 1057.000  9.797042e-01 
 1058.000  9.786184e-01 
 1059.000  9.775404e-01 
 1060.000  9.775404e-01 
 1061.000  9.768622e-01 
 1062.000  9.768622e-01 
 1063.000  9.756430e-01 
 1064.000  9.749362e-01 
 1065.000  9.749362e-01 
 1066.000  9.761090e-01 
 1067.000  9.761090e-01 
 1068.000  9.753160e-01 
 1069.000  9.765204e-01 
 1070.000  9.765204e-01 
 1071.000  9.780853e-01 
 1072.000  9.780853e-01 
 1073.000  9.792666e-01 
 1074.000  9.792666e-01 
 1075.000  9.774959e-01 
 1076.000  9.778791e-01 
 1077.000  9.778791e-01 
 1078.000  9.817294e-01 
 1079.000  9.817294e-01 
 1080.000  9.795605e-01 
 1081.000  9.795605e-01 
 1082.000  9.821265e-01 
 1083.000  9.802680e-01 
 1084.000  9.802680e-01 
 1085.000  9.759976e-01 
 1086.000  9.759976e-01 
 1087.000  9.834065e-01 
 1088.000  9.834065e-01 
 1089.000  9.805393e-01 
 1090.000  9.789999e-01 
 1091.000  9.789999e-01 
 1092.000  9.740123e-01 
 1093.000  9.740123e-01 
 1094.000  9.739516e-01 
 1095.000  9.739516e-01 
 1096.000  9.709043e-01 
 1097.000  9.709043e-01 
 1098.000  9.638118e-01 
 1099.000  9.377879e-01 
 1100.000  9.377879e-01 
 1101.000  9.384938e-01 
 1102.000  9.384938e-01 
 1103.000  9.282984e-01 
 1104.000  9.282984e-01 
 1105.000  9.202778e-01 
 1106.000  9.202778e-01 
 1107.000  9.189515e-01 
 1108.000  9.189515e-01 
 1109.000  8.988397e-01 
 1110.000  8.636379e-01 
 1111.000  8.636379e-01 
 1112.000  8.447146e-01 
 1113.000  8.447146e-01 
 1114.000  7.597211e-01 
 1115.000  7.597211e-01 
 1116.000  5.657582e-01 
 1117.000  5.657582e-01 
 1118.000  6.663170e-01 
 1119.000  6.663170e-01 
 1120.000  6.051863e-01 
 1121.000  6.051863e-01 
 1122.000  4.220401e-01 
 1123.000  6.282703e-01 
 1124.000  6.282703e-01 
 1125.000  4.689243e-01 
 1126.000  4.689243e-01 
 1127.000  5.345564e-01 
 1128.000  5.345564e-01 
 1129.000  5.374103e-01 
 1130.000  5.374103e-01 
 1131.000  7.754955e-01 
 1132.000  7.754955e-01 
 1133.000  5.387244e-01 
 1134.000  5.387244e-01 
 1135.000  3.340276e-01 
 1136.000  3.340276e-01 
 1137.000  7.832264e-01 
 1138.000  7.832264e-01 
 1139.000  7.251942e-01 
 1140.000  7.251942e-01 
 1141.000  7.116345e-01 
 1142.000  7.116345e-01 
 1143.000  7.559314e-01 
 1144.000  7.559314e-01 
 1145.000  5.732094e-01 
 1146.000  5.732094e-01 
 1147.000  5.585409e-01 
 1148.000  5.585409e-01 
 1149.000  6.571538e-01 
 1150.000  6.571538e-01 
 1151.000  7.422100e-01 
 1152.000  7.422100e-01 
 1153.000  6.932989e-01 
 1154.000  6.932989e-01 
 1155.000  7.376775e-01 
 1156.000  7.376775e-01 
 1157.000  8.025289e-01 
 1158.000  8.025289e-01 
 1159.000  8.846135e-01 
 1160.000  8.846135e-01 
 1161.000  8.700239e-01 
 1162.000  8.700239e-01 
 1163.000  9.114575e-01 
 1164.000  9.114575e-01 
 1165.000  8.973256e-01 
 1166.000  8.973256e-01 
 1167.000  9.297634e-01 
 1168.000  9.297634e-01 
 1169.000  9.397206e-01 
 1170.000  9.397206e-01 
 1171.000  9.455062e-01 
 1172.000  9.455062e-01 
 1173.000  8.970125e-01 
 1174.000  8.970125e-01 
 1175.000  9.727225e-01 
 1176.000  9.727225e-01 
 1177.000  9.265820e-01 
 1178.000  9.265820e-01 
 1179.000  9.601604e-01 
 1180.000  9.601604e-01 
 1181.000  8.896856e-01 
 1182.000  8.896856e-01 
 1183.000  9.431221e-01 
 1184.000  9.431221e-01 
 1185.000  9.599520e-01 
 1186.000  9.599520e-01 
 1187.000  8.977880e-01 
 1188.000  8.977880e-01 
 1189.000  8.977880e-01 
 1190.000  9.425068e-01 
 1191.000  9.425068e-01 
 1192.000  9.751025e-01 
 1193.000  9.751025e-01 
 1194.000  9.519526e-01 
 1195.000  9.519526e-01 
 1196.000  9.633355e-01 
 1197.000  9.633355e-01 
 1198.000  9.415123e-01 
 1199.000  9.415123e-01 
 1200.000  9.376372e-01 
