  250.000  0.000000e+00 
  251.000  0.000000e+00 
  252.000  0.000000e+00 
  253.000  0.000000e+00 
  254.000  0.000000e+00 
  255.000  0.000000e+00 
  256.000  0.000000e+00 
  257.000  0.000000e+00 
  258.000  0.000000e+00 
  259.000  0.000000e+00 
  260.000  0.000000e+00 
  261.000  0.000000e+00 
  262.000  0.000000e+00 
  263.000  0.000000e+00 
  264.000  0.000000e+00 
  265.000  0.000000e+00 
  266.000  0.000000e+00 
  267.000  0.000000e+00 
  268.000  0.000000e+00 
  269.000  0.000000e+00 
  270.000  0.000000e+00 
  271.000  0.000000e+00 
  272.000  0.000000e+00 
  273.000  0.000000e+00 
  274.000  0.000000e+00 
  275.000  0.000000e+00 
  276.000  0.000000e+00 
  277.000  0.000000e+00 
  278.000  0.000000e+00 
  279.000  0.000000e+00 
  280.000  0.000000e+00 
  281.000  0.000000e+00 
  282.000  0.000000e+00 
  283.000  0.000000e+00 
  284.000  0.000000e+00 
  285.000  0.000000e+00 
  286.000  0.000000e+00 
  287.000  0.000000e+00 
  288.000  1.163287e-11 
  289.000  9.581936e-11 
  290.000  1.029357e-09 
  291.000  6.847523e-09 
  292.000  8.471654e-08 
  293.000  3.774018e-07 
  294.000  2.050339e-06 
  295.000  6.117252e-06 
  296.000  2.831386e-05 
  297.000  7.116649e-05 
  298.000  2.139829e-04 
  299.000  4.545618e-04 
  300.000  9.905673e-04 
  301.000  1.878026e-03 
  302.000  3.205338e-03 
  303.000  6.069639e-03 
  304.000  7.726512e-03 
  305.000  1.299648e-02 
  306.000  1.743519e-02 
  307.000  2.495763e-02 
  308.000  3.145393e-02 
  309.000  3.904312e-02 
  310.000  5.174290e-02 
  311.000  5.814579e-02 
  312.000  6.857239e-02 
  313.000  8.164384e-02 
  314.000  8.781244e-02 
  315.000  1.043724e-01 
  316.000  1.094340e-01 
  317.000  1.229354e-01 
  318.000  1.314719e-01 
  319.000  1.529728e-01 
  320.000  1.408065e-01 
  321.000  1.728747e-01 
  322.000  1.615533e-01 
  323.000  1.773880e-01 
  324.000  1.998994e-01 
  325.000  1.861467e-01 
  326.000  2.088629e-01 
  327.000  2.170291e-01 
  328.000  2.073216e-01 
  329.000  2.335366e-01 
  330.000  2.392884e-01 
  331.000  2.301002e-01 
  332.000  2.490179e-01 
  333.000  2.542332e-01 
  334.000  2.532276e-01 
  335.000  2.659828e-01 
  336.000  2.721023e-01 
  337.000  2.706440e-01 
  338.000  2.796505e-01 
  339.000  2.865202e-01 
  340.000  2.870039e-01 
  341.000  2.945936e-01 
  342.000  3.004054e-01 
  343.000  3.046955e-01 
  344.000  3.050373e-01 
  345.000  3.133841e-01 
  346.000  3.181354e-01 
  347.000  3.226168e-01 
  348.000  3.270242e-01 
  349.000  3.322940e-01 
  350.000  3.366424e-01 
  351.000  3.415844e-01 
  352.000  3.457769e-01 
  353.000  3.508047e-01 
  354.000  3.544176e-01 
  355.000  3.583796e-01 
  356.000  3.634161e-01 
  357.000  3.667070e-01 
  358.000  3.704050e-01 
  359.000  3.740605e-01 
  360.000  3.776319e-01 
  361.000  3.813621e-01 
  362.000  3.871040e-01 
  363.000  3.919933e-01 
  364.000  3.968767e-01 
  365.000  4.009714e-01 
  366.000  4.055466e-01 
  367.000  4.098599e-01 
  368.000  4.139819e-01 
  369.000  4.174603e-01 
  370.000  4.216037e-01 
  371.000  4.259945e-01 
  372.000  4.296177e-01 
  373.000  4.340943e-01 
  374.000  4.383661e-01 
  375.000  4.418367e-01 
  376.000  4.454348e-01 
  377.000  4.495710e-01 
  378.000  4.527895e-01 
  379.000  4.562780e-01 
  380.000  4.596190e-01 
  381.000  4.632823e-01 
  382.000  4.681733e-01 
  383.000  4.731725e-01 
  384.000  4.765798e-01 
  385.000  4.809708e-01 
  386.000  4.844925e-01 
  387.000  4.886431e-01 
  388.000  4.919119e-01 
  389.000  4.952447e-01 
  390.000  4.994218e-01 
  391.000  5.028598e-01 
  392.000  5.057313e-01 
  393.000  5.105913e-01 
  394.000  5.139338e-01 
  395.000  5.171754e-01 
  396.000  5.212665e-01 
  397.000  5.250089e-01 
  398.000  5.275784e-01 
  399.000  5.311683e-01 
  400.000  5.342017e-01 
  401.000  5.382574e-01 
  402.000  5.419191e-01 
  403.000  5.456756e-01 
  404.000  5.481595e-01 
  405.000  5.516217e-01 
  406.000  5.549373e-01 
  407.000  5.592270e-01 
  408.000  5.613119e-01 
  409.000  5.643588e-01 
  410.000  5.676036e-01 
  411.000  5.712056e-01 
  412.000  5.749593e-01 
  413.000  5.769603e-01 
  414.000  5.808245e-01 
  415.000  5.838652e-01 
  416.000  5.878066e-01 
  417.000  5.901168e-01 
  418.000  5.927330e-01 
  419.000  5.964925e-01 
  420.000  5.990022e-01 
  421.000  6.019509e-01 
  422.000  6.043641e-01 
  423.000  6.077040e-01 
  424.000  6.102542e-01 
  425.000  6.141289e-01 
  426.000  6.170160e-01 
  427.000  6.196536e-01 
  428.000  6.220475e-01 
  429.000  6.255748e-01 
  430.000  6.284639e-01 
  431.000  6.295701e-01 
  432.000  6.336772e-01 
  433.000  6.364957e-01 
  434.000  6.383147e-01 
  435.000  6.402003e-01 
  436.000  6.435376e-01 
  437.000  6.478844e-01 
  438.000  6.500952e-01 
  439.000  6.505929e-01 
  440.000  6.538636e-01 
  441.000  6.567012e-01 
  442.000  6.601149e-01 
  443.000  6.619239e-01 
  444.000  6.640975e-01 
  445.000  6.652254e-01 
  446.000  6.683596e-01 
  447.000  6.713251e-01 
  448.000  6.714215e-01 
  449.000  6.756710e-01 
  450.000  6.791160e-01 
  451.000  6.811794e-01 
  452.000  6.828737e-01 
  453.000  6.854481e-01 
  454.000  6.889706e-01 
  455.000  6.901563e-01 
  456.000  6.922807e-01 
  457.000  6.947365e-01 
  458.000  6.963339e-01 
  459.000  6.985112e-01 
  460.000  6.998563e-01 
  461.000  7.020218e-01 
  462.000  7.050529e-01 
  463.000  7.051666e-01 
  464.000  7.081515e-01 
  465.000  7.102068e-01 
  466.000  7.140067e-01 
  467.000  7.151016e-01 
  468.000  7.172803e-01 
  469.000  7.192089e-01 
  470.000  7.212520e-01 
  471.000  7.231557e-01 
  472.000  7.240537e-01 
  473.000  7.246323e-01 
  474.000  7.235155e-01 
  475.000  7.239215e-01 
  476.000  7.248837e-01 
  477.000  7.258312e-01 
  478.000  7.269556e-01 
  479.000  7.291011e-01 
  480.000  7.317316e-01 
  481.000  7.360317e-01 
  482.000  7.395330e-01 
  483.000  7.427526e-01 
  484.000  7.444309e-01 
  485.000  7.458852e-01 
  486.000  7.469933e-01 
  487.000  7.494005e-01 
  488.000  7.506605e-01 
  489.000  7.516396e-01 
  490.000  7.544045e-01 
  491.000  7.561207e-01 
  492.000  7.576762e-01 
  493.000  7.592261e-01 
  494.000  7.602820e-01 
  495.000  7.614744e-01 
  496.000  7.624865e-01 
  497.000  7.640881e-01 
  498.000  7.652954e-01 
  499.000  7.668217e-01 
  500.000  7.679629e-01 
  501.000  7.682182e-01 
  502.000  7.684011e-01 
  503.000  7.684199e-01 
  504.000  7.686919e-01 
  505.000  7.693853e-01 
  506.000  7.717687e-01 
  507.000  7.731022e-01 
  508.000  7.751664e-01 
  509.000  7.762435e-01 
  510.000  7.778414e-01 
  511.000  7.795936e-01 
  512.000  7.807067e-01 
  513.000  7.829326e-01 
  514.000  7.839894e-01 
  515.000  7.858058e-01 
  516.000  7.866716e-01 
  517.000  7.881686e-01 
  518.000  7.885360e-01 
  519.000  7.895060e-01 
  520.000  7.900169e-01 
  521.000  7.913640e-01 
  522.000  7.917660e-01 
  523.000  7.923372e-01 
  524.000  7.929563e-01 
  525.000  7.927043e-01 
  526.000  7.929159e-01 
  527.000  7.934219e-01 
  528.000  7.933313e-01 
  529.000  7.936143e-01 
  530.000  7.936417e-01 
  531.000  7.943028e-01 
  532.000  7.949067e-01 
  533.000  7.957690e-01 
  534.000  7.970192e-01 
  535.000  7.977393e-01 
  536.000  7.990040e-01 
  537.000  8.003082e-01 
  538.000  8.009565e-01 
  539.000  8.016511e-01 
  540.000  8.028510e-01 
  541.000  8.031082e-01 
  542.000  8.035470e-01 
  543.000  8.044747e-01 
  544.000  8.054058e-01 
  545.000  8.055201e-01 
  546.000  8.062055e-01 
  547.000  8.075484e-01 
  548.000  8.088164e-01 
  549.000  8.091892e-01 
  550.000  8.102969e-01 
  551.000  8.109918e-01 
  552.000  8.115833e-01 
  553.000  8.121749e-01 
  554.000  8.129395e-01 
  555.000  8.136204e-01 
  556.000  8.136171e-01 
  557.000  8.133387e-01 
  558.000  8.131647e-01 
  559.000  8.130092e-01 
  560.000  8.127580e-01 
  561.000  8.125758e-01 
  562.000  8.125142e-01 
  563.000  8.121461e-01 
  564.000  8.117537e-01 
  565.000  8.114449e-01 
  566.000  8.115106e-01 
  567.000  8.110767e-01 
  568.000  8.102292e-01 
  569.000  8.078130e-01 
  570.000  8.059763e-01 
  571.000  8.056494e-01 
  572.000  8.042168e-01 
  573.000  8.037461e-01 
  574.000  8.026332e-01 
  575.000  8.022999e-01 
  576.000  8.025874e-01 
  577.000  8.032629e-01 
  578.000  8.053456e-01 
  579.000  8.074071e-01 
  580.000  8.092468e-01 
  581.000  8.124802e-01 
  582.000  8.156243e-01 
  583.000  8.182759e-01 
  584.000  8.222286e-01 
  585.000  8.236913e-01 
  586.000  8.257142e-01 
  587.000  8.263497e-01 
  588.000  8.275317e-01 
  589.000  8.234809e-01 
  590.000  8.244482e-01 
  591.000  8.266789e-01 
  592.000  8.231054e-01 
  593.000  8.295776e-01 
  594.000  8.272324e-01 
  595.000  8.295938e-01 
  596.000  8.305429e-01 
  597.000  8.305818e-01 
  598.000  8.308076e-01 
  599.000  8.319123e-01 
  600.000  8.320611e-01 
  601.000  8.333045e-01 
  602.000  8.347229e-01 
  603.000  8.355110e-01 
  604.000  8.362141e-01 
  605.000  8.370094e-01 
  606.000  8.385520e-01 
  607.000  8.397672e-01 
  608.000  8.413852e-01 
  609.000  8.420510e-01 
  610.000  8.433810e-01 
  611.000  8.444282e-01 
  612.000  8.459202e-01 
  613.000  8.472424e-01 
  614.000  8.481767e-01 
  615.000  8.492694e-01 
  616.000  8.507332e-01 
  617.000  8.517780e-01 
  618.000  8.524837e-01 
  619.000  8.534977e-01 
  620.000  8.542699e-01 
  621.000  8.547955e-01 
  622.000  8.550290e-01 
  623.000  8.553758e-01 
  624.000  8.554866e-01 
  625.000  8.556293e-01 
  626.000  8.555529e-01 
  627.000  8.555296e-01 
  628.000  8.300819e-01 
  629.000  8.416032e-01 
  630.000  8.469416e-01 
  631.000  8.556830e-01 
  632.000  8.593159e-01 
  633.000  8.614197e-01 
  634.000  8.645010e-01 
  635.000  8.653163e-01 
  636.000  8.683652e-01 
  637.000  8.717802e-01 
  638.000  8.738031e-01 
  639.000  8.760379e-01 
  640.000  8.772790e-01 
  641.000  8.796610e-01 
  642.000  8.810691e-01 
  643.000  8.818877e-01 
  644.000  8.831787e-01 
  645.000  8.843250e-01 
  646.000  8.838016e-01 
  647.000  8.826938e-01 
  648.000  8.812567e-01 
  649.000  8.843254e-01 
  650.000  8.891491e-01 
  651.000  8.900022e-01 
  652.000  8.898330e-01 
  653.000  8.916197e-01 
  654.000  8.930281e-01 
  655.000  8.892598e-01 
  656.000  8.929452e-01 
  657.000  8.943931e-01 
  658.000  8.967885e-01 
  659.000  8.985584e-01 
  660.000  8.988494e-01 
  661.000  9.003441e-01 
  662.000  9.006401e-01 
  663.000  9.016709e-01 
  664.000  9.023711e-01 
  665.000  9.031828e-01 
  666.000  9.039922e-01 
  667.000  9.052075e-01 
  668.000  9.057921e-01 
  669.000  9.068234e-01 
  670.000  9.073524e-01 
  671.000  9.085948e-01 
  672.000  9.088677e-01 
  673.000  9.098908e-01 
  674.000  9.103020e-01 
  675.000  9.113706e-01 
  676.000  9.117137e-01 
  677.000  9.122627e-01 
  678.000  9.132047e-01 
  679.000  9.136969e-01 
  680.000  9.146972e-01 
  681.000  9.151336e-01 
  682.000  9.163643e-01 
  683.000  9.166707e-01 
  684.000  9.178046e-01 
  685.000  9.183164e-01 
  686.000  9.190605e-01 
  687.000  5.918915e-01 
  688.000  7.635293e-01 
  689.000  8.064210e-01 
  690.000  8.405860e-01 
  691.000  8.630719e-01 
  692.000  9.030762e-01 
  693.000  9.027916e-01 
  694.000  9.049813e-01 
  695.000  9.149016e-01 
  696.000  9.125155e-01 
  697.000  9.248508e-01 
  698.000  9.248403e-01 
  699.000  9.200835e-01 
  700.000  9.214184e-01 
  701.000  9.179511e-01 
  702.000  9.201647e-01 
  703.000  9.222855e-01 
  704.000  9.237521e-01 
  705.000  9.246079e-01 
  706.000  9.268718e-01 
  707.000  9.286596e-01 
  708.000  9.301201e-01 
  709.000  9.305816e-01 
  710.000  9.303504e-01 
  711.000  9.322423e-01 
  712.000  9.317456e-01 
  713.000  9.332573e-01 
  714.000  9.324696e-01 
  715.000  9.306901e-01 
  716.000  9.314879e-01 
  717.000  9.213302e-01 
  718.000  8.908168e-01 
  719.000  8.551440e-01 
  720.000  8.971018e-01 
  721.000  9.289441e-01 
  722.000  9.284590e-01 
  723.000  9.271711e-01 
  724.000  8.847031e-01 
  725.000  9.015553e-01 
  726.000  9.192708e-01 
  727.000  9.117405e-01 
  728.000  8.983170e-01 
  729.000  9.069777e-01 
  730.000  9.224958e-01 
  731.000  9.142297e-01 
  732.000  9.193055e-01 
  733.000  9.321952e-01 
  734.000  9.389790e-01 
  735.000  9.347616e-01 
  736.000  9.380167e-01 
  737.000  9.384173e-01 
  738.000  9.405137e-01 
  739.000  9.413061e-01 
  740.000  9.437786e-01 
  741.000  9.452098e-01 
  742.000  9.459634e-01 
  743.000  9.461098e-01 
  744.000  9.466937e-01 
  745.000  9.471147e-01 
  746.000  9.477113e-01 
  747.000  9.480762e-01 
  748.000  9.483186e-01 
  749.000  9.485331e-01 
  750.000  9.488845e-01 
  751.000  9.491045e-01 
  752.000  9.499202e-01 
  753.000  9.501487e-01 
  754.000  9.504456e-01 
  755.000  9.507571e-01 
  756.000  9.509628e-01 
  757.000  9.512835e-01 
  758.000  9.518898e-01 
  759.000  9.386084e-01 
  760.000  2.714564e-01 
  761.000  1.642363e-01 
  762.000  5.681527e-01 
  763.000  4.537635e-01 
  764.000  5.294390e-01 
  765.000  6.739715e-01 
  766.000  8.106863e-01 
  767.000  8.636158e-01 
  768.000  9.279189e-01 
  769.000  9.451462e-01 
  770.000  9.447839e-01 
  771.000  9.526383e-01 
  772.000  9.553035e-01 
  773.000  9.554509e-01 
  774.000  9.555680e-01 
  775.000  9.556905e-01 
  776.000  9.559084e-01 
  777.000  9.562212e-01 
  778.000  9.564075e-01 
  779.000  9.565981e-01 
  780.000  9.567572e-01 
  781.000  9.571861e-01 
  782.000  9.575119e-01 
  783.000  9.577436e-01 
  784.000  9.577977e-01 
  785.000  9.578494e-01 
  786.000  9.572002e-01 
  787.000  9.574583e-01 
  788.000  9.557806e-01 
  789.000  9.560807e-01 
  790.000  9.531585e-01 
  791.000  9.537400e-01 
  792.000  9.552726e-01 
  793.000  9.562690e-01 
  794.000  9.605110e-01 
  795.000  9.593845e-01 
  796.000  9.511426e-01 
  797.000  9.574212e-01 
  798.000  9.581863e-01 
  799.000  9.595690e-01 
  800.000  9.561621e-01 
  801.000  9.546263e-01 
  802.000  9.571143e-01 
  803.000  9.567417e-01 
  804.000  9.567172e-01 
  805.000  9.583930e-01 
  806.000  9.615517e-01 
  807.000  9.598595e-01 
  808.000  9.619074e-01 
  809.000  9.589842e-01 
  810.000  9.576145e-01 
  811.000  9.582570e-01 
  812.000  9.552180e-01 
  813.000  9.488621e-01 
  814.000  9.374922e-01 
  815.000  9.223434e-01 
  816.000  9.340848e-01 
  817.000  8.774515e-01 
  818.000  9.170624e-01 
  819.000  9.346915e-01 
  820.000  9.117273e-01 
  821.000  9.586705e-01 
  822.000  9.533726e-01 
  823.000  8.610443e-01 
  824.000  9.465450e-01 
  825.000  9.562220e-01 
  826.000  9.460903e-01 
  827.000  9.560624e-01 
  828.000  9.285439e-01 
  829.000  9.502023e-01 
  830.000  9.453772e-01 
  831.000  9.479921e-01 
  832.000  9.479002e-01 
  833.000  9.560280e-01 
  834.000  9.558719e-01 
  835.000  9.604509e-01 
  836.000  9.609688e-01 
  837.000  9.609479e-01 
  838.000  9.639659e-01 
  839.000  9.654725e-01 
  840.000  9.660138e-01 
  841.000  9.660138e-01 
  842.000  9.635302e-01 
  843.000  9.684864e-01 
  844.000  9.656969e-01 
  845.000  9.681450e-01 
  846.000  9.688899e-01 
  847.000  9.693697e-01 
  848.000  9.689641e-01 
  849.000  9.693568e-01 
  850.000  9.695515e-01 
  851.000  9.702326e-01 
  852.000  9.713758e-01 
  853.000  9.717025e-01 
  854.000  9.716678e-01 
  855.000  9.716678e-01 
  856.000  9.719558e-01 
  857.000  9.726737e-01 
  858.000  9.722726e-01 
  859.000  9.727457e-01 
  860.000  9.730673e-01 
  861.000  9.730766e-01 
  862.000  9.733659e-01 
  863.000  9.731113e-01 
  864.000  9.737260e-01 
  865.000  9.737260e-01 
  866.000  9.737399e-01 
  867.000  9.739066e-01 
  868.000  9.739350e-01 
  869.000  9.740292e-01 
  870.000  9.742681e-01 
  871.000  9.743552e-01 
  872.000  9.745819e-01 
  873.000  9.746672e-01 
  874.000  9.746672e-01 
  875.000  9.749395e-01 
  876.000  9.750338e-01 
  877.000  9.751344e-01 
  878.000  9.752231e-01 
  879.000  9.752631e-01 
  880.000  9.755403e-01 
  881.000  9.755403e-01 
  882.000  9.753968e-01 
  883.000  9.755335e-01 
  884.000  9.757015e-01 
  885.000  9.758890e-01 
  886.000  9.742981e-01 
  887.000  9.760019e-01 
  888.000  9.760019e-01 
  889.000  9.756265e-01 
  890.000  9.748518e-01 
  891.000  9.762655e-01 
  892.000  9.748622e-01 
  893.000  9.709483e-01 
  894.000  9.709483e-01 
  895.000  9.611212e-01 
  896.000  9.522178e-01 
  897.000  9.062766e-01 
  898.000  9.505483e-01 
  899.000  8.589754e-01 
  900.000  8.589754e-01 
  901.000  8.787292e-01 
  902.000  9.000339e-01 
  903.000  9.201176e-01 
  904.000  9.654294e-01 
  905.000  9.598553e-01 
  906.000  9.598553e-01 
  907.000  9.137113e-01 
  908.000  8.969064e-01 
  909.000  9.069480e-01 
  910.000  8.975445e-01 
  911.000  8.975445e-01 
  912.000  9.460141e-01 
  913.000  9.225197e-01 
  914.000  9.053013e-01 
  915.000  8.779650e-01 
  916.000  8.779650e-01 
  917.000  9.447860e-01 
  918.000  8.911901e-01 
  919.000  9.320834e-01 
  920.000  9.655447e-01 
  921.000  9.655447e-01 
  922.000  9.574906e-01 
  923.000  9.569638e-01 
  924.000  9.492883e-01 
  925.000  9.492883e-01 
  926.000  9.532965e-01 
  927.000  9.564891e-01 
  928.000  9.078524e-01 
  929.000  8.979957e-01 
  930.000  8.979957e-01 
  931.000  8.069232e-01 
  932.000  6.532537e-01 
  933.000  6.917068e-01 
  934.000  6.917068e-01 
  935.000  6.353101e-01 
  936.000  6.095640e-01 
  937.000  6.153234e-01 
  938.000  6.153234e-01 
  939.000  7.197357e-01 
  940.000  8.308021e-01 
  941.000  7.944145e-01 
  942.000  7.944145e-01 
  943.000  6.999223e-01 
  944.000  7.019662e-01 
  945.000  7.980248e-01 
  946.000  7.980248e-01 
  947.000  7.195628e-01 
  948.000  7.457023e-01 
  949.000  7.876532e-01 
  950.000  7.876532e-01 
  951.000  7.949873e-01 
  952.000  7.145898e-01 
  953.000  8.309452e-01 
  954.000  8.309452e-01 
  955.000  8.248710e-01 
  956.000  7.319609e-01 
  957.000  8.585556e-01 
  958.000  8.585556e-01 
  959.000  7.999004e-01 
  960.000  8.532032e-01 
  961.000  8.532032e-01 
  962.000  8.628795e-01 
  963.000  9.046165e-01 
  964.000  8.440039e-01 
  965.000  8.440039e-01 
  966.000  8.834809e-01 
  967.000  9.315459e-01 
  968.000  9.315459e-01 
  969.000  9.413739e-01 
  970.000  9.597613e-01 
  971.000  9.654537e-01 
  972.000  9.654537e-01 
  973.000  9.586489e-01 
  974.000  9.215330e-01 
  975.000  9.215330e-01 
  976.000  9.096209e-01 
  977.000  9.489386e-01 
  978.000  9.436212e-01 
  979.000  9.436212e-01 
  980.000  9.443495e-01 
  981.000  9.732686e-01 
  982.000  9.732686e-01 
  983.000  9.646791e-01 
  984.000  9.724551e-01 
  985.000  9.724551e-01 
  986.000  9.812644e-01 
  987.000  9.780222e-01 
  988.000  9.780222e-01 
  989.000  9.831352e-01 
  990.000  9.811961e-01 
  991.000  9.811961e-01 
  992.000  9.826169e-01 
  993.000  9.824043e-01 
  994.000  9.824043e-01 
  995.000  9.845945e-01 
  996.000  9.846693e-01 
  997.000  9.846693e-01 
  998.000  9.847704e-01 
  999.000  9.846912e-01 
 1000.000  9.846912e-01 
 1001.000  9.848772e-01 
 1002.000  9.820821e-01 
 1003.000  9.820821e-01 
 1004.000  9.850053e-01 
 1005.000  9.851813e-01 
 1006.000  9.851813e-01 
 1007.000  9.853392e-01 
 1008.000  9.848880e-01 
 1009.000  9.848880e-01 
 1010.000  9.828326e-01 
 1011.000  9.855422e-01 
 1012.000  9.855422e-01 
 1013.000  9.857360e-01 
 1014.000  9.857471e-01 
 1015.000  9.857471e-01 
 1016.000  9.859344e-01 
 1017.000  9.858847e-01 
 1018.000  9.858847e-01 
 1019.000  9.857712e-01 
 1020.000  9.862139e-01 
 1021.000  9.862139e-01 
 1022.000  9.859527e-01 
 1023.000  9.859527e-01 
 1024.000  9.859015e-01 
 1025.000  9.864107e-01 
 1026.000  9.864107e-01 
 1027.000  9.862458e-01 
 1028.000  9.865057e-01 
 1029.000  9.865057e-01 
 1030.000  9.866158e-01 
 1031.000  9.865705e-01 
 1032.000  9.865705e-01 
 1033.000  9.865488e-01 
 1034.000  9.865488e-01 
 1035.000  9.865131e-01 
 1036.000  9.859482e-01 
 1037.000  9.859482e-01 
 1038.000  9.859046e-01 
 1039.000  9.853482e-01 
 1040.000  9.853482e-01 
 1041.000  9.848870e-01 
 1042.000  9.848870e-01 
 1043.000  9.843454e-01 
 1044.000  9.834990e-01 
 1045.000  9.834990e-01 
 1046.000  9.823213e-01 
 1047.000  9.823213e-01 
 1048.000  9.811371e-01 
 1049.000  9.787154e-01 
 1050.000  9.787154e-01 
 1051.000  9.776839e-01 
 1052.000  9.776839e-01 
 1053.000  9.760531e-01 
 1054.000  9.746668e-01 
 1055.000  9.746668e-01 
 1056.000  9.730337e-01 
 1057.000  9.730337e-01 
 1058.000  9.715995e-01 
 1059.000  9.701701e-01 
 1060.000  9.701701e-01 
 1061.000  9.692740e-01 
 1062.000  9.692740e-01 
 1063.000  9.677164e-01 
 1064.000  9.669797e-01 
 1065.000  9.669797e-01 
 1066.000  9.682819e-01 
 1067.000  9.682819e-01 
 1068.000  9.673885e-01 
 1069.000  9.693811e-01 
 1070.000  9.693811e-01 
 1071.000  9.711716e-01 
 1072.000  9.711716e-01 
 1073.000  9.727271e-01 
 1074.000  9.727271e-01 
 1075.000  9.726543e-01 
 1076.000  9.738598e-01 
 1077.000  9.738598e-01 
 1078.000  9.773494e-01 
 1079.000  9.773494e-01 
 1080.000  9.768106e-01 
 1081.000  9.768106e-01 
 1082.000  9.795005e-01 
 1083.000  9.791505e-01 
 1084.000  9.791505e-01 
 1085.000  9.769051e-01 
 1086.000  9.769051e-01 
 1087.000  9.822692e-01 
 1088.000  9.822692e-01 
 1089.000  9.812046e-01 
 1090.000  9.805571e-01 
 1091.000  9.805571e-01 
 1092.000  9.778891e-01 
 1093.000  9.778891e-01 
 1094.000  9.779053e-01 
 1095.000  9.779053e-01 
 1096.000  9.762467e-01 
 1097.000  9.762467e-01 
 1098.000  9.720646e-01 
 1099.000  9.553118e-01 
 1100.000  9.553118e-01 
 1101.000  9.557825e-01 
 1102.000  9.557825e-01 
 1103.000  9.492639e-01 
 1104.000  9.492639e-01 
 1105.000  9.441822e-01 
 1106.000  9.441822e-01 
 1107.000  9.432048e-01 
 1108.000  9.432048e-01 
 1109.000  9.300453e-01 
 1110.000  9.032133e-01 
 1111.000  9.032133e-01 
 1112.000  8.919814e-01 
 1113.000  8.919814e-01 
 1114.000  8.102829e-01 
 1115.000  8.102829e-01 
 1116.000  6.548352e-01 
 1117.000  6.548352e-01 
 1118.000  7.328522e-01 
 1119.000  7.328522e-01 
 1120.000  6.870472e-01 
 1121.000  6.870472e-01 
 1122.000  5.230799e-01 
 1123.000  7.062861e-01 
 1124.000  7.062861e-01 
 1125.000  5.647021e-01 
 1126.000  5.647021e-01 
 1127.000  6.301499e-01 
 1128.000  6.301499e-01 
 1129.000  6.326214e-01 
 1130.000  6.326214e-01 
 1131.000  8.375556e-01 
 1132.000  8.375556e-01 
 1133.000  6.371551e-01 
 1134.000  6.371551e-01 
 1135.000  4.165846e-01 
 1136.000  4.165846e-01 
 1137.000  8.460181e-01 
 1138.000  8.460181e-01 
 1139.000  7.844428e-01 
 1140.000  7.844428e-01 
 1141.000  7.771373e-01 
 1142.000  7.771373e-01 
 1143.000  8.262686e-01 
 1144.000  8.262686e-01 
 1145.000  6.546053e-01 
 1146.000  6.546053e-01 
 1147.000  6.502422e-01 
 1148.000  6.502422e-01 
 1149.000  7.306824e-01 
 1150.000  7.306824e-01 
 1151.000  7.972983e-01 
 1152.000  7.972983e-01 
 1153.000  7.525725e-01 
 1154.000  7.525725e-01 
 1155.000  7.928621e-01 
 1156.000  7.928621e-01 
 1157.000  8.525448e-01 
 1158.000  8.525448e-01 
 1159.000  9.196582e-01 
 1160.000  9.196582e-01 
 1161.000  9.078253e-01 
 1162.000  9.078253e-01 
 1163.000  9.336381e-01 
 1164.000  9.336381e-01 
 1165.000  9.259008e-01 
 1166.000  9.259008e-01 
 1167.000  9.482239e-01 
 1168.000  9.482239e-01 
 1169.000  9.547508e-01 
 1170.000  9.547508e-01 
 1171.000  9.589309e-01 
 1172.000  9.589309e-01 
 1173.000  9.275607e-01 
 1174.000  9.275607e-01 
 1175.000  9.775379e-01 
 1176.000  9.775379e-01 
 1177.000  9.477679e-01 
 1178.000  9.477679e-01 
 1179.000  9.697489e-01 
 1180.000  9.697489e-01 
 1181.000  9.224583e-01 
 1182.000  9.224583e-01 
 1183.000  9.591482e-01 
 1184.000  9.591482e-01 
 1185.000  9.705603e-01 
 1186.000  9.705603e-01 
 1187.000  9.250193e-01 
 1188.000  9.250193e-01 
 1189.000  9.250193e-01 
 1190.000  9.585744e-01 
 1191.000  9.585744e-01 
 1192.000  9.799876e-01 
 1193.000  9.799876e-01 
 1194.000  9.651097e-01 
 1195.000  9.651097e-01 
 1196.000  9.732715e-01 
 1197.000  9.732715e-01 
 1198.000  9.589414e-01 
 1199.000  9.589414e-01 
 1200.000  9.557966e-01 
