  250.000  0.000000e+00 
  251.000  0.000000e+00 
  252.000  0.000000e+00 
  253.000  0.000000e+00 
  254.000  0.000000e+00 
  255.000  0.000000e+00 
  256.000  0.000000e+00 
  257.000  0.000000e+00 
  258.000  0.000000e+00 
  259.000  0.000000e+00 
  260.000  0.000000e+00 
  261.000  0.000000e+00 
  262.000  0.000000e+00 
  263.000  0.000000e+00 
  264.000  0.000000e+00 
  265.000  0.000000e+00 
  266.000  0.000000e+00 
  267.000  0.000000e+00 
  268.000  0.000000e+00 
  269.000  0.000000e+00 
  270.000  0.000000e+00 
  271.000  0.000000e+00 
  272.000  0.000000e+00 
  273.000  0.000000e+00 
  274.000  0.000000e+00 
  275.000  0.000000e+00 
  276.000  0.000000e+00 
  277.000  0.000000e+00 
  278.000  0.000000e+00 
  279.000  0.000000e+00 
  280.000  0.000000e+00 
  281.000  0.000000e+00 
  282.000  0.000000e+00 
  283.000  0.000000e+00 
  284.000  0.000000e+00 
  285.000  0.000000e+00 
  286.000  0.000000e+00 
  287.000  0.000000e+00 
  288.000  0.000000e+00 
  289.000  0.000000e+00 
  290.000  1.980968e-12 
  291.000  2.424721e-11 
  292.000  6.756219e-10 
  293.000  4.861023e-09 
  294.000  4.550269e-08 
  295.000  1.926316e-07 
  296.000  1.458375e-06 
  297.000  4.919626e-06 
  298.000  2.102853e-05 
  299.000  5.671462e-05 
  300.000  1.583649e-04 
  301.000  3.676879e-04 
  302.000  7.421562e-04 
  303.000  1.720634e-03 
  304.000  2.356491e-03 
  305.000  4.669895e-03 
  306.000  6.851688e-03 
  307.000  1.096538e-02 
  308.000  1.482298e-02 
  309.000  1.964062e-02 
  310.000  2.838332e-02 
  311.000  3.296464e-02 
  312.000  4.084589e-02 
  313.000  5.122270e-02 
  314.000  5.613889e-02 
  315.000  7.025131e-02 
  316.000  7.449464e-02 
  317.000  8.650890e-02 
  318.000  9.412457e-02 
  319.000  1.145951e-01 
  320.000  1.022098e-01 
  321.000  1.336349e-01 
  322.000  1.216154e-01 
  323.000  1.371467e-01 
  324.000  1.599754e-01 
  325.000  1.450194e-01 
  326.000  1.683140e-01 
  327.000  1.764480e-01 
  328.000  1.653709e-01 
  329.000  1.929547e-01 
  330.000  1.985871e-01 
  331.000  1.878785e-01 
  332.000  2.079039e-01 
  333.000  2.130030e-01 
  334.000  2.111365e-01 
  335.000  2.246159e-01 
  336.000  2.307124e-01 
  337.000  2.283285e-01 
  338.000  2.376714e-01 
  339.000  2.447003e-01 
  340.000  2.445874e-01 
  341.000  2.524462e-01 
  342.000  2.582824e-01 
  343.000  2.623669e-01 
  344.000  2.621089e-01 
  345.000  2.708095e-01 
  346.000  2.755513e-01 
  347.000  2.798571e-01 
  348.000  2.842297e-01 
  349.000  2.894793e-01 
  350.000  2.937511e-01 
  351.000  2.986656e-01 
  352.000  3.027927e-01 
  353.000  3.077504e-01 
  354.000  3.113183e-01 
  355.000  3.152362e-01 
  356.000  3.202246e-01 
  357.000  3.234887e-01 
  358.000  3.271609e-01 
  359.000  3.307955e-01 
  360.000  3.343507e-01 
  361.000  3.380684e-01 
  362.000  3.438002e-01 
  363.000  3.486892e-01 
  364.000  3.535798e-01 
  365.000  3.576865e-01 
  366.000  3.622812e-01 
  367.000  3.666189e-01 
  368.000  3.707694e-01 
  369.000  3.742761e-01 
  370.000  3.784578e-01 
  371.000  3.828948e-01 
  372.000  3.865605e-01 
  373.000  3.910947e-01 
  374.000  3.954273e-01 
  375.000  3.989509e-01 
  376.000  4.026077e-01 
  377.000  4.068160e-01 
  378.000  4.100940e-01 
  379.000  4.136502e-01 
  380.000  4.170592e-01 
  381.000  4.208006e-01 
  382.000  4.258018e-01 
  383.000  4.309203e-01 
  384.000  4.344127e-01 
  385.000  4.389181e-01 
  386.000  4.425353e-01 
  387.000  4.468026e-01 
  388.000  4.501666e-01 
  389.000  4.535993e-01 
  390.000  4.579056e-01 
  391.000  4.614534e-01 
  392.000  4.644188e-01 
  393.000  4.694427e-01 
  394.000  4.729014e-01 
  395.000  4.762583e-01 
  396.000  4.804987e-01 
  397.000  4.843753e-01 
  398.000  4.870483e-01 
  399.000  4.907750e-01 
  400.000  4.939323e-01 
  401.000  4.981540e-01 
  402.000  5.019681e-01 
  403.000  5.058845e-01 
  404.000  5.084758e-01 
  405.000  5.120898e-01 
  406.000  5.155472e-01 
  407.000  5.200233e-01 
  408.000  5.221978e-01 
  409.000  5.253790e-01 
  410.000  5.287709e-01 
  411.000  5.325458e-01 
  412.000  5.364839e-01 
  413.000  5.385844e-01 
  414.000  5.426434e-01 
  415.000  5.458356e-01 
  416.000  5.499830e-01 
  417.000  5.524125e-01 
  418.000  5.551673e-01 
  419.000  5.591250e-01 
  420.000  5.617722e-01 
  421.000  5.648764e-01 
  422.000  5.674176e-01 
  423.000  5.709386e-01 
  424.000  5.736266e-01 
  425.000  5.777178e-01 
  426.000  5.807698e-01 
  427.000  5.835661e-01 
  428.000  5.861022e-01 
  429.000  5.898406e-01 
  430.000  5.929055e-01 
  431.000  5.940752e-01 
  432.000  5.984303e-01 
  433.000  6.014190e-01 
  434.000  6.033477e-01 
  435.000  6.053452e-01 
  436.000  6.088858e-01 
  437.000  6.134992e-01 
  438.000  6.158449e-01 
  439.000  6.163614e-01 
  440.000  6.198347e-01 
  441.000  6.228560e-01 
  442.000  6.264037e-01 
  443.000  6.281835e-01 
  444.000  6.307131e-01 
  445.000  6.315491e-01 
  446.000  6.348072e-01 
  447.000  6.384277e-01 
  448.000  6.385223e-01 
  449.000  6.430677e-01 
  450.000  6.467508e-01 
  451.000  6.489494e-01 
  452.000  6.507547e-01 
  453.000  6.534817e-01 
  454.000  6.572590e-01 
  455.000  6.585202e-01 
  456.000  6.607515e-01 
  457.000  6.633406e-01 
  458.000  6.649850e-01 
  459.000  6.672879e-01 
  460.000  6.686822e-01 
  461.000  6.710064e-01 
  462.000  6.742623e-01 
  463.000  6.743804e-01 
  464.000  6.775888e-01 
  465.000  6.797987e-01 
  466.000  6.838339e-01 
  467.000  6.850329e-01 
  468.000  6.873726e-01 
  469.000  6.891611e-01 
  470.000  6.912459e-01 
  471.000  6.936380e-01 
  472.000  6.945649e-01 
  473.000  6.951714e-01 
  474.000  6.939476e-01 
  475.000  6.941981e-01 
  476.000  6.952891e-01 
  477.000  6.962394e-01 
  478.000  6.973964e-01 
  479.000  6.996368e-01 
  480.000  7.023860e-01 
  481.000  7.069701e-01 
  482.000  7.107007e-01 
  483.000  7.141252e-01 
  484.000  7.158903e-01 
  485.000  7.172387e-01 
  486.000  7.184228e-01 
  487.000  7.212315e-01 
  488.000  7.226012e-01 
  489.000  7.236516e-01 
  490.000  7.266657e-01 
  491.000  7.284967e-01 
  492.000  7.301579e-01 
  493.000  7.318034e-01 
  494.000  7.329170e-01 
  495.000  7.341846e-01 
  496.000  7.351668e-01 
  497.000  7.367774e-01 
  498.000  7.379749e-01 
  499.000  7.394785e-01 
  500.000  7.405565e-01 
  501.000  7.405710e-01 
  502.000  7.395522e-01 
  503.000  7.381717e-01 
  504.000  7.360470e-01 
  505.000  7.400339e-01 
  506.000  7.412415e-01 
  507.000  7.419890e-01 
  508.000  7.456065e-01 
  509.000  7.477568e-01 
  510.000  7.503524e-01 
  511.000  7.520919e-01 
  512.000  7.533890e-01 
  513.000  7.560752e-01 
  514.000  7.571918e-01 
  515.000  7.592173e-01 
  516.000  7.600862e-01 
  517.000  7.616220e-01 
  518.000  7.619748e-01 
  519.000  7.629377e-01 
  520.000  7.634411e-01 
  521.000  7.647436e-01 
  522.000  7.651014e-01 
  523.000  7.656146e-01 
  524.000  7.660202e-01 
  525.000  7.654368e-01 
  526.000  7.657703e-01 
  527.000  7.659037e-01 
  528.000  7.657770e-01 
  529.000  7.657042e-01 
  530.000  7.657404e-01 
  531.000  7.664117e-01 
  532.000  7.669751e-01 
  533.000  7.678759e-01 
  534.000  7.691069e-01 
  535.000  7.698648e-01 
  536.000  7.711605e-01 
  537.000  7.724915e-01 
  538.000  7.731692e-01 
  539.000  7.735849e-01 
  540.000  7.747066e-01 
  541.000  7.728281e-01 
  542.000  7.741259e-01 
  543.000  7.760753e-01 
  544.000  7.770739e-01 
  545.000  7.760270e-01 
  546.000  7.756506e-01 
  547.000  7.782249e-01 
  548.000  7.805360e-01 
  549.000  7.810195e-01 
  550.000  7.817280e-01 
  551.000  7.832184e-01 
  552.000  7.837207e-01 
  553.000  7.843826e-01 
  554.000  7.851351e-01 
  555.000  7.857755e-01 
  556.000  7.855850e-01 
  557.000  7.850661e-01 
  558.000  7.846854e-01 
  559.000  7.842320e-01 
  560.000  7.837234e-01 
  561.000  7.833310e-01 
  562.000  7.831328e-01 
  563.000  7.825537e-01 
  564.000  7.819552e-01 
  565.000  7.814628e-01 
  566.000  7.813737e-01 
  567.000  7.804421e-01 
  568.000  7.792755e-01 
  569.000  7.725281e-01 
  570.000  7.704353e-01 
  571.000  7.729580e-01 
  572.000  7.687300e-01 
  573.000  7.707377e-01 
  574.000  7.682368e-01 
  575.000  7.696789e-01 
  576.000  7.692000e-01 
  577.000  7.697462e-01 
  578.000  7.736862e-01 
  579.000  7.760871e-01 
  580.000  7.784243e-01 
  581.000  7.820296e-01 
  582.000  7.851905e-01 
  583.000  7.882091e-01 
  584.000  7.922081e-01 
  585.000  7.932881e-01 
  586.000  7.954995e-01 
  587.000  7.956686e-01 
  588.000  7.942132e-01 
  589.000  7.717447e-01 
  590.000  7.714930e-01 
  591.000  7.803326e-01 
  592.000  7.637576e-01 
  593.000  7.919500e-01 
  594.000  7.785030e-01 
  595.000  7.872934e-01 
  596.000  7.918107e-01 
  597.000  7.917314e-01 
  598.000  7.926211e-01 
  599.000  7.979138e-01 
  600.000  7.988964e-01 
  601.000  8.026229e-01 
  602.000  8.047382e-01 
  603.000  8.056442e-01 
  604.000  8.070140e-01 
  605.000  8.078536e-01 
  606.000  8.097362e-01 
  607.000  8.113129e-01 
  608.000  8.132381e-01 
  609.000  8.140296e-01 
  610.000  8.156042e-01 
  611.000  8.168620e-01 
  612.000  8.186733e-01 
  613.000  8.202432e-01 
  614.000  8.213631e-01 
  615.000  8.226717e-01 
  616.000  8.244679e-01 
  617.000  8.257584e-01 
  618.000  8.266283e-01 
  619.000  8.278939e-01 
  620.000  8.289195e-01 
  621.000  8.296407e-01 
  622.000  8.299607e-01 
  623.000  8.305397e-01 
  624.000  8.307094e-01 
  625.000  8.310122e-01 
  626.000  8.309307e-01 
  627.000  8.302842e-01 
  628.000  7.971202e-01 
  629.000  8.139463e-01 
  630.000  8.217888e-01 
  631.000  8.315149e-01 
  632.000  8.336332e-01 
  633.000  8.368556e-01 
  634.000  8.404408e-01 
  635.000  8.418275e-01 
  636.000  8.447250e-01 
  637.000  8.484271e-01 
  638.000  8.520268e-01 
  639.000  8.541839e-01 
  640.000  8.558161e-01 
  641.000  8.578864e-01 
  642.000  8.604913e-01 
  643.000  8.605822e-01 
  644.000  8.627161e-01 
  645.000  8.632729e-01 
  646.000  8.572542e-01 
  647.000  8.479229e-01 
  648.000  8.390114e-01 
  649.000  8.477440e-01 
  650.000  8.662407e-01 
  651.000  8.687630e-01 
  652.000  8.637910e-01 
  653.000  8.702152e-01 
  654.000  8.708065e-01 
  655.000  8.519042e-01 
  656.000  8.654241e-01 
  657.000  8.694587e-01 
  658.000  8.768015e-01 
  659.000  8.812895e-01 
  660.000  8.809433e-01 
  661.000  8.836676e-01 
  662.000  8.839186e-01 
  663.000  8.842077e-01 
  664.000  8.858274e-01 
  665.000  8.868874e-01 
  666.000  8.880312e-01 
  667.000  8.896820e-01 
  668.000  8.903935e-01 
  669.000  8.916140e-01 
  670.000  8.923743e-01 
  671.000  8.938582e-01 
  672.000  8.941811e-01 
  673.000  8.954082e-01 
  674.000  8.958908e-01 
  675.000  8.971696e-01 
  676.000  8.975486e-01 
  677.000  8.982345e-01 
  678.000  8.993524e-01 
  679.000  8.999301e-01 
  680.000  9.010580e-01 
  681.000  9.013588e-01 
  682.000  9.030078e-01 
  683.000  9.024804e-01 
  684.000  9.038476e-01 
  685.000  9.052671e-01 
  686.000  9.057798e-01 
  687.000  5.656166e-01 
  688.000  7.382665e-01 
  689.000  7.845550e-01 
  690.000  8.197636e-01 
  691.000  8.429777e-01 
  692.000  8.821335e-01 
  693.000  8.599117e-01 
  694.000  8.252233e-01 
  695.000  8.668619e-01 
  696.000  8.566908e-01 
  697.000  9.073702e-01 
  698.000  9.056671e-01 
  699.000  8.826998e-01 
  700.000  8.851586e-01 
  701.000  8.666948e-01 
  702.000  8.756091e-01 
  703.000  8.837762e-01 
  704.000  8.893264e-01 
  705.000  8.906968e-01 
  706.000  8.993905e-01 
  707.000  9.064778e-01 
  708.000  9.117107e-01 
  709.000  9.121118e-01 
  710.000  9.097649e-01 
  711.000  9.162043e-01 
  712.000  9.125599e-01 
  713.000  9.178947e-01 
  714.000  9.134603e-01 
  715.000  9.016047e-01 
  716.000  9.038260e-01 
  717.000  8.544432e-01 
  718.000  7.524149e-01 
  719.000  7.042618e-01 
  720.000  7.546997e-01 
  721.000  8.825784e-01 
  722.000  8.798466e-01 
  723.000  8.724332e-01 
  724.000  7.513159e-01 
  725.000  7.666479e-01 
  726.000  8.328030e-01 
  727.000  8.028304e-01 
  728.000  7.528806e-01 
  729.000  7.775353e-01 
  730.000  8.428072e-01 
  731.000  8.066844e-01 
  732.000  8.262807e-01 
  733.000  8.821530e-01 
  734.000  9.123840e-01 
  735.000  8.913846e-01 
  736.000  9.058711e-01 
  737.000  9.058846e-01 
  738.000  9.147278e-01 
  739.000  9.175456e-01 
  740.000  9.290060e-01 
  741.000  9.353261e-01 
  742.000  9.361499e-01 
  743.000  9.358856e-01 
  744.000  9.378313e-01 
  745.000  9.389954e-01 
  746.000  9.402051e-01 
  747.000  9.403526e-01 
  748.000  9.408332e-01 
  749.000  9.410064e-01 
  750.000  9.414724e-01 
  751.000  9.415840e-01 
  752.000  9.428601e-01 
  753.000  9.431643e-01 
  754.000  9.434205e-01 
  755.000  9.436702e-01 
  756.000  9.438171e-01 
  757.000  9.445525e-01 
  758.000  9.452543e-01 
  759.000  9.305912e-01 
  760.000  2.456556e-01 
  761.000  1.383759e-01 
  762.000  5.439497e-01 
  763.000  4.256746e-01 
  764.000  5.033202e-01 
  765.000  6.523818e-01 
  766.000  7.935573e-01 
  767.000  8.486618e-01 
  768.000  9.189844e-01 
  769.000  9.378230e-01 
  770.000  9.374782e-01 
  771.000  9.461918e-01 
  772.000  9.491568e-01 
  773.000  9.493173e-01 
  774.000  9.493528e-01 
  775.000  9.495540e-01 
  776.000  9.498183e-01 
  777.000  9.501647e-01 
  778.000  9.503705e-01 
  779.000  9.505795e-01 
  780.000  9.507540e-01 
  781.000  9.512556e-01 
  782.000  9.514669e-01 
  783.000  9.518577e-01 
  784.000  9.512461e-01 
  785.000  9.505916e-01 
  786.000  9.464014e-01 
  787.000  9.461040e-01 
  788.000  9.376565e-01 
  789.000  9.375467e-01 
  790.000  9.229360e-01 
  791.000  9.245787e-01 
  792.000  9.307526e-01 
  793.000  9.354397e-01 
  794.000  9.534981e-01 
  795.000  9.467773e-01 
  796.000  9.067431e-01 
  797.000  9.356099e-01 
  798.000  9.385747e-01 
  799.000  9.447861e-01 
  800.000  9.277726e-01 
  801.000  9.196681e-01 
  802.000  9.308152e-01 
  803.000  9.285365e-01 
  804.000  9.277596e-01 
  805.000  9.355024e-01 
  806.000  9.507611e-01 
  807.000  9.415724e-01 
  808.000  9.511358e-01 
  809.000  9.365832e-01 
  810.000  9.290423e-01 
  811.000  9.316738e-01 
  812.000  9.158614e-01 
  813.000  8.872744e-01 
  814.000  8.386707e-01 
  815.000  7.955435e-01 
  816.000  8.299246e-01 
  817.000  6.926211e-01 
  818.000  7.955393e-01 
  819.000  8.276930e-01 
  820.000  7.866058e-01 
  821.000  9.263637e-01 
  822.000  9.012071e-01 
  823.000  6.533629e-01 
  824.000  8.682214e-01 
  825.000  9.138724e-01 
  826.000  8.687053e-01 
  827.000  9.110336e-01 
  828.000  8.036828e-01 
  829.000  8.854117e-01 
  830.000  8.659874e-01 
  831.000  8.751385e-01 
  832.000  8.729593e-01 
  833.000  9.057733e-01 
  834.000  9.073915e-01 
  835.000  9.261394e-01 
  836.000  9.290461e-01 
  837.000  9.276187e-01 
  838.000  9.412466e-01 
  839.000  9.485285e-01 
  840.000  9.504156e-01 
  841.000  9.504156e-01 
  842.000  9.379640e-01 
  843.000  9.617375e-01 
  844.000  9.474657e-01 
  845.000  9.589645e-01 
  846.000  9.620723e-01 
  847.000  9.643729e-01 
  848.000  9.613034e-01 
  849.000  9.627776e-01 
  850.000  9.617542e-01 
  851.000  9.594400e-01 
  852.000  9.647674e-01 
  853.000  9.659205e-01 
  854.000  9.649115e-01 
  855.000  9.649115e-01 
  856.000  9.660576e-01 
  857.000  9.687709e-01 
  858.000  9.663466e-01 
  859.000  9.680178e-01 
  860.000  9.696062e-01 
  861.000  9.690332e-01 
  862.000  9.698609e-01 
  863.000  9.697907e-01 
  864.000  9.704186e-01 
  865.000  9.704186e-01 
  866.000  9.705014e-01 
  867.000  9.706887e-01 
  868.000  9.707203e-01 
  869.000  9.708242e-01 
  870.000  9.709058e-01 
  871.000  9.711844e-01 
  872.000  9.713957e-01 
  873.000  9.712947e-01 
  874.000  9.712947e-01 
  875.000  9.718258e-01 
  876.000  9.719378e-01 
  877.000  9.718545e-01 
  878.000  9.717596e-01 
  879.000  9.717432e-01 
  880.000  9.723371e-01 
  881.000  9.723371e-01 
  882.000  9.709389e-01 
  883.000  9.714337e-01 
  884.000  9.716501e-01 
  885.000  9.720198e-01 
  886.000  9.634792e-01 
  887.000  9.714403e-01 
  888.000  9.714403e-01 
  889.000  9.694470e-01 
  890.000  9.648319e-01 
  891.000  9.715105e-01 
  892.000  9.636782e-01 
  893.000  9.433599e-01 
  894.000  9.433599e-01 
  895.000  9.043891e-01 
  896.000  8.654539e-01 
  897.000  7.472699e-01 
  898.000  8.548530e-01 
  899.000  6.714817e-01 
  900.000  6.714817e-01 
  901.000  7.138768e-01 
  902.000  7.561166e-01 
  903.000  8.021070e-01 
  904.000  9.148437e-01 
  905.000  8.951172e-01 
  906.000  8.951172e-01 
  907.000  7.553688e-01 
  908.000  7.441425e-01 
  909.000  7.443209e-01 
  910.000  7.114106e-01 
  911.000  7.114106e-01 
  912.000  8.315685e-01 
  913.000  7.668388e-01 
  914.000  7.336208e-01 
  915.000  6.871004e-01 
  916.000  6.871004e-01 
  917.000  8.202103e-01 
  918.000  7.062537e-01 
  919.000  8.124169e-01 
  920.000  9.084709e-01 
  921.000  9.084709e-01 
  922.000  8.747544e-01 
  923.000  8.722147e-01 
  924.000  8.356964e-01 
  925.000  8.356964e-01 
  926.000  8.530955e-01 
  927.000  8.664373e-01 
  928.000  7.072126e-01 
  929.000  6.750109e-01 
  930.000  6.750109e-01 
  931.000  5.444759e-01 
  932.000  3.604899e-01 
  933.000  3.417603e-01 
  934.000  3.417603e-01 
  935.000  3.355705e-01 
  936.000  3.065845e-01 
  937.000  2.590883e-01 
  938.000  2.590883e-01 
  939.000  4.178454e-01 
  940.000  5.614899e-01 
  941.000  5.109564e-01 
  942.000  5.109564e-01 
  943.000  4.064363e-01 
  944.000  4.183714e-01 
  945.000  4.931503e-01 
  946.000  4.931503e-01 
  947.000  4.146806e-01 
  948.000  4.537054e-01 
  949.000  5.151681e-01 
  950.000  5.151681e-01 
  951.000  5.532518e-01 
  952.000  3.943417e-01 
  953.000  5.671303e-01 
  954.000  5.671303e-01 
  955.000  5.683774e-01 
  956.000  4.439572e-01 
  957.000  6.346483e-01 
  958.000  6.346483e-01 
  959.000  4.953432e-01 
  960.000  5.790474e-01 
  961.000  5.790474e-01 
  962.000  6.510491e-01 
  963.000  7.016584e-01 
  964.000  5.971209e-01 
  965.000  5.971209e-01 
  966.000  6.789831e-01 
  967.000  7.920955e-01 
  968.000  7.920955e-01 
  969.000  8.202839e-01 
  970.000  8.712770e-01 
  971.000  8.959485e-01 
  972.000  8.959485e-01 
  973.000  8.648390e-01 
  974.000  7.573951e-01 
  975.000  7.573951e-01 
  976.000  7.451648e-01 
  977.000  8.473831e-01 
  978.000  8.309420e-01 
  979.000  8.309420e-01 
  980.000  8.313035e-01 
  981.000  9.285193e-01 
  982.000  9.285193e-01 
  983.000  8.984969e-01 
  984.000  9.246832e-01 
  985.000  9.246832e-01 
  986.000  9.662590e-01 
  987.000  9.501509e-01 
  988.000  9.501509e-01 
  989.000  9.749712e-01 
  990.000  9.646789e-01 
  991.000  9.646789e-01 
  992.000  9.717582e-01 
  993.000  9.703517e-01 
  994.000  9.703517e-01 
  995.000  9.809102e-01 
  996.000  9.811544e-01 
  997.000  9.811544e-01 
  998.000  9.812270e-01 
  999.000  9.803983e-01 
 1000.000  9.803983e-01 
 1001.000  9.809231e-01 
 1002.000  9.667999e-01 
 1003.000  9.667999e-01 
 1004.000  9.810168e-01 
 1005.000  9.817088e-01 
 1006.000  9.817088e-01 
 1007.000  9.822057e-01 
 1008.000  9.794435e-01 
 1009.000  9.794435e-01 
 1010.000  9.689636e-01 
 1011.000  9.822325e-01 
 1012.000  9.822325e-01 
 1013.000  9.828054e-01 
 1014.000  9.824424e-01 
 1015.000  9.824424e-01 
 1016.000  9.831944e-01 
 1017.000  9.824483e-01 
 1018.000  9.824483e-01 
 1019.000  9.815207e-01 
 1020.000  9.835530e-01 
 1021.000  9.835530e-01 
 1022.000  9.817972e-01 
 1023.000  9.817972e-01 
 1024.000  9.813700e-01 
 1025.000  9.837258e-01 
 1026.000  9.837258e-01 
 1027.000  9.826881e-01 
 1028.000  9.839514e-01 
 1029.000  9.839514e-01 
 1030.000  9.845140e-01 
 1031.000  9.843480e-01 
 1032.000  9.843480e-01 
 1033.000  9.845588e-01 
 1034.000  9.845588e-01 
 1035.000  9.848323e-01 
 1036.000  9.841983e-01 
 1037.000  9.841983e-01 
 1038.000  9.841509e-01 
 1039.000  9.834795e-01 
 1040.000  9.834795e-01 
 1041.000  9.830045e-01 
 1042.000  9.830045e-01 
 1043.000  9.824002e-01 
 1044.000  9.814495e-01 
 1045.000  9.814495e-01 
 1046.000  9.801270e-01 
 1047.000  9.801270e-01 
 1048.000  9.787973e-01 
 1049.000  9.760790e-01 
 1050.000  9.760790e-01 
 1051.000  9.749206e-01 
 1052.000  9.749206e-01 
 1053.000  9.730901e-01 
 1054.000  9.715244e-01 
 1055.000  9.715244e-01 
 1056.000  9.697002e-01 
 1057.000  9.697002e-01 
 1058.000  9.680810e-01 
 1059.000  9.664863e-01 
 1060.000  9.664863e-01 
 1061.000  9.654766e-01 
 1062.000  9.654766e-01 
 1063.000  9.635387e-01 
 1064.000  9.620317e-01 
 1065.000  9.620317e-01 
 1066.000  9.643484e-01 
 1067.000  9.643484e-01 
 1068.000  9.628019e-01 
 1069.000  9.636437e-01 
 1070.000  9.636437e-01 
 1071.000  9.666234e-01 
 1072.000  9.666234e-01 
 1073.000  9.683950e-01 
 1074.000  9.683950e-01 
 1075.000  9.607826e-01 
 1076.000  9.598322e-01 
 1077.000  9.598322e-01 
 1078.000  9.690058e-01 
 1079.000  9.690058e-01 
 1080.000  9.606612e-01 
 1081.000  9.606612e-01 
 1082.000  9.659251e-01 
 1083.000  9.585680e-01 
 1084.000  9.585680e-01 
 1085.000  9.448029e-01 
 1086.000  9.448029e-01 
 1087.000  9.655197e-01 
 1088.000  9.655197e-01 
 1089.000  9.554432e-01 
 1090.000  9.505548e-01 
 1091.000  9.505548e-01 
 1092.000  9.345207e-01 
 1093.000  9.345207e-01 
 1094.000  9.342043e-01 
 1095.000  9.342043e-01 
 1096.000  9.249416e-01 
 1097.000  9.249416e-01 
 1098.000  9.040455e-01 
 1099.000  8.434442e-01 
 1100.000  8.434442e-01 
 1101.000  8.463727e-01 
 1102.000  8.463727e-01 
 1103.000  8.216761e-01 
 1104.000  8.216761e-01 
 1105.000  8.025262e-01 
 1106.000  8.025262e-01 
 1107.000  8.019992e-01 
 1108.000  8.019992e-01 
 1109.000  7.566376e-01 
 1110.000  7.262706e-01 
 1111.000  7.262706e-01 
 1112.000  6.731922e-01 
 1113.000  6.731922e-01 
 1114.000  5.831367e-01 
 1115.000  5.831367e-01 
 1116.000  3.387128e-01 
 1117.000  3.387128e-01 
 1118.000  4.387984e-01 
 1119.000  4.387984e-01 
 1120.000  3.551137e-01 
 1121.000  3.551137e-01 
 1122.000  1.954640e-01 
 1123.000  4.038594e-01 
 1124.000  4.038594e-01 
 1125.000  2.166953e-01 
 1126.000  2.166953e-01 
 1127.000  2.702200e-01 
 1128.000  2.702200e-01 
 1129.000  2.561916e-01 
 1130.000  2.561916e-01 
 1131.000  5.599812e-01 
 1132.000  5.599812e-01 
 1133.000  2.647049e-01 
 1134.000  2.647049e-01 
 1135.000  1.520341e-01 
 1136.000  1.520341e-01 
 1137.000  5.511239e-01 
 1138.000  5.511239e-01 
 1139.000  5.162873e-01 
 1140.000  5.162873e-01 
 1141.000  4.983635e-01 
 1142.000  4.983635e-01 
 1143.000  5.324755e-01 
 1144.000  5.324755e-01 
 1145.000  3.046972e-01 
 1146.000  3.046972e-01 
 1147.000  3.014122e-01 
 1148.000  3.014122e-01 
 1149.000  4.351947e-01 
 1150.000  4.351947e-01 
 1151.000  5.191341e-01 
 1152.000  5.191341e-01 
 1153.000  4.754604e-01 
 1154.000  4.754604e-01 
 1155.000  5.307540e-01 
 1156.000  5.307540e-01 
 1157.000  6.397964e-01 
 1158.000  6.397964e-01 
 1159.000  7.266208e-01 
 1160.000  7.266208e-01 
 1161.000  7.033967e-01 
 1162.000  7.033967e-01 
 1163.000  8.041316e-01 
 1164.000  8.041316e-01 
 1165.000  7.664451e-01 
 1166.000  7.664451e-01 
 1167.000  8.324673e-01 
 1168.000  8.324673e-01 
 1169.000  8.504760e-01 
 1170.000  8.504760e-01 
 1171.000  8.681706e-01 
 1172.000  8.681706e-01 
 1173.000  7.588775e-01 
 1174.000  7.588775e-01 
 1175.000  9.292812e-01 
 1176.000  9.292812e-01 
 1177.000  8.253229e-01 
 1178.000  8.253229e-01 
 1179.000  9.033005e-01 
 1180.000  9.033005e-01 
 1181.000  7.611502e-01 
 1182.000  7.611502e-01 
 1183.000  8.629971e-01 
 1184.000  8.629971e-01 
 1185.000  8.922986e-01 
 1186.000  8.922986e-01 
 1187.000  7.944065e-01 
 1188.000  7.944065e-01 
 1189.000  7.944065e-01 
 1190.000  8.659739e-01 
 1191.000  8.659739e-01 
 1192.000  9.346871e-01 
 1193.000  9.346871e-01 
 1194.000  8.852522e-01 
 1195.000  8.852522e-01 
 1196.000  8.997655e-01 
 1197.000  8.997655e-01 
 1198.000  8.539972e-01 
 1199.000  8.539972e-01 
 1200.000  8.538363e-01 
