  250.000  0.000000e+00 
  251.000  0.000000e+00 
  252.000  0.000000e+00 
  253.000  0.000000e+00 
  254.000  0.000000e+00 
  255.000  0.000000e+00 
  256.000  0.000000e+00 
  257.000  0.000000e+00 
  258.000  0.000000e+00 
  259.000  0.000000e+00 
  260.000  0.000000e+00 
  261.000  0.000000e+00 
  262.000  0.000000e+00 
  263.000  0.000000e+00 
  264.000  0.000000e+00 
  265.000  0.000000e+00 
  266.000  0.000000e+00 
  267.000  0.000000e+00 
  268.000  0.000000e+00 
  269.000  0.000000e+00 
  270.000  0.000000e+00 
  271.000  0.000000e+00 
  272.000  0.000000e+00 
  273.000  0.000000e+00 
  274.000  0.000000e+00 
  275.000  0.000000e+00 
  276.000  0.000000e+00 
  277.000  0.000000e+00 
  278.000  0.000000e+00 
  279.000  0.000000e+00 
  280.000  0.000000e+00 
  281.000  0.000000e+00 
  282.000  0.000000e+00 
  283.000  0.000000e+00 
  284.000  0.000000e+00 
  285.000  0.000000e+00 
  286.000  0.000000e+00 
  287.000  0.000000e+00 
  288.000  0.000000e+00 
  289.000  0.000000e+00 
  290.000  3.325933e-05 
  291.000  8.536125e-05 
  292.000  3.137550e-04 
  293.000  6.694520e-04 
  294.000  1.601809e-03 
  295.000  2.760641e-03 
  296.000  6.098918e-03 
  297.000  9.667112e-03 
  298.000  1.676963e-02 
  299.000  2.444288e-02 
  300.000  3.636844e-02 
  301.000  5.009707e-02 
  302.000  6.579998e-02 
  303.000  9.158669e-02 
  304.000  1.023541e-01 
  305.000  1.341066e-01 
  306.000  1.550894e-01 
  307.000  1.864963e-01 
  308.000  2.087825e-01 
  309.000  2.331975e-01 
  310.000  2.683018e-01 
  311.000  2.836870e-01 
  312.000  3.078202e-01 
  313.000  3.360464e-01 
  314.000  3.468123e-01 
  315.000  3.784403e-01 
  316.000  3.864286e-01 
  317.000  4.102989e-01 
  318.000  4.224111e-01 
  319.000  4.564396e-01 
  320.000  4.353547e-01 
  321.000  4.834896e-01 
  322.000  4.647948e-01 
  323.000  4.875669e-01 
  324.000  5.167068e-01 
  325.000  4.966660e-01 
  326.000  5.264526e-01 
  327.000  5.351790e-01 
  328.000  5.214251e-01 
  329.000  5.535735e-01 
  330.000  5.592415e-01 
  331.000  5.465933e-01 
  332.000  5.686241e-01 
  333.000  5.734371e-01 
  334.000  5.712704e-01 
  335.000  5.846536e-01 
  336.000  5.904684e-01 
  337.000  5.875428e-01 
  338.000  5.966027e-01 
  339.000  6.030444e-01 
  340.000  6.025267e-01 
  341.000  6.098841e-01 
  342.000  6.149103e-01 
  343.000  6.183964e-01 
  344.000  6.178032e-01 
  345.000  6.255422e-01 
  346.000  6.294078e-01 
  347.000  6.327671e-01 
  348.000  6.363892e-01 
  349.000  6.406419e-01 
  350.000  6.440678e-01 
  351.000  6.478419e-01 
  352.000  6.510385e-01 
  353.000  6.548425e-01 
  354.000  6.575819e-01 
  355.000  6.605470e-01 
  356.000  6.642681e-01 
  357.000  6.667086e-01 
  358.000  6.694006e-01 
  359.000  6.720400e-01 
  360.000  6.746185e-01 
  361.000  6.773193e-01 
  362.000  6.814278e-01 
  363.000  6.849081e-01 
  364.000  6.883512e-01 
  365.000  6.912388e-01 
  366.000  6.944090e-01 
  367.000  6.973833e-01 
  368.000  7.002140e-01 
  369.000  7.025818e-01 
  370.000  7.053950e-01 
  371.000  7.083481e-01 
  372.000  7.108019e-01 
  373.000  7.137758e-01 
  374.000  7.166043e-01 
  375.000  7.188872e-01 
  376.000  7.212672e-01 
  377.000  7.239544e-01 
  378.000  7.260286e-01 
  379.000  7.282797e-01 
  380.000  7.304457e-01 
  381.000  7.327883e-01 
  382.000  7.359093e-01 
  383.000  7.390782e-01 
  384.000  7.412407e-01 
  385.000  7.439967e-01 
  386.000  7.461905e-01 
  387.000  7.487709e-01 
  388.000  7.507952e-01 
  389.000  7.528484e-01 
  390.000  7.554095e-01 
  391.000  7.575041e-01 
  392.000  7.592674e-01 
  393.000  7.621832e-01 
  394.000  7.641962e-01 
  395.000  7.661445e-01 
  396.000  7.685974e-01 
  397.000  7.708086e-01 
  398.000  7.723584e-01 
  399.000  7.744588e-01 
  400.000  7.762680e-01 
  401.000  7.786402e-01 
  402.000  7.807581e-01 
  403.000  7.829304e-01 
  404.000  7.843909e-01 
  405.000  7.863963e-01 
  406.000  7.882765e-01 
  407.000  7.907079e-01 
  408.000  7.919179e-01 
  409.000  7.936584e-01 
  410.000  7.954835e-01 
  411.000  7.975225e-01 
  412.000  7.996159e-01 
  413.000  8.007669e-01 
  414.000  8.029187e-01 
  415.000  8.046110e-01 
  416.000  8.067764e-01 
  417.000  8.080577e-01 
  418.000  8.095157e-01 
  419.000  8.115806e-01 
  420.000  8.129715e-01 
  421.000  8.145826e-01 
  422.000  8.158999e-01 
  423.000  8.177022e-01 
  424.000  8.190957e-01 
  425.000  8.211670e-01 
  426.000  8.227017e-01 
  427.000  8.241419e-01 
  428.000  8.254460e-01 
  429.000  8.273024e-01 
  430.000  8.288440e-01 
  431.000  8.294634e-01 
  432.000  8.316080e-01 
  433.000  8.331016e-01 
  434.000  8.340771e-01 
  435.000  8.351032e-01 
  436.000  8.368158e-01 
  437.000  8.390440e-01 
  438.000  8.401832e-01 
  439.000  8.405117e-01 
  440.000  8.421770e-01 
  441.000  8.436115e-01 
  442.000  8.453361e-01 
  443.000  8.462453e-01 
  444.000  8.474351e-01 
  445.000  8.479478e-01 
  446.000  8.495022e-01 
  447.000  8.511112e-01 
  448.000  8.512381e-01 
  449.000  8.533448e-01 
  450.000  8.550780e-01 
  451.000  8.561234e-01 
  452.000  8.569800e-01 
  453.000  8.582662e-01 
  454.000  8.600197e-01 
  455.000  8.606285e-01 
  456.000  8.616573e-01 
  457.000  8.628388e-01 
  458.000  8.636239e-01 
  459.000  8.646637e-01 
  460.000  8.653172e-01 
  461.000  8.663934e-01 
  462.000  8.678809e-01 
  463.000  8.679826e-01 
  464.000  8.694379e-01 
  465.000  8.704420e-01 
  466.000  8.722754e-01 
  467.000  8.728432e-01 
  468.000  8.738979e-01 
  469.000  8.747616e-01 
  470.000  8.757290e-01 
  471.000  8.767145e-01 
  472.000  8.771328e-01 
  473.000  8.773902e-01 
  474.000  8.768526e-01 
  475.000  8.769552e-01 
  476.000  8.773487e-01 
  477.000  8.777498e-01 
  478.000  8.782629e-01 
  479.000  8.792697e-01 
  480.000  8.805295e-01 
  481.000  8.825797e-01 
  482.000  8.842382e-01 
  483.000  8.857466e-01 
  484.000  8.865302e-01 
  485.000  8.871747e-01 
  486.000  8.877013e-01 
  487.000  8.888980e-01 
  488.000  8.895258e-01 
  489.000  8.900212e-01 
  490.000  8.913201e-01 
  491.000  8.921038e-01 
  492.000  8.928276e-01 
  493.000  8.935444e-01 
  494.000  8.940396e-01 
  495.000  8.945895e-01 
  496.000  8.949928e-01 
  497.000  8.956530e-01 
  498.000  8.961360e-01 
  499.000  8.967488e-01 
  500.000  8.971910e-01 
  501.000  8.972082e-01 
  502.000  8.969808e-01 
  503.000  8.965968e-01 
  504.000  8.962566e-01 
  505.000  8.971525e-01 
  506.000  8.979294e-01 
  507.000  8.984354e-01 
  508.000  8.997378e-01 
  509.000  9.004714e-01 
  510.000  9.013606e-01 
  511.000  9.021505e-01 
  512.000  9.026817e-01 
  513.000  9.037514e-01 
  514.000  9.042250e-01 
  515.000  9.050746e-01 
  516.000  9.054298e-01 
  517.000  9.060629e-01 
  518.000  9.062077e-01 
  519.000  9.066092e-01 
  520.000  9.068139e-01 
  521.000  9.073209e-01 
  522.000  9.074557e-01 
  523.000  9.076540e-01 
  524.000  9.078279e-01 
  525.000  9.076163e-01 
  526.000  9.076334e-01 
  527.000  9.076753e-01 
  528.000  9.075408e-01 
  529.000  9.074973e-01 
  530.000  9.074457e-01 
  531.000  9.076926e-01 
  532.000  9.079203e-01 
  533.000  9.082839e-01 
  534.000  9.087847e-01 
  535.000  9.090852e-01 
  536.000  9.096158e-01 
  537.000  9.101668e-01 
  538.000  9.104533e-01 
  539.000  9.106787e-01 
  540.000  9.111632e-01 
  541.000  9.108357e-01 
  542.000  9.111390e-01 
  543.000  9.117486e-01 
  544.000  9.121320e-01 
  545.000  9.119009e-01 
  546.000  9.119745e-01 
  547.000  9.127828e-01 
  548.000  9.135591e-01 
  549.000  9.137298e-01 
  550.000  9.140918e-01 
  551.000  9.145284e-01 
  552.000  9.147331e-01 
  553.000  9.149730e-01 
  554.000  9.152632e-01 
  555.000  9.155028e-01 
  556.000  9.153796e-01 
  557.000  9.151170e-01 
  558.000  9.149171e-01 
  559.000  9.146630e-01 
  560.000  9.144105e-01 
  561.000  9.142118e-01 
  562.000  9.140892e-01 
  563.000  9.138127e-01 
  564.000  9.135261e-01 
  565.000  9.132815e-01 
  566.000  9.131927e-01 
  567.000  9.128394e-01 
  568.000  9.123591e-01 
  569.000  9.103159e-01 
  570.000  9.094352e-01 
  571.000  9.097751e-01 
  572.000  9.086239e-01 
  573.000  9.087957e-01 
  574.000  9.080842e-01 
  575.000  9.081765e-01 
  576.000  9.082179e-01 
  577.000  9.084841e-01 
  578.000  9.098358e-01 
  579.000  9.108564e-01 
  580.000  9.117890e-01 
  581.000  9.133328e-01 
  582.000  9.147722e-01 
  583.000  9.160579e-01 
  584.000  9.178639e-01 
  585.000  9.184523e-01 
  586.000  9.193966e-01 
  587.000  9.196392e-01 
  588.000  9.195558e-01 
  589.000  9.141691e-01 
  590.000  9.142347e-01 
  591.000  9.167518e-01 
  592.000  9.120303e-01 
  593.000  9.193749e-01 
  594.000  9.159926e-01 
  595.000  9.182925e-01 
  596.000  9.194013e-01 
  597.000  9.197671e-01 
  598.000  9.197344e-01 
  599.000  9.210543e-01 
  600.000  9.211664e-01 
  601.000  9.220922e-01 
  602.000  9.228896e-01 
  603.000  9.232623e-01 
  604.000  9.236709e-01 
  605.000  9.240193e-01 
  606.000  9.248214e-01 
  607.000  9.254563e-01 
  608.000  9.262800e-01 
  609.000  9.266177e-01 
  610.000  9.272915e-01 
  611.000  9.278278e-01 
  612.000  9.286120e-01 
  613.000  9.292747e-01 
  614.000  9.297508e-01 
  615.000  9.303043e-01 
  616.000  9.310756e-01 
  617.000  9.316280e-01 
  618.000  9.319974e-01 
  619.000  9.325351e-01 
  620.000  9.329832e-01 
  621.000  9.332967e-01 
  622.000  9.334342e-01 
  623.000  9.336967e-01 
  624.000  9.337865e-01 
  625.000  9.339154e-01 
  626.000  9.339219e-01 
  627.000  9.338277e-01 
  628.000  9.208611e-01 
  629.000  9.260498e-01 
  630.000  9.301078e-01 
  631.000  9.342782e-01 
  632.000  9.355846e-01 
  633.000  9.366809e-01 
  634.000  9.381406e-01 
  635.000  9.386165e-01 
  636.000  9.399907e-01 
  637.000  9.416439e-01 
  638.000  9.428111e-01 
  639.000  9.438195e-01 
  640.000  9.444311e-01 
  641.000  9.454819e-01 
  642.000  9.462803e-01 
  643.000  9.464953e-01 
  644.000  9.472482e-01 
  645.000  9.477280e-01 
  646.000  9.463558e-01 
  647.000  9.447293e-01 
  648.000  9.424061e-01 
  649.000  9.446959e-01 
  650.000  9.494208e-01 
  651.000  9.501835e-01 
  652.000  9.494645e-01 
  653.000  9.510109e-01 
  654.000  9.513467e-01 
  655.000  9.468158e-01 
  656.000  9.505188e-01 
  657.000  9.516488e-01 
  658.000  9.535273e-01 
  659.000  9.547642e-01 
  660.000  9.548056e-01 
  661.000  9.556714e-01 
  662.000  9.558050e-01 
  663.000  9.561136e-01 
  664.000  9.565908e-01 
  665.000  9.570264e-01 
  666.000  9.574233e-01 
  667.000  9.580527e-01 
  668.000  9.583400e-01 
  669.000  9.588318e-01 
  670.000  9.591150e-01 
  671.000  9.597083e-01 
  672.000  9.598370e-01 
  673.000  9.603301e-01 
  674.000  9.605211e-01 
  675.000  9.610321e-01 
  676.000  9.611878e-01 
  677.000  9.614575e-01 
  678.000  9.619007e-01 
  679.000  9.621350e-01 
  680.000  9.626018e-01 
  681.000  9.627765e-01 
  682.000  9.633997e-01 
  683.000  9.634277e-01 
  684.000  9.639236e-01 
  685.000  9.643315e-01 
  686.000  9.646243e-01 
  687.000  7.369740e-01 
  688.000  8.862259e-01 
  689.000  9.088403e-01 
  690.000  9.285043e-01 
  691.000  9.384504e-01 
  692.000  9.577945e-01 
  693.000  9.533331e-01 
  694.000  9.460452e-01 
  695.000  9.562742e-01 
  696.000  9.528188e-01 
  697.000  9.663909e-01 
  698.000  9.664069e-01 
  699.000  9.603999e-01 
  700.000  9.619386e-01 
  701.000  9.568675e-01 
  702.000  9.594490e-01 
  703.000  9.617092e-01 
  704.000  9.630097e-01 
  705.000  9.637668e-01 
  706.000  9.655988e-01 
  707.000  9.672313e-01 
  708.000  9.688069e-01 
  709.000  9.689611e-01 
  710.000  9.683480e-01 
  711.000  9.699340e-01 
  712.000  9.693652e-01 
  713.000  9.706606e-01 
  714.000  9.695589e-01 
  715.000  9.670445e-01 
  716.000  9.677884e-01 
  717.000  9.578344e-01 
  718.000  9.237305e-01 
  719.000  8.834442e-01 
  720.000  9.268562e-01 
  721.000  9.631797e-01 
  722.000  9.621855e-01 
  723.000  9.602631e-01 
  724.000  9.131683e-01 
  725.000  9.314288e-01 
  726.000  9.517846e-01 
  727.000  9.420774e-01 
  728.000  9.272475e-01 
  729.000  9.353032e-01 
  730.000  9.532769e-01 
  731.000  9.460512e-01 
  732.000  9.515114e-01 
  733.000  9.650711e-01 
  734.000  9.709942e-01 
  735.000  9.663593e-01 
  736.000  9.697499e-01 
  737.000  9.698361e-01 
  738.000  9.721538e-01 
  739.000  9.727938e-01 
  740.000  9.754339e-01 
  741.000  9.766399e-01 
  742.000  9.768928e-01 
  743.000  9.769585e-01 
  744.000  9.773466e-01 
  745.000  9.775609e-01 
  746.000  9.779220e-01 
  747.000  9.780784e-01 
  748.000  9.781951e-01 
  749.000  9.782560e-01 
  750.000  9.784257e-01 
  751.000  9.784983e-01 
  752.000  9.789262e-01 
  753.000  9.790365e-01 
  754.000  9.791540e-01 
  755.000  9.792738e-01 
  756.000  9.793495e-01 
  757.000  9.795595e-01 
  758.000  9.798281e-01 
  759.000  9.751382e-01 
  760.000  4.920205e-01 
  761.000  3.935339e-01 
  762.000  7.347780e-01 
  763.000  6.494337e-01 
  764.000  6.908835e-01 
  765.000  7.971818e-01 
  766.000  9.142903e-01 
  767.000  9.447514e-01 
  768.000  9.713694e-01 
  769.000  9.781699e-01 
  770.000  9.781824e-01 
  771.000  9.805246e-01 
  772.000  9.813113e-01 
  773.000  9.813721e-01 
  774.000  9.814017e-01 
  775.000  9.814600e-01 
  776.000  9.815496e-01 
  777.000  9.816665e-01 
  778.000  9.817373e-01 
  779.000  9.818146e-01 
  780.000  9.818792e-01 
  781.000  9.820698e-01 
  782.000  9.821834e-01 
  783.000  9.823096e-01 
  784.000  9.822318e-01 
  785.000  9.821007e-01 
  786.000  9.811966e-01 
  787.000  9.814167e-01 
  788.000  9.796522e-01 
  789.000  9.794852e-01 
  790.000  9.761485e-01 
  791.000  9.765742e-01 
  792.000  9.778463e-01 
  793.000  9.787846e-01 
  794.000  9.832966e-01 
  795.000  9.817474e-01 
  796.000  9.727144e-01 
  797.000  9.798525e-01 
  798.000  9.801441e-01 
  799.000  9.814472e-01 
  800.000  9.775276e-01 
  801.000  9.759447e-01 
  802.000  9.787835e-01 
  803.000  9.779039e-01 
  804.000  9.778296e-01 
  805.000  9.799169e-01 
  806.000  9.831500e-01 
  807.000  9.811750e-01 
  808.000  9.832851e-01 
  809.000  9.799235e-01 
  810.000  9.784739e-01 
  811.000  9.796188e-01 
  812.000  9.759492e-01 
  813.000  9.690592e-01 
  814.000  9.564543e-01 
  815.000  9.410870e-01 
  816.000  9.521232e-01 
  817.000  8.904626e-01 
  818.000  9.321226e-01 
  819.000  9.502367e-01 
  820.000  9.243519e-01 
  821.000  9.775958e-01 
  822.000  9.712201e-01 
  823.000  8.683080e-01 
  824.000  9.633784e-01 
  825.000  9.741820e-01 
  826.000  9.623538e-01 
  827.000  9.739068e-01 
  828.000  9.439910e-01 
  829.000  9.680226e-01 
  830.000  9.633830e-01 
  831.000  9.645603e-01 
  832.000  9.658753e-01 
  833.000  9.737320e-01 
  834.000  9.748650e-01 
  835.000  9.786984e-01 
  836.000  9.800003e-01 
  837.000  9.787070e-01 
  838.000  9.826910e-01 
  839.000  9.836811e-01 
  840.000  9.842932e-01 
  841.000  9.842932e-01 
  842.000  9.815021e-01 
  843.000  9.864586e-01 
  844.000  9.833485e-01 
  845.000  9.858659e-01 
  846.000  9.866056e-01 
  847.000  9.871405e-01 
  848.000  9.865199e-01 
  849.000  9.868426e-01 
  850.000  9.867656e-01 
  851.000  9.866771e-01 
  852.000  9.879009e-01 
  853.000  9.880313e-01 
  854.000  9.879819e-01 
  855.000  9.879819e-01 
  856.000  9.881023e-01 
  857.000  9.887590e-01 
  858.000  9.882208e-01 
  859.000  9.886284e-01 
  860.000  9.889954e-01 
  861.000  9.888878e-01 
  862.000  9.891037e-01 
  863.000  9.891035e-01 
  864.000  9.892802e-01 
  865.000  9.892802e-01 
  866.000  9.893148e-01 
  867.000  9.893695e-01 
  868.000  9.893965e-01 
  869.000  9.894167e-01 
  870.000  9.894800e-01 
  871.000  9.895492e-01 
  872.000  9.896351e-01 
  873.000  9.896327e-01 
  874.000  9.896327e-01 
  875.000  9.897885e-01 
  876.000  9.898278e-01 
  877.000  9.898322e-01 
  878.000  9.898579e-01 
  879.000  9.898637e-01 
  880.000  9.900103e-01 
  881.000  9.900103e-01 
  882.000  9.897723e-01 
  883.000  9.898334e-01 
  884.000  9.899401e-01 
  885.000  9.900540e-01 
  886.000  9.882081e-01 
  887.000  9.899869e-01 
  888.000  9.899869e-01 
  889.000  9.895954e-01 
  890.000  9.885897e-01 
  891.000  9.901304e-01 
  892.000  9.884948e-01 
  893.000  9.849259e-01 
  894.000  9.849259e-01 
  895.000  9.758158e-01 
  896.000  9.649553e-01 
  897.000  9.176723e-01 
  898.000  9.617078e-01 
  899.000  8.640167e-01 
  900.000  8.640167e-01 
  901.000  8.852205e-01 
  902.000  9.044636e-01 
  903.000  9.264941e-01 
  904.000  9.763885e-01 
  905.000  9.715426e-01 
  906.000  9.715426e-01 
  907.000  9.189870e-01 
  908.000  9.027651e-01 
  909.000  9.138930e-01 
  910.000  9.023846e-01 
  911.000  9.023846e-01 
  912.000  9.550650e-01 
  913.000  9.304312e-01 
  914.000  9.128166e-01 
  915.000  8.852608e-01 
  916.000  8.852608e-01 
  917.000  9.546508e-01 
  918.000  9.009762e-01 
  919.000  9.453999e-01 
  920.000  9.764336e-01 
  921.000  9.764336e-01 
  922.000  9.680566e-01 
  923.000  9.659292e-01 
  924.000  9.588858e-01 
  925.000  9.588858e-01 
  926.000  9.621315e-01 
  927.000  9.682965e-01 
  928.000  9.168708e-01 
  929.000  9.087265e-01 
  930.000  9.087265e-01 
  931.000  8.211992e-01 
  932.000  6.602079e-01 
  933.000  6.941535e-01 
  934.000  6.941535e-01 
  935.000  6.328007e-01 
  936.000  6.043038e-01 
  937.000  6.022480e-01 
  938.000  6.022480e-01 
  939.000  7.142170e-01 
  940.000  8.290761e-01 
  941.000  7.946796e-01 
  942.000  7.946796e-01 
  943.000  6.911491e-01 
  944.000  6.949604e-01 
  945.000  7.905614e-01 
  946.000  7.905614e-01 
  947.000  7.168030e-01 
  948.000  7.414298e-01 
  949.000  7.918748e-01 
  950.000  7.918748e-01 
  951.000  7.988101e-01 
  952.000  7.163574e-01 
  953.000  8.359736e-01 
  954.000  8.359736e-01 
  955.000  8.331283e-01 
  956.000  7.370744e-01 
  957.000  8.665441e-01 
  958.000  8.665441e-01 
  959.000  8.024291e-01 
  960.000  8.562025e-01 
  961.000  8.562025e-01 
  962.000  8.765354e-01 
  963.000  9.158069e-01 
  964.000  8.514555e-01 
  965.000  8.514555e-01 
  966.000  8.891753e-01 
  967.000  9.362776e-01 
  968.000  9.362776e-01 
  969.000  9.489785e-01 
  970.000  9.670078e-01 
  971.000  9.728251e-01 
  972.000  9.728251e-01 
  973.000  9.654850e-01 
  974.000  9.255347e-01 
  975.000  9.255347e-01 
  976.000  9.150996e-01 
  977.000  9.569803e-01 
  978.000  9.512033e-01 
  979.000  9.512033e-01 
  980.000  9.534934e-01 
  981.000  9.825663e-01 
  982.000  9.825663e-01 
  983.000  9.753090e-01 
  984.000  9.815544e-01 
  985.000  9.815544e-01 
  986.000  9.908849e-01 
  987.000  9.873253e-01 
  988.000  9.873253e-01 
  989.000  9.924387e-01 
  990.000  9.902828e-01 
  991.000  9.902828e-01 
  992.000  9.917098e-01 
  993.000  9.915529e-01 
  994.000  9.915529e-01 
  995.000  9.935044e-01 
  996.000  9.935536e-01 
  997.000  9.935536e-01 
  998.000  9.935471e-01 
  999.000  9.933919e-01 
 1000.000  9.933919e-01 
 1001.000  9.935694e-01 
 1002.000  9.906877e-01 
 1003.000  9.906877e-01 
 1004.000  9.935508e-01 
 1005.000  9.937662e-01 
 1006.000  9.937662e-01 
 1007.000  9.938874e-01 
 1008.000  9.932327e-01 
 1009.000  9.932327e-01 
 1010.000  9.908832e-01 
 1011.000  9.938534e-01 
 1012.000  9.938534e-01 
 1013.000  9.940304e-01 
 1014.000  9.939930e-01 
 1015.000  9.939930e-01 
 1016.000  9.941049e-01 
 1017.000  9.940383e-01 
 1018.000  9.940383e-01 
 1019.000  9.937690e-01 
 1020.000  9.942485e-01 
 1021.000  9.942485e-01 
 1022.000  9.938774e-01 
 1023.000  9.938774e-01 
 1024.000  9.938638e-01 
 1025.000  9.943230e-01 
 1026.000  9.943230e-01 
 1027.000  9.941294e-01 
 1028.000  9.943894e-01 
 1029.000  9.943894e-01 
 1030.000  9.945154e-01 
 1031.000  9.944653e-01 
 1032.000  9.944653e-01 
 1033.000  9.944946e-01 
 1034.000  9.944946e-01 
 1035.000  9.945187e-01 
 1036.000  9.942964e-01 
 1037.000  9.942964e-01 
 1038.000  9.942621e-01 
 1039.000  9.940248e-01 
 1040.000  9.940248e-01 
 1041.000  9.938422e-01 
 1042.000  9.938422e-01 
 1043.000  9.936130e-01 
 1044.000  9.932597e-01 
 1045.000  9.932597e-01 
 1046.000  9.927678e-01 
 1047.000  9.927678e-01 
 1048.000  9.922730e-01 
 1049.000  9.912574e-01 
 1050.000  9.912574e-01 
 1051.000  9.908273e-01 
 1052.000  9.908273e-01 
 1053.000  9.901452e-01 
 1054.000  9.895622e-01 
 1055.000  9.895622e-01 
 1056.000  9.888932e-01 
 1057.000  9.888932e-01 
 1058.000  9.882756e-01 
 1059.000  9.876737e-01 
 1060.000  9.876737e-01 
 1061.000  9.872956e-01 
 1062.000  9.872956e-01 
 1063.000  9.866452e-01 
 1064.000  9.861581e-01 
 1065.000  9.861581e-01 
 1066.000  9.868704e-01 
 1067.000  9.868704e-01 
 1068.000  9.864991e-01 
 1069.000  9.871408e-01 
 1070.000  9.871408e-01 
 1071.000  9.879974e-01 
 1072.000  9.879974e-01 
 1073.000  9.886312e-01 
 1074.000  9.886312e-01 
 1075.000  9.876173e-01 
 1076.000  9.875692e-01 
 1077.000  9.875692e-01 
 1078.000  9.898245e-01 
 1079.000  9.898245e-01 
 1080.000  9.884585e-01 
 1081.000  9.884585e-01 
 1082.000  9.895896e-01 
 1083.000  9.885080e-01 
 1084.000  9.885080e-01 
 1085.000  9.854299e-01 
 1086.000  9.854299e-01 
 1087.000  9.908141e-01 
 1088.000  9.908141e-01 
 1089.000  9.883804e-01 
 1090.000  9.871511e-01 
 1091.000  9.871511e-01 
 1092.000  9.832934e-01 
 1093.000  9.832934e-01 
 1094.000  9.839836e-01 
 1095.000  9.839836e-01 
 1096.000  9.813810e-01 
 1097.000  9.813810e-01 
 1098.000  9.774748e-01 
 1099.000  9.593585e-01 
 1100.000  9.593585e-01 
 1101.000  9.602502e-01 
 1102.000  9.602502e-01 
 1103.000  9.524914e-01 
 1104.000  9.524914e-01 
 1105.000  9.474468e-01 
 1106.000  9.474468e-01 
 1107.000  9.472474e-01 
 1108.000  9.472474e-01 
 1109.000  9.316518e-01 
 1110.000  9.146846e-01 
 1111.000  9.146846e-01 
 1112.000  8.901603e-01 
 1113.000  8.901603e-01 
 1114.000  8.227978e-01 
 1115.000  8.227978e-01 
 1116.000  6.560571e-01 
 1117.000  6.560571e-01 
 1118.000  7.349409e-01 
 1119.000  7.349409e-01 
 1120.000  6.837893e-01 
 1121.000  6.837893e-01 
 1122.000  5.120362e-01 
 1123.000  6.991456e-01 
 1124.000  6.991456e-01 
 1125.000  5.471001e-01 
 1126.000  5.471001e-01 
 1127.000  6.147910e-01 
 1128.000  6.147910e-01 
 1129.000  6.140354e-01 
 1130.000  6.140354e-01 
 1131.000  8.360249e-01 
 1132.000  8.360249e-01 
 1133.000  6.303142e-01 
 1134.000  6.303142e-01 
 1135.000  4.084251e-01 
 1136.000  4.084251e-01 
 1137.000  8.486677e-01 
 1138.000  8.486677e-01 
 1139.000  7.747553e-01 
 1140.000  7.747553e-01 
 1141.000  7.649655e-01 
 1142.000  7.649655e-01 
 1143.000  8.206683e-01 
 1144.000  8.206683e-01 
 1145.000  6.413445e-01 
 1146.000  6.413445e-01 
 1147.000  6.406302e-01 
 1148.000  6.406302e-01 
 1149.000  7.270281e-01 
 1150.000  7.270281e-01 
 1151.000  7.985092e-01 
 1152.000  7.985092e-01 
 1153.000  7.565025e-01 
 1154.000  7.565025e-01 
 1155.000  8.045708e-01 
 1156.000  8.045708e-01 
 1157.000  8.703930e-01 
 1158.000  8.703930e-01 
 1159.000  9.248968e-01 
 1160.000  9.248968e-01 
 1161.000  9.150795e-01 
 1162.000  9.150795e-01 
 1163.000  9.494676e-01 
 1164.000  9.494676e-01 
 1165.000  9.351283e-01 
 1166.000  9.351283e-01 
 1167.000  9.615256e-01 
 1168.000  9.615256e-01 
 1169.000  9.618123e-01 
 1170.000  9.618123e-01 
 1171.000  9.677800e-01 
 1172.000  9.677800e-01 
 1173.000  9.322217e-01 
 1174.000  9.322217e-01 
 1175.000  9.826681e-01 
 1176.000  9.826681e-01 
 1177.000  9.511943e-01 
 1178.000  9.511943e-01 
 1179.000  9.736728e-01 
 1180.000  9.736728e-01 
 1181.000  9.228585e-01 
 1182.000  9.228585e-01 
 1183.000  9.605967e-01 
 1184.000  9.605967e-01 
 1185.000  9.727333e-01 
 1186.000  9.727333e-01 
 1187.000  9.253312e-01 
 1188.000  9.253312e-01 
 1189.000  9.253312e-01 
 1190.000  9.599616e-01 
 1191.000  9.599616e-01 
 1192.000  9.844354e-01 
 1193.000  9.844354e-01 
 1194.000  9.675080e-01 
 1195.000  9.675080e-01 
 1196.000  9.754347e-01 
 1197.000  9.754347e-01 
 1198.000  9.593293e-01 
 1199.000  9.593293e-01 
 1200.000  9.570358e-01 
