  250.000  0.000000e+00 
  251.000  0.000000e+00 
  252.000  0.000000e+00 
  253.000  0.000000e+00 
  254.000  0.000000e+00 
  255.000  0.000000e+00 
  256.000  0.000000e+00 
  257.000  0.000000e+00 
  258.000  0.000000e+00 
  259.000  0.000000e+00 
  260.000  0.000000e+00 
  261.000  0.000000e+00 
  262.000  0.000000e+00 
  263.000  0.000000e+00 
  264.000  0.000000e+00 
  265.000  0.000000e+00 
  266.000  0.000000e+00 
  267.000  0.000000e+00 
  268.000  0.000000e+00 
  269.000  0.000000e+00 
  270.000  0.000000e+00 
  271.000  0.000000e+00 
  272.000  0.000000e+00 
  273.000  0.000000e+00 
  274.000  0.000000e+00 
  275.000  0.000000e+00 
  276.000  0.000000e+00 
  277.000  0.000000e+00 
  278.000  0.000000e+00 
  279.000  0.000000e+00 
  280.000  0.000000e+00 
  281.000  0.000000e+00 
  282.000  0.000000e+00 
  283.000  0.000000e+00 
  284.000  0.000000e+00 
  285.000  0.000000e+00 
  286.000  0.000000e+00 
  287.000  0.000000e+00 
  288.000  0.000000e+00 
  289.000  2.276120e-08 
  290.000  1.503144e-07 
  291.000  6.228356e-07 
  292.000  4.431055e-06 
  293.000  1.390305e-05 
  294.000  5.183220e-05 
  295.000  1.178821e-04 
  296.000  3.897260e-04 
  297.000  7.813757e-04 
  298.000  1.795046e-03 
  299.000  3.173162e-03 
  300.000  5.783828e-03 
  301.000  9.387080e-03 
  302.000  1.418549e-02 
  303.000  2.338474e-02 
  304.000  2.770280e-02 
  305.000  4.169320e-02 
  306.000  5.201552e-02 
  307.000  6.879736e-02 
  308.000  8.170597e-02 
  309.000  9.669789e-02 
  310.000  1.196613e-01 
  311.000  1.303944e-01 
  312.000  1.476920e-01 
  313.000  1.688670e-01 
  314.000  1.774169e-01 
  315.000  2.027022e-01 
  316.000  2.095157e-01 
  317.000  2.297202e-01 
  318.000  2.404394e-01 
  319.000  2.706034e-01 
  320.000  2.524575e-01 
  321.000  2.960774e-01 
  322.000  2.795045e-01 
  323.000  3.008138e-01 
  324.000  3.288473e-01 
  325.000  3.102854e-01 
  326.000  3.392036e-01 
  327.000  3.482001e-01 
  328.000  3.353684e-01 
  329.000  3.674858e-01 
  330.000  3.736746e-01 
  331.000  3.615273e-01 
  332.000  3.842027e-01 
  333.000  3.896058e-01 
  334.000  3.879308e-01 
  335.000  4.022056e-01 
  336.000  4.087822e-01 
  337.000  4.062579e-01 
  338.000  4.162609e-01 
  339.000  4.235489e-01 
  340.000  4.234490e-01 
  341.000  4.317603e-01 
  342.000  4.376485e-01 
  343.000  4.419256e-01 
  344.000  4.417170e-01 
  345.000  4.506260e-01 
  346.000  4.552875e-01 
  347.000  4.594984e-01 
  348.000  4.639156e-01 
  349.000  4.691224e-01 
  350.000  4.733818e-01 
  351.000  4.780765e-01 
  352.000  4.820936e-01 
  353.000  4.868920e-01 
  354.000  4.903596e-01 
  355.000  4.941245e-01 
  356.000  4.988659e-01 
  357.000  5.019856e-01 
  358.000  5.054362e-01 
  359.000  5.088290e-01 
  360.000  5.121521e-01 
  361.000  5.156428e-01 
  362.000  5.209713e-01 
  363.000  5.255027e-01 
  364.000  5.300016e-01 
  365.000  5.337868e-01 
  366.000  5.379553e-01 
  367.000  5.418781e-01 
  368.000  5.456227e-01 
  369.000  5.487629e-01 
  370.000  5.525036e-01 
  371.000  5.564415e-01 
  372.000  5.597222e-01 
  373.000  5.637091e-01 
  374.000  5.675120e-01 
  375.000  5.705888e-01 
  376.000  5.738040e-01 
  377.000  5.774429e-01 
  378.000  5.802583e-01 
  379.000  5.833202e-01 
  380.000  5.862725e-01 
  381.000  5.894725e-01 
  382.000  5.937469e-01 
  383.000  5.980998e-01 
  384.000  6.010779e-01 
  385.000  6.048821e-01 
  386.000  6.079174e-01 
  387.000  6.114954e-01 
  388.000  6.143087e-01 
  389.000  6.171672e-01 
  390.000  6.207406e-01 
  391.000  6.236694e-01 
  392.000  6.261397e-01 
  393.000  6.302328e-01 
  394.000  6.330650e-01 
  395.000  6.358113e-01 
  396.000  6.392757e-01 
  397.000  6.424077e-01 
  398.000  6.446031e-01 
  399.000  6.475872e-01 
  400.000  6.501598e-01 
  401.000  6.535407e-01 
  402.000  6.565655e-01 
  403.000  6.596740e-01 
  404.000  6.617674e-01 
  405.000  6.646466e-01 
  406.000  6.673545e-01 
  407.000  6.708635e-01 
  408.000  6.726143e-01 
  409.000  6.751350e-01 
  410.000  6.777814e-01 
  411.000  6.807384e-01 
  412.000  6.837792e-01 
  413.000  6.854537e-01 
  414.000  6.885883e-01 
  415.000  6.910594e-01 
  416.000  6.942245e-01 
  417.000  6.961015e-01 
  418.000  6.982390e-01 
  419.000  7.012723e-01 
  420.000  7.033174e-01 
  421.000  7.056934e-01 
  422.000  7.076389e-01 
  423.000  7.103032e-01 
  424.000  7.123673e-01 
  425.000  7.154373e-01 
  426.000  7.177136e-01 
  427.000  7.198502e-01 
  428.000  7.217882e-01 
  429.000  7.245508e-01 
  430.000  7.268479e-01 
  431.000  7.277745e-01 
  432.000  7.309802e-01 
  433.000  7.332174e-01 
  434.000  7.346807e-01 
  435.000  7.362227e-01 
  436.000  7.387977e-01 
  437.000  7.421544e-01 
  438.000  7.438741e-01 
  439.000  7.443771e-01 
  440.000  7.468939e-01 
  441.000  7.490612e-01 
  442.000  7.517018e-01 
  443.000  7.531319e-01 
  444.000  7.548627e-01 
  445.000  7.557685e-01 
  446.000  7.581556e-01 
  447.000  7.604479e-01 
  448.000  7.606453e-01 
  449.000  7.638513e-01 
  450.000  7.664952e-01 
  451.000  7.680964e-01 
  452.000  7.694097e-01 
  453.000  7.713895e-01 
  454.000  7.740759e-01 
  455.000  7.750144e-01 
  456.000  7.766190e-01 
  457.000  7.784586e-01 
  458.000  7.797050e-01 
  459.000  7.813230e-01 
  460.000  7.823572e-01 
  461.000  7.840143e-01 
  462.000  7.863066e-01 
  463.000  7.864657e-01 
  464.000  7.887110e-01 
  465.000  7.902617e-01 
  466.000  7.931176e-01 
  467.000  7.939922e-01 
  468.000  7.956299e-01 
  469.000  7.970676e-01 
  470.000  7.986093e-01 
  471.000  8.000332e-01 
  472.000  8.007036e-01 
  473.000  8.011164e-01 
  474.000  8.002951e-01 
  475.000  8.005267e-01 
  476.000  8.011430e-01 
  477.000  8.018073e-01 
  478.000  8.026369e-01 
  479.000  8.042449e-01 
  480.000  8.062568e-01 
  481.000  8.094860e-01 
  482.000  8.121043e-01 
  483.000  8.144931e-01 
  484.000  8.157470e-01 
  485.000  8.168340e-01 
  486.000  8.176683e-01 
  487.000  8.194743e-01 
  488.000  8.204551e-01 
  489.000  8.212335e-01 
  490.000  8.232661e-01 
  491.000  8.245118e-01 
  492.000  8.256654e-01 
  493.000  8.268130e-01 
  494.000  8.276103e-01 
  495.000  8.284903e-01 
  496.000  8.291904e-01 
  497.000  8.303018e-01 
  498.000  8.311263e-01 
  499.000  8.321766e-01 
  500.000  8.329569e-01 
  501.000  8.330985e-01 
  502.000  8.331565e-01 
  503.000  8.330706e-01 
  504.000  8.332318e-01 
  505.000  8.337169e-01 
  506.000  8.354142e-01 
  507.000  8.364069e-01 
  508.000  8.379879e-01 
  509.000  8.388327e-01 
  510.000  8.400135e-01 
  511.000  8.413079e-01 
  512.000  8.421224e-01 
  513.000  8.437496e-01 
  514.000  8.445149e-01 
  515.000  8.458484e-01 
  516.000  8.464528e-01 
  517.000  8.475102e-01 
  518.000  8.477665e-01 
  519.000  8.484558e-01 
  520.000  8.488104e-01 
  521.000  8.497072e-01 
  522.000  8.499656e-01 
  523.000  8.503410e-01 
  524.000  8.507309e-01 
  525.000  8.505187e-01 
  526.000  8.505681e-01 
  527.000  8.508151e-01 
  528.000  8.506584e-01 
  529.000  8.507544e-01 
  530.000  8.507059e-01 
  531.000  8.511412e-01 
  532.000  8.515508e-01 
  533.000  8.521562e-01 
  534.000  8.530189e-01 
  535.000  8.535180e-01 
  536.000  8.544068e-01 
  537.000  8.553321e-01 
  538.000  8.558063e-01 
  539.000  8.562908e-01 
  540.000  8.571311e-01 
  541.000  8.572705e-01 
  542.000  8.575618e-01 
  543.000  8.582427e-01 
  544.000  8.588780e-01 
  545.000  8.589088e-01 
  546.000  8.593732e-01 
  547.000  8.603384e-01 
  548.000  8.612782e-01 
  549.000  8.615403e-01 
  550.000  8.622994e-01 
  551.000  8.627858e-01 
  552.000  8.631766e-01 
  553.000  8.635789e-01 
  554.000  8.640884e-01 
  555.000  8.645279e-01 
  556.000  8.644325e-01 
  557.000  8.641298e-01 
  558.000  8.639141e-01 
  559.000  8.636616e-01 
  560.000  8.633801e-01 
  561.000  8.631655e-01 
  562.000  8.630473e-01 
  563.000  8.627020e-01 
  564.000  8.623385e-01 
  565.000  8.620333e-01 
  566.000  8.619794e-01 
  567.000  8.615853e-01 
  568.000  8.609116e-01 
  569.000  8.589705e-01 
  570.000  8.575769e-01 
  571.000  8.572932e-01 
  572.000  8.562279e-01 
  573.000  8.558025e-01 
  574.000  8.549867e-01 
  575.000  8.546672e-01 
  576.000  8.549162e-01 
  577.000  8.554147e-01 
  578.000  8.570204e-01 
  579.000  8.585864e-01 
  580.000  8.599686e-01 
  581.000  8.623908e-01 
  582.000  8.647513e-01 
  583.000  8.667485e-01 
  584.000  8.697163e-01 
  585.000  8.708128e-01 
  586.000  8.723062e-01 
  587.000  8.727996e-01 
  588.000  8.735734e-01 
  589.000  8.706028e-01 
  590.000  8.711220e-01 
  591.000  8.729311e-01 
  592.000  8.699933e-01 
  593.000  8.748562e-01 
  594.000  8.729985e-01 
  595.000  8.746381e-01 
  596.000  8.753411e-01 
  597.000  8.755961e-01 
  598.000  8.755748e-01 
  599.000  8.764148e-01 
  600.000  8.764432e-01 
  601.000  8.773060e-01 
  602.000  8.783733e-01 
  603.000  8.789503e-01 
  604.000  8.794518e-01 
  605.000  8.800292e-01 
  606.000  8.812195e-01 
  607.000  8.821498e-01 
  608.000  8.833950e-01 
  609.000  8.839061e-01 
  610.000  8.849280e-01 
  611.000  8.857356e-01 
  612.000  8.869079e-01 
  613.000  8.879139e-01 
  614.000  8.886321e-01 
  615.000  8.894680e-01 
  616.000  8.906137e-01 
  617.000  8.914309e-01 
  618.000  8.919779e-01 
  619.000  8.927673e-01 
  620.000  8.933984e-01 
  621.000  8.938293e-01 
  622.000  8.940182e-01 
  623.000  8.943377e-01 
  624.000  8.944478e-01 
  625.000  8.945872e-01 
  626.000  8.945640e-01 
  627.000  8.945701e-01 
  628.000  8.753608e-01 
  629.000  8.833506e-01 
  630.000  8.882237e-01 
  631.000  8.949164e-01 
  632.000  8.975213e-01 
  633.000  8.990490e-01 
  634.000  9.013458e-01 
  635.000  9.019622e-01 
  636.000  9.042713e-01 
  637.000  9.068799e-01 
  638.000  9.083872e-01 
  639.000  9.100782e-01 
  640.000  9.110028e-01 
  641.000  9.128092e-01 
  642.000  9.138309e-01 
  643.000  9.144263e-01 
  644.000  9.154029e-01 
  645.000  9.163015e-01 
  646.000  9.158018e-01 
  647.000  9.152234e-01 
  648.000  9.140063e-01 
  649.000  9.161867e-01 
  650.000  9.198224e-01 
  651.000  9.205191e-01 
  652.000  9.205223e-01 
  653.000  9.218194e-01 
  654.000  9.227794e-01 
  655.000  9.200327e-01 
  656.000  9.228423e-01 
  657.000  9.239296e-01 
  658.000  9.256666e-01 
  659.000  9.269742e-01 
  660.000  9.272051e-01 
  661.000  9.283146e-01 
  662.000  9.285426e-01 
  663.000  9.292997e-01 
  664.000  9.298279e-01 
  665.000  9.304549e-01 
  666.000  9.310488e-01 
  667.000  9.319665e-01 
  668.000  9.324095e-01 
  669.000  9.331799e-01 
  670.000  9.335824e-01 
  671.000  9.345077e-01 
  672.000  9.347099e-01 
  673.000  9.354773e-01 
  674.000  9.357790e-01 
  675.000  9.365759e-01 
  676.000  9.368288e-01 
  677.000  9.372404e-01 
  678.000  9.379365e-01 
  679.000  9.383047e-01 
  680.000  9.390500e-01 
  681.000  9.393783e-01 
  682.000  9.403024e-01 
  683.000  9.405551e-01 
  684.000  9.413720e-01 
  685.000  9.417711e-01 
  686.000  9.423306e-01 
  687.000  6.604735e-01 
  688.000  8.203570e-01 
  689.000  8.553262e-01 
  690.000  8.841507e-01 
  691.000  9.013785e-01 
  692.000  9.326412e-01 
  693.000  9.318739e-01 
  694.000  9.324014e-01 
  695.000  9.393730e-01 
  696.000  9.372807e-01 
  697.000  9.465770e-01 
  698.000  9.467723e-01 
  699.000  9.429103e-01 
  700.000  9.443715e-01 
  701.000  9.412269e-01 
  702.000  9.431136e-01 
  703.000  9.449179e-01 
  704.000  9.459350e-01 
  705.000  9.466944e-01 
  706.000  9.481321e-01 
  707.000  9.493692e-01 
  708.000  9.506355e-01 
  709.000  9.509537e-01 
  710.000  9.506840e-01 
  711.000  9.520729e-01 
  712.000  9.518493e-01 
  713.000  9.529298e-01 
  714.000  9.522619e-01 
  715.000  9.509678e-01 
  716.000  9.516689e-01 
  717.000  9.452542e-01 
  718.000  9.225593e-01 
  719.000  8.925582e-01 
  720.000  9.251858e-01 
  721.000  9.497159e-01 
  722.000  9.492167e-01 
  723.000  9.481016e-01 
  724.000  9.155264e-01 
  725.000  9.292713e-01 
  726.000  9.430923e-01 
  727.000  9.366432e-01 
  728.000  9.268773e-01 
  729.000  9.326375e-01 
  730.000  9.446794e-01 
  731.000  9.400116e-01 
  732.000  9.437418e-01 
  733.000  9.529382e-01 
  734.000  9.570306e-01 
  735.000  9.541103e-01 
  736.000  9.564284e-01 
  737.000  9.567043e-01 
  738.000  9.583561e-01 
  739.000  9.589103e-01 
  740.000  9.607162e-01 
  741.000  9.616143e-01 
  742.000  9.621083e-01 
  743.000  9.622624e-01 
  744.000  9.626300e-01 
  745.000  9.628796e-01 
  746.000  9.633178e-01 
  747.000  9.636068e-01 
  748.000  9.637659e-01 
  749.000  9.639068e-01 
  750.000  9.641635e-01 
  751.000  9.643216e-01 
  752.000  9.649190e-01 
  753.000  9.650858e-01 
  754.000  9.653008e-01 
  755.000  9.655262e-01 
  756.000  9.656742e-01 
  757.000  9.659104e-01 
  758.000  9.663473e-01 
  759.000  9.586002e-01 
  760.000  3.740993e-01 
  761.000  2.502480e-01 
  762.000  6.341387e-01 
  763.000  5.310238e-01 
  764.000  6.040964e-01 
  765.000  7.376791e-01 
  766.000  8.658712e-01 
  767.000  9.098989e-01 
  768.000  9.525431e-01 
  769.000  9.635218e-01 
  770.000  9.635821e-01 
  771.000  9.674674e-01 
  772.000  9.687942e-01 
  773.000  9.688985e-01 
  774.000  9.689738e-01 
  775.000  9.690555e-01 
  776.000  9.692013e-01 
  777.000  9.693993e-01 
  778.000  9.695193e-01 
  779.000  9.696509e-01 
  780.000  9.697608e-01 
  781.000  9.700694e-01 
  782.000  9.703019e-01 
  783.000  9.704713e-01 
  784.000  9.705151e-01 
  785.000  9.705286e-01 
  786.000  9.700256e-01 
  787.000  9.703410e-01 
  788.000  9.692101e-01 
  789.000  9.692759e-01 
  790.000  9.671504e-01 
  791.000  9.675786e-01 
  792.000  9.685392e-01 
  793.000  9.692365e-01 
  794.000  9.724783e-01 
  795.000  9.715562e-01 
  796.000  9.656847e-01 
  797.000  9.704866e-01 
  798.000  9.707704e-01 
  799.000  9.716755e-01 
  800.000  9.691675e-01 
  801.000  9.682099e-01 
  802.000  9.701371e-01 
  803.000  9.696072e-01 
  804.000  9.696343e-01 
  805.000  9.710652e-01 
  806.000  9.732313e-01 
  807.000  9.720187e-01 
  808.000  9.734700e-01 
  809.000  9.712684e-01 
  810.000  9.703810e-01 
  811.000  9.711804e-01 
  812.000  9.688883e-01 
  813.000  9.643877e-01 
  814.000  9.560109e-01 
  815.000  9.454890e-01 
  816.000  9.531613e-01 
  817.000  9.094816e-01 
  818.000  9.390014e-01 
  819.000  9.522574e-01 
  820.000  9.334216e-01 
  821.000  9.707172e-01 
  822.000  9.665066e-01 
  823.000  8.937654e-01 
  824.000  9.615583e-01 
  825.000  9.687019e-01 
  826.000  9.609967e-01 
  827.000  9.687280e-01 
  828.000  9.486229e-01 
  829.000  9.649237e-01 
  830.000  9.618892e-01 
  831.000  9.627614e-01 
  832.000  9.637518e-01 
  833.000  9.690593e-01 
  834.000  9.698226e-01 
  835.000  9.724692e-01 
  836.000  9.733579e-01 
  837.000  9.725935e-01 
  838.000  9.752938e-01 
  839.000  9.759842e-01 
  840.000  9.764793e-01 
  841.000  9.764793e-01 
  842.000  9.746681e-01 
  843.000  9.780238e-01 
  844.000  9.760127e-01 
  845.000  9.777390e-01 
  846.000  9.783015e-01 
  847.000  9.786739e-01 
  848.000  9.783652e-01 
  849.000  9.786361e-01 
  850.000  9.788137e-01 
  851.000  9.794251e-01 
  852.000  9.802756e-01 
  853.000  9.804201e-01 
  854.000  9.804764e-01 
  855.000  9.804764e-01 
  856.000  9.805893e-01 
  857.000  9.811267e-01 
  858.000  9.808081e-01 
  859.000  9.811579e-01 
  860.000  9.814081e-01 
  861.000  9.814017e-01 
  862.000  9.816148e-01 
  863.000  9.815496e-01 
  864.000  9.818663e-01 
  865.000  9.818663e-01 
  866.000  9.819045e-01 
  867.000  9.819965e-01 
  868.000  9.820423e-01 
  869.000  9.820768e-01 
  870.000  9.822395e-01 
  871.000  9.823017e-01 
  872.000  9.824597e-01 
  873.000  9.825146e-01 
  874.000  9.825146e-01 
  875.000  9.827088e-01 
  876.000  9.827739e-01 
  877.000  9.828395e-01 
  878.000  9.829137e-01 
  879.000  9.829407e-01 
  880.000  9.831252e-01 
  881.000  9.831252e-01 
  882.000  9.830351e-01 
  883.000  9.830986e-01 
  884.000  9.832360e-01 
  885.000  9.833738e-01 
  886.000  9.822012e-01 
  887.000  9.834498e-01 
  888.000  9.834498e-01 
  889.000  9.831953e-01 
  890.000  9.826121e-01 
  891.000  9.836778e-01 
  892.000  9.826604e-01 
  893.000  9.803712e-01 
  894.000  9.803712e-01 
  895.000  9.742868e-01 
  896.000  9.670547e-01 
  897.000  9.338525e-01 
  898.000  9.650941e-01 
  899.000  8.931151e-01 
  900.000  8.931151e-01 
  901.000  9.080338e-01 
  902.000  9.235141e-01 
  903.000  9.391113e-01 
  904.000  9.751519e-01 
  905.000  9.718451e-01 
  906.000  9.718451e-01 
  907.000  9.352511e-01 
  908.000  9.225232e-01 
  909.000  9.314958e-01 
  910.000  9.236366e-01 
  911.000  9.236366e-01 
  912.000  9.611186e-01 
  913.000  9.438998e-01 
  914.000  9.309946e-01 
  915.000  9.105647e-01 
  916.000  9.105647e-01 
  917.000  9.611039e-01 
  918.000  9.225065e-01 
  919.000  9.542935e-01 
  920.000  9.758628e-01 
  921.000  9.758628e-01 
  922.000  9.702385e-01 
  923.000  9.688542e-01 
  924.000  9.642804e-01 
  925.000  9.642804e-01 
  926.000  9.664762e-01 
  927.000  9.706149e-01 
  928.000  9.352337e-01 
  929.000  9.298352e-01 
  930.000  9.298352e-01 
  931.000  8.636187e-01 
  932.000  7.152238e-01 
  933.000  7.552835e-01 
  934.000  7.552835e-01 
  935.000  6.894126e-01 
  936.000  6.664773e-01 
  937.000  6.698970e-01 
  938.000  6.698970e-01 
  939.000  7.628691e-01 
  940.000  8.686225e-01 
  941.000  8.423934e-01 
  942.000  8.423934e-01 
  943.000  7.472166e-01 
  944.000  7.460895e-01 
  945.000  8.418273e-01 
  946.000  8.418273e-01 
  947.000  7.765422e-01 
  948.000  8.007833e-01 
  949.000  8.382147e-01 
  950.000  8.382147e-01 
  951.000  8.436986e-01 
  952.000  7.686619e-01 
  953.000  8.760450e-01 
  954.000  8.760450e-01 
  955.000  8.730774e-01 
  956.000  7.860857e-01 
  957.000  8.987291e-01 
  958.000  8.987291e-01 
  959.000  8.522397e-01 
  960.000  8.928405e-01 
  961.000  8.928405e-01 
  962.000  9.058823e-01 
  963.000  9.354411e-01 
  964.000  8.883434e-01 
  965.000  8.883434e-01 
  966.000  9.150572e-01 
  967.000  9.494806e-01 
  968.000  9.494806e-01 
  969.000  9.584339e-01 
  970.000  9.711206e-01 
  971.000  9.750640e-01 
  972.000  9.750640e-01 
  973.000  9.701720e-01 
  974.000  9.423634e-01 
  975.000  9.423634e-01 
  976.000  9.343593e-01 
  977.000  9.641371e-01 
  978.000  9.601308e-01 
  979.000  9.601308e-01 
  980.000  9.618838e-01 
  981.000  9.817944e-01 
  982.000  9.817944e-01 
  983.000  9.768969e-01 
  984.000  9.811969e-01 
  985.000  9.811969e-01 
  986.000  9.874333e-01 
  987.000  9.850970e-01 
  988.000  9.850970e-01 
  989.000  9.885421e-01 
  990.000  9.871672e-01 
  991.000  9.871672e-01 
  992.000  9.881288e-01 
  993.000  9.880577e-01 
  994.000  9.880577e-01 
  995.000  9.894106e-01 
  996.000  9.894581e-01 
  997.000  9.894581e-01 
  998.000  9.895009e-01 
  999.000  9.894411e-01 
 1000.000  9.894411e-01 
 1001.000  9.896037e-01 
 1002.000  9.877152e-01 
 1003.000  9.877152e-01 
 1004.000  9.896511e-01 
 1005.000  9.898174e-01 
 1006.000  9.898174e-01 
 1007.000  9.899311e-01 
 1008.000  9.895400e-01 
 1009.000  9.895400e-01 
 1010.000  9.880101e-01 
 1011.000  9.900142e-01 
 1012.000  9.900142e-01 
 1013.000  9.901762e-01 
 1014.000  9.901949e-01 
 1015.000  9.901949e-01 
 1016.000  9.902918e-01 
 1017.000  9.902979e-01 
 1018.000  9.902979e-01 
 1019.000  9.901546e-01 
 1020.000  9.904997e-01 
 1021.000  9.904997e-01 
 1022.000  9.902945e-01 
 1023.000  9.902945e-01 
 1024.000  9.903016e-01 
 1025.000  9.906363e-01 
 1026.000  9.906363e-01 
 1027.000  9.905260e-01 
 1028.000  9.907072e-01 
 1029.000  9.907072e-01 
 1030.000  9.907908e-01 
 1031.000  9.907502e-01 
 1032.000  9.907502e-01 
 1033.000  9.907343e-01 
 1034.000  9.907343e-01 
 1035.000  9.907016e-01 
 1036.000  9.903253e-01 
 1037.000  9.903253e-01 
 1038.000  9.902667e-01 
 1039.000  9.898770e-01 
 1040.000  9.898770e-01 
 1041.000  9.895564e-01 
 1042.000  9.895564e-01 
 1043.000  9.891681e-01 
 1044.000  9.885702e-01 
 1045.000  9.885702e-01 
 1046.000  9.877383e-01 
 1047.000  9.877383e-01 
 1048.000  9.869014e-01 
 1049.000  9.851852e-01 
 1050.000  9.851852e-01 
 1051.000  9.844590e-01 
 1052.000  9.844590e-01 
 1053.000  9.833073e-01 
 1054.000  9.823262e-01 
 1055.000  9.823262e-01 
 1056.000  9.811956e-01 
 1057.000  9.811956e-01 
 1058.000  9.801565e-01 
 1059.000  9.791404e-01 
 1060.000  9.791404e-01 
 1061.000  9.785048e-01 
 1062.000  9.785048e-01 
 1063.000  9.774475e-01 
 1064.000  9.768517e-01 
 1065.000  9.768517e-01 
 1066.000  9.777928e-01 
 1067.000  9.777928e-01 
 1068.000  9.773033e-01 
 1069.000  9.786525e-01 
 1070.000  9.786525e-01 
 1071.000  9.798852e-01 
 1072.000  9.798852e-01 
 1073.000  9.809693e-01 
 1074.000  9.809693e-01 
 1075.000  9.811078e-01 
 1076.000  9.818514e-01 
 1077.000  9.818514e-01 
 1078.000  9.842442e-01 
 1079.000  9.842442e-01 
 1080.000  9.839726e-01 
 1081.000  9.839726e-01 
 1082.000  9.856095e-01 
 1083.000  9.855261e-01 
 1084.000  9.855261e-01 
 1085.000  9.837850e-01 
 1086.000  9.837850e-01 
 1087.000  9.880046e-01 
 1088.000  9.880046e-01 
 1089.000  9.869486e-01 
 1090.000  9.863735e-01 
 1091.000  9.863735e-01 
 1092.000  9.841430e-01 
 1093.000  9.841430e-01 
 1094.000  9.846351e-01 
 1095.000  9.846351e-01 
 1096.000  9.830818e-01 
 1097.000  9.830818e-01 
 1098.000  9.806552e-01 
 1099.000  9.683509e-01 
 1100.000  9.683509e-01 
 1101.000  9.689940e-01 
 1102.000  9.689940e-01 
 1103.000  9.637314e-01 
 1104.000  9.637314e-01 
 1105.000  9.603700e-01 
 1106.000  9.603700e-01 
 1107.000  9.601667e-01 
 1108.000  9.601667e-01 
 1109.000  9.493530e-01 
 1110.000  9.367613e-01 
 1111.000  9.367613e-01 
 1112.000  9.193822e-01 
 1113.000  9.193822e-01 
 1114.000  8.601402e-01 
 1115.000  8.601402e-01 
 1116.000  7.269609e-01 
 1117.000  7.269609e-01 
 1118.000  7.845396e-01 
 1119.000  7.845396e-01 
 1120.000  7.415567e-01 
 1121.000  7.415567e-01 
 1122.000  5.897770e-01 
 1123.000  7.613086e-01 
 1124.000  7.613086e-01 
 1125.000  6.190020e-01 
 1126.000  6.190020e-01 
 1127.000  6.842467e-01 
 1128.000  6.842467e-01 
 1129.000  6.824114e-01 
 1130.000  6.824114e-01 
 1131.000  8.780903e-01 
 1132.000  8.780903e-01 
 1133.000  6.999276e-01 
 1134.000  6.999276e-01 
 1135.000  4.785262e-01 
 1136.000  4.785262e-01 
 1137.000  8.887916e-01 
 1138.000  8.887916e-01 
 1139.000  8.192554e-01 
 1140.000  8.192554e-01 
 1141.000  8.151991e-01 
 1142.000  8.151991e-01 
 1143.000  8.676568e-01 
 1144.000  8.676568e-01 
 1145.000  7.014619e-01 
 1146.000  7.014619e-01 
 1147.000  7.089582e-01 
 1148.000  7.089582e-01 
 1149.000  7.764969e-01 
 1150.000  7.764969e-01 
 1151.000  8.351381e-01 
 1152.000  8.351381e-01 
 1153.000  8.009379e-01 
 1154.000  8.009379e-01 
 1155.000  8.425568e-01 
 1156.000  8.425568e-01 
 1157.000  9.011086e-01 
 1158.000  9.011086e-01 
 1159.000  9.438194e-01 
 1160.000  9.438194e-01 
 1161.000  9.352429e-01 
 1162.000  9.352429e-01 
 1163.000  9.582583e-01 
 1164.000  9.582583e-01 
 1165.000  9.493616e-01 
 1166.000  9.493616e-01 
 1167.000  9.684573e-01 
 1168.000  9.684573e-01 
 1169.000  9.683900e-01 
 1170.000  9.683900e-01 
 1171.000  9.730412e-01 
 1172.000  9.730412e-01 
 1173.000  9.487659e-01 
 1174.000  9.487659e-01 
 1175.000  9.840004e-01 
 1176.000  9.840004e-01 
 1177.000  9.626688e-01 
 1178.000  9.626688e-01 
 1179.000  9.782062e-01 
 1180.000  9.782062e-01 
 1181.000  9.425246e-01 
 1182.000  9.425246e-01 
 1183.000  9.696013e-01 
 1184.000  9.696013e-01 
 1185.000  9.781703e-01 
 1186.000  9.781703e-01 
 1187.000  9.427461e-01 
 1188.000  9.427461e-01 
 1189.000  9.427461e-01 
 1190.000  9.691210e-01 
 1191.000  9.691210e-01 
 1192.000  9.859772e-01 
 1193.000  9.859772e-01 
 1194.000  9.745814e-01 
 1195.000  9.745814e-01 
 1196.000  9.804474e-01 
 1197.000  9.804474e-01 
 1198.000  9.693164e-01 
 1199.000  9.693164e-01 
 1200.000  9.674305e-01 
