  250.000  0.000000e+00 
  251.000  0.000000e+00 
  252.000  0.000000e+00 
  253.000  0.000000e+00 
  254.000  0.000000e+00 
  255.000  0.000000e+00 
  256.000  0.000000e+00 
  257.000  0.000000e+00 
  258.000  0.000000e+00 
  259.000  0.000000e+00 
  260.000  0.000000e+00 
  261.000  0.000000e+00 
  262.000  0.000000e+00 
  263.000  0.000000e+00 
  264.000  0.000000e+00 
  265.000  0.000000e+00 
  266.000  0.000000e+00 
  267.000  0.000000e+00 
  268.000  0.000000e+00 
  269.000  0.000000e+00 
  270.000  0.000000e+00 
  271.000  0.000000e+00 
  272.000  0.000000e+00 
  273.000  0.000000e+00 
  274.000  0.000000e+00 
  275.000  0.000000e+00 
  276.000  0.000000e+00 
  277.000  0.000000e+00 
  278.000  0.000000e+00 
  279.000  0.000000e+00 
  280.000  0.000000e+00 
  281.000  0.000000e+00 
  282.000  0.000000e+00 
  283.000  0.000000e+00 
  284.000  0.000000e+00 
  285.000  0.000000e+00 
  286.000  0.000000e+00 
  287.000  0.000000e+00 
  288.000  0.000000e+00 
  289.000  0.000000e+00 
  290.000  0.000000e+00 
  291.000  0.000000e+00 
  292.000  0.000000e+00 
  293.000  0.000000e+00 
  294.000  0.000000e+00 
  295.000  0.000000e+00 
  296.000  1.170079e-06 
  297.000  4.420152e-06 
  298.000  2.164932e-05 
  299.000  6.375410e-05 
  300.000  1.951384e-04 
  301.000  4.876982e-04 
  302.000  1.042272e-03 
  303.000  2.596723e-03 
  304.000  3.629389e-03 
  305.000  7.610900e-03 
  306.000  1.144281e-02 
  307.000  1.896152e-02 
  308.000  2.610496e-02 
  309.000  3.512273e-02 
  310.000  5.205342e-02 
  311.000  6.061410e-02 
  312.000  7.594466e-02 
  313.000  9.623966e-02 
  314.000  1.051605e-01 
  315.000  1.329856e-01 
  316.000  1.403542e-01 
  317.000  1.634487e-01 
  318.000  1.772770e-01 
  319.000  2.178894e-01 
  320.000  1.898544e-01 
  321.000  2.524694e-01 
  322.000  2.249492e-01 
  323.000  2.542047e-01 
  324.000  2.977963e-01 
  325.000  2.646837e-01 
  326.000  3.088615e-01 
  327.000  3.222879e-01 
  328.000  2.967178e-01 
  329.000  3.483762e-01 
  330.000  3.563428e-01 
  331.000  3.320618e-01 
  332.000  3.678560e-01 
  333.000  3.746407e-01 
  334.000  3.674207e-01 
  335.000  3.900366e-01 
  336.000  3.980993e-01 
  337.000  3.901450e-01 
  338.000  4.041856e-01 
  339.000  4.140672e-01 
  340.000  4.108413e-01 
  341.000  4.220254e-01 
  342.000  4.292196e-01 
  343.000  4.329968e-01 
  344.000  4.297254e-01 
  345.000  4.417980e-01 
  346.000  4.472708e-01 
  347.000  4.513608e-01 
  348.000  4.561025e-01 
  349.000  4.618235e-01 
  350.000  4.660301e-01 
  351.000  4.712451e-01 
  352.000  4.752662e-01 
  353.000  4.800723e-01 
  354.000  4.836254e-01 
  355.000  4.874170e-01 
  356.000  4.921094e-01 
  357.000  4.952405e-01 
  358.000  4.985616e-01 
  359.000  5.017866e-01 
  360.000  5.050183e-01 
  361.000  5.085708e-01 
  362.000  5.140485e-01 
  363.000  5.187773e-01 
  364.000  5.234302e-01 
  365.000  5.273848e-01 
  366.000  5.315881e-01 
  367.000  5.355444e-01 
  368.000  5.393352e-01 
  369.000  5.424868e-01 
  370.000  5.462686e-01 
  371.000  5.502163e-01 
  372.000  5.536065e-01 
  373.000  5.575933e-01 
  374.000  5.614212e-01 
  375.000  5.645053e-01 
  376.000  5.677988e-01 
  377.000  5.713853e-01 
  378.000  5.741093e-01 
  379.000  5.770902e-01 
  380.000  5.800674e-01 
  381.000  5.832984e-01 
  382.000  5.877107e-01 
  383.000  5.922071e-01 
  384.000  5.953180e-01 
  385.000  5.991987e-01 
  386.000  6.022609e-01 
  387.000  6.058892e-01 
  388.000  6.087456e-01 
  389.000  6.116388e-01 
  390.000  6.152539e-01 
  391.000  6.182041e-01 
  392.000  6.207638e-01 
  393.000  6.248153e-01 
  394.000  6.276797e-01 
  395.000  6.304700e-01 
  396.000  6.340054e-01 
  397.000  6.371213e-01 
  398.000  6.394387e-01 
  399.000  6.423886e-01 
  400.000  6.450781e-01 
  401.000  6.484835e-01 
  402.000  6.514783e-01 
  403.000  6.545857e-01 
  404.000  6.567823e-01 
  405.000  6.597199e-01 
  406.000  6.623559e-01 
  407.000  6.658024e-01 
  408.000  6.676362e-01 
  409.000  6.701971e-01 
  410.000  6.728080e-01 
  411.000  6.758086e-01 
  412.000  6.788113e-01 
  413.000  6.806046e-01 
  414.000  6.837357e-01 
  415.000  6.862230e-01 
  416.000  6.893317e-01 
  417.000  6.912341e-01 
  418.000  6.934393e-01 
  419.000  6.964836e-01 
  420.000  6.985968e-01 
  421.000  7.009787e-01 
  422.000  7.029366e-01 
  423.000  7.055621e-01 
  424.000  7.076731e-01 
  425.000  7.106745e-01 
  426.000  7.128931e-01 
  427.000  7.151318e-01 
  428.000  7.171633e-01 
  429.000  7.198420e-01 
  430.000  7.221656e-01 
  431.000  7.232097e-01 
  432.000  7.263081e-01 
  433.000  7.285686e-01 
  434.000  7.300972e-01 
  435.000  7.317660e-01 
  436.000  7.341970e-01 
  437.000  7.373859e-01 
  438.000  7.390528e-01 
  439.000  7.398013e-01 
  440.000  7.421857e-01 
  441.000  7.442197e-01 
  442.000  7.466993e-01 
  443.000  7.480335e-01 
  444.000  7.500039e-01 
  445.000  7.506235e-01 
  446.000  7.529005e-01 
  447.000  7.554484e-01 
  448.000  7.559430e-01 
  449.000  7.589502e-01 
  450.000  7.615575e-01 
  451.000  7.631640e-01 
  452.000  7.644765e-01 
  453.000  7.663991e-01 
  454.000  7.689990e-01 
  455.000  7.699776e-01 
  456.000  7.713863e-01 
  457.000  7.729893e-01 
  458.000  7.741015e-01 
  459.000  7.755010e-01 
  460.000  7.764117e-01 
  461.000  7.780653e-01 
  462.000  7.802942e-01 
  463.000  7.806222e-01 
  464.000  7.827834e-01 
  465.000  7.842922e-01 
  466.000  7.869856e-01 
  467.000  7.879575e-01 
  468.000  7.895231e-01 
  469.000  7.906655e-01 
  470.000  7.920196e-01 
  471.000  7.935730e-01 
  472.000  7.940496e-01 
  473.000  7.941949e-01 
  474.000  7.931885e-01 
  475.000  7.927724e-01 
  476.000  7.927470e-01 
  477.000  7.930207e-01 
  478.000  7.936714e-01 
  479.000  7.951681e-01 
  480.000  7.972396e-01 
  481.000  8.005307e-01 
  482.000  8.031461e-01 
  483.000  8.054276e-01 
  484.000  8.065861e-01 
  485.000  8.073862e-01 
  486.000  8.082759e-01 
  487.000  8.102640e-01 
  488.000  8.113549e-01 
  489.000  8.122478e-01 
  490.000  8.142127e-01 
  491.000  8.153058e-01 
  492.000  8.163593e-01 
  493.000  8.173924e-01 
  494.000  8.181306e-01 
  495.000  8.189229e-01 
  496.000  8.191925e-01 
  497.000  8.197765e-01 
  498.000  8.201293e-01 
  499.000  8.205907e-01 
  500.000  8.208385e-01 
  501.000  8.204536e-01 
  502.000  8.188667e-01 
  503.000  8.173656e-01 
  504.000  8.144519e-01 
  505.000  8.177271e-01 
  506.000  8.183629e-01 
  507.000  8.185661e-01 
  508.000  8.217712e-01 
  509.000  8.232206e-01 
  510.000  8.252302e-01 
  511.000  8.263297e-01 
  512.000  8.271436e-01 
  513.000  8.290084e-01 
  514.000  8.296859e-01 
  515.000  8.310274e-01 
  516.000  8.313640e-01 
  517.000  8.320703e-01 
  518.000  8.321716e-01 
  519.000  8.325630e-01 
  520.000  8.327307e-01 
  521.000  8.329780e-01 
  522.000  8.329415e-01 
  523.000  8.329281e-01 
  524.000  8.326662e-01 
  525.000  8.319833e-01 
  526.000  8.314527e-01 
  527.000  8.306581e-01 
  528.000  8.299175e-01 
  529.000  8.290477e-01 
  530.000  8.285897e-01 
  531.000  8.286690e-01 
  532.000  8.287784e-01 
  533.000  8.291857e-01 
  534.000  8.296490e-01 
  535.000  8.299752e-01 
  536.000  8.305969e-01 
  537.000  8.312666e-01 
  538.000  8.316705e-01 
  539.000  8.317423e-01 
  540.000  8.322095e-01 
  541.000  8.303393e-01 
  542.000  8.312175e-01 
  543.000  8.325114e-01 
  544.000  8.328035e-01 
  545.000  8.319341e-01 
  546.000  8.312454e-01 
  547.000  8.327898e-01 
  548.000  8.343174e-01 
  549.000  8.345792e-01 
  550.000  8.350280e-01 
  551.000  8.357280e-01 
  552.000  8.357520e-01 
  553.000  8.359483e-01 
  554.000  8.361343e-01 
  555.000  8.361831e-01 
  556.000  8.354062e-01 
  557.000  8.343368e-01 
  558.000  8.334408e-01 
  559.000  8.321663e-01 
  560.000  8.311067e-01 
  561.000  8.302455e-01 
  562.000  8.295795e-01 
  563.000  8.286096e-01 
  564.000  8.276146e-01 
  565.000  8.267060e-01 
  566.000  8.259628e-01 
  567.000  8.247302e-01 
  568.000  8.233994e-01 
  569.000  8.175813e-01 
  570.000  8.162743e-01 
  571.000  8.170164e-01 
  572.000  8.138495e-01 
  573.000  8.145869e-01 
  574.000  8.126587e-01 
  575.000  8.134078e-01 
  576.000  8.133160e-01 
  577.000  8.136621e-01 
  578.000  8.167349e-01 
  579.000  8.188096e-01 
  580.000  8.207378e-01 
  581.000  8.236923e-01 
  582.000  8.263375e-01 
  583.000  8.287982e-01 
  584.000  8.322024e-01 
  585.000  8.332670e-01 
  586.000  8.346525e-01 
  587.000  8.346515e-01 
  588.000  8.330804e-01 
  589.000  8.176042e-01 
  590.000  8.169679e-01 
  591.000  8.232234e-01 
  592.000  8.114615e-01 
  593.000  8.316512e-01 
  594.000  8.208110e-01 
  595.000  8.262433e-01 
  596.000  8.292444e-01 
  597.000  8.289663e-01 
  598.000  8.291607e-01 
  599.000  8.325390e-01 
  600.000  8.342109e-01 
  601.000  8.364820e-01 
  602.000  8.377728e-01 
  603.000  8.383300e-01 
  604.000  8.394036e-01 
  605.000  8.400711e-01 
  606.000  8.417640e-01 
  607.000  8.432267e-01 
  608.000  8.450222e-01 
  609.000  8.457552e-01 
  610.000  8.472217e-01 
  611.000  8.484064e-01 
  612.000  8.502238e-01 
  613.000  8.516402e-01 
  614.000  8.526878e-01 
  615.000  8.538928e-01 
  616.000  8.556859e-01 
  617.000  8.569710e-01 
  618.000  8.578073e-01 
  619.000  8.590463e-01 
  620.000  8.601965e-01 
  621.000  8.609967e-01 
  622.000  8.613373e-01 
  623.000  8.621238e-01 
  624.000  8.624080e-01 
  625.000  8.628157e-01 
  626.000  8.628532e-01 
  627.000  8.624296e-01 
  628.000  8.388878e-01 
  629.000  8.509871e-01 
  630.000  8.559718e-01 
  631.000  8.637084e-01 
  632.000  8.660822e-01 
  633.000  8.687590e-01 
  634.000  8.715796e-01 
  635.000  8.729517e-01 
  636.000  8.755000e-01 
  637.000  8.789057e-01 
  638.000  8.820458e-01 
  639.000  8.842154e-01 
  640.000  8.858733e-01 
  641.000  8.875377e-01 
  642.000  8.896660e-01 
  643.000  8.899748e-01 
  644.000  8.915520e-01 
  645.000  8.918689e-01 
  646.000  8.878888e-01 
  647.000  8.812358e-01 
  648.000  8.733862e-01 
  649.000  8.822239e-01 
  650.000  8.951730e-01 
  651.000  8.969766e-01 
  652.000  8.930213e-01 
  653.000  8.984330e-01 
  654.000  8.992093e-01 
  655.000  8.867322e-01 
  656.000  8.964633e-01 
  657.000  8.996011e-01 
  658.000  9.048466e-01 
  659.000  9.081883e-01 
  660.000  9.079134e-01 
  661.000  9.103431e-01 
  662.000  9.105299e-01 
  663.000  9.112081e-01 
  664.000  9.124942e-01 
  665.000  9.132502e-01 
  666.000  9.143639e-01 
  667.000  9.158089e-01 
  668.000  9.164945e-01 
  669.000  9.175982e-01 
  670.000  9.182890e-01 
  671.000  9.195910e-01 
  672.000  9.198662e-01 
  673.000  9.209699e-01 
  674.000  9.213671e-01 
  675.000  9.224966e-01 
  676.000  9.228184e-01 
  677.000  9.234332e-01 
  678.000  9.243850e-01 
  679.000  9.249051e-01 
  680.000  9.258808e-01 
  681.000  9.261664e-01 
  682.000  9.276825e-01 
  683.000  9.275635e-01 
  684.000  9.286429e-01 
  685.000  9.297585e-01 
  686.000  9.303042e-01 
  687.000  6.162905e-01 
  688.000  7.966607e-01 
  689.000  8.329379e-01 
  690.000  8.609191e-01 
  691.000  8.796616e-01 
  692.000  9.092239e-01 
  693.000  8.934594e-01 
  694.000  8.730213e-01 
  695.000  9.016157e-01 
  696.000  8.970086e-01 
  697.000  9.325023e-01 
  698.000  9.320073e-01 
  699.000  9.156525e-01 
  700.000  9.173273e-01 
  701.000  9.058663e-01 
  702.000  9.102958e-01 
  703.000  9.157305e-01 
  704.000  9.196129e-01 
  705.000  9.207346e-01 
  706.000  9.278319e-01 
  707.000  9.322578e-01 
  708.000  9.352599e-01 
  709.000  9.362694e-01 
  710.000  9.349235e-01 
  711.000  9.394066e-01 
  712.000  9.378588e-01 
  713.000  9.404963e-01 
  714.000  9.388395e-01 
  715.000  9.284978e-01 
  716.000  9.316112e-01 
  717.000  8.906181e-01 
  718.000  8.019394e-01 
  719.000  7.506195e-01 
  720.000  8.147773e-01 
  721.000  9.141332e-01 
  722.000  9.142418e-01 
  723.000  9.059328e-01 
  724.000  8.031285e-01 
  725.000  8.267280e-01 
  726.000  8.790703e-01 
  727.000  8.564422e-01 
  728.000  8.115764e-01 
  729.000  8.345915e-01 
  730.000  8.862206e-01 
  731.000  8.597752e-01 
  732.000  8.711571e-01 
  733.000  9.131316e-01 
  734.000  9.386626e-01 
  735.000  9.217555e-01 
  736.000  9.345824e-01 
  737.000  9.341340e-01 
  738.000  9.404063e-01 
  739.000  9.410452e-01 
  740.000  9.496103e-01 
  741.000  9.541721e-01 
  742.000  9.553934e-01 
  743.000  9.552809e-01 
  744.000  9.566193e-01 
  745.000  9.579976e-01 
  746.000  9.589471e-01 
  747.000  9.590025e-01 
  748.000  9.593840e-01 
  749.000  9.596034e-01 
  750.000  9.599928e-01 
  751.000  9.601029e-01 
  752.000  9.611011e-01 
  753.000  9.613484e-01 
  754.000  9.615706e-01 
  755.000  9.617955e-01 
  756.000  9.619350e-01 
  757.000  9.624675e-01 
  758.000  9.630163e-01 
  759.000  9.489972e-01 
  760.000  2.883972e-01 
  761.000  2.025087e-01 
  762.000  6.067623e-01 
  763.000  4.972537e-01 
  764.000  5.589884e-01 
  765.000  6.990361e-01 
  766.000  8.248873e-01 
  767.000  8.742447e-01 
  768.000  9.372126e-01 
  769.000  9.541683e-01 
  770.000  9.541388e-01 
  771.000  9.626476e-01 
  772.000  9.656400e-01 
  773.000  9.657201e-01 
  774.000  9.657207e-01 
  775.000  9.658608e-01 
  776.000  9.660357e-01 
  777.000  9.662890e-01 
  778.000  9.664351e-01 
  779.000  9.665591e-01 
  780.000  9.666626e-01 
  781.000  9.670539e-01 
  782.000  9.672272e-01 
  783.000  9.675347e-01 
  784.000  9.669917e-01 
  785.000  9.666115e-01 
  786.000  9.641180e-01 
  787.000  9.624757e-01 
  788.000  9.566033e-01 
  789.000  9.573274e-01 
  790.000  9.459640e-01 
  791.000  9.485819e-01 
  792.000  9.525501e-01 
  793.000  9.560975e-01 
  794.000  9.689618e-01 
  795.000  9.636652e-01 
  796.000  9.362826e-01 
  797.000  9.558949e-01 
  798.000  9.587802e-01 
  799.000  9.626162e-01 
  800.000  9.514085e-01 
  801.000  9.458984e-01 
  802.000  9.529172e-01 
  803.000  9.517564e-01 
  804.000  9.515085e-01 
  805.000  9.553923e-01 
  806.000  9.660923e-01 
  807.000  9.603242e-01 
  808.000  9.663882e-01 
  809.000  9.571356e-01 
  810.000  9.516360e-01 
  811.000  9.509059e-01 
  812.000  9.395082e-01 
  813.000  9.155061e-01 
  814.000  8.806199e-01 
  815.000  8.421867e-01 
  816.000  8.725954e-01 
  817.000  7.426787e-01 
  818.000  8.409680e-01 
  819.000  8.673961e-01 
  820.000  8.324784e-01 
  821.000  9.489402e-01 
  822.000  9.285522e-01 
  823.000  7.131358e-01 
  824.000  9.029294e-01 
  825.000  9.363365e-01 
  826.000  9.035159e-01 
  827.000  9.351767e-01 
  828.000  8.525503e-01 
  829.000  9.148169e-01 
  830.000  9.031264e-01 
  831.000  9.110109e-01 
  832.000  8.998665e-01 
  833.000  9.345875e-01 
  834.000  9.325402e-01 
  835.000  9.482047e-01 
  836.000  9.477033e-01 
  837.000  9.482333e-01 
  838.000  9.586476e-01 
  839.000  9.652854e-01 
  840.000  9.657623e-01 
  841.000  9.657623e-01 
  842.000  9.572943e-01 
  843.000  9.743760e-01 
  844.000  9.653169e-01 
  845.000  9.724597e-01 
  846.000  9.745286e-01 
  847.000  9.762608e-01 
  848.000  9.739141e-01 
  849.000  9.750014e-01 
  850.000  9.746162e-01 
  851.000  9.736917e-01 
  852.000  9.769461e-01 
  853.000  9.782652e-01 
  854.000  9.774044e-01 
  855.000  9.774044e-01 
  856.000  9.783500e-01 
  857.000  9.803182e-01 
  858.000  9.785718e-01 
  859.000  9.797018e-01 
  860.000  9.809182e-01 
  861.000  9.804552e-01 
  862.000  9.810618e-01 
  863.000  9.808359e-01 
  864.000  9.814439e-01 
  865.000  9.814439e-01 
  866.000  9.814469e-01 
  867.000  9.816179e-01 
  868.000  9.815784e-01 
  869.000  9.816947e-01 
  870.000  9.817291e-01 
  871.000  9.819319e-01 
  872.000  9.820632e-01 
  873.000  9.819661e-01 
  874.000  9.819661e-01 
  875.000  9.823363e-01 
  876.000  9.824113e-01 
  877.000  9.823241e-01 
  878.000  9.821486e-01 
  879.000  9.821246e-01 
  880.000  9.826126e-01 
  881.000  9.826126e-01 
  882.000  9.814232e-01 
  883.000  9.819080e-01 
  884.000  9.819731e-01 
  885.000  9.821830e-01 
  886.000  9.757847e-01 
  887.000  9.816325e-01 
  888.000  9.816325e-01 
  889.000  9.799071e-01 
  890.000  9.770904e-01 
  891.000  9.812682e-01 
  892.000  9.754783e-01 
  893.000  9.562247e-01 
  894.000  9.562247e-01 
  895.000  9.265049e-01 
  896.000  8.943394e-01 
  897.000  7.859501e-01 
  898.000  8.849065e-01 
  899.000  7.114328e-01 
  900.000  7.114328e-01 
  901.000  7.523450e-01 
  902.000  7.903585e-01 
  903.000  8.373476e-01 
  904.000  9.367723e-01 
  905.000  9.234511e-01 
  906.000  9.234511e-01 
  907.000  8.030504e-01 
  908.000  7.841060e-01 
  909.000  7.904859e-01 
  910.000  7.615216e-01 
  911.000  7.615216e-01 
  912.000  8.721262e-01 
  913.000  8.150896e-01 
  914.000  7.855722e-01 
  915.000  7.369508e-01 
  916.000  7.369508e-01 
  917.000  8.691240e-01 
  918.000  7.531401e-01 
  919.000  8.437201e-01 
  920.000  9.325864e-01 
  921.000  9.325864e-01 
  922.000  9.068013e-01 
  923.000  9.087071e-01 
  924.000  8.757624e-01 
  925.000  8.757624e-01 
  926.000  8.929640e-01 
  927.000  9.005216e-01 
  928.000  7.627767e-01 
  929.000  7.258230e-01 
  930.000  7.258230e-01 
  931.000  5.813781e-01 
  932.000  3.943744e-01 
  933.000  3.966350e-01 
  934.000  3.966350e-01 
  935.000  3.826050e-01 
  936.000  3.557577e-01 
  937.000  3.213571e-01 
  938.000  3.213571e-01 
  939.000  4.772246e-01 
  940.000  6.294705e-01 
  941.000  5.726700e-01 
  942.000  5.726700e-01 
  943.000  4.680831e-01 
  944.000  4.737115e-01 
  945.000  5.543171e-01 
  946.000  5.543171e-01 
  947.000  4.770538e-01 
  948.000  5.028343e-01 
  949.000  5.647453e-01 
  950.000  5.647453e-01 
  951.000  6.000936e-01 
  952.000  4.527589e-01 
  953.000  6.148315e-01 
  954.000  6.148315e-01 
  955.000  6.092454e-01 
  956.000  4.902605e-01 
  957.000  6.754784e-01 
  958.000  6.754784e-01 
  959.000  5.456008e-01 
  960.000  6.382508e-01 
  961.000  6.382508e-01 
  962.000  6.879500e-01 
  963.000  7.519038e-01 
  964.000  6.463390e-01 
  965.000  6.463390e-01 
  966.000  7.269676e-01 
  967.000  8.323461e-01 
  968.000  8.323461e-01 
  969.000  8.586772e-01 
  970.000  8.995552e-01 
  971.000  9.193348e-01 
  972.000  9.193348e-01 
  973.000  8.947779e-01 
  974.000  8.029302e-01 
  975.000  8.029302e-01 
  976.000  7.852530e-01 
  977.000  8.785515e-01 
  978.000  8.618197e-01 
  979.000  8.618197e-01 
  980.000  8.643130e-01 
  981.000  9.476012e-01 
  982.000  9.476012e-01 
  983.000  9.210080e-01 
  984.000  9.458594e-01 
  985.000  9.458594e-01 
  986.000  9.754144e-01 
  987.000  9.648704e-01 
  988.000  9.648704e-01 
  989.000  9.825913e-01 
  990.000  9.748231e-01 
  991.000  9.748231e-01 
  992.000  9.811521e-01 
  993.000  9.795737e-01 
  994.000  9.795737e-01 
  995.000  9.874470e-01 
  996.000  9.876654e-01 
  997.000  9.876654e-01 
  998.000  9.878516e-01 
  999.000  9.871112e-01 
 1000.000  9.871112e-01 
 1001.000  9.873626e-01 
 1002.000  9.779916e-01 
 1003.000  9.779916e-01 
 1004.000  9.876357e-01 
 1005.000  9.882685e-01 
 1006.000  9.882685e-01 
 1007.000  9.886286e-01 
 1008.000  9.864052e-01 
 1009.000  9.864052e-01 
 1010.000  9.800114e-01 
 1011.000  9.886115e-01 
 1012.000  9.886115e-01 
 1013.000  9.889367e-01 
 1014.000  9.887366e-01 
 1015.000  9.887366e-01 
 1016.000  9.893001e-01 
 1017.000  9.885141e-01 
 1018.000  9.885141e-01 
 1019.000  9.879412e-01 
 1020.000  9.895531e-01 
 1021.000  9.895531e-01 
 1022.000  9.881035e-01 
 1023.000  9.881035e-01 
 1024.000  9.875426e-01 
 1025.000  9.895400e-01 
 1026.000  9.895400e-01 
 1027.000  9.886591e-01 
 1028.000  9.896907e-01 
 1029.000  9.896907e-01 
 1030.000  9.901085e-01 
 1031.000  9.900985e-01 
 1032.000  9.900985e-01 
 1033.000  9.901407e-01 
 1034.000  9.901407e-01 
 1035.000  9.904072e-01 
 1036.000  9.899245e-01 
 1037.000  9.899245e-01 
 1038.000  9.898708e-01 
 1039.000  9.893064e-01 
 1040.000  9.893064e-01 
 1041.000  9.889361e-01 
 1042.000  9.889361e-01 
 1043.000  9.884524e-01 
 1044.000  9.877014e-01 
 1045.000  9.877014e-01 
 1046.000  9.866595e-01 
 1047.000  9.866595e-01 
 1048.000  9.856137e-01 
 1049.000  9.835455e-01 
 1050.000  9.835455e-01 
 1051.000  9.825722e-01 
 1052.000  9.825722e-01 
 1053.000  9.811323e-01 
 1054.000  9.799014e-01 
 1055.000  9.799014e-01 
 1056.000  9.784639e-01 
 1057.000  9.784639e-01 
 1058.000  9.771895e-01 
 1059.000  9.759389e-01 
 1060.000  9.759389e-01 
 1061.000  9.751399e-01 
 1062.000  9.751399e-01 
 1063.000  9.735340e-01 
 1064.000  9.724777e-01 
 1065.000  9.724777e-01 
 1066.000  9.742370e-01 
 1067.000  9.742370e-01 
 1068.000  9.731942e-01 
 1069.000  9.731213e-01 
 1070.000  9.731213e-01 
 1071.000  9.756101e-01 
 1072.000  9.756101e-01 
 1073.000  9.771342e-01 
 1074.000  9.771342e-01 
 1075.000  9.708117e-01 
 1076.000  9.703855e-01 
 1077.000  9.703855e-01 
 1078.000  9.781277e-01 
 1079.000  9.781277e-01 
 1080.000  9.705491e-01 
 1081.000  9.705491e-01 
 1082.000  9.759279e-01 
 1083.000  9.687823e-01 
 1084.000  9.687823e-01 
 1085.000  9.602016e-01 
 1086.000  9.602016e-01 
 1087.000  9.746369e-01 
 1088.000  9.746369e-01 
 1089.000  9.680525e-01 
 1090.000  9.653855e-01 
 1091.000  9.653855e-01 
 1092.000  9.498677e-01 
 1093.000  9.498677e-01 
 1094.000  9.517803e-01 
 1095.000  9.517803e-01 
 1096.000  9.464107e-01 
 1097.000  9.464107e-01 
 1098.000  9.293232e-01 
 1099.000  8.809999e-01 
 1100.000  8.809999e-01 
 1101.000  8.849843e-01 
 1102.000  8.849843e-01 
 1103.000  8.642290e-01 
 1104.000  8.642290e-01 
 1105.000  8.459175e-01 
 1106.000  8.459175e-01 
 1107.000  8.449522e-01 
 1108.000  8.449522e-01 
 1109.000  8.004641e-01 
 1110.000  7.467892e-01 
 1111.000  7.467892e-01 
 1112.000  7.205235e-01 
 1113.000  7.205235e-01 
 1114.000  6.155949e-01 
 1115.000  6.155949e-01 
 1116.000  3.805490e-01 
 1117.000  3.805490e-01 
 1118.000  4.817400e-01 
 1119.000  4.817400e-01 
 1120.000  4.102412e-01 
 1121.000  4.102412e-01 
 1122.000  2.338793e-01 
 1123.000  4.541868e-01 
 1124.000  4.541868e-01 
 1125.000  2.710917e-01 
 1126.000  2.710917e-01 
 1127.000  3.312373e-01 
 1128.000  3.312373e-01 
 1129.000  3.198472e-01 
 1130.000  3.198472e-01 
 1131.000  6.232660e-01 
 1132.000  6.232660e-01 
 1133.000  3.146725e-01 
 1134.000  3.146725e-01 
 1135.000  1.867848e-01 
 1136.000  1.867848e-01 
 1137.000  6.204600e-01 
 1138.000  6.204600e-01 
 1139.000  5.812802e-01 
 1140.000  5.812802e-01 
 1141.000  5.554962e-01 
 1142.000  5.554962e-01 
 1143.000  5.889024e-01 
 1144.000  5.889024e-01 
 1145.000  3.638970e-01 
 1146.000  3.638970e-01 
 1147.000  3.494896e-01 
 1148.000  3.494896e-01 
 1149.000  4.858424e-01 
 1150.000  4.858424e-01 
 1151.000  5.742373e-01 
 1152.000  5.742373e-01 
 1153.000  5.302413e-01 
 1154.000  5.302413e-01 
 1155.000  5.768267e-01 
 1156.000  5.768267e-01 
 1157.000  6.729548e-01 
 1158.000  6.729548e-01 
 1159.000  7.743849e-01 
 1160.000  7.743849e-01 
 1161.000  7.521901e-01 
 1162.000  7.521901e-01 
 1163.000  8.293854e-01 
 1164.000  8.293854e-01 
 1165.000  8.067545e-01 
 1166.000  8.067545e-01 
 1167.000  8.619720e-01 
 1168.000  8.619720e-01 
 1169.000  8.859841e-01 
 1170.000  8.859841e-01 
 1171.000  8.941180e-01 
 1172.000  8.941180e-01 
 1173.000  8.080031e-01 
 1174.000  8.080031e-01 
 1175.000  9.451504e-01 
 1176.000  9.451504e-01 
 1177.000  8.584121e-01 
 1178.000  8.584121e-01 
 1179.000  9.245874e-01 
 1180.000  9.245874e-01 
 1181.000  8.053094e-01 
 1182.000  8.053094e-01 
 1183.000  8.927333e-01 
 1184.000  8.927333e-01 
 1185.000  9.198203e-01 
 1186.000  9.198203e-01 
 1187.000  8.311738e-01 
 1188.000  8.311738e-01 
 1189.000  8.311738e-01 
 1190.000  8.995740e-01 
 1191.000  8.995740e-01 
 1192.000  9.537603e-01 
 1193.000  9.537603e-01 
 1194.000  9.129757e-01 
 1195.000  9.129757e-01 
 1196.000  9.297625e-01 
 1197.000  9.297625e-01 
 1198.000  8.908513e-01 
 1199.000  8.908513e-01 
 1200.000  8.896129e-01 
