  250.000  0.000000e+00 
  251.000  0.000000e+00 
  252.000  0.000000e+00 
  253.000  0.000000e+00 
  254.000  0.000000e+00 
  255.000  0.000000e+00 
  256.000  0.000000e+00 
  257.000  0.000000e+00 
  258.000  0.000000e+00 
  259.000  0.000000e+00 
  260.000  0.000000e+00 
  261.000  0.000000e+00 
  262.000  0.000000e+00 
  263.000  0.000000e+00 
  264.000  0.000000e+00 
  265.000  0.000000e+00 
  266.000  0.000000e+00 
  267.000  0.000000e+00 
  268.000  0.000000e+00 
  269.000  0.000000e+00 
  270.000  0.000000e+00 
  271.000  0.000000e+00 
  272.000  0.000000e+00 
  273.000  0.000000e+00 
  274.000  0.000000e+00 
  275.000  0.000000e+00 
  276.000  0.000000e+00 
  277.000  0.000000e+00 
  278.000  0.000000e+00 
  279.000  0.000000e+00 
  280.000  0.000000e+00 
  281.000  0.000000e+00 
  282.000  0.000000e+00 
  283.000  0.000000e+00 
  284.000  0.000000e+00 
  285.000  0.000000e+00 
  286.000  0.000000e+00 
  287.000  0.000000e+00 
  288.000  0.000000e+00 
  289.000  0.000000e+00 
  290.000  0.000000e+00 
  291.000  0.000000e+00 
  292.000  0.000000e+00 
  293.000  0.000000e+00 
  294.000  0.000000e+00 
  295.000  3.485541e-13 
  296.000  1.832842e-11 
  297.000  1.976038e-10 
  298.000  3.389457e-09 
  299.000  2.343685e-08 
  300.000  1.735088e-07 
  301.000  8.944107e-07 
  302.000  3.488088e-06 
  303.000  1.787786e-05 
  304.000  3.264012e-05 
  305.000  1.229693e-04 
  306.000  2.558773e-04 
  307.000  6.330218e-04 
  308.000  1.124782e-03 
  309.000  1.918002e-03 
  310.000  3.887076e-03 
  311.000  5.120801e-03 
  312.000  7.684086e-03 
  313.000  1.177242e-02 
  314.000  1.384231e-02 
  315.000  2.112617e-02 
  316.000  2.333375e-02 
  317.000  3.073631e-02 
  318.000  3.565685e-02 
  319.000  5.169086e-02 
  320.000  4.055782e-02 
  321.000  6.766972e-02 
  322.000  5.525089e-02 
  323.000  6.892651e-02 
  324.000  9.174056e-02 
  325.000  7.453199e-02 
  326.000  9.845693e-02 
  327.000  1.065205e-01 
  328.000  9.219041e-02 
  329.000  1.231179e-01 
  330.000  1.285263e-01 
  331.000  1.136075e-01 
  332.000  1.367486e-01 
  333.000  1.416331e-01 
  334.000  1.371565e-01 
  335.000  1.529706e-01 
  336.000  1.590632e-01 
  337.000  1.538087e-01 
  338.000  1.642359e-01 
  339.000  1.718683e-01 
  340.000  1.698240e-01 
  341.000  1.785642e-01 
  342.000  1.844498e-01 
  343.000  1.877884e-01 
  344.000  1.856089e-01 
  345.000  1.954861e-01 
  346.000  2.002248e-01 
  347.000  2.039747e-01 
  348.000  2.082058e-01 
  349.000  2.133559e-01 
  350.000  2.172533e-01 
  351.000  2.220719e-01 
  352.000  2.258780e-01 
  353.000  2.304693e-01 
  354.000  2.338935e-01 
  355.000  2.375753e-01 
  356.000  2.421717e-01 
  357.000  2.452632e-01 
  358.000  2.485637e-01 
  359.000  2.517898e-01 
  360.000  2.550435e-01 
  361.000  2.586443e-01 
  362.000  2.642458e-01 
  363.000  2.691298e-01 
  364.000  2.739791e-01 
  365.000  2.781347e-01 
  366.000  2.825859e-01 
  367.000  2.868079e-01 
  368.000  2.908825e-01 
  369.000  2.942919e-01 
  370.000  2.984094e-01 
  371.000  3.027379e-01 
  372.000  3.064802e-01 
  373.000  3.109103e-01 
  374.000  3.151937e-01 
  375.000  3.186663e-01 
  376.000  3.223954e-01 
  377.000  3.264811e-01 
  378.000  3.296015e-01 
  379.000  3.330331e-01 
  380.000  3.364781e-01 
  381.000  3.402372e-01 
  382.000  3.454039e-01 
  383.000  3.507093e-01 
  384.000  3.544035e-01 
  385.000  3.590391e-01 
  386.000  3.627183e-01 
  387.000  3.671017e-01 
  388.000  3.705712e-01 
  389.000  3.741021e-01 
  390.000  3.785373e-01 
  391.000  3.821763e-01 
  392.000  3.853478e-01 
  393.000  3.903942e-01 
  394.000  3.939818e-01 
  395.000  3.974924e-01 
  396.000  4.019628e-01 
  397.000  4.059235e-01 
  398.000  4.088818e-01 
  399.000  4.126630e-01 
  400.000  4.161256e-01 
  401.000  4.205309e-01 
  402.000  4.244240e-01 
  403.000  4.284824e-01 
  404.000  4.313631e-01 
  405.000  4.352309e-01 
  406.000  4.387248e-01 
  407.000  4.433149e-01 
  408.000  4.457698e-01 
  409.000  4.492077e-01 
  410.000  4.527248e-01 
  411.000  4.567740e-01 
  412.000  4.608428e-01 
  413.000  4.632818e-01 
  414.000  4.675551e-01 
  415.000  4.709641e-01 
  416.000  4.752443e-01 
  417.000  4.778736e-01 
  418.000  4.809312e-01 
  419.000  4.851672e-01 
  420.000  4.881195e-01 
  421.000  4.914644e-01 
  422.000  4.942230e-01 
  423.000  4.979328e-01 
  424.000  5.009280e-01 
  425.000  5.051968e-01 
  426.000  5.083570e-01 
  427.000  5.115564e-01 
  428.000  5.144680e-01 
  429.000  5.183197e-01 
  430.000  5.216732e-01 
  431.000  5.231890e-01 
  432.000  5.276907e-01 
  433.000  5.309895e-01 
  434.000  5.332271e-01 
  435.000  5.356784e-01 
  436.000  5.392585e-01 
  437.000  5.439743e-01 
  438.000  5.464503e-01 
  439.000  5.475770e-01 
  440.000  5.511289e-01 
  441.000  5.541618e-01 
  442.000  5.578747e-01 
  443.000  5.598794e-01 
  444.000  5.628474e-01 
  445.000  5.637881e-01 
  446.000  5.672222e-01 
  447.000  5.710800e-01 
  448.000  5.718388e-01 
  449.000  5.764083e-01 
  450.000  5.803874e-01 
  451.000  5.828565e-01 
  452.000  5.848781e-01 
  453.000  5.878474e-01 
  454.000  5.918691e-01 
  455.000  5.933925e-01 
  456.000  5.956357e-01 
  457.000  5.981821e-01 
  458.000  6.000059e-01 
  459.000  6.022293e-01 
  460.000  6.037173e-01 
  461.000  6.062971e-01 
  462.000  6.097815e-01 
  463.000  6.103005e-01 
  464.000  6.136902e-01 
  465.000  6.160623e-01 
  466.000  6.203268e-01 
  467.000  6.218791e-01 
  468.000  6.243720e-01 
  469.000  6.261951e-01 
  470.000  6.283677e-01 
  471.000  6.308817e-01 
  472.000  6.316826e-01 
  473.000  6.319574e-01 
  474.000  6.303954e-01 
  475.000  6.297914e-01 
  476.000  6.298882e-01 
  477.000  6.304271e-01 
  478.000  6.315422e-01 
  479.000  6.340335e-01 
  480.000  6.374705e-01 
  481.000  6.428317e-01 
  482.000  6.471159e-01 
  483.000  6.508785e-01 
  484.000  6.528228e-01 
  485.000  6.541788e-01 
  486.000  6.556164e-01 
  487.000  6.588358e-01 
  488.000  6.606021e-01 
  489.000  6.620480e-01 
  490.000  6.652543e-01 
  491.000  6.670730e-01 
  492.000  6.688471e-01 
  493.000  6.705940e-01 
  494.000  6.718533e-01 
  495.000  6.731925e-01 
  496.000  6.738014e-01 
  497.000  6.749445e-01 
  498.000  6.756865e-01 
  499.000  6.766554e-01 
  500.000  6.772528e-01 
  501.000  6.767834e-01 
  502.000  6.744461e-01 
  503.000  6.722010e-01 
  504.000  6.675574e-01 
  505.000  6.732204e-01 
  506.000  6.742483e-01 
  507.000  6.745602e-01 
  508.000  6.798486e-01 
  509.000  6.822244e-01 
  510.000  6.855308e-01 
  511.000  6.873617e-01 
  512.000  6.887368e-01 
  513.000  6.918561e-01 
  514.000  6.930063e-01 
  515.000  6.952572e-01 
  516.000  6.959226e-01 
  517.000  6.972380e-01 
  518.000  6.974747e-01 
  519.000  6.982622e-01 
  520.000  6.986179e-01 
  521.000  6.992648e-01 
  522.000  6.993167e-01 
  523.000  6.994471e-01 
  524.000  6.992010e-01 
  525.000  6.981937e-01 
  526.000  6.976332e-01 
  527.000  6.965995e-01 
  528.000  6.956404e-01 
  529.000  6.944712e-01 
  530.000  6.939079e-01 
  531.000  6.941931e-01 
  532.000  6.944858e-01 
  533.000  6.952510e-01 
  534.000  6.961696e-01 
  535.000  6.967896e-01 
  536.000  6.979362e-01 
  537.000  6.991715e-01 
  538.000  6.999009e-01 
  539.000  7.001075e-01 
  540.000  7.009832e-01 
  541.000  6.979405e-01 
  542.000  6.995305e-01 
  543.000  7.018108e-01 
  544.000  7.024220e-01 
  545.000  7.010680e-01 
  546.000  6.999630e-01 
  547.000  7.026297e-01 
  548.000  7.052985e-01 
  549.000  7.057721e-01 
  550.000  7.066104e-01 
  551.000  7.078794e-01 
  552.000  7.080388e-01 
  553.000  7.085044e-01 
  554.000  7.089355e-01 
  555.000  7.091592e-01 
  556.000  7.081057e-01 
  557.000  7.065984e-01 
  558.000  7.053511e-01 
  559.000  7.035890e-01 
  560.000  7.020992e-01 
  561.000  7.008972e-01 
  562.000  6.999952e-01 
  563.000  6.986074e-01 
  564.000  6.971791e-01 
  565.000  6.958727e-01 
  566.000  6.948465e-01 
  567.000  6.929531e-01 
  568.000  6.908939e-01 
  569.000  6.814555e-01 
  570.000  6.794940e-01 
  571.000  6.807764e-01 
  572.000  6.755274e-01 
  573.000  6.768122e-01 
  574.000  6.736381e-01 
  575.000  6.749265e-01 
  576.000  6.746424e-01 
  577.000  6.751212e-01 
  578.000  6.800955e-01 
  579.000  6.834386e-01 
  580.000  6.865826e-01 
  581.000  6.914099e-01 
  582.000  6.957359e-01 
  583.000  6.997836e-01 
  584.000  7.053748e-01 
  585.000  7.071123e-01 
  586.000  7.095000e-01 
  587.000  7.095273e-01 
  588.000  7.069068e-01 
  589.000  6.820252e-01 
  590.000  6.804257e-01 
  591.000  6.908444e-01 
  592.000  6.726406e-01 
  593.000  7.050309e-01 
  594.000  6.878679e-01 
  595.000  6.960518e-01 
  596.000  7.012861e-01 
  597.000  7.008809e-01 
  598.000  7.013881e-01 
  599.000  7.072762e-01 
  600.000  7.102892e-01 
  601.000  7.141684e-01 
  602.000  7.163279e-01 
  603.000  7.172555e-01 
  604.000  7.190735e-01 
  605.000  7.201855e-01 
  606.000  7.228835e-01 
  607.000  7.252294e-01 
  608.000  7.280894e-01 
  609.000  7.292590e-01 
  610.000  7.315986e-01 
  611.000  7.334898e-01 
  612.000  7.363742e-01 
  613.000  7.386464e-01 
  614.000  7.403203e-01 
  615.000  7.422475e-01 
  616.000  7.450834e-01 
  617.000  7.471093e-01 
  618.000  7.484263e-01 
  619.000  7.503641e-01 
  620.000  7.521149e-01 
  621.000  7.533051e-01 
  622.000  7.538072e-01 
  623.000  7.548974e-01 
  624.000  7.552611e-01 
  625.000  7.558216e-01 
  626.000  7.557245e-01 
  627.000  7.548388e-01 
  628.000  7.151354e-01 
  629.000  7.371753e-01 
  630.000  7.433185e-01 
  631.000  7.566088e-01 
  632.000  7.606249e-01 
  633.000  7.651734e-01 
  634.000  7.699027e-01 
  635.000  7.722760e-01 
  636.000  7.764535e-01 
  637.000  7.821351e-01 
  638.000  7.875366e-01 
  639.000  7.911514e-01 
  640.000  7.939698e-01 
  641.000  7.967209e-01 
  642.000  8.004833e-01 
  643.000  8.009562e-01 
  644.000  8.037227e-01 
  645.000  8.041700e-01 
  646.000  7.969025e-01 
  647.000  7.852294e-01 
  648.000  7.723306e-01 
  649.000  7.869532e-01 
  650.000  8.094257e-01 
  651.000  8.126211e-01 
  652.000  8.053082e-01 
  653.000  8.149981e-01 
  654.000  8.161460e-01 
  655.000  7.950509e-01 
  656.000  8.112329e-01 
  657.000  8.166927e-01 
  658.000  8.259302e-01 
  659.000  8.318778e-01 
  660.000  8.313067e-01 
  661.000  8.355877e-01 
  662.000  8.358813e-01 
  663.000  8.369482e-01 
  664.000  8.392347e-01 
  665.000  8.405171e-01 
  666.000  8.424457e-01 
  667.000  8.449417e-01 
  668.000  8.461105e-01 
  669.000  8.480044e-01 
  670.000  8.491985e-01 
  671.000  8.514466e-01 
  672.000  8.519258e-01 
  673.000  8.538301e-01 
  674.000  8.545243e-01 
  675.000  8.564792e-01 
  676.000  8.570380e-01 
  677.000  8.581027e-01 
  678.000  8.597621e-01 
  679.000  8.606594e-01 
  680.000  8.623474e-01 
  681.000  8.628083e-01 
  682.000  8.654460e-01 
  683.000  8.651431e-01 
  684.000  8.669753e-01 
  685.000  8.690134e-01 
  686.000  8.699020e-01 
  687.000  4.709944e-01 
  688.000  6.576127e-01 
  689.000  7.158653e-01 
  690.000  7.510787e-01 
  691.000  7.864467e-01 
  692.000  8.323617e-01 
  693.000  8.064018e-01 
  694.000  7.727224e-01 
  695.000  8.209027e-01 
  696.000  8.140158e-01 
  697.000  8.731158e-01 
  698.000  8.721354e-01 
  699.000  8.432168e-01 
  700.000  8.461124e-01 
  701.000  8.251848e-01 
  702.000  8.331916e-01 
  703.000  8.436530e-01 
  704.000  8.505467e-01 
  705.000  8.518710e-01 
  706.000  8.643015e-01 
  707.000  8.720645e-01 
  708.000  8.776352e-01 
  709.000  8.794777e-01 
  710.000  8.769190e-01 
  711.000  8.852543e-01 
  712.000  8.825048e-01 
  713.000  8.872062e-01 
  714.000  8.840669e-01 
  715.000  8.651341e-01 
  716.000  8.708419e-01 
  717.000  7.983465e-01 
  718.000  6.837124e-01 
  719.000  6.358883e-01 
  720.000  6.828458e-01 
  721.000  8.398654e-01 
  722.000  8.404890e-01 
  723.000  8.267570e-01 
  724.000  6.928882e-01 
  725.000  7.026447e-01 
  726.000  7.805177e-01 
  727.000  7.460410e-01 
  728.000  6.816540e-01 
  729.000  7.091672e-01 
  730.000  7.931900e-01 
  731.000  7.498152e-01 
  732.000  7.674448e-01 
  733.000  8.387554e-01 
  734.000  8.836113e-01 
  735.000  8.536592e-01 
  736.000  8.760948e-01 
  737.000  8.753056e-01 
  738.000  8.864781e-01 
  739.000  8.879157e-01 
  740.000  9.034620e-01 
  741.000  9.121463e-01 
  742.000  9.144335e-01 
  743.000  9.142005e-01 
  744.000  9.167460e-01 
  745.000  9.193714e-01 
  746.000  9.211491e-01 
  747.000  9.212158e-01 
  748.000  9.219307e-01 
  749.000  9.223296e-01 
  750.000  9.230452e-01 
  751.000  9.232306e-01 
  752.000  9.250728e-01 
  753.000  9.255258e-01 
  754.000  9.259189e-01 
  755.000  9.263160e-01 
  756.000  9.265641e-01 
  757.000  9.275720e-01 
  758.000  9.285808e-01 
  759.000  9.036860e-01 
  760.000  1.455721e-01 
  761.000  6.641211e-02 
  762.000  4.667576e-01 
  763.000  3.341996e-01 
  764.000  4.041766e-01 
  765.000  5.678464e-01 
  766.000  7.253628e-01 
  767.000  7.811792e-01 
  768.000  8.844839e-01 
  769.000  9.114716e-01 
  770.000  9.123714e-01 
  771.000  9.277409e-01 
  772.000  9.335380e-01 
  773.000  9.336993e-01 
  774.000  9.337056e-01 
  775.000  9.339807e-01 
  776.000  9.343237e-01 
  777.000  9.348190e-01 
  778.000  9.351053e-01 
  779.000  9.353491e-01 
  780.000  9.355525e-01 
  781.000  9.362752e-01 
  782.000  9.365769e-01 
  783.000  9.371542e-01 
  784.000  9.360829e-01 
  785.000  9.353247e-01 
  786.000  9.304871e-01 
  787.000  9.272835e-01 
  788.000  9.165145e-01 
  789.000  9.177988e-01 
  790.000  8.973107e-01 
  791.000  9.020071e-01 
  792.000  9.091280e-01 
  793.000  9.162348e-01 
  794.000  9.396103e-01 
  795.000  9.293497e-01 
  796.000  8.797088e-01 
  797.000  9.150106e-01 
  798.000  9.203721e-01 
  799.000  9.272798e-01 
  800.000  9.068854e-01 
  801.000  8.968172e-01 
  802.000  9.093226e-01 
  803.000  9.071877e-01 
  804.000  9.067522e-01 
  805.000  9.140790e-01 
  806.000  9.340253e-01 
  807.000  9.232939e-01 
  808.000  9.346296e-01 
  809.000  9.173591e-01 
  810.000  9.068915e-01 
  811.000  9.054649e-01 
  812.000  8.848257e-01 
  813.000  8.445432e-01 
  814.000  7.866381e-01 
  815.000  7.389557e-01 
  816.000  7.793359e-01 
  817.000  6.265109e-01 
  818.000  7.475817e-01 
  819.000  7.708520e-01 
  820.000  7.399231e-01 
  821.000  9.023595e-01 
  822.000  8.656834e-01 
  823.000  5.884379e-01 
  824.000  8.217571e-01 
  825.000  8.815527e-01 
  826.000  8.271785e-01 
  827.000  8.790244e-01 
  828.000  7.500089e-01 
  829.000  8.459564e-01 
  830.000  8.276781e-01 
  831.000  8.389146e-01 
  832.000  8.215513e-01 
  833.000  8.758976e-01 
  834.000  8.752873e-01 
  835.000  9.012337e-01 
  836.000  9.015385e-01 
  837.000  9.015093e-01 
  838.000  9.200114e-01 
  839.000  9.326341e-01 
  840.000  9.336328e-01 
  841.000  9.336328e-01 
  842.000  9.178281e-01 
  843.000  9.499698e-01 
  844.000  9.327917e-01 
  845.000  9.462408e-01 
  846.000  9.502754e-01 
  847.000  9.536566e-01 
  848.000  9.490814e-01 
  849.000  9.512040e-01 
  850.000  9.503486e-01 
  851.000  9.482903e-01 
  852.000  9.544235e-01 
  853.000  9.570027e-01 
  854.000  9.553649e-01 
  855.000  9.553649e-01 
  856.000  9.571688e-01 
  857.000  9.610238e-01 
  858.000  9.576027e-01 
  859.000  9.598156e-01 
  860.000  9.622005e-01 
  861.000  9.612922e-01 
  862.000  9.624821e-01 
  863.000  9.620391e-01 
  864.000  9.632322e-01 
  865.000  9.632322e-01 
  866.000  9.632379e-01 
  867.000  9.635740e-01 
  868.000  9.634959e-01 
  869.000  9.637244e-01 
  870.000  9.637920e-01 
  871.000  9.641901e-01 
  872.000  9.644482e-01 
  873.000  9.642574e-01 
  874.000  9.642574e-01 
  875.000  9.649848e-01 
  876.000  9.651318e-01 
  877.000  9.649608e-01 
  878.000  9.646158e-01 
  879.000  9.645687e-01 
  880.000  9.655274e-01 
  881.000  9.655274e-01 
  882.000  9.631916e-01 
  883.000  9.641433e-01 
  884.000  9.642711e-01 
  885.000  9.646834e-01 
  886.000  9.523613e-01 
  887.000  9.636023e-01 
  888.000  9.636023e-01 
  889.000  9.602178e-01 
  890.000  9.548897e-01 
  891.000  9.628873e-01 
  892.000  9.516173e-01 
  893.000  9.154080e-01 
  894.000  9.154080e-01 
  895.000  8.696418e-01 
  896.000  8.163173e-01 
  897.000  6.847231e-01 
  898.000  7.999969e-01 
  899.000  6.070818e-01 
  900.000  6.070818e-01 
  901.000  6.479296e-01 
  902.000  7.059405e-01 
  903.000  7.545649e-01 
  904.000  8.826636e-01 
  905.000  8.633582e-01 
  906.000  8.633582e-01 
  907.000  6.991801e-01 
  908.000  6.907457e-01 
  909.000  6.840207e-01 
  910.000  6.461573e-01 
  911.000  6.461573e-01 
  912.000  7.768061e-01 
  913.000  7.060081e-01 
  914.000  6.733881e-01 
  915.000  6.223857e-01 
  916.000  6.223857e-01 
  917.000  7.658477e-01 
  918.000  6.357046e-01 
  919.000  7.614840e-01 
  920.000  8.736981e-01 
  921.000  8.736981e-01 
  922.000  8.311220e-01 
  923.000  8.340116e-01 
  924.000  7.770526e-01 
  925.000  7.770526e-01 
  926.000  8.053256e-01 
  927.000  8.173567e-01 
  928.000  6.216007e-01 
  929.000  5.759113e-01 
  930.000  5.759113e-01 
  931.000  4.369125e-01 
  932.000  2.620008e-01 
  933.000  2.293133e-01 
  934.000  2.293133e-01 
  935.000  2.474979e-01 
  936.000  2.160847e-01 
  937.000  1.716936e-01 
  938.000  1.716936e-01 
  939.000  3.240111e-01 
  940.000  4.646789e-01 
  941.000  4.104896e-01 
  942.000  4.104896e-01 
  943.000  3.054104e-01 
  944.000  3.139222e-01 
  945.000  3.935466e-01 
  946.000  3.935466e-01 
  947.000  3.109843e-01 
  948.000  3.597584e-01 
  949.000  4.046588e-01 
  950.000  4.046588e-01 
  951.000  4.625525e-01 
  952.000  2.837082e-01 
  953.000  4.687527e-01 
  954.000  4.687527e-01 
  955.000  4.604075e-01 
  956.000  3.487917e-01 
  957.000  5.495492e-01 
  958.000  5.495492e-01 
  959.000  3.961971e-01 
  960.000  4.871824e-01 
  961.000  4.871824e-01 
  962.000  5.650181e-01 
  963.000  6.187472e-01 
  964.000  5.198220e-01 
  965.000  5.198220e-01 
  966.000  5.926337e-01 
  967.000  7.361809e-01 
  968.000  7.361809e-01 
  969.000  7.694235e-01 
  970.000  8.192088e-01 
  971.000  8.527446e-01 
  972.000  8.527446e-01 
  973.000  8.095190e-01 
  974.000  6.951491e-01 
  975.000  6.951491e-01 
  976.000  6.830852e-01 
  977.000  8.017267e-01 
  978.000  7.796851e-01 
  979.000  7.796851e-01 
  980.000  7.805610e-01 
  981.000  9.000681e-01 
  982.000  9.000681e-01 
  983.000  8.621796e-01 
  984.000  8.976143e-01 
  985.000  8.976143e-01 
  986.000  9.517422e-01 
  987.000  9.319955e-01 
  988.000  9.319955e-01 
  989.000  9.655719e-01 
  990.000  9.506656e-01 
  991.000  9.506656e-01 
  992.000  9.628357e-01 
  993.000  9.597874e-01 
  994.000  9.597874e-01 
  995.000  9.750518e-01 
  996.000  9.754829e-01 
  997.000  9.754829e-01 
  998.000  9.758509e-01 
  999.000  9.743885e-01 
 1000.000  9.743885e-01 
 1001.000  9.748850e-01 
 1002.000  9.569805e-01 
 1003.000  9.569805e-01 
 1004.000  9.754241e-01 
 1005.000  9.766744e-01 
 1006.000  9.766744e-01 
 1007.000  9.773865e-01 
 1008.000  9.729951e-01 
 1009.000  9.729951e-01 
 1010.000  9.607835e-01 
 1011.000  9.773526e-01 
 1012.000  9.773526e-01 
 1013.000  9.779958e-01 
 1014.000  9.776000e-01 
 1015.000  9.776000e-01 
 1016.000  9.787148e-01 
 1017.000  9.771600e-01 
 1018.000  9.771600e-01 
 1019.000  9.760278e-01 
 1020.000  9.792154e-01 
 1021.000  9.792154e-01 
 1022.000  9.763485e-01 
 1023.000  9.763485e-01 
 1024.000  9.752403e-01 
 1025.000  9.791894e-01 
 1026.000  9.791894e-01 
 1027.000  9.774469e-01 
 1028.000  9.794874e-01 
 1029.000  9.794874e-01 
 1030.000  9.803149e-01 
 1031.000  9.802954e-01 
 1032.000  9.802954e-01 
 1033.000  9.803786e-01 
 1034.000  9.803786e-01 
 1035.000  9.809064e-01 
 1036.000  9.799505e-01 
 1037.000  9.799505e-01 
 1038.000  9.798442e-01 
 1039.000  9.787270e-01 
 1040.000  9.787270e-01 
 1041.000  9.779945e-01 
 1042.000  9.779945e-01 
 1043.000  9.770381e-01 
 1044.000  9.755541e-01 
 1045.000  9.755541e-01 
 1046.000  9.734969e-01 
 1047.000  9.734969e-01 
 1048.000  9.714344e-01 
 1049.000  9.673617e-01 
 1050.000  9.673617e-01 
 1051.000  9.654480e-01 
 1052.000  9.654480e-01 
 1053.000  9.626204e-01 
 1054.000  9.602069e-01 
 1055.000  9.602069e-01 
 1056.000  9.573916e-01 
 1057.000  9.573916e-01 
 1058.000  9.548993e-01 
 1059.000  9.524567e-01 
 1060.000  9.524567e-01 
 1061.000  9.508976e-01 
 1062.000  9.508976e-01 
 1063.000  9.477684e-01 
 1064.000  9.457127e-01 
 1065.000  9.457127e-01 
 1066.000  9.491377e-01 
 1067.000  9.491377e-01 
 1068.000  9.471071e-01 
 1069.000  9.469650e-01 
 1070.000  9.469650e-01 
 1071.000  9.518151e-01 
 1072.000  9.518151e-01 
 1073.000  9.547911e-01 
 1074.000  9.547911e-01 
 1075.000  9.430844e-01 
 1076.000  9.423832e-01 
 1077.000  9.423832e-01 
 1078.000  9.569029e-01 
 1079.000  9.569029e-01 
 1080.000  9.427776e-01 
 1081.000  9.427776e-01 
 1082.000  9.527997e-01 
 1083.000  9.396376e-01 
 1084.000  9.396376e-01 
 1085.000  9.234001e-01 
 1086.000  9.234001e-01 
 1087.000  9.506925e-01 
 1088.000  9.506925e-01 
 1089.000  9.385809e-01 
 1090.000  9.339816e-01 
 1091.000  9.339816e-01 
 1092.000  9.056765e-01 
 1093.000  9.056765e-01 
 1094.000  9.084423e-01 
 1095.000  9.084423e-01 
 1096.000  8.988642e-01 
 1097.000  8.988642e-01 
 1098.000  8.684230e-01 
 1099.000  7.956489e-01 
 1100.000  7.956489e-01 
 1101.000  8.020050e-01 
 1102.000  8.020050e-01 
 1103.000  7.695586e-01 
 1104.000  7.695586e-01 
 1105.000  7.435747e-01 
 1106.000  7.435747e-01 
 1107.000  7.436357e-01 
 1108.000  7.436357e-01 
 1109.000  6.785741e-01 
 1110.000  6.460367e-01 
 1111.000  6.460367e-01 
 1112.000  5.921603e-01 
 1113.000  5.921603e-01 
 1114.000  4.752657e-01 
 1115.000  4.752657e-01 
 1116.000  2.402311e-01 
 1117.000  2.402311e-01 
 1118.000  3.245224e-01 
 1119.000  3.245224e-01 
 1120.000  2.496904e-01 
 1121.000  2.496904e-01 
 1122.000  1.176915e-01 
 1123.000  2.886085e-01 
 1124.000  2.886085e-01 
 1125.000  1.332445e-01 
 1126.000  1.332445e-01 
 1127.000  1.771086e-01 
 1128.000  1.771086e-01 
 1129.000  1.603306e-01 
 1130.000  1.603306e-01 
 1131.000  4.541262e-01 
 1132.000  4.541262e-01 
 1133.000  1.652631e-01 
 1134.000  1.652631e-01 
 1135.000  9.277494e-02 
 1136.000  9.277494e-02 
 1137.000  4.384604e-01 
 1138.000  4.384604e-01 
 1139.000  4.229948e-01 
 1140.000  4.229948e-01 
 1141.000  3.875856e-01 
 1142.000  3.875856e-01 
 1143.000  4.290007e-01 
 1144.000  4.290007e-01 
 1145.000  1.971730e-01 
 1146.000  1.971730e-01 
 1147.000  2.000137e-01 
 1148.000  2.000137e-01 
 1149.000  3.448357e-01 
 1150.000  3.448357e-01 
 1151.000  4.030672e-01 
 1152.000  4.030672e-01 
 1153.000  3.613270e-01 
 1154.000  3.613270e-01 
 1155.000  4.144612e-01 
 1156.000  4.144612e-01 
 1157.000  5.425594e-01 
 1158.000  5.425594e-01 
 1159.000  6.386735e-01 
 1160.000  6.386735e-01 
 1161.000  6.163512e-01 
 1162.000  6.163512e-01 
 1163.000  7.369611e-01 
 1164.000  7.369611e-01 
 1165.000  6.962557e-01 
 1166.000  6.962557e-01 
 1167.000  7.734430e-01 
 1168.000  7.734430e-01 
 1169.000  8.028279e-01 
 1170.000  8.028279e-01 
 1171.000  8.216263e-01 
 1172.000  8.216263e-01 
 1173.000  6.951512e-01 
 1174.000  6.951512e-01 
 1175.000  8.963249e-01 
 1176.000  8.963249e-01 
 1177.000  7.738493e-01 
 1178.000  7.738493e-01 
 1179.000  8.720312e-01 
 1180.000  8.720312e-01 
 1181.000  7.029864e-01 
 1182.000  7.029864e-01 
 1183.000  8.228894e-01 
 1184.000  8.228894e-01 
 1185.000  8.531772e-01 
 1186.000  8.531772e-01 
 1187.000  7.452464e-01 
 1188.000  7.452464e-01 
 1189.000  7.452464e-01 
 1190.000  8.329833e-01 
 1191.000  8.329833e-01 
 1192.000  9.118527e-01 
 1193.000  9.118527e-01 
 1194.000  8.542537e-01 
 1195.000  8.542537e-01 
 1196.000  8.687274e-01 
 1197.000  8.687274e-01 
 1198.000  8.149484e-01 
 1199.000  8.149484e-01 
 1200.000  8.195468e-01 
