  250.000  0.000000e+00 
  251.000  0.000000e+00 
  252.000  0.000000e+00 
  253.000  0.000000e+00 
  254.000  0.000000e+00 
  255.000  0.000000e+00 
  256.000  0.000000e+00 
  257.000  0.000000e+00 
  258.000  0.000000e+00 
  259.000  0.000000e+00 
  260.000  0.000000e+00 
  261.000  0.000000e+00 
  262.000  0.000000e+00 
  263.000  0.000000e+00 
  264.000  0.000000e+00 
  265.000  0.000000e+00 
  266.000  0.000000e+00 
  267.000  0.000000e+00 
  268.000  0.000000e+00 
  269.000  0.000000e+00 
  270.000  0.000000e+00 
  271.000  0.000000e+00 
  272.000  0.000000e+00 
  273.000  0.000000e+00 
  274.000  0.000000e+00 
  275.000  0.000000e+00 
  276.000  0.000000e+00 
  277.000  0.000000e+00 
  278.000  0.000000e+00 
  279.000  0.000000e+00 
  280.000  0.000000e+00 
  281.000  0.000000e+00 
  282.000  0.000000e+00 
  283.000  0.000000e+00 
  284.000  0.000000e+00 
  285.000  0.000000e+00 
  286.000  0.000000e+00 
  287.000  0.000000e+00 
  288.000  0.000000e+00 
  289.000  0.000000e+00 
  290.000  0.000000e+00 
  291.000  2.133870e-12 
  292.000  8.089554e-11 
  293.000  7.011441e-10 
  294.000  8.097643e-09 
  295.000  3.935473e-08 
  296.000  3.595765e-07 
  297.000  1.362501e-06 
  298.000  6.690821e-06 
  299.000  1.986131e-05 
  300.000  6.108658e-05 
  301.000  1.537294e-04 
  302.000  3.320753e-04 
  303.000  8.327000e-04 
  304.000  1.178734e-03 
  305.000  2.491743e-03 
  306.000  3.798566e-03 
  307.000  6.358860e-03 
  308.000  8.861702e-03 
  309.000  1.206765e-02 
  310.000  1.808282e-02 
  311.000  2.134056e-02 
  312.000  2.701572e-02 
  313.000  3.465335e-02 
  314.000  3.838858e-02 
  315.000  4.911969e-02 
  316.000  5.245445e-02 
  317.000  6.184953e-02 
  318.000  6.795944e-02 
  319.000  8.434278e-02 
  320.000  7.460818e-02 
  321.000  1.000675e-01 
  322.000  9.047523e-02 
  323.000  1.032651e-01 
  324.000  1.223674e-01 
  325.000  1.101080e-01 
  326.000  1.296883e-01 
  327.000  1.367489e-01 
  328.000  1.276026e-01 
  329.000  1.511638e-01 
  330.000  1.562081e-01 
  331.000  1.472223e-01 
  332.000  1.646052e-01 
  333.000  1.692650e-01 
  334.000  1.677962e-01 
  335.000  1.797656e-01 
  336.000  1.852981e-01 
  337.000  1.834235e-01 
  338.000  1.918285e-01 
  339.000  1.982760e-01 
  340.000  1.983291e-01 
  341.000  2.054881e-01 
  342.000  2.108369e-01 
  343.000  2.146312e-01 
  344.000  2.146257e-01 
  345.000  2.226907e-01 
  346.000  2.271993e-01 
  347.000  2.313727e-01 
  348.000  2.355313e-01 
  349.000  2.405370e-01 
  350.000  2.445655e-01 
  351.000  2.493236e-01 
  352.000  2.532654e-01 
  353.000  2.580138e-01 
  354.000  2.615503e-01 
  355.000  2.653485e-01 
  356.000  2.700838e-01 
  357.000  2.732648e-01 
  358.000  2.766576e-01 
  359.000  2.799704e-01 
  360.000  2.833083e-01 
  361.000  2.869985e-01 
  362.000  2.927312e-01 
  363.000  2.977220e-01 
  364.000  3.026704e-01 
  365.000  3.069057e-01 
  366.000  3.114366e-01 
  367.000  3.157292e-01 
  368.000  3.198675e-01 
  369.000  3.233267e-01 
  370.000  3.275002e-01 
  371.000  3.318828e-01 
  372.000  3.356680e-01 
  373.000  3.401443e-01 
  374.000  3.444677e-01 
  375.000  3.479694e-01 
  376.000  3.517266e-01 
  377.000  3.558391e-01 
  378.000  3.589773e-01 
  379.000  3.624259e-01 
  380.000  3.658852e-01 
  381.000  3.696567e-01 
  382.000  3.748354e-01 
  383.000  3.801468e-01 
  384.000  3.838416e-01 
  385.000  3.884737e-01 
  386.000  3.921469e-01 
  387.000  3.965194e-01 
  388.000  3.999773e-01 
  389.000  4.034940e-01 
  390.000  4.079077e-01 
  391.000  4.115260e-01 
  392.000  4.146774e-01 
  393.000  4.196876e-01 
  394.000  4.232466e-01 
  395.000  4.267266e-01 
  396.000  4.311547e-01 
  397.000  4.350747e-01 
  398.000  4.380009e-01 
  399.000  4.417385e-01 
  400.000  4.451588e-01 
  401.000  4.495071e-01 
  402.000  4.533470e-01 
  403.000  4.573470e-01 
  404.000  4.601845e-01 
  405.000  4.639942e-01 
  406.000  4.674604e-01 
  407.000  4.720138e-01 
  408.000  4.744575e-01 
  409.000  4.778723e-01 
  410.000  4.813584e-01 
  411.000  4.853379e-01 
  412.000  4.893298e-01 
  413.000  4.917226e-01 
  414.000  4.959109e-01 
  415.000  4.992509e-01 
  416.000  5.034491e-01 
  417.000  5.060285e-01 
  418.000  5.090274e-01 
  419.000  5.131783e-01 
  420.000  5.160722e-01 
  421.000  5.193707e-01 
  422.000  5.220910e-01 
  423.000  5.257434e-01 
  424.000  5.286981e-01 
  425.000  5.328907e-01 
  426.000  5.359703e-01 
  427.000  5.390880e-01 
  428.000  5.419234e-01 
  429.000  5.456713e-01 
  430.000  5.489358e-01 
  431.000  5.504285e-01 
  432.000  5.548282e-01 
  433.000  5.580585e-01 
  434.000  5.602521e-01 
  435.000  5.626643e-01 
  436.000  5.661827e-01 
  437.000  5.708204e-01 
  438.000  5.732626e-01 
  439.000  5.744155e-01 
  440.000  5.779080e-01 
  441.000  5.808685e-01 
  442.000  5.845049e-01 
  443.000  5.864735e-01 
  444.000  5.893894e-01 
  445.000  5.903322e-01 
  446.000  5.936782e-01 
  447.000  5.974433e-01 
  448.000  5.982107e-01 
  449.000  6.026563e-01 
  450.000  6.065345e-01 
  451.000  6.089732e-01 
  452.000  6.109713e-01 
  453.000  6.139099e-01 
  454.000  6.178708e-01 
  455.000  6.193907e-01 
  456.000  6.217762e-01 
  457.000  6.244490e-01 
  458.000  6.265312e-01 
  459.000  6.288407e-01 
  460.000  6.305089e-01 
  461.000  6.330128e-01 
  462.000  6.363894e-01 
  463.000  6.369090e-01 
  464.000  6.401917e-01 
  465.000  6.424884e-01 
  466.000  6.466759e-01 
  467.000  6.482315e-01 
  468.000  6.506909e-01 
  469.000  6.524926e-01 
  470.000  6.546651e-01 
  471.000  6.572323e-01 
  472.000  6.581396e-01 
  473.000  6.585436e-01 
  474.000  6.571651e-01 
  475.000  6.567671e-01 
  476.000  6.573009e-01 
  477.000  6.581534e-01 
  478.000  6.594856e-01 
  479.000  6.622307e-01 
  480.000  6.659596e-01 
  481.000  6.714077e-01 
  482.000  6.757841e-01 
  483.000  6.796706e-01 
  484.000  6.817702e-01 
  485.000  6.832718e-01 
  486.000  6.846412e-01 
  487.000  6.877130e-01 
  488.000  6.893854e-01 
  489.000  6.907497e-01 
  490.000  6.938348e-01 
  491.000  6.956856e-01 
  492.000  6.975510e-01 
  493.000  6.994029e-01 
  494.000  7.007674e-01 
  495.000  7.021766e-01 
  496.000  7.032945e-01 
  497.000  7.049807e-01 
  498.000  7.062130e-01 
  499.000  7.078186e-01 
  500.000  7.090033e-01 
  501.000  7.090834e-01 
  502.000  7.077203e-01 
  503.000  7.062734e-01 
  504.000  7.022226e-01 
  505.000  7.086367e-01 
  506.000  7.095727e-01 
  507.000  7.098011e-01 
  508.000  7.149220e-01 
  509.000  7.171482e-01 
  510.000  7.202643e-01 
  511.000  7.220492e-01 
  512.000  7.234484e-01 
  513.000  7.265054e-01 
  514.000  7.276818e-01 
  515.000  7.298884e-01 
  516.000  7.308638e-01 
  517.000  7.325670e-01 
  518.000  7.330128e-01 
  519.000  7.342018e-01 
  520.000  7.347872e-01 
  521.000  7.361666e-01 
  522.000  7.365833e-01 
  523.000  7.372062e-01 
  524.000  7.375950e-01 
  525.000  7.370663e-01 
  526.000  7.375921e-01 
  527.000  7.375568e-01 
  528.000  7.375408e-01 
  529.000  7.373371e-01 
  530.000  7.374513e-01 
  531.000  7.382298e-01 
  532.000  7.388747e-01 
  533.000  7.398969e-01 
  534.000  7.412620e-01 
  535.000  7.421082e-01 
  536.000  7.435719e-01 
  537.000  7.451441e-01 
  538.000  7.460254e-01 
  539.000  7.465098e-01 
  540.000  7.476633e-01 
  541.000  7.450104e-01 
  542.000  7.469478e-01 
  543.000  7.495255e-01 
  544.000  7.505186e-01 
  545.000  7.495509e-01 
  546.000  7.486424e-01 
  547.000  7.514826e-01 
  548.000  7.544095e-01 
  549.000  7.549779e-01 
  550.000  7.560666e-01 
  551.000  7.575958e-01 
  552.000  7.581447e-01 
  553.000  7.590427e-01 
  554.000  7.598509e-01 
  555.000  7.605371e-01 
  556.000  7.603644e-01 
  557.000  7.598778e-01 
  558.000  7.595321e-01 
  559.000  7.590862e-01 
  560.000  7.586014e-01 
  561.000  7.582423e-01 
  562.000  7.580806e-01 
  563.000  7.575201e-01 
  564.000  7.569208e-01 
  565.000  7.563589e-01 
  566.000  7.560794e-01 
  567.000  7.547782e-01 
  568.000  7.532951e-01 
  569.000  7.447682e-01 
  570.000  7.435144e-01 
  571.000  7.449657e-01 
  572.000  7.397242e-01 
  573.000  7.412255e-01 
  574.000  7.381047e-01 
  575.000  7.395626e-01 
  576.000  7.388304e-01 
  577.000  7.389930e-01 
  578.000  7.435651e-01 
  579.000  7.465467e-01 
  580.000  7.494515e-01 
  581.000  7.538964e-01 
  582.000  7.578405e-01 
  583.000  7.615681e-01 
  584.000  7.666172e-01 
  585.000  7.681320e-01 
  586.000  7.706401e-01 
  587.000  7.707636e-01 
  588.000  7.682974e-01 
  589.000  7.432969e-01 
  590.000  7.419369e-01 
  591.000  7.528083e-01 
  592.000  7.346127e-01 
  593.000  7.677923e-01 
  594.000  7.507867e-01 
  595.000  7.597511e-01 
  596.000  7.655897e-01 
  597.000  7.654004e-01 
  598.000  7.665113e-01 
  599.000  7.729907e-01 
  600.000  7.765998e-01 
  601.000  7.805351e-01 
  602.000  7.825587e-01 
  603.000  7.834071e-01 
  604.000  7.851727e-01 
  605.000  7.861849e-01 
  606.000  7.882070e-01 
  607.000  7.900033e-01 
  608.000  7.921024e-01 
  609.000  7.929620e-01 
  610.000  7.946696e-01 
  611.000  7.960432e-01 
  612.000  7.980603e-01 
  613.000  7.997223e-01 
  614.000  8.009145e-01 
  615.000  8.022845e-01 
  616.000  8.041674e-01 
  617.000  8.054760e-01 
  618.000  8.063165e-01 
  619.000  8.074958e-01 
  620.000  8.083747e-01 
  621.000  8.088627e-01 
  622.000  8.090487e-01 
  623.000  8.091817e-01 
  624.000  8.091002e-01 
  625.000  8.091481e-01 
  626.000  8.085159e-01 
  627.000  8.071673e-01 
  628.000  7.674233e-01 
  629.000  7.888051e-01 
  630.000  7.949392e-01 
  631.000  8.073694e-01 
  632.000  8.108371e-01 
  633.000  8.147871e-01 
  634.000  8.186243e-01 
  635.000  8.207819e-01 
  636.000  8.237751e-01 
  637.000  8.281283e-01 
  638.000  8.327641e-01 
  639.000  8.354334e-01 
  640.000  8.376891e-01 
  641.000  8.396061e-01 
  642.000  8.430603e-01 
  643.000  8.432515e-01 
  644.000  8.456963e-01 
  645.000  8.457289e-01 
  646.000  8.383285e-01 
  647.000  8.264745e-01 
  648.000  8.135502e-01 
  649.000  8.272580e-01 
  650.000  8.485256e-01 
  651.000  8.513925e-01 
  652.000  8.437956e-01 
  653.000  8.528422e-01 
  654.000  8.531101e-01 
  655.000  8.323114e-01 
  656.000  8.476828e-01 
  657.000  8.526313e-01 
  658.000  8.610021e-01 
  659.000  8.661979e-01 
  660.000  8.654330e-01 
  661.000  8.689883e-01 
  662.000  8.691120e-01 
  663.000  8.695645e-01 
  664.000  8.715081e-01 
  665.000  8.723897e-01 
  666.000  8.738459e-01 
  667.000  8.756973e-01 
  668.000  8.765066e-01 
  669.000  8.778550e-01 
  670.000  8.787314e-01 
  671.000  8.803643e-01 
  672.000  8.807241e-01 
  673.000  8.820923e-01 
  674.000  8.826198e-01 
  675.000  8.840333e-01 
  676.000  8.844430e-01 
  677.000  8.852105e-01 
  678.000  8.864402e-01 
  679.000  8.870698e-01 
  680.000  8.882679e-01 
  681.000  8.884814e-01 
  682.000  8.903872e-01 
  683.000  8.898444e-01 
  684.000  8.910062e-01 
  685.000  8.927937e-01 
  686.000  8.932197e-01 
  687.000  4.969876e-01 
  688.000  6.867447e-01 
  689.000  7.429254e-01 
  690.000  7.781299e-01 
  691.000  8.113717e-01 
  692.000  8.557759e-01 
  693.000  8.305725e-01 
  694.000  7.977408e-01 
  695.000  8.438305e-01 
  696.000  8.369012e-01 
  697.000  8.934235e-01 
  698.000  8.923279e-01 
  699.000  8.647088e-01 
  700.000  8.670665e-01 
  701.000  8.470964e-01 
  702.000  8.545458e-01 
  703.000  8.640971e-01 
  704.000  8.705084e-01 
  705.000  8.716482e-01 
  706.000  8.833097e-01 
  707.000  8.905637e-01 
  708.000  8.956420e-01 
  709.000  8.972108e-01 
  710.000  8.947006e-01 
  711.000  9.022506e-01 
  712.000  8.995024e-01 
  713.000  9.037629e-01 
  714.000  9.007601e-01 
  715.000  8.825873e-01 
  716.000  8.878067e-01 
  717.000  8.189335e-01 
  718.000  7.048276e-01 
  719.000  6.563752e-01 
  720.000  7.065454e-01 
  721.000  8.576682e-01 
  722.000  8.580703e-01 
  723.000  8.448206e-01 
  724.000  7.127203e-01 
  725.000  7.248082e-01 
  726.000  8.004299e-01 
  727.000  7.669972e-01 
  728.000  7.039520e-01 
  729.000  7.315758e-01 
  730.000  8.120522e-01 
  731.000  7.704455e-01 
  732.000  7.874090e-01 
  733.000  8.551721e-01 
  734.000  8.975288e-01 
  735.000  8.690973e-01 
  736.000  8.903223e-01 
  737.000  8.894765e-01 
  738.000  8.999744e-01 
  739.000  9.012303e-01 
  740.000  9.158440e-01 
  741.000  9.239150e-01 
  742.000  9.259005e-01 
  743.000  9.256272e-01 
  744.000  9.279500e-01 
  745.000  9.303461e-01 
  746.000  9.318645e-01 
  747.000  9.318034e-01 
  748.000  9.324139e-01 
  749.000  9.327155e-01 
  750.000  9.332801e-01 
  751.000  9.333712e-01 
  752.000  9.348462e-01 
  753.000  9.351966e-01 
  754.000  9.354554e-01 
  755.000  9.357130e-01 
  756.000  9.358805e-01 
  757.000  9.367637e-01 
  758.000  9.375517e-01 
  759.000  9.139869e-01 
  760.000  1.607156e-01 
  761.000  7.834418e-02 
  762.000  4.848712e-01 
  763.000  3.545697e-01 
  764.000  4.245540e-01 
  765.000  5.870810e-01 
  766.000  7.406429e-01 
  767.000  7.968068e-01 
  768.000  8.953395e-01 
  769.000  9.212070e-01 
  770.000  9.219100e-01 
  771.000  9.363678e-01 
  772.000  9.418300e-01 
  773.000  9.420005e-01 
  774.000  9.420227e-01 
  775.000  9.422914e-01 
  776.000  9.426259e-01 
  777.000  9.431034e-01 
  778.000  9.433802e-01 
  779.000  9.436196e-01 
  780.000  9.438193e-01 
  781.000  9.443835e-01 
  782.000  9.445598e-01 
  783.000  9.450399e-01 
  784.000  9.439812e-01 
  785.000  9.432062e-01 
  786.000  9.386461e-01 
  787.000  9.355500e-01 
  788.000  9.254186e-01 
  789.000  9.265051e-01 
  790.000  9.071883e-01 
  791.000  9.114916e-01 
  792.000  9.181113e-01 
  793.000  9.246212e-01 
  794.000  9.463637e-01 
  795.000  9.367687e-01 
  796.000  8.900940e-01 
  797.000  9.232482e-01 
  798.000  9.282223e-01 
  799.000  9.346952e-01 
  800.000  9.155120e-01 
  801.000  9.060858e-01 
  802.000  9.178866e-01 
  803.000  9.159094e-01 
  804.000  9.155437e-01 
  805.000  9.224097e-01 
  806.000  9.410825e-01 
  807.000  9.311030e-01 
  808.000  9.417437e-01 
  809.000  9.256037e-01 
  810.000  9.158921e-01 
  811.000  9.145674e-01 
  812.000  8.951546e-01 
  813.000  8.568529e-01 
  814.000  8.017364e-01 
  815.000  7.543757e-01 
  816.000  7.939665e-01 
  817.000  6.423922e-01 
  818.000  7.614921e-01 
  819.000  7.857635e-01 
  820.000  7.536495e-01 
  821.000  9.112906e-01 
  822.000  8.767993e-01 
  823.000  6.046392e-01 
  824.000  8.350858e-01 
  825.000  8.913296e-01 
  826.000  8.395506e-01 
  827.000  8.889478e-01 
  828.000  7.651785e-01 
  829.000  8.573496e-01 
  830.000  8.397713e-01 
  831.000  8.507141e-01 
  832.000  8.340288e-01 
  833.000  8.862033e-01 
  834.000  8.851933e-01 
  835.000  9.098863e-01 
  836.000  9.100009e-01 
  837.000  9.101129e-01 
  838.000  9.275372e-01 
  839.000  9.393014e-01 
  840.000  9.402192e-01 
  841.000  9.402192e-01 
  842.000  9.254534e-01 
  843.000  9.554638e-01 
  844.000  9.394564e-01 
  845.000  9.520135e-01 
  846.000  9.557721e-01 
  847.000  9.589109e-01 
  848.000  9.546759e-01 
  849.000  9.566539e-01 
  850.000  9.554405e-01 
  851.000  9.521902e-01 
  852.000  9.578545e-01 
  853.000  9.602435e-01 
  854.000  9.587200e-01 
  855.000  9.587200e-01 
  856.000  9.603974e-01 
  857.000  9.639676e-01 
  858.000  9.607992e-01 
  859.000  9.628485e-01 
  860.000  9.650567e-01 
  861.000  9.642159e-01 
  862.000  9.653175e-01 
  863.000  9.649073e-01 
  864.000  9.660119e-01 
  865.000  9.660119e-01 
  866.000  9.660171e-01 
  867.000  9.663282e-01 
  868.000  9.662560e-01 
  869.000  9.664676e-01 
  870.000  9.665301e-01 
  871.000  9.668987e-01 
  872.000  9.671375e-01 
  873.000  9.669608e-01 
  874.000  9.669608e-01 
  875.000  9.676341e-01 
  876.000  9.677702e-01 
  877.000  9.676119e-01 
  878.000  9.672927e-01 
  879.000  9.672490e-01 
  880.000  9.681364e-01 
  881.000  9.681364e-01 
  882.000  9.659743e-01 
  883.000  9.668552e-01 
  884.000  9.669737e-01 
  885.000  9.673553e-01 
  886.000  9.559147e-01 
  887.000  9.663545e-01 
  888.000  9.663545e-01 
  889.000  9.632210e-01 
  890.000  9.582602e-01 
  891.000  9.656926e-01 
  892.000  9.552460e-01 
  893.000  9.215049e-01 
  894.000  9.215049e-01 
  895.000  8.775559e-01 
  896.000  8.269592e-01 
  897.000  6.970931e-01 
  898.000  8.115510e-01 
  899.000  6.198393e-01 
  900.000  6.198393e-01 
  901.000  6.612657e-01 
  902.000  7.166587e-01 
  903.000  7.655543e-01 
  904.000  8.904716e-01 
  905.000  8.717720e-01 
  906.000  8.717720e-01 
  907.000  7.121761e-01 
  908.000  7.027302e-01 
  909.000  6.973979e-01 
  910.000  6.602471e-01 
  911.000  6.602471e-01 
  912.000  7.898027e-01 
  913.000  7.200025e-01 
  914.000  6.874302e-01 
  915.000  6.365411e-01 
  916.000  6.365411e-01 
  917.000  7.802320e-01 
  918.000  6.505859e-01 
  919.000  7.718560e-01 
  920.000  8.822618e-01 
  921.000  8.822618e-01 
  922.000  8.418025e-01 
  923.000  8.445833e-01 
  924.000  7.908412e-01 
  925.000  7.908412e-01 
  926.000  8.177270e-01 
  927.000  8.292277e-01 
  928.000  6.395091e-01 
  929.000  5.944158e-01 
  930.000  5.944158e-01 
  931.000  4.548740e-01 
  932.000  2.772093e-01 
  933.000  2.475594e-01 
  934.000  2.475594e-01 
  935.000  2.631195e-01 
  936.000  2.323340e-01 
  937.000  1.875664e-01 
  938.000  1.875664e-01 
  939.000  3.413626e-01 
  940.000  4.852709e-01 
  941.000  4.309067e-01 
  942.000  4.309067e-01 
  943.000  3.245303e-01 
  944.000  3.324333e-01 
  945.000  4.125838e-01 
  946.000  4.125838e-01 
  947.000  3.306303e-01 
  948.000  3.770447e-01 
  949.000  4.246316e-01 
  950.000  4.246316e-01 
  951.000  4.802558e-01 
  952.000  3.026055e-01 
  953.000  4.865619e-01 
  954.000  4.865619e-01 
  955.000  4.791273e-01 
  956.000  3.647770e-01 
  957.000  5.650696e-01 
  958.000  5.650696e-01 
  959.000  4.132263e-01 
  960.000  5.049015e-01 
  961.000  5.049015e-01 
  962.000  5.808006e-01 
  963.000  6.351907e-01 
  964.000  5.347332e-01 
  965.000  5.347332e-01 
  966.000  6.098737e-01 
  967.000  7.484401e-01 
  968.000  7.484401e-01 
  969.000  7.810706e-01 
  970.000  8.304750e-01 
  971.000  8.622143e-01 
  972.000  8.622143e-01 
  973.000  8.215379e-01 
  974.000  7.086696e-01 
  975.000  7.086696e-01 
  976.000  6.960263e-01 
  977.000  8.117843e-01 
  978.000  7.904173e-01 
  979.000  7.904173e-01 
  980.000  7.914376e-01 
  981.000  9.070871e-01 
  982.000  9.070871e-01 
  983.000  8.702713e-01 
  984.000  9.046882e-01 
  985.000  9.046882e-01 
  986.000  9.553267e-01 
  987.000  9.369139e-01 
  988.000  9.369139e-01 
  989.000  9.681655e-01 
  990.000  9.543180e-01 
  991.000  9.543180e-01 
  992.000  9.656200e-01 
  993.000  9.627908e-01 
  994.000  9.627908e-01 
  995.000  9.769487e-01 
  996.000  9.773474e-01 
  997.000  9.773474e-01 
  998.000  9.776876e-01 
  999.000  9.763350e-01 
 1000.000  9.763350e-01 
 1001.000  9.767942e-01 
 1002.000  9.601508e-01 
 1003.000  9.601508e-01 
 1004.000  9.772930e-01 
 1005.000  9.784492e-01 
 1006.000  9.784492e-01 
 1007.000  9.791077e-01 
 1008.000  9.750463e-01 
 1009.000  9.750463e-01 
 1010.000  9.636939e-01 
 1011.000  9.790763e-01 
 1012.000  9.790763e-01 
 1013.000  9.796710e-01 
 1014.000  9.793051e-01 
 1015.000  9.793051e-01 
 1016.000  9.803358e-01 
 1017.000  9.788983e-01 
 1018.000  9.788983e-01 
 1019.000  9.778513e-01 
 1020.000  9.807988e-01 
 1021.000  9.807988e-01 
 1022.000  9.781480e-01 
 1023.000  9.781480e-01 
 1024.000  9.771231e-01 
 1025.000  9.807748e-01 
 1026.000  9.807748e-01 
 1027.000  9.791635e-01 
 1028.000  9.810504e-01 
 1029.000  9.810504e-01 
 1030.000  9.818152e-01 
 1031.000  9.817972e-01 
 1032.000  9.817972e-01 
 1033.000  9.818741e-01 
 1034.000  9.818741e-01 
 1035.000  9.823621e-01 
 1036.000  9.814783e-01 
 1037.000  9.814783e-01 
 1038.000  9.813801e-01 
 1039.000  9.803472e-01 
 1040.000  9.803472e-01 
 1041.000  9.796699e-01 
 1042.000  9.796699e-01 
 1043.000  9.787855e-01 
 1044.000  9.774131e-01 
 1045.000  9.774131e-01 
 1046.000  9.755105e-01 
 1047.000  9.755105e-01 
 1048.000  9.736024e-01 
 1049.000  9.698341e-01 
 1050.000  9.698341e-01 
 1051.000  9.680629e-01 
 1052.000  9.680629e-01 
 1053.000  9.654455e-01 
 1054.000  9.632108e-01 
 1055.000  9.632108e-01 
 1056.000  9.606037e-01 
 1057.000  9.606037e-01 
 1058.000  9.582951e-01 
 1059.000  9.560323e-01 
 1060.000  9.560323e-01 
 1061.000  9.545876e-01 
 1062.000  9.545876e-01 
 1063.000  9.516876e-01 
 1064.000  9.497820e-01 
 1065.000  9.497820e-01 
 1066.000  9.529567e-01 
 1067.000  9.529567e-01 
 1068.000  9.510745e-01 
 1069.000  9.509429e-01 
 1070.000  9.509429e-01 
 1071.000  9.554378e-01 
 1072.000  9.554378e-01 
 1073.000  9.581950e-01 
 1074.000  9.581950e-01 
 1075.000  9.472601e-01 
 1076.000  9.465922e-01 
 1077.000  9.465922e-01 
 1078.000  9.601274e-01 
 1079.000  9.601274e-01 
 1080.000  9.469466e-01 
 1081.000  9.469466e-01 
 1082.000  9.562984e-01 
 1083.000  9.439946e-01 
 1084.000  9.439946e-01 
 1085.000  9.288785e-01 
 1086.000  9.288785e-01 
 1087.000  9.542890e-01 
 1088.000  9.542890e-01 
 1089.000  9.429647e-01 
 1090.000  9.386206e-01 
 1091.000  9.386206e-01 
 1092.000  9.121238e-01 
 1093.000  9.121238e-01 
 1094.000  9.148167e-01 
 1095.000  9.148167e-01 
 1096.000  9.058194e-01 
 1097.000  9.058194e-01 
 1098.000  8.772215e-01 
 1099.000  8.072085e-01 
 1100.000  8.072085e-01 
 1101.000  8.132393e-01 
 1102.000  8.132393e-01 
 1103.000  7.822402e-01 
 1104.000  7.822402e-01 
 1105.000  7.570184e-01 
 1106.000  7.570184e-01 
 1107.000  7.568465e-01 
 1108.000  7.568465e-01 
 1109.000  6.940842e-01 
 1110.000  6.585152e-01 
 1111.000  6.585152e-01 
 1112.000  6.072648e-01 
 1113.000  6.072648e-01 
 1114.000  4.923654e-01 
 1115.000  4.923654e-01 
 1116.000  2.554813e-01 
 1117.000  2.554813e-01 
 1118.000  3.422473e-01 
 1119.000  3.422473e-01 
 1120.000  2.677861e-01 
 1121.000  2.677861e-01 
 1122.000  1.295645e-01 
 1123.000  3.085325e-01 
 1124.000  3.085325e-01 
 1125.000  1.474153e-01 
 1126.000  1.474153e-01 
 1127.000  1.936631e-01 
 1128.000  1.936631e-01 
 1129.000  1.767816e-01 
 1130.000  1.767816e-01 
 1131.000  4.757751e-01 
 1132.000  4.757751e-01 
 1133.000  1.807185e-01 
 1134.000  1.807185e-01 
 1135.000  1.024756e-01 
 1136.000  1.024756e-01 
 1137.000  4.614882e-01 
 1138.000  4.614882e-01 
 1139.000  4.421149e-01 
 1140.000  4.421149e-01 
 1141.000  4.086387e-01 
 1142.000  4.086387e-01 
 1143.000  4.483693e-01 
 1144.000  4.483693e-01 
 1145.000  2.149244e-01 
 1146.000  2.149244e-01 
 1147.000  2.162845e-01 
 1148.000  2.162845e-01 
 1149.000  3.614988e-01 
 1150.000  3.614988e-01 
 1151.000  4.238887e-01 
 1152.000  4.238887e-01 
 1153.000  3.814897e-01 
 1154.000  3.814897e-01 
 1155.000  4.339827e-01 
 1156.000  4.339827e-01 
 1157.000  5.596004e-01 
 1158.000  5.596004e-01 
 1159.000  6.559150e-01 
 1160.000  6.559150e-01 
 1161.000  6.330150e-01 
 1162.000  6.330150e-01 
 1163.000  7.486936e-01 
 1164.000  7.486936e-01 
 1165.000  7.101574e-01 
 1166.000  7.101574e-01 
 1167.000  7.851285e-01 
 1168.000  7.851285e-01 
 1169.000  8.140957e-01 
 1170.000  8.140957e-01 
 1171.000  8.313826e-01 
 1172.000  8.313826e-01 
 1173.000  7.092699e-01 
 1174.000  7.092699e-01 
 1175.000  9.034775e-01 
 1176.000  9.034775e-01 
 1177.000  7.845831e-01 
 1178.000  7.845831e-01 
 1179.000  8.791149e-01 
 1180.000  8.791149e-01 
 1181.000  7.156894e-01 
 1182.000  7.156894e-01 
 1183.000  8.321275e-01 
 1184.000  8.321275e-01 
 1185.000  8.626667e-01 
 1186.000  8.626667e-01 
 1187.000  7.566869e-01 
 1188.000  7.566869e-01 
 1189.000  7.566869e-01 
 1190.000  8.418575e-01 
 1191.000  8.418575e-01 
 1192.000  9.180386e-01 
 1193.000  9.180386e-01 
 1194.000  8.620689e-01 
 1195.000  8.620689e-01 
 1196.000  8.775773e-01 
 1197.000  8.775773e-01 
 1198.000  8.250635e-01 
 1199.000  8.250635e-01 
 1200.000  8.286846e-01 
