  250.000  0.000000e+00 
  251.000  0.000000e+00 
  252.000  0.000000e+00 
  253.000  0.000000e+00 
  254.000  0.000000e+00 
  255.000  0.000000e+00 
  256.000  0.000000e+00 
  257.000  0.000000e+00 
  258.000  0.000000e+00 
  259.000  0.000000e+00 
  260.000  0.000000e+00 
  261.000  0.000000e+00 
  262.000  0.000000e+00 
  263.000  0.000000e+00 
  264.000  0.000000e+00 
  265.000  0.000000e+00 
  266.000  0.000000e+00 
  267.000  0.000000e+00 
  268.000  0.000000e+00 
  269.000  0.000000e+00 
  270.000  0.000000e+00 
  271.000  0.000000e+00 
  272.000  0.000000e+00 
  273.000  0.000000e+00 
  274.000  0.000000e+00 
  275.000  0.000000e+00 
  276.000  0.000000e+00 
  277.000  0.000000e+00 
  278.000  0.000000e+00 
  279.000  0.000000e+00 
  280.000  0.000000e+00 
  281.000  0.000000e+00 
  282.000  0.000000e+00 
  283.000  0.000000e+00 
  284.000  0.000000e+00 
  285.000  0.000000e+00 
  286.000  0.000000e+00 
  287.000  0.000000e+00 
  288.000  0.000000e+00 
  289.000  0.000000e+00 
  290.000  0.000000e+00 
  291.000  0.000000e+00 
  292.000  0.000000e+00 
  293.000  0.000000e+00 
  294.000  6.808772e-15 
  295.000  1.242594e-13 
  296.000  7.278687e-12 
  297.000  8.381618e-11 
  298.000  1.555108e-09 
  299.000  1.135762e-08 
  300.000  8.891970e-08 
  301.000  4.801490e-07 
  302.000  1.948083e-06 
  303.000  1.045657e-05 
  304.000  1.946009e-05 
  305.000  7.615824e-05 
  306.000  1.621563e-04 
  307.000  4.121271e-04 
  308.000  7.458111e-04 
  309.000  1.293771e-03 
  310.000  2.679422e-03 
  311.000  3.566558e-03 
  312.000  5.423399e-03 
  313.000  8.427981e-03 
  314.000  9.982398e-03 
  315.000  1.545058e-02 
  316.000  1.715355e-02 
  317.000  2.282581e-02 
  318.000  2.665997e-02 
  319.000  3.912288e-02 
  320.000  3.058893e-02 
  321.000  5.185086e-02 
  322.000  4.222870e-02 
  323.000  5.311149e-02 
  324.000  7.141752e-02 
  325.000  5.783919e-02 
  326.000  7.714069e-02 
  327.000  8.382099e-02 
  328.000  7.245980e-02 
  329.000  9.772064e-02 
  330.000  1.023509e-01 
  331.000  9.037729e-02 
  332.000  1.095514e-01 
  333.000  1.138015e-01 
  334.000  1.103538e-01 
  335.000  1.236821e-01 
  336.000  1.290100e-01 
  337.000  1.248931e-01 
  338.000  1.338629e-01 
  339.000  1.405183e-01 
  340.000  1.390349e-01 
  341.000  1.466540e-01 
  342.000  1.519000e-01 
  343.000  1.550178e-01 
  344.000  1.534104e-01 
  345.000  1.621132e-01 
  346.000  1.664194e-01 
  347.000  1.699436e-01 
  348.000  1.738325e-01 
  349.000  1.785695e-01 
  350.000  1.822072e-01 
  351.000  1.866762e-01 
  352.000  1.902483e-01 
  353.000  1.945667e-01 
  354.000  1.977937e-01 
  355.000  2.012697e-01 
  356.000  2.056178e-01 
  357.000  2.085476e-01 
  358.000  2.116803e-01 
  359.000  2.147470e-01 
  360.000  2.178445e-01 
  361.000  2.212778e-01 
  362.000  2.266296e-01 
  363.000  2.313067e-01 
  364.000  2.359602e-01 
  365.000  2.399555e-01 
  366.000  2.442427e-01 
  367.000  2.483163e-01 
  368.000  2.522544e-01 
  369.000  2.555545e-01 
  370.000  2.595457e-01 
  371.000  2.637484e-01 
  372.000  2.673875e-01 
  373.000  2.717021e-01 
  374.000  2.758806e-01 
  375.000  2.792729e-01 
  376.000  2.829206e-01 
  377.000  2.869226e-01 
  378.000  2.899830e-01 
  379.000  2.933525e-01 
  380.000  2.967393e-01 
  381.000  3.004391e-01 
  382.000  3.055324e-01 
  383.000  3.107715e-01 
  384.000  3.144249e-01 
  385.000  3.190156e-01 
  386.000  3.226640e-01 
  387.000  3.270164e-01 
  388.000  3.304654e-01 
  389.000  3.339794e-01 
  390.000  3.383988e-01 
  391.000  3.420293e-01 
  392.000  3.451967e-01 
  393.000  3.502427e-01 
  394.000  3.538346e-01 
  395.000  3.573531e-01 
  396.000  3.618387e-01 
  397.000  3.658176e-01 
  398.000  3.687926e-01 
  399.000  3.725986e-01 
  400.000  3.760874e-01 
  401.000  3.805309e-01 
  402.000  3.844623e-01 
  403.000  3.885650e-01 
  404.000  3.914798e-01 
  405.000  3.953976e-01 
  406.000  3.989456e-01 
  407.000  4.036123e-01 
  408.000  4.061125e-01 
  409.000  4.096154e-01 
  410.000  4.132012e-01 
  411.000  4.173267e-01 
  412.000  4.214758e-01 
  413.000  4.239652e-01 
  414.000  4.283300e-01 
  415.000  4.318155e-01 
  416.000  4.361973e-01 
  417.000  4.388919e-01 
  418.000  4.420275e-01 
  419.000  4.463752e-01 
  420.000  4.494084e-01 
  421.000  4.528521e-01 
  422.000  4.556944e-01 
  423.000  4.595189e-01 
  424.000  4.626108e-01 
  425.000  4.670175e-01 
  426.000  4.702778e-01 
  427.000  4.735813e-01 
  428.000  4.765895e-01 
  429.000  4.805719e-01 
  430.000  4.840426e-01 
  431.000  4.856159e-01 
  432.000  4.902851e-01 
  433.000  4.937112e-01 
  434.000  4.960373e-01 
  435.000  4.985890e-01 
  436.000  5.023174e-01 
  437.000  5.072343e-01 
  438.000  5.098196e-01 
  439.000  5.110055e-01 
  440.000  5.147157e-01 
  441.000  5.178816e-01 
  442.000  5.217629e-01 
  443.000  5.238611e-01 
  444.000  5.269696e-01 
  445.000  5.279592e-01 
  446.000  5.315535e-01 
  447.000  5.355958e-01 
  448.000  5.363972e-01 
  449.000  5.411877e-01 
  450.000  5.453649e-01 
  451.000  5.479658e-01 
  452.000  5.500967e-01 
  453.000  5.532290e-01 
  454.000  5.574708e-01 
  455.000  5.590830e-01 
  456.000  5.614896e-01 
  457.000  5.642157e-01 
  458.000  5.662057e-01 
  459.000  5.685830e-01 
  460.000  5.702013e-01 
  461.000  5.729234e-01 
  462.000  5.766014e-01 
  463.000  5.771531e-01 
  464.000  5.807337e-01 
  465.000  5.832407e-01 
  466.000  5.877640e-01 
  467.000  5.894184e-01 
  468.000  5.920678e-01 
  469.000  5.940070e-01 
  470.000  5.963245e-01 
  471.000  5.990192e-01 
  472.000  5.998977e-01 
  473.000  6.002195e-01 
  474.000  5.985923e-01 
  475.000  5.979930e-01 
  476.000  5.981926e-01 
  477.000  5.988367e-01 
  478.000  6.000749e-01 
  479.000  6.027915e-01 
  480.000  6.065289e-01 
  481.000  6.122829e-01 
  482.000  6.168905e-01 
  483.000  6.209501e-01 
  484.000  6.230692e-01 
  485.000  6.245559e-01 
  486.000  6.260833e-01 
  487.000  6.295065e-01 
  488.000  6.313827e-01 
  489.000  6.329180e-01 
  490.000  6.363373e-01 
  491.000  6.383002e-01 
  492.000  6.402289e-01 
  493.000  6.421321e-01 
  494.000  6.435111e-01 
  495.000  6.449686e-01 
  496.000  6.457373e-01 
  497.000  6.470891e-01 
  498.000  6.479971e-01 
  499.000  6.491824e-01 
  500.000  6.499565e-01 
  501.000  6.495723e-01 
  502.000  6.472691e-01 
  503.000  6.450271e-01 
  504.000  6.401591e-01 
  505.000  6.464215e-01 
  506.000  6.475086e-01 
  507.000  6.478263e-01 
  508.000  6.534906e-01 
  509.000  6.560206e-01 
  510.000  6.595476e-01 
  511.000  6.615147e-01 
  512.000  6.630056e-01 
  513.000  6.663630e-01 
  514.000  6.676124e-01 
  515.000  6.700371e-01 
  516.000  6.708257e-01 
  517.000  6.723351e-01 
  518.000  6.726376e-01 
  519.000  6.735791e-01 
  520.000  6.740150e-01 
  521.000  6.748778e-01 
  522.000  6.750148e-01 
  523.000  6.752650e-01 
  524.000  6.751391e-01 
  525.000  6.741543e-01 
  526.000  6.737874e-01 
  527.000  6.728888e-01 
  528.000  6.720584e-01 
  529.000  6.710055e-01 
  530.000  6.705449e-01 
  531.000  6.709620e-01 
  532.000  6.713561e-01 
  533.000  6.722407e-01 
  534.000  6.733330e-01 
  535.000  6.740538e-01 
  536.000  6.753651e-01 
  537.000  6.767769e-01 
  538.000  6.776005e-01 
  539.000  6.778852e-01 
  540.000  6.788951e-01 
  541.000  6.756843e-01 
  542.000  6.774827e-01 
  543.000  6.800189e-01 
  544.000  6.807652e-01 
  545.000  6.793821e-01 
  546.000  6.782278e-01 
  547.000  6.811560e-01 
  548.000  6.841065e-01 
  549.000  6.846410e-01 
  550.000  6.856053e-01 
  551.000  6.870393e-01 
  552.000  6.872979e-01 
  553.000  6.878977e-01 
  554.000  6.884481e-01 
  555.000  6.887922e-01 
  556.000  6.878415e-01 
  557.000  6.864285e-01 
  558.000  6.852719e-01 
  559.000  6.836470e-01 
  560.000  6.822498e-01 
  561.000  6.811296e-01 
  562.000  6.803123e-01 
  563.000  6.789873e-01 
  564.000  6.776187e-01 
  565.000  6.763643e-01 
  566.000  6.754138e-01 
  567.000  6.734910e-01 
  568.000  6.713856e-01 
  569.000  6.613735e-01 
  570.000  6.594060e-01 
  571.000  6.608276e-01 
  572.000  6.551604e-01 
  573.000  6.565938e-01 
  574.000  6.531791e-01 
  575.000  6.546059e-01 
  576.000  6.542031e-01 
  577.000  6.546527e-01 
  578.000  6.599377e-01 
  579.000  6.634729e-01 
  580.000  6.668212e-01 
  581.000  6.719627e-01 
  582.000  6.765656e-01 
  583.000  6.808836e-01 
  584.000  6.868318e-01 
  585.000  6.886697e-01 
  586.000  6.912888e-01 
  587.000  6.913392e-01 
  588.000  6.885270e-01 
  589.000  6.618488e-01 
  590.000  6.600149e-01 
  591.000  6.713389e-01 
  592.000  6.520185e-01 
  593.000  6.868239e-01 
  594.000  6.685224e-01 
  595.000  6.772516e-01 
  596.000  6.830568e-01 
  597.000  6.826638e-01 
  598.000  6.833441e-01 
  599.000  6.898625e-01 
  600.000  6.932643e-01 
  601.000  6.974933e-01 
  602.000  6.998127e-01 
  603.000  7.008046e-01 
  604.000  7.027717e-01 
  605.000  7.039606e-01 
  606.000  7.067519e-01 
  607.000  7.091881e-01 
  608.000  7.121397e-01 
  609.000  7.133473e-01 
  610.000  7.157611e-01 
  611.000  7.177113e-01 
  612.000  7.206698e-01 
  613.000  7.230171e-01 
  614.000  7.247398e-01 
  615.000  7.267231e-01 
  616.000  7.296135e-01 
  617.000  7.316707e-01 
  618.000  7.330063e-01 
  619.000  7.349591e-01 
  620.000  7.366827e-01 
  621.000  7.378305e-01 
  622.000  7.383103e-01 
  623.000  7.392924e-01 
  624.000  7.395922e-01 
  625.000  7.400926e-01 
  626.000  7.398680e-01 
  627.000  7.387960e-01 
  628.000  6.957746e-01 
  629.000  7.199119e-01 
  630.000  7.260432e-01 
  631.000  7.403864e-01 
  632.000  7.446630e-01 
  633.000  7.495151e-01 
  634.000  7.545035e-01 
  635.000  7.570600e-01 
  636.000  7.613825e-01 
  637.000  7.673287e-01 
  638.000  7.730976e-01 
  639.000  7.768639e-01 
  640.000  7.798408e-01 
  641.000  7.826838e-01 
  642.000  7.867613e-01 
  643.000  7.872192e-01 
  644.000  7.901976e-01 
  645.000  7.905973e-01 
  646.000  7.825550e-01 
  647.000  7.697690e-01 
  648.000  7.558908e-01 
  649.000  7.715154e-01 
  650.000  7.958409e-01 
  651.000  7.992951e-01 
  652.000  7.911581e-01 
  653.000  8.017106e-01 
  654.000  8.027789e-01 
  655.000  7.799733e-01 
  656.000  7.973098e-01 
  657.000  8.031896e-01 
  658.000  8.131685e-01 
  659.000  8.195825e-01 
  660.000  8.189055e-01 
  661.000  8.234829e-01 
  662.000  8.237695e-01 
  663.000  8.248113e-01 
  664.000  8.272678e-01 
  665.000  8.285982e-01 
  666.000  8.306292e-01 
  667.000  8.332509e-01 
  668.000  8.344656e-01 
  669.000  8.364428e-01 
  670.000  8.376957e-01 
  671.000  8.400511e-01 
  672.000  8.405559e-01 
  673.000  8.425482e-01 
  674.000  8.432813e-01 
  675.000  8.453293e-01 
  676.000  8.459162e-01 
  677.000  8.470314e-01 
  678.000  8.487774e-01 
  679.000  8.497136e-01 
  680.000  8.514782e-01 
  681.000  8.519339e-01 
  682.000  8.546998e-01 
  683.000  8.543071e-01 
  684.000  8.561912e-01 
  685.000  8.584026e-01 
  686.000  8.592848e-01 
  687.000  4.472564e-01 
  688.000  6.333435e-01 
  689.000  6.954154e-01 
  690.000  7.307956e-01 
  691.000  7.696506e-01 
  692.000  8.181429e-01 
  693.000  7.903338e-01 
  694.000  7.542114e-01 
  695.000  8.060298e-01 
  696.000  7.987809e-01 
  697.000  8.621646e-01 
  698.000  8.610452e-01 
  699.000  8.295990e-01 
  700.000  8.326703e-01 
  701.000  8.097385e-01 
  702.000  8.184630e-01 
  703.000  8.300018e-01 
  704.000  8.374822e-01 
  705.000  8.387233e-01 
  706.000  8.521755e-01 
  707.000  8.605711e-01 
  708.000  8.666649e-01 
  709.000  8.686554e-01 
  710.000  8.658137e-01 
  711.000  8.749284e-01 
  712.000  8.719189e-01 
  713.000  8.770044e-01 
  714.000  8.735319e-01 
  715.000  8.527592e-01 
  716.000  8.589861e-01 
  717.000  7.802136e-01 
  718.000  6.638418e-01 
  719.000  6.156902e-01 
  720.000  6.587158e-01 
  721.000  8.252027e-01 
  722.000  8.259612e-01 
  723.000  8.112568e-01 
  724.000  6.736795e-01 
  725.000  6.799193e-01 
  726.000  7.612681e-01 
  727.000  7.250802e-01 
  728.000  6.582353e-01 
  729.000  6.853838e-01 
  730.000  7.749970e-01 
  731.000  7.286483e-01 
  732.000  7.472122e-01 
  733.000  8.239620e-01 
  734.000  8.725808e-01 
  735.000  8.400328e-01 
  736.000  8.643228e-01 
  737.000  8.634526e-01 
  738.000  8.755915e-01 
  739.000  8.772238e-01 
  740.000  8.941936e-01 
  741.000  9.037735e-01 
  742.000  9.062656e-01 
  743.000  9.059948e-01 
  744.000  9.087957e-01 
  745.000  9.116857e-01 
  746.000  9.136185e-01 
  747.000  9.136630e-01 
  748.000  9.144405e-01 
  749.000  9.148651e-01 
  750.000  9.156322e-01 
  751.000  9.158180e-01 
  752.000  9.177986e-01 
  753.000  9.182827e-01 
  754.000  9.186922e-01 
  755.000  9.191048e-01 
  756.000  9.193643e-01 
  757.000  9.204665e-01 
  758.000  9.215469e-01 
  759.000  8.944712e-01 
  760.000  1.268363e-01 
  761.000  5.246561e-02 
  762.000  4.447891e-01 
  763.000  3.085311e-01 
  764.000  3.787344e-01 
  765.000  5.442961e-01 
  766.000  7.082863e-01 
  767.000  7.635105e-01 
  768.000  8.739465e-01 
  769.000  9.025366e-01 
  770.000  9.037639e-01 
  771.000  9.205219e-01 
  772.000  9.269548e-01 
  773.000  9.271383e-01 
  774.000  9.271492e-01 
  775.000  9.274569e-01 
  776.000  9.278403e-01 
  777.000  9.283929e-01 
  778.000  9.287124e-01 
  779.000  9.289855e-01 
  780.000  9.292133e-01 
  781.000  9.299879e-01 
  782.000  9.302973e-01 
  783.000  9.309233e-01 
  784.000  9.297218e-01 
  785.000  9.288653e-01 
  786.000  9.234952e-01 
  787.000  9.199228e-01 
  788.000  9.081389e-01 
  789.000  9.095132e-01 
  790.000  8.871776e-01 
  791.000  8.922720e-01 
  792.000  9.000123e-01 
  793.000  9.079243e-01 
  794.000  9.334158e-01 
  795.000  9.220416e-01 
  796.000  8.678707e-01 
  797.000  9.063218e-01 
  798.000  9.121982e-01 
  799.000  9.197162e-01 
  800.000  8.974426e-01 
  801.000  8.864416e-01 
  802.000  9.000316e-01 
  803.000  8.976992e-01 
  804.000  8.972347e-01 
  805.000  9.053063e-01 
  806.000  9.272087e-01 
  807.000  9.154410e-01 
  808.000  9.279013e-01 
  809.000  9.089347e-01 
  810.000  8.973938e-01 
  811.000  8.958098e-01 
  812.000  8.732956e-01 
  813.000  8.301132e-01 
  814.000  7.681267e-01 
  815.000  7.201427e-01 
  816.000  7.615819e-01 
  817.000  6.067179e-01 
  818.000  7.307727e-01 
  819.000  7.525082e-01 
  820.000  7.231655e-01 
  821.000  8.924924e-01 
  822.000  8.525392e-01 
  823.000  5.680664e-01 
  824.000  8.051921e-01 
  825.000  8.702574e-01 
  826.000  8.120314e-01 
  827.000  8.673874e-01 
  828.000  7.309261e-01 
  829.000  8.321463e-01 
  830.000  8.128511e-01 
  831.000  8.244456e-01 
  832.000  8.061352e-01 
  833.000  8.634686e-01 
  834.000  8.635392e-01 
  835.000  8.912735e-01 
  836.000  8.919019e-01 
  837.000  8.916304e-01 
  838.000  9.117196e-01 
  839.000  9.256412e-01 
  840.000  9.267660e-01 
  841.000  9.267660e-01 
  842.000  9.094094e-01 
  843.000  9.447757e-01 
  844.000  9.258430e-01 
  845.000  9.406431e-01 
  846.000  9.451206e-01 
  847.000  9.488721e-01 
  848.000  9.437990e-01 
  849.000  9.461555e-01 
  850.000  9.451156e-01 
  851.000  9.425599e-01 
  852.000  9.493002e-01 
  853.000  9.521620e-01 
  854.000  9.503563e-01 
  855.000  9.503563e-01 
  856.000  9.523463e-01 
  857.000  9.566255e-01 
  858.000  9.528278e-01 
  859.000  9.552840e-01 
  860.000  9.579319e-01 
  861.000  9.569235e-01 
  862.000  9.582447e-01 
  863.000  9.577527e-01 
  864.000  9.590776e-01 
  865.000  9.590776e-01 
  866.000  9.590840e-01 
  867.000  9.594572e-01 
  868.000  9.593706e-01 
  869.000  9.596244e-01 
  870.000  9.596995e-01 
  871.000  9.601416e-01 
  872.000  9.604282e-01 
  873.000  9.602163e-01 
  874.000  9.602163e-01 
  875.000  9.610242e-01 
  876.000  9.611875e-01 
  877.000  9.609975e-01 
  878.000  9.606146e-01 
  879.000  9.605621e-01 
  880.000  9.616270e-01 
  881.000  9.616270e-01 
  882.000  9.590325e-01 
  883.000  9.600896e-01 
  884.000  9.602316e-01 
  885.000  9.606895e-01 
  886.000  9.470646e-01 
  887.000  9.594888e-01 
  888.000  9.594888e-01 
  889.000  9.557306e-01 
  890.000  9.498637e-01 
  891.000  9.586948e-01 
  892.000  9.462028e-01 
  893.000  9.063820e-01 
  894.000  9.063820e-01 
  895.000  8.582517e-01 
  896.000  8.011305e-01 
  897.000  6.675175e-01 
  898.000  7.835335e-01 
  899.000  5.892683e-01 
  900.000  5.892683e-01 
  901.000  6.291362e-01 
  902.000  6.906726e-01 
  903.000  7.387925e-01 
  904.000  8.712734e-01 
  905.000  8.512189e-01 
  906.000  8.512189e-01 
  907.000  6.810235e-01 
  908.000  6.737195e-01 
  909.000  6.652632e-01 
  910.000  6.266215e-01 
  911.000  6.266215e-01 
  912.000  7.582845e-01 
  913.000  6.863739e-01 
  914.000  6.537834e-01 
  915.000  6.025658e-01 
  916.000  6.025658e-01 
  917.000  7.451837e-01 
  918.000  6.147448e-01 
  919.000  7.469249e-01 
  920.000  8.611658e-01 
  921.000  8.611658e-01 
  922.000  8.156894e-01 
  923.000  8.187186e-01 
  924.000  7.572204e-01 
  925.000  7.572204e-01 
  926.000  7.873898e-01 
  927.000  8.001251e-01 
  928.000  5.966687e-01 
  929.000  5.503612e-01 
  930.000  5.503612e-01 
  931.000  4.118376e-01 
  932.000  2.413305e-01 
  933.000  2.051575e-01 
  934.000  2.051575e-01 
  935.000  2.262786e-01 
  936.000  1.941510e-01 
  937.000  1.509197e-01 
  938.000  1.509197e-01 
  939.000  3.006043e-01 
  940.000  4.361748e-01 
  941.000  3.821184e-01 
  942.000  3.821184e-01 
  943.000  2.796578e-01 
  944.000  2.891085e-01 
  945.000  3.673773e-01 
  946.000  3.673773e-01 
  947.000  2.844744e-01 
  948.000  3.359168e-01 
  949.000  3.771386e-01 
  950.000  3.771386e-01 
  951.000  4.376478e-01 
  952.000  2.585149e-01 
  953.000  4.439906e-01 
  954.000  4.439906e-01 
  955.000  4.341921e-01 
  956.000  3.271578e-01 
  957.000  5.277975e-01 
  958.000  5.277975e-01 
  959.000  3.729661e-01 
  960.000  4.628988e-01 
  961.000  4.628988e-01 
  962.000  5.426793e-01 
  963.000  5.959915e-01 
  964.000  4.991935e-01 
  965.000  4.991935e-01 
  966.000  5.683474e-01 
  967.000  7.189996e-01 
  968.000  7.189996e-01 
  969.000  7.530059e-01 
  970.000  8.029734e-01 
  971.000  8.390138e-01 
  972.000  8.390138e-01 
  973.000  7.921615e-01 
  974.000  6.762908e-01 
  975.000  6.762908e-01 
  976.000  6.648136e-01 
  977.000  7.875237e-01 
  978.000  7.644743e-01 
  979.000  7.644743e-01 
  980.000  7.652397e-01 
  981.000  8.897300e-01 
  982.000  8.897300e-01 
  983.000  8.505772e-01 
  984.000  8.872268e-01 
  985.000  8.872268e-01 
  986.000  9.464048e-01 
  987.000  9.247097e-01 
  988.000  9.247097e-01 
  989.000  9.616984e-01 
  990.000  9.452296e-01 
  991.000  9.452296e-01 
  992.000  9.586823e-01 
  993.000  9.553094e-01 
  994.000  9.553094e-01 
  995.000  9.722135e-01 
  996.000  9.726930e-01 
  997.000  9.726930e-01 
  998.000  9.731021e-01 
  999.000  9.714758e-01 
 1000.000  9.714758e-01 
 1001.000  9.720279e-01 
 1002.000  9.522660e-01 
 1003.000  9.522660e-01 
 1004.000  9.726276e-01 
 1005.000  9.740183e-01 
 1006.000  9.740183e-01 
 1007.000  9.748104e-01 
 1008.000  9.699264e-01 
 1009.000  9.699264e-01 
 1010.000  9.564494e-01 
 1011.000  9.747725e-01 
 1012.000  9.747725e-01 
 1013.000  9.754881e-01 
 1014.000  9.750479e-01 
 1015.000  9.750479e-01 
 1016.000  9.762881e-01 
 1017.000  9.745585e-01 
 1018.000  9.745585e-01 
 1019.000  9.732991e-01 
 1020.000  9.768451e-01 
 1021.000  9.768451e-01 
 1022.000  9.736557e-01 
 1023.000  9.736557e-01 
 1024.000  9.724233e-01 
 1025.000  9.768162e-01 
 1026.000  9.768162e-01 
 1027.000  9.748775e-01 
 1028.000  9.771480e-01 
 1029.000  9.771480e-01 
 1030.000  9.780685e-01 
 1031.000  9.780468e-01 
 1032.000  9.780468e-01 
 1033.000  9.781393e-01 
 1034.000  9.781393e-01 
 1035.000  9.787269e-01 
 1036.000  9.776631e-01 
 1037.000  9.776631e-01 
 1038.000  9.775447e-01 
 1039.000  9.763018e-01 
 1040.000  9.763018e-01 
 1041.000  9.754868e-01 
 1042.000  9.754868e-01 
 1043.000  9.744229e-01 
 1044.000  9.727721e-01 
 1045.000  9.727721e-01 
 1046.000  9.704844e-01 
 1047.000  9.704844e-01 
 1048.000  9.681912e-01 
 1049.000  9.636649e-01 
 1050.000  9.636649e-01 
 1051.000  9.615388e-01 
 1052.000  9.615388e-01 
 1053.000  9.583983e-01 
 1054.000  9.557185e-01 
 1055.000  9.557185e-01 
 1056.000  9.525936e-01 
 1057.000  9.525936e-01 
 1058.000  9.498280e-01 
 1059.000  9.471186e-01 
 1060.000  9.471186e-01 
 1061.000  9.453894e-01 
 1062.000  9.453894e-01 
 1063.000  9.419200e-01 
 1064.000  9.396415e-01 
 1065.000  9.396415e-01 
 1066.000  9.434380e-01 
 1067.000  9.434380e-01 
 1068.000  9.411870e-01 
 1069.000  9.410295e-01 
 1070.000  9.410295e-01 
 1071.000  9.464069e-01 
 1072.000  9.464069e-01 
 1073.000  9.497081e-01 
 1074.000  9.497081e-01 
 1075.000  9.368798e-01 
 1076.000  9.361351e-01 
 1077.000  9.361351e-01 
 1078.000  9.520941e-01 
 1079.000  9.520941e-01 
 1080.000  9.365910e-01 
 1081.000  9.365910e-01 
 1082.000  9.475904e-01 
 1083.000  9.331851e-01 
 1084.000  9.331851e-01 
 1085.000  9.153033e-01 
 1086.000  9.153033e-01 
 1087.000  9.453557e-01 
 1088.000  9.453557e-01 
 1089.000  9.321034e-01 
 1090.000  9.271474e-01 
 1091.000  9.271474e-01 
 1092.000  8.962304e-01 
 1093.000  8.962304e-01 
 1094.000  8.990696e-01 
 1095.000  8.990696e-01 
 1096.000  8.886624e-01 
 1097.000  8.886624e-01 
 1098.000  8.555883e-01 
 1099.000  7.791790e-01 
 1100.000  7.791790e-01 
 1101.000  7.860121e-01 
 1102.000  7.860121e-01 
 1103.000  7.515668e-01 
 1104.000  7.515668e-01 
 1105.000  7.246438e-01 
 1106.000  7.246438e-01 
 1107.000  7.250893e-01 
 1108.000  7.250893e-01 
 1109.000  6.569824e-01 
 1110.000  6.284418e-01 
 1111.000  6.284418e-01 
 1112.000  5.715265e-01 
 1113.000  5.715265e-01 
 1114.000  4.517982e-01 
 1115.000  4.517982e-01 
 1116.000  2.200809e-01 
 1117.000  2.200809e-01 
 1118.000  3.008006e-01 
 1119.000  3.008006e-01 
 1120.000  2.255614e-01 
 1121.000  2.255614e-01 
 1122.000  1.023882e-01 
 1123.000  2.615760e-01 
 1124.000  2.615760e-01 
 1125.000  1.149764e-01 
 1126.000  1.149764e-01 
 1127.000  1.553684e-01 
 1128.000  1.553684e-01 
 1129.000  1.389912e-01 
 1130.000  1.389912e-01 
 1131.000  4.238676e-01 
 1132.000  4.238676e-01 
 1133.000  1.450925e-01 
 1134.000  1.450925e-01 
 1135.000  8.019242e-02 
 1136.000  8.019242e-02 
 1137.000  4.064462e-01 
 1138.000  4.064462e-01 
 1139.000  3.969009e-01 
 1140.000  3.969009e-01 
 1141.000  3.585642e-01 
 1142.000  3.585642e-01 
 1143.000  4.021723e-01 
 1144.000  4.021723e-01 
 1145.000  1.739245e-01 
 1146.000  1.739245e-01 
 1147.000  1.784919e-01 
 1148.000  1.784919e-01 
 1149.000  3.219990e-01 
 1150.000  3.219990e-01 
 1151.000  3.745078e-01 
 1152.000  3.745078e-01 
 1153.000  3.340071e-01 
 1154.000  3.340071e-01 
 1155.000  3.878649e-01 
 1156.000  3.878649e-01 
 1157.000  5.184121e-01 
 1158.000  5.184121e-01 
 1159.000  6.146621e-01 
 1160.000  6.146621e-01 
 1161.000  5.934187e-01 
 1162.000  5.934187e-01 
 1163.000  7.204744e-01 
 1164.000  7.204744e-01 
 1165.000  6.769068e-01 
 1166.000  6.769068e-01 
 1167.000  7.568849e-01 
 1168.000  7.568849e-01 
 1169.000  7.867980e-01 
 1170.000  7.867980e-01 
 1171.000  8.077192e-01 
 1172.000  8.077192e-01 
 1173.000  6.756240e-01 
 1174.000  6.756240e-01 
 1175.000  8.858269e-01 
 1176.000  8.858269e-01 
 1177.000  7.588908e-01 
 1178.000  7.588908e-01 
 1179.000  8.619375e-01 
 1180.000  8.619375e-01 
 1181.000  6.853102e-01 
 1182.000  6.853102e-01 
 1183.000  8.097958e-01 
 1184.000  8.097958e-01 
 1185.000  8.394179e-01 
 1186.000  8.394179e-01 
 1187.000  7.288451e-01 
 1188.000  7.288451e-01 
 1189.000  7.288451e-01 
 1190.000  8.203706e-01 
 1191.000  8.203706e-01 
 1192.000  9.027435e-01 
 1193.000  9.027435e-01 
 1194.000  8.431718e-01 
 1195.000  8.431718e-01 
 1196.000  8.557966e-01 
 1197.000  8.557966e-01 
 1198.000  8.006404e-01 
 1199.000  8.006404e-01 
 1200.000  8.066741e-01 
