  250.000  0.000000e+00 
  251.000  0.000000e+00 
  252.000  0.000000e+00 
  253.000  0.000000e+00 
  254.000  0.000000e+00 
  255.000  0.000000e+00 
  256.000  0.000000e+00 
  257.000  0.000000e+00 
  258.000  0.000000e+00 
  259.000  0.000000e+00 
  260.000  0.000000e+00 
  261.000  0.000000e+00 
  262.000  0.000000e+00 
  263.000  0.000000e+00 
  264.000  0.000000e+00 
  265.000  0.000000e+00 
  266.000  0.000000e+00 
  267.000  0.000000e+00 
  268.000  0.000000e+00 
  269.000  0.000000e+00 
  270.000  0.000000e+00 
  271.000  0.000000e+00 
  272.000  0.000000e+00 
  273.000  0.000000e+00 
  274.000  0.000000e+00 
  275.000  0.000000e+00 
  276.000  0.000000e+00 
  277.000  0.000000e+00 
  278.000  0.000000e+00 
  279.000  0.000000e+00 
  280.000  0.000000e+00 
  281.000  0.000000e+00 
  282.000  0.000000e+00 
  283.000  0.000000e+00 
  284.000  0.000000e+00 
  285.000  0.000000e+00 
  286.000  0.000000e+00 
  287.000  0.000000e+00 
  288.000  0.000000e+00 
  289.000  0.000000e+00 
  290.000  0.000000e+00 
  291.000  0.000000e+00 
  292.000  2.736570e-08 
  293.000  1.396008e-07 
  294.000  8.846546e-07 
  295.000  2.915859e-06 
  296.000  1.548069e-05 
  297.000  4.227989e-05 
  298.000  1.404248e-04 
  299.000  3.188516e-04 
  300.000  7.438681e-04 
  301.000  1.491355e-03 
  302.000  2.663529e-03 
  303.000  5.325812e-03 
  304.000  6.913469e-03 
  305.000  1.215076e-02 
  306.000  1.667815e-02 
  307.000  2.457628e-02 
  308.000  3.153025e-02 
  309.000  3.975343e-02 
  310.000  5.387726e-02 
  311.000  6.096698e-02 
  312.000  7.276218e-02 
  313.000  8.769036e-02 
  314.000  9.460028e-02 
  315.000  1.138006e-01 
  316.000  1.194407e-01 
  317.000  1.350805e-01 
  318.000  1.448410e-01 
  319.000  1.703070e-01 
  320.000  1.550211e-01 
  321.000  1.932915e-01 
  322.000  1.788776e-01 
  323.000  1.974439e-01 
  324.000  2.241581e-01 
  325.000  2.067417e-01 
  326.000  2.336942e-01 
  327.000  2.429744e-01 
  328.000  2.302989e-01 
  329.000  2.614683e-01 
  330.000  2.677489e-01 
  331.000  2.557533e-01 
  332.000  2.779620e-01 
  333.000  2.836029e-01 
  334.000  2.814400e-01 
  335.000  2.961838e-01 
  336.000  3.027350e-01 
  337.000  3.001191e-01 
  338.000  3.101422e-01 
  339.000  3.176897e-01 
  340.000  3.174955e-01 
  341.000  3.258219e-01 
  342.000  3.319064e-01 
  343.000  3.360959e-01 
  344.000  3.358341e-01 
  345.000  3.449927e-01 
  346.000  3.499770e-01 
  347.000  3.544915e-01 
  348.000  3.590218e-01 
  349.000  3.644494e-01 
  350.000  3.687650e-01 
  351.000  3.738586e-01 
  352.000  3.780358e-01 
  353.000  3.830426e-01 
  354.000  3.867541e-01 
  355.000  3.907240e-01 
  356.000  3.956503e-01 
  357.000  3.989454e-01 
  358.000  4.024475e-01 
  359.000  4.058552e-01 
  360.000  4.092766e-01 
  361.000  4.130456e-01 
  362.000  4.188728e-01 
  363.000  4.239189e-01 
  364.000  4.288978e-01 
  365.000  4.331401e-01 
  366.000  4.376600e-01 
  367.000  4.419243e-01 
  368.000  4.460194e-01 
  369.000  4.494307e-01 
  370.000  4.535322e-01 
  371.000  4.578229e-01 
  372.000  4.615154e-01 
  373.000  4.658664e-01 
  374.000  4.700531e-01 
  375.000  4.734327e-01 
  376.000  4.770479e-01 
  377.000  4.809921e-01 
  378.000  4.839930e-01 
  379.000  4.872819e-01 
  380.000  4.905718e-01 
  381.000  4.941483e-01 
  382.000  4.990420e-01 
  383.000  5.040407e-01 
  384.000  5.075058e-01 
  385.000  5.118364e-01 
  386.000  5.152597e-01 
  387.000  5.193226e-01 
  388.000  5.225266e-01 
  389.000  5.257765e-01 
  390.000  5.298440e-01 
  391.000  5.331688e-01 
  392.000  5.360577e-01 
  393.000  5.406373e-01 
  394.000  5.438807e-01 
  395.000  5.470446e-01 
  396.000  5.510594e-01 
  397.000  5.546036e-01 
  398.000  5.572431e-01 
  399.000  5.606072e-01 
  400.000  5.636784e-01 
  401.000  5.675730e-01 
  402.000  5.710031e-01 
  403.000  5.745671e-01 
  404.000  5.770899e-01 
  405.000  5.804697e-01 
  406.000  5.835353e-01 
  407.000  5.875523e-01 
  408.000  5.897025e-01 
  409.000  5.927024e-01 
  410.000  5.957589e-01 
  411.000  5.992429e-01 
  412.000  6.027296e-01 
  413.000  6.048157e-01 
  414.000  6.084599e-01 
  415.000  6.113595e-01 
  416.000  6.149956e-01 
  417.000  6.172251e-01 
  418.000  6.198128e-01 
  419.000  6.233876e-01 
  420.000  6.258746e-01 
  421.000  6.287026e-01 
  422.000  6.310307e-01 
  423.000  6.341513e-01 
  424.000  6.366707e-01 
  425.000  6.402398e-01 
  426.000  6.428581e-01 
  427.000  6.455043e-01 
  428.000  6.479070e-01 
  429.000  6.510774e-01 
  430.000  6.538336e-01 
  431.000  6.550907e-01 
  432.000  6.587929e-01 
  433.000  6.615050e-01 
  434.000  6.633438e-01 
  435.000  6.653627e-01 
  436.000  6.683031e-01 
  437.000  6.721702e-01 
  438.000  6.742024e-01 
  439.000  6.751574e-01 
  440.000  6.780580e-01 
  441.000  6.805146e-01 
  442.000  6.835257e-01 
  443.000  6.851531e-01 
  444.000  6.875604e-01 
  445.000  6.883365e-01 
  446.000  6.910955e-01 
  447.000  6.941940e-01 
  448.000  6.948227e-01 
  449.000  6.984735e-01 
  450.000  7.016510e-01 
  451.000  7.036435e-01 
  452.000  7.052740e-01 
  453.000  7.076690e-01 
  454.000  7.108932e-01 
  455.000  7.121271e-01 
  456.000  7.140505e-01 
  457.000  7.162055e-01 
  458.000  7.178699e-01 
  459.000  7.197298e-01 
  460.000  7.210627e-01 
  461.000  7.230885e-01 
  462.000  7.258169e-01 
  463.000  7.262350e-01 
  464.000  7.288828e-01 
  465.000  7.307332e-01 
  466.000  7.340968e-01 
  467.000  7.353422e-01 
  468.000  7.373123e-01 
  469.000  7.387541e-01 
  470.000  7.404888e-01 
  471.000  7.425325e-01 
  472.000  7.432475e-01 
  473.000  7.435594e-01 
  474.000  7.424467e-01 
  475.000  7.421135e-01 
  476.000  7.425054e-01 
  477.000  7.431607e-01 
  478.000  7.442054e-01 
  479.000  7.463708e-01 
  480.000  7.493120e-01 
  481.000  7.536267e-01 
  482.000  7.570834e-01 
  483.000  7.601444e-01 
  484.000  7.617890e-01 
  485.000  7.629617e-01 
  486.000  7.640459e-01 
  487.000  7.664748e-01 
  488.000  7.677971e-01 
  489.000  7.688752e-01 
  490.000  7.713063e-01 
  491.000  7.727551e-01 
  492.000  7.742099e-01 
  493.000  7.756519e-01 
  494.000  7.767116e-01 
  495.000  7.778082e-01 
  496.000  7.786435e-01 
  497.000  7.799194e-01 
  498.000  7.808443e-01 
  499.000  7.820489e-01 
  500.000  7.829282e-01 
  501.000  7.829492e-01 
  502.000  7.818124e-01 
  503.000  7.806229e-01 
  504.000  7.774132e-01 
  505.000  7.823646e-01 
  506.000  7.831013e-01 
  507.000  7.832857e-01 
  508.000  7.872854e-01 
  509.000  7.890274e-01 
  510.000  7.914615e-01 
  511.000  7.928494e-01 
  512.000  7.939324e-01 
  513.000  7.963046e-01 
  514.000  7.972129e-01 
  515.000  7.989227e-01 
  516.000  7.996532e-01 
  517.000  8.009394e-01 
  518.000  8.012680e-01 
  519.000  8.021555e-01 
  520.000  8.025899e-01 
  521.000  8.035986e-01 
  522.000  8.038925e-01 
  523.000  8.043356e-01 
  524.000  8.045875e-01 
  525.000  8.041441e-01 
  526.000  8.044675e-01 
  527.000  8.043649e-01 
  528.000  8.042814e-01 
  529.000  8.040512e-01 
  530.000  8.040880e-01 
  531.000  8.046507e-01 
  532.000  8.051209e-01 
  533.000  8.058888e-01 
  534.000  8.069061e-01 
  535.000  8.075401e-01 
  536.000  8.086421e-01 
  537.000  8.098253e-01 
  538.000  8.104910e-01 
  539.000  8.108422e-01 
  540.000  8.117069e-01 
  541.000  8.096394e-01 
  542.000  8.111016e-01 
  543.000  8.130580e-01 
  544.000  8.137909e-01 
  545.000  8.130192e-01 
  546.000  8.123071e-01 
  547.000  8.144728e-01 
  548.000  8.166960e-01 
  549.000  8.171242e-01 
  550.000  8.179386e-01 
  551.000  8.190889e-01 
  552.000  8.194793e-01 
  553.000  8.201333e-01 
  554.000  8.207224e-01 
  555.000  8.212118e-01 
  556.000  8.210131e-01 
  557.000  8.205639e-01 
  558.000  8.202310e-01 
  559.000  8.197900e-01 
  560.000  8.193424e-01 
  561.000  8.190035e-01 
  562.000  8.188232e-01 
  563.000  8.183310e-01 
  564.000  8.178087e-01 
  565.000  8.173215e-01 
  566.000  8.170502e-01 
  567.000  8.160078e-01 
  568.000  8.148267e-01 
  569.000  8.082073e-01 
  570.000  8.071877e-01 
  571.000  8.082914e-01 
  572.000  8.042542e-01 
  573.000  8.053944e-01 
  574.000  8.029841e-01 
  575.000  8.040954e-01 
  576.000  8.035656e-01 
  577.000  8.037156e-01 
  578.000  8.072694e-01 
  579.000  8.095911e-01 
  580.000  8.118415e-01 
  581.000  8.152811e-01 
  582.000  8.183312e-01 
  583.000  8.212064e-01 
  584.000  8.251024e-01 
  585.000  8.262742e-01 
  586.000  8.281757e-01 
  587.000  8.282624e-01 
  588.000  8.263720e-01 
  589.000  8.067681e-01 
  590.000  8.059518e-01 
  591.000  8.143338e-01 
  592.000  7.997761e-01 
  593.000  8.258271e-01 
  594.000  8.123941e-01 
  595.000  8.196702e-01 
  596.000  8.240839e-01 
  597.000  8.239228e-01 
  598.000  8.247240e-01 
  599.000  8.296148e-01 
  600.000  8.323135e-01 
  601.000  8.352973e-01 
  602.000  8.368423e-01 
  603.000  8.374914e-01 
  604.000  8.388330e-01 
  605.000  8.396071e-01 
  606.000  8.411887e-01 
  607.000  8.425888e-01 
  608.000  8.442326e-01 
  609.000  8.449052e-01 
  610.000  8.462418e-01 
  611.000  8.473170e-01 
  612.000  8.489030e-01 
  613.000  8.502008e-01 
  614.000  8.511345e-01 
  615.000  8.522072e-01 
  616.000  8.536946e-01 
  617.000  8.547317e-01 
  618.000  8.553987e-01 
  619.000  8.563408e-01 
  620.000  8.570655e-01 
  621.000  8.574840e-01 
  622.000  8.576470e-01 
  623.000  8.578179e-01 
  624.000  8.577898e-01 
  625.000  8.578638e-01 
  626.000  8.574293e-01 
  627.000  8.564516e-01 
  628.000  8.259623e-01 
  629.000  8.417027e-01 
  630.000  8.473048e-01 
  631.000  8.567194e-01 
  632.000  8.593608e-01 
  633.000  8.623634e-01 
  634.000  8.652989e-01 
  635.000  8.669264e-01 
  636.000  8.692471e-01 
  637.000  8.725886e-01 
  638.000  8.760936e-01 
  639.000  8.781456e-01 
  640.000  8.798610e-01 
  641.000  8.813434e-01 
  642.000  8.839254e-01 
  643.000  8.840873e-01 
  644.000  8.859203e-01 
  645.000  8.859742e-01 
  646.000  8.805012e-01 
  647.000  8.715549e-01 
  648.000  8.614672e-01 
  649.000  8.721175e-01 
  650.000  8.882191e-01 
  651.000  8.903604e-01 
  652.000  8.847644e-01 
  653.000  8.914968e-01 
  654.000  8.917575e-01 
  655.000  8.757536e-01 
  656.000  8.876808e-01 
  657.000  8.914216e-01 
  658.000  8.977069e-01 
  659.000  9.015794e-01 
  660.000  9.010314e-01 
  661.000  9.036927e-01 
  662.000  9.037957e-01 
  663.000  9.041710e-01 
  664.000  9.056204e-01 
  665.000  9.062948e-01 
  666.000  9.073948e-01 
  667.000  9.087957e-01 
  668.000  9.094133e-01 
  669.000  9.104380e-01 
  670.000  9.111011e-01 
  671.000  9.123378e-01 
  672.000  9.126090e-01 
  673.000  9.136460e-01 
  674.000  9.140428e-01 
  675.000  9.151125e-01 
  676.000  9.154220e-01 
  677.000  9.160025e-01 
  678.000  9.169293e-01 
  679.000  9.174070e-01 
  680.000  9.183143e-01 
  681.000  9.184871e-01 
  682.000  9.199262e-01 
  683.000  9.195477e-01 
  684.000  9.204402e-01 
  685.000  9.217583e-01 
  686.000  9.221004e-01 
  687.000  5.704777e-01 
  688.000  7.573743e-01 
  689.000  8.019401e-01 
  690.000  8.338344e-01 
  691.000  8.580507e-01 
  692.000  8.939386e-01 
  693.000  8.741973e-01 
  694.000  8.484879e-01 
  695.000  8.841469e-01 
  696.000  8.784388e-01 
  697.000  9.224569e-01 
  698.000  9.216679e-01 
  699.000  9.008328e-01 
  700.000  9.026263e-01 
  701.000  8.878122e-01 
  702.000  8.933599e-01 
  703.000  9.002306e-01 
  704.000  9.050528e-01 
  705.000  9.061618e-01 
  706.000  9.150044e-01 
  707.000  9.205009e-01 
  708.000  9.242284e-01 
  709.000  9.253869e-01 
  710.000  9.235597e-01 
  711.000  9.290951e-01 
  712.000  9.270226e-01 
  713.000  9.302216e-01 
  714.000  9.280348e-01 
  715.000  9.145584e-01 
  716.000  9.184178e-01 
  717.000  8.664186e-01 
  718.000  7.645726e-01 
  719.000  7.141814e-01 
  720.000  7.745022e-01 
  721.000  8.956698e-01 
  722.000  8.958049e-01 
  723.000  8.854288e-01 
  724.000  7.684082e-01 
  725.000  7.887370e-01 
  726.000  8.514056e-01 
  727.000  8.240466e-01 
  728.000  7.708037e-01 
  729.000  7.966080e-01 
  730.000  8.601559e-01 
  731.000  8.274330e-01 
  732.000  8.411966e-01 
  733.000  8.934922e-01 
  734.000  9.256002e-01 
  735.000  9.041383e-01 
  736.000  9.202691e-01 
  737.000  9.196265e-01 
  738.000  9.275270e-01 
  739.000  9.283558e-01 
  740.000  9.392439e-01 
  741.000  9.451031e-01 
  742.000  9.465525e-01 
  743.000  9.463587e-01 
  744.000  9.480442e-01 
  745.000  9.497816e-01 
  746.000  9.508896e-01 
  747.000  9.508544e-01 
  748.000  9.512997e-01 
  749.000  9.515229e-01 
  750.000  9.519383e-01 
  751.000  9.520101e-01 
  752.000  9.530930e-01 
  753.000  9.533513e-01 
  754.000  9.535459e-01 
  755.000  9.537401e-01 
  756.000  9.538656e-01 
  757.000  9.545072e-01 
  758.000  9.550868e-01 
  759.000  9.373146e-01 
  760.000  2.295857e-01 
  761.000  1.415180e-01 
  762.000  5.543305e-01 
  763.000  4.360637e-01 
  764.000  5.033913e-01 
  765.000  6.548828e-01 
  766.000  7.911958e-01 
  767.000  8.450787e-01 
  768.000  9.225933e-01 
  769.000  9.432907e-01 
  770.000  9.434535e-01 
  771.000  9.542612e-01 
  772.000  9.581965e-01 
  773.000  9.583179e-01 
  774.000  9.583327e-01 
  775.000  9.585254e-01 
  776.000  9.587653e-01 
  777.000  9.591082e-01 
  778.000  9.593068e-01 
  779.000  9.594784e-01 
  780.000  9.596215e-01 
  781.000  9.600356e-01 
  782.000  9.601701e-01 
  783.000  9.605199e-01 
  784.000  9.597620e-01 
  785.000  9.592088e-01 
  786.000  9.559256e-01 
  787.000  9.536993e-01 
  788.000  9.461853e-01 
  789.000  9.470046e-01 
  790.000  9.325472e-01 
  791.000  9.357746e-01 
  792.000  9.407395e-01 
  793.000  9.453411e-01 
  794.000  9.615420e-01 
  795.000  9.546300e-01 
  796.000  9.197956e-01 
  797.000  9.446328e-01 
  798.000  9.482948e-01 
  799.000  9.531434e-01 
  800.000  9.388536e-01 
  801.000  9.318487e-01 
  802.000  9.407397e-01 
  803.000  9.392759e-01 
  804.000  9.389987e-01 
  805.000  9.440151e-01 
  806.000  9.577444e-01 
  807.000  9.504011e-01 
  808.000  9.582137e-01 
  809.000  9.463562e-01 
  810.000  9.392980e-01 
  811.000  9.383485e-01 
  812.000  9.238518e-01 
  813.000  8.940561e-01 
  814.000  8.509388e-01 
  815.000  8.076569e-01 
  816.000  8.424928e-01 
  817.000  7.010031e-01 
  818.000  8.093315e-01 
  819.000  8.360184e-01 
  820.000  8.009647e-01 
  821.000  9.357235e-01 
  822.000  9.098753e-01 
  823.000  6.671571e-01 
  824.000  8.777934e-01 
  825.000  9.200568e-01 
  826.000  8.795133e-01 
  827.000  9.184368e-01 
  828.000  8.184258e-01 
  829.000  8.934270e-01 
  830.000  8.792238e-01 
  831.000  8.885214e-01 
  832.000  8.750133e-01 
  833.000  9.171575e-01 
  834.000  9.152416e-01 
  835.000  9.345887e-01 
  836.000  9.342182e-01 
  837.000  9.346735e-01 
  838.000  9.478219e-01 
  839.000  9.563797e-01 
  840.000  9.570138e-01 
  841.000  9.570138e-01 
  842.000  9.461638e-01 
  843.000  9.681199e-01 
  844.000  9.564575e-01 
  845.000  9.656414e-01 
  846.000  9.683394e-01 
  847.000  9.705908e-01 
  848.000  9.675516e-01 
  849.000  9.689707e-01 
  850.000  9.681181e-01 
  851.000  9.658196e-01 
  852.000  9.699600e-01 
  853.000  9.716731e-01 
  854.000  9.705645e-01 
  855.000  9.705645e-01 
  856.000  9.717833e-01 
  857.000  9.743407e-01 
  858.000  9.720713e-01 
  859.000  9.735395e-01 
  860.000  9.751204e-01 
  861.000  9.745186e-01 
  862.000  9.753070e-01 
  863.000  9.750135e-01 
  864.000  9.758040e-01 
  865.000  9.758040e-01 
  866.000  9.758078e-01 
  867.000  9.760303e-01 
  868.000  9.759786e-01 
  869.000  9.761300e-01 
  870.000  9.761747e-01 
  871.000  9.764385e-01 
  872.000  9.766092e-01 
  873.000  9.764829e-01 
  874.000  9.764829e-01 
  875.000  9.769644e-01 
  876.000  9.770618e-01 
  877.000  9.769486e-01 
  878.000  9.767203e-01 
  879.000  9.766890e-01 
  880.000  9.773237e-01 
  881.000  9.773237e-01 
  882.000  9.757771e-01 
  883.000  9.764073e-01 
  884.000  9.764920e-01 
  885.000  9.767650e-01 
  886.000  9.684948e-01 
  887.000  9.760492e-01 
  888.000  9.760492e-01 
  889.000  9.738063e-01 
  890.000  9.701853e-01 
  891.000  9.755756e-01 
  892.000  9.680669e-01 
  893.000  9.433627e-01 
  894.000  9.433627e-01 
  895.000  9.075419e-01 
  896.000  8.679271e-01 
  897.000  7.483887e-01 
  898.000  8.561240e-01 
  899.000  6.724172e-01 
  900.000  6.724172e-01 
  901.000  7.147002e-01 
  902.000  7.594820e-01 
  903.000  8.082698e-01 
  904.000  9.192445e-01 
  905.000  9.035019e-01 
  906.000  9.035019e-01 
  907.000  7.652624e-01 
  908.000  7.504022e-01 
  909.000  7.517751e-01 
  910.000  7.187889e-01 
  911.000  7.187889e-01 
  912.000  8.398793e-01 
  913.000  7.762557e-01 
  914.000  7.447790e-01 
  915.000  6.945772e-01 
  916.000  6.945772e-01 
  917.000  8.347589e-01 
  918.000  7.105708e-01 
  919.000  8.139237e-01 
  920.000  9.136291e-01 
  921.000  9.136291e-01 
  922.000  8.818631e-01 
  923.000  8.841484e-01 
  924.000  8.429889e-01 
  925.000  8.429889e-01 
  926.000  8.641494e-01 
  927.000  8.733600e-01 
  928.000  7.122534e-01 
  929.000  6.710634e-01 
  930.000  6.710634e-01 
  931.000  5.281540e-01 
  932.000  3.428972e-01 
  933.000  3.300753e-01 
  934.000  3.300753e-01 
  935.000  3.303957e-01 
  936.000  3.023648e-01 
  937.000  2.607467e-01 
  938.000  2.607467e-01 
  939.000  4.175258e-01 
  940.000  5.696818e-01 
  941.000  5.139832e-01 
  942.000  5.139832e-01 
  943.000  4.069553e-01 
  944.000  4.130899e-01 
  945.000  4.931340e-01 
  946.000  4.931340e-01 
  947.000  4.148642e-01 
  948.000  4.491144e-01 
  949.000  5.067987e-01 
  950.000  5.067987e-01 
  951.000  5.508527e-01 
  952.000  3.867480e-01 
  953.000  5.602652e-01 
  954.000  5.602652e-01 
  955.000  5.549455e-01 
  956.000  4.348605e-01 
  957.000  6.286576e-01 
  958.000  6.286576e-01 
  959.000  4.871066e-01 
  960.000  5.805967e-01 
  961.000  5.805967e-01 
  962.000  6.436306e-01 
  963.000  7.032028e-01 
  964.000  5.978098e-01 
  965.000  5.978098e-01 
  966.000  6.788513e-01 
  967.000  7.979211e-01 
  968.000  7.979211e-01 
  969.000  8.273407e-01 
  970.000  8.729497e-01 
  971.000  8.975161e-01 
  972.000  8.975161e-01 
  973.000  8.666604e-01 
  974.000  7.638757e-01 
  975.000  7.638757e-01 
  976.000  7.481514e-01 
  977.000  8.516274e-01 
  978.000  8.328822e-01 
  979.000  8.328822e-01 
  980.000  8.347799e-01 
  981.000  9.324844e-01 
  982.000  9.324844e-01 
  983.000  9.011984e-01 
  984.000  9.304286e-01 
  985.000  9.304286e-01 
  986.000  9.680355e-01 
  987.000  9.545237e-01 
  988.000  9.545237e-01 
  989.000  9.773136e-01 
  990.000  9.672841e-01 
  991.000  9.672841e-01 
  992.000  9.754606e-01 
  993.000  9.734188e-01 
  994.000  9.734188e-01 
  995.000  9.836165e-01 
  996.000  9.839008e-01 
  997.000  9.839008e-01 
  998.000  9.841434e-01 
  999.000  9.831788e-01 
 1000.000  9.831788e-01 
 1001.000  9.835064e-01 
 1002.000  9.714237e-01 
 1003.000  9.714237e-01 
 1004.000  9.838622e-01 
 1005.000  9.846866e-01 
 1006.000  9.846866e-01 
 1007.000  9.851557e-01 
 1008.000  9.822595e-01 
 1009.000  9.822595e-01 
 1010.000  9.740163e-01 
 1011.000  9.851333e-01 
 1012.000  9.851333e-01 
 1013.000  9.855573e-01 
 1014.000  9.852965e-01 
 1015.000  9.852965e-01 
 1016.000  9.860309e-01 
 1017.000  9.850066e-01 
 1018.000  9.850066e-01 
 1019.000  9.842603e-01 
 1020.000  9.863606e-01 
 1021.000  9.863606e-01 
 1022.000  9.844716e-01 
 1023.000  9.844716e-01 
 1024.000  9.837410e-01 
 1025.000  9.863437e-01 
 1026.000  9.863437e-01 
 1027.000  9.851956e-01 
 1028.000  9.865400e-01 
 1029.000  9.865400e-01 
 1030.000  9.870847e-01 
 1031.000  9.870719e-01 
 1032.000  9.870719e-01 
 1033.000  9.871265e-01 
 1034.000  9.871265e-01 
 1035.000  9.874741e-01 
 1036.000  9.868448e-01 
 1037.000  9.868448e-01 
 1038.000  9.867747e-01 
 1039.000  9.860391e-01 
 1040.000  9.860391e-01 
 1041.000  9.855564e-01 
 1042.000  9.855564e-01 
 1043.000  9.849262e-01 
 1044.000  9.839479e-01 
 1045.000  9.839479e-01 
 1046.000  9.825908e-01 
 1047.000  9.825908e-01 
 1048.000  9.812288e-01 
 1049.000  9.785373e-01 
 1050.000  9.785373e-01 
 1051.000  9.772711e-01 
 1052.000  9.772711e-01 
 1053.000  9.753987e-01 
 1054.000  9.737990e-01 
 1055.000  9.737990e-01 
 1056.000  9.719312e-01 
 1057.000  9.719312e-01 
 1058.000  9.702761e-01 
 1059.000  9.686525e-01 
 1060.000  9.686525e-01 
 1061.000  9.676157e-01 
 1062.000  9.676157e-01 
 1063.000  9.655324e-01 
 1064.000  9.641626e-01 
 1065.000  9.641626e-01 
 1066.000  9.664443e-01 
 1067.000  9.664443e-01 
 1068.000  9.650919e-01 
 1069.000  9.649971e-01 
 1070.000  9.649971e-01 
 1071.000  9.682260e-01 
 1072.000  9.682260e-01 
 1073.000  9.702044e-01 
 1074.000  9.702044e-01 
 1075.000  9.621308e-01 
 1076.000  9.616045e-01 
 1077.000  9.616045e-01 
 1078.000  9.715294e-01 
 1079.000  9.715294e-01 
 1080.000  9.618321e-01 
 1081.000  9.618321e-01 
 1082.000  9.687135e-01 
 1083.000  9.596034e-01 
 1084.000  9.596034e-01 
 1085.000  9.485723e-01 
 1086.000  9.485723e-01 
 1087.000  9.671240e-01 
 1088.000  9.671240e-01 
 1089.000  9.587335e-01 
 1090.000  9.554003e-01 
 1091.000  9.554003e-01 
 1092.000  9.356794e-01 
 1093.000  9.356794e-01 
 1094.000  9.379551e-01 
 1095.000  9.379551e-01 
 1096.000  9.311774e-01 
 1097.000  9.311774e-01 
 1098.000  9.096208e-01 
 1099.000  8.519256e-01 
 1100.000  8.519256e-01 
 1101.000  8.567259e-01 
 1102.000  8.567259e-01 
 1103.000  8.317134e-01 
 1104.000  8.317134e-01 
 1105.000  8.102557e-01 
 1106.000  8.102557e-01 
 1107.000  8.094633e-01 
 1108.000  8.094633e-01 
 1109.000  7.569896e-01 
 1110.000  7.093661e-01 
 1111.000  7.093661e-01 
 1112.000  6.718651e-01 
 1113.000  6.718651e-01 
 1114.000  5.639188e-01 
 1115.000  5.639188e-01 
 1116.000  3.247589e-01 
 1117.000  3.247589e-01 
 1118.000  4.206887e-01 
 1119.000  4.206887e-01 
 1120.000  3.478658e-01 
 1121.000  3.478658e-01 
 1122.000  1.858249e-01 
 1123.000  3.929270e-01 
 1124.000  3.929270e-01 
 1125.000  2.144131e-01 
 1126.000  2.144131e-01 
 1127.000  2.693115e-01 
 1128.000  2.693115e-01 
 1129.000  2.542150e-01 
 1130.000  2.542150e-01 
 1131.000  5.628451e-01 
 1132.000  5.628451e-01 
 1133.000  2.530155e-01 
 1134.000  2.530155e-01 
 1135.000  1.479935e-01 
 1136.000  1.479935e-01 
 1137.000  5.550162e-01 
 1138.000  5.550162e-01 
 1139.000  5.227625e-01 
 1140.000  5.227625e-01 
 1141.000  4.950993e-01 
 1142.000  4.950993e-01 
 1143.000  5.290068e-01 
 1144.000  5.290068e-01 
 1145.000  2.968290e-01 
 1146.000  2.968290e-01 
 1147.000  2.898138e-01 
 1148.000  2.898138e-01 
 1149.000  4.321410e-01 
 1150.000  4.321410e-01 
 1151.000  5.110765e-01 
 1152.000  5.110765e-01 
 1153.000  4.674194e-01 
 1154.000  4.674194e-01 
 1155.000  5.166067e-01 
 1156.000  5.166067e-01 
 1157.000  6.267545e-01 
 1158.000  6.267545e-01 
 1159.000  7.258858e-01 
 1160.000  7.258858e-01 
 1161.000  7.024108e-01 
 1162.000  7.024108e-01 
 1163.000  7.960858e-01 
 1164.000  7.960858e-01 
 1165.000  7.669023e-01 
 1166.000  7.669023e-01 
 1167.000  8.311222e-01 
 1168.000  8.311222e-01 
 1169.000  8.577043e-01 
 1170.000  8.577043e-01 
 1171.000  8.692474e-01 
 1172.000  8.692474e-01 
 1173.000  7.672770e-01 
 1174.000  7.672770e-01 
 1175.000  9.295247e-01 
 1176.000  9.295247e-01 
 1177.000  8.281554e-01 
 1178.000  8.281554e-01 
 1179.000  9.065933e-01 
 1180.000  9.065933e-01 
 1181.000  7.679225e-01 
 1182.000  7.679225e-01 
 1183.000  8.684454e-01 
 1184.000  8.684454e-01 
 1185.000  8.980133e-01 
 1186.000  8.980133e-01 
 1187.000  8.011004e-01 
 1188.000  8.011004e-01 
 1189.000  8.011004e-01 
 1190.000  8.765455e-01 
 1191.000  8.765455e-01 
 1192.000  9.404284e-01 
 1193.000  9.404284e-01 
 1194.000  8.926795e-01 
 1195.000  8.926795e-01 
 1196.000  9.100721e-01 
 1197.000  9.100721e-01 
 1198.000  8.647023e-01 
 1199.000  8.647023e-01 
 1200.000  8.650125e-01 
