  250.000  0.000000e+00 
  251.000  0.000000e+00 
  252.000  0.000000e+00 
  253.000  0.000000e+00 
  254.000  0.000000e+00 
  255.000  0.000000e+00 
  256.000  0.000000e+00 
  257.000  0.000000e+00 
  258.000  0.000000e+00 
  259.000  0.000000e+00 
  260.000  0.000000e+00 
  261.000  0.000000e+00 
  262.000  0.000000e+00 
  263.000  0.000000e+00 
  264.000  0.000000e+00 
  265.000  0.000000e+00 
  266.000  0.000000e+00 
  267.000  0.000000e+00 
  268.000  0.000000e+00 
  269.000  0.000000e+00 
  270.000  0.000000e+00 
  271.000  0.000000e+00 
  272.000  0.000000e+00 
  273.000  0.000000e+00 
  274.000  0.000000e+00 
  275.000  0.000000e+00 
  276.000  0.000000e+00 
  277.000  0.000000e+00 
  278.000  0.000000e+00 
  279.000  0.000000e+00 
  280.000  0.000000e+00 
  281.000  0.000000e+00 
  282.000  0.000000e+00 
  283.000  0.000000e+00 
  284.000  0.000000e+00 
  285.000  0.000000e+00 
  286.000  0.000000e+00 
  287.000  0.000000e+00 
  288.000  0.000000e+00 
  289.000  0.000000e+00 
  290.000  0.000000e+00 
  291.000  0.000000e+00 
  292.000  0.000000e+00 
  293.000  8.693544e-15 
  294.000  4.120985e-13 
  295.000  4.971944e-12 
  296.000  1.626906e-10 
  297.000  1.324002e-09 
  298.000  1.621582e-08 
  299.000  8.952016e-08 
  300.000  5.237766e-07 
  301.000  2.230844e-06 
  302.000  7.449404e-06 
  303.000  3.155930e-05 
  304.000  5.407366e-05 
  305.000  1.748510e-04 
  306.000  3.364210e-04 
  307.000  7.520835e-04 
  308.000  1.257745e-03 
  309.000  2.028371e-03 
  310.000  3.805992e-03 
  311.000  4.894132e-03 
  312.000  7.044203e-03 
  313.000  1.033806e-02 
  314.000  1.202950e-02 
  315.000  1.759066e-02 
  316.000  1.934634e-02 
  317.000  2.485967e-02 
  318.000  2.857233e-02 
  319.000  3.987740e-02 
  320.000  3.252091e-02 
  321.000  5.133361e-02 
  322.000  4.334494e-02 
  323.000  5.300730e-02 
  324.000  6.869601e-02 
  325.000  5.766428e-02 
  326.000  7.413442e-02 
  327.000  7.999556e-02 
  328.000  7.104889e-02 
  329.000  9.220064e-02 
  330.000  9.639244e-02 
  331.000  8.709919e-02 
  332.000  1.031639e-01 
  333.000  1.070669e-01 
  334.000  1.048042e-01 
  335.000  1.160633e-01 
  336.000  1.208918e-01 
  337.000  1.181277e-01 
  338.000  1.259196e-01 
  339.000  1.318153e-01 
  340.000  1.311157e-01 
  341.000  1.378047e-01 
  342.000  1.426049e-01 
  343.000  1.457269e-01 
  344.000  1.449411e-01 
  345.000  1.526157e-01 
  346.000  1.566495e-01 
  347.000  1.601684e-01 
  348.000  1.638682e-01 
  349.000  1.683614e-01 
  350.000  1.719019e-01 
  351.000  1.761790e-01 
  352.000  1.796676e-01 
  353.000  1.838881e-01 
  354.000  1.870441e-01 
  355.000  1.904455e-01 
  356.000  1.947032e-01 
  357.000  1.975739e-01 
  358.000  2.006449e-01 
  359.000  2.036527e-01 
  360.000  2.066922e-01 
  361.000  2.100630e-01 
  362.000  2.153209e-01 
  363.000  2.199194e-01 
  364.000  2.244980e-01 
  365.000  2.284315e-01 
  366.000  2.326548e-01 
  367.000  2.366701e-01 
  368.000  2.405540e-01 
  369.000  2.438102e-01 
  370.000  2.477504e-01 
  371.000  2.519016e-01 
  372.000  2.554979e-01 
  373.000  2.597640e-01 
  374.000  2.638977e-01 
  375.000  2.672553e-01 
  376.000  2.708672e-01 
  377.000  2.748318e-01 
  378.000  2.778648e-01 
  379.000  2.812056e-01 
  380.000  2.845647e-01 
  381.000  2.882360e-01 
  382.000  2.932923e-01 
  383.000  2.984965e-01 
  384.000  3.021273e-01 
  385.000  3.066917e-01 
  386.000  3.103208e-01 
  387.000  3.146520e-01 
  388.000  3.180857e-01 
  389.000  3.215853e-01 
  390.000  3.259885e-01 
  391.000  3.296071e-01 
  392.000  3.327652e-01 
  393.000  3.377984e-01 
  394.000  3.413829e-01 
  395.000  3.448952e-01 
  396.000  3.493746e-01 
  397.000  3.533497e-01 
  398.000  3.563228e-01 
  399.000  3.601276e-01 
  400.000  3.636165e-01 
  401.000  3.680617e-01 
  402.000  3.719960e-01 
  403.000  3.761034e-01 
  404.000  3.790224e-01 
  405.000  3.829479e-01 
  406.000  3.865151e-01 
  407.000  3.912102e-01 
  408.000  3.937305e-01 
  409.000  3.972600e-01 
  410.000  4.008719e-01 
  411.000  4.050160e-01 
  412.000  4.091834e-01 
  413.000  4.116848e-01 
  414.000  4.160714e-01 
  415.000  4.195758e-01 
  416.000  4.239859e-01 
  417.000  4.266993e-01 
  418.000  4.298579e-01 
  419.000  4.342382e-01 
  420.000  4.372961e-01 
  421.000  4.407779e-01 
  422.000  4.436528e-01 
  423.000  4.475205e-01 
  424.000  4.506512e-01 
  425.000  4.551078e-01 
  426.000  4.583963e-01 
  427.000  4.617297e-01 
  428.000  4.647658e-01 
  429.000  4.687856e-01 
  430.000  4.722910e-01 
  431.000  4.738880e-01 
  432.000  4.786150e-01 
  433.000  4.820880e-01 
  434.000  4.844479e-01 
  435.000  4.870413e-01 
  436.000  4.908303e-01 
  437.000  4.958312e-01 
  438.000  4.984650e-01 
  439.000  4.996915e-01 
  440.000  5.034686e-01 
  441.000  5.066835e-01 
  442.000  5.106320e-01 
  443.000  5.127695e-01 
  444.000  5.159379e-01 
  445.000  5.169550e-01 
  446.000  5.206081e-01 
  447.000  5.247214e-01 
  448.000  5.255488e-01 
  449.000  5.304202e-01 
  450.000  5.346731e-01 
  451.000  5.373365e-01 
  452.000  5.395197e-01 
  453.000  5.427317e-01 
  454.000  5.470747e-01 
  455.000  5.487343e-01 
  456.000  5.512778e-01 
  457.000  5.541441e-01 
  458.000  5.563105e-01 
  459.000  5.588009e-01 
  460.000  5.605504e-01 
  461.000  5.633267e-01 
  462.000  5.670767e-01 
  463.000  5.676468e-01 
  464.000  5.712982e-01 
  465.000  5.738556e-01 
  466.000  5.784974e-01 
  467.000  5.802096e-01 
  468.000  5.829352e-01 
  469.000  5.849320e-01 
  470.000  5.873302e-01 
  471.000  5.901430e-01 
  472.000  5.911002e-01 
  473.000  5.914910e-01 
  474.000  5.898880e-01 
  475.000  5.893592e-01 
  476.000  5.897603e-01 
  477.000  5.905669e-01 
  478.000  5.919459e-01 
  479.000  5.948728e-01 
  480.000  5.988757e-01 
  481.000  6.048801e-01 
  482.000  6.097010e-01 
  483.000  6.139697e-01 
  484.000  6.162392e-01 
  485.000  6.178484e-01 
  486.000  6.194041e-01 
  487.000  6.228940e-01 
  488.000  6.248013e-01 
  489.000  6.263601e-01 
  490.000  6.298600e-01 
  491.000  6.319154e-01 
  492.000  6.339625e-01 
  493.000  6.359896e-01 
  494.000  6.374717e-01 
  495.000  6.390199e-01 
  496.000  6.400499e-01 
  497.000  6.417022e-01 
  498.000  6.428692e-01 
  499.000  6.443911e-01 
  500.000  6.454627e-01 
  501.000  6.453109e-01 
  502.000  6.433523e-01 
  503.000  6.413777e-01 
  504.000  6.365768e-01 
  505.000  6.434365e-01 
  506.000  6.445274e-01 
  507.000  6.448207e-01 
  508.000  6.506475e-01 
  509.000  6.532173e-01 
  510.000  6.568089e-01 
  511.000  6.588397e-01 
  512.000  6.604061e-01 
  513.000  6.638810e-01 
  514.000  6.651967e-01 
  515.000  6.677077e-01 
  516.000  6.686720e-01 
  517.000  6.704243e-01 
  518.000  6.708354e-01 
  519.000  6.720013e-01 
  520.000  6.725612e-01 
  521.000  6.737957e-01 
  522.000  6.741048e-01 
  523.000  6.745903e-01 
  524.000  6.747475e-01 
  525.000  6.739362e-01 
  526.000  6.740469e-01 
  527.000  6.735616e-01 
  528.000  6.731224e-01 
  529.000  6.724606e-01 
  530.000  6.722869e-01 
  531.000  6.729468e-01 
  532.000  6.735187e-01 
  533.000  6.745601e-01 
  534.000  6.759050e-01 
  535.000  6.767617e-01 
  536.000  6.782771e-01 
  537.000  6.799071e-01 
  538.000  6.808378e-01 
  539.000  6.812620e-01 
  540.000  6.824449e-01 
  541.000  6.792629e-01 
  542.000  6.813024e-01 
  543.000  6.840919e-01 
  544.000  6.850469e-01 
  545.000  6.837749e-01 
  546.000  6.826561e-01 
  547.000  6.858001e-01 
  548.000  6.890069e-01 
  549.000  6.896100e-01 
  550.000  6.907339e-01 
  551.000  6.923545e-01 
  552.000  6.928028e-01 
  553.000  6.936286e-01 
  554.000  6.943772e-01 
  555.000  6.949487e-01 
  556.000  6.943537e-01 
  557.000  6.933383e-01 
  558.000  6.925367e-01 
  559.000  6.914331e-01 
  560.000  6.904261e-01 
  561.000  6.896354e-01 
  562.000  6.891153e-01 
  563.000  6.881026e-01 
  564.000  6.870449e-01 
  565.000  6.860683e-01 
  566.000  6.854112e-01 
  567.000  6.836647e-01 
  568.000  6.817200e-01 
  569.000  6.716466e-01 
  570.000  6.699066e-01 
  571.000  6.714711e-01 
  572.000  6.655431e-01 
  573.000  6.671406e-01 
  574.000  6.635912e-01 
  575.000  6.651606e-01 
  576.000  6.645374e-01 
  577.000  6.648648e-01 
  578.000  6.702144e-01 
  579.000  6.737522e-01 
  580.000  6.771503e-01 
  581.000  6.823631e-01 
  582.000  6.870136e-01 
  583.000  6.913952e-01 
  584.000  6.973870e-01 
  585.000  6.992137e-01 
  586.000  7.020168e-01 
  587.000  7.021136e-01 
  588.000  6.992329e-01 
  589.000  6.713882e-01 
  590.000  6.694900e-01 
  591.000  6.815292e-01 
  592.000  6.615046e-01 
  593.000  6.980905e-01 
  594.000  6.791221e-01 
  595.000  6.884565e-01 
  596.000  6.948191e-01 
  597.000  6.945049e-01 
  598.000  6.954930e-01 
  599.000  7.026033e-01 
  600.000  7.064471e-01 
  601.000  7.109151e-01 
  602.000  7.132902e-01 
  603.000  7.142965e-01 
  604.000  7.163401e-01 
  605.000  7.175441e-01 
  606.000  7.201697e-01 
  607.000  7.224798e-01 
  608.000  7.252353e-01 
  609.000  7.263634e-01 
  610.000  7.286125e-01 
  611.000  7.304267e-01 
  612.000  7.331412e-01 
  613.000  7.353308e-01 
  614.000  7.369223e-01 
  615.000  7.387535e-01 
  616.000  7.413571e-01 
  617.000  7.431926e-01 
  618.000  7.443789e-01 
  619.000  7.460852e-01 
  620.000  7.474977e-01 
  621.000  7.483822e-01 
  622.000  7.487413e-01 
  623.000  7.493334e-01 
  624.000  7.494433e-01 
  625.000  7.497333e-01 
  626.000  7.492496e-01 
  627.000  7.479071e-01 
  628.000  7.028440e-01 
  629.000  7.280356e-01 
  630.000  7.341633e-01 
  631.000  7.488567e-01 
  632.000  7.531054e-01 
  633.000  7.579381e-01 
  634.000  7.627799e-01 
  635.000  7.653736e-01 
  636.000  7.693793e-01 
  637.000  7.750303e-01 
  638.000  7.807579e-01 
  639.000  7.842901e-01 
  640.000  7.871687e-01 
  641.000  7.897792e-01 
  642.000  7.939394e-01 
  643.000  7.942909e-01 
  644.000  7.972851e-01 
  645.000  7.975129e-01 
  646.000  7.889606e-01 
  647.000  7.754464e-01 
  648.000  7.609732e-01 
  649.000  7.768821e-01 
  650.000  8.018975e-01 
  651.000  8.053918e-01 
  652.000  7.966652e-01 
  653.000  8.075081e-01 
  654.000  8.082231e-01 
  655.000  7.845026e-01 
  656.000  8.022447e-01 
  657.000  8.081959e-01 
  658.000  8.183127e-01 
  659.000  8.247402e-01 
  660.000  8.239327e-01 
  661.000  8.284317e-01 
  662.000  8.286546e-01 
  663.000  8.294663e-01 
  664.000  8.319033e-01 
  665.000  8.331212e-01 
  666.000  8.350469e-01 
  667.000  8.375162e-01 
  668.000  8.386315e-01 
  669.000  8.404658e-01 
  670.000  8.416415e-01 
  671.000  8.438432e-01 
  672.000  8.443211e-01 
  673.000  8.461762e-01 
  674.000  8.468732e-01 
  675.000  8.487849e-01 
  676.000  8.493357e-01 
  677.000  8.503755e-01 
  678.000  8.520206e-01 
  679.000  8.528849e-01 
  680.000  8.545212e-01 
  681.000  8.548861e-01 
  682.000  8.574681e-01 
  683.000  8.569376e-01 
  684.000  8.586146e-01 
  685.000  8.608385e-01 
  686.000  8.615528e-01 
  687.000  4.427457e-01 
  688.000  6.296864e-01 
  689.000  6.932606e-01 
  690.000  7.287468e-01 
  691.000  7.688816e-01 
  692.000  8.183453e-01 
  693.000  7.897267e-01 
  694.000  7.524831e-01 
  695.000  8.056799e-01 
  696.000  7.982051e-01 
  697.000  8.631681e-01 
  698.000  8.619270e-01 
  699.000  8.294721e-01 
  700.000  8.324560e-01 
  701.000  8.087003e-01 
  702.000  8.176443e-01 
  703.000  8.294859e-01 
  704.000  8.371355e-01 
  705.000  8.382632e-01 
  706.000  8.520350e-01 
  707.000  8.606164e-01 
  708.000  8.668383e-01 
  709.000  8.688173e-01 
  710.000  8.658286e-01 
  711.000  8.751153e-01 
  712.000  8.719555e-01 
  713.000  8.771062e-01 
  714.000  8.734894e-01 
  715.000  8.519223e-01 
  716.000  8.582749e-01 
  717.000  7.771623e-01 
  718.000  6.599553e-01 
  719.000  6.113815e-01 
  720.000  6.533047e-01 
  721.000  8.231688e-01 
  722.000  8.239273e-01 
  723.000  8.088333e-01 
  724.000  6.697193e-01 
  725.000  6.747848e-01 
  726.000  7.573415e-01 
  727.000  7.205374e-01 
  728.000  6.527489e-01 
  729.000  6.797336e-01 
  730.000  7.713090e-01 
  731.000  7.238762e-01 
  732.000  7.427419e-01 
  733.000  8.213645e-01 
  734.000  8.712604e-01 
  735.000  8.377584e-01 
  736.000  8.626856e-01 
  737.000  8.617484e-01 
  738.000  8.742034e-01 
  739.000  8.758832e-01 
  740.000  8.933402e-01 
  741.000  9.032173e-01 
  742.000  9.057189e-01 
  743.000  9.054120e-01 
  744.000  9.082803e-01 
  745.000  9.112406e-01 
  746.000  9.131696e-01 
  747.000  9.131553e-01 
  748.000  9.139310e-01 
  749.000  9.143353e-01 
  750.000  9.150779e-01 
  751.000  9.152297e-01 
  752.000  9.171576e-01 
  753.000  9.176228e-01 
  754.000  9.179931e-01 
  755.000  9.183643e-01 
  756.000  9.186013e-01 
  757.000  9.197127e-01 
  758.000  9.207547e-01 
  759.000  8.929012e-01 
  760.000  1.214520e-01 
  761.000  4.864585e-02 
  762.000  4.386394e-01 
  763.000  3.010698e-01 
  764.000  3.714166e-01 
  765.000  5.376762e-01 
  766.000  7.039621e-01 
  767.000  7.589872e-01 
  768.000  8.718145e-01 
  769.000  9.009233e-01 
  770.000  9.022686e-01 
  771.000  9.194984e-01 
  772.000  9.261773e-01 
  773.000  9.263769e-01 
  774.000  9.263961e-01 
  775.000  9.267204e-01 
  776.000  9.271242e-01 
  777.000  9.277034e-01 
  778.000  9.280387e-01 
  779.000  9.283270e-01 
  780.000  9.285676e-01 
  781.000  9.293149e-01 
  782.000  9.295833e-01 
  783.000  9.302021e-01 
  784.000  9.289299e-01 
  785.000  9.280108e-01 
  786.000  9.224334e-01 
  787.000  9.186870e-01 
  788.000  9.065487e-01 
  789.000  9.079040e-01 
  790.000  8.849269e-01 
  791.000  8.901085e-01 
  792.000  8.980243e-01 
  793.000  9.061853e-01 
  794.000  9.323048e-01 
  795.000  9.205295e-01 
  796.000  8.648226e-01 
  797.000  9.043106e-01 
  798.000  9.103439e-01 
  799.000  9.180557e-01 
  800.000  8.951382e-01 
  801.000  8.838323e-01 
  802.000  8.977922e-01 
  803.000  8.954028e-01 
  804.000  8.949465e-01 
  805.000  9.032805e-01 
  806.000  9.258490e-01 
  807.000  9.137566e-01 
  808.000  9.266133e-01 
  809.000  9.070781e-01 
  810.000  8.951918e-01 
  811.000  8.935544e-01 
  812.000  8.704034e-01 
  813.000  8.262685e-01 
  814.000  7.629406e-01 
  815.000  7.148895e-01 
  816.000  7.566598e-01 
  817.000  6.010455e-01 
  818.000  7.261217e-01 
  819.000  7.473496e-01 
  820.000  7.184752e-01 
  821.000  8.900539e-01 
  822.000  8.490047e-01 
  823.000  5.621713e-01 
  824.000  8.004898e-01 
  825.000  8.673033e-01 
  826.000  8.077988e-01 
  827.000  8.642901e-01 
  828.000  7.254369e-01 
  829.000  8.283302e-01 
  830.000  8.087027e-01 
  831.000  8.203974e-01 
  832.000  8.017879e-01 
  833.000  8.600536e-01 
  834.000  8.603723e-01 
  835.000  8.886819e-01 
  836.000  8.894280e-01 
  837.000  8.890673e-01 
  838.000  9.096798e-01 
  839.000  9.240392e-01 
  840.000  9.252074e-01 
  841.000  9.252074e-01 
  842.000  9.073329e-01 
  843.000  9.437846e-01 
  844.000  9.242652e-01 
  845.000  9.395202e-01 
  846.000  9.441531e-01 
  847.000  9.480304e-01 
  848.000  9.427935e-01 
  849.000  9.452324e-01 
  850.000  9.439557e-01 
  851.000  9.406791e-01 
  852.000  9.475985e-01 
  853.000  9.505538e-01 
  854.000  9.486932e-01 
  855.000  9.486932e-01 
  856.000  9.507442e-01 
  857.000  9.551638e-01 
  858.000  9.512414e-01 
  859.000  9.537783e-01 
  860.000  9.565132e-01 
  861.000  9.554716e-01 
  862.000  9.568363e-01 
  863.000  9.563282e-01 
  864.000  9.576968e-01 
  865.000  9.576968e-01 
  866.000  9.577034e-01 
  867.000  9.580889e-01 
  868.000  9.579994e-01 
  869.000  9.582615e-01 
  870.000  9.583391e-01 
  871.000  9.587960e-01 
  872.000  9.590919e-01 
  873.000  9.588730e-01 
  874.000  9.588730e-01 
  875.000  9.597076e-01 
  876.000  9.598760e-01 
  877.000  9.596800e-01 
  878.000  9.592844e-01 
  879.000  9.592306e-01 
  880.000  9.603304e-01 
  881.000  9.603304e-01 
  882.000  9.576503e-01 
  883.000  9.587420e-01 
  884.000  9.588888e-01 
  885.000  9.593619e-01 
  886.000  9.453080e-01 
  887.000  9.581215e-01 
  888.000  9.581215e-01 
  889.000  9.542395e-01 
  890.000  9.481964e-01 
  891.000  9.573013e-01 
  892.000  9.444056e-01 
  893.000  9.034050e-01 
  894.000  9.034050e-01 
  895.000  8.545755e-01 
  896.000  7.962618e-01 
  897.000  6.620900e-01 
  898.000  7.782630e-01 
  899.000  5.836374e-01 
  900.000  5.836374e-01 
  901.000  6.231605e-01 
  902.000  6.857631e-01 
  903.000  7.336997e-01 
  904.000  8.675591e-01 
  905.000  8.472938e-01 
  906.000  8.472938e-01 
  907.000  6.752808e-01 
  908.000  6.682644e-01 
  909.000  6.593132e-01 
  910.000  6.204785e-01 
  911.000  6.204785e-01 
  912.000  7.523563e-01 
  913.000  6.801526e-01 
  914.000  6.475894e-01 
  915.000  5.962833e-01 
  916.000  5.962833e-01 
  917.000  7.385290e-01 
  918.000  6.080760e-01 
  919.000  7.423009e-01 
  920.000  8.570700e-01 
  921.000  8.570700e-01 
  922.000  8.106953e-01 
  923.000  8.137658e-01 
  924.000  7.508273e-01 
  925.000  7.508273e-01 
  926.000  7.815824e-01 
  927.000  7.945294e-01 
  928.000  5.888225e-01 
  929.000  5.423677e-01 
  930.000  5.423677e-01 
  931.000  4.039285e-01 
  932.000  2.349442e-01 
  933.000  1.978499e-01 
  934.000  1.978499e-01 
  935.000  2.197295e-01 
  936.000  1.874263e-01 
  937.000  1.446987e-01 
  938.000  1.446987e-01 
  939.000  2.934048e-01 
  940.000  4.272549e-01 
  941.000  3.732151e-01 
  942.000  3.732151e-01 
  943.000  2.717718e-01 
  944.000  2.815365e-01 
  945.000  3.592128e-01 
  946.000  3.592128e-01 
  947.000  2.763484e-01 
  948.000  3.284707e-01 
  949.000  3.685645e-01 
  950.000  3.685645e-01 
  951.000  4.297530e-01 
  952.000  2.508476e-01 
  953.000  4.361944e-01 
  954.000  4.361944e-01 
  955.000  4.259033e-01 
  956.000  3.204822e-01 
  957.000  5.208998e-01 
  958.000  5.208998e-01 
  959.000  3.657492e-01 
  960.000  4.553282e-01 
  961.000  4.553282e-01 
  962.000  5.355525e-01 
  963.000  5.888558e-01 
  964.000  4.927100e-01 
  965.000  4.927100e-01 
  966.000  5.606291e-01 
  967.000  7.135574e-01 
  968.000  7.135574e-01 
  969.000  7.477860e-01 
  970.000  7.977312e-01 
  971.000  8.345583e-01 
  972.000  8.345583e-01 
  973.000  7.865474e-01 
  974.000  6.703374e-01 
  975.000  6.703374e-01 
  976.000  6.589842e-01 
  977.000  7.830008e-01 
  978.000  7.596120e-01 
  979.000  7.596120e-01 
  980.000  7.603697e-01 
  981.000  8.863339e-01 
  982.000  8.863339e-01 
  983.000  8.468423e-01 
  984.000  8.838224e-01 
  985.000  8.838224e-01 
  986.000  9.446353e-01 
  987.000  9.223052e-01 
  988.000  9.223052e-01 
  989.000  9.604116e-01 
  990.000  9.434289e-01 
  991.000  9.434289e-01 
  992.000  9.573041e-01 
  993.000  9.538239e-01 
  994.000  9.538239e-01 
  995.000  9.712693e-01 
  996.000  9.717648e-01 
  997.000  9.717648e-01 
  998.000  9.721876e-01 
  999.000  9.705067e-01 
 1000.000  9.705067e-01 
 1001.000  9.710774e-01 
 1002.000  9.507052e-01 
 1003.000  9.507052e-01 
 1004.000  9.716972e-01 
 1005.000  9.731345e-01 
 1006.000  9.731345e-01 
 1007.000  9.739532e-01 
 1008.000  9.689057e-01 
 1009.000  9.689057e-01 
 1010.000  9.550130e-01 
 1011.000  9.739140e-01 
 1012.000  9.739140e-01 
 1013.000  9.746536e-01 
 1014.000  9.741986e-01 
 1015.000  9.741986e-01 
 1016.000  9.754806e-01 
 1017.000  9.736928e-01 
 1018.000  9.736928e-01 
 1019.000  9.723912e-01 
 1020.000  9.760562e-01 
 1021.000  9.760562e-01 
 1022.000  9.727598e-01 
 1023.000  9.727598e-01 
 1024.000  9.714860e-01 
 1025.000  9.760265e-01 
 1026.000  9.760265e-01 
 1027.000  9.740226e-01 
 1028.000  9.763693e-01 
 1029.000  9.763693e-01 
 1030.000  9.773209e-01 
 1031.000  9.772984e-01 
 1032.000  9.772984e-01 
 1033.000  9.773941e-01 
 1034.000  9.773941e-01 
 1035.000  9.780015e-01 
 1036.000  9.769018e-01 
 1037.000  9.769018e-01 
 1038.000  9.767795e-01 
 1039.000  9.754947e-01 
 1040.000  9.754947e-01 
 1041.000  9.746523e-01 
 1042.000  9.746523e-01 
 1043.000  9.735526e-01 
 1044.000  9.718466e-01 
 1045.000  9.718466e-01 
 1046.000  9.694823e-01 
 1047.000  9.694823e-01 
 1048.000  9.671126e-01 
 1049.000  9.624358e-01 
 1050.000  9.624358e-01 
 1051.000  9.602392e-01 
 1052.000  9.602392e-01 
 1053.000  9.569950e-01 
 1054.000  9.542270e-01 
 1055.000  9.542270e-01 
 1056.000  9.509996e-01 
 1057.000  9.509996e-01 
 1058.000  9.481435e-01 
 1059.000  9.453458e-01 
 1060.000  9.453458e-01 
 1061.000  9.435605e-01 
 1062.000  9.435605e-01 
 1063.000  9.399785e-01 
 1064.000  9.376265e-01 
 1065.000  9.376265e-01 
 1066.000  9.415458e-01 
 1067.000  9.415458e-01 
 1068.000  9.392218e-01 
 1069.000  9.390593e-01 
 1070.000  9.390593e-01 
 1071.000  9.446110e-01 
 1072.000  9.446110e-01 
 1073.000  9.480197e-01 
 1074.000  9.480197e-01 
 1075.000  9.348271e-01 
 1076.000  9.340696e-01 
 1077.000  9.340696e-01 
 1078.000  9.504985e-01 
 1079.000  9.504985e-01 
 1080.000  9.345468e-01 
 1081.000  9.345468e-01 
 1082.000  9.458645e-01 
 1083.000  9.310560e-01 
 1084.000  9.310560e-01 
 1085.000  9.126364e-01 
 1086.000  9.126364e-01 
 1087.000  9.435918e-01 
 1088.000  9.435918e-01 
 1089.000  9.299698e-01 
 1090.000  9.249019e-01 
 1091.000  9.249019e-01 
 1092.000  8.931403e-01 
 1093.000  8.931403e-01 
 1094.000  8.959948e-01 
 1095.000  8.959948e-01 
 1096.000  8.853218e-01 
 1097.000  8.853218e-01 
 1098.000  8.514044e-01 
 1099.000  7.739041e-01 
 1100.000  7.739041e-01 
 1101.000  7.808946e-01 
 1102.000  7.808946e-01 
 1103.000  7.458240e-01 
 1104.000  7.458240e-01 
 1105.000  7.186352e-01 
 1106.000  7.186352e-01 
 1107.000  7.192170e-01 
 1108.000  7.192170e-01 
 1109.000  6.501894e-01 
 1110.000  6.228282e-01 
 1111.000  6.228282e-01 
 1112.000  5.651122e-01 
 1113.000  5.651122e-01 
 1114.000  4.444941e-01 
 1115.000  4.444941e-01 
 1116.000  2.139878e-01 
 1117.000  2.139878e-01 
 1118.000  2.935547e-01 
 1119.000  2.935547e-01 
 1120.000  2.182269e-01 
 1121.000  2.182269e-01 
 1122.000  9.786279e-02 
 1123.000  2.532561e-01 
 1124.000  2.532561e-01 
 1125.000  1.095756e-01 
 1126.000  1.095756e-01 
 1127.000  1.488436e-01 
 1128.000  1.488436e-01 
 1129.000  1.326432e-01 
 1130.000  1.326432e-01 
 1131.000  4.143281e-01 
 1132.000  4.143281e-01 
 1133.000  1.390583e-01 
 1134.000  1.390583e-01 
 1135.000  7.645289e-02 
 1136.000  7.645289e-02 
 1137.000  3.963955e-01 
 1138.000  3.963955e-01 
 1139.000  3.888194e-01 
 1140.000  3.888194e-01 
 1141.000  3.495184e-01 
 1142.000  3.495184e-01 
 1143.000  3.937525e-01 
 1144.000  3.937525e-01 
 1145.000  1.669499e-01 
 1146.000  1.669499e-01 
 1147.000  1.719913e-01 
 1148.000  1.719913e-01 
 1149.000  3.148966e-01 
 1150.000  3.148966e-01 
 1151.000  3.656269e-01 
 1152.000  3.656269e-01 
 1153.000  3.256003e-01 
 1154.000  3.256003e-01 
 1155.000  3.796394e-01 
 1156.000  3.796394e-01 
 1157.000  5.107104e-01 
 1158.000  5.107104e-01 
 1159.000  6.071031e-01 
 1160.000  6.071031e-01 
 1161.000  5.862634e-01 
 1162.000  5.862634e-01 
 1163.000  7.152365e-01 
 1164.000  7.152365e-01 
 1165.000  6.708128e-01 
 1166.000  6.708128e-01 
 1167.000  7.515980e-01 
 1168.000  7.515980e-01 
 1169.000  7.816727e-01 
 1170.000  7.816727e-01 
 1171.000  8.032601e-01 
 1172.000  8.032601e-01 
 1173.000  6.695114e-01 
 1174.000  6.695114e-01 
 1175.000  8.823878e-01 
 1176.000  8.823878e-01 
 1177.000  7.541780e-01 
 1178.000  7.541780e-01 
 1179.000  8.587033e-01 
 1180.000  8.587033e-01 
 1181.000  6.797385e-01 
 1182.000  6.797385e-01 
 1183.000  8.056148e-01 
 1184.000  8.056148e-01 
 1185.000  8.349534e-01 
 1186.000  8.349534e-01 
 1187.000  7.235579e-01 
 1188.000  7.235579e-01 
 1189.000  7.235579e-01 
 1190.000  8.163342e-01 
 1191.000  8.163342e-01 
 1192.000  8.997515e-01 
 1193.000  8.997515e-01 
 1194.000  8.396334e-01 
 1195.000  8.396334e-01 
 1196.000  8.515757e-01 
 1197.000  8.515757e-01 
 1198.000  7.960849e-01 
 1199.000  7.960849e-01 
 1200.000  8.025834e-01 
