  250.000  0.000000e+00 
  251.000  0.000000e+00 
  252.000  0.000000e+00 
  253.000  0.000000e+00 
  254.000  0.000000e+00 
  255.000  0.000000e+00 
  256.000  0.000000e+00 
  257.000  0.000000e+00 
  258.000  0.000000e+00 
  259.000  0.000000e+00 
  260.000  0.000000e+00 
  261.000  0.000000e+00 
  262.000  0.000000e+00 
  263.000  0.000000e+00 
  264.000  0.000000e+00 
  265.000  0.000000e+00 
  266.000  0.000000e+00 
  267.000  0.000000e+00 
  268.000  0.000000e+00 
  269.000  0.000000e+00 
  270.000  0.000000e+00 
  271.000  0.000000e+00 
  272.000  0.000000e+00 
  273.000  0.000000e+00 
  274.000  0.000000e+00 
  275.000  0.000000e+00 
  276.000  0.000000e+00 
  277.000  0.000000e+00 
  278.000  0.000000e+00 
  279.000  0.000000e+00 
  280.000  0.000000e+00 
  281.000  0.000000e+00 
  282.000  0.000000e+00 
  283.000  0.000000e+00 
  284.000  0.000000e+00 
  285.000  0.000000e+00 
  286.000  0.000000e+00 
  287.000  0.000000e+00 
  288.000  0.000000e+00 
  289.000  0.000000e+00 
  290.000  0.000000e+00 
  291.000  0.000000e+00 
  292.000  1.615116e-08 
  293.000  1.055954e-07 
  294.000  8.918126e-07 
  295.000  3.503543e-06 
  296.000  2.409964e-05 
  297.000  7.599957e-05 
  298.000  3.003369e-04 
  299.000  7.592518e-04 
  300.000  1.994937e-03 
  301.000  4.383138e-03 
  302.000  8.373159e-03 
  303.000  1.838529e-02 
  304.000  2.421959e-02 
  305.000  4.569248e-02 
  306.000  6.413116e-02 
  307.000  9.838480e-02 
  308.000  1.281434e-01 
  309.000  1.637594e-01 
  310.000  2.277238e-01 
  311.000  2.562060e-01 
  312.000  3.082303e-01 
  313.000  3.738283e-01 
  314.000  3.978781e-01 
  315.000  4.818718e-01 
  316.000  4.988321e-01 
  317.000  5.621327e-01 
  318.000  5.948236e-01 
  319.000  7.046567e-01 
  320.000  6.150931e-01 
  321.000  7.812753e-01 
  322.000  6.957682e-01 
  323.000  7.659184e-01 
  324.000  8.684152e-01 
  325.000  7.736838e-01 
  326.000  8.763579e-01 
  327.000  8.994126e-01 
  328.000  8.254261e-01 
  329.000  9.403602e-01 
  330.000  9.486393e-01 
  331.000  8.819263e-01 
  332.000  9.549046e-01 
  333.000  9.597842e-01 
  334.000  9.340039e-01 
  335.000  9.740042e-01 
  336.000  9.816651e-01 
  337.000  9.545839e-01 
  338.000  9.749963e-01 
  339.000  9.857789e-01 
  340.000  9.711112e-01 
  341.000  9.845294e-01 
  342.000  9.897158e-01 
  343.000  9.880798e-01 
  344.000  9.735880e-01 
  345.000  9.883345e-01 
  346.000  9.913874e-01 
  347.000  9.901364e-01 
  348.000  9.917368e-01 
  349.000  9.936017e-01 
  350.000  9.944463e-01 
  351.000  9.951042e-01 
  352.000  9.954242e-01 
  353.000  9.957529e-01 
  354.000  9.946417e-01 
  355.000  9.943370e-01 
  356.000  9.945922e-01 
  357.000  9.927312e-01 
  358.000  9.917979e-01 
  359.000  9.907711e-01 
  360.000  9.895645e-01 
  361.000  9.887087e-01 
  362.000  9.903839e-01 
  363.000  9.919505e-01 
  364.000  9.934577e-01 
  365.000  9.932928e-01 
  366.000  9.941010e-01 
  367.000  9.943526e-01 
  368.000  9.942070e-01 
  369.000  9.944454e-01 
  370.000  9.943287e-01 
  371.000  9.946893e-01 
  372.000  9.935583e-01 
  373.000  9.940722e-01 
  374.000  9.941859e-01 
  375.000  9.943724e-01 
  376.000  9.932251e-01 
  377.000  9.930879e-01 
  378.000  9.928144e-01 
  379.000  9.915103e-01 
  380.000  9.899657e-01 
  381.000  9.905157e-01 
  382.000  9.917453e-01 
  383.000  9.931446e-01 
  384.000  9.932210e-01 
  385.000  9.935456e-01 
  386.000  9.938203e-01 
  387.000  9.937372e-01 
  388.000  9.935894e-01 
  389.000  9.935549e-01 
  390.000  9.935374e-01 
  391.000  9.936882e-01 
  392.000  9.929159e-01 
  393.000  9.940339e-01 
  394.000  9.940432e-01 
  395.000  9.938973e-01 
  396.000  9.935271e-01 
  397.000  9.940938e-01 
  398.000  9.930019e-01 
  399.000  9.938160e-01 
  400.000  9.928235e-01 
  401.000  9.930481e-01 
  402.000  9.938639e-01 
  403.000  9.943412e-01 
  404.000  9.934230e-01 
  405.000  9.931341e-01 
  406.000  9.939710e-01 
  407.000  9.946439e-01 
  408.000  9.934826e-01 
  409.000  9.928488e-01 
  410.000  9.931853e-01 
  411.000  9.930292e-01 
  412.000  9.938868e-01 
  413.000  9.927335e-01 
  414.000  9.932042e-01 
  415.000  9.932988e-01 
  416.000  9.942946e-01 
  417.000  9.941590e-01 
  418.000  9.935848e-01 
  419.000  9.937093e-01 
  420.000  9.931272e-01 
  421.000  9.929637e-01 
  422.000  9.927250e-01 
  423.000  9.930948e-01 
  424.000  9.924223e-01 
  425.000  9.931898e-01 
  426.000  9.940797e-01 
  427.000  9.932594e-01 
  428.000  9.924843e-01 
  429.000  9.937495e-01 
  430.000  9.937377e-01 
  431.000  9.923531e-01 
  432.000  9.936291e-01 
  433.000  9.933546e-01 
  434.000  9.925935e-01 
  435.000  9.910467e-01 
  436.000  9.923875e-01 
  437.000  9.938443e-01 
  438.000  9.941262e-01 
  439.000  9.908644e-01 
  440.000  9.919489e-01 
  441.000  9.933212e-01 
  442.000  9.937524e-01 
  443.000  9.928527e-01 
  444.000  9.917629e-01 
  445.000  9.902587e-01 
  446.000  9.913650e-01 
  447.000  9.921193e-01 
  448.000  9.889637e-01 
  449.000  9.915509e-01 
  450.000  9.924338e-01 
  451.000  9.922955e-01 
  452.000  9.921302e-01 
  453.000  9.921175e-01 
  454.000  9.926568e-01 
  455.000  9.918217e-01 
  456.000  9.915794e-01 
  457.000  9.918318e-01 
  458.000  9.898332e-01 
  459.000  9.904428e-01 
  460.000  9.893000e-01 
  461.000  9.893597e-01 
  462.000  9.900770e-01 
  463.000  9.882037e-01 
  464.000  9.891335e-01 
  465.000  9.896083e-01 
  466.000  9.903309e-01 
  467.000  9.891219e-01 
  468.000  9.894082e-01 
  469.000  9.895777e-01 
  470.000  9.892306e-01 
  471.000  9.890537e-01 
  472.000  9.877250e-01 
  473.000  9.861244e-01 
  474.000  9.827753e-01 
  475.000  9.807075e-01 
  476.000  9.790363e-01 
  477.000  9.780241e-01 
  478.000  9.776697e-01 
  479.000  9.779751e-01 
  480.000  9.783841e-01 
  481.000  9.806656e-01 
  482.000  9.822696e-01 
  483.000  9.833990e-01 
  484.000  9.832199e-01 
  485.000  9.826935e-01 
  486.000  9.827181e-01 
  487.000  9.832247e-01 
  488.000  9.825572e-01 
  489.000  9.816586e-01 
  490.000  9.826782e-01 
  491.000  9.831986e-01 
  492.000  9.828017e-01 
  493.000  9.823658e-01 
  494.000  9.815463e-01 
  495.000  9.813047e-01 
  496.000  9.803401e-01 
  497.000  9.798185e-01 
  498.000  9.793978e-01 
  499.000  9.785829e-01 
  500.000  9.776154e-01 
  501.000  9.762958e-01 
  502.000  9.735701e-01 
  503.000  9.710951e-01 
  504.000  9.693030e-01 
  505.000  9.686647e-01 
  506.000  9.688519e-01 
  507.000  9.688116e-01 
  508.000  9.697024e-01 
  509.000  9.699206e-01 
  510.000  9.704694e-01 
  511.000  9.705420e-01 
  512.000  9.706616e-01 
  513.000  9.710929e-01 
  514.000  9.712082e-01 
  515.000  9.714113e-01 
  516.000  9.708718e-01 
  517.000  9.702355e-01 
  518.000  9.696966e-01 
  519.000  9.685718e-01 
  520.000  9.680982e-01 
  521.000  9.672034e-01 
  522.000  9.665455e-01 
  523.000  9.654999e-01 
  524.000  9.642637e-01 
  525.000  9.626557e-01 
  526.000  9.608092e-01 
  527.000  9.592670e-01 
  528.000  9.574700e-01 
  529.000  9.558205e-01 
  530.000  9.546534e-01 
  531.000  9.536710e-01 
  532.000  9.529545e-01 
  533.000  9.525697e-01 
  534.000  9.521165e-01 
  535.000  9.519961e-01 
  536.000  9.518165e-01 
  537.000  9.514524e-01 
  538.000  9.510650e-01 
  539.000  9.504309e-01 
  540.000  9.503140e-01 
  541.000  9.487300e-01 
  542.000  9.482127e-01 
  543.000  9.481102e-01 
  544.000  9.477503e-01 
  545.000  9.463151e-01 
  546.000  9.456630e-01 
  547.000  9.461432e-01 
  548.000  9.460272e-01 
  549.000  9.458507e-01 
  550.000  9.454219e-01 
  551.000  9.455036e-01 
  552.000  9.448676e-01 
  553.000  9.439194e-01 
  554.000  9.435221e-01 
  555.000  9.429924e-01 
  556.000  9.416651e-01 
  557.000  9.399561e-01 
  558.000  9.384499e-01 
  559.000  9.364377e-01 
  560.000  9.346976e-01 
  561.000  9.331897e-01 
  562.000  9.318994e-01 
  563.000  9.302647e-01 
  564.000  9.285187e-01 
  565.000  9.270813e-01 
  566.000  9.258272e-01 
  567.000  9.242426e-01 
  568.000  9.224311e-01 
  569.000  9.172335e-01 
  570.000  9.140347e-01 
  571.000  9.138143e-01 
  572.000  9.110863e-01 
  573.000  9.104698e-01 
  574.000  9.082654e-01 
  575.000  9.075950e-01 
  576.000  9.069816e-01 
  577.000  9.071100e-01 
  578.000  9.089652e-01 
  579.000  9.104202e-01 
  580.000  9.118978e-01 
  581.000  9.144082e-01 
  582.000  9.167437e-01 
  583.000  9.188305e-01 
  584.000  9.217212e-01 
  585.000  9.225879e-01 
  586.000  9.237077e-01 
  587.000  9.237605e-01 
  588.000  9.231248e-01 
  589.000  9.127349e-01 
  590.000  9.125382e-01 
  591.000  9.157922e-01 
  592.000  9.074443e-01 
  593.000  9.195011e-01 
  594.000  9.128945e-01 
  595.000  9.161674e-01 
  596.000  9.171844e-01 
  597.000  9.167877e-01 
  598.000  9.162601e-01 
  599.000  9.176008e-01 
  600.000  9.170989e-01 
  601.000  9.183694e-01 
  602.000  9.190032e-01 
  603.000  9.192746e-01 
  604.000  9.197417e-01 
  605.000  9.198896e-01 
  606.000  9.210061e-01 
  607.000  9.219371e-01 
  608.000  9.231194e-01 
  609.000  9.236098e-01 
  610.000  9.245856e-01 
  611.000  9.253549e-01 
  612.000  9.264094e-01 
  613.000  9.274055e-01 
  614.000  9.280953e-01 
  615.000  9.289080e-01 
  616.000  9.300371e-01 
  617.000  9.308445e-01 
  618.000  9.313425e-01 
  619.000  9.321200e-01 
  620.000  9.326654e-01 
  621.000  9.329457e-01 
  622.000  9.330704e-01 
  623.000  9.331267e-01 
  624.000  9.330965e-01 
  625.000  9.331056e-01 
  626.000  9.325967e-01 
  627.000  9.320171e-01 
  628.000  9.067445e-01 
  629.000  9.178410e-01 
  630.000  9.237142e-01 
  631.000  9.313642e-01 
  632.000  9.339076e-01 
  633.000  9.359449e-01 
  634.000  9.384743e-01 
  635.000  9.392852e-01 
  636.000  9.418541e-01 
  637.000  9.448725e-01 
  638.000  9.470987e-01 
  639.000  9.489837e-01 
  640.000  9.501846e-01 
  641.000  9.518753e-01 
  642.000  9.531276e-01 
  643.000  9.533840e-01 
  644.000  9.544216e-01 
  645.000  9.548858e-01 
  646.000  9.526473e-01 
  647.000  9.489557e-01 
  648.000  9.451610e-01 
  649.000  9.492315e-01 
  650.000  9.572755e-01 
  651.000  9.583992e-01 
  652.000  9.567026e-01 
  653.000  9.594442e-01 
  654.000  9.601460e-01 
  655.000  9.519857e-01 
  656.000  9.581662e-01 
  657.000  9.599647e-01 
  658.000  9.632465e-01 
  659.000  9.652639e-01 
  660.000  9.652374e-01 
  661.000  9.665636e-01 
  662.000  9.667433e-01 
  663.000  9.670976e-01 
  664.000  9.678701e-01 
  665.000  9.684152e-01 
  666.000  9.690618e-01 
  667.000  9.699435e-01 
  668.000  9.703715e-01 
  669.000  9.710588e-01 
  670.000  9.714884e-01 
  671.000  9.722732e-01 
  672.000  9.724123e-01 
  673.000  9.730285e-01 
  674.000  9.732539e-01 
  675.000  9.739178e-01 
  676.000  9.740905e-01 
  677.000  9.744605e-01 
  678.000  9.750100e-01 
  679.000  9.753345e-01 
  680.000  9.758961e-01 
  681.000  9.761134e-01 
  682.000  9.770865e-01 
  683.000  9.769822e-01 
  684.000  9.778386e-01 
  685.000  9.784613e-01 
  686.000  9.788258e-01 
  687.000  6.576146e-01 
  688.000  8.356514e-01 
  689.000  8.749763e-01 
  690.000  9.072276e-01 
  691.000  9.263451e-01 
  692.000  9.615887e-01 
  693.000  9.544520e-01 
  694.000  9.438697e-01 
  695.000  9.625449e-01 
  696.000  9.573785e-01 
  697.000  9.803368e-01 
  698.000  9.796945e-01 
  699.000  9.700422e-01 
  700.000  9.711838e-01 
  701.000  9.636396e-01 
  702.000  9.673948e-01 
  703.000  9.705378e-01 
  704.000  9.728772e-01 
  705.000  9.736415e-01 
  706.000  9.773133e-01 
  707.000  9.802750e-01 
  708.000  9.823762e-01 
  709.000  9.825339e-01 
  710.000  9.816092e-01 
  711.000  9.841959e-01 
  712.000  9.826968e-01 
  713.000  9.849288e-01 
  714.000  9.831618e-01 
  715.000  9.784492e-01 
  716.000  9.792641e-01 
  717.000  9.587546e-01 
  718.000  9.020823e-01 
  719.000  8.510054e-01 
  720.000  9.108311e-01 
  721.000  9.704999e-01 
  722.000  9.690315e-01 
  723.000  9.659941e-01 
  724.000  8.920224e-01 
  725.000  9.159269e-01 
  726.000  9.485408e-01 
  727.000  9.341686e-01 
  728.000  9.084342e-01 
  729.000  9.231878e-01 
  730.000  9.525992e-01 
  731.000  9.362888e-01 
  732.000  9.455801e-01 
  733.000  9.698030e-01 
  734.000  9.824032e-01 
  735.000  9.736500e-01 
  736.000  9.796983e-01 
  737.000  9.796210e-01 
  738.000  9.832432e-01 
  739.000  9.842966e-01 
  740.000  9.888918e-01 
  741.000  9.913174e-01 
  742.000  9.915131e-01 
  743.000  9.913578e-01 
  744.000  9.920723e-01 
  745.000  9.924752e-01 
  746.000  9.929252e-01 
  747.000  9.929805e-01 
  748.000  9.931634e-01 
  749.000  9.932237e-01 
  750.000  9.933944e-01 
  751.000  9.934360e-01 
  752.000  9.939336e-01 
  753.000  9.940546e-01 
  754.000  9.941556e-01 
  755.000  9.942584e-01 
  756.000  9.942985e-01 
  757.000  9.945624e-01 
  758.000  9.947754e-01 
  759.000  9.829034e-01 
  760.000  3.237776e-01 
  761.000  2.150207e-01 
  762.000  6.265298e-01 
  763.000  5.141299e-01 
  764.000  5.873906e-01 
  765.000  7.289555e-01 
  766.000  8.639272e-01 
  767.000  9.144143e-01 
  768.000  9.718541e-01 
  769.000  9.870204e-01 
  770.000  9.865940e-01 
  771.000  9.933449e-01 
  772.000  9.951562e-01 
  773.000  9.951226e-01 
  774.000  9.950708e-01 
  775.000  9.950961e-01 
  776.000  9.951054e-01 
  777.000  9.951339e-01 
  778.000  9.951411e-01 
  779.000  9.951230e-01 
  780.000  9.951085e-01 
  781.000  9.952615e-01 
  782.000  9.953220e-01 
  783.000  9.954601e-01 
  784.000  9.952145e-01 
  785.000  9.949549e-01 
  786.000  9.933314e-01 
  787.000  9.932255e-01 
  788.000  9.898104e-01 
  789.000  9.897648e-01 
  790.000  9.838080e-01 
  791.000  9.844172e-01 
  792.000  9.869805e-01 
  793.000  9.886752e-01 
  794.000  9.960190e-01 
  795.000  9.934399e-01 
  796.000  9.770383e-01 
  797.000  9.888870e-01 
  798.000  9.900193e-01 
  799.000  9.925379e-01 
  800.000  9.855947e-01 
  801.000  9.821551e-01 
  802.000  9.867326e-01 
  803.000  9.857401e-01 
  804.000  9.852656e-01 
  805.000  9.882460e-01 
  806.000  9.942575e-01 
  807.000  9.904530e-01 
  808.000  9.941174e-01 
  809.000  9.883146e-01 
  810.000  9.852297e-01 
  811.000  9.862900e-01 
  812.000  9.798380e-01 
  813.000  9.674031e-01 
  814.000  9.456866e-01 
  815.000  9.192036e-01 
  816.000  9.394218e-01 
  817.000  8.467599e-01 
  818.000  9.118224e-01 
  819.000  9.391483e-01 
  820.000  9.034944e-01 
  821.000  9.835881e-01 
  822.000  9.732741e-01 
  823.000  8.189421e-01 
  824.000  9.592473e-01 
  825.000  9.779218e-01 
  826.000  9.580991e-01 
  827.000  9.768487e-01 
  828.000  9.257886e-01 
  829.000  9.652640e-01 
  830.000  9.558975e-01 
  831.000  9.603869e-01 
  832.000  9.598629e-01 
  833.000  9.747543e-01 
  834.000  9.745266e-01 
  835.000  9.827670e-01 
  836.000  9.836845e-01 
  837.000  9.831689e-01 
  838.000  9.887017e-01 
  839.000  9.914623e-01 
  840.000  9.921167e-01 
  841.000  9.921167e-01 
  842.000  9.871121e-01 
  843.000  9.963693e-01 
  844.000  9.907249e-01 
  845.000  9.951916e-01 
  846.000  9.962925e-01 
  847.000  9.971313e-01 
  848.000  9.958598e-01 
  849.000  9.963458e-01 
  850.000  9.962796e-01 
  851.000  9.964234e-01 
  852.000  9.985316e-01 
  853.000  9.988938e-01 
  854.000  9.984159e-01 
  855.000  9.984159e-01 
  856.000  9.988211e-01 
  857.000  9.997414e-01 
  858.000  9.987891e-01 
  859.000  9.993398e-01 
  860.000  9.999306e-01 
  861.000  9.996498e-01 
  862.000  9.998872e-01 
  863.000  9.996210e-01 
  864.000  9.999657e-01 
  865.000  9.999657e-01 
  866.000  9.999019e-01 
  867.000  9.999861e-01 
  868.000  9.999014e-01 
  869.000  9.997948e-01 
  870.000  9.999009e-01 
  871.000  9.999015e-01 
  872.000  9.999728e-01 
  873.000  9.998783e-01 
  874.000  9.998783e-01 
  875.000  9.999902e-01 
  876.000  9.999937e-01 
  877.000  9.999001e-01 
  878.000  9.998098e-01 
  879.000  9.997807e-01 
  880.000  9.999163e-01 
  881.000  9.999163e-01 
  882.000  9.993291e-01 
  883.000  9.994875e-01 
  884.000  9.995071e-01 
  885.000  9.995850e-01 
  886.000  9.962844e-01 
  887.000  9.992540e-01 
  888.000  9.992540e-01 
  889.000  9.985068e-01 
  890.000  9.966275e-01 
  891.000  9.991542e-01 
  892.000  9.961489e-01 
  893.000  9.882909e-01 
  894.000  9.882909e-01 
  895.000  9.699836e-01 
  896.000  9.530953e-01 
  897.000  8.771315e-01 
  898.000  9.491299e-01 
  899.000  8.110667e-01 
  900.000  8.110667e-01 
  901.000  8.426400e-01 
  902.000  8.712475e-01 
  903.000  9.033828e-01 
  904.000  9.758031e-01 
  905.000  9.656931e-01 
  906.000  9.656931e-01 
  907.000  8.865294e-01 
  908.000  8.656091e-01 
  909.000  8.764190e-01 
  910.000  8.592623e-01 
  911.000  8.592623e-01 
  912.000  9.384305e-01 
  913.000  8.987518e-01 
  914.000  8.721918e-01 
  915.000  8.324714e-01 
  916.000  8.324714e-01 
  917.000  9.347848e-01 
  918.000  8.511150e-01 
  919.000  9.163792e-01 
  920.000  9.729492e-01 
  921.000  9.729492e-01 
  922.000  9.578755e-01 
  923.000  9.566848e-01 
  924.000  9.418318e-01 
  925.000  9.418318e-01 
  926.000  9.491565e-01 
  927.000  9.549968e-01 
  928.000  8.697557e-01 
  929.000  8.522669e-01 
  930.000  8.522669e-01 
  931.000  7.278088e-01 
  932.000  5.569582e-01 
  933.000  5.853265e-01 
  934.000  5.853265e-01 
  935.000  5.361513e-01 
  936.000  5.057122e-01 
  937.000  4.956600e-01 
  938.000  4.956600e-01 
  939.000  6.333326e-01 
  940.000  7.604578e-01 
  941.000  7.117252e-01 
  942.000  7.117252e-01 
  943.000  6.140830e-01 
  944.000  6.232322e-01 
  945.000  7.049336e-01 
  946.000  7.049336e-01 
  947.000  6.265255e-01 
  948.000  6.462682e-01 
  949.000  7.087631e-01 
  950.000  7.087631e-01 
  951.000  7.205458e-01 
  952.000  6.227365e-01 
  953.000  7.546405e-01 
  954.000  7.546405e-01 
  955.000  7.501615e-01 
  956.000  6.468587e-01 
  957.000  7.969382e-01 
  958.000  7.969382e-01 
  959.000  7.038649e-01 
  960.000  7.794389e-01 
  961.000  7.794389e-01 
  962.000  8.058077e-01 
  963.000  8.613249e-01 
  964.000  7.720339e-01 
  965.000  7.720339e-01 
  966.000  8.343111e-01 
  967.000  9.078634e-01 
  968.000  9.078634e-01 
  969.000  9.242210e-01 
  970.000  9.551721e-01 
  971.000  9.656275e-01 
  972.000  9.656275e-01 
  973.000  9.527001e-01 
  974.000  8.895636e-01 
  975.000  8.895636e-01 
  976.000  8.733530e-01 
  977.000  9.368848e-01 
  978.000  9.277824e-01 
  979.000  9.277824e-01 
  980.000  9.285025e-01 
  981.000  9.791270e-01 
  982.000  9.791270e-01 
  983.000  9.636742e-01 
  984.000  9.772360e-01 
  985.000  9.772360e-01 
  986.000  9.938724e-01 
  987.000  9.875399e-01 
  988.000  9.875399e-01 
  989.000  9.971082e-01 
  990.000  9.931429e-01 
  991.000  9.931429e-01 
  992.000  9.957827e-01 
  993.000  9.952279e-01 
  994.000  9.952279e-01 
  995.000  9.991714e-01 
  996.000  9.992474e-01 
  997.000  9.992474e-01 
  998.000  9.992269e-01 
  999.000  9.988774e-01 
 1000.000  9.988774e-01 
 1001.000  9.990288e-01 
 1002.000  9.935597e-01 
 1003.000  9.935597e-01 
 1004.000  9.990027e-01 
 1005.000  9.992280e-01 
 1006.000  9.992280e-01 
 1007.000  9.993776e-01 
 1008.000  9.983237e-01 
 1009.000  9.983237e-01 
 1010.000  9.942442e-01 
 1011.000  9.992890e-01 
 1012.000  9.992890e-01 
 1013.000  9.994547e-01 
 1014.000  9.992756e-01 
 1015.000  9.992756e-01 
 1016.000  9.995322e-01 
 1017.000  9.992035e-01 
 1018.000  9.992035e-01 
 1019.000  9.988240e-01 
 1020.000  9.995425e-01 
 1021.000  9.995425e-01 
 1022.000  9.988465e-01 
 1023.000  9.988465e-01 
 1024.000  9.986672e-01 
 1025.000  9.994786e-01 
 1026.000  9.994786e-01 
 1027.000  9.990517e-01 
 1028.000  9.994730e-01 
 1029.000  9.994730e-01 
 1030.000  9.995925e-01 
 1031.000  9.994839e-01 
 1032.000  9.994839e-01 
 1033.000  9.994495e-01 
 1034.000  9.994495e-01 
 1035.000  9.994440e-01 
 1036.000  9.988960e-01 
 1037.000  9.988960e-01 
 1038.000  9.988217e-01 
 1039.000  9.982168e-01 
 1040.000  9.982168e-01 
 1041.000  9.978027e-01 
 1042.000  9.978027e-01 
 1043.000  9.972816e-01 
 1044.000  9.965038e-01 
 1045.000  9.965038e-01 
 1046.000  9.954376e-01 
 1047.000  9.954376e-01 
 1048.000  9.943764e-01 
 1049.000  9.922655e-01 
 1050.000  9.922655e-01 
 1051.000  9.913145e-01 
 1052.000  9.913145e-01 
 1053.000  9.898721e-01 
 1054.000  9.886447e-01 
 1055.000  9.886447e-01 
 1056.000  9.872146e-01 
 1057.000  9.872146e-01 
 1058.000  9.859295e-01 
 1059.000  9.846509e-01 
 1060.000  9.846509e-01 
 1061.000  9.838337e-01 
 1062.000  9.838337e-01 
 1063.000  9.823997e-01 
 1064.000  9.815478e-01 
 1065.000  9.815478e-01 
 1066.000  9.828244e-01 
 1067.000  9.828244e-01 
 1068.000  9.818352e-01 
 1069.000  9.831302e-01 
 1070.000  9.831302e-01 
 1071.000  9.848278e-01 
 1072.000  9.848278e-01 
 1073.000  9.860958e-01 
 1074.000  9.860958e-01 
 1075.000  9.838797e-01 
 1076.000  9.841982e-01 
 1077.000  9.841982e-01 
 1078.000  9.885607e-01 
 1079.000  9.885607e-01 
 1080.000  9.859096e-01 
 1081.000  9.859096e-01 
 1082.000  9.887609e-01 
 1083.000  9.864670e-01 
 1084.000  9.864670e-01 
 1085.000  9.814013e-01 
 1086.000  9.814013e-01 
 1087.000  9.899548e-01 
 1088.000  9.899548e-01 
 1089.000  9.864640e-01 
 1090.000  9.845994e-01 
 1091.000  9.845994e-01 
 1092.000  9.786571e-01 
 1093.000  9.786571e-01 
 1094.000  9.785466e-01 
 1095.000  9.785466e-01 
 1096.000  9.749174e-01 
 1097.000  9.749174e-01 
 1098.000  9.665497e-01 
 1099.000  9.366407e-01 
 1100.000  9.366407e-01 
 1101.000  9.374347e-01 
 1102.000  9.374347e-01 
 1103.000  9.256617e-01 
 1104.000  9.256617e-01 
 1105.000  9.163827e-01 
 1106.000  9.163827e-01 
 1107.000  9.148995e-01 
 1108.000  9.148995e-01 
 1109.000  8.918865e-01 
 1110.000  8.543349e-01 
 1111.000  8.543349e-01 
 1112.000  8.318595e-01 
 1113.000  8.318595e-01 
 1114.000  7.467318e-01 
 1115.000  7.467318e-01 
 1116.000  5.409114e-01 
 1117.000  5.409114e-01 
 1118.000  6.464518e-01 
 1119.000  6.464518e-01 
 1120.000  5.796266e-01 
 1121.000  5.796266e-01 
 1122.000  3.921953e-01 
 1123.000  6.064925e-01 
 1124.000  6.064925e-01 
 1125.000  4.387589e-01 
 1126.000  4.387589e-01 
 1127.000  5.042075e-01 
 1128.000  5.042075e-01 
 1129.000  5.060968e-01 
 1130.000  5.060968e-01 
 1131.000  7.572192e-01 
 1132.000  7.572192e-01 
 1133.000  5.069845e-01 
 1134.000  5.069845e-01 
 1135.000  3.098360e-01 
 1136.000  3.098360e-01 
 1137.000  7.637731e-01 
 1138.000  7.637731e-01 
 1139.000  7.079712e-01 
 1140.000  7.079712e-01 
 1141.000  6.933021e-01 
 1142.000  6.933021e-01 
 1143.000  7.344007e-01 
 1144.000  7.344007e-01 
 1145.000  5.464590e-01 
 1146.000  5.464590e-01 
 1147.000  5.295182e-01 
 1148.000  5.295182e-01 
 1149.000  6.340382e-01 
 1150.000  6.340382e-01 
 1151.000  7.244711e-01 
 1152.000  7.244711e-01 
 1153.000  6.750771e-01 
 1154.000  6.750771e-01 
 1155.000  7.206023e-01 
 1156.000  7.206023e-01 
 1157.000  7.882170e-01 
 1158.000  7.882170e-01 
 1159.000  8.745888e-01 
 1160.000  8.745888e-01 
 1161.000  8.582523e-01 
 1162.000  8.582523e-01 
 1163.000  9.058828e-01 
 1164.000  9.058828e-01 
 1165.000  8.894168e-01 
 1166.000  8.894168e-01 
 1167.000  9.261199e-01 
 1168.000  9.261199e-01 
 1169.000  9.372299e-01 
 1170.000  9.372299e-01 
 1171.000  9.439881e-01 
 1172.000  9.439881e-01 
 1173.000  8.885757e-01 
 1174.000  8.885757e-01 
 1175.000  9.749737e-01 
 1176.000  9.749737e-01 
 1177.000  9.222273e-01 
 1178.000  9.222273e-01 
 1179.000  9.605943e-01 
 1180.000  9.605943e-01 
 1181.000  8.810449e-01 
 1182.000  8.810449e-01 
 1183.000  9.410190e-01 
 1184.000  9.410190e-01 
 1185.000  9.598324e-01 
 1186.000  9.598324e-01 
 1187.000  8.915865e-01 
 1188.000  8.915865e-01 
 1189.000  8.915865e-01 
 1190.000  9.403812e-01 
 1191.000  9.403812e-01 
 1192.000  9.773341e-01 
 1193.000  9.773341e-01 
 1194.000  9.509560e-01 
 1195.000  9.509560e-01 
 1196.000  9.635037e-01 
 1197.000  9.635037e-01 
 1198.000  9.386341e-01 
 1199.000  9.386341e-01 
 1200.000  9.345538e-01 
