  250.000  0.000000e+00 
  251.000  0.000000e+00 
  252.000  0.000000e+00 
  253.000  0.000000e+00 
  254.000  0.000000e+00 
  255.000  0.000000e+00 
  256.000  0.000000e+00 
  257.000  0.000000e+00 
  258.000  0.000000e+00 
  259.000  0.000000e+00 
  260.000  0.000000e+00 
  261.000  0.000000e+00 
  262.000  0.000000e+00 
  263.000  0.000000e+00 
  264.000  0.000000e+00 
  265.000  0.000000e+00 
  266.000  0.000000e+00 
  267.000  0.000000e+00 
  268.000  0.000000e+00 
  269.000  0.000000e+00 
  270.000  0.000000e+00 
  271.000  0.000000e+00 
  272.000  0.000000e+00 
  273.000  0.000000e+00 
  274.000  0.000000e+00 
  275.000  0.000000e+00 
  276.000  0.000000e+00 
  277.000  0.000000e+00 
  278.000  0.000000e+00 
  279.000  0.000000e+00 
  280.000  0.000000e+00 
  281.000  0.000000e+00 
  282.000  0.000000e+00 
  283.000  0.000000e+00 
  284.000  0.000000e+00 
  285.000  0.000000e+00 
  286.000  0.000000e+00 
  287.000  0.000000e+00 
  288.000  0.000000e+00 
  289.000  0.000000e+00 
  290.000  0.000000e+00 
  291.000  0.000000e+00 
  292.000  0.000000e+00 
  293.000  3.202981e-06 
  294.000  1.719306e-05 
  295.000  5.050900e-05 
  296.000  2.306603e-04 
  297.000  5.699413e-04 
  298.000  1.682134e-03 
  299.000  3.492061e-03 
  300.000  7.473252e-03 
  301.000  1.389152e-02 
  302.000  2.312869e-02 
  303.000  4.297151e-02 
  304.000  5.338898e-02 
  305.000  8.801866e-02 
  306.000  1.149540e-01 
  307.000  1.610314e-01 
  308.000  1.982885e-01 
  309.000  2.405431e-01 
  310.000  3.118709e-01 
  311.000  3.422069e-01 
  312.000  3.958424e-01 
  313.000  4.608127e-01 
  314.000  4.840025e-01 
  315.000  5.628216e-01 
  316.000  5.783599e-01 
  317.000  6.354287e-01 
  318.000  6.643708e-01 
  319.000  7.592121e-01 
  320.000  6.821445e-01 
  321.000  8.235195e-01 
  322.000  7.516764e-01 
  323.000  8.107620e-01 
  324.000  8.950534e-01 
  325.000  8.172402e-01 
  326.000  9.015175e-01 
  327.000  9.201450e-01 
  328.000  8.600030e-01 
  329.000  9.529920e-01 
  330.000  9.596125e-01 
  331.000  9.060441e-01 
  332.000  9.645925e-01 
  333.000  9.685367e-01 
  334.000  9.479353e-01 
  335.000  9.798021e-01 
  336.000  9.858496e-01 
  337.000  9.643765e-01 
  338.000  9.805693e-01 
  339.000  9.891716e-01 
  340.000  9.775491e-01 
  341.000  9.882397e-01 
  342.000  9.923701e-01 
  343.000  9.910756e-01 
  344.000  9.796412e-01 
  345.000  9.912770e-01 
  346.000  9.936596e-01 
  347.000  9.926526e-01 
  348.000  9.939085e-01 
  349.000  9.953936e-01 
  350.000  9.959986e-01 
  351.000  9.965700e-01 
  352.000  9.967942e-01 
  353.000  9.970248e-01 
  354.000  9.962457e-01 
  355.000  9.960320e-01 
  356.000  9.962110e-01 
  357.000  9.949057e-01 
  358.000  9.942508e-01 
  359.000  9.935300e-01 
  360.000  9.926827e-01 
  361.000  9.920817e-01 
  362.000  9.932582e-01 
  363.000  9.943579e-01 
  364.000  9.954153e-01 
  365.000  9.952996e-01 
  366.000  9.958665e-01 
  367.000  9.960429e-01 
  368.000  9.959409e-01 
  369.000  9.961081e-01 
  370.000  9.960263e-01 
  371.000  9.962790e-01 
  372.000  9.954859e-01 
  373.000  9.958463e-01 
  374.000  9.959260e-01 
  375.000  9.960569e-01 
  376.000  9.952521e-01 
  377.000  9.951559e-01 
  378.000  9.949641e-01 
  379.000  9.940489e-01 
  380.000  9.929646e-01 
  381.000  9.933508e-01 
  382.000  9.942139e-01 
  383.000  9.951958e-01 
  384.000  9.952493e-01 
  385.000  9.954771e-01 
  386.000  9.956697e-01 
  387.000  9.956114e-01 
  388.000  9.955077e-01 
  389.000  9.954836e-01 
  390.000  9.954712e-01 
  391.000  9.955771e-01 
  392.000  9.950352e-01 
  393.000  9.958196e-01 
  394.000  9.958259e-01 
  395.000  9.957236e-01 
  396.000  9.954641e-01 
  397.000  9.958616e-01 
  398.000  9.950955e-01 
  399.000  9.956667e-01 
  400.000  9.949703e-01 
  401.000  9.951280e-01 
  402.000  9.957002e-01 
  403.000  9.960349e-01 
  404.000  9.953911e-01 
  405.000  9.951879e-01 
  406.000  9.957677e-01 
  407.000  9.962294e-01 
  408.000  9.954074e-01 
  409.000  9.949535e-01 
  410.000  9.951815e-01 
  411.000  9.950703e-01 
  412.000  9.956713e-01 
  413.000  9.948617e-01 
  414.000  9.951911e-01 
  415.000  9.952567e-01 
  416.000  9.959525e-01 
  417.000  9.958553e-01 
  418.000  9.954502e-01 
  419.000  9.955344e-01 
  420.000  9.951234e-01 
  421.000  9.950008e-01 
  422.000  9.948268e-01 
  423.000  9.950783e-01 
  424.000  9.945987e-01 
  425.000  9.951293e-01 
  426.000  9.957529e-01 
  427.000  9.951764e-01 
  428.000  9.946319e-01 
  429.000  9.955184e-01 
  430.000  9.955090e-01 
  431.000  9.945334e-01 
  432.000  9.954222e-01 
  433.000  9.952236e-01 
  434.000  9.946850e-01 
  435.000  9.935921e-01 
  436.000  9.945233e-01 
  437.000  9.955311e-01 
  438.000  9.957199e-01 
  439.000  9.934191e-01 
  440.000  9.941692e-01 
  441.000  9.951268e-01 
  442.000  9.954203e-01 
  443.000  9.947834e-01 
  444.000  9.940096e-01 
  445.000  9.929474e-01 
  446.000  9.937185e-01 
  447.000  9.942402e-01 
  448.000  9.920186e-01 
  449.000  9.938280e-01 
  450.000  9.944400e-01 
  451.000  9.943320e-01 
  452.000  9.942068e-01 
  453.000  9.941835e-01 
  454.000  9.945459e-01 
  455.000  9.939504e-01 
  456.000  9.937385e-01 
  457.000  9.938748e-01 
  458.000  9.924123e-01 
  459.000  9.928095e-01 
  460.000  9.919643e-01 
  461.000  9.920030e-01 
  462.000  9.925030e-01 
  463.000  9.911844e-01 
  464.000  9.918340e-01 
  465.000  9.921650e-01 
  466.000  9.926572e-01 
  467.000  9.917976e-01 
  468.000  9.919876e-01 
  469.000  9.920981e-01 
  470.000  9.918397e-01 
  471.000  9.916892e-01 
  472.000  9.907323e-01 
  473.000  9.895835e-01 
  474.000  9.872077e-01 
  475.000  9.857209e-01 
  476.000  9.844678e-01 
  477.000  9.836969e-01 
  478.000  9.834026e-01 
  479.000  9.835579e-01 
  480.000  9.837742e-01 
  481.000  9.853317e-01 
  482.000  9.864177e-01 
  483.000  9.871674e-01 
  484.000  9.870033e-01 
  485.000  9.866007e-01 
  486.000  9.866207e-01 
  487.000  9.869820e-01 
  488.000  9.865177e-01 
  489.000  9.858908e-01 
  490.000  9.866080e-01 
  491.000  9.869571e-01 
  492.000  9.866521e-01 
  493.000  9.863178e-01 
  494.000  9.857167e-01 
  495.000  9.855271e-01 
  496.000  9.847619e-01 
  497.000  9.842998e-01 
  498.000  9.839198e-01 
  499.000  9.832378e-01 
  500.000  9.824588e-01 
  501.000  9.814441e-01 
  502.000  9.793801e-01 
  503.000  9.775186e-01 
  504.000  9.761817e-01 
  505.000  9.755843e-01 
  506.000  9.757263e-01 
  507.000  9.757099e-01 
  508.000  9.763403e-01 
  509.000  9.765065e-01 
  510.000  9.769078e-01 
  511.000  9.769574e-01 
  512.000  9.770314e-01 
  513.000  9.773301e-01 
  514.000  9.774017e-01 
  515.000  9.775409e-01 
  516.000  9.771092e-01 
  517.000  9.765941e-01 
  518.000  9.761809e-01 
  519.000  9.753222e-01 
  520.000  9.749509e-01 
  521.000  9.742040e-01 
  522.000  9.736835e-01 
  523.000  9.728696e-01 
  524.000  9.719008e-01 
  525.000  9.706963e-01 
  526.000  9.692279e-01 
  527.000  9.679893e-01 
  528.000  9.665785e-01 
  529.000  9.652688e-01 
  530.000  9.643417e-01 
  531.000  9.635710e-01 
  532.000  9.630097e-01 
  533.000  9.626964e-01 
  534.000  9.623054e-01 
  535.000  9.621845e-01 
  536.000  9.620066e-01 
  537.000  9.616951e-01 
  538.000  9.613963e-01 
  539.000  9.609054e-01 
  540.000  9.607788e-01 
  541.000  9.596059e-01 
  542.000  9.591839e-01 
  543.000  9.590620e-01 
  544.000  9.587489e-01 
  545.000  9.576775e-01 
  546.000  9.571882e-01 
  547.000  9.574975e-01 
  548.000  9.573721e-01 
  549.000  9.572321e-01 
  550.000  9.568897e-01 
  551.000  9.569070e-01 
  552.000  9.563987e-01 
  553.000  9.556623e-01 
  554.000  9.553247e-01 
  555.000  9.548810e-01 
  556.000  9.538124e-01 
  557.000  9.524529e-01 
  558.000  9.512536e-01 
  559.000  9.496344e-01 
  560.000  9.482530e-01 
  561.000  9.470593e-01 
  562.000  9.460347e-01 
  563.000  9.447522e-01 
  564.000  9.433897e-01 
  565.000  9.422583e-01 
  566.000  9.412569e-01 
  567.000  9.400415e-01 
  568.000  9.386657e-01 
  569.000  9.348165e-01 
  570.000  9.324268e-01 
  571.000  9.322467e-01 
  572.000  9.302883e-01 
  573.000  9.298179e-01 
  574.000  9.282283e-01 
  575.000  9.277259e-01 
  576.000  9.273520e-01 
  577.000  9.274911e-01 
  578.000  9.288845e-01 
  579.000  9.299821e-01 
  580.000  9.310768e-01 
  581.000  9.329309e-01 
  582.000  9.346572e-01 
  583.000  9.361951e-01 
  584.000  9.383368e-01 
  585.000  9.389871e-01 
  586.000  9.397686e-01 
  587.000  9.397924e-01 
  588.000  9.393166e-01 
  589.000  9.318172e-01 
  590.000  9.316932e-01 
  591.000  9.339695e-01 
  592.000  9.278862e-01 
  593.000  9.365280e-01 
  594.000  9.317107e-01 
  595.000  9.340171e-01 
  596.000  9.346621e-01 
  597.000  9.343479e-01 
  598.000  9.338861e-01 
  599.000  9.347662e-01 
  600.000  9.343281e-01 
  601.000  9.352310e-01 
  602.000  9.357046e-01 
  603.000  9.359100e-01 
  604.000  9.362524e-01 
  605.000  9.363728e-01 
  606.000  9.372650e-01 
  607.000  9.380062e-01 
  608.000  9.389556e-01 
  609.000  9.393482e-01 
  610.000  9.401314e-01 
  611.000  9.407508e-01 
  612.000  9.416211e-01 
  613.000  9.424138e-01 
  614.000  9.429704e-01 
  615.000  9.436245e-01 
  616.000  9.445570e-01 
  617.000  9.452279e-01 
  618.000  9.456462e-01 
  619.000  9.463010e-01 
  620.000  9.468061e-01 
  621.000  9.471000e-01 
  622.000  9.472311e-01 
  623.000  9.474003e-01 
  624.000  9.474392e-01 
  625.000  9.475147e-01 
  626.000  9.472262e-01 
  627.000  9.468789e-01 
  628.000  9.287382e-01 
  629.000  9.361970e-01 
  630.000  9.410830e-01 
  631.000  9.466255e-01 
  632.000  9.485012e-01 
  633.000  9.500205e-01 
  634.000  9.519272e-01 
  635.000  9.525260e-01 
  636.000  9.544982e-01 
  637.000  9.568015e-01 
  638.000  9.584654e-01 
  639.000  9.599157e-01 
  640.000  9.608313e-01 
  641.000  9.621298e-01 
  642.000  9.630430e-01 
  643.000  9.632603e-01 
  644.000  9.640265e-01 
  645.000  9.644081e-01 
  646.000  9.628708e-01 
  647.000  9.603060e-01 
  648.000  9.576150e-01 
  649.000  9.606042e-01 
  650.000  9.664026e-01 
  651.000  9.672266e-01 
  652.000  9.660973e-01 
  653.000  9.680772e-01 
  654.000  9.686841e-01 
  655.000  9.628704e-01 
  656.000  9.673602e-01 
  657.000  9.686799e-01 
  658.000  9.710761e-01 
  659.000  9.725683e-01 
  660.000  9.725779e-01 
  661.000  9.735860e-01 
  662.000  9.737334e-01 
  663.000  9.740579e-01 
  664.000  9.746351e-01 
  665.000  9.750646e-01 
  666.000  9.755714e-01 
  667.000  9.762627e-01 
  668.000  9.766044e-01 
  669.000  9.771484e-01 
  670.000  9.774854e-01 
  671.000  9.781049e-01 
  672.000  9.782155e-01 
  673.000  9.787074e-01 
  674.000  9.788835e-01 
  675.000  9.794092e-01 
  676.000  9.795465e-01 
  677.000  9.798388e-01 
  678.000  9.802709e-01 
  679.000  9.805283e-01 
  680.000  9.809760e-01 
  681.000  9.811577e-01 
  682.000  9.819198e-01 
  683.000  9.818791e-01 
  684.000  9.825560e-01 
  685.000  9.830127e-01 
  686.000  9.833225e-01 
  687.000  7.080796e-01 
  688.000  8.770076e-01 
  689.000  9.063779e-01 
  690.000  9.317253e-01 
  691.000  9.450428e-01 
  692.000  9.712266e-01 
  693.000  9.660918e-01 
  694.000  9.585207e-01 
  695.000  9.719594e-01 
  696.000  9.681799e-01 
  697.000  9.847498e-01 
  698.000  9.843199e-01 
  699.000  9.774666e-01 
  700.000  9.783284e-01 
  701.000  9.730110e-01 
  702.000  9.756927e-01 
  703.000  9.779227e-01 
  704.000  9.796050e-01 
  705.000  9.801973e-01 
  706.000  9.828277e-01 
  707.000  9.849470e-01 
  708.000  9.864465e-01 
  709.000  9.865788e-01 
  710.000  9.859415e-01 
  711.000  9.877977e-01 
  712.000  9.867520e-01 
  713.000  9.883539e-01 
  714.000  9.871187e-01 
  715.000  9.838250e-01 
  716.000  9.844154e-01 
  717.000  9.698731e-01 
  718.000  9.274909e-01 
  719.000  8.830159e-01 
  720.000  9.349936e-01 
  721.000  9.782871e-01 
  722.000  9.772216e-01 
  723.000  9.750766e-01 
  724.000  9.181983e-01 
  725.000  9.387362e-01 
  726.000  9.626222e-01 
  727.000  9.521617e-01 
  728.000  9.332068e-01 
  729.000  9.443427e-01 
  730.000  9.655575e-01 
  731.000  9.538192e-01 
  732.000  9.605822e-01 
  733.000  9.779277e-01 
  734.000  9.869021e-01 
  735.000  9.806954e-01 
  736.000  9.850048e-01 
  737.000  9.849636e-01 
  738.000  9.875427e-01 
  739.000  9.882869e-01 
  740.000  9.915389e-01 
  741.000  9.932474e-01 
  742.000  9.934038e-01 
  743.000  9.933019e-01 
  744.000  9.938098e-01 
  745.000  9.940996e-01 
  746.000  9.944327e-01 
  747.000  9.944869e-01 
  748.000  9.946222e-01 
  749.000  9.946734e-01 
  750.000  9.948058e-01 
  751.000  9.948453e-01 
  752.000  9.952244e-01 
  753.000  9.953181e-01 
  754.000  9.954024e-01 
  755.000  9.954883e-01 
  756.000  9.955242e-01 
  757.000  9.957165e-01 
  758.000  9.958845e-01 
  759.000  9.874091e-01 
  760.000  4.049157e-01 
  761.000  3.076117e-01 
  762.000  6.918012e-01 
  763.000  5.923179e-01 
  764.000  6.486536e-01 
  765.000  7.722058e-01 
  766.000  8.962048e-01 
  767.000  9.372500e-01 
  768.000  9.793689e-01 
  769.000  9.904916e-01 
  770.000  9.901264e-01 
  771.000  9.949313e-01 
  772.000  9.961935e-01 
  773.000  9.961674e-01 
  774.000  9.961290e-01 
  775.000  9.961452e-01 
  776.000  9.961500e-01 
  777.000  9.961680e-01 
  778.000  9.961717e-01 
  779.000  9.961574e-01 
  780.000  9.961461e-01 
  781.000  9.962667e-01 
  782.000  9.963218e-01 
  783.000  9.964257e-01 
  784.000  9.962612e-01 
  785.000  9.960878e-01 
  786.000  9.949566e-01 
  787.000  9.948964e-01 
  788.000  9.924880e-01 
  789.000  9.924710e-01 
  790.000  9.882522e-01 
  791.000  9.886948e-01 
  792.000  9.905246e-01 
  793.000  9.917082e-01 
  794.000  9.969354e-01 
  795.000  9.951339e-01 
  796.000  9.835111e-01 
  797.000  9.919296e-01 
  798.000  9.927320e-01 
  799.000  9.945196e-01 
  800.000  9.896058e-01 
  801.000  9.871686e-01 
  802.000  9.904207e-01 
  803.000  9.897158e-01 
  804.000  9.893745e-01 
  805.000  9.914756e-01 
  806.000  9.957117e-01 
  807.000  9.930226e-01 
  808.000  9.956012e-01 
  809.000  9.915075e-01 
  810.000  9.893335e-01 
  811.000  9.900857e-01 
  812.000  9.855201e-01 
  813.000  9.766046e-01 
  814.000  9.609647e-01 
  815.000  9.407599e-01 
  816.000  9.561234e-01 
  817.000  8.829525e-01 
  818.000  9.339876e-01 
  819.000  9.560386e-01 
  820.000  9.269518e-01 
  821.000  9.881911e-01 
  822.000  9.808754e-01 
  823.000  8.609686e-01 
  824.000  9.708658e-01 
  825.000  9.841334e-01 
  826.000  9.698774e-01 
  827.000  9.833899e-01 
  828.000  9.461217e-01 
  829.000  9.750425e-01 
  830.000  9.682263e-01 
  831.000  9.715189e-01 
  832.000  9.711848e-01 
  833.000  9.819775e-01 
  834.000  9.817097e-01 
  835.000  9.876444e-01 
  836.000  9.882659e-01 
  837.000  9.879224e-01 
  838.000  9.918551e-01 
  839.000  9.937942e-01 
  840.000  9.942538e-01 
  841.000  9.942538e-01 
  842.000  9.907204e-01 
  843.000  9.972451e-01 
  844.000  9.932680e-01 
  845.000  9.964184e-01 
  846.000  9.971884e-01 
  847.000  9.977761e-01 
  848.000  9.968836e-01 
  849.000  9.972234e-01 
  850.000  9.972270e-01 
  851.000  9.974823e-01 
  852.000  9.989718e-01 
  853.000  9.992254e-01 
  854.000  9.988896e-01 
  855.000  9.988896e-01 
  856.000  9.991745e-01 
  857.000  9.998189e-01 
  858.000  9.991521e-01 
  859.000  9.995376e-01 
  860.000  9.999514e-01 
  861.000  9.997548e-01 
  862.000  9.999210e-01 
  863.000  9.997346e-01 
  864.000  9.999760e-01 
  865.000  9.999760e-01 
  866.000  9.999313e-01 
  867.000  9.999903e-01 
  868.000  9.999310e-01 
  869.000  9.998564e-01 
  870.000  9.999306e-01 
  871.000  9.999310e-01 
  872.000  9.999809e-01 
  873.000  9.999148e-01 
  874.000  9.999148e-01 
  875.000  9.999931e-01 
  876.000  9.999955e-01 
  877.000  9.999300e-01 
  878.000  9.998667e-01 
  879.000  9.998463e-01 
  880.000  9.999413e-01 
  881.000  9.999413e-01 
  882.000  9.995303e-01 
  883.000  9.996411e-01 
  884.000  9.996549e-01 
  885.000  9.997094e-01 
  886.000  9.973918e-01 
  887.000  9.994776e-01 
  888.000  9.994776e-01 
  889.000  9.989544e-01 
  890.000  9.976317e-01 
  891.000  9.994078e-01 
  892.000  9.973010e-01 
  893.000  9.917683e-01 
  894.000  9.917683e-01 
  895.000  9.784507e-01 
  896.000  9.663052e-01 
  897.000  9.071302e-01 
  898.000  9.635392e-01 
  899.000  8.501638e-01 
  900.000  8.501638e-01 
  901.000  8.751777e-01 
  902.000  9.000765e-01 
  903.000  9.255740e-01 
  904.000  9.828398e-01 
  905.000  9.753834e-01 
  906.000  9.753834e-01 
  907.000  9.151450e-01 
  908.000  8.955817e-01 
  909.000  9.066047e-01 
  910.000  8.939139e-01 
  911.000  8.939139e-01 
  912.000  9.558496e-01 
  913.000  9.253559e-01 
  914.000  9.037800e-01 
  915.000  8.703794e-01 
  916.000  8.703794e-01 
  917.000  9.534408e-01 
  918.000  8.860989e-01 
  919.000  9.376497e-01 
  920.000  9.808609e-01 
  921.000  9.808609e-01 
  922.000  9.699982e-01 
  923.000  9.691304e-01 
  924.000  9.585525e-01 
  925.000  9.585525e-01 
  926.000  9.638081e-01 
  927.000  9.680342e-01 
  928.000  9.041026e-01 
  929.000  8.909366e-01 
  930.000  8.909366e-01 
  931.000  7.825314e-01 
  932.000  6.192354e-01 
  933.000  6.544999e-01 
  934.000  6.544999e-01 
  935.000  6.000314e-01 
  936.000  5.708309e-01 
  937.000  5.713221e-01 
  938.000  5.713221e-01 
  939.000  6.918220e-01 
  940.000  8.107966e-01 
  941.000  7.677836e-01 
  942.000  7.677836e-01 
  943.000  6.694254e-01 
  944.000  6.751983e-01 
  945.000  7.676716e-01 
  946.000  7.676716e-01 
  947.000  6.862684e-01 
  948.000  7.098325e-01 
  949.000  7.618426e-01 
  950.000  7.618426e-01 
  951.000  7.707406e-01 
  952.000  6.836671e-01 
  953.000  8.079497e-01 
  954.000  8.079497e-01 
  955.000  8.019531e-01 
  956.000  7.037453e-01 
  957.000  8.419387e-01 
  958.000  8.419387e-01 
  959.000  7.679524e-01 
  960.000  8.323072e-01 
  961.000  8.323072e-01 
  962.000  8.479565e-01 
  963.000  8.971819e-01 
  964.000  8.227303e-01 
  965.000  8.227303e-01 
  966.000  8.724239e-01 
  967.000  9.318780e-01 
  968.000  9.318780e-01 
  969.000  9.444424e-01 
  970.000  9.680833e-01 
  971.000  9.755766e-01 
  972.000  9.755766e-01 
  973.000  9.663584e-01 
  974.000  9.181769e-01 
  975.000  9.181769e-01 
  976.000  9.039280e-01 
  977.000  9.537411e-01 
  978.000  9.467837e-01 
  979.000  9.467837e-01 
  980.000  9.474783e-01 
  981.000  9.852753e-01 
  982.000  9.852753e-01 
  983.000  9.738292e-01 
  984.000  9.839041e-01 
  985.000  9.839041e-01 
  986.000  9.956987e-01 
  987.000  9.912285e-01 
  988.000  9.912285e-01 
  989.000  9.979729e-01 
  990.000  9.951842e-01 
  991.000  9.951842e-01 
  992.000  9.970400e-01 
  993.000  9.966506e-01 
  994.000  9.966506e-01 
  995.000  9.994199e-01 
  996.000  9.994730e-01 
  997.000  9.994730e-01 
  998.000  9.994587e-01 
  999.000  9.992140e-01 
 1000.000  9.992140e-01 
 1001.000  9.993200e-01 
 1002.000  9.954690e-01 
 1003.000  9.954690e-01 
 1004.000  9.993016e-01 
 1005.000  9.994594e-01 
 1006.000  9.994594e-01 
 1007.000  9.995642e-01 
 1008.000  9.988261e-01 
 1009.000  9.988261e-01 
 1010.000  9.959525e-01 
 1011.000  9.995021e-01 
 1012.000  9.995021e-01 
 1013.000  9.996181e-01 
 1014.000  9.994927e-01 
 1015.000  9.994927e-01 
 1016.000  9.996725e-01 
 1017.000  9.994423e-01 
 1018.000  9.994423e-01 
 1019.000  9.991766e-01 
 1020.000  9.996796e-01 
 1021.000  9.996796e-01 
 1022.000  9.991923e-01 
 1023.000  9.991923e-01 
 1024.000  9.990666e-01 
 1025.000  9.996350e-01 
 1026.000  9.996350e-01 
 1027.000  9.993359e-01 
 1028.000  9.996310e-01 
 1029.000  9.996310e-01 
 1030.000  9.997146e-01 
 1031.000  9.996386e-01 
 1032.000  9.996386e-01 
 1033.000  9.996145e-01 
 1034.000  9.996145e-01 
 1035.000  9.996107e-01 
 1036.000  9.992269e-01 
 1037.000  9.992269e-01 
 1038.000  9.991748e-01 
 1039.000  9.987513e-01 
 1040.000  9.987513e-01 
 1041.000  9.984611e-01 
 1042.000  9.984611e-01 
 1043.000  9.980960e-01 
 1044.000  9.975511e-01 
 1045.000  9.975511e-01 
 1046.000  9.968037e-01 
 1047.000  9.968037e-01 
 1048.000  9.960596e-01 
 1049.000  9.945788e-01 
 1050.000  9.945788e-01 
 1051.000  9.939116e-01 
 1052.000  9.939116e-01 
 1053.000  9.928988e-01 
 1054.000  9.920366e-01 
 1055.000  9.920366e-01 
 1056.000  9.910319e-01 
 1057.000  9.910319e-01 
 1058.000  9.901286e-01 
 1059.000  9.892294e-01 
 1060.000  9.892294e-01 
 1061.000  9.886547e-01 
 1062.000  9.886547e-01 
 1063.000  9.876456e-01 
 1064.000  9.870458e-01 
 1065.000  9.870458e-01 
 1066.000  9.879446e-01 
 1067.000  9.879446e-01 
 1068.000  9.872482e-01 
 1069.000  9.881597e-01 
 1070.000  9.881597e-01 
 1071.000  9.893540e-01 
 1072.000  9.893540e-01 
 1073.000  9.902454e-01 
 1074.000  9.902454e-01 
 1075.000  9.886718e-01 
 1076.000  9.888924e-01 
 1077.000  9.888924e-01 
 1078.000  9.919723e-01 
 1079.000  9.919723e-01 
 1080.000  9.900947e-01 
 1081.000  9.900947e-01 
 1082.000  9.921074e-01 
 1083.000  9.904795e-01 
 1084.000  9.904795e-01 
 1085.000  9.869008e-01 
 1086.000  9.869008e-01 
 1087.000  9.929364e-01 
 1088.000  9.929364e-01 
 1089.000  9.904597e-01 
 1090.000  9.891226e-01 
 1091.000  9.891226e-01 
 1092.000  9.849178e-01 
 1093.000  9.849178e-01 
 1094.000  9.848518e-01 
 1095.000  9.848518e-01 
 1096.000  9.822664e-01 
 1097.000  9.822664e-01 
 1098.000  9.763086e-01 
 1099.000  9.542295e-01 
 1100.000  9.542295e-01 
 1101.000  9.547516e-01 
 1102.000  9.547516e-01 
 1103.000  9.460884e-01 
 1104.000  9.460884e-01 
 1105.000  9.392591e-01 
 1106.000  9.392591e-01 
 1107.000  9.380149e-01 
 1108.000  9.380149e-01 
 1109.000  9.208880e-01 
 1110.000  8.885263e-01 
 1111.000  8.885263e-01 
 1112.000  8.731565e-01 
 1113.000  8.731565e-01 
 1114.000  7.877210e-01 
 1115.000  7.877210e-01 
 1116.000  6.071082e-01 
 1117.000  6.071082e-01 
 1118.000  7.005136e-01 
 1119.000  7.005136e-01 
 1120.000  6.457303e-01 
 1121.000  6.457303e-01 
 1122.000  4.675705e-01 
 1123.000  6.661384e-01 
 1124.000  6.661384e-01 
 1125.000  5.138987e-01 
 1126.000  5.138987e-01 
 1127.000  5.803892e-01 
 1128.000  5.803892e-01 
 1129.000  5.835433e-01 
 1130.000  5.835433e-01 
 1131.000  8.091911e-01 
 1132.000  8.091911e-01 
 1133.000  5.858548e-01 
 1134.000  5.858548e-01 
 1135.000  3.709084e-01 
 1136.000  3.709084e-01 
 1137.000  8.178015e-01 
 1138.000  8.178015e-01 
 1139.000  7.564847e-01 
 1140.000  7.564847e-01 
 1141.000  7.447518e-01 
 1142.000  7.447518e-01 
 1143.000  7.929352e-01 
 1144.000  7.929352e-01 
 1145.000  6.131554e-01 
 1146.000  6.131554e-01 
 1147.000  6.023861e-01 
 1148.000  6.023861e-01 
 1149.000  6.947362e-01 
 1150.000  6.947362e-01 
 1151.000  7.730895e-01 
 1152.000  7.730895e-01 
 1153.000  7.250324e-01 
 1154.000  7.250324e-01 
 1155.000  7.688521e-01 
 1156.000  7.688521e-01 
 1157.000  8.317105e-01 
 1158.000  8.317105e-01 
 1159.000  9.079476e-01 
 1160.000  9.079476e-01 
 1161.000  8.954492e-01 
 1162.000  8.954492e-01 
 1163.000  9.303966e-01 
 1164.000  9.303966e-01 
 1165.000  9.184622e-01 
 1166.000  9.184622e-01 
 1167.000  9.461575e-01 
 1168.000  9.461575e-01 
 1169.000  9.547685e-01 
 1170.000  9.547685e-01 
 1171.000  9.594211e-01 
 1172.000  9.594211e-01 
 1173.000  9.181662e-01 
 1174.000  9.181662e-01 
 1175.000  9.823334e-01 
 1176.000  9.823334e-01 
 1177.000  9.431246e-01 
 1178.000  9.431246e-01 
 1179.000  9.714952e-01 
 1180.000  9.714952e-01 
 1181.000  9.108609e-01 
 1182.000  9.108609e-01 
 1183.000  9.569532e-01 
 1184.000  9.569532e-01 
 1185.000  9.714634e-01 
 1186.000  9.714634e-01 
 1187.000  9.163432e-01 
 1188.000  9.163432e-01 
 1189.000  9.163432e-01 
 1190.000  9.561530e-01 
 1191.000  9.561530e-01 
 1192.000  9.840009e-01 
 1193.000  9.840009e-01 
 1194.000  9.642051e-01 
 1195.000  9.642051e-01 
 1196.000  9.741408e-01 
 1197.000  9.741408e-01 
 1198.000  9.555171e-01 
 1199.000  9.555171e-01 
 1200.000  9.519070e-01 
