  250.000  0.000000e+00 
  251.000  0.000000e+00 
  252.000  0.000000e+00 
  253.000  0.000000e+00 
  254.000  0.000000e+00 
  255.000  0.000000e+00 
  256.000  0.000000e+00 
  257.000  0.000000e+00 
  258.000  0.000000e+00 
  259.000  0.000000e+00 
  260.000  0.000000e+00 
  261.000  0.000000e+00 
  262.000  0.000000e+00 
  263.000  0.000000e+00 
  264.000  0.000000e+00 
  265.000  0.000000e+00 
  266.000  0.000000e+00 
  267.000  0.000000e+00 
  268.000  0.000000e+00 
  269.000  0.000000e+00 
  270.000  0.000000e+00 
  271.000  0.000000e+00 
  272.000  0.000000e+00 
  273.000  0.000000e+00 
  274.000  0.000000e+00 
  275.000  0.000000e+00 
  276.000  0.000000e+00 
  277.000  0.000000e+00 
  278.000  0.000000e+00 
  279.000  0.000000e+00 
  280.000  0.000000e+00 
  281.000  0.000000e+00 
  282.000  0.000000e+00 
  283.000  0.000000e+00 
  284.000  0.000000e+00 
  285.000  0.000000e+00 
  286.000  0.000000e+00 
  287.000  0.000000e+00 
  288.000  0.000000e+00 
  289.000  0.000000e+00 
  290.000  0.000000e+00 
  291.000  0.000000e+00 
  292.000  0.000000e+00 
  293.000  0.000000e+00 
  294.000  3.518807e-10 
  295.000  2.985419e-09 
  296.000  6.077710e-08 
  297.000  3.657903e-07 
  298.000  3.132086e-06 
  299.000  1.334257e-05 
  300.000  6.037427e-05 
  301.000  2.065651e-04 
  302.000  5.680107e-04 
  303.000  1.941570e-03 
  304.000  2.986747e-03 
  305.000  8.053838e-03 
  306.000  1.367906e-02 
  307.000  2.670029e-02 
  308.000  4.035069e-02 
  309.000  5.920053e-02 
  310.000  9.910498e-02 
  311.000  1.191489e-01 
  312.000  1.590582e-01 
  313.000  2.150406e-01 
  314.000  2.370410e-01 
  315.000  3.197763e-01 
  316.000  3.375253e-01 
  317.000  4.068208e-01 
  318.000  4.444243e-01 
  319.000  5.791280e-01 
  320.000  4.683326e-01 
  321.000  6.805267e-01 
  322.000  5.677986e-01 
  323.000  6.597923e-01 
  324.000  8.028439e-01 
  325.000  6.703078e-01 
  326.000  8.144220e-01 
  327.000  8.481504e-01 
  328.000  7.417116e-01 
  329.000  9.092950e-01 
  330.000  9.218994e-01 
  331.000  8.225816e-01 
  332.000  9.314039e-01 
  333.000  9.390750e-01 
  334.000  8.997777e-01 
  335.000  9.608418e-01 
  336.000  9.726175e-01 
  337.000  9.310501e-01 
  338.000  9.623059e-01 
  339.000  9.792409e-01 
  340.000  9.565248e-01 
  341.000  9.774991e-01 
  342.000  9.856731e-01 
  343.000  9.831195e-01 
  344.000  9.607916e-01 
  345.000  9.835162e-01 
  346.000  9.881676e-01 
  347.000  9.861513e-01 
  348.000  9.886164e-01 
  349.000  9.915707e-01 
  350.000  9.926701e-01 
  351.000  9.938833e-01 
  352.000  9.942827e-01 
  353.000  9.946935e-01 
  354.000  9.933060e-01 
  355.000  9.929255e-01 
  356.000  9.932441e-01 
  357.000  9.909213e-01 
  358.000  9.897569e-01 
  359.000  9.884760e-01 
  360.000  9.869712e-01 
  361.000  9.859043e-01 
  362.000  9.879929e-01 
  363.000  9.899472e-01 
  364.000  9.918278e-01 
  365.000  9.916221e-01 
  366.000  9.926310e-01 
  367.000  9.929449e-01 
  368.000  9.927632e-01 
  369.000  9.930608e-01 
  370.000  9.929153e-01 
  371.000  9.933652e-01 
  372.000  9.919535e-01 
  373.000  9.925950e-01 
  374.000  9.927368e-01 
  375.000  9.929698e-01 
  376.000  9.915376e-01 
  377.000  9.913664e-01 
  378.000  9.910250e-01 
  379.000  9.893979e-01 
  380.000  9.874716e-01 
  381.000  9.881576e-01 
  382.000  9.896912e-01 
  383.000  9.914373e-01 
  384.000  9.915324e-01 
  385.000  9.919377e-01 
  386.000  9.922805e-01 
  387.000  9.921768e-01 
  388.000  9.919923e-01 
  389.000  9.919493e-01 
  390.000  9.919274e-01 
  391.000  9.921157e-01 
  392.000  9.911516e-01 
  393.000  9.925472e-01 
  394.000  9.925587e-01 
  395.000  9.923764e-01 
  396.000  9.919148e-01 
  397.000  9.926218e-01 
  398.000  9.912589e-01 
  399.000  9.922751e-01 
  400.000  9.910365e-01 
  401.000  9.913168e-01 
  402.000  9.923348e-01 
  403.000  9.929307e-01 
  404.000  9.917846e-01 
  405.000  9.914222e-01 
  406.000  9.924412e-01 
  407.000  9.932453e-01 
  408.000  9.917685e-01 
  409.000  9.909446e-01 
  410.000  9.913358e-01 
  411.000  9.911354e-01 
  412.000  9.922033e-01 
  413.000  9.907618e-01 
  414.000  9.913468e-01 
  415.000  9.914619e-01 
  416.000  9.926953e-01 
  417.000  9.925188e-01 
  418.000  9.917933e-01 
  419.000  9.919377e-01 
  420.000  9.912018e-01 
  421.000  9.909699e-01 
  422.000  9.906485e-01 
  423.000  9.910819e-01 
  424.000  9.902145e-01 
  425.000  9.911448e-01 
  426.000  9.922525e-01 
  427.000  9.912254e-01 
  428.000  9.902557e-01 
  429.000  9.918311e-01 
  430.000  9.918115e-01 
  431.000  9.900690e-01 
  432.000  9.916388e-01 
  433.000  9.912744e-01 
  434.000  9.903082e-01 
  435.000  9.883534e-01 
  436.000  9.899902e-01 
  437.000  9.917576e-01 
  438.000  9.920773e-01 
  439.000  9.879654e-01 
  440.000  9.892788e-01 
  441.000  9.909719e-01 
  442.000  9.914780e-01 
  443.000  9.903347e-01 
  444.000  9.889435e-01 
  445.000  9.870452e-01 
  446.000  9.884050e-01 
  447.000  9.893183e-01 
  448.000  9.853622e-01 
  449.000  9.885623e-01 
  450.000  9.896365e-01 
  451.000  9.894252e-01 
  452.000  9.891865e-01 
  453.000  9.891196e-01 
  454.000  9.897349e-01 
  455.000  9.886596e-01 
  456.000  9.882089e-01 
  457.000  9.883786e-01 
  458.000  9.856763e-01 
  459.000  9.863263e-01 
  460.000  9.847513e-01 
  461.000  9.848142e-01 
  462.000  9.856948e-01 
  463.000  9.833512e-01 
  464.000  9.844964e-01 
  465.000  9.850791e-01 
  466.000  9.859254e-01 
  467.000  9.843818e-01 
  468.000  9.846994e-01 
  469.000  9.848800e-01 
  470.000  9.843962e-01 
  471.000  9.840826e-01 
  472.000  9.823448e-01 
  473.000  9.802684e-01 
  474.000  9.760314e-01 
  475.000  9.733514e-01 
  476.000  9.710073e-01 
  477.000  9.695476e-01 
  478.000  9.689507e-01 
  479.000  9.691191e-01 
  480.000  9.693736e-01 
  481.000  9.720314e-01 
  482.000  9.738710e-01 
  483.000  9.751155e-01 
  484.000  9.747589e-01 
  485.000  9.739911e-01 
  486.000  9.740314e-01 
  487.000  9.746774e-01 
  488.000  9.738675e-01 
  489.000  9.727708e-01 
  490.000  9.740356e-01 
  491.000  9.746221e-01 
  492.000  9.740383e-01 
  493.000  9.733995e-01 
  494.000  9.722965e-01 
  495.000  9.719281e-01 
  496.000  9.704279e-01 
  497.000  9.694473e-01 
  498.000  9.686314e-01 
  499.000  9.672416e-01 
  500.000  9.657010e-01 
  501.000  9.637694e-01 
  502.000  9.598991e-01 
  503.000  9.564384e-01 
  504.000  9.539751e-01 
  505.000  9.526756e-01 
  506.000  9.529409e-01 
  507.000  9.529331e-01 
  508.000  9.540367e-01 
  509.000  9.543490e-01 
  510.000  9.550747e-01 
  511.000  9.551588e-01 
  512.000  9.552698e-01 
  513.000  9.557823e-01 
  514.000  9.558904e-01 
  515.000  9.561267e-01 
  516.000  9.552827e-01 
  517.000  9.542674e-01 
  518.000  9.534878e-01 
  519.000  9.518757e-01 
  520.000  9.511643e-01 
  521.000  9.496613e-01 
  522.000  9.486571e-01 
  523.000  9.471087e-01 
  524.000  9.452573e-01 
  525.000  9.430459e-01 
  526.000  9.402151e-01 
  527.000  9.378126e-01 
  528.000  9.351296e-01 
  529.000  9.326199e-01 
  530.000  9.308457e-01 
  531.000  9.293868e-01 
  532.000  9.283265e-01 
  533.000  9.277165e-01 
  534.000  9.269236e-01 
  535.000  9.266537e-01 
  536.000  9.262606e-01 
  537.000  9.256324e-01 
  538.000  9.250767e-01 
  539.000  9.241607e-01 
  540.000  9.238684e-01 
  541.000  9.217666e-01 
  542.000  9.209478e-01 
  543.000  9.206542e-01 
  544.000  9.200177e-01 
  545.000  9.180886e-01 
  546.000  9.172048e-01 
  547.000  9.176813e-01 
  548.000  9.173924e-01 
  549.000  9.171274e-01 
  550.000  9.164757e-01 
  551.000  9.164358e-01 
  552.000  9.154681e-01 
  553.000  9.140999e-01 
  554.000  9.134277e-01 
  555.000  9.125541e-01 
  556.000  9.105141e-01 
  557.000  9.079467e-01 
  558.000  9.056844e-01 
  559.000  9.026096e-01 
  560.000  9.000190e-01 
  561.000  8.977896e-01 
  562.000  8.958738e-01 
  563.000  8.935030e-01 
  564.000  8.909993e-01 
  565.000  8.889090e-01 
  566.000  8.870392e-01 
  567.000  8.848479e-01 
  568.000  8.823935e-01 
  569.000  8.757029e-01 
  570.000  8.715322e-01 
  571.000  8.711935e-01 
  572.000  8.679128e-01 
  573.000  8.670799e-01 
  574.000  8.644130e-01 
  575.000  8.635401e-01 
  576.000  8.630269e-01 
  577.000  8.633360e-01 
  578.000  8.657636e-01 
  579.000  8.676860e-01 
  580.000  8.695748e-01 
  581.000  8.727700e-01 
  582.000  8.757544e-01 
  583.000  8.784112e-01 
  584.000  8.821386e-01 
  585.000  8.832851e-01 
  586.000  8.845708e-01 
  587.000  8.845881e-01 
  588.000  8.837497e-01 
  589.000  8.713390e-01 
  590.000  8.709704e-01 
  591.000  8.746694e-01 
  592.000  8.646418e-01 
  593.000  8.787569e-01 
  594.000  8.707294e-01 
  595.000  8.743012e-01 
  596.000  8.752449e-01 
  597.000  8.746675e-01 
  598.000  8.737530e-01 
  599.000  8.750961e-01 
  600.000  8.742303e-01 
  601.000  8.757347e-01 
  602.000  8.765627e-01 
  603.000  8.769268e-01 
  604.000  8.775154e-01 
  605.000  8.777422e-01 
  606.000  8.793977e-01 
  607.000  8.807710e-01 
  608.000  8.825437e-01 
  609.000  8.832757e-01 
  610.000  8.847395e-01 
  611.000  8.859020e-01 
  612.000  8.875679e-01 
  613.000  8.890440e-01 
  614.000  8.900934e-01 
  615.000  8.913243e-01 
  616.000  8.931163e-01 
  617.000  8.944137e-01 
  618.000  8.952293e-01 
  619.000  8.965095e-01 
  620.000  8.975630e-01 
  621.000  8.982205e-01 
  622.000  8.985147e-01 
  623.000  8.990204e-01 
  624.000  8.991885e-01 
  625.000  8.994338e-01 
  626.000  8.990690e-01 
  627.000  8.985901e-01 
  628.000  8.685719e-01 
  629.000  8.826335e-01 
  630.000  8.889898e-01 
  631.000  8.985186e-01 
  632.000  9.018131e-01 
  633.000  9.045157e-01 
  634.000  9.079468e-01 
  635.000  9.090070e-01 
  636.000  9.126251e-01 
  637.000  9.168401e-01 
  638.000  9.198368e-01 
  639.000  9.225209e-01 
  640.000  9.242061e-01 
  641.000  9.266124e-01 
  642.000  9.282308e-01 
  643.000  9.286663e-01 
  644.000  9.300414e-01 
  645.000  9.307911e-01 
  646.000  9.282222e-01 
  647.000  9.239603e-01 
  648.000  9.194951e-01 
  649.000  9.247119e-01 
  650.000  9.347596e-01 
  651.000  9.362345e-01 
  652.000  9.344039e-01 
  653.000  9.378996e-01 
  654.000  9.391427e-01 
  655.000  9.293762e-01 
  656.000  9.370369e-01 
  657.000  9.393823e-01 
  658.000  9.436401e-01 
  659.000  9.463506e-01 
  660.000  9.464165e-01 
  661.000  9.482958e-01 
  662.000  9.485881e-01 
  663.000  9.492826e-01 
  664.000  9.503438e-01 
  665.000  9.511707e-01 
  666.000  9.521425e-01 
  667.000  9.534696e-01 
  668.000  9.541357e-01 
  669.000  9.551899e-01 
  670.000  9.558381e-01 
  671.000  9.570366e-01 
  672.000  9.572518e-01 
  673.000  9.582134e-01 
  674.000  9.585517e-01 
  675.000  9.595728e-01 
  676.000  9.598409e-01 
  677.000  9.604082e-01 
  678.000  9.612436e-01 
  679.000  9.617448e-01 
  680.000  9.626215e-01 
  681.000  9.629908e-01 
  682.000  9.644622e-01 
  683.000  9.644486e-01 
  684.000  9.657665e-01 
  685.000  9.666010e-01 
  686.000  9.672391e-01 
  687.000  6.163531e-01 
  688.000  7.982178e-01 
  689.000  8.446672e-01 
  690.000  8.811622e-01 
  691.000  9.050810e-01 
  692.000  9.469032e-01 
  693.000  9.383471e-01 
  694.000  9.256801e-01 
  695.000  9.484628e-01 
  696.000  9.423988e-01 
  697.000  9.703894e-01 
  698.000  9.696715e-01 
  699.000  9.578640e-01 
  700.000  9.594473e-01 
  701.000  9.502140e-01 
  702.000  9.548980e-01 
  703.000  9.589356e-01 
  704.000  9.618686e-01 
  705.000  9.628717e-01 
  706.000  9.674591e-01 
  707.000  9.711600e-01 
  708.000  9.738406e-01 
  709.000  9.741116e-01 
  710.000  9.730110e-01 
  711.000  9.763515e-01 
  712.000  9.745654e-01 
  713.000  9.774064e-01 
  714.000  9.752377e-01 
  715.000  9.695452e-01 
  716.000  9.706341e-01 
  717.000  9.454245e-01 
  718.000  8.787561e-01 
  719.000  8.253641e-01 
  720.000  8.878970e-01 
  721.000  9.601899e-01 
  722.000  9.584968e-01 
  723.000  9.548020e-01 
  724.000  8.693748e-01 
  725.000  8.944559e-01 
  726.000  9.336627e-01 
  727.000  9.163383e-01 
  728.000  8.856912e-01 
  729.000  9.030246e-01 
  730.000  9.388271e-01 
  731.000  9.190133e-01 
  732.000  9.302649e-01 
  733.000  9.599879e-01 
  734.000  9.755582e-01 
  735.000  9.648197e-01 
  736.000  9.722760e-01 
  737.000  9.722218e-01 
  738.000  9.767123e-01 
  739.000  9.780514e-01 
  740.000  9.837514e-01 
  741.000  9.867918e-01 
  742.000  9.871032e-01 
  743.000  9.869347e-01 
  744.000  9.878486e-01 
  745.000  9.883755e-01 
  746.000  9.889984e-01 
  747.000  9.891220e-01 
  748.000  9.893751e-01 
  749.000  9.894815e-01 
  750.000  9.897395e-01 
  751.000  9.898278e-01 
  752.000  9.905553e-01 
  753.000  9.907379e-01 
  754.000  9.909114e-01 
  755.000  9.910890e-01 
  756.000  9.911670e-01 
  757.000  9.915212e-01 
  758.000  9.918537e-01 
  759.000  9.773234e-01 
  760.000  2.740006e-01 
  761.000  1.618584e-01 
  762.000  5.842184e-01 
  763.000  4.633728e-01 
  764.000  5.429638e-01 
  765.000  6.953164e-01 
  766.000  8.393078e-01 
  767.000  8.951112e-01 
  768.000  9.641457e-01 
  769.000  9.823689e-01 
  770.000  9.819365e-01 
  771.000  9.902474e-01 
  772.000  9.924779e-01 
  773.000  9.924272e-01 
  774.000  9.923553e-01 
  775.000  9.923813e-01 
  776.000  9.923866e-01 
  777.000  9.924149e-01 
  778.000  9.924194e-01 
  779.000  9.923913e-01 
  780.000  9.923689e-01 
  781.000  9.926071e-01 
  782.000  9.927282e-01 
  783.000  9.929257e-01 
  784.000  9.926464e-01 
  785.000  9.923530e-01 
  786.000  9.903538e-01 
  787.000  9.902716e-01 
  788.000  9.860497e-01 
  789.000  9.860457e-01 
  790.000  9.787088e-01 
  791.000  9.795159e-01 
  792.000  9.827146e-01 
  793.000  9.848772e-01 
  794.000  9.940433e-01 
  795.000  9.908493e-01 
  796.000  9.706050e-01 
  797.000  9.852428e-01 
  798.000  9.866676e-01 
  799.000  9.897898e-01 
  800.000  9.812218e-01 
  801.000  9.769586e-01 
  802.000  9.825900e-01 
  803.000  9.813522e-01 
  804.000  9.807456e-01 
  805.000  9.844293e-01 
  806.000  9.918848e-01 
  807.000  9.871361e-01 
  808.000  9.916665e-01 
  809.000  9.844612e-01 
  810.000  9.806012e-01 
  811.000  9.819098e-01 
  812.000  9.739376e-01 
  813.000  9.587236e-01 
  814.000  9.322435e-01 
  815.000  9.014606e-01 
  816.000  9.250719e-01 
  817.000  8.199648e-01 
  818.000  8.943068e-01 
  819.000  9.246581e-01 
  820.000  8.854038e-01 
  821.000  9.787180e-01 
  822.000  9.659838e-01 
  823.000  7.885610e-01 
  824.000  9.488162e-01 
  825.000  9.718587e-01 
  826.000  9.476821e-01 
  827.000  9.705479e-01 
  828.000  9.089409e-01 
  829.000  9.564496e-01 
  830.000  9.451398e-01 
  831.000  9.505385e-01 
  832.000  9.498424e-01 
  833.000  9.679145e-01 
  834.000  9.677896e-01 
  835.000  9.778430e-01 
  836.000  9.790190e-01 
  837.000  9.783494e-01 
  838.000  9.851729e-01 
  839.000  9.886110e-01 
  840.000  9.894266e-01 
  841.000  9.894266e-01 
  842.000  9.832159e-01 
  843.000  9.947091e-01 
  844.000  9.876919e-01 
  845.000  9.932342e-01 
  846.000  9.946027e-01 
  847.000  9.956496e-01 
  848.000  9.940573e-01 
  849.000  9.946606e-01 
  850.000  9.947603e-01 
  851.000  9.955189e-01 
  852.000  9.981647e-01 
  853.000  9.986173e-01 
  854.000  9.980218e-01 
  855.000  9.980218e-01 
  856.000  9.985265e-01 
  857.000  9.996766e-01 
  858.000  9.984863e-01 
  859.000  9.991747e-01 
  860.000  9.999132e-01 
  861.000  9.995622e-01 
  862.000  9.998590e-01 
  863.000  9.995263e-01 
  864.000  9.999572e-01 
  865.000  9.999572e-01 
  866.000  9.998775e-01 
  867.000  9.999825e-01 
  868.000  9.998767e-01 
  869.000  9.997436e-01 
  870.000  9.998763e-01 
  871.000  9.998770e-01 
  872.000  9.999660e-01 
  873.000  9.998479e-01 
  874.000  9.998479e-01 
  875.000  9.999878e-01 
  876.000  9.999921e-01 
  877.000  9.998751e-01 
  878.000  9.997621e-01 
  879.000  9.997257e-01 
  880.000  9.998953e-01 
  881.000  9.998953e-01 
  882.000  9.991614e-01 
  883.000  9.993594e-01 
  884.000  9.993839e-01 
  885.000  9.994813e-01 
  886.000  9.953654e-01 
  887.000  9.990675e-01 
  888.000  9.990675e-01 
  889.000  9.981337e-01 
  890.000  9.957945e-01 
  891.000  9.989428e-01 
  892.000  9.951901e-01 
  893.000  9.854134e-01 
  894.000  9.854134e-01 
  895.000  9.632427e-01 
  896.000  9.425913e-01 
  897.000  8.554583e-01 
  898.000  9.376252e-01 
  899.000  7.850205e-01 
  900.000  7.850205e-01 
  901.000  8.205656e-01 
  902.000  8.513765e-01 
  903.000  8.877035e-01 
  904.000  9.700727e-01 
  905.000  9.579688e-01 
  906.000  9.579688e-01 
  907.000  8.654020e-01 
  908.000  8.448424e-01 
  909.000  8.545243e-01 
  910.000  8.340579e-01 
  911.000  8.340579e-01 
  912.000  9.245362e-01 
  913.000  8.785598e-01 
  914.000  8.491156e-01 
  915.000  8.061248e-01 
  916.000  8.061248e-01 
  917.000  9.197820e-01 
  918.000  8.261797e-01 
  919.000  9.005893e-01 
  920.000  9.664778e-01 
  921.000  9.664778e-01 
  922.000  9.480820e-01 
  923.000  9.466430e-01 
  924.000  9.283360e-01 
  925.000  9.283360e-01 
  926.000  9.373078e-01 
  927.000  9.444110e-01 
  928.000  8.436493e-01 
  929.000  8.230392e-01 
  930.000  8.230392e-01 
  931.000  6.916741e-01 
  932.000  5.157978e-01 
  933.000  5.374587e-01 
  934.000  5.374587e-01 
  935.000  4.940065e-01 
  936.000  4.639706e-01 
  937.000  4.451385e-01 
  938.000  4.451385e-01 
  939.000  5.920327e-01 
  940.000  7.252480e-01 
  941.000  6.741758e-01 
  942.000  6.741758e-01 
  943.000  5.766338e-01 
  944.000  5.870270e-01 
  945.000  6.625776e-01 
  946.000  6.625776e-01 
  947.000  5.870142e-01 
  948.000  6.061718e-01 
  949.000  6.733444e-01 
  950.000  6.733444e-01 
  951.000  6.883203e-01 
  952.000  5.795994e-01 
  953.000  7.182294e-01 
  954.000  7.182294e-01 
  955.000  7.152855e-01 
  956.000  6.072844e-01 
  957.000  7.660040e-01 
  958.000  7.660040e-01 
  959.000  6.606469e-01 
  960.000  7.416426e-01 
  961.000  7.416426e-01 
  962.000  7.769206e-01 
  963.000  8.344370e-01 
  964.000  7.373148e-01 
  965.000  7.373148e-01 
  966.000  8.072072e-01 
  967.000  8.897371e-01 
  968.000  8.897371e-01 
  969.000  9.087268e-01 
  970.000  9.447350e-01 
  971.000  9.575536e-01 
  972.000  9.575536e-01 
  973.000  9.416368e-01 
  974.000  8.680651e-01 
  975.000  8.680651e-01 
  976.000  8.512900e-01 
  977.000  9.239608e-01 
  978.000  9.133341e-01 
  979.000  9.133341e-01 
  980.000  9.140167e-01 
  981.000  9.740708e-01 
  982.000  9.740708e-01 
  983.000  9.556388e-01 
  984.000  9.717756e-01 
  985.000  9.717756e-01 
  986.000  9.923562e-01 
  987.000  9.844944e-01 
  988.000  9.844944e-01 
  989.000  9.963887e-01 
  990.000  9.914501e-01 
  991.000  9.914501e-01 
  992.000  9.947391e-01 
  993.000  9.940469e-01 
  994.000  9.940469e-01 
  995.000  9.989645e-01 
  996.000  9.990593e-01 
  997.000  9.990593e-01 
  998.000  9.990335e-01 
  999.000  9.985968e-01 
 1000.000  9.985968e-01 
 1001.000  9.987860e-01 
 1002.000  9.919819e-01 
 1003.000  9.919819e-01 
 1004.000  9.987533e-01 
 1005.000  9.990349e-01 
 1006.000  9.990349e-01 
 1007.000  9.992220e-01 
 1008.000  9.979049e-01 
 1009.000  9.979049e-01 
 1010.000  9.928313e-01 
 1011.000  9.991112e-01 
 1012.000  9.991112e-01 
 1013.000  9.993183e-01 
 1014.000  9.990944e-01 
 1015.000  9.990944e-01 
 1016.000  9.994153e-01 
 1017.000  9.990044e-01 
 1018.000  9.990044e-01 
 1019.000  9.985301e-01 
 1020.000  9.994280e-01 
 1021.000  9.994280e-01 
 1022.000  9.985582e-01 
 1023.000  9.985582e-01 
 1024.000  9.983339e-01 
 1025.000  9.993485e-01 
 1026.000  9.993485e-01 
 1027.000  9.988145e-01 
 1028.000  9.993411e-01 
 1029.000  9.993411e-01 
 1030.000  9.994906e-01 
 1031.000  9.993550e-01 
 1032.000  9.993550e-01 
 1033.000  9.993119e-01 
 1034.000  9.993119e-01 
 1035.000  9.993050e-01 
 1036.000  9.986200e-01 
 1037.000  9.986200e-01 
 1038.000  9.985270e-01 
 1039.000  9.977713e-01 
 1040.000  9.977713e-01 
 1041.000  9.972539e-01 
 1042.000  9.972539e-01 
 1043.000  9.966028e-01 
 1044.000  9.956312e-01 
 1045.000  9.956312e-01 
 1046.000  9.942997e-01 
 1047.000  9.942997e-01 
 1048.000  9.929746e-01 
 1049.000  9.903402e-01 
 1050.000  9.903402e-01 
 1051.000  9.891537e-01 
 1052.000  9.891537e-01 
 1053.000  9.873548e-01 
 1054.000  9.858243e-01 
 1055.000  9.858243e-01 
 1056.000  9.840420e-01 
 1057.000  9.840420e-01 
 1058.000  9.824410e-01 
 1059.000  9.808484e-01 
 1060.000  9.808484e-01 
 1061.000  9.798310e-01 
 1062.000  9.798310e-01 
 1063.000  9.780458e-01 
 1064.000  9.769855e-01 
 1065.000  9.769855e-01 
 1066.000  9.785746e-01 
 1067.000  9.785746e-01 
 1068.000  9.773433e-01 
 1069.000  9.789550e-01 
 1070.000  9.789550e-01 
 1071.000  9.810688e-01 
 1072.000  9.810688e-01 
 1073.000  9.826480e-01 
 1074.000  9.826480e-01 
 1075.000  9.799104e-01 
 1076.000  9.803123e-01 
 1077.000  9.803123e-01 
 1078.000  9.857278e-01 
 1079.000  9.857278e-01 
 1080.000  9.824461e-01 
 1081.000  9.824461e-01 
 1082.000  9.859856e-01 
 1083.000  9.831507e-01 
 1084.000  9.831507e-01 
 1085.000  9.768658e-01 
 1086.000  9.768658e-01 
 1087.000  9.874879e-01 
 1088.000  9.874879e-01 
 1089.000  9.831719e-01 
 1090.000  9.808881e-01 
 1091.000  9.808881e-01 
 1092.000  9.735252e-01 
 1093.000  9.735252e-01 
 1094.000  9.733701e-01 
 1095.000  9.733701e-01 
 1096.000  9.688985e-01 
 1097.000  9.688985e-01 
 1098.000  9.585837e-01 
 1099.000  9.227887e-01 
 1100.000  9.227887e-01 
 1101.000  9.238316e-01 
 1102.000  9.238316e-01 
 1103.000  9.096918e-01 
 1104.000  9.096918e-01 
 1105.000  8.985604e-01 
 1106.000  8.985604e-01 
 1107.000  8.969872e-01 
 1108.000  8.969872e-01 
 1109.000  8.696129e-01 
 1110.000  8.301598e-01 
 1111.000  8.301598e-01 
 1112.000  8.019660e-01 
 1113.000  8.019660e-01 
 1114.000  7.180256e-01 
 1115.000  7.180256e-01 
 1116.000  4.989763e-01 
 1117.000  4.989763e-01 
 1118.000  6.079248e-01 
 1119.000  6.079248e-01 
 1120.000  5.344041e-01 
 1121.000  5.344041e-01 
 1122.000  3.460516e-01 
 1123.000  5.677696e-01 
 1124.000  5.677696e-01 
 1125.000  3.896014e-01 
 1126.000  3.896014e-01 
 1127.000  4.537452e-01 
 1128.000  4.537452e-01 
 1129.000  4.530555e-01 
 1130.000  4.530555e-01 
 1131.000  7.208778e-01 
 1132.000  7.208778e-01 
 1133.000  4.541444e-01 
 1134.000  4.541444e-01 
 1135.000  2.725725e-01 
 1136.000  2.725725e-01 
 1137.000  7.249866e-01 
 1138.000  7.249866e-01 
 1139.000  6.734042e-01 
 1140.000  6.734042e-01 
 1141.000  6.583123e-01 
 1142.000  6.583123e-01 
 1143.000  6.940845e-01 
 1144.000  6.940845e-01 
 1145.000  4.989218e-01 
 1146.000  4.989218e-01 
 1147.000  4.808100e-01 
 1148.000  4.808100e-01 
 1149.000  5.927441e-01 
 1150.000  5.927441e-01 
 1151.000  6.880997e-01 
 1152.000  6.880997e-01 
 1153.000  6.391216e-01 
 1154.000  6.391216e-01 
 1155.000  6.860532e-01 
 1156.000  6.860532e-01 
 1157.000  7.588129e-01 
 1158.000  7.588129e-01 
 1159.000  8.491012e-01 
 1160.000  8.491012e-01 
 1161.000  8.301138e-01 
 1162.000  8.301138e-01 
 1163.000  8.873737e-01 
 1164.000  8.873737e-01 
 1165.000  8.674083e-01 
 1166.000  8.674083e-01 
 1167.000  9.105763e-01 
 1168.000  9.105763e-01 
 1169.000  9.233632e-01 
 1170.000  9.233632e-01 
 1171.000  9.318857e-01 
 1172.000  9.318857e-01 
 1173.000  8.660159e-01 
 1174.000  8.660159e-01 
 1175.000  9.689289e-01 
 1176.000  9.689289e-01 
 1177.000  9.061511e-01 
 1178.000  9.061511e-01 
 1179.000  9.520284e-01 
 1180.000  9.520284e-01 
 1181.000  8.591177e-01 
 1182.000  8.591177e-01 
 1183.000  9.286973e-01 
 1184.000  9.286973e-01 
 1185.000  9.503918e-01 
 1186.000  9.503918e-01 
 1187.000  8.740096e-01 
 1188.000  8.740096e-01 
 1189.000  8.740096e-01 
 1190.000  9.283488e-01 
 1191.000  9.283488e-01 
 1192.000  9.718575e-01 
 1193.000  9.718575e-01 
 1194.000  9.407190e-01 
 1195.000  9.407190e-01 
 1196.000  9.548271e-01 
 1197.000  9.548271e-01 
 1198.000  9.254336e-01 
 1199.000  9.254336e-01 
 1200.000  9.213163e-01 
