  250.000  0.000000e+00 
  251.000  0.000000e+00 
  252.000  0.000000e+00 
  253.000  0.000000e+00 
  254.000  0.000000e+00 
  255.000  0.000000e+00 
  256.000  0.000000e+00 
  257.000  0.000000e+00 
  258.000  0.000000e+00 
  259.000  0.000000e+00 
  260.000  0.000000e+00 
  261.000  0.000000e+00 
  262.000  0.000000e+00 
  263.000  0.000000e+00 
  264.000  0.000000e+00 
  265.000  0.000000e+00 
  266.000  0.000000e+00 
  267.000  0.000000e+00 
  268.000  0.000000e+00 
  269.000  0.000000e+00 
  270.000  0.000000e+00 
  271.000  0.000000e+00 
  272.000  0.000000e+00 
  273.000  0.000000e+00 
  274.000  0.000000e+00 
  275.000  0.000000e+00 
  276.000  0.000000e+00 
  277.000  0.000000e+00 
  278.000  0.000000e+00 
  279.000  0.000000e+00 
  280.000  0.000000e+00 
  281.000  0.000000e+00 
  282.000  0.000000e+00 
  283.000  0.000000e+00 
  284.000  0.000000e+00 
  285.000  0.000000e+00 
  286.000  0.000000e+00 
  287.000  0.000000e+00 
  288.000  1.285383e-12 
  289.000  1.566175e-11 
  290.000  2.630928e-10 
  291.000  2.479608e-09 
  292.000  4.944669e-08 
  293.000  2.875411e-07 
  294.000  2.125782e-06 
  295.000  7.667304e-06 
  296.000  4.676305e-05 
  297.000  1.372538e-04 
  298.000  4.978278e-04 
  299.000  1.187761e-03 
  300.000  2.938240e-03 
  301.000  6.146375e-03 
  302.000  1.127552e-02 
  303.000  2.357073e-02 
  304.000  3.052120e-02 
  305.000  5.534262e-02 
  306.000  7.605291e-02 
  307.000  1.135889e-01 
  308.000  1.455330e-01 
  309.000  1.831314e-01 
  310.000  2.494852e-01 
  311.000  2.786148e-01 
  312.000  3.313375e-01 
  313.000  3.970154e-01 
  314.000  4.209350e-01 
  315.000  5.036619e-01 
  316.000  5.202989e-01 
  317.000  5.819246e-01 
  318.000  6.135170e-01 
  319.000  7.192158e-01 
  320.000  6.330574e-01 
  321.000  7.922275e-01 
  322.000  7.106038e-01 
  323.000  7.775058e-01 
  324.000  8.747151e-01 
  325.000  7.848263e-01 
  326.000  8.820694e-01 
  327.000  9.038078e-01 
  328.000  8.338456e-01 
  329.000  9.422663e-01 
  330.000  9.499251e-01 
  331.000  8.872101e-01 
  332.000  9.558575e-01 
  333.000  9.600260e-01 
  334.000  9.361641e-01 
  335.000  9.734755e-01 
  336.000  9.807621e-01 
  337.000  9.553072e-01 
  338.000  9.745250e-01 
  339.000  9.841681e-01 
  340.000  9.705101e-01 
  341.000  9.826416e-01 
  342.000  9.872863e-01 
  343.000  9.857726e-01 
  344.000  9.720076e-01 
  345.000  9.860097e-01 
  346.000  9.890448e-01 
  347.000  9.879982e-01 
  348.000  9.895442e-01 
  349.000  9.912025e-01 
  350.000  9.923846e-01 
  351.000  9.926645e-01 
  352.000  9.931431e-01 
  353.000  9.936355e-01 
  354.000  9.919724e-01 
  355.000  9.915165e-01 
  356.000  9.918984e-01 
  357.000  9.891153e-01 
  358.000  9.877207e-01 
  359.000  9.861872e-01 
  360.000  9.843857e-01 
  361.000  9.831090e-01 
  362.000  9.856088e-01 
  363.000  9.879487e-01 
  364.000  9.902015e-01 
  365.000  9.899548e-01 
  366.000  9.911635e-01 
  367.000  9.915398e-01 
  368.000  9.913221e-01 
  369.000  9.916788e-01 
  370.000  9.915043e-01 
  371.000  9.920436e-01 
  372.000  9.903520e-01 
  373.000  9.911205e-01 
  374.000  9.912904e-01 
  375.000  9.915696e-01 
  376.000  9.898536e-01 
  377.000  9.896486e-01 
  378.000  9.892398e-01 
  379.000  9.872910e-01 
  380.000  9.849846e-01 
  381.000  9.858059e-01 
  382.000  9.876421e-01 
  383.000  9.897335e-01 
  384.000  9.898475e-01 
  385.000  9.903329e-01 
  386.000  9.907436e-01 
  387.000  9.906195e-01 
  388.000  9.903983e-01 
  389.000  9.903468e-01 
  390.000  9.903207e-01 
  391.000  9.905463e-01 
  392.000  9.893913e-01 
  393.000  9.910633e-01 
  394.000  9.910771e-01 
  395.000  9.908586e-01 
  396.000  9.903055e-01 
  397.000  9.911527e-01 
  398.000  9.895198e-01 
  399.000  9.907372e-01 
  400.000  9.892533e-01 
  401.000  9.895892e-01 
  402.000  9.908088e-01 
  403.000  9.915227e-01 
  404.000  9.901496e-01 
  405.000  9.897210e-01 
  406.000  9.910187e-01 
  407.000  9.920893e-01 
  408.000  9.904015e-01 
  409.000  9.895129e-01 
  410.000  9.900677e-01 
  411.000  9.898445e-01 
  412.000  9.911312e-01 
  413.000  9.894103e-01 
  414.000  9.901189e-01 
  415.000  9.902651e-01 
  416.000  9.917719e-01 
  417.000  9.915817e-01 
  418.000  9.907389e-01 
  419.000  9.909448e-01 
  420.000  9.900914e-01 
  421.000  9.898970e-01 
  422.000  9.895825e-01 
  423.000  9.901864e-01 
  424.000  9.892314e-01 
  425.000  9.904283e-01 
  426.000  9.917642e-01 
  427.000  9.905432e-01 
  428.000  9.893892e-01 
  429.000  9.912872e-01 
  430.000  9.912781e-01 
  431.000  9.892344e-01 
  432.000  9.911826e-01 
  433.000  9.908110e-01 
  434.000  9.897031e-01 
  435.000  9.874367e-01 
  436.000  9.895046e-01 
  437.000  9.917741e-01 
  438.000  9.922537e-01 
  439.000  9.874536e-01 
  440.000  9.891446e-01 
  441.000  9.912307e-01 
  442.000  9.919333e-01 
  443.000  9.906247e-01 
  444.000  9.890524e-01 
  445.000  9.868451e-01 
  446.000  9.885340e-01 
  447.000  9.897107e-01 
  448.000  9.850349e-01 
  449.000  9.889457e-01 
  450.000  9.903147e-01 
  451.000  9.901773e-01 
  452.000  9.899890e-01 
  453.000  9.900620e-01 
  454.000  9.909718e-01 
  455.000  9.897837e-01 
  456.000  9.896890e-01 
  457.000  9.903280e-01 
  458.000  9.877201e-01 
  459.000  9.888294e-01 
  460.000  9.873932e-01 
  461.000  9.875028e-01 
  462.000  9.885994e-01 
  463.000  9.858177e-01 
  464.000  9.872302e-01 
  465.000  9.879563e-01 
  466.000  9.891340e-01 
  467.000  9.873939e-01 
  468.000  9.878919e-01 
  469.000  9.882007e-01 
  470.000  9.877748e-01 
  471.000  9.876783e-01 
  472.000  9.858431e-01 
  473.000  9.836040e-01 
  474.000  9.787355e-01 
  475.000  9.758518e-01 
  476.000  9.738480e-01 
  477.000  9.727076e-01 
  478.000  9.724640e-01 
  479.000  9.732989e-01 
  480.000  9.743659e-01 
  481.000  9.780822e-01 
  482.000  9.807522e-01 
  483.000  9.827265e-01 
  484.000  9.827020e-01 
  485.000  9.821225e-01 
  486.000  9.821417e-01 
  487.000  9.828683e-01 
  488.000  9.818361e-01 
  489.000  9.804591e-01 
  490.000  9.819848e-01 
  491.000  9.828711e-01 
  492.000  9.824422e-01 
  493.000  9.819682e-01 
  494.000  9.808994e-01 
  495.000  9.806626e-01 
  496.000  9.797723e-01 
  497.000  9.796001e-01 
  498.000  9.795073e-01 
  499.000  9.789807e-01 
  500.000  9.781578e-01 
  501.000  9.767296e-01 
  502.000  9.735678e-01 
  503.000  9.706078e-01 
  504.000  9.683915e-01 
  505.000  9.683752e-01 
  506.000  9.685918e-01 
  507.000  9.684550e-01 
  508.000  9.697768e-01 
  509.000  9.700232e-01 
  510.000  9.707542e-01 
  511.000  9.708724e-01 
  512.000  9.711185e-01 
  513.000  9.717990e-01 
  514.000  9.720336e-01 
  515.000  9.723640e-01 
  516.000  9.718836e-01 
  517.000  9.713537e-01 
  518.000  9.707596e-01 
  519.000  9.694919e-01 
  520.000  9.690183e-01 
  521.000  9.684164e-01 
  522.000  9.677892e-01 
  523.000  9.667071e-01 
  524.000  9.654677e-01 
  525.000  9.634968e-01 
  526.000  9.617741e-01 
  527.000  9.604103e-01 
  528.000  9.586109e-01 
  529.000  9.570504e-01 
  530.000  9.559455e-01 
  531.000  9.549540e-01 
  532.000  9.542244e-01 
  533.000  9.539080e-01 
  534.000  9.536740e-01 
  535.000  9.537215e-01 
  536.000  9.537752e-01 
  537.000  9.535711e-01 
  538.000  9.531456e-01 
  539.000  9.524615e-01 
  540.000  9.525643e-01 
  541.000  9.505119e-01 
  542.000  9.500884e-01 
  543.000  9.502487e-01 
  544.000  9.500784e-01 
  545.000  9.482699e-01 
  546.000  9.474626e-01 
  547.000  9.483811e-01 
  548.000  9.484824e-01 
  549.000  9.483121e-01 
  550.000  9.479125e-01 
  551.000  9.482944e-01 
  552.000  9.477047e-01 
  553.000  9.466880e-01 
  554.000  9.464470e-01 
  555.000  9.460838e-01 
  556.000  9.448979e-01 
  557.000  9.432649e-01 
  558.000  9.418284e-01 
  559.000  9.400135e-01 
  560.000  9.383213e-01 
  561.000  9.368297e-01 
  562.000  9.355713e-01 
  563.000  9.338750e-01 
  564.000  9.320139e-01 
  565.000  9.305400e-01 
  566.000  9.293444e-01 
  567.000  9.275125e-01 
  568.000  9.253281e-01 
  569.000  9.184213e-01 
  570.000  9.142895e-01 
  571.000  9.141025e-01 
  572.000  9.100696e-01 
  573.000  9.093321e-01 
  574.000  9.061123e-01 
  575.000  9.052519e-01 
  576.000  9.039260e-01 
  577.000  9.038230e-01 
  578.000  9.061841e-01 
  579.000  9.080036e-01 
  580.000  9.099743e-01 
  581.000  9.133554e-01 
  582.000  9.164862e-01 
  583.000  9.193086e-01 
  584.000  9.231398e-01 
  585.000  9.242364e-01 
  586.000  9.260226e-01 
  587.000  9.261887e-01 
  588.000  9.253792e-01 
  589.000  9.101589e-01 
  590.000  9.098759e-01 
  591.000  9.150657e-01 
  592.000  9.031119e-01 
  593.000  9.212159e-01 
  594.000  9.118222e-01 
  595.000  9.170644e-01 
  596.000  9.191019e-01 
  597.000  9.187030e-01 
  598.000  9.184486e-01 
  599.000  9.209495e-01 
  600.000  9.207008e-01 
  601.000  9.226335e-01 
  602.000  9.234521e-01 
  603.000  9.237843e-01 
  604.000  9.244294e-01 
  605.000  9.245564e-01 
  606.000  9.256274e-01 
  607.000  9.265347e-01 
  608.000  9.276363e-01 
  609.000  9.280992e-01 
  610.000  9.290091e-01 
  611.000  9.297113e-01 
  612.000  9.305385e-01 
  613.000  9.315064e-01 
  614.000  9.321265e-01 
  615.000  9.328681e-01 
  616.000  9.337457e-01 
  617.000  9.343448e-01 
  618.000  9.346859e-01 
  619.000  9.352075e-01 
  620.000  9.352825e-01 
  621.000  9.351037e-01 
  622.000  9.350208e-01 
  623.000  9.342855e-01 
  624.000  9.338579e-01 
  625.000  9.334335e-01 
  626.000  9.322065e-01 
  627.000  9.309276e-01 
  628.000  8.935061e-01 
  629.000  9.111952e-01 
  630.000  9.177781e-01 
  631.000  9.286169e-01 
  632.000  9.320039e-01 
  633.000  9.346040e-01 
  634.000  9.376999e-01 
  635.000  9.387683e-01 
  636.000  9.416760e-01 
  637.000  9.451718e-01 
  638.000  9.479665e-01 
  639.000  9.500663e-01 
  640.000  9.514523e-01 
  641.000  9.533441e-01 
  642.000  9.550521e-01 
  643.000  9.552094e-01 
  644.000  9.565630e-01 
  645.000  9.569199e-01 
  646.000  9.532644e-01 
  647.000  9.473802e-01 
  648.000  9.416187e-01 
  649.000  9.471039e-01 
  650.000  9.585632e-01 
  651.000  9.600617e-01 
  652.000  9.570692e-01 
  653.000  9.609151e-01 
  654.000  9.612594e-01 
  655.000  9.490942e-01 
  656.000  9.577786e-01 
  657.000  9.601790e-01 
  658.000  9.646227e-01 
  659.000  9.672143e-01 
  660.000  9.669936e-01 
  661.000  9.685210e-01 
  662.000  9.686592e-01 
  663.000  9.687144e-01 
  664.000  9.696679e-01 
  665.000  9.701972e-01 
  666.000  9.708431e-01 
  667.000  9.717205e-01 
  668.000  9.721071e-01 
  669.000  9.727554e-01 
  670.000  9.731814e-01 
  671.000  9.739346e-01 
  672.000  9.740626e-01 
  673.000  9.746169e-01 
  674.000  9.748442e-01 
  675.000  9.754695e-01 
  676.000  9.756274e-01 
  677.000  9.759793e-01 
  678.000  9.765156e-01 
  679.000  9.768181e-01 
  680.000  9.773257e-01 
  681.000  9.774666e-01 
  682.000  9.784335e-01 
  683.000  9.780663e-01 
  684.000  9.788769e-01 
  685.000  9.796920e-01 
  686.000  9.798969e-01 
  687.000  5.940449e-01 
  688.000  7.824669e-01 
  689.000  8.360411e-01 
  690.000  8.762316e-01 
  691.000  9.050875e-01 
  692.000  9.533409e-01 
  693.000  9.429665e-01 
  694.000  9.273900e-01 
  695.000  9.542922e-01 
  696.000  9.469555e-01 
  697.000  9.798303e-01 
  698.000  9.787281e-01 
  699.000  9.644596e-01 
  700.000  9.658195e-01 
  701.000  9.545043e-01 
  702.000  9.599361e-01 
  703.000  9.644733e-01 
  704.000  9.677979e-01 
  705.000  9.686740e-01 
  706.000  9.739416e-01 
  707.000  9.782005e-01 
  708.000  9.812064e-01 
  709.000  9.813058e-01 
  710.000  9.798383e-01 
  711.000  9.834714e-01 
  712.000  9.811490e-01 
  713.000  9.843058e-01 
  714.000  9.816166e-01 
  715.000  9.743904e-01 
  716.000  9.754886e-01 
  717.000  9.451916e-01 
  718.000  8.684781e-01 
  719.000  8.135787e-01 
  720.000  8.772964e-01 
  721.000  9.619820e-01 
  722.000  9.598508e-01 
  723.000  9.553041e-01 
  724.000  8.590840e-01 
  725.000  8.841424e-01 
  726.000  9.296820e-01 
  727.000  9.093847e-01 
  728.000  8.736852e-01 
  729.000  8.932047e-01 
  730.000  9.353331e-01 
  731.000  9.118390e-01 
  732.000  9.249240e-01 
  733.000  9.599978e-01 
  734.000  9.783774e-01 
  735.000  9.654459e-01 
  736.000  9.742709e-01 
  737.000  9.740744e-01 
  738.000  9.793522e-01 
  739.000  9.808933e-01 
  740.000  9.876714e-01 
  741.000  9.912657e-01 
  742.000  9.914364e-01 
  743.000  9.911591e-01 
  744.000  9.921857e-01 
  745.000  9.927452e-01 
  746.000  9.933067e-01 
  747.000  9.932913e-01 
  748.000  9.935203e-01 
  749.000  9.935544e-01 
  750.000  9.937275e-01 
  751.000  9.937249e-01 
  752.000  9.942769e-01 
  753.000  9.944011e-01 
  754.000  9.944668e-01 
  755.000  9.945309e-01 
  756.000  9.945402e-01 
  757.000  9.948916e-01 
  758.000  9.950897e-01 
  759.000  9.777717e-01 
  760.000  2.365674e-01 
  761.000  1.239407e-01 
  762.000  5.529408e-01 
  763.000  4.238538e-01 
  764.000  5.070260e-01 
  765.000  6.685123e-01 
  766.000  8.222226e-01 
  767.000  8.819308e-01 
  768.000  9.620610e-01 
  769.000  9.831646e-01 
  770.000  9.827547e-01 
  771.000  9.926247e-01 
  772.000  9.953910e-01 
  773.000  9.953568e-01 
  774.000  9.952918e-01 
  775.000  9.953397e-01 
  776.000  9.953659e-01 
  777.000  9.954212e-01 
  778.000  9.954403e-01 
  779.000  9.954228e-01 
  780.000  9.954094e-01 
  781.000  9.955528e-01 
  782.000  9.955605e-01 
  783.000  9.957228e-01 
  784.000  9.953057e-01 
  785.000  9.948617e-01 
  786.000  9.923826e-01 
  787.000  9.921346e-01 
  788.000  9.870554e-01 
  789.000  9.868916e-01 
  790.000  9.780957e-01 
  791.000  9.789136e-01 
  792.000  9.826126e-01 
  793.000  9.851440e-01 
  794.000  9.958020e-01 
  795.000  9.918954e-01 
  796.000  9.677339e-01 
  797.000  9.850881e-01 
  798.000  9.867393e-01 
  799.000  9.904276e-01 
  800.000  9.801718e-01 
  801.000  9.751148e-01 
  802.000  9.818321e-01 
  803.000  9.803864e-01 
  804.000  9.797207e-01 
  805.000  9.841541e-01 
  806.000  9.930923e-01 
  807.000  9.874893e-01 
  808.000  9.929608e-01 
  809.000  9.843602e-01 
  810.000  9.797932e-01 
  811.000  9.813498e-01 
  812.000  9.718224e-01 
  813.000  9.538662e-01 
  814.000  9.227310e-01 
  815.000  8.882087e-01 
  816.000  9.147861e-01 
  817.000  7.993617e-01 
  818.000  8.815635e-01 
  819.000  9.139920e-01 
  820.000  8.722097e-01 
  821.000  9.772000e-01 
  822.000  9.620379e-01 
  823.000  7.647780e-01 
  824.000  9.415864e-01 
  825.000  9.689555e-01 
  826.000  9.404491e-01 
  827.000  9.672937e-01 
  828.000  8.956548e-01 
  829.000  9.506856e-01 
  830.000  9.374810e-01 
  831.000  9.437223e-01 
  832.000  9.428266e-01 
  833.000  9.639323e-01 
  834.000  9.639562e-01 
  835.000  9.757605e-01 
  836.000  9.772097e-01 
  837.000  9.763752e-01 
  838.000  9.844753e-01 
  839.000  9.885983e-01 
  840.000  9.895766e-01 
  841.000  9.895766e-01 
  842.000  9.821671e-01 
  843.000  9.959157e-01 
  844.000  9.875332e-01 
  845.000  9.941598e-01 
  846.000  9.958197e-01 
  847.000  9.970778e-01 
  848.000  9.951807e-01 
  849.000  9.959149e-01 
  850.000  9.954931e-01 
  851.000  9.947002e-01 
  852.000  9.977978e-01 
  853.000  9.983409e-01 
  854.000  9.976287e-01 
  855.000  9.976287e-01 
  856.000  9.982319e-01 
  857.000  9.996119e-01 
  858.000  9.981838e-01 
  859.000  9.990096e-01 
  860.000  9.998958e-01 
  861.000  9.994747e-01 
  862.000  9.998307e-01 
  863.000  9.994315e-01 
  864.000  9.999486e-01 
  865.000  9.999486e-01 
  866.000  9.998529e-01 
  867.000  9.999790e-01 
  868.000  9.998520e-01 
  869.000  9.996922e-01 
  870.000  9.998515e-01 
  871.000  9.998524e-01 
  872.000  9.999592e-01 
  873.000  9.998174e-01 
  874.000  9.998174e-01 
  875.000  9.999853e-01 
  876.000  9.999901e-01 
  877.000  9.998501e-01 
  878.000  9.997144e-01 
  879.000  9.996712e-01 
  880.000  9.998744e-01 
  881.000  9.998744e-01 
  882.000  9.989937e-01 
  883.000  9.992312e-01 
  884.000  9.992607e-01 
  885.000  9.993775e-01 
  886.000  9.944508e-01 
  887.000  9.988809e-01 
  888.000  9.988809e-01 
  889.000  9.977608e-01 
  890.000  9.949660e-01 
  891.000  9.987314e-01 
  892.000  9.942333e-01 
  893.000  9.825570e-01 
  894.000  9.825570e-01 
  895.000  9.567801e-01 
  896.000  9.325318e-01 
  897.000  8.363277e-01 
  898.000  9.265680e-01 
  899.000  7.632591e-01 
  900.000  7.632591e-01 
  901.000  8.016835e-01 
  902.000  8.344274e-01 
  903.000  8.739836e-01 
  904.000  9.644670e-01 
  905.000  9.505543e-01 
  906.000  9.505543e-01 
  907.000  8.464004e-01 
  908.000  8.269784e-01 
  909.000  8.350898e-01 
  910.000  8.116659e-01 
  911.000  8.116659e-01 
  912.000  9.111951e-01 
  913.000  8.599671e-01 
  914.000  8.285155e-01 
  915.000  7.834801e-01 
  916.000  7.834801e-01 
  917.000  9.052717e-01 
  918.000  8.042761e-01 
  919.000  8.863246e-01 
  920.000  9.601224e-01 
  921.000  9.601224e-01 
  922.000  9.385698e-01 
  923.000  9.369006e-01 
  924.000  9.152399e-01 
  925.000  9.152399e-01 
  926.000  9.257901e-01 
  927.000  9.340833e-01 
  928.000  8.195961e-01 
  929.000  7.962484e-01 
  930.000  7.962484e-01 
  931.000  6.615555e-01 
  932.000  4.816834e-01 
  933.000  4.960061e-01 
  934.000  4.960061e-01 
  935.000  4.590856e-01 
  936.000  4.297345e-01 
  937.000  4.029977e-01 
  938.000  4.029977e-01 
  939.000  5.559429e-01 
  940.000  6.942443e-01 
  941.000  6.420972e-01 
  942.000  6.420972e-01 
  943.000  5.436061e-01 
  944.000  5.545751e-01 
  945.000  6.268711e-01 
  946.000  6.268711e-01 
  947.000  5.529166e-01 
  948.000  5.736472e-01 
  949.000  6.428665e-01 
  950.000  6.428665e-01 
  951.000  6.615736e-01 
  952.000  5.415154e-01 
  953.000  6.872587e-01 
  954.000  6.872587e-01 
  955.000  6.857378e-01 
  956.000  5.730231e-01 
  957.000  7.396276e-01 
  958.000  7.396276e-01 
  959.000  6.244866e-01 
  960.000  7.085503e-01 
  961.000  7.085503e-01 
  962.000  7.522177e-01 
  963.000  8.099521e-01 
  964.000  7.079102e-01 
  965.000  7.079102e-01 
  966.000  7.833169e-01 
  967.000  8.731249e-01 
  968.000  8.731249e-01 
  969.000  8.943519e-01 
  970.000  9.345921e-01 
  971.000  9.496802e-01 
  972.000  9.496802e-01 
  973.000  9.308670e-01 
  974.000  8.484466e-01 
  975.000  8.484466e-01 
  976.000  8.317631e-01 
  977.000  9.119631e-01 
  978.000  9.000012e-01 
  979.000  9.000012e-01 
  980.000  9.006197e-01 
  981.000  9.690810e-01 
  982.000  9.690810e-01 
  983.000  9.479740e-01 
  984.000  9.664072e-01 
  985.000  9.664072e-01 
  986.000  9.908475e-01 
  987.000  9.814786e-01 
  988.000  9.814786e-01 
  989.000  9.956710e-01 
  990.000  9.897669e-01 
  991.000  9.897669e-01 
  992.000  9.937006e-01 
  993.000  9.928713e-01 
  994.000  9.928713e-01 
  995.000  9.987574e-01 
  996.000  9.988711e-01 
  997.000  9.988711e-01 
  998.000  9.988405e-01 
  999.000  9.983164e-01 
 1000.000  9.983164e-01 
 1001.000  9.985433e-01 
 1002.000  9.904178e-01 
 1003.000  9.904178e-01 
 1004.000  9.985041e-01 
 1005.000  9.988419e-01 
 1006.000  9.988419e-01 
 1007.000  9.990665e-01 
 1008.000  9.974863e-01 
 1009.000  9.974863e-01 
 1010.000  9.914293e-01 
 1011.000  9.989334e-01 
 1012.000  9.989334e-01 
 1013.000  9.991820e-01 
 1014.000  9.989133e-01 
 1015.000  9.989133e-01 
 1016.000  9.992984e-01 
 1017.000  9.988054e-01 
 1018.000  9.988054e-01 
 1019.000  9.982364e-01 
 1020.000  9.993136e-01 
 1021.000  9.993136e-01 
 1022.000  9.982700e-01 
 1023.000  9.982700e-01 
 1024.000  9.980010e-01 
 1025.000  9.992182e-01 
 1026.000  9.992182e-01 
 1027.000  9.985775e-01 
 1028.000  9.992094e-01 
 1029.000  9.992094e-01 
 1030.000  9.993885e-01 
 1031.000  9.992260e-01 
 1032.000  9.992260e-01 
 1033.000  9.991742e-01 
 1034.000  9.991742e-01 
 1035.000  9.991660e-01 
 1036.000  9.983442e-01 
 1037.000  9.983442e-01 
 1038.000  9.982327e-01 
 1039.000  9.973261e-01 
 1040.000  9.973261e-01 
 1041.000  9.967054e-01 
 1042.000  9.967054e-01 
 1043.000  9.959246e-01 
 1044.000  9.947597e-01 
 1045.000  9.947597e-01 
 1046.000  9.931635e-01 
 1047.000  9.931635e-01 
 1048.000  9.915754e-01 
 1049.000  9.884192e-01 
 1050.000  9.884192e-01 
 1051.000  9.869987e-01 
 1052.000  9.869987e-01 
 1053.000  9.848449e-01 
 1054.000  9.830133e-01 
 1055.000  9.830133e-01 
 1056.000  9.808811e-01 
 1057.000  9.808811e-01 
 1058.000  9.789664e-01 
 1059.000  9.770623e-01 
 1060.000  9.770623e-01 
 1061.000  9.758462e-01 
 1062.000  9.758462e-01 
 1063.000  9.737130e-01 
 1064.000  9.724465e-01 
 1065.000  9.724465e-01 
 1066.000  9.743449e-01 
 1067.000  9.743449e-01 
 1068.000  9.728738e-01 
 1069.000  9.747993e-01 
 1070.000  9.747993e-01 
 1071.000  9.773257e-01 
 1072.000  9.773257e-01 
 1073.000  9.792138e-01 
 1074.000  9.792138e-01 
 1075.000  9.759675e-01 
 1076.000  9.764541e-01 
 1077.000  9.764541e-01 
 1078.000  9.829074e-01 
 1079.000  9.829074e-01 
 1080.000  9.790069e-01 
 1081.000  9.790069e-01 
 1082.000  9.832252e-01 
 1083.000  9.798622e-01 
 1084.000  9.798622e-01 
 1085.000  9.723771e-01 
 1086.000  9.723771e-01 
 1087.000  9.850401e-01 
 1088.000  9.850401e-01 
 1089.000  9.799185e-01 
 1090.000  9.772326e-01 
 1091.000  9.772326e-01 
 1092.000  9.684750e-01 
 1093.000  9.684750e-01 
 1094.000  9.682701e-01 
 1095.000  9.682701e-01 
 1096.000  9.629804e-01 
 1097.000  9.629804e-01 
 1098.000  9.507746e-01 
 1099.000  9.096292e-01 
 1100.000  9.096292e-01 
 1101.000  9.109393e-01 
 1102.000  9.109393e-01 
 1103.000  8.946170e-01 
 1104.000  8.946170e-01 
 1105.000  8.817935e-01 
 1106.000  8.817935e-01 
 1107.000  8.802167e-01 
 1108.000  8.802167e-01 
 1109.000  8.489215e-01 
 1110.000  8.091546e-01 
 1111.000  8.091546e-01 
 1112.000  7.755703e-01 
 1113.000  7.755703e-01 
 1114.000  6.922600e-01 
 1115.000  6.922600e-01 
 1116.000  4.640102e-01 
 1117.000  4.640102e-01 
 1118.000  5.735055e-01 
 1119.000  5.735055e-01 
 1120.000  4.956863e-01 
 1121.000  4.956863e-01 
 1122.000  3.096407e-01 
 1123.000  5.345616e-01 
 1124.000  5.345616e-01 
 1125.000  3.490974e-01 
 1126.000  3.490974e-01 
 1127.000  4.117994e-01 
 1128.000  4.117994e-01 
 1129.000  4.081008e-01 
 1130.000  4.081008e-01 
 1131.000  6.889530e-01 
 1132.000  6.889530e-01 
 1133.000  4.100629e-01 
 1134.000  4.100629e-01 
 1135.000  2.431325e-01 
 1136.000  2.431325e-01 
 1137.000  6.904002e-01 
 1138.000  6.904002e-01 
 1139.000  6.422981e-01 
 1140.000  6.422981e-01 
 1141.000  6.274192e-01 
 1142.000  6.274192e-01 
 1143.000  6.595663e-01 
 1144.000  6.595663e-01 
 1145.000  4.570790e-01 
 1146.000  4.570790e-01 
 1147.000  4.399919e-01 
 1148.000  4.399919e-01 
 1149.000  5.577790e-01 
 1150.000  5.577790e-01 
 1151.000  6.547356e-01 
 1152.000  6.547356e-01 
 1153.000  6.064239e-01 
 1154.000  6.064239e-01 
 1155.000  6.547794e-01 
 1156.000  6.547794e-01 
 1157.000  7.337015e-01 
 1158.000  7.337015e-01 
 1159.000  8.255212e-01 
 1160.000  8.255212e-01 
 1161.000  8.043154e-01 
 1162.000  8.043154e-01 
 1163.000  8.703971e-01 
 1164.000  8.703971e-01 
 1165.000  8.471877e-01 
 1166.000  8.471877e-01 
 1167.000  8.959917e-01 
 1168.000  8.959917e-01 
 1169.000  9.101496e-01 
 1170.000  9.101496e-01 
 1171.000  9.204246e-01 
 1172.000  9.204246e-01 
 1173.000  8.451976e-01 
 1174.000  8.451976e-01 
 1175.000  9.629699e-01 
 1176.000  9.629699e-01 
 1177.000  8.911914e-01 
 1178.000  8.911914e-01 
 1179.000  9.439049e-01 
 1180.000  9.439049e-01 
 1181.000  8.394634e-01 
 1182.000  8.394634e-01 
 1183.000  9.171702e-01 
 1184.000  9.171702e-01 
 1185.000  9.411841e-01 
 1186.000  9.411841e-01 
 1187.000  8.585060e-01 
 1188.000  8.585060e-01 
 1189.000  8.585060e-01 
 1190.000  9.172167e-01 
 1191.000  9.172167e-01 
 1192.000  9.664578e-01 
 1193.000  9.664578e-01 
 1194.000  9.311537e-01 
 1195.000  9.311537e-01 
 1196.000  9.463271e-01 
 1197.000  9.463271e-01 
 1198.000  9.129778e-01 
 1199.000  9.129778e-01 
 1200.000  9.090819e-01 
