  250.000  0.000000e+00 
  251.000  0.000000e+00 
  252.000  0.000000e+00 
  253.000  0.000000e+00 
  254.000  0.000000e+00 
  255.000  0.000000e+00 
  256.000  0.000000e+00 
  257.000  0.000000e+00 
  258.000  0.000000e+00 
  259.000  0.000000e+00 
  260.000  0.000000e+00 
  261.000  0.000000e+00 
  262.000  0.000000e+00 
  263.000  0.000000e+00 
  264.000  0.000000e+00 
  265.000  0.000000e+00 
  266.000  0.000000e+00 
  267.000  0.000000e+00 
  268.000  0.000000e+00 
  269.000  0.000000e+00 
  270.000  0.000000e+00 
  271.000  0.000000e+00 
  272.000  0.000000e+00 
  273.000  0.000000e+00 
  274.000  0.000000e+00 
  275.000  0.000000e+00 
  276.000  0.000000e+00 
  277.000  0.000000e+00 
  278.000  0.000000e+00 
  279.000  0.000000e+00 
  280.000  0.000000e+00 
  281.000  0.000000e+00 
  282.000  0.000000e+00 
  283.000  0.000000e+00 
  284.000  0.000000e+00 
  285.000  0.000000e+00 
  286.000  0.000000e+00 
  287.000  0.000000e+00 
  288.000  0.000000e+00 
  289.000  0.000000e+00 
  290.000  6.108917e-07 
  291.000  2.336800e-06 
  292.000  1.389868e-05 
  293.000  3.997999e-05 
  294.000  1.324465e-04 
  295.000  2.867287e-04 
  296.000  8.476937e-04 
  297.000  1.624705e-03 
  298.000  3.534789e-03 
  299.000  6.007039e-03 
  300.000  1.040325e-02 
  301.000  1.631864e-02 
  302.000  2.374019e-02 
  303.000  3.721224e-02 
  304.000  4.397752e-02 
  305.000  6.336959e-02 
  306.000  7.769398e-02 
  307.000  9.982958e-02 
  308.000  1.171643e-01 
  309.000  1.360462e-01 
  310.000  1.654992e-01 
  311.000  1.790562e-01 
  312.000  2.006170e-01 
  313.000  2.261818e-01 
  314.000  2.372217e-01 
  315.000  2.671583e-01 
  316.000  2.753475e-01 
  317.000  2.979142e-01 
  318.000  3.112657e-01 
  319.000  3.455003e-01 
  320.000  3.244823e-01 
  321.000  3.742263e-01 
  322.000  3.552837e-01 
  323.000  3.785088e-01 
  324.000  4.105458e-01 
  325.000  3.890448e-01 
  326.000  4.209377e-01 
  327.000  4.312469e-01 
  328.000  4.159667e-01 
  329.000  4.513623e-01 
  330.000  4.578919e-01 
  331.000  4.439903e-01 
  332.000  4.682844e-01 
  333.000  4.739370e-01 
  334.000  4.711879e-01 
  335.000  4.866064e-01 
  336.000  4.931348e-01 
  337.000  4.899006e-01 
  338.000  5.000476e-01 
  339.000  5.074542e-01 
  340.000  5.069064e-01 
  341.000  5.151077e-01 
  342.000  5.209737e-01 
  343.000  5.248742e-01 
  344.000  5.241974e-01 
  345.000  5.329474e-01 
  346.000  5.375044e-01 
  347.000  5.414866e-01 
  348.000  5.455909e-01 
  349.000  5.504832e-01 
  350.000  5.543842e-01 
  351.000  5.588708e-01 
  352.000  5.625759e-01 
  353.000  5.669922e-01 
  354.000  5.701478e-01 
  355.000  5.735913e-01 
  356.000  5.779438e-01 
  357.000  5.807728e-01 
  358.000  5.839378e-01 
  359.000  5.870523e-01 
  360.000  5.900818e-01 
  361.000  5.932318e-01 
  362.000  5.980534e-01 
  363.000  6.021332e-01 
  364.000  6.061848e-01 
  365.000  6.095645e-01 
  366.000  6.133222e-01 
  367.000  6.168471e-01 
  368.000  6.201996e-01 
  369.000  6.230170e-01 
  370.000  6.263589e-01 
  371.000  6.298838e-01 
  372.000  6.327801e-01 
  373.000  6.363431e-01 
  374.000  6.397275e-01 
  375.000  6.424659e-01 
  376.000  6.452947e-01 
  377.000  6.485335e-01 
  378.000  6.510443e-01 
  379.000  6.537564e-01 
  380.000  6.563451e-01 
  381.000  6.591735e-01 
  382.000  6.629339e-01 
  383.000  6.667590e-01 
  384.000  6.693554e-01 
  385.000  6.726889e-01 
  386.000  6.753525e-01 
  387.000  6.784801e-01 
  388.000  6.809350e-01 
  389.000  6.834301e-01 
  390.000  6.865464e-01 
  391.000  6.891024e-01 
  392.000  6.912310e-01 
  393.000  6.948212e-01 
  394.000  6.972814e-01 
  395.000  6.996602e-01 
  396.000  7.026527e-01 
  397.000  7.053784e-01 
  398.000  7.072482e-01 
  399.000  7.098497e-01 
  400.000  7.120438e-01 
  401.000  7.149673e-01 
  402.000  7.175978e-01 
  403.000  7.202880e-01 
  404.000  7.220622e-01 
  405.000  7.245284e-01 
  406.000  7.268761e-01 
  407.000  7.299032e-01 
  408.000  7.313674e-01 
  409.000  7.335048e-01 
  410.000  7.357773e-01 
  411.000  7.383009e-01 
  412.000  7.409244e-01 
  413.000  7.423193e-01 
  414.000  7.450074e-01 
  415.000  7.471150e-01 
  416.000  7.498409e-01 
  417.000  7.514331e-01 
  418.000  7.532334e-01 
  419.000  7.558131e-01 
  420.000  7.575319e-01 
  421.000  7.595404e-01 
  422.000  7.611806e-01 
  423.000  7.634472e-01 
  424.000  7.651718e-01 
  425.000  7.677906e-01 
  426.000  7.697416e-01 
  427.000  7.715223e-01 
  428.000  7.731345e-01 
  429.000  7.755048e-01 
  430.000  7.774414e-01 
  431.000  7.781773e-01 
  432.000  7.809157e-01 
  433.000  7.827880e-01 
  434.000  7.839932e-01 
  435.000  7.852381e-01 
  436.000  7.874411e-01 
  437.000  7.903008e-01 
  438.000  7.917497e-01 
  439.000  7.920630e-01 
  440.000  7.942037e-01 
  441.000  7.960626e-01 
  442.000  7.982609e-01 
  443.000  7.993875e-01 
  444.000  8.008730e-01 
  445.000  8.014761e-01 
  446.000  8.034834e-01 
  447.000  8.055619e-01 
  448.000  8.056161e-01 
  449.000  8.083675e-01 
  450.000  8.105890e-01 
  451.000  8.119087e-01 
  452.000  8.129905e-01 
  453.000  8.146259e-01 
  454.000  8.168768e-01 
  455.000  8.176259e-01 
  456.000  8.189363e-01 
  457.000  8.204580e-01 
  458.000  8.214043e-01 
  459.000  8.227564e-01 
  460.000  8.235604e-01 
  461.000  8.249358e-01 
  462.000  8.268588e-01 
  463.000  8.269266e-01 
  464.000  8.288167e-01 
  465.000  8.301159e-01 
  466.000  8.324867e-01 
  467.000  8.331748e-01 
  468.000  8.345367e-01 
  469.000  8.356474e-01 
  470.000  8.368810e-01 
  471.000  8.381660e-01 
  472.000  8.386949e-01 
  473.000  8.390307e-01 
  474.000  8.383051e-01 
  475.000  8.384702e-01 
  476.000  8.390242e-01 
  477.000  8.395438e-01 
  478.000  8.401904e-01 
  479.000  8.414558e-01 
  480.000  8.430064e-01 
  481.000  8.456243e-01 
  482.000  8.477465e-01 
  483.000  8.496863e-01 
  484.000  8.506758e-01 
  485.000  8.514739e-01 
  486.000  8.521564e-01 
  487.000  8.537132e-01 
  488.000  8.544964e-01 
  489.000  8.551009e-01 
  490.000  8.568097e-01 
  491.000  8.578410e-01 
  492.000  8.587652e-01 
  493.000  8.596802e-01 
  494.000  8.602954e-01 
  495.000  8.610002e-01 
  496.000  8.615054e-01 
  497.000  8.623595e-01 
  498.000  8.629863e-01 
  499.000  8.637722e-01 
  500.000  8.643292e-01 
  501.000  8.643237e-01 
  502.000  8.639178e-01 
  503.000  8.633744e-01 
  504.000  8.627034e-01 
  505.000  8.640243e-01 
  506.000  8.650442e-01 
  507.000  8.656446e-01 
  508.000  8.673371e-01 
  509.000  8.683144e-01 
  510.000  8.695698e-01 
  511.000  8.705776e-01 
  512.000  8.712693e-01 
  513.000  8.726941e-01 
  514.000  8.733133e-01 
  515.000  8.744212e-01 
  516.000  8.748732e-01 
  517.000  8.756850e-01 
  518.000  8.758608e-01 
  519.000  8.763551e-01 
  520.000  8.766119e-01 
  521.000  8.772639e-01 
  522.000  8.774285e-01 
  523.000  8.776674e-01 
  524.000  8.778662e-01 
  525.000  8.775544e-01 
  526.000  8.775617e-01 
  527.000  8.775971e-01 
  528.000  8.774033e-01 
  529.000  8.773209e-01 
  530.000  8.772450e-01 
  531.000  8.775557e-01 
  532.000  8.778377e-01 
  533.000  8.783041e-01 
  534.000  8.789466e-01 
  535.000  8.793358e-01 
  536.000  8.800192e-01 
  537.000  8.807202e-01 
  538.000  8.810754e-01 
  539.000  8.813443e-01 
  540.000  8.819618e-01 
  541.000  8.813942e-01 
  542.000  8.818606e-01 
  543.000  8.826584e-01 
  544.000  8.831531e-01 
  545.000  8.828048e-01 
  546.000  8.828391e-01 
  547.000  8.839547e-01 
  548.000  8.849553e-01 
  549.000  8.851865e-01 
  550.000  8.856524e-01 
  551.000  8.862537e-01 
  552.000  8.865059e-01 
  553.000  8.868009e-01 
  554.000  8.871759e-01 
  555.000  8.874831e-01 
  556.000  8.873027e-01 
  557.000  8.869315e-01 
  558.000  8.866457e-01 
  559.000  8.862845e-01 
  560.000  8.859245e-01 
  561.000  8.856401e-01 
  562.000  8.854606e-01 
  563.000  8.850727e-01 
  564.000  8.846720e-01 
  565.000  8.843371e-01 
  566.000  8.842220e-01 
  567.000  8.837395e-01 
  568.000  8.830805e-01 
  569.000  8.802334e-01 
  570.000  8.789979e-01 
  571.000  8.796879e-01 
  572.000  8.779922e-01 
  573.000  8.784736e-01 
  574.000  8.773944e-01 
  575.000  8.777373e-01 
  576.000  8.777220e-01 
  577.000  8.781126e-01 
  578.000  8.799369e-01 
  579.000  8.812642e-01 
  580.000  8.824962e-01 
  581.000  8.844952e-01 
  582.000  8.863288e-01 
  583.000  8.879812e-01 
  584.000  8.902929e-01 
  585.000  8.910259e-01 
  586.000  8.922023e-01 
  587.000  8.924011e-01 
  588.000  8.922399e-01 
  589.000  8.838445e-01 
  590.000  8.842314e-01 
  591.000  8.875280e-01 
  592.000  8.809946e-01 
  593.000  8.918150e-01 
  594.000  8.867661e-01 
  595.000  8.902988e-01 
  596.000  8.918459e-01 
  597.000  8.917944e-01 
  598.000  8.920537e-01 
  599.000  8.938772e-01 
  600.000  8.941275e-01 
  601.000  8.955814e-01 
  602.000  8.966044e-01 
  603.000  8.970907e-01 
  604.000  8.976931e-01 
  605.000  8.981628e-01 
  606.000  8.992162e-01 
  607.000  9.000760e-01 
  608.000  9.011702e-01 
  609.000  9.016195e-01 
  610.000  9.025156e-01 
  611.000  9.032287e-01 
  612.000  9.042667e-01 
  613.000  9.051534e-01 
  614.000  9.057893e-01 
  615.000  9.065312e-01 
  616.000  9.075643e-01 
  617.000  9.083084e-01 
  618.000  9.088090e-01 
  619.000  9.095423e-01 
  620.000  9.101578e-01 
  621.000  9.105980e-01 
  622.000  9.107938e-01 
  623.000  9.111807e-01 
  624.000  9.113184e-01 
  625.000  9.115124e-01 
  626.000  9.115409e-01 
  627.000  9.114054e-01 
  628.000  8.946955e-01 
  629.000  9.018854e-01 
  630.000  9.068170e-01 
  631.000  9.120194e-01 
  632.000  9.136218e-01 
  633.000  9.151816e-01 
  634.000  9.171281e-01 
  635.000  9.177652e-01 
  636.000  9.195322e-01 
  637.000  9.216381e-01 
  638.000  9.232903e-01 
  639.000  9.245936e-01 
  640.000  9.254472e-01 
  641.000  9.267473e-01 
  642.000  9.278899e-01 
  643.000  9.281531e-01 
  644.000  9.291317e-01 
  645.000  9.296317e-01 
  646.000  9.277719e-01 
  647.000  9.247083e-01 
  648.000  9.215328e-01 
  649.000  9.250854e-01 
  650.000  9.319935e-01 
  651.000  9.329726e-01 
  652.000  9.315377e-01 
  653.000  9.339030e-01 
  654.000  9.345329e-01 
  655.000  9.276178e-01 
  656.000  9.329370e-01 
  657.000  9.345501e-01 
  658.000  9.374056e-01 
  659.000  9.392169e-01 
  660.000  9.392175e-01 
  661.000  9.404452e-01 
  662.000  9.406112e-01 
  663.000  9.410198e-01 
  664.000  9.416938e-01 
  665.000  9.422454e-01 
  666.000  9.428248e-01 
  667.000  9.436694e-01 
  668.000  9.440578e-01 
  669.000  9.447220e-01 
  670.000  9.451051e-01 
  671.000  9.459031e-01 
  672.000  9.460755e-01 
  673.000  9.467368e-01 
  674.000  9.469935e-01 
  675.000  9.476804e-01 
  676.000  9.478890e-01 
  677.000  9.482520e-01 
  678.000  9.488482e-01 
  679.000  9.491631e-01 
  680.000  9.497833e-01 
  681.000  9.500049e-01 
  682.000  9.508549e-01 
  683.000  9.508083e-01 
  684.000  9.515529e-01 
  685.000  9.521033e-01 
  686.000  9.524841e-01 
  687.000  6.945394e-01 
  688.000  8.562310e-01 
  689.000  8.830621e-01 
  690.000  9.062930e-01 
  691.000  9.181752e-01 
  692.000  9.416393e-01 
  693.000  9.345006e-01 
  694.000  9.233420e-01 
  695.000  9.393467e-01 
  696.000  9.349578e-01 
  697.000  9.547086e-01 
  698.000  9.542315e-01 
  699.000  9.460462e-01 
  700.000  9.471622e-01 
  701.000  9.408366e-01 
  702.000  9.440997e-01 
  703.000  9.469080e-01 
  704.000  9.489833e-01 
  705.000  9.497681e-01 
  706.000  9.530004e-01 
  707.000  9.556109e-01 
  708.000  9.574944e-01 
  709.000  9.577370e-01 
  710.000  9.570178e-01 
  711.000  9.593604e-01 
  712.000  9.581524e-01 
  713.000  9.601328e-01 
  714.000  9.586673e-01 
  715.000  9.547768e-01 
  716.000  9.555946e-01 
  717.000  9.381759e-01 
  718.000  8.888329e-01 
  719.000  8.414090e-01 
  720.000  8.970971e-01 
  721.000  9.486347e-01 
  722.000  9.474608e-01 
  723.000  9.449179e-01 
  724.000  8.796894e-01 
  725.000  9.019747e-01 
  726.000  9.303156e-01 
  727.000  9.179220e-01 
  728.000  8.957676e-01 
  729.000  9.087914e-01 
  730.000  9.341789e-01 
  731.000  9.202459e-01 
  732.000  9.283278e-01 
  733.000  9.491923e-01 
  734.000  9.600859e-01 
  735.000  9.526780e-01 
  736.000  9.579232e-01 
  737.000  9.580395e-01 
  738.000  9.612361e-01 
  739.000  9.622309e-01 
  740.000  9.662149e-01 
  741.000  9.683622e-01 
  742.000  9.687951e-01 
  743.000  9.687586e-01 
  744.000  9.694573e-01 
  745.000  9.698928e-01 
  746.000  9.703948e-01 
  747.000  9.705389e-01 
  748.000  9.707400e-01 
  749.000  9.708487e-01 
  750.000  9.710771e-01 
  751.000  9.711713e-01 
  752.000  9.717566e-01 
  753.000  9.719060e-01 
  754.000  9.720625e-01 
  755.000  9.722213e-01 
  756.000  9.723197e-01 
  757.000  9.726107e-01 
  758.000  9.729720e-01 
  759.000  9.653673e-01 
  760.000  4.120492e-01 
  761.000  3.200589e-01 
  762.000  6.889990e-01 
  763.000  5.944581e-01 
  764.000  6.452945e-01 
  765.000  7.624446e-01 
  766.000  8.820114e-01 
  767.000  9.203472e-01 
  768.000  9.589680e-01 
  769.000  9.693087e-01 
  770.000  9.689982e-01 
  771.000  9.734644e-01 
  772.000  9.749272e-01 
  773.000  9.750050e-01 
  774.000  9.750410e-01 
  775.000  9.751251e-01 
  776.000  9.752495e-01 
  777.000  9.754195e-01 
  778.000  9.755205e-01 
  779.000  9.756231e-01 
  780.000  9.757088e-01 
  781.000  9.759653e-01 
  782.000  9.761152e-01 
  783.000  9.762872e-01 
  784.000  9.761373e-01 
  785.000  9.759733e-01 
  786.000  9.746458e-01 
  787.000  9.746462e-01 
  788.000  9.717558e-01 
  789.000  9.718182e-01 
  790.000  9.667406e-01 
  791.000  9.673513e-01 
  792.000  9.696060e-01 
  793.000  9.710919e-01 
  794.000  9.775270e-01 
  795.000  9.753820e-01 
  796.000  9.613830e-01 
  797.000  9.716353e-01 
  798.000  9.726802e-01 
  799.000  9.748771e-01 
  800.000  9.689794e-01 
  801.000  9.661809e-01 
  802.000  9.701883e-01 
  803.000  9.694206e-01 
  804.000  9.691678e-01 
  805.000  9.718273e-01 
  806.000  9.770233e-01 
  807.000  9.739394e-01 
  808.000  9.772009e-01 
  809.000  9.722618e-01 
  810.000  9.697712e-01 
  811.000  9.707260e-01 
  812.000  9.653077e-01 
  813.000  9.546254e-01 
  814.000  9.359160e-01 
  815.000  9.124891e-01 
  816.000  9.304170e-01 
  817.000  8.469799e-01 
  818.000  9.055750e-01 
  819.000  9.304202e-01 
  820.000  8.979772e-01 
  821.000  9.691828e-01 
  822.000  9.603390e-01 
  823.000  8.223579e-01 
  824.000  9.483899e-01 
  825.000  9.645069e-01 
  826.000  9.474249e-01 
  827.000  9.637107e-01 
  828.000  9.192748e-01 
  829.000  9.538251e-01 
  830.000  9.458250e-01 
  831.000  9.498003e-01 
  832.000  9.493651e-01 
  833.000  9.624588e-01 
  834.000  9.622585e-01 
  835.000  9.695111e-01 
  836.000  9.703253e-01 
  837.000  9.700201e-01 
  838.000  9.748756e-01 
  839.000  9.772975e-01 
  840.000  9.779652e-01 
  841.000  9.779652e-01 
  842.000  9.737290e-01 
  843.000  9.817907e-01 
  844.000  9.770095e-01 
  845.000  9.809318e-01 
  846.000  9.819798e-01 
  847.000  9.827321e-01 
  848.000  9.817797e-01 
  849.000  9.822823e-01 
  850.000  9.820890e-01 
  851.000  9.817293e-01 
  852.000  9.835375e-01 
  853.000  9.839315e-01 
  854.000  9.836354e-01 
  855.000  9.836354e-01 
  856.000  9.840291e-01 
  857.000  9.849544e-01 
  858.000  9.841845e-01 
  859.000  9.847620e-01 
  860.000  9.852799e-01 
  861.000  9.851229e-01 
  862.000  9.854214e-01 
  863.000  9.853416e-01 
  864.000  9.856617e-01 
  865.000  9.856617e-01 
  866.000  9.856880e-01 
  867.000  9.857795e-01 
  868.000  9.857950e-01 
  869.000  9.858463e-01 
  870.000  9.859256e-01 
  871.000  9.860235e-01 
  872.000  9.861360e-01 
  873.000  9.861282e-01 
  874.000  9.861282e-01 
  875.000  9.863402e-01 
  876.000  9.863938e-01 
  877.000  9.863946e-01 
  878.000  9.863900e-01 
  879.000  9.863950e-01 
  880.000  9.866254e-01 
  881.000  9.866254e-01 
  882.000  9.862050e-01 
  883.000  9.863732e-01 
  884.000  9.864747e-01 
  885.000  9.866220e-01 
  886.000  9.838362e-01 
  887.000  9.864899e-01 
  888.000  9.864899e-01 
  889.000  9.858492e-01 
  890.000  9.843405e-01 
  891.000  9.865739e-01 
  892.000  9.840581e-01 
  893.000  9.773310e-01 
  894.000  9.773310e-01 
  895.000  9.614321e-01 
  896.000  9.467635e-01 
  897.000  8.784434e-01 
  898.000  9.434582e-01 
  899.000  8.166064e-01 
  900.000  8.166064e-01 
  901.000  8.452913e-01 
  902.000  8.721434e-01 
  903.000  9.014494e-01 
  904.000  9.670565e-01 
  905.000  9.582491e-01 
  906.000  9.582491e-01 
  907.000  8.877048e-01 
  908.000  8.673727e-01 
  909.000  8.784330e-01 
  910.000  8.633438e-01 
  911.000  8.633438e-01 
  912.000  9.348258e-01 
  913.000  8.993956e-01 
  914.000  8.751390e-01 
  915.000  8.382754e-01 
  916.000  8.382754e-01 
  917.000  9.320620e-01 
  918.000  8.556864e-01 
  919.000  9.148089e-01 
  920.000  9.654446e-01 
  921.000  9.654446e-01 
  922.000  9.523985e-01 
  923.000  9.513955e-01 
  924.000  9.384835e-01 
  925.000  9.384835e-01 
  926.000  9.449587e-01 
  927.000  9.501498e-01 
  928.000  8.745613e-01 
  929.000  8.590109e-01 
  930.000  8.590109e-01 
  931.000  7.415824e-01 
  932.000  5.751966e-01 
  933.000  6.064502e-01 
  934.000  6.064502e-01 
  935.000  5.555029e-01 
  936.000  5.255046e-01 
  937.000  5.202351e-01 
  938.000  5.202351e-01 
  939.000  6.501517e-01 
  940.000  7.727259e-01 
  941.000  7.264603e-01 
  942.000  7.264603e-01 
  943.000  6.293240e-01 
  944.000  6.373826e-01 
  945.000  7.227401e-01 
  946.000  7.227401e-01 
  947.000  6.434820e-01 
  948.000  6.643015e-01 
  949.000  7.225207e-01 
  950.000  7.225207e-01 
  951.000  7.330021e-01 
  952.000  6.410974e-01 
  953.000  7.686056e-01 
  954.000  7.686056e-01 
  955.000  7.634634e-01 
  956.000  6.633211e-01 
  957.000  8.073142e-01 
  958.000  8.073142e-01 
  959.000  7.226378e-01 
  960.000  7.935588e-01 
  961.000  7.935588e-01 
  962.000  8.151637e-01 
  963.000  8.682546e-01 
  964.000  7.851850e-01 
  965.000  7.851850e-01 
  966.000  8.420842e-01 
  967.000  9.094821e-01 
  968.000  9.094821e-01 
  969.000  9.242542e-01 
  970.000  9.519488e-01 
  971.000  9.611167e-01 
  972.000  9.611167e-01 
  973.000  9.499251e-01 
  974.000  8.934284e-01 
  975.000  8.934284e-01 
  976.000  8.780623e-01 
  977.000  9.356730e-01 
  978.000  9.275699e-01 
  979.000  9.275699e-01 
  980.000  9.283289e-01 
  981.000  9.733181e-01 
  982.000  9.733181e-01 
  983.000  9.597117e-01 
  984.000  9.717883e-01 
  985.000  9.717883e-01 
  986.000  9.862403e-01 
  987.000  9.807974e-01 
  988.000  9.807974e-01 
  989.000  9.891416e-01 
  990.000  9.857711e-01 
  991.000  9.857711e-01 
  992.000  9.880957e-01 
  993.000  9.876541e-01 
  994.000  9.876541e-01 
  995.000  9.911394e-01 
  996.000  9.912243e-01 
  997.000  9.912243e-01 
  998.000  9.912679e-01 
  999.000  9.910207e-01 
 1000.000  9.910207e-01 
 1001.000  9.912097e-01 
 1002.000  9.865116e-01 
 1003.000  9.865116e-01 
 1004.000  9.912652e-01 
 1005.000  9.914953e-01 
 1006.000  9.914953e-01 
 1007.000  9.916691e-01 
 1008.000  9.908042e-01 
 1009.000  9.908042e-01 
 1010.000  9.873155e-01 
 1011.000  9.917262e-01 
 1012.000  9.917262e-01 
 1013.000  9.919293e-01 
 1014.000  9.918316e-01 
 1015.000  9.918316e-01 
 1016.000  9.920834e-01 
 1017.000  9.918659e-01 
 1018.000  9.918659e-01 
 1019.000  9.915839e-01 
 1020.000  9.922476e-01 
 1021.000  9.922476e-01 
 1022.000  9.917037e-01 
 1023.000  9.917037e-01 
 1024.000  9.915743e-01 
 1025.000  9.923420e-01 
 1026.000  9.923420e-01 
 1027.000  9.920179e-01 
 1028.000  9.924266e-01 
 1029.000  9.924266e-01 
 1030.000  9.926068e-01 
 1031.000  9.925500e-01 
 1032.000  9.925500e-01 
 1033.000  9.926036e-01 
 1034.000  9.926036e-01 
 1035.000  9.926700e-01 
 1036.000  9.923623e-01 
 1037.000  9.923623e-01 
 1038.000  9.923389e-01 
 1039.000  9.920228e-01 
 1040.000  9.920228e-01 
 1041.000  9.917830e-01 
 1042.000  9.917830e-01 
 1043.000  9.914886e-01 
 1044.000  9.910267e-01 
 1045.000  9.910267e-01 
 1046.000  9.903836e-01 
 1047.000  9.903836e-01 
 1048.000  9.897366e-01 
 1049.000  9.884124e-01 
 1050.000  9.884124e-01 
 1051.000  9.878477e-01 
 1052.000  9.878477e-01 
 1053.000  9.869546e-01 
 1054.000  9.861920e-01 
 1055.000  9.861920e-01 
 1056.000  9.852986e-01 
 1057.000  9.852986e-01 
 1058.000  9.845086e-01 
 1059.000  9.837260e-01 
 1060.000  9.837260e-01 
 1061.000  9.832324e-01 
 1062.000  9.832324e-01 
 1063.000  9.823229e-01 
 1064.000  9.817274e-01 
 1065.000  9.817274e-01 
 1066.000  9.826830e-01 
 1067.000  9.826830e-01 
 1068.000  9.820411e-01 
 1069.000  9.827507e-01 
 1070.000  9.827507e-01 
 1071.000  9.840047e-01 
 1072.000  9.840047e-01 
 1073.000  9.848666e-01 
 1074.000  9.848666e-01 
 1075.000  9.826367e-01 
 1076.000  9.826285e-01 
 1077.000  9.826285e-01 
 1078.000  9.860948e-01 
 1079.000  9.860948e-01 
 1080.000  9.835519e-01 
 1081.000  9.835519e-01 
 1082.000  9.857127e-01 
 1083.000  9.834839e-01 
 1084.000  9.834839e-01 
 1085.000  9.789778e-01 
 1086.000  9.789778e-01 
 1087.000  9.861981e-01 
 1088.000  9.861981e-01 
 1089.000  9.829834e-01 
 1090.000  9.812895e-01 
 1091.000  9.812895e-01 
 1092.000  9.760164e-01 
 1093.000  9.760164e-01 
 1094.000  9.759616e-01 
 1095.000  9.759616e-01 
 1096.000  9.727602e-01 
 1097.000  9.727602e-01 
 1098.000  9.654427e-01 
 1099.000  9.389731e-01 
 1100.000  9.389731e-01 
 1101.000  9.396838e-01 
 1102.000  9.396838e-01 
 1103.000  9.293024e-01 
 1104.000  9.293024e-01 
 1105.000  9.210935e-01 
 1106.000  9.210935e-01 
 1107.000  9.197581e-01 
 1108.000  9.197581e-01 
 1109.000  8.992978e-01 
 1110.000  8.636630e-01 
 1111.000  8.636630e-01 
 1112.000  8.444628e-01 
 1113.000  8.444628e-01 
 1114.000  7.592524e-01 
 1115.000  7.592524e-01 
 1116.000  5.635665e-01 
 1117.000  5.635665e-01 
 1118.000  6.647916e-01 
 1119.000  6.647916e-01 
 1120.000  6.029589e-01 
 1121.000  6.029589e-01 
 1122.000  4.190186e-01 
 1123.000  6.267601e-01 
 1124.000  6.267601e-01 
 1125.000  4.661611e-01 
 1126.000  4.661611e-01 
 1127.000  5.318895e-01 
 1128.000  5.318895e-01 
 1129.000  5.346295e-01 
 1130.000  5.346295e-01 
 1131.000  7.746137e-01 
 1132.000  7.746137e-01 
 1133.000  5.358441e-01 
 1134.000  5.358441e-01 
 1135.000  3.319500e-01 
 1136.000  3.319500e-01 
 1137.000  7.825066e-01 
 1138.000  7.825066e-01 
 1139.000  7.242422e-01 
 1140.000  7.242422e-01 
 1141.000  7.102527e-01 
 1142.000  7.102527e-01 
 1143.000  7.546532e-01 
 1144.000  7.546532e-01 
 1145.000  5.708449e-01 
 1146.000  5.708449e-01 
 1147.000  5.559866e-01 
 1148.000  5.559866e-01 
 1149.000  6.556932e-01 
 1150.000  6.556932e-01 
 1151.000  7.416686e-01 
 1152.000  7.416686e-01 
 1153.000  6.929132e-01 
 1154.000  6.929132e-01 
 1155.000  7.380978e-01 
 1156.000  7.380978e-01 
 1157.000  8.031787e-01 
 1158.000  8.031787e-01 
 1159.000  8.852597e-01 
 1160.000  8.852597e-01 
 1161.000  8.712749e-01 
 1162.000  8.712749e-01 
 1163.000  9.137142e-01 
 1164.000  9.137142e-01 
 1165.000  8.988752e-01 
 1166.000  8.988752e-01 
 1167.000  9.314899e-01 
 1168.000  9.314899e-01 
 1169.000  9.416530e-01 
 1170.000  9.416530e-01 
 1171.000  9.472771e-01 
 1172.000  9.472771e-01 
 1173.000  8.978844e-01 
 1174.000  8.978844e-01 
 1175.000  9.745224e-01 
 1176.000  9.745224e-01 
 1177.000  9.275569e-01 
 1178.000  9.275569e-01 
 1179.000  9.615749e-01 
 1180.000  9.615749e-01 
 1181.000  8.901176e-01 
 1182.000  8.901176e-01 
 1183.000  9.440626e-01 
 1184.000  9.440626e-01 
 1185.000  9.611223e-01 
 1186.000  9.611223e-01 
 1187.000  8.985573e-01 
 1188.000  8.985573e-01 
 1189.000  8.985573e-01 
 1190.000  9.434302e-01 
 1191.000  9.434302e-01 
 1192.000  9.765856e-01 
 1193.000  9.765856e-01 
 1194.000  9.529383e-01 
 1195.000  9.529383e-01 
 1196.000  9.643648e-01 
 1197.000  9.643648e-01 
 1198.000  9.422056e-01 
 1199.000  9.422056e-01 
 1200.000  9.383733e-01 
