  250.000  0.000000e+00 
  251.000  0.000000e+00 
  252.000  0.000000e+00 
  253.000  0.000000e+00 
  254.000  0.000000e+00 
  255.000  0.000000e+00 
  256.000  0.000000e+00 
  257.000  0.000000e+00 
  258.000  0.000000e+00 
  259.000  0.000000e+00 
  260.000  0.000000e+00 
  261.000  0.000000e+00 
  262.000  0.000000e+00 
  263.000  0.000000e+00 
  264.000  0.000000e+00 
  265.000  0.000000e+00 
  266.000  0.000000e+00 
  267.000  0.000000e+00 
  268.000  0.000000e+00 
  269.000  0.000000e+00 
  270.000  0.000000e+00 
  271.000  0.000000e+00 
  272.000  0.000000e+00 
  273.000  0.000000e+00 
  274.000  0.000000e+00 
  275.000  0.000000e+00 
  276.000  0.000000e+00 
  277.000  0.000000e+00 
  278.000  0.000000e+00 
  279.000  0.000000e+00 
  280.000  0.000000e+00 
  281.000  0.000000e+00 
  282.000  0.000000e+00 
  283.000  0.000000e+00 
  284.000  0.000000e+00 
  285.000  0.000000e+00 
  286.000  0.000000e+00 
  287.000  0.000000e+00 
  288.000  0.000000e+00 
  289.000  0.000000e+00 
  290.000  8.958989e-08 
  291.000  4.058073e-07 
  292.000  3.019353e-06 
  293.000  9.925751e-06 
  294.000  3.824394e-05 
  295.000  9.130234e-05 
  296.000  3.095146e-04 
  297.000  6.443230e-04 
  298.000  1.547147e-03 
  299.000  2.813900e-03 
  300.000  5.226439e-03 
  301.000  8.684690e-03 
  302.000  1.326180e-02 
  303.000  2.201796e-02 
  304.000  2.660911e-02 
  305.000  4.018762e-02 
  306.000  5.062614e-02 
  307.000  6.721189e-02 
  308.000  8.059117e-02 
  309.000  9.547478e-02 
  310.000  1.191863e-01 
  311.000  1.304069e-01 
  312.000  1.483732e-01 
  313.000  1.700355e-01 
  314.000  1.796484e-01 
  315.000  2.056147e-01 
  316.000  2.129672e-01 
  317.000  2.330051e-01 
  318.000  2.451043e-01 
  319.000  2.759343e-01 
  320.000  2.574663e-01 
  321.000  3.025925e-01 
  322.000  2.857909e-01 
  323.000  3.072135e-01 
  324.000  3.370281e-01 
  325.000  3.175807e-01 
  326.000  3.473665e-01 
  327.000  3.573207e-01 
  328.000  3.435280e-01 
  329.000  3.769530e-01 
  330.000  3.834733e-01 
  331.000  3.707828e-01 
  332.000  3.940630e-01 
  333.000  3.997879e-01 
  334.000  3.975860e-01 
  335.000  4.126302e-01 
  336.000  4.192659e-01 
  337.000  4.165655e-01 
  338.000  4.266826e-01 
  339.000  4.341725e-01 
  340.000  4.339814e-01 
  341.000  4.422620e-01 
  342.000  4.483205e-01 
  343.000  4.525001e-01 
  344.000  4.521646e-01 
  345.000  4.610743e-01 
  346.000  4.658557e-01 
  347.000  4.701482e-01 
  348.000  4.744954e-01 
  349.000  4.796801e-01 
  350.000  4.838631e-01 
  351.000  4.886508e-01 
  352.000  4.926411e-01 
  353.000  4.974051e-01 
  354.000  5.008144e-01 
  355.000  5.045398e-01 
  356.000  5.092559e-01 
  357.000  5.123257e-01 
  358.000  5.157642e-01 
  359.000  5.191521e-01 
  360.000  5.224512e-01 
  361.000  5.258859e-01 
  362.000  5.311515e-01 
  363.000  5.356146e-01 
  364.000  5.400538e-01 
  365.000  5.437620e-01 
  366.000  5.478905e-01 
  367.000  5.517685e-01 
  368.000  5.554618e-01 
  369.000  5.585690e-01 
  370.000  5.622588e-01 
  371.000  5.661558e-01 
  372.000  5.693615e-01 
  373.000  5.733097e-01 
  374.000  5.770649e-01 
  375.000  5.801066e-01 
  376.000  5.832518e-01 
  377.000  5.868568e-01 
  378.000  5.896544e-01 
  379.000  5.926792e-01 
  380.000  5.955688e-01 
  381.000  5.987291e-01 
  382.000  6.029358e-01 
  383.000  6.072203e-01 
  384.000  6.101319e-01 
  385.000  6.138738e-01 
  386.000  6.168667e-01 
  387.000  6.203848e-01 
  388.000  6.231484e-01 
  389.000  6.259600e-01 
  390.000  6.294748e-01 
  391.000  6.323604e-01 
  392.000  6.347654e-01 
  393.000  6.388256e-01 
  394.000  6.416106e-01 
  395.000  6.443056e-01 
  396.000  6.476989e-01 
  397.000  6.507947e-01 
  398.000  6.529170e-01 
  399.000  6.558751e-01 
  400.000  6.583701e-01 
  401.000  6.616982e-01 
  402.000  6.646957e-01 
  403.000  6.677640e-01 
  404.000  6.697889e-01 
  405.000  6.726058e-01 
  406.000  6.752926e-01 
  407.000  6.787601e-01 
  408.000  6.804399e-01 
  409.000  6.828924e-01 
  410.000  6.855010e-01 
  411.000  6.883966e-01 
  412.000  6.914088e-01 
  413.000  6.930115e-01 
  414.000  6.961017e-01 
  415.000  6.985281e-01 
  416.000  7.016664e-01 
  417.000  7.035018e-01 
  418.000  7.055774e-01 
  419.000  7.085550e-01 
  420.000  7.105390e-01 
  421.000  7.128624e-01 
  422.000  7.147607e-01 
  423.000  7.173849e-01 
  424.000  7.193837e-01 
  425.000  7.224190e-01 
  426.000  7.246805e-01 
  427.000  7.267435e-01 
  428.000  7.286135e-01 
  429.000  7.313643e-01 
  430.000  7.336133e-01 
  431.000  7.344702e-01 
  432.000  7.376556e-01 
  433.000  7.398360e-01 
  434.000  7.412406e-01 
  435.000  7.426932e-01 
  436.000  7.452635e-01 
  437.000  7.486032e-01 
  438.000  7.502971e-01 
  439.000  7.506688e-01 
  440.000  7.531728e-01 
  441.000  7.553456e-01 
  442.000  7.579455e-01 
  443.000  7.593113e-01 
  444.000  7.609838e-01 
  445.000  7.618072e-01 
  446.000  7.641855e-01 
  447.000  7.664782e-01 
  448.000  7.665453e-01 
  449.000  7.697706e-01 
  450.000  7.723782e-01 
  451.000  7.739320e-01 
  452.000  7.752063e-01 
  453.000  7.771386e-01 
  454.000  7.797855e-01 
  455.000  7.806709e-01 
  456.000  7.822331e-01 
  457.000  7.840441e-01 
  458.000  7.851892e-01 
  459.000  7.867965e-01 
  460.000  7.877659e-01 
  461.000  7.893871e-01 
  462.000  7.916543e-01 
  463.000  7.917361e-01 
  464.000  7.939657e-01 
  465.000  7.954990e-01 
  466.000  7.983163e-01 
  467.000  7.991245e-01 
  468.000  8.007369e-01 
  469.000  8.021393e-01 
  470.000  8.036354e-01 
  471.000  8.050551e-01 
  472.000  8.056974e-01 
  473.000  8.061040e-01 
  474.000  8.052554e-01 
  475.000  8.055129e-01 
  476.000  8.061650e-01 
  477.000  8.068110e-01 
  478.000  8.076005e-01 
  479.000  8.091307e-01 
  480.000  8.110059e-01 
  481.000  8.141334e-01 
  482.000  8.166721e-01 
  483.000  8.189973e-01 
  484.000  8.201931e-01 
  485.000  8.212135e-01 
  486.000  8.220277e-01 
  487.000  8.238144e-01 
  488.000  8.247423e-01 
  489.000  8.254626e-01 
  490.000  8.274876e-01 
  491.000  8.287251e-01 
  492.000  8.298361e-01 
  493.000  8.309397e-01 
  494.000  8.316852e-01 
  495.000  8.325350e-01 
  496.000  8.331856e-01 
  497.000  8.342566e-01 
  498.000  8.350509e-01 
  499.000  8.360509e-01 
  500.000  8.367791e-01 
  501.000  8.368654e-01 
  502.000  8.367677e-01 
  503.000  8.365582e-01 
  504.000  8.364895e-01 
  505.000  8.371279e-01 
  506.000  8.387505e-01 
  507.000  8.396702e-01 
  508.000  8.412803e-01 
  509.000  8.421527e-01 
  510.000  8.433931e-01 
  511.000  8.446445e-01 
  512.000  8.454461e-01 
  513.000  8.470697e-01 
  514.000  8.478203e-01 
  515.000  8.491300e-01 
  516.000  8.497006e-01 
  517.000  8.507097e-01 
  518.000  8.509395e-01 
  519.000  8.515693e-01 
  520.000  8.518982e-01 
  521.000  8.527463e-01 
  522.000  8.529766e-01 
  523.000  8.533075e-01 
  524.000  8.536410e-01 
  525.000  8.533708e-01 
  526.000  8.533789e-01 
  527.000  8.535696e-01 
  528.000  8.533714e-01 
  529.000  8.534099e-01 
  530.000  8.533355e-01 
  531.000  8.537347e-01 
  532.000  8.541092e-01 
  533.000  8.546856e-01 
  534.000  8.555046e-01 
  535.000  8.559845e-01 
  536.000  8.568351e-01 
  537.000  8.577098e-01 
  538.000  8.581477e-01 
  539.000  8.585765e-01 
  540.000  8.593775e-01 
  541.000  8.593360e-01 
  542.000  8.596647e-01 
  543.000  8.603562e-01 
  544.000  8.609639e-01 
  545.000  8.608978e-01 
  546.000  8.612695e-01 
  547.000  8.622880e-01 
  548.000  8.632254e-01 
  549.000  8.634828e-01 
  550.000  8.641934e-01 
  551.000  8.647089e-01 
  552.000  8.650632e-01 
  553.000  8.654238e-01 
  554.000  8.659072e-01 
  555.000  8.663177e-01 
  556.000  8.661786e-01 
  557.000  8.658227e-01 
  558.000  8.655589e-01 
  559.000  8.652430e-01 
  560.000  8.649058e-01 
  561.000  8.646434e-01 
  562.000  8.644857e-01 
  563.000  8.640944e-01 
  564.000  8.636857e-01 
  565.000  8.633494e-01 
  566.000  8.632779e-01 
  567.000  8.628485e-01 
  568.000  8.621449e-01 
  569.000  8.599554e-01 
  570.000  8.585325e-01 
  571.000  8.585186e-01 
  572.000  8.572705e-01 
  573.000  8.571155e-01 
  574.000  8.562040e-01 
  575.000  8.560926e-01 
  576.000  8.562944e-01 
  577.000  8.568066e-01 
  578.000  8.584898e-01 
  579.000  8.600233e-01 
  580.000  8.613948e-01 
  581.000  8.637550e-01 
  582.000  8.660192e-01 
  583.000  8.679550e-01 
  584.000  8.708038e-01 
  585.000  8.718266e-01 
  586.000  8.732400e-01 
  587.000  8.736324e-01 
  588.000  8.742265e-01 
  589.000  8.697311e-01 
  590.000  8.703697e-01 
  591.000  8.724312e-01 
  592.000  8.686698e-01 
  593.000  8.750892e-01 
  594.000  8.724082e-01 
  595.000  8.746024e-01 
  596.000  8.754717e-01 
  597.000  8.754551e-01 
  598.000  8.755887e-01 
  599.000  8.766196e-01 
  600.000  8.767064e-01 
  601.000  8.777716e-01 
  602.000  8.788353e-01 
  603.000  8.794048e-01 
  604.000  8.799558e-01 
  605.000  8.805265e-01 
  606.000  8.817199e-01 
  607.000  8.826694e-01 
  608.000  8.839222e-01 
  609.000  8.844368e-01 
  610.000  8.854655e-01 
  611.000  8.862791e-01 
  612.000  8.874565e-01 
  613.000  8.884745e-01 
  614.000  8.892010e-01 
  615.000  8.900493e-01 
  616.000  8.912161e-01 
  617.000  8.920537e-01 
  618.000  8.926181e-01 
  619.000  8.934398e-01 
  620.000  8.941097e-01 
  621.000  8.945820e-01 
  622.000  8.947922e-01 
  623.000  8.951783e-01 
  624.000  8.953193e-01 
  625.000  8.954991e-01 
  626.000  8.955187e-01 
  627.000  8.955181e-01 
  628.000  8.770801e-01 
  629.000  8.848347e-01 
  630.000  8.897010e-01 
  631.000  8.959188e-01 
  632.000  8.983707e-01 
  633.000  8.999816e-01 
  634.000  9.022541e-01 
  635.000  9.028827e-01 
  636.000  9.051170e-01 
  637.000  9.076478e-01 
  638.000  9.092456e-01 
  639.000  9.108865e-01 
  640.000  9.118330e-01 
  641.000  9.135422e-01 
  642.000  9.146270e-01 
  643.000  9.151655e-01 
  644.000  9.161468e-01 
  645.000  9.169386e-01 
  646.000  9.161961e-01 
  647.000  9.148241e-01 
  648.000  9.132133e-01 
  649.000  9.158828e-01 
  650.000  9.203958e-01 
  651.000  9.211378e-01 
  652.000  9.207169e-01 
  653.000  9.223390e-01 
  654.000  9.233481e-01 
  655.000  9.194649e-01 
  656.000  9.229358e-01 
  657.000  9.241785e-01 
  658.000  9.262854e-01 
  659.000  9.277703e-01 
  660.000  9.279485e-01 
  661.000  9.291317e-01 
  662.000  9.293503e-01 
  663.000  9.300681e-01 
  664.000  9.306476e-01 
  665.000  9.312640e-01 
  666.000  9.318905e-01 
  667.000  9.328195e-01 
  668.000  9.332663e-01 
  669.000  9.340410e-01 
  670.000  9.344522e-01 
  671.000  9.353803e-01 
  672.000  9.355820e-01 
  673.000  9.363495e-01 
  674.000  9.366513e-01 
  675.000  9.374501e-01 
  676.000  9.377010e-01 
  677.000  9.381155e-01 
  678.000  9.388122e-01 
  679.000  9.391813e-01 
  680.000  9.399209e-01 
  681.000  9.402351e-01 
  682.000  9.411775e-01 
  683.000  9.413530e-01 
  684.000  9.422138e-01 
  685.000  9.426479e-01 
  686.000  9.431872e-01 
  687.000  6.632509e-01 
  688.000  8.289511e-01 
  689.000  8.606748e-01 
  690.000  8.876610e-01 
  691.000  9.027379e-01 
  692.000  9.317614e-01 
  693.000  9.297127e-01 
  694.000  9.278826e-01 
  695.000  9.375961e-01 
  696.000  9.350971e-01 
  697.000  9.471459e-01 
  698.000  9.470274e-01 
  699.000  9.422819e-01 
  700.000  9.433320e-01 
  701.000  9.397922e-01 
  702.000  9.418722e-01 
  703.000  9.437729e-01 
  704.000  9.451292e-01 
  705.000  9.458256e-01 
  706.000  9.479257e-01 
  707.000  9.495980e-01 
  708.000  9.508969e-01 
  709.000  9.512221e-01 
  710.000  9.509159e-01 
  711.000  9.525780e-01 
  712.000  9.519982e-01 
  713.000  9.533565e-01 
  714.000  9.525472e-01 
  715.000  9.505831e-01 
  716.000  9.512362e-01 
  717.000  9.411238e-01 
  718.000  9.106390e-01 
  719.000  8.748617e-01 
  720.000  9.167760e-01 
  721.000  9.480789e-01 
  722.000  9.474952e-01 
  723.000  9.461373e-01 
  724.000  9.039227e-01 
  725.000  9.205554e-01 
  726.000  9.379634e-01 
  727.000  9.304977e-01 
  728.000  9.170656e-01 
  729.000  9.254999e-01 
  730.000  9.407611e-01 
  731.000  9.325243e-01 
  732.000  9.374819e-01 
  733.000  9.500618e-01 
  734.000  9.566335e-01 
  735.000  9.523926e-01 
  736.000  9.555492e-01 
  737.000  9.558023e-01 
  738.000  9.577876e-01 
  739.000  9.584818e-01 
  740.000  9.608702e-01 
  741.000  9.622099e-01 
  742.000  9.627397e-01 
  743.000  9.628116e-01 
  744.000  9.633137e-01 
  745.000  9.636583e-01 
  746.000  9.641219e-01 
  747.000  9.643653e-01 
  748.000  9.645529e-01 
  749.000  9.647021e-01 
  750.000  9.649591e-01 
  751.000  9.651085e-01 
  752.000  9.657198e-01 
  753.000  9.658875e-01 
  754.000  9.660966e-01 
  755.000  9.663146e-01 
  756.000  9.664558e-01 
  757.000  9.667087e-01 
  758.000  9.671405e-01 
  759.000  9.579185e-01 
  760.000  3.638362e-01 
  761.000  2.644784e-01 
  762.000  6.488706e-01 
  763.000  5.475705e-01 
  764.000  6.095445e-01 
  765.000  7.363238e-01 
  766.000  8.605331e-01 
  767.000  9.040589e-01 
  768.000  9.502511e-01 
  769.000  9.626244e-01 
  770.000  9.622817e-01 
  771.000  9.677058e-01 
  772.000  9.695010e-01 
  773.000  9.695978e-01 
  774.000  9.696679e-01 
  775.000  9.697540e-01 
  776.000  9.699010e-01 
  777.000  9.701102e-01 
  778.000  9.702349e-01 
  779.000  9.703619e-01 
  780.000  9.704680e-01 
  781.000  9.707733e-01 
  782.000  9.709954e-01 
  783.000  9.711691e-01 
  784.000  9.711636e-01 
  785.000  9.711531e-01 
  786.000  9.704595e-01 
  787.000  9.706089e-01 
  788.000  9.689401e-01 
  789.000  9.691284e-01 
  790.000  9.662130e-01 
  791.000  9.666905e-01 
  792.000  9.681236e-01 
  793.000  9.690478e-01 
  794.000  9.730521e-01 
  795.000  9.718893e-01 
  796.000  9.637360e-01 
  797.000  9.698451e-01 
  798.000  9.705348e-01 
  799.000  9.718634e-01 
  800.000  9.684675e-01 
  801.000  9.668917e-01 
  802.000  9.692983e-01 
  803.000  9.688926e-01 
  804.000  9.688050e-01 
  805.000  9.704046e-01 
  806.000  9.734761e-01 
  807.000  9.717445e-01 
  808.000  9.737020e-01 
  809.000  9.708232e-01 
  810.000  9.694238e-01 
  811.000  9.700246e-01 
  812.000  9.669564e-01 
  813.000  9.606645e-01 
  814.000  9.494690e-01 
  815.000  9.344866e-01 
  816.000  9.460160e-01 
  817.000  8.900411e-01 
  818.000  9.291022e-01 
  819.000  9.464090e-01 
  820.000  9.236932e-01 
  821.000  9.698491e-01 
  822.000  9.646450e-01 
  823.000  8.736176e-01 
  824.000  9.577836e-01 
  825.000  9.672702e-01 
  826.000  9.572169e-01 
  827.000  9.669905e-01 
  828.000  9.399385e-01 
  829.000  9.611504e-01 
  830.000  9.563448e-01 
  831.000  9.588594e-01 
  832.000  9.587271e-01 
  833.000  9.666541e-01 
  834.000  9.664702e-01 
  835.000  9.708956e-01 
  836.000  9.713781e-01 
  837.000  9.712914e-01 
  838.000  9.742045e-01 
  839.000  9.756489e-01 
  840.000  9.761153e-01 
  841.000  9.761153e-01 
  842.000  9.736570e-01 
  843.000  9.784462e-01 
  844.000  9.756845e-01 
  845.000  9.780346e-01 
  846.000  9.787078e-01 
  847.000  9.791613e-01 
  848.000  9.786916e-01 
  849.000  9.790320e-01 
  850.000  9.791213e-01 
  851.000  9.795021e-01 
  852.000  9.805973e-01 
  853.000  9.808734e-01 
  854.000  9.807753e-01 
  855.000  9.807753e-01 
  856.000  9.810327e-01 
  857.000  9.816581e-01 
  858.000  9.812409e-01 
  859.000  9.816446e-01 
  860.000  9.819526e-01 
  861.000  9.819153e-01 
  862.000  9.821475e-01 
  863.000  9.819922e-01 
  864.000  9.824012e-01 
  865.000  9.824012e-01 
  866.000  9.824155e-01 
  867.000  9.825277e-01 
  868.000  9.825468e-01 
  869.000  9.826100e-01 
  870.000  9.827569e-01 
  871.000  9.828289e-01 
  872.000  9.829782e-01 
  873.000  9.830208e-01 
  874.000  9.830208e-01 
  875.000  9.832209e-01 
  876.000  9.832848e-01 
  877.000  9.833380e-01 
  878.000  9.833835e-01 
  879.000  9.834059e-01 
  880.000  9.836133e-01 
  881.000  9.836133e-01 
  882.000  9.834256e-01 
  883.000  9.835422e-01 
  884.000  9.836580e-01 
  885.000  9.837961e-01 
  886.000  9.822112e-01 
  887.000  9.838204e-01 
  888.000  9.838204e-01 
  889.000  9.834520e-01 
  890.000  9.826367e-01 
  891.000  9.839820e-01 
  892.000  9.825706e-01 
  893.000  9.787061e-01 
  894.000  9.787061e-01 
  895.000  9.690579e-01 
  896.000  9.603205e-01 
  897.000  9.151548e-01 
  898.000  9.585847e-01 
  899.000  8.683581e-01 
  900.000  8.683581e-01 
  901.000  8.877144e-01 
  902.000  9.087424e-01 
  903.000  9.284917e-01 
  904.000  9.729822e-01 
  905.000  9.675148e-01 
  906.000  9.675148e-01 
  907.000  9.222177e-01 
  908.000  9.055063e-01 
  909.000  9.154746e-01 
  910.000  9.062190e-01 
  911.000  9.062190e-01 
  912.000  9.537975e-01 
  913.000  9.307293e-01 
  914.000  9.137768e-01 
  915.000  8.868181e-01 
  916.000  8.868181e-01 
  917.000  9.524652e-01 
  918.000  8.997415e-01 
  919.000  9.398656e-01 
  920.000  9.726231e-01 
  921.000  9.726231e-01 
  922.000  9.647469e-01 
  923.000  9.641938e-01 
  924.000  9.566540e-01 
  925.000  9.566540e-01 
  926.000  9.605376e-01 
  927.000  9.636468e-01 
  928.000  9.159827e-01 
  929.000  9.062623e-01 
  930.000  9.062623e-01 
  931.000  8.163179e-01 
  932.000  6.620561e-01 
  933.000  7.012193e-01 
  934.000  7.012193e-01 
  935.000  6.441329e-01 
  936.000  6.185158e-01 
  937.000  6.247362e-01 
  938.000  6.247362e-01 
  939.000  7.284079e-01 
  940.000  8.395918e-01 
  941.000  8.035721e-01 
  942.000  8.035721e-01 
  943.000  7.087404e-01 
  944.000  7.104708e-01 
  945.000  8.074393e-01 
  946.000  8.074393e-01 
  947.000  7.288498e-01 
  948.000  7.553033e-01 
  949.000  7.964979e-01 
  950.000  7.964979e-01 
  951.000  8.038156e-01 
  952.000  7.233302e-01 
  953.000  8.396731e-01 
  954.000  8.396731e-01 
  955.000  8.335201e-01 
  956.000  7.403999e-01 
  957.000  8.667158e-01 
  958.000  8.667158e-01 
  959.000  8.090920e-01 
  960.000  8.616328e-01 
  961.000  8.616328e-01 
  962.000  8.708524e-01 
  963.000  9.120831e-01 
  964.000  8.523561e-01 
  965.000  8.523561e-01 
  966.000  8.910835e-01 
  967.000  9.382654e-01 
  968.000  9.382654e-01 
  969.000  9.478734e-01 
  970.000  9.658393e-01 
  971.000  9.713576e-01 
  972.000  9.713576e-01 
  973.000  9.647106e-01 
  974.000  9.283291e-01 
  975.000  9.283291e-01 
  976.000  9.165611e-01 
  977.000  9.550987e-01 
  978.000  9.498674e-01 
  979.000  9.498674e-01 
  980.000  9.505513e-01 
  981.000  9.788066e-01 
  982.000  9.788066e-01 
  983.000  9.703819e-01 
  984.000  9.779472e-01 
  985.000  9.779472e-01 
  986.000  9.865090e-01 
  987.000  9.833325e-01 
  988.000  9.833325e-01 
  989.000  9.882721e-01 
  990.000  9.863479e-01 
  991.000  9.863479e-01 
  992.000  9.877157e-01 
  993.000  9.874862e-01 
  994.000  9.874862e-01 
  995.000  9.895736e-01 
  996.000  9.896355e-01 
  997.000  9.896355e-01 
  998.000  9.897001e-01 
  999.000  9.895922e-01 
 1000.000  9.895922e-01 
 1001.000  9.897405e-01 
 1002.000  9.870041e-01 
 1003.000  9.870041e-01 
 1004.000  9.898223e-01 
 1005.000  9.899756e-01 
 1006.000  9.899756e-01 
 1007.000  9.901047e-01 
 1008.000  9.896374e-01 
 1009.000  9.896374e-01 
 1010.000  9.876157e-01 
 1011.000  9.902269e-01 
 1012.000  9.902269e-01 
 1013.000  9.903827e-01 
 1014.000  9.903622e-01 
 1015.000  9.903622e-01 
 1016.000  9.905279e-01 
 1017.000  9.904435e-01 
 1018.000  9.904435e-01 
 1019.000  9.903085e-01 
 1020.000  9.907182e-01 
 1021.000  9.907182e-01 
 1022.000  9.904359e-01 
 1023.000  9.904359e-01 
 1024.000  9.903746e-01 
 1025.000  9.908466e-01 
 1026.000  9.908466e-01 
 1027.000  9.906735e-01 
 1028.000  9.909191e-01 
 1029.000  9.909191e-01 
 1030.000  9.910249e-01 
 1031.000  9.909858e-01 
 1032.000  9.909858e-01 
 1033.000  9.909890e-01 
 1034.000  9.909890e-01 
 1035.000  9.909880e-01 
 1036.000  9.906096e-01 
 1037.000  9.906096e-01 
 1038.000  9.905806e-01 
 1039.000  9.902045e-01 
 1040.000  9.902045e-01 
 1041.000  9.898985e-01 
 1042.000  9.898985e-01 
 1043.000  9.895359e-01 
 1044.000  9.889686e-01 
 1045.000  9.889686e-01 
 1046.000  9.881790e-01 
 1047.000  9.881790e-01 
 1048.000  9.873846e-01 
 1049.000  9.857591e-01 
 1050.000  9.857591e-01 
 1051.000  9.850664e-01 
 1052.000  9.850664e-01 
 1053.000  9.839706e-01 
 1054.000  9.830379e-01 
 1055.000  9.830379e-01 
 1056.000  9.819401e-01 
 1057.000  9.819401e-01 
 1058.000  9.809741e-01 
 1059.000  9.800124e-01 
 1060.000  9.800124e-01 
 1061.000  9.794086e-01 
 1062.000  9.794086e-01 
 1063.000  9.783449e-01 
 1064.000  9.777972e-01 
 1065.000  9.777972e-01 
 1066.000  9.787391e-01 
 1067.000  9.787391e-01 
 1068.000  9.780971e-01 
 1069.000  9.793367e-01 
 1070.000  9.793367e-01 
 1071.000  9.806148e-01 
 1072.000  9.806148e-01 
 1073.000  9.816639e-01 
 1074.000  9.816639e-01 
 1075.000  9.810220e-01 
 1076.000  9.816511e-01 
 1077.000  9.816511e-01 
 1078.000  9.844185e-01 
 1079.000  9.844185e-01 
 1080.000  9.834481e-01 
 1081.000  9.834481e-01 
 1082.000  9.854426e-01 
 1083.000  9.846562e-01 
 1084.000  9.846562e-01 
 1085.000  9.822578e-01 
 1086.000  9.822578e-01 
 1087.000  9.870208e-01 
 1088.000  9.870208e-01 
 1089.000  9.855893e-01 
 1090.000  9.847809e-01 
 1091.000  9.847809e-01 
 1092.000  9.819647e-01 
 1093.000  9.819647e-01 
 1094.000  9.819509e-01 
 1095.000  9.819509e-01 
 1096.000  9.802064e-01 
 1097.000  9.802064e-01 
 1098.000  9.760152e-01 
 1099.000  9.596401e-01 
 1100.000  9.596401e-01 
 1101.000  9.600537e-01 
 1102.000  9.600537e-01 
 1103.000  9.536678e-01 
 1104.000  9.536678e-01 
 1105.000  9.486727e-01 
 1106.000  9.486727e-01 
 1107.000  9.477065e-01 
 1108.000  9.477065e-01 
 1109.000  9.349007e-01 
 1110.000  9.084369e-01 
 1111.000  9.084369e-01 
 1112.000  8.976461e-01 
 1113.000  8.976461e-01 
 1114.000  8.161919e-01 
 1115.000  8.161919e-01 
 1116.000  6.627154e-01 
 1117.000  6.627154e-01 
 1118.000  7.392774e-01 
 1119.000  7.392774e-01 
 1120.000  6.940362e-01 
 1121.000  6.940362e-01 
 1122.000  5.310755e-01 
 1123.000  7.141812e-01 
 1124.000  7.141812e-01 
 1125.000  5.726060e-01 
 1126.000  5.726060e-01 
 1127.000  6.382271e-01 
 1128.000  6.382271e-01 
 1129.000  6.406035e-01 
 1130.000  6.406035e-01 
 1131.000  8.442864e-01 
 1132.000  8.442864e-01 
 1133.000  6.455342e-01 
 1134.000  6.455342e-01 
 1135.000  4.239661e-01 
 1136.000  4.239661e-01 
 1137.000  8.529596e-01 
 1138.000  8.529596e-01 
 1139.000  7.906547e-01 
 1140.000  7.906547e-01 
 1141.000  7.835593e-01 
 1142.000  7.835593e-01 
 1143.000  8.333047e-01 
 1144.000  8.333047e-01 
 1145.000  6.614838e-01 
 1146.000  6.614838e-01 
 1147.000  6.580462e-01 
 1148.000  6.580462e-01 
 1149.000  7.378414e-01 
 1150.000  7.378414e-01 
 1151.000  8.038811e-01 
 1152.000  8.038811e-01 
 1153.000  7.599507e-01 
 1154.000  7.599507e-01 
 1155.000  8.010508e-01 
 1156.000  8.010508e-01 
 1157.000  8.601786e-01 
 1158.000  8.601786e-01 
 1159.000  9.253263e-01 
 1160.000  9.253263e-01 
 1161.000  9.149100e-01 
 1162.000  9.149100e-01 
 1163.000  9.404875e-01 
 1164.000  9.404875e-01 
 1165.000  9.322829e-01 
 1166.000  9.322829e-01 
 1167.000  9.536056e-01 
 1168.000  9.536056e-01 
 1169.000  9.601412e-01 
 1170.000  9.601412e-01 
 1171.000  9.637964e-01 
 1172.000  9.637964e-01 
 1173.000  9.330407e-01 
 1174.000  9.330407e-01 
 1175.000  9.813837e-01 
 1176.000  9.813837e-01 
 1177.000  9.521892e-01 
 1178.000  9.521892e-01 
 1179.000  9.734883e-01 
 1180.000  9.734883e-01 
 1181.000  9.272991e-01 
 1182.000  9.272991e-01 
 1183.000  9.628706e-01 
 1184.000  9.628706e-01 
 1185.000  9.740188e-01 
 1186.000  9.740188e-01 
 1187.000  9.298590e-01 
 1188.000  9.298590e-01 
 1189.000  9.298590e-01 
 1190.000  9.622239e-01 
 1191.000  9.622239e-01 
 1192.000  9.832053e-01 
 1193.000  9.832053e-01 
 1194.000  9.684877e-01 
 1195.000  9.684877e-01 
 1196.000  9.763391e-01 
 1197.000  9.763391e-01 
 1198.000  9.623664e-01 
 1199.000  9.623664e-01 
 1200.000  9.593332e-01 
