  250.000  0.000000e+00 
  251.000  0.000000e+00 
  252.000  0.000000e+00 
  253.000  0.000000e+00 
  254.000  0.000000e+00 
  255.000  0.000000e+00 
  256.000  0.000000e+00 
  257.000  0.000000e+00 
  258.000  0.000000e+00 
  259.000  0.000000e+00 
  260.000  0.000000e+00 
  261.000  0.000000e+00 
  262.000  0.000000e+00 
  263.000  0.000000e+00 
  264.000  0.000000e+00 
  265.000  0.000000e+00 
  266.000  0.000000e+00 
  267.000  0.000000e+00 
  268.000  0.000000e+00 
  269.000  0.000000e+00 
  270.000  0.000000e+00 
  271.000  0.000000e+00 
  272.000  0.000000e+00 
  273.000  0.000000e+00 
  274.000  0.000000e+00 
  275.000  0.000000e+00 
  276.000  0.000000e+00 
  277.000  0.000000e+00 
  278.000  0.000000e+00 
  279.000  0.000000e+00 
  280.000  0.000000e+00 
  281.000  0.000000e+00 
  282.000  0.000000e+00 
  283.000  0.000000e+00 
  284.000  0.000000e+00 
  285.000  0.000000e+00 
  286.000  0.000000e+00 
  287.000  0.000000e+00 
  288.000  0.000000e+00 
  289.000  3.440652e-07 
  290.000  1.964277e-06 
  291.000  7.253351e-06 
  292.000  4.442123e-05 
  293.000  1.265342e-04 
  294.000  4.236379e-04 
  295.000  8.960465e-04 
  296.000  2.682477e-03 
  297.000  5.044944e-03 
  298.000  1.074985e-02 
  299.000  1.793160e-02 
  300.000  3.086941e-02 
  301.000  4.768413e-02 
  302.000  6.873859e-02 
  303.000  1.077868e-01 
  304.000  1.241054e-01 
  305.000  1.787859e-01 
  306.000  2.156222e-01 
  307.000  2.753821e-01 
  308.000  3.180713e-01 
  309.000  3.662461e-01 
  310.000  4.397682e-01 
  311.000  4.689119e-01 
  312.000  5.196764e-01 
  313.000  5.798015e-01 
  314.000  5.977779e-01 
  315.000  6.667097e-01 
  316.000  6.786751e-01 
  317.000  7.285746e-01 
  318.000  7.490118e-01 
  319.000  8.259952e-01 
  320.000  7.627906e-01 
  321.000  8.744683e-01 
  322.000  8.167782e-01 
  323.000  8.642902e-01 
  324.000  9.262935e-01 
  325.000  8.668957e-01 
  326.000  9.311891e-01 
  327.000  9.431813e-01 
  328.000  8.984279e-01 
  329.000  9.675373e-01 
  330.000  9.717038e-01 
  331.000  9.316234e-01 
  332.000  9.752882e-01 
  333.000  9.773125e-01 
  334.000  9.628559e-01 
  335.000  9.852921e-01 
  336.000  9.897514e-01 
  337.000  9.737078e-01 
  338.000  9.857703e-01 
  339.000  9.916010e-01 
  340.000  9.829611e-01 
  341.000  9.908925e-01 
  342.000  9.935034e-01 
  343.000  9.926723e-01 
  344.000  9.841293e-01 
  345.000  9.929598e-01 
  346.000  9.945329e-01 
  347.000  9.935887e-01 
  348.000  9.946394e-01 
  349.000  9.956927e-01 
  350.000  9.964051e-01 
  351.000  9.964314e-01 
  352.000  9.966647e-01 
  353.000  9.969041e-01 
  354.000  9.960916e-01 
  355.000  9.958625e-01 
  356.000  9.960219e-01 
  357.000  9.946111e-01 
  358.000  9.938425e-01 
  359.000  9.929884e-01 
  360.000  9.920298e-01 
  361.000  9.913985e-01 
  362.000  9.927118e-01 
  363.000  9.939624e-01 
  364.000  9.951494e-01 
  365.000  9.950793e-01 
  366.000  9.956906e-01 
  367.000  9.958810e-01 
  368.000  9.957765e-01 
  369.000  9.959507e-01 
  370.000  9.958658e-01 
  371.000  9.961287e-01 
  372.000  9.953036e-01 
  373.000  9.956784e-01 
  374.000  9.957604e-01 
  375.000  9.958936e-01 
  376.000  9.950434e-01 
  377.000  9.949082e-01 
  378.000  9.946589e-01 
  379.000  9.936334e-01 
  380.000  9.924639e-01 
  381.000  9.928803e-01 
  382.000  9.938438e-01 
  383.000  9.949365e-01 
  384.000  9.950294e-01 
  385.000  9.952872e-01 
  386.000  9.954929e-01 
  387.000  9.954339e-01 
  388.000  9.953263e-01 
  389.000  9.953011e-01 
  390.000  9.952883e-01 
  391.000  9.953985e-01 
  392.000  9.948347e-01 
  393.000  9.956506e-01 
  394.000  9.956574e-01 
  395.000  9.955508e-01 
  396.000  9.952810e-01 
  397.000  9.956940e-01 
  398.000  9.948973e-01 
  399.000  9.954913e-01 
  400.000  9.947673e-01 
  401.000  9.949312e-01 
  402.000  9.955266e-01 
  403.000  9.958747e-01 
  404.000  9.952047e-01 
  405.000  9.949951e-01 
  406.000  9.956195e-01 
  407.000  9.961295e-01 
  408.000  9.952970e-01 
  409.000  9.948519e-01 
  410.000  9.951129e-01 
  411.000  9.950021e-01 
  412.000  9.956291e-01 
  413.000  9.947886e-01 
  414.000  9.951335e-01 
  415.000  9.952036e-01 
  416.000  9.959357e-01 
  417.000  9.958405e-01 
  418.000  9.954264e-01 
  419.000  9.955229e-01 
  420.000  9.951035e-01 
  421.000  9.949992e-01 
  422.000  9.948376e-01 
  423.000  9.951227e-01 
  424.000  9.946470e-01 
  425.000  9.952219e-01 
  426.000  9.958723e-01 
  427.000  9.952757e-01 
  428.000  9.947116e-01 
  429.000  9.956365e-01 
  430.000  9.956307e-01 
  431.000  9.946283e-01 
  432.000  9.955714e-01 
  433.000  9.953827e-01 
  434.000  9.948363e-01 
  435.000  9.937205e-01 
  436.000  9.947186e-01 
  437.000  9.958088e-01 
  438.000  9.960316e-01 
  439.000  9.936736e-01 
  440.000  9.944854e-01 
  441.000  9.954959e-01 
  442.000  9.958174e-01 
  443.000  9.951524e-01 
  444.000  9.943760e-01 
  445.000  9.932530e-01 
  446.000  9.940612e-01 
  447.000  9.946522e-01 
  448.000  9.923673e-01 
  449.000  9.942812e-01 
  450.000  9.949546e-01 
  451.000  9.948830e-01 
  452.000  9.947847e-01 
  453.000  9.948050e-01 
  454.000  9.952321e-01 
  455.000  9.946411e-01 
  456.000  9.945440e-01 
  457.000  9.948063e-01 
  458.000  9.934605e-01 
  459.000  9.939648e-01 
  460.000  9.932113e-01 
  461.000  9.932609e-01 
  462.000  9.937922e-01 
  463.000  9.924290e-01 
  464.000  9.931152e-01 
  465.000  9.934671e-01 
  466.000  9.940206e-01 
  467.000  9.931600e-01 
  468.000  9.933894e-01 
  469.000  9.935080e-01 
  470.000  9.932678e-01 
  471.000  9.931885e-01 
  472.000  9.922148e-01 
  473.000  9.910130e-01 
  474.000  9.885001e-01 
  475.000  9.868958e-01 
  476.000  9.857033e-01 
  477.000  9.850327e-01 
  478.000  9.848704e-01 
  479.000  9.852762e-01 
  480.000  9.858455e-01 
  481.000  9.877540e-01 
  482.000  9.891117e-01 
  483.000  9.900897e-01 
  484.000  9.900587e-01 
  485.000  9.897454e-01 
  486.000  9.897511e-01 
  487.000  9.901283e-01 
  488.000  9.896297e-01 
  489.000  9.889610e-01 
  490.000  9.897090e-01 
  491.000  9.901221e-01 
  492.000  9.898815e-01 
  493.000  9.896154e-01 
  494.000  9.890618e-01 
  495.000  9.889219e-01 
  496.000  9.883801e-01 
  497.000  9.881795e-01 
  498.000  9.880316e-01 
  499.000  9.876406e-01 
  500.000  9.871166e-01 
  501.000  9.862995e-01 
  502.000  9.845466e-01 
  503.000  9.828339e-01 
  504.000  9.816872e-01 
  505.000  9.815880e-01 
  506.000  9.815832e-01 
  507.000  9.815319e-01 
  508.000  9.823172e-01 
  509.000  9.825003e-01 
  510.000  9.828382e-01 
  511.000  9.829010e-01 
  512.000  9.830196e-01 
  513.000  9.833405e-01 
  514.000  9.834426e-01 
  515.000  9.836042e-01 
  516.000  9.833050e-01 
  517.000  9.829633e-01 
  518.000  9.826301e-01 
  519.000  9.819256e-01 
  520.000  9.816467e-01 
  521.000  9.812067e-01 
  522.000  9.808273e-01 
  523.000  9.801975e-01 
  524.000  9.794618e-01 
  525.000  9.783825e-01 
  526.000  9.773377e-01 
  527.000  9.764600e-01 
  528.000  9.753934e-01 
  529.000  9.744288e-01 
  530.000  9.737557e-01 
  531.000  9.731645e-01 
  532.000  9.727338e-01 
  533.000  9.725284e-01 
  534.000  9.723322e-01 
  535.000  9.723189e-01 
  536.000  9.722954e-01 
  537.000  9.721437e-01 
  538.000  9.719133e-01 
  539.000  9.715143e-01 
  540.000  9.715226e-01 
  541.000  9.703970e-01 
  542.000  9.700965e-01 
  543.000  9.701913e-01 
  544.000  9.700438e-01 
  545.000  9.690074e-01 
  546.000  9.685426e-01 
  547.000  9.689991e-01 
  548.000  9.690837e-01 
  549.000  9.689739e-01 
  550.000  9.686923e-01 
  551.000  9.688656e-01 
  552.000  9.685014e-01 
  553.000  9.679211e-01 
  554.000  9.677328e-01 
  555.000  9.674687e-01 
  556.000  9.667229e-01 
  557.000  9.657297e-01 
  558.000  9.648544e-01 
  559.000  9.637154e-01 
  560.000  9.626913e-01 
  561.000  9.617932e-01 
  562.000  9.610307e-01 
  563.000  9.600289e-01 
  564.000  9.589386e-01 
  565.000  9.580529e-01 
  566.000  9.572915e-01 
  567.000  9.562203e-01 
  568.000  9.549915e-01 
  569.000  9.510850e-01 
  570.000  9.488562e-01 
  571.000  9.486506e-01 
  572.000  9.465128e-01 
  573.000  9.459660e-01 
  574.000  9.442990e-01 
  575.000  9.436846e-01 
  576.000  9.430534e-01 
  577.000  9.429809e-01 
  578.000  9.443577e-01 
  579.000  9.454052e-01 
  580.000  9.465053e-01 
  581.000  9.483976e-01 
  582.000  9.501632e-01 
  583.000  9.517577e-01 
  584.000  9.539140e-01 
  585.000  9.545367e-01 
  586.000  9.555349e-01 
  587.000  9.557045e-01 
  588.000  9.551243e-01 
  589.000  9.470672e-01 
  590.000  9.465922e-01 
  591.000  9.497513e-01 
  592.000  9.426539e-01 
  593.000  9.525921e-01 
  594.000  9.473507e-01 
  595.000  9.500500e-01 
  596.000  9.511806e-01 
  597.000  9.515066e-01 
  598.000  9.509970e-01 
  599.000  9.524170e-01 
  600.000  9.521444e-01 
  601.000  9.530606e-01 
  602.000  9.535736e-01 
  603.000  9.537647e-01 
  604.000  9.540815e-01 
  605.000  9.541456e-01 
  606.000  9.548185e-01 
  607.000  9.553626e-01 
  608.000  9.560462e-01 
  609.000  9.563313e-01 
  610.000  9.568943e-01 
  611.000  9.573338e-01 
  612.000  9.578922e-01 
  613.000  9.584755e-01 
  614.000  9.588623e-01 
  615.000  9.593191e-01 
  616.000  9.599006e-01 
  617.000  9.603013e-01 
  618.000  9.605330e-01 
  619.000  9.608878e-01 
  620.000  9.610236e-01 
  621.000  9.609976e-01 
  622.000  9.609815e-01 
  623.000  9.606822e-01 
  624.000  9.604943e-01 
  625.000  9.603176e-01 
  626.000  9.597124e-01 
  627.000  9.590663e-01 
  628.000  9.379781e-01 
  629.000  9.465752e-01 
  630.000  9.518763e-01 
  631.000  9.580979e-01 
  632.000  9.599569e-01 
  633.000  9.613358e-01 
  634.000  9.630710e-01 
  635.000  9.636796e-01 
  636.000  9.653826e-01 
  637.000  9.674652e-01 
  638.000  9.689891e-01 
  639.000  9.702185e-01 
  640.000  9.709795e-01 
  641.000  9.721330e-01 
  642.000  9.730282e-01 
  643.000  9.731171e-01 
  644.000  9.739201e-01 
  645.000  9.742587e-01 
  646.000  9.720924e-01 
  647.000  9.694872e-01 
  648.000  9.660359e-01 
  649.000  9.688424e-01 
  650.000  9.751343e-01 
  651.000  9.760789e-01 
  652.000  9.747972e-01 
  653.000  9.767896e-01 
  654.000  9.768184e-01 
  655.000  9.703183e-01 
  656.000  9.752491e-01 
  657.000  9.765899e-01 
  658.000  9.789026e-01 
  659.000  9.802945e-01 
  660.000  9.802232e-01 
  661.000  9.810703e-01 
  662.000  9.811697e-01 
  663.000  9.812181e-01 
  664.000  9.817545e-01 
  665.000  9.821119e-01 
  666.000  9.824563e-01 
  667.000  9.829893e-01 
  668.000  9.832261e-01 
  669.000  9.836135e-01 
  670.000  9.838716e-01 
  671.000  9.843225e-01 
  672.000  9.844009e-01 
  673.000  9.847437e-01 
  674.000  9.848765e-01 
  675.000  9.852543e-01 
  676.000  9.853494e-01 
  677.000  9.855624e-01 
  678.000  9.858804e-01 
  679.000  9.860637e-01 
  680.000  9.863787e-01 
  681.000  9.864796e-01 
  682.000  9.870508e-01 
  683.000  9.869277e-01 
  684.000  9.873365e-01 
  685.000  9.878212e-01 
  686.000  9.879690e-01 
  687.000  7.000680e-01 
  688.000  8.661550e-01 
  689.000  9.007296e-01 
  690.000  9.293665e-01 
  691.000  9.456289e-01 
  692.000  9.756460e-01 
  693.000  9.697534e-01 
  694.000  9.603320e-01 
  695.000  9.744285e-01 
  696.000  9.695345e-01 
  697.000  9.881213e-01 
  698.000  9.879954e-01 
  699.000  9.795198e-01 
  700.000  9.813247e-01 
  701.000  9.740565e-01 
  702.000  9.775261e-01 
  703.000  9.804325e-01 
  704.000  9.821023e-01 
  705.000  9.829196e-01 
  706.000  9.852902e-01 
  707.000  9.874210e-01 
  708.000  9.894488e-01 
  709.000  9.894746e-01 
  710.000  9.884953e-01 
  711.000  9.904357e-01 
  712.000  9.895095e-01 
  713.000  9.911480e-01 
  714.000  9.895421e-01 
  715.000  9.857516e-01 
  716.000  9.865937e-01 
  717.000  9.725589e-01 
  718.000  9.262944e-01 
  719.000  8.773196e-01 
  720.000  9.295837e-01 
  721.000  9.792491e-01 
  722.000  9.777264e-01 
  723.000  9.749442e-01 
  724.000  9.128407e-01 
  725.000  9.349902e-01 
  726.000  9.626081e-01 
  727.000  9.492807e-01 
  728.000  9.289021e-01 
  729.000  9.394687e-01 
  730.000  9.641271e-01 
  731.000  9.539969e-01 
  732.000  9.614062e-01 
  733.000  9.800483e-01 
  734.000  9.881212e-01 
  735.000  9.815408e-01 
  736.000  9.861692e-01 
  737.000  9.860520e-01 
  738.000  9.891526e-01 
  739.000  9.899161e-01 
  740.000  9.935299e-01 
  741.000  9.951100e-01 
  742.000  9.951143e-01 
  743.000  9.950825e-01 
  744.000  9.955065e-01 
  745.000  9.956859e-01 
  746.000  9.960040e-01 
  747.000  9.960632e-01 
  748.000  9.961527e-01 
  749.000  9.961458e-01 
  750.000  9.962500e-01 
  751.000  9.962530e-01 
  752.000  9.965740e-01 
  753.000  9.966473e-01 
  754.000  9.966899e-01 
  755.000  9.967317e-01 
  756.000  9.967418e-01 
  757.000  9.969411e-01 
  758.000  9.970598e-01 
  759.000  9.893673e-01 
  760.000  3.992922e-01 
  761.000  2.739335e-01 
  762.000  6.649343e-01 
  763.000  5.607448e-01 
  764.000  6.327938e-01 
  765.000  7.670708e-01 
  766.000  8.972136e-01 
  767.000  9.406731e-01 
  768.000  9.821960e-01 
  769.000  9.926940e-01 
  770.000  9.927074e-01 
  771.000  9.963684e-01 
  772.000  9.972870e-01 
  773.000  9.972704e-01 
  774.000  9.972319e-01 
  775.000  9.972517e-01 
  776.000  9.972588e-01 
  777.000  9.972678e-01 
  778.000  9.972680e-01 
  779.000  9.972575e-01 
  780.000  9.972494e-01 
  781.000  9.973354e-01 
  782.000  9.973446e-01 
  783.000  9.974391e-01 
  784.000  9.972396e-01 
  785.000  9.969649e-01 
  786.000  9.956113e-01 
  787.000  9.957695e-01 
  788.000  9.932670e-01 
  789.000  9.928725e-01 
  790.000  9.881749e-01 
  791.000  9.886288e-01 
  792.000  9.902996e-01 
  793.000  9.915491e-01 
  794.000  9.975902e-01 
  795.000  9.953343e-01 
  796.000  9.826837e-01 
  797.000  9.924974e-01 
  798.000  9.928076e-01 
  799.000  9.945707e-01 
  800.000  9.890441e-01 
  801.000  9.866942e-01 
  802.000  9.905617e-01 
  803.000  9.892599e-01 
  804.000  9.890168e-01 
  805.000  9.918268e-01 
  806.000  9.962900e-01 
  807.000  9.933780e-01 
  808.000  9.962111e-01 
  809.000  9.914964e-01 
  810.000  9.893382e-01 
  811.000  9.908795e-01 
  812.000  9.856322e-01 
  813.000  9.760687e-01 
  814.000  9.586864e-01 
  815.000  9.383230e-01 
  816.000  9.528746e-01 
  817.000  8.738601e-01 
  818.000  9.272256e-01 
  819.000  9.499909e-01 
  820.000  9.175701e-01 
  821.000  9.871222e-01 
  822.000  9.782608e-01 
  823.000  8.454214e-01 
  824.000  9.672244e-01 
  825.000  9.821528e-01 
  826.000  9.658001e-01 
  827.000  9.815823e-01 
  828.000  9.409001e-01 
  829.000  9.733403e-01 
  830.000  9.668701e-01 
  831.000  9.684051e-01 
  832.000  9.701221e-01 
  833.000  9.807157e-01 
  834.000  9.822890e-01 
  835.000  9.874365e-01 
  836.000  9.892117e-01 
  837.000  9.872878e-01 
  838.000  9.927137e-01 
  839.000  9.940408e-01 
  840.000  9.947798e-01 
  841.000  9.947798e-01 
  842.000  9.908379e-01 
  843.000  9.976210e-01 
  844.000  9.932279e-01 
  845.000  9.966414e-01 
  846.000  9.975691e-01 
  847.000  9.982829e-01 
  848.000  9.972763e-01 
  849.000  9.976408e-01 
  850.000  9.974918e-01 
  851.000  9.972966e-01 
  852.000  9.989786e-01 
  853.000  9.990757e-01 
  854.000  9.988876e-01 
  855.000  9.988876e-01 
  856.000  9.990076e-01 
  857.000  9.997818e-01 
  858.000  9.989818e-01 
  859.000  9.994406e-01 
  860.000  9.999412e-01 
  861.000  9.997034e-01 
  862.000  9.999062e-01 
  863.000  9.998091e-01 
  864.000  9.999710e-01 
  865.000  9.999710e-01 
  866.000  9.999498e-01 
  867.000  9.999925e-01 
  868.000  9.999517e-01 
  869.000  9.998395e-01 
  870.000  9.999168e-01 
  871.000  9.999216e-01 
  872.000  9.999769e-01 
  873.000  9.998969e-01 
  874.000  9.998969e-01 
  875.000  9.999928e-01 
  876.000  9.999947e-01 
  877.000  9.999160e-01 
  878.000  9.998753e-01 
  879.000  9.998520e-01 
  880.000  9.999375e-01 
  881.000  9.999375e-01 
  882.000  9.995174e-01 
  883.000  9.995697e-01 
  884.000  9.996293e-01 
  885.000  9.997040e-01 
  886.000  9.970791e-01 
  887.000  9.994507e-01 
  888.000  9.994507e-01 
  889.000  9.989026e-01 
  890.000  9.973934e-01 
  891.000  9.994726e-01 
  892.000  9.971216e-01 
  893.000  9.921058e-01 
  894.000  9.921058e-01 
  895.000  9.796212e-01 
  896.000  9.647781e-01 
  897.000  9.035614e-01 
  898.000  9.601403e-01 
  899.000  8.392141e-01 
  900.000  8.392141e-01 
  901.000  8.666113e-01 
  902.000  8.887455e-01 
  903.000  9.167406e-01 
  904.000  9.798061e-01 
  905.000  9.732425e-01 
  906.000  9.732425e-01 
  907.000  9.045848e-01 
  908.000  8.860779e-01 
  909.000  8.983142e-01 
  910.000  8.831065e-01 
  911.000  8.831065e-01 
  912.000  9.504025e-01 
  913.000  9.182681e-01 
  914.000  8.963591e-01 
  915.000  8.624644e-01 
  916.000  8.624644e-01 
  917.000  9.493527e-01 
  918.000  8.814989e-01 
  919.000  9.382389e-01 
  920.000  9.789392e-01 
  921.000  9.789392e-01 
  922.000  9.674545e-01 
  923.000  9.645187e-01 
  924.000  9.547974e-01 
  925.000  9.547974e-01 
  926.000  9.591593e-01 
  927.000  9.674734e-01 
  928.000  8.994407e-01 
  929.000  8.884740e-01 
  930.000  8.884740e-01 
  931.000  7.833095e-01 
  932.000  6.141757e-01 
  933.000  6.419935e-01 
  934.000  6.419935e-01 
  935.000  5.837622e-01 
  936.000  5.523455e-01 
  937.000  5.427247e-01 
  938.000  5.427247e-01 
  939.000  6.719446e-01 
  940.000  7.939536e-01 
  941.000  7.532828e-01 
  942.000  7.532828e-01 
  943.000  6.479790e-01 
  944.000  6.553608e-01 
  945.000  7.444366e-01 
  946.000  7.444366e-01 
  947.000  6.677849e-01 
  948.000  6.917427e-01 
  949.000  7.528642e-01 
  950.000  7.528642e-01 
  951.000  7.611964e-01 
  952.000  6.718433e-01 
  953.000  7.993294e-01 
  954.000  7.993294e-01 
  955.000  7.973498e-01 
  956.000  6.956506e-01 
  957.000  8.370993e-01 
  958.000  8.370993e-01 
  959.000  7.567195e-01 
  960.000  8.210021e-01 
  961.000  8.210021e-01 
  962.000  8.495097e-01 
  963.000  8.965476e-01 
  964.000  8.171328e-01 
  965.000  8.171328e-01 
  966.000  8.652978e-01 
  967.000  9.242684e-01 
  968.000  9.242684e-01 
  969.000  9.405762e-01 
  970.000  9.640230e-01 
  971.000  9.719098e-01 
  972.000  9.719098e-01 
  973.000  9.618072e-01 
  974.000  9.097102e-01 
  975.000  9.097102e-01 
  976.000  8.974525e-01 
  977.000  9.509788e-01 
  978.000  9.433966e-01 
  979.000  9.433966e-01 
  980.000  9.461350e-01 
  981.000  9.847969e-01 
  982.000  9.847969e-01 
  983.000  9.750149e-01 
  984.000  9.832944e-01 
  985.000  9.832944e-01 
  986.000  9.961284e-01 
  987.000  9.911681e-01 
  988.000  9.911681e-01 
  989.000  9.981735e-01 
  990.000  9.951239e-01 
  991.000  9.951239e-01 
  992.000  9.970624e-01 
  993.000  9.968047e-01 
  994.000  9.968047e-01 
  995.000  9.994293e-01 
  996.000  9.994772e-01 
  997.000  9.994772e-01 
  998.000  9.994047e-01 
  999.000  9.991323e-01 
 1000.000  9.991323e-01 
 1001.000  9.993179e-01 
 1002.000  9.952966e-01 
 1003.000  9.952966e-01 
 1004.000  9.992113e-01 
 1005.000  9.994748e-01 
 1006.000  9.994748e-01 
 1007.000  9.995971e-01 
 1008.000  9.986391e-01 
 1009.000  9.986391e-01 
 1010.000  9.953478e-01 
 1011.000  9.994103e-01 
 1012.000  9.994103e-01 
 1013.000  9.995937e-01 
 1014.000  9.994830e-01 
 1015.000  9.994830e-01 
 1016.000  9.996072e-01 
 1017.000  9.994461e-01 
 1018.000  9.994461e-01 
 1019.000  9.990246e-01 
 1020.000  9.996464e-01 
 1021.000  9.996464e-01 
 1022.000  9.990722e-01 
 1023.000  9.990722e-01 
 1024.000  9.990270e-01 
 1025.000  9.995996e-01 
 1026.000  9.995996e-01 
 1027.000  9.992869e-01 
 1028.000  9.996063e-01 
 1029.000  9.996063e-01 
 1030.000  9.997115e-01 
 1031.000  9.996099e-01 
 1032.000  9.996099e-01 
 1033.000  9.995813e-01 
 1034.000  9.995813e-01 
 1035.000  9.995590e-01 
 1036.000  9.991464e-01 
 1037.000  9.991464e-01 
 1038.000  9.990617e-01 
 1039.000  9.985874e-01 
 1040.000  9.985874e-01 
 1041.000  9.982632e-01 
 1042.000  9.982632e-01 
 1043.000  9.978446e-01 
 1044.000  9.972278e-01 
 1045.000  9.972278e-01 
 1046.000  9.963820e-01 
 1047.000  9.963820e-01 
 1048.000  9.955401e-01 
 1049.000  9.938595e-01 
 1050.000  9.938595e-01 
 1051.000  9.931083e-01 
 1052.000  9.931083e-01 
 1053.000  9.919646e-01 
 1054.000  9.909896e-01 
 1055.000  9.909896e-01 
 1056.000  9.898775e-01 
 1057.000  9.898775e-01 
 1058.000  9.888352e-01 
 1059.000  9.878151e-01 
 1060.000  9.878151e-01 
 1061.000  9.871654e-01 
 1062.000  9.871654e-01 
 1063.000  9.860823e-01 
 1064.000  9.853156e-01 
 1065.000  9.853156e-01 
 1066.000  9.863567e-01 
 1067.000  9.863567e-01 
 1068.000  9.857223e-01 
 1069.000  9.867901e-01 
 1070.000  9.867901e-01 
 1071.000  9.880566e-01 
 1072.000  9.880566e-01 
 1073.000  9.890318e-01 
 1074.000  9.890318e-01 
 1075.000  9.877640e-01 
 1076.000  9.878228e-01 
 1077.000  9.878228e-01 
 1078.000  9.910710e-01 
 1079.000  9.910710e-01 
 1080.000  9.892918e-01 
 1081.000  9.892918e-01 
 1082.000  9.909849e-01 
 1083.000  9.895939e-01 
 1084.000  9.895939e-01 
 1085.000  9.853956e-01 
 1086.000  9.853956e-01 
 1087.000  9.928951e-01 
 1088.000  9.928951e-01 
 1089.000  9.896092e-01 
 1090.000  9.879485e-01 
 1091.000  9.879485e-01 
 1092.000  9.826739e-01 
 1093.000  9.826739e-01 
 1094.000  9.835811e-01 
 1095.000  9.835811e-01 
 1096.000  9.800159e-01 
 1097.000  9.800159e-01 
 1098.000  9.746467e-01 
 1099.000  9.504069e-01 
 1100.000  9.504069e-01 
 1101.000  9.515917e-01 
 1102.000  9.515917e-01 
 1103.000  9.412077e-01 
 1104.000  9.412077e-01 
 1105.000  9.344261e-01 
 1106.000  9.344261e-01 
 1107.000  9.342719e-01 
 1108.000  9.342719e-01 
 1109.000  9.137251e-01 
 1110.000  8.934421e-01 
 1111.000  8.934421e-01 
 1112.000  8.615600e-01 
 1113.000  8.615600e-01 
 1114.000  7.912765e-01 
 1115.000  7.912765e-01 
 1116.000  5.998428e-01 
 1117.000  5.998428e-01 
 1118.000  6.934302e-01 
 1119.000  6.934302e-01 
 1120.000  6.316812e-01 
 1121.000  6.316812e-01 
 1122.000  4.469314e-01 
 1123.000  6.485462e-01 
 1124.000  6.485462e-01 
 1125.000  4.845829e-01 
 1126.000  4.845829e-01 
 1127.000  5.516531e-01 
 1128.000  5.516531e-01 
 1129.000  5.513648e-01 
 1130.000  5.513648e-01 
 1131.000  7.958521e-01 
 1132.000  7.958521e-01 
 1133.000  5.672933e-01 
 1134.000  5.672933e-01 
 1135.000  3.532772e-01 
 1136.000  3.532772e-01 
 1137.000  8.082735e-01 
 1138.000  8.082735e-01 
 1139.000  7.364646e-01 
 1140.000  7.364646e-01 
 1141.000  7.232597e-01 
 1142.000  7.232597e-01 
 1143.000  7.758619e-01 
 1144.000  7.758619e-01 
 1145.000  5.884247e-01 
 1146.000  5.884247e-01 
 1147.000  5.810969e-01 
 1148.000  5.810969e-01 
 1149.000  6.797885e-01 
 1150.000  6.797885e-01 
 1151.000  7.633464e-01 
 1152.000  7.633464e-01 
 1153.000  7.172315e-01 
 1154.000  7.172315e-01 
 1155.000  7.681189e-01 
 1156.000  7.681189e-01 
 1157.000  8.379370e-01 
 1158.000  8.379370e-01 
 1159.000  9.035560e-01 
 1160.000  9.035560e-01 
 1161.000  8.904254e-01 
 1162.000  8.904254e-01 
 1163.000  9.357610e-01 
 1164.000  9.357610e-01 
 1165.000  9.170373e-01 
 1166.000  9.170373e-01 
 1167.000  9.516464e-01 
 1168.000  9.516464e-01 
 1169.000  9.519774e-01 
 1170.000  9.519774e-01 
 1171.000  9.601834e-01 
 1172.000  9.601834e-01 
 1173.000  9.131337e-01 
 1174.000  9.131337e-01 
 1175.000  9.801934e-01 
 1176.000  9.801934e-01 
 1177.000  9.383934e-01 
 1178.000  9.383934e-01 
 1179.000  9.683838e-01 
 1180.000  9.683838e-01 
 1181.000  9.024822e-01 
 1182.000  9.024822e-01 
 1183.000  9.511449e-01 
 1184.000  9.511449e-01 
 1185.000  9.666826e-01 
 1186.000  9.666826e-01 
 1187.000  9.076660e-01 
 1188.000  9.076660e-01 
 1189.000  9.076660e-01 
 1190.000  9.504753e-01 
 1191.000  9.504753e-01 
 1192.000  9.825053e-01 
 1193.000  9.825053e-01 
 1194.000  9.602332e-01 
 1195.000  9.602332e-01 
 1196.000  9.702486e-01 
 1197.000  9.702486e-01 
 1198.000  9.490184e-01 
 1199.000  9.490184e-01 
 1200.000  9.463471e-01 
