  250.000  0.000000e+00 
  251.000  0.000000e+00 
  252.000  0.000000e+00 
  253.000  0.000000e+00 
  254.000  0.000000e+00 
  255.000  0.000000e+00 
  256.000  0.000000e+00 
  257.000  0.000000e+00 
  258.000  0.000000e+00 
  259.000  0.000000e+00 
  260.000  0.000000e+00 
  261.000  0.000000e+00 
  262.000  0.000000e+00 
  263.000  0.000000e+00 
  264.000  0.000000e+00 
  265.000  0.000000e+00 
  266.000  0.000000e+00 
  267.000  0.000000e+00 
  268.000  0.000000e+00 
  269.000  0.000000e+00 
  270.000  0.000000e+00 
  271.000  0.000000e+00 
  272.000  0.000000e+00 
  273.000  0.000000e+00 
  274.000  0.000000e+00 
  275.000  0.000000e+00 
  276.000  0.000000e+00 
  277.000  0.000000e+00 
  278.000  0.000000e+00 
  279.000  0.000000e+00 
  280.000  0.000000e+00 
  281.000  0.000000e+00 
  282.000  0.000000e+00 
  283.000  0.000000e+00 
  284.000  0.000000e+00 
  285.000  0.000000e+00 
  286.000  0.000000e+00 
  287.000  0.000000e+00 
  288.000  0.000000e+00 
  289.000  0.000000e+00 
  290.000  3.416472e-11 
  291.000  3.750533e-10 
  292.000  1.041303e-08 
  293.000  7.101676e-08 
  294.000  6.513835e-07 
  295.000  2.573474e-06 
  296.000  1.922624e-05 
  297.000  6.123754e-05 
  298.000  2.452356e-04 
  299.000  6.268097e-04 
  300.000  1.697472e-03 
  301.000  3.768346e-03 
  302.000  7.369762e-03 
  303.000  1.681766e-02 
  304.000  2.177981e-02 
  305.000  4.254323e-02 
  306.000  5.998522e-02 
  307.000  9.395160e-02 
  308.000  1.223745e-01 
  309.000  1.585019e-01 
  310.000  2.216906e-01 
  311.000  2.493804e-01 
  312.000  3.011194e-01 
  313.000  3.680836e-01 
  314.000  3.892807e-01 
  315.000  4.755576e-01 
  316.000  4.913218e-01 
  317.000  5.596066e-01 
  318.000  5.887475e-01 
  319.000  7.044472e-01 
  320.000  6.087710e-01 
  321.000  7.821291e-01 
  322.000  6.901167e-01 
  323.000  7.655356e-01 
  324.000  8.692517e-01 
  325.000  7.697861e-01 
  326.000  8.777233e-01 
  327.000  8.985659e-01 
  328.000  8.219337e-01 
  329.000  9.415933e-01 
  330.000  9.490654e-01 
  331.000  8.784955e-01 
  332.000  9.554864e-01 
  333.000  9.592046e-01 
  334.000  9.332790e-01 
  335.000  9.735947e-01 
  336.000  9.816705e-01 
  337.000  9.526958e-01 
  338.000  9.744391e-01 
  339.000  9.851234e-01 
  340.000  9.694248e-01 
  341.000  9.839061e-01 
  342.000  9.887109e-01 
  343.000  9.871953e-01 
  344.000  9.717074e-01 
  345.000  9.877148e-01 
  346.000  9.905476e-01 
  347.000  9.887965e-01 
  348.000  9.907043e-01 
  349.000  9.926452e-01 
  350.000  9.938734e-01 
  351.000  9.939853e-01 
  352.000  9.943778e-01 
  353.000  9.947812e-01 
  354.000  9.934135e-01 
  355.000  9.930278e-01 
  356.000  9.932959e-01 
  357.000  9.909230e-01 
  358.000  9.896312e-01 
  359.000  9.881963e-01 
  360.000  9.865871e-01 
  361.000  9.855279e-01 
  362.000  9.877318e-01 
  363.000  9.898328e-01 
  364.000  9.918283e-01 
  365.000  9.917104e-01 
  366.000  9.927385e-01 
  367.000  9.930590e-01 
  368.000  9.928832e-01 
  369.000  9.931763e-01 
  370.000  9.930333e-01 
  371.000  9.934759e-01 
  372.000  9.920874e-01 
  373.000  9.927181e-01 
  374.000  9.928561e-01 
  375.000  9.930801e-01 
  376.000  9.916500e-01 
  377.000  9.914224e-01 
  378.000  9.910033e-01 
  379.000  9.892799e-01 
  380.000  9.873157e-01 
  381.000  9.880148e-01 
  382.000  9.896333e-01 
  383.000  9.914703e-01 
  384.000  9.916264e-01 
  385.000  9.920601e-01 
  386.000  9.924061e-01 
  387.000  9.923066e-01 
  388.000  9.921256e-01 
  389.000  9.920834e-01 
  390.000  9.920619e-01 
  391.000  9.922470e-01 
  392.000  9.912989e-01 
  393.000  9.926714e-01 
  394.000  9.926827e-01 
  395.000  9.925034e-01 
  396.000  9.920494e-01 
  397.000  9.927356e-01 
  398.000  9.914028e-01 
  399.000  9.923968e-01 
  400.000  9.911839e-01 
  401.000  9.914613e-01 
  402.000  9.924625e-01 
  403.000  9.930485e-01 
  404.000  9.919215e-01 
  405.000  9.915681e-01 
  406.000  9.926119e-01 
  407.000  9.934605e-01 
  408.000  9.920524e-01 
  409.000  9.912955e-01 
  410.000  9.917268e-01 
  411.000  9.915389e-01 
  412.000  9.925929e-01 
  413.000  9.911789e-01 
  414.000  9.917582e-01 
  415.000  9.918698e-01 
  416.000  9.931030e-01 
  417.000  9.929397e-01 
  418.000  9.922429e-01 
  419.000  9.923993e-01 
  420.000  9.916948e-01 
  421.000  9.915119e-01 
  422.000  9.912336e-01 
  423.000  9.917061e-01 
  424.000  9.908986e-01 
  425.000  9.918582e-01 
  426.000  9.929469e-01 
  427.000  9.919473e-01 
  428.000  9.909979e-01 
  429.000  9.925515e-01 
  430.000  9.925413e-01 
  431.000  9.908515e-01 
  432.000  9.924318e-01 
  433.000  9.921086e-01 
  434.000  9.911854e-01 
  435.000  9.893034e-01 
  436.000  9.909713e-01 
  437.000  9.927917e-01 
  438.000  9.931582e-01 
  439.000  9.891819e-01 
  440.000  9.905339e-01 
  441.000  9.922283e-01 
  442.000  9.926614e-01 
  443.000  9.913667e-01 
  444.000  9.903073e-01 
  445.000  9.879991e-01 
  446.000  9.892649e-01 
  447.000  9.907646e-01 
  448.000  9.869199e-01 
  449.000  9.901328e-01 
  450.000  9.912596e-01 
  451.000  9.911292e-01 
  452.000  9.909552e-01 
  453.000  9.909567e-01 
  454.000  9.916790e-01 
  455.000  9.906763e-01 
  456.000  9.904740e-01 
  457.000  9.908765e-01 
  458.000  9.885592e-01 
  459.000  9.893774e-01 
  460.000  9.880718e-01 
  461.000  9.881522e-01 
  462.000  9.890410e-01 
  463.000  9.867494e-01 
  464.000  9.878982e-01 
  465.000  9.884863e-01 
  466.000  9.893590e-01 
  467.000  9.879389e-01 
  468.000  9.883190e-01 
  469.000  9.882139e-01 
  470.000  9.876938e-01 
  471.000  9.879246e-01 
  472.000  9.862555e-01 
  473.000  9.842308e-01 
  474.000  9.800116e-01 
  475.000  9.771460e-01 
  476.000  9.752377e-01 
  477.000  9.740655e-01 
  478.000  9.737531e-01 
  479.000  9.743748e-01 
  480.000  9.752582e-01 
  481.000  9.784015e-01 
  482.000  9.806327e-01 
  483.000  9.822279e-01 
  484.000  9.821389e-01 
  485.000  9.814162e-01 
  486.000  9.813924e-01 
  487.000  9.822273e-01 
  488.000  9.813960e-01 
  489.000  9.802663e-01 
  490.000  9.815356e-01 
  491.000  9.822044e-01 
  492.000  9.817873e-01 
  493.000  9.813171e-01 
  494.000  9.803689e-01 
  495.000  9.801169e-01 
  496.000  9.791295e-01 
  497.000  9.787053e-01 
  498.000  9.783794e-01 
  499.000  9.776180e-01 
  500.000  9.766241e-01 
  501.000  9.750329e-01 
  502.000  9.710541e-01 
  503.000  9.668320e-01 
  504.000  9.629455e-01 
  505.000  9.657295e-01 
  506.000  9.643345e-01 
  507.000  9.636620e-01 
  508.000  9.663856e-01 
  509.000  9.675981e-01 
  510.000  9.688029e-01 
  511.000  9.687856e-01 
  512.000  9.690788e-01 
  513.000  9.698241e-01 
  514.000  9.699674e-01 
  515.000  9.702876e-01 
  516.000  9.697407e-01 
  517.000  9.691110e-01 
  518.000  9.685253e-01 
  519.000  9.672925e-01 
  520.000  9.667943e-01 
  521.000  9.659548e-01 
  522.000  9.652719e-01 
  523.000  9.641545e-01 
  524.000  9.627338e-01 
  525.000  9.606740e-01 
  526.000  9.590964e-01 
  527.000  9.573212e-01 
  528.000  9.555776e-01 
  529.000  9.536979e-01 
  530.000  9.526238e-01 
  531.000  9.516289e-01 
  532.000  9.508558e-01 
  533.000  9.504983e-01 
  534.000  9.500853e-01 
  535.000  9.500547e-01 
  536.000  9.499642e-01 
  537.000  9.496564e-01 
  538.000  9.492621e-01 
  539.000  9.483103e-01 
  540.000  9.481922e-01 
  541.000  9.445506e-01 
  542.000  9.446635e-01 
  543.000  9.457129e-01 
  544.000  9.454850e-01 
  545.000  9.427397e-01 
  546.000  9.410417e-01 
  547.000  9.427451e-01 
  548.000  9.437912e-01 
  549.000  9.436624e-01 
  550.000  9.427581e-01 
  551.000  9.436865e-01 
  552.000  9.429886e-01 
  553.000  9.420710e-01 
  554.000  9.417130e-01 
  555.000  9.412167e-01 
  556.000  9.398746e-01 
  557.000  9.381092e-01 
  558.000  9.365540e-01 
  559.000  9.345087e-01 
  560.000  9.326818e-01 
  561.000  9.310867e-01 
  562.000  9.297661e-01 
  563.000  9.280176e-01 
  564.000  9.261327e-01 
  565.000  9.245918e-01 
  566.000  9.232523e-01 
  567.000  9.211516e-01 
  568.000  9.189997e-01 
  569.000  9.092357e-01 
  570.000  9.058027e-01 
  571.000  9.076669e-01 
  572.000  9.021628e-01 
  573.000  9.031713e-01 
  574.000  8.996519e-01 
  575.000  8.999404e-01 
  576.000  8.983674e-01 
  577.000  8.979878e-01 
  578.000  9.016036e-01 
  579.000  9.034060e-01 
  580.000  9.054322e-01 
  581.000  9.085575e-01 
  582.000  9.112090e-01 
  583.000  9.139132e-01 
  584.000  9.171394e-01 
  585.000  9.177145e-01 
  586.000  9.194252e-01 
  587.000  9.194487e-01 
  588.000  9.160564e-01 
  589.000  8.896945e-01 
  590.000  8.869405e-01 
  591.000  8.977353e-01 
  592.000  8.762991e-01 
  593.000  9.083171e-01 
  594.000  8.916005e-01 
  595.000  9.001247e-01 
  596.000  9.049432e-01 
  597.000  9.064302e-01 
  598.000  9.055690e-01 
  599.000  9.113960e-01 
  600.000  9.115181e-01 
  601.000  9.146502e-01 
  602.000  9.160402e-01 
  603.000  9.164015e-01 
  604.000  9.173276e-01 
  605.000  9.173784e-01 
  606.000  9.186337e-01 
  607.000  9.196766e-01 
  608.000  9.208872e-01 
  609.000  9.213911e-01 
  610.000  9.223807e-01 
  611.000  9.231684e-01 
  612.000  9.241893e-01 
  613.000  9.252167e-01 
  614.000  9.259079e-01 
  615.000  9.267226e-01 
  616.000  9.277896e-01 
  617.000  9.285334e-01 
  618.000  9.289709e-01 
  619.000  9.296444e-01 
  620.000  9.299744e-01 
  621.000  9.300190e-01 
  622.000  9.300309e-01 
  623.000  9.296601e-01 
  624.000  9.293709e-01 
  625.000  9.291794e-01 
  626.000  9.281855e-01 
  627.000  9.266233e-01 
  628.000  8.889357e-01 
  629.000  9.070851e-01 
  630.000  9.155601e-01 
  631.000  9.257941e-01 
  632.000  9.275066e-01 
  633.000  9.303400e-01 
  634.000  9.332469e-01 
  635.000  9.346455e-01 
  636.000  9.370669e-01 
  637.000  9.405268e-01 
  638.000  9.439868e-01 
  639.000  9.457607e-01 
  640.000  9.471365e-01 
  641.000  9.486817e-01 
  642.000  9.508842e-01 
  643.000  9.503471e-01 
  644.000  9.523149e-01 
  645.000  9.525068e-01 
  646.000  9.442641e-01 
  647.000  9.347699e-01 
  648.000  9.232106e-01 
  649.000  9.313835e-01 
  650.000  9.515924e-01 
  651.000  9.545886e-01 
  652.000  9.492673e-01 
  653.000  9.557979e-01 
  654.000  9.546226e-01 
  655.000  9.335408e-01 
  656.000  9.485214e-01 
  657.000  9.525831e-01 
  658.000  9.596885e-01 
  659.000  9.638343e-01 
  660.000  9.632374e-01 
  661.000  9.654074e-01 
  662.000  9.655256e-01 
  663.000  9.648615e-01 
  664.000  9.663950e-01 
  665.000  9.671717e-01 
  666.000  9.678442e-01 
  667.000  9.689628e-01 
  668.000  9.693907e-01 
  669.000  9.700706e-01 
  670.000  9.706294e-01 
  671.000  9.714431e-01 
  672.000  9.715853e-01 
  673.000  9.722109e-01 
  674.000  9.724471e-01 
  675.000  9.731317e-01 
  676.000  9.732832e-01 
  677.000  9.736894e-01 
  678.000  9.742622e-01 
  679.000  9.745833e-01 
  680.000  9.751152e-01 
  681.000  9.751420e-01 
  682.000  9.762849e-01 
  683.000  9.755013e-01 
  684.000  9.760884e-01 
  685.000  9.776109e-01 
  686.000  9.775931e-01 
  687.000  6.173264e-01 
  688.000  7.938042e-01 
  689.000  8.457437e-01 
  690.000  8.842978e-01 
  691.000  9.100569e-01 
  692.000  9.534811e-01 
  693.000  9.289801e-01 
  694.000  8.879671e-01 
  695.000  9.313517e-01 
  696.000  9.181175e-01 
  697.000  9.739015e-01 
  698.000  9.732565e-01 
  699.000  9.452046e-01 
  700.000  9.504392e-01 
  701.000  9.259560e-01 
  702.000  9.371358e-01 
  703.000  9.472529e-01 
  704.000  9.525274e-01 
  705.000  9.544370e-01 
  706.000  9.619851e-01 
  707.000  9.687953e-01 
  708.000  9.756522e-01 
  709.000  9.755335e-01 
  710.000  9.719422e-01 
  711.000  9.783821e-01 
  712.000  9.751576e-01 
  713.000  9.804297e-01 
  714.000  9.747630e-01 
  715.000  9.612912e-01 
  716.000  9.641776e-01 
  717.000  9.171062e-01 
  718.000  8.046238e-01 
  719.000  7.467601e-01 
  720.000  7.958634e-01 
  721.000  9.386107e-01 
  722.000  9.342577e-01 
  723.000  9.250395e-01 
  724.000  7.945787e-01 
  725.000  8.110482e-01 
  726.000  8.855926e-01 
  727.000  8.484267e-01 
  728.000  7.959614e-01 
  729.000  8.177072e-01 
  730.000  8.912875e-01 
  731.000  8.597361e-01 
  732.000  8.809450e-01 
  733.000  9.399640e-01 
  734.000  9.666495e-01 
  735.000  9.448583e-01 
  736.000  9.598807e-01 
  737.000  9.592826e-01 
  738.000  9.695035e-01 
  739.000  9.721022e-01 
  740.000  9.844546e-01 
  741.000  9.899967e-01 
  742.000  9.897923e-01 
  743.000  9.896333e-01 
  744.000  9.910669e-01 
  745.000  9.916509e-01 
  746.000  9.925978e-01 
  747.000  9.926080e-01 
  748.000  9.928423e-01 
  749.000  9.927195e-01 
  750.000  9.929505e-01 
  751.000  9.928468e-01 
  752.000  9.936587e-01 
  753.000  9.938171e-01 
  754.000  9.938242e-01 
  755.000  9.938125e-01 
  756.000  9.937642e-01 
  757.000  9.943925e-01 
  758.000  9.946026e-01 
  759.000  9.819962e-01 
  760.000  2.847315e-01 
  761.000  1.463111e-01 
  762.000  5.679880e-01 
  763.000  4.437389e-01 
  764.000  5.348777e-01 
  765.000  6.971646e-01 
  766.000  8.471996e-01 
  767.000  9.055276e-01 
  768.000  9.706878e-01 
  769.000  9.873232e-01 
  770.000  9.874464e-01 
  771.000  9.934987e-01 
  772.000  9.950372e-01 
  773.000  9.950067e-01 
  774.000  9.948773e-01 
  775.000  9.949550e-01 
  776.000  9.949809e-01 
  777.000  9.949946e-01 
  778.000  9.949930e-01 
  779.000  9.949727e-01 
  780.000  9.949569e-01 
  781.000  9.951136e-01 
  782.000  9.950035e-01 
  783.000  9.952636e-01 
  784.000  9.944571e-01 
  785.000  9.933829e-01 
  786.000  9.884778e-01 
  787.000  9.888154e-01 
  788.000  9.803299e-01 
  789.000  9.787641e-01 
  790.000  9.630603e-01 
  791.000  9.645516e-01 
  792.000  9.698963e-01 
  793.000  9.746481e-01 
  794.000  9.944419e-01 
  795.000  9.862615e-01 
  796.000  9.443671e-01 
  797.000  9.765315e-01 
  798.000  9.776275e-01 
  799.000  9.833941e-01 
  800.000  9.650438e-01 
  801.000  9.572343e-01 
  802.000  9.697471e-01 
  803.000  9.654393e-01 
  804.000  9.647354e-01 
  805.000  9.743261e-01 
  806.000  9.896249e-01 
  807.000  9.796595e-01 
  808.000  9.894773e-01 
  809.000  9.733548e-01 
  810.000  9.659002e-01 
  811.000  9.709697e-01 
  812.000  9.531931e-01 
  813.000  9.236736e-01 
  814.000  8.717830e-01 
  815.000  8.289421e-01 
  816.000  8.605285e-01 
  817.000  7.169142e-01 
  818.000  8.201336e-01 
  819.000  8.507464e-01 
  820.000  8.070838e-01 
  821.000  9.581962e-01 
  822.000  9.292890e-01 
  823.000  6.712943e-01 
  824.000  8.945569e-01 
  825.000  9.434228e-01 
  826.000  8.938967e-01 
  827.000  9.407238e-01 
  828.000  8.284743e-01 
  829.000  9.161176e-01 
  830.000  8.982686e-01 
  831.000  9.025434e-01 
  832.000  9.057041e-01 
  833.000  9.364869e-01 
  834.000  9.434208e-01 
  835.000  9.589857e-01 
  836.000  9.652762e-01 
  837.000  9.588982e-01 
  838.000  9.765982e-01 
  839.000  9.813724e-01 
  840.000  9.838753e-01 
  841.000  9.838753e-01 
  842.000  9.705324e-01 
  843.000  9.938421e-01 
  844.000  9.787281e-01 
  845.000  9.903706e-01 
  846.000  9.936628e-01 
  847.000  9.962504e-01 
  848.000  9.926475e-01 
  849.000  9.939720e-01 
  850.000  9.928836e-01 
  851.000  9.905341e-01 
  852.000  9.962922e-01 
  853.000  9.966766e-01 
  854.000  9.960218e-01 
  855.000  9.960218e-01 
  856.000  9.964375e-01 
  857.000  9.992138e-01 
  858.000  9.963467e-01 
  859.000  9.979898e-01 
  860.000  9.997863e-01 
  861.000  9.989327e-01 
  862.000  9.996651e-01 
  863.000  9.996684e-01 
  864.000  9.998936e-01 
  865.000  9.998936e-01 
  866.000  9.999096e-01 
  867.000  9.999820e-01 
  868.000  9.999128e-01 
  869.000  9.997218e-01 
  870.000  9.997078e-01 
  871.000  9.998566e-01 
  872.000  9.999157e-01 
  873.000  9.996282e-01 
  874.000  9.996282e-01 
  875.000  9.999665e-01 
  876.000  9.999720e-01 
  877.000  9.996879e-01 
  878.000  9.995359e-01 
  879.000  9.994516e-01 
  880.000  9.997575e-01 
  881.000  9.997575e-01 
  882.000  9.982354e-01 
  883.000  9.984338e-01 
  884.000  9.986340e-01 
  885.000  9.988983e-01 
  886.000  9.896284e-01 
  887.000  9.979703e-01 
  888.000  9.979703e-01 
  889.000  9.959889e-01 
  890.000  9.907662e-01 
  891.000  9.980315e-01 
  892.000  9.895995e-01 
  893.000  9.719517e-01 
  894.000  9.719517e-01 
  895.000  9.361268e-01 
  896.000  8.919801e-01 
  897.000  7.720459e-01 
  898.000  8.756828e-01 
  899.000  6.857237e-01 
  900.000  6.857237e-01 
  901.000  7.319889e-01 
  902.000  7.680926e-01 
  903.000  8.174334e-01 
  904.000  9.333261e-01 
  905.000  9.170402e-01 
  906.000  9.170402e-01 
  907.000  7.692083e-01 
  908.000  7.560984e-01 
  909.000  7.611681e-01 
  910.000  7.274094e-01 
  911.000  7.274094e-01 
  912.000  8.471136e-01 
  913.000  7.822146e-01 
  914.000  7.528320e-01 
  915.000  7.033057e-01 
  916.000  7.033057e-01 
  917.000  8.391912e-01 
  918.000  7.254090e-01 
  919.000  8.395207e-01 
  920.000  9.287555e-01 
  921.000  9.287555e-01 
  922.000  8.951058e-01 
  923.000  8.868917e-01 
  924.000  8.542479e-01 
  925.000  8.542479e-01 
  926.000  8.681374e-01 
  927.000  8.924842e-01 
  928.000  7.337382e-01 
  929.000  7.048627e-01 
  930.000  7.048627e-01 
  931.000  5.709545e-01 
  932.000  3.789851e-01 
  933.000  3.493931e-01 
  934.000  3.493931e-01 
  935.000  3.379708e-01 
  936.000  3.072641e-01 
  937.000  2.509342e-01 
  938.000  2.509342e-01 
  939.000  4.171588e-01 
  940.000  5.637974e-01 
  941.000  5.159732e-01 
  942.000  5.159732e-01 
  943.000  4.009349e-01 
  944.000  4.139889e-01 
  945.000  4.980506e-01 
  946.000  4.980506e-01 
  947.000  4.104833e-01 
  948.000  4.617232e-01 
  949.000  5.292679e-01 
  950.000  5.292679e-01 
  951.000  5.663204e-01 
  952.000  4.035803e-01 
  953.000  5.847045e-01 
  954.000  5.847045e-01 
  955.000  5.900145e-01 
  956.000  4.579546e-01 
  957.000  6.526620e-01 
  958.000  6.526620e-01 
  959.000  5.160420e-01 
  960.000  5.916702e-01 
  961.000  5.916702e-01 
  962.000  6.718653e-01 
  963.000  7.269925e-01 
  964.000  6.135945e-01 
  965.000  6.135945e-01 
  966.000  6.934897e-01 
  967.000  8.057712e-01 
  968.000  8.057712e-01 
  969.000  8.386225e-01 
  970.000  8.841502e-01 
  971.000  9.082618e-01 
  972.000  9.082618e-01 
  973.000  8.764578e-01 
  974.000  7.682385e-01 
  975.000  7.682385e-01 
  976.000  7.598063e-01 
  977.000  8.654307e-01 
  978.000  8.481445e-01 
  979.000  8.481445e-01 
  980.000  8.510245e-01 
  981.000  9.478629e-01 
  982.000  9.478629e-01 
  983.000  9.228839e-01 
  984.000  9.436088e-01 
  985.000  9.436088e-01 
  986.000  9.862334e-01 
  987.000  9.693426e-01 
  988.000  9.693426e-01 
  989.000  9.934266e-01 
  990.000  9.827354e-01 
  991.000  9.827354e-01 
  992.000  9.896070e-01 
  993.000  9.886702e-01 
  994.000  9.886702e-01 
  995.000  9.979170e-01 
  996.000  9.980898e-01 
  997.000  9.980898e-01 
  998.000  9.978311e-01 
  999.000  9.968499e-01 
 1000.000  9.968499e-01 
 1001.000  9.975165e-01 
 1002.000  9.835998e-01 
 1003.000  9.835998e-01 
 1004.000  9.971371e-01 
 1005.000  9.981043e-01 
 1006.000  9.981043e-01 
 1007.000  9.985473e-01 
 1008.000  9.950717e-01 
 1009.000  9.950717e-01 
 1010.000  9.837828e-01 
 1011.000  9.978612e-01 
 1012.000  9.978612e-01 
 1013.000  9.985271e-01 
 1014.000  9.981319e-01 
 1015.000  9.981319e-01 
 1016.000  9.985765e-01 
 1017.000  9.980018e-01 
 1018.000  9.980018e-01 
 1019.000  9.964854e-01 
 1020.000  9.987363e-01 
 1021.000  9.987363e-01 
 1022.000  9.966732e-01 
 1023.000  9.966732e-01 
 1024.000  9.965184e-01 
 1025.000  9.986292e-01 
 1026.000  9.986292e-01 
 1027.000  9.975399e-01 
 1028.000  9.987476e-01 
 1029.000  9.987476e-01 
 1030.000  9.992611e-01 
 1031.000  9.989784e-01 
 1032.000  9.989784e-01 
 1033.000  9.990948e-01 
 1034.000  9.990948e-01 
 1035.000  9.992483e-01 
 1036.000  9.985526e-01 
 1037.000  9.985526e-01 
 1038.000  9.984105e-01 
 1039.000  9.975796e-01 
 1040.000  9.975796e-01 
 1041.000  9.970622e-01 
 1042.000  9.970622e-01 
 1043.000  9.963585e-01 
 1044.000  9.953188e-01 
 1045.000  9.953188e-01 
 1046.000  9.938940e-01 
 1047.000  9.938940e-01 
 1048.000  9.924765e-01 
 1049.000  9.896502e-01 
 1050.000  9.896502e-01 
 1051.000  9.883869e-01 
 1052.000  9.883869e-01 
 1053.000  9.864657e-01 
 1054.000  9.848225e-01 
 1055.000  9.848225e-01 
 1056.000  9.829626e-01 
 1057.000  9.829626e-01 
 1058.000  9.812101e-01 
 1059.000  9.795046e-01 
 1060.000  9.795046e-01 
 1061.000  9.784132e-01 
 1062.000  9.784132e-01 
 1063.000  9.765032e-01 
 1064.000  9.746542e-01 
 1065.000  9.746542e-01 
 1066.000  9.770468e-01 
 1067.000  9.770468e-01 
 1068.000  9.756338e-01 
 1069.000  9.767305e-01 
 1070.000  9.767305e-01 
 1071.000  9.793871e-01 
 1072.000  9.793871e-01 
 1073.000  9.809779e-01 
 1074.000  9.809779e-01 
 1075.000  9.744407e-01 
 1076.000  9.726269e-01 
 1077.000  9.726269e-01 
 1078.000  9.813303e-01 
 1079.000  9.813303e-01 
 1080.000  9.735281e-01 
 1081.000  9.735281e-01 
 1082.000  9.769133e-01 
 1083.000  9.704862e-01 
 1084.000  9.704862e-01 
 1085.000  9.554008e-01 
 1086.000  9.554008e-01 
 1087.000  9.792874e-01 
 1088.000  9.792874e-01 
 1089.000  9.668305e-01 
 1090.000  9.611556e-01 
 1091.000  9.611556e-01 
 1092.000  9.424427e-01 
 1093.000  9.424427e-01 
 1094.000  9.452538e-01 
 1095.000  9.452538e-01 
 1096.000  9.333369e-01 
 1097.000  9.333369e-01 
 1098.000  9.154252e-01 
 1099.000  8.521823e-01 
 1100.000  8.521823e-01 
 1101.000  8.563421e-01 
 1102.000  8.563421e-01 
 1103.000  8.291153e-01 
 1104.000  8.291153e-01 
 1105.000  8.109977e-01 
 1106.000  8.109977e-01 
 1107.000  8.144913e-01 
 1108.000  8.144913e-01 
 1109.000  7.667526e-01 
 1110.000  7.501351e-01 
 1111.000  7.501351e-01 
 1112.000  6.857639e-01 
 1113.000  6.857639e-01 
 1114.000  6.058288e-01 
 1115.000  6.058288e-01 
 1116.000  3.521719e-01 
 1117.000  3.521719e-01 
 1118.000  4.505431e-01 
 1119.000  4.505431e-01 
 1120.000  3.554813e-01 
 1121.000  3.554813e-01 
 1122.000  1.953636e-01 
 1123.000  4.011087e-01 
 1124.000  4.011087e-01 
 1125.000  2.076998e-01 
 1126.000  2.076998e-01 
 1127.000  2.569441e-01 
 1128.000  2.569441e-01 
 1129.000  2.420802e-01 
 1130.000  2.420802e-01 
 1131.000  5.545803e-01 
 1132.000  5.545803e-01 
 1133.000  2.653212e-01 
 1134.000  2.653212e-01 
 1135.000  1.467798e-01 
 1136.000  1.467798e-01 
 1137.000  5.494121e-01 
 1138.000  5.494121e-01 
 1139.000  5.071092e-01 
 1140.000  5.071092e-01 
 1141.000  4.864723e-01 
 1142.000  4.864723e-01 
 1143.000  5.348695e-01 
 1144.000  5.348695e-01 
 1145.000  2.934440e-01 
 1146.000  2.934440e-01 
 1147.000  2.995089e-01 
 1148.000  2.995089e-01 
 1149.000  4.378519e-01 
 1150.000  4.378519e-01 
 1151.000  5.244316e-01 
 1152.000  5.244316e-01 
 1153.000  4.845574e-01 
 1154.000  4.845574e-01 
 1155.000  5.523943e-01 
 1156.000  5.523943e-01 
 1157.000  6.577369e-01 
 1158.000  6.577369e-01 
 1159.000  7.414632e-01 
 1160.000  7.414632e-01 
 1161.000  7.195456e-01 
 1162.000  7.195456e-01 
 1163.000  8.316339e-01 
 1164.000  8.316339e-01 
 1165.000  7.854245e-01 
 1166.000  7.854245e-01 
 1167.000  8.588867e-01 
 1168.000  8.588867e-01 
 1169.000  8.613508e-01 
 1170.000  8.613508e-01 
 1171.000  8.846811e-01 
 1172.000  8.846811e-01 
 1173.000  7.695134e-01 
 1174.000  7.695134e-01 
 1175.000  9.356645e-01 
 1176.000  9.356645e-01 
 1177.000  8.306372e-01 
 1178.000  8.306372e-01 
 1179.000  9.090704e-01 
 1180.000  9.090704e-01 
 1181.000  7.686067e-01 
 1182.000  7.686067e-01 
 1183.000  8.658088e-01 
 1184.000  8.658088e-01 
 1185.000  8.930148e-01 
 1186.000  8.930148e-01 
 1187.000  7.947277e-01 
 1188.000  7.947277e-01 
 1189.000  7.947277e-01 
 1190.000  8.689534e-01 
 1191.000  8.689534e-01 
 1192.000  9.421289e-01 
 1193.000  9.421289e-01 
 1194.000  8.901535e-01 
 1195.000  8.901535e-01 
 1196.000  9.019824e-01 
 1197.000  9.019824e-01 
 1198.000  8.546270e-01 
 1199.000  8.546270e-01 
 1200.000  8.564956e-01 
