  250.000  0.000000e+00 
  251.000  0.000000e+00 
  252.000  0.000000e+00 
  253.000  0.000000e+00 
  254.000  0.000000e+00 
  255.000  0.000000e+00 
  256.000  0.000000e+00 
  257.000  0.000000e+00 
  258.000  0.000000e+00 
  259.000  0.000000e+00 
  260.000  0.000000e+00 
  261.000  0.000000e+00 
  262.000  0.000000e+00 
  263.000  0.000000e+00 
  264.000  0.000000e+00 
  265.000  0.000000e+00 
  266.000  0.000000e+00 
  267.000  0.000000e+00 
  268.000  0.000000e+00 
  269.000  0.000000e+00 
  270.000  0.000000e+00 
  271.000  0.000000e+00 
  272.000  0.000000e+00 
  273.000  0.000000e+00 
  274.000  0.000000e+00 
  275.000  0.000000e+00 
  276.000  0.000000e+00 
  277.000  0.000000e+00 
  278.000  0.000000e+00 
  279.000  0.000000e+00 
  280.000  0.000000e+00 
  281.000  0.000000e+00 
  282.000  0.000000e+00 
  283.000  0.000000e+00 
  284.000  0.000000e+00 
  285.000  0.000000e+00 
  286.000  0.000000e+00 
  287.000  0.000000e+00 
  288.000  0.000000e+00 
  289.000  0.000000e+00 
  290.000  3.356752e-11 
  291.000  3.691482e-10 
  292.000  1.027424e-08 
  293.000  7.016909e-08 
  294.000  6.446555e-07 
  295.000  2.549498e-06 
  296.000  1.907520e-05 
  297.000  6.080947e-05 
  298.000  2.437703e-04 
  299.000  6.234933e-04 
  300.000  1.689733e-03 
  301.000  3.753355e-03 
  302.000  7.344195e-03 
  303.000  1.676968e-02 
  304.000  2.172180e-02 
  305.000  4.245109e-02 
  306.000  5.987002e-02 
  307.000  9.380358e-02 
  308.000  1.222046e-01 
  309.000  1.583157e-01 
  310.000  2.214835e-01 
  311.000  2.491716e-01 
  312.000  3.009102e-01 
  313.000  3.678864e-01 
  314.000  3.890854e-01 
  315.000  4.754010e-01 
  316.000  4.911664e-01 
  317.000  5.594902e-01 
  318.000  5.886598e-01 
  319.000  7.044259e-01 
  320.000  6.087015e-01 
  321.000  7.821772e-01 
  322.000  6.901017e-01 
  323.000  7.655886e-01 
  324.000  8.693860e-01 
  325.000  7.698534e-01 
  326.000  8.778887e-01 
  327.000  8.987510e-01 
  328.000  8.220600e-01 
  329.000  9.418306e-01 
  330.000  9.493293e-01 
  331.000  8.786800e-01 
  332.000  9.557483e-01 
  333.000  9.595373e-01 
  334.000  9.335291e-01 
  335.000  9.739235e-01 
  336.000  9.819903e-01 
  337.000  9.529957e-01 
  338.000  9.747493e-01 
  339.000  9.855205e-01 
  340.000  9.697928e-01 
  341.000  9.843649e-01 
  342.000  9.892144e-01 
  343.000  9.876975e-01 
  344.000  9.722232e-01 
  345.000  9.882134e-01 
  346.000  9.910163e-01 
  347.000  9.892396e-01 
  348.000  9.911405e-01 
  349.000  9.930974e-01 
  350.000  9.942627e-01 
  351.000  9.944296e-01 
  352.000  9.947934e-01 
  353.000  9.951668e-01 
  354.000  9.938999e-01 
  355.000  9.935426e-01 
  356.000  9.937911e-01 
  357.000  9.915926e-01 
  358.000  9.903957e-01 
  359.000  9.890658e-01 
  360.000  9.875745e-01 
  361.000  9.865928e-01 
  362.000  9.886354e-01 
  363.000  9.905823e-01 
  364.000  9.924313e-01 
  365.000  9.923220e-01 
  366.000  9.932746e-01 
  367.000  9.935716e-01 
  368.000  9.934086e-01 
  369.000  9.936803e-01 
  370.000  9.935478e-01 
  371.000  9.939577e-01 
  372.000  9.926715e-01 
  373.000  9.932557e-01 
  374.000  9.933835e-01 
  375.000  9.935911e-01 
  376.000  9.922662e-01 
  377.000  9.920553e-01 
  378.000  9.916671e-01 
  379.000  9.900700e-01 
  380.000  9.882498e-01 
  381.000  9.888976e-01 
  382.000  9.903976e-01 
  383.000  9.920996e-01 
  384.000  9.922444e-01 
  385.000  9.926462e-01 
  386.000  9.929666e-01 
  387.000  9.928746e-01 
  388.000  9.927068e-01 
  389.000  9.926677e-01 
  390.000  9.926478e-01 
  391.000  9.928194e-01 
  392.000  9.919409e-01 
  393.000  9.932124e-01 
  394.000  9.932229e-01 
  395.000  9.930568e-01 
  396.000  9.926363e-01 
  397.000  9.932645e-01 
  398.000  9.920359e-01 
  399.000  9.929526e-01 
  400.000  9.918330e-01 
  401.000  9.920912e-01 
  402.000  9.930190e-01 
  403.000  9.935617e-01 
  404.000  9.925177e-01 
  405.000  9.921898e-01 
  406.000  9.931505e-01 
  407.000  9.939279e-01 
  408.000  9.926167e-01 
  409.000  9.919072e-01 
  410.000  9.922999e-01 
  411.000  9.921243e-01 
  412.000  9.931002e-01 
  413.000  9.917896e-01 
  414.000  9.923258e-01 
  415.000  9.924238e-01 
  416.000  9.935675e-01 
  417.000  9.934132e-01 
  418.000  9.927672e-01 
  419.000  9.929070e-01 
  420.000  9.922550e-01 
  421.000  9.920787e-01 
  422.000  9.918147e-01 
  423.000  9.922460e-01 
  424.000  9.914907e-01 
  425.000  9.923729e-01 
  426.000  9.933770e-01 
  427.000  9.924540e-01 
  428.000  9.915737e-01 
  429.000  9.930112e-01 
  430.000  9.930017e-01 
  431.000  9.914324e-01 
  432.000  9.928911e-01 
  433.000  9.925863e-01 
  434.000  9.917268e-01 
  435.000  9.899768e-01 
  436.000  9.915134e-01 
  437.000  9.931874e-01 
  438.000  9.935189e-01 
  439.000  9.898242e-01 
  440.000  9.910656e-01 
  441.000  9.926308e-01 
  442.000  9.929386e-01 
  443.000  9.915879e-01 
  444.000  9.908168e-01 
  445.000  9.883156e-01 
  446.000  9.894131e-01 
  447.000  9.912331e-01 
  448.000  9.876645e-01 
  449.000  9.906398e-01 
  450.000  9.916788e-01 
  451.000  9.915485e-01 
  452.000  9.913793e-01 
  453.000  9.913516e-01 
  454.000  9.920230e-01 
  455.000  9.910856e-01 
  456.000  9.908616e-01 
  457.000  9.911984e-01 
  458.000  9.889994e-01 
  459.000  9.897303e-01 
  460.000  9.884832e-01 
  461.000  9.885549e-01 
  462.000  9.893751e-01 
  463.000  9.872492e-01 
  464.000  9.883105e-01 
  465.000  9.888535e-01 
  466.000  9.896118e-01 
  467.000  9.883171e-01 
  468.000  9.886639e-01 
  469.000  9.883068e-01 
  470.000  9.877210e-01 
  471.000  9.882457e-01 
  472.000  9.866675e-01 
  473.000  9.847819e-01 
  474.000  9.808612e-01 
  475.000  9.780465e-01 
  476.000  9.763429e-01 
  477.000  9.752066e-01 
  478.000  9.748780e-01 
  479.000  9.754022e-01 
  480.000  9.761584e-01 
  481.000  9.790293e-01 
  482.000  9.810596e-01 
  483.000  9.824982e-01 
  484.000  9.823813e-01 
  485.000  9.815387e-01 
  486.000  9.814888e-01 
  487.000  9.824371e-01 
  488.000  9.816701e-01 
  489.000  9.806149e-01 
  490.000  9.818059e-01 
  491.000  9.824046e-01 
  492.000  9.820039e-01 
  493.000  9.815452e-01 
  494.000  9.806463e-01 
  495.000  9.803960e-01 
  496.000  9.794055e-01 
  497.000  9.789290e-01 
  498.000  9.785536e-01 
  499.000  9.777477e-01 
  500.000  9.767168e-01 
  501.000  9.750420e-01 
  502.000  9.704317e-01 
  503.000  9.653540e-01 
  504.000  9.600317e-01 
  505.000  9.651381e-01 
  506.000  9.626684e-01 
  507.000  9.615358e-01 
  508.000  9.652871e-01 
  509.000  9.671822e-01 
  510.000  9.688429e-01 
  511.000  9.687229e-01 
  512.000  9.690768e-01 
  513.000  9.699481e-01 
  514.000  9.700572e-01 
  515.000  9.703973e-01 
  516.000  9.698452e-01 
  517.000  9.692048e-01 
  518.000  9.686331e-01 
  519.000  9.674338e-01 
  520.000  9.669399e-01 
  521.000  9.660611e-01 
  522.000  9.653795e-01 
  523.000  9.642774e-01 
  524.000  9.627831e-01 
  525.000  9.606358e-01 
  526.000  9.592975e-01 
  527.000  9.573645e-01 
  528.000  9.557582e-01 
  529.000  9.537603e-01 
  530.000  9.527913e-01 
  531.000  9.518486e-01 
  532.000  9.510747e-01 
  533.000  9.507250e-01 
  534.000  9.502606e-01 
  535.000  9.502223e-01 
  536.000  9.500903e-01 
  537.000  9.497517e-01 
  538.000  9.493721e-01 
  539.000  9.482362e-01 
  540.000  9.480068e-01 
  541.000  9.431075e-01 
  542.000  9.437156e-01 
  543.000  9.454532e-01 
  544.000  9.452506e-01 
  545.000  9.418225e-01 
  546.000  9.394435e-01 
  547.000  9.418284e-01 
  548.000  9.435736e-01 
  549.000  9.434974e-01 
  550.000  9.422868e-01 
  551.000  9.436893e-01 
  552.000  9.429533e-01 
  553.000  9.421303e-01 
  554.000  9.417534e-01 
  555.000  9.412346e-01 
  556.000  9.398813e-01 
  557.000  9.381187e-01 
  558.000  9.365653e-01 
  559.000  9.345031e-01 
  560.000  9.326705e-01 
  561.000  9.310750e-01 
  562.000  9.297799e-01 
  563.000  9.280546e-01 
  564.000  9.262087e-01 
  565.000  9.246898e-01 
  566.000  9.233556e-01 
  567.000  9.210967e-01 
  568.000  9.189618e-01 
  569.000  9.069619e-01 
  570.000  9.040082e-01 
  571.000  9.075367e-01 
  572.000  9.007075e-01 
  573.000  9.032219e-01 
  574.000  8.992618e-01 
  575.000  9.006176e-01 
  576.000  8.987048e-01 
  577.000  8.981198e-01 
  578.000  9.026655e-01 
  579.000  9.044411e-01 
  580.000  9.065369e-01 
  581.000  9.094965e-01 
  582.000  9.117849e-01 
  583.000  9.143950e-01 
  584.000  9.171539e-01 
  585.000  9.173223e-01 
  586.000  9.189709e-01 
  587.000  9.187804e-01 
  588.000  9.134822e-01 
  589.000  8.783828e-01 
  590.000  8.738684e-01 
  591.000  8.885693e-01 
  592.000  8.609501e-01 
  593.000  9.033629e-01 
  594.000  8.811887e-01 
  595.000  8.921855e-01 
  596.000  8.992116e-01 
  597.000  9.014434e-01 
  598.000  9.005255e-01 
  599.000  9.089429e-01 
  600.000  9.095961e-01 
  601.000  9.138629e-01 
  602.000  9.156240e-01 
  603.000  9.160010e-01 
  604.000  9.172126e-01 
  605.000  9.172168e-01 
  606.000  9.185258e-01 
  607.000  9.196334e-01 
  608.000  9.208477e-01 
  609.000  9.213520e-01 
  610.000  9.223385e-01 
  611.000  9.231350e-01 
  612.000  9.241851e-01 
  613.000  9.252089e-01 
  614.000  9.259059e-01 
  615.000  9.267258e-01 
  616.000  9.278253e-01 
  617.000  9.285983e-01 
  618.000  9.290591e-01 
  619.000  9.297711e-01 
  620.000  9.301782e-01 
  621.000  9.303011e-01 
  622.000  9.303480e-01 
  623.000  9.301150e-01 
  624.000  9.298666e-01 
  625.000  9.297772e-01 
  626.000  9.288557e-01 
  627.000  9.269730e-01 
  628.000  8.885514e-01 
  629.000  9.074154e-01 
  630.000  9.172729e-01 
  631.000  9.268662e-01 
  632.000  9.273495e-01 
  633.000  9.304658e-01 
  634.000  9.332097e-01 
  635.000  9.348626e-01 
  636.000  9.367915e-01 
  637.000  9.400474e-01 
  638.000  9.440795e-01 
  639.000  9.455224e-01 
  640.000  9.469094e-01 
  641.000  9.480393e-01 
  642.000  9.507010e-01 
  643.000  9.496257e-01 
  644.000  9.519979e-01 
  645.000  9.518578e-01 
  646.000  9.402549e-01 
  647.000  9.271616e-01 
  648.000  9.117221e-01 
  649.000  9.222469e-01 
  650.000  9.489951e-01 
  651.000  9.529999e-01 
  652.000  9.453546e-01 
  653.000  9.541774e-01 
  654.000  9.520456e-01 
  655.000  9.243259e-01 
  656.000  9.435690e-01 
  657.000  9.488667e-01 
  658.000  9.581493e-01 
  659.000  9.635543e-01 
  660.000  9.625799e-01 
  661.000  9.652647e-01 
  662.000  9.653347e-01 
  663.000  9.640958e-01 
  664.000  9.660653e-01 
  665.000  9.669401e-01 
  666.000  9.676546e-01 
  667.000  9.688928e-01 
  668.000  9.693225e-01 
  669.000  9.699869e-01 
  670.000  9.706169e-01 
  671.000  9.714291e-01 
  672.000  9.715722e-01 
  673.000  9.722020e-01 
  674.000  9.724354e-01 
  675.000  9.731203e-01 
  676.000  9.732559e-01 
  677.000  9.736777e-01 
  678.000  9.742478e-01 
  679.000  9.745604e-01 
  680.000  9.750618e-01 
  681.000  9.749650e-01 
  682.000  9.761931e-01 
  683.000  9.749855e-01 
  684.000  9.754370e-01 
  685.000  9.774628e-01 
  686.000  9.772228e-01 
  687.000  6.291592e-01 
  688.000  8.044027e-01 
  689.000  8.534000e-01 
  690.000  8.900889e-01 
  691.000  9.125783e-01 
  692.000  9.514120e-01 
  693.000  9.165170e-01 
  694.000  8.599867e-01 
  695.000  9.155750e-01 
  696.000  8.997042e-01 
  697.000  9.704280e-01 
  698.000  9.695032e-01 
  699.000  9.322677e-01 
  700.000  9.388899e-01 
  701.000  9.062275e-01 
  702.000  9.208318e-01 
  703.000  9.347046e-01 
  704.000  9.415964e-01 
  705.000  9.436644e-01 
  706.000  9.535115e-01 
  707.000  9.623746e-01 
  708.000  9.716341e-01 
  709.000  9.714189e-01 
  710.000  9.664532e-01 
  711.000  9.751117e-01 
  712.000  9.708030e-01 
  713.000  9.777198e-01 
  714.000  9.700285e-01 
  715.000  9.515750e-01 
  716.000  9.556082e-01 
  717.000  8.928295e-01 
  718.000  7.643819e-01 
  719.000  7.069722e-01 
  720.000  7.439520e-01 
  721.000  9.209474e-01 
  722.000  9.156805e-01 
  723.000  9.034496e-01 
  724.000  7.579600e-01 
  725.000  7.631364e-01 
  726.000  8.522382e-01 
  727.000  8.071880e-01 
  728.000  7.457925e-01 
  729.000  7.675745e-01 
  730.000  8.604532e-01 
  731.000  8.198841e-01 
  732.000  8.459814e-01 
  733.000  9.225070e-01 
  734.000  9.579396e-01 
  735.000  9.290929e-01 
  736.000  9.488261e-01 
  737.000  9.479259e-01 
  738.000  9.614606e-01 
  739.000  9.649251e-01 
  740.000  9.815860e-01 
  741.000  9.891542e-01 
  742.000  9.887835e-01 
  743.000  9.885694e-01 
  744.000  9.905038e-01 
  745.000  9.912944e-01 
  746.000  9.925250e-01 
  747.000  9.924603e-01 
  748.000  9.927475e-01 
  749.000  9.925410e-01 
  750.000  9.928039e-01 
  751.000  9.926161e-01 
  752.000  9.936022e-01 
  753.000  9.937788e-01 
  754.000  9.937322e-01 
  755.000  9.936526e-01 
  756.000  9.935531e-01 
  757.000  9.943846e-01 
  758.000  9.945898e-01 
  759.000  9.828838e-01 
  760.000  3.009744e-01 
  761.000  1.632215e-01 
  762.000  5.819812e-01 
  763.000  4.609859e-01 
  764.000  5.503330e-01 
  765.000  7.085788e-01 
  766.000  8.549926e-01 
  767.000  9.112262e-01 
  768.000  9.723258e-01 
  769.000  9.879014e-01 
  770.000  9.879991e-01 
  771.000  9.936222e-01 
  772.000  9.950395e-01 
  773.000  9.950089e-01 
  774.000  9.948329e-01 
  775.000  9.949430e-01 
  776.000  9.949791e-01 
  777.000  9.949899e-01 
  778.000  9.949869e-01 
  779.000  9.949654e-01 
  780.000  9.949487e-01 
  781.000  9.951046e-01 
  782.000  9.948959e-01 
  783.000  9.952232e-01 
  784.000  9.940668e-01 
  785.000  9.925588e-01 
  786.000  9.857922e-01 
  787.000  9.861063e-01 
  788.000  9.748132e-01 
  789.000  9.725710e-01 
  790.000  9.516509e-01 
  791.000  9.537126e-01 
  792.000  9.606551e-01 
  793.000  9.673953e-01 
  794.000  9.935347e-01 
  795.000  9.821903e-01 
  796.000  9.268053e-01 
  797.000  9.691525e-01 
  798.000  9.706688e-01 
  799.000  9.782417e-01 
  800.000  9.539539e-01 
  801.000  9.436487e-01 
  802.000  9.599427e-01 
  803.000  9.542290e-01 
  804.000  9.533793e-01 
  805.000  9.662712e-01 
  806.000  9.867995e-01 
  807.000  9.733789e-01 
  808.000  9.866466e-01 
  809.000  9.649853e-01 
  810.000  9.549350e-01 
  811.000  9.615789e-01 
  812.000  9.377480e-01 
  813.000  9.000734e-01 
  814.000  8.349295e-01 
  815.000  7.893302e-01 
  816.000  8.239564e-01 
  817.000  6.707320e-01 
  818.000  7.851093e-01 
  819.000  8.108061e-01 
  820.000  7.713932e-01 
  821.000  9.444206e-01 
  822.000  9.065298e-01 
  823.000  6.246451e-01 
  824.000  8.616895e-01 
  825.000  9.260730e-01 
  826.000  8.631071e-01 
  827.000  9.218796e-01 
  828.000  7.854462e-01 
  829.000  8.910280e-01 
  830.000  8.696336e-01 
  831.000  8.748186e-01 
  832.000  8.774092e-01 
  833.000  9.155894e-01 
  834.000  9.259022e-01 
  835.000  9.455294e-01 
  836.000  9.541270e-01 
  837.000  9.457138e-01 
  838.000  9.689400e-01 
  839.000  9.755309e-01 
  840.000  9.788433e-01 
  841.000  9.788433e-01 
  842.000  9.610505e-01 
  843.000  9.924392e-01 
  844.000  9.720685e-01 
  845.000  9.876872e-01 
  846.000  9.921718e-01 
  847.000  9.957740e-01 
  848.000  9.907998e-01 
  849.000  9.926400e-01 
  850.000  9.909238e-01 
  851.000  9.870975e-01 
  852.000  9.948385e-01 
  853.000  9.954130e-01 
  854.000  9.945222e-01 
  855.000  9.945222e-01 
  856.000  9.950905e-01 
  857.000  9.989133e-01 
  858.000  9.949674e-01 
  859.000  9.972276e-01 
  860.000  9.997025e-01 
  861.000  9.985265e-01 
  862.000  9.995371e-01 
  863.000  9.996827e-01 
  864.000  9.998500e-01 
  865.000  9.998500e-01 
  866.000  9.999091e-01 
  867.000  9.999763e-01 
  868.000  9.999116e-01 
  869.000  9.997327e-01 
  870.000  9.995964e-01 
  871.000  9.998536e-01 
  872.000  9.998783e-01 
  873.000  9.994814e-01 
  874.000  9.994814e-01 
  875.000  9.999439e-01 
  876.000  9.999505e-01 
  877.000  9.995567e-01 
  878.000  9.993403e-01 
  879.000  9.992229e-01 
  880.000  9.996429e-01 
  881.000  9.996429e-01 
  882.000  9.975281e-01 
  883.000  9.978154e-01 
  884.000  9.980733e-01 
  885.000  9.984329e-01 
  886.000  9.857538e-01 
  887.000  9.971305e-01 
  888.000  9.971305e-01 
  889.000  9.943808e-01 
  890.000  9.873338e-01 
  891.000  9.971929e-01 
  892.000  9.855502e-01 
  893.000  9.613838e-01 
  894.000  9.613838e-01 
  895.000  9.174285e-01 
  896.000  8.618001e-01 
  897.000  7.330861e-01 
  898.000  8.396199e-01 
  899.000  6.419169e-01 
  900.000  6.419169e-01 
  901.000  6.874191e-01 
  902.000  7.328016e-01 
  903.000  7.834161e-01 
  904.000  9.115663e-01 
  905.000  8.930547e-01 
  906.000  8.930547e-01 
  907.000  7.269581e-01 
  908.000  7.152522e-01 
  909.000  7.181338e-01 
  910.000  6.809311e-01 
  911.000  6.809311e-01 
  912.000  8.040124e-01 
  913.000  7.343307e-01 
  914.000  7.076147e-01 
  915.000  6.562315e-01 
  916.000  6.562315e-01 
  917.000  7.912767e-01 
  918.000  6.746676e-01 
  919.000  8.062585e-01 
  920.000  9.043892e-01 
  921.000  9.043892e-01 
  922.000  8.627838e-01 
  923.000  8.527792e-01 
  924.000  8.091254e-01 
  925.000  8.091254e-01 
  926.000  8.272145e-01 
  927.000  8.575727e-01 
  928.000  6.768056e-01 
  929.000  6.425681e-01 
  930.000  6.425681e-01 
  931.000  5.082383e-01 
  932.000  3.179317e-01 
  933.000  2.698922e-01 
  934.000  2.698922e-01 
  935.000  2.745007e-01 
  936.000  2.407076e-01 
  937.000  1.826192e-01 
  938.000  1.826192e-01 
  939.000  3.461604e-01 
  940.000  4.850661e-01 
  941.000  4.377724e-01 
  942.000  4.377724e-01 
  943.000  3.228097e-01 
  944.000  3.374692e-01 
  945.000  4.275008e-01 
  946.000  4.275008e-01 
  947.000  3.328081e-01 
  948.000  3.955711e-01 
  949.000  4.536534e-01 
  950.000  4.536534e-01 
  951.000  5.036917e-01 
  952.000  3.261207e-01 
  953.000  5.213843e-01 
  954.000  5.213843e-01 
  955.000  5.253829e-01 
  956.000  3.929113e-01 
  957.000  5.986031e-01 
  958.000  5.986031e-01 
  959.000  4.550246e-01 
  960.000  5.263273e-01 
  961.000  5.263273e-01 
  962.000  6.169537e-01 
  963.000  6.695405e-01 
  964.000  5.588701e-01 
  965.000  5.588701e-01 
  966.000  6.347311e-01 
  967.000  7.660561e-01 
  968.000  7.660561e-01 
  969.000  8.023843e-01 
  970.000  8.484149e-01 
  971.000  8.789973e-01 
  972.000  8.789973e-01 
  973.000  8.380451e-01 
  974.000  7.212632e-01 
  975.000  7.212632e-01 
  976.000  7.158515e-01 
  977.000  8.344331e-01 
  978.000  8.139348e-01 
  979.000  8.139348e-01 
  980.000  8.162730e-01 
  981.000  9.297892e-01 
  982.000  9.297892e-01 
  983.000  9.009017e-01 
  984.000  9.246837e-01 
  985.000  9.246837e-01 
  986.000  9.810960e-01 
  987.000  9.584790e-01 
  988.000  9.584790e-01 
  989.000  9.909025e-01 
  990.000  9.763329e-01 
  991.000  9.763329e-01 
  992.000  9.857875e-01 
  993.000  9.844782e-01 
  994.000  9.844782e-01 
  995.000  9.970869e-01 
  996.000  9.973264e-01 
  997.000  9.973264e-01 
  998.000  9.969710e-01 
  999.000  9.956142e-01 
 1000.000  9.956142e-01 
 1001.000  9.965333e-01 
 1002.000  9.777366e-01 
 1003.000  9.777366e-01 
 1004.000  9.960148e-01 
 1005.000  9.973747e-01 
 1006.000  9.973747e-01 
 1007.000  9.979907e-01 
 1008.000  9.931528e-01 
 1009.000  9.931528e-01 
 1010.000  9.779813e-01 
 1011.000  9.970251e-01 
 1012.000  9.970251e-01 
 1013.000  9.979516e-01 
 1014.000  9.974089e-01 
 1015.000  9.974089e-01 
 1016.000  9.980190e-01 
 1017.000  9.972295e-01 
 1018.000  9.972295e-01 
 1019.000  9.951302e-01 
 1020.000  9.982510e-01 
 1021.000  9.982510e-01 
 1022.000  9.953919e-01 
 1023.000  9.953919e-01 
 1024.000  9.951788e-01 
 1025.000  9.981257e-01 
 1026.000  9.981257e-01 
 1027.000  9.966316e-01 
 1028.000  9.983278e-01 
 1029.000  9.983278e-01 
 1030.000  9.990957e-01 
 1031.000  9.987410e-01 
 1032.000  9.987410e-01 
 1033.000  9.989857e-01 
 1034.000  9.989857e-01 
 1035.000  9.992942e-01 
 1036.000  9.986501e-01 
 1037.000  9.986501e-01 
 1038.000  9.985194e-01 
 1039.000  9.977227e-01 
 1040.000  9.977227e-01 
 1041.000  9.972684e-01 
 1042.000  9.972684e-01 
 1043.000  9.966179e-01 
 1044.000  9.956543e-01 
 1045.000  9.956543e-01 
 1046.000  9.943337e-01 
 1047.000  9.943337e-01 
 1048.000  9.930196e-01 
 1049.000  9.904000e-01 
 1050.000  9.904000e-01 
 1051.000  9.892275e-01 
 1052.000  9.892275e-01 
 1053.000  9.874454e-01 
 1054.000  9.859151e-01 
 1055.000  9.859151e-01 
 1056.000  9.841945e-01 
 1057.000  9.841945e-01 
 1058.000  9.825631e-01 
 1059.000  9.809824e-01 
 1060.000  9.809824e-01 
 1061.000  9.799653e-01 
 1062.000  9.799653e-01 
 1063.000  9.781060e-01 
 1064.000  9.759061e-01 
 1065.000  9.759061e-01 
 1066.000  9.786817e-01 
 1067.000  9.786817e-01 
 1068.000  9.770588e-01 
 1069.000  9.774797e-01 
 1070.000  9.774797e-01 
 1071.000  9.804076e-01 
 1072.000  9.804076e-01 
 1073.000  9.818438e-01 
 1074.000  9.818438e-01 
 1075.000  9.720759e-01 
 1076.000  9.688352e-01 
 1077.000  9.688352e-01 
 1078.000  9.796026e-01 
 1079.000  9.796026e-01 
 1080.000  9.683441e-01 
 1081.000  9.683441e-01 
 1082.000  9.719201e-01 
 1083.000  9.625248e-01 
 1084.000  9.625248e-01 
 1085.000  9.419467e-01 
 1086.000  9.419467e-01 
 1087.000  9.733827e-01 
 1088.000  9.733827e-01 
 1089.000  9.561505e-01 
 1090.000  9.487042e-01 
 1091.000  9.487042e-01 
 1092.000  9.231146e-01 
 1093.000  9.231146e-01 
 1094.000  9.268899e-01 
 1095.000  9.268899e-01 
 1096.000  9.111313e-01 
 1097.000  9.111313e-01 
 1098.000  8.873926e-01 
 1099.000  8.124300e-01 
 1100.000  8.124300e-01 
 1101.000  8.182424e-01 
 1102.000  8.182424e-01 
 1103.000  7.855120e-01 
 1104.000  7.855120e-01 
 1105.000  7.639382e-01 
 1106.000  7.639382e-01 
 1107.000  7.703322e-01 
 1108.000  7.703322e-01 
 1109.000  7.160605e-01 
 1110.000  7.065742e-01 
 1111.000  7.065742e-01 
 1112.000  6.380457e-01 
 1113.000  6.380457e-01 
 1114.000  5.410802e-01 
 1115.000  5.410802e-01 
 1116.000  2.857144e-01 
 1117.000  2.857144e-01 
 1118.000  3.761415e-01 
 1119.000  3.761415e-01 
 1120.000  2.792518e-01 
 1121.000  2.792518e-01 
 1122.000  1.407064e-01 
 1123.000  3.205681e-01 
 1124.000  3.205681e-01 
 1125.000  1.452713e-01 
 1126.000  1.452713e-01 
 1127.000  1.859802e-01 
 1128.000  1.859802e-01 
 1129.000  1.699293e-01 
 1130.000  1.699293e-01 
 1131.000  4.709739e-01 
 1132.000  4.709739e-01 
 1133.000  1.947319e-01 
 1134.000  1.947319e-01 
 1135.000  1.034614e-01 
 1136.000  1.034614e-01 
 1137.000  4.598566e-01 
 1138.000  4.598566e-01 
 1139.000  4.338844e-01 
 1140.000  4.338844e-01 
 1141.000  4.029343e-01 
 1142.000  4.029343e-01 
 1143.000  4.621279e-01 
 1144.000  4.621279e-01 
 1145.000  2.155965e-01 
 1146.000  2.155965e-01 
 1147.000  2.285896e-01 
 1148.000  2.285896e-01 
 1149.000  3.718211e-01 
 1150.000  3.718211e-01 
 1151.000  4.426989e-01 
 1152.000  4.426989e-01 
 1153.000  4.071580e-01 
 1154.000  4.071580e-01 
 1155.000  4.784878e-01 
 1156.000  4.784878e-01 
 1157.000  6.002708e-01 
 1158.000  6.002708e-01 
 1159.000  6.851863e-01 
 1160.000  6.851863e-01 
 1161.000  6.655966e-01 
 1162.000  6.655966e-01 
 1163.000  7.960328e-01 
 1164.000  7.960328e-01 
 1165.000  7.424082e-01 
 1166.000  7.424082e-01 
 1167.000  8.215880e-01 
 1168.000  8.215880e-01 
 1169.000  8.259636e-01 
 1170.000  8.259636e-01 
 1171.000  8.546560e-01 
 1172.000  8.546560e-01 
 1173.000  7.215220e-01 
 1174.000  7.215220e-01 
 1175.000  9.144574e-01 
 1176.000  9.144574e-01 
 1177.000  7.921972e-01 
 1178.000  7.921972e-01 
 1179.000  8.860636e-01 
 1180.000  8.860636e-01 
 1181.000  7.285077e-01 
 1182.000  7.285077e-01 
 1183.000  8.344859e-01 
 1184.000  8.344859e-01 
 1185.000  8.599207e-01 
 1186.000  8.599207e-01 
 1187.000  7.551907e-01 
 1188.000  7.551907e-01 
 1189.000  7.551907e-01 
 1190.000  8.400691e-01 
 1191.000  8.400691e-01 
 1192.000  9.229667e-01 
 1193.000  9.229667e-01 
 1194.000  8.646287e-01 
 1195.000  8.646287e-01 
 1196.000  8.704304e-01 
 1197.000  8.704304e-01 
 1198.000  8.193874e-01 
 1199.000  8.193874e-01 
 1200.000  8.251715e-01 
