  250.000  0.000000e+00 
  251.000  0.000000e+00 
  252.000  0.000000e+00 
  253.000  0.000000e+00 
  254.000  0.000000e+00 
  255.000  0.000000e+00 
  256.000  0.000000e+00 
  257.000  0.000000e+00 
  258.000  0.000000e+00 
  259.000  0.000000e+00 
  260.000  0.000000e+00 
  261.000  0.000000e+00 
  262.000  0.000000e+00 
  263.000  0.000000e+00 
  264.000  0.000000e+00 
  265.000  0.000000e+00 
  266.000  0.000000e+00 
  267.000  0.000000e+00 
  268.000  0.000000e+00 
  269.000  0.000000e+00 
  270.000  0.000000e+00 
  271.000  0.000000e+00 
  272.000  0.000000e+00 
  273.000  0.000000e+00 
  274.000  0.000000e+00 
  275.000  0.000000e+00 
  276.000  0.000000e+00 
  277.000  0.000000e+00 
  278.000  0.000000e+00 
  279.000  0.000000e+00 
  280.000  0.000000e+00 
  281.000  0.000000e+00 
  282.000  0.000000e+00 
  283.000  0.000000e+00 
  284.000  0.000000e+00 
  285.000  0.000000e+00 
  286.000  0.000000e+00 
  287.000  0.000000e+00 
  288.000  0.000000e+00 
  289.000  0.000000e+00 
  290.000  7.681313e-07 
  291.000  3.194657e-06 
  292.000  2.017707e-05 
  293.000  5.687656e-05 
  294.000  2.246988e-04 
  295.000  5.418354e-04 
  296.000  1.618827e-03 
  297.000  3.266879e-03 
  298.000  7.977283e-03 
  299.000  1.295527e-02 
  300.000  2.416275e-02 
  301.000  3.994288e-02 
  302.000  5.695038e-02 
  303.000  9.100985e-02 
  304.000  1.101725e-01 
  305.000  1.608247e-01 
  306.000  1.947826e-01 
  307.000  2.463365e-01 
  308.000  2.866418e-01 
  309.000  3.235256e-01 
  310.000  4.079730e-01 
  311.000  4.421872e-01 
  312.000  5.007379e-01 
  313.000  5.523641e-01 
  314.000  5.707706e-01 
  315.000  6.449535e-01 
  316.000  6.654184e-01 
  317.000  7.021694e-01 
  318.000  7.292104e-01 
  319.000  8.126882e-01 
  320.000  7.384461e-01 
  321.000  8.662374e-01 
  322.000  8.048202e-01 
  323.000  8.618805e-01 
  324.000  9.169875e-01 
  325.000  8.606787e-01 
  326.000  9.285037e-01 
  327.000  9.403126e-01 
  328.000  8.865361e-01 
  329.000  9.630556e-01 
  330.000  9.672970e-01 
  331.000  9.325792e-01 
  332.000  9.737120e-01 
  333.000  9.793236e-01 
  334.000  9.592754e-01 
  335.000  9.860917e-01 
  336.000  9.918134e-01 
  337.000  9.777510e-01 
  338.000  9.859199e-01 
  339.000  9.944703e-01 
  340.000  9.839181e-01 
  341.000  9.919533e-01 
  342.000  9.956919e-01 
  343.000  9.938294e-01 
  344.000  9.876304e-01 
  345.000  9.954919e-01 
  346.000  9.977617e-01 
  347.000  9.983013e-01 
  348.000  9.983965e-01 
  349.000  9.993945e-01 
  350.000  9.992949e-01 
  351.000  9.992110e-01 
  352.000  9.980033e-01 
  353.000  9.990994e-01 
  354.000  9.991017e-01 
  355.000  9.986942e-01 
  356.000  9.981699e-01 
  357.000  9.970372e-01 
  358.000  9.963265e-01 
  359.000  9.956869e-01 
  360.000  9.952971e-01 
  361.000  9.965279e-01 
  362.000  9.981143e-01 
  363.000  9.991021e-01 
  364.000  9.995527e-01 
  365.000  9.996529e-01 
  366.000  9.999056e-01 
  367.000  9.999239e-01 
  368.000  9.999355e-01 
  369.000  9.999434e-01 
  370.000  9.999382e-01 
  371.000  9.999349e-01 
  372.000  9.999312e-01 
  373.000  9.999260e-01 
  374.000  9.998782e-01 
  375.000  9.997728e-01 
  376.000  9.995364e-01 
  377.000  9.990730e-01 
  378.000  9.983246e-01 
  379.000  9.976965e-01 
  380.000  9.975535e-01 
  381.000  9.981152e-01 
  382.000  9.989086e-01 
  383.000  9.994310e-01 
  384.000  9.997185e-01 
  385.000  9.998624e-01 
  386.000  9.999223e-01 
  387.000  9.999464e-01 
  388.000  9.999513e-01 
  389.000  9.999577e-01 
  390.000  9.999665e-01 
  391.000  9.999684e-01 
  392.000  9.999754e-01 
  393.000  9.999842e-01 
  394.000  9.999903e-01 
  395.000  9.999903e-01 
  396.000  9.999994e-01 
  397.000  9.999970e-01 
  398.000  9.999931e-01 
  399.000  9.999903e-01 
  400.000  9.999684e-01 
  401.000  9.999656e-01 
  402.000  9.999659e-01 
  403.000  9.999672e-01 
  404.000  9.999684e-01 
  405.000  9.999622e-01 
  406.000  9.999641e-01 
  407.000  9.999697e-01 
  408.000  9.999758e-01 
  409.000  9.999790e-01 
  410.000  9.999802e-01 
  411.000  9.999783e-01 
  412.000  9.999709e-01 
  413.000  9.999740e-01 
  414.000  9.997998e-01 
  415.000  9.998652e-01 
  416.000  9.999180e-01 
  417.000  9.999486e-01 
  418.000  9.999418e-01 
  419.000  9.999291e-01 
  420.000  9.999166e-01 
  421.000  9.999135e-01 
  422.000  9.999188e-01 
  423.000  9.999287e-01 
  424.000  9.999319e-01 
  425.000  9.998993e-01 
  426.000  9.998655e-01 
  427.000  9.998331e-01 
  428.000  9.997814e-01 
  429.000  9.997197e-01 
  430.000  9.996527e-01 
  431.000  9.995909e-01 
  432.000  9.995269e-01 
  433.000  9.994633e-01 
  434.000  9.994023e-01 
  435.000  9.993410e-01 
  436.000  9.992757e-01 
  437.000  9.992077e-01 
  438.000  9.991356e-01 
  439.000  9.990680e-01 
  440.000  9.989855e-01 
  441.000  9.988968e-01 
  442.000  9.987949e-01 
  443.000  9.986817e-01 
  444.000  9.985565e-01 
  445.000  9.984076e-01 
  446.000  9.982237e-01 
  447.000  9.981517e-01 
  448.000  9.982439e-01 
  449.000  9.983814e-01 
  450.000  9.984948e-01 
  451.000  9.985452e-01 
  452.000  9.985440e-01 
  453.000  9.985204e-01 
  454.000  9.984800e-01 
  455.000  9.983582e-01 
  456.000  9.981236e-01 
  457.000  9.979080e-01 
  458.000  9.976884e-01 
  459.000  9.974526e-01 
  460.000  9.972221e-01 
  461.000  9.969926e-01 
  462.000  9.967512e-01 
  463.000  9.965182e-01 
  464.000  9.966972e-01 
  465.000  9.968621e-01 
  466.000  9.970084e-01 
  467.000  9.971262e-01 
  468.000  9.969543e-01 
  469.000  9.966061e-01 
  470.000  9.961713e-01 
  471.000  9.956357e-01 
  472.000  9.949663e-01 
  473.000  9.940662e-01 
  474.000  9.930714e-01 
  475.000  9.917127e-01 
  476.000  9.899873e-01 
  477.000  9.885374e-01 
  478.000  9.885902e-01 
  479.000  9.894264e-01 
  480.000  9.904509e-01 
  481.000  9.912302e-01 
  482.000  9.918644e-01 
  483.000  9.922449e-01 
  484.000  9.923898e-01 
  485.000  9.923873e-01 
  486.000  9.924640e-01 
  487.000  9.926108e-01 
  488.000  9.927207e-01 
  489.000  9.928156e-01 
  490.000  9.929051e-01 
  491.000  9.927361e-01 
  492.000  9.924931e-01 
  493.000  9.922572e-01 
  494.000  9.920052e-01 
  495.000  9.917648e-01 
  496.000  9.911243e-01 
  497.000  9.904804e-01 
  498.000  9.898417e-01 
  499.000  9.891897e-01 
  500.000  9.885429e-01 
  501.000  9.878623e-01 
  502.000  9.871936e-01 
  503.000  9.865317e-01 
  504.000  9.858637e-01 
  505.000  9.851870e-01 
  506.000  9.851055e-01 
  507.000  9.850587e-01 
  508.000  9.850202e-01 
  509.000  9.849793e-01 
  510.000  9.849262e-01 
  511.000  9.847906e-01 
  512.000  9.846367e-01 
  513.000  9.844872e-01 
  514.000  9.843365e-01 
  515.000  9.841875e-01 
  516.000  9.838366e-01 
  517.000  9.833049e-01 
  518.000  9.827722e-01 
  519.000  9.822419e-01 
  520.000  9.817175e-01 
  521.000  9.811661e-01 
  522.000  9.805405e-01 
  523.000  9.798594e-01 
  524.000  9.791931e-01 
  525.000  9.784993e-01 
  526.000  9.778692e-01 
  527.000  9.771028e-01 
  528.000  9.762874e-01 
  529.000  9.754789e-01 
  530.000  9.746872e-01 
  531.000  9.739090e-01 
  532.000  9.732091e-01 
  533.000  9.728842e-01 
  534.000  9.726883e-01 
  535.000  9.725747e-01 
  536.000  9.724463e-01 
  537.000  9.722710e-01 
  538.000  9.720417e-01 
  539.000  9.717820e-01 
  540.000  9.714996e-01 
  541.000  9.712111e-01 
  542.000  9.709105e-01 
  543.000  9.706020e-01 
  544.000  9.702120e-01 
  545.000  9.697577e-01 
  546.000  9.692999e-01 
  547.000  9.688550e-01 
  548.000  9.684057e-01 
  549.000  9.679598e-01 
  550.000  9.674270e-01 
  551.000  9.668060e-01 
  552.000  9.661955e-01 
  553.000  9.655702e-01 
  554.000  9.649411e-01 
  555.000  9.643128e-01 
  556.000  9.636551e-01 
  557.000  9.629402e-01 
  558.000  9.622195e-01 
  559.000  9.614868e-01 
  560.000  9.607161e-01 
  561.000  9.599111e-01 
  562.000  9.589181e-01 
  563.000  9.580672e-01 
  564.000  9.571352e-01 
  565.000  9.560301e-01 
  566.000  9.550378e-01 
  567.000  9.533924e-01 
  568.000  9.499491e-01 
  569.000  9.438700e-01 
  570.000  9.437966e-01 
  571.000  9.465238e-01 
  572.000  9.420521e-01 
  573.000  9.419209e-01 
  574.000  9.413570e-01 
  575.000  9.404097e-01 
  576.000  9.400932e-01 
  577.000  9.410334e-01 
  578.000  9.425806e-01 
  579.000  9.441491e-01 
  580.000  9.459507e-01 
  581.000  9.485462e-01 
  582.000  9.502741e-01 
  583.000  9.513119e-01 
  584.000  9.521826e-01 
  585.000  9.528576e-01 
  586.000  9.534013e-01 
  587.000  9.520499e-01 
  588.000  9.449615e-01 
  589.000  9.333171e-01 
  590.000  9.325261e-01 
  591.000  9.404088e-01 
  592.000  9.360714e-01 
  593.000  9.450019e-01 
  594.000  9.428773e-01 
  595.000  9.363676e-01 
  596.000  9.447382e-01 
  597.000  9.419962e-01 
  598.000  9.449213e-01 
  599.000  9.456610e-01 
  600.000  9.482127e-01 
  601.000  9.495533e-01 
  602.000  9.495295e-01 
  603.000  9.501855e-01 
  604.000  9.512266e-01 
  605.000  9.518911e-01 
  606.000  9.523097e-01 
  607.000  9.527031e-01 
  608.000  9.530839e-01 
  609.000  9.534324e-01 
  610.000  9.538107e-01 
  611.000  9.542705e-01 
  612.000  9.547137e-01 
  613.000  9.551312e-01 
  614.000  9.555251e-01 
  615.000  9.559196e-01 
  616.000  9.562853e-01 
  617.000  9.566079e-01 
  618.000  9.568163e-01 
  619.000  9.569305e-01 
  620.000  9.570065e-01 
  621.000  9.570132e-01 
  622.000  9.569506e-01 
  623.000  9.567693e-01 
  624.000  9.566073e-01 
  625.000  9.564058e-01 
  626.000  9.558155e-01 
  627.000  9.519936e-01 
  628.000  9.220685e-01 
  629.000  9.405332e-01 
  630.000  9.428115e-01 
  631.000  9.480614e-01 
  632.000  9.489605e-01 
  633.000  9.541978e-01 
  634.000  9.571196e-01 
  635.000  9.585022e-01 
  636.000  9.603049e-01 
  637.000  9.617868e-01 
  638.000  9.642125e-01 
  639.000  9.653123e-01 
  640.000  9.669862e-01 
  641.000  9.678516e-01 
  642.000  9.691000e-01 
  643.000  9.686167e-01 
  644.000  9.692505e-01 
  645.000  9.682338e-01 
  646.000  9.624860e-01 
  647.000  9.584816e-01 
  648.000  9.539202e-01 
  649.000  9.586018e-01 
  650.000  9.672137e-01 
  651.000  9.674878e-01 
  652.000  9.604339e-01 
  653.000  9.691367e-01 
  654.000  9.684856e-01 
  655.000  9.656998e-01 
  656.000  9.670501e-01 
  657.000  9.689540e-01 
  658.000  9.720840e-01 
  659.000  9.738539e-01 
  660.000  9.748814e-01 
  661.000  9.772729e-01 
  662.000  9.785058e-01 
  663.000  9.785740e-01 
  664.000  9.792360e-01 
  665.000  9.798404e-01 
  666.000  9.805639e-01 
  667.000  9.811692e-01 
  668.000  9.818712e-01 
  669.000  9.823640e-01 
  670.000  9.827968e-01 
  671.000  9.832552e-01 
  672.000  9.836618e-01 
  673.000  9.840608e-01 
  674.000  9.844565e-01 
  675.000  9.848538e-01 
  676.000  9.852175e-01 
  677.000  9.855349e-01 
  678.000  9.858543e-01 
  679.000  9.861030e-01 
  680.000  9.860437e-01 
  681.000  9.858693e-01 
  682.000  9.860104e-01 
  683.000  9.860016e-01 
  684.000  9.856135e-01 
  685.000  9.863396e-01 
  686.000  9.824678e-01 
  687.000  8.514479e-01 
  688.000  8.918561e-01 
  689.000  8.803974e-01 
  690.000  9.012775e-01 
  691.000  9.301026e-01 
  692.000  9.494785e-01 
  693.000  9.509200e-01 
  694.000  9.478615e-01 
  695.000  9.566216e-01 
  696.000  9.614146e-01 
  697.000  9.792362e-01 
  698.000  9.757184e-01 
  699.000  9.599704e-01 
  700.000  9.625890e-01 
  701.000  9.590279e-01 
  702.000  9.615892e-01 
  703.000  9.747378e-01 
  704.000  9.752650e-01 
  705.000  9.697865e-01 
  706.000  9.707903e-01 
  707.000  9.726781e-01 
  708.000  9.747193e-01 
  709.000  9.789494e-01 
  710.000  9.743425e-01 
  711.000  9.789484e-01 
  712.000  9.828543e-01 
  713.000  9.796463e-01 
  714.000  9.785526e-01 
  715.000  9.733918e-01 
  716.000  9.680859e-01 
  717.000  9.336308e-01 
  718.000  9.121422e-01 
  719.000  9.043625e-01 
  720.000  8.923164e-01 
  721.000  9.438273e-01 
  722.000  9.617252e-01 
  723.000  9.515510e-01 
  724.000  9.224118e-01 
  725.000  9.267529e-01 
  726.000  9.252805e-01 
  727.000  9.293342e-01 
  728.000  9.247040e-01 
  729.000  9.357941e-01 
  730.000  9.337129e-01 
  731.000  9.312187e-01 
  732.000  9.498946e-01 
  733.000  9.675343e-01 
  734.000  9.758947e-01 
  735.000  9.727997e-01 
  736.000  9.671057e-01 
  737.000  9.712252e-01 
  738.000  9.769097e-01 
  739.000  9.792909e-01 
  740.000  9.846822e-01 
  741.000  9.877476e-01 
  742.000  9.889778e-01 
  743.000  9.916192e-01 
  744.000  9.928393e-01 
  745.000  9.937652e-01 
  746.000  9.944671e-01 
  747.000  9.946147e-01 
  748.000  9.953663e-01 
  749.000  9.957019e-01 
  750.000  9.954100e-01 
  751.000  9.954988e-01 
  752.000  9.961485e-01 
  753.000  9.963793e-01 
  754.000  9.965490e-01 
  755.000  9.966391e-01 
  756.000  9.967369e-01 
  757.000  9.967560e-01 
  758.000  9.948782e-01 
  759.000  9.259239e-01 
  760.000  4.181260e-01 
  761.000  3.707809e-01 
  762.000  6.624694e-01 
  763.000  5.710708e-01 
  764.000  6.161239e-01 
  765.000  7.188855e-01 
  766.000  8.434900e-01 
  767.000  9.065126e-01 
  768.000  9.477496e-01 
  769.000  9.749439e-01 
  770.000  9.890941e-01 
  771.000  9.958892e-01 
  772.000  9.974507e-01 
  773.000  9.981349e-01 
  774.000  9.990391e-01 
  775.000  9.994992e-01 
  776.000  9.997823e-01 
  777.000  9.998166e-01 
  778.000  9.997403e-01 
  779.000  9.996423e-01 
  780.000  9.995378e-01 
  781.000  9.997769e-01 
  782.000  9.996641e-01 
  783.000  9.995624e-01 
  784.000  9.992383e-01 
  785.000  9.978613e-01 
  786.000  9.959140e-01 
  787.000  9.918617e-01 
  788.000  9.896003e-01 
  789.000  9.816483e-01 
  790.000  9.809110e-01 
  791.000  9.823416e-01 
  792.000  9.836522e-01 
  793.000  9.867938e-01 
  794.000  9.935197e-01 
  795.000  9.893079e-01 
  796.000  9.781523e-01 
  797.000  9.812679e-01 
  798.000  9.882066e-01 
  799.000  9.865456e-01 
  800.000  9.813852e-01 
  801.000  9.819314e-01 
  802.000  9.813534e-01 
  803.000  9.820358e-01 
  804.000  9.843639e-01 
  805.000  9.888818e-01 
  806.000  9.915445e-01 
  807.000  9.916036e-01 
  808.000  9.899996e-01 
  809.000  9.880446e-01 
  810.000  9.859147e-01 
  811.000  9.815910e-01 
  812.000  9.757924e-01 
  813.000  9.686806e-01 
  814.000  9.592809e-01 
  815.000  9.475690e-01 
  816.000  9.323471e-01 
  817.000  9.331921e-01 
  818.000  9.343873e-01 
  819.000  9.393036e-01 
  820.000  9.558733e-01 
  821.000  9.746713e-01 
  822.000  9.602891e-01 
  823.000  9.196980e-01 
  824.000  9.538392e-01 
  825.000  9.754531e-01 
  826.000  9.716535e-01 
  827.000  9.688668e-01 
  828.000  9.545254e-01 
  829.000  9.596355e-01 
  830.000  9.653343e-01 
  831.000  9.666132e-01 
  832.000  9.671052e-01 
  833.000  9.703436e-01 
  834.000  9.741555e-01 
  835.000  9.817720e-01 
  836.000  9.792316e-01 
  837.000  9.788974e-01 
  838.000  9.825825e-01 
  839.000  9.847879e-01 
  840.000  9.855579e-01 
  841.000  9.830428e-01 
  842.000  9.851953e-01 
  843.000  9.903740e-01 
  844.000  9.926839e-01 
  845.000  9.937337e-01 
  846.000  9.946761e-01 
  847.000  9.958698e-01 
  848.000  9.939115e-01 
  849.000  9.941357e-01 
  850.000  9.930475e-01 
  851.000  9.917577e-01 
  852.000  9.918349e-01 
  853.000  9.938405e-01 
  854.000  9.936792e-01 
  855.000  9.946622e-01 
  856.000  9.965937e-01 
  857.000  9.974273e-01 
  858.000  9.978083e-01 
  859.000  9.988384e-01 
  860.000  9.993771e-01 
  861.000  9.994208e-01 
  862.000  9.996867e-01 
  863.000  9.996842e-01 
  864.000  9.998538e-01 
  865.000  9.999851e-01 
  866.000  9.999893e-01 
  867.000  9.999146e-01 
  868.000  9.999002e-01 
  869.000  9.999171e-01 
  870.000  9.998322e-01 
  871.000  9.998465e-01 
  872.000  9.999416e-01 
  873.000  9.997648e-01 
  874.000  9.996507e-01 
  875.000  9.995934e-01 
  876.000  9.993165e-01 
  877.000  9.991566e-01 
  878.000  9.984197e-01 
  879.000  9.983320e-01 
  880.000  9.977284e-01 
  881.000  9.973420e-01 
  882.000  9.969696e-01 
  883.000  9.972613e-01 
  884.000  9.973558e-01 
  885.000  9.961469e-01 
  886.000  9.944885e-01 
  887.000  9.956819e-01 
  888.000  9.955684e-01 
  889.000  9.959555e-01 
  890.000  9.950109e-01 
  891.000  9.931783e-01 
  892.000  9.890097e-01 
  893.000  9.763094e-01 
  894.000  9.699790e-01 
  895.000  9.504445e-01 
  896.000  9.328540e-01 
  897.000  9.141957e-01 
  898.000  9.054025e-01 
  899.000  8.801445e-01 
  900.000  8.838444e-01 
  901.000  8.771759e-01 
  902.000  8.782614e-01 
  903.000  9.204996e-01 
  904.000  9.458076e-01 
  905.000  9.447913e-01 
  906.000  9.289168e-01 
  907.000  9.005861e-01 
  908.000  8.817005e-01 
  909.000  8.825188e-01 
  910.000  8.853570e-01 
  911.000  8.978671e-01 
  912.000  8.917606e-01 
  913.000  8.651432e-01 
  914.000  8.782797e-01 
  915.000  8.885217e-01 
  916.000  8.912288e-01 
  917.000  8.967054e-01 
  918.000  9.037909e-01 
  919.000  9.279116e-01 
  920.000  9.458835e-01 
  921.000  9.418344e-01 
  922.000  9.414464e-01 
  923.000  9.363767e-01 
  924.000  9.242012e-01 
  925.000  9.232548e-01 
  926.000  9.231862e-01 
  927.000  9.091136e-01 
  928.000  8.872766e-01 
  929.000  8.553045e-01 
  930.000  8.137932e-01 
  931.000  7.661424e-01 
  932.000  7.024961e-01 
  933.000  6.523899e-01 
  934.000  5.985643e-01 
  935.000  5.929326e-01 
  936.000  6.149336e-01 
  937.000  6.090780e-01 
  938.000  6.679534e-01 
  939.000  8.118907e-01 
  940.000  8.320484e-01 
  941.000  8.142205e-01 
  942.000  7.701351e-01 
  943.000  6.941396e-01 
  944.000  6.888354e-01 
  945.000  7.168798e-01 
  946.000  7.181973e-01 
  947.000  7.422278e-01 
  948.000  7.561726e-01 
  949.000  7.540701e-01 
  950.000  7.575378e-01 
  951.000  7.884991e-01 
  952.000  7.548787e-01 
  953.000  7.780094e-01 
  954.000  8.024079e-01 
  955.000  7.820758e-01 
  956.000  7.770514e-01 
  957.000  8.385285e-01 
  958.000  8.460469e-01 
  959.000  8.357245e-01 
  960.000  8.325838e-01 
  961.000  8.273420e-01 
  962.000  8.318031e-01 
  963.000  8.646837e-01 
  964.000  8.692331e-01 
  965.000  8.659576e-01 
  966.000  8.675669e-01 
  967.000  8.905345e-01 
  968.000  9.282626e-01 
  969.000  9.449790e-01 
  970.000  9.457961e-01 
  971.000  9.453542e-01 
  972.000  9.405783e-01 
  973.000  9.295123e-01 
  974.000  9.159169e-01 
  975.000  9.071075e-01 
  976.000  9.178019e-01 
  977.000  9.353322e-01 
  978.000  9.338309e-01 
  979.000  9.382650e-01 
  980.000  9.559003e-01 
  981.000  9.597296e-01 
  982.000  9.557300e-01 
  983.000  9.646784e-01 
  984.000  9.738548e-01 
  985.000  9.790267e-01 
  986.000  9.856939e-01 
  987.000  9.885457e-01 
  988.000  9.891636e-01 
  989.000  9.895471e-01 
  990.000  9.902186e-01 
  991.000  9.926721e-01 
  992.000  9.933486e-01 
  993.000  9.933633e-01 
  994.000  9.955734e-01 
  995.000  9.970847e-01 
  996.000  9.970444e-01 
  997.000  9.960715e-01 
  998.000  9.949456e-01 
  999.000  9.944926e-01 
 1000.000  9.948229e-01 
 1001.000  9.925925e-01 
 1002.000  9.887572e-01 
 1003.000  9.896412e-01 
 1004.000  9.918125e-01 
 1005.000  9.927914e-01 
 1006.000  9.930685e-01 
 1007.000  9.923188e-01 
 1008.000  9.891846e-01 
 1009.000  9.849889e-01 
 1010.000  9.868172e-01 
 1011.000  9.912010e-01 
 1012.000  9.928485e-01 
 1013.000  9.939336e-01 
 1014.000  9.944673e-01 
 1015.000  9.945350e-01 
 1016.000  9.950282e-01 
 1017.000  9.953603e-01 
 1018.000  9.946301e-01 
 1019.000  9.930147e-01 
 1020.000  9.935333e-01 
 1021.000  9.946405e-01 
 1022.000  9.929028e-01 
 1023.000  9.913039e-01 
 1024.000  9.903256e-01 
 1025.000  9.929193e-01 
 1026.000  9.941631e-01 
 1027.000  9.935616e-01 
 1028.000  9.939526e-01 
 1029.000  9.951203e-01 
 1030.000  9.962000e-01 
 1031.000  9.967155e-01 
 1032.000  9.970779e-01 
 1033.000  9.971579e-01 
 1034.000  9.974123e-01 
 1035.000  9.974564e-01 
 1036.000  9.971915e-01 
 1037.000  9.970657e-01 
 1038.000  9.971190e-01 
 1039.000  9.968827e-01 
 1040.000  9.966410e-01 
 1041.000  9.964457e-01 
 1042.000  9.963539e-01 
 1043.000  9.962786e-01 
 1044.000  9.960712e-01 
 1045.000  9.956139e-01 
 1046.000  9.952751e-01 
 1047.000  9.948547e-01 
 1048.000  9.941838e-01 
 1049.000  9.934291e-01 
 1050.000  9.928994e-01 
 1051.000  9.923567e-01 
 1052.000  9.918485e-01 
 1053.000  9.915949e-01 
 1054.000  9.909139e-01 
 1055.000  9.902093e-01 
 1056.000  9.895264e-01 
 1057.000  9.882156e-01 
 1058.000  9.860659e-01 
 1059.000  9.859322e-01 
 1060.000  9.865873e-01 
 1061.000  9.862334e-01 
 1062.000  9.847358e-01 
 1063.000  9.838868e-01 
 1064.000  9.825271e-01 
 1065.000  9.812866e-01 
 1066.000  9.813237e-01 
 1067.000  9.804926e-01 
 1068.000  9.784485e-01 
 1069.000  9.779579e-01 
 1070.000  9.787983e-01 
 1071.000  9.776852e-01 
 1072.000  9.763874e-01 
 1073.000  9.763770e-01 
 1074.000  9.768890e-01 
 1075.000  9.794926e-01 
 1076.000  9.782820e-01 
 1077.000  9.765492e-01 
 1078.000  9.744545e-01 
 1079.000  9.743621e-01 
 1080.000  9.683291e-01 
 1081.000  9.681278e-01 
 1082.000  9.709957e-01 
 1083.000  9.678683e-01 
 1084.000  9.643878e-01 
 1085.000  9.558581e-01 
 1086.000  9.580019e-01 
 1087.000  9.676028e-01 
 1088.000  9.680535e-01 
 1089.000  9.566045e-01 
 1090.000  9.545272e-01 
 1091.000  9.568279e-01 
 1092.000  9.511975e-01 
 1093.000  9.383540e-01 
 1094.000  9.327506e-01 
 1095.000  9.337376e-01 
 1096.000  9.346741e-01 
 1097.000  9.322099e-01 
 1098.000  9.003807e-01 
 1099.000  8.728314e-01 
 1100.000  8.747802e-01 
 1101.000  8.786927e-01 
 1102.000  8.769771e-01 
 1103.000  8.796284e-01 
 1104.000  8.750926e-01 
 1105.000  8.635052e-01 
 1106.000  8.515916e-01 
 1107.000  8.547749e-01 
 1108.000  8.572501e-01 
 1109.000  8.678095e-01 
 1110.000  8.670946e-01 
 1111.000  8.617476e-01 
 1112.000  8.369977e-01 
 1113.000  8.029487e-01 
 1114.000  7.945681e-01 
 1115.000  7.518026e-01 
 1116.000  7.246097e-01 
 1117.000  6.586171e-01 
 1118.000  5.965864e-01 
 1119.000  5.634146e-01 
 1120.000  5.201654e-01 
 1121.000  5.105931e-01 
 1122.000  4.627698e-01 
 1123.000  4.900045e-01 
 1124.000  5.079626e-01 
 1125.000  4.987945e-01 
 1126.000  4.949401e-01 
 1127.000  4.985838e-01 
 1128.000  5.057088e-01 
 1129.000  5.512399e-01 
 1130.000  6.535807e-01 
 1131.000  6.819922e-01 
 1132.000  6.433182e-01 
 1133.000  5.691654e-01 
 1134.000  4.253295e-01 
 1135.000  4.366023e-01 
 1136.000  5.791525e-01 
 1137.000  6.513785e-01 
 1138.000  7.175571e-01 
 1139.000  7.358060e-01 
 1140.000  7.233983e-01 
 1141.000  6.973228e-01 
 1142.000  6.883744e-01 
 1143.000  6.599050e-01 
 1144.000  6.269523e-01 
 1145.000  5.782076e-01 
 1146.000  5.897900e-01 
 1147.000  6.276386e-01 
 1148.000  6.604767e-01 
 1149.000  6.732286e-01 
 1150.000  6.730477e-01 
 1151.000  6.916215e-01 
 1152.000  7.005780e-01 
 1153.000  7.138869e-01 
 1154.000  7.089729e-01 
 1155.000  7.337152e-01 
 1156.000  7.614954e-01 
 1157.000  8.170999e-01 
 1158.000  8.387648e-01 
 1159.000  8.570639e-01 
 1160.000  8.644891e-01 
 1161.000  8.839154e-01 
 1162.000  8.975751e-01 
 1163.000  9.142674e-01 
 1164.000  9.182271e-01 
 1165.000  9.192092e-01 
 1166.000  9.225528e-01 
 1167.000  9.245734e-01 
 1168.000  9.237158e-01 
 1169.000  9.260503e-01 
 1170.000  9.281915e-01 
 1171.000  9.340560e-01 
 1172.000  9.305611e-01 
 1173.000  9.270866e-01 
 1174.000  9.272856e-01 
 1175.000  9.366266e-01 
 1176.000  9.451813e-01 
 1177.000  9.411690e-01 
 1178.000  9.329107e-01 
 1179.000  9.329228e-01 
 1180.000  9.299454e-01 
 1181.000  9.221865e-01 
 1182.000  9.144446e-01 
 1183.000  9.153882e-01 
 1184.000  9.198385e-01 
 1185.000  9.306599e-01 
 1186.000  9.274607e-01 
 1187.000  9.163316e-01 
 1188.000  9.137639e-01 
 1189.000  9.206752e-01 
 1190.000  9.381162e-01 
 1191.000  9.432396e-01 
 1192.000  9.505727e-01 
 1193.000  9.489813e-01 
 1194.000  9.478440e-01 
 1195.000  9.405454e-01 
 1196.000  9.415482e-01 
 1197.000  9.379851e-01 
 1198.000  9.371920e-01 
 1199.000  9.327114e-01 
 1200.000  9.352898e-01 
