  250.000  0.000000e+00 
  251.000  0.000000e+00 
  252.000  0.000000e+00 
  253.000  0.000000e+00 
  254.000  0.000000e+00 
  255.000  0.000000e+00 
  256.000  0.000000e+00 
  257.000  0.000000e+00 
  258.000  0.000000e+00 
  259.000  0.000000e+00 
  260.000  0.000000e+00 
  261.000  0.000000e+00 
  262.000  0.000000e+00 
  263.000  0.000000e+00 
  264.000  0.000000e+00 
  265.000  0.000000e+00 
  266.000  0.000000e+00 
  267.000  0.000000e+00 
  268.000  0.000000e+00 
  269.000  0.000000e+00 
  270.000  0.000000e+00 
  271.000  0.000000e+00 
  272.000  0.000000e+00 
  273.000  0.000000e+00 
  274.000  0.000000e+00 
  275.000  0.000000e+00 
  276.000  0.000000e+00 
  277.000  0.000000e+00 
  278.000  0.000000e+00 
  279.000  0.000000e+00 
  280.000  0.000000e+00 
  281.000  0.000000e+00 
  282.000  0.000000e+00 
  283.000  0.000000e+00 
  284.000  0.000000e+00 
  285.000  0.000000e+00 
  286.000  0.000000e+00 
  287.000  0.000000e+00 
  288.000  0.000000e+00 
  289.000  0.000000e+00 
  290.000  0.000000e+00 
  291.000  0.000000e+00 
  292.000  0.000000e+00 
  293.000  0.000000e+00 
  294.000  1.407183e-11 
  295.000  1.929074e-10 
  296.000  5.002184e-09 
  297.000  4.037748e-08 
  298.000  5.745969e-07 
  299.000  2.430737e-06 
  300.000  1.552017e-05 
  301.000  6.921154e-05 
  302.000  1.987926e-04 
  303.000  8.015951e-04 
  304.000  1.415083e-03 
  305.000  4.359216e-03 
  306.000  7.706680e-03 
  307.000  1.549488e-02 
  308.000  2.431828e-02 
  309.000  3.485717e-02 
  310.000  6.948291e-02 
  311.000  8.828875e-02 
  312.000  1.278008e-01 
  313.000  1.711141e-01 
  314.000  1.886380e-01 
  315.000  2.713120e-01 
  316.000  2.977285e-01 
  317.000  3.493518e-01 
  318.000  3.909084e-01 
  319.000  5.396118e-01 
  320.000  4.058194e-01 
  321.000  6.523937e-01 
  322.000  5.242210e-01 
  323.000  6.426822e-01 
  324.000  7.727789e-01 
  325.000  6.400203e-01 
  326.000  8.020046e-01 
  327.000  8.327258e-01 
  328.000  6.989245e-01 
  329.000  8.940734e-01 
  330.000  9.058364e-01 
  331.000  8.125207e-01 
  332.000  9.238216e-01 
  333.000  9.397478e-01 
  334.000  8.836754e-01 
  335.000  9.594375e-01 
  336.000  9.760735e-01 
  337.000  9.355224e-01 
  338.000  9.589902e-01 
  339.000  9.839945e-01 
  340.000  9.534069e-01 
  341.000  9.770086e-01 
  342.000  9.883376e-01 
  343.000  9.830720e-01 
  344.000  9.648111e-01 
  345.000  9.872946e-01 
  346.000  9.937006e-01 
  347.000  9.951801e-01 
  348.000  9.954298e-01 
  349.000  9.984210e-01 
  350.000  9.981585e-01 
  351.000  9.979825e-01 
  352.000  9.944922e-01 
  353.000  9.978622e-01 
  354.000  9.980518e-01 
  355.000  9.971820e-01 
  356.000  9.961293e-01 
  357.000  9.936202e-01 
  358.000  9.925129e-01 
  359.000  9.914207e-01 
  360.000  9.904677e-01 
  361.000  9.929830e-01 
  362.000  9.961389e-01 
  363.000  9.981375e-01 
  364.000  9.990572e-01 
  365.000  9.991615e-01 
  366.000  9.998174e-01 
  367.000  9.998527e-01 
  368.000  9.998751e-01 
  369.000  9.998904e-01 
  370.000  9.998804e-01 
  371.000  9.998739e-01 
  372.000  9.998669e-01 
  373.000  9.998568e-01 
  374.000  9.997644e-01 
  375.000  9.995608e-01 
  376.000  9.991038e-01 
  377.000  9.982083e-01 
  378.000  9.967633e-01 
  379.000  9.955512e-01 
  380.000  9.952754e-01 
  381.000  9.963591e-01 
  382.000  9.978908e-01 
  383.000  9.989000e-01 
  384.000  9.994557e-01 
  385.000  9.997338e-01 
  386.000  9.998497e-01 
  387.000  9.998963e-01 
  388.000  9.999057e-01 
  389.000  9.999181e-01 
  390.000  9.999352e-01 
  391.000  9.999387e-01 
  392.000  9.999523e-01 
  393.000  9.999693e-01 
  394.000  9.999811e-01 
  395.000  9.999811e-01 
  396.000  9.999987e-01 
  397.000  9.999941e-01 
  398.000  9.999864e-01 
  399.000  9.999811e-01 
  400.000  9.999388e-01 
  401.000  9.999334e-01 
  402.000  9.999340e-01 
  403.000  9.999363e-01 
  404.000  9.999388e-01 
  405.000  9.999269e-01 
  406.000  9.999304e-01 
  407.000  9.999412e-01 
  408.000  9.999532e-01 
  409.000  9.999592e-01 
  410.000  9.999616e-01 
  411.000  9.999580e-01 
  412.000  9.999436e-01 
  413.000  9.999496e-01 
  414.000  9.994356e-01 
  415.000  9.996288e-01 
  416.000  9.997971e-01 
  417.000  9.999004e-01 
  418.000  9.998873e-01 
  419.000  9.998627e-01 
  420.000  9.998387e-01 
  421.000  9.998326e-01 
  422.000  9.998428e-01 
  423.000  9.998620e-01 
  424.000  9.998606e-01 
  425.000  9.997693e-01 
  426.000  9.996760e-01 
  427.000  9.995854e-01 
  428.000  9.994343e-01 
  429.000  9.992514e-01 
  430.000  9.990587e-01 
  431.000  9.988765e-01 
  432.000  9.986902e-01 
  433.000  9.985048e-01 
  434.000  9.983251e-01 
  435.000  9.981447e-01 
  436.000  9.979569e-01 
  437.000  9.977637e-01 
  438.000  9.975631e-01 
  439.000  9.973717e-01 
  440.000  9.971530e-01 
  441.000  9.969221e-01 
  442.000  9.966663e-01 
  443.000  9.963903e-01 
  444.000  9.960920e-01 
  445.000  9.957488e-01 
  446.000  9.953381e-01 
  447.000  9.951697e-01 
  448.000  9.953372e-01 
  449.000  9.955923e-01 
  450.000  9.958009e-01 
  451.000  9.958663e-01 
  452.000  9.958143e-01 
  453.000  9.957195e-01 
  454.000  9.955922e-01 
  455.000  9.952242e-01 
  456.000  9.945384e-01 
  457.000  9.938905e-01 
  458.000  9.932364e-01 
  459.000  9.925522e-01 
  460.000  9.918798e-01 
  461.000  9.912105e-01 
  462.000  9.905198e-01 
  463.000  9.898632e-01 
  464.000  9.904318e-01 
  465.000  9.909726e-01 
  466.000  9.914767e-01 
  467.000  9.919255e-01 
  468.000  9.915545e-01 
  469.000  9.907382e-01 
  470.000  9.897568e-01 
  471.000  9.885831e-01 
  472.000  9.870889e-01 
  473.000  9.850045e-01 
  474.000  9.827435e-01 
  475.000  9.797921e-01 
  476.000  9.761481e-01 
  477.000  9.729744e-01 
  478.000  9.726501e-01 
  479.000  9.738179e-01 
  480.000  9.753460e-01 
  481.000  9.764565e-01 
  482.000  9.774507e-01 
  483.000  9.779623e-01 
  484.000  9.780259e-01 
  485.000  9.778097e-01 
  486.000  9.779158e-01 
  487.000  9.782876e-01 
  488.000  9.785892e-01 
  489.000  9.788616e-01 
  490.000  9.791237e-01 
  491.000  9.786267e-01 
  492.000  9.779251e-01 
  493.000  9.772385e-01 
  494.000  9.765223e-01 
  495.000  9.758298e-01 
  496.000  9.739490e-01 
  497.000  9.720448e-01 
  498.000  9.701563e-01 
  499.000  9.682482e-01 
  500.000  9.663554e-01 
  501.000  9.643812e-01 
  502.000  9.624352e-01 
  503.000  9.605077e-01 
  504.000  9.585744e-01 
  505.000  9.566307e-01 
  506.000  9.564076e-01 
  507.000  9.562820e-01 
  508.000  9.561719e-01 
  509.000  9.560577e-01 
  510.000  9.559206e-01 
  511.000  9.555460e-01 
  512.000  9.551164e-01 
  513.000  9.546959e-01 
  514.000  9.542736e-01 
  515.000  9.538553e-01 
  516.000  9.528565e-01 
  517.000  9.513466e-01 
  518.000  9.498387e-01 
  519.000  9.483392e-01 
  520.000  9.468544e-01 
  521.000  9.453136e-01 
  522.000  9.435918e-01 
  523.000  9.417713e-01 
  524.000  9.399828e-01 
  525.000  9.381481e-01 
  526.000  9.364361e-01 
  527.000  9.343689e-01 
  528.000  9.321676e-01 
  529.000  9.299856e-01 
  530.000  9.278408e-01 
  531.000  9.257272e-01 
  532.000  9.237936e-01 
  533.000  9.228734e-01 
  534.000  9.221916e-01 
  535.000  9.216622e-01 
  536.000  9.211073e-01 
  537.000  9.204679e-01 
  538.000  9.197288e-01 
  539.000  9.189319e-01 
  540.000  9.180953e-01 
  541.000  9.172492e-01 
  542.000  9.163829e-01 
  543.000  9.155040e-01 
  544.000  9.144096e-01 
  545.000  9.131377e-01 
  546.000  9.118625e-01 
  547.000  9.106135e-01 
  548.000  9.093596e-01 
  549.000  9.081148e-01 
  550.000  9.066315e-01 
  551.000  9.049243e-01 
  552.000  9.032407e-01 
  553.000  9.015344e-01 
  554.000  8.998265e-01 
  555.000  8.981242e-01 
  556.000  8.963473e-01 
  557.000  8.944399e-01 
  558.000  8.925277e-01 
  559.000  8.905992e-01 
  560.000  8.886080e-01 
  561.000  8.865612e-01 
  562.000  8.841917e-01 
  563.000  8.821088e-01 
  564.000  8.798876e-01 
  565.000  8.773649e-01 
  566.000  8.750492e-01 
  567.000  8.715851e-01 
  568.000  8.655691e-01 
  569.000  8.567093e-01 
  570.000  8.558485e-01 
  571.000  8.584697e-01 
  572.000  8.518490e-01 
  573.000  8.504349e-01 
  574.000  8.489929e-01 
  575.000  8.471807e-01 
  576.000  8.467807e-01 
  577.000  8.481454e-01 
  578.000  8.506043e-01 
  579.000  8.532736e-01 
  580.000  8.565797e-01 
  581.000  8.612849e-01 
  582.000  8.645394e-01 
  583.000  8.666253e-01 
  584.000  8.684635e-01 
  585.000  8.701029e-01 
  586.000  8.713515e-01 
  587.000  8.700040e-01 
  588.000  8.608859e-01 
  589.000  8.447035e-01 
  590.000  8.435863e-01 
  591.000  8.545564e-01 
  592.000  8.484678e-01 
  593.000  8.609033e-01 
  594.000  8.578691e-01 
  595.000  8.487160e-01 
  596.000  8.595858e-01 
  597.000  8.546825e-01 
  598.000  8.576963e-01 
  599.000  8.576643e-01 
  600.000  8.601530e-01 
  601.000  8.605495e-01 
  602.000  8.594324e-01 
  603.000  8.602507e-01 
  604.000  8.624586e-01 
  605.000  8.640081e-01 
  606.000  8.651262e-01 
  607.000  8.661996e-01 
  608.000  8.672511e-01 
  609.000  8.682454e-01 
  610.000  8.693264e-01 
  611.000  8.706586e-01 
  612.000  8.719615e-01 
  613.000  8.732187e-01 
  614.000  8.744343e-01 
  615.000  8.756503e-01 
  616.000  8.768153e-01 
  617.000  8.779031e-01 
  618.000  8.787208e-01 
  619.000  8.793437e-01 
  620.000  8.798978e-01 
  621.000  8.803276e-01 
  622.000  8.806332e-01 
  623.000  8.807260e-01 
  624.000  8.808518e-01 
  625.000  8.809061e-01 
  626.000  8.802437e-01 
  627.000  8.749825e-01 
  628.000  8.363282e-01 
  629.000  8.609285e-01 
  630.000  8.646672e-01 
  631.000  8.722191e-01 
  632.000  8.738374e-01 
  633.000  8.813844e-01 
  634.000  8.866785e-01 
  635.000  8.897454e-01 
  636.000  8.936035e-01 
  637.000  8.969496e-01 
  638.000  9.014804e-01 
  639.000  9.043666e-01 
  640.000  9.078817e-01 
  641.000  9.101426e-01 
  642.000  9.129056e-01 
  643.000  9.128088e-01 
  644.000  9.146338e-01 
  645.000  9.138447e-01 
  646.000  9.066472e-01 
  647.000  9.015515e-01 
  648.000  8.956523e-01 
  649.000  9.030653e-01 
  650.000  9.161208e-01 
  651.000  9.170602e-01 
  652.000  9.073730e-01 
  653.000  9.205363e-01 
  654.000  9.201283e-01 
  655.000  9.166071e-01 
  656.000  9.191021e-01 
  657.000  9.223915e-01 
  658.000  9.274902e-01 
  659.000  9.301344e-01 
  660.000  9.322499e-01 
  661.000  9.362342e-01 
  662.000  9.386228e-01 
  663.000  9.391850e-01 
  664.000  9.407511e-01 
  665.000  9.422597e-01 
  666.000  9.439906e-01 
  667.000  9.455094e-01 
  668.000  9.472237e-01 
  669.000  9.485483e-01 
  670.000  9.497609e-01 
  671.000  9.510214e-01 
  672.000  9.521851e-01 
  673.000  9.533346e-01 
  674.000  9.544775e-01 
  675.000  9.556233e-01 
  676.000  9.566824e-01 
  677.000  9.576057e-01 
  678.000  9.585323e-01 
  679.000  9.593259e-01 
  680.000  9.595394e-01 
  681.000  9.595355e-01 
  682.000  9.601243e-01 
  683.000  9.604302e-01 
  684.000  9.603490e-01 
  685.000  9.619703e-01 
  686.000  9.567970e-01 
  687.000  7.788041e-01 
  688.000  8.331285e-01 
  689.000  8.179868e-01 
  690.000  8.465146e-01 
  691.000  8.861722e-01 
  692.000  9.130981e-01 
  693.000  9.148137e-01 
  694.000  9.103360e-01 
  695.000  9.230103e-01 
  696.000  9.301111e-01 
  697.000  9.561418e-01 
  698.000  9.512823e-01 
  699.000  9.287483e-01 
  700.000  9.327575e-01 
  701.000  9.278702e-01 
  702.000  9.318175e-01 
  703.000  9.511175e-01 
  704.000  9.521489e-01 
  705.000  9.443895e-01 
  706.000  9.460145e-01 
  707.000  9.489228e-01 
  708.000  9.520586e-01 
  709.000  9.583814e-01 
  710.000  9.518383e-01 
  711.000  9.587061e-01 
  712.000  9.645675e-01 
  713.000  9.600340e-01 
  714.000  9.585758e-01 
  715.000  9.512253e-01 
  716.000  9.436322e-01 
  717.000  8.941010e-01 
  718.000  8.636529e-01 
  719.000  8.528036e-01 
  720.000  8.362000e-01 
  721.000  9.094447e-01 
  722.000  9.355305e-01 
  723.000  9.210542e-01 
  724.000  8.795327e-01 
  725.000  8.858319e-01 
  726.000  8.838442e-01 
  727.000  8.897271e-01 
  728.000  8.832452e-01 
  729.000  8.991935e-01 
  730.000  8.963652e-01 
  731.000  8.929567e-01 
  732.000  9.198736e-01 
  733.000  9.455913e-01 
  734.000  9.579334e-01 
  735.000  9.535292e-01 
  736.000  9.452834e-01 
  737.000  9.513153e-01 
  738.000  9.596438e-01 
  739.000  9.631590e-01 
  740.000  9.710959e-01 
  741.000  9.756302e-01 
  742.000  9.774668e-01 
  743.000  9.808400e-01 
  744.000  9.826167e-01 
  745.000  9.839944e-01 
  746.000  9.850360e-01 
  747.000  9.853925e-01 
  748.000  9.869294e-01 
  749.000  9.876696e-01 
  750.000  9.872062e-01 
  751.000  9.874726e-01 
  752.000  9.888151e-01 
  753.000  9.893540e-01 
  754.000  9.897754e-01 
  755.000  9.900438e-01 
  756.000  9.903268e-01 
  757.000  9.904583e-01 
  758.000  9.872864e-01 
  759.000  8.906950e-01 
  760.000  2.823432e-01 
  761.000  2.373690e-01 
  762.000  5.492851e-01 
  763.000  4.432887e-01 
  764.000  4.947985e-01 
  765.000  6.184892e-01 
  766.000  7.793728e-01 
  767.000  8.650728e-01 
  768.000  9.226846e-01 
  769.000  9.613636e-01 
  770.000  9.842752e-01 
  771.000  9.934224e-01 
  772.000  9.955896e-01 
  773.000  9.966139e-01 
  774.000  9.981429e-01 
  775.000  9.990318e-01 
  776.000  9.995791e-01 
  777.000  9.996453e-01 
  778.000  9.994980e-01 
  779.000  9.993085e-01 
  780.000  9.991066e-01 
  781.000  9.995685e-01 
  782.000  9.993505e-01 
  783.000  9.991540e-01 
  784.000  9.985279e-01 
  785.000  9.962021e-01 
  786.000  9.934163e-01 
  787.000  9.880655e-01 
  788.000  9.847517e-01 
  789.000  9.731592e-01 
  790.000  9.720790e-01 
  791.000  9.741569e-01 
  792.000  9.760677e-01 
  793.000  9.806487e-01 
  794.000  9.904717e-01 
  795.000  9.843159e-01 
  796.000  9.680792e-01 
  797.000  9.726034e-01 
  798.000  9.827065e-01 
  799.000  9.802868e-01 
  800.000  9.727752e-01 
  801.000  9.735686e-01 
  802.000  9.727286e-01 
  803.000  9.737231e-01 
  804.000  9.771178e-01 
  805.000  9.837052e-01 
  806.000  9.875993e-01 
  807.000  9.876866e-01 
  808.000  9.853401e-01 
  809.000  9.824796e-01 
  810.000  9.793579e-01 
  811.000  9.730413e-01 
  812.000  9.645755e-01 
  813.000  9.542248e-01 
  814.000  9.405974e-01 
  815.000  9.236770e-01 
  816.000  9.019526e-01 
  817.000  9.030979e-01 
  818.000  9.047877e-01 
  819.000  9.118286e-01 
  820.000  9.355703e-01 
  821.000  9.626888e-01 
  822.000  9.419222e-01 
  823.000  8.841206e-01 
  824.000  9.326800e-01 
  825.000  9.638643e-01 
  826.000  9.584284e-01 
  827.000  9.543988e-01 
  828.000  9.337368e-01 
  829.000  9.410750e-01 
  830.000  9.492991e-01 
  831.000  9.511662e-01 
  832.000  9.519295e-01 
  833.000  9.566323e-01 
  834.000  9.621817e-01 
  835.000  9.732713e-01 
  836.000  9.695960e-01 
  837.000  9.691331e-01 
  838.000  9.744962e-01 
  839.000  9.777181e-01 
  840.000  9.788420e-01 
  841.000  9.751875e-01 
  842.000  9.783260e-01 
  843.000  9.858823e-01 
  844.000  9.892653e-01 
  845.000  9.908037e-01 
  846.000  9.916978e-01 
  847.000  9.933434e-01 
  848.000  9.910679e-01 
  849.000  9.913937e-01 
  850.000  9.898009e-01 
  851.000  9.879158e-01 
  852.000  9.880284e-01 
  853.000  9.909607e-01 
  854.000  9.907289e-01 
  855.000  9.921685e-01 
  856.000  9.945099e-01 
  857.000  9.956730e-01 
  858.000  9.961089e-01 
  859.000  9.977552e-01 
  860.000  9.987960e-01 
  861.000  9.988804e-01 
  862.000  9.993942e-01 
  863.000  9.993895e-01 
  864.000  9.997174e-01 
  865.000  9.999711e-01 
  866.000  9.999793e-01 
  867.000  9.998347e-01 
  868.000  9.998069e-01 
  869.000  9.998397e-01 
  870.000  9.996756e-01 
  871.000  9.997031e-01 
  872.000  9.998869e-01 
  873.000  9.995453e-01 
  874.000  9.993246e-01 
  875.000  9.992140e-01 
  876.000  9.986789e-01 
  877.000  9.983699e-01 
  878.000  9.972010e-01 
  879.000  9.970458e-01 
  880.000  9.961984e-01 
  881.000  9.955523e-01 
  882.000  9.949299e-01 
  883.000  9.954169e-01 
  884.000  9.955739e-01 
  885.000  9.938351e-01 
  886.000  9.914860e-01 
  887.000  9.930903e-01 
  888.000  9.929069e-01 
  889.000  9.935156e-01 
  890.000  9.922653e-01 
  891.000  9.900874e-01 
  892.000  9.840325e-01 
  893.000  9.657162e-01 
  894.000  9.565732e-01 
  895.000  9.287285e-01 
  896.000  9.037718e-01 
  897.000  8.774691e-01 
  898.000  8.651423e-01 
  899.000  8.303774e-01 
  900.000  8.353582e-01 
  901.000  8.262808e-01 
  902.000  8.278831e-01 
  903.000  8.861576e-01 
  904.000  9.216820e-01 
  905.000  9.203312e-01 
  906.000  8.980418e-01 
  907.000  8.586687e-01 
  908.000  8.327040e-01 
  909.000  8.337688e-01 
  910.000  8.376333e-01 
  911.000  8.547995e-01 
  912.000  8.464217e-01 
  913.000  8.101777e-01 
  914.000  8.280301e-01 
  915.000  8.420777e-01 
  916.000  8.458474e-01 
  917.000  8.534484e-01 
  918.000  8.632885e-01 
  919.000  8.968714e-01 
  920.000  9.222162e-01 
  921.000  9.165727e-01 
  922.000  9.160507e-01 
  923.000  9.089243e-01 
  924.000  8.918563e-01 
  925.000  8.904163e-01 
  926.000  8.899952e-01 
  927.000  8.701062e-01 
  928.000  8.395303e-01 
  929.000  7.953997e-01 
  930.000  7.392823e-01 
  931.000  6.765586e-01 
  932.000  5.945883e-01 
  933.000  5.333455e-01 
  934.000  4.703868e-01 
  935.000  4.636864e-01 
  936.000  4.886063e-01 
  937.000  4.822218e-01 
  938.000  5.522161e-01 
  939.000  7.334604e-01 
  940.000  7.603031e-01 
  941.000  7.370253e-01 
  942.000  6.799840e-01 
  943.000  5.849518e-01 
  944.000  5.782926e-01 
  945.000  6.124827e-01 
  946.000  6.143382e-01 
  947.000  6.447443e-01 
  948.000  6.625483e-01 
  949.000  6.601494e-01 
  950.000  6.646704e-01 
  951.000  7.045285e-01 
  952.000  6.618026e-01 
  953.000  6.916491e-01 
  954.000  7.236153e-01 
  955.000  6.975757e-01 
  956.000  6.916530e-01 
  957.000  7.725137e-01 
  958.000  7.828912e-01 
  959.000  7.693934e-01 
  960.000  7.654308e-01 
  961.000  7.586415e-01 
  962.000  7.647240e-01 
  963.000  8.089460e-01 
  964.000  8.152431e-01 
  965.000  8.109652e-01 
  966.000  8.133084e-01 
  967.000  8.447655e-01 
  968.000  8.971868e-01 
  969.000  9.207797e-01 
  970.000  9.220011e-01 
  971.000  9.213960e-01 
  972.000  9.146481e-01 
  973.000  8.990995e-01 
  974.000  8.801457e-01 
  975.000  8.679410e-01 
  976.000  8.827776e-01 
  977.000  9.072796e-01 
  978.000  9.052413e-01 
  979.000  9.115430e-01 
  980.000  9.364774e-01 
  981.000  9.419593e-01 
  982.000  9.363555e-01 
  983.000  9.491130e-01 
  984.000  9.622377e-01 
  985.000  9.696695e-01 
  986.000  9.792665e-01 
  987.000  9.833958e-01 
  988.000  9.843071e-01 
  989.000  9.848754e-01 
  990.000  9.858518e-01 
  991.000  9.893953e-01 
  992.000  9.903739e-01 
  993.000  9.897442e-01 
  994.000  9.929124e-01 
  995.000  9.951144e-01 
  996.000  9.950470e-01 
  997.000  9.937072e-01 
  998.000  9.921824e-01 
  999.000  9.914828e-01 
 1000.000  9.919894e-01 
 1001.000  9.892829e-01 
 1002.000  9.837604e-01 
 1003.000  9.850309e-01 
 1004.000  9.881556e-01 
 1005.000  9.895645e-01 
 1006.000  9.899350e-01 
 1007.000  9.888507e-01 
 1008.000  9.843338e-01 
 1009.000  9.782956e-01 
 1010.000  9.809118e-01 
 1011.000  9.872034e-01 
 1012.000  9.895667e-01 
 1013.000  9.905372e-01 
 1014.000  9.913490e-01 
 1015.000  9.914369e-01 
 1016.000  9.919332e-01 
 1017.000  9.924531e-01 
 1018.000  9.915401e-01 
 1019.000  9.890400e-01 
 1020.000  9.898199e-01 
 1021.000  9.915082e-01 
 1022.000  9.894472e-01 
 1023.000  9.871125e-01 
 1024.000  9.856697e-01 
 1025.000  9.887559e-01 
 1026.000  9.906375e-01 
 1027.000  9.896852e-01 
 1028.000  9.902479e-01 
 1029.000  9.918122e-01 
 1030.000  9.933162e-01 
 1031.000  9.939653e-01 
 1032.000  9.943583e-01 
 1033.000  9.945124e-01 
 1034.000  9.950029e-01 
 1035.000  9.950881e-01 
 1036.000  9.945773e-01 
 1037.000  9.943346e-01 
 1038.000  9.944375e-01 
 1039.000  9.939818e-01 
 1040.000  9.935161e-01 
 1041.000  9.931397e-01 
 1042.000  9.929628e-01 
 1043.000  9.928176e-01 
 1044.000  9.924180e-01 
 1045.000  9.915376e-01 
 1046.000  9.908853e-01 
 1047.000  9.900764e-01 
 1048.000  9.887857e-01 
 1049.000  9.873351e-01 
 1050.000  9.863174e-01 
 1051.000  9.854215e-01 
 1052.000  9.844582e-01 
 1053.000  9.838137e-01 
 1054.000  9.825080e-01 
 1055.000  9.811577e-01 
 1056.000  9.798499e-01 
 1057.000  9.776703e-01 
 1058.000  9.744010e-01 
 1059.000  9.740003e-01 
 1060.000  9.745336e-01 
 1061.000  9.740380e-01 
 1062.000  9.716526e-01 
 1063.000  9.702902e-01 
 1064.000  9.682178e-01 
 1065.000  9.665214e-01 
 1066.000  9.665600e-01 
 1067.000  9.653648e-01 
 1068.000  9.633318e-01 
 1069.000  9.629534e-01 
 1070.000  9.644560e-01 
 1071.000  9.631777e-01 
 1072.000  9.616020e-01 
 1073.000  9.618624e-01 
 1074.000  9.628811e-01 
 1075.000  9.668477e-01 
 1076.000  9.653736e-01 
 1077.000  9.631431e-01 
 1078.000  9.603795e-01 
 1079.000  9.604599e-01 
 1080.000  9.520600e-01 
 1081.000  9.519401e-01 
 1082.000  9.561523e-01 
 1083.000  9.518544e-01 
 1084.000  9.470416e-01 
 1085.000  9.351067e-01 
 1086.000  9.382313e-01 
 1087.000  9.518957e-01 
 1088.000  9.526430e-01 
 1089.000  9.365085e-01 
 1090.000  9.336464e-01 
 1091.000  9.369479e-01 
 1092.000  9.290766e-01 
 1093.000  9.110674e-01 
 1094.000  9.032753e-01 
 1095.000  9.046659e-01 
 1096.000  9.059327e-01 
 1097.000  9.024815e-01 
 1098.000  8.583693e-01 
 1099.000  8.207497e-01 
 1100.000  8.233901e-01 
 1101.000  8.286750e-01 
 1102.000  8.262979e-01 
 1103.000  8.298105e-01 
 1104.000  8.235416e-01 
 1105.000  8.077716e-01 
 1106.000  7.917881e-01 
 1107.000  7.958832e-01 
 1108.000  7.989474e-01 
 1109.000  8.127835e-01 
 1110.000  8.113059e-01 
 1111.000  8.038331e-01 
 1112.000  7.703633e-01 
 1113.000  7.246031e-01 
 1114.000  7.124602e-01 
 1115.000  6.562931e-01 
 1116.000  6.214962e-01 
 1117.000  5.407948e-01 
 1118.000  4.674386e-01 
 1119.000  4.288519e-01 
 1120.000  3.810221e-01 
 1121.000  3.704968e-01 
 1122.000  3.210867e-01 
 1123.000  3.480469e-01 
 1124.000  3.662755e-01 
 1125.000  3.567492e-01 
 1126.000  3.529074e-01 
 1127.000  3.570539e-01 
 1128.000  3.650620e-01 
 1129.000  4.139528e-01 
 1130.000  5.290908e-01 
 1131.000  5.625672e-01 
 1132.000  5.168152e-01 
 1133.000  4.335591e-01 
 1134.000  2.852488e-01 
 1135.000  2.963344e-01 
 1136.000  4.454034e-01 
 1137.000  5.278937e-01 
 1138.000  6.080102e-01 
 1139.000  6.321589e-01 
 1140.000  6.168612e-01 
 1141.000  5.856900e-01 
 1142.000  5.747541e-01 
 1143.000  5.405378e-01 
 1144.000  5.020747e-01 
 1145.000  4.466905e-01 
 1146.000  4.597147e-01 
 1147.000  5.029916e-01 
 1148.000  5.415378e-01 
 1149.000  5.570800e-01 
 1150.000  5.577300e-01 
 1151.000  5.809635e-01 
 1152.000  5.922852e-01 
 1153.000  6.090105e-01 
 1154.000  6.038577e-01 
 1155.000  6.353265e-01 
 1156.000  6.707031e-01 
 1157.000  7.428886e-01 
 1158.000  7.723510e-01 
 1159.000  7.976421e-01 
 1160.000  8.080888e-01 
 1161.000  8.347053e-01 
 1162.000  8.539268e-01 
 1163.000  8.773590e-01 
 1164.000  8.828415e-01 
 1165.000  8.845589e-01 
 1166.000  8.894547e-01 
 1167.000  8.924247e-01 
 1168.000  8.912320e-01 
 1169.000  8.945782e-01 
 1170.000  8.976201e-01 
 1171.000  9.058461e-01 
 1172.000  9.009649e-01 
 1173.000  8.961428e-01 
 1174.000  8.964204e-01 
 1175.000  9.094592e-01 
 1176.000  9.214494e-01 
 1177.000  9.157974e-01 
 1178.000  9.042156e-01 
 1179.000  9.042326e-01 
 1180.000  9.000548e-01 
 1181.000  8.892402e-01 
 1182.000  8.785000e-01 
 1183.000  8.798071e-01 
 1184.000  8.859705e-01 
 1185.000  9.010417e-01 
 1186.000  8.965811e-01 
 1187.000  8.811527e-01 
 1188.000  8.776338e-01 
 1189.000  8.872375e-01 
 1190.000  9.115734e-01 
 1191.000  9.187802e-01 
 1192.000  9.291253e-01 
 1193.000  9.268838e-01 
 1194.000  9.253048e-01 
 1195.000  9.150534e-01 
 1196.000  9.164596e-01 
 1197.000  9.114593e-01 
 1198.000  9.103377e-01 
 1199.000  9.040673e-01 
 1200.000  9.076542e-01 
