  250.000  0.000000e+00 
  251.000  0.000000e+00 
  252.000  0.000000e+00 
  253.000  0.000000e+00 
  254.000  0.000000e+00 
  255.000  0.000000e+00 
  256.000  0.000000e+00 
  257.000  0.000000e+00 
  258.000  0.000000e+00 
  259.000  0.000000e+00 
  260.000  0.000000e+00 
  261.000  0.000000e+00 
  262.000  0.000000e+00 
  263.000  0.000000e+00 
  264.000  0.000000e+00 
  265.000  0.000000e+00 
  266.000  0.000000e+00 
  267.000  0.000000e+00 
  268.000  0.000000e+00 
  269.000  0.000000e+00 
  270.000  0.000000e+00 
  271.000  0.000000e+00 
  272.000  0.000000e+00 
  273.000  0.000000e+00 
  274.000  0.000000e+00 
  275.000  0.000000e+00 
  276.000  0.000000e+00 
  277.000  0.000000e+00 
  278.000  0.000000e+00 
  279.000  0.000000e+00 
  280.000  0.000000e+00 
  281.000  0.000000e+00 
  282.000  0.000000e+00 
  283.000  0.000000e+00 
  284.000  0.000000e+00 
  285.000  0.000000e+00 
  286.000  0.000000e+00 
  287.000  0.000000e+00 
  288.000  0.000000e+00 
  289.000  2.967896e-13 
  290.000  6.540671e-12 
  291.000  6.716646e-11 
  292.000  1.672196e-09 
  293.000  1.088827e-08 
  294.000  9.404069e-08 
  295.000  3.614226e-07 
  296.000  2.563817e-06 
  297.000  8.014780e-06 
  298.000  3.131515e-05 
  299.000  7.964911e-05 
  300.000  2.130078e-04 
  301.000  4.710057e-04 
  302.000  9.265668e-04 
  303.000  2.101850e-03 
  304.000  2.774832e-03 
  305.000  5.422147e-03 
  306.000  7.791802e-03 
  307.000  1.232135e-02 
  308.000  1.633343e-02 
  309.000  2.152813e-02 
  310.000  3.052636e-02 
  311.000  3.514449e-02 
  312.000  4.310636e-02 
  313.000  5.369499e-02 
  314.000  5.822902e-02 
  315.000  7.244340e-02 
  316.000  7.648487e-02 
  317.000  8.894874e-02 
  318.000  9.586256e-02 
  319.000  1.163565e-01 
  320.000  1.038636e-01 
  321.000  1.348689e-01 
  322.000  1.227399e-01 
  323.000  1.384557e-01 
  324.000  1.602377e-01 
  325.000  1.457047e-01 
  326.000  1.686250e-01 
  327.000  1.760330e-01 
  328.000  1.655517e-01 
  329.000  1.923315e-01 
  330.000  1.976872e-01 
  331.000  1.872884e-01 
  332.000  2.069372e-01 
  333.000  2.117470e-01 
  334.000  2.102799e-01 
  335.000  2.231267e-01 
  336.000  2.291582e-01 
  337.000  2.268667e-01 
  338.000  2.361132e-01 
  339.000  2.429457e-01 
  340.000  2.428715e-01 
  341.000  2.507524e-01 
  342.000  2.564026e-01 
  343.000  2.605449e-01 
  344.000  2.603627e-01 
  345.000  2.690464e-01 
  346.000  2.736424e-01 
  347.000  2.778263e-01 
  348.000  2.822363e-01 
  349.000  2.874695e-01 
  350.000  2.917805e-01 
  351.000  2.965606e-01 
  352.000  3.006760e-01 
  353.000  3.056211e-01 
  354.000  3.092143e-01 
  355.000  3.131342e-01 
  356.000  3.180985e-01 
  357.000  3.213816e-01 
  358.000  3.250282e-01 
  359.000  3.286295e-01 
  360.000  3.321720e-01 
  361.000  3.359091e-01 
  362.000  3.416455e-01 
  363.000  3.465536e-01 
  364.000  3.514538e-01 
  365.000  3.555976e-01 
  366.000  3.601830e-01 
  367.000  3.645191e-01 
  368.000  3.686772e-01 
  369.000  3.721785e-01 
  370.000  3.763664e-01 
  371.000  3.807948e-01 
  372.000  3.844997e-01 
  373.000  3.890209e-01 
  374.000  3.933530e-01 
  375.000  3.968716e-01 
  376.000  4.005616e-01 
  377.000  4.047542e-01 
  378.000  4.080096e-01 
  379.000  4.115618e-01 
  380.000  4.149983e-01 
  381.000  4.187356e-01 
  382.000  4.237485e-01 
  383.000  4.288773e-01 
  384.000  4.324003e-01 
  385.000  4.369169e-01 
  386.000  4.405338e-01 
  387.000  4.448126e-01 
  388.000  4.481882e-01 
  389.000  4.516284e-01 
  390.000  4.559433e-01 
  391.000  4.594920e-01 
  392.000  4.624933e-01 
  393.000  4.674835e-01 
  394.000  4.709488e-01 
  395.000  4.743184e-01 
  396.000  4.785828e-01 
  397.000  4.824494e-01 
  398.000  4.851691e-01 
  399.000  4.888733e-01 
  400.000  4.920769e-01 
  401.000  4.962987e-01 
  402.000  5.000878e-01 
  403.000  5.039934e-01 
  404.000  5.066303e-01 
  405.000  5.102659e-01 
  406.000  5.136948e-01 
  407.000  5.181515e-01 
  408.000  5.203809e-01 
  409.000  5.235970e-01 
  410.000  5.269820e-01 
  411.000  5.307742e-01 
  412.000  5.346848e-01 
  413.000  5.368433e-01 
  414.000  5.408927e-01 
  415.000  5.440927e-01 
  416.000  5.482040e-01 
  417.000  5.506471e-01 
  418.000  5.534355e-01 
  419.000  5.574005e-01 
  420.000  5.600809e-01 
  421.000  5.632011e-01 
  422.000  5.657608e-01 
  423.000  5.692738e-01 
  424.000  5.720015e-01 
  425.000  5.760674e-01 
  426.000  5.790886e-01 
  427.000  5.819315e-01 
  428.000  5.845143e-01 
  429.000  5.882035e-01 
  430.000  5.912785e-01 
  431.000  5.925205e-01 
  432.000  5.968257e-01 
  433.000  5.998375e-01 
  434.000  6.018106e-01 
  435.000  6.038927e-01 
  436.000  6.073759e-01 
  437.000  6.119282e-01 
  438.000  6.142658e-01 
  439.000  6.149505e-01 
  440.000  6.183788e-01 
  441.000  6.213373e-01 
  442.000  6.249303e-01 
  443.000  6.268569e-01 
  444.000  6.292811e-01 
  445.000  6.304446e-01 
  446.000  6.337106e-01 
  447.000  6.369711e-01 
  448.000  6.372437e-01 
  449.000  6.416748e-01 
  450.000  6.453376e-01 
  451.000  6.475599e-01 
  452.000  6.493850e-01 
  453.000  6.521362e-01 
  454.000  6.558855e-01 
  455.000  6.571961e-01 
  456.000  6.594405e-01 
  457.000  6.620167e-01 
  458.000  6.637660e-01 
  459.000  6.660373e-01 
  460.000  6.674917e-01 
  461.000  6.698222e-01 
  462.000  6.730508e-01 
  463.000  6.732754e-01 
  464.000  6.764442e-01 
  465.000  6.786363e-01 
  466.000  6.826720e-01 
  467.000  6.839203e-01 
  468.000  6.862469e-01 
  469.000  6.882277e-01 
  470.000  6.904007e-01 
  471.000  6.925132e-01 
  472.000  6.934677e-01 
  473.000  6.940605e-01 
  474.000  6.928917e-01 
  475.000  6.931901e-01 
  476.000  6.941063e-01 
  477.000  6.950574e-01 
  478.000  6.962441e-01 
  479.000  6.985456e-01 
  480.000  7.014292e-01 
  481.000  7.060644e-01 
  482.000  7.098317e-01 
  483.000  7.132759e-01 
  484.000  7.150866e-01 
  485.000  7.166210e-01 
  486.000  7.178188e-01 
  487.000  7.204761e-01 
  488.000  7.218965e-01 
  489.000  7.230212e-01 
  490.000  7.259750e-01 
  491.000  7.277842e-01 
  492.000  7.294655e-01 
  493.000  7.311378e-01 
  494.000  7.323006e-01 
  495.000  7.335847e-01 
  496.000  7.346098e-01 
  497.000  7.362366e-01 
  498.000  7.374449e-01 
  499.000  7.389839e-01 
  500.000  7.401242e-01 
  501.000  7.403011e-01 
  502.000  7.401808e-01 
  503.000  7.397624e-01 
  504.000  7.395592e-01 
  505.000  7.409937e-01 
  506.000  7.431492e-01 
  507.000  7.444652e-01 
  508.000  7.471151e-01 
  509.000  7.485688e-01 
  510.000  7.504551e-01 
  511.000  7.523320e-01 
  512.000  7.535574e-01 
  513.000  7.560088e-01 
  514.000  7.571348e-01 
  515.000  7.591183e-01 
  516.000  7.600141e-01 
  517.000  7.615818e-01 
  518.000  7.619627e-01 
  519.000  7.629866e-01 
  520.000  7.635134e-01 
  521.000  7.648482e-01 
  522.000  7.652341e-01 
  523.000  7.657940e-01 
  524.000  7.663506e-01 
  525.000  7.659895e-01 
  526.000  7.661449e-01 
  527.000  7.664737e-01 
  528.000  7.662847e-01 
  529.000  7.663972e-01 
  530.000  7.663620e-01 
  531.000  7.670242e-01 
  532.000  7.676321e-01 
  533.000  7.685378e-01 
  534.000  7.698171e-01 
  535.000  7.705669e-01 
  536.000  7.718903e-01 
  537.000  7.732683e-01 
  538.000  7.739779e-01 
  539.000  7.746378e-01 
  540.000  7.758707e-01 
  541.000  7.756432e-01 
  542.000  7.762480e-01 
  543.000  7.775006e-01 
  544.000  7.784689e-01 
  545.000  7.782658e-01 
  546.000  7.787318e-01 
  547.000  7.804247e-01 
  548.000  7.820701e-01 
  549.000  7.824795e-01 
  550.000  7.835124e-01 
  551.000  7.844167e-01 
  552.000  7.849934e-01 
  553.000  7.856234e-01 
  554.000  7.863907e-01 
  555.000  7.870528e-01 
  556.000  7.869162e-01 
  557.000  7.864696e-01 
  558.000  7.861529e-01 
  559.000  7.857831e-01 
  560.000  7.853643e-01 
  561.000  7.850451e-01 
  562.000  7.848796e-01 
  563.000  7.843678e-01 
  564.000  7.838308e-01 
  565.000  7.833801e-01 
  566.000  7.833050e-01 
  567.000  7.826477e-01 
  568.000  7.816253e-01 
  569.000  7.778754e-01 
  570.000  7.758462e-01 
  571.000  7.760237e-01 
  572.000  7.738937e-01 
  573.000  7.737726e-01 
  574.000  7.723386e-01 
  575.000  7.722057e-01 
  576.000  7.724063e-01 
  577.000  7.730685e-01 
  578.000  7.758122e-01 
  579.000  7.781612e-01 
  580.000  7.802809e-01 
  581.000  7.839046e-01 
  582.000  7.873701e-01 
  583.000  7.903863e-01 
  584.000  7.947543e-01 
  585.000  7.962788e-01 
  586.000  7.985611e-01 
  587.000  7.992408e-01 
  588.000  7.997799e-01 
  589.000  7.913929e-01 
  590.000  7.918167e-01 
  591.000  7.961477e-01 
  592.000  7.886202e-01 
  593.000  8.007336e-01 
  594.000  7.955182e-01 
  595.000  7.993916e-01 
  596.000  8.012759e-01 
  597.000  8.019179e-01 
  598.000  8.019227e-01 
  599.000  8.041614e-01 
  600.000  8.043613e-01 
  601.000  8.061233e-01 
  602.000  8.078847e-01 
  603.000  8.087698e-01 
  604.000  8.096381e-01 
  605.000  8.104946e-01 
  606.000  8.123161e-01 
  607.000  8.137487e-01 
  608.000  8.156359e-01 
  609.000  8.164112e-01 
  610.000  8.179597e-01 
  611.000  8.191877e-01 
  612.000  8.209680e-01 
  613.000  8.224981e-01 
  614.000  8.235905e-01 
  615.000  8.248631e-01 
  616.000  8.266069e-01 
  617.000  8.278512e-01 
  618.000  8.286847e-01 
  619.000  8.298876e-01 
  620.000  8.308479e-01 
  621.000  8.315032e-01 
  622.000  8.317899e-01 
  623.000  8.322725e-01 
  624.000  8.324275e-01 
  625.000  8.326468e-01 
  626.000  8.325874e-01 
  627.000  8.324388e-01 
  628.000  8.024238e-01 
  629.000  8.168091e-01 
  630.000  8.228707e-01 
  631.000  8.331104e-01 
  632.000  8.367175e-01 
  633.000  8.392071e-01 
  634.000  8.427320e-01 
  635.000  8.437824e-01 
  636.000  8.471985e-01 
  637.000  8.511894e-01 
  638.000  8.537583e-01 
  639.000  8.562722e-01 
  640.000  8.577185e-01 
  641.000  8.603929e-01 
  642.000  8.621731e-01 
  643.000  8.628966e-01 
  644.000  8.645843e-01 
  645.000  8.658662e-01 
  646.000  8.637694e-01 
  647.000  8.613231e-01 
  648.000  8.575964e-01 
  649.000  8.620312e-01 
  650.000  8.706053e-01 
  651.000  8.720831e-01 
  652.000  8.711669e-01 
  653.000  8.740819e-01 
  654.000  8.752071e-01 
  655.000  8.676092e-01 
  656.000  8.742177e-01 
  657.000  8.764478e-01 
  658.000  8.801080e-01 
  659.000  8.826534e-01 
  660.000  8.828768e-01 
  661.000  8.848040e-01 
  662.000  8.851425e-01 
  663.000  8.860968e-01 
  664.000  8.870975e-01 
  665.000  8.881208e-01 
  666.000  8.890658e-01 
  667.000  8.905532e-01 
  668.000  8.912471e-01 
  669.000  8.924512e-01 
  670.000  8.931109e-01 
  671.000  8.945658e-01 
  672.000  8.948842e-01 
  673.000  8.960910e-01 
  674.000  8.965660e-01 
  675.000  8.978209e-01 
  676.000  8.982131e-01 
  677.000  8.988676e-01 
  678.000  8.999649e-01 
  679.000  9.005421e-01 
  680.000  9.017059e-01 
  681.000  9.021766e-01 
  682.000  9.036674e-01 
  683.000  9.038900e-01 
  684.000  9.051377e-01 
  685.000  9.059646e-01 
  686.000  9.067594e-01 
  687.000  5.676085e-01 
  688.000  7.317211e-01 
  689.000  7.816372e-01 
  690.000  8.188501e-01 
  691.000  8.458396e-01 
  692.000  8.905440e-01 
  693.000  8.847123e-01 
  694.000  8.763037e-01 
  695.000  8.942159e-01 
  696.000  8.886510e-01 
  697.000  9.122650e-01 
  698.000  9.124312e-01 
  699.000  9.019096e-01 
  700.000  9.049487e-01 
  701.000  8.960961e-01 
  702.000  9.008165e-01 
  703.000  9.051486e-01 
  704.000  9.075589e-01 
  705.000  9.090409e-01 
  706.000  9.124718e-01 
  707.000  9.154892e-01 
  708.000  9.185107e-01 
  709.000  9.189545e-01 
  710.000  9.179502e-01 
  711.000  9.210804e-01 
  712.000  9.201849e-01 
  713.000  9.226858e-01 
  714.000  9.207315e-01 
  715.000  9.165174e-01 
  716.000  9.180205e-01 
  717.000  9.003922e-01 
  718.000  8.450199e-01 
  719.000  7.935737e-01 
  720.000  8.482566e-01 
  721.000  9.107209e-01 
  722.000  9.091547e-01 
  723.000  9.058976e-01 
  724.000  8.328913e-01 
  725.000  8.568987e-01 
  726.000  8.914322e-01 
  727.000  8.749260e-01 
  728.000  8.503700e-01 
  729.000  8.634638e-01 
  730.000  8.946657e-01 
  731.000  8.820780e-01 
  732.000  8.915337e-01 
  733.000  9.156652e-01 
  734.000  9.263858e-01 
  735.000  9.182333e-01 
  736.000  9.243219e-01 
  737.000  9.246460e-01 
  738.000  9.288934e-01 
  739.000  9.301778e-01 
  740.000  9.349933e-01 
  741.000  9.372793e-01 
  742.000  9.380055e-01 
  743.000  9.382131e-01 
  744.000  9.390133e-01 
  745.000  9.394916e-01 
  746.000  9.403097e-01 
  747.000  9.407428e-01 
  748.000  9.410211e-01 
  749.000  9.412119e-01 
  750.000  9.416366e-01 
  751.000  9.418559e-01 
  752.000  9.428866e-01 
  753.000  9.431625e-01 
  754.000  9.434853e-01 
  755.000  9.438192e-01 
  756.000  9.440360e-01 
  757.000  9.444995e-01 
  758.000  9.452000e-01 
  759.000  9.330359e-01 
  760.000  2.634880e-01 
  761.000  1.318145e-01 
  762.000  5.340230e-01 
  763.000  4.144097e-01 
  764.000  5.020456e-01 
  765.000  6.584208e-01 
  766.000  8.031516e-01 
  767.000  8.598478e-01 
  768.000  9.239699e-01 
  769.000  9.406533e-01 
  770.000  9.408492e-01 
  771.000  9.470062e-01 
  772.000  9.491465e-01 
  773.000  9.493148e-01 
  774.000  9.494184e-01 
  775.000  9.495636e-01 
  776.000  9.498038e-01 
  777.000  9.501235e-01 
  778.000  9.503171e-01 
  779.000  9.505294e-01 
  780.000  9.507067e-01 
  781.000  9.512042e-01 
  782.000  9.515387e-01 
  783.000  9.518397e-01 
  784.000  9.517726e-01 
  785.000  9.516098e-01 
  786.000  9.500182e-01 
  787.000  9.505620e-01 
  788.000  9.473710e-01 
  789.000  9.472095e-01 
  790.000  9.412591e-01 
  791.000  9.421440e-01 
  792.000  9.445397e-01 
  793.000  9.463714e-01 
  794.000  9.547340e-01 
  795.000  9.519592e-01 
  796.000  9.357164e-01 
  797.000  9.486539e-01 
  798.000  9.492710e-01 
  799.000  9.516603e-01 
  800.000  9.446416e-01 
  801.000  9.418352e-01 
  802.000  9.469948e-01 
  803.000  9.454523e-01 
  804.000  9.453861e-01 
  805.000  9.492333e-01 
  806.000  9.551833e-01 
  807.000  9.516522e-01 
  808.000  9.555695e-01 
  809.000  9.494392e-01 
  810.000  9.468281e-01 
  811.000  9.489451e-01 
  812.000  9.423904e-01 
  813.000  9.302296e-01 
  814.000  9.080120e-01 
  815.000  8.834090e-01 
  816.000  9.012955e-01 
  817.000  8.085237e-01 
  818.000  8.718348e-01 
  819.000  8.982221e-01 
  820.000  8.615247e-01 
  821.000  9.460652e-01 
  822.000  9.345399e-01 
  823.000  7.764629e-01 
  824.000  9.207834e-01 
  825.000  9.402661e-01 
  826.000  9.195679e-01 
  827.000  9.399071e-01 
  828.000  8.882819e-01 
  829.000  9.296022e-01 
  830.000  9.216006e-01 
  831.000  9.237385e-01 
  832.000  9.259865e-01 
  833.000  9.397625e-01 
  834.000  9.420233e-01 
  835.000  9.489118e-01 
  836.000  9.513482e-01 
  837.000  9.490705e-01 
  838.000  9.563317e-01 
  839.000  9.582013e-01 
  840.000  9.594108e-01 
  841.000  9.594108e-01 
  842.000  9.543207e-01 
  843.000  9.634995e-01 
  844.000  9.578188e-01 
  845.000  9.624910e-01 
  846.000  9.639309e-01 
  847.000  9.649394e-01 
  848.000  9.638751e-01 
  849.000  9.645240e-01 
  850.000  9.645428e-01 
  851.000  9.648492e-01 
  852.000  9.671417e-01 
  853.000  9.674327e-01 
  854.000  9.674202e-01 
  855.000  9.674202e-01 
  856.000  9.676695e-01 
  857.000  9.689811e-01 
  858.000  9.680106e-01 
  859.000  9.688388e-01 
  860.000  9.695292e-01 
  861.000  9.693841e-01 
  862.000  9.698470e-01 
  863.000  9.697908e-01 
  864.000  9.702920e-01 
  865.000  9.702920e-01 
  866.000  9.703696e-01 
  867.000  9.705194e-01 
  868.000  9.705939e-01 
  869.000  9.706498e-01 
  870.000  9.708716e-01 
  871.000  9.710151e-01 
  872.000  9.712623e-01 
  873.000  9.713063e-01 
  874.000  9.713063e-01 
  875.000  9.716756e-01 
  876.000  9.717824e-01 
  877.000  9.718447e-01 
  878.000  9.719422e-01 
  879.000  9.719731e-01 
  880.000  9.723222e-01 
  881.000  9.723222e-01 
  882.000  9.719364e-01 
  883.000  9.720697e-01 
  884.000  9.723271e-01 
  885.000  9.725937e-01 
  886.000  9.692088e-01 
  887.000  9.725729e-01 
  888.000  9.725729e-01 
  889.000  9.718468e-01 
  890.000  9.700562e-01 
  891.000  9.729563e-01 
  892.000  9.699666e-01 
  893.000  9.634312e-01 
  894.000  9.634312e-01 
  895.000  9.473943e-01 
  896.000  9.282013e-01 
  897.000  8.540649e-01 
  898.000  9.223999e-01 
  899.000  7.831865e-01 
  900.000  7.831865e-01 
  901.000  8.162456e-01 
  902.000  8.401482e-01 
  903.000  8.736084e-01 
  904.000  9.485098e-01 
  905.000  9.402208e-01 
  906.000  9.402208e-01 
  907.000  8.558475e-01 
  908.000  8.370976e-01 
  909.000  8.491579e-01 
  910.000  8.303853e-01 
  911.000  8.303853e-01 
  912.000  9.110204e-01 
  913.000  8.717648e-01 
  914.000  8.466734e-01 
  915.000  8.080918e-01 
  916.000  8.080918e-01 
  917.000  9.098381e-01 
  918.000  8.297489e-01 
  919.000  8.982251e-01 
  920.000  9.489858e-01 
  921.000  9.489858e-01 
  922.000  9.340581e-01 
  923.000  9.303852e-01 
  924.000  9.176334e-01 
  925.000  9.176334e-01 
  926.000  9.234990e-01 
  927.000  9.343718e-01 
  928.000  8.491657e-01 
  929.000  8.353164e-01 
  930.000  8.353164e-01 
  931.000  7.184553e-01 
  932.000  5.467237e-01 
  933.000  5.660682e-01 
  934.000  5.660682e-01 
  935.000  5.141149e-01 
  936.000  4.829335e-01 
  937.000  4.629989e-01 
  938.000  4.629989e-01 
  939.000  6.044679e-01 
  940.000  7.315263e-01 
  941.000  6.872044e-01 
  942.000  6.872044e-01 
  943.000  5.849134e-01 
  944.000  5.946012e-01 
  945.000  6.733950e-01 
  946.000  6.733950e-01 
  947.000  5.988641e-01 
  948.000  6.225145e-01 
  949.000  6.907929e-01 
  950.000  6.907929e-01 
  951.000  7.015857e-01 
  952.000  6.037241e-01 
  953.000  7.364122e-01 
  954.000  7.364122e-01 
  955.000  7.362854e-01 
  956.000  6.312572e-01 
  957.000  7.808622e-01 
  958.000  7.808622e-01 
  959.000  6.861318e-01 
  960.000  7.574164e-01 
  961.000  7.574164e-01 
  962.000  7.957357e-01 
  963.000  8.480151e-01 
  964.000  7.565748e-01 
  965.000  7.565748e-01 
  966.000  8.145917e-01 
  967.000  8.845778e-01 
  968.000  8.845778e-01 
  969.000  9.045979e-01 
  970.000  9.335844e-01 
  971.000  9.440938e-01 
  972.000  9.440938e-01 
  973.000  9.307759e-01 
  974.000  8.664597e-01 
  975.000  8.664597e-01 
  976.000  8.534719e-01 
  977.000  9.184794e-01 
  978.000  9.091344e-01 
  979.000  9.091344e-01 
  980.000  9.123480e-01 
  981.000  9.616995e-01 
  982.000  9.616995e-01 
  983.000  9.492647e-01 
  984.000  9.599734e-01 
  985.000  9.599734e-01 
  986.000  9.771807e-01 
  987.000  9.706035e-01 
  988.000  9.706035e-01 
  989.000  9.801521e-01 
  990.000  9.761816e-01 
  991.000  9.761816e-01 
  992.000  9.788516e-01 
  993.000  9.785873e-01 
  994.000  9.785873e-01 
  995.000  9.822900e-01 
  996.000  9.823949e-01 
  997.000  9.823949e-01 
  998.000  9.824234e-01 
  999.000  9.821692e-01 
 1000.000  9.821692e-01 
 1001.000  9.825416e-01 
 1002.000  9.771928e-01 
 1003.000  9.771928e-01 
 1004.000  9.825578e-01 
 1005.000  9.829821e-01 
 1006.000  9.829821e-01 
 1007.000  9.832385e-01 
 1008.000  9.820473e-01 
 1009.000  9.820473e-01 
 1010.000  9.777038e-01 
 1011.000  9.832667e-01 
 1012.000  9.832667e-01 
 1013.000  9.836374e-01 
 1014.000  9.836048e-01 
 1015.000  9.836048e-01 
 1016.000  9.838350e-01 
 1017.000  9.837532e-01 
 1018.000  9.837532e-01 
 1019.000  9.832776e-01 
 1020.000  9.842024e-01 
 1021.000  9.842024e-01 
 1022.000  9.835405e-01 
 1023.000  9.835405e-01 
 1024.000  9.835291e-01 
 1025.000  9.844178e-01 
 1026.000  9.844178e-01 
 1027.000  9.840695e-01 
 1028.000  9.845660e-01 
 1029.000  9.845660e-01 
 1030.000  9.848028e-01 
 1031.000  9.847018e-01 
 1032.000  9.847018e-01 
 1033.000  9.847268e-01 
 1034.000  9.847268e-01 
 1035.000  9.847298e-01 
 1036.000  9.841137e-01 
 1037.000  9.841137e-01 
 1038.000  9.840184e-01 
 1039.000  9.833714e-01 
 1040.000  9.833714e-01 
 1041.000  9.828556e-01 
 1042.000  9.828556e-01 
 1043.000  9.822208e-01 
 1044.000  9.812430e-01 
 1045.000  9.812430e-01 
 1046.000  9.798831e-01 
 1047.000  9.798831e-01 
 1048.000  9.785163e-01 
 1049.000  9.757149e-01 
 1050.000  9.757149e-01 
 1051.000  9.745303e-01 
 1052.000  9.745303e-01 
 1053.000  9.726532e-01 
 1054.000  9.710531e-01 
 1055.000  9.710531e-01 
 1056.000  9.692145e-01 
 1057.000  9.692145e-01 
 1058.000  9.675228e-01 
 1059.000  9.658725e-01 
 1060.000  9.658725e-01 
 1061.000  9.648390e-01 
 1062.000  9.648390e-01 
 1063.000  9.630933e-01 
 1064.000  9.619545e-01 
 1065.000  9.619545e-01 
 1066.000  9.636798e-01 
 1067.000  9.636798e-01 
 1068.000  9.627819e-01 
 1069.000  9.647670e-01 
 1070.000  9.647670e-01 
 1071.000  9.669312e-01 
 1072.000  9.669312e-01 
 1073.000  9.686823e-01 
 1074.000  9.686823e-01 
 1075.000  9.675204e-01 
 1076.000  9.681097e-01 
 1077.000  9.681097e-01 
 1078.000  9.730576e-01 
 1079.000  9.730576e-01 
 1080.000  9.710873e-01 
 1081.000  9.710873e-01 
 1082.000  9.739491e-01 
 1083.000  9.725138e-01 
 1084.000  9.725138e-01 
 1085.000  9.670733e-01 
 1086.000  9.670733e-01 
 1087.000  9.776117e-01 
 1088.000  9.776117e-01 
 1089.000  9.736162e-01 
 1090.000  9.716089e-01 
 1091.000  9.716089e-01 
 1092.000  9.647984e-01 
 1093.000  9.647984e-01 
 1094.000  9.660275e-01 
 1095.000  9.660275e-01 
 1096.000  9.614296e-01 
 1097.000  9.614296e-01 
 1098.000  9.544232e-01 
 1099.000  9.231455e-01 
 1100.000  9.231455e-01 
 1101.000  9.248208e-01 
 1102.000  9.248208e-01 
 1103.000  9.114864e-01 
 1104.000  9.114864e-01 
 1105.000  9.027854e-01 
 1106.000  9.027854e-01 
 1107.000  9.029317e-01 
 1108.000  9.029317e-01 
 1109.000  8.768813e-01 
 1110.000  8.545396e-01 
 1111.000  8.545396e-01 
 1112.000  8.148399e-01 
 1113.000  8.148399e-01 
 1114.000  7.458581e-01 
 1115.000  7.458581e-01 
 1116.000  5.359280e-01 
 1117.000  5.359280e-01 
 1118.000  6.376290e-01 
 1119.000  6.376290e-01 
 1120.000  5.647751e-01 
 1121.000  5.647751e-01 
 1122.000  3.763077e-01 
 1123.000  5.883473e-01 
 1124.000  5.883473e-01 
 1125.000  4.120073e-01 
 1126.000  4.120073e-01 
 1127.000  4.761629e-01 
 1128.000  4.761629e-01 
 1129.000  4.743068e-01 
 1130.000  4.743068e-01 
 1131.000  7.389314e-01 
 1132.000  7.389314e-01 
 1133.000  4.905774e-01 
 1134.000  4.905774e-01 
 1135.000  2.947727e-01 
 1136.000  2.947727e-01 
 1137.000  7.492434e-01 
 1138.000  7.492434e-01 
 1139.000  6.837626e-01 
 1140.000  6.837626e-01 
 1141.000  6.694396e-01 
 1142.000  6.694396e-01 
 1143.000  7.152748e-01 
 1144.000  7.152748e-01 
 1145.000  5.205675e-01 
 1146.000  5.205675e-01 
 1147.000  5.097317e-01 
 1148.000  5.097317e-01 
 1149.000  6.181458e-01 
 1150.000  6.181458e-01 
 1151.000  7.108432e-01 
 1152.000  7.108432e-01 
 1153.000  6.640741e-01 
 1154.000  6.640741e-01 
 1155.000  7.166778e-01 
 1156.000  7.166778e-01 
 1157.000  7.894233e-01 
 1158.000  7.894233e-01 
 1159.000  8.644372e-01 
 1160.000  8.644372e-01 
 1161.000  8.471459e-01 
 1162.000  8.471459e-01 
 1163.000  9.048735e-01 
 1164.000  9.048735e-01 
 1165.000  8.816637e-01 
 1166.000  8.816637e-01 
 1167.000  9.255973e-01 
 1168.000  9.255973e-01 
 1169.000  9.260697e-01 
 1170.000  9.260697e-01 
 1171.000  9.372569e-01 
 1172.000  9.372569e-01 
 1173.000  8.772444e-01 
 1174.000  8.772444e-01 
 1175.000  9.638171e-01 
 1176.000  9.638171e-01 
 1177.000  9.101728e-01 
 1178.000  9.101728e-01 
 1179.000  9.491897e-01 
 1180.000  9.491897e-01 
 1181.000  8.669176e-01 
 1182.000  8.669176e-01 
 1183.000  9.274603e-01 
 1184.000  9.274603e-01 
 1185.000  9.466168e-01 
 1186.000  9.466168e-01 
 1187.000  8.763145e-01 
 1188.000  8.763145e-01 
 1189.000  8.763145e-01 
 1190.000  9.272295e-01 
 1191.000  9.272295e-01 
 1192.000  9.677423e-01 
 1193.000  9.677423e-01 
 1194.000  9.396027e-01 
 1195.000  9.396027e-01 
 1196.000  9.517162e-01 
 1197.000  9.517162e-01 
 1198.000  9.247869e-01 
 1199.000  9.247869e-01 
 1200.000  9.220490e-01 
