  250.000  0.000000e+00 
  251.000  0.000000e+00 
  252.000  0.000000e+00 
  253.000  0.000000e+00 
  254.000  0.000000e+00 
  255.000  0.000000e+00 
  256.000  0.000000e+00 
  257.000  0.000000e+00 
  258.000  0.000000e+00 
  259.000  0.000000e+00 
  260.000  0.000000e+00 
  261.000  0.000000e+00 
  262.000  0.000000e+00 
  263.000  0.000000e+00 
  264.000  0.000000e+00 
  265.000  0.000000e+00 
  266.000  0.000000e+00 
  267.000  0.000000e+00 
  268.000  0.000000e+00 
  269.000  0.000000e+00 
  270.000  0.000000e+00 
  271.000  0.000000e+00 
  272.000  0.000000e+00 
  273.000  0.000000e+00 
  274.000  0.000000e+00 
  275.000  0.000000e+00 
  276.000  0.000000e+00 
  277.000  0.000000e+00 
  278.000  0.000000e+00 
  279.000  0.000000e+00 
  280.000  0.000000e+00 
  281.000  0.000000e+00 
  282.000  0.000000e+00 
  283.000  0.000000e+00 
  284.000  0.000000e+00 
  285.000  0.000000e+00 
  286.000  0.000000e+00 
  287.000  0.000000e+00 
  288.000  0.000000e+00 
  289.000  1.059339e-13 
  290.000  2.607229e-12 
  291.000  2.909615e-11 
  292.000  8.125169e-10 
  293.000  5.656711e-09 
  294.000  5.276696e-08 
  295.000  2.127863e-07 
  296.000  1.618840e-06 
  297.000  5.270930e-06 
  298.000  2.162162e-05 
  299.000  5.685833e-05 
  300.000  1.574948e-04 
  301.000  3.582659e-04 
  302.000  7.220223e-04 
  303.000  1.686476e-03 
  304.000  2.248658e-03 
  305.000  4.500375e-03 
  306.000  6.551475e-03 
  307.000  1.053094e-02 
  308.000  1.410128e-02 
  309.000  1.877028e-02 
  310.000  2.694983e-02 
  311.000  3.118340e-02 
  312.000  3.852786e-02 
  313.000  4.836978e-02 
  314.000  5.260623e-02 
  315.000  6.596057e-02 
  316.000  6.977552e-02 
  317.000  8.158476e-02 
  318.000  8.816155e-02 
  319.000  1.077521e-01 
  320.000  9.579372e-02 
  321.000  1.255559e-01 
  322.000  1.138806e-01 
  323.000  1.290160e-01 
  324.000  1.500940e-01 
  325.000  1.360184e-01 
  326.000  1.582384e-01 
  327.000  1.654440e-01 
  328.000  1.552524e-01 
  329.000  1.813346e-01 
  330.000  1.865670e-01 
  331.000  1.764124e-01 
  332.000  1.956159e-01 
  333.000  2.003269e-01 
  334.000  1.988896e-01 
  335.000  2.114879e-01 
  336.000  2.174118e-01 
  337.000  2.151605e-01 
  338.000  2.242496e-01 
  339.000  2.309740e-01 
  340.000  2.309009e-01 
  341.000  2.386654e-01 
  342.000  2.442375e-01 
  343.000  2.483254e-01 
  344.000  2.481456e-01 
  345.000  2.567225e-01 
  346.000  2.612659e-01 
  347.000  2.654043e-01 
  348.000  2.697689e-01 
  349.000  2.749512e-01 
  350.000  2.792229e-01 
  351.000  2.839620e-01 
  352.000  2.880444e-01 
  353.000  2.929523e-01 
  354.000  2.965204e-01 
  355.000  3.004144e-01 
  356.000  3.053485e-01 
  357.000  3.086132e-01 
  358.000  3.122408e-01 
  359.000  3.158247e-01 
  360.000  3.193514e-01 
  361.000  3.230733e-01 
  362.000  3.287893e-01 
  363.000  3.336827e-01 
  364.000  3.385706e-01 
  365.000  3.427058e-01 
  366.000  3.472839e-01 
  367.000  3.516150e-01 
  368.000  3.557701e-01 
  369.000  3.592700e-01 
  370.000  3.634578e-01 
  371.000  3.678880e-01 
  372.000  3.715958e-01 
  373.000  3.761224e-01 
  374.000  3.804612e-01 
  375.000  3.839866e-01 
  376.000  3.876849e-01 
  377.000  3.918884e-01 
  378.000  3.951534e-01 
  379.000  3.987171e-01 
  380.000  4.021657e-01 
  381.000  4.059175e-01 
  382.000  4.109515e-01 
  383.000  4.161042e-01 
  384.000  4.196448e-01 
  385.000  4.241856e-01 
  386.000  4.278230e-01 
  387.000  4.321275e-01 
  388.000  4.355244e-01 
  389.000  4.389873e-01 
  390.000  4.433320e-01 
  391.000  4.469063e-01 
  392.000  4.499300e-01 
  393.000  4.549589e-01 
  394.000  4.584522e-01 
  395.000  4.618501e-01 
  396.000  4.661513e-01 
  397.000  4.700526e-01 
  398.000  4.727972e-01 
  399.000  4.765365e-01 
  400.000  4.797711e-01 
  401.000  4.840350e-01 
  402.000  4.878630e-01 
  403.000  4.918098e-01 
  404.000  4.944751e-01 
  405.000  4.981506e-01 
  406.000  5.016180e-01 
  407.000  5.061261e-01 
  408.000  5.083817e-01 
  409.000  5.116363e-01 
  410.000  5.150625e-01 
  411.000  5.189017e-01 
  412.000  5.228620e-01 
  413.000  5.250482e-01 
  414.000  5.291507e-01 
  415.000  5.323934e-01 
  416.000  5.365604e-01 
  417.000  5.390373e-01 
  418.000  5.418646e-01 
  419.000  5.458859e-01 
  420.000  5.486050e-01 
  421.000  5.517707e-01 
  422.000  5.543682e-01 
  423.000  5.579337e-01 
  424.000  5.607028e-01 
  425.000  5.648313e-01 
  426.000  5.678997e-01 
  427.000  5.707874e-01 
  428.000  5.734115e-01 
  429.000  5.771602e-01 
  430.000  5.802856e-01 
  431.000  5.815480e-01 
  432.000  5.859250e-01 
  433.000  5.889876e-01 
  434.000  5.909945e-01 
  435.000  5.931123e-01 
  436.000  5.966557e-01 
  437.000  6.012881e-01 
  438.000  6.036673e-01 
  439.000  6.043642e-01 
  440.000  6.078541e-01 
  441.000  6.108664e-01 
  442.000  6.145254e-01 
  443.000  6.164876e-01 
  444.000  6.189572e-01 
  445.000  6.201425e-01 
  446.000  6.234701e-01 
  447.000  6.267928e-01 
  448.000  6.270706e-01 
  449.000  6.315872e-01 
  450.000  6.353217e-01 
  451.000  6.375877e-01 
  452.000  6.394489e-01 
  453.000  6.422551e-01 
  454.000  6.460797e-01 
  455.000  6.474172e-01 
  456.000  6.497070e-01 
  457.000  6.523361e-01 
  458.000  6.541214e-01 
  459.000  6.564398e-01 
  460.000  6.579246e-01 
  461.000  6.603038e-01 
  462.000  6.636005e-01 
  463.000  6.638298e-01 
  464.000  6.670661e-01 
  465.000  6.693051e-01 
  466.000  6.734279e-01 
  467.000  6.747033e-01 
  468.000  6.770807e-01 
  469.000  6.791048e-01 
  470.000  6.813258e-01 
  471.000  6.834850e-01 
  472.000  6.844608e-01 
  473.000  6.850668e-01 
  474.000  6.838719e-01 
  475.000  6.841770e-01 
  476.000  6.851137e-01 
  477.000  6.860860e-01 
  478.000  6.872993e-01 
  479.000  6.896524e-01 
  480.000  6.926013e-01 
  481.000  6.973421e-01 
  482.000  7.011961e-01 
  483.000  7.047202e-01 
  484.000  7.065732e-01 
  485.000  7.081435e-01 
  486.000  7.093695e-01 
  487.000  7.120894e-01 
  488.000  7.135435e-01 
  489.000  7.146950e-01 
  490.000  7.177192e-01 
  491.000  7.195718e-01 
  492.000  7.212936e-01 
  493.000  7.230062e-01 
  494.000  7.241973e-01 
  495.000  7.255125e-01 
  496.000  7.265626e-01 
  497.000  7.282291e-01 
  498.000  7.294669e-01 
  499.000  7.310438e-01 
  500.000  7.322121e-01 
  501.000  7.323933e-01 
  502.000  7.322701e-01 
  503.000  7.318411e-01 
  504.000  7.316332e-01 
  505.000  7.331032e-01 
  506.000  7.353119e-01 
  507.000  7.366603e-01 
  508.000  7.393765e-01 
  509.000  7.408665e-01 
  510.000  7.428004e-01 
  511.000  7.447245e-01 
  512.000  7.459807e-01 
  513.000  7.484943e-01 
  514.000  7.496489e-01 
  515.000  7.516831e-01 
  516.000  7.526019e-01 
  517.000  7.542098e-01 
  518.000  7.546004e-01 
  519.000  7.556506e-01 
  520.000  7.561911e-01 
  521.000  7.575603e-01 
  522.000  7.579561e-01 
  523.000  7.585306e-01 
  524.000  7.591015e-01 
  525.000  7.587314e-01 
  526.000  7.588906e-01 
  527.000  7.592279e-01 
  528.000  7.590340e-01 
  529.000  7.591493e-01 
  530.000  7.591133e-01 
  531.000  7.597926e-01 
  532.000  7.604164e-01 
  533.000  7.613455e-01 
  534.000  7.626582e-01 
  535.000  7.634276e-01 
  536.000  7.647856e-01 
  537.000  7.661996e-01 
  538.000  7.669279e-01 
  539.000  7.676052e-01 
  540.000  7.688705e-01 
  541.000  7.686371e-01 
  542.000  7.692579e-01 
  543.000  7.705435e-01 
  544.000  7.715374e-01 
  545.000  7.713289e-01 
  546.000  7.718073e-01 
  547.000  7.735451e-01 
  548.000  7.752345e-01 
  549.000  7.756547e-01 
  550.000  7.767152e-01 
  551.000  7.776437e-01 
  552.000  7.782361e-01 
  553.000  7.788827e-01 
  554.000  7.796706e-01 
  555.000  7.803505e-01 
  556.000  7.802105e-01 
  557.000  7.797515e-01 
  558.000  7.794264e-01 
  559.000  7.790467e-01 
  560.000  7.786167e-01 
  561.000  7.782889e-01 
  562.000  7.781190e-01 
  563.000  7.775934e-01 
  564.000  7.770421e-01 
  565.000  7.765793e-01 
  566.000  7.765023e-01 
  567.000  7.758273e-01 
  568.000  7.747776e-01 
  569.000  7.709283e-01 
  570.000  7.688454e-01 
  571.000  7.690277e-01 
  572.000  7.668415e-01 
  573.000  7.667173e-01 
  574.000  7.652456e-01 
  575.000  7.651092e-01 
  576.000  7.653148e-01 
  577.000  7.659950e-01 
  578.000  7.688106e-01 
  579.000  7.712216e-01 
  580.000  7.733976e-01 
  581.000  7.771178e-01 
  582.000  7.806764e-01 
  583.000  7.837740e-01 
  584.000  7.882605e-01 
  585.000  7.898267e-01 
  586.000  7.921714e-01 
  587.000  7.928697e-01 
  588.000  7.934237e-01 
  589.000  7.848175e-01 
  590.000  7.852470e-01 
  591.000  7.896944e-01 
  592.000  7.819747e-01 
  593.000  7.944051e-01 
  594.000  7.890536e-01 
  595.000  7.930247e-01 
  596.000  7.949607e-01 
  597.000  7.956204e-01 
  598.000  7.956254e-01 
  599.000  7.979260e-01 
  600.000  7.981315e-01 
  601.000  7.999423e-01 
  602.000  8.017527e-01 
  603.000  8.026624e-01 
  604.000  8.035551e-01 
  605.000  8.044355e-01 
  606.000  8.063079e-01 
  607.000  8.077807e-01 
  608.000  8.097211e-01 
  609.000  8.105183e-01 
  610.000  8.121106e-01 
  611.000  8.133734e-01 
  612.000  8.152043e-01 
  613.000  8.167780e-01 
  614.000  8.179016e-01 
  615.000  8.192105e-01 
  616.000  8.210042e-01 
  617.000  8.222843e-01 
  618.000  8.231418e-01 
  619.000  8.243793e-01 
  620.000  8.253674e-01 
  621.000  8.260416e-01 
  622.000  8.263366e-01 
  623.000  8.268331e-01 
  624.000  8.269927e-01 
  625.000  8.272182e-01 
  626.000  8.271571e-01 
  627.000  8.270043e-01 
  628.000  7.961783e-01 
  629.000  8.110828e-01 
  630.000  8.171611e-01 
  631.000  8.276953e-01 
  632.000  8.314072e-01 
  633.000  8.339695e-01 
  634.000  8.375977e-01 
  635.000  8.386791e-01 
  636.000  8.421961e-01 
  637.000  8.463054e-01 
  638.000  8.489510e-01 
  639.000  8.515400e-01 
  640.000  8.530298e-01 
  641.000  8.557848e-01 
  642.000  8.576187e-01 
  643.000  8.583641e-01 
  644.000  8.601030e-01 
  645.000  8.614239e-01 
  646.000  8.592633e-01 
  647.000  8.567451e-01 
  648.000  8.529118e-01 
  649.000  8.574775e-01 
  650.000  8.663075e-01 
  651.000  8.678305e-01 
  652.000  8.668862e-01 
  653.000  8.698907e-01 
  654.000  8.710506e-01 
  655.000  8.632326e-01 
  656.000  8.700326e-01 
  657.000  8.723303e-01 
  658.000  8.761029e-01 
  659.000  8.787273e-01 
  660.000  8.789577e-01 
  661.000  8.809448e-01 
  662.000  8.812939e-01 
  663.000  8.822781e-01 
  664.000  8.833100e-01 
  665.000  8.843655e-01 
  666.000  8.853400e-01 
  667.000  8.868742e-01 
  668.000  8.875899e-01 
  669.000  8.888319e-01 
  670.000  8.895125e-01 
  671.000  8.910132e-01 
  672.000  8.913417e-01 
  673.000  8.925868e-01 
  674.000  8.930767e-01 
  675.000  8.943714e-01 
  676.000  8.947761e-01 
  677.000  8.954514e-01 
  678.000  8.965836e-01 
  679.000  8.971791e-01 
  680.000  8.983800e-01 
  681.000  8.988658e-01 
  682.000  9.004042e-01 
  683.000  9.006339e-01 
  684.000  9.019215e-01 
  685.000  9.027749e-01 
  686.000  9.035952e-01 
  687.000  5.603149e-01 
  688.000  7.244939e-01 
  689.000  7.755443e-01 
  690.000  8.132575e-01 
  691.000  8.411166e-01 
  692.000  8.868948e-01 
  693.000  8.808988e-01 
  694.000  8.722402e-01 
  695.000  8.906846e-01 
  696.000  8.849743e-01 
  697.000  9.092781e-01 
  698.000  9.094498e-01 
  699.000  8.986027e-01 
  700.000  9.017355e-01 
  701.000  8.926054e-01 
  702.000  8.974732e-01 
  703.000  9.019473e-01 
  704.000  9.044320e-01 
  705.000  9.059563e-01 
  706.000  9.094950e-01 
  707.000  9.126068e-01 
  708.000  9.157265e-01 
  709.000  9.161848e-01 
  710.000  9.151478e-01 
  711.000  9.183800e-01 
  712.000  9.174565e-01 
  713.000  9.200380e-01 
  714.000  9.180197e-01 
  715.000  9.136716e-01 
  716.000  9.152237e-01 
  717.000  8.970380e-01 
  718.000  8.402796e-01 
  719.000  7.884508e-01 
  720.000  8.434421e-01 
  721.000  9.076978e-01 
  722.000  9.060889e-01 
  723.000  9.027309e-01 
  724.000  8.281589e-01 
  725.000  8.523365e-01 
  726.000  8.878235e-01 
  727.000  8.708519e-01 
  728.000  8.456457e-01 
  729.000  8.590446e-01 
  730.000  8.911672e-01 
  731.000  8.781971e-01 
  732.000  8.879261e-01 
  733.000  9.128034e-01 
  734.000  9.238650e-01 
  735.000  9.154554e-01 
  736.000  9.217353e-01 
  737.000  9.220692e-01 
  738.000  9.264524e-01 
  739.000  9.277794e-01 
  740.000  9.327515e-01 
  741.000  9.351135e-01 
  742.000  9.358639e-01 
  743.000  9.360784e-01 
  744.000  9.369053e-01 
  745.000  9.373996e-01 
  746.000  9.382451e-01 
  747.000  9.386926e-01 
  748.000  9.389803e-01 
  749.000  9.391775e-01 
  750.000  9.396164e-01 
  751.000  9.398430e-01 
  752.000  9.409083e-01 
  753.000  9.411934e-01 
  754.000  9.415270e-01 
  755.000  9.418722e-01 
  756.000  9.420963e-01 
  757.000  9.425754e-01 
  758.000  9.432994e-01 
  759.000  9.307544e-01 
  760.000  2.560638e-01 
  761.000  1.246741e-01 
  762.000  5.269322e-01 
  763.000  4.060900e-01 
  764.000  4.941884e-01 
  765.000  6.519608e-01 
  766.000  7.981167e-01 
  767.000  8.555723e-01 
  768.000  9.214463e-01 
  769.000  9.386002e-01 
  770.000  9.388119e-01 
  771.000  9.451663e-01 
  772.000  9.473789e-01 
  773.000  9.475529e-01 
  774.000  9.476600e-01 
  775.000  9.478101e-01 
  776.000  9.480584e-01 
  777.000  9.483891e-01 
  778.000  9.485891e-01 
  779.000  9.488086e-01 
  780.000  9.489919e-01 
  781.000  9.495062e-01 
  782.000  9.498522e-01 
  783.000  9.501632e-01 
  784.000  9.500938e-01 
  785.000  9.499255e-01 
  786.000  9.482800e-01 
  787.000  9.488423e-01 
  788.000  9.455460e-01 
  789.000  9.453793e-01 
  790.000  9.392365e-01 
  791.000  9.401509e-01 
  792.000  9.426246e-01 
  793.000  9.445206e-01 
  794.000  9.531558e-01 
  795.000  9.502868e-01 
  796.000  9.335174e-01 
  797.000  9.468730e-01 
  798.000  9.475110e-01 
  799.000  9.499778e-01 
  800.000  9.427313e-01 
  801.000  9.398326e-01 
  802.000  9.451578e-01 
  803.000  9.435657e-01 
  804.000  9.434981e-01 
  805.000  9.474720e-01 
  806.000  9.536204e-01 
  807.000  9.499712e-01 
  808.000  9.540197e-01 
  809.000  9.476855e-01 
  810.000  9.449862e-01 
  811.000  9.471722e-01 
  812.000  9.404027e-01 
  813.000  9.278639e-01 
  814.000  9.049671e-01 
  815.000  8.797889e-01 
  816.000  8.981044e-01 
  817.000  8.035613e-01 
  818.000  8.681411e-01 
  819.000  8.949327e-01 
  820.000  8.577227e-01 
  821.000  9.442030e-01 
  822.000  9.323041e-01 
  823.000  7.709797e-01 
  824.000  9.181160e-01 
  825.000  9.382296e-01 
  826.000  9.168974e-01 
  827.000  9.378552e-01 
  828.000  8.847356e-01 
  829.000  9.272345e-01 
  830.000  9.189996e-01 
  831.000  9.212016e-01 
  832.000  9.235049e-01 
  833.000  9.376942e-01 
  834.000  9.400423e-01 
  835.000  9.471450e-01 
  836.000  9.496646e-01 
  837.000  9.473125e-01 
  838.000  9.548093e-01 
  839.000  9.567432e-01 
  840.000  9.579937e-01 
  841.000  9.579937e-01 
  842.000  9.527335e-01 
  843.000  9.622208e-01 
  844.000  9.563491e-01 
  845.000  9.611778e-01 
  846.000  9.626670e-01 
  847.000  9.637102e-01 
  848.000  9.626093e-01 
  849.000  9.632804e-01 
  850.000  9.633002e-01 
  851.000  9.636185e-01 
  852.000  9.659884e-01 
  853.000  9.662896e-01 
  854.000  9.662767e-01 
  855.000  9.662767e-01 
  856.000  9.665343e-01 
  857.000  9.678913e-01 
  858.000  9.668872e-01 
  859.000  9.677441e-01 
  860.000  9.684582e-01 
  861.000  9.683083e-01 
  862.000  9.687871e-01 
  863.000  9.687290e-01 
  864.000  9.692475e-01 
  865.000  9.692475e-01 
  866.000  9.693278e-01 
  867.000  9.694828e-01 
  868.000  9.695598e-01 
  869.000  9.696176e-01 
  870.000  9.698473e-01 
  871.000  9.699956e-01 
  872.000  9.702513e-01 
  873.000  9.702969e-01 
  874.000  9.702969e-01 
  875.000  9.706789e-01 
  876.000  9.707895e-01 
  877.000  9.708539e-01 
  878.000  9.709548e-01 
  879.000  9.709868e-01 
  880.000  9.713479e-01 
  881.000  9.713479e-01 
  882.000  9.709489e-01 
  883.000  9.710867e-01 
  884.000  9.713531e-01 
  885.000  9.716288e-01 
  886.000  9.681278e-01 
  887.000  9.716074e-01 
  888.000  9.716074e-01 
  889.000  9.708561e-01 
  890.000  9.690047e-01 
  891.000  9.720041e-01 
  892.000  9.689107e-01 
  893.000  9.621528e-01 
  894.000  9.621528e-01 
  895.000  9.456294e-01 
  896.000  9.258451e-01 
  897.000  8.500959e-01 
  898.000  9.198472e-01 
  899.000  7.784921e-01 
  900.000  7.784921e-01 
  901.000  8.122063e-01 
  902.000  8.363153e-01 
  903.000  8.704303e-01 
  904.000  9.467576e-01 
  905.000  9.382381e-01 
  906.000  9.382381e-01 
  907.000  8.518729e-01 
  908.000  8.331453e-01 
  909.000  8.451217e-01 
  910.000  8.258824e-01 
  911.000  8.258824e-01 
  912.000  9.081185e-01 
  913.000  8.679693e-01 
  914.000  8.425217e-01 
  915.000  8.034092e-01 
  916.000  8.034092e-01 
  917.000  9.068561e-01 
  918.000  8.253139e-01 
  919.000  8.952240e-01 
  920.000  9.472368e-01 
  921.000  9.472368e-01 
  922.000  9.318462e-01 
  923.000  9.280644e-01 
  924.000  9.148899e-01 
  925.000  9.148899e-01 
  926.000  9.209440e-01 
  927.000  9.321489e-01 
  928.000  8.447454e-01 
  929.000  8.305030e-01 
  930.000  8.305030e-01 
  931.000  7.124200e-01 
  932.000  5.400813e-01 
  933.000  5.583419e-01 
  934.000  5.583419e-01 
  935.000  5.071954e-01 
  936.000  4.760988e-01 
  937.000  4.548291e-01 
  938.000  4.548291e-01 
  939.000  5.976787e-01 
  940.000  7.255823e-01 
  941.000  6.808948e-01 
  942.000  6.808948e-01 
  943.000  5.786980e-01 
  944.000  5.885735e-01 
  945.000  6.665120e-01 
  946.000  6.665120e-01 
  947.000  5.921342e-01 
  948.000  6.159612e-01 
  949.000  6.849168e-01 
  950.000  6.849168e-01 
  951.000  6.961212e-01 
  952.000  5.967909e-01 
  953.000  7.304217e-01 
  954.000  7.304217e-01 
  955.000  7.305297e-01 
  956.000  6.248507e-01 
  957.000  7.756408e-01 
  958.000  7.756408e-01 
  959.000  6.792214e-01 
  960.000  7.511953e-01 
  961.000  7.511953e-01 
  962.000  7.907764e-01 
  963.000  8.435668e-01 
  964.000  7.507916e-01 
  965.000  7.507916e-01 
  966.000  8.099517e-01 
  967.000  8.812463e-01 
  968.000  8.812463e-01 
  969.000  9.017113e-01 
  970.000  9.313633e-01 
  971.000  9.422073e-01 
  972.000  9.422073e-01 
  973.000  9.284570e-01 
  974.000  8.626240e-01 
  975.000  8.626240e-01 
  976.000  8.495943e-01 
  977.000  9.159839e-01 
  978.000  9.064107e-01 
  979.000  9.064107e-01 
  980.000  9.096618e-01 
  981.000  9.603703e-01 
  982.000  9.603703e-01 
  983.000  9.475845e-01 
  984.000  9.585917e-01 
  985.000  9.585917e-01 
  986.000  9.763767e-01 
  987.000  9.695751e-01 
  988.000  9.695751e-01 
  989.000  9.794508e-01 
  990.000  9.753433e-01 
  991.000  9.753433e-01 
  992.000  9.781055e-01 
  993.000  9.778320e-01 
  994.000  9.778320e-01 
  995.000  9.816632e-01 
  996.000  9.817719e-01 
  997.000  9.817719e-01 
  998.000  9.818015e-01 
  999.000  9.815384e-01 
 1000.000  9.815384e-01 
 1001.000  9.819238e-01 
 1002.000  9.763906e-01 
 1003.000  9.763906e-01 
 1004.000  9.819405e-01 
 1005.000  9.823796e-01 
 1006.000  9.823796e-01 
 1007.000  9.826450e-01 
 1008.000  9.814121e-01 
 1009.000  9.814121e-01 
 1010.000  9.769197e-01 
 1011.000  9.826744e-01 
 1012.000  9.826744e-01 
 1013.000  9.830580e-01 
 1014.000  9.830243e-01 
 1015.000  9.830243e-01 
 1016.000  9.832626e-01 
 1017.000  9.831779e-01 
 1018.000  9.831779e-01 
 1019.000  9.826857e-01 
 1020.000  9.836428e-01 
 1021.000  9.836428e-01 
 1022.000  9.829577e-01 
 1023.000  9.829577e-01 
 1024.000  9.829458e-01 
 1025.000  9.838657e-01 
 1026.000  9.838657e-01 
 1027.000  9.835052e-01 
 1028.000  9.840192e-01 
 1029.000  9.840192e-01 
 1030.000  9.842644e-01 
 1031.000  9.841598e-01 
 1032.000  9.841598e-01 
 1033.000  9.841856e-01 
 1034.000  9.841856e-01 
 1035.000  9.841887e-01 
 1036.000  9.835511e-01 
 1037.000  9.835511e-01 
 1038.000  9.834523e-01 
 1039.000  9.827825e-01 
 1040.000  9.827825e-01 
 1041.000  9.822488e-01 
 1042.000  9.822488e-01 
 1043.000  9.815917e-01 
 1044.000  9.805796e-01 
 1045.000  9.805796e-01 
 1046.000  9.791722e-01 
 1047.000  9.791722e-01 
 1048.000  9.777576e-01 
 1049.000  9.748585e-01 
 1050.000  9.748585e-01 
 1051.000  9.736328e-01 
 1052.000  9.736328e-01 
 1053.000  9.716905e-01 
 1054.000  9.700349e-01 
 1055.000  9.700349e-01 
 1056.000  9.681327e-01 
 1057.000  9.681327e-01 
 1058.000  9.663827e-01 
 1059.000  9.646755e-01 
 1060.000  9.646755e-01 
 1061.000  9.636064e-01 
 1062.000  9.636064e-01 
 1063.000  9.618006e-01 
 1064.000  9.606229e-01 
 1065.000  9.606229e-01 
 1066.000  9.624074e-01 
 1067.000  9.624074e-01 
 1068.000  9.614787e-01 
 1069.000  9.635320e-01 
 1070.000  9.635320e-01 
 1071.000  9.657707e-01 
 1072.000  9.657707e-01 
 1073.000  9.675821e-01 
 1074.000  9.675821e-01 
 1075.000  9.663822e-01 
 1076.000  9.669929e-01 
 1077.000  9.669929e-01 
 1078.000  9.721102e-01 
 1079.000  9.721102e-01 
 1080.000  9.700737e-01 
 1081.000  9.700737e-01 
 1082.000  9.730334e-01 
 1083.000  9.715511e-01 
 1084.000  9.715511e-01 
 1085.000  9.659257e-01 
 1086.000  9.659257e-01 
 1087.000  9.768241e-01 
 1088.000  9.768241e-01 
 1089.000  9.726955e-01 
 1090.000  9.706242e-01 
 1091.000  9.706242e-01 
 1092.000  9.635845e-01 
 1093.000  9.635845e-01 
 1094.000  9.648514e-01 
 1095.000  9.648514e-01 
 1096.000  9.601018e-01 
 1097.000  9.601018e-01 
 1098.000  9.528626e-01 
 1099.000  9.206867e-01 
 1100.000  9.206867e-01 
 1101.000  9.224192e-01 
 1102.000  9.224192e-01 
 1103.000  9.087045e-01 
 1104.000  9.087045e-01 
 1105.000  8.997499e-01 
 1106.000  8.997499e-01 
 1107.000  8.999388e-01 
 1108.000  8.999388e-01 
 1109.000  8.732061e-01 
 1110.000  8.506929e-01 
 1111.000  8.506929e-01 
 1112.000  8.100617e-01 
 1113.000  8.100617e-01 
 1114.000  7.412615e-01 
 1115.000  7.412615e-01 
 1116.000  5.293213e-01 
 1117.000  5.293213e-01 
 1118.000  6.316071e-01 
 1119.000  6.316071e-01 
 1120.000  5.575138e-01 
 1121.000  5.575138e-01 
 1122.000  3.689787e-01 
 1123.000  5.821099e-01 
 1124.000  5.821099e-01 
 1125.000  4.042277e-01 
 1126.000  4.042277e-01 
 1127.000  4.680315e-01 
 1128.000  4.680315e-01 
 1129.000  4.658464e-01 
 1130.000  4.658464e-01 
 1131.000  7.328961e-01 
 1132.000  7.328961e-01 
 1133.000  4.822231e-01 
 1134.000  4.822231e-01 
 1135.000  2.887040e-01 
 1136.000  2.887040e-01 
 1137.000  7.428672e-01 
 1138.000  7.428672e-01 
 1139.000  6.781021e-01 
 1140.000  6.781021e-01 
 1141.000  6.637425e-01 
 1142.000  6.637425e-01 
 1143.000  7.088628e-01 
 1144.000  7.088628e-01 
 1145.000  5.129655e-01 
 1146.000  5.129655e-01 
 1147.000  5.020245e-01 
 1148.000  5.020245e-01 
 1149.000  6.115667e-01 
 1150.000  6.115667e-01 
 1151.000  7.050930e-01 
 1152.000  7.050930e-01 
 1153.000  6.583890e-01 
 1154.000  6.583890e-01 
 1155.000  7.113132e-01 
 1156.000  7.113132e-01 
 1157.000  7.845092e-01 
 1158.000  7.845092e-01 
 1159.000  8.603982e-01 
 1160.000  8.603982e-01 
 1161.000  8.426861e-01 
 1162.000  8.426861e-01 
 1163.000  9.019827e-01 
 1164.000  9.019827e-01 
 1165.000  8.781655e-01 
 1166.000  8.781655e-01 
 1167.000  9.231935e-01 
 1168.000  9.231935e-01 
 1169.000  9.236931e-01 
 1170.000  9.236931e-01 
 1171.000  9.352292e-01 
 1172.000  9.352292e-01 
 1173.000  8.735905e-01 
 1174.000  8.735905e-01 
 1175.000  9.625651e-01 
 1176.000  9.625651e-01 
 1177.000  9.074249e-01 
 1178.000  9.074249e-01 
 1179.000  9.475648e-01 
 1180.000  9.475648e-01 
 1181.000  8.633233e-01 
 1182.000  8.633233e-01 
 1183.000  9.252499e-01 
 1184.000  9.252499e-01 
 1185.000  9.448189e-01 
 1186.000  9.448189e-01 
 1187.000  8.732780e-01 
 1188.000  8.732780e-01 
 1189.000  8.732780e-01 
 1190.000  9.250709e-01 
 1191.000  9.250709e-01 
 1192.000  9.666242e-01 
 1193.000  9.666242e-01 
 1194.000  9.377453e-01 
 1195.000  9.377453e-01 
 1196.000  9.500721e-01 
 1197.000  9.500721e-01 
 1198.000  9.224413e-01 
 1199.000  9.224413e-01 
 1200.000  9.197223e-01 
