  250.000  0.000000e+00 
  251.000  0.000000e+00 
  252.000  0.000000e+00 
  253.000  0.000000e+00 
  254.000  0.000000e+00 
  255.000  0.000000e+00 
  256.000  0.000000e+00 
  257.000  0.000000e+00 
  258.000  0.000000e+00 
  259.000  0.000000e+00 
  260.000  0.000000e+00 
  261.000  0.000000e+00 
  262.000  0.000000e+00 
  263.000  0.000000e+00 
  264.000  0.000000e+00 
  265.000  0.000000e+00 
  266.000  0.000000e+00 
  267.000  0.000000e+00 
  268.000  0.000000e+00 
  269.000  0.000000e+00 
  270.000  0.000000e+00 
  271.000  0.000000e+00 
  272.000  0.000000e+00 
  273.000  0.000000e+00 
  274.000  0.000000e+00 
  275.000  0.000000e+00 
  276.000  0.000000e+00 
  277.000  0.000000e+00 
  278.000  0.000000e+00 
  279.000  0.000000e+00 
  280.000  0.000000e+00 
  281.000  0.000000e+00 
  282.000  0.000000e+00 
  283.000  0.000000e+00 
  284.000  0.000000e+00 
  285.000  0.000000e+00 
  286.000  0.000000e+00 
  287.000  0.000000e+00 
  288.000  3.107791e-11 
  289.000  2.212573e-10 
  290.000  2.389151e-09 
  291.000  1.433892e-08 
  292.000  1.700544e-07 
  293.000  7.189182e-07 
  294.000  3.776816e-06 
  295.000  1.064312e-05 
  296.000  4.805757e-05 
  297.000  1.155350e-04 
  298.000  3.297562e-04 
  299.000  6.765182e-04 
  300.000  1.442403e-03 
  301.000  2.656903e-03 
  302.000  4.473394e-03 
  303.000  8.403344e-03 
  304.000  1.041013e-02 
  305.000  1.743556e-02 
  306.000  2.305654e-02 
  307.000  3.281524e-02 
  308.000  4.077955e-02 
  309.000  5.045319e-02 
  310.000  6.603082e-02 
  311.000  7.362186e-02 
  312.000  8.617643e-02 
  313.000  1.020835e-01 
  314.000  1.087007e-01 
  315.000  1.286423e-01 
  316.000  1.341790e-01 
  317.000  1.507655e-01 
  318.000  1.597693e-01 
  319.000  1.855112e-01 
  320.000  1.700655e-01 
  321.000  2.079837e-01 
  322.000  1.935238e-01 
  323.000  2.123887e-01 
  324.000  2.377462e-01 
  325.000  2.210576e-01 
  326.000  2.474307e-01 
  327.000  2.558367e-01 
  328.000  2.441338e-01 
  329.000  2.740662e-01 
  330.000  2.800084e-01 
  331.000  2.686986e-01 
  332.000  2.902217e-01 
  333.000  2.954861e-01 
  334.000  2.940077e-01 
  335.000  3.078215e-01 
  336.000  3.143007e-01 
  337.000  3.119761e-01 
  338.000  3.218095e-01 
  339.000  3.290416e-01 
  340.000  3.290473e-01 
  341.000  3.373230e-01 
  342.000  3.432514e-01 
  343.000  3.476094e-01 
  344.000  3.475032e-01 
  345.000  3.564880e-01 
  346.000  3.612502e-01 
  347.000  3.655950e-01 
  348.000  3.701364e-01 
  349.000  3.755054e-01 
  350.000  3.799206e-01 
  351.000  3.847972e-01 
  352.000  3.889866e-01 
  353.000  3.940044e-01 
  354.000  3.976396e-01 
  355.000  4.015949e-01 
  356.000  4.065889e-01 
  357.000  4.098824e-01 
  358.000  4.135323e-01 
  359.000  4.171280e-01 
  360.000  4.206570e-01 
  361.000  4.243709e-01 
  362.000  4.300547e-01 
  363.000  4.349016e-01 
  364.000  4.397260e-01 
  365.000  4.437944e-01 
  366.000  4.482847e-01 
  367.000  4.525196e-01 
  368.000  4.565705e-01 
  369.000  4.599738e-01 
  370.000  4.640355e-01 
  371.000  4.683202e-01 
  372.000  4.718966e-01 
  373.000  4.762510e-01 
  374.000  4.804129e-01 
  375.000  4.837863e-01 
  376.000  4.873170e-01 
  377.000  4.913202e-01 
  378.000  4.944224e-01 
  379.000  4.978013e-01 
  380.000  5.010644e-01 
  381.000  5.046064e-01 
  382.000  5.093468e-01 
  383.000  5.141843e-01 
  384.000  5.175000e-01 
  385.000  5.217425e-01 
  386.000  5.251330e-01 
  387.000  5.291365e-01 
  388.000  5.322889e-01 
  389.000  5.354965e-01 
  390.000  5.395123e-01 
  391.000  5.428089e-01 
  392.000  5.455927e-01 
  393.000  5.502126e-01 
  394.000  5.534147e-01 
  395.000  5.565236e-01 
  396.000  5.604510e-01 
  397.000  5.640068e-01 
  398.000  5.665025e-01 
  399.000  5.698987e-01 
  400.000  5.728304e-01 
  401.000  5.766881e-01 
  402.000  5.801447e-01 
  403.000  5.837017e-01 
  404.000  5.860999e-01 
  405.000  5.894020e-01 
  406.000  5.925126e-01 
  407.000  5.965490e-01 
  408.000  5.985654e-01 
  409.000  6.014712e-01 
  410.000  6.045253e-01 
  411.000  6.079409e-01 
  412.000  6.114575e-01 
  413.000  6.133962e-01 
  414.000  6.170287e-01 
  415.000  6.198959e-01 
  416.000  6.235730e-01 
  417.000  6.257559e-01 
  418.000  6.282443e-01 
  419.000  6.317787e-01 
  420.000  6.341645e-01 
  421.000  6.369397e-01 
  422.000  6.392138e-01 
  423.000  6.423314e-01 
  424.000  6.447492e-01 
  425.000  6.483484e-01 
  426.000  6.510193e-01 
  427.000  6.535286e-01 
  428.000  6.558067e-01 
  429.000  6.590569e-01 
  430.000  6.617625e-01 
  431.000  6.628550e-01 
  432.000  6.666369e-01 
  433.000  6.692796e-01 
  434.000  6.710093e-01 
  435.000  6.728336e-01 
  436.000  6.758822e-01 
  437.000  6.798609e-01 
  438.000  6.819019e-01 
  439.000  6.825007e-01 
  440.000  6.854901e-01 
  441.000  6.880663e-01 
  442.000  6.912068e-01 
  443.000  6.929075e-01 
  444.000  6.949742e-01 
  445.000  6.960486e-01 
  446.000  6.988947e-01 
  447.000  7.016394e-01 
  448.000  7.018763e-01 
  449.000  7.057080e-01 
  450.000  7.088721e-01 
  451.000  7.107908e-01 
  452.000  7.123656e-01 
  453.000  7.147408e-01 
  454.000  7.179665e-01 
  455.000  7.190949e-01 
  456.000  7.210293e-01 
  457.000  7.232472e-01 
  458.000  7.247565e-01 
  459.000  7.267086e-01 
  460.000  7.279611e-01 
  461.000  7.299576e-01 
  462.000  7.327213e-01 
  463.000  7.329139e-01 
  464.000  7.356232e-01 
  465.000  7.374960e-01 
  466.000  7.409487e-01 
  467.000  7.420089e-01 
  468.000  7.439922e-01 
  469.000  7.457294e-01 
  470.000  7.475973e-01 
  471.000  7.493335e-01 
  472.000  7.501504e-01 
  473.000  7.506555e-01 
  474.000  7.496637e-01 
  475.000  7.499478e-01 
  476.000  7.507112e-01 
  477.000  7.515273e-01 
  478.000  7.525418e-01 
  479.000  7.545040e-01 
  480.000  7.569606e-01 
  481.000  7.608949e-01 
  482.000  7.640891e-01 
  483.000  7.670069e-01 
  484.000  7.685422e-01 
  485.000  7.698710e-01 
  486.000  7.708876e-01 
  487.000  7.730942e-01 
  488.000  7.742910e-01 
  489.000  7.752406e-01 
  490.000  7.777249e-01 
  491.000  7.792509e-01 
  492.000  7.806674e-01 
  493.000  7.820770e-01 
  494.000  7.830576e-01 
  495.000  7.841391e-01 
  496.000  7.850128e-01 
  497.000  7.863925e-01 
  498.000  7.874190e-01 
  499.000  7.887274e-01 
  500.000  7.897027e-01 
  501.000  7.898901e-01 
  502.000  7.899728e-01 
  503.000  7.898675e-01 
  504.000  7.900465e-01 
  505.000  7.907231e-01 
  506.000  7.927804e-01 
  507.000  7.939872e-01 
  508.000  7.959540e-01 
  509.000  7.970059e-01 
  510.000  7.984667e-01 
  511.000  8.000574e-01 
  512.000  8.010637e-01 
  513.000  8.030722e-01 
  514.000  8.040166e-01 
  515.000  8.056616e-01 
  516.000  8.064167e-01 
  517.000  8.077335e-01 
  518.000  8.080561e-01 
  519.000  8.089192e-01 
  520.000  8.093639e-01 
  521.000  8.104934e-01 
  522.000  8.108234e-01 
  523.000  8.113014e-01 
  524.000  8.118000e-01 
  525.000  8.115479e-01 
  526.000  8.116467e-01 
  527.000  8.119776e-01 
  528.000  8.118145e-01 
  529.000  8.119586e-01 
  530.000  8.119211e-01 
  531.000  8.124746e-01 
  532.000  8.129913e-01 
  533.000  8.137478e-01 
  534.000  8.148275e-01 
  535.000  8.154521e-01 
  536.000  8.165612e-01 
  537.000  8.177163e-01 
  538.000  8.183081e-01 
  539.000  8.189113e-01 
  540.000  8.199586e-01 
  541.000  8.201092e-01 
  542.000  8.204934e-01 
  543.000  8.213638e-01 
  544.000  8.221636e-01 
  545.000  8.221945e-01 
  546.000  8.227583e-01 
  547.000  8.239791e-01 
  548.000  8.251703e-01 
  549.000  8.254995e-01 
  550.000  8.264409e-01 
  551.000  8.270653e-01 
  552.000  8.275610e-01 
  553.000  8.280749e-01 
  554.000  8.287187e-01 
  555.000  8.292780e-01 
  556.000  8.291856e-01 
  557.000  8.288397e-01 
  558.000  8.285987e-01 
  559.000  8.283241e-01 
  560.000  8.280044e-01 
  561.000  8.277625e-01 
  562.000  8.276384e-01 
  563.000  8.272344e-01 
  564.000  8.268083e-01 
  565.000  8.264519e-01 
  566.000  8.264075e-01 
  567.000  8.259312e-01 
  568.000  8.251116e-01 
  569.000  8.226714e-01 
  570.000  8.209693e-01 
  571.000  8.206669e-01 
  572.000  8.193092e-01 
  573.000  8.188264e-01 
  574.000  8.178027e-01 
  575.000  8.174372e-01 
  576.000  8.177198e-01 
  577.000  8.183214e-01 
  578.000  8.203223e-01 
  579.000  8.222523e-01 
  580.000  8.239617e-01 
  581.000  8.269541e-01 
  582.000  8.298674e-01 
  583.000  8.323399e-01 
  584.000  8.360064e-01 
  585.000  8.373548e-01 
  586.000  8.392196e-01 
  587.000  8.398317e-01 
  588.000  8.407543e-01 
  589.000  8.367785e-01 
  590.000  8.374004e-01 
  591.000  8.397809e-01 
  592.000  8.359120e-01 
  593.000  8.423219e-01 
  594.000  8.398470e-01 
  595.000  8.420044e-01 
  596.000  8.429574e-01 
  597.000  8.433005e-01 
  598.000  8.432946e-01 
  599.000  8.444286e-01 
  600.000  8.444918e-01 
  601.000  8.456022e-01 
  602.000  8.469398e-01 
  603.000  8.476580e-01 
  604.000  8.482899e-01 
  605.000  8.490062e-01 
  606.000  8.504736e-01 
  607.000  8.516208e-01 
  608.000  8.531539e-01 
  609.000  8.537836e-01 
  610.000  8.550422e-01 
  611.000  8.560372e-01 
  612.000  8.574780e-01 
  613.000  8.587192e-01 
  614.000  8.596039e-01 
  615.000  8.606343e-01 
  616.000  8.620415e-01 
  617.000  8.630444e-01 
  618.000  8.637161e-01 
  619.000  8.646836e-01 
  620.000  8.654495e-01 
  621.000  8.659698e-01 
  622.000  8.661972e-01 
  623.000  8.665705e-01 
  624.000  8.666947e-01 
  625.000  8.668556e-01 
  626.000  8.668092e-01 
  627.000  8.667917e-01 
  628.000  8.428261e-01 
  629.000  8.534511e-01 
  630.000  8.588276e-01 
  631.000  8.671919e-01 
  632.000  8.704173e-01 
  633.000  8.723304e-01 
  634.000  8.751917e-01 
  635.000  8.759688e-01 
  636.000  8.788301e-01 
  637.000  8.820751e-01 
  638.000  8.839718e-01 
  639.000  8.860698e-01 
  640.000  8.872219e-01 
  641.000  8.894683e-01 
  642.000  8.907650e-01 
  643.000  8.914940e-01 
  644.000  8.927318e-01 
  645.000  8.938462e-01 
  646.000  8.931108e-01 
  647.000  8.922568e-01 
  648.000  8.905851e-01 
  649.000  8.933926e-01 
  650.000  8.981746e-01 
  651.000  8.990768e-01 
  652.000  8.989998e-01 
  653.000  9.006944e-01 
  654.000  9.018577e-01 
  655.000  8.981474e-01 
  656.000  9.018415e-01 
  657.000  9.032454e-01 
  658.000  9.054952e-01 
  659.000  9.071720e-01 
  660.000  9.074484e-01 
  661.000  9.088516e-01 
  662.000  9.091347e-01 
  663.000  9.100612e-01 
  664.000  9.107357e-01 
  665.000  9.115236e-01 
  666.000  9.122663e-01 
  667.000  9.134184e-01 
  668.000  9.139714e-01 
  669.000  9.149352e-01 
  670.000  9.154406e-01 
  671.000  9.166002e-01 
  672.000  9.168543e-01 
  673.000  9.178157e-01 
  674.000  9.181949e-01 
  675.000  9.191942e-01 
  676.000  9.195114e-01 
  677.000  9.200278e-01 
  678.000  9.209021e-01 
  679.000  9.213635e-01 
  680.000  9.222984e-01 
  681.000  9.227058e-01 
  682.000  9.238662e-01 
  683.000  9.241676e-01 
  684.000  9.251873e-01 
  685.000  9.257047e-01 
  686.000  9.263983e-01 
  687.000  6.154089e-01 
  688.000  7.781581e-01 
  689.000  8.205339e-01 
  690.000  8.539683e-01 
  691.000  8.759166e-01 
  692.000  9.140670e-01 
  693.000  9.127609e-01 
  694.000  9.126950e-01 
  695.000  9.220275e-01 
  696.000  9.192194e-01 
  697.000  9.316372e-01 
  698.000  9.318711e-01 
  699.000  9.266452e-01 
  700.000  9.285437e-01 
  701.000  9.242629e-01 
  702.000  9.267826e-01 
  703.000  9.291787e-01 
  704.000  9.305253e-01 
  705.000  9.315031e-01 
  706.000  9.334103e-01 
  707.000  9.350569e-01 
  708.000  9.367381e-01 
  709.000  9.371346e-01 
  710.000  9.367469e-01 
  711.000  9.385754e-01 
  712.000  9.382489e-01 
  713.000  9.396768e-01 
  714.000  9.387598e-01 
  715.000  9.369503e-01 
  716.000  9.378669e-01 
  717.000  9.291631e-01 
  718.000  8.991180e-01 
  719.000  8.622861e-01 
  720.000  9.022582e-01 
  721.000  9.350628e-01 
  722.000  9.343717e-01 
  723.000  9.328442e-01 
  724.000  8.904889e-01 
  725.000  9.075732e-01 
  726.000  9.259923e-01 
  727.000  9.173607e-01 
  728.000  9.043463e-01 
  729.000  9.118922e-01 
  730.000  9.280576e-01 
  731.000  9.217451e-01 
  732.000  9.267346e-01 
  733.000  9.391220e-01 
  734.000  9.446362e-01 
  735.000  9.406611e-01 
  736.000  9.437858e-01 
  737.000  9.441267e-01 
  738.000  9.463478e-01 
  739.000  9.470835e-01 
  740.000  9.495264e-01 
  741.000  9.507337e-01 
  742.000  9.513569e-01 
  743.000  9.515495e-01 
  744.000  9.520332e-01 
  745.000  9.523568e-01 
  746.000  9.529219e-01 
  747.000  9.532859e-01 
  748.000  9.534898e-01 
  749.000  9.536655e-01 
  750.000  9.539923e-01 
  751.000  9.541901e-01 
  752.000  9.549534e-01 
  753.000  9.551657e-01 
  754.000  9.554366e-01 
  755.000  9.557199e-01 
  756.000  9.559064e-01 
  757.000  9.562131e-01 
  758.000  9.567686e-01 
  759.000  9.469552e-01 
  760.000  3.160249e-01 
  761.000  1.856814e-01 
  762.000  5.826702e-01 
  763.000  4.712326e-01 
  764.000  5.538592e-01 
  765.000  6.997445e-01 
  766.000  8.356323e-01 
  767.000  8.865095e-01 
  768.000  9.394429e-01 
  769.000  9.531391e-01 
  770.000  9.532523e-01 
  771.000  9.581930e-01 
  772.000  9.598957e-01 
  773.000  9.600301e-01 
  774.000  9.601257e-01 
  775.000  9.602317e-01 
  776.000  9.604195e-01 
  777.000  9.606739e-01 
  778.000  9.608281e-01 
  779.000  9.609973e-01 
  780.000  9.611385e-01 
  781.000  9.615311e-01 
  782.000  9.618238e-01 
  783.000  9.620414e-01 
  784.000  9.620863e-01 
  785.000  9.620886e-01 
  786.000  9.613870e-01 
  787.000  9.617912e-01 
  788.000  9.602445e-01 
  789.000  9.603071e-01 
  790.000  9.574064e-01 
  791.000  9.579657e-01 
  792.000  9.592536e-01 
  793.000  9.601976e-01 
  794.000  9.645662e-01 
  795.000  9.632909e-01 
  796.000  9.552910e-01 
  797.000  9.618062e-01 
  798.000  9.621805e-01 
  799.000  9.634053e-01 
  800.000  9.599813e-01 
  801.000  9.586653e-01 
  802.000  9.612789e-01 
  803.000  9.605525e-01 
  804.000  9.605810e-01 
  805.000  9.625244e-01 
  806.000  9.654764e-01 
  807.000  9.638119e-01 
  808.000  9.657855e-01 
  809.000  9.627804e-01 
  810.000  9.615594e-01 
  811.000  9.626429e-01 
  812.000  9.595029e-01 
  813.000  9.533998e-01 
  814.000  9.420766e-01 
  815.000  9.282212e-01 
  816.000  9.383238e-01 
  817.000  8.820313e-01 
  818.000  9.201294e-01 
  819.000  9.370492e-01 
  820.000  9.131622e-01 
  821.000  9.618947e-01 
  822.000  9.561641e-01 
  823.000  8.619680e-01 
  824.000  9.494209e-01 
  825.000  9.591353e-01 
  826.000  9.487002e-01 
  827.000  9.591377e-01 
  828.000  9.321353e-01 
  829.000  9.539772e-01 
  830.000  9.498826e-01 
  831.000  9.510491e-01 
  832.000  9.523542e-01 
  833.000  9.595037e-01 
  834.000  9.605624e-01 
  835.000  9.641343e-01 
  836.000  9.653466e-01 
  837.000  9.642926e-01 
  838.000  9.679591e-01 
  839.000  9.688997e-01 
  840.000  9.695645e-01 
  841.000  9.695645e-01 
  842.000  9.670869e-01 
  843.000  9.716606e-01 
  844.000  9.689069e-01 
  845.000  9.712562e-01 
  846.000  9.720169e-01 
  847.000  9.725241e-01 
  848.000  9.720879e-01 
  849.000  9.724510e-01 
  850.000  9.726493e-01 
  851.000  9.733521e-01 
  852.000  9.745081e-01 
  853.000  9.746978e-01 
  854.000  9.747630e-01 
  855.000  9.747630e-01 
  856.000  9.749129e-01 
  857.000  9.756351e-01 
  858.000  9.751934e-01 
  859.000  9.756616e-01 
  860.000  9.760036e-01 
  861.000  9.759859e-01 
  862.000  9.762684e-01 
  863.000  9.761879e-01 
  864.000  9.765946e-01 
  865.000  9.765946e-01 
  866.000  9.766448e-01 
  867.000  9.767631e-01 
  868.000  9.768223e-01 
  869.000  9.768665e-01 
  870.000  9.770730e-01 
  871.000  9.771560e-01 
  872.000  9.773587e-01 
  873.000  9.774262e-01 
  874.000  9.774262e-01 
  875.000  9.776800e-01 
  876.000  9.777637e-01 
  877.000  9.778452e-01 
  878.000  9.779390e-01 
  879.000  9.779730e-01 
  880.000  9.782139e-01 
  881.000  9.782139e-01 
  882.000  9.780812e-01 
  883.000  9.781649e-01 
  884.000  9.783446e-01 
  885.000  9.785247e-01 
  886.000  9.769120e-01 
  887.000  9.786124e-01 
  888.000  9.786124e-01 
  889.000  9.782630e-01 
  890.000  9.774535e-01 
  891.000  9.789070e-01 
  892.000  9.775040e-01 
  893.000  9.743615e-01 
  894.000  9.743615e-01 
  895.000  9.661367e-01 
  896.000  9.563487e-01 
  897.000  9.130104e-01 
  898.000  9.536431e-01 
  899.000  8.627840e-01 
  900.000  8.627840e-01 
  901.000  8.823667e-01 
  902.000  9.007859e-01 
  903.000  9.209809e-01 
  904.000  9.672133e-01 
  905.000  9.627866e-01 
  906.000  9.627866e-01 
  907.000  9.147105e-01 
  908.000  8.994526e-01 
  909.000  9.100477e-01 
  910.000  8.996392e-01 
  911.000  8.996392e-01 
  912.000  9.482023e-01 
  913.000  9.256145e-01 
  914.000  9.092341e-01 
  915.000  8.835364e-01 
  916.000  8.835364e-01 
  917.000  9.480729e-01 
  918.000  8.984790e-01 
  919.000  9.395791e-01 
  920.000  9.680718e-01 
  921.000  9.680718e-01 
  922.000  9.604530e-01 
  923.000  9.585815e-01 
  924.000  9.523295e-01 
  925.000  9.523295e-01 
  926.000  9.553092e-01 
  927.000  9.609030e-01 
  928.000  9.139578e-01 
  929.000  9.067033e-01 
  930.000  9.067033e-01 
  931.000  8.246314e-01 
  932.000  6.680428e-01 
  933.000  7.030442e-01 
  934.000  7.030442e-01 
  935.000  6.412259e-01 
  936.000  6.142387e-01 
  937.000  6.137226e-01 
  938.000  6.137226e-01 
  939.000  7.202166e-01 
  940.000  8.321603e-01 
  941.000  7.999576e-01 
  942.000  7.999576e-01 
  943.000  6.987244e-01 
  944.000  7.011794e-01 
  945.000  7.968249e-01 
  946.000  7.968249e-01 
  947.000  7.251059e-01 
  948.000  7.497961e-01 
  949.000  7.969123e-01 
  950.000  7.969123e-01 
  951.000  8.032650e-01 
  952.000  7.231117e-01 
  953.000  8.394700e-01 
  954.000  8.394700e-01 
  955.000  8.366233e-01 
  956.000  7.431351e-01 
  957.000  8.681378e-01 
  958.000  8.681378e-01 
  959.000  8.087131e-01 
  960.000  8.590654e-01 
  961.000  8.590654e-01 
  962.000  8.773630e-01 
  963.000  9.141080e-01 
  964.000  8.544125e-01 
  965.000  8.544125e-01 
  966.000  8.891921e-01 
  967.000  9.330806e-01 
  968.000  9.330806e-01 
  969.000  9.447759e-01 
  970.000  9.614536e-01 
  971.000  9.668050e-01 
  972.000  9.668050e-01 
  973.000  9.601418e-01 
  974.000  9.235371e-01 
  975.000  9.235371e-01 
  976.000  9.137145e-01 
  977.000  9.523791e-01 
  978.000  9.471061e-01 
  979.000  9.471061e-01 
  980.000  9.493152e-01 
  981.000  9.759107e-01 
  982.000  9.759107e-01 
  983.000  9.693365e-01 
  984.000  9.750919e-01 
  985.000  9.750919e-01 
  986.000  9.836133e-01 
  987.000  9.804099e-01 
  988.000  9.804099e-01 
  989.000  9.851243e-01 
  990.000  9.832311e-01 
  991.000  9.832311e-01 
  992.000  9.845477e-01 
  993.000  9.844457e-01 
  994.000  9.844457e-01 
  995.000  9.862947e-01 
  996.000  9.863578e-01 
  997.000  9.863578e-01 
  998.000  9.864101e-01 
  999.000  9.863222e-01 
 1000.000  9.863222e-01 
 1001.000  9.865391e-01 
 1002.000  9.839463e-01 
 1003.000  9.839463e-01 
 1004.000  9.865960e-01 
 1005.000  9.868211e-01 
 1006.000  9.868211e-01 
 1007.000  9.869729e-01 
 1008.000  9.864298e-01 
 1009.000  9.864298e-01 
 1010.000  9.843287e-01 
 1011.000  9.870726e-01 
 1012.000  9.870726e-01 
 1013.000  9.872888e-01 
 1014.000  9.873087e-01 
 1015.000  9.873087e-01 
 1016.000  9.874388e-01 
 1017.000  9.874401e-01 
 1018.000  9.874401e-01 
 1019.000  9.872383e-01 
 1020.000  9.877090e-01 
 1021.000  9.877090e-01 
 1022.000  9.874214e-01 
 1023.000  9.874214e-01 
 1024.000  9.874291e-01 
 1025.000  9.878845e-01 
 1026.000  9.878845e-01 
 1027.000  9.877306e-01 
 1028.000  9.879783e-01 
 1029.000  9.879783e-01 
 1030.000  9.880932e-01 
 1031.000  9.880385e-01 
 1032.000  9.880385e-01 
 1033.000  9.880216e-01 
 1034.000  9.880216e-01 
 1035.000  9.879831e-01 
 1036.000  9.874974e-01 
 1037.000  9.874974e-01 
 1038.000  9.874220e-01 
 1039.000  9.869186e-01 
 1040.000  9.869186e-01 
 1041.000  9.865056e-01 
 1042.000  9.865056e-01 
 1043.000  9.860045e-01 
 1044.000  9.852332e-01 
 1045.000  9.852332e-01 
 1046.000  9.841604e-01 
 1047.000  9.841604e-01 
 1048.000  9.830815e-01 
 1049.000  9.808697e-01 
 1050.000  9.808697e-01 
 1051.000  9.799342e-01 
 1052.000  9.799342e-01 
 1053.000  9.784508e-01 
 1054.000  9.771874e-01 
 1055.000  9.771874e-01 
 1056.000  9.757324e-01 
 1057.000  9.757324e-01 
 1058.000  9.743950e-01 
 1059.000  9.730884e-01 
 1060.000  9.730884e-01 
 1061.000  9.722707e-01 
 1062.000  9.722707e-01 
 1063.000  9.709094e-01 
 1064.000  9.701315e-01 
 1065.000  9.701315e-01 
 1066.000  9.713553e-01 
 1067.000  9.713553e-01 
 1068.000  9.707186e-01 
 1069.000  9.724391e-01 
 1070.000  9.724391e-01 
 1071.000  9.740357e-01 
 1072.000  9.740357e-01 
 1073.000  9.754295e-01 
 1074.000  9.754295e-01 
 1075.000  9.755115e-01 
 1076.000  9.764253e-01 
 1077.000  9.764253e-01 
 1078.000  9.795794e-01 
 1079.000  9.795794e-01 
 1080.000  9.791234e-01 
 1081.000  9.791234e-01 
 1082.000  9.812455e-01 
 1083.000  9.810487e-01 
 1084.000  9.810487e-01 
 1085.000  9.786237e-01 
 1086.000  9.786237e-01 
 1087.000  9.843162e-01 
 1088.000  9.843162e-01 
 1089.000  9.827982e-01 
 1090.000  9.819848e-01 
 1091.000  9.819848e-01 
 1092.000  9.788904e-01 
 1093.000  9.788904e-01 
 1094.000  9.795507e-01 
 1095.000  9.795507e-01 
 1096.000  9.774073e-01 
 1097.000  9.774073e-01 
 1098.000  9.740700e-01 
 1099.000  9.575390e-01 
 1100.000  9.575390e-01 
 1101.000  9.584097e-01 
 1102.000  9.584097e-01 
 1103.000  9.513481e-01 
 1104.000  9.513481e-01 
 1105.000  9.468178e-01 
 1106.000  9.468178e-01 
 1107.000  9.466166e-01 
 1108.000  9.466166e-01 
 1109.000  9.322463e-01 
 1110.000  9.165052e-01 
 1111.000  9.165052e-01 
 1112.000  8.936523e-01 
 1113.000  8.936523e-01 
 1114.000  8.279337e-01 
 1115.000  8.279337e-01 
 1116.000  6.695134e-01 
 1117.000  6.695134e-01 
 1118.000  7.434527e-01 
 1119.000  7.434527e-01 
 1120.000  6.949667e-01 
 1121.000  6.949667e-01 
 1122.000  5.282391e-01 
 1123.000  7.098876e-01 
 1124.000  7.098876e-01 
 1125.000  5.614759e-01 
 1126.000  5.614759e-01 
 1127.000  6.285231e-01 
 1128.000  6.285231e-01 
 1129.000  6.275701e-01 
 1130.000  6.275701e-01 
 1131.000  8.424909e-01 
 1132.000  8.424909e-01 
 1133.000  6.438504e-01 
 1134.000  6.438504e-01 
 1135.000  4.215994e-01 
 1136.000  4.215994e-01 
 1137.000  8.544003e-01 
 1138.000  8.544003e-01 
 1139.000  7.819440e-01 
 1140.000  7.819440e-01 
 1141.000  7.738803e-01 
 1142.000  7.738803e-01 
 1143.000  8.285041e-01 
 1144.000  8.285041e-01 
 1145.000  6.529509e-01 
 1146.000  6.529509e-01 
 1147.000  6.538665e-01 
 1148.000  6.538665e-01 
 1149.000  7.355046e-01 
 1150.000  7.355046e-01 
 1151.000  8.029950e-01 
 1152.000  8.029950e-01 
 1153.000  7.619786e-01 
 1154.000  7.619786e-01 
 1155.000  8.072034e-01 
 1156.000  8.072034e-01 
 1157.000  8.718493e-01 
 1158.000  8.718493e-01 
 1159.000  9.249515e-01 
 1160.000  9.249515e-01 
 1161.000  9.138023e-01 
 1162.000  9.138023e-01 
 1163.000  9.445935e-01 
 1164.000  9.445935e-01 
 1165.000  9.326490e-01 
 1166.000  9.326490e-01 
 1167.000  9.578273e-01 
 1168.000  9.578273e-01 
 1169.000  9.578040e-01 
 1170.000  9.578040e-01 
 1171.000  9.640082e-01 
 1172.000  9.640082e-01 
 1173.000  9.316162e-01 
 1174.000  9.316162e-01 
 1175.000  9.786523e-01 
 1176.000  9.786523e-01 
 1177.000  9.500683e-01 
 1178.000  9.500683e-01 
 1179.000  9.709036e-01 
 1180.000  9.709036e-01 
 1181.000  9.239559e-01 
 1182.000  9.239559e-01 
 1183.000  9.593939e-01 
 1184.000  9.593939e-01 
 1185.000  9.706194e-01 
 1186.000  9.706194e-01 
 1187.000  9.255247e-01 
 1188.000  9.255247e-01 
 1189.000  9.255247e-01 
 1190.000  9.588709e-01 
 1191.000  9.588709e-01 
 1192.000  9.812455e-01 
 1193.000  9.812455e-01 
 1194.000  9.660414e-01 
 1195.000  9.660414e-01 
 1196.000  9.736372e-01 
 1197.000  9.736372e-01 
 1198.000  9.588203e-01 
 1199.000  9.588203e-01 
 1200.000  9.565143e-01 
