  250.000  0.000000e+00 
  251.000  0.000000e+00 
  252.000  0.000000e+00 
  253.000  0.000000e+00 
  254.000  0.000000e+00 
  255.000  0.000000e+00 
  256.000  0.000000e+00 
  257.000  0.000000e+00 
  258.000  0.000000e+00 
  259.000  0.000000e+00 
  260.000  0.000000e+00 
  261.000  0.000000e+00 
  262.000  0.000000e+00 
  263.000  0.000000e+00 
  264.000  0.000000e+00 
  265.000  0.000000e+00 
  266.000  0.000000e+00 
  267.000  0.000000e+00 
  268.000  0.000000e+00 
  269.000  0.000000e+00 
  270.000  0.000000e+00 
  271.000  0.000000e+00 
  272.000  0.000000e+00 
  273.000  0.000000e+00 
  274.000  0.000000e+00 
  275.000  0.000000e+00 
  276.000  0.000000e+00 
  277.000  0.000000e+00 
  278.000  0.000000e+00 
  279.000  0.000000e+00 
  280.000  0.000000e+00 
  281.000  0.000000e+00 
  282.000  0.000000e+00 
  283.000  0.000000e+00 
  284.000  0.000000e+00 
  285.000  0.000000e+00 
  286.000  0.000000e+00 
  287.000  0.000000e+00 
  288.000  0.000000e+00 
  289.000  0.000000e+00 
  290.000  0.000000e+00 
  291.000  0.000000e+00 
  292.000  4.168562e-11 
  293.000  4.094372e-10 
  294.000  5.687684e-09 
  295.000  2.931982e-08 
  296.000  3.200259e-07 
  297.000  1.280936e-06 
  298.000  6.729845e-06 
  299.000  2.088662e-05 
  300.000  6.905527e-05 
  301.000  1.808308e-04 
  302.000  4.097358e-04 
  303.000  1.107450e-03 
  304.000  1.541051e-03 
  305.000  3.469426e-03 
  306.000  5.350466e-03 
  307.000  9.294273e-03 
  308.000  1.300426e-02 
  309.000  1.807217e-02 
  310.000  2.746970e-02 
  311.000  3.234370e-02 
  312.000  4.121652e-02 
  313.000  5.346336e-02 
  314.000  5.850939e-02 
  315.000  7.580090e-02 
  316.000  8.039307e-02 
  317.000  9.589415e-02 
  318.000  1.042039e-01 
  319.000  1.311648e-01 
  320.000  1.131401e-01 
  321.000  1.547295e-01 
  322.000  1.366868e-01 
  323.000  1.573355e-01 
  324.000  1.866601e-01 
  325.000  1.649709e-01 
  326.000  1.959867e-01 
  327.000  2.051856e-01 
  328.000  1.888124e-01 
  329.000  2.254125e-01 
  330.000  2.316111e-01 
  331.000  2.153236e-01 
  332.000  2.417734e-01 
  333.000  2.471638e-01 
  334.000  2.434379e-01 
  335.000  2.601999e-01 
  336.000  2.671527e-01 
  337.000  2.622627e-01 
  338.000  2.737326e-01 
  339.000  2.818637e-01 
  340.000  2.803338e-01 
  341.000  2.899018e-01 
  342.000  2.962362e-01 
  343.000  3.003595e-01 
  344.000  2.987060e-01 
  345.000  3.091411e-01 
  346.000  3.140933e-01 
  347.000  3.181660e-01 
  348.000  3.228570e-01 
  349.000  3.284207e-01 
  350.000  3.328540e-01 
  351.000  3.378101e-01 
  352.000  3.419926e-01 
  353.000  3.470101e-01 
  354.000  3.506506e-01 
  355.000  3.546168e-01 
  356.000  3.596322e-01 
  357.000  3.629444e-01 
  358.000  3.666192e-01 
  359.000  3.702439e-01 
  360.000  3.738054e-01 
  361.000  3.775580e-01 
  362.000  3.833096e-01 
  363.000  3.882225e-01 
  364.000  3.931201e-01 
  365.000  3.972558e-01 
  366.000  4.018265e-01 
  367.000  4.061429e-01 
  368.000  4.102769e-01 
  369.000  4.137540e-01 
  370.000  4.179084e-01 
  371.000  4.222960e-01 
  372.000  4.259626e-01 
  373.000  4.304319e-01 
  374.000  4.347089e-01 
  375.000  4.381792e-01 
  376.000  4.418150e-01 
  377.000  4.459416e-01 
  378.000  4.491426e-01 
  379.000  4.526323e-01 
  380.000  4.560053e-01 
  381.000  4.596702e-01 
  382.000  4.645803e-01 
  383.000  4.695977e-01 
  384.000  4.730403e-01 
  385.000  4.774496e-01 
  386.000  4.809770e-01 
  387.000  4.851459e-01 
  388.000  4.884318e-01 
  389.000  4.917778e-01 
  390.000  4.959708e-01 
  391.000  4.994160e-01 
  392.000  5.023276e-01 
  393.000  5.071641e-01 
  394.000  5.105193e-01 
  395.000  5.137795e-01 
  396.000  5.179017e-01 
  397.000  5.216152e-01 
  398.000  5.242573e-01 
  399.000  5.278175e-01 
  400.000  5.309165e-01 
  401.000  5.349853e-01 
  402.000  5.386310e-01 
  403.000  5.423853e-01 
  404.000  5.449184e-01 
  405.000  5.484073e-01 
  406.000  5.516815e-01 
  407.000  5.559320e-01 
  408.000  5.580509e-01 
  409.000  5.611098e-01 
  410.000  5.643304e-01 
  411.000  5.679514e-01 
  412.000  5.716848e-01 
  413.000  5.737435e-01 
  414.000  5.776045e-01 
  415.000  5.806385e-01 
  416.000  5.845592e-01 
  417.000  5.868770e-01 
  418.000  5.895295e-01 
  419.000  5.932841e-01 
  420.000  5.958344e-01 
  421.000  5.987797e-01 
  422.000  6.011928e-01 
  423.000  6.045079e-01 
  424.000  6.070750e-01 
  425.000  6.109089e-01 
  426.000  6.137540e-01 
  427.000  6.164543e-01 
  428.000  6.188948e-01 
  429.000  6.223758e-01 
  430.000  6.252803e-01 
  431.000  6.264427e-01 
  432.000  6.304904e-01 
  433.000  6.333158e-01 
  434.000  6.351641e-01 
  435.000  6.371083e-01 
  436.000  6.403645e-01 
  437.000  6.446141e-01 
  438.000  6.467903e-01 
  439.000  6.474031e-01 
  440.000  6.505918e-01 
  441.000  6.533578e-01 
  442.000  6.564042e-01 
  443.000  6.576774e-01 
  444.000  6.607028e-01 
  445.000  6.604981e-01 
  446.000  6.632984e-01 
  447.000  6.678935e-01 
  448.000  6.681296e-01 
  449.000  6.722751e-01 
  450.000  6.756877e-01 
  451.000  6.777371e-01 
  452.000  6.794187e-01 
  453.000  6.818913e-01 
  454.000  6.854092e-01 
  455.000  6.866070e-01 
  456.000  6.885913e-01 
  457.000  6.908861e-01 
  458.000  6.923589e-01 
  459.000  6.943935e-01 
  460.000  6.956341e-01 
  461.000  6.977938e-01 
  462.000  7.007869e-01 
  463.000  7.009863e-01 
  464.000  7.039227e-01 
  465.000  7.059527e-01 
  466.000  7.095196e-01 
  467.000  7.107639e-01 
  468.000  7.129098e-01 
  469.000  7.137535e-01 
  470.000  7.153630e-01 
  471.000  7.185480e-01 
  472.000  7.193227e-01 
  473.000  7.198512e-01 
  474.000  7.187395e-01 
  475.000  7.184172e-01 
  476.000  7.195729e-01 
  477.000  7.202975e-01 
  478.000  7.212726e-01 
  479.000  7.232366e-01 
  480.000  7.257035e-01 
  481.000  7.298505e-01 
  482.000  7.332092e-01 
  483.000  7.362604e-01 
  484.000  7.378176e-01 
  485.000  7.385539e-01 
  486.000  7.395421e-01 
  487.000  7.426927e-01 
  488.000  7.440087e-01 
  489.000  7.450035e-01 
  490.000  7.477829e-01 
  491.000  7.493748e-01 
  492.000  7.508803e-01 
  493.000  7.523423e-01 
  494.000  7.533439e-01 
  495.000  7.544679e-01 
  496.000  7.551593e-01 
  497.000  7.563775e-01 
  498.000  7.572430e-01 
  499.000  7.583164e-01 
  500.000  7.589691e-01 
  501.000  7.583596e-01 
  502.000  7.544645e-01 
  503.000  7.493440e-01 
  504.000  7.419469e-01 
  505.000  7.539482e-01 
  506.000  7.509924e-01 
  507.000  7.500052e-01 
  508.000  7.576166e-01 
  509.000  7.621591e-01 
  510.000  7.661444e-01 
  511.000  7.674186e-01 
  512.000  7.688957e-01 
  513.000  7.719035e-01 
  514.000  7.728379e-01 
  515.000  7.748342e-01 
  516.000  7.754942e-01 
  517.000  7.767277e-01 
  518.000  7.769743e-01 
  519.000  7.777094e-01 
  520.000  7.780775e-01 
  521.000  7.789435e-01 
  522.000  7.791244e-01 
  523.000  7.794017e-01 
  524.000  7.792065e-01 
  525.000  7.778832e-01 
  526.000  7.786930e-01 
  527.000  7.778459e-01 
  528.000  7.778243e-01 
  529.000  7.769099e-01 
  530.000  7.770738e-01 
  531.000  7.776410e-01 
  532.000  7.779789e-01 
  533.000  7.787504e-01 
  534.000  7.796017e-01 
  535.000  7.802642e-01 
  536.000  7.812885e-01 
  537.000  7.823396e-01 
  538.000  7.829351e-01 
  539.000  7.824426e-01 
  540.000  7.830443e-01 
  541.000  7.761547e-01 
  542.000  7.789191e-01 
  543.000  7.834905e-01 
  544.000  7.844440e-01 
  545.000  7.803986e-01 
  546.000  7.772331e-01 
  547.000  7.823422e-01 
  548.000  7.873226e-01 
  549.000  7.878955e-01 
  550.000  7.872114e-01 
  551.000  7.904671e-01 
  552.000  7.906267e-01 
  553.000  7.913670e-01 
  554.000  7.918963e-01 
  555.000  7.922804e-01 
  556.000  7.917612e-01 
  557.000  7.909008e-01 
  558.000  7.902094e-01 
  559.000  7.892689e-01 
  560.000  7.883713e-01 
  561.000  7.876461e-01 
  562.000  7.872574e-01 
  563.000  7.864135e-01 
  564.000  7.855727e-01 
  565.000  7.848390e-01 
  566.000  7.844320e-01 
  567.000  7.824885e-01 
  568.000  7.809842e-01 
  569.000  7.642834e-01 
  570.000  7.638876e-01 
  571.000  7.719751e-01 
  572.000  7.623119e-01 
  573.000  7.692844e-01 
  574.000  7.648870e-01 
  575.000  7.697359e-01 
  576.000  7.678469e-01 
  577.000  7.672884e-01 
  578.000  7.751143e-01 
  579.000  7.776572e-01 
  580.000  7.805148e-01 
  581.000  7.839895e-01 
  582.000  7.862644e-01 
  583.000  7.893843e-01 
  584.000  7.921383e-01 
  585.000  7.918108e-01 
  586.000  7.941113e-01 
  587.000  7.937624e-01 
  588.000  7.840592e-01 
  589.000  7.312177e-01 
  590.000  7.210911e-01 
  591.000  7.456881e-01 
  592.000  7.075791e-01 
  593.000  7.721715e-01 
  594.000  7.390486e-01 
  595.000  7.538375e-01 
  596.000  7.674710e-01 
  597.000  7.721574e-01 
  598.000  7.713521e-01 
  599.000  7.874852e-01 
  600.000  7.904771e-01 
  601.000  7.982672e-01 
  602.000  8.020112e-01 
  603.000  8.029762e-01 
  604.000  8.054030e-01 
  605.000  8.059570e-01 
  606.000  8.081855e-01 
  607.000  8.100607e-01 
  608.000  8.120896e-01 
  609.000  8.129213e-01 
  610.000  8.145562e-01 
  611.000  8.159070e-01 
  612.000  8.178860e-01 
  613.000  8.195207e-01 
  614.000  8.207079e-01 
  615.000  8.220883e-01 
  616.000  8.240613e-01 
  617.000  8.254882e-01 
  618.000  8.264408e-01 
  619.000  8.278468e-01 
  620.000  8.290870e-01 
  621.000  8.299807e-01 
  622.000  8.303710e-01 
  623.000  8.312202e-01 
  624.000  8.314011e-01 
  625.000  8.319588e-01 
  626.000  8.318388e-01 
  627.000  8.295500e-01 
  628.000  7.870284e-01 
  629.000  8.097163e-01 
  630.000  8.235923e-01 
  631.000  8.331555e-01 
  632.000  8.311021e-01 
  633.000  8.355698e-01 
  634.000  8.387970e-01 
  635.000  8.414734e-01 
  636.000  8.428424e-01 
  637.000  8.465149e-01 
  638.000  8.527369e-01 
  639.000  8.539328e-01 
  640.000  8.557226e-01 
  641.000  8.565480e-01 
  642.000  8.611190e-01 
  643.000  8.589514e-01 
  644.000  8.630862e-01 
  645.000  8.626112e-01 
  646.000  8.415430e-01 
  647.000  8.195013e-01 
  648.000  7.953665e-01 
  649.000  8.125418e-01 
  650.000  8.566914e-01 
  651.000  8.639668e-01 
  652.000  8.499349e-01 
  653.000  8.660092e-01 
  654.000  8.618000e-01 
  655.000  8.192781e-01 
  656.000  8.480418e-01 
  657.000  8.571506e-01 
  658.000  8.729438e-01 
  659.000  8.827798e-01 
  660.000  8.808305e-01 
  661.000  8.858678e-01 
  662.000  8.859549e-01 
  663.000  8.837100e-01 
  664.000  8.872642e-01 
  665.000  8.888889e-01 
  666.000  8.901523e-01 
  667.000  8.924121e-01 
  668.000  8.931664e-01 
  669.000  8.943639e-01 
  670.000  8.954790e-01 
  671.000  8.970131e-01 
  672.000  8.973425e-01 
  673.000  8.986231e-01 
  674.000  8.991042e-01 
  675.000  9.004300e-01 
  676.000  9.007438e-01 
  677.000  9.015282e-01 
  678.000  9.026671e-01 
  679.000  9.032341e-01 
  680.000  9.042715e-01 
  681.000  9.040547e-01 
  682.000  9.061717e-01 
  683.000  9.039910e-01 
  684.000  9.045193e-01 
  685.000  9.083189e-01 
  686.000  9.078684e-01 
  687.000  5.843853e-01 
  688.000  7.487183e-01 
  689.000  7.946362e-01 
  690.000  8.280168e-01 
  691.000  8.454239e-01 
  692.000  8.763586e-01 
  693.000  8.154868e-01 
  694.000  7.298947e-01 
  695.000  8.123200e-01 
  696.000  7.940292e-01 
  697.000  8.955242e-01 
  698.000  8.941852e-01 
  699.000  8.334441e-01 
  700.000  8.437883e-01 
  701.000  7.897997e-01 
  702.000  8.131149e-01 
  703.000  8.394145e-01 
  704.000  8.505116e-01 
  705.000  8.518069e-01 
  706.000  8.677858e-01 
  707.000  8.816292e-01 
  708.000  8.985949e-01 
  709.000  8.985620e-01 
  710.000  8.895712e-01 
  711.000  9.056420e-01 
  712.000  8.988931e-01 
  713.000  9.105102e-01 
  714.000  8.969198e-01 
  715.000  8.644037e-01 
  716.000  8.727639e-01 
  717.000  7.677969e-01 
  718.000  6.375205e-01 
  719.000  5.617765e-01 
  720.000  5.766188e-01 
  721.000  8.147793e-01 
  722.000  8.088036e-01 
  723.000  7.896456e-01 
  724.000  6.252201e-01 
  725.000  6.085680e-01 
  726.000  7.116974e-01 
  727.000  6.581079e-01 
  728.000  5.898271e-01 
  729.000  5.991082e-01 
  730.000  7.305782e-01 
  731.000  6.695800e-01 
  732.000  7.026187e-01 
  733.000  8.212768e-01 
  734.000  8.806235e-01 
  735.000  8.336453e-01 
  736.000  8.653331e-01 
  737.000  8.637362e-01 
  738.000  8.863568e-01 
  739.000  8.927048e-01 
  740.000  9.220745e-01 
  741.000  9.363069e-01 
  742.000  9.360089e-01 
  743.000  9.359431e-01 
  744.000  9.396905e-01 
  745.000  9.414112e-01 
  746.000  9.439259e-01 
  747.000  9.439290e-01 
  748.000  9.445206e-01 
  749.000  9.442201e-01 
  750.000  9.448391e-01 
  751.000  9.445609e-01 
  752.000  9.466467e-01 
  753.000  9.470361e-01 
  754.000  9.470460e-01 
  755.000  9.469846e-01 
  756.000  9.468943e-01 
  757.000  9.485716e-01 
  758.000  9.492362e-01 
  759.000  9.383445e-01 
  760.000  2.873879e-01 
  761.000  1.558923e-01 
  762.000  5.559909e-01 
  763.000  4.404795e-01 
  764.000  5.260628e-01 
  765.000  6.774433e-01 
  766.000  8.175933e-01 
  767.000  8.715873e-01 
  768.000  9.301786e-01 
  769.000  9.453886e-01 
  770.000  9.455418e-01 
  771.000  9.510896e-01 
  772.000  9.529776e-01 
  773.000  9.531187e-01 
  774.000  9.529224e-01 
  775.000  9.532514e-01 
  776.000  9.535306e-01 
  777.000  9.538092e-01 
  778.000  9.539751e-01 
  779.000  9.541526e-01 
  780.000  9.543009e-01 
  781.000  9.547883e-01 
  782.000  9.545289e-01 
  783.000  9.552327e-01 
  784.000  9.530345e-01 
  785.000  9.502860e-01 
  786.000  9.375537e-01 
  787.000  9.377821e-01 
  788.000  9.187288e-01 
  789.000  9.145046e-01 
  790.000  8.792964e-01 
  791.000  8.834942e-01 
  792.000  8.947244e-01 
  793.000  9.088281e-01 
  794.000  9.528856e-01 
  795.000  9.309814e-01 
  796.000  8.393726e-01 
  797.000  9.088452e-01 
  798.000  9.120545e-01 
  799.000  9.243017e-01 
  800.000  8.841715e-01 
  801.000  8.672037e-01 
  802.000  8.928770e-01 
  803.000  8.834447e-01 
  804.000  8.826105e-01 
  805.000  9.053999e-01 
  806.000  9.414610e-01 
  807.000  9.178215e-01 
  808.000  9.417161e-01 
  809.000  9.035897e-01 
  810.000  8.856699e-01 
  811.000  8.964614e-01 
  812.000  8.553469e-01 
  813.000  8.008196e-01 
  814.000  7.088076e-01 
  815.000  6.681851e-01 
  816.000  7.049387e-01 
  817.000  5.356525e-01 
  818.000  6.706161e-01 
  819.000  6.835091e-01 
  820.000  6.508793e-01 
  821.000  8.687096e-01 
  822.000  8.071489e-01 
  823.000  4.926640e-01 
  824.000  7.392302e-01 
  825.000  8.451021e-01 
  826.000  7.523569e-01 
  827.000  8.356941e-01 
  828.000  6.569248e-01 
  829.000  7.921115e-01 
  830.000  7.665502e-01 
  831.000  7.738448e-01 
  832.000  7.719482e-01 
  833.000  8.220595e-01 
  834.000  8.455976e-01 
  835.000  8.734846e-01 
  836.000  8.896175e-01 
  837.000  8.758625e-01 
  838.000  9.136137e-01 
  839.000  9.264785e-01 
  840.000  9.323109e-01 
  841.000  9.323109e-01 
  842.000  9.016073e-01 
  843.000  9.578913e-01 
  844.000  9.214309e-01 
  845.000  9.491208e-01 
  846.000  9.576558e-01 
  847.000  9.648958e-01 
  848.000  9.554332e-01 
  849.000  9.592161e-01 
  850.000  9.555838e-01 
  851.000  9.476144e-01 
  852.000  9.615182e-01 
  853.000  9.630359e-01 
  854.000  9.616103e-01 
  855.000  9.616103e-01 
  856.000  9.627414e-01 
  857.000  9.703895e-01 
  858.000  9.628485e-01 
  859.000  9.674030e-01 
  860.000  9.722242e-01 
  861.000  9.700952e-01 
  862.000  9.722325e-01 
  863.000  9.729203e-01 
  864.000  9.731552e-01 
  865.000  9.731552e-01 
  866.000  9.734533e-01 
  867.000  9.735877e-01 
  868.000  9.736500e-01 
  869.000  9.736872e-01 
  870.000  9.732450e-01 
  871.000  9.739909e-01 
  872.000  9.740546e-01 
  873.000  9.734121e-01 
  874.000  9.734121e-01 
  875.000  9.745114e-01 
  876.000  9.746119e-01 
  877.000  9.739835e-01 
  878.000  9.736564e-01 
  879.000  9.734764e-01 
  880.000  9.744948e-01 
  881.000  9.744948e-01 
  882.000  9.704345e-01 
  883.000  9.711319e-01 
  884.000  9.716871e-01 
  885.000  9.725083e-01 
  886.000  9.486334e-01 
  887.000  9.701169e-01 
  888.000  9.701169e-01 
  889.000  9.646598e-01 
  890.000  9.521236e-01 
  891.000  9.704260e-01 
  892.000  9.478173e-01 
  893.000  9.023190e-01 
  894.000  9.023190e-01 
  895.000  8.452218e-01 
  896.000  7.639417e-01 
  897.000  6.248725e-01 
  898.000  7.253678e-01 
  899.000  5.194818e-01 
  900.000  5.194818e-01 
  901.000  5.556357e-01 
  902.000  6.191877e-01 
  903.000  6.663250e-01 
  904.000  8.268064e-01 
  905.000  8.070639e-01 
  906.000  8.070639e-01 
  907.000  6.073350e-01 
  908.000  5.906742e-01 
  909.000  5.930219e-01 
  910.000  5.557050e-01 
  911.000  5.557050e-01 
  912.000  6.757136e-01 
  913.000  6.010641e-01 
  914.000  5.807431e-01 
  915.000  5.231447e-01 
  916.000  5.231447e-01 
  917.000  6.453925e-01 
  918.000  5.284359e-01 
  919.000  7.087413e-01 
  920.000  8.097743e-01 
  921.000  8.097743e-01 
  922.000  7.538969e-01 
  923.000  7.412907e-01 
  924.000  6.667084e-01 
  925.000  6.667084e-01 
  926.000  6.951801e-01 
  927.000  7.362109e-01 
  928.000  5.285352e-01 
  929.000  4.870850e-01 
  930.000  4.870850e-01 
  931.000  3.400091e-01 
  932.000  1.794325e-01 
  933.000  1.188163e-01 
  934.000  1.188163e-01 
  935.000  1.389494e-01 
  936.000  1.034300e-01 
  937.000  6.672796e-02 
  938.000  6.672796e-02 
  939.000  1.941345e-01 
  940.000  2.962277e-01 
  941.000  2.457510e-01 
  942.000  2.457510e-01 
  943.000  1.632904e-01 
  944.000  1.820356e-01 
  945.000  2.540341e-01 
  946.000  2.540341e-01 
  947.000  1.749958e-01 
  948.000  2.336925e-01 
  949.000  2.700530e-01 
  950.000  2.700530e-01 
  951.000  3.343551e-01 
  952.000  1.693976e-01 
  953.000  3.548169e-01 
  954.000  3.548169e-01 
  955.000  3.493855e-01 
  956.000  2.511842e-01 
  957.000  4.504277e-01 
  958.000  4.504277e-01 
  959.000  3.065612e-01 
  960.000  3.699638e-01 
  961.000  3.699638e-01 
  962.000  4.658780e-01 
  963.000  5.235144e-01 
  964.000  4.209009e-01 
  965.000  4.209009e-01 
  966.000  4.707496e-01 
  967.000  6.554627e-01 
  968.000  6.554627e-01 
  969.000  6.995288e-01 
  970.000  7.341977e-01 
  971.000  7.790788e-01 
  972.000  7.790788e-01 
  973.000  7.152178e-01 
  974.000  5.963446e-01 
  975.000  5.963446e-01 
  976.000  5.890167e-01 
  977.000  7.430968e-01 
  978.000  7.120728e-01 
  979.000  7.120728e-01 
  980.000  7.162540e-01 
  981.000  8.567678e-01 
  982.000  8.567678e-01 
  983.000  8.265245e-01 
  984.000  8.510932e-01 
  985.000  8.510932e-01 
  986.000  9.476659e-01 
  987.000  9.075971e-01 
  988.000  9.075971e-01 
  989.000  9.663948e-01 
  990.000  9.390925e-01 
  991.000  9.390925e-01 
  992.000  9.574476e-01 
  993.000  9.548602e-01 
  994.000  9.548602e-01 
  995.000  9.788843e-01 
  996.000  9.793982e-01 
  997.000  9.793982e-01 
  998.000  9.788197e-01 
  999.000  9.762287e-01 
 1000.000  9.762287e-01 
 1001.000  9.781452e-01 
 1002.000  9.437376e-01 
 1003.000  9.437376e-01 
 1004.000  9.772928e-01 
 1005.000  9.801868e-01 
 1006.000  9.801868e-01 
 1007.000  9.815115e-01 
 1008.000  9.718086e-01 
 1009.000  9.718086e-01 
 1010.000  9.445765e-01 
 1011.000  9.797432e-01 
 1012.000  9.797432e-01 
 1013.000  9.817263e-01 
 1014.000  9.807742e-01 
 1015.000  9.807742e-01 
 1016.000  9.820137e-01 
 1017.000  9.805905e-01 
 1018.000  9.805905e-01 
 1019.000  9.764835e-01 
 1020.000  9.827998e-01 
 1021.000  9.827998e-01 
 1022.000  9.771594e-01 
 1023.000  9.771594e-01 
 1024.000  9.767714e-01 
 1025.000  9.828440e-01 
 1026.000  9.828440e-01 
 1027.000  9.799536e-01 
 1028.000  9.834664e-01 
 1029.000  9.834664e-01 
 1030.000  9.852391e-01 
 1031.000  9.846702e-01 
 1032.000  9.846702e-01 
 1033.000  9.853979e-01 
 1034.000  9.853979e-01 
 1035.000  9.862905e-01 
 1036.000  9.857398e-01 
 1037.000  9.857398e-01 
 1038.000  9.856578e-01 
 1039.000  9.849334e-01 
 1040.000  9.849334e-01 
 1041.000  9.846033e-01 
 1042.000  9.846033e-01 
 1043.000  9.840418e-01 
 1044.000  9.831625e-01 
 1045.000  9.831625e-01 
 1046.000  9.819396e-01 
 1047.000  9.819396e-01 
 1048.000  9.807103e-01 
 1049.000  9.781954e-01 
 1050.000  9.781954e-01 
 1051.000  9.771240e-01 
 1052.000  9.771240e-01 
 1053.000  9.754327e-01 
 1054.000  9.739600e-01 
 1055.000  9.739600e-01 
 1056.000  9.723300e-01 
 1057.000  9.723300e-01 
 1058.000  9.707751e-01 
 1059.000  9.692957e-01 
 1060.000  9.692957e-01 
 1061.000  9.683385e-01 
 1062.000  9.683385e-01 
 1063.000  9.662994e-01 
 1064.000  9.627278e-01 
 1065.000  9.627278e-01 
 1066.000  9.671961e-01 
 1067.000  9.671961e-01 
 1068.000  9.647000e-01 
 1069.000  9.633024e-01 
 1070.000  9.633024e-01 
 1071.000  9.677047e-01 
 1072.000  9.677047e-01 
 1073.000  9.690545e-01 
 1074.000  9.690545e-01 
 1075.000  9.492140e-01 
 1076.000  9.420444e-01 
 1077.000  9.420444e-01 
 1078.000  9.598409e-01 
 1079.000  9.598409e-01 
 1080.000  9.377788e-01 
 1081.000  9.377788e-01 
 1082.000  9.422954e-01 
 1083.000  9.237400e-01 
 1084.000  9.237400e-01 
 1085.000  8.861994e-01 
 1086.000  8.861994e-01 
 1087.000  9.416003e-01 
 1088.000  9.416003e-01 
 1089.000  9.101585e-01 
 1090.000  8.988826e-01 
 1091.000  8.988826e-01 
 1092.000  8.521476e-01 
 1093.000  8.521476e-01 
 1094.000  8.584125e-01 
 1095.000  8.584125e-01 
 1096.000  8.322764e-01 
 1097.000  8.322764e-01 
 1098.000  7.922265e-01 
 1099.000  6.979346e-01 
 1100.000  6.979346e-01 
 1101.000  7.097381e-01 
 1102.000  7.097381e-01 
 1103.000  6.651907e-01 
 1104.000  6.651907e-01 
 1105.000  6.389602e-01 
 1106.000  6.389602e-01 
 1107.000  6.557776e-01 
 1108.000  6.557776e-01 
 1109.000  5.924025e-01 
 1110.000  5.900140e-01 
 1111.000  5.900140e-01 
 1112.000  5.246927e-01 
 1113.000  5.246927e-01 
 1114.000  3.834303e-01 
 1115.000  3.834303e-01 
 1116.000  1.574785e-01 
 1117.000  1.574785e-01 
 1118.000  2.221514e-01 
 1119.000  2.221514e-01 
 1120.000  1.311642e-01 
 1121.000  1.311642e-01 
 1122.000  5.066830e-02 
 1123.000  1.475501e-01 
 1124.000  1.475501e-01 
 1125.000  4.710091e-02 
 1126.000  4.710091e-02 
 1127.000  6.508577e-02 
 1128.000  6.508577e-02 
 1129.000  5.347749e-02 
 1130.000  5.347749e-02 
 1131.000  2.643667e-01 
 1132.000  2.643667e-01 
 1133.000  7.154975e-02 
 1134.000  7.154975e-02 
 1135.000  3.274010e-02 
 1136.000  3.274010e-02 
 1137.000  2.447947e-01 
 1138.000  2.447947e-01 
 1139.000  2.717900e-01 
 1140.000  2.717900e-01 
 1141.000  2.124476e-01 
 1142.000  2.124476e-01 
 1143.000  2.785917e-01 
 1144.000  2.785917e-01 
 1145.000  7.978036e-02 
 1146.000  7.978036e-02 
 1147.000  9.578361e-02 
 1148.000  9.578361e-02 
 1149.000  2.237641e-01 
 1150.000  2.237641e-01 
 1151.000  2.575573e-01 
 1152.000  2.575573e-01 
 1153.000  2.397170e-01 
 1154.000  2.397170e-01 
 1155.000  3.073267e-01 
 1156.000  3.073267e-01 
 1157.000  4.398588e-01 
 1158.000  4.398588e-01 
 1159.000  5.446690e-01 
 1160.000  5.446690e-01 
 1161.000  5.405806e-01 
 1162.000  5.405806e-01 
 1163.000  6.976486e-01 
 1164.000  6.976486e-01 
 1165.000  6.347572e-01 
 1166.000  6.347572e-01 
 1167.000  7.099614e-01 
 1168.000  7.099614e-01 
 1169.000  7.267662e-01 
 1170.000  7.267662e-01 
 1171.000  7.636603e-01 
 1172.000  7.636603e-01 
 1173.000  6.084561e-01 
 1174.000  6.084561e-01 
 1175.000  8.376485e-01 
 1176.000  8.376485e-01 
 1177.000  6.934109e-01 
 1178.000  6.934109e-01 
 1179.000  8.177743e-01 
 1180.000  8.177743e-01 
 1181.000  6.248898e-01 
 1182.000  6.248898e-01 
 1183.000  7.462434e-01 
 1184.000  7.462434e-01 
 1185.000  7.575988e-01 
 1186.000  7.575988e-01 
 1187.000  6.361400e-01 
 1188.000  6.361400e-01 
 1189.000  6.361400e-01 
 1190.000  7.573023e-01 
 1191.000  7.573023e-01 
 1192.000  8.544739e-01 
 1193.000  8.544739e-01 
 1194.000  7.932072e-01 
 1195.000  7.932072e-01 
 1196.000  7.695479e-01 
 1197.000  7.695479e-01 
 1198.000  7.274339e-01 
 1199.000  7.274339e-01 
 1200.000  7.411509e-01 
