  250.000  0.000000e+00 
  251.000  0.000000e+00 
  252.000  0.000000e+00 
  253.000  0.000000e+00 
  254.000  0.000000e+00 
  255.000  0.000000e+00 
  256.000  0.000000e+00 
  257.000  0.000000e+00 
  258.000  0.000000e+00 
  259.000  0.000000e+00 
  260.000  0.000000e+00 
  261.000  0.000000e+00 
  262.000  0.000000e+00 
  263.000  0.000000e+00 
  264.000  0.000000e+00 
  265.000  0.000000e+00 
  266.000  0.000000e+00 
  267.000  0.000000e+00 
  268.000  0.000000e+00 
  269.000  0.000000e+00 
  270.000  0.000000e+00 
  271.000  0.000000e+00 
  272.000  0.000000e+00 
  273.000  0.000000e+00 
  274.000  0.000000e+00 
  275.000  0.000000e+00 
  276.000  0.000000e+00 
  277.000  0.000000e+00 
  278.000  0.000000e+00 
  279.000  0.000000e+00 
  280.000  0.000000e+00 
  281.000  0.000000e+00 
  282.000  0.000000e+00 
  283.000  0.000000e+00 
  284.000  0.000000e+00 
  285.000  0.000000e+00 
  286.000  0.000000e+00 
  287.000  0.000000e+00 
  288.000  0.000000e+00 
  289.000  0.000000e+00 
  290.000  0.000000e+00 
  291.000  8.372356e-14 
  292.000  5.652282e-12 
  293.000  6.556217e-11 
  294.000  1.102203e-09 
  295.000  6.406200e-09 
  296.000  8.318182e-08 
  297.000  3.686901e-07 
  298.000  2.187868e-06 
  299.000  7.388667e-06 
  300.000  2.668481e-05 
  301.000  7.508087e-05 
  302.000  1.810073e-04 
  303.000  5.267824e-04 
  304.000  7.530535e-04 
  305.000  1.801908e-03 
  306.000  2.876819e-03 
  307.000  5.214237e-03 
  308.000  7.496617e-03 
  309.000  1.069913e-02 
  310.000  1.680773e-02 
  311.000  2.008562e-02 
  312.000  2.611114e-02 
  313.000  3.460960e-02 
  314.000  3.824066e-02 
  315.000  5.061523e-02 
  316.000  5.405052e-02 
  317.000  6.548200e-02 
  318.000  7.179198e-02 
  319.000  9.209003e-02 
  320.000  7.884009e-02 
  321.000  1.105172e-01 
  322.000  9.705865e-02 
  323.000  1.131158e-01 
  324.000  1.362220e-01 
  325.000  1.196309e-01 
  326.000  1.442103e-01 
  327.000  1.518300e-01 
  328.000  1.392728e-01 
  329.000  1.687601e-01 
  330.000  1.741286e-01 
  331.000  1.614202e-01 
  332.000  1.831527e-01 
  333.000  1.879266e-01 
  334.000  1.853212e-01 
  335.000  1.994407e-01 
  336.000  2.056030e-01 
  337.000  2.020048e-01 
  338.000  2.119325e-01 
  339.000  2.191132e-01 
  340.000  2.182220e-01 
  341.000  2.266457e-01 
  342.000  2.324113e-01 
  343.000  2.363532e-01 
  344.000  2.353394e-01 
  345.000  2.446523e-01 
  346.000  2.492717e-01 
  347.000  2.532353e-01 
  348.000  2.576519e-01 
  349.000  2.629039e-01 
  350.000  2.671533e-01 
  351.000  2.718987e-01 
  352.000  2.759434e-01 
  353.000  2.808087e-01 
  354.000  2.843475e-01 
  355.000  2.882114e-01 
  356.000  2.931097e-01 
  357.000  2.963522e-01 
  358.000  2.999565e-01 
  359.000  3.035188e-01 
  360.000  3.070256e-01 
  361.000  3.107280e-01 
  362.000  3.164169e-01 
  363.000  3.212898e-01 
  364.000  3.261597e-01 
  365.000  3.302816e-01 
  366.000  3.348469e-01 
  367.000  3.391678e-01 
  368.000  3.433147e-01 
  369.000  3.468092e-01 
  370.000  3.509921e-01 
  371.000  3.554187e-01 
  372.000  3.591250e-01 
  373.000  3.636515e-01 
  374.000  3.679919e-01 
  375.000  3.715200e-01 
  376.000  3.752222e-01 
  377.000  3.794317e-01 
  378.000  3.827024e-01 
  379.000  3.862733e-01 
  380.000  3.897300e-01 
  381.000  3.934917e-01 
  382.000  3.985410e-01 
  383.000  4.037115e-01 
  384.000  4.072657e-01 
  385.000  4.118253e-01 
  386.000  4.154791e-01 
  387.000  4.198042e-01 
  388.000  4.232185e-01 
  389.000  4.267001e-01 
  390.000  4.310695e-01 
  391.000  4.346653e-01 
  392.000  4.377079e-01 
  393.000  4.427699e-01 
  394.000  4.462874e-01 
  395.000  4.497096e-01 
  396.000  4.540428e-01 
  397.000  4.579668e-01 
  398.000  4.607397e-01 
  399.000  4.645053e-01 
  400.000  4.677717e-01 
  401.000  4.720743e-01 
  402.000  4.759370e-01 
  403.000  4.799207e-01 
  404.000  4.826115e-01 
  405.000  4.863223e-01 
  406.000  4.898150e-01 
  407.000  4.943559e-01 
  408.000  4.966248e-01 
  409.000  4.999014e-01 
  410.000  5.033538e-01 
  411.000  5.072334e-01 
  412.000  5.112380e-01 
  413.000  5.134484e-01 
  414.000  5.175981e-01 
  415.000  5.208731e-01 
  416.000  5.250915e-01 
  417.000  5.275951e-01 
  418.000  5.304564e-01 
  419.000  5.345218e-01 
  420.000  5.372759e-01 
  421.000  5.404720e-01 
  422.000  5.430940e-01 
  423.000  5.466965e-01 
  424.000  5.494916e-01 
  425.000  5.536661e-01 
  426.000  5.567718e-01 
  427.000  5.597043e-01 
  428.000  5.623650e-01 
  429.000  5.661662e-01 
  430.000  5.693372e-01 
  431.000  5.706119e-01 
  432.000  5.750455e-01 
  433.000  5.781455e-01 
  434.000  5.801759e-01 
  435.000  5.823152e-01 
  436.000  5.858988e-01 
  437.000  5.905824e-01 
  438.000  5.929853e-01 
  439.000  5.936731e-01 
  440.000  5.971998e-01 
  441.000  6.002533e-01 
  442.000  6.038436e-01 
  443.000  6.056300e-01 
  444.000  6.084214e-01 
  445.000  6.091285e-01 
  446.000  6.124005e-01 
  447.000  6.163715e-01 
  448.000  6.166421e-01 
  449.000  6.212319e-01 
  450.000  6.250218e-01 
  451.000  6.273095e-01 
  452.000  6.291881e-01 
  453.000  6.319966e-01 
  454.000  6.358858e-01 
  455.000  6.372305e-01 
  456.000  6.394892e-01 
  457.000  6.420946e-01 
  458.000  6.438066e-01 
  459.000  6.461130e-01 
  460.000  6.475486e-01 
  461.000  6.499655e-01 
  462.000  6.533167e-01 
  463.000  6.535438e-01 
  464.000  6.568342e-01 
  465.000  6.591108e-01 
  466.000  6.632293e-01 
  467.000  6.645539e-01 
  468.000  6.669630e-01 
  469.000  6.686293e-01 
  470.000  6.707307e-01 
  471.000  6.733845e-01 
  472.000  6.743182e-01 
  473.000  6.749077e-01 
  474.000  6.736613e-01 
  475.000  6.737118e-01 
  476.000  6.747264e-01 
  477.000  6.756099e-01 
  478.000  6.767622e-01 
  479.000  6.790475e-01 
  480.000  6.819163e-01 
  481.000  6.866546e-01 
  482.000  6.905008e-01 
  483.000  6.940063e-01 
  484.000  6.958193e-01 
  485.000  6.971295e-01 
  486.000  6.983349e-01 
  487.000  7.013848e-01 
  488.000  7.028741e-01 
  489.000  7.040359e-01 
  490.000  7.071425e-01 
  491.000  7.089886e-01 
  492.000  7.107064e-01 
  493.000  7.123992e-01 
  494.000  7.135658e-01 
  495.000  7.148683e-01 
  496.000  7.157669e-01 
  497.000  7.172765e-01 
  498.000  7.183709e-01 
  499.000  7.197518e-01 
  500.000  7.207075e-01 
  501.000  7.205133e-01 
  502.000  7.187985e-01 
  503.000  7.163505e-01 
  504.000  7.132851e-01 
  505.000  7.188399e-01 
  506.000  7.191215e-01 
  507.000  7.196571e-01 
  508.000  7.244345e-01 
  509.000  7.272497e-01 
  510.000  7.301430e-01 
  511.000  7.319237e-01 
  512.000  7.333322e-01 
  513.000  7.361900e-01 
  514.000  7.373196e-01 
  515.000  7.394609e-01 
  516.000  7.402885e-01 
  517.000  7.417886e-01 
  518.000  7.421167e-01 
  519.000  7.430487e-01 
  520.000  7.435214e-01 
  521.000  7.446728e-01 
  522.000  7.449576e-01 
  523.000  7.453818e-01 
  524.000  7.455989e-01 
  525.000  7.447737e-01 
  526.000  7.450448e-01 
  527.000  7.448029e-01 
  528.000  7.445356e-01 
  529.000  7.441255e-01 
  530.000  7.440715e-01 
  531.000  7.446774e-01 
  532.000  7.451774e-01 
  533.000  7.460620e-01 
  534.000  7.472082e-01 
  535.000  7.479491e-01 
  536.000  7.492111e-01 
  537.000  7.505183e-01 
  538.000  7.512162e-01 
  539.000  7.514287e-01 
  540.000  7.524783e-01 
  541.000  7.495054e-01 
  542.000  7.510042e-01 
  543.000  7.536214e-01 
  544.000  7.546068e-01 
  545.000  7.527766e-01 
  546.000  7.518168e-01 
  547.000  7.549971e-01 
  548.000  7.580569e-01 
  549.000  7.585499e-01 
  550.000  7.589206e-01 
  551.000  7.608139e-01 
  552.000  7.612181e-01 
  553.000  7.618799e-01 
  554.000  7.625607e-01 
  555.000  7.631009e-01 
  556.000  7.626821e-01 
  557.000  7.618976e-01 
  558.000  7.612848e-01 
  559.000  7.604800e-01 
  560.000  7.597018e-01 
  561.000  7.590821e-01 
  562.000  7.587134e-01 
  563.000  7.579169e-01 
  564.000  7.571045e-01 
  565.000  7.564047e-01 
  566.000  7.560898e-01 
  567.000  7.547868e-01 
  568.000  7.534236e-01 
  569.000  7.440948e-01 
  570.000  7.422132e-01 
  571.000  7.457813e-01 
  572.000  7.403801e-01 
  573.000  7.431737e-01 
  574.000  7.403856e-01 
  575.000  7.422310e-01 
  576.000  7.416167e-01 
  577.000  7.419161e-01 
  578.000  7.469909e-01 
  579.000  7.496381e-01 
  580.000  7.522523e-01 
  581.000  7.561493e-01 
  582.000  7.594527e-01 
  583.000  7.628001e-01 
  584.000  7.669477e-01 
  585.000  7.678584e-01 
  586.000  7.703450e-01 
  587.000  7.706369e-01 
  588.000  7.672488e-01 
  589.000  7.377308e-01 
  590.000  7.348232e-01 
  591.000  7.481989e-01 
  592.000  7.248992e-01 
  593.000  7.623205e-01 
  594.000  7.439263e-01 
  595.000  7.542267e-01 
  596.000  7.608907e-01 
  597.000  7.630765e-01 
  598.000  7.629221e-01 
  599.000  7.708445e-01 
  600.000  7.719142e-01 
  601.000  7.763740e-01 
  602.000  7.791103e-01 
  603.000  7.801170e-01 
  604.000  7.816899e-01 
  605.000  7.825016e-01 
  606.000  7.847265e-01 
  607.000  7.865296e-01 
  608.000  7.887305e-01 
  609.000  7.896337e-01 
  610.000  7.914290e-01 
  611.000  7.928771e-01 
  612.000  7.950010e-01 
  613.000  7.967815e-01 
  614.000  7.980673e-01 
  615.000  7.995636e-01 
  616.000  8.016728e-01 
  617.000  8.031908e-01 
  618.000  8.042060e-01 
  619.000  8.056933e-01 
  620.000  8.069642e-01 
  621.000  8.078652e-01 
  622.000  8.082605e-01 
  623.000  8.090608e-01 
  624.000  8.092992e-01 
  625.000  8.097434e-01 
  626.000  8.097293e-01 
  627.000  8.087816e-01 
  628.000  7.711298e-01 
  629.000  7.907007e-01 
  630.000  7.999643e-01 
  631.000  8.108973e-01 
  632.000  8.125187e-01 
  633.000  8.161364e-01 
  634.000  8.200111e-01 
  635.000  8.218025e-01 
  636.000  8.248697e-01 
  637.000  8.292431e-01 
  638.000  8.336040e-01 
  639.000  8.359120e-01 
  640.000  8.376871e-01 
  641.000  8.399705e-01 
  642.000  8.430809e-01 
  643.000  8.427165e-01 
  644.000  8.455951e-01 
  645.000  8.463602e-01 
  646.000  8.363204e-01 
  647.000  8.251111e-01 
  648.000  8.114996e-01 
  649.000  8.221095e-01 
  650.000  8.475670e-01 
  651.000  8.515754e-01 
  652.000  8.452387e-01 
  653.000  8.538274e-01 
  654.000  8.530152e-01 
  655.000  8.278707e-01 
  656.000  8.461640e-01 
  657.000  8.516490e-01 
  658.000  8.610801e-01 
  659.000  8.669491e-01 
  660.000  8.663845e-01 
  661.000  8.697863e-01 
  662.000  8.700798e-01 
  663.000  8.698732e-01 
  664.000  8.720551e-01 
  665.000  8.734836e-01 
  666.000  8.746945e-01 
  667.000  8.767203e-01 
  668.000  8.775448e-01 
  669.000  8.789262e-01 
  670.000  8.798737e-01 
  671.000  8.815737e-01 
  672.000  8.819413e-01 
  673.000  8.833583e-01 
  674.000  8.839010e-01 
  675.000  8.853706e-01 
  676.000  8.857861e-01 
  677.000  8.865925e-01 
  678.000  8.878641e-01 
  679.000  8.885255e-01 
  680.000  8.898112e-01 
  681.000  8.900867e-01 
  682.000  8.920585e-01 
  683.000  8.913205e-01 
  684.000  8.925318e-01 
  685.000  8.946639e-01 
  686.000  8.950892e-01 
  687.000  5.496327e-01 
  688.000  7.137797e-01 
  689.000  7.656794e-01 
  690.000  8.029220e-01 
  691.000  8.287962e-01 
  692.000  8.713134e-01 
  693.000  8.398374e-01 
  694.000  7.889195e-01 
  695.000  8.416364e-01 
  696.000  8.272313e-01 
  697.000  8.943101e-01 
  698.000  8.937563e-01 
  699.000  8.587468e-01 
  700.000  8.657724e-01 
  701.000  8.351380e-01 
  702.000  8.493684e-01 
  703.000  8.631887e-01 
  704.000  8.700125e-01 
  705.000  8.724125e-01 
  706.000  8.822287e-01 
  707.000  8.909945e-01 
  708.000  9.002780e-01 
  709.000  9.004895e-01 
  710.000  8.960088e-01 
  711.000  9.049587e-01 
  712.000  9.011360e-01 
  713.000  9.081911e-01 
  714.000  9.009104e-01 
  715.000  8.840072e-01 
  716.000  8.882456e-01 
  717.000  8.285835e-01 
  718.000  7.087598e-01 
  719.000  6.554923e-01 
  720.000  6.889123e-01 
  721.000  8.574120e-01 
  722.000  8.527213e-01 
  723.000  8.413802e-01 
  724.000  7.046198e-01 
  725.000  7.088407e-01 
  726.000  7.935425e-01 
  727.000  7.508867e-01 
  728.000  6.932000e-01 
  729.000  7.139362e-01 
  730.000  8.026145e-01 
  731.000  7.640008e-01 
  732.000  7.889993e-01 
  733.000  8.627607e-01 
  734.000  8.971402e-01 
  735.000  8.697205e-01 
  736.000  8.888226e-01 
  737.000  8.884379e-01 
  738.000  9.017314e-01 
  739.000  9.054283e-01 
  740.000  9.216357e-01 
  741.000  9.292108e-01 
  742.000  9.296205e-01 
  743.000  9.296662e-01 
  744.000  9.318084e-01 
  745.000  9.328313e-01 
  746.000  9.344547e-01 
  747.000  9.347697e-01 
  748.000  9.352216e-01 
  749.000  9.352337e-01 
  750.000  9.357974e-01 
  751.000  9.358450e-01 
  752.000  9.374565e-01 
  753.000  9.378209e-01 
  754.000  9.380611e-01 
  755.000  9.382821e-01 
  756.000  9.384028e-01 
  757.000  9.394282e-01 
  758.000  9.402102e-01 
  759.000  9.273520e-01 
  760.000  2.486525e-01 
  761.000  1.178249e-01 
  762.000  5.194679e-01 
  763.000  3.975798e-01 
  764.000  4.859775e-01 
  765.000  6.448842e-01 
  766.000  7.922856e-01 
  767.000  8.503860e-01 
  768.000  9.179096e-01 
  769.000  9.355131e-01 
  770.000  9.357416e-01 
  771.000  9.422863e-01 
  772.000  9.445475e-01 
  773.000  9.447204e-01 
  774.000  9.447120e-01 
  775.000  9.449455e-01 
  776.000  9.452255e-01 
  777.000  9.455616e-01 
  778.000  9.457640e-01 
  779.000  9.459840e-01 
  780.000  9.461679e-01 
  781.000  9.467317e-01 
  782.000  9.468725e-01 
  783.000  9.473820e-01 
  784.000  9.464628e-01 
  785.000  9.451933e-01 
  786.000  9.387577e-01 
  787.000  9.394546e-01 
  788.000  9.284473e-01 
  789.000  9.266508e-01 
  790.000  9.064338e-01 
  791.000  9.087054e-01 
  792.000  9.157441e-01 
  793.000  9.225414e-01 
  794.000  9.486157e-01 
  795.000  9.377075e-01 
  796.000  8.837506e-01 
  797.000  9.253370e-01 
  798.000  9.270443e-01 
  799.000  9.345500e-01 
  800.000  9.109689e-01 
  801.000  9.010949e-01 
  802.000  9.172038e-01 
  803.000  9.117830e-01 
  804.000  9.111898e-01 
  805.000  9.240025e-01 
  806.000  9.443136e-01 
  807.000  9.314296e-01 
  808.000  9.446831e-01 
  809.000  9.234355e-01 
  810.000  9.137448e-01 
  811.000  9.203976e-01 
  812.000  8.973628e-01 
  813.000  8.607882e-01 
  814.000  7.972152e-01 
  815.000  7.537611e-01 
  816.000  7.872396e-01 
  817.000  6.399436e-01 
  818.000  7.506099e-01 
  819.000  7.751288e-01 
  820.000  7.377590e-01 
  821.000  9.057570e-01 
  822.000  8.685048e-01 
  823.000  5.964286e-01 
  824.000  8.251772e-01 
  825.000  8.883792e-01 
  826.000  8.271987e-01 
  827.000  8.847634e-01 
  828.000  7.516833e-01 
  829.000  8.547636e-01 
  830.000  8.340425e-01 
  831.000  8.393273e-01 
  832.000  8.420577e-01 
  833.000  8.794101e-01 
  834.000  8.897641e-01 
  835.000  9.092578e-01 
  836.000  9.178570e-01 
  837.000  9.097944e-01 
  838.000  9.328386e-01 
  839.000  9.394770e-01 
  840.000  9.430313e-01 
  841.000  9.430313e-01 
  842.000  9.255033e-01 
  843.000  9.568189e-01 
  844.000  9.367710e-01 
  845.000  9.524114e-01 
  846.000  9.570985e-01 
  847.000  9.607215e-01 
  848.000  9.560845e-01 
  849.000  9.580806e-01 
  850.000  9.566160e-01 
  851.000  9.534220e-01 
  852.000  9.611818e-01 
  853.000  9.619079e-01 
  854.000  9.612794e-01 
  855.000  9.612794e-01 
  856.000  9.619338e-01 
  857.000  9.660340e-01 
  858.000  9.622105e-01 
  859.000  9.646904e-01 
  860.000  9.671776e-01 
  861.000  9.661911e-01 
  862.000  9.674028e-01 
  863.000  9.676499e-01 
  864.000  9.680974e-01 
  865.000  9.680974e-01 
  866.000  9.682760e-01 
  867.000  9.684367e-01 
  868.000  9.685155e-01 
  869.000  9.685719e-01 
  870.000  9.685433e-01 
  871.000  9.689553e-01 
  872.000  9.691560e-01 
  873.000  9.689219e-01 
  874.000  9.689219e-01 
  875.000  9.696414e-01 
  876.000  9.697596e-01 
  877.000  9.695470e-01 
  878.000  9.694960e-01 
  879.000  9.694459e-01 
  880.000  9.701161e-01 
  881.000  9.701161e-01 
  882.000  9.682000e-01 
  883.000  9.685493e-01 
  884.000  9.690031e-01 
  885.000  9.695418e-01 
  886.000  9.570297e-01 
  887.000  9.685896e-01 
  888.000  9.685896e-01 
  889.000  9.658586e-01 
  890.000  9.590547e-01 
  891.000  9.690381e-01 
  892.000  9.575981e-01 
  893.000  9.337344e-01 
  894.000  9.337344e-01 
  895.000  8.903897e-01 
  896.000  8.354541e-01 
  897.000  7.100804e-01 
  898.000  8.139343e-01 
  899.000  6.212470e-01 
  900.000  6.212470e-01 
  901.000  6.653252e-01 
  902.000  7.104216e-01 
  903.000  7.597710e-01 
  904.000  8.856419e-01 
  905.000  8.673962e-01 
  906.000  8.673962e-01 
  907.000  7.045783e-01 
  908.000  6.934055e-01 
  909.000  6.961814e-01 
  910.000  6.598276e-01 
  911.000  6.598276e-01 
  912.000  7.797787e-01 
  913.000  7.117003e-01 
  914.000  6.859978e-01 
  915.000  6.359729e-01 
  916.000  6.359729e-01 
  917.000  7.672292e-01 
  918.000  6.537935e-01 
  919.000  7.836395e-01 
  920.000  8.801215e-01 
  921.000  8.801215e-01 
  922.000  8.387437e-01 
  923.000  8.290083e-01 
  924.000  7.858211e-01 
  925.000  7.858211e-01 
  926.000  8.038533e-01 
  927.000  8.338605e-01 
  928.000  6.562304e-01 
  929.000  6.226642e-01 
  930.000  6.226642e-01 
  931.000  4.917043e-01 
  932.000  3.063384e-01 
  933.000  2.582416e-01 
  934.000  2.582416e-01 
  935.000  2.636308e-01 
  936.000  2.305239e-01 
  937.000  1.737969e-01 
  938.000  1.737969e-01 
  939.000  3.334303e-01 
  940.000  4.684077e-01 
  941.000  4.222249e-01 
  942.000  4.222249e-01 
  943.000  3.102257e-01 
  944.000  3.246059e-01 
  945.000  4.129907e-01 
  946.000  4.129907e-01 
  947.000  3.200010e-01 
  948.000  3.822347e-01 
  949.000  4.380768e-01 
  950.000  4.380768e-01 
  951.000  4.878191e-01 
  952.000  3.134856e-01 
  953.000  5.053449e-01 
  954.000  5.053449e-01 
  955.000  5.091029e-01 
  956.000  3.798865e-01 
  957.000  5.819346e-01 
  958.000  5.819346e-01 
  959.000  4.409482e-01 
  960.000  5.103063e-01 
  961.000  5.103063e-01 
  962.000  5.996498e-01 
  963.000  6.509653e-01 
  964.000  5.432582e-01 
  965.000  5.432582e-01 
  966.000  6.171775e-01 
  967.000  7.473440e-01 
  968.000  7.473440e-01 
  969.000  7.832404e-01 
  970.000  8.284436e-01 
  971.000  8.591263e-01 
  972.000  8.591263e-01 
  973.000  8.181213e-01 
  974.000  7.033745e-01 
  975.000  7.033745e-01 
  976.000  6.983199e-01 
  977.000  8.156698e-01 
  978.000  7.952520e-01 
  979.000  7.952520e-01 
  980.000  7.977619e-01 
  981.000  9.102032e-01 
  982.000  9.102032e-01 
  983.000  8.817831e-01 
  984.000  9.053270e-01 
  985.000  9.053270e-01 
  986.000  9.621193e-01 
  987.000  9.394142e-01 
  988.000  9.394142e-01 
  989.000  9.722337e-01 
  990.000  9.577112e-01 
  991.000  9.577112e-01 
  992.000  9.672602e-01 
  993.000  9.660373e-01 
  994.000  9.660373e-01 
  995.000  9.789374e-01 
  996.000  9.792219e-01 
  997.000  9.792219e-01 
  998.000  9.789973e-01 
  999.000  9.777511e-01 
 1000.000  9.777511e-01 
 1001.000  9.788085e-01 
 1002.000  9.599027e-01 
 1003.000  9.599027e-01 
 1004.000  9.784543e-01 
 1005.000  9.798901e-01 
 1006.000  9.798901e-01 
 1007.000  9.806077e-01 
 1008.000  9.758506e-01 
 1009.000  9.758506e-01 
 1010.000  9.606220e-01 
 1011.000  9.799398e-01 
 1012.000  9.799398e-01 
 1013.000  9.810038e-01 
 1014.000  9.805800e-01 
 1015.000  9.805800e-01 
 1016.000  9.812643e-01 
 1017.000  9.806116e-01 
 1018.000  9.806116e-01 
 1019.000  9.785952e-01 
 1020.000  9.818336e-01 
 1021.000  9.818336e-01 
 1022.000  9.790751e-01 
 1023.000  9.790751e-01 
 1024.000  9.789149e-01 
 1025.000  9.820105e-01 
 1026.000  9.820105e-01 
 1027.000  9.805856e-01 
 1028.000  9.823697e-01 
 1029.000  9.823697e-01 
 1030.000  9.832533e-01 
 1031.000  9.829376e-01 
 1032.000  9.829376e-01 
 1033.000  9.832708e-01 
 1034.000  9.832708e-01 
 1035.000  9.836323e-01 
 1036.000  9.829736e-01 
 1037.000  9.829736e-01 
 1038.000  9.828731e-01 
 1039.000  9.821221e-01 
 1040.000  9.821221e-01 
 1041.000  9.816245e-01 
 1042.000  9.816245e-01 
 1043.000  9.809483e-01 
 1044.000  9.799011e-01 
 1045.000  9.799011e-01 
 1046.000  9.784448e-01 
 1047.000  9.784448e-01 
 1048.000  9.769812e-01 
 1049.000  9.739830e-01 
 1050.000  9.739830e-01 
 1051.000  9.727136e-01 
 1052.000  9.727136e-01 
 1053.000  9.707039e-01 
 1054.000  9.689783e-01 
 1055.000  9.689783e-01 
 1056.000  9.670211e-01 
 1057.000  9.670211e-01 
 1058.000  9.652004e-01 
 1059.000  9.634398e-01 
 1060.000  9.634398e-01 
 1061.000  9.623265e-01 
 1062.000  9.623265e-01 
 1063.000  9.602748e-01 
 1064.000  9.579973e-01 
 1065.000  9.579973e-01 
 1066.000  9.610597e-01 
 1067.000  9.610597e-01 
 1068.000  9.594371e-01 
 1069.000  9.602689e-01 
 1070.000  9.602689e-01 
 1071.000  9.635884e-01 
 1072.000  9.635884e-01 
 1073.000  9.653805e-01 
 1074.000  9.653805e-01 
 1075.000  9.559488e-01 
 1076.000  9.530556e-01 
 1077.000  9.530556e-01 
 1078.000  9.643598e-01 
 1079.000  9.643598e-01 
 1080.000  9.533266e-01 
 1081.000  9.533266e-01 
 1082.000  9.573712e-01 
 1083.000  9.482583e-01 
 1084.000  9.482583e-01 
 1085.000  9.276052e-01 
 1086.000  9.276052e-01 
 1087.000  9.597181e-01 
 1088.000  9.597181e-01 
 1089.000  9.426622e-01 
 1090.000  9.353120e-01 
 1091.000  9.353120e-01 
 1092.000  9.098414e-01 
 1093.000  9.098414e-01 
 1094.000  9.135015e-01 
 1095.000  9.135015e-01 
 1096.000  8.977610e-01 
 1097.000  8.977610e-01 
 1098.000  8.739891e-01 
 1099.000  7.991221e-01 
 1100.000  7.991221e-01 
 1101.000  8.050659e-01 
 1102.000  8.050659e-01 
 1103.000  7.723000e-01 
 1104.000  7.723000e-01 
 1105.000  7.508268e-01 
 1106.000  7.508268e-01 
 1107.000  7.575799e-01 
 1108.000  7.575799e-01 
 1109.000  7.036379e-01 
 1110.000  6.951643e-01 
 1111.000  6.951643e-01 
 1112.000  6.273608e-01 
 1113.000  6.273608e-01 
 1114.000  5.299900e-01 
 1115.000  5.299900e-01 
 1116.000  2.777474e-01 
 1117.000  2.777474e-01 
 1118.000  3.668041e-01 
 1119.000  3.668041e-01 
 1120.000  2.707825e-01 
 1121.000  2.707825e-01 
 1122.000  1.354787e-01 
 1123.000  3.111402e-01 
 1124.000  3.111402e-01 
 1125.000  1.394497e-01 
 1126.000  1.394497e-01 
 1127.000  1.791812e-01 
 1128.000  1.791812e-01 
 1129.000  1.633573e-01 
 1130.000  1.633573e-01 
 1131.000  4.598808e-01 
 1132.000  4.598808e-01 
 1133.000  1.880368e-01 
 1134.000  1.880368e-01 
 1135.000  9.943775e-02 
 1136.000  9.943775e-02 
 1137.000  4.480110e-01 
 1138.000  4.480110e-01 
 1139.000  4.241785e-01 
 1140.000  4.241785e-01 
 1141.000  3.928718e-01 
 1142.000  3.928718e-01 
 1143.000  4.520680e-01 
 1144.000  4.520680e-01 
 1145.000  2.080857e-01 
 1146.000  2.080857e-01 
 1147.000  2.211826e-01 
 1148.000  2.211826e-01 
 1149.000  3.629061e-01 
 1150.000  3.629061e-01 
 1151.000  4.317068e-01 
 1152.000  4.317068e-01 
 1153.000  3.965805e-01 
 1154.000  3.965805e-01 
 1155.000  4.670076e-01 
 1156.000  4.670076e-01 
 1157.000  5.889509e-01 
 1158.000  5.889509e-01 
 1159.000  6.734412e-01 
 1160.000  6.734412e-01 
 1161.000  6.535878e-01 
 1162.000  6.535878e-01 
 1163.000  7.838088e-01 
 1164.000  7.838088e-01 
 1165.000  7.306290e-01 
 1166.000  7.306290e-01 
 1167.000  8.095384e-01 
 1168.000  8.095384e-01 
 1169.000  8.141460e-01 
 1170.000  8.141460e-01 
 1171.000  8.431790e-01 
 1172.000  8.431790e-01 
 1173.000  7.103086e-01 
 1174.000  7.103086e-01 
 1175.000  9.036276e-01 
 1176.000  9.036276e-01 
 1177.000  7.813013e-01 
 1178.000  7.813013e-01 
 1179.000  8.756362e-01 
 1180.000  8.756362e-01 
 1181.000  7.182627e-01 
 1182.000  7.182627e-01 
 1183.000  8.241352e-01 
 1184.000  8.241352e-01 
 1185.000  8.491151e-01 
 1186.000  8.491151e-01 
 1187.000  7.447028e-01 
 1188.000  7.447028e-01 
 1189.000  7.447028e-01 
 1190.000  8.300344e-01 
 1191.000  8.300344e-01 
 1192.000  9.127215e-01 
 1193.000  9.127215e-01 
 1194.000  8.547928e-01 
 1195.000  8.547928e-01 
 1196.000  8.598362e-01 
 1197.000  8.598362e-01 
 1198.000  8.092817e-01 
 1199.000  8.092817e-01 
 1200.000  8.153335e-01 
