  250.000  0.000000e+00 
  251.000  0.000000e+00 
  252.000  0.000000e+00 
  253.000  0.000000e+00 
  254.000  0.000000e+00 
  255.000  0.000000e+00 
  256.000  0.000000e+00 
  257.000  0.000000e+00 
  258.000  0.000000e+00 
  259.000  0.000000e+00 
  260.000  0.000000e+00 
  261.000  0.000000e+00 
  262.000  0.000000e+00 
  263.000  0.000000e+00 
  264.000  0.000000e+00 
  265.000  0.000000e+00 
  266.000  0.000000e+00 
  267.000  0.000000e+00 
  268.000  0.000000e+00 
  269.000  0.000000e+00 
  270.000  0.000000e+00 
  271.000  0.000000e+00 
  272.000  0.000000e+00 
  273.000  0.000000e+00 
  274.000  0.000000e+00 
  275.000  0.000000e+00 
  276.000  0.000000e+00 
  277.000  0.000000e+00 
  278.000  0.000000e+00 
  279.000  0.000000e+00 
  280.000  0.000000e+00 
  281.000  0.000000e+00 
  282.000  0.000000e+00 
  283.000  0.000000e+00 
  284.000  0.000000e+00 
  285.000  0.000000e+00 
  286.000  0.000000e+00 
  287.000  0.000000e+00 
  288.000  0.000000e+00 
  289.000  0.000000e+00 
  290.000  0.000000e+00 
  291.000  0.000000e+00 
  292.000  0.000000e+00 
  293.000  0.000000e+00 
  294.000  7.435869e-08 
  295.000  3.251634e-07 
  296.000  2.585617e-06 
  297.000  8.947864e-06 
  298.000  3.946097e-05 
  299.000  1.082219e-04 
  300.000  3.082550e-04 
  301.000  7.258586e-04 
  302.000  1.477006e-03 
  303.000  3.474107e-03 
  304.000  4.747010e-03 
  305.000  9.498621e-03 
  306.000  1.391435e-02 
  307.000  2.233950e-02 
  308.000  3.013208e-02 
  309.000  3.982452e-02 
  310.000  5.756314e-02 
  311.000  6.641766e-02 
  312.000  8.206694e-02 
  313.000  1.025194e-01 
  314.000  1.114472e-01 
  315.000  1.389623e-01 
  316.000  1.462636e-01 
  317.000  1.688650e-01 
  318.000  1.823152e-01 
  319.000  2.213563e-01 
  320.000  1.947180e-01 
  321.000  2.545190e-01 
  322.000  2.286193e-01 
  323.000  2.566185e-01 
  324.000  2.978308e-01 
  325.000  2.669274e-01 
  326.000  3.087123e-01 
  327.000  3.214633e-01 
  328.000  2.978414e-01 
  329.000  3.464319e-01 
  330.000  3.540806e-01 
  331.000  3.317443e-01 
  332.000  3.654317e-01 
  333.000  3.719508e-01 
  334.000  3.656499e-01 
  335.000  3.869085e-01 
  336.000  3.947344e-01 
  337.000  3.876623e-01 
  338.000  4.010522e-01 
  339.000  4.104857e-01 
  340.000  4.078017e-01 
  341.000  4.185117e-01 
  342.000  4.255688e-01 
  343.000  4.294943e-01 
  344.000  4.266748e-01 
  345.000  4.381921e-01 
  346.000  4.435145e-01 
  347.000  4.475901e-01 
  348.000  4.522668e-01 
  349.000  4.578938e-01 
  350.000  4.621649e-01 
  351.000  4.672627e-01 
  352.000  4.713177e-01 
  353.000  4.761619e-01 
  354.000  4.796303e-01 
  355.000  4.834220e-01 
  356.000  4.882245e-01 
  357.000  4.913520e-01 
  358.000  4.948567e-01 
  359.000  4.983110e-01 
  360.000  5.016763e-01 
  361.000  5.051814e-01 
  362.000  5.105574e-01 
  363.000  5.151168e-01 
  364.000  5.196542e-01 
  365.000  5.234461e-01 
  366.000  5.276697e-01 
  367.000  5.316389e-01 
  368.000  5.354206e-01 
  369.000  5.386034e-01 
  370.000  5.423845e-01 
  371.000  5.463796e-01 
  372.000  5.496673e-01 
  373.000  5.537180e-01 
  374.000  5.575723e-01 
  375.000  5.606955e-01 
  376.000  5.639260e-01 
  377.000  5.676301e-01 
  378.000  5.705056e-01 
  379.000  5.736156e-01 
  380.000  5.765875e-01 
  381.000  5.798389e-01 
  382.000  5.841683e-01 
  383.000  5.885800e-01 
  384.000  5.915789e-01 
  385.000  5.954346e-01 
  386.000  5.985195e-01 
  387.000  6.021469e-01 
  388.000  6.049974e-01 
  389.000  6.078979e-01 
  390.000  6.115254e-01 
  391.000  6.145042e-01 
  392.000  6.169878e-01 
  393.000  6.211817e-01 
  394.000  6.240594e-01 
  395.000  6.268449e-01 
  396.000  6.303532e-01 
  397.000  6.335537e-01 
  398.000  6.357502e-01 
  399.000  6.388104e-01 
  400.000  6.413932e-01 
  401.000  6.448389e-01 
  402.000  6.479431e-01 
  403.000  6.511214e-01 
  404.000  6.532195e-01 
  405.000  6.561371e-01 
  406.000  6.589003e-01 
  407.000  6.624650e-01 
  408.000  6.641833e-01 
  409.000  6.666988e-01 
  410.000  6.693800e-01 
  411.000  6.723797e-01 
  412.000  6.755041e-01 
  413.000  6.771659e-01 
  414.000  6.803725e-01 
  415.000  6.828893e-01 
  416.000  6.861416e-01 
  417.000  6.880424e-01 
  418.000  6.901916e-01 
  419.000  6.932765e-01 
  420.000  6.953312e-01 
  421.000  6.977218e-01 
  422.000  6.996745e-01 
  423.000  7.023783e-01 
  424.000  7.044320e-01 
  425.000  7.075653e-01 
  426.000  7.099161e-01 
  427.000  7.120610e-01 
  428.000  7.140051e-01 
  429.000  7.168669e-01 
  430.000  7.192048e-01 
  431.000  7.200832e-01 
  432.000  7.233812e-01 
  433.000  7.256325e-01 
  434.000  7.270804e-01 
  435.000  7.285698e-01 
  436.000  7.312157e-01 
  437.000  7.346503e-01 
  438.000  7.363861e-01 
  439.000  7.367311e-01 
  440.000  7.393050e-01 
  441.000  7.415540e-01 
  442.000  7.442207e-01 
  443.000  7.456001e-01 
  444.000  7.473511e-01 
  445.000  7.481253e-01 
  446.000  7.505738e-01 
  447.000  7.530190e-01 
  448.000  7.530656e-01 
  449.000  7.564102e-01 
  450.000  7.591073e-01 
  451.000  7.606916e-01 
  452.000  7.619898e-01 
  453.000  7.639545e-01 
  454.000  7.666656e-01 
  455.000  7.675559e-01 
  456.000  7.690390e-01 
  457.000  7.707853e-01 
  458.000  7.717666e-01 
  459.000  7.733352e-01 
  460.000  7.741932e-01 
  461.000  7.758748e-01 
  462.000  7.782301e-01 
  463.000  7.783027e-01 
  464.000  7.806199e-01 
  465.000  7.822133e-01 
  466.000  7.850962e-01 
  467.000  7.859058e-01 
  468.000  7.875519e-01 
  469.000  7.889395e-01 
  470.000  7.904328e-01 
  471.000  7.918813e-01 
  472.000  7.924618e-01 
  473.000  7.927985e-01 
  474.000  7.918329e-01 
  475.000  7.919590e-01 
  476.000  7.923798e-01 
  477.000  7.928391e-01 
  478.000  7.934969e-01 
  479.000  7.948728e-01 
  480.000  7.965632e-01 
  481.000  7.996484e-01 
  482.000  8.021406e-01 
  483.000  8.044020e-01 
  484.000  8.055066e-01 
  485.000  8.064184e-01 
  486.000  8.072754e-01 
  487.000  8.091914e-01 
  488.000  8.101781e-01 
  489.000  8.109452e-01 
  490.000  8.130635e-01 
  491.000  8.142914e-01 
  492.000  8.153540e-01 
  493.000  8.163996e-01 
  494.000  8.170829e-01 
  495.000  8.178951e-01 
  496.000  8.182422e-01 
  497.000  8.189948e-01 
  498.000  8.195011e-01 
  499.000  8.201254e-01 
  500.000  8.205020e-01 
  501.000  8.202369e-01 
  502.000  8.194133e-01 
  503.000  8.185413e-01 
  504.000  8.178145e-01 
  505.000  8.184600e-01 
  506.000  8.199620e-01 
  507.000  8.208506e-01 
  508.000  8.227523e-01 
  509.000  8.238632e-01 
  510.000  8.253442e-01 
  511.000  8.266141e-01 
  512.000  8.274235e-01 
  513.000  8.291355e-01 
  514.000  8.298758e-01 
  515.000  8.312316e-01 
  516.000  8.316230e-01 
  517.000  8.324113e-01 
  518.000  8.325183e-01 
  519.000  8.329142e-01 
  520.000  8.331099e-01 
  521.000  8.335342e-01 
  522.000  8.335508e-01 
  523.000  8.335931e-01 
  524.000  8.335372e-01 
  525.000  8.329492e-01 
  526.000  8.323601e-01 
  527.000  8.319355e-01 
  528.000  8.311993e-01 
  529.000  8.306421e-01 
  530.000  8.301858e-01 
  531.000  8.303070e-01 
  532.000  8.304758e-01 
  533.000  8.309118e-01 
  534.000  8.314750e-01 
  535.000  8.318321e-01 
  536.000  8.325074e-01 
  537.000  8.331945e-01 
  538.000  8.335497e-01 
  539.000  8.337802e-01 
  540.000  8.344137e-01 
  541.000  8.338384e-01 
  542.000  8.340968e-01 
  543.000  8.347703e-01 
  544.000  8.351747e-01 
  545.000  8.347157e-01 
  546.000  8.348216e-01 
  547.000  8.359286e-01 
  548.000  8.368753e-01 
  549.000  8.370959e-01 
  550.000  8.376041e-01 
  551.000  8.380951e-01 
  552.000  8.382189e-01 
  553.000  8.383480e-01 
  554.000  8.386199e-01 
  555.000  8.387671e-01 
  556.000  8.381088e-01 
  557.000  8.371465e-01 
  558.000  8.363476e-01 
  559.000  8.352505e-01 
  560.000  8.343111e-01 
  561.000  8.335441e-01 
  562.000  8.329507e-01 
  563.000  8.320618e-01 
  564.000  8.311547e-01 
  565.000  8.303704e-01 
  566.000  8.298553e-01 
  567.000  8.290113e-01 
  568.000  8.279275e-01 
  569.000  8.245073e-01 
  570.000  8.226256e-01 
  571.000  8.229750e-01 
  572.000  8.212516e-01 
  573.000  8.213720e-01 
  574.000  8.201916e-01 
  575.000  8.202704e-01 
  576.000  8.206022e-01 
  577.000  8.212777e-01 
  578.000  8.235084e-01 
  579.000  8.253171e-01 
  580.000  8.269171e-01 
  581.000  8.295736e-01 
  582.000  8.320739e-01 
  583.000  8.342623e-01 
  584.000  8.374414e-01 
  585.000  8.385347e-01 
  586.000  8.399200e-01 
  587.000  8.401878e-01 
  588.000  8.402910e-01 
  589.000  8.326406e-01 
  590.000  8.331023e-01 
  591.000  8.360169e-01 
  592.000  8.298303e-01 
  593.000  8.396861e-01 
  594.000  8.349331e-01 
  595.000  8.379500e-01 
  596.000  8.390568e-01 
  597.000  8.388955e-01 
  598.000  8.388056e-01 
  599.000  8.401836e-01 
  600.000  8.400791e-01 
  601.000  8.415188e-01 
  602.000  8.427751e-01 
  603.000  8.434106e-01 
  604.000  8.441008e-01 
  605.000  8.447378e-01 
  606.000  8.463643e-01 
  607.000  8.476782e-01 
  608.000  8.494031e-01 
  609.000  8.501098e-01 
  610.000  8.515270e-01 
  611.000  8.526596e-01 
  612.000  8.543640e-01 
  613.000  8.557559e-01 
  614.000  8.567753e-01 
  615.000  8.579617e-01 
  616.000  8.596989e-01 
  617.000  8.609644e-01 
  618.000  8.618127e-01 
  619.000  8.630841e-01 
  620.000  8.642647e-01 
  621.000  8.651472e-01 
  622.000  8.655421e-01 
  623.000  8.664822e-01 
  624.000  8.668742e-01 
  625.000  8.673562e-01 
  626.000  8.676680e-01 
  627.000  8.678315e-01 
  628.000  8.481737e-01 
  629.000  8.570380e-01 
  630.000  8.624429e-01 
  631.000  8.692464e-01 
  632.000  8.717565e-01 
  633.000  8.738438e-01 
  634.000  8.766618e-01 
  635.000  8.774777e-01 
  636.000  8.803164e-01 
  637.000  8.835791e-01 
  638.000  8.857863e-01 
  639.000  8.879019e-01 
  640.000  8.891867e-01 
  641.000  8.912856e-01 
  642.000  8.926798e-01 
  643.000  8.932604e-01 
  644.000  8.945163e-01 
  645.000  8.954481e-01 
  646.000  8.940409e-01 
  647.000  8.916003e-01 
  648.000  8.888516e-01 
  649.000  8.928301e-01 
  650.000  8.999220e-01 
  651.000  9.010519e-01 
  652.000  9.001746e-01 
  653.000  9.027046e-01 
  654.000  9.040623e-01 
  655.000  8.977119e-01 
  656.000  9.031489e-01 
  657.000  9.050036e-01 
  658.000  9.082215e-01 
  659.000  9.104304e-01 
  660.000  9.106328e-01 
  661.000  9.123226e-01 
  662.000  9.126236e-01 
  663.000  9.135485e-01 
  664.000  9.144127e-01 
  665.000  9.152658e-01 
  666.000  9.161650e-01 
  667.000  9.174671e-01 
  668.000  9.181073e-01 
  669.000  9.191743e-01 
  670.000  9.197707e-01 
  671.000  9.210300e-01 
  672.000  9.212958e-01 
  673.000  9.223508e-01 
  674.000  9.227418e-01 
  675.000  9.238303e-01 
  676.000  9.241579e-01 
  677.000  9.247341e-01 
  678.000  9.256603e-01 
  679.000  9.261702e-01 
  680.000  9.271637e-01 
  681.000  9.275848e-01 
  682.000  9.289325e-01 
  683.000  9.291211e-01 
  684.000  9.303473e-01 
  685.000  9.310066e-01 
  686.000  9.317459e-01 
  687.000  6.477099e-01 
  688.000  8.132576e-01 
  689.000  8.463791e-01 
  690.000  8.742273e-01 
  691.000  8.899548e-01 
  692.000  9.196755e-01 
  693.000  9.140376e-01 
  694.000  9.058750e-01 
  695.000  9.214472e-01 
  696.000  9.174216e-01 
  697.000  9.366890e-01 
  698.000  9.363972e-01 
  699.000  9.286046e-01 
  700.000  9.300811e-01 
  701.000  9.241520e-01 
  702.000  9.274530e-01 
  703.000  9.304347e-01 
  704.000  9.325696e-01 
  705.000  9.335448e-01 
  706.000  9.368464e-01 
  707.000  9.394985e-01 
  708.000  9.415033e-01 
  709.000  9.419150e-01 
  710.000  9.413310e-01 
  711.000  9.438911e-01 
  712.000  9.428596e-01 
  713.000  9.449694e-01 
  714.000  9.436026e-01 
  715.000  9.401609e-01 
  716.000  9.411195e-01 
  717.000  9.244307e-01 
  718.000  8.770532e-01 
  719.000  8.308333e-01 
  720.000  8.852674e-01 
  721.000  9.352805e-01 
  722.000  9.342794e-01 
  723.000  9.319519e-01 
  724.000  8.687884e-01 
  725.000  8.907906e-01 
  726.000  9.183143e-01 
  727.000  9.063662e-01 
  728.000  8.851032e-01 
  729.000  8.979069e-01 
  730.000  9.225029e-01 
  731.000  9.091244e-01 
  732.000  9.170086e-01 
  733.000  9.373555e-01 
  734.000  9.480292e-01 
  735.000  9.409789e-01 
  736.000  9.460999e-01 
  737.000  9.463546e-01 
  738.000  9.495283e-01 
  739.000  9.505815e-01 
  740.000  9.544775e-01 
  741.000  9.566267e-01 
  742.000  9.572642e-01 
  743.000  9.573035e-01 
  744.000  9.580564e-01 
  745.000  9.585525e-01 
  746.000  9.591970e-01 
  747.000  9.594801e-01 
  748.000  9.597395e-01 
  749.000  9.599243e-01 
  750.000  9.602607e-01 
  751.000  9.604415e-01 
  752.000  9.612691e-01 
  753.000  9.614913e-01 
  754.000  9.617573e-01 
  755.000  9.620321e-01 
  756.000  9.622023e-01 
  757.000  9.625552e-01 
  758.000  9.630950e-01 
  759.000  9.534139e-01 
  760.000  3.490187e-01 
  761.000  2.481220e-01 
  762.000  6.356253e-01 
  763.000  5.326162e-01 
  764.000  5.972363e-01 
  765.000  7.265211e-01 
  766.000  8.520483e-01 
  767.000  8.969963e-01 
  768.000  9.455259e-01 
  769.000  9.585363e-01 
  770.000  9.581884e-01 
  771.000  9.639171e-01 
  772.000  9.657826e-01 
  773.000  9.658740e-01 
  774.000  9.659257e-01 
  775.000  9.660197e-01 
  776.000  9.661705e-01 
  777.000  9.663832e-01 
  778.000  9.665093e-01 
  779.000  9.666368e-01 
  780.000  9.667433e-01 
  781.000  9.671263e-01 
  782.000  9.673929e-01 
  783.000  9.676260e-01 
  784.000  9.675536e-01 
  785.000  9.674724e-01 
  786.000  9.662535e-01 
  787.000  9.663894e-01 
  788.000  9.636084e-01 
  789.000  9.638084e-01 
  790.000  9.589472e-01 
  791.000  9.596547e-01 
  792.000  9.619386e-01 
  793.000  9.634489e-01 
  794.000  9.699054e-01 
  795.000  9.678951e-01 
  796.000  9.543768e-01 
  797.000  9.643779e-01 
  798.000  9.654535e-01 
  799.000  9.676151e-01 
  800.000  9.619482e-01 
  801.000  9.592541e-01 
  802.000  9.631551e-01 
  803.000  9.624228e-01 
  804.000  9.621847e-01 
  805.000  9.647730e-01 
  806.000  9.698272e-01 
  807.000  9.668408e-01 
  808.000  9.700114e-01 
  809.000  9.652167e-01 
  810.000  9.627994e-01 
  811.000  9.637476e-01 
  812.000  9.585609e-01 
  813.000  9.482360e-01 
  814.000  9.300673e-01 
  815.000  9.072753e-01 
  816.000  9.247932e-01 
  817.000  8.433455e-01 
  818.000  9.005566e-01 
  819.000  9.250358e-01 
  820.000  8.932201e-01 
  821.000  9.627812e-01 
  822.000  9.541961e-01 
  823.000  8.194258e-01 
  824.000  9.427766e-01 
  825.000  9.584147e-01 
  826.000  9.419462e-01 
  827.000  9.577780e-01 
  828.000  9.145675e-01 
  829.000  9.482332e-01 
  830.000  9.404840e-01 
  831.000  9.444028e-01 
  832.000  9.440485e-01 
  833.000  9.567817e-01 
  834.000  9.565938e-01 
  835.000  9.636878e-01 
  836.000  9.644915e-01 
  837.000  9.642330e-01 
  838.000  9.689736e-01 
  839.000  9.713431e-01 
  840.000  9.720330e-01 
  841.000  9.720330e-01 
  842.000  9.679229e-01 
  843.000  9.757920e-01 
  844.000  9.711577e-01 
  845.000  9.749956e-01 
  846.000  9.760411e-01 
  847.000  9.767793e-01 
  848.000  9.758911e-01 
  849.000  9.764001e-01 
  850.000  9.765258e-01 
  851.000  9.771410e-01 
  852.000  9.789460e-01 
  853.000  9.793519e-01 
  854.000  9.791024e-01 
  855.000  9.791024e-01 
  856.000  9.794990e-01 
  857.000  9.804438e-01 
  858.000  9.797102e-01 
  859.000  9.803066e-01 
  860.000  9.808142e-01 
  861.000  9.806889e-01 
  862.000  9.810092e-01 
  863.000  9.808761e-01 
  864.000  9.813012e-01 
  865.000  9.813012e-01 
  866.000  9.813263e-01 
  867.000  9.814454e-01 
  868.000  9.814656e-01 
  869.000  9.815325e-01 
  870.000  9.816610e-01 
  871.000  9.817641e-01 
  872.000  9.819162e-01 
  873.000  9.819328e-01 
  874.000  9.819328e-01 
  875.000  9.821784e-01 
  876.000  9.822473e-01 
  877.000  9.822748e-01 
  878.000  9.822953e-01 
  879.000  9.823099e-01 
  880.000  9.825717e-01 
  881.000  9.825717e-01 
  882.000  9.821917e-01 
  883.000  9.823646e-01 
  884.000  9.824928e-01 
  885.000  9.826630e-01 
  886.000  9.799722e-01 
  887.000  9.825865e-01 
  888.000  9.825865e-01 
  889.000  9.819654e-01 
  890.000  9.805299e-01 
  891.000  9.827263e-01 
  892.000  9.803057e-01 
  893.000  9.737999e-01 
  894.000  9.737999e-01 
  895.000  9.582945e-01 
  896.000  9.440358e-01 
  897.000  8.771368e-01 
  898.000  9.409260e-01 
  899.000  8.161199e-01 
  900.000  8.161199e-01 
  901.000  8.443013e-01 
  902.000  8.709010e-01 
  903.000  8.995872e-01 
  904.000  9.639969e-01 
  905.000  9.553739e-01 
  906.000  9.553739e-01 
  907.000  8.864119e-01 
  908.000  8.662756e-01 
  909.000  8.773028e-01 
  910.000  8.626217e-01 
  911.000  8.626217e-01 
  912.000  9.326953e-01 
  913.000  8.979877e-01 
  914.000  8.741181e-01 
  915.000  8.377771e-01 
  916.000  8.377771e-01 
  917.000  9.300762e-01 
  918.000  8.550580e-01 
  919.000  9.131222e-01 
  920.000  9.627129e-01 
  921.000  9.627129e-01 
  922.000  9.499580e-01 
  923.000  9.490145e-01 
  924.000  9.365134e-01 
  925.000  9.365134e-01 
  926.000  9.428216e-01 
  927.000  9.478569e-01 
  928.000  8.740057e-01 
  929.000  8.588935e-01 
  930.000  8.588935e-01 
  931.000  7.428367e-01 
  932.000  5.778916e-01 
  933.000  6.094419e-01 
  934.000  6.094419e-01 
  935.000  5.581848e-01 
  936.000  5.284461e-01 
  937.000  5.238885e-01 
  938.000  5.238885e-01 
  939.000  6.522292e-01 
  940.000  7.737852e-01 
  941.000  7.280769e-01 
  942.000  7.280769e-01 
  943.000  6.313341e-01 
  944.000  6.390701e-01 
  945.000  7.247918e-01 
  946.000  7.247918e-01 
  947.000  6.456362e-01 
  948.000  6.666833e-01 
  949.000  7.240291e-01 
  950.000  7.240291e-01 
  951.000  7.341590e-01 
  952.000  6.433542e-01 
  953.000  7.699134e-01 
  954.000  7.699134e-01 
  955.000  7.647228e-01 
  956.000  6.653333e-01 
  957.000  8.080343e-01 
  958.000  8.080343e-01 
  959.000  7.249156e-01 
  960.000  7.948357e-01 
  961.000  7.948357e-01 
  962.000  8.156179e-01 
  963.000  8.680642e-01 
  964.000  7.863623e-01 
  965.000  7.863623e-01 
  966.000  8.422561e-01 
  967.000  9.085767e-01 
  968.000  9.085767e-01 
  969.000  9.230345e-01 
  970.000  9.502207e-01 
  971.000  9.591845e-01 
  972.000  9.591845e-01 
  973.000  9.482650e-01 
  974.000  8.929799e-01 
  975.000  8.929799e-01 
  976.000  8.777787e-01 
  977.000  9.342921e-01 
  978.000  9.263647e-01 
  979.000  9.263647e-01 
  980.000  9.271496e-01 
  981.000  9.711350e-01 
  982.000  9.711350e-01 
  983.000  9.578531e-01 
  984.000  9.696744e-01 
  985.000  9.696744e-01 
  986.000  9.837882e-01 
  987.000  9.784898e-01 
  988.000  9.784898e-01 
  989.000  9.866513e-01 
  990.000  9.833907e-01 
  991.000  9.833907e-01 
  992.000  9.856584e-01 
  993.000  9.852428e-01 
  994.000  9.852428e-01 
  995.000  9.886681e-01 
  996.000  9.887574e-01 
  997.000  9.887574e-01 
  998.000  9.888197e-01 
  999.000  9.885972e-01 
 1000.000  9.885972e-01 
 1001.000  9.888012e-01 
 1002.000  9.842263e-01 
 1003.000  9.842263e-01 
 1004.000  9.888804e-01 
 1005.000  9.891137e-01 
 1006.000  9.891137e-01 
 1007.000  9.892973e-01 
 1008.000  9.884738e-01 
 1009.000  9.884738e-01 
 1010.000  9.850821e-01 
 1011.000  9.893987e-01 
 1012.000  9.893987e-01 
 1013.000  9.896159e-01 
 1014.000  9.895390e-01 
 1015.000  9.895390e-01 
 1016.000  9.897942e-01 
 1017.000  9.896038e-01 
 1018.000  9.896038e-01 
 1019.000  9.893440e-01 
 1020.000  9.900026e-01 
 1021.000  9.900026e-01 
 1022.000  9.894903e-01 
 1023.000  9.894903e-01 
 1024.000  9.893715e-01 
 1025.000  9.901324e-01 
 1026.000  9.901324e-01 
 1027.000  9.898244e-01 
 1028.000  9.902266e-01 
 1029.000  9.902266e-01 
 1030.000  9.904026e-01 
 1031.000  9.903440e-01 
 1032.000  9.903440e-01 
 1033.000  9.903820e-01 
 1034.000  9.903820e-01 
 1035.000  9.904265e-01 
 1036.000  9.900249e-01 
 1037.000  9.900249e-01 
 1038.000  9.899941e-01 
 1039.000  9.895881e-01 
 1040.000  9.895881e-01 
 1041.000  9.892694e-01 
 1042.000  9.892694e-01 
 1043.000  9.888850e-01 
 1044.000  9.882827e-01 
 1045.000  9.882827e-01 
 1046.000  9.874443e-01 
 1047.000  9.874443e-01 
 1048.000  9.866006e-01 
 1049.000  9.848751e-01 
 1050.000  9.848751e-01 
 1051.000  9.841396e-01 
 1052.000  9.841396e-01 
 1053.000  9.829763e-01 
 1054.000  9.819847e-01 
 1055.000  9.819847e-01 
 1056.000  9.808206e-01 
 1057.000  9.808206e-01 
 1058.000  9.797938e-01 
 1059.000  9.787744e-01 
 1060.000  9.787744e-01 
 1061.000  9.781330e-01 
 1062.000  9.781330e-01 
 1063.000  9.769762e-01 
 1064.000  9.762945e-01 
 1065.000  9.762945e-01 
 1066.000  9.774205e-01 
 1067.000  9.774205e-01 
 1068.000  9.766598e-01 
 1069.000  9.777715e-01 
 1070.000  9.777715e-01 
 1071.000  9.792706e-01 
 1072.000  9.792706e-01 
 1073.000  9.803884e-01 
 1074.000  9.803884e-01 
 1075.000  9.785591e-01 
 1076.000  9.788740e-01 
 1077.000  9.788740e-01 
 1078.000  9.826245e-01 
 1079.000  9.826245e-01 
 1080.000  9.804149e-01 
 1081.000  9.804149e-01 
 1082.000  9.828898e-01 
 1083.000  9.809883e-01 
 1084.000  9.809883e-01 
 1085.000  9.767197e-01 
 1086.000  9.767197e-01 
 1087.000  9.840268e-01 
 1088.000  9.840268e-01 
 1089.000  9.811298e-01 
 1090.000  9.795786e-01 
 1091.000  9.795786e-01 
 1092.000  9.745931e-01 
 1093.000  9.745931e-01 
 1094.000  9.745327e-01 
 1095.000  9.745327e-01 
 1096.000  9.714885e-01 
 1097.000  9.714885e-01 
 1098.000  9.644251e-01 
 1099.000  9.385425e-01 
 1100.000  9.385425e-01 
 1101.000  9.392403e-01 
 1102.000  9.392403e-01 
 1103.000  9.290991e-01 
 1104.000  9.290991e-01 
 1105.000  9.211158e-01 
 1106.000  9.211158e-01 
 1107.000  9.197935e-01 
 1108.000  9.197935e-01 
 1109.000  8.997887e-01 
 1110.000  8.646567e-01 
 1111.000  8.646567e-01 
 1112.000  8.458827e-01 
 1113.000  8.458827e-01 
 1114.000  7.608323e-01 
 1115.000  7.608323e-01 
 1116.000  5.672613e-01 
 1117.000  5.672613e-01 
 1118.000  6.676204e-01 
 1119.000  6.676204e-01 
 1120.000  6.067045e-01 
 1121.000  6.067045e-01 
 1122.000  4.236596e-01 
 1123.000  6.297164e-01 
 1124.000  6.297164e-01 
 1125.000  4.705919e-01 
 1126.000  4.705919e-01 
 1127.000  5.362720e-01 
 1128.000  5.362720e-01 
 1129.000  5.391505e-01 
 1130.000  5.391505e-01 
 1131.000  7.768508e-01 
 1132.000  7.768508e-01 
 1133.000  5.404903e-01 
 1134.000  5.404903e-01 
 1135.000  3.353928e-01 
 1136.000  3.353928e-01 
 1137.000  7.846625e-01 
 1138.000  7.846625e-01 
 1139.000  7.264322e-01 
 1140.000  7.264322e-01 
 1141.000  7.128835e-01 
 1142.000  7.128835e-01 
 1143.000  7.573999e-01 
 1144.000  7.573999e-01 
 1145.000  5.747206e-01 
 1146.000  5.747206e-01 
 1147.000  5.601873e-01 
 1148.000  5.601873e-01 
 1149.000  6.586462e-01 
 1150.000  6.586462e-01 
 1151.000  7.435285e-01 
 1152.000  7.435285e-01 
 1153.000  6.946663e-01 
 1154.000  6.946663e-01 
 1155.000  7.391319e-01 
 1156.000  7.391319e-01 
 1157.000  8.038892e-01 
 1158.000  8.038892e-01 
 1159.000  8.857031e-01 
 1160.000  8.857031e-01 
 1161.000  8.713194e-01 
 1162.000  8.713194e-01 
 1163.000  9.125675e-01 
 1164.000  9.125675e-01 
 1165.000  8.984427e-01 
 1166.000  8.984427e-01 
 1167.000  9.306610e-01 
 1168.000  9.306610e-01 
 1169.000  9.405842e-01 
 1170.000  9.405842e-01 
 1171.000  9.462850e-01 
 1172.000  9.462850e-01 
 1173.000  8.980325e-01 
 1174.000  8.980325e-01 
 1175.000  9.732827e-01 
 1176.000  9.732827e-01 
 1177.000  9.273780e-01 
 1178.000  9.273780e-01 
 1179.000  9.607528e-01 
 1180.000  9.607528e-01 
 1181.000  8.906338e-01 
 1182.000  8.906338e-01 
 1183.000  9.437745e-01 
 1184.000  9.437745e-01 
 1185.000  9.605236e-01 
 1186.000  9.605236e-01 
 1187.000  8.986509e-01 
 1188.000  8.986509e-01 
 1189.000  8.986509e-01 
 1190.000  9.431492e-01 
 1191.000  9.431492e-01 
 1192.000  9.755855e-01 
 1193.000  9.755855e-01 
 1194.000  9.525347e-01 
 1195.000  9.525347e-01 
 1196.000  9.638530e-01 
 1197.000  9.638530e-01 
 1198.000  9.421465e-01 
 1199.000  9.421465e-01 
 1200.000  9.382891e-01 
