  250.000  0.000000e+00 
  251.000  0.000000e+00 
  252.000  0.000000e+00 
  253.000  0.000000e+00 
  254.000  0.000000e+00 
  255.000  0.000000e+00 
  256.000  0.000000e+00 
  257.000  0.000000e+00 
  258.000  0.000000e+00 
  259.000  0.000000e+00 
  260.000  0.000000e+00 
  261.000  0.000000e+00 
  262.000  0.000000e+00 
  263.000  0.000000e+00 
  264.000  0.000000e+00 
  265.000  0.000000e+00 
  266.000  0.000000e+00 
  267.000  0.000000e+00 
  268.000  0.000000e+00 
  269.000  0.000000e+00 
  270.000  0.000000e+00 
  271.000  0.000000e+00 
  272.000  0.000000e+00 
  273.000  0.000000e+00 
  274.000  0.000000e+00 
  275.000  0.000000e+00 
  276.000  0.000000e+00 
  277.000  0.000000e+00 
  278.000  0.000000e+00 
  279.000  0.000000e+00 
  280.000  0.000000e+00 
  281.000  0.000000e+00 
  282.000  0.000000e+00 
  283.000  0.000000e+00 
  284.000  0.000000e+00 
  285.000  0.000000e+00 
  286.000  0.000000e+00 
  287.000  0.000000e+00 
  288.000  1.823079e-06 
  289.000  5.496459e-06 
  290.000  1.904086e-05 
  291.000  5.133576e-05 
  292.000  1.914652e-04 
  293.000  4.185425e-04 
  294.000  1.014996e-03 
  295.000  1.798905e-03 
  296.000  4.011757e-03 
  297.000  6.500248e-03 
  298.000  1.156816e-02 
  299.000  1.716625e-02 
  300.000  2.581331e-02 
  301.000  3.608945e-02 
  302.000  4.776065e-02 
  303.000  6.673037e-02 
  304.000  7.574762e-02 
  305.000  9.947398e-02 
  306.000  1.160636e-01 
  307.000  1.400825e-01 
  308.000  1.581777e-01 
  309.000  1.771936e-01 
  310.000  2.054116e-01 
  311.000  2.184381e-01 
  312.000  2.382134e-01 
  313.000  2.610939e-01 
  314.000  2.713562e-01 
  315.000  2.971495e-01 
  316.000  3.047183e-01 
  317.000  3.239771e-01 
  318.000  3.356991e-01 
  319.000  3.635109e-01 
  320.000  3.482370e-01 
  321.000  3.878284e-01 
  322.000  3.744847e-01 
  323.000  3.933919e-01 
  324.000  4.189306e-01 
  325.000  4.037372e-01 
  326.000  4.289451e-01 
  327.000  4.377850e-01 
  328.000  4.275971e-01 
  329.000  4.552240e-01 
  330.000  4.612033e-01 
  331.000  4.520024e-01 
  332.000  4.712238e-01 
  333.000  4.765037e-01 
  334.000  4.756737e-01 
  335.000  4.882064e-01 
  336.000  4.942042e-01 
  337.000  4.929664e-01 
  338.000  5.016332e-01 
  339.000  5.081839e-01 
  340.000  5.087598e-01 
  341.000  5.158954e-01 
  342.000  5.213411e-01 
  343.000  5.253738e-01 
  344.000  5.258025e-01 
  345.000  5.334343e-01 
  346.000  5.377784e-01 
  347.000  5.418802e-01 
  348.000  5.458656e-01 
  349.000  5.505967e-01 
  350.000  5.544866e-01 
  351.000  5.588708e-01 
  352.000  5.625759e-01 
  353.000  5.669922e-01 
  354.000  5.701478e-01 
  355.000  5.735913e-01 
  356.000  5.779438e-01 
  357.000  5.807728e-01 
  358.000  5.839378e-01 
  359.000  5.870523e-01 
  360.000  5.900818e-01 
  361.000  5.932318e-01 
  362.000  5.980534e-01 
  363.000  6.021332e-01 
  364.000  6.061848e-01 
  365.000  6.095645e-01 
  366.000  6.133222e-01 
  367.000  6.168471e-01 
  368.000  6.201996e-01 
  369.000  6.230170e-01 
  370.000  6.263589e-01 
  371.000  6.298838e-01 
  372.000  6.327801e-01 
  373.000  6.363431e-01 
  374.000  6.397275e-01 
  375.000  6.424659e-01 
  376.000  6.452947e-01 
  377.000  6.485335e-01 
  378.000  6.510443e-01 
  379.000  6.537564e-01 
  380.000  6.563451e-01 
  381.000  6.591735e-01 
  382.000  6.629339e-01 
  383.000  6.667590e-01 
  384.000  6.693554e-01 
  385.000  6.726889e-01 
  386.000  6.753525e-01 
  387.000  6.784801e-01 
  388.000  6.809350e-01 
  389.000  6.834301e-01 
  390.000  6.865464e-01 
  391.000  6.891024e-01 
  392.000  6.912310e-01 
  393.000  6.948212e-01 
  394.000  6.972814e-01 
  395.000  6.996602e-01 
  396.000  7.026527e-01 
  397.000  7.053792e-01 
  398.000  7.072484e-01 
  399.000  7.098503e-01 
  400.000  7.120440e-01 
  401.000  7.149674e-01 
  402.000  7.175978e-01 
  403.000  7.202880e-01 
  404.000  7.220622e-01 
  405.000  7.245291e-01 
  406.000  7.268855e-01 
  407.000  7.299249e-01 
  408.000  7.313986e-01 
  409.000  7.335476e-01 
  410.000  7.358301e-01 
  411.000  7.383559e-01 
  412.000  7.409803e-01 
  413.000  7.423761e-01 
  414.000  7.450653e-01 
  415.000  7.471747e-01 
  416.000  7.499036e-01 
  417.000  7.514986e-01 
  418.000  7.533022e-01 
  419.000  7.558863e-01 
  420.000  7.576083e-01 
  421.000  7.596272e-01 
  422.000  7.612759e-01 
  423.000  7.635529e-01 
  424.000  7.652879e-01 
  425.000  7.679170e-01 
  426.000  7.698697e-01 
  427.000  7.716515e-01 
  428.000  7.732650e-01 
  429.000  7.756369e-01 
  430.000  7.775755e-01 
  431.000  7.783172e-01 
  432.000  7.810642e-01 
  433.000  7.829448e-01 
  434.000  7.841567e-01 
  435.000  7.854114e-01 
  436.000  7.876279e-01 
  437.000  7.905070e-01 
  438.000  7.919682e-01 
  439.000  7.922981e-01 
  440.000  7.944542e-01 
  441.000  7.963206e-01 
  442.000  7.985426e-01 
  443.000  7.996965e-01 
  444.000  8.011665e-01 
  445.000  8.018258e-01 
  446.000  8.038521e-01 
  447.000  8.058824e-01 
  448.000  8.059459e-01 
  449.000  8.087068e-01 
  450.000  8.109390e-01 
  451.000  8.122742e-01 
  452.000  8.133692e-01 
  453.000  8.150271e-01 
  454.000  8.172989e-01 
  455.000  8.180618e-01 
  456.000  8.194305e-01 
  457.000  8.210093e-01 
  458.000  8.220395e-01 
  459.000  8.234351e-01 
  460.000  8.242995e-01 
  461.000  8.256806e-01 
  462.000  8.276100e-01 
  463.000  8.276829e-01 
  464.000  8.295792e-01 
  465.000  8.308830e-01 
  466.000  8.332818e-01 
  467.000  8.339820e-01 
  468.000  8.353599e-01 
  469.000  8.365188e-01 
  470.000  8.377868e-01 
  471.000  8.390642e-01 
  472.000  8.396294e-01 
  473.000  8.399987e-01 
  474.000  8.393021e-01 
  475.000  8.395312e-01 
  476.000  8.401772e-01 
  477.000  8.407804e-01 
  478.000  8.414920e-01 
  479.000  8.428448e-01 
  480.000  8.445007e-01 
  481.000  8.471921e-01 
  482.000  8.493788e-01 
  483.000  8.513859e-01 
  484.000  8.524326e-01 
  485.000  8.533020e-01 
  486.000  8.539842e-01 
  487.000  8.555128e-01 
  488.000  8.562908e-01 
  489.000  8.568916e-01 
  490.000  8.586012e-01 
  491.000  8.596596e-01 
  492.000  8.606226e-01 
  493.000  8.615803e-01 
  494.000  8.622330e-01 
  495.000  8.629682e-01 
  496.000  8.636018e-01 
  497.000  8.645978e-01 
  498.000  8.653498e-01 
  499.000  8.662987e-01 
  500.000  8.670056e-01 
  501.000  8.671450e-01 
  502.000  8.670750e-01 
  503.000  8.668534e-01 
  504.000  8.665684e-01 
  505.000  8.676998e-01 
  506.000  8.688756e-01 
  507.000  8.695460e-01 
  508.000  8.710768e-01 
  509.000  8.719236e-01 
  510.000  8.730618e-01 
  511.000  8.740949e-01 
  512.000  8.747926e-01 
  513.000  8.761981e-01 
  514.000  8.768363e-01 
  515.000  8.779480e-01 
  516.000  8.784794e-01 
  517.000  8.793945e-01 
  518.000  8.796216e-01 
  519.000  8.802174e-01 
  520.000  8.805314e-01 
  521.000  8.813618e-01 
  522.000  8.816126e-01 
  523.000  8.819684e-01 
  524.000  8.823304e-01 
  525.000  8.821476e-01 
  526.000  8.823653e-01 
  527.000  8.826525e-01 
  528.000  8.826525e-01 
  529.000  8.828102e-01 
  530.000  8.828715e-01 
  531.000  8.832933e-01 
  532.000  8.836623e-01 
  533.000  8.841923e-01 
  534.000  8.849499e-01 
  535.000  8.853936e-01 
  536.000  8.861604e-01 
  537.000  8.869503e-01 
  538.000  8.873448e-01 
  539.000  8.877136e-01 
  540.000  8.884170e-01 
  541.000  8.881703e-01 
  542.000  8.886198e-01 
  543.000  8.893809e-01 
  544.000  8.899612e-01 
  545.000  8.898236e-01 
  546.000  8.900274e-01 
  547.000  8.910631e-01 
  548.000  8.920220e-01 
  549.000  8.922665e-01 
  550.000  8.928476e-01 
  551.000  8.934241e-01 
  552.000  8.937749e-01 
  553.000  8.941597e-01 
  554.000  8.946249e-01 
  555.000  8.950414e-01 
  556.000  8.950591e-01 
  557.000  8.949162e-01 
  558.000  8.948328e-01 
  559.000  8.947690e-01 
  560.000  8.946379e-01 
  561.000  8.945456e-01 
  562.000  8.945310e-01 
  563.000  8.943298e-01 
  564.000  8.941157e-01 
  565.000  8.939491e-01 
  566.000  8.940056e-01 
  567.000  8.936955e-01 
  568.000  8.931794e-01 
  569.000  8.909900e-01 
  570.000  8.899049e-01 
  571.000  8.902949e-01 
  572.000  8.889093e-01 
  573.000  8.891407e-01 
  574.000  8.882211e-01 
  575.000  8.883871e-01 
  576.000  8.883723e-01 
  577.000  8.887220e-01 
  578.000  8.902740e-01 
  579.000  8.915154e-01 
  580.000  8.926660e-01 
  581.000  8.945897e-01 
  582.000  8.963889e-01 
  583.000  8.979731e-01 
  584.000  9.002287e-01 
  585.000  9.009824e-01 
  586.000  9.021928e-01 
  587.000  9.024737e-01 
  588.000  9.026616e-01 
  589.000  8.964384e-01 
  590.000  8.969479e-01 
  591.000  8.995880e-01 
  592.000  8.946719e-01 
  593.000  9.030512e-01 
  594.000  8.993818e-01 
  595.000  9.022507e-01 
  596.000  9.035240e-01 
  597.000  9.035313e-01 
  598.000  9.038403e-01 
  599.000  9.053192e-01 
  600.000  9.055931e-01 
  601.000  9.067928e-01 
  602.000  9.077306e-01 
  603.000  9.081995e-01 
  604.000  9.087257e-01 
  605.000  9.091821e-01 
  606.000  9.100851e-01 
  607.000  9.108127e-01 
  608.000  9.117459e-01 
  609.000  9.121297e-01 
  610.000  9.128940e-01 
  611.000  9.134976e-01 
  612.000  9.143525e-01 
  613.000  9.151130e-01 
  614.000  9.156486e-01 
  615.000  9.162753e-01 
  616.000  9.171095e-01 
  617.000  9.177039e-01 
  618.000  9.181054e-01 
  619.000  9.186804e-01 
  620.000  9.191115e-01 
  621.000  9.194027e-01 
  622.000  9.195315e-01 
  623.000  9.197125e-01 
  624.000  9.197587e-01 
  625.000  9.198381e-01 
  626.000  9.197606e-01 
  627.000  9.196008e-01 
  628.000  9.033439e-01 
  629.000  9.100606e-01 
  630.000  9.147014e-01 
  631.000  9.197943e-01 
  632.000  9.215246e-01 
  633.000  9.228895e-01 
  634.000  9.246688e-01 
  635.000  9.252221e-01 
  636.000  9.268374e-01 
  637.000  9.287288e-01 
  638.000  9.301140e-01 
  639.000  9.312940e-01 
  640.000  9.320286e-01 
  641.000  9.332517e-01 
  642.000  9.342448e-01 
  643.000  9.345482e-01 
  644.000  9.354070e-01 
  645.000  9.359112e-01 
  646.000  9.345792e-01 
  647.000  9.323391e-01 
  648.000  9.299818e-01 
  649.000  9.327936e-01 
  650.000  9.381061e-01 
  651.000  9.388723e-01 
  652.000  9.378589e-01 
  653.000  9.396822e-01 
  654.000  9.402609e-01 
  655.000  9.350330e-01 
  656.000  9.391389e-01 
  657.000  9.404175e-01 
  658.000  9.426517e-01 
  659.000  9.440940e-01 
  660.000  9.441269e-01 
  661.000  9.451378e-01 
  662.000  9.452830e-01 
  663.000  9.456789e-01 
  664.000  9.462166e-01 
  665.000  9.466874e-01 
  666.000  9.471687e-01 
  667.000  9.478824e-01 
  668.000  9.482072e-01 
  669.000  9.487789e-01 
  670.000  9.490950e-01 
  671.000  9.497880e-01 
  672.000  9.499406e-01 
  673.000  9.505104e-01 
  674.000  9.507400e-01 
  675.000  9.513351e-01 
  676.000  9.515218e-01 
  677.000  9.518316e-01 
  678.000  9.523568e-01 
  679.000  9.526275e-01 
  680.000  9.531718e-01 
  681.000  9.533722e-01 
  682.000  9.540825e-01 
  683.000  9.540824e-01 
  684.000  9.547099e-01 
  685.000  9.551428e-01 
  686.000  9.554812e-01 
  687.000  6.967116e-01 
  688.000  8.587803e-01 
  689.000  8.856411e-01 
  690.000  9.089730e-01 
  691.000  9.210415e-01 
  692.000  9.449988e-01 
  693.000  9.404073e-01 
  694.000  9.336928e-01 
  695.000  9.459405e-01 
  696.000  9.425744e-01 
  697.000  9.577062e-01 
  698.000  9.573795e-01 
  699.000  9.512035e-01 
  700.000  9.521301e-01 
  701.000  9.473988e-01 
  702.000  9.499055e-01 
  703.000  9.520652e-01 
  704.000  9.536622e-01 
  705.000  9.543165e-01 
  706.000  9.568097e-01 
  707.000  9.588140e-01 
  708.000  9.602786e-01 
  709.000  9.605029e-01 
  710.000  9.599890e-01 
  711.000  9.618133e-01 
  712.000  9.609282e-01 
  713.000  9.624665e-01 
  714.000  9.613728e-01 
  715.000  9.585186e-01 
  716.000  9.591694e-01 
  717.000  9.460488e-01 
  718.000  9.074539e-01 
  719.000  8.657752e-01 
  720.000  9.145800e-01 
  721.000  9.541537e-01 
  722.000  9.532709e-01 
  723.000  9.513916e-01 
  724.000  8.991415e-01 
  725.000  9.185002e-01 
  726.000  9.404085e-01 
  727.000  9.308923e-01 
  728.000  9.137371e-01 
  729.000  9.240760e-01 
  730.000  9.434628e-01 
  731.000  9.328504e-01 
  732.000  9.390717e-01 
  733.000  9.549683e-01 
  734.000  9.632351e-01 
  735.000  9.576709e-01 
  736.000  9.616534e-01 
  737.000  9.617965e-01 
  738.000  9.642406e-01 
  739.000  9.650235e-01 
  740.000  9.680367e-01 
  741.000  9.696734e-01 
  742.000  9.700807e-01 
  743.000  9.700797e-01 
  744.000  9.706314e-01 
  745.000  9.709835e-01 
  746.000  9.714026e-01 
  747.000  9.715521e-01 
  748.000  9.717208e-01 
  749.000  9.718239e-01 
  750.000  9.720259e-01 
  751.000  9.721196e-01 
  752.000  9.726226e-01 
  753.000  9.727541e-01 
  754.000  9.728991e-01 
  755.000  9.730482e-01 
  756.000  9.731439e-01 
  757.000  9.733850e-01 
  758.000  9.737166e-01 
  759.000  9.660889e-01 
  760.000  4.123523e-01 
  761.000  3.202917e-01 
  762.000  6.894949e-01 
  763.000  5.948815e-01 
  764.000  6.457456e-01 
  765.000  7.629738e-01 
  766.000  8.826216e-01 
  767.000  9.209812e-01 
  768.000  9.596256e-01 
  769.000  9.699691e-01 
  770.000  9.696577e-01 
  771.000  9.741262e-01 
  772.000  9.756026e-01 
  773.000  9.756846e-01 
  774.000  9.757336e-01 
  775.000  9.758133e-01 
  776.000  9.759383e-01 
  777.000  9.761116e-01 
  778.000  9.762148e-01 
  779.000  9.763201e-01 
  780.000  9.764082e-01 
  781.000  9.766430e-01 
  782.000  9.767902e-01 
  783.000  9.769382e-01 
  784.000  9.768478e-01 
  785.000  9.767464e-01 
  786.000  9.757736e-01 
  787.000  9.758148e-01 
  788.000  9.736435e-01 
  789.000  9.737306e-01 
  790.000  9.699239e-01 
  791.000  9.704068e-01 
  792.000  9.721377e-01 
  793.000  9.732566e-01 
  794.000  9.781590e-01 
  795.000  9.765791e-01 
  796.000  9.660448e-01 
  797.000  9.738042e-01 
  798.000  9.746129e-01 
  799.000  9.762797e-01 
  800.000  9.718559e-01 
  801.000  9.697743e-01 
  802.000  9.728245e-01 
  803.000  9.722685e-01 
  804.000  9.721081e-01 
  805.000  9.741276e-01 
  806.000  9.780494e-01 
  807.000  9.757703e-01 
  808.000  9.782472e-01 
  809.000  9.745411e-01 
  810.000  9.727008e-01 
  811.000  9.734377e-01 
  812.000  9.694000e-01 
  813.000  9.613108e-01 
  814.000  9.470397e-01 
  815.000  9.284283e-01 
  816.000  9.426758e-01 
  817.000  8.745707e-01 
  818.000  9.221596e-01 
  819.000  9.428538e-01 
  820.000  9.156716e-01 
  821.000  9.725101e-01 
  822.000  9.658346e-01 
  823.000  8.544251e-01 
  824.000  9.568507e-01 
  825.000  9.690055e-01 
  826.000  9.560564e-01 
  827.000  9.684783e-01 
  828.000  9.342577e-01 
  829.000  9.609553e-01 
  830.000  9.548111e-01 
  831.000  9.579176e-01 
  832.000  9.576612e-01 
  833.000  9.676856e-01 
  834.000  9.674702e-01 
  835.000  9.730312e-01 
  836.000  9.736369e-01 
  837.000  9.734491e-01 
  838.000  9.771338e-01 
  839.000  9.789612e-01 
  840.000  9.794930e-01 
  841.000  9.794930e-01 
  842.000  9.763159e-01 
  843.000  9.824019e-01 
  844.000  9.788262e-01 
  845.000  9.817956e-01 
  846.000  9.826075e-01 
  847.000  9.831758e-01 
  848.000  9.824989e-01 
  849.000  9.828946e-01 
  850.000  9.827585e-01 
  851.000  9.824958e-01 
  852.000  9.838597e-01 
  853.000  9.841716e-01 
  854.000  9.839791e-01 
  855.000  9.839791e-01 
  856.000  9.842846e-01 
  857.000  9.850106e-01 
  858.000  9.844469e-01 
  859.000  9.849052e-01 
  860.000  9.852951e-01 
  861.000  9.851989e-01 
  862.000  9.854450e-01 
  863.000  9.853427e-01 
  864.000  9.856692e-01 
  865.000  9.856692e-01 
  866.000  9.856885e-01 
  867.000  9.857800e-01 
  868.000  9.857955e-01 
  869.000  9.858469e-01 
  870.000  9.859456e-01 
  871.000  9.860248e-01 
  872.000  9.861416e-01 
  873.000  9.861543e-01 
  874.000  9.861543e-01 
  875.000  9.863428e-01 
  876.000  9.863958e-01 
  877.000  9.864171e-01 
  878.000  9.864326e-01 
  879.000  9.864439e-01 
  880.000  9.866449e-01 
  881.000  9.866449e-01 
  882.000  9.863531e-01 
  883.000  9.864860e-01 
  884.000  9.865843e-01 
  885.000  9.867151e-01 
  886.000  9.846449e-01 
  887.000  9.866563e-01 
  888.000  9.866563e-01 
  889.000  9.861794e-01 
  890.000  9.850731e-01 
  891.000  9.867636e-01 
  892.000  9.849037e-01 
  893.000  9.798899e-01 
  894.000  9.798899e-01 
  895.000  9.676763e-01 
  896.000  9.565309e-01 
  897.000  9.013331e-01 
  898.000  9.541515e-01 
  899.000  8.472693e-01 
  900.000  8.472693e-01 
  901.000  8.707378e-01 
  902.000  8.945665e-01 
  903.000  9.185245e-01 
  904.000  9.722524e-01 
  905.000  9.653982e-01 
  906.000  9.653982e-01 
  907.000  9.093959e-01 
  908.000  8.906332e-01 
  909.000  9.014430e-01 
  910.000  8.897571e-01 
  911.000  8.897571e-01 
  912.000  9.477190e-01 
  913.000  9.193549e-01 
  914.000  8.990992e-01 
  915.000  8.675031e-01 
  916.000  8.675031e-01 
  917.000  9.458024e-01 
  918.000  8.825230e-01 
  919.000  9.309331e-01 
  920.000  9.712832e-01 
  921.000  9.712832e-01 
  922.000  9.613044e-01 
  923.000  9.605596e-01 
  924.000  9.508570e-01 
  925.000  9.508570e-01 
  926.000  9.557772e-01 
  927.000  9.597263e-01 
  928.000  9.003711e-01 
  929.000  8.881937e-01 
  930.000  8.881937e-01 
  931.000  7.847944e-01 
  932.000  6.247445e-01 
  933.000  6.607667e-01 
  934.000  6.607667e-01 
  935.000  6.061192e-01 
  936.000  5.778241e-01 
  937.000  5.799454e-01 
  938.000  5.799454e-01 
  939.000  6.956120e-01 
  940.000  8.119531e-01 
  941.000  7.708192e-01 
  942.000  7.708192e-01 
  943.000  6.736462e-01 
  944.000  6.785300e-01 
  945.000  7.719230e-01 
  946.000  7.719230e-01 
  947.000  6.913417e-01 
  948.000  7.155459e-01 
  949.000  7.647410e-01 
  950.000  7.647410e-01 
  951.000  7.732102e-01 
  952.000  6.884725e-01 
  953.000  8.102027e-01 
  954.000  8.102027e-01 
  955.000  8.041661e-01 
  956.000  7.077741e-01 
  957.000  8.423825e-01 
  958.000  8.423825e-01 
  959.000  7.728565e-01 
  960.000  8.341225e-01 
  961.000  8.341225e-01 
  962.000  8.479968e-01 
  963.000  8.951946e-01 
  964.000  8.246549e-01 
  965.000  8.246549e-01 
  966.000  8.714383e-01 
  967.000  9.276075e-01 
  968.000  9.276075e-01 
  969.000  9.394107e-01 
  970.000  9.615092e-01 
  971.000  9.684910e-01 
  972.000  9.684910e-01 
  973.000  9.600140e-01 
  974.000  9.150866e-01 
  975.000  9.150866e-01 
  976.000  9.015121e-01 
  977.000  9.483204e-01 
  978.000  9.418637e-01 
  979.000  9.418637e-01 
  980.000  9.425943e-01 
  981.000  9.778104e-01 
  982.000  9.778104e-01 
  983.000  9.672335e-01 
  984.000  9.766617e-01 
  985.000  9.766617e-01 
  986.000  9.875743e-01 
  987.000  9.834895e-01 
  988.000  9.834895e-01 
  989.000  9.897751e-01 
  990.000  9.872674e-01 
  991.000  9.872674e-01 
  992.000  9.890107e-01 
  993.000  9.886916e-01 
  994.000  9.886916e-01 
  995.000  9.913229e-01 
  996.000  9.913912e-01 
  997.000  9.913912e-01 
  998.000  9.914391e-01 
  999.000  9.912685e-01 
 1000.000  9.912685e-01 
 1001.000  9.914249e-01 
 1002.000  9.879042e-01 
 1003.000  9.879042e-01 
 1004.000  9.914855e-01 
 1005.000  9.916645e-01 
 1006.000  9.916645e-01 
 1007.000  9.918053e-01 
 1008.000  9.911739e-01 
 1009.000  9.911739e-01 
 1010.000  9.885632e-01 
 1011.000  9.918830e-01 
 1012.000  9.918830e-01 
 1013.000  9.920494e-01 
 1014.000  9.919905e-01 
 1015.000  9.919905e-01 
 1016.000  9.921862e-01 
 1017.000  9.920402e-01 
 1018.000  9.920402e-01 
 1019.000  9.918410e-01 
 1020.000  9.923460e-01 
 1021.000  9.923460e-01 
 1022.000  9.919532e-01 
 1023.000  9.919532e-01 
 1024.000  9.918621e-01 
 1025.000  9.924453e-01 
 1026.000  9.924453e-01 
 1027.000  9.922093e-01 
 1028.000  9.925175e-01 
 1029.000  9.925175e-01 
 1030.000  9.926525e-01 
 1031.000  9.926077e-01 
 1032.000  9.926077e-01 
 1033.000  9.926369e-01 
 1034.000  9.926369e-01 
 1035.000  9.926708e-01 
 1036.000  9.923630e-01 
 1037.000  9.923630e-01 
 1038.000  9.923394e-01 
 1039.000  9.920281e-01 
 1040.000  9.920281e-01 
 1041.000  9.917839e-01 
 1042.000  9.917839e-01 
 1043.000  9.914891e-01 
 1044.000  9.910272e-01 
 1045.000  9.910272e-01 
 1046.000  9.903842e-01 
 1047.000  9.903842e-01 
 1048.000  9.897373e-01 
 1049.000  9.884132e-01 
 1050.000  9.884132e-01 
 1051.000  9.878486e-01 
 1052.000  9.878486e-01 
 1053.000  9.869556e-01 
 1054.000  9.861942e-01 
 1055.000  9.861942e-01 
 1056.000  9.853001e-01 
 1057.000  9.853001e-01 
 1058.000  9.845112e-01 
 1059.000  9.837278e-01 
 1060.000  9.837278e-01 
 1061.000  9.832348e-01 
 1062.000  9.832348e-01 
 1063.000  9.823453e-01 
 1064.000  9.818212e-01 
 1065.000  9.818212e-01 
 1066.000  9.826870e-01 
 1067.000  9.826870e-01 
 1068.000  9.821022e-01 
 1069.000  9.829569e-01 
 1070.000  9.829569e-01 
 1071.000  9.841091e-01 
 1072.000  9.841091e-01 
 1073.000  9.849679e-01 
 1074.000  9.849679e-01 
 1075.000  9.835529e-01 
 1076.000  9.837928e-01 
 1077.000  9.837928e-01 
 1078.000  9.866822e-01 
 1079.000  9.866822e-01 
 1080.000  9.849760e-01 
 1081.000  9.849760e-01 
 1082.000  9.868826e-01 
 1083.000  9.854122e-01 
 1084.000  9.854122e-01 
 1085.000  9.821223e-01 
 1086.000  9.821223e-01 
 1087.000  9.877494e-01 
 1088.000  9.877494e-01 
 1089.000  9.855101e-01 
 1090.000  9.843020e-01 
 1091.000  9.843020e-01 
 1092.000  9.804554e-01 
 1093.000  9.804554e-01 
 1094.000  9.804164e-01 
 1095.000  9.804164e-01 
 1096.000  9.780571e-01 
 1097.000  9.780571e-01 
 1098.000  9.725848e-01 
 1099.000  9.520406e-01 
 1100.000  9.520406e-01 
 1101.000  9.525545e-01 
 1102.000  9.525545e-01 
 1103.000  9.445195e-01 
 1104.000  9.445195e-01 
 1105.000  9.381959e-01 
 1106.000  9.381959e-01 
 1107.000  9.370525e-01 
 1108.000  9.370525e-01 
 1109.000  9.210855e-01 
 1110.000  8.901761e-01 
 1111.000  8.901761e-01 
 1112.000  8.761017e-01 
 1113.000  8.761017e-01 
 1114.000  7.915756e-01 
 1115.000  7.915756e-01 
 1116.000  6.176367e-01 
 1117.000  6.176367e-01 
 1118.000  7.071958e-01 
 1119.000  7.071958e-01 
 1120.000  6.550649e-01 
 1121.000  6.550649e-01 
 1122.000  4.806952e-01 
 1123.000  6.749458e-01 
 1124.000  6.749458e-01 
 1125.000  5.260888e-01 
 1126.000  5.260888e-01 
 1127.000  5.923117e-01 
 1128.000  5.923117e-01 
 1129.000  5.953764e-01 
 1130.000  5.953764e-01 
 1131.000  8.150547e-01 
 1132.000  8.150547e-01 
 1133.000  5.982311e-01 
 1134.000  5.982311e-01 
 1135.000  3.818598e-01 
 1136.000  3.818598e-01 
 1137.000  8.238795e-01 
 1138.000  8.238795e-01 
 1139.000  7.621272e-01 
 1140.000  7.621272e-01 
 1141.000  7.513828e-01 
 1142.000  7.513828e-01 
 1143.000  8.002782e-01 
 1144.000  8.002782e-01 
 1145.000  6.227906e-01 
 1146.000  6.227906e-01 
 1147.000  6.137463e-01 
 1148.000  6.137463e-01 
 1149.000  7.031014e-01 
 1150.000  7.031014e-01 
 1151.000  7.783772e-01 
 1152.000  7.783772e-01 
 1153.000  7.312500e-01 
 1154.000  7.312500e-01 
 1155.000  7.745472e-01 
 1156.000  7.745472e-01 
 1157.000  8.363682e-01 
 1158.000  8.363682e-01 
 1159.000  9.097847e-01 
 1160.000  9.097847e-01 
 1161.000  8.980935e-01 
 1162.000  8.980935e-01 
 1163.000  9.306826e-01 
 1164.000  9.306826e-01 
 1165.000  9.196194e-01 
 1166.000  9.196194e-01 
 1167.000  9.455655e-01 
 1168.000  9.455655e-01 
 1169.000  9.537003e-01 
 1170.000  9.537003e-01 
 1171.000  9.580107e-01 
 1172.000  9.580107e-01 
 1173.000  9.195042e-01 
 1174.000  9.195042e-01 
 1175.000  9.794548e-01 
 1176.000  9.794548e-01 
 1177.000  9.428618e-01 
 1178.000  9.428618e-01 
 1179.000  9.693740e-01 
 1180.000  9.693740e-01 
 1181.000  9.125028e-01 
 1182.000  9.125028e-01 
 1183.000  9.558413e-01 
 1184.000  9.558413e-01 
 1185.000  9.695186e-01 
 1186.000  9.695186e-01 
 1187.000  9.172707e-01 
 1188.000  9.172707e-01 
 1189.000  9.172707e-01 
 1190.000  9.551325e-01 
 1191.000  9.551325e-01 
 1192.000  9.812284e-01 
 1193.000  9.812284e-01 
 1194.000  9.627383e-01 
 1195.000  9.627383e-01 
 1196.000  9.721356e-01 
 1197.000  9.721356e-01 
 1198.000  9.547514e-01 
 1199.000  9.547514e-01 
 1200.000  9.513115e-01 
