  250.000  0.000000e+00 
  251.000  0.000000e+00 
  252.000  0.000000e+00 
  253.000  0.000000e+00 
  254.000  0.000000e+00 
  255.000  0.000000e+00 
  256.000  0.000000e+00 
  257.000  0.000000e+00 
  258.000  0.000000e+00 
  259.000  0.000000e+00 
  260.000  0.000000e+00 
  261.000  0.000000e+00 
  262.000  0.000000e+00 
  263.000  0.000000e+00 
  264.000  0.000000e+00 
  265.000  0.000000e+00 
  266.000  0.000000e+00 
  267.000  0.000000e+00 
  268.000  0.000000e+00 
  269.000  0.000000e+00 
  270.000  0.000000e+00 
  271.000  0.000000e+00 
  272.000  0.000000e+00 
  273.000  0.000000e+00 
  274.000  0.000000e+00 
  275.000  0.000000e+00 
  276.000  0.000000e+00 
  277.000  0.000000e+00 
  278.000  0.000000e+00 
  279.000  0.000000e+00 
  280.000  0.000000e+00 
  281.000  0.000000e+00 
  282.000  0.000000e+00 
  283.000  0.000000e+00 
  284.000  0.000000e+00 
  285.000  0.000000e+00 
  286.000  0.000000e+00 
  287.000  0.000000e+00 
  288.000  0.000000e+00 
  289.000  0.000000e+00 
  290.000  0.000000e+00 
  291.000  0.000000e+00 
  292.000  9.081356e-11 
  293.000  8.421999e-10 
  294.000  1.053099e-08 
  295.000  5.359393e-08 
  296.000  5.268312e-07 
  297.000  2.072490e-06 
  298.000  1.065074e-05 
  299.000  3.245741e-05 
  300.000  1.030553e-04 
  301.000  2.653958e-04 
  302.000  5.823272e-04 
  303.000  1.497652e-03 
  304.000  2.119210e-03 
  305.000  4.561872e-03 
  306.000  6.971867e-03 
  307.000  1.177824e-02 
  308.000  1.642825e-02 
  309.000  2.240494e-02 
  310.000  3.371799e-02 
  311.000  3.960130e-02 
  312.000  5.012502e-02 
  313.000  6.424197e-02 
  314.000  7.065925e-02 
  315.000  9.036469e-02 
  316.000  9.587179e-02 
  317.000  1.126506e-01 
  318.000  1.229478e-01 
  319.000  1.526189e-01 
  320.000  1.329532e-01 
  321.000  1.789814e-01 
  322.000  1.595392e-01 
  323.000  1.816270e-01 
  324.000  2.146064e-01 
  325.000  1.907212e-01 
  326.000  2.243722e-01 
  327.000  2.351743e-01 
  328.000  2.168560e-01 
  329.000  2.567033e-01 
  330.000  2.635726e-01 
  331.000  2.459359e-01 
  332.000  2.741914e-01 
  333.000  2.801994e-01 
  334.000  2.756519e-01 
  335.000  2.939869e-01 
  336.000  3.012301e-01 
  337.000  2.959600e-01 
  338.000  3.079180e-01 
  339.000  3.165502e-01 
  340.000  3.148556e-01 
  341.000  3.246245e-01 
  342.000  3.313411e-01 
  343.000  3.354181e-01 
  344.000  3.335608e-01 
  345.000  3.442163e-01 
  346.000  3.494374e-01 
  347.000  3.537069e-01 
  348.000  3.583839e-01 
  349.000  3.640122e-01 
  350.000  3.684011e-01 
  351.000  3.735710e-01 
  352.000  3.777718e-01 
  353.000  3.828041e-01 
  354.000  3.864165e-01 
  355.000  3.903743e-01 
  356.000  3.954005e-01 
  357.000  3.986813e-01 
  358.000  4.023651e-01 
  359.000  4.060037e-01 
  360.000  4.095556e-01 
  361.000  4.132625e-01 
  362.000  4.189627e-01 
  363.000  4.238108e-01 
  364.000  4.286481e-01 
  365.000  4.327003e-01 
  366.000  4.372240e-01 
  367.000  4.414848e-01 
  368.000  4.455532e-01 
  369.000  4.489837e-01 
  370.000  4.530668e-01 
  371.000  4.573902e-01 
  372.000  4.609551e-01 
  373.000  4.653560e-01 
  374.000  4.695522e-01 
  375.000  4.729587e-01 
  376.000  4.764881e-01 
  377.000  4.805424e-01 
  378.000  4.836951e-01 
  379.000  4.871100e-01 
  380.000  4.903786e-01 
  381.000  4.939600e-01 
  382.000  4.987383e-01 
  383.000  5.036179e-01 
  384.000  5.069412e-01 
  385.000  5.112212e-01 
  386.000  5.146512e-01 
  387.000  5.186914e-01 
  388.000  5.218713e-01 
  389.000  5.251114e-01 
  390.000  5.291700e-01 
  391.000  5.325083e-01 
  392.000  5.352950e-01 
  393.000  5.400085e-01 
  394.000  5.432481e-01 
  395.000  5.463883e-01 
  396.000  5.503489e-01 
  397.000  5.539678e-01 
  398.000  5.564542e-01 
  399.000  5.599231e-01 
  400.000  5.628546e-01 
  401.000  5.667707e-01 
  402.000  5.703041e-01 
  403.000  5.739270e-01 
  404.000  5.763214e-01 
  405.000  5.796556e-01 
  406.000  5.828266e-01 
  407.000  5.869243e-01 
  408.000  5.889058e-01 
  409.000  5.918067e-01 
  410.000  5.949000e-01 
  411.000  5.983546e-01 
  412.000  6.019561e-01 
  413.000  6.038742e-01 
  414.000  6.075783e-01 
  415.000  6.104896e-01 
  416.000  6.142587e-01 
  417.000  6.164646e-01 
  418.000  6.189616e-01 
  419.000  6.225485e-01 
  420.000  6.249412e-01 
  421.000  6.277350e-01 
  422.000  6.300193e-01 
  423.000  6.331840e-01 
  424.000  6.355926e-01 
  425.000  6.392652e-01 
  426.000  6.420161e-01 
  427.000  6.445291e-01 
  428.000  6.468086e-01 
  429.000  6.501667e-01 
  430.000  6.529142e-01 
  431.000  6.539529e-01 
  432.000  6.578411e-01 
  433.000  6.605017e-01 
  434.000  6.622149e-01 
  435.000  6.639826e-01 
  436.000  6.671203e-01 
  437.000  6.712005e-01 
  438.000  6.732679e-01 
  439.000  6.736962e-01 
  440.000  6.767610e-01 
  441.000  6.794347e-01 
  442.000  6.826126e-01 
  443.000  6.842601e-01 
  444.000  6.863554e-01 
  445.000  6.872864e-01 
  446.000  6.902077e-01 
  447.000  6.931313e-01 
  448.000  6.931979e-01 
  449.000  6.971956e-01 
  450.000  7.004268e-01 
  451.000  7.023372e-01 
  452.000  7.039042e-01 
  453.000  7.062777e-01 
  454.000  7.095500e-01 
  455.000  7.106330e-01 
  456.000  7.124811e-01 
  457.000  7.146447e-01 
  458.000  7.159245e-01 
  459.000  7.178603e-01 
  460.000  7.189648e-01 
  461.000  7.209917e-01 
  462.000  7.238315e-01 
  463.000  7.239249e-01 
  464.000  7.267209e-01 
  465.000  7.286452e-01 
  466.000  7.321483e-01 
  467.000  7.331449e-01 
  468.000  7.351516e-01 
  469.000  7.368435e-01 
  470.000  7.386745e-01 
  471.000  7.404732e-01 
  472.000  7.412182e-01 
  473.000  7.416691e-01 
  474.000  7.405388e-01 
  475.000  7.407483e-01 
  476.000  7.413942e-01 
  477.000  7.420538e-01 
  478.000  7.429307e-01 
  479.000  7.447045e-01 
  480.000  7.468830e-01 
  481.000  7.507148e-01 
  482.000  7.538198e-01 
  483.000  7.566507e-01 
  484.000  7.580647e-01 
  485.000  7.592348e-01 
  486.000  7.602741e-01 
  487.000  7.626006e-01 
  488.000  7.637953e-01 
  489.000  7.647227e-01 
  490.000  7.673081e-01 
  491.000  7.688383e-01 
  492.000  7.701849e-01 
  493.000  7.715151e-01 
  494.000  7.723969e-01 
  495.000  7.734270e-01 
  496.000  7.740126e-01 
  497.000  7.751108e-01 
  498.000  7.758874e-01 
  499.000  7.768551e-01 
  500.000  7.775002e-01 
  501.000  7.773359e-01 
  502.000  7.765971e-01 
  503.000  7.757475e-01 
  504.000  7.749944e-01 
  505.000  7.760623e-01 
  506.000  7.778870e-01 
  507.000  7.789555e-01 
  508.000  7.812875e-01 
  509.000  7.826291e-01 
  510.000  7.844228e-01 
  511.000  7.859877e-01 
  512.000  7.870036e-01 
  513.000  7.891216e-01 
  514.000  7.900518e-01 
  515.000  7.917300e-01 
  516.000  7.923111e-01 
  517.000  7.934108e-01 
  518.000  7.936072e-01 
  519.000  7.942220e-01 
  520.000  7.945349e-01 
  521.000  7.952820e-01 
  522.000  7.954112e-01 
  523.000  7.956107e-01 
  524.000  7.957281e-01 
  525.000  7.951359e-01 
  526.000  7.947262e-01 
  527.000  7.944902e-01 
  528.000  7.938532e-01 
  529.000  7.934430e-01 
  530.000  7.930763e-01 
  531.000  7.933734e-01 
  532.000  7.936878e-01 
  533.000  7.943069e-01 
  534.000  7.951403e-01 
  535.000  7.956523e-01 
  536.000  7.965873e-01 
  537.000  7.975435e-01 
  538.000  7.980317e-01 
  539.000  7.983999e-01 
  540.000  7.992709e-01 
  541.000  7.986590e-01 
  542.000  7.990885e-01 
  543.000  8.000206e-01 
  544.000  8.006368e-01 
  545.000  8.001754e-01 
  546.000  8.003603e-01 
  547.000  8.017949e-01 
  548.000  8.030559e-01 
  549.000  8.033594e-01 
  550.000  8.040670e-01 
  551.000  8.047576e-01 
  552.000  8.050258e-01 
  553.000  8.053139e-01 
  554.000  8.057634e-01 
  555.000  8.060819e-01 
  556.000  8.055168e-01 
  557.000  8.046138e-01 
  558.000  8.038800e-01 
  559.000  8.028957e-01 
  560.000  8.020181e-01 
  561.000  8.013081e-01 
  562.000  8.007846e-01 
  563.000  7.999191e-01 
  564.000  7.990320e-01 
  565.000  7.982733e-01 
  566.000  7.978504e-01 
  567.000  7.969748e-01 
  568.000  7.957976e-01 
  569.000  7.918316e-01 
  570.000  7.897058e-01 
  571.000  7.901853e-01 
  572.000  7.880627e-01 
  573.000  7.882717e-01 
  574.000  7.868319e-01 
  575.000  7.869750e-01 
  576.000  7.872567e-01 
  577.000  7.880012e-01 
  578.000  7.906399e-01 
  579.000  7.927734e-01 
  580.000  7.946857e-01 
  581.000  7.978696e-01 
  582.000  8.008643e-01 
  583.000  8.034920e-01 
  584.000  8.072928e-01 
  585.000  8.085910e-01 
  586.000  8.103532e-01 
  587.000  8.107154e-01 
  588.000  8.108912e-01 
  589.000  8.014669e-01 
  590.000  8.020451e-01 
  591.000  8.057808e-01 
  592.000  7.982457e-01 
  593.000  8.105491e-01 
  594.000  8.047847e-01 
  595.000  8.086573e-01 
  596.000  8.102049e-01 
  597.000  8.100671e-01 
  598.000  8.101291e-01 
  599.000  8.120083e-01 
  600.000  8.120415e-01 
  601.000  8.138490e-01 
  602.000  8.153774e-01 
  603.000  8.161482e-01 
  604.000  8.169935e-01 
  605.000  8.177603e-01 
  606.000  8.195995e-01 
  607.000  8.210852e-01 
  608.000  8.230262e-01 
  609.000  8.238226e-01 
  610.000  8.254175e-01 
  611.000  8.266894e-01 
  612.000  8.285795e-01 
  613.000  8.301528e-01 
  614.000  8.312954e-01 
  615.000  8.326272e-01 
  616.000  8.345398e-01 
  617.000  8.359274e-01 
  618.000  8.368593e-01 
  619.000  8.382441e-01 
  620.000  8.394826e-01 
  621.000  8.403943e-01 
  622.000  8.408014e-01 
  623.000  8.417130e-01 
  624.000  8.420794e-01 
  625.000  8.425406e-01 
  626.000  8.427788e-01 
  627.000  8.428482e-01 
  628.000  8.182878e-01 
  629.000  8.298612e-01 
  630.000  8.358361e-01 
  631.000  8.441832e-01 
  632.000  8.471990e-01 
  633.000  8.496748e-01 
  634.000  8.529903e-01 
  635.000  8.539686e-01 
  636.000  8.572297e-01 
  637.000  8.609980e-01 
  638.000  8.635993e-01 
  639.000  8.660249e-01 
  640.000  8.675072e-01 
  641.000  8.699409e-01 
  642.000  8.716440e-01 
  643.000  8.723015e-01 
  644.000  8.738199e-01 
  645.000  8.748836e-01 
  646.000  8.730066e-01 
  647.000  8.698062e-01 
  648.000  8.663099e-01 
  649.000  8.711280e-01 
  650.000  8.798881e-01 
  651.000  8.812542e-01 
  652.000  8.799943e-01 
  653.000  8.831048e-01 
  654.000  8.845844e-01 
  655.000  8.765747e-01 
  656.000  8.832557e-01 
  657.000  8.855035e-01 
  658.000  8.894160e-01 
  659.000  8.920676e-01 
  660.000  8.922629e-01 
  661.000  8.942486e-01 
  662.000  8.945856e-01 
  663.000  8.955972e-01 
  664.000  8.966233e-01 
  665.000  8.976076e-01 
  666.000  8.986382e-01 
  667.000  9.001394e-01 
  668.000  9.008652e-01 
  669.000  9.020895e-01 
  670.000  9.027723e-01 
  671.000  9.042271e-01 
  672.000  9.045372e-01 
  673.000  9.057511e-01 
  674.000  9.062099e-01 
  675.000  9.074667e-01 
  676.000  9.078486e-01 
  677.000  9.085116e-01 
  678.000  9.095904e-01 
  679.000  9.101757e-01 
  680.000  9.113243e-01 
  681.000  9.117965e-01 
  682.000  9.133418e-01 
  683.000  9.135097e-01 
  684.000  9.149072e-01 
  685.000  9.157053e-01 
  686.000  9.165288e-01 
  687.000  6.028280e-01 
  688.000  7.722196e-01 
  689.000  8.123362e-01 
  690.000  8.446540e-01 
  691.000  8.647767e-01 
  692.000  9.009225e-01 
  693.000  8.938619e-01 
  694.000  8.835701e-01 
  695.000  9.030076e-01 
  696.000  8.980303e-01 
  697.000  9.220203e-01 
  698.000  9.216006e-01 
  699.000  9.117444e-01 
  700.000  9.135018e-01 
  701.000  9.059440e-01 
  702.000  9.100801e-01 
  703.000  9.138190e-01 
  704.000  9.164757e-01 
  705.000  9.176232e-01 
  706.000  9.217495e-01 
  707.000  9.250682e-01 
  708.000  9.275746e-01 
  709.000  9.280519e-01 
  710.000  9.272789e-01 
  711.000  9.304595e-01 
  712.000  9.291178e-01 
  713.000  9.317434e-01 
  714.000  9.299854e-01 
  715.000  9.255369e-01 
  716.000  9.267172e-01 
  717.000  9.055735e-01 
  718.000  8.481539e-01 
  719.000  7.986633e-01 
  720.000  8.570005e-01 
  721.000  9.191299e-01 
  722.000  9.178762e-01 
  723.000  9.149056e-01 
  724.000  8.400038e-01 
  725.000  8.637346e-01 
  726.000  8.976725e-01 
  727.000  8.828583e-01 
  728.000  8.567448e-01 
  729.000  8.721395e-01 
  730.000  9.028600e-01 
  731.000  8.861041e-01 
  732.000  8.958759e-01 
  733.000  9.214365e-01 
  734.000  9.348989e-01 
  735.000  9.259528e-01 
  736.000  9.324137e-01 
  737.000  9.327100e-01 
  738.000  9.367139e-01 
  739.000  9.380472e-01 
  740.000  9.429911e-01 
  741.000  9.457250e-01 
  742.000  9.464976e-01 
  743.000  9.465322e-01 
  744.000  9.474800e-01 
  745.000  9.480991e-01 
  746.000  9.488845e-01 
  747.000  9.492121e-01 
  748.000  9.495283e-01 
  749.000  9.497449e-01 
  750.000  9.501470e-01 
  751.000  9.503554e-01 
  752.000  9.513472e-01 
  753.000  9.516116e-01 
  754.000  9.519223e-01 
  755.000  9.522426e-01 
  756.000  9.524428e-01 
  757.000  9.528789e-01 
  758.000  9.535280e-01 
  759.000  9.413047e-01 
  760.000  2.901678e-01 
  761.000  1.840091e-01 
  762.000  5.843679e-01 
  763.000  4.731040e-01 
  764.000  5.466268e-01 
  765.000  6.872450e-01 
  766.000  8.205861e-01 
  767.000  8.715847e-01 
  768.000  9.315144e-01 
  769.000  9.475815e-01 
  770.000  9.472179e-01 
  771.000  9.544690e-01 
  772.000  9.568777e-01 
  773.000  9.570005e-01 
  774.000  9.570714e-01 
  775.000  9.571953e-01 
  776.000  9.573930e-01 
  777.000  9.576702e-01 
  778.000  9.578350e-01 
  779.000  9.580020e-01 
  780.000  9.581414e-01 
  781.000  9.586021e-01 
  782.000  9.589149e-01 
  783.000  9.591982e-01 
  784.000  9.590881e-01 
  785.000  9.589646e-01 
  786.000  9.573855e-01 
  787.000  9.575281e-01 
  788.000  9.539757e-01 
  789.000  9.541982e-01 
  790.000  9.480108e-01 
  791.000  9.488843e-01 
  792.000  9.517617e-01 
  793.000  9.536965e-01 
  794.000  9.618546e-01 
  795.000  9.592607e-01 
  796.000  9.420679e-01 
  797.000  9.547536e-01 
  798.000  9.561172e-01 
  799.000  9.588600e-01 
  800.000  9.516417e-01 
  801.000  9.482192e-01 
  802.000  9.531735e-01 
  803.000  9.522483e-01 
  804.000  9.519590e-01 
  805.000  9.552683e-01 
  806.000  9.617294e-01 
  807.000  9.579317e-01 
  808.000  9.619936e-01 
  809.000  9.558734e-01 
  810.000  9.527904e-01 
  811.000  9.539962e-01 
  812.000  9.473886e-01 
  813.000  9.343802e-01 
  814.000  9.115726e-01 
  815.000  8.843057e-01 
  816.000  9.053470e-01 
  817.000  8.104631e-01 
  818.000  8.775336e-01 
  819.000  9.055057e-01 
  820.000  8.694777e-01 
  821.000  9.527159e-01 
  822.000  9.417974e-01 
  823.000  7.826412e-01 
  824.000  9.273366e-01 
  825.000  9.471970e-01 
  826.000  9.264870e-01 
  827.000  9.463586e-01 
  828.000  8.926848e-01 
  829.000  9.343746e-01 
  830.000  9.247279e-01 
  831.000  9.295787e-01 
  832.000  9.290806e-01 
  833.000  9.449928e-01 
  834.000  9.448852e-01 
  835.000  9.537989e-01 
  836.000  9.548590e-01 
  837.000  9.545037e-01 
  838.000  9.605255e-01 
  839.000  9.635651e-01 
  840.000  9.644504e-01 
  841.000  9.644504e-01 
  842.000  9.592013e-01 
  843.000  9.692687e-01 
  844.000  9.633405e-01 
  845.000  9.682485e-01 
  846.000  9.695960e-01 
  847.000  9.705450e-01 
  848.000  9.694064e-01 
  849.000  9.700627e-01 
  850.000  9.701090e-01 
  851.000  9.705396e-01 
  852.000  9.728384e-01 
  853.000  9.733604e-01 
  854.000  9.730409e-01 
  855.000  9.730409e-01 
  856.000  9.735496e-01 
  857.000  9.747651e-01 
  858.000  9.738212e-01 
  859.000  9.745886e-01 
  860.000  9.752417e-01 
  861.000  9.750804e-01 
  862.000  9.754927e-01 
  863.000  9.753214e-01 
  864.000  9.758683e-01 
  865.000  9.758683e-01 
  866.000  9.759007e-01 
  867.000  9.760539e-01 
  868.000  9.760802e-01 
  869.000  9.761661e-01 
  870.000  9.763315e-01 
  871.000  9.764642e-01 
  872.000  9.766600e-01 
  873.000  9.766812e-01 
  874.000  9.766812e-01 
  875.000  9.769974e-01 
  876.000  9.770859e-01 
  877.000  9.771216e-01 
  878.000  9.771476e-01 
  879.000  9.771667e-01 
  880.000  9.775037e-01 
  881.000  9.775037e-01 
  882.000  9.770145e-01 
  883.000  9.772372e-01 
  884.000  9.774023e-01 
  885.000  9.776214e-01 
  886.000  9.741655e-01 
  887.000  9.775229e-01 
  888.000  9.775229e-01 
  889.000  9.767231e-01 
  890.000  9.748834e-01 
  891.000  9.777026e-01 
  892.000  9.745893e-01 
  893.000  9.662509e-01 
  894.000  9.662509e-01 
  895.000  9.469119e-01 
  896.000  9.289533e-01 
  897.000  8.500323e-01 
  898.000  9.249357e-01 
  899.000  7.835661e-01 
  900.000  7.835661e-01 
  901.000  8.162793e-01 
  902.000  8.452939e-01 
  903.000  8.786468e-01 
  904.000  9.538566e-01 
  905.000  9.432229e-01 
  906.000  9.432229e-01 
  907.000  8.602549e-01 
  908.000  8.398950e-01 
  909.000  8.502189e-01 
  910.000  8.321652e-01 
  911.000  8.321652e-01 
  912.000  9.145692e-01 
  913.000  8.731707e-01 
  914.000  8.459659e-01 
  915.000  8.056279e-01 
  916.000  8.056279e-01 
  917.000  9.110109e-01 
  918.000  8.247618e-01 
  919.000  8.926888e-01 
  920.000  9.521695e-01 
  921.000  9.521695e-01 
  922.000  9.361269e-01 
  923.000  9.349533e-01 
  924.000  9.190708e-01 
  925.000  9.190708e-01 
  926.000  9.270364e-01 
  927.000  9.333503e-01 
  928.000  8.434320e-01 
  929.000  8.250906e-01 
  930.000  8.250906e-01 
  931.000  6.996979e-01 
  932.000  5.298635e-01 
  933.000  5.552501e-01 
  934.000  5.552501e-01 
  935.000  5.091139e-01 
  936.000  4.793429e-01 
  937.000  4.660025e-01 
  938.000  4.660025e-01 
  939.000  6.054024e-01 
  940.000  7.328823e-01 
  941.000  6.839445e-01 
  942.000  6.839445e-01 
  943.000  5.882165e-01 
  944.000  5.978531e-01 
  945.000  6.754522e-01 
  946.000  6.754522e-01 
  947.000  5.996419e-01 
  948.000  6.185821e-01 
  949.000  6.823356e-01 
  950.000  6.823356e-01 
  951.000  6.951669e-01 
  952.000  5.948517e-01 
  953.000  7.272506e-01 
  954.000  7.272506e-01 
  955.000  7.235345e-01 
  956.000  6.201328e-01 
  957.000  7.713544e-01 
  958.000  7.713544e-01 
  959.000  6.746579e-01 
  960.000  7.515628e-01 
  961.000  7.515628e-01 
  962.000  7.811651e-01 
  963.000  8.369375e-01 
  964.000  7.456036e-01 
  965.000  7.456036e-01 
  966.000  8.102704e-01 
  967.000  8.865545e-01 
  968.000  8.865545e-01 
  969.000  9.038424e-01 
  970.000  9.364587e-01 
  971.000  9.477960e-01 
  972.000  9.477960e-01 
  973.000  9.339276e-01 
  974.000  8.675311e-01 
  975.000  8.675311e-01 
  976.000  8.513194e-01 
  977.000  9.178137e-01 
  978.000  9.082947e-01 
  979.000  9.082947e-01 
  980.000  9.090866e-01 
  981.000  9.628888e-01 
  982.000  9.628888e-01 
  983.000  9.465485e-01 
  984.000  9.610645e-01 
  985.000  9.610645e-01 
  986.000  9.790796e-01 
  987.000  9.722928e-01 
  988.000  9.722928e-01 
  989.000  9.827615e-01 
  990.000  9.785714e-01 
  991.000  9.785714e-01 
  992.000  9.814869e-01 
  993.000  9.809520e-01 
  994.000  9.809520e-01 
  995.000  9.853597e-01 
  996.000  9.854748e-01 
  997.000  9.854748e-01 
  998.000  9.855552e-01 
  999.000  9.852685e-01 
 1000.000  9.852685e-01 
 1001.000  9.855312e-01 
 1002.000  9.796577e-01 
 1003.000  9.796577e-01 
 1004.000  9.856335e-01 
 1005.000  9.859344e-01 
 1006.000  9.859344e-01 
 1007.000  9.861714e-01 
 1008.000  9.851091e-01 
 1009.000  9.851091e-01 
 1010.000  9.807557e-01 
 1011.000  9.863022e-01 
 1012.000  9.863022e-01 
 1013.000  9.865821e-01 
 1014.000  9.864831e-01 
 1015.000  9.864831e-01 
 1016.000  9.868125e-01 
 1017.000  9.865667e-01 
 1018.000  9.865667e-01 
 1019.000  9.862314e-01 
 1020.000  9.870814e-01 
 1021.000  9.870814e-01 
 1022.000  9.864202e-01 
 1023.000  9.864202e-01 
 1024.000  9.862671e-01 
 1025.000  9.872486e-01 
 1026.000  9.872486e-01 
 1027.000  9.868514e-01 
 1028.000  9.873701e-01 
 1029.000  9.873701e-01 
 1030.000  9.875974e-01 
 1031.000  9.875220e-01 
 1032.000  9.875220e-01 
 1033.000  9.875709e-01 
 1034.000  9.875709e-01 
 1035.000  9.876281e-01 
 1036.000  9.871100e-01 
 1037.000  9.871100e-01 
 1038.000  9.870704e-01 
 1039.000  9.865465e-01 
 1040.000  9.865465e-01 
 1041.000  9.861355e-01 
 1042.000  9.861355e-01 
 1043.000  9.856394e-01 
 1044.000  9.848624e-01 
 1045.000  9.848624e-01 
 1046.000  9.837814e-01 
 1047.000  9.837814e-01 
 1048.000  9.826939e-01 
 1049.000  9.804702e-01 
 1050.000  9.804702e-01 
 1051.000  9.795228e-01 
 1052.000  9.795228e-01 
 1053.000  9.780246e-01 
 1054.000  9.767481e-01 
 1055.000  9.767481e-01 
 1056.000  9.752499e-01 
 1057.000  9.752499e-01 
 1058.000  9.739288e-01 
 1059.000  9.726178e-01 
 1060.000  9.726178e-01 
 1061.000  9.717928e-01 
 1062.000  9.717928e-01 
 1063.000  9.703060e-01 
 1064.000  9.694297e-01 
 1065.000  9.694297e-01 
 1066.000  9.708772e-01 
 1067.000  9.708772e-01 
 1068.000  9.698994e-01 
 1069.000  9.713283e-01 
 1070.000  9.713283e-01 
 1071.000  9.732559e-01 
 1072.000  9.732559e-01 
 1073.000  9.746937e-01 
 1074.000  9.746937e-01 
 1075.000  9.723601e-01 
 1076.000  9.727698e-01 
 1077.000  9.727698e-01 
 1078.000  9.775791e-01 
 1079.000  9.775791e-01 
 1080.000  9.747536e-01 
 1081.000  9.747536e-01 
 1082.000  9.779274e-01 
 1083.000  9.755007e-01 
 1084.000  9.755007e-01 
 1085.000  9.700307e-01 
 1086.000  9.700307e-01 
 1087.000  9.794040e-01 
 1088.000  9.794040e-01 
 1089.000  9.757049e-01 
 1090.000  9.737432e-01 
 1091.000  9.737432e-01 
 1092.000  9.673623e-01 
 1093.000  9.673623e-01 
 1094.000  9.672694e-01 
 1095.000  9.672694e-01 
 1096.000  9.633954e-01 
 1097.000  9.633954e-01 
 1098.000  9.544021e-01 
 1099.000  9.224154e-01 
 1100.000  9.224154e-01 
 1101.000  9.233590e-01 
 1102.000  9.233590e-01 
 1103.000  9.107888e-01 
 1104.000  9.107888e-01 
 1105.000  9.008988e-01 
 1106.000  9.008988e-01 
 1107.000  8.994476e-01 
 1108.000  8.994476e-01 
 1109.000  8.748819e-01 
 1110.000  8.367425e-01 
 1111.000  8.367425e-01 
 1112.000  8.122123e-01 
 1113.000  8.122123e-01 
 1114.000  7.283826e-01 
 1115.000  7.283826e-01 
 1116.000  5.185212e-01 
 1117.000  5.185212e-01 
 1118.000  6.250368e-01 
 1119.000  6.250368e-01 
 1120.000  5.558212e-01 
 1121.000  5.558212e-01 
 1122.000  3.691224e-01 
 1123.000  5.851356e-01 
 1124.000  5.851356e-01 
 1125.000  4.143512e-01 
 1126.000  4.143512e-01 
 1127.000  4.787843e-01 
 1128.000  4.787843e-01 
 1129.000  4.797603e-01 
 1130.000  4.797603e-01 
 1131.000  7.359462e-01 
 1132.000  7.359462e-01 
 1133.000  4.806708e-01 
 1134.000  4.806708e-01 
 1135.000  2.913910e-01 
 1136.000  2.913910e-01 
 1137.000  7.416480e-01 
 1138.000  7.416480e-01 
 1139.000  6.880925e-01 
 1140.000  6.880925e-01 
 1141.000  6.732826e-01 
 1142.000  6.732826e-01 
 1143.000  7.117973e-01 
 1144.000  7.117973e-01 
 1145.000  5.225534e-01 
 1146.000  5.225534e-01 
 1147.000  5.049580e-01 
 1148.000  5.049580e-01 
 1149.000  6.118630e-01 
 1150.000  6.118630e-01 
 1151.000  7.040821e-01 
 1152.000  7.040821e-01 
 1153.000  6.551844e-01 
 1154.000  6.551844e-01 
 1155.000  7.009455e-01 
 1156.000  7.009455e-01 
 1157.000  7.699791e-01 
 1158.000  7.699791e-01 
 1159.000  8.576791e-01 
 1160.000  8.576791e-01 
 1161.000  8.404161e-01 
 1162.000  8.404161e-01 
 1163.000  8.916615e-01 
 1164.000  8.916615e-01 
 1165.000  8.739470e-01 
 1166.000  8.739470e-01 
 1167.000  9.130773e-01 
 1168.000  9.130773e-01 
 1169.000  9.248706e-01 
 1170.000  9.248706e-01 
 1171.000  9.323197e-01 
 1172.000  9.323197e-01 
 1173.000  8.730707e-01 
 1174.000  8.730707e-01 
 1175.000  9.656639e-01 
 1176.000  9.656639e-01 
 1177.000  9.092247e-01 
 1178.000  9.092247e-01 
 1179.000  9.504478e-01 
 1180.000  9.504478e-01 
 1181.000  8.659390e-01 
 1182.000  8.659390e-01 
 1183.000  9.295553e-01 
 1184.000  9.295553e-01 
 1185.000  9.495231e-01 
 1186.000  9.495231e-01 
 1187.000  8.782796e-01 
 1188.000  8.782796e-01 
 1189.000  8.782796e-01 
 1190.000  9.291734e-01 
 1191.000  9.291734e-01 
 1192.000  9.686174e-01 
 1193.000  9.686174e-01 
 1194.000  9.405034e-01 
 1195.000  9.405034e-01 
 1196.000  9.536857e-01 
 1197.000  9.536857e-01 
 1198.000  9.271708e-01 
 1199.000  9.271708e-01 
 1200.000  9.231095e-01 
