  250.000  0.000000e+00 
  251.000  0.000000e+00 
  252.000  0.000000e+00 
  253.000  0.000000e+00 
  254.000  0.000000e+00 
  255.000  0.000000e+00 
  256.000  0.000000e+00 
  257.000  0.000000e+00 
  258.000  0.000000e+00 
  259.000  0.000000e+00 
  260.000  0.000000e+00 
  261.000  0.000000e+00 
  262.000  0.000000e+00 
  263.000  0.000000e+00 
  264.000  0.000000e+00 
  265.000  0.000000e+00 
  266.000  0.000000e+00 
  267.000  0.000000e+00 
  268.000  0.000000e+00 
  269.000  0.000000e+00 
  270.000  0.000000e+00 
  271.000  0.000000e+00 
  272.000  0.000000e+00 
  273.000  0.000000e+00 
  274.000  0.000000e+00 
  275.000  0.000000e+00 
  276.000  0.000000e+00 
  277.000  0.000000e+00 
  278.000  0.000000e+00 
  279.000  0.000000e+00 
  280.000  0.000000e+00 
  281.000  0.000000e+00 
  282.000  0.000000e+00 
  283.000  0.000000e+00 
  284.000  0.000000e+00 
  285.000  0.000000e+00 
  286.000  0.000000e+00 
  287.000  0.000000e+00 
  288.000  0.000000e+00 
  289.000  0.000000e+00 
  290.000  0.000000e+00 
  291.000  3.534845e-13 
  292.000  1.840440e-11 
  293.000  1.913856e-10 
  294.000  2.722059e-09 
  295.000  1.507464e-08 
  296.000  1.665856e-07 
  297.000  7.042178e-07 
  298.000  3.942700e-06 
  299.000  1.276355e-05 
  300.000  4.309482e-05 
  301.000  1.168281e-04 
  302.000  2.679631e-04 
  303.000  7.252942e-04 
  304.000  1.049472e-03 
  305.000  2.357044e-03 
  306.000  3.699725e-03 
  307.000  6.444606e-03 
  308.000  9.183287e-03 
  309.000  1.277939e-02 
  310.000  1.971760e-02 
  311.000  2.345859e-02 
  312.000  3.016318e-02 
  313.000  3.932040e-02 
  314.000  4.366624e-02 
  315.000  5.678609e-02 
  316.000  6.067507e-02 
  317.000  7.219695e-02 
  318.000  7.950502e-02 
  319.000  1.001347e-01 
  320.000  8.705738e-02 
  321.000  1.193632e-01 
  322.000  1.062953e-01 
  323.000  1.222404e-01 
  324.000  1.462615e-01 
  325.000  1.297337e-01 
  326.000  1.544031e-01 
  327.000  1.628115e-01 
  328.000  1.501870e-01 
  329.000  1.798918e-01 
  330.000  1.856024e-01 
  331.000  1.732327e-01 
  332.000  1.948388e-01 
  333.000  1.999808e-01 
  334.000  1.972974e-01 
  335.000  2.117808e-01 
  336.000  2.180063e-01 
  337.000  2.147282e-01 
  338.000  2.245878e-01 
  339.000  2.319104e-01 
  340.000  2.312485e-01 
  341.000  2.395042e-01 
  342.000  2.454659e-01 
  343.000  2.494266e-01 
  344.000  2.486086e-01 
  345.000  2.577656e-01 
  346.000  2.625616e-01 
  347.000  2.667553e-01 
  348.000  2.711439e-01 
  349.000  2.764274e-01 
  350.000  2.806654e-01 
  351.000  2.855931e-01 
  352.000  2.896867e-01 
  353.000  2.946070e-01 
  354.000  2.981498e-01 
  355.000  3.020418e-01 
  356.000  3.069999e-01 
  357.000  3.102457e-01 
  358.000  3.138988e-01 
  359.000  3.175159e-01 
  360.000  3.210555e-01 
  361.000  3.247584e-01 
  362.000  3.304701e-01 
  363.000  3.353449e-01 
  364.000  3.402239e-01 
  365.000  3.443226e-01 
  366.000  3.489106e-01 
  367.000  3.532439e-01 
  368.000  3.573920e-01 
  369.000  3.608979e-01 
  370.000  3.650804e-01 
  371.000  3.695200e-01 
  372.000  3.731894e-01 
  373.000  3.777299e-01 
  374.000  3.820702e-01 
  375.000  3.856015e-01 
  376.000  3.892675e-01 
  377.000  3.934878e-01 
  378.000  3.967763e-01 
  379.000  4.003451e-01 
  380.000  4.037672e-01 
  381.000  4.075240e-01 
  382.000  4.125479e-01 
  383.000  4.176919e-01 
  384.000  4.212030e-01 
  385.000  4.257341e-01 
  386.000  4.293731e-01 
  387.000  4.336676e-01 
  388.000  4.370541e-01 
  389.000  4.405107e-01 
  390.000  4.448484e-01 
  391.000  4.484232e-01 
  392.000  4.514120e-01 
  393.000  4.564771e-01 
  394.000  4.599653e-01 
  395.000  4.633518e-01 
  396.000  4.676308e-01 
  397.000  4.715478e-01 
  398.000  4.742433e-01 
  399.000  4.780091e-01 
  400.000  4.811965e-01 
  401.000  4.854617e-01 
  402.000  4.893168e-01 
  403.000  4.932763e-01 
  404.000  4.958970e-01 
  405.000  4.995520e-01 
  406.000  5.030435e-01 
  407.000  5.075645e-01 
  408.000  5.097585e-01 
  409.000  5.129708e-01 
  410.000  5.163982e-01 
  411.000  5.202203e-01 
  412.000  5.242097e-01 
  413.000  5.263376e-01 
  414.000  5.304511e-01 
  415.000  5.336894e-01 
  416.000  5.378908e-01 
  417.000  5.403537e-01 
  418.000  5.431449e-01 
  419.000  5.471594e-01 
  420.000  5.498416e-01 
  421.000  5.529850e-01 
  422.000  5.555585e-01 
  423.000  5.591258e-01 
  424.000  5.618479e-01 
  425.000  5.659961e-01 
  426.000  5.690989e-01 
  427.000  5.719373e-01 
  428.000  5.745144e-01 
  429.000  5.783147e-01 
  430.000  5.814293e-01 
  431.000  5.826144e-01 
  432.000  5.870377e-01 
  433.000  5.900719e-01 
  434.000  5.920293e-01 
  435.000  5.940542e-01 
  436.000  5.976472e-01 
  437.000  6.023287e-01 
  438.000  6.047072e-01 
  439.000  6.052197e-01 
  440.000  6.087460e-01 
  441.000  6.118178e-01 
  442.000  6.154789e-01 
  443.000  6.173812e-01 
  444.000  6.198053e-01 
  445.000  6.208879e-01 
  446.000  6.242588e-01 
  447.000  6.276406e-01 
  448.000  6.277300e-01 
  449.000  6.323539e-01 
  450.000  6.361004e-01 
  451.000  6.383303e-01 
  452.000  6.401613e-01 
  453.000  6.429378e-01 
  454.000  6.467625e-01 
  455.000  6.480381e-01 
  456.000  6.502661e-01 
  457.000  6.528606e-01 
  458.000  6.544678e-01 
  459.000  6.567820e-01 
  460.000  6.581538e-01 
  461.000  6.605225e-01 
  462.000  6.638424e-01 
  463.000  6.639587e-01 
  464.000  6.672308e-01 
  465.000  6.694849e-01 
  466.000  6.736145e-01 
  467.000  6.748043e-01 
  468.000  6.771781e-01 
  469.000  6.791796e-01 
  470.000  6.813588e-01 
  471.000  6.835257e-01 
  472.000  6.844509e-01 
  473.000  6.850318e-01 
  474.000  6.837485e-01 
  475.000  6.840615e-01 
  476.000  6.849815e-01 
  477.000  6.858788e-01 
  478.000  6.870044e-01 
  479.000  6.892182e-01 
  480.000  6.919364e-01 
  481.000  6.965593e-01 
  482.000  7.003177e-01 
  483.000  7.037613e-01 
  484.000  7.055171e-01 
  485.000  7.069738e-01 
  486.000  7.081999e-01 
  487.000  7.109479e-01 
  488.000  7.123551e-01 
  489.000  7.134459e-01 
  490.000  7.165163e-01 
  491.000  7.183718e-01 
  492.000  7.200303e-01 
  493.000  7.216750e-01 
  494.000  7.227799e-01 
  495.000  7.240502e-01 
  496.000  7.249399e-01 
  497.000  7.264605e-01 
  498.000  7.275732e-01 
  499.000  7.289701e-01 
  500.000  7.299598e-01 
  501.000  7.299559e-01 
  502.000  7.293969e-01 
  503.000  7.286448e-01 
  504.000  7.279089e-01 
  505.000  7.295164e-01 
  506.000  7.316775e-01 
  507.000  7.329302e-01 
  508.000  7.357186e-01 
  509.000  7.372981e-01 
  510.000  7.394165e-01 
  511.000  7.412980e-01 
  512.000  7.425414e-01 
  513.000  7.450974e-01 
  514.000  7.462375e-01 
  515.000  7.482647e-01 
  516.000  7.490823e-01 
  517.000  7.505593e-01 
  518.000  7.508733e-01 
  519.000  7.517661e-01 
  520.000  7.522291e-01 
  521.000  7.533987e-01 
  522.000  7.536857e-01 
  523.000  7.541040e-01 
  524.000  7.544705e-01 
  525.000  7.539177e-01 
  526.000  7.538071e-01 
  527.000  7.538706e-01 
  528.000  7.534311e-01 
  529.000  7.532722e-01 
  530.000  7.530672e-01 
  531.000  7.536046e-01 
  532.000  7.541125e-01 
  533.000  7.549579e-01 
  534.000  7.561314e-01 
  535.000  7.568356e-01 
  536.000  7.580879e-01 
  537.000  7.593739e-01 
  538.000  7.600240e-01 
  539.000  7.605705e-01 
  540.000  7.617306e-01 
  541.000  7.611113e-01 
  542.000  7.617646e-01 
  543.000  7.630134e-01 
  544.000  7.639008e-01 
  545.000  7.634715e-01 
  546.000  7.637612e-01 
  547.000  7.655782e-01 
  548.000  7.672148e-01 
  549.000  7.676200e-01 
  550.000  7.685733e-01 
  551.000  7.695117e-01 
  552.000  7.699772e-01 
  553.000  7.704837e-01 
  554.000  7.711667e-01 
  555.000  7.717198e-01 
  556.000  7.713404e-01 
  557.000  7.705978e-01 
  558.000  7.700204e-01 
  559.000  7.692840e-01 
  560.000  7.685682e-01 
  561.000  7.680003e-01 
  562.000  7.676238e-01 
  563.000  7.668611e-01 
  564.000  7.660732e-01 
  565.000  7.654124e-01 
  566.000  7.651621e-01 
  567.000  7.643065e-01 
  568.000  7.630783e-01 
  569.000  7.585902e-01 
  570.000  7.562572e-01 
  571.000  7.568972e-01 
  572.000  7.543328e-01 
  573.000  7.546595e-01 
  574.000  7.529373e-01 
  575.000  7.531667e-01 
  576.000  7.533513e-01 
  577.000  7.541432e-01 
  578.000  7.571975e-01 
  579.000  7.596595e-01 
  580.000  7.618983e-01 
  581.000  7.656370e-01 
  582.000  7.691509e-01 
  583.000  7.722433e-01 
  584.000  7.766948e-01 
  585.000  7.782039e-01 
  586.000  7.804034e-01 
  587.000  7.808816e-01 
  588.000  7.811547e-01 
  589.000  7.697774e-01 
  590.000  7.704782e-01 
  591.000  7.751727e-01 
  592.000  7.661862e-01 
  593.000  7.812440e-01 
  594.000  7.743963e-01 
  595.000  7.792616e-01 
  596.000  7.813624e-01 
  597.000  7.812715e-01 
  598.000  7.815616e-01 
  599.000  7.840620e-01 
  600.000  7.843044e-01 
  601.000  7.865342e-01 
  602.000  7.883600e-01 
  603.000  7.892781e-01 
  604.000  7.902950e-01 
  605.000  7.912010e-01 
  606.000  7.932214e-01 
  607.000  7.948530e-01 
  608.000  7.969721e-01 
  609.000  7.978427e-01 
  610.000  7.995837e-01 
  611.000  8.009682e-01 
  612.000  8.029928e-01 
  613.000  8.047184e-01 
  614.000  8.059593e-01 
  615.000  8.074079e-01 
  616.000  8.094360e-01 
  617.000  8.108993e-01 
  618.000  8.118843e-01 
  619.000  8.133311e-01 
  620.000  8.145577e-01 
  621.000  8.154392e-01 
  622.000  8.158321e-01 
  623.000  8.166236e-01 
  624.000  8.169200e-01 
  625.000  8.173104e-01 
  626.000  8.174151e-01 
  627.000  8.173329e-01 
  628.000  7.872571e-01 
  629.000  8.020821e-01 
  630.000  8.083857e-01 
  631.000  8.184330e-01 
  632.000  8.219832e-01 
  633.000  8.248556e-01 
  634.000  8.286673e-01 
  635.000  8.298163e-01 
  636.000  8.334607e-01 
  637.000  8.376987e-01 
  638.000  8.406944e-01 
  639.000  8.433974e-01 
  640.000  8.450618e-01 
  641.000  8.478112e-01 
  642.000  8.498518e-01 
  643.000  8.505728e-01 
  644.000  8.523719e-01 
  645.000  8.535509e-01 
  646.000  8.510991e-01 
  647.000  8.469887e-01 
  648.000  8.426320e-01 
  649.000  8.483433e-01 
  650.000  8.589541e-01 
  651.000  8.605722e-01 
  652.000  8.588207e-01 
  653.000  8.625724e-01 
  654.000  8.641142e-01 
  655.000  8.542163e-01 
  656.000  8.622522e-01 
  657.000  8.649202e-01 
  658.000  8.695804e-01 
  659.000  8.726956e-01 
  660.000  8.728626e-01 
  661.000  8.751390e-01 
  662.000  8.755029e-01 
  663.000  8.765618e-01 
  664.000  8.777525e-01 
  665.000  8.788565e-01 
  666.000  8.800030e-01 
  667.000  8.816846e-01 
  668.000  8.824807e-01 
  669.000  8.838445e-01 
  670.000  8.846028e-01 
  671.000  8.862363e-01 
  672.000  8.865888e-01 
  673.000  8.879452e-01 
  674.000  8.884706e-01 
  675.000  8.898804e-01 
  676.000  8.903138e-01 
  677.000  8.910544e-01 
  678.000  8.922780e-01 
  679.000  8.929297e-01 
  680.000  8.942205e-01 
  681.000  8.947312e-01 
  682.000  8.964497e-01 
  683.000  8.965695e-01 
  684.000  8.981116e-01 
  685.000  8.990573e-01 
  686.000  8.999397e-01 
  687.000  5.566461e-01 
  688.000  7.286324e-01 
  689.000  7.759639e-01 
  690.000  8.121346e-01 
  691.000  8.373812e-01 
  692.000  8.801861e-01 
  693.000  8.715429e-01 
  694.000  8.588519e-01 
  695.000  8.825883e-01 
  696.000  8.765908e-01 
  697.000  9.058008e-01 
  698.000  9.052158e-01 
  699.000  8.930015e-01 
  700.000  8.950427e-01 
  701.000  8.855963e-01 
  702.000  8.906751e-01 
  703.000  8.952795e-01 
  704.000  8.985174e-01 
  705.000  8.998267e-01 
  706.000  9.048787e-01 
  707.000  9.089468e-01 
  708.000  9.120214e-01 
  709.000  9.125594e-01 
  710.000  9.115561e-01 
  711.000  9.154320e-01 
  712.000  9.137222e-01 
  713.000  9.169247e-01 
  714.000  9.147058e-01 
  715.000  9.090679e-01 
  716.000  9.104939e-01 
  717.000  8.842427e-01 
  718.000  8.166074e-01 
  719.000  7.658620e-01 
  720.000  8.254517e-01 
  721.000  9.008397e-01 
  722.000  8.993118e-01 
  723.000  8.955975e-01 
  724.000  8.093650e-01 
  725.000  8.334877e-01 
  726.000  8.742907e-01 
  727.000  8.563678e-01 
  728.000  8.251289e-01 
  729.000  8.430746e-01 
  730.000  8.805835e-01 
  731.000  8.600665e-01 
  732.000  8.718869e-01 
  733.000  9.033130e-01 
  734.000  9.199473e-01 
  735.000  9.088254e-01 
  736.000  9.168094e-01 
  737.000  9.171439e-01 
  738.000  9.220936e-01 
  739.000  9.237508e-01 
  740.000  9.299018e-01 
  741.000  9.333160e-01 
  742.000  9.342325e-01 
  743.000  9.342565e-01 
  744.000  9.354276e-01 
  745.000  9.361854e-01 
  746.000  9.371226e-01 
  747.000  9.374911e-01 
  748.000  9.378685e-01 
  749.000  9.381160e-01 
  750.000  9.385848e-01 
  751.000  9.388182e-01 
  752.000  9.399793e-01 
  753.000  9.402866e-01 
  754.000  9.406393e-01 
  755.000  9.410024e-01 
  756.000  9.412318e-01 
  757.000  9.417607e-01 
  758.000  9.425234e-01 
  759.000  9.274141e-01 
  760.000  2.377217e-01 
  761.000  1.307322e-01 
  762.000  5.361695e-01 
  763.000  4.167420e-01 
  764.000  4.948120e-01 
  765.000  6.451159e-01 
  766.000  7.876789e-01 
  767.000  8.433538e-01 
  768.000  9.155651e-01 
  769.000  9.349112e-01 
  770.000  9.345757e-01 
  771.000  9.435660e-01 
  772.000  9.466197e-01 
  773.000  9.467814e-01 
  774.000  9.468763e-01 
  775.000  9.470370e-01 
  776.000  9.472912e-01 
  777.000  9.476460e-01 
  778.000  9.478570e-01 
  779.000  9.480715e-01 
  780.000  9.482508e-01 
  781.000  9.487929e-01 
  782.000  9.491503e-01 
  783.000  9.494868e-01 
  784.000  9.493265e-01 
  785.000  9.491467e-01 
  786.000  9.471381e-01 
  787.000  9.472777e-01 
  788.000  9.428272e-01 
  789.000  9.430645e-01 
  790.000  9.353453e-01 
  791.000  9.364021e-01 
  792.000  9.399545e-01 
  793.000  9.423919e-01 
  794.000  9.524958e-01 
  795.000  9.492097e-01 
  796.000  9.277768e-01 
  797.000  9.435451e-01 
  798.000  9.452412e-01 
  799.000  9.486527e-01 
  800.000  9.396399e-01 
  801.000  9.353773e-01 
  802.000  9.415419e-01 
  803.000  9.403963e-01 
  804.000  9.400524e-01 
  805.000  9.442035e-01 
  806.000  9.523072e-01 
  807.000  9.475690e-01 
  808.000  9.526753e-01 
  809.000  9.450111e-01 
  810.000  9.411515e-01 
  811.000  9.426539e-01 
  812.000  9.344005e-01 
  813.000  9.183645e-01 
  814.000  8.903667e-01 
  815.000  8.587620e-01 
  816.000  8.832904e-01 
  817.000  7.762298e-01 
  818.000  8.525882e-01 
  819.000  8.832831e-01 
  820.000  8.441031e-01 
  821.000  9.409996e-01 
  822.000  9.273880e-01 
  823.000  7.449375e-01 
  824.000  9.094592e-01 
  825.000  9.341787e-01 
  826.000  9.087026e-01 
  827.000  9.330951e-01 
  828.000  8.680127e-01 
  829.000  9.183826e-01 
  830.000  9.066610e-01 
  831.000  9.125165e-01 
  832.000  9.118283e-01 
  833.000  9.312520e-01 
  834.000  9.313127e-01 
  835.000  9.422662e-01 
  836.000  9.436436e-01 
  837.000  9.431611e-01 
  838.000  9.506575e-01 
  839.000  9.544855e-01 
  840.000  9.556013e-01 
  841.000  9.556013e-01 
  842.000  9.490250e-01 
  843.000  9.616644e-01 
  844.000  9.542218e-01 
  845.000  9.603807e-01 
  846.000  9.620864e-01 
  847.000  9.632850e-01 
  848.000  9.618514e-01 
  849.000  9.626827e-01 
  850.000  9.625958e-01 
  851.000  9.626861e-01 
  852.000  9.655596e-01 
  853.000  9.662192e-01 
  854.000  9.658178e-01 
  855.000  9.658178e-01 
  856.000  9.664581e-01 
  857.000  9.679941e-01 
  858.000  9.668012e-01 
  859.000  9.677711e-01 
  860.000  9.685963e-01 
  861.000  9.683926e-01 
  862.000  9.689137e-01 
  863.000  9.686972e-01 
  864.000  9.693885e-01 
  865.000  9.693885e-01 
  866.000  9.694294e-01 
  867.000  9.696232e-01 
  868.000  9.696562e-01 
  869.000  9.697651e-01 
  870.000  9.699742e-01 
  871.000  9.701420e-01 
  872.000  9.703897e-01 
  873.000  9.704165e-01 
  874.000  9.704165e-01 
  875.000  9.708161e-01 
  876.000  9.709283e-01 
  877.000  9.709734e-01 
  878.000  9.710063e-01 
  879.000  9.710305e-01 
  880.000  9.714566e-01 
  881.000  9.714566e-01 
  882.000  9.708378e-01 
  883.000  9.711196e-01 
  884.000  9.713282e-01 
  885.000  9.716055e-01 
  886.000  9.672470e-01 
  887.000  9.714807e-01 
  888.000  9.714807e-01 
  889.000  9.704696e-01 
  890.000  9.681550e-01 
  891.000  9.717084e-01 
  892.000  9.677749e-01 
  893.000  9.572846e-01 
  894.000  9.572846e-01 
  895.000  9.337325e-01 
  896.000  9.115986e-01 
  897.000  8.213881e-01 
  898.000  9.065034e-01 
  899.000  7.513688e-01 
  900.000  7.513688e-01 
  901.000  7.878880e-01 
  902.000  8.191296e-01 
  903.000  8.566302e-01 
  904.000  9.419441e-01 
  905.000  9.291682e-01 
  906.000  9.291682e-01 
  907.000  8.321108e-01 
  908.000  8.128218e-01 
  909.000  8.214955e-01 
  910.000  7.999027e-01 
  911.000  7.999027e-01 
  912.000  8.937291e-01 
  913.000  8.458443e-01 
  914.000  8.159738e-01 
  915.000  7.728133e-01 
  916.000  7.728133e-01 
  917.000  8.889677e-01 
  918.000  7.931276e-01 
  919.000  8.704919e-01 
  920.000  9.397610e-01 
  921.000  9.397610e-01 
  922.000  9.200268e-01 
  923.000  9.186029e-01 
  924.000  8.988293e-01 
  925.000  8.988293e-01 
  926.000  9.086742e-01 
  927.000  9.164123e-01 
  928.000  8.098577e-01 
  929.000  7.882043e-01 
  930.000  7.882043e-01 
  931.000  6.576630e-01 
  932.000  4.833935e-01 
  933.000  5.003721e-01 
  934.000  5.003721e-01 
  935.000  4.617306e-01 
  936.000  4.328274e-01 
  937.000  4.097095e-01 
  938.000  4.097095e-01 
  939.000  5.572539e-01 
  940.000  6.907349e-01 
  941.000  6.401245e-01 
  942.000  6.401245e-01 
  943.000  5.443394e-01 
  944.000  5.549406e-01 
  945.000  6.267381e-01 
  946.000  6.267381e-01 
  947.000  5.539677e-01 
  948.000  5.734835e-01 
  949.000  6.407956e-01 
  950.000  6.407956e-01 
  951.000  6.576789e-01 
  952.000  5.446095e-01 
  953.000  6.845993e-01 
  954.000  6.845993e-01 
  955.000  6.826846e-01 
  956.000  5.741594e-01 
  957.000  7.344272e-01 
  958.000  7.344272e-01 
  959.000  6.252806e-01 
  960.000  7.067335e-01 
  961.000  7.067335e-01 
  962.000  7.464372e-01 
  963.000  8.031772e-01 
  964.000  7.048709e-01 
  965.000  7.048709e-01 
  966.000  7.769444e-01 
  967.000  8.624059e-01 
  968.000  8.624059e-01 
  969.000  8.824973e-01 
  970.000  9.204380e-01 
  971.000  9.344777e-01 
  972.000  9.344777e-01 
  973.000  9.172178e-01 
  974.000  8.398049e-01 
  975.000  8.398049e-01 
  976.000  8.234292e-01 
  977.000  8.994343e-01 
  978.000  8.882954e-01 
  979.000  8.882954e-01 
  980.000  8.890444e-01 
  981.000  9.531354e-01 
  982.000  9.531354e-01 
  983.000  9.335601e-01 
  984.000  9.509105e-01 
  985.000  9.509105e-01 
  986.000  9.734648e-01 
  987.000  9.649320e-01 
  988.000  9.649320e-01 
  989.000  9.781151e-01 
  990.000  9.728275e-01 
  991.000  9.728275e-01 
  992.000  9.765086e-01 
  993.000  9.758321e-01 
  994.000  9.758321e-01 
  995.000  9.814042e-01 
  996.000  9.815502e-01 
  997.000  9.815502e-01 
  998.000  9.816520e-01 
  999.000  9.812884e-01 
 1000.000  9.812884e-01 
 1001.000  9.816218e-01 
 1002.000  9.742173e-01 
 1003.000  9.742173e-01 
 1004.000  9.817511e-01 
 1005.000  9.821329e-01 
 1006.000  9.821329e-01 
 1007.000  9.824331e-01 
 1008.000  9.810866e-01 
 1009.000  9.810866e-01 
 1010.000  9.756001e-01 
 1011.000  9.825991e-01 
 1012.000  9.825991e-01 
 1013.000  9.829541e-01 
 1014.000  9.828284e-01 
 1015.000  9.828284e-01 
 1016.000  9.832462e-01 
 1017.000  9.829344e-01 
 1018.000  9.829344e-01 
 1019.000  9.825094e-01 
 1020.000  9.835871e-01 
 1021.000  9.835871e-01 
 1022.000  9.827487e-01 
 1023.000  9.827487e-01 
 1024.000  9.825545e-01 
 1025.000  9.837992e-01 
 1026.000  9.837992e-01 
 1027.000  9.832953e-01 
 1028.000  9.839533e-01 
 1029.000  9.839533e-01 
 1030.000  9.842415e-01 
 1031.000  9.841458e-01 
 1032.000  9.841458e-01 
 1033.000  9.842080e-01 
 1034.000  9.842080e-01 
 1035.000  9.842808e-01 
 1036.000  9.836234e-01 
 1037.000  9.836234e-01 
 1038.000  9.835732e-01 
 1039.000  9.829087e-01 
 1040.000  9.829087e-01 
 1041.000  9.823877e-01 
 1042.000  9.823877e-01 
 1043.000  9.817588e-01 
 1044.000  9.807740e-01 
 1045.000  9.807740e-01 
 1046.000  9.794039e-01 
 1047.000  9.794039e-01 
 1048.000  9.780264e-01 
 1049.000  9.752104e-01 
 1050.000  9.752104e-01 
 1051.000  9.740112e-01 
 1052.000  9.740112e-01 
 1053.000  9.721156e-01 
 1054.000  9.705011e-01 
 1055.000  9.705011e-01 
 1056.000  9.686068e-01 
 1057.000  9.686068e-01 
 1058.000  9.669373e-01 
 1059.000  9.652809e-01 
 1060.000  9.652809e-01 
 1061.000  9.642392e-01 
 1062.000  9.642392e-01 
 1063.000  9.623616e-01 
 1064.000  9.612558e-01 
 1065.000  9.612558e-01 
 1066.000  9.630826e-01 
 1067.000  9.630826e-01 
 1068.000  9.618484e-01 
 1069.000  9.636526e-01 
 1070.000  9.636526e-01 
 1071.000  9.660870e-01 
 1072.000  9.660870e-01 
 1073.000  9.679038e-01 
 1074.000  9.679038e-01 
 1075.000  9.649848e-01 
 1076.000  9.655092e-01 
 1077.000  9.655092e-01 
 1078.000  9.715621e-01 
 1079.000  9.715621e-01 
 1080.000  9.680181e-01 
 1081.000  9.680181e-01 
 1082.000  9.720143e-01 
 1083.000  9.689765e-01 
 1084.000  9.689765e-01 
 1085.000  9.620959e-01 
 1086.000  9.620959e-01 
 1087.000  9.739006e-01 
 1088.000  9.739006e-01 
 1089.000  9.692683e-01 
 1090.000  9.668395e-01 
 1091.000  9.668395e-01 
 1092.000  9.588256e-01 
 1093.000  9.588256e-01 
 1094.000  9.586855e-01 
 1095.000  9.586855e-01 
 1096.000  9.538533e-01 
 1097.000  9.538533e-01 
 1098.000  9.426276e-01 
 1099.000  9.040785e-01 
 1100.000  9.040785e-01 
 1101.000  9.053406e-01 
 1102.000  9.053406e-01 
 1103.000  8.901220e-01 
 1104.000  8.901220e-01 
 1105.000  8.781707e-01 
 1106.000  8.781707e-01 
 1107.000  8.766857e-01 
 1108.000  8.766857e-01 
 1109.000  8.472812e-01 
 1110.000  8.079975e-01 
 1111.000  8.079975e-01 
 1112.000  7.769349e-01 
 1113.000  7.769349e-01 
 1114.000  6.944714e-01 
 1115.000  6.944714e-01 
 1116.000  4.720547e-01 
 1117.000  4.720547e-01 
 1118.000  5.804111e-01 
 1119.000  5.804111e-01 
 1120.000  5.049515e-01 
 1121.000  5.049515e-01 
 1122.000  3.197672e-01 
 1123.000  5.414411e-01 
 1124.000  5.414411e-01 
 1125.000  3.605281e-01 
 1126.000  3.605281e-01 
 1127.000  4.231713e-01 
 1128.000  4.231713e-01 
 1129.000  4.207436e-01 
 1130.000  4.207436e-01 
 1131.000  6.939526e-01 
 1132.000  6.939526e-01 
 1133.000  4.223479e-01 
 1134.000  4.223479e-01 
 1135.000  2.515326e-01 
 1136.000  2.515326e-01 
 1137.000  6.965982e-01 
 1138.000  6.965982e-01 
 1139.000  6.477234e-01 
 1140.000  6.477234e-01 
 1141.000  6.329378e-01 
 1142.000  6.329378e-01 
 1143.000  6.660156e-01 
 1144.000  6.660156e-01 
 1145.000  4.684862e-01 
 1146.000  4.684862e-01 
 1147.000  4.509958e-01 
 1148.000  4.509958e-01 
 1149.000  5.654896e-01 
 1150.000  5.654896e-01 
 1151.000  6.612422e-01 
 1152.000  6.612422e-01 
 1153.000  6.131574e-01 
 1154.000  6.131574e-01 
 1155.000  6.605201e-01 
 1156.000  6.605201e-01 
 1157.000  7.361897e-01 
 1158.000  7.361897e-01 
 1159.000  8.267949e-01 
 1160.000  8.267949e-01 
 1161.000  8.066961e-01 
 1162.000  8.066961e-01 
 1163.000  8.688044e-01 
 1164.000  8.688044e-01 
 1165.000  8.471312e-01 
 1166.000  8.471312e-01 
 1167.000  8.933656e-01 
 1168.000  8.933656e-01 
 1169.000  9.069541e-01 
 1170.000  9.069541e-01 
 1171.000  9.164901e-01 
 1172.000  9.164901e-01 
 1173.000  8.456081e-01 
 1174.000  8.456081e-01 
 1175.000  9.566603e-01 
 1176.000  9.566603e-01 
 1177.000  8.890420e-01 
 1178.000  8.890420e-01 
 1179.000  9.387205e-01 
 1180.000  9.387205e-01 
 1181.000  8.396220e-01 
 1182.000  8.396220e-01 
 1183.000  9.136377e-01 
 1184.000  9.136377e-01 
 1185.000  9.366680e-01 
 1186.000  9.366680e-01 
 1187.000  8.570544e-01 
 1188.000  8.570544e-01 
 1189.000  8.570544e-01 
 1190.000  9.137061e-01 
 1191.000  9.137061e-01 
 1192.000  9.603794e-01 
 1193.000  9.603794e-01 
 1194.000  9.270303e-01 
 1195.000  9.270303e-01 
 1196.000  9.417509e-01 
 1197.000  9.417509e-01 
 1198.000  9.102623e-01 
 1199.000  9.102623e-01 
 1200.000  9.063351e-01 
