  250.000  0.000000e+00 
  251.000  0.000000e+00 
  252.000  0.000000e+00 
  253.000  0.000000e+00 
  254.000  0.000000e+00 
  255.000  0.000000e+00 
  256.000  0.000000e+00 
  257.000  0.000000e+00 
  258.000  0.000000e+00 
  259.000  0.000000e+00 
  260.000  0.000000e+00 
  261.000  0.000000e+00 
  262.000  0.000000e+00 
  263.000  0.000000e+00 
  264.000  0.000000e+00 
  265.000  0.000000e+00 
  266.000  0.000000e+00 
  267.000  0.000000e+00 
  268.000  0.000000e+00 
  269.000  0.000000e+00 
  270.000  0.000000e+00 
  271.000  0.000000e+00 
  272.000  0.000000e+00 
  273.000  0.000000e+00 
  274.000  0.000000e+00 
  275.000  0.000000e+00 
  276.000  0.000000e+00 
  277.000  0.000000e+00 
  278.000  0.000000e+00 
  279.000  0.000000e+00 
  280.000  0.000000e+00 
  281.000  0.000000e+00 
  282.000  0.000000e+00 
  283.000  0.000000e+00 
  284.000  0.000000e+00 
  285.000  0.000000e+00 
  286.000  0.000000e+00 
  287.000  0.000000e+00 
  288.000  0.000000e+00 
  289.000  0.000000e+00 
  290.000  0.000000e+00 
  291.000  0.000000e+00 
  292.000  6.168166e-09 
  293.000  3.776582e-08 
  294.000  2.948024e-07 
  295.000  1.107967e-06 
  296.000  7.112187e-06 
  297.000  2.168138e-05 
  298.000  8.214780e-05 
  299.000  2.035269e-04 
  300.000  5.212468e-04 
  301.000  1.126020e-03 
  302.000  2.135919e-03 
  303.000  4.608924e-03 
  304.000  6.119223e-03 
  305.000  1.142584e-02 
  306.000  1.615231e-02 
  307.000  2.476685e-02 
  308.000  3.249845e-02 
  309.000  4.187053e-02 
  310.000  5.844095e-02 
  311.000  6.668042e-02 
  312.000  8.083857e-02 
  313.000  9.901670e-02 
  314.000  1.071061e-01 
  315.000  1.309573e-01 
  316.000  1.375401e-01 
  317.000  1.569771e-01 
  318.000  1.687251e-01 
  319.000  2.013251e-01 
  320.000  1.801594e-01 
  321.000  2.296124e-01 
  322.000  2.093397e-01 
  323.000  2.328113e-01 
  324.000  2.669000e-01 
  325.000  2.426974e-01 
  326.000  2.772025e-01 
  327.000  2.882462e-01 
  328.000  2.701206e-01 
  329.000  3.100747e-01 
  330.000  3.170585e-01 
  331.000  2.999482e-01 
  332.000  3.279340e-01 
  333.000  3.340144e-01 
  334.000  3.298729e-01 
  335.000  3.478625e-01 
  336.000  3.550911e-01 
  337.000  3.502983e-01 
  338.000  3.620364e-01 
  339.000  3.705249e-01 
  340.000  3.691429e-01 
  341.000  3.786872e-01 
  342.000  3.853156e-01 
  343.000  3.894458e-01 
  344.000  3.879144e-01 
  345.000  3.982463e-01 
  346.000  4.033918e-01 
  347.000  4.076808e-01 
  348.000  4.122949e-01 
  349.000  4.178305e-01 
  350.000  4.221740e-01 
  351.000  4.272537e-01 
  352.000  4.313999e-01 
  353.000  4.363585e-01 
  354.000  4.399123e-01 
  355.000  4.438010e-01 
  356.000  4.487315e-01 
  357.000  4.519454e-01 
  358.000  4.555497e-01 
  359.000  4.591052e-01 
  360.000  4.625720e-01 
  361.000  4.661854e-01 
  362.000  4.717335e-01 
  363.000  4.764443e-01 
  364.000  4.811371e-01 
  365.000  4.850628e-01 
  366.000  4.894393e-01 
  367.000  4.935558e-01 
  368.000  4.974813e-01 
  369.000  5.007877e-01 
  370.000  5.047185e-01 
  371.000  5.088754e-01 
  372.000  5.122988e-01 
  373.000  5.165201e-01 
  374.000  5.205401e-01 
  375.000  5.238000e-01 
  376.000  5.271741e-01 
  377.000  5.310457e-01 
  378.000  5.340533e-01 
  379.000  5.373080e-01 
  380.000  5.404204e-01 
  381.000  5.438274e-01 
  382.000  5.483676e-01 
  383.000  5.529982e-01 
  384.000  5.561483e-01 
  385.000  5.602010e-01 
  386.000  5.634458e-01 
  387.000  5.672638e-01 
  388.000  5.702659e-01 
  389.000  5.733225e-01 
  390.000  5.771473e-01 
  391.000  5.802905e-01 
  392.000  5.829121e-01 
  393.000  5.873424e-01 
  394.000  5.903842e-01 
  395.000  5.933304e-01 
  396.000  5.970430e-01 
  397.000  6.004320e-01 
  398.000  6.027588e-01 
  399.000  6.060026e-01 
  400.000  6.087416e-01 
  401.000  6.123978e-01 
  402.000  6.156936e-01 
  403.000  6.190701e-01 
  404.000  6.212999e-01 
  405.000  6.244032e-01 
  406.000  6.273552e-01 
  407.000  6.311671e-01 
  408.000  6.330103e-01 
  409.000  6.357063e-01 
  410.000  6.385784e-01 
  411.000  6.417804e-01 
  412.000  6.451155e-01 
  413.000  6.468907e-01 
  414.000  6.503165e-01 
  415.000  6.530071e-01 
  416.000  6.564886e-01 
  417.000  6.585250e-01 
  418.000  6.608292e-01 
  419.000  6.641367e-01 
  420.000  6.663418e-01 
  421.000  6.689171e-01 
  422.000  6.710219e-01 
  423.000  6.739355e-01 
  424.000  6.761529e-01 
  425.000  6.795292e-01 
  426.000  6.820542e-01 
  427.000  6.843597e-01 
  428.000  6.864499e-01 
  429.000  6.895272e-01 
  430.000  6.920435e-01 
  431.000  6.929963e-01 
  432.000  6.965563e-01 
  433.000  6.989914e-01 
  434.000  7.005596e-01 
  435.000  7.021776e-01 
  436.000  7.050472e-01 
  437.000  7.087764e-01 
  438.000  7.106658e-01 
  439.000  7.110623e-01 
  440.000  7.138605e-01 
  441.000  7.162980e-01 
  442.000  7.191949e-01 
  443.000  7.206967e-01 
  444.000  7.226067e-01 
  445.000  7.234564e-01 
  446.000  7.261140e-01 
  447.000  7.287733e-01 
  448.000  7.288371e-01 
  449.000  7.324691e-01 
  450.000  7.354037e-01 
  451.000  7.371411e-01 
  452.000  7.385659e-01 
  453.000  7.407236e-01 
  454.000  7.436945e-01 
  455.000  7.446797e-01 
  456.000  7.463733e-01 
  457.000  7.483511e-01 
  458.000  7.495392e-01 
  459.000  7.513051e-01 
  460.000  7.523254e-01 
  461.000  7.541584e-01 
  462.000  7.567248e-01 
  463.000  7.568111e-01 
  464.000  7.593366e-01 
  465.000  7.610739e-01 
  466.000  7.642407e-01 
  467.000  7.651448e-01 
  468.000  7.669589e-01 
  469.000  7.684874e-01 
  470.000  7.701442e-01 
  471.000  7.717775e-01 
  472.000  7.724608e-01 
  473.000  7.728796e-01 
  474.000  7.718737e-01 
  475.000  7.720794e-01 
  476.000  7.727019e-01 
  477.000  7.733265e-01 
  478.000  7.741395e-01 
  479.000  7.757676e-01 
  480.000  7.777655e-01 
  481.000  7.812362e-01 
  482.000  7.840487e-01 
  483.000  7.866150e-01 
  484.000  7.879049e-01 
  485.000  7.889729e-01 
  486.000  7.899041e-01 
  487.000  7.919884e-01 
  488.000  7.930571e-01 
  489.000  7.938859e-01 
  490.000  7.962033e-01 
  491.000  7.975836e-01 
  492.000  7.988041e-01 
  493.000  8.000109e-01 
  494.000  8.008143e-01 
  495.000  8.017474e-01 
  496.000  8.023198e-01 
  497.000  8.033557e-01 
  498.000  8.040972e-01 
  499.000  8.050236e-01 
  500.000  8.056557e-01 
  501.000  8.055567e-01 
  502.000  8.049762e-01 
  503.000  8.042815e-01 
  504.000  8.036481e-01 
  505.000  8.046870e-01 
  506.000  8.063149e-01 
  507.000  8.072647e-01 
  508.000  8.093502e-01 
  509.000  8.105432e-01 
  510.000  8.121392e-01 
  511.000  8.135391e-01 
  512.000  8.144529e-01 
  513.000  8.163486e-01 
  514.000  8.171849e-01 
  515.000  8.186862e-01 
  516.000  8.192344e-01 
  517.000  8.202544e-01 
  518.000  8.204488e-01 
  519.000  8.210353e-01 
  520.000  8.213360e-01 
  521.000  8.220693e-01 
  522.000  8.222171e-01 
  523.000  8.224390e-01 
  524.000  8.225994e-01 
  525.000  8.221105e-01 
  526.000  8.218392e-01 
  527.000  8.217144e-01 
  528.000  8.212267e-01 
  529.000  8.209432e-01 
  530.000  8.206741e-01 
  531.000  8.209836e-01 
  532.000  8.212962e-01 
  533.000  8.218731e-01 
  534.000  8.226586e-01 
  535.000  8.231366e-01 
  536.000  8.240016e-01 
  537.000  8.248872e-01 
  538.000  8.253375e-01 
  539.000  8.256911e-01 
  540.000  8.264944e-01 
  541.000  8.259780e-01 
  542.000  8.263941e-01 
  543.000  8.272555e-01 
  544.000  8.278399e-01 
  545.000  8.274599e-01 
  546.000  8.276411e-01 
  547.000  8.289403e-01 
  548.000  8.300914e-01 
  549.000  8.303713e-01 
  550.000  8.310255e-01 
  551.000  8.316659e-01 
  552.000  8.319393e-01 
  553.000  8.322344e-01 
  554.000  8.326688e-01 
  555.000  8.329933e-01 
  556.000  8.325645e-01 
  557.000  8.318456e-01 
  558.000  8.312679e-01 
  559.000  8.305020e-01 
  560.000  8.298044e-01 
  561.000  8.292427e-01 
  562.000  8.288388e-01 
  563.000  8.281367e-01 
  564.000  8.274153e-01 
  565.000  8.268016e-01 
  566.000  8.264882e-01 
  567.000  8.257569e-01 
  568.000  8.247543e-01 
  569.000  8.212887e-01 
  570.000  8.194473e-01 
  571.000  8.198907e-01 
  572.000  8.179938e-01 
  573.000  8.181987e-01 
  574.000  8.169157e-01 
  575.000  8.170575e-01 
  576.000  8.172712e-01 
  577.000  8.179104e-01 
  578.000  8.202357e-01 
  579.000  8.221128e-01 
  580.000  8.238023e-01 
  581.000  8.266156e-01 
  582.000  8.292590e-01 
  583.000  8.315789e-01 
  584.000  8.349261e-01 
  585.000  8.360660e-01 
  586.000  8.376492e-01 
  587.000  8.379808e-01 
  588.000  8.381517e-01 
  589.000  8.297093e-01 
  590.000  8.302646e-01 
  591.000  8.336386e-01 
  592.000  8.268915e-01 
  593.000  8.379632e-01 
  594.000  8.328251e-01 
  595.000  8.363624e-01 
  596.000  8.377935e-01 
  597.000  8.376895e-01 
  598.000  8.377967e-01 
  599.000  8.395214e-01 
  600.000  8.395999e-01 
  601.000  8.412154e-01 
  602.000  8.425663e-01 
  603.000  8.432469e-01 
  604.000  8.439953e-01 
  605.000  8.446703e-01 
  606.000  8.462515e-01 
  607.000  8.475282e-01 
  608.000  8.491924e-01 
  609.000  8.498753e-01 
  610.000  8.512418e-01 
  611.000  8.523302e-01 
  612.000  8.539392e-01 
  613.000  8.552874e-01 
  614.000  8.562635e-01 
  615.000  8.574013e-01 
  616.000  8.590220e-01 
  617.000  8.601954e-01 
  618.000  8.609838e-01 
  619.000  8.621510e-01 
  620.000  8.631784e-01 
  621.000  8.639292e-01 
  622.000  8.642644e-01 
  623.000  8.649933e-01 
  624.000  8.652812e-01 
  625.000  8.656474e-01 
  626.000  8.658137e-01 
  627.000  8.658349e-01 
  628.000  8.438899e-01 
  629.000  8.538718e-01 
  630.000  8.595375e-01 
  631.000  8.668879e-01 
  632.000  8.695206e-01 
  633.000  8.716702e-01 
  634.000  8.745384e-01 
  635.000  8.753902e-01 
  636.000  8.781832e-01 
  637.000  8.814144e-01 
  638.000  8.836599e-01 
  639.000  8.857308e-01 
  640.000  8.869988e-01 
  641.000  8.890837e-01 
  642.000  8.905697e-01 
  643.000  8.911273e-01 
  644.000  8.924465e-01 
  645.000  8.933511e-01 
  646.000  8.916667e-01 
  647.000  8.887957e-01 
  648.000  8.856701e-01 
  649.000  8.898810e-01 
  650.000  8.975700e-01 
  651.000  8.987545e-01 
  652.000  8.976007e-01 
  653.000  9.003134e-01 
  654.000  9.015456e-01 
  655.000  8.944282e-01 
  656.000  9.003145e-01 
  657.000  9.022679e-01 
  658.000  9.056683e-01 
  659.000  9.079561e-01 
  660.000  9.081099e-01 
  661.000  9.098088e-01 
  662.000  9.100916e-01 
  663.000  9.109331e-01 
  664.000  9.118138e-01 
  665.000  9.126494e-01 
  666.000  9.135220e-01 
  667.000  9.147952e-01 
  668.000  9.154066e-01 
  669.000  9.164428e-01 
  670.000  9.170200e-01 
  671.000  9.182536e-01 
  672.000  9.185174e-01 
  673.000  9.195449e-01 
  674.000  9.199362e-01 
  675.000  9.210007e-01 
  676.000  9.213254e-01 
  677.000  9.218861e-01 
  678.000  9.228026e-01 
  679.000  9.232969e-01 
  680.000  9.242695e-01 
  681.000  9.246647e-01 
  682.000  9.259683e-01 
  683.000  9.260944e-01 
  684.000  9.272701e-01 
  685.000  9.279566e-01 
  686.000  9.286431e-01 
  687.000  6.310534e-01 
  688.000  7.988880e-01 
  689.000  8.349876e-01 
  690.000  8.648208e-01 
  691.000  8.823180e-01 
  692.000  9.147506e-01 
  693.000  9.084763e-01 
  694.000  8.993357e-01 
  695.000  9.164945e-01 
  696.000  9.120203e-01 
  697.000  9.332120e-01 
  698.000  9.328310e-01 
  699.000  9.241629e-01 
  700.000  9.256715e-01 
  701.000  9.190363e-01 
  702.000  9.226530e-01 
  703.000  9.258877e-01 
  704.000  9.282098e-01 
  705.000  9.292127e-01 
  706.000  9.328202e-01 
  707.000  9.357202e-01 
  708.000  9.378954e-01 
  709.000  9.382982e-01 
  710.000  9.376149e-01 
  711.000  9.403673e-01 
  712.000  9.391794e-01 
  713.000  9.414610e-01 
  714.000  9.399227e-01 
  715.000  9.360055e-01 
  716.000  9.370204e-01 
  717.000  9.184756e-01 
  718.000  8.667599e-01 
  719.000  8.188120e-01 
  720.000  8.752806e-01 
  721.000  9.302989e-01 
  722.000  9.291633e-01 
  723.000  9.265501e-01 
  724.000  8.582854e-01 
  725.000  8.811482e-01 
  726.000  9.113362e-01 
  727.000  8.981872e-01 
  728.000  8.748490e-01 
  729.000  8.887346e-01 
  730.000  9.158533e-01 
  731.000  9.010575e-01 
  732.000  9.097137e-01 
  733.000  9.321782e-01 
  734.000  9.439670e-01 
  735.000  9.361193e-01 
  736.000  9.417816e-01 
  737.000  9.420326e-01 
  738.000  9.455341e-01 
  739.000  9.466890e-01 
  740.000  9.510060e-01 
  741.000  9.533824e-01 
  742.000  9.540424e-01 
  743.000  9.540682e-01 
  744.000  9.548889e-01 
  745.000  9.554228e-01 
  746.000  9.560950e-01 
  747.000  9.563701e-01 
  748.000  9.566407e-01 
  749.000  9.568232e-01 
  750.000  9.571646e-01 
  751.000  9.573395e-01 
  752.000  9.581823e-01 
  753.000  9.584066e-01 
  754.000  9.586679e-01 
  755.000  9.589374e-01 
  756.000  9.591063e-01 
  757.000  9.594811e-01 
  758.000  9.600331e-01 
  759.000  9.492938e-01 
  760.000  3.236485e-01 
  761.000  2.199345e-01 
  762.000  6.140786e-01 
  763.000  5.074500e-01 
  764.000  5.765119e-01 
  765.000  7.108648e-01 
  766.000  8.396131e-01 
  767.000  8.872895e-01 
  768.000  9.405517e-01 
  769.000  9.548284e-01 
  770.000  9.544687e-01 
  771.000  9.608186e-01 
  772.000  9.629175e-01 
  773.000  9.630258e-01 
  774.000  9.630888e-01 
  775.000  9.631976e-01 
  776.000  9.633705e-01 
  777.000  9.636128e-01 
  778.000  9.637566e-01 
  779.000  9.639027e-01 
  780.000  9.640247e-01 
  781.000  9.644161e-01 
  782.000  9.646796e-01 
  783.000  9.649210e-01 
  784.000  9.648203e-01 
  785.000  9.647076e-01 
  786.000  9.633309e-01 
  787.000  9.634456e-01 
  788.000  9.603460e-01 
  789.000  9.605298e-01 
  790.000  9.551194e-01 
  791.000  9.558699e-01 
  792.000  9.583783e-01 
  793.000  9.600450e-01 
  794.000  9.671506e-01 
  795.000  9.648936e-01 
  796.000  9.498718e-01 
  797.000  9.609569e-01 
  798.000  9.621402e-01 
  799.000  9.645333e-01 
  800.000  9.582280e-01 
  801.000  9.552420e-01 
  802.000  9.595767e-01 
  803.000  9.587709e-01 
  804.000  9.585212e-01 
  805.000  9.614070e-01 
  806.000  9.670349e-01 
  807.000  9.637321e-01 
  808.000  9.672723e-01 
  809.000  9.619428e-01 
  810.000  9.592664e-01 
  811.000  9.603193e-01 
  812.000  9.545513e-01 
  813.000  9.431265e-01 
  814.000  9.230541e-01 
  815.000  8.983539e-01 
  816.000  9.173617e-01 
  817.000  8.300732e-01 
  818.000  8.915186e-01 
  819.000  9.175501e-01 
  820.000  8.838249e-01 
  821.000  9.591628e-01 
  822.000  9.496276e-01 
  823.000  8.044118e-01 
  824.000  9.369428e-01 
  825.000  9.542955e-01 
  826.000  9.360789e-01 
  827.000  9.535633e-01 
  828.000  9.060335e-01 
  829.000  9.430093e-01 
  830.000  9.344714e-01 
  831.000  9.387743e-01 
  832.000  9.383627e-01 
  833.000  9.524006e-01 
  834.000  9.522366e-01 
  835.000  9.600745e-01 
  836.000  9.609802e-01 
  837.000  9.606839e-01 
  838.000  9.659449e-01 
  839.000  9.685851e-01 
  840.000  9.693534e-01 
  841.000  9.693534e-01 
  842.000  9.647838e-01 
  843.000  9.735431e-01 
  844.000  9.683877e-01 
  845.000  9.726591e-01 
  846.000  9.738290e-01 
  847.000  9.746522e-01 
  848.000  9.736657e-01 
  849.000  9.742354e-01 
  850.000  9.742414e-01 
  851.000  9.745049e-01 
  852.000  9.764983e-01 
  853.000  9.769509e-01 
  854.000  9.766732e-01 
  855.000  9.766732e-01 
  856.000  9.771149e-01 
  857.000  9.781683e-01 
  858.000  9.773503e-01 
  859.000  9.780154e-01 
  860.000  9.785813e-01 
  861.000  9.784416e-01 
  862.000  9.787987e-01 
  863.000  9.786504e-01 
  864.000  9.791244e-01 
  865.000  9.791244e-01 
  866.000  9.791523e-01 
  867.000  9.792852e-01 
  868.000  9.793078e-01 
  869.000  9.793825e-01 
  870.000  9.795257e-01 
  871.000  9.796407e-01 
  872.000  9.798104e-01 
  873.000  9.798288e-01 
  874.000  9.798288e-01 
  875.000  9.801026e-01 
  876.000  9.801794e-01 
  877.000  9.802101e-01 
  878.000  9.802328e-01 
  879.000  9.802493e-01 
  880.000  9.805412e-01 
  881.000  9.805412e-01 
  882.000  9.801174e-01 
  883.000  9.803104e-01 
  884.000  9.804533e-01 
  885.000  9.806432e-01 
  886.000  9.776450e-01 
  887.000  9.805577e-01 
  888.000  9.805577e-01 
  889.000  9.798651e-01 
  890.000  9.782670e-01 
  891.000  9.807137e-01 
  892.000  9.780149e-01 
  893.000  9.707718e-01 
  894.000  9.707718e-01 
  895.000  9.536966e-01 
  896.000  9.379328e-01 
  897.000  8.659046e-01 
  898.000  9.344591e-01 
  899.000  8.023521e-01 
  900.000  8.023521e-01 
  901.000  8.325140e-01 
  902.000  8.601795e-01 
  903.000  8.908834e-01 
  904.000  9.599171e-01 
  905.000  9.504640e-01 
  906.000  9.504640e-01 
  907.000  8.756268e-01 
  908.000  8.552377e-01 
  909.000  8.660870e-01 
  910.000  8.500086e-01 
  911.000  8.500086e-01 
  912.000  9.253594e-01 
  913.000  8.878210e-01 
  914.000  8.624756e-01 
  915.000  8.243139e-01 
  916.000  8.243139e-01 
  917.000  9.223723e-01 
  918.000  8.424498e-01 
  919.000  9.047187e-01 
  920.000  9.584731e-01 
  921.000  9.584731e-01 
  922.000  9.443793e-01 
  923.000  9.433414e-01 
  924.000  9.294722e-01 
  925.000  9.294722e-01 
  926.000  9.364535e-01 
  927.000  9.420106e-01 
  928.000  8.614731e-01 
  929.000  8.450136e-01 
  930.000  8.450136e-01 
  931.000  7.245065e-01 
  932.000  5.574674e-01 
  933.000  5.866594e-01 
  934.000  5.866594e-01 
  935.000  5.373020e-01 
  936.000  5.073937e-01 
  937.000  4.993159e-01 
  938.000  4.993159e-01 
  939.000  6.326523e-01 
  940.000  7.566513e-01 
  941.000  7.093832e-01 
  942.000  7.093832e-01 
  943.000  6.131175e-01 
  944.000  6.217889e-01 
  945.000  7.039273e-01 
  946.000  7.039273e-01 
  947.000  6.260841e-01 
  948.000  6.459940e-01 
  949.000  7.063542e-01 
  950.000  7.063542e-01 
  951.000  7.174793e-01 
  952.000  6.230895e-01 
  953.000  7.519355e-01 
  954.000  7.519355e-01 
  955.000  7.473063e-01 
  956.000  6.463687e-01 
  957.000  7.926135e-01 
  958.000  7.926135e-01 
  959.000  7.036564e-01 
  960.000  7.768063e-01 
  961.000  7.768063e-01 
  962.000  8.011260e-01 
  963.000  8.552611e-01 
  964.000  7.692025e-01 
  965.000  7.692025e-01 
  966.000  8.289262e-01 
  967.000  8.995444e-01 
  968.000  8.995444e-01 
  969.000  9.151945e-01 
  970.000  9.446701e-01 
  971.000  9.545967e-01 
  972.000  9.545967e-01 
  973.000  9.424840e-01 
  974.000  8.825243e-01 
  975.000  8.825243e-01 
  976.000  8.668008e-01 
  977.000  9.275659e-01 
  978.000  9.189717e-01 
  979.000  9.189717e-01 
  980.000  9.197661e-01 
  981.000  9.678234e-01 
  982.000  9.678234e-01 
  983.000  9.532763e-01 
  984.000  9.662139e-01 
  985.000  9.662139e-01 
  986.000  9.819015e-01 
  987.000  9.760040e-01 
  988.000  9.760040e-01 
  989.000  9.850934e-01 
  990.000  9.814594e-01 
  991.000  9.814594e-01 
  992.000  9.839872e-01 
  993.000  9.835238e-01 
  994.000  9.835238e-01 
  995.000  9.873434e-01 
  996.000  9.874430e-01 
  997.000  9.874430e-01 
  998.000  9.875127e-01 
  999.000  9.872643e-01 
 1000.000  9.872643e-01 
 1001.000  9.874918e-01 
 1002.000  9.823951e-01 
 1003.000  9.823951e-01 
 1004.000  9.875802e-01 
 1005.000  9.878408e-01 
 1006.000  9.878408e-01 
 1007.000  9.880459e-01 
 1008.000  9.871265e-01 
 1009.000  9.871265e-01 
 1010.000  9.833482e-01 
 1011.000  9.881589e-01 
 1012.000  9.881589e-01 
 1013.000  9.884014e-01 
 1014.000  9.883154e-01 
 1015.000  9.883154e-01 
 1016.000  9.886004e-01 
 1017.000  9.883876e-01 
 1018.000  9.883876e-01 
 1019.000  9.880977e-01 
 1020.000  9.888331e-01 
 1021.000  9.888331e-01 
 1022.000  9.882610e-01 
 1023.000  9.882610e-01 
 1024.000  9.881285e-01 
 1025.000  9.889779e-01 
 1026.000  9.889779e-01 
 1027.000  9.886340e-01 
 1028.000  9.890829e-01 
 1029.000  9.890829e-01 
 1030.000  9.892795e-01 
 1031.000  9.892142e-01 
 1032.000  9.892142e-01 
 1033.000  9.892565e-01 
 1034.000  9.892565e-01 
 1035.000  9.893062e-01 
 1036.000  9.888579e-01 
 1037.000  9.888579e-01 
 1038.000  9.888235e-01 
 1039.000  9.883703e-01 
 1040.000  9.883703e-01 
 1041.000  9.880147e-01 
 1042.000  9.880147e-01 
 1043.000  9.875854e-01 
 1044.000  9.869131e-01 
 1045.000  9.869131e-01 
 1046.000  9.859775e-01 
 1047.000  9.859775e-01 
 1048.000  9.850361e-01 
 1049.000  9.831107e-01 
 1050.000  9.831107e-01 
 1051.000  9.822901e-01 
 1052.000  9.822901e-01 
 1053.000  9.809924e-01 
 1054.000  9.798867e-01 
 1055.000  9.798867e-01 
 1056.000  9.785885e-01 
 1057.000  9.785885e-01 
 1058.000  9.774436e-01 
 1059.000  9.763072e-01 
 1060.000  9.763072e-01 
 1061.000  9.755920e-01 
 1062.000  9.755920e-01 
 1063.000  9.743025e-01 
 1064.000  9.735426e-01 
 1065.000  9.735426e-01 
 1066.000  9.747978e-01 
 1067.000  9.747978e-01 
 1068.000  9.739499e-01 
 1069.000  9.751891e-01 
 1070.000  9.751891e-01 
 1071.000  9.768602e-01 
 1072.000  9.768602e-01 
 1073.000  9.781064e-01 
 1074.000  9.781064e-01 
 1075.000  9.760736e-01 
 1076.000  9.764264e-01 
 1077.000  9.764264e-01 
 1078.000  9.806029e-01 
 1079.000  9.806029e-01 
 1080.000  9.781449e-01 
 1081.000  9.781449e-01 
 1082.000  9.809012e-01 
 1083.000  9.787878e-01 
 1084.000  9.787878e-01 
 1085.000  9.740357e-01 
 1086.000  9.740357e-01 
 1087.000  9.821734e-01 
 1088.000  9.821734e-01 
 1089.000  9.789529e-01 
 1090.000  9.772354e-01 
 1091.000  9.772354e-01 
 1092.000  9.716877e-01 
 1093.000  9.716877e-01 
 1094.000  9.716153e-01 
 1095.000  9.716153e-01 
 1096.000  9.682355e-01 
 1097.000  9.682355e-01 
 1098.000  9.603927e-01 
 1099.000  9.319953e-01 
 1100.000  9.319953e-01 
 1101.000  9.327888e-01 
 1102.000  9.327888e-01 
 1103.000  9.216503e-01 
 1104.000  9.216503e-01 
 1105.000  9.128828e-01 
 1106.000  9.128828e-01 
 1107.000  9.114968e-01 
 1108.000  9.114968e-01 
 1109.000  8.896061e-01 
 1110.000  8.530033e-01 
 1111.000  8.530033e-01 
 1112.000  8.319022e-01 
 1113.000  8.319022e-01 
 1114.000  7.472466e-01 
 1115.000  7.472466e-01 
 1116.000  5.463025e-01 
 1117.000  5.463025e-01 
 1118.000  6.498644e-01 
 1119.000  6.498644e-01 
 1120.000  5.852451e-01 
 1121.000  5.852451e-01 
 1122.000  3.999888e-01 
 1123.000  6.106658e-01 
 1124.000  6.106658e-01 
 1125.000  4.465938e-01 
 1126.000  4.465938e-01 
 1127.000  5.118200e-01 
 1128.000  5.118200e-01 
 1129.000  5.141090e-01 
 1130.000  5.141090e-01 
 1131.000  7.597039e-01 
 1132.000  7.597039e-01 
 1133.000  5.151254e-01 
 1134.000  5.151254e-01 
 1135.000  3.162873e-01 
 1136.000  3.162873e-01 
 1137.000  7.667513e-01 
 1138.000  7.667513e-01 
 1139.000  7.104456e-01 
 1140.000  7.104456e-01 
 1141.000  6.961650e-01 
 1142.000  6.961650e-01 
 1143.000  7.382078e-01 
 1144.000  7.382078e-01 
 1145.000  5.529604e-01 
 1146.000  5.529604e-01 
 1147.000  5.367572e-01 
 1148.000  5.367572e-01 
 1149.000  6.388911e-01 
 1150.000  6.388911e-01 
 1151.000  7.272846e-01 
 1152.000  7.272846e-01 
 1153.000  6.782467e-01 
 1154.000  6.782467e-01 
 1155.000  7.232280e-01 
 1156.000  7.232280e-01 
 1157.000  7.895577e-01 
 1158.000  7.895577e-01 
 1159.000  8.742279e-01 
 1160.000  8.742279e-01 
 1161.000  8.586312e-01 
 1162.000  8.586312e-01 
 1163.000  9.039857e-01 
 1164.000  9.039857e-01 
 1165.000  8.883932e-01 
 1166.000  8.883932e-01 
 1167.000  9.234933e-01 
 1168.000  9.234933e-01 
 1169.000  9.342101e-01 
 1170.000  9.342101e-01 
 1171.000  9.406101e-01 
 1172.000  9.406101e-01 
 1173.000  8.878073e-01 
 1174.000  8.878073e-01 
 1175.000  9.702223e-01 
 1176.000  9.702223e-01 
 1177.000  9.199624e-01 
 1178.000  9.199624e-01 
 1179.000  9.565699e-01 
 1180.000  9.565699e-01 
 1181.000  8.804255e-01 
 1182.000  8.804255e-01 
 1183.000  9.379762e-01 
 1184.000  9.379762e-01 
 1185.000  9.560913e-01 
 1186.000  9.560913e-01 
 1187.000  8.901581e-01 
 1188.000  8.901581e-01 
 1189.000  8.901581e-01 
 1190.000  9.374315e-01 
 1191.000  9.374315e-01 
 1192.000  9.727867e-01 
 1193.000  9.727867e-01 
 1194.000  9.476293e-01 
 1195.000  9.476293e-01 
 1196.000  9.597613e-01 
 1197.000  9.597613e-01 
 1198.000  9.360552e-01 
 1199.000  9.360552e-01 
 1200.000  9.320772e-01 
