  250.000  0.000000e+00 
  251.000  0.000000e+00 
  252.000  0.000000e+00 
  253.000  0.000000e+00 
  254.000  0.000000e+00 
  255.000  0.000000e+00 
  256.000  0.000000e+00 
  257.000  0.000000e+00 
  258.000  0.000000e+00 
  259.000  0.000000e+00 
  260.000  0.000000e+00 
  261.000  0.000000e+00 
  262.000  0.000000e+00 
  263.000  0.000000e+00 
  264.000  0.000000e+00 
  265.000  0.000000e+00 
  266.000  0.000000e+00 
  267.000  0.000000e+00 
  268.000  0.000000e+00 
  269.000  0.000000e+00 
  270.000  0.000000e+00 
  271.000  0.000000e+00 
  272.000  0.000000e+00 
  273.000  0.000000e+00 
  274.000  0.000000e+00 
  275.000  0.000000e+00 
  276.000  0.000000e+00 
  277.000  0.000000e+00 
  278.000  0.000000e+00 
  279.000  0.000000e+00 
  280.000  0.000000e+00 
  281.000  0.000000e+00 
  282.000  0.000000e+00 
  283.000  0.000000e+00 
  284.000  0.000000e+00 
  285.000  0.000000e+00 
  286.000  0.000000e+00 
  287.000  0.000000e+00 
  288.000  2.538430e-11 
  289.000  1.947085e-10 
  290.000  1.930084e-09 
  291.000  1.204415e-08 
  292.000  1.368253e-07 
  293.000  5.797119e-07 
  294.000  2.974906e-06 
  295.000  8.557040e-06 
  296.000  3.761729e-05 
  297.000  9.169223e-05 
  298.000  2.657592e-04 
  299.000  5.507311e-04 
  300.000  1.169551e-03 
  301.000  2.171213e-03 
  302.000  3.642174e-03 
  303.000  6.753372e-03 
  304.000  8.533808e-03 
  305.000  1.411295e-02 
  306.000  1.876226e-02 
  307.000  2.655178e-02 
  308.000  3.322763e-02 
  309.000  4.097507e-02 
  310.000  5.382699e-02 
  311.000  6.029740e-02 
  312.000  7.075934e-02 
  313.000  8.381413e-02 
  314.000  8.999684e-02 
  315.000  1.064219e-01 
  316.000  1.114801e-01 
  317.000  1.248344e-01 
  318.000  1.333003e-01 
  319.000  1.544002e-01 
  320.000  1.426366e-01 
  321.000  1.740065e-01 
  322.000  1.631150e-01 
  323.000  1.786428e-01 
  324.000  2.006394e-01 
  325.000  1.874121e-01 
  326.000  2.095835e-01 
  327.000  2.176268e-01 
  328.000  2.083692e-01 
  329.000  2.339005e-01 
  330.000  2.396038e-01 
  331.000  2.308536e-01 
  332.000  2.493029e-01 
  333.000  2.544842e-01 
  334.000  2.536665e-01 
  335.000  2.661425e-01 
  336.000  2.722100e-01 
  337.000  2.709528e-01 
  338.000  2.798124e-01 
  339.000  2.865955e-01 
  340.000  2.871954e-01 
  341.000  2.946759e-01 
  342.000  3.004441e-01 
  343.000  3.047485e-01 
  344.000  3.052078e-01 
  345.000  3.134364e-01 
  346.000  3.181650e-01 
  347.000  3.226596e-01 
  348.000  3.270543e-01 
  349.000  3.323066e-01 
  350.000  3.366538e-01 
  351.000  3.415844e-01 
  352.000  3.457769e-01 
  353.000  3.508047e-01 
  354.000  3.544176e-01 
  355.000  3.583796e-01 
  356.000  3.634161e-01 
  357.000  3.667070e-01 
  358.000  3.704050e-01 
  359.000  3.740605e-01 
  360.000  3.776319e-01 
  361.000  3.813621e-01 
  362.000  3.871040e-01 
  363.000  3.919933e-01 
  364.000  3.968767e-01 
  365.000  4.009714e-01 
  366.000  4.055466e-01 
  367.000  4.098599e-01 
  368.000  4.139819e-01 
  369.000  4.174603e-01 
  370.000  4.216037e-01 
  371.000  4.259945e-01 
  372.000  4.296177e-01 
  373.000  4.340943e-01 
  374.000  4.383661e-01 
  375.000  4.418367e-01 
  376.000  4.454348e-01 
  377.000  4.495710e-01 
  378.000  4.527895e-01 
  379.000  4.562780e-01 
  380.000  4.596190e-01 
  381.000  4.632823e-01 
  382.000  4.681733e-01 
  383.000  4.731725e-01 
  384.000  4.765798e-01 
  385.000  4.809708e-01 
  386.000  4.844925e-01 
  387.000  4.886431e-01 
  388.000  4.919119e-01 
  389.000  4.952447e-01 
  390.000  4.994218e-01 
  391.000  5.028598e-01 
  392.000  5.057313e-01 
  393.000  5.105913e-01 
  394.000  5.139338e-01 
  395.000  5.171754e-01 
  396.000  5.212665e-01 
  397.000  5.250068e-01 
  398.000  5.275781e-01 
  399.000  5.311669e-01 
  400.000  5.342013e-01 
  401.000  5.382574e-01 
  402.000  5.419191e-01 
  403.000  5.456756e-01 
  404.000  5.481595e-01 
  405.000  5.516219e-01 
  406.000  5.549387e-01 
  407.000  5.592301e-01 
  408.000  5.613163e-01 
  409.000  5.643647e-01 
  410.000  5.676111e-01 
  411.000  5.712133e-01 
  412.000  5.749671e-01 
  413.000  5.769684e-01 
  414.000  5.808327e-01 
  415.000  5.838723e-01 
  416.000  5.878152e-01 
  417.000  5.901256e-01 
  418.000  5.927427e-01 
  419.000  5.965021e-01 
  420.000  5.990133e-01 
  421.000  6.019635e-01 
  422.000  6.043778e-01 
  423.000  6.077194e-01 
  424.000  6.102712e-01 
  425.000  6.141474e-01 
  426.000  6.170335e-01 
  427.000  6.196725e-01 
  428.000  6.220668e-01 
  429.000  6.255940e-01 
  430.000  6.284837e-01 
  431.000  6.295909e-01 
  432.000  6.336992e-01 
  433.000  6.365190e-01 
  434.000  6.383390e-01 
  435.000  6.402261e-01 
  436.000  6.435656e-01 
  437.000  6.479153e-01 
  438.000  6.501279e-01 
  439.000  6.506281e-01 
  440.000  6.539007e-01 
  441.000  6.567394e-01 
  442.000  6.601267e-01 
  443.000  6.618888e-01 
  444.000  6.641367e-01 
  445.000  6.651461e-01 
  446.000  6.682525e-01 
  447.000  6.713718e-01 
  448.000  6.714693e-01 
  449.000  6.757221e-01 
  450.000  6.791695e-01 
  451.000  6.812354e-01 
  452.000  6.829318e-01 
  453.000  6.855038e-01 
  454.000  6.890356e-01 
  455.000  6.902235e-01 
  456.000  6.923569e-01 
  457.000  6.948218e-01 
  458.000  6.964323e-01 
  459.000  6.986165e-01 
  460.000  6.999711e-01 
  461.000  7.021376e-01 
  462.000  7.051699e-01 
  463.000  7.052845e-01 
  464.000  7.082706e-01 
  465.000  7.103268e-01 
  466.000  7.141174e-01 
  467.000  7.152258e-01 
  468.000  7.174087e-01 
  469.000  7.192472e-01 
  470.000  7.212613e-01 
  471.000  7.232929e-01 
  472.000  7.241925e-01 
  473.000  7.247808e-01 
  474.000  7.236714e-01 
  475.000  7.240362e-01 
  476.000  7.250652e-01 
  477.000  7.260265e-01 
  478.000  7.271613e-01 
  479.000  7.293209e-01 
  480.000  7.319685e-01 
  481.000  7.362810e-01 
  482.000  7.397931e-01 
  483.000  7.430238e-01 
  484.000  7.447111e-01 
  485.000  7.461138e-01 
  486.000  7.472155e-01 
  487.000  7.496867e-01 
  488.000  7.509456e-01 
  489.000  7.519187e-01 
  490.000  7.546905e-01 
  491.000  7.564089e-01 
  492.000  7.579740e-01 
  493.000  7.595319e-01 
  494.000  7.605944e-01 
  495.000  7.617922e-01 
  496.000  7.628252e-01 
  497.000  7.644503e-01 
  498.000  7.656781e-01 
  499.000  7.672288e-01 
  500.000  7.683852e-01 
  501.000  7.686132e-01 
  502.000  7.684986e-01 
  503.000  7.681360e-01 
  504.000  7.676697e-01 
  505.000  7.695212e-01 
  506.000  7.714474e-01 
  507.000  7.725466e-01 
  508.000  7.750593e-01 
  509.000  7.764509e-01 
  510.000  7.783232e-01 
  511.000  7.800243e-01 
  512.000  7.811741e-01 
  513.000  7.834927e-01 
  514.000  7.845467e-01 
  515.000  7.863840e-01 
  516.000  7.872629e-01 
  517.000  7.887777e-01 
  518.000  7.891538e-01 
  519.000  7.901409e-01 
  520.000  7.906613e-01 
  521.000  7.920384e-01 
  522.000  7.924547e-01 
  523.000  7.930452e-01 
  524.000  7.936460e-01 
  525.000  7.933425e-01 
  526.000  7.937042e-01 
  527.000  7.941810e-01 
  528.000  7.941811e-01 
  529.000  7.944432e-01 
  530.000  7.945450e-01 
  531.000  7.952458e-01 
  532.000  7.958594e-01 
  533.000  7.967407e-01 
  534.000  7.980015e-01 
  535.000  7.987404e-01 
  536.000  8.000180e-01 
  537.000  8.013349e-01 
  538.000  8.019931e-01 
  539.000  8.026085e-01 
  540.000  8.037831e-01 
  541.000  8.033710e-01 
  542.000  8.041217e-01 
  543.000  8.053936e-01 
  544.000  8.063643e-01 
  545.000  8.061340e-01 
  546.000  8.064747e-01 
  547.000  8.082083e-01 
  548.000  8.098146e-01 
  549.000  8.102245e-01 
  550.000  8.111990e-01 
  551.000  8.121660e-01 
  552.000  8.127551e-01 
  553.000  8.134010e-01 
  554.000  8.141827e-01 
  555.000  8.148825e-01 
  556.000  8.149124e-01 
  557.000  8.146721e-01 
  558.000  8.145319e-01 
  559.000  8.144249e-01 
  560.000  8.142043e-01 
  561.000  8.140493e-01 
  562.000  8.140248e-01 
  563.000  8.136869e-01 
  564.000  8.133273e-01 
  565.000  8.130473e-01 
  566.000  8.131424e-01 
  567.000  8.126217e-01 
  568.000  8.117555e-01 
  569.000  8.080859e-01 
  570.000  8.062699e-01 
  571.000  8.069224e-01 
  572.000  8.046055e-01 
  573.000  8.049924e-01 
  574.000  8.034558e-01 
  575.000  8.037332e-01 
  576.000  8.037085e-01 
  577.000  8.042926e-01 
  578.000  8.068873e-01 
  579.000  8.089660e-01 
  580.000  8.108945e-01 
  581.000  8.141235e-01 
  582.000  8.171489e-01 
  583.000  8.198169e-01 
  584.000  8.236228e-01 
  585.000  8.248963e-01 
  586.000  8.269434e-01 
  587.000  8.274190e-01 
  588.000  8.277368e-01 
  589.000  8.174021e-01 
  590.000  8.181505e-01 
  591.000  8.225874e-01 
  592.000  8.144885e-01 
  593.000  8.284149e-01 
  594.000  8.223257e-01 
  595.000  8.270413e-01 
  596.000  8.291974e-01 
  597.000  8.292097e-01 
  598.000  8.297333e-01 
  599.000  8.322413e-01 
  600.000  8.327064e-01 
  601.000  8.347442e-01 
  602.000  8.363386e-01 
  603.000  8.371363e-01 
  604.000  8.380319e-01 
  605.000  8.388091e-01 
  606.000  8.403478e-01 
  607.000  8.415886e-01 
  608.000  8.431811e-01 
  609.000  8.438366e-01 
  610.000  8.451422e-01 
  611.000  8.461743e-01 
  612.000  8.476368e-01 
  613.000  8.489386e-01 
  614.000  8.498566e-01 
  615.000  8.509306e-01 
  616.000  8.523614e-01 
  617.000  8.533814e-01 
  618.000  8.540708e-01 
  619.000  8.550586e-01 
  620.000  8.557996e-01 
  621.000  8.563001e-01 
  622.000  8.565217e-01 
  623.000  8.568330e-01 
  624.000  8.569125e-01 
  625.000  8.570490e-01 
  626.000  8.569158e-01 
  627.000  8.566409e-01 
  628.000  8.292748e-01 
  629.000  8.421090e-01 
  630.000  8.482341e-01 
  631.000  8.569735e-01 
  632.000  8.599522e-01 
  633.000  8.623053e-01 
  634.000  8.653772e-01 
  635.000  8.663331e-01 
  636.000  8.691275e-01 
  637.000  8.724048e-01 
  638.000  8.748084e-01 
  639.000  8.768584e-01 
  640.000  8.781356e-01 
  641.000  8.802645e-01 
  642.000  8.819944e-01 
  643.000  8.825234e-01 
  644.000  8.840212e-01 
  645.000  8.849012e-01 
  646.000  8.825776e-01 
  647.000  8.787140e-01 
  648.000  8.747088e-01 
  649.000  8.795418e-01 
  650.000  8.887358e-01 
  651.000  8.900767e-01 
  652.000  8.883039e-01 
  653.000  8.914948e-01 
  654.000  8.925087e-01 
  655.000  8.835745e-01 
  656.000  8.905762e-01 
  657.000  8.928028e-01 
  658.000  8.967028e-01 
  659.000  8.992372e-01 
  660.000  8.992950e-01 
  661.000  9.010735e-01 
  662.000  9.013292e-01 
  663.000  9.020263e-01 
  664.000  9.029734e-01 
  665.000  9.038027e-01 
  666.000  9.046513e-01 
  667.000  9.059101e-01 
  668.000  9.064834e-01 
  669.000  9.074928e-01 
  670.000  9.080509e-01 
  671.000  9.092755e-01 
  672.000  9.095451e-01 
  673.000  9.105524e-01 
  674.000  9.109586e-01 
  675.000  9.120119e-01 
  676.000  9.123420e-01 
  677.000  9.128906e-01 
  678.000  9.138205e-01 
  679.000  9.143001e-01 
  680.000  9.152650e-01 
  681.000  9.156202e-01 
  682.000  9.168799e-01 
  683.000  9.168797e-01 
  684.000  9.179933e-01 
  685.000  9.187618e-01 
  686.000  9.193631e-01 
  687.000  5.919946e-01 
  688.000  7.638973e-01 
  689.000  8.067870e-01 
  690.000  8.407127e-01 
  691.000  8.625994e-01 
  692.000  9.012452e-01 
  693.000  8.934798e-01 
  694.000  8.820506e-01 
  695.000  9.030138e-01 
  696.000  8.975220e-01 
  697.000  9.233192e-01 
  698.000  9.227380e-01 
  699.000  9.119620e-01 
  700.000  9.135880e-01 
  701.000  9.052503e-01 
  702.000  9.096484e-01 
  703.000  9.135394e-01 
  704.000  9.163280e-01 
  705.000  9.174121e-01 
  706.000  9.217771e-01 
  707.000  9.252920e-01 
  708.000  9.279031e-01 
  709.000  9.283031e-01 
  710.000  9.273867e-01 
  711.000  9.306427e-01 
  712.000  9.290888e-01 
  713.000  9.318100e-01 
  714.000  9.298559e-01 
  715.000  9.248098e-01 
  716.000  9.259814e-01 
  717.000  9.029431e-01 
  718.000  8.414748e-01 
  719.000  7.910022e-01 
  720.000  8.503464e-01 
  721.000  9.172018e-01 
  722.000  9.157686e-01 
  723.000  9.124731e-01 
  724.000  8.331025e-01 
  725.000  8.571225e-01 
  726.000  8.935249e-01 
  727.000  8.775612e-01 
  728.000  8.494551e-01 
  729.000  8.657517e-01 
  730.000  8.988791e-01 
  731.000  8.807176e-01 
  732.000  8.911948e-01 
  733.000  9.187638e-01 
  734.000  9.332694e-01 
  735.000  9.234982e-01 
  736.000  9.304746e-01 
  737.000  9.307272e-01 
  738.000  9.350295e-01 
  739.000  9.364427e-01 
  740.000  9.417901e-01 
  741.000  9.447318e-01 
  742.000  9.454645e-01 
  743.000  9.454627e-01 
  744.000  9.464556e-01 
  745.000  9.470896e-01 
  746.000  9.478445e-01 
  747.000  9.481138e-01 
  748.000  9.484177e-01 
  749.000  9.486035e-01 
  750.000  9.489677e-01 
  751.000  9.491366e-01 
  752.000  9.500435e-01 
  753.000  9.502804e-01 
  754.000  9.505421e-01 
  755.000  9.508108e-01 
  756.000  9.509835e-01 
  757.000  9.514186e-01 
  758.000  9.520170e-01 
  759.000  9.387365e-01 
  760.000  2.714929e-01 
  761.000  1.642581e-01 
  762.000  5.682273e-01 
  763.000  4.538226e-01 
  764.000  5.295066e-01 
  765.000  6.740568e-01 
  766.000  8.107888e-01 
  767.000  8.637244e-01 
  768.000  9.280351e-01 
  769.000  9.452638e-01 
  770.000  9.449013e-01 
  771.000  9.527565e-01 
  772.000  9.554242e-01 
  773.000  9.555724e-01 
  774.000  9.556611e-01 
  775.000  9.558051e-01 
  776.000  9.560312e-01 
  777.000  9.563446e-01 
  778.000  9.565313e-01 
  779.000  9.567218e-01 
  780.000  9.568810e-01 
  781.000  9.573059e-01 
  782.000  9.575725e-01 
  783.000  9.578403e-01 
  784.000  9.576767e-01 
  785.000  9.574932e-01 
  786.000  9.557333e-01 
  787.000  9.558079e-01 
  788.000  9.519310e-01 
  789.000  9.520875e-01 
  790.000  9.453440e-01 
  791.000  9.462135e-01 
  792.000  9.492763e-01 
  793.000  9.513413e-01 
  794.000  9.600512e-01 
  795.000  9.571904e-01 
  796.000  9.385097e-01 
  797.000  9.522359e-01 
  798.000  9.536888e-01 
  799.000  9.566486e-01 
  800.000  9.487903e-01 
  801.000  9.450901e-01 
  802.000  9.504753e-01 
  803.000  9.494878e-01 
  804.000  9.492057e-01 
  805.000  9.528188e-01 
  806.000  9.598525e-01 
  807.000  9.557670e-01 
  808.000  9.602110e-01 
  809.000  9.535680e-01 
  810.000  9.502473e-01 
  811.000  9.515552e-01 
  812.000  9.443700e-01 
  813.000  9.303025e-01 
  814.000  9.056795e-01 
  815.000  8.767984e-01 
  816.000  8.991097e-01 
  817.000  7.995793e-01 
  818.000  8.700936e-01 
  819.000  8.991476e-01 
  820.000  8.617949e-01 
  821.000  9.499738e-01 
  822.000  9.381238e-01 
  823.000  7.703180e-01 
  824.000  9.223946e-01 
  825.000  9.439212e-01 
  826.000  9.215227e-01 
  827.000  9.429601e-01 
  828.000  8.852716e-01 
  829.000  9.300000e-01 
  830.000  9.196078e-01 
  831.000  9.248095e-01 
  832.000  9.242448e-01 
  833.000  9.413794e-01 
  834.000  9.413154e-01 
  835.000  9.509356e-01 
  836.000  9.521015e-01 
  837.000  9.517045e-01 
  838.000  9.582322e-01 
  839.000  9.615402e-01 
  840.000  9.625038e-01 
  841.000  9.625038e-01 
  842.000  9.568051e-01 
  843.000  9.677534e-01 
  844.000  9.613145e-01 
  845.000  9.666510e-01 
  846.000  9.681273e-01 
  847.000  9.691612e-01 
  848.000  9.679296e-01 
  849.000  9.686496e-01 
  850.000  9.684047e-01 
  851.000  9.679434e-01 
  852.000  9.704061e-01 
  853.000  9.709742e-01 
  854.000  9.706272e-01 
  855.000  9.706272e-01 
  856.000  9.711800e-01 
  857.000  9.725032e-01 
  858.000  9.714756e-01 
  859.000  9.723108e-01 
  860.000  9.730215e-01 
  861.000  9.728460e-01 
  862.000  9.732947e-01 
  863.000  9.731084e-01 
  864.000  9.737036e-01 
  865.000  9.737036e-01 
  866.000  9.737388e-01 
  867.000  9.739057e-01 
  868.000  9.739341e-01 
  869.000  9.740278e-01 
  870.000  9.742078e-01 
  871.000  9.743522e-01 
  872.000  9.745654e-01 
  873.000  9.745886e-01 
  874.000  9.745886e-01 
  875.000  9.749326e-01 
  876.000  9.750291e-01 
  877.000  9.750679e-01 
  878.000  9.750962e-01 
  879.000  9.751170e-01 
  880.000  9.754838e-01 
  881.000  9.754838e-01 
  882.000  9.749513e-01 
  883.000  9.751937e-01 
  884.000  9.753733e-01 
  885.000  9.756119e-01 
  886.000  9.718534e-01 
  887.000  9.755048e-01 
  888.000  9.755048e-01 
  889.000  9.746343e-01 
  890.000  9.726350e-01 
  891.000  9.757005e-01 
  892.000  9.723122e-01 
  893.000  9.632507e-01 
  894.000  9.632507e-01 
  895.000  9.424623e-01 
  896.000  9.230805e-01 
  897.000  8.400508e-01 
  898.000  9.187022e-01 
  899.000  7.721176e-01 
  900.000  7.721176e-01 
  901.000  8.062775e-01 
  902.000  8.360811e-01 
  903.000  8.709742e-01 
  904.000  9.498551e-01 
  905.000  9.384758e-01 
  906.000  9.384758e-01 
  907.000  8.505076e-01 
  908.000  8.303815e-01 
  909.000  8.402250e-01 
  910.000  8.209321e-01 
  911.000  8.209321e-01 
  912.000  9.075145e-01 
  913.000  8.637815e-01 
  914.000  8.355455e-01 
  915.000  7.940682e-01 
  916.000  7.940682e-01 
  917.000  9.035636e-01 
  918.000  8.137037e-01 
  919.000  8.850270e-01 
  920.000  9.480042e-01 
  921.000  9.480042e-01 
  922.000  9.307010e-01 
  923.000  9.294409e-01 
  924.000  9.122415e-01 
  925.000  9.122415e-01 
  926.000  9.208465e-01 
  927.000  9.276482e-01 
  928.000  8.318833e-01 
  929.000  8.123737e-01 
  930.000  8.123737e-01 
  931.000  6.846859e-01 
  932.000  5.132060e-01 
  933.000  5.358864e-01 
  934.000  5.358864e-01 
  935.000  4.921225e-01 
  936.000  4.625950e-01 
  937.000  4.458500e-01 
  938.000  4.458500e-01 
  939.000  5.884807e-01 
  940.000  7.181236e-01 
  941.000  6.684232e-01 
  942.000  6.684232e-01 
  943.000  5.728485e-01 
  944.000  5.829152e-01 
  945.000  6.581092e-01 
  946.000  6.581092e-01 
  947.000  5.835128e-01 
  948.000  6.022976e-01 
  949.000  6.676626e-01 
  950.000  6.676626e-01 
  951.000  6.817610e-01 
  952.000  5.772581e-01 
  953.000  7.121282e-01 
  954.000  7.121282e-01 
  955.000  7.090313e-01 
  956.000  6.039239e-01 
  957.000  7.582868e-01 
  958.000  7.582868e-01 
  959.000  6.570306e-01 
  960.000  7.358330e-01 
  961.000  7.358330e-01 
  962.000  7.688920e-01 
  963.000  8.252746e-01 
  964.000  7.311445e-01 
  965.000  7.311445e-01 
  966.000  7.986219e-01 
  967.000  8.782452e-01 
  968.000  8.782452e-01 
  969.000  8.965331e-01 
  970.000  9.310597e-01 
  971.000  9.433151e-01 
  972.000  9.433151e-01 
  973.000  9.282987e-01 
  974.000  8.579686e-01 
  975.000  8.579686e-01 
  976.000  8.415970e-01 
  977.000  9.115266e-01 
  978.000  9.014360e-01 
  979.000  9.014360e-01 
  980.000  9.022179e-01 
  981.000  9.596206e-01 
  982.000  9.596206e-01 
  983.000  9.421508e-01 
  984.000  9.576585e-01 
  985.000  9.576585e-01 
  986.000  9.772040e-01 
  987.000  9.698301e-01 
  988.000  9.698301e-01 
  989.000  9.812102e-01 
  990.000  9.766521e-01 
  991.000  9.766521e-01 
  992.000  9.798241e-01 
  993.000  9.792417e-01 
  994.000  9.792417e-01 
  995.000  9.840394e-01 
  996.000  9.841649e-01 
  997.000  9.841649e-01 
  998.000  9.842525e-01 
  999.000  9.839399e-01 
 1000.000  9.839399e-01 
 1001.000  9.842263e-01 
 1002.000  9.778391e-01 
 1003.000  9.778391e-01 
 1004.000  9.843376e-01 
 1005.000  9.846656e-01 
 1006.000  9.846656e-01 
 1007.000  9.849237e-01 
 1008.000  9.837664e-01 
 1009.000  9.837664e-01 
 1010.000  9.790329e-01 
 1011.000  9.850664e-01 
 1012.000  9.850664e-01 
 1013.000  9.853715e-01 
 1014.000  9.852634e-01 
 1015.000  9.852634e-01 
 1016.000  9.856224e-01 
 1017.000  9.853544e-01 
 1018.000  9.853544e-01 
 1019.000  9.849892e-01 
 1020.000  9.859153e-01 
 1021.000  9.859153e-01 
 1022.000  9.851949e-01 
 1023.000  9.851949e-01 
 1024.000  9.850280e-01 
 1025.000  9.860974e-01 
 1026.000  9.860974e-01 
 1027.000  9.856645e-01 
 1028.000  9.862298e-01 
 1029.000  9.862298e-01 
 1030.000  9.864775e-01 
 1031.000  9.863951e-01 
 1032.000  9.863951e-01 
 1033.000  9.864486e-01 
 1034.000  9.864486e-01 
 1035.000  9.865112e-01 
 1036.000  9.859465e-01 
 1037.000  9.859465e-01 
 1038.000  9.859033e-01 
 1039.000  9.853324e-01 
 1040.000  9.853324e-01 
 1041.000  9.848846e-01 
 1042.000  9.848846e-01 
 1043.000  9.843442e-01 
 1044.000  9.834978e-01 
 1045.000  9.834978e-01 
 1046.000  9.823200e-01 
 1047.000  9.823200e-01 
 1048.000  9.811357e-01 
 1049.000  9.787139e-01 
 1050.000  9.787139e-01 
 1051.000  9.776821e-01 
 1052.000  9.776821e-01 
 1053.000  9.760509e-01 
 1054.000  9.746613e-01 
 1055.000  9.746613e-01 
 1056.000  9.730305e-01 
 1057.000  9.730305e-01 
 1058.000  9.715928e-01 
 1059.000  9.701661e-01 
 1060.000  9.701661e-01 
 1061.000  9.692684e-01 
 1062.000  9.692684e-01 
 1063.000  9.676506e-01 
 1064.000  9.666975e-01 
 1065.000  9.666975e-01 
 1066.000  9.682719e-01 
 1067.000  9.682719e-01 
 1068.000  9.672083e-01 
 1069.000  9.687630e-01 
 1070.000  9.687630e-01 
 1071.000  9.708604e-01 
 1072.000  9.708604e-01 
 1073.000  9.724251e-01 
 1074.000  9.724251e-01 
 1075.000  9.698941e-01 
 1076.000  9.703419e-01 
 1077.000  9.703419e-01 
 1078.000  9.755689e-01 
 1079.000  9.755689e-01 
 1080.000  9.725013e-01 
 1081.000  9.725013e-01 
 1082.000  9.759513e-01 
 1083.000  9.733186e-01 
 1084.000  9.733186e-01 
 1085.000  9.673748e-01 
 1086.000  9.673748e-01 
 1087.000  9.775642e-01 
 1088.000  9.775642e-01 
 1089.000  9.735505e-01 
 1090.000  9.714301e-01 
 1091.000  9.714301e-01 
 1092.000  9.645000e-01 
 1093.000  9.645000e-01 
 1094.000  9.643922e-01 
 1095.000  9.643922e-01 
 1096.000  9.601945e-01 
 1097.000  9.601945e-01 
 1098.000  9.504473e-01 
 1099.000  9.161841e-01 
 1100.000  9.161841e-01 
 1101.000  9.172313e-01 
 1102.000  9.172313e-01 
 1103.000  9.037479e-01 
 1104.000  9.037479e-01 
 1105.000  8.931443e-01 
 1106.000  8.931443e-01 
 1107.000  8.916681e-01 
 1108.000  8.916681e-01 
 1109.000  8.654165e-01 
 1110.000  8.266398e-01 
 1111.000  8.266398e-01 
 1112.000  7.998777e-01 
 1113.000  7.998777e-01 
 1114.000  7.165933e-01 
 1115.000  7.165933e-01 
 1116.000  5.018926e-01 
 1117.000  5.018926e-01 
 1118.000  6.094862e-01 
 1119.000  6.094862e-01 
 1120.000  5.377972e-01 
 1121.000  5.377972e-01 
 1122.000  3.510806e-01 
 1123.000  5.696647e-01 
 1124.000  5.696647e-01 
 1125.000  3.949951e-01 
 1126.000  3.949951e-01 
 1127.000  4.588529e-01 
 1128.000  4.588529e-01 
 1129.000  4.587652e-01 
 1130.000  4.587652e-01 
 1131.000  7.212198e-01 
 1132.000  7.212198e-01 
 1133.000  4.597985e-01 
 1134.000  4.597985e-01 
 1135.000  2.768282e-01 
 1136.000  2.768282e-01 
 1137.000  7.259378e-01 
 1138.000  7.259378e-01 
 1139.000  6.740664e-01 
 1140.000  6.740664e-01 
 1141.000  6.591593e-01 
 1142.000  6.591593e-01 
 1143.000  6.955855e-01 
 1144.000  6.955855e-01 
 1145.000  5.035985e-01 
 1146.000  5.035985e-01 
 1147.000  4.856807e-01 
 1148.000  4.856807e-01 
 1149.000  5.953690e-01 
 1150.000  5.953690e-01 
 1151.000  6.893051e-01 
 1152.000  6.893051e-01 
 1153.000  6.406391e-01 
 1154.000  6.406391e-01 
 1155.000  6.869308e-01 
 1156.000  6.869308e-01 
 1157.000  7.580110e-01 
 1158.000  7.580110e-01 
 1159.000  8.470676e-01 
 1160.000  8.470676e-01 
 1161.000  8.287894e-01 
 1162.000  8.287894e-01 
 1163.000  8.837886e-01 
 1164.000  8.837886e-01 
 1165.000  8.647127e-01 
 1166.000  8.647127e-01 
 1167.000  9.063464e-01 
 1168.000  9.063464e-01 
 1169.000  9.187881e-01 
 1170.000  9.187881e-01 
 1171.000  9.269354e-01 
 1172.000  9.269354e-01 
 1173.000  8.636283e-01 
 1174.000  8.636283e-01 
 1175.000  9.626458e-01 
 1176.000  9.626458e-01 
 1177.000  9.023118e-01 
 1178.000  9.023118e-01 
 1179.000  9.464642e-01 
 1180.000  9.464642e-01 
 1181.000  8.567934e-01 
 1182.000  8.567934e-01 
 1183.000  9.241170e-01 
 1184.000  9.241170e-01 
 1185.000  9.451969e-01 
 1186.000  9.451969e-01 
 1187.000  8.708636e-01 
 1188.000  8.708636e-01 
 1189.000  8.708636e-01 
 1190.000  9.238684e-01 
 1191.000  9.238684e-01 
 1192.000  9.658566e-01 
 1193.000  9.658566e-01 
 1194.000  9.359007e-01 
 1195.000  9.359007e-01 
 1196.000  9.496756e-01 
 1197.000  9.496756e-01 
 1198.000  9.214102e-01 
 1199.000  9.214102e-01 
 1200.000  9.173521e-01 
