  250.000  0.000000e+00 
  251.000  0.000000e+00 
  252.000  0.000000e+00 
  253.000  0.000000e+00 
  254.000  0.000000e+00 
  255.000  0.000000e+00 
  256.000  0.000000e+00 
  257.000  0.000000e+00 
  258.000  0.000000e+00 
  259.000  0.000000e+00 
  260.000  0.000000e+00 
  261.000  0.000000e+00 
  262.000  0.000000e+00 
  263.000  0.000000e+00 
  264.000  0.000000e+00 
  265.000  0.000000e+00 
  266.000  0.000000e+00 
  267.000  0.000000e+00 
  268.000  0.000000e+00 
  269.000  0.000000e+00 
  270.000  0.000000e+00 
  271.000  0.000000e+00 
  272.000  0.000000e+00 
  273.000  0.000000e+00 
  274.000  0.000000e+00 
  275.000  0.000000e+00 
  276.000  0.000000e+00 
  277.000  0.000000e+00 
  278.000  0.000000e+00 
  279.000  0.000000e+00 
  280.000  0.000000e+00 
  281.000  0.000000e+00 
  282.000  0.000000e+00 
  283.000  0.000000e+00 
  284.000  0.000000e+00 
  285.000  0.000000e+00 
  286.000  0.000000e+00 
  287.000  0.000000e+00 
  288.000  2.815977e-11 
  289.000  2.376827e-10 
  290.000  3.180690e-09 
  291.000  2.224783e-08 
  292.000  3.305299e-07 
  293.000  1.570866e-06 
  294.000  9.496228e-06 
  295.000  2.897177e-05 
  296.000  1.482687e-04 
  297.000  3.797597e-04 
  298.000  1.171428e-03 
  299.000  2.509563e-03 
  300.000  5.634659e-03 
  301.000  1.076615e-02 
  302.000  1.855882e-02 
  303.000  3.626161e-02 
  304.000  4.473130e-02 
  305.000  7.703372e-02 
  306.000  1.018189e-01 
  307.000  1.465614e-01 
  308.000  1.816421e-01 
  309.000  2.240836e-01 
  310.000  2.942485e-01 
  311.000  3.237474e-01 
  312.000  3.772918e-01 
  313.000  4.440902e-01 
  314.000  4.647484e-01 
  315.000  5.467462e-01 
  316.000  5.614244e-01 
  317.000  6.239756e-01 
  318.000  6.502076e-01 
  319.000  7.521794e-01 
  320.000  6.680935e-01 
  321.000  8.188330e-01 
  322.000  7.397060e-01 
  323.000  8.046716e-01 
  324.000  8.921202e-01 
  325.000  8.082795e-01 
  326.000  8.991358e-01 
  327.000  9.164317e-01 
  328.000  8.524343e-01 
  329.000  9.518844e-01 
  330.000  9.579831e-01 
  331.000  8.997494e-01 
  332.000  9.632546e-01 
  333.000  9.661939e-01 
  334.000  9.450223e-01 
  335.000  9.779753e-01 
  336.000  9.845837e-01 
  337.000  9.609075e-01 
  338.000  9.786937e-01 
  339.000  9.872816e-01 
  340.000  9.745067e-01 
  341.000  9.861945e-01 
  342.000  9.900436e-01 
  343.000  9.888103e-01 
  344.000  9.761468e-01 
  345.000  9.892393e-01 
  346.000  9.915932e-01 
  347.000  9.902056e-01 
  348.000  9.917703e-01 
  349.000  9.933268e-01 
  350.000  9.944226e-01 
  351.000  9.944296e-01 
  352.000  9.947934e-01 
  353.000  9.951668e-01 
  354.000  9.938999e-01 
  355.000  9.935426e-01 
  356.000  9.937911e-01 
  357.000  9.915926e-01 
  358.000  9.903957e-01 
  359.000  9.890658e-01 
  360.000  9.875745e-01 
  361.000  9.865928e-01 
  362.000  9.886354e-01 
  363.000  9.905823e-01 
  364.000  9.924313e-01 
  365.000  9.923220e-01 
  366.000  9.932746e-01 
  367.000  9.935716e-01 
  368.000  9.934086e-01 
  369.000  9.936803e-01 
  370.000  9.935478e-01 
  371.000  9.939577e-01 
  372.000  9.926715e-01 
  373.000  9.932557e-01 
  374.000  9.933835e-01 
  375.000  9.935911e-01 
  376.000  9.922662e-01 
  377.000  9.920553e-01 
  378.000  9.916671e-01 
  379.000  9.900700e-01 
  380.000  9.882498e-01 
  381.000  9.888976e-01 
  382.000  9.903976e-01 
  383.000  9.920996e-01 
  384.000  9.922444e-01 
  385.000  9.926462e-01 
  386.000  9.929666e-01 
  387.000  9.928746e-01 
  388.000  9.927068e-01 
  389.000  9.926677e-01 
  390.000  9.926478e-01 
  391.000  9.928194e-01 
  392.000  9.919409e-01 
  393.000  9.932124e-01 
  394.000  9.932229e-01 
  395.000  9.930568e-01 
  396.000  9.926363e-01 
  397.000  9.932858e-01 
  398.000  9.920394e-01 
  399.000  9.929683e-01 
  400.000  9.918370e-01 
  401.000  9.920915e-01 
  402.000  9.930190e-01 
  403.000  9.935617e-01 
  404.000  9.925177e-01 
  405.000  9.921909e-01 
  406.000  9.931676e-01 
  407.000  9.939672e-01 
  408.000  9.926730e-01 
  409.000  9.919841e-01 
  410.000  9.923946e-01 
  411.000  9.922226e-01 
  412.000  9.931999e-01 
  413.000  9.918906e-01 
  414.000  9.924284e-01 
  415.000  9.925416e-01 
  416.000  9.936812e-01 
  417.000  9.935344e-01 
  418.000  9.928890e-01 
  419.000  9.930429e-01 
  420.000  9.923881e-01 
  421.000  9.922290e-01 
  422.000  9.919807e-01 
  423.000  9.924287e-01 
  424.000  9.916909e-01 
  425.000  9.925902e-01 
  426.000  9.936076e-01 
  427.000  9.926752e-01 
  428.000  9.917966e-01 
  429.000  9.932392e-01 
  430.000  9.932296e-01 
  431.000  9.916696e-01 
  432.000  9.931422e-01 
  433.000  9.928509e-01 
  434.000  9.920018e-01 
  435.000  9.902673e-01 
  436.000  9.918264e-01 
  437.000  9.935319e-01 
  438.000  9.938837e-01 
  439.000  9.902155e-01 
  440.000  9.914865e-01 
  441.000  9.930635e-01 
  442.000  9.936364e-01 
  443.000  9.927200e-01 
  444.000  9.913403e-01 
  445.000  9.898788e-01 
  446.000  9.912022e-01 
  447.000  9.917723e-01 
  448.000  9.882181e-01 
  449.000  9.911974e-01 
  450.000  9.922487e-01 
  451.000  9.921422e-01 
  452.000  9.919933e-01 
  453.000  9.920448e-01 
  454.000  9.927050e-01 
  455.000  9.917884e-01 
  456.000  9.916571e-01 
  457.000  9.920849e-01 
  458.000  9.900168e-01 
  459.000  9.908166e-01 
  460.000  9.896634e-01 
  461.000  9.897422e-01 
  462.000  9.905710e-01 
  463.000  9.884505e-01 
  464.000  9.895203e-01 
  465.000  9.900691e-01 
  466.000  9.909678e-01 
  467.000  9.896083e-01 
  468.000  9.899670e-01 
  469.000  9.903604e-01 
  470.000  9.900617e-01 
  471.000  9.896851e-01 
  472.000  9.881893e-01 
  473.000  9.863223e-01 
  474.000  9.824215e-01 
  475.000  9.800521e-01 
  476.000  9.781313e-01 
  477.000  9.771183e-01 
  478.000  9.768875e-01 
  479.000  9.775447e-01 
  480.000  9.784608e-01 
  481.000  9.814447e-01 
  482.000  9.835731e-01 
  483.000  9.851140e-01 
  484.000  9.850847e-01 
  485.000  9.847274e-01 
  486.000  9.847599e-01 
  487.000  9.852082e-01 
  488.000  9.844316e-01 
  489.000  9.834003e-01 
  490.000  9.845510e-01 
  491.000  9.852058e-01 
  492.000  9.848374e-01 
  493.000  9.844357e-01 
  494.000  9.835863e-01 
  495.000  9.833780e-01 
  496.000  9.825770e-01 
  497.000  9.823105e-01 
  498.000  9.821203e-01 
  499.000  9.815687e-01 
  500.000  9.808189e-01 
  501.000  9.796928e-01 
  502.000  9.776681e-01 
  503.000  9.759498e-01 
  504.000  9.755110e-01 
  505.000  9.733080e-01 
  506.000  9.742659e-01 
  507.000  9.745878e-01 
  508.000  9.748364e-01 
  509.000  9.744913e-01 
  510.000  9.745692e-01 
  511.000  9.747510e-01 
  512.000  9.748674e-01 
  513.000  9.752184e-01 
  514.000  9.753934e-01 
  515.000  9.756076e-01 
  516.000  9.751690e-01 
  517.000  9.746701e-01 
  518.000  9.741697e-01 
  519.000  9.731098e-01 
  520.000  9.726954e-01 
  521.000  9.720688e-01 
  522.000  9.715084e-01 
  523.000  9.705701e-01 
  524.000  9.695529e-01 
  525.000  9.680564e-01 
  526.000  9.663098e-01 
  527.000  9.651506e-01 
  528.000  9.634664e-01 
  529.000  9.621488e-01 
  530.000  9.610686e-01 
  531.000  9.601577e-01 
  532.000  9.595274e-01 
  533.000  9.592170e-01 
  534.000  9.589641e-01 
  535.000  9.589438e-01 
  536.000  9.589344e-01 
  537.000  9.587312e-01 
  538.000  9.583822e-01 
  539.000  9.579641e-01 
  540.000  9.580575e-01 
  541.000  9.575593e-01 
  542.000  9.566572e-01 
  543.000  9.561794e-01 
  544.000  9.559318e-01 
  545.000  9.550556e-01 
  546.000  9.549797e-01 
  547.000  9.550112e-01 
  548.000  9.545078e-01 
  549.000  9.543004e-01 
  550.000  9.541720e-01 
  551.000  9.539821e-01 
  552.000  9.534800e-01 
  553.000  9.525526e-01 
  554.000  9.522871e-01 
  555.000  9.519130e-01 
  556.000  9.508265e-01 
  557.000  9.493698e-01 
  558.000  9.480872e-01 
  559.000  9.464309e-01 
  560.000  9.449404e-01 
  561.000  9.436303e-01 
  562.000  9.424957e-01 
  563.000  9.410193e-01 
  564.000  9.394034e-01 
  565.000  9.380970e-01 
  566.000  9.369832e-01 
  567.000  9.355792e-01 
  568.000  9.337921e-01 
  569.000  9.301901e-01 
  570.000  9.267231e-01 
  571.000  9.248147e-01 
  572.000  9.230157e-01 
  573.000  9.208317e-01 
  574.000  9.188909e-01 
  575.000  9.170585e-01 
  576.000  9.165139e-01 
  577.000  9.165871e-01 
  578.000  9.177040e-01 
  579.000  9.192276e-01 
  580.000  9.207296e-01 
  581.000  9.235702e-01 
  582.000  9.264119e-01 
  583.000  9.287630e-01 
  584.000  9.322523e-01 
  585.000  9.335165e-01 
  586.000  9.349685e-01 
  587.000  9.354045e-01 
  588.000  9.361764e-01 
  589.000  9.344717e-01 
  590.000  9.344971e-01 
  591.000  9.350822e-01 
  592.000  9.328312e-01 
  593.000  9.350274e-01 
  594.000  9.335946e-01 
  595.000  9.338233e-01 
  596.000  9.334502e-01 
  597.000  9.332983e-01 
  598.000  9.324697e-01 
  599.000  9.321650e-01 
  600.000  9.313907e-01 
  601.000  9.316059e-01 
  602.000  9.319999e-01 
  603.000  9.322560e-01 
  604.000  9.324547e-01 
  605.000  9.325938e-01 
  606.000  9.335243e-01 
  607.000  9.342577e-01 
  608.000  9.352517e-01 
  609.000  9.356669e-01 
  610.000  9.364911e-01 
  611.000  9.371251e-01 
  612.000  9.379222e-01 
  613.000  9.387754e-01 
  614.000  9.393364e-01 
  615.000  9.400000e-01 
  616.000  9.408299e-01 
  617.000  9.413978e-01 
  618.000  9.417226e-01 
  619.000  9.422181e-01 
  620.000  9.423711e-01 
  621.000  9.422867e-01 
  622.000  9.422430e-01 
  623.000  9.417247e-01 
  624.000  9.414354e-01 
  625.000  9.411090e-01 
  626.000  9.401988e-01 
  627.000  9.395702e-01 
  628.000  9.107718e-01 
  629.000  9.230671e-01 
  630.000  9.281726e-01 
  631.000  9.376064e-01 
  632.000  9.413961e-01 
  633.000  9.431069e-01 
  634.000  9.457249e-01 
  635.000  9.463912e-01 
  636.000  9.492788e-01 
  637.000  9.524781e-01 
  638.000  9.541761e-01 
  639.000  9.562631e-01 
  640.000  9.573629e-01 
  641.000  9.594002e-01 
  642.000  9.602810e-01 
  643.000  9.609008e-01 
  644.000  9.616982e-01 
  645.000  9.624776e-01 
  646.000  9.623963e-01 
  647.000  9.622595e-01 
  648.000  9.616815e-01 
  649.000  9.632466e-01 
  650.000  9.655010e-01 
  651.000  9.659716e-01 
  652.000  9.662354e-01 
  653.000  9.670805e-01 
  654.000  9.679855e-01 
  655.000  9.665308e-01 
  656.000  9.682586e-01 
  657.000  9.689693e-01 
  658.000  9.701374e-01 
  659.000  9.710256e-01 
  660.000  9.712395e-01 
  661.000  9.720488e-01 
  662.000  9.722376e-01 
  663.000  9.728448e-01 
  664.000  9.732358e-01 
  665.000  9.736680e-01 
  666.000  9.741434e-01 
  667.000  9.748200e-01 
  668.000  9.751712e-01 
  669.000  9.757577e-01 
  670.000  9.760744e-01 
  671.000  9.767419e-01 
  672.000  9.768570e-01 
  673.000  9.773615e-01 
  674.000  9.775596e-01 
  675.000  9.781178e-01 
  676.000  9.782731e-01 
  677.000  9.785740e-01 
  678.000  9.790459e-01 
  679.000  9.793243e-01 
  680.000  9.798175e-01 
  681.000  9.800748e-01 
  682.000  9.808455e-01 
  683.000  9.810662e-01 
  684.000  9.817666e-01 
  685.000  9.820351e-01 
  686.000  9.824553e-01 
  687.000  6.329315e-01 
  688.000  8.078341e-01 
  689.000  8.570543e-01 
  690.000  8.949969e-01 
  691.000  9.214771e-01 
  692.000  9.664744e-01 
  693.000  9.691098e-01 
  694.000  9.774189e-01 
  695.000  9.813511e-01 
  696.000  9.802029e-01 
  697.000  9.854525e-01 
  698.000  9.855930e-01 
  699.000  9.834499e-01 
  700.000  9.843515e-01 
  701.000  9.826246e-01 
  702.000  9.836784e-01 
  703.000  9.846830e-01 
  704.000  9.852466e-01 
  705.000  9.856740e-01 
  706.000  9.864746e-01 
  707.000  9.871404e-01 
  708.000  9.878572e-01 
  709.000  9.880359e-01 
  710.000  9.878876e-01 
  711.000  9.886768e-01 
  712.000  9.885630e-01 
  713.000  9.891859e-01 
  714.000  9.888205e-01 
  715.000  9.881589e-01 
  716.000  9.885382e-01 
  717.000  9.850045e-01 
  718.000  9.721377e-01 
  719.000  9.534031e-01 
  720.000  9.737667e-01 
  721.000  9.874287e-01 
  722.000  9.871400e-01 
  723.000  9.865242e-01 
  724.000  9.676349e-01 
  725.000  9.760126e-01 
  726.000  9.837130e-01 
  727.000  9.801112e-01 
  728.000  9.745681e-01 
  729.000  9.778234e-01 
  730.000  9.844789e-01 
  731.000  9.818857e-01 
  732.000  9.839481e-01 
  733.000  9.889999e-01 
  734.000  9.912236e-01 
  735.000  9.896069e-01 
  736.000  9.908539e-01 
  737.000  9.909234e-01 
  738.000  9.917871e-01 
  739.000  9.920384e-01 
  740.000  9.930018e-01 
  741.000  9.934524e-01 
  742.000  9.936061e-01 
  743.000  9.936478e-01 
  744.000  9.938067e-01 
  745.000  9.938992e-01 
  746.000  9.941154e-01 
  747.000  9.942726e-01 
  748.000  9.943544e-01 
  749.000  9.944233e-01 
  750.000  9.945496e-01 
  751.000  9.946312e-01 
  752.000  9.949498e-01 
  753.000  9.950411e-01 
  754.000  9.951549e-01 
  755.000  9.952791e-01 
  756.000  9.953416e-01 
  757.000  9.954518e-01 
  758.000  9.956330e-01 
  759.000  9.838620e-01 
  760.000  3.012694e-01 
  761.000  1.633796e-01 
  762.000  5.825385e-01 
  763.000  4.614229e-01 
  764.000  5.508451e-01 
  765.000  7.092336e-01 
  766.000  8.557802e-01 
  767.000  9.120622e-01 
  768.000  9.732138e-01 
  769.000  9.887981e-01 
  770.000  9.888951e-01 
  771.000  9.945223e-01 
  772.000  9.959593e-01 
  773.000  9.959345e-01 
  774.000  9.959179e-01 
  775.000  9.959186e-01 
  776.000  9.959195e-01 
  777.000  9.959345e-01 
  778.000  9.959353e-01 
  779.000  9.959205e-01 
  780.000  9.959089e-01 
  781.000  9.960370e-01 
  782.000  9.961399e-01 
  783.000  9.962189e-01 
  784.000  9.962264e-01 
  785.000  9.962258e-01 
  786.000  9.959394e-01 
  787.000  9.960940e-01 
  788.000  9.954705e-01 
  789.000  9.954811e-01 
  790.000  9.943091e-01 
  791.000  9.945424e-01 
  792.000  9.950628e-01 
  793.000  9.954379e-01 
  794.000  9.972019e-01 
  795.000  9.966841e-01 
  796.000  9.934533e-01 
  797.000  9.960364e-01 
  798.000  9.961548e-01 
  799.000  9.966331e-01 
  800.000  9.952415e-01 
  801.000  9.946123e-01 
  802.000  9.956001e-01 
  803.000  9.952426e-01 
  804.000  9.951339e-01 
  805.000  9.958295e-01 
  806.000  9.969610e-01 
  807.000  9.961586e-01 
  808.000  9.968441e-01 
  809.000  9.956228e-01 
  810.000  9.950224e-01 
  811.000  9.954244e-01 
  812.000  9.940973e-01 
  813.000  9.915884e-01 
  814.000  9.869441e-01 
  815.000  9.809213e-01 
  816.000  9.852525e-01 
  817.000  9.597777e-01 
  818.000  9.768775e-01 
  819.000  9.846596e-01 
  820.000  9.734135e-01 
  821.000  9.947424e-01 
  822.000  9.924417e-01 
  823.000  9.502654e-01 
  824.000  9.896665e-01 
  825.000  9.935417e-01 
  826.000  9.892643e-01 
  827.000  9.934896e-01 
  828.000  9.823474e-01 
  829.000  9.913244e-01 
  830.000  9.895706e-01 
  831.000  9.900047e-01 
  832.000  9.905426e-01 
  833.000  9.933764e-01 
  834.000  9.937479e-01 
  835.000  9.951189e-01 
  836.000  9.955695e-01 
  837.000  9.950697e-01 
  838.000  9.964803e-01 
  839.000  9.968150e-01 
  840.000  9.970075e-01 
  841.000  9.970075e-01 
  842.000  9.959840e-01 
  843.000  9.977180e-01 
  844.000  9.965830e-01 
  845.000  9.974574e-01 
  846.000  9.976825e-01 
  847.000  9.978616e-01 
  848.000  9.975957e-01 
  849.000  9.976804e-01 
  850.000  9.980465e-01 
  851.000  9.992636e-01 
  852.000  9.997436e-01 
  853.000  9.997663e-01 
  854.000  9.997184e-01 
  855.000  9.997184e-01 
  856.000  9.997488e-01 
  857.000  9.999449e-01 
  858.000  9.997422e-01 
  859.000  9.998584e-01 
  860.000  9.999853e-01 
  861.000  9.999249e-01 
  862.000  9.999734e-01 
  863.000  9.997066e-01 
  864.000  9.999924e-01 
  865.000  9.999924e-01 
  866.000  9.999233e-01 
  867.000  9.999897e-01 
  868.000  9.999262e-01 
  869.000  9.997516e-01 
  870.000  9.999714e-01 
  871.000  9.998819e-01 
  872.000  9.999917e-01 
  873.000  9.999713e-01 
  874.000  9.999713e-01 
  875.000  9.999985e-01 
  876.000  9.999991e-01 
  877.000  9.999793e-01 
  878.000  9.999693e-01 
  879.000  9.999635e-01 
  880.000  9.999852e-01 
  881.000  9.999852e-01 
  882.000  9.998795e-01 
  883.000  9.998921e-01 
  884.000  9.999080e-01 
  885.000  9.999272e-01 
  886.000  9.992604e-01 
  887.000  9.998640e-01 
  888.000  9.998640e-01 
  889.000  9.997261e-01 
  890.000  9.993390e-01 
  891.000  9.998705e-01 
  892.000  9.992769e-01 
  893.000  9.980068e-01 
  894.000  9.980068e-01 
  895.000  9.946238e-01 
  896.000  9.906528e-01 
  897.000  9.716514e-01 
  898.000  9.895073e-01 
  899.000  9.464425e-01 
  900.000  9.464425e-01 
  901.000  9.548065e-01 
  902.000  9.648373e-01 
  903.000  9.737443e-01 
  904.000  9.947818e-01 
  905.000  9.929118e-01 
  906.000  9.929118e-01 
  907.000  9.721577e-01 
  908.000  9.640253e-01 
  909.000  9.697585e-01 
  910.000  9.653190e-01 
  911.000  9.653190e-01 
  912.000  9.868747e-01 
  913.000  9.770549e-01 
  914.000  9.693736e-01 
  915.000  9.570777e-01 
  916.000  9.570777e-01 
  917.000  9.867120e-01 
  918.000  9.642023e-01 
  919.000  9.825488e-01 
  920.000  9.945982e-01 
  921.000  9.945982e-01 
  922.000  9.914982e-01 
  923.000  9.907021e-01 
  924.000  9.882259e-01 
  925.000  9.882259e-01 
  926.000  9.893572e-01 
  927.000  9.915718e-01 
  928.000  9.717790e-01 
  929.000  9.687801e-01 
  930.000  9.687801e-01 
  931.000  9.283031e-01 
  932.000  8.055770e-01 
  933.000  8.492374e-01 
  934.000  8.492374e-01 
  935.000  7.792464e-01 
  936.000  7.637981e-01 
  937.000  7.711262e-01 
  938.000  7.711262e-01 
  939.000  8.431960e-01 
  940.000  9.300115e-01 
  941.000  9.138148e-01 
  942.000  9.138148e-01 
  943.000  8.408028e-01 
  944.000  8.355292e-01 
  945.000  9.150594e-01 
  946.000  9.150594e-01 
  947.000  8.677468e-01 
  948.000  8.873161e-01 
  949.000  9.094422e-01 
  950.000  9.094422e-01 
  951.000  9.132317e-01 
  952.000  8.533221e-01 
  953.000  9.355970e-01 
  954.000  9.355970e-01 
  955.000  9.332108e-01 
  956.000  8.655070e-01 
  957.000  9.490249e-01 
  958.000  9.490249e-01 
  959.000  9.217504e-01 
  960.000  9.464009e-01 
  961.000  9.464009e-01 
  962.000  9.530040e-01 
  963.000  9.708690e-01 
  964.000  9.430141e-01 
  965.000  9.430141e-01 
  966.000  9.581848e-01 
  967.000  9.784350e-01 
  968.000  9.784350e-01 
  969.000  9.834740e-01 
  970.000  9.906215e-01 
  971.000  9.927142e-01 
  972.000  9.927142e-01 
  973.000  9.900486e-01 
  974.000  9.743506e-01 
  975.000  9.743506e-01 
  976.000  9.693933e-01 
  977.000  9.864249e-01 
  978.000  9.841322e-01 
  979.000  9.841322e-01 
  980.000  9.851315e-01 
  981.000  9.960994e-01 
  982.000  9.960994e-01 
  983.000  9.933658e-01 
  984.000  9.956890e-01 
  985.000  9.956890e-01 
  986.000  9.990185e-01 
  987.000  9.977413e-01 
  988.000  9.977413e-01 
  989.000  9.995395e-01 
  990.000  9.987633e-01 
  991.000  9.987633e-01 
  992.000  9.992529e-01 
  993.000  9.991886e-01 
  994.000  9.991886e-01 
  995.000  9.998574e-01 
  996.000  9.998693e-01 
  997.000  9.998693e-01 
  998.000  9.998509e-01 
  999.000  9.997821e-01 
 1000.000  9.997821e-01 
 1001.000  9.998292e-01 
 1002.000  9.987985e-01 
 1003.000  9.987985e-01 
 1004.000  9.998020e-01 
 1005.000  9.998676e-01 
 1006.000  9.998676e-01 
 1007.000  9.998983e-01 
 1008.000  9.996577e-01 
 1009.000  9.996577e-01 
 1010.000  9.988120e-01 
 1011.000  9.998515e-01 
 1012.000  9.998515e-01 
 1013.000  9.998974e-01 
 1014.000  9.998685e-01 
 1015.000  9.998685e-01 
 1016.000  9.998995e-01 
 1017.000  9.998562e-01 
 1018.000  9.998562e-01 
 1019.000  9.997468e-01 
 1020.000  9.998990e-01 
 1021.000  9.998990e-01 
 1022.000  9.997439e-01 
 1023.000  9.997439e-01 
 1024.000  9.997256e-01 
 1025.000  9.998435e-01 
 1026.000  9.998435e-01 
 1027.000  9.997367e-01 
 1028.000  9.997808e-01 
 1029.000  9.997808e-01 
 1030.000  9.997183e-01 
 1031.000  9.996380e-01 
 1032.000  9.996380e-01 
 1033.000  9.994777e-01 
 1034.000  9.994777e-01 
 1035.000  9.993142e-01 
 1036.000  9.986693e-01 
 1037.000  9.986693e-01 
 1038.000  9.985363e-01 
 1039.000  9.978170e-01 
 1040.000  9.978170e-01 
 1041.000  9.972911e-01 
 1042.000  9.972911e-01 
 1043.000  9.966362e-01 
 1044.000  9.956739e-01 
 1045.000  9.956739e-01 
 1046.000  9.943550e-01 
 1047.000  9.943550e-01 
 1048.000  9.930426e-01 
 1049.000  9.904249e-01 
 1050.000  9.904249e-01 
 1051.000  9.892557e-01 
 1052.000  9.892557e-01 
 1053.000  9.874769e-01 
 1054.000  9.859657e-01 
 1055.000  9.859657e-01 
 1056.000  9.842337e-01 
 1057.000  9.842337e-01 
 1058.000  9.826185e-01 
 1059.000  9.810331e-01 
 1060.000  9.810331e-01 
 1061.000  9.800273e-01 
 1062.000  9.800273e-01 
 1063.000  9.784138e-01 
 1064.000  9.776171e-01 
 1065.000  9.776171e-01 
 1066.000  9.787799e-01 
 1067.000  9.787799e-01 
 1068.000  9.780314e-01 
 1069.000  9.801548e-01 
 1070.000  9.801548e-01 
 1071.000  9.817523e-01 
 1072.000  9.817523e-01 
 1073.000  9.832925e-01 
 1074.000  9.832925e-01 
 1075.000  9.845382e-01 
 1076.000  9.860703e-01 
 1077.000  9.860703e-01 
 1078.000  9.886655e-01 
 1079.000  9.886655e-01 
 1080.000  9.894400e-01 
 1081.000  9.894400e-01 
 1082.000  9.916073e-01 
 1083.000  9.924685e-01 
 1084.000  9.924685e-01 
 1085.000  9.919710e-01 
 1086.000  9.919710e-01 
 1087.000  9.951485e-01 
 1088.000  9.951485e-01 
 1089.000  9.953513e-01 
 1090.000  9.953722e-01 
 1091.000  9.953722e-01 
 1092.000  9.945692e-01 
 1093.000  9.945692e-01 
 1094.000  9.948857e-01 
 1095.000  9.948857e-01 
 1096.000  9.942665e-01 
 1097.000  9.942665e-01 
 1098.000  9.931452e-01 
 1099.000  9.864577e-01 
 1100.000  9.864577e-01 
 1101.000  9.868406e-01 
 1102.000  9.868406e-01 
 1103.000  9.839591e-01 
 1104.000  9.839591e-01 
 1105.000  9.821252e-01 
 1106.000  9.821252e-01 
 1107.000  9.819233e-01 
 1108.000  9.819233e-01 
 1109.000  9.757883e-01 
 1110.000  9.683249e-01 
 1111.000  9.683249e-01 
 1112.000  9.583252e-01 
 1113.000  9.583252e-01 
 1114.000  9.160810e-01 
 1115.000  9.160810e-01 
 1116.000  8.292546e-01 
 1117.000  8.292546e-01 
 1118.000  8.598518e-01 
 1119.000  8.598518e-01 
 1120.000  8.217758e-01 
 1121.000  8.217758e-01 
 1122.000  6.945214e-01 
 1123.000  8.504160e-01 
 1124.000  8.504160e-01 
 1125.000  7.223217e-01 
 1126.000  7.223217e-01 
 1127.000  7.762036e-01 
 1128.000  7.762036e-01 
 1129.000  7.762253e-01 
 1130.000  7.762253e-01 
 1131.000  9.316592e-01 
 1132.000  9.316592e-01 
 1133.000  7.949107e-01 
 1134.000  7.949107e-01 
 1135.000  5.909076e-01 
 1136.000  5.909076e-01 
 1137.000  9.385419e-01 
 1138.000  9.385419e-01 
 1139.000  8.851543e-01 
 1140.000  8.851543e-01 
 1141.000  8.866168e-01 
 1142.000  8.866168e-01 
 1143.000  9.258636e-01 
 1144.000  9.258636e-01 
 1145.000  7.914959e-01 
 1146.000  7.914959e-01 
 1147.000  8.050594e-01 
 1148.000  8.050594e-01 
 1149.000  8.396549e-01 
 1150.000  8.396549e-01 
 1151.000  8.894808e-01 
 1152.000  8.894808e-01 
 1153.000  8.678339e-01 
 1154.000  8.678339e-01 
 1155.000  8.982323e-01 
 1156.000  8.982323e-01 
 1157.000  9.416429e-01 
 1158.000  9.416429e-01 
 1159.000  9.697311e-01 
 1160.000  9.697311e-01 
 1161.000  9.622490e-01 
 1162.000  9.622490e-01 
 1163.000  9.738882e-01 
 1164.000  9.738882e-01 
 1165.000  9.704774e-01 
 1166.000  9.704774e-01 
 1167.000  9.822418e-01 
 1168.000  9.822418e-01 
 1169.000  9.816626e-01 
 1170.000  9.816626e-01 
 1171.000  9.851713e-01 
 1172.000  9.851713e-01 
 1173.000  9.719685e-01 
 1174.000  9.719685e-01 
 1175.000  9.922779e-01 
 1176.000  9.922779e-01 
 1177.000  9.809201e-01 
 1178.000  9.809201e-01 
 1179.000  9.896379e-01 
 1180.000  9.896379e-01 
 1181.000  9.696496e-01 
 1182.000  9.696496e-01 
 1183.000  9.854227e-01 
 1184.000  9.854227e-01 
 1185.000  9.901621e-01 
 1186.000  9.901621e-01 
 1187.000  9.682297e-01 
 1188.000  9.682297e-01 
 1189.000  9.682297e-01 
 1190.000  9.850966e-01 
 1191.000  9.850966e-01 
 1192.000  9.942153e-01 
 1193.000  9.942153e-01 
 1194.000  9.883353e-01 
 1195.000  9.883353e-01 
 1196.000  9.919083e-01 
 1197.000  9.919083e-01 
 1198.000  9.856947e-01 
 1199.000  9.856947e-01 
 1200.000  9.843892e-01 
