  250.000  0.000000e+00 
  251.000  0.000000e+00 
  252.000  0.000000e+00 
  253.000  0.000000e+00 
  254.000  0.000000e+00 
  255.000  0.000000e+00 
  256.000  0.000000e+00 
  257.000  0.000000e+00 
  258.000  0.000000e+00 
  259.000  0.000000e+00 
  260.000  0.000000e+00 
  261.000  0.000000e+00 
  262.000  0.000000e+00 
  263.000  0.000000e+00 
  264.000  0.000000e+00 
  265.000  0.000000e+00 
  266.000  0.000000e+00 
  267.000  0.000000e+00 
  268.000  0.000000e+00 
  269.000  0.000000e+00 
  270.000  0.000000e+00 
  271.000  0.000000e+00 
  272.000  0.000000e+00 
  273.000  0.000000e+00 
  274.000  0.000000e+00 
  275.000  0.000000e+00 
  276.000  0.000000e+00 
  277.000  0.000000e+00 
  278.000  0.000000e+00 
  279.000  0.000000e+00 
  280.000  0.000000e+00 
  281.000  0.000000e+00 
  282.000  0.000000e+00 
  283.000  0.000000e+00 
  284.000  0.000000e+00 
  285.000  0.000000e+00 
  286.000  0.000000e+00 
  287.000  0.000000e+00 
  288.000  0.000000e+00 
  289.000  0.000000e+00 
  290.000  0.000000e+00 
  291.000  0.000000e+00 
  292.000  2.029811e-11 
  293.000  1.763227e-10 
  294.000  3.058940e-09 
  295.000  1.926427e-08 
  296.000  1.881743e-07 
  297.000  8.214045e-07 
  298.000  5.297993e-06 
  299.000  1.479316e-05 
  300.000  5.483469e-05 
  301.000  1.585988e-04 
  302.000  3.384817e-04 
  303.000  9.123085e-04 
  304.000  1.390327e-03 
  305.000  3.109013e-03 
  306.000  4.737870e-03 
  307.000  7.885903e-03 
  308.000  1.105900e-02 
  309.000  1.456161e-02 
  310.000  2.405889e-02 
  311.000  2.912556e-02 
  312.000  3.855779e-02 
  313.000  4.834996e-02 
  314.000  5.300045e-02 
  315.000  6.976412e-02 
  316.000  7.616905e-02 
  317.000  8.705866e-02 
  318.000  9.625987e-02 
  319.000  1.229709e-01 
  320.000  1.032986e-01 
  321.000  1.464736e-01 
  322.000  1.286947e-01 
  323.000  1.512664e-01 
  324.000  1.753733e-01 
  325.000  1.571687e-01 
  326.000  1.873497e-01 
  327.000  1.961016e-01 
  328.000  1.771931e-01 
  329.000  2.140386e-01 
  330.000  2.200714e-01 
  331.000  2.079820e-01 
  332.000  2.314044e-01 
  333.000  2.383740e-01 
  334.000  2.325282e-01 
  335.000  2.503798e-01 
  336.000  2.577223e-01 
  337.000  2.545196e-01 
  338.000  2.632125e-01 
  339.000  2.723103e-01 
  340.000  2.707259e-01 
  341.000  2.796752e-01 
  342.000  2.862789e-01 
  343.000  2.895895e-01 
  344.000  2.902076e-01 
  345.000  2.992995e-01 
  346.000  3.050763e-01 
  347.000  3.098108e-01 
  348.000  3.142729e-01 
  349.000  3.193293e-01 
  350.000  3.236687e-01 
  351.000  3.280146e-01 
  352.000  3.315873e-01 
  353.000  3.367248e-01 
  354.000  3.411157e-01 
  355.000  3.452268e-01 
  356.000  3.492587e-01 
  357.000  3.528757e-01 
  358.000  3.567939e-01 
  359.000  3.607173e-01 
  360.000  3.647255e-01 
  361.000  3.697641e-01 
  362.000  3.750235e-01 
  363.000  3.799125e-01 
  364.000  3.844512e-01 
  365.000  3.887342e-01 
  366.000  3.931401e-01 
  367.000  3.973543e-01 
  368.000  4.015480e-01 
  369.000  4.057225e-01 
  370.000  4.098712e-01 
  371.000  4.140036e-01 
  372.000  4.181179e-01 
  373.000  4.222130e-01 
  374.000  4.262593e-01 
  375.000  4.302450e-01 
  376.000  4.341154e-01 
  377.000  4.377976e-01 
  378.000  4.412442e-01 
  379.000  4.447508e-01 
  380.000  4.485929e-01 
  381.000  4.529458e-01 
  382.000  4.574627e-01 
  383.000  4.617609e-01 
  384.000  4.658628e-01 
  385.000  4.698350e-01 
  386.000  4.737216e-01 
  387.000  4.775590e-01 
  388.000  4.813598e-01 
  389.000  4.851403e-01 
  390.000  4.889011e-01 
  391.000  4.926345e-01 
  392.000  4.963501e-01 
  393.000  5.000452e-01 
  394.000  5.037161e-01 
  395.000  5.073595e-01 
  396.000  5.109884e-01 
  397.000  5.145851e-01 
  398.000  5.181580e-01 
  399.000  5.217093e-01 
  400.000  5.252213e-01 
  401.000  5.287272e-01 
  402.000  5.322133e-01 
  403.000  5.356774e-01 
  404.000  5.391189e-01 
  405.000  5.425311e-01 
  406.000  5.459278e-01 
  407.000  5.493051e-01 
  408.000  5.526604e-01 
  409.000  5.559902e-01 
  410.000  5.592956e-01 
  411.000  5.625754e-01 
  412.000  5.658273e-01 
  413.000  5.690665e-01 
  414.000  5.720766e-01 
  415.000  5.753436e-01 
  416.000  5.785766e-01 
  417.000  5.817616e-01 
  418.000  5.848786e-01 
  419.000  5.879674e-01 
  420.000  5.910341e-01 
  421.000  5.940877e-01 
  422.000  5.971273e-01 
  423.000  6.001496e-01 
  424.000  6.031414e-01 
  425.000  6.060706e-01 
  426.000  6.089763e-01 
  427.000  6.118613e-01 
  428.000  6.146992e-01 
  429.000  6.175016e-01 
  430.000  6.202764e-01 
  431.000  6.230345e-01 
  432.000  6.257684e-01 
  433.000  6.284806e-01 
  434.000  6.311739e-01 
  435.000  6.338450e-01 
  436.000  6.364905e-01 
  437.000  6.391113e-01 
  438.000  6.417065e-01 
  439.000  6.442851e-01 
  440.000  6.468269e-01 
  441.000  6.493405e-01 
  442.000  6.518188e-01 
  443.000  6.542640e-01 
  444.000  6.566750e-01 
  445.000  6.590390e-01 
  446.000  6.613432e-01 
  447.000  6.637566e-01 
  448.000  6.663373e-01 
  449.000  6.689497e-01 
  450.000  6.715170e-01 
  451.000  6.739896e-01 
  452.000  6.763806e-01 
  453.000  6.787273e-01 
  454.000  6.810355e-01 
  455.000  6.832107e-01 
  456.000  6.852112e-01 
  457.000  6.872131e-01 
  458.000  6.891905e-01 
  459.000  6.911290e-01 
  460.000  6.930537e-01 
  461.000  6.949599e-01 
  462.000  6.968325e-01 
  463.000  6.986999e-01 
  464.000  7.011440e-01 
  465.000  7.035556e-01 
  466.000  7.059290e-01 
  467.000  7.082527e-01 
  468.000  7.101471e-01 
  469.000  7.117850e-01 
  470.000  7.133004e-01 
  471.000  7.146757e-01 
  472.000  7.158529e-01 
  473.000  7.166918e-01 
  474.000  7.173952e-01 
  475.000  7.176379e-01 
  476.000  7.174144e-01 
  477.000  7.174826e-01 
  478.000  7.193454e-01 
  479.000  7.221455e-01 
  480.000  7.251654e-01 
  481.000  7.278897e-01 
  482.000  7.304694e-01 
  483.000  7.327256e-01 
  484.000  7.346786e-01 
  485.000  7.364351e-01 
  486.000  7.383225e-01 
  487.000  7.403197e-01 
  488.000  7.422574e-01 
  489.000  7.441624e-01 
  490.000  7.460470e-01 
  491.000  7.475182e-01 
  492.000  7.488632e-01 
  493.000  7.502018e-01 
  494.000  7.515048e-01 
  495.000  7.528074e-01 
  496.000  7.534654e-01 
  497.000  7.540962e-01 
  498.000  7.547176e-01 
  499.000  7.553061e-01 
  500.000  7.558852e-01 
  501.000  7.563987e-01 
  502.000  7.569119e-01 
  503.000  7.574182e-01 
  504.000  7.579014e-01 
  505.000  7.583584e-01 
  506.000  7.597409e-01 
  507.000  7.611648e-01 
  508.000  7.625869e-01 
  509.000  7.639937e-01 
  510.000  7.653725e-01 
  511.000  7.666074e-01 
  512.000  7.677999e-01 
  513.000  7.689857e-01 
  514.000  7.701576e-01 
  515.000  7.713197e-01 
  516.000  7.721448e-01 
  517.000  7.726679e-01 
  518.000  7.731767e-01 
  519.000  7.736758e-01 
  520.000  7.741698e-01 
  521.000  7.746129e-01 
  522.000  7.749315e-01 
  523.000  7.751642e-01 
  524.000  7.754037e-01 
  525.000  7.755946e-01 
  526.000  7.758573e-01 
  527.000  7.758945e-01 
  528.000  7.758394e-01 
  529.000  7.757815e-01 
  530.000  7.757336e-01 
  531.000  7.756922e-01 
  532.000  7.757524e-01 
  533.000  7.763996e-01 
  534.000  7.772079e-01 
  535.000  7.781160e-01 
  536.000  7.789948e-01 
  537.000  7.798011e-01 
  538.000  7.805247e-01 
  539.000  7.811965e-01 
  540.000  7.818282e-01 
  541.000  7.824418e-01 
  542.000  7.830296e-01 
  543.000  7.835972e-01 
  544.000  7.840235e-01 
  545.000  7.843337e-01 
  546.000  7.846296e-01 
  547.000  7.849333e-01 
  548.000  7.852217e-01 
  549.000  7.855054e-01 
  550.000  7.856354e-01 
  551.000  7.856148e-01 
  552.000  7.855994e-01 
  553.000  7.855546e-01 
  554.000  7.854961e-01 
  555.000  7.854294e-01 
  556.000  7.853056e-01 
  557.000  7.850847e-01 
  558.000  7.848474e-01 
  559.000  7.845852e-01 
  560.000  7.842627e-01 
  561.000  7.838853e-01 
  562.000  7.832457e-01 
  563.000  7.828001e-01 
  564.000  7.822359e-01 
  565.000  7.814276e-01 
  566.000  7.807648e-01 
  567.000  7.792042e-01 
  568.000  7.755597e-01 
  569.000  7.693582e-01 
  570.000  7.697287e-01 
  571.000  7.730235e-01 
  572.000  7.685906e-01 
  573.000  7.685765e-01 
  574.000  7.684145e-01 
  575.000  7.678677e-01 
  576.000  7.682705e-01 
  577.000  7.701169e-01 
  578.000  7.728106e-01 
  579.000  7.756386e-01 
  580.000  7.789265e-01 
  581.000  7.833088e-01 
  582.000  7.865232e-01 
  583.000  7.887995e-01 
  584.000  7.908704e-01 
  585.000  7.927578e-01 
  586.000  7.943600e-01 
  587.000  7.937935e-01 
  588.000  7.867176e-01 
  589.000  7.739617e-01 
  590.000  7.737482e-01 
  591.000  7.835986e-01 
  592.000  7.792405e-01 
  593.000  7.903221e-01 
  594.000  7.885068e-01 
  595.000  7.815667e-01 
  596.000  7.916759e-01 
  597.000  7.886920e-01 
  598.000  7.923324e-01 
  599.000  7.934150e-01 
  600.000  7.966136e-01 
  601.000  7.981345e-01 
  602.000  7.982945e-01 
  603.000  7.996762e-01 
  604.000  8.019112e-01 
  605.000  8.036153e-01 
  606.000  8.049700e-01 
  607.000  8.062851e-01 
  608.000  8.075790e-01 
  609.000  8.088233e-01 
  610.000  8.101179e-01 
  611.000  8.115613e-01 
  612.000  8.129777e-01 
  613.000  8.143541e-01 
  614.000  8.156935e-01 
  615.000  8.170300e-01 
  616.000  8.183220e-01 
  617.000  8.195487e-01 
  618.000  8.205854e-01 
  619.000  8.214741e-01 
  620.000  8.223037e-01 
  621.000  8.230296e-01 
  622.000  8.236517e-01 
  623.000  8.240986e-01 
  624.000  8.245685e-01 
  625.000  8.249769e-01 
  626.000  8.248131e-01 
  627.000  8.207368e-01 
  628.000  7.875177e-01 
  629.000  8.091724e-01 
  630.000  8.126652e-01 
  631.000  8.194827e-01 
  632.000  8.211942e-01 
  633.000  8.280033e-01 
  634.000  8.325937e-01 
  635.000  8.352922e-01 
  636.000  8.386232e-01 
  637.000  8.415270e-01 
  638.000  8.454738e-01 
  639.000  8.479633e-01 
  640.000  8.510275e-01 
  641.000  8.530405e-01 
  642.000  8.555474e-01 
  643.000  8.556935e-01 
  644.000  8.574086e-01 
  645.000  8.569416e-01 
  646.000  8.509170e-01 
  647.000  8.467648e-01 
  648.000  8.419203e-01 
  649.000  8.484406e-01 
  650.000  8.598045e-01 
  651.000  8.608489e-01 
  652.000  8.528191e-01 
  653.000  8.642935e-01 
  654.000  8.641806e-01 
  655.000  8.614074e-01 
  656.000  8.637681e-01 
  657.000  8.668084e-01 
  658.000  8.713883e-01 
  659.000  8.739678e-01 
  660.000  8.759769e-01 
  661.000  8.796077e-01 
  662.000  8.818527e-01 
  663.000  8.825604e-01 
  664.000  8.840953e-01 
  665.000  8.855733e-01 
  666.000  8.872289e-01 
  667.000  8.887073e-01 
  668.000  8.903351e-01 
  669.000  8.916448e-01 
  670.000  8.928618e-01 
  671.000  8.941152e-01 
  672.000  8.952879e-01 
  673.000  8.964469e-01 
  674.000  8.975985e-01 
  675.000  8.987501e-01 
  676.000  8.998403e-01 
  677.000  9.008407e-01 
  678.000  9.018417e-01 
  679.000  9.027325e-01 
  680.000  9.031505e-01 
  681.000  9.033898e-01 
  682.000  9.041079e-01 
  683.000  9.045938e-01 
  684.000  9.047089e-01 
  685.000  9.062714e-01 
  686.000  9.020211e-01 
  687.000  7.463491e-01 
  688.000  7.943426e-01 
  689.000  7.812292e-01 
  690.000  8.064689e-01 
  691.000  8.414068e-01 
  692.000  8.651641e-01 
  693.000  8.669861e-01 
  694.000  8.633868e-01 
  695.000  8.746265e-01 
  696.000  8.810222e-01 
  697.000  9.037879e-01 
  698.000  8.998232e-01 
  699.000  8.805418e-01 
  700.000  8.842486e-01 
  701.000  8.802354e-01 
  702.000  8.838816e-01 
  703.000  9.008326e-01 
  704.000  9.019469e-01 
  705.000  8.954690e-01 
  706.000  8.971325e-01 
  707.000  8.999079e-01 
  708.000  9.028792e-01 
  709.000  9.086137e-01 
  710.000  9.031876e-01 
  711.000  9.093946e-01 
  712.000  9.147272e-01 
  713.000  9.110417e-01 
  714.000  9.100240e-01 
  715.000  9.038656e-01 
  716.000  8.974916e-01 
  717.000  8.545399e-01 
  718.000  8.281115e-01 
  719.000  8.187968e-01 
  720.000  8.043685e-01 
  721.000  8.687267e-01 
  722.000  8.916652e-01 
  723.000  8.792236e-01 
  724.000  8.430916e-01 
  725.000  8.488169e-01 
  726.000  8.473000e-01 
  727.000  8.526803e-01 
  728.000  8.472179e-01 
  729.000  8.614169e-01 
  730.000  8.591511e-01 
  731.000  8.563711e-01 
  732.000  8.801699e-01 
  733.000  9.028643e-01 
  734.000  9.138557e-01 
  735.000  9.102372e-01 
  736.000  9.032817e-01 
  737.000  9.088054e-01 
  738.000  9.163358e-01 
  739.000  9.196591e-01 
  740.000  9.268426e-01 
  741.000  9.310529e-01 
  742.000  9.329090e-01 
  743.000  9.362235e-01 
  744.000  9.380359e-01 
  745.000  9.394915e-01 
  746.000  9.406537e-01 
  747.000  9.411683e-01 
  748.000  9.426426e-01 
  749.000  9.434595e-01 
  750.000  9.432837e-01 
  751.000  9.437076e-01 
  752.000  9.450167e-01 
  753.000  9.456623e-01 
  754.000  9.462099e-01 
  755.000  9.466299e-01 
  756.000  9.470606e-01 
  757.000  9.473651e-01 
  758.000  9.448832e-01 
  759.000  8.594279e-01 
  760.000  2.984270e-01 
  761.000  2.544036e-01 
  762.000  5.509566e-01 
  763.000  4.523241e-01 
  764.000  5.005893e-01 
  765.000  6.148688e-01 
  766.000  7.608758e-01 
  767.000  8.377266e-01 
  768.000  8.891065e-01 
  769.000  9.235139e-01 
  770.000  9.428253e-01 
  771.000  9.512532e-01 
  772.000  9.534025e-01 
  773.000  9.545157e-01 
  774.000  9.560313e-01 
  775.000  9.569811e-01 
  776.000  9.576476e-01 
  777.000  9.579155e-01 
  778.000  9.580058e-01 
  779.000  9.580598e-01 
  780.000  9.581021e-01 
  781.000  9.586921e-01 
  782.000  9.587184e-01 
  783.000  9.587612e-01 
  784.000  9.584472e-01 
  785.000  9.566688e-01 
  786.000  9.543997e-01 
  787.000  9.497529e-01 
  788.000  9.470292e-01 
  789.000  9.369879e-01 
  790.000  9.362269e-01 
  791.000  9.382547e-01 
  792.000  9.401325e-01 
  793.000  9.443689e-01 
  794.000  9.532357e-01 
  795.000  9.479871e-01 
  796.000  9.338109e-01 
  797.000  9.379989e-01 
  798.000  9.471205e-01 
  799.000  9.451625e-01 
  800.000  9.386950e-01 
  801.000  9.395771e-01 
  802.000  9.390110e-01 
  803.000  9.400687e-01 
  804.000  9.432509e-01 
  805.000  9.492606e-01 
  806.000  9.528834e-01 
  807.000  9.531357e-01 
  808.000  9.512329e-01 
  809.000  9.488714e-01 
  810.000  9.462789e-01 
  811.000  9.408510e-01 
  812.000  9.335132e-01 
  813.000  9.244933e-01 
  814.000  9.125485e-01 
  815.000  8.976575e-01 
  816.000  8.784273e-01 
  817.000  8.796149e-01 
  818.000  8.812779e-01 
  819.000  8.877098e-01 
  820.000  9.090399e-01 
  821.000  9.333459e-01 
  822.000  9.150081e-01 
  823.000  8.634884e-01 
  824.000  9.070617e-01 
  825.000  9.350026e-01 
  826.000  9.302999e-01 
  827.000  9.268607e-01 
  828.000  9.085804e-01 
  829.000  9.152786e-01 
  830.000  9.227586e-01 
  831.000  9.245654e-01 
  832.000  9.253802e-01 
  833.000  9.297154e-01 
  834.000  9.348016e-01 
  835.000  9.448220e-01 
  836.000  9.416886e-01 
  837.000  9.414149e-01 
  838.000  9.463367e-01 
  839.000  9.493480e-01 
  840.000  9.504911e-01 
  841.000  9.473744e-01 
  842.000  9.503117e-01 
  843.000  9.571853e-01 
  844.000  9.603376e-01 
  845.000  9.618472e-01 
  846.000  9.628912e-01 
  847.000  9.645187e-01 
  848.000  9.624975e-01 
  849.000  9.629251e-01 
  850.000  9.616417e-01 
  851.000  9.600958e-01 
  852.000  9.603305e-01 
  853.000  9.630792e-01 
  854.000  9.630045e-01 
  855.000  9.644204e-01 
  856.000  9.667493e-01 
  857.000  9.679309e-01 
  858.000  9.684778e-01 
  859.000  9.700457e-01 
  860.000  9.710473e-01 
  861.000  9.712468e-01 
  862.000  9.718055e-01 
  863.000  9.719287e-01 
  864.000  9.723302e-01 
  865.000  9.726688e-01 
  866.000  9.728009e-01 
  867.000  9.728041e-01 
  868.000  9.729046e-01 
  869.000  9.730551e-01 
  870.000  9.730397e-01 
  871.000  9.731844e-01 
  872.000  9.734597e-01 
  873.000  9.732932e-01 
  874.000  9.732275e-01 
  875.000  9.732535e-01 
  876.000  9.729223e-01 
  877.000  9.727802e-01 
  878.000  9.718720e-01 
  879.000  9.718552e-01 
  880.000  9.712045e-01 
  881.000  9.707591e-01 
  882.000  9.703334e-01 
  883.000  9.708689e-01 
  884.000  9.711179e-01 
  885.000  9.696668e-01 
  886.000  9.676579e-01 
  887.000  9.692363e-01 
  888.000  9.691858e-01 
  889.000  9.698307e-01 
  890.000  9.687901e-01 
  891.000  9.668355e-01 
  892.000  9.615090e-01 
  893.000  9.451476e-01 
  894.000  9.370327e-01 
  895.000  9.120197e-01 
  896.000  8.895772e-01 
  897.000  8.658736e-01 
  898.000  8.547950e-01 
  899.000  8.232302e-01 
  900.000  8.278790e-01 
  901.000  8.196754e-01 
  902.000  8.211961e-01 
  903.000  8.743343e-01 
  904.000  9.066260e-01 
  905.000  9.054776e-01 
  906.000  8.853642e-01 
  907.000  8.496620e-01 
  908.000  8.260766e-01 
  909.000  8.271446e-01 
  910.000  8.307599e-01 
  911.000  8.465053e-01 
  912.000  8.389442e-01 
  913.000  8.058860e-01 
  914.000  8.222989e-01 
  915.000  8.352027e-01 
  916.000  8.387121e-01 
  917.000  8.457123e-01 
  918.000  8.547502e-01 
  919.000  8.853824e-01 
  920.000  9.084480e-01 
  921.000  9.034004e-01 
  922.000  9.030059e-01 
  923.000  8.966205e-01 
  924.000  8.811980e-01 
  925.000  8.799967e-01 
  926.000  8.797690e-01 
  927.000  8.618102e-01 
  928.000  8.340868e-01 
  929.000  7.938821e-01 
  930.000  7.424499e-01 
  931.000  6.845445e-01 
  932.000  6.083916e-01 
  933.000  5.507251e-01 
  934.000  4.907539e-01 
  935.000  4.844336e-01 
  936.000  5.084335e-01 
  937.000  5.022783e-01 
  938.000  5.687954e-01 
  939.000  7.384204e-01 
  940.000  7.632422e-01 
  941.000  7.417281e-01 
  942.000  6.887831e-01 
  943.000  5.997419e-01 
  944.000  5.935525e-01 
  945.000  6.258732e-01 
  946.000  6.276162e-01 
  947.000  6.561016e-01 
  948.000  6.727662e-01 
  949.000  6.705157e-01 
  950.000  6.747664e-01 
  951.000  7.119343e-01 
  952.000  6.720746e-01 
  953.000  6.999072e-01 
  954.000  7.295997e-01 
  955.000  7.053748e-01 
  956.000  6.997855e-01 
  957.000  7.747399e-01 
  958.000  7.842966e-01 
  959.000  7.718350e-01 
  960.000  7.681835e-01 
  961.000  7.619273e-01 
  962.000  7.675698e-01 
  963.000  8.083702e-01 
  964.000  8.141907e-01 
  965.000  8.102800e-01 
  966.000  8.124574e-01 
  967.000  8.413716e-01 
  968.000  8.893426e-01 
  969.000  9.108841e-01 
  970.000  9.120466e-01 
  971.000  9.115573e-01 
  972.000  9.054803e-01 
  973.000  8.913715e-01 
  974.000  8.741203e-01 
  975.000  8.630142e-01 
  976.000  8.766474e-01 
  977.000  8.990806e-01 
  978.000  8.972681e-01 
  979.000  9.030610e-01 
  980.000  9.258277e-01 
  981.000  9.308680e-01 
  982.000  9.258161e-01 
  983.000  9.374737e-01 
  984.000  9.494557e-01 
  985.000  9.562608e-01 
  986.000  9.650267e-01 
  987.000  9.688294e-01 
  988.000  9.697151e-01 
  989.000  9.702905e-01 
  990.000  9.712384e-01 
  991.000  9.745123e-01 
  992.000  9.754621e-01 
  993.000  9.751022e-01 
  994.000  9.780424e-01 
  995.000  9.800966e-01 
  996.000  9.800999e-01 
  997.000  9.789323e-01 
  998.000  9.775880e-01 
  999.000  9.770251e-01 
 1000.000  9.775387e-01 
 1001.000  9.750277e-01 
 1002.000  9.700755e-01 
 1003.000  9.712887e-01 
 1004.000  9.741849e-01 
 1005.000  9.755231e-01 
 1006.000  9.759249e-01 
 1007.000  9.750003e-01 
 1008.000  9.709584e-01 
 1009.000  9.655332e-01 
 1010.000  9.679695e-01 
 1011.000  9.737447e-01 
 1012.000  9.759501e-01 
 1013.000  9.770236e-01 
 1014.000  9.778078e-01 
 1015.000  9.779464e-01 
 1016.000  9.785025e-01 
 1017.000  9.790213e-01 
 1018.000  9.782156e-01 
 1019.000  9.760395e-01 
 1020.000  9.767956e-01 
 1021.000  9.783629e-01 
 1022.000  9.764439e-01 
 1023.000  9.743840e-01 
 1024.000  9.731346e-01 
 1025.000  9.761410e-01 
 1026.000  9.778839e-01 
 1027.000  9.770914e-01 
 1028.000  9.776559e-01 
 1029.000  9.791576e-01 
 1030.000  9.805891e-01 
 1031.000  9.812530e-01 
 1032.000  9.816921e-01 
 1033.000  9.818751e-01 
 1034.000  9.823442e-01 
 1035.000  9.824682e-01 
 1036.000  9.820846e-01 
 1037.000  9.819289e-01 
 1038.000  9.820672e-01 
 1039.000  9.817297e-01 
 1040.000  9.813833e-01 
 1041.000  9.811127e-01 
 1042.000  9.810117e-01 
 1043.000  9.809374e-01 
 1044.000  9.806463e-01 
 1045.000  9.799451e-01 
 1046.000  9.794379e-01 
 1047.000  9.787970e-01 
 1048.000  9.777451e-01 
 1049.000  9.765561e-01 
 1050.000  9.757358e-01 
 1051.000  9.749934e-01 
 1052.000  9.742166e-01 
 1053.000  9.737412e-01 
 1054.000  9.726735e-01 
 1055.000  9.715671e-01 
 1056.000  9.704967e-01 
 1057.000  9.686244e-01 
 1058.000  9.657326e-01 
 1059.000  9.654602e-01 
 1060.000  9.660843e-01 
 1061.000  9.656744e-01 
 1062.000  9.635981e-01 
 1063.000  9.624328e-01 
 1064.000  9.606146e-01 
 1065.000  9.590921e-01 
 1066.000  9.591740e-01 
 1067.000  9.581277e-01 
 1068.000  9.561121e-01 
 1069.000  9.557355e-01 
 1070.000  9.570804e-01 
 1071.000  9.558842e-01 
 1072.000  9.544241e-01 
 1073.000  9.546404e-01 
 1074.000  9.555462e-01 
 1075.000  9.591517e-01 
 1076.000  9.577890e-01 
 1077.000  9.557372e-01 
 1078.000  9.532021e-01 
 1079.000  9.532673e-01 
 1080.000  9.455872e-01 
 1081.000  9.454790e-01 
 1082.000  9.493387e-01 
 1083.000  9.454145e-01 
 1084.000  9.410217e-01 
 1085.000  9.301031e-01 
 1086.000  9.329810e-01 
 1087.000  9.455116e-01 
 1088.000  9.462089e-01 
 1089.000  9.314588e-01 
 1090.000  9.288579e-01 
 1091.000  9.319078e-01 
 1092.000  9.247144e-01 
 1093.000  9.082210e-01 
 1094.000  9.010886e-01 
 1095.000  9.023992e-01 
 1096.000  9.036084e-01 
 1097.000  9.004741e-01 
 1098.000  8.598889e-01 
 1099.000  8.251465e-01 
 1100.000  8.276241e-01 
 1101.000  8.325552e-01 
 1102.000  8.303972e-01 
 1103.000  8.337017e-01 
 1104.000  8.279542e-01 
 1105.000  8.133909e-01 
 1106.000  7.985747e-01 
 1107.000  8.024498e-01 
 1108.000  8.053863e-01 
 1109.000  8.183477e-01 
 1110.000  8.171272e-01 
 1111.000  8.102843e-01 
 1112.000  7.792749e-01 
 1113.000  7.367916e-01 
 1114.000  7.257354e-01 
 1115.000  6.732546e-01 
 1116.000  6.405276e-01 
 1117.000  5.637039e-01 
 1118.000  4.932500e-01 
 1119.000  4.560215e-01 
 1120.000  4.092650e-01 
 1121.000  3.989674e-01 
 1122.000  3.498046e-01 
 1123.000  3.769470e-01 
 1124.000  3.951877e-01 
 1125.000  3.857313e-01 
 1126.000  3.818846e-01 
 1127.000  3.859299e-01 
 1128.000  3.937521e-01 
 1129.000  4.419561e-01 
 1130.000  5.540957e-01 
 1131.000  5.863319e-01 
 1132.000  5.423611e-01 
 1133.000  4.612507e-01 
 1134.000  3.135619e-01 
 1135.000  3.247498e-01 
 1136.000  4.726866e-01 
 1137.000  5.527341e-01 
 1138.000  6.293293e-01 
 1139.000  6.519246e-01 
 1140.000  6.373951e-01 
 1141.000  6.075322e-01 
 1142.000  5.971254e-01 
 1143.000  5.643817e-01 
 1144.000  5.272928e-01 
 1145.000  4.735045e-01 
 1146.000  4.862065e-01 
 1147.000  5.281992e-01 
 1148.000  5.653533e-01 
 1149.000  5.802036e-01 
 1150.000  5.806353e-01 
 1151.000  6.026798e-01 
 1152.000  6.134025e-01 
 1153.000  6.292558e-01 
 1154.000  6.241566e-01 
 1155.000  6.538748e-01 
 1156.000  6.872660e-01 
 1157.000  7.550416e-01 
 1158.000  7.823950e-01 
 1159.000  8.057826e-01 
 1160.000  8.154142e-01 
 1161.000  8.400764e-01 
 1162.000  8.577749e-01 
 1163.000  8.793567e-01 
 1164.000  8.844434e-01 
 1165.000  8.859708e-01 
 1166.000  8.904537e-01 
 1167.000  8.931806e-01 
 1168.000  8.921062e-01 
 1169.000  8.951941e-01 
 1170.000  8.980102e-01 
 1171.000  9.056040e-01 
 1172.000  9.011334e-01 
 1173.000  8.967096e-01 
 1174.000  8.969903e-01 
 1175.000  9.090283e-01 
 1176.000  9.200910e-01 
 1177.000  9.149199e-01 
 1178.000  9.042844e-01 
 1179.000  9.043245e-01 
 1180.000  9.005048e-01 
 1181.000  8.905582e-01 
 1182.000  8.806682e-01 
 1183.000  8.818988e-01 
 1184.000  8.876143e-01 
 1185.000  9.015371e-01 
 1186.000  8.974487e-01 
 1187.000  8.832257e-01 
 1188.000  8.799900e-01 
 1189.000  8.888759e-01 
 1190.000  9.113340e-01 
 1191.000  9.179882e-01 
 1192.000  9.275231e-01 
 1193.000  9.254851e-01 
 1194.000  9.240511e-01 
 1195.000  9.146383e-01 
 1196.000  9.159565e-01 
 1197.000  9.113755e-01 
 1198.000  9.103674e-01 
 1199.000  9.046125e-01 
 1200.000  9.079450e-01 
