  250.000  0.000000e+00 
  251.000  0.000000e+00 
  252.000  0.000000e+00 
  253.000  0.000000e+00 
  254.000  0.000000e+00 
  255.000  0.000000e+00 
  256.000  0.000000e+00 
  257.000  0.000000e+00 
  258.000  0.000000e+00 
  259.000  0.000000e+00 
  260.000  0.000000e+00 
  261.000  0.000000e+00 
  262.000  0.000000e+00 
  263.000  0.000000e+00 
  264.000  0.000000e+00 
  265.000  0.000000e+00 
  266.000  0.000000e+00 
  267.000  0.000000e+00 
  268.000  0.000000e+00 
  269.000  0.000000e+00 
  270.000  0.000000e+00 
  271.000  0.000000e+00 
  272.000  0.000000e+00 
  273.000  0.000000e+00 
  274.000  0.000000e+00 
  275.000  0.000000e+00 
  276.000  0.000000e+00 
  277.000  0.000000e+00 
  278.000  0.000000e+00 
  279.000  0.000000e+00 
  280.000  0.000000e+00 
  281.000  0.000000e+00 
  282.000  0.000000e+00 
  283.000  0.000000e+00 
  284.000  0.000000e+00 
  285.000  0.000000e+00 
  286.000  0.000000e+00 
  287.000  0.000000e+00 
  288.000  0.000000e+00 
  289.000  0.000000e+00 
  290.000  0.000000e+00 
  291.000  0.000000e+00 
  292.000  0.000000e+00 
  293.000  0.000000e+00 
  294.000  0.000000e+00 
  295.000  0.000000e+00 
  296.000  1.609092e-13 
  297.000  3.094690e-12 
  298.000  1.312885e-10 
  299.000  1.022709e-09 
  300.000  1.414662e-08 
  301.000  1.184582e-07 
  302.000  5.362406e-07 
  303.000  3.896077e-06 
  304.000  8.925520e-06 
  305.000  4.446845e-05 
  306.000  1.019531e-04 
  307.000  2.795769e-04 
  308.000  5.421389e-04 
  309.000  9.256905e-04 
  310.000  2.503799e-03 
  311.000  3.608990e-03 
  312.000  6.237106e-03 
  313.000  9.661433e-03 
  314.000  1.140233e-02 
  315.000  1.949943e-02 
  316.000  2.284316e-02 
  317.000  2.937019e-02 
  318.000  3.532150e-02 
  319.000  5.692806e-02 
  320.000  3.927064e-02 
  321.000  7.823004e-02 
  322.000  5.914064e-02 
  323.000  8.062088e-02 
  324.000  1.069211e-01 
  325.000  8.421125e-02 
  326.000  1.182126e-01 
  327.000  1.275692e-01 
  328.000  1.022404e-01 
  329.000  1.475447e-01 
  330.000  1.536877e-01 
  331.000  1.349988e-01 
  332.000  1.650694e-01 
  333.000  1.727249e-01 
  334.000  1.618875e-01 
  335.000  1.854395e-01 
  336.000  1.938675e-01 
  337.000  1.864325e-01 
  338.000  1.968609e-01 
  339.000  2.080915e-01 
  340.000  2.029922e-01 
  341.000  2.140874e-01 
  342.000  2.216962e-01 
  343.000  2.241479e-01 
  344.000  2.223047e-01 
  345.000  2.335968e-01 
  346.000  2.398211e-01 
  347.000  2.444699e-01 
  348.000  2.487281e-01 
  349.000  2.539789e-01 
  350.000  2.580967e-01 
  351.000  2.622549e-01 
  352.000  2.651834e-01 
  353.000  2.706755e-01 
  354.000  2.749996e-01 
  355.000  2.789437e-01 
  356.000  2.828388e-01 
  357.000  2.862053e-01 
  358.000  2.901473e-01 
  359.000  2.940473e-01 
  360.000  2.978734e-01 
  361.000  3.028905e-01 
  362.000  3.081168e-01 
  363.000  3.129899e-01 
  364.000  3.175077e-01 
  365.000  3.217104e-01 
  366.000  3.261796e-01 
  367.000  3.303798e-01 
  368.000  3.345684e-01 
  369.000  3.387466e-01 
  370.000  3.429074e-01 
  371.000  3.470602e-01 
  372.000  3.512032e-01 
  373.000  3.553349e-01 
  374.000  3.594253e-01 
  375.000  3.634620e-01 
  376.000  3.673891e-01 
  377.000  3.711317e-01 
  378.000  3.746406e-01 
  379.000  3.782162e-01 
  380.000  3.821403e-01 
  381.000  3.865943e-01 
  382.000  3.912252e-01 
  383.000  3.956403e-01 
  384.000  3.998615e-01 
  385.000  4.039563e-01 
  386.000  4.079696e-01 
  387.000  4.119385e-01 
  388.000  4.158759e-01 
  389.000  4.197985e-01 
  390.000  4.237066e-01 
  391.000  4.275922e-01 
  392.000  4.314652e-01 
  393.000  4.353226e-01 
  394.000  4.391602e-01 
  395.000  4.429747e-01 
  396.000  4.467795e-01 
  397.000  4.505558e-01 
  398.000  4.543124e-01 
  399.000  4.580514e-01 
  400.000  4.617541e-01 
  401.000  4.654553e-01 
  402.000  4.691404e-01 
  403.000  4.728071e-01 
  404.000  4.764546e-01 
  405.000  4.800754e-01 
  406.000  4.836845e-01 
  407.000  4.872774e-01 
  408.000  4.908513e-01 
  409.000  4.944023e-01 
  410.000  4.979315e-01 
  411.000  5.014375e-01 
  412.000  5.049178e-01 
  413.000  5.083884e-01 
  414.000  5.114695e-01 
  415.000  5.150325e-01 
  416.000  5.185633e-01 
  417.000  5.220283e-01 
  418.000  5.253864e-01 
  419.000  5.287177e-01 
  420.000  5.320286e-01 
  421.000  5.353288e-01 
  422.000  5.386173e-01 
  423.000  5.418903e-01 
  424.000  5.451269e-01 
  425.000  5.482801e-01 
  426.000  5.514109e-01 
  427.000  5.545220e-01 
  428.000  5.575632e-01 
  429.000  5.605570e-01 
  430.000  5.635231e-01 
  431.000  5.664732e-01 
  432.000  5.693993e-01 
  433.000  5.723040e-01 
  434.000  5.751902e-01 
  435.000  5.780542e-01 
  436.000  5.808918e-01 
  437.000  5.837046e-01 
  438.000  5.864912e-01 
  439.000  5.892622e-01 
  440.000  5.919953e-01 
  441.000  5.946993e-01 
  442.000  5.973663e-01 
  443.000  5.999998e-01 
  444.000  6.025984e-01 
  445.000  6.051469e-01 
  446.000  6.076311e-01 
  447.000  6.102633e-01 
  448.000  6.131015e-01 
  449.000  6.159770e-01 
  450.000  6.188047e-01 
  451.000  6.215076e-01 
  452.000  6.241038e-01 
  453.000  6.266525e-01 
  454.000  6.291603e-01 
  455.000  6.314349e-01 
  456.000  6.334122e-01 
  457.000  6.353919e-01 
  458.000  6.373450e-01 
  459.000  6.392558e-01 
  460.000  6.411520e-01 
  461.000  6.430283e-01 
  462.000  6.448681e-01 
  463.000  6.467204e-01 
  464.000  6.496757e-01 
  465.000  6.525978e-01 
  466.000  6.554802e-01 
  467.000  6.583100e-01 
  468.000  6.603796e-01 
  469.000  6.620484e-01 
  470.000  6.635811e-01 
  471.000  6.649580e-01 
  472.000  6.660426e-01 
  473.000  6.665848e-01 
  474.000  6.669769e-01 
  475.000  6.668564e-01 
  476.000  6.662177e-01 
  477.000  6.658358e-01 
  478.000  6.674368e-01 
  479.000  6.700820e-01 
  480.000  6.729722e-01 
  481.000  6.755869e-01 
  482.000  6.782197e-01 
  483.000  6.804929e-01 
  484.000  6.824289e-01 
  485.000  6.841466e-01 
  486.000  6.862056e-01 
  487.000  6.885393e-01 
  488.000  6.908081e-01 
  489.000  6.930416e-01 
  490.000  6.952537e-01 
  491.000  6.966971e-01 
  492.000  6.979249e-01 
  493.000  6.991462e-01 
  494.000  7.003281e-01 
  495.000  7.015103e-01 
  496.000  7.014698e-01 
  497.000  7.013755e-01 
  498.000  7.012733e-01 
  499.000  7.011371e-01 
  500.000  7.009931e-01 
  501.000  7.007512e-01 
  502.000  7.005118e-01 
  503.000  7.002677e-01 
  504.000  7.000011e-01 
  505.000  6.997082e-01 
  506.000  7.011558e-01 
  507.000  7.026878e-01 
  508.000  7.042183e-01 
  509.000  7.057325e-01 
  510.000  7.072161e-01 
  511.000  7.084407e-01 
  512.000  7.095931e-01 
  513.000  7.107387e-01 
  514.000  7.118692e-01 
  515.000  7.129893e-01 
  516.000  7.134892e-01 
  517.000  7.134418e-01 
  518.000  7.133809e-01 
  519.000  7.133111e-01 
  520.000  7.132378e-01 
  521.000  7.130986e-01 
  522.000  7.127665e-01 
  523.000  7.123423e-01 
  524.000  7.119284e-01 
  525.000  7.114636e-01 
  526.000  7.110807e-01 
  527.000  7.103196e-01 
  528.000  7.093998e-01 
  529.000  7.084813e-01 
  530.000  7.075783e-01 
  531.000  7.066865e-01 
  532.000  7.059473e-01 
  533.000  7.062508e-01 
  534.000  7.067314e-01 
  535.000  7.073217e-01 
  536.000  7.078809e-01 
  537.000  7.083618e-01 
  538.000  7.087505e-01 
  539.000  7.090788e-01 
  540.000  7.093644e-01 
  541.000  7.096314e-01 
  542.000  7.098712e-01 
  543.000  7.100902e-01 
  544.000  7.100698e-01 
  545.000  7.098454e-01 
  546.000  7.096074e-01 
  547.000  7.093799e-01 
  548.000  7.091378e-01 
  549.000  7.088925e-01 
  550.000  7.083765e-01 
  551.000  7.076137e-01 
  552.000  7.068599e-01 
  553.000  7.060778e-01 
  554.000  7.052844e-01 
  555.000  7.044858e-01 
  556.000  7.035959e-01 
  557.000  7.025638e-01 
  558.000  7.015185e-01 
  559.000  7.004507e-01 
  560.000  6.993228e-01 
  561.000  6.981406e-01 
  562.000  6.966920e-01 
  563.000  6.954901e-01 
  564.000  6.941663e-01 
  565.000  6.925874e-01 
  566.000  6.911685e-01 
  567.000  6.888019e-01 
  568.000  6.843610e-01 
  569.000  6.777851e-01 
  570.000  6.776777e-01 
  571.000  6.803634e-01 
  572.000  6.755902e-01 
  573.000  6.749870e-01 
  574.000  6.743801e-01 
  575.000  6.735775e-01 
  576.000  6.742021e-01 
  577.000  6.762590e-01 
  578.000  6.792177e-01 
  579.000  6.823564e-01 
  580.000  6.860310e-01 
  581.000  6.908684e-01 
  582.000  6.945572e-01 
  583.000  6.973094e-01 
  584.000  6.998556e-01 
  585.000  7.022399e-01 
  586.000  7.042888e-01 
  587.000  7.041901e-01 
  588.000  6.976575e-01 
  589.000  6.850229e-01 
  590.000  6.847982e-01 
  591.000  6.946079e-01 
  592.000  6.902428e-01 
  593.000  7.012841e-01 
  594.000  6.994469e-01 
  595.000  6.924950e-01 
  596.000  7.017516e-01 
  597.000  6.976906e-01 
  598.000  7.002326e-01 
  599.000  7.002293e-01 
  600.000  7.023258e-01 
  601.000  7.026526e-01 
  602.000  7.017313e-01 
  603.000  7.030196e-01 
  604.000  7.058899e-01 
  605.000  7.082022e-01 
  606.000  7.101465e-01 
  607.000  7.120503e-01 
  608.000  7.139326e-01 
  609.000  7.157634e-01 
  610.000  7.176952e-01 
  611.000  7.199312e-01 
  612.000  7.221405e-01 
  613.000  7.243088e-01 
  614.000  7.264395e-01 
  615.000  7.285686e-01 
  616.000  7.306516e-01 
  617.000  7.326661e-01 
  618.000  7.343867e-01 
  619.000  7.359127e-01 
  620.000  7.373755e-01 
  621.000  7.387268e-01 
  622.000  7.399661e-01 
  623.000  7.410161e-01 
  624.000  7.420902e-01 
  625.000  7.430973e-01 
  626.000  7.434535e-01 
  627.000  7.398266e-01 
  628.000  7.074438e-01 
  629.000  7.295535e-01 
  630.000  7.337036e-01 
  631.000  7.411519e-01 
  632.000  7.434617e-01 
  633.000  7.509442e-01 
  634.000  7.567600e-01 
  635.000  7.606372e-01 
  636.000  7.652204e-01 
  637.000  7.693580e-01 
  638.000  7.745318e-01 
  639.000  7.782800e-01 
  640.000  7.825755e-01 
  641.000  7.857643e-01 
  642.000  7.892272e-01 
  643.000  7.901390e-01 
  644.000  7.927642e-01 
  645.000  7.930590e-01 
  646.000  7.876789e-01 
  647.000  7.841262e-01 
  648.000  7.798434e-01 
  649.000  7.874055e-01 
  650.000  7.999602e-01 
  651.000  8.016831e-01 
  652.000  7.938996e-01 
  653.000  8.065516e-01 
  654.000  8.070612e-01 
  655.000  8.047717e-01 
  656.000  8.078759e-01 
  657.000  8.116946e-01 
  658.000  8.171464e-01 
  659.000  8.203734e-01 
  660.000  8.231538e-01 
  661.000  8.276154e-01 
  662.000  8.306430e-01 
  663.000  8.320112e-01 
  664.000  8.342934e-01 
  665.000  8.365239e-01 
  666.000  8.389577e-01 
  667.000  8.412022e-01 
  668.000  8.436390e-01 
  669.000  8.457158e-01 
  670.000  8.476880e-01 
  671.000  8.497027e-01 
  672.000  8.516263e-01 
  673.000  8.535351e-01 
  674.000  8.554363e-01 
  675.000  8.573383e-01 
  676.000  8.591363e-01 
  677.000  8.607608e-01 
  678.000  8.623863e-01 
  679.000  8.638856e-01 
  680.000  8.648419e-01 
  681.000  8.655921e-01 
  682.000  8.668922e-01 
  683.000  8.679252e-01 
  684.000  8.686067e-01 
  685.000  8.708586e-01 
  686.000  8.667677e-01 
  687.000  7.033553e-01 
  688.000  7.539706e-01 
  689.000  7.405846e-01 
  690.000  7.675056e-01 
  691.000  8.047742e-01 
  692.000  8.303207e-01 
  693.000  8.325113e-01 
  694.000  8.289570e-01 
  695.000  8.413247e-01 
  696.000  8.484971e-01 
  697.000  8.733202e-01 
  698.000  8.693658e-01 
  699.000  8.489117e-01 
  700.000  8.532090e-01 
  701.000  8.491989e-01 
  702.000  8.534383e-01 
  703.000  8.720436e-01 
  704.000  8.735675e-01 
  705.000  8.668069e-01 
  706.000  8.688174e-01 
  707.000  8.720304e-01 
  708.000  8.754574e-01 
  709.000  8.818778e-01 
  710.000  8.762137e-01 
  711.000  8.831471e-01 
  712.000  8.891390e-01 
  713.000  8.853499e-01 
  714.000  8.844490e-01 
  715.000  8.780318e-01 
  716.000  8.713884e-01 
  717.000  8.252094e-01 
  718.000  7.969950e-01 
  719.000  7.872301e-01 
  720.000  7.720404e-01 
  721.000  8.416089e-01 
  722.000  8.667516e-01 
  723.000  8.535513e-01 
  724.000  8.147576e-01 
  725.000  8.211395e-01 
  726.000  8.196272e-01 
  727.000  8.255638e-01 
  728.000  8.197898e-01 
  729.000  8.352689e-01 
  730.000  8.329547e-01 
  731.000  8.300861e-01 
  732.000  8.560014e-01 
  733.000  8.808141e-01 
  734.000  8.929323e-01 
  735.000  8.891203e-01 
  736.000  8.816102e-01 
  737.000  8.876734e-01 
  738.000  8.959275e-01 
  739.000  8.995985e-01 
  740.000  9.074871e-01 
  741.000  9.121333e-01 
  742.000  9.142058e-01 
  743.000  9.177142e-01 
  744.000  9.197257e-01 
  745.000  9.213570e-01 
  746.000  9.226657e-01 
  747.000  9.233838e-01 
  748.000  9.252675e-01 
  749.000  9.263772e-01 
  750.000  9.263172e-01 
  751.000  9.269634e-01 
  752.000  9.286532e-01 
  753.000  9.295611e-01 
  754.000  9.303531e-01 
  755.000  9.309945e-01 
  756.000  9.316484e-01 
  757.000  9.321530e-01 
  758.000  9.294642e-01 
  759.000  8.372922e-01 
  760.000  2.598063e-01 
  761.000  2.177980e-01 
  762.000  5.122995e-01 
  763.000  4.119376e-01 
  764.000  4.609588e-01 
  765.000  5.788770e-01 
  766.000  7.329687e-01 
  767.000  8.155166e-01 
  768.000  8.712527e-01 
  769.000  9.088569e-01 
  770.000  9.330599e-01 
  771.000  9.421209e-01 
  772.000  9.444708e-01 
  773.000  9.457225e-01 
  774.000  9.474723e-01 
  775.000  9.486020e-01 
  776.000  9.493948e-01 
  777.000  9.497136e-01 
  778.000  9.498210e-01 
  779.000  9.498852e-01 
  780.000  9.499356e-01 
  781.000  9.506375e-01 
  782.000  9.506689e-01 
  783.000  9.507197e-01 
  784.000  9.503461e-01 
  785.000  9.483116e-01 
  786.000  9.458495e-01 
  787.000  9.409230e-01 
  788.000  9.379379e-01 
  789.000  9.269080e-01 
  790.000  9.260858e-01 
  791.000  9.283312e-01 
  792.000  9.304141e-01 
  793.000  9.350930e-01 
  794.000  9.448723e-01 
  795.000  9.391074e-01 
  796.000  9.235310e-01 
  797.000  9.281505e-01 
  798.000  9.382027e-01 
  799.000  9.360642e-01 
  800.000  9.289642e-01 
  801.000  9.299499e-01 
  802.000  9.293430e-01 
  803.000  9.305227e-01 
  804.000  9.340415e-01 
  805.000  9.406738e-01 
  806.000  9.446813e-01 
  807.000  9.449750e-01 
  808.000  9.428921e-01 
  809.000  9.403051e-01 
  810.000  9.374603e-01 
  811.000  9.314937e-01 
  812.000  9.234244e-01 
  813.000  9.135112e-01 
  814.000  9.003946e-01 
  815.000  8.840581e-01 
  816.000  8.630366e-01 
  817.000  8.643303e-01 
  818.000  8.661575e-01 
  819.000  8.732133e-01 
  820.000  8.965908e-01 
  821.000  9.232883e-01 
  822.000  9.031631e-01 
  823.000  8.468487e-01 
  824.000  8.944846e-01 
  825.000  9.251773e-01 
  826.000  9.200408e-01 
  827.000  9.162748e-01 
  828.000  8.962228e-01 
  829.000  9.035800e-01 
  830.000  9.118088e-01 
  831.000  9.138126e-01 
  832.000  9.147364e-01 
  833.000  9.195194e-01 
  834.000  9.251341e-01 
  835.000  9.361849e-01 
  836.000  9.327528e-01 
  837.000  9.324710e-01 
  838.000  9.379050e-01 
  839.000  9.412386e-01 
  840.000  9.425118e-01 
  841.000  9.390922e-01 
  842.000  9.423423e-01 
  843.000  9.499336e-01 
  844.000  9.534259e-01 
  845.000  9.551051e-01 
  846.000  9.561220e-01 
  847.000  9.578994e-01 
  848.000  9.558604e-01 
  849.000  9.563439e-01 
  850.000  9.549390e-01 
  851.000  9.532450e-01 
  852.000  9.535158e-01 
  853.000  9.565611e-01 
  854.000  9.564916e-01 
  855.000  9.580669e-01 
  856.000  9.605013e-01 
  857.000  9.618001e-01 
  858.000  9.623781e-01 
  859.000  9.641633e-01 
  860.000  9.653581e-01 
  861.000  9.655961e-01 
  862.000  9.662627e-01 
  863.000  9.664097e-01 
  864.000  9.668887e-01 
  865.000  9.672928e-01 
  866.000  9.674504e-01 
  867.000  9.674543e-01 
  868.000  9.675741e-01 
  869.000  9.677538e-01 
  870.000  9.677354e-01 
  871.000  9.679082e-01 
  872.000  9.682366e-01 
  873.000  9.680380e-01 
  874.000  9.679595e-01 
  875.000  9.679906e-01 
  876.000  9.675954e-01 
  877.000  9.674257e-01 
  878.000  9.664046e-01 
  879.000  9.663879e-01 
  880.000  9.656900e-01 
  881.000  9.651831e-01 
  882.000  9.646990e-01 
  883.000  9.653191e-01 
  884.000  9.656099e-01 
  885.000  9.640251e-01 
  886.000  9.618381e-01 
  887.000  9.635490e-01 
  888.000  9.634975e-01 
  889.000  9.642330e-01 
  890.000  9.631326e-01 
  891.000  9.611345e-01 
  892.000  9.552689e-01 
  893.000  9.372707e-01 
  894.000  9.283448e-01 
  895.000  9.009257e-01 
  896.000  8.763634e-01 
  897.000  8.504729e-01 
  898.000  8.383984e-01 
  899.000  8.041775e-01 
  900.000  8.091919e-01 
  901.000  8.003348e-01 
  902.000  8.020244e-01 
  903.000  8.597047e-01 
  904.000  8.949542e-01 
  905.000  8.937330e-01 
  906.000  8.717871e-01 
  907.000  8.329528e-01 
  908.000  8.073887e-01 
  909.000  8.085355e-01 
  910.000  8.124512e-01 
  911.000  8.295208e-01 
  912.000  8.213353e-01 
  913.000  7.856060e-01 
  914.000  8.033450e-01 
  915.000  8.173342e-01 
  916.000  8.211617e-01 
  917.000  8.287825e-01 
  918.000  8.386221e-01 
  919.000  8.719830e-01 
  920.000  8.972096e-01 
  921.000  8.917193e-01 
  922.000  8.913037e-01 
  923.000  8.843371e-01 
  924.000  8.675123e-01 
  925.000  8.661737e-01 
  926.000  8.658322e-01 
  927.000  8.461916e-01 
  928.000  8.159578e-01 
  929.000  7.723113e-01 
  930.000  7.168465e-01 
  931.000  6.549329e-01 
  932.000  5.740981e-01 
  933.000  5.139017e-01 
  934.000  4.521722e-01 
  935.000  4.456376e-01 
  936.000  4.700955e-01 
  937.000  4.639037e-01 
  938.000  5.327365e-01 
  939.000  7.115687e-01 
  940.000  7.382125e-01 
  941.000  7.152697e-01 
  942.000  6.589645e-01 
  943.000  5.652927e-01 
  944.000  5.587790e-01 
  945.000  5.925127e-01 
  946.000  5.944142e-01 
  947.000  6.244973e-01 
  948.000  6.421509e-01 
  949.000  6.398594e-01 
  950.000  6.443952e-01 
  951.000  6.838746e-01 
  952.000  6.417152e-01 
  953.000  6.713026e-01 
  954.000  7.030233e-01 
  955.000  6.773342e-01 
  956.000  6.715698e-01 
  957.000  7.517555e-01 
  958.000  7.621390e-01 
  959.000  7.488365e-01 
  960.000  7.449876e-01 
  961.000  7.383318e-01 
  962.000  7.444418e-01 
  963.000  7.884138e-01 
  964.000  7.947479e-01 
  965.000  7.905785e-01 
  966.000  7.929868e-01 
  967.000  8.243348e-01 
  968.000  8.765811e-01 
  969.000  9.001641e-01 
  970.000  9.014637e-01 
  971.000  9.009398e-01 
  972.000  8.942924e-01 
  973.000  8.788763e-01 
  974.000  8.600731e-01 
  975.000  8.479937e-01 
  976.000  8.628410e-01 
  977.000  8.873278e-01 
  978.000  8.853734e-01 
  979.000  8.917346e-01 
  980.000  9.166772e-01 
  981.000  9.222248e-01 
  982.000  9.167132e-01 
  983.000  9.295219e-01 
  984.000  9.427011e-01 
  985.000  9.501999e-01 
  986.000  9.598632e-01 
  987.000  9.640667e-01 
  988.000  9.650552e-01 
  989.000  9.657002e-01 
  990.000  9.667525e-01 
  991.000  9.703701e-01 
  992.000  9.714240e-01 
  993.000  9.708309e-01 
  994.000  9.740716e-01 
  995.000  9.763491e-01 
  996.000  9.763556e-01 
  997.000  9.750938e-01 
  998.000  9.736486e-01 
  999.000  9.730192e-01 
 1000.000  9.736005e-01 
 1001.000  9.709961e-01 
 1002.000  9.655443e-01 
 1003.000  9.668861e-01 
 1004.000  9.700828e-01 
 1005.000  9.715629e-01 
 1006.000  9.720023e-01 
 1007.000  9.709872e-01 
 1008.000  9.665368e-01 
 1009.000  9.605634e-01 
 1010.000  9.632490e-01 
 1011.000  9.696130e-01 
 1012.000  9.720463e-01 
 1013.000  9.730504e-01 
 1014.000  9.739333e-01 
 1015.000  9.740884e-01 
 1016.000  9.746395e-01 
 1017.000  9.752295e-01 
 1018.000  9.743902e-01 
 1019.000  9.719424e-01 
 1020.000  9.727913e-01 
 1021.000  9.745533e-01 
 1022.000  9.725806e-01 
 1023.000  9.703048e-01 
 1024.000  9.689218e-01 
 1025.000  9.720386e-01 
 1026.000  9.739931e-01 
 1027.000  9.730974e-01 
 1028.000  9.737245e-01 
 1029.000  9.753479e-01 
 1030.000  9.769148e-01 
 1031.000  9.776224e-01 
 1032.000  9.780709e-01 
 1033.000  9.782897e-01 
 1034.000  9.788507e-01 
 1035.000  9.789989e-01 
 1036.000  9.785402e-01 
 1037.000  9.783541e-01 
 1038.000  9.785194e-01 
 1039.000  9.781158e-01 
 1040.000  9.777016e-01 
 1041.000  9.773781e-01 
 1042.000  9.772575e-01 
 1043.000  9.771686e-01 
 1044.000  9.768206e-01 
 1045.000  9.759825e-01 
 1046.000  9.753764e-01 
 1047.000  9.746106e-01 
 1048.000  9.733538e-01 
 1049.000  9.719336e-01 
 1050.000  9.709541e-01 
 1051.000  9.701049e-01 
 1052.000  9.691806e-01 
 1053.000  9.685727e-01 
 1054.000  9.672984e-01 
 1055.000  9.659783e-01 
 1056.000  9.647012e-01 
 1057.000  9.625505e-01 
 1058.000  9.593127e-01 
 1059.000  9.589518e-01 
 1060.000  9.595160e-01 
 1061.000  9.590726e-01 
 1062.000  9.567171e-01 
 1063.000  9.553937e-01 
 1064.000  9.533585e-01 
 1065.000  9.517123e-01 
 1066.000  9.518018e-01 
 1067.000  9.506530e-01 
 1068.000  9.487161e-01 
 1069.000  9.484062e-01 
 1070.000  9.499832e-01 
 1071.000  9.487689e-01 
 1072.000  9.472533e-01 
 1073.000  9.475810e-01 
 1074.000  9.486707e-01 
 1075.000  9.527181e-01 
 1076.000  9.513023e-01 
 1077.000  9.491257e-01 
 1078.000  9.464123e-01 
 1079.000  9.465541e-01 
 1080.000  9.381775e-01 
 1081.000  9.381144e-01 
 1082.000  9.424000e-01 
 1083.000  9.381394e-01 
 1084.000  9.333602e-01 
 1085.000  9.214298e-01 
 1086.000  9.246185e-01 
 1087.000  9.383919e-01 
 1088.000  9.391947e-01 
 1089.000  9.230391e-01 
 1090.000  9.202145e-01 
 1091.000  9.235771e-01 
 1092.000  9.157200e-01 
 1093.000  8.976821e-01 
 1094.000  8.899050e-01 
 1095.000  8.913439e-01 
 1096.000  8.926551e-01 
 1097.000  8.892316e-01 
 1098.000  8.450043e-01 
 1099.000  8.073236e-01 
 1100.000  8.100070e-01 
 1101.000  8.153405e-01 
 1102.000  8.129920e-01 
 1103.000  8.165453e-01 
 1104.000  8.102908e-01 
 1105.000  7.945145e-01 
 1106.000  7.785364e-01 
 1107.000  7.826637e-01 
 1108.000  7.857534e-01 
 1109.000  7.996324e-01 
 1110.000  7.981556e-01 
 1111.000  7.906842e-01 
 1112.000  7.571623e-01 
 1113.000  7.113344e-01 
 1114.000  6.991456e-01 
 1115.000  6.429642e-01 
 1116.000  6.082230e-01 
 1117.000  5.278327e-01 
 1118.000  4.549115e-01 
 1119.000  4.166038e-01 
 1120.000  3.692594e-01 
 1121.000  3.588570e-01 
 1122.000  3.101465e-01 
 1123.000  3.366772e-01 
 1124.000  3.546486e-01 
 1125.000  3.452650e-01 
 1126.000  3.414986e-01 
 1127.000  3.456248e-01 
 1128.000  3.535765e-01 
 1129.000  4.019328e-01 
 1130.000  5.161328e-01 
 1131.000  5.494474e-01 
 1132.000  5.039538e-01 
 1133.000  4.214093e-01 
 1134.000  2.751040e-01 
 1135.000  2.860199e-01 
 1136.000  4.332432e-01 
 1137.000  5.151675e-01 
 1138.000  5.950275e-01 
 1139.000  6.192440e-01 
 1140.000  6.040034e-01 
 1141.000  5.729802e-01 
 1142.000  5.620951e-01 
 1143.000  5.280246e-01 
 1144.000  4.897879e-01 
 1145.000  4.348091e-01 
 1146.000  4.477507e-01 
 1147.000  4.907621e-01 
 1148.000  5.291390e-01 
 1149.000  5.446605e-01 
 1150.000  5.453801e-01 
 1151.000  5.686129e-01 
 1152.000  5.799532e-01 
 1153.000  5.966921e-01 
 1154.000  5.916230e-01 
 1155.000  6.231259e-01 
 1156.000  6.585451e-01 
 1157.000  7.308856e-01 
 1158.000  7.605121e-01 
 1159.000  7.859749e-01 
 1160.000  7.965209e-01 
 1161.000  8.233079e-01 
 1162.000  8.426927e-01 
 1163.000  8.663167e-01 
 1164.000  8.718632e-01 
 1165.000  8.736431e-01 
 1166.000  8.786157e-01 
 1167.000  8.816449e-01 
 1168.000  8.804745e-01 
 1169.000  8.838790e-01 
 1170.000  8.869751e-01 
 1171.000  8.952904e-01 
 1172.000  8.904051e-01 
 1173.000  8.855807e-01 
 1174.000  8.858898e-01 
 1175.000  8.990501e-01 
 1176.000  9.111579e-01 
 1177.000  9.054924e-01 
 1178.000  8.938535e-01 
 1179.000  8.938997e-01 
 1180.000  8.897203e-01 
 1181.000  8.788570e-01 
 1182.000  8.680711e-01 
 1183.000  8.694149e-01 
 1184.000  8.756485e-01 
 1185.000  8.908565e-01 
 1186.000  8.863915e-01 
 1187.000  8.708826e-01 
 1188.000  8.673688e-01 
 1189.000  8.770690e-01 
 1190.000  9.016150e-01 
 1191.000  9.089077e-01 
 1192.000  9.193662e-01 
 1193.000  9.171346e-01 
 1194.000  9.155721e-01 
 1195.000  9.052659e-01 
 1196.000  9.067109e-01 
 1197.000  9.016974e-01 
 1198.000  9.005936e-01 
 1199.000  8.942992e-01 
 1200.000  8.979412e-01 
