  250.000  0.000000e+00 
  251.000  0.000000e+00 
  252.000  0.000000e+00 
  253.000  0.000000e+00 
  254.000  0.000000e+00 
  255.000  0.000000e+00 
  256.000  0.000000e+00 
  257.000  0.000000e+00 
  258.000  0.000000e+00 
  259.000  0.000000e+00 
  260.000  0.000000e+00 
  261.000  0.000000e+00 
  262.000  0.000000e+00 
  263.000  0.000000e+00 
  264.000  0.000000e+00 
  265.000  0.000000e+00 
  266.000  0.000000e+00 
  267.000  0.000000e+00 
  268.000  0.000000e+00 
  269.000  0.000000e+00 
  270.000  0.000000e+00 
  271.000  0.000000e+00 
  272.000  0.000000e+00 
  273.000  0.000000e+00 
  274.000  0.000000e+00 
  275.000  0.000000e+00 
  276.000  0.000000e+00 
  277.000  0.000000e+00 
  278.000  0.000000e+00 
  279.000  0.000000e+00 
  280.000  0.000000e+00 
  281.000  0.000000e+00 
  282.000  0.000000e+00 
  283.000  0.000000e+00 
  284.000  0.000000e+00 
  285.000  0.000000e+00 
  286.000  0.000000e+00 
  287.000  0.000000e+00 
  288.000  0.000000e+00 
  289.000  0.000000e+00 
  290.000  0.000000e+00 
  291.000  0.000000e+00 
  292.000  1.436464e-11 
  293.000  1.300130e-10 
  294.000  2.382951e-09 
  295.000  1.553737e-08 
  296.000  1.585242e-07 
  297.000  7.112504e-07 
  298.000  4.752413e-06 
  299.000  1.351901e-05 
  300.000  5.134476e-05 
  301.000  1.514110e-04 
  302.000  3.274797e-04 
  303.000  8.987192e-04 
  304.000  1.378776e-03 
  305.000  3.127795e-03 
  306.000  4.798661e-03 
  307.000  8.055432e-03 
  308.000  1.135477e-02 
  309.000  1.500936e-02 
  310.000  2.500935e-02 
  311.000  3.034490e-02 
  312.000  4.033637e-02 
  313.000  5.073344e-02 
  314.000  5.563326e-02 
  315.000  7.352657e-02 
  316.000  8.030351e-02 
  317.000  9.190098e-02 
  318.000  1.016782e-01 
  319.000  1.303539e-01 
  320.000  1.089742e-01 
  321.000  1.554009e-01 
  322.000  1.360103e-01 
  323.000  1.601799e-01 
  324.000  1.860256e-01 
  325.000  1.661467e-01 
  326.000  1.985098e-01 
  327.000  2.077267e-01 
  328.000  1.870991e-01 
  329.000  2.266002e-01 
  330.000  2.328541e-01 
  331.000  2.195705e-01 
  332.000  2.445529e-01 
  333.000  2.517977e-01 
  334.000  2.452417e-01 
  335.000  2.641919e-01 
  336.000  2.718182e-01 
  337.000  2.681043e-01 
  338.000  2.771736e-01 
  339.000  2.866709e-01 
  340.000  2.847005e-01 
  341.000  2.940327e-01 
  342.000  3.008460e-01 
  343.000  3.041231e-01 
  344.000  3.045066e-01 
  345.000  3.139451e-01 
  346.000  3.198381e-01 
  347.000  3.246187e-01 
  348.000  3.291083e-01 
  349.000  3.342322e-01 
  350.000  3.385885e-01 
  351.000  3.429511e-01 
  352.000  3.464885e-01 
  353.000  3.516930e-01 
  354.000  3.561023e-01 
  355.000  3.602178e-01 
  356.000  3.642538e-01 
  357.000  3.678602e-01 
  358.000  3.717921e-01 
  359.000  3.757223e-01 
  360.000  3.797202e-01 
  361.000  3.847614e-01 
  362.000  3.900183e-01 
  363.000  3.949024e-01 
  364.000  3.994326e-01 
  365.000  4.036994e-01 
  366.000  4.080990e-01 
  367.000  4.122976e-01 
  368.000  4.164741e-01 
  369.000  4.206298e-01 
  370.000  4.247579e-01 
  371.000  4.288683e-01 
  372.000  4.329590e-01 
  373.000  4.370291e-01 
  374.000  4.410492e-01 
  375.000  4.450074e-01 
  376.000  4.488498e-01 
  377.000  4.525040e-01 
  378.000  4.559234e-01 
  379.000  4.594012e-01 
  380.000  4.632104e-01 
  381.000  4.675245e-01 
  382.000  4.719994e-01 
  383.000  4.762561e-01 
  384.000  4.803168e-01 
  385.000  4.842477e-01 
  386.000  4.880926e-01 
  387.000  4.918877e-01 
  388.000  4.956453e-01 
  389.000  4.993818e-01 
  390.000  5.030976e-01 
  391.000  5.067851e-01 
  392.000  5.104540e-01 
  393.000  5.141016e-01 
  394.000  5.177241e-01 
  395.000  5.213186e-01 
  396.000  5.248977e-01 
  397.000  5.284439e-01 
  398.000  5.319658e-01 
  399.000  5.354655e-01 
  400.000  5.389254e-01 
  401.000  5.423784e-01 
  402.000  5.458110e-01 
  403.000  5.492211e-01 
  404.000  5.526081e-01 
  405.000  5.559652e-01 
  406.000  5.593064e-01 
  407.000  5.626277e-01 
  408.000  5.659265e-01 
  409.000  5.691994e-01 
  410.000  5.724476e-01 
  411.000  5.756699e-01 
  412.000  5.788640e-01 
  413.000  5.820450e-01 
  414.000  5.849880e-01 
  415.000  5.881993e-01 
  416.000  5.913767e-01 
  417.000  5.945047e-01 
  418.000  5.975622e-01 
  419.000  6.005915e-01 
  420.000  6.035983e-01 
  421.000  6.065918e-01 
  422.000  6.095710e-01 
  423.000  6.125325e-01 
  424.000  6.154631e-01 
  425.000  6.183302e-01 
  426.000  6.211738e-01 
  427.000  6.239966e-01 
  428.000  6.267709e-01 
  429.000  6.295091e-01 
  430.000  6.322197e-01 
  431.000  6.349135e-01 
  432.000  6.375831e-01 
  433.000  6.402310e-01 
  434.000  6.428599e-01 
  435.000  6.454667e-01 
  436.000  6.480480e-01 
  437.000  6.506047e-01 
  438.000  6.531358e-01 
  439.000  6.556506e-01 
  440.000  6.581289e-01 
  441.000  6.605792e-01 
  442.000  6.629947e-01 
  443.000  6.653776e-01 
  444.000  6.677268e-01 
  445.000  6.700299e-01 
  446.000  6.722742e-01 
  447.000  6.746267e-01 
  448.000  6.771437e-01 
  449.000  6.796914e-01 
  450.000  6.821945e-01 
  451.000  6.846032e-01 
  452.000  6.869304e-01 
  453.000  6.892142e-01 
  454.000  6.914602e-01 
  455.000  6.935691e-01 
  456.000  6.954994e-01 
  457.000  6.974306e-01 
  458.000  6.993377e-01 
  459.000  7.012067e-01 
  460.000  7.030622e-01 
  461.000  7.048993e-01 
  462.000  7.067035e-01 
  463.000  7.085037e-01 
  464.000  7.109019e-01 
  465.000  7.132682e-01 
  466.000  7.155970e-01 
  467.000  7.178772e-01 
  468.000  7.197169e-01 
  469.000  7.212978e-01 
  470.000  7.227594e-01 
  471.000  7.240845e-01 
  472.000  7.252113e-01 
  473.000  7.259959e-01 
  474.000  7.266487e-01 
  475.000  7.268538e-01 
  476.000  7.266055e-01 
  477.000  7.266356e-01 
  478.000  7.284089e-01 
  479.000  7.310932e-01 
  480.000  7.339904e-01 
  481.000  7.366040e-01 
  482.000  7.390909e-01 
  483.000  7.412632e-01 
  484.000  7.431406e-01 
  485.000  7.448272e-01 
  486.000  7.466561e-01 
  487.000  7.486032e-01 
  488.000  7.504924e-01 
  489.000  7.523497e-01 
  490.000  7.541871e-01 
  491.000  7.555990e-01 
  492.000  7.568822e-01 
  493.000  7.581592e-01 
  494.000  7.594016e-01 
  495.000  7.606435e-01 
  496.000  7.612205e-01 
  497.000  7.617692e-01 
  498.000  7.623089e-01 
  499.000  7.628169e-01 
  500.000  7.633159e-01 
  501.000  7.637493e-01 
  502.000  7.641824e-01 
  503.000  7.646091e-01 
  504.000  7.650136e-01 
  505.000  7.653930e-01 
  506.000  7.667258e-01 
  507.000  7.681017e-01 
  508.000  7.694756e-01 
  509.000  7.708347e-01 
  510.000  7.721666e-01 
  511.000  7.733511e-01 
  512.000  7.744923e-01 
  513.000  7.756273e-01 
  514.000  7.767485e-01 
  515.000  7.778602e-01 
  516.000  7.786260e-01 
  517.000  7.790826e-01 
  518.000  7.795255e-01 
  519.000  7.799590e-01 
  520.000  7.803878e-01 
  521.000  7.807665e-01 
  522.000  7.810203e-01 
  523.000  7.811912e-01 
  524.000  7.813689e-01 
  525.000  7.814995e-01 
  526.000  7.817000e-01 
  527.000  7.816718e-01 
  528.000  7.815497e-01 
  529.000  7.814251e-01 
  530.000  7.813107e-01 
  531.000  7.812024e-01 
  532.000  7.811960e-01 
  533.000  7.817891e-01 
  534.000  7.825382e-01 
  535.000  7.833837e-01 
  536.000  7.842008e-01 
  537.000  7.849479e-01 
  538.000  7.856148e-01 
  539.000  7.862315e-01 
  540.000  7.868093e-01 
  541.000  7.873697e-01 
  542.000  7.879053e-01 
  543.000  7.884214e-01 
  544.000  7.887941e-01 
  545.000  7.890483e-01 
  546.000  7.892889e-01 
  547.000  7.895370e-01 
  548.000  7.897705e-01 
  549.000  7.899997e-01 
  550.000  7.900720e-01 
  551.000  7.899920e-01 
  552.000  7.899173e-01 
  553.000  7.898144e-01 
  554.000  7.896985e-01 
  555.000  7.895749e-01 
  556.000  7.893937e-01 
  557.000  7.891156e-01 
  558.000  7.888221e-01 
  559.000  7.885047e-01 
  560.000  7.881295e-01 
  561.000  7.877015e-01 
  562.000  7.870217e-01 
  563.000  7.865322e-01 
  564.000  7.859285e-01 
  565.000  7.850897e-01 
  566.000  7.843914e-01 
  567.000  7.828277e-01 
  568.000  7.792278e-01 
  569.000  7.731110e-01 
  570.000  7.734521e-01 
  571.000  7.766766e-01 
  572.000  7.722994e-01 
  573.000  7.722900e-01 
  574.000  7.721062e-01 
  575.000  7.715589e-01 
  576.000  7.719644e-01 
  577.000  7.737812e-01 
  578.000  7.764134e-01 
  579.000  7.791675e-01 
  580.000  7.823548e-01 
  581.000  7.865967e-01 
  582.000  7.897187e-01 
  583.000  7.919408e-01 
  584.000  7.939627e-01 
  585.000  7.958011e-01 
  586.000  7.973717e-01 
  587.000  7.968189e-01 
  588.000  7.898876e-01 
  589.000  7.774032e-01 
  590.000  7.771779e-01 
  591.000  7.867942e-01 
  592.000  7.825174e-01 
  593.000  7.933363e-01 
  594.000  7.915478e-01 
  595.000  7.847494e-01 
  596.000  7.945696e-01 
  597.000  7.915776e-01 
  598.000  7.950597e-01 
  599.000  7.960420e-01 
  600.000  7.990918e-01 
  601.000  8.005242e-01 
  602.000  8.006069e-01 
  603.000  8.019382e-01 
  604.000  8.041323e-01 
  605.000  8.058150e-01 
  606.000  8.071612e-01 
  607.000  8.084694e-01 
  608.000  8.097571e-01 
  609.000  8.109968e-01 
  610.000  8.122888e-01 
  611.000  8.137358e-01 
  612.000  8.151568e-01 
  613.000  8.165390e-01 
  614.000  8.178857e-01 
  615.000  8.192295e-01 
  616.000  8.205304e-01 
  617.000  8.217682e-01 
  618.000  8.228157e-01 
  619.000  8.237176e-01 
  620.000  8.245627e-01 
  621.000  8.253078e-01 
  622.000  8.259529e-01 
  623.000  8.264293e-01 
  624.000  8.269275e-01 
  625.000  8.273665e-01 
  626.000  8.272520e-01 
  627.000  8.233176e-01 
  628.000  7.907324e-01 
  629.000  8.120151e-01 
  630.000  8.154528e-01 
  631.000  8.221582e-01 
  632.000  8.238641e-01 
  633.000  8.305665e-01 
  634.000  8.350908e-01 
  635.000  8.377697e-01 
  636.000  8.410563e-01 
  637.000  8.439289e-01 
  638.000  8.478294e-01 
  639.000  8.502929e-01 
  640.000  8.533287e-01 
  641.000  8.553429e-01 
  642.000  8.578105e-01 
  643.000  8.579915e-01 
  644.000  8.596877e-01 
  645.000  8.592653e-01 
  646.000  8.533909e-01 
  647.000  8.493673e-01 
  648.000  8.446667e-01 
  649.000  8.510700e-01 
  650.000  8.621984e-01 
  651.000  8.632439e-01 
  652.000  8.554255e-01 
  653.000  8.666590e-01 
  654.000  8.665742e-01 
  655.000  8.638912e-01 
  656.000  8.662226e-01 
  657.000  8.692185e-01 
  658.000  8.737172e-01 
  659.000  8.762893e-01 
  660.000  8.782740e-01 
  661.000  8.818496e-01 
  662.000  8.840665e-01 
  663.000  8.847883e-01 
  664.000  8.863108e-01 
  665.000  8.877761e-01 
  666.000  8.894124e-01 
  667.000  8.908787e-01 
  668.000  8.924904e-01 
  669.000  8.937958e-01 
  670.000  8.950120e-01 
  671.000  8.962632e-01 
  672.000  8.974366e-01 
  673.000  8.985967e-01 
  674.000  8.997496e-01 
  675.000  9.009026e-01 
  676.000  9.019936e-01 
  677.000  9.029927e-01 
  678.000  9.039923e-01 
  679.000  9.048859e-01 
  680.000  9.053244e-01 
  681.000  9.055908e-01 
  682.000  9.063179e-01 
  683.000  9.068217e-01 
  684.000  9.069533e-01 
  685.000  9.084954e-01 
  686.000  9.043491e-01 
  687.000  7.514527e-01 
  688.000  7.986652e-01 
  689.000  7.857883e-01 
  690.000  8.106069e-01 
  691.000  8.449357e-01 
  692.000  8.682745e-01 
  693.000  8.701097e-01 
  694.000  8.666229e-01 
  695.000  8.776495e-01 
  696.000  8.839221e-01 
  697.000  9.062116e-01 
  698.000  9.023414e-01 
  699.000  8.834810e-01 
  700.000  8.871196e-01 
  701.000  8.832001e-01 
  702.000  8.867783e-01 
  703.000  9.033761e-01 
  704.000  9.044750e-01 
  705.000  8.981407e-01 
  706.000  8.997724e-01 
  707.000  9.024919e-01 
  708.000  9.054029e-01 
  709.000  9.110172e-01 
  710.000  9.057127e-01 
  711.000  9.117892e-01 
  712.000  9.170101e-01 
  713.000  9.134097e-01 
  714.000  9.124197e-01 
  715.000  9.064050e-01 
  716.000  9.001836e-01 
  717.000  8.581443e-01 
  718.000  8.322589e-01 
  719.000  8.231385e-01 
  720.000  8.089885e-01 
  721.000  8.720838e-01 
  722.000  8.945498e-01 
  723.000  8.823781e-01 
  724.000  8.469914e-01 
  725.000  8.526108e-01 
  726.000  8.511233e-01 
  727.000  8.563953e-01 
  728.000  8.510411e-01 
  729.000  8.649528e-01 
  730.000  8.627300e-01 
  731.000  8.600029e-01 
  732.000  8.833126e-01 
  733.000  9.055240e-01 
  734.000  9.162754e-01 
  735.000  9.127347e-01 
  736.000  9.059260e-01 
  737.000  9.113268e-01 
  738.000  9.186897e-01 
  739.000  9.219365e-01 
  740.000  9.289578e-01 
  741.000  9.330710e-01 
  742.000  9.348819e-01 
  743.000  9.381493e-01 
  744.000  9.399201e-01 
  745.000  9.413401e-01 
  746.000  9.424736e-01 
  747.000  9.429769e-01 
  748.000  9.444059e-01 
  749.000  9.452025e-01 
  750.000  9.450444e-01 
  751.000  9.454630e-01 
  752.000  9.467328e-01 
  753.000  9.473646e-01 
  754.000  9.479021e-01 
  755.000  9.483168e-01 
  756.000  9.487419e-01 
  757.000  9.490454e-01 
  758.000  9.466554e-01 
  759.000  8.628477e-01 
  760.000  3.068292e-01 
  761.000  2.625085e-01 
  762.000  5.587180e-01 
  763.000  4.607382e-01 
  764.000  5.087429e-01 
  765.000  6.220044e-01 
  766.000  7.660309e-01 
  767.000  8.415841e-01 
  768.000  8.920111e-01 
  769.000  9.257456e-01 
  770.000  9.448068e-01 
  771.000  9.530945e-01 
  772.000  9.552006e-01 
  773.000  9.562848e-01 
  774.000  9.577523e-01 
  775.000  9.586658e-01 
  776.000  9.593068e-01 
  777.000  9.595644e-01 
  778.000  9.596512e-01 
  779.000  9.597031e-01 
  780.000  9.597439e-01 
  781.000  9.603111e-01 
  782.000  9.603365e-01 
  783.000  9.603776e-01 
  784.000  9.600757e-01 
  785.000  9.583501e-01 
  786.000  9.561231e-01 
  787.000  9.515406e-01 
  788.000  9.488728e-01 
  789.000  9.390435e-01 
  790.000  9.382960e-01 
  791.000  9.402776e-01 
  792.000  9.421120e-01 
  793.000  9.462543e-01 
  794.000  9.549266e-01 
  795.000  9.497885e-01 
  796.000  9.359121e-01 
  797.000  9.400082e-01 
  798.000  9.489313e-01 
  799.000  9.470123e-01 
  800.000  9.406802e-01 
  801.000  9.415405e-01 
  802.000  9.409837e-01 
  803.000  9.420158e-01 
  804.000  9.451264e-01 
  805.000  9.510036e-01 
  806.000  9.545447e-01 
  807.000  9.547884e-01 
  808.000  9.529242e-01 
  809.000  9.506115e-01 
  810.000  9.480730e-01 
  811.000  9.427602e-01 
  812.000  9.355789e-01 
  813.000  9.267499e-01 
  814.000  9.150565e-01 
  815.000  9.004755e-01 
  816.000  8.816316e-01 
  817.000  8.827961e-01 
  818.000  8.844249e-01 
  819.000  8.907217e-01 
  820.000  9.116122e-01 
  821.000  9.354061e-01 
  822.000  9.174514e-01 
  823.000  8.669655e-01 
  824.000  9.096630e-01 
  825.000  9.370148e-01 
  826.000  9.324057e-01 
  827.000  9.290367e-01 
  828.000  9.111364e-01 
  829.000  9.176934e-01 
  830.000  9.250136e-01 
  831.000  9.267787e-01 
  832.000  9.275707e-01 
  833.000  9.318106e-01 
  834.000  9.367844e-01 
  835.000  9.465854e-01 
  836.000  9.435160e-01 
  837.000  9.432446e-01 
  838.000  9.480574e-01 
  839.000  9.510005e-01 
  840.000  9.521161e-01 
  841.000  9.490643e-01 
  842.000  9.519354e-01 
  843.000  9.586563e-01 
  844.000  9.617367e-01 
  845.000  9.632106e-01 
  846.000  9.642571e-01 
  847.000  9.658523e-01 
  848.000  9.638393e-01 
  849.000  9.642555e-01 
  850.000  9.629980e-01 
  851.000  9.614840e-01 
  852.000  9.617113e-01 
  853.000  9.643973e-01 
  854.000  9.643217e-01 
  855.000  9.657041e-01 
  856.000  9.680071e-01 
  857.000  9.691638e-01 
  858.000  9.697034e-01 
  859.000  9.712265e-01 
  860.000  9.721892e-01 
  861.000  9.723809e-01 
  862.000  9.729179e-01 
  863.000  9.730363e-01 
  864.000  9.734222e-01 
  865.000  9.737476e-01 
  866.000  9.738744e-01 
  867.000  9.738776e-01 
  868.000  9.739742e-01 
  869.000  9.741188e-01 
  870.000  9.741040e-01 
  871.000  9.742432e-01 
  872.000  9.745076e-01 
  873.000  9.743477e-01 
  874.000  9.742845e-01 
  875.000  9.743094e-01 
  876.000  9.739913e-01 
  877.000  9.738547e-01 
  878.000  9.729699e-01 
  879.000  9.729531e-01 
  880.000  9.723130e-01 
  881.000  9.718803e-01 
  882.000  9.714666e-01 
  883.000  9.719849e-01 
  884.000  9.722253e-01 
  885.000  9.708030e-01 
  886.000  9.688326e-01 
  887.000  9.703822e-01 
  888.000  9.703319e-01 
  889.000  9.709582e-01 
  890.000  9.699315e-01 
  891.000  9.679897e-01 
  892.000  9.627779e-01 
  893.000  9.467648e-01 
  894.000  9.388227e-01 
  895.000  9.143244e-01 
  896.000  8.923363e-01 
  897.000  8.691033e-01 
  898.000  8.582397e-01 
  899.000  8.272524e-01 
  900.000  8.318211e-01 
  901.000  8.237606e-01 
  902.000  8.252456e-01 
  903.000  8.773978e-01 
  904.000  9.090531e-01 
  905.000  9.079211e-01 
  906.000  8.882020e-01 
  907.000  8.531775e-01 
  908.000  8.300226e-01 
  909.000  8.310732e-01 
  910.000  8.346231e-01 
  911.000  8.500804e-01 
  912.000  8.426555e-01 
  913.000  8.101810e-01 
  914.000  8.263040e-01 
  915.000  8.389719e-01 
  916.000  8.424126e-01 
  917.000  8.492787e-01 
  918.000  8.581433e-01 
  919.000  8.881860e-01 
  920.000  9.107882e-01 
  921.000  9.058365e-01 
  922.000  9.054469e-01 
  923.000  8.991866e-01 
  924.000  8.840659e-01 
  925.000  8.828936e-01 
  926.000  8.826881e-01 
  927.000  8.650905e-01 
  928.000  8.379085e-01 
  929.000  7.984512e-01 
  930.000  7.479048e-01 
  931.000  6.908948e-01 
  932.000  6.158062e-01 
  933.000  5.587455e-01 
  934.000  4.992285e-01 
  935.000  4.929622e-01 
  936.000  5.168308e-01 
  937.000  5.106925e-01 
  938.000  5.766313e-01 
  939.000  7.441275e-01 
  940.000  7.685450e-01 
  941.000  7.473519e-01 
  942.000  6.951665e-01 
  943.000  6.072021e-01 
  944.000  6.010881e-01 
  945.000  6.330712e-01 
  946.000  6.347795e-01 
  947.000  6.628970e-01 
  948.000  6.793360e-01 
  949.000  6.770976e-01 
  950.000  6.812842e-01 
  951.000  7.179283e-01 
  952.000  6.785949e-01 
  953.000  7.060310e-01 
  954.000  7.352695e-01 
  955.000  7.113768e-01 
  956.000  7.058323e-01 
  957.000  7.796214e-01 
  958.000  7.889987e-01 
  959.000  7.767251e-01 
  960.000  7.731191e-01 
  961.000  7.669528e-01 
  962.000  7.724934e-01 
  963.000  8.125974e-01 
  964.000  8.183069e-01 
  965.000  8.144540e-01 
  966.000  8.165825e-01 
  967.000  8.449675e-01 
  968.000  8.920156e-01 
  969.000  9.131202e-01 
  970.000  9.142540e-01 
  971.000  9.137723e-01 
  972.000  9.078178e-01 
  973.000  8.939893e-01 
  974.000  8.770728e-01 
  975.000  8.661773e-01 
  976.000  8.795485e-01 
  977.000  9.015400e-01 
  978.000  8.997585e-01 
  979.000  9.054303e-01 
  980.000  9.277315e-01 
  981.000  9.326638e-01 
  982.000  9.277109e-01 
  983.000  9.391230e-01 
  984.000  9.508503e-01 
  985.000  9.575081e-01 
  986.000  9.660836e-01 
  987.000  9.698015e-01 
  988.000  9.706656e-01 
  989.000  9.712276e-01 
  990.000  9.721524e-01 
  991.000  9.753537e-01 
  992.000  9.762815e-01 
  993.000  9.759667e-01 
  994.000  9.788430e-01 
  995.000  9.808502e-01 
  996.000  9.808528e-01 
  997.000  9.797057e-01 
  998.000  9.783838e-01 
  999.000  9.778348e-01 
 1000.000  9.783344e-01 
 1001.000  9.758470e-01 
 1002.000  9.710010e-01 
 1003.000  9.721880e-01 
 1004.000  9.750196e-01 
 1005.000  9.763278e-01 
 1006.000  9.767215e-01 
 1007.000  9.758161e-01 
 1008.000  9.718610e-01 
 1009.000  9.665523e-01 
 1010.000  9.689356e-01 
 1011.000  9.745860e-01 
 1012.000  9.767430e-01 
 1013.000  9.778272e-01 
 1014.000  9.785908e-01 
 1015.000  9.787260e-01 
 1016.000  9.792817e-01 
 1017.000  9.797857e-01 
 1018.000  9.789885e-01 
 1019.000  9.768687e-01 
 1020.000  9.776056e-01 
 1021.000  9.791324e-01 
 1022.000  9.772280e-01 
 1023.000  9.752138e-01 
 1024.000  9.739926e-01 
 1025.000  9.769711e-01 
 1026.000  9.786699e-01 
 1027.000  9.778986e-01 
 1028.000  9.784501e-01 
 1029.000  9.799252e-01 
 1030.000  9.813275e-01 
 1031.000  9.819816e-01 
 1032.000  9.824179e-01 
 1033.000  9.825938e-01 
 1034.000  9.830444e-01 
 1035.000  9.831635e-01 
 1036.000  9.827951e-01 
 1037.000  9.826455e-01 
 1038.000  9.827783e-01 
 1039.000  9.824541e-01 
 1040.000  9.821212e-01 
 1041.000  9.818613e-01 
 1042.000  9.817643e-01 
 1043.000  9.816929e-01 
 1044.000  9.814131e-01 
 1045.000  9.807395e-01 
 1046.000  9.802521e-01 
 1047.000  9.796364e-01 
 1048.000  9.786257e-01 
 1049.000  9.774832e-01 
 1050.000  9.766950e-01 
 1051.000  9.759746e-01 
 1052.000  9.752276e-01 
 1053.000  9.747782e-01 
 1054.000  9.737521e-01 
 1055.000  9.726888e-01 
 1056.000  9.716599e-01 
 1057.000  9.698448e-01 
 1058.000  9.670253e-01 
 1059.000  9.667704e-01 
 1060.000  9.674042e-01 
 1061.000  9.670017e-01 
 1062.000  9.649832e-01 
 1063.000  9.638506e-01 
 1064.000  9.620780e-01 
 1065.000  9.605825e-01 
 1066.000  9.606627e-01 
 1067.000  9.596384e-01 
 1068.000  9.576125e-01 
 1069.000  9.572250e-01 
 1070.000  9.585228e-01 
 1071.000  9.573319e-01 
 1072.000  9.558857e-01 
 1073.000  9.560804e-01 
 1074.000  9.569491e-01 
 1075.000  9.604627e-01 
 1076.000  9.591131e-01 
 1077.000  9.570898e-01 
 1078.000  9.545943e-01 
 1079.000  9.546449e-01 
 1080.000  9.471146e-01 
 1081.000  9.469981e-01 
 1082.000  9.507682e-01 
 1083.000  9.469168e-01 
 1084.000  9.426075e-01 
 1085.000  9.319059e-01 
 1086.000  9.347183e-01 
 1087.000  9.469843e-01 
 1088.000  9.476600e-01 
 1089.000  9.332104e-01 
 1090.000  9.306580e-01 
 1091.000  9.336414e-01 
 1092.000  9.265906e-01 
 1093.000  9.104280e-01 
 1094.000  9.034343e-01 
 1095.000  9.047176e-01 
 1096.000  9.059045e-01 
 1097.000  9.028324e-01 
 1098.000  8.630314e-01 
 1099.000  8.289263e-01 
 1100.000  8.313591e-01 
 1101.000  8.362026e-01 
 1102.000  8.340858e-01 
 1103.000  8.373354e-01 
 1104.000  8.316976e-01 
 1105.000  8.173978e-01 
 1106.000  8.028360e-01 
 1107.000  8.066545e-01 
 1108.000  8.095555e-01 
 1109.000  8.223135e-01 
 1110.000  8.211451e-01 
 1111.000  8.144374e-01 
 1112.000  7.839766e-01 
 1113.000  7.422267e-01 
 1114.000  7.314131e-01 
 1115.000  6.797569e-01 
 1116.000  6.474873e-01 
 1117.000  5.715073e-01 
 1118.000  5.016677e-01 
 1119.000  4.647208e-01 
 1120.000  4.181595e-01 
 1121.000  4.079003e-01 
 1122.000  3.587188e-01 
 1123.000  3.859491e-01 
 1124.000  4.042183e-01 
 1125.000  3.947615e-01 
 1126.000  3.909037e-01 
 1127.000  3.949251e-01 
 1128.000  4.027072e-01 
 1129.000  4.508038e-01 
 1130.000  5.623412e-01 
 1131.000  5.943046e-01 
 1132.000  5.507165e-01 
 1133.000  4.700301e-01 
 1134.000  3.222743e-01 
 1135.000  3.335032e-01 
 1136.000  4.813652e-01 
 1137.000  5.609006e-01 
 1138.000  6.367081e-01 
 1139.000  6.589398e-01 
 1140.000  6.445777e-01 
 1141.000  6.149979e-01 
 1142.000  6.047047e-01 
 1143.000  5.722829e-01 
 1144.000  5.354868e-01 
 1145.000  4.820259e-01 
 1146.000  4.946592e-01 
 1147.000  5.363778e-01 
 1148.000  5.732239e-01 
 1149.000  5.879141e-01 
 1150.000  5.882868e-01 
 1151.000  6.100557e-01 
 1152.000  6.206368e-01 
 1153.000  6.362862e-01 
 1154.000  6.311894e-01 
 1155.000  6.605015e-01 
 1156.000  6.934330e-01 
 1157.000  7.601880e-01 
 1158.000  7.870459e-01 
 1159.000  8.099849e-01 
 1160.000  8.194203e-01 
 1161.000  8.436224e-01 
 1162.000  8.609598e-01 
 1163.000  8.821045e-01 
 1164.000  8.870921e-01 
 1165.000  8.885681e-01 
 1166.000  8.929476e-01 
 1167.000  8.956116e-01 
 1168.000  8.945571e-01 
 1169.000  8.975785e-01 
 1170.000  9.003341e-01 
 1171.000  9.077740e-01 
 1172.000  9.033920e-01 
 1173.000  8.990541e-01 
 1174.000  8.993288e-01 
 1175.000  9.111269e-01 
 1176.000  9.219659e-01 
 1177.000  9.169005e-01 
 1178.000  9.064794e-01 
 1179.000  9.065183e-01 
 1180.000  9.027755e-01 
 1181.000  8.930259e-01 
 1182.000  8.833284e-01 
 1183.000  8.845347e-01 
 1184.000  8.901389e-01 
 1185.000  9.037857e-01 
 1186.000  8.997780e-01 
 1187.000  8.858318e-01 
 1188.000  8.826563e-01 
 1189.000  8.913674e-01 
 1190.000  9.133781e-01 
 1191.000  9.198959e-01 
 1192.000  9.292338e-01 
 1193.000  9.272373e-01 
 1194.000  9.258308e-01 
 1195.000  9.166090e-01 
 1196.000  9.179002e-01 
 1197.000  9.134117e-01 
 1198.000  9.124241e-01 
 1199.000  9.067844e-01 
 1200.000  9.100507e-01 
