  250.000  0.000000e+00 
  251.000  0.000000e+00 
  252.000  0.000000e+00 
  253.000  0.000000e+00 
  254.000  0.000000e+00 
  255.000  0.000000e+00 
  256.000  0.000000e+00 
  257.000  0.000000e+00 
  258.000  0.000000e+00 
  259.000  0.000000e+00 
  260.000  0.000000e+00 
  261.000  0.000000e+00 
  262.000  0.000000e+00 
  263.000  0.000000e+00 
  264.000  0.000000e+00 
  265.000  0.000000e+00 
  266.000  0.000000e+00 
  267.000  0.000000e+00 
  268.000  0.000000e+00 
  269.000  0.000000e+00 
  270.000  0.000000e+00 
  271.000  0.000000e+00 
  272.000  0.000000e+00 
  273.000  0.000000e+00 
  274.000  0.000000e+00 
  275.000  0.000000e+00 
  276.000  0.000000e+00 
  277.000  0.000000e+00 
  278.000  0.000000e+00 
  279.000  0.000000e+00 
  280.000  0.000000e+00 
  281.000  0.000000e+00 
  282.000  0.000000e+00 
  283.000  0.000000e+00 
  284.000  0.000000e+00 
  285.000  0.000000e+00 
  286.000  0.000000e+00 
  287.000  0.000000e+00 
  288.000  9.391024e-12 
  289.000  7.211566e-11 
  290.000  8.526104e-10 
  291.000  5.484874e-09 
  292.000  7.145497e-08 
  293.000  3.196870e-07 
  294.000  1.791251e-06 
  295.000  5.260673e-06 
  296.000  2.519422e-05 
  297.000  6.275636e-05 
  298.000  1.868366e-04 
  299.000  3.950710e-04 
  300.000  8.688768e-04 
  301.000  1.642162e-03 
  302.000  2.828972e-03 
  303.000  5.455987e-03 
  304.000  6.835492e-03 
  305.000  1.170440e-02 
  306.000  1.569666e-02 
  307.000  2.270355e-02 
  308.000  2.853235e-02 
  309.000  3.569064e-02 
  310.000  4.732255e-02 
  311.000  5.314274e-02 
  312.000  6.273264e-02 
  313.000  7.500599e-02 
  314.000  8.030345e-02 
  315.000  9.591033e-02 
  316.000  1.004580e-01 
  317.000  1.136970e-01 
  318.000  1.211009e-01 
  319.000  1.417389e-01 
  320.000  1.299094e-01 
  321.000  1.604376e-01 
  322.000  1.493251e-01 
  323.000  1.648333e-01 
  324.000  1.857943e-01 
  325.000  1.727078e-01 
  326.000  1.945619e-01 
  327.000  2.018898e-01 
  328.000  1.928488e-01 
  329.000  2.179016e-01 
  330.000  2.233007e-01 
  331.000  2.144506e-01 
  332.000  2.327929e-01 
  333.000  2.376689e-01 
  334.000  2.369781e-01 
  335.000  2.490487e-01 
  336.000  2.550368e-01 
  337.000  2.536169e-01 
  338.000  2.624613e-01 
  339.000  2.691025e-01 
  340.000  2.695755e-01 
  341.000  2.771361e-01 
  342.000  2.827382e-01 
  343.000  2.870323e-01 
  344.000  2.874008e-01 
  345.000  2.957017e-01 
  346.000  3.002982e-01 
  347.000  3.046394e-01 
  348.000  3.090570e-01 
  349.000  3.142900e-01 
  350.000  3.186493e-01 
  351.000  3.234592e-01 
  352.000  3.276252e-01 
  353.000  3.326257e-01 
  354.000  3.362556e-01 
  355.000  3.402120e-01 
  356.000  3.452175e-01 
  357.000  3.485248e-01 
  358.000  3.521955e-01 
  359.000  3.558176e-01 
  360.000  3.593779e-01 
  361.000  3.631308e-01 
  362.000  3.688856e-01 
  363.000  3.738040e-01 
  364.000  3.787095e-01 
  365.000  3.828539e-01 
  366.000  3.874361e-01 
  367.000  3.917654e-01 
  368.000  3.959134e-01 
  369.000  3.994035e-01 
  370.000  4.035751e-01 
  371.000  4.079826e-01 
  372.000  4.116672e-01 
  373.000  4.161603e-01 
  374.000  4.204617e-01 
  375.000  4.239531e-01 
  376.000  4.276122e-01 
  377.000  4.317667e-01 
  378.000  4.349904e-01 
  379.000  4.385058e-01 
  380.000  4.419048e-01 
  381.000  4.455990e-01 
  382.000  4.505503e-01 
  383.000  4.556118e-01 
  384.000  4.590861e-01 
  385.000  4.635372e-01 
  386.000  4.670993e-01 
  387.000  4.713106e-01 
  388.000  4.746309e-01 
  389.000  4.780129e-01 
  390.000  4.822523e-01 
  391.000  4.857368e-01 
  392.000  4.886822e-01 
  393.000  4.935764e-01 
  394.000  4.969729e-01 
  395.000  5.002739e-01 
  396.000  5.044490e-01 
  397.000  5.082338e-01 
  398.000  5.108925e-01 
  399.000  5.145143e-01 
  400.000  5.176436e-01 
  401.000  5.217660e-01 
  402.000  5.254639e-01 
  403.000  5.292736e-01 
  404.000  5.318445e-01 
  405.000  5.353879e-01 
  406.000  5.387335e-01 
  407.000  5.430804e-01 
  408.000  5.452561e-01 
  409.000  5.483921e-01 
  410.000  5.516900e-01 
  411.000  5.553768e-01 
  412.000  5.591760e-01 
  413.000  5.612723e-01 
  414.000  5.652031e-01 
  415.000  5.683091e-01 
  416.000  5.722970e-01 
  417.000  5.746669e-01 
  418.000  5.773703e-01 
  419.000  5.812136e-01 
  420.000  5.838102e-01 
  421.000  5.868365e-01 
  422.000  5.893186e-01 
  423.000  5.927227e-01 
  424.000  5.953664e-01 
  425.000  5.993020e-01 
  426.000  6.022215e-01 
  427.000  6.049663e-01 
  428.000  6.074599e-01 
  429.000  6.110203e-01 
  430.000  6.139868e-01 
  431.000  6.151882e-01 
  432.000  6.193434e-01 
  433.000  6.222507e-01 
  434.000  6.241557e-01 
  435.000  6.261674e-01 
  436.000  6.295295e-01 
  437.000  6.339229e-01 
  438.000  6.361797e-01 
  439.000  6.368500e-01 
  440.000  6.401569e-01 
  441.000  6.430053e-01 
  442.000  6.464864e-01 
  443.000  6.483784e-01 
  444.000  6.506619e-01 
  445.000  6.518730e-01 
  446.000  6.550326e-01 
  447.000  6.580588e-01 
  448.000  6.583270e-01 
  449.000  6.625822e-01 
  450.000  6.661005e-01 
  451.000  6.682410e-01 
  452.000  6.699988e-01 
  453.000  6.726528e-01 
  454.000  6.762549e-01 
  455.000  6.775194e-01 
  456.000  6.797101e-01 
  457.000  6.822170e-01 
  458.000  6.839519e-01 
  459.000  6.861562e-01 
  460.000  6.875916e-01 
  461.000  6.898237e-01 
  462.000  6.929143e-01 
  463.000  6.931326e-01 
  464.000  6.961648e-01 
  465.000  6.982619e-01 
  466.000  7.021423e-01 
  467.000  7.033379e-01 
  468.000  7.055696e-01 
  469.000  7.075379e-01 
  470.000  7.096507e-01 
  471.000  7.116053e-01 
  472.000  7.125446e-01 
  473.000  7.131333e-01 
  474.000  7.120392e-01 
  475.000  7.123943e-01 
  476.000  7.133147e-01 
  477.000  7.142844e-01 
  478.000  7.154649e-01 
  479.000  7.177252e-01 
  480.000  7.205538e-01 
  481.000  7.250262e-01 
  482.000  7.286638e-01 
  483.000  7.319947e-01 
  484.000  7.337623e-01 
  485.000  7.353002e-01 
  486.000  7.364472e-01 
  487.000  7.389248e-01 
  488.000  7.402724e-01 
  489.000  7.413417e-01 
  490.000  7.441489e-01 
  491.000  7.458910e-01 
  492.000  7.475179e-01 
  493.000  7.491400e-01 
  494.000  7.502741e-01 
  495.000  7.515178e-01 
  496.000  7.525912e-01 
  497.000  7.542467e-01 
  498.000  7.554916e-01 
  499.000  7.570811e-01 
  500.000  7.582843e-01 
  501.000  7.585880e-01 
  502.000  7.588674e-01 
  503.000  7.589250e-01 
  504.000  7.592920e-01 
  505.000  7.600559e-01 
  506.000  7.624524e-01 
  507.000  7.638413e-01 
  508.000  7.660071e-01 
  509.000  7.671467e-01 
  510.000  7.687628e-01 
  511.000  7.705806e-01 
  512.000  7.717314e-01 
  513.000  7.740132e-01 
  514.000  7.750995e-01 
  515.000  7.769753e-01 
  516.000  7.778878e-01 
  517.000  7.794559e-01 
  518.000  7.798575e-01 
  519.000  7.809087e-01 
  520.000  7.814535e-01 
  521.000  7.828600e-01 
  522.000  7.832940e-01 
  523.000  7.839175e-01 
  524.000  7.845904e-01 
  525.000  7.843835e-01 
  526.000  7.846487e-01 
  527.000  7.851884e-01 
  528.000  7.851386e-01 
  529.000  7.854581e-01 
  530.000  7.855130e-01 
  531.000  7.862214e-01 
  532.000  7.868688e-01 
  533.000  7.877755e-01 
  534.000  7.890847e-01 
  535.000  7.898355e-01 
  536.000  7.911579e-01 
  537.000  7.925370e-01 
  538.000  7.932402e-01 
  539.000  7.939884e-01 
  540.000  7.952387e-01 
  541.000  7.955562e-01 
  542.000  7.960198e-01 
  543.000  7.970207e-01 
  544.000  7.979955e-01 
  545.000  7.981408e-01 
  546.000  7.988637e-01 
  547.000  8.002453e-01 
  548.000  8.016086e-01 
  549.000  8.019989e-01 
  550.000  8.031426e-01 
  551.000  8.038664e-01 
  552.000  8.044993e-01 
  553.000  8.051533e-01 
  554.000  8.059523e-01 
  555.000  8.066675e-01 
  556.000  8.066970e-01 
  557.000  8.064566e-01 
  558.000  8.063188e-01 
  559.000  8.062071e-01 
  560.000  8.059963e-01 
  561.000  8.058500e-01 
  562.000  8.058213e-01 
  563.000  8.054860e-01 
  564.000  8.051251e-01 
  565.000  8.048319e-01 
  566.000  8.048981e-01 
  567.000  8.044590e-01 
  568.000  8.036117e-01 
  569.000  8.011370e-01 
  570.000  7.992848e-01 
  571.000  7.988356e-01 
  572.000  7.973975e-01 
  573.000  7.967671e-01 
  574.000  7.956502e-01 
  575.000  7.951832e-01 
  576.000  7.954727e-01 
  577.000  7.961295e-01 
  578.000  7.982849e-01 
  579.000  8.004398e-01 
  580.000  8.023536e-01 
  581.000  8.057321e-01 
  582.000  8.090380e-01 
  583.000  8.118295e-01 
  584.000  8.159879e-01 
  585.000  8.175340e-01 
  586.000  8.196971e-01 
  587.000  8.204325e-01 
  588.000  8.216537e-01 
  589.000  8.179430e-01 
  590.000  8.187407e-01 
  591.000  8.212076e-01 
  592.000  8.174908e-01 
  593.000  8.238969e-01 
  594.000  8.216333e-01 
  595.000  8.238925e-01 
  596.000  8.249131e-01 
  597.000  8.252918e-01 
  598.000  8.253720e-01 
  599.000  8.265676e-01 
  600.000  8.266988e-01 
  601.000  8.278911e-01 
  602.000  8.293844e-01 
  603.000  8.301997e-01 
  604.000  8.308980e-01 
  605.000  8.317145e-01 
  606.000  8.333012e-01 
  607.000  8.345373e-01 
  608.000  8.361927e-01 
  609.000  8.368732e-01 
  610.000  8.382326e-01 
  611.000  8.393043e-01 
  612.000  8.408390e-01 
  613.000  8.421831e-01 
  614.000  8.431342e-01 
  615.000  8.442432e-01 
  616.000  8.457289e-01 
  617.000  8.467820e-01 
  618.000  8.474884e-01 
  619.000  8.484951e-01 
  620.000  8.492507e-01 
  621.000  8.497472e-01 
  622.000  8.499631e-01 
  623.000  8.502495e-01 
  624.000  8.503277e-01 
  625.000  8.504341e-01 
  626.000  8.503017e-01 
  627.000  8.502401e-01 
  628.000  8.228493e-01 
  629.000  8.354139e-01 
  630.000  8.408538e-01 
  631.000  8.504338e-01 
  632.000  8.541782e-01 
  633.000  8.562860e-01 
  634.000  8.594820e-01 
  635.000  8.603364e-01 
  636.000  8.635166e-01 
  637.000  8.671063e-01 
  638.000  8.691618e-01 
  639.000  8.714894e-01 
  640.000  8.727502e-01 
  641.000  8.752710e-01 
  642.000  8.767076e-01 
  643.000  8.775560e-01 
  644.000  8.789235e-01 
  645.000  8.801822e-01 
  646.000  8.795454e-01 
  647.000  8.788062e-01 
  648.000  8.772257e-01 
  649.000  8.801673e-01 
  650.000  8.850195e-01 
  651.000  8.859548e-01 
  652.000  8.859739e-01 
  653.000  8.877145e-01 
  654.000  8.890170e-01 
  655.000  8.853908e-01 
  656.000  8.891285e-01 
  657.000  8.906010e-01 
  658.000  8.929395e-01 
  659.000  8.947109e-01 
  660.000  8.950285e-01 
  661.000  8.965408e-01 
  662.000  8.968506e-01 
  663.000  8.978917e-01 
  664.000  8.986053e-01 
  665.000  8.994628e-01 
  666.000  9.002670e-01 
  667.000  9.015196e-01 
  668.000  9.021183e-01 
  669.000  9.031740e-01 
  670.000  9.037179e-01 
  671.000  9.049934e-01 
  672.000  9.052751e-01 
  673.000  9.063292e-01 
  674.000  9.067516e-01 
  675.000  9.078500e-01 
  676.000  9.082032e-01 
  677.000  9.087675e-01 
  678.000  9.097354e-01 
  679.000  9.102409e-01 
  680.000  9.112734e-01 
  681.000  9.117251e-01 
  682.000  9.129829e-01 
  683.000  9.133326e-01 
  684.000  9.144448e-01 
  685.000  9.149873e-01 
  686.000  9.157530e-01 
  687.000  5.844066e-01 
  688.000  7.485475e-01 
  689.000  7.961848e-01 
  690.000  8.324751e-01 
  691.000  8.582031e-01 
  692.000  9.014749e-01 
  693.000  9.009243e-01 
  694.000  9.027101e-01 
  695.000  9.120244e-01 
  696.000  9.092925e-01 
  697.000  9.216945e-01 
  698.000  9.219718e-01 
  699.000  9.168011e-01 
  700.000  9.187968e-01 
  701.000  9.145931e-01 
  702.000  9.171427e-01 
  703.000  9.196070e-01 
  704.000  9.209854e-01 
  705.000  9.220214e-01 
  706.000  9.239777e-01 
  707.000  9.256548e-01 
  708.000  9.273887e-01 
  709.000  9.278401e-01 
  710.000  9.274891e-01 
  711.000  9.293950e-01 
  712.000  9.291083e-01 
  713.000  9.305853e-01 
  714.000  9.296876e-01 
  715.000  9.279777e-01 
  716.000  9.289482e-01 
  717.000  9.203319e-01 
  718.000  8.905874e-01 
  719.000  8.540682e-01 
  720.000  8.937628e-01 
  721.000  9.264472e-01 
  722.000  9.258057e-01 
  723.000  9.243254e-01 
  724.000  8.822753e-01 
  725.000  8.993197e-01 
  726.000  9.176788e-01 
  727.000  9.091086e-01 
  728.000  8.962412e-01 
  729.000  9.038057e-01 
  730.000  9.199083e-01 
  731.000  9.136643e-01 
  732.000  9.186511e-01 
  733.000  9.310328e-01 
  734.000  9.365713e-01 
  735.000  9.326535e-01 
  736.000  9.357874e-01 
  737.000  9.361937e-01 
  738.000  9.384420e-01 
  739.000  9.392145e-01 
  740.000  9.416679e-01 
  741.000  9.429021e-01 
  742.000  9.436229e-01 
  743.000  9.438489e-01 
  744.000  9.443646e-01 
  745.000  9.447194e-01 
  746.000  9.453377e-01 
  747.000  9.457524e-01 
  748.000  9.459781e-01 
  749.000  9.461809e-01 
  750.000  9.465460e-01 
  751.000  9.467726e-01 
  752.000  9.476172e-01 
  753.000  9.478537e-01 
  754.000  9.481599e-01 
  755.000  9.484811e-01 
  756.000  9.486947e-01 
  757.000  9.490292e-01 
  758.000  9.496583e-01 
  759.000  9.382408e-01 
  760.000  2.795443e-01 
  761.000  1.476106e-01 
  762.000  5.493318e-01 
  763.000  4.322083e-01 
  764.000  5.187098e-01 
  765.000  6.721013e-01 
  766.000  8.140213e-01 
  767.000  8.690599e-01 
  768.000  9.296184e-01 
  769.000  9.453431e-01 
  770.000  9.455085e-01 
  771.000  9.512690e-01 
  772.000  9.532763e-01 
  773.000  9.534369e-01 
  774.000  9.535553e-01 
  775.000  9.536790e-01 
  776.000  9.539008e-01 
  777.000  9.542017e-01 
  778.000  9.543841e-01 
  779.000  9.545846e-01 
  780.000  9.547520e-01 
  781.000  9.551969e-01 
  782.000  9.555331e-01 
  783.000  9.557744e-01 
  784.000  9.558458e-01 
  785.000  9.558759e-01 
  786.000  9.552028e-01 
  787.000  9.556524e-01 
  788.000  9.541213e-01 
  789.000  9.542319e-01 
  790.000  9.513618e-01 
  791.000  9.519615e-01 
  792.000  9.532769e-01 
  793.000  9.542414e-01 
  794.000  9.586660e-01 
  795.000  9.574219e-01 
  796.000  9.494786e-01 
  797.000  9.559985e-01 
  798.000  9.564003e-01 
  799.000  9.576346e-01 
  800.000  9.542466e-01 
  801.000  9.529721e-01 
  802.000  9.555971e-01 
  803.000  9.548950e-01 
  804.000  9.549592e-01 
  805.000  9.569208e-01 
  806.000  9.598783e-01 
  807.000  9.582596e-01 
  808.000  9.602565e-01 
  809.000  9.572672e-01 
  810.000  9.560827e-01 
  811.000  9.571779e-01 
  812.000  9.540908e-01 
  813.000  9.480330e-01 
  814.000  9.367623e-01 
  815.000  9.229846e-01 
  816.000  9.330679e-01 
  817.000  8.770079e-01 
  818.000  9.149882e-01 
  819.000  9.318956e-01 
  820.000  9.081045e-01 
  821.000  9.567164e-01 
  822.000  9.510067e-01 
  823.000  8.571266e-01 
  824.000  9.443595e-01 
  825.000  9.540484e-01 
  826.000  9.436960e-01 
  827.000  9.541098e-01 
  828.000  9.272008e-01 
  829.000  9.490087e-01 
  830.000  9.449611e-01 
  831.000  9.461497e-01 
  832.000  9.474718e-01 
  833.000  9.546283e-01 
  834.000  9.556989e-01 
  835.000  9.592948e-01 
  836.000  9.605165e-01 
  837.000  9.594999e-01 
  838.000  9.631812e-01 
  839.000  9.641350e-01 
  840.000  9.648314e-01 
  841.000  9.648314e-01 
  842.000  9.623741e-01 
  843.000  9.669700e-01 
  844.000  9.642394e-01 
  845.000  9.666079e-01 
  846.000  9.673965e-01 
  847.000  9.679112e-01 
  848.000  9.675145e-01 
  849.000  9.679002e-01 
  850.000  9.681256e-01 
  851.000  9.688981e-01 
  852.000  9.700609e-01 
  853.000  9.702731e-01 
  854.000  9.703716e-01 
  855.000  9.703716e-01 
  856.000  9.705339e-01 
  857.000  9.712945e-01 
  858.000  9.708670e-01 
  859.000  9.713650e-01 
  860.000  9.717096e-01 
  861.000  9.717162e-01 
  862.000  9.720248e-01 
  863.000  9.719202e-01 
  864.000  9.724016e-01 
  865.000  9.724016e-01 
  866.000  9.724576e-01 
  867.000  9.725968e-01 
  868.000  9.726662e-01 
  869.000  9.727185e-01 
  870.000  9.729701e-01 
  871.000  9.730594e-01 
  872.000  9.732999e-01 
  873.000  9.733885e-01 
  874.000  9.733885e-01 
  875.000  9.736764e-01 
  876.000  9.737748e-01 
  877.000  9.738797e-01 
  878.000  9.739949e-01 
  879.000  9.740375e-01 
  880.000  9.743112e-01 
  881.000  9.743112e-01 
  882.000  9.742035e-01 
  883.000  9.742960e-01 
  884.000  9.745004e-01 
  885.000  9.747041e-01 
  886.000  9.731095e-01 
  887.000  9.748365e-01 
  888.000  9.748365e-01 
  889.000  9.744885e-01 
  890.000  9.737107e-01 
  891.000  9.751808e-01 
  892.000  9.738007e-01 
  893.000  9.706827e-01 
  894.000  9.706827e-01 
  895.000  9.624878e-01 
  896.000  9.527269e-01 
  897.000  9.094793e-01 
  898.000  9.500783e-01 
  899.000  8.593813e-01 
  900.000  8.593813e-01 
  901.000  8.789601e-01 
  902.000  8.973672e-01 
  903.000  9.175315e-01 
  904.000  9.637159e-01 
  905.000  9.593018e-01 
  906.000  9.593018e-01 
  907.000  9.113146e-01 
  908.000  8.961157e-01 
  909.000  9.066980e-01 
  910.000  8.963283e-01 
  911.000  8.963283e-01 
  912.000  9.448312e-01 
  913.000  9.222879e-01 
  914.000  9.059404e-01 
  915.000  8.802884e-01 
  916.000  8.802884e-01 
  917.000  9.447762e-01 
  918.000  8.952616e-01 
  919.000  9.363349e-01 
  920.000  9.648203e-01 
  921.000  9.648203e-01 
  922.000  9.572145e-01 
  923.000  9.553624e-01 
  924.000  9.491364e-01 
  925.000  9.491364e-01 
  926.000  9.521317e-01 
  927.000  9.577289e-01 
  928.000  9.108500e-01 
  929.000  9.036323e-01 
  930.000  9.036323e-01 
  931.000  8.216830e-01 
  932.000  6.656196e-01 
  933.000  7.004503e-01 
  934.000  7.004503e-01 
  935.000  6.388636e-01 
  936.000  6.119583e-01 
  937.000  6.114108e-01 
  938.000  6.114108e-01 
  939.000  7.176954e-01 
  940.000  8.293328e-01 
  941.000  7.972012e-01 
  942.000  7.972012e-01 
  943.000  6.962935e-01 
  944.000  6.987510e-01 
  945.000  7.940726e-01 
  946.000  7.940726e-01 
  947.000  7.225385e-01 
  948.000  7.471802e-01 
  949.000  7.942562e-01 
  950.000  7.942562e-01 
  951.000  8.005786e-01 
  952.000  7.206478e-01 
  953.000  8.367406e-01 
  954.000  8.367406e-01 
  955.000  8.339273e-01 
  956.000  7.406870e-01 
  957.000  8.654298e-01 
  958.000  8.654298e-01 
  959.000  8.060721e-01 
  960.000  8.563659e-01 
  961.000  8.563659e-01 
  962.000  8.746746e-01 
  963.000  9.113823e-01 
  964.000  8.517704e-01 
  965.000  8.517704e-01 
  966.000  8.865342e-01 
  967.000  9.304154e-01 
  968.000  9.304154e-01 
  969.000  9.421141e-01 
  970.000  9.587993e-01 
  971.000  9.641677e-01 
  972.000  9.641677e-01 
  973.000  9.575120e-01 
  974.000  9.209491e-01 
  975.000  9.209491e-01 
  976.000  9.111478e-01 
  977.000  9.498001e-01 
  978.000  9.445423e-01 
  979.000  9.445423e-01 
  980.000  9.467686e-01 
  981.000  9.733660e-01 
  982.000  9.733660e-01 
  983.000  9.668101e-01 
  984.000  9.725808e-01 
  985.000  9.725808e-01 
  986.000  9.811141e-01 
  987.000  9.779202e-01 
  988.000  9.779202e-01 
  989.000  9.826562e-01 
  990.000  9.807814e-01 
  991.000  9.807814e-01 
  992.000  9.821067e-01 
  993.000  9.820164e-01 
  994.000  9.820164e-01 
  995.000  9.838895e-01 
  996.000  9.839582e-01 
  997.000  9.839582e-01 
  998.000  9.840285e-01 
  999.000  9.839565e-01 
 1000.000  9.839565e-01 
 1001.000  9.841908e-01 
 1002.000  9.816052e-01 
 1003.000  9.816052e-01 
 1004.000  9.842701e-01 
 1005.000  9.845049e-01 
 1006.000  9.845049e-01 
 1007.000  9.846697e-01 
 1008.000  9.841409e-01 
 1009.000  9.841409e-01 
 1010.000  9.820501e-01 
 1011.000  9.848089e-01 
 1012.000  9.848089e-01 
 1013.000  9.850426e-01 
 1014.000  9.850788e-01 
 1015.000  9.850788e-01 
 1016.000  9.852176e-01 
 1017.000  9.852377e-01 
 1018.000  9.852377e-01 
 1019.000  9.850488e-01 
 1020.000  9.855306e-01 
 1021.000  9.855306e-01 
 1022.000  9.852577e-01 
 1023.000  9.852577e-01 
 1024.000  9.852712e-01 
 1025.000  9.857393e-01 
 1026.000  9.857393e-01 
 1027.000  9.855917e-01 
 1028.000  9.858433e-01 
 1029.000  9.858433e-01 
 1030.000  9.859588e-01 
 1031.000  9.859009e-01 
 1032.000  9.859009e-01 
 1033.000  9.858709e-01 
 1034.000  9.858709e-01 
 1035.000  9.858142e-01 
 1036.000  9.852413e-01 
 1037.000  9.852413e-01 
 1038.000  9.851524e-01 
 1039.000  9.845606e-01 
 1040.000  9.845606e-01 
 1041.000  9.840720e-01 
 1042.000  9.840720e-01 
 1043.000  9.834811e-01 
 1044.000  9.825720e-01 
 1045.000  9.825720e-01 
 1046.000  9.813076e-01 
 1047.000  9.813076e-01 
 1048.000  9.800367e-01 
 1049.000  9.774312e-01 
 1050.000  9.774312e-01 
 1051.000  9.763294e-01 
 1052.000  9.763294e-01 
 1053.000  9.745832e-01 
 1054.000  9.730966e-01 
 1055.000  9.730966e-01 
 1056.000  9.713841e-01 
 1057.000  9.713841e-01 
 1058.000  9.698113e-01 
 1059.000  9.682742e-01 
 1060.000  9.682742e-01 
 1061.000  9.673131e-01 
 1062.000  9.673131e-01 
 1063.000  9.657184e-01 
 1064.000  9.648390e-01 
 1065.000  9.648390e-01 
 1066.000  9.662371e-01 
 1067.000  9.662371e-01 
 1068.000  9.655097e-01 
 1069.000  9.675741e-01 
 1070.000  9.675741e-01 
 1071.000  9.694189e-01 
 1072.000  9.694189e-01 
 1073.000  9.710609e-01 
 1074.000  9.710609e-01 
 1075.000  9.714465e-01 
 1076.000  9.726515e-01 
 1077.000  9.726515e-01 
 1078.000  9.761430e-01 
 1079.000  9.761430e-01 
 1080.000  9.759248e-01 
 1081.000  9.759248e-01 
 1082.000  9.783819e-01 
 1083.000  9.784220e-01 
 1084.000  9.784220e-01 
 1085.000  9.761095e-01 
 1086.000  9.761095e-01 
 1087.000  9.820501e-01 
 1088.000  9.820501e-01 
 1089.000  9.807422e-01 
 1090.000  9.800231e-01 
 1091.000  9.800231e-01 
 1092.000  9.770438e-01 
 1093.000  9.770438e-01 
 1094.000  9.777225e-01 
 1095.000  9.777225e-01 
 1096.000  9.756457e-01 
 1097.000  9.756457e-01 
 1098.000  9.723701e-01 
 1099.000  9.558504e-01 
 1100.000  9.558504e-01 
 1101.000  9.567460e-01 
 1102.000  9.567460e-01 
 1103.000  9.496962e-01 
 1104.000  9.496962e-01 
 1105.000  9.451820e-01 
 1106.000  9.451820e-01 
 1107.000  9.449859e-01 
 1108.000  9.449859e-01 
 1109.000  9.305845e-01 
 1110.000  9.148834e-01 
 1111.000  9.148834e-01 
 1112.000  8.919665e-01 
 1113.000  8.919665e-01 
 1114.000  8.263053e-01 
 1115.000  8.263053e-01 
 1116.000  6.679773e-01 
 1117.000  6.679773e-01 
 1118.000  7.419221e-01 
 1119.000  7.419221e-01 
 1120.000  6.934712e-01 
 1121.000  6.934712e-01 
 1122.000  5.268608e-01 
 1123.000  7.080413e-01 
 1124.000  7.080413e-01 
 1125.000  5.599359e-01 
 1126.000  5.599359e-01 
 1127.000  6.268564e-01 
 1128.000  6.268564e-01 
 1129.000  6.259108e-01 
 1130.000  6.259108e-01 
 1131.000  8.406585e-01 
 1132.000  8.406585e-01 
 1133.000  6.420749e-01 
 1134.000  6.420749e-01 
 1135.000  4.201575e-01 
 1136.000  4.201575e-01 
 1137.000  8.524539e-01 
 1138.000  8.524539e-01 
 1139.000  7.803728e-01 
 1140.000  7.803728e-01 
 1141.000  7.723925e-01 
 1142.000  7.723925e-01 
 1143.000  8.267092e-01 
 1144.000  8.267092e-01 
 1145.000  6.515148e-01 
 1146.000  6.515148e-01 
 1147.000  6.522454e-01 
 1148.000  6.522454e-01 
 1149.000  7.337127e-01 
 1150.000  7.337127e-01 
 1151.000  8.010325e-01 
 1152.000  8.010325e-01 
 1153.000  7.598003e-01 
 1154.000  7.598003e-01 
 1155.000  8.045122e-01 
 1156.000  8.045122e-01 
 1157.000  8.692979e-01 
 1158.000  8.692979e-01 
 1159.000  9.229582e-01 
 1160.000  9.229582e-01 
 1161.000  9.111642e-01 
 1162.000  9.111642e-01 
 1163.000  9.417406e-01 
 1164.000  9.417406e-01 
 1165.000  9.301683e-01 
 1166.000  9.301683e-01 
 1167.000  9.556233e-01 
 1168.000  9.556233e-01 
 1169.000  9.555116e-01 
 1170.000  9.555116e-01 
 1171.000  9.619451e-01 
 1172.000  9.619451e-01 
 1173.000  9.296169e-01 
 1174.000  9.296169e-01 
 1175.000  9.769045e-01 
 1176.000  9.769045e-01 
 1177.000  9.483938e-01 
 1178.000  9.483938e-01 
 1179.000  9.693151e-01 
 1180.000  9.693151e-01 
 1181.000  9.223438e-01 
 1182.000  9.223438e-01 
 1183.000  9.579512e-01 
 1184.000  9.579512e-01 
 1185.000  9.691823e-01 
 1186.000  9.691823e-01 
 1187.000  9.238139e-01 
 1188.000  9.238139e-01 
 1189.000  9.238139e-01 
 1190.000  9.574695e-01 
 1191.000  9.574695e-01 
 1192.000  9.798137e-01 
 1193.000  9.798137e-01 
 1194.000  9.647102e-01 
 1195.000  9.647102e-01 
 1196.000  9.723806e-01 
 1197.000  9.723806e-01 
 1198.000  9.575495e-01 
 1199.000  9.575495e-01 
 1200.000  9.552136e-01 
