  250.000  0.000000e+00 
  251.000  0.000000e+00 
  252.000  0.000000e+00 
  253.000  0.000000e+00 
  254.000  0.000000e+00 
  255.000  0.000000e+00 
  256.000  0.000000e+00 
  257.000  0.000000e+00 
  258.000  0.000000e+00 
  259.000  0.000000e+00 
  260.000  0.000000e+00 
  261.000  0.000000e+00 
  262.000  0.000000e+00 
  263.000  0.000000e+00 
  264.000  0.000000e+00 
  265.000  0.000000e+00 
  266.000  0.000000e+00 
  267.000  0.000000e+00 
  268.000  0.000000e+00 
  269.000  0.000000e+00 
  270.000  0.000000e+00 
  271.000  0.000000e+00 
  272.000  0.000000e+00 
  273.000  0.000000e+00 
  274.000  0.000000e+00 
  275.000  0.000000e+00 
  276.000  0.000000e+00 
  277.000  0.000000e+00 
  278.000  0.000000e+00 
  279.000  0.000000e+00 
  280.000  0.000000e+00 
  281.000  0.000000e+00 
  282.000  0.000000e+00 
  283.000  0.000000e+00 
  284.000  0.000000e+00 
  285.000  0.000000e+00 
  286.000  0.000000e+00 
  287.000  0.000000e+00 
  288.000  0.000000e+00 
  289.000  2.088216e-13 
  290.000  4.795362e-12 
  291.000  5.078713e-11 
  292.000  1.319718e-09 
  293.000  8.808295e-09 
  294.000  7.827895e-08 
  295.000  3.062179e-07 
  296.000  2.229210e-06 
  297.000  7.073550e-06 
  298.000  2.813594e-05 
  299.000  7.243307e-05 
  300.000  1.962114e-04 
  301.000  4.383448e-04 
  302.000  8.698006e-04 
  303.000  1.994163e-03 
  304.000  2.641446e-03 
  305.000  5.206216e-03 
  306.000  7.514674e-03 
  307.000  1.195202e-02 
  308.000  1.589785e-02 
  309.000  2.102404e-02 
  310.000  2.994065e-02 
  311.000  3.452253e-02 
  312.000  4.244647e-02 
  313.000  5.301002e-02 
  314.000  5.752762e-02 
  315.000  7.175587e-02 
  316.000  7.579067e-02 
  317.000  8.828948e-02 
  318.000  9.521463e-02 
  319.000  1.158371e-01 
  320.000  1.032062e-01 
  321.000  1.344483e-01 
  322.000  1.221603e-01 
  323.000  1.379864e-01 
  324.000  1.599558e-01 
  325.000  1.452215e-01 
  326.000  1.683502e-01 
  327.000  1.757993e-01 
  328.000  1.651425e-01 
  329.000  1.921923e-01 
  330.000  1.975649e-01 
  331.000  1.869860e-01 
  332.000  2.068268e-01 
  333.000  2.116472e-01 
  334.000  2.101045e-01 
  335.000  2.230636e-01 
  336.000  2.291170e-01 
  337.000  2.267388e-01 
  338.000  2.360482e-01 
  339.000  2.429161e-01 
  340.000  2.427912e-01 
  341.000  2.507206e-01 
  342.000  2.563879e-01 
  343.000  2.605248e-01 
  344.000  2.602912e-01 
  345.000  2.690274e-01 
  346.000  2.736315e-01 
  347.000  2.778078e-01 
  348.000  2.822241e-01 
  349.000  2.874650e-01 
  350.000  2.917773e-01 
  351.000  2.965606e-01 
  352.000  3.006760e-01 
  353.000  3.056211e-01 
  354.000  3.092143e-01 
  355.000  3.131342e-01 
  356.000  3.180985e-01 
  357.000  3.213816e-01 
  358.000  3.250282e-01 
  359.000  3.286295e-01 
  360.000  3.321720e-01 
  361.000  3.359091e-01 
  362.000  3.416455e-01 
  363.000  3.465536e-01 
  364.000  3.514538e-01 
  365.000  3.555976e-01 
  366.000  3.601830e-01 
  367.000  3.645191e-01 
  368.000  3.686772e-01 
  369.000  3.721785e-01 
  370.000  3.763664e-01 
  371.000  3.807948e-01 
  372.000  3.844997e-01 
  373.000  3.890209e-01 
  374.000  3.933530e-01 
  375.000  3.968716e-01 
  376.000  4.005616e-01 
  377.000  4.047542e-01 
  378.000  4.080096e-01 
  379.000  4.115618e-01 
  380.000  4.149983e-01 
  381.000  4.187356e-01 
  382.000  4.237485e-01 
  383.000  4.288773e-01 
  384.000  4.324003e-01 
  385.000  4.369169e-01 
  386.000  4.405338e-01 
  387.000  4.448126e-01 
  388.000  4.481882e-01 
  389.000  4.516284e-01 
  390.000  4.559433e-01 
  391.000  4.594920e-01 
  392.000  4.624933e-01 
  393.000  4.674835e-01 
  394.000  4.709488e-01 
  395.000  4.743184e-01 
  396.000  4.785828e-01 
  397.000  4.824495e-01 
  398.000  4.851691e-01 
  399.000  4.888733e-01 
  400.000  4.920769e-01 
  401.000  4.962987e-01 
  402.000  5.000878e-01 
  403.000  5.039934e-01 
  404.000  5.066303e-01 
  405.000  5.102658e-01 
  406.000  5.136942e-01 
  407.000  5.181501e-01 
  408.000  5.203788e-01 
  409.000  5.235943e-01 
  410.000  5.269786e-01 
  411.000  5.307707e-01 
  412.000  5.346812e-01 
  413.000  5.368395e-01 
  414.000  5.408890e-01 
  415.000  5.440888e-01 
  416.000  5.481998e-01 
  417.000  5.506428e-01 
  418.000  5.534309e-01 
  419.000  5.573956e-01 
  420.000  5.600758e-01 
  421.000  5.631953e-01 
  422.000  5.657544e-01 
  423.000  5.692667e-01 
  424.000  5.719936e-01 
  425.000  5.760588e-01 
  426.000  5.790799e-01 
  427.000  5.819227e-01 
  428.000  5.845054e-01 
  429.000  5.881944e-01 
  430.000  5.912693e-01 
  431.000  5.925108e-01 
  432.000  5.968153e-01 
  433.000  5.998265e-01 
  434.000  6.017993e-01 
  435.000  6.038806e-01 
  436.000  6.073628e-01 
  437.000  6.119137e-01 
  438.000  6.142504e-01 
  439.000  6.149339e-01 
  440.000  6.183611e-01 
  441.000  6.213190e-01 
  442.000  6.249119e-01 
  443.000  6.268390e-01 
  444.000  6.292605e-01 
  445.000  6.304265e-01 
  446.000  6.336924e-01 
  447.000  6.369483e-01 
  448.000  6.372202e-01 
  449.000  6.416504e-01 
  450.000  6.453124e-01 
  451.000  6.475335e-01 
  452.000  6.493576e-01 
  453.000  6.521074e-01 
  454.000  6.558547e-01 
  455.000  6.571644e-01 
  456.000  6.594044e-01 
  457.000  6.619765e-01 
  458.000  6.637194e-01 
  459.000  6.659875e-01 
  460.000  6.674374e-01 
  461.000  6.697674e-01 
  462.000  6.729954e-01 
  463.000  6.732196e-01 
  464.000  6.763878e-01 
  465.000  6.785794e-01 
  466.000  6.826137e-01 
  467.000  6.838604e-01 
  468.000  6.861856e-01 
  469.000  6.881676e-01 
  470.000  6.903398e-01 
  471.000  6.924461e-01 
  472.000  6.933981e-01 
  473.000  6.939881e-01 
  474.000  6.928170e-01 
  475.000  6.931133e-01 
  476.000  6.940200e-01 
  477.000  6.949646e-01 
  478.000  6.961463e-01 
  479.000  6.984410e-01 
  480.000  7.013166e-01 
  481.000  7.059457e-01 
  482.000  7.097079e-01 
  483.000  7.131466e-01 
  484.000  7.149528e-01 
  485.000  7.164848e-01 
  486.000  7.176830e-01 
  487.000  7.203386e-01 
  488.000  7.217593e-01 
  489.000  7.228844e-01 
  490.000  7.258375e-01 
  491.000  7.276446e-01 
  492.000  7.293227e-01 
  493.000  7.309914e-01 
  494.000  7.321512e-01 
  495.000  7.334328e-01 
  496.000  7.344479e-01 
  497.000  7.360635e-01 
  498.000  7.372620e-01 
  499.000  7.387884e-01 
  500.000  7.399173e-01 
  501.000  7.400855e-01 
  502.000  7.399569e-01 
  503.000  7.395365e-01 
  504.000  7.393420e-01 
  505.000  7.407315e-01 
  506.000  7.429000e-01 
  507.000  7.442224e-01 
  508.000  7.468589e-01 
  509.000  7.483053e-01 
  510.000  7.501870e-01 
  511.000  7.520641e-01 
  512.000  7.532868e-01 
  513.000  7.557347e-01 
  514.000  7.568594e-01 
  515.000  7.588411e-01 
  516.000  7.597306e-01 
  517.000  7.612898e-01 
  518.000  7.616665e-01 
  519.000  7.626823e-01 
  520.000  7.632045e-01 
  521.000  7.645249e-01 
  522.000  7.649038e-01 
  523.000  7.654545e-01 
  524.000  7.660003e-01 
  525.000  7.656329e-01 
  526.000  7.657658e-01 
  527.000  7.660783e-01 
  528.000  7.658710e-01 
  529.000  7.659675e-01 
  530.000  7.659189e-01 
  531.000  7.665710e-01 
  532.000  7.671722e-01 
  533.000  7.680721e-01 
  534.000  7.693424e-01 
  535.000  7.700872e-01 
  536.000  7.714037e-01 
  537.000  7.727742e-01 
  538.000  7.734803e-01 
  539.000  7.741371e-01 
  540.000  7.753646e-01 
  541.000  7.751478e-01 
  542.000  7.757391e-01 
  543.000  7.769756e-01 
  544.000  7.779355e-01 
  545.000  7.777354e-01 
  546.000  7.782065e-01 
  547.000  7.798848e-01 
  548.000  7.815147e-01 
  549.000  7.819213e-01 
  550.000  7.829525e-01 
  551.000  7.838446e-01 
  552.000  7.844141e-01 
  553.000  7.850348e-01 
  554.000  7.857943e-01 
  555.000  7.864475e-01 
  556.000  7.862951e-01 
  557.000  7.858304e-01 
  558.000  7.854977e-01 
  559.000  7.851042e-01 
  560.000  7.846678e-01 
  561.000  7.843336e-01 
  562.000  7.841545e-01 
  563.000  7.836280e-01 
  564.000  7.830763e-01 
  565.000  7.826123e-01 
  566.000  7.825236e-01 
  567.000  7.818587e-01 
  568.000  7.808272e-01 
  569.000  7.770960e-01 
  570.000  7.750538e-01 
  571.000  7.752053e-01 
  572.000  7.730972e-01 
  573.000  7.729529e-01 
  574.000  7.715272e-01 
  575.000  7.713785e-01 
  576.000  7.715935e-01 
  577.000  7.722639e-01 
  578.000  7.749994e-01 
  579.000  7.773526e-01 
  580.000  7.794728e-01 
  581.000  7.831002e-01 
  582.000  7.865724e-01 
  583.000  7.895909e-01 
  584.000  7.939683e-01 
  585.000  7.955003e-01 
  586.000  7.977771e-01 
  587.000  7.984568e-01 
  588.000  7.990168e-01 
  589.000  7.907841e-01 
  590.000  7.912186e-01 
  591.000  7.954773e-01 
  592.000  7.880688e-01 
  593.000  7.999817e-01 
  594.000  7.948561e-01 
  595.000  7.986623e-01 
  596.000  8.005026e-01 
  597.000  8.011299e-01 
  598.000  8.011228e-01 
  599.000  8.033119e-01 
  600.000  8.034952e-01 
  601.000  8.052375e-01 
  602.000  8.069941e-01 
  603.000  8.078794e-01 
  604.000  8.087438e-01 
  605.000  8.096020e-01 
  606.000  8.114334e-01 
  607.000  8.128738e-01 
  608.000  8.147730e-01 
  609.000  8.155532e-01 
  610.000  8.171119e-01 
  611.000  8.183480e-01 
  612.000  8.201423e-01 
  613.000  8.216820e-01 
  614.000  8.227821e-01 
  615.000  8.240634e-01 
  616.000  8.258226e-01 
  617.000  8.270788e-01 
  618.000  8.279200e-01 
  619.000  8.291353e-01 
  620.000  8.301104e-01 
  621.000  8.307776e-01 
  622.000  8.310698e-01 
  623.000  8.315691e-01 
  624.000  8.317325e-01 
  625.000  8.319604e-01 
  626.000  8.319116e-01 
  627.000  8.317777e-01 
  628.000  8.018364e-01 
  629.000  8.161861e-01 
  630.000  8.222272e-01 
  631.000  8.324711e-01 
  632.000  8.360990e-01 
  633.000  8.385909e-01 
  634.000  8.421280e-01 
  635.000  8.431768e-01 
  636.000  8.466159e-01 
  637.000  8.506270e-01 
  638.000  8.531967e-01 
  639.000  8.557281e-01 
  640.000  8.571818e-01 
  641.000  8.598731e-01 
  642.000  8.616484e-01 
  643.000  8.623840e-01 
  644.000  8.640686e-01 
  645.000  8.653613e-01 
  646.000  8.633225e-01 
  647.000  8.609452e-01 
  648.000  8.572947e-01 
  649.000  8.616985e-01 
  650.000  8.701675e-01 
  651.000  8.716335e-01 
  652.000  8.707626e-01 
  653.000  8.736476e-01 
  654.000  8.748016e-01 
  655.000  8.673375e-01 
  656.000  8.738658e-01 
  657.000  8.760806e-01 
  658.000  8.797128e-01 
  659.000  8.822472e-01 
  660.000  8.824798e-01 
  661.000  8.844087e-01 
  662.000  8.847507e-01 
  663.000  8.857238e-01 
  664.000  8.867218e-01 
  665.000  8.877495e-01 
  666.000  8.887005e-01 
  667.000  8.901953e-01 
  668.000  8.908944e-01 
  669.000  8.921065e-01 
  670.000  8.927698e-01 
  671.000  8.942332e-01 
  672.000  8.945532e-01 
  673.000  8.957678e-01 
  674.000  8.962449e-01 
  675.000  8.975075e-01 
  676.000  8.979020e-01 
  677.000  8.985604e-01 
  678.000  8.996637e-01 
  679.000  9.002448e-01 
  680.000  9.014159e-01 
  681.000  9.018924e-01 
  682.000  9.033922e-01 
  683.000  9.036261e-01 
  684.000  9.048854e-01 
  685.000  9.057072e-01 
  686.000  9.065126e-01 
  687.000  5.674591e-01 
  688.000  7.315261e-01 
  689.000  7.814337e-01 
  690.000  8.186461e-01 
  691.000  8.456507e-01 
  692.000  8.903756e-01 
  693.000  8.847249e-01 
  694.000  8.766627e-01 
  695.000  8.943130e-01 
  696.000  8.888379e-01 
  697.000  9.121146e-01 
  698.000  9.122893e-01 
  699.000  9.019389e-01 
  700.000  9.049570e-01 
  701.000  8.962558e-01 
  702.000  9.009123e-01 
  703.000  9.051923e-01 
  704.000  9.075741e-01 
  705.000  9.090494e-01 
  706.000  9.124390e-01 
  707.000  9.154184e-01 
  708.000  9.184039e-01 
  709.000  9.188529e-01 
  710.000  9.178726e-01 
  711.000  9.209725e-01 
  712.000  9.201000e-01 
  713.000  9.225742e-01 
  714.000  9.206551e-01 
  715.000  9.165291e-01 
  716.000  9.180200e-01 
  717.000  9.006781e-01 
  718.000  8.460464e-01 
  719.000  7.948694e-01 
  720.000  8.493214e-01 
  721.000  9.108950e-01 
  722.000  9.093602e-01 
  723.000  9.061618e-01 
  724.000  8.339877e-01 
  725.000  8.578922e-01 
  726.000  8.919510e-01 
  727.000  8.756823e-01 
  728.000  8.514706e-01 
  729.000  8.644187e-01 
  730.000  8.951635e-01 
  731.000  8.827735e-01 
  732.000  8.920966e-01 
  733.000  9.158695e-01 
  734.000  9.264321e-01 
  735.000  9.184148e-01 
  736.000  9.244128e-01 
  737.000  9.247430e-01 
  738.000  9.289300e-01 
  739.000  9.302001e-01 
  740.000  9.349424e-01 
  741.000  9.371966e-01 
  742.000  9.379280e-01 
  743.000  9.381380e-01 
  744.000  9.389311e-01 
  745.000  9.394073e-01 
  746.000  9.402236e-01 
  747.000  9.406599e-01 
  748.000  9.409385e-01 
  749.000  9.411317e-01 
  750.000  9.415578e-01 
  751.000  9.417799e-01 
  752.000  9.428121e-01 
  753.000  9.430889e-01 
  754.000  9.434145e-01 
  755.000  9.437515e-01 
  756.000  9.439703e-01 
  757.000  9.444315e-01 
  758.000  9.451348e-01 
  759.000  9.329727e-01 
  760.000  2.634704e-01 
  761.000  1.318058e-01 
  762.000  5.339882e-01 
  763.000  4.143829e-01 
  764.000  5.020139e-01 
  765.000  6.583794e-01 
  766.000  8.031013e-01 
  767.000  8.597941e-01 
  768.000  9.239125e-01 
  769.000  9.405951e-01 
  770.000  9.407912e-01 
  771.000  9.469478e-01 
  772.000  9.490868e-01 
  773.000  9.492549e-01 
  774.000  9.493588e-01 
  775.000  9.495032e-01 
  776.000  9.497429e-01 
  777.000  9.500625e-01 
  778.000  9.502559e-01 
  779.000  9.504679e-01 
  780.000  9.506450e-01 
  781.000  9.511444e-01 
  782.000  9.514824e-01 
  783.000  9.517832e-01 
  784.000  9.517225e-01 
  785.000  9.515681e-01 
  786.000  9.500074e-01 
  787.000  9.505520e-01 
  788.000  9.474139e-01 
  789.000  9.472647e-01 
  790.000  9.414120e-01 
  791.000  9.422911e-01 
  792.000  9.446558e-01 
  793.000  9.464616e-01 
  794.000  9.547077e-01 
  795.000  9.519834e-01 
  796.000  9.360001e-01 
  797.000  9.487401e-01 
  798.000  9.493515e-01 
  799.000  9.517058e-01 
  800.000  9.448016e-01 
  801.000  9.420426e-01 
  802.000  9.471238e-01 
  803.000  9.456072e-01 
  804.000  9.455445e-01 
  805.000  9.493324e-01 
  806.000  9.551882e-01 
  807.000  9.517162e-01 
  808.000  9.555727e-01 
  809.000  9.495407e-01 
  810.000  9.469738e-01 
  811.000  9.490594e-01 
  812.000  9.426143e-01 
  813.000  9.306403e-01 
  814.000  9.087535e-01 
  815.000  8.844417e-01 
  816.000  9.021179e-01 
  817.000  8.102540e-01 
  818.000  8.729245e-01 
  819.000  8.991086e-01 
  820.000  8.626842e-01 
  821.000  9.462664e-01 
  822.000  9.349213e-01 
  823.000  7.784794e-01 
  824.000  9.213866e-01 
  825.000  9.405661e-01 
  826.000  9.201835e-01 
  827.000  9.402242e-01 
  828.000  8.893265e-01 
  829.000  9.300777e-01 
  830.000  9.221936e-01 
  831.000  9.243041e-01 
  832.000  9.265288e-01 
  833.000  9.401069e-01 
  834.000  9.423279e-01 
  835.000  9.491173e-01 
  836.000  9.515155e-01 
  837.000  9.492775e-01 
  838.000  9.564283e-01 
  839.000  9.582690e-01 
  840.000  9.594631e-01 
  841.000  9.594631e-01 
  842.000  9.544553e-01 
  843.000  9.634907e-01 
  844.000  9.579025e-01 
  845.000  9.625030e-01 
  846.000  9.639223e-01 
  847.000  9.649152e-01 
  848.000  9.638724e-01 
  849.000  9.645131e-01 
  850.000  9.645497e-01 
  851.000  9.649056e-01 
  852.000  9.671640e-01 
  853.000  9.674528e-01 
  854.000  9.674444e-01 
  855.000  9.674444e-01 
  856.000  9.676910e-01 
  857.000  9.689859e-01 
  858.000  9.680327e-01 
  859.000  9.688510e-01 
  860.000  9.695304e-01 
  861.000  9.693906e-01 
  862.000  9.698490e-01 
  863.000  9.697909e-01 
  864.000  9.702926e-01 
  865.000  9.702926e-01 
  866.000  9.703696e-01 
  867.000  9.705195e-01 
  868.000  9.705940e-01 
  869.000  9.706498e-01 
  870.000  9.708734e-01 
  871.000  9.710152e-01 
  872.000  9.712627e-01 
  873.000  9.713086e-01 
  874.000  9.713086e-01 
  875.000  9.716758e-01 
  876.000  9.717826e-01 
  877.000  9.718466e-01 
  878.000  9.719449e-01 
  879.000  9.719764e-01 
  880.000  9.723236e-01 
  881.000  9.723236e-01 
  882.000  9.719470e-01 
  883.000  9.720791e-01 
  884.000  9.723354e-01 
  885.000  9.726003e-01 
  886.000  9.692720e-01 
  887.000  9.725851e-01 
  888.000  9.725851e-01 
  889.000  9.718709e-01 
  890.000  9.701126e-01 
  891.000  9.729681e-01 
  892.000  9.700295e-01 
  893.000  9.636024e-01 
  894.000  9.636024e-01 
  895.000  9.477983e-01 
  896.000  9.288886e-01 
  897.000  8.555433e-01 
  898.000  9.231878e-01 
  899.000  7.850501e-01 
  900.000  7.850501e-01 
  901.000  8.177881e-01 
  902.000  8.415871e-01 
  903.000  8.747232e-01 
  904.000  9.489263e-01 
  905.000  9.407468e-01 
  906.000  9.407468e-01 
  907.000  8.573417e-01 
  908.000  8.386000e-01 
  909.000  8.506892e-01 
  910.000  8.321453e-01 
  911.000  8.321453e-01 
  912.000  9.119938e-01 
  913.000  8.731734e-01 
  914.000  8.482630e-01 
  915.000  8.099512e-01 
  916.000  8.099512e-01 
  917.000  9.108558e-01 
  918.000  8.314866e-01 
  919.000  8.992682e-01 
  920.000  9.494284e-01 
  921.000  9.494284e-01 
  922.000  9.347194e-01 
  923.000  9.311004e-01 
  924.000  9.185522e-01 
  925.000  9.185522e-01 
  926.000  9.243301e-01 
  927.000  9.350451e-01 
  928.000  8.508966e-01 
  929.000  8.372397e-01 
  930.000  8.372397e-01 
  931.000  7.210162e-01 
  932.000  5.496502e-01 
  933.000  5.694802e-01 
  934.000  5.694802e-01 
  935.000  5.171801e-01 
  936.000  4.859822e-01 
  937.000  4.666720e-01 
  938.000  4.666720e-01 
  939.000  6.074257e-01 
  940.000  7.340435e-01 
  941.000  6.899204e-01 
  942.000  6.899204e-01 
  943.000  5.876198e-01 
  944.000  5.972080e-01 
  945.000  6.763881e-01 
  946.000  6.763881e-01 
  947.000  6.018149e-01 
  948.000  6.253916e-01 
  949.000  6.933116e-01 
  950.000  6.933116e-01 
  951.000  7.039125e-01 
  952.000  6.067512e-01 
  953.000  7.389647e-01 
  954.000  7.389647e-01 
  955.000  7.387331e-01 
  956.000  6.340414e-01 
  957.000  7.830439e-01 
  958.000  7.830439e-01 
  959.000  6.891436e-01 
  960.000  7.600644e-01 
  961.000  7.600644e-01 
  962.000  7.977878e-01 
  963.000  8.497968e-01 
  964.000  7.590320e-01 
  965.000  7.590320e-01 
  966.000  8.164912e-01 
  967.000  8.858432e-01 
  968.000  8.858432e-01 
  969.000  9.056487e-01 
  970.000  9.343179e-01 
  971.000  9.446720e-01 
  972.000  9.446720e-01 
  973.000  9.315574e-01 
  974.000  8.679734e-01 
  975.000  8.679734e-01 
  976.000  8.550147e-01 
  977.000  9.193547e-01 
  978.000  9.101201e-01 
  979.000  9.101201e-01 
  980.000  9.133168e-01 
  981.000  9.620242e-01 
  982.000  9.620242e-01 
  983.000  9.497578e-01 
  984.000  9.603264e-01 
  985.000  9.603264e-01 
  986.000  9.772654e-01 
  987.000  9.707938e-01 
  988.000  9.707938e-01 
  989.000  9.801925e-01 
  990.000  9.762881e-01 
  991.000  9.762881e-01 
  992.000  9.789158e-01 
  993.000  9.786572e-01 
  994.000  9.786572e-01 
  995.000  9.823025e-01 
  996.000  9.824066e-01 
  997.000  9.824066e-01 
  998.000  9.824367e-01 
  999.000  9.821885e-01 
 1000.000  9.821885e-01 
 1001.000  9.825568e-01 
 1002.000  9.772946e-01 
 1003.000  9.772946e-01 
 1004.000  9.825754e-01 
 1005.000  9.829937e-01 
 1006.000  9.829937e-01 
 1007.000  9.832475e-01 
 1008.000  9.820774e-01 
 1009.000  9.820774e-01 
 1010.000  9.778044e-01 
 1011.000  9.832798e-01 
 1012.000  9.832798e-01 
 1013.000  9.836464e-01 
 1014.000  9.836163e-01 
 1015.000  9.836163e-01 
 1016.000  9.838437e-01 
 1017.000  9.837655e-01 
 1018.000  9.837655e-01 
 1019.000  9.832992e-01 
 1020.000  9.842100e-01 
 1021.000  9.842100e-01 
 1022.000  9.835607e-01 
 1023.000  9.835607e-01 
 1024.000  9.835502e-01 
 1025.000  9.844258e-01 
 1026.000  9.844258e-01 
 1027.000  9.840840e-01 
 1028.000  9.845727e-01 
 1029.000  9.845727e-01 
 1030.000  9.848057e-01 
 1031.000  9.847060e-01 
 1032.000  9.847060e-01 
 1033.000  9.847291e-01 
 1034.000  9.847291e-01 
 1035.000  9.847299e-01 
 1036.000  9.841138e-01 
 1037.000  9.841138e-01 
 1038.000  9.840184e-01 
 1039.000  9.833717e-01 
 1040.000  9.833717e-01 
 1041.000  9.828557e-01 
 1042.000  9.828557e-01 
 1043.000  9.822209e-01 
 1044.000  9.812430e-01 
 1045.000  9.812430e-01 
 1046.000  9.798832e-01 
 1047.000  9.798832e-01 
 1048.000  9.785165e-01 
 1049.000  9.757150e-01 
 1050.000  9.757150e-01 
 1051.000  9.745305e-01 
 1052.000  9.745305e-01 
 1053.000  9.726533e-01 
 1054.000  9.710532e-01 
 1055.000  9.710532e-01 
 1056.000  9.692147e-01 
 1057.000  9.692147e-01 
 1058.000  9.675229e-01 
 1059.000  9.658727e-01 
 1060.000  9.658727e-01 
 1061.000  9.648392e-01 
 1062.000  9.648392e-01 
 1063.000  9.630945e-01 
 1064.000  9.619625e-01 
 1065.000  9.619625e-01 
 1066.000  9.636801e-01 
 1067.000  9.636801e-01 
 1068.000  9.627863e-01 
 1069.000  9.647793e-01 
 1070.000  9.647793e-01 
 1071.000  9.669372e-01 
 1072.000  9.669372e-01 
 1073.000  9.686887e-01 
 1074.000  9.686887e-01 
 1075.000  9.675801e-01 
 1076.000  9.681931e-01 
 1077.000  9.681931e-01 
 1078.000  9.731007e-01 
 1079.000  9.731007e-01 
 1080.000  9.711893e-01 
 1081.000  9.711893e-01 
 1082.000  9.740436e-01 
 1083.000  9.726582e-01 
 1084.000  9.726582e-01 
 1085.000  9.673169e-01 
 1086.000  9.673169e-01 
 1087.000  9.777158e-01 
 1088.000  9.777158e-01 
 1089.000  9.738073e-01 
 1090.000  9.718406e-01 
 1091.000  9.718406e-01 
 1092.000  9.651517e-01 
 1093.000  9.651517e-01 
 1094.000  9.663638e-01 
 1095.000  9.663638e-01 
 1096.000  9.618445e-01 
 1097.000  9.618445e-01 
 1098.000  9.549541e-01 
 1099.000  9.241004e-01 
 1100.000  9.241004e-01 
 1101.000  9.257513e-01 
 1102.000  9.257513e-01 
 1103.000  9.125973e-01 
 1104.000  9.125973e-01 
 1105.000  9.040182e-01 
 1106.000  9.040182e-01 
 1107.000  9.041461e-01 
 1108.000  9.041461e-01 
 1109.000  8.784164e-01 
 1110.000  8.561735e-01 
 1111.000  8.561735e-01 
 1112.000  8.169096e-01 
 1113.000  8.169096e-01 
 1114.000  7.478634e-01 
 1115.000  7.478634e-01 
 1116.000  5.389383e-01 
 1117.000  5.389383e-01 
 1118.000  6.403208e-01 
 1119.000  6.403208e-01 
 1120.000  5.680708e-01 
 1121.000  5.680708e-01 
 1122.000  3.797041e-01 
 1123.000  5.911427e-01 
 1124.000  5.911427e-01 
 1125.000  4.155773e-01 
 1126.000  4.155773e-01 
 1127.000  4.798881e-01 
 1128.000  4.798881e-01 
 1129.000  4.781763e-01 
 1130.000  4.781763e-01 
 1131.000  7.415968e-01 
 1132.000  7.415968e-01 
 1133.000  4.943910e-01 
 1134.000  4.943910e-01 
 1135.000  2.975627e-01 
 1136.000  2.975627e-01 
 1137.000  7.520430e-01 
 1138.000  7.520430e-01 
 1139.000  6.862710e-01 
 1140.000  6.862710e-01 
 1141.000  6.719919e-01 
 1142.000  6.719919e-01 
 1143.000  7.181345e-01 
 1144.000  7.181345e-01 
 1145.000  5.240203e-01 
 1146.000  5.240203e-01 
 1147.000  5.132450e-01 
 1148.000  5.132450e-01 
 1149.000  6.210883e-01 
 1150.000  6.210883e-01 
 1151.000  7.133394e-01 
 1152.000  7.133394e-01 
 1153.000  6.665340e-01 
 1154.000  6.665340e-01 
 1155.000  7.189286e-01 
 1156.000  7.189286e-01 
 1157.000  7.914757e-01 
 1158.000  7.914757e-01 
 1159.000  8.661087e-01 
 1160.000  8.661087e-01 
 1161.000  8.489443e-01 
 1162.000  8.489443e-01 
 1163.000  9.059060e-01 
 1164.000  9.059060e-01 
 1165.000  8.830259e-01 
 1166.000  8.830259e-01 
 1167.000  9.264680e-01 
 1168.000  9.264680e-01 
 1169.000  9.269219e-01 
 1170.000  9.269219e-01 
 1171.000  9.379676e-01 
 1172.000  9.379676e-01 
 1173.000  8.787349e-01 
 1174.000  8.787349e-01 
 1175.000  9.641992e-01 
 1176.000  9.641992e-01 
 1177.000  9.112681e-01 
 1178.000  9.112681e-01 
 1179.000  9.497659e-01 
 1180.000  9.497659e-01 
 1181.000  8.684264e-01 
 1182.000  8.684264e-01 
 1183.000  9.283301e-01 
 1184.000  9.283301e-01 
 1185.000  9.472896e-01 
 1186.000  9.472896e-01 
 1187.000  8.775588e-01 
 1188.000  8.775588e-01 
 1189.000  8.775588e-01 
 1190.000  9.280801e-01 
 1191.000  9.280801e-01 
 1192.000  9.680964e-01 
 1193.000  9.680964e-01 
 1194.000  9.403179e-01 
 1195.000  9.403179e-01 
 1196.000  9.523361e-01 
 1197.000  9.523361e-01 
 1198.000  9.257371e-01 
 1199.000  9.257371e-01 
 1200.000  9.229889e-01 
