  250.000  0.000000e+00 
  251.000  0.000000e+00 
  252.000  0.000000e+00 
  253.000  0.000000e+00 
  254.000  0.000000e+00 
  255.000  0.000000e+00 
  256.000  0.000000e+00 
  257.000  0.000000e+00 
  258.000  0.000000e+00 
  259.000  0.000000e+00 
  260.000  0.000000e+00 
  261.000  0.000000e+00 
  262.000  0.000000e+00 
  263.000  0.000000e+00 
  264.000  0.000000e+00 
  265.000  0.000000e+00 
  266.000  0.000000e+00 
  267.000  0.000000e+00 
  268.000  0.000000e+00 
  269.000  0.000000e+00 
  270.000  0.000000e+00 
  271.000  0.000000e+00 
  272.000  0.000000e+00 
  273.000  0.000000e+00 
  274.000  0.000000e+00 
  275.000  0.000000e+00 
  276.000  0.000000e+00 
  277.000  0.000000e+00 
  278.000  0.000000e+00 
  279.000  0.000000e+00 
  280.000  0.000000e+00 
  281.000  0.000000e+00 
  282.000  0.000000e+00 
  283.000  0.000000e+00 
  284.000  0.000000e+00 
  285.000  0.000000e+00 
  286.000  0.000000e+00 
  287.000  0.000000e+00 
  288.000  0.000000e+00 
  289.000  0.000000e+00 
  290.000  1.766568e-11 
  291.000  1.684690e-10 
  292.000  3.791695e-09 
  293.000  2.324959e-08 
  294.000  1.874845e-07 
  295.000  6.898287e-07 
  296.000  4.596595e-06 
  297.000  1.384447e-05 
  298.000  5.174577e-05 
  299.000  1.275623e-04 
  300.000  3.302674e-04 
  301.000  7.111265e-04 
  302.000  1.366672e-03 
  303.000  3.016710e-03 
  304.000  3.939764e-03 
  305.000  7.525596e-03 
  306.000  1.066758e-02 
  307.000  1.659764e-02 
  308.000  2.176487e-02 
  309.000  2.838422e-02 
  310.000  3.973461e-02 
  311.000  4.545122e-02 
  312.000  5.530040e-02 
  313.000  6.828018e-02 
  314.000  7.370668e-02 
  315.000  9.090408e-02 
  316.000  9.564607e-02 
  317.000  1.104976e-01 
  318.000  1.185778e-01 
  319.000  1.428345e-01 
  320.000  1.276899e-01 
  321.000  1.642174e-01 
  322.000  1.495889e-01 
  323.000  1.678513e-01 
  324.000  1.930275e-01 
  325.000  1.757499e-01 
  326.000  2.021727e-01 
  327.000  2.104462e-01 
  328.000  1.979275e-01 
  329.000  2.285443e-01 
  330.000  2.343584e-01 
  331.000  2.220567e-01 
  332.000  2.442438e-01 
  333.000  2.493942e-01 
  334.000  2.473395e-01 
  335.000  2.616074e-01 
  336.000  2.680699e-01 
  337.000  2.650955e-01 
  338.000  2.751728e-01 
  339.000  2.825184e-01 
  340.000  2.821058e-01 
  341.000  2.906021e-01 
  342.000  2.965589e-01 
  343.000  3.007993e-01 
  344.000  3.002733e-01 
  345.000  3.095582e-01 
  346.000  3.143309e-01 
  347.000  3.185698e-01 
  348.000  3.231236e-01 
  349.000  3.285193e-01 
  350.000  3.329235e-01 
  351.000  3.378101e-01 
  352.000  3.419926e-01 
  353.000  3.470101e-01 
  354.000  3.506506e-01 
  355.000  3.546168e-01 
  356.000  3.596322e-01 
  357.000  3.629444e-01 
  358.000  3.666192e-01 
  359.000  3.702439e-01 
  360.000  3.738054e-01 
  361.000  3.775580e-01 
  362.000  3.833096e-01 
  363.000  3.882225e-01 
  364.000  3.931201e-01 
  365.000  3.972558e-01 
  366.000  4.018265e-01 
  367.000  4.061429e-01 
  368.000  4.102769e-01 
  369.000  4.137540e-01 
  370.000  4.179084e-01 
  371.000  4.222960e-01 
  372.000  4.259626e-01 
  373.000  4.304319e-01 
  374.000  4.347089e-01 
  375.000  4.381792e-01 
  376.000  4.418150e-01 
  377.000  4.459416e-01 
  378.000  4.491426e-01 
  379.000  4.526323e-01 
  380.000  4.560053e-01 
  381.000  4.596702e-01 
  382.000  4.645803e-01 
  383.000  4.695977e-01 
  384.000  4.730403e-01 
  385.000  4.774496e-01 
  386.000  4.809770e-01 
  387.000  4.851459e-01 
  388.000  4.884318e-01 
  389.000  4.917778e-01 
  390.000  4.959708e-01 
  391.000  4.994160e-01 
  392.000  5.023276e-01 
  393.000  5.071641e-01 
  394.000  5.105193e-01 
  395.000  5.137795e-01 
  396.000  5.179017e-01 
  397.000  5.216311e-01 
  398.000  5.242600e-01 
  399.000  5.278295e-01 
  400.000  5.309195e-01 
  401.000  5.349855e-01 
  402.000  5.386310e-01 
  403.000  5.423853e-01 
  404.000  5.449184e-01 
  405.000  5.484081e-01 
  406.000  5.516938e-01 
  407.000  5.559606e-01 
  408.000  5.580921e-01 
  409.000  5.611663e-01 
  410.000  5.644004e-01 
  411.000  5.680245e-01 
  412.000  5.717594e-01 
  413.000  5.738195e-01 
  414.000  5.776821e-01 
  415.000  5.807288e-01 
  416.000  5.846464e-01 
  417.000  5.869704e-01 
  418.000  5.896235e-01 
  419.000  5.933903e-01 
  420.000  5.959383e-01 
  421.000  5.988976e-01 
  422.000  6.013236e-01 
  423.000  6.046526e-01 
  424.000  6.072343e-01 
  425.000  6.110827e-01 
  426.000  6.139398e-01 
  427.000  6.166329e-01 
  428.000  6.190755e-01 
  429.000  6.225616e-01 
  430.000  6.254668e-01 
  431.000  6.266373e-01 
  432.000  6.306977e-01 
  433.000  6.335353e-01 
  434.000  6.353930e-01 
  435.000  6.373515e-01 
  436.000  6.406271e-01 
  437.000  6.449047e-01 
  438.000  6.470988e-01 
  439.000  6.477357e-01 
  440.000  6.509513e-01 
  441.000  6.537284e-01 
  442.000  6.570253e-01 
  443.000  6.587049e-01 
  444.000  6.611606e-01 
  445.000  6.619417e-01 
  446.000  6.649353e-01 
  447.000  6.683668e-01 
  448.000  6.686180e-01 
  449.000  6.727673e-01 
  450.000  6.761923e-01 
  451.000  6.782645e-01 
  452.000  6.799656e-01 
  453.000  6.825142e-01 
  454.000  6.860216e-01 
  455.000  6.872397e-01 
  456.000  6.893098e-01 
  457.000  6.916892e-01 
  458.000  6.932846e-01 
  459.000  6.953838e-01 
  460.000  6.967136e-01 
  461.000  6.988830e-01 
  462.000  7.018879e-01 
  463.000  7.020948e-01 
  464.000  7.050425e-01 
  465.000  7.070807e-01 
  466.000  7.107905e-01 
  467.000  7.119722e-01 
  468.000  7.141317e-01 
  469.000  7.157298e-01 
  470.000  7.176559e-01 
  471.000  7.199113e-01 
  472.000  7.207719e-01 
  473.000  7.213173e-01 
  474.000  7.202262e-01 
  475.000  7.203584e-01 
  476.000  7.212863e-01 
  477.000  7.221328e-01 
  478.000  7.232052e-01 
  479.000  7.253014e-01 
  480.000  7.279285e-01 
  481.000  7.321911e-01 
  482.000  7.356512e-01 
  483.000  7.388086e-01 
  484.000  7.404572e-01 
  485.000  7.417150e-01 
  486.000  7.427936e-01 
  487.000  7.454175e-01 
  488.000  7.467316e-01 
  489.000  7.477608e-01 
  490.000  7.505024e-01 
  491.000  7.521552e-01 
  492.000  7.536978e-01 
  493.000  7.552230e-01 
  494.000  7.562799e-01 
  495.000  7.574511e-01 
  496.000  7.583385e-01 
  497.000  7.597743e-01 
  498.000  7.608314e-01 
  499.000  7.621708e-01 
  500.000  7.631319e-01 
  501.000  7.631100e-01 
  502.000  7.621070e-01 
  503.000  7.605466e-01 
  504.000  7.586514e-01 
  505.000  7.625470e-01 
  506.000  7.633154e-01 
  507.000  7.640083e-01 
  508.000  7.676785e-01 
  509.000  7.698069e-01 
  510.000  7.721021e-01 
  511.000  7.737188e-01 
  512.000  7.749298e-01 
  513.000  7.773676e-01 
  514.000  7.783790e-01 
  515.000  7.802454e-01 
  516.000  7.810312e-01 
  517.000  7.824244e-01 
  518.000  7.827505e-01 
  519.000  7.836440e-01 
  520.000  7.841014e-01 
  521.000  7.852443e-01 
  522.000  7.855587e-01 
  523.000  7.860183e-01 
  524.000  7.863621e-01 
  525.000  7.857980e-01 
  526.000  7.861013e-01 
  527.000  7.861319e-01 
  528.000  7.859971e-01 
  529.000  7.858616e-01 
  530.000  7.858773e-01 
  531.000  7.864769e-01 
  532.000  7.869843e-01 
  533.000  7.878020e-01 
  534.000  7.889009e-01 
  535.000  7.895842e-01 
  536.000  7.907546e-01 
  537.000  7.919695e-01 
  538.000  7.926084e-01 
  539.000  7.929468e-01 
  540.000  7.939588e-01 
  541.000  7.921052e-01 
  542.000  7.932269e-01 
  543.000  7.952037e-01 
  544.000  7.961100e-01 
  545.000  7.949641e-01 
  546.000  7.945242e-01 
  547.000  7.969602e-01 
  548.000  7.993125e-01 
  549.000  7.997364e-01 
  550.000  8.002708e-01 
  551.000  8.017043e-01 
  552.000  8.021461e-01 
  553.000  8.027635e-01 
  554.000  8.034260e-01 
  555.000  8.039807e-01 
  556.000  8.037636e-01 
  557.000  8.032491e-01 
  558.000  8.028652e-01 
  559.000  8.023856e-01 
  560.000  8.018813e-01 
  561.000  8.014876e-01 
  562.000  8.012810e-01 
  563.000  8.007243e-01 
  564.000  8.001508e-01 
  565.000  7.996628e-01 
  566.000  7.995152e-01 
  567.000  7.985872e-01 
  568.000  7.975203e-01 
  569.000  7.908397e-01 
  570.000  7.891564e-01 
  571.000  7.914377e-01 
  572.000  7.875200e-01 
  573.000  7.892350e-01 
  574.000  7.871240e-01 
  575.000  7.882379e-01 
  576.000  7.878706e-01 
  577.000  7.882137e-01 
  578.000  7.920592e-01 
  579.000  7.943017e-01 
  580.000  7.964718e-01 
  581.000  7.998307e-01 
  582.000  8.027796e-01 
  583.000  8.056365e-01 
  584.000  8.093359e-01 
  585.000  8.102930e-01 
  586.000  8.124580e-01 
  587.000  8.128315e-01 
  588.000  8.109420e-01 
  589.000  7.898461e-01 
  590.000  7.885202e-01 
  591.000  7.981019e-01 
  592.000  7.808840e-01 
  593.000  8.081974e-01 
  594.000  7.950488e-01 
  595.000  8.030362e-01 
  596.000  8.076916e-01 
  597.000  8.092167e-01 
  598.000  8.092017e-01 
  599.000  8.147154e-01 
  600.000  8.154547e-01 
  601.000  8.186830e-01 
  602.000  8.208289e-01 
  603.000  8.216811e-01 
  604.000  8.228748e-01 
  605.000  8.235967e-01 
  606.000  8.253959e-01 
  607.000  8.268416e-01 
  608.000  8.286361e-01 
  609.000  8.293727e-01 
  610.000  8.308372e-01 
  611.000  8.320118e-01 
  612.000  8.337188e-01 
  613.000  8.351703e-01 
  614.000  8.362112e-01 
  615.000  8.374228e-01 
  616.000  8.391019e-01 
  617.000  8.403044e-01 
  618.000  8.411091e-01 
  619.000  8.422776e-01 
  620.000  8.432379e-01 
  621.000  8.439042e-01 
  622.000  8.441955e-01 
  623.000  8.447309e-01 
  624.000  8.448796e-01 
  625.000  8.451648e-01 
  626.000  8.450935e-01 
  627.000  8.444396e-01 
  628.000  8.129949e-01 
  629.000  8.284984e-01 
  630.000  8.363828e-01 
  631.000  8.457687e-01 
  632.000  8.476945e-01 
  633.000  8.505249e-01 
  634.000  8.537706e-01 
  635.000  8.551221e-01 
  636.000  8.578199e-01 
  637.000  8.614478e-01 
  638.000  8.647221e-01 
  639.000  8.667260e-01 
  640.000  8.681474e-01 
  641.000  8.701903e-01 
  642.000  8.725291e-01 
  643.000  8.724852e-01 
  644.000  8.746553e-01 
  645.000  8.754346e-01 
  646.000  8.687976e-01 
  647.000  8.611922e-01 
  648.000  8.515758e-01 
  649.000  8.593131e-01 
  650.000  8.772694e-01 
  651.000  8.800561e-01 
  652.000  8.759586e-01 
  653.000  8.818734e-01 
  654.000  8.816265e-01 
  655.000  8.636582e-01 
  656.000  8.770519e-01 
  657.000  8.809735e-01 
  658.000  8.876552e-01 
  659.000  8.918142e-01 
  660.000  8.915252e-01 
  661.000  8.940288e-01 
  662.000  8.942834e-01 
  663.000  8.943713e-01 
  664.000  8.959249e-01 
  665.000  8.970279e-01 
  666.000  8.979738e-01 
  667.000  8.995417e-01 
  668.000  9.001957e-01 
  669.000  9.013080e-01 
  670.000  9.020296e-01 
  671.000  9.033951e-01 
  672.000  9.036925e-01 
  673.000  9.048270e-01 
  674.000  9.052681e-01 
  675.000  9.064463e-01 
  676.000  9.067899e-01 
  677.000  9.074271e-01 
  678.000  9.084525e-01 
  679.000  9.089841e-01 
  680.000  9.100311e-01 
  681.000  9.103051e-01 
  682.000  9.118308e-01 
  683.000  9.114295e-01 
  684.000  9.124455e-01 
  685.000  9.139210e-01 
  686.000  9.143558e-01 
  687.000  5.890800e-01 
  688.000  7.529234e-01 
  689.000  7.991415e-01 
  690.000  8.340902e-01 
  691.000  8.567589e-01 
  692.000  8.954791e-01 
  693.000  8.742077e-01 
  694.000  8.385597e-01 
  695.000  8.770168e-01 
  696.000  8.654616e-01 
  697.000  9.151714e-01 
  698.000  9.148604e-01 
  699.000  8.903680e-01 
  700.000  8.955600e-01 
  701.000  8.743631e-01 
  702.000  8.844228e-01 
  703.000  8.937104e-01 
  704.000  8.985959e-01 
  705.000  9.006988e-01 
  706.000  9.076697e-01 
  707.000  9.139236e-01 
  708.000  9.202492e-01 
  709.000  9.204710e-01 
  710.000  9.175274e-01 
  711.000  9.236630e-01 
  712.000  9.210461e-01 
  713.000  9.259906e-01 
  714.000  9.211171e-01 
  715.000  9.097408e-01 
  716.000  9.126112e-01 
  717.000  8.713109e-01 
  718.000  7.693656e-01 
  719.000  7.143925e-01 
  720.000  7.633362e-01 
  721.000  8.915987e-01 
  722.000  8.879495e-01 
  723.000  8.799680e-01 
  724.000  7.602339e-01 
  725.000  7.782185e-01 
  726.000  8.458265e-01 
  727.000  8.123922e-01 
  728.000  7.651553e-01 
  729.000  7.856912e-01 
  730.000  8.517305e-01 
  731.000  8.237866e-01 
  732.000  8.430172e-01 
  733.000  8.958631e-01 
  734.000  9.198401e-01 
  735.000  9.007027e-01 
  736.000  9.142095e-01 
  737.000  9.140843e-01 
  738.000  9.233837e-01 
  739.000  9.259105e-01 
  740.000  9.369827e-01 
  741.000  9.420683e-01 
  742.000  9.424952e-01 
  743.000  9.425664e-01 
  744.000  9.440418e-01 
  745.000  9.447658e-01 
  746.000  9.459302e-01 
  747.000  9.462226e-01 
  748.000  9.465597e-01 
  749.000  9.466122e-01 
  750.000  9.470502e-01 
  751.000  9.471310e-01 
  752.000  9.483376e-01 
  753.000  9.486208e-01 
  754.000  9.488404e-01 
  755.000  9.490517e-01 
  756.000  9.491762e-01 
  757.000  9.498994e-01 
  758.000  9.505364e-01 
  759.000  9.395599e-01 
  760.000  2.877545e-01 
  761.000  1.560887e-01 
  762.000  5.566836e-01 
  763.000  4.410228e-01 
  764.000  5.267000e-01 
  765.000  6.782581e-01 
  766.000  8.185737e-01 
  767.000  8.726283e-01 
  768.000  9.312847e-01 
  769.000  9.465064e-01 
  770.000  9.466587e-01 
  771.000  9.522125e-01 
  772.000  9.541270e-01 
  773.000  9.542760e-01 
  774.000  9.543009e-01 
  775.000  9.544781e-01 
  776.000  9.547090e-01 
  777.000  9.549946e-01 
  778.000  9.551668e-01 
  779.000  9.553548e-01 
  780.000  9.555117e-01 
  781.000  9.559687e-01 
  782.000  9.561336e-01 
  783.000  9.565094e-01 
  784.000  9.559504e-01 
  785.000  9.551539e-01 
  786.000  9.509363e-01 
  787.000  9.515043e-01 
  788.000  9.439749e-01 
  789.000  9.428596e-01 
  790.000  9.288662e-01 
  791.000  9.304399e-01 
  792.000  9.354147e-01 
  793.000  9.397553e-01 
  794.000  9.579462e-01 
  795.000  9.508016e-01 
  796.000  9.133012e-01 
  797.000  9.424151e-01 
  798.000  9.435616e-01 
  799.000  9.488347e-01 
  800.000  9.324642e-01 
  801.000  9.256917e-01 
  802.000  9.370998e-01 
  803.000  9.333619e-01 
  804.000  9.329651e-01 
  805.000  9.417431e-01 
  806.000  9.555524e-01 
  807.000  9.468840e-01 
  808.000  9.558835e-01 
  809.000  9.414545e-01 
  810.000  9.349976e-01 
  811.000  9.396548e-01 
  812.000  9.239095e-01 
  813.000  8.972172e-01 
  814.000  8.500739e-01 
  815.000  8.097993e-01 
  816.000  8.395032e-01 
  817.000  7.034106e-01 
  818.000  8.007547e-01 
  819.000  8.311241e-01 
  820.000  7.884609e-01 
  821.000  9.297803e-01 
  822.000  9.036848e-01 
  823.000  6.602924e-01 
  824.000  8.725240e-01 
  825.000  9.167745e-01 
  826.000  8.718570e-01 
  827.000  9.146920e-01 
  828.000  8.115423e-01 
  829.000  8.925116e-01 
  830.000  8.763381e-01 
  831.000  8.803806e-01 
  832.000  8.834870e-01 
  833.000  9.119456e-01 
  834.000  9.181538e-01 
  835.000  9.325725e-01 
  836.000  9.383014e-01 
  837.000  9.327531e-01 
  838.000  9.489551e-01 
  839.000  9.533408e-01 
  840.000  9.557995e-01 
  841.000  9.557995e-01 
  842.000  9.438487e-01 
  843.000  9.650856e-01 
  844.000  9.515580e-01 
  845.000  9.622282e-01 
  846.000  9.653764e-01 
  847.000  9.677598e-01 
  848.000  9.647646e-01 
  849.000  9.661062e-01 
  850.000  9.652095e-01 
  851.000  9.632494e-01 
  852.000  9.684885e-01 
  853.000  9.689814e-01 
  854.000  9.686007e-01 
  855.000  9.686007e-01 
  856.000  9.690593e-01 
  857.000  9.718104e-01 
  858.000  9.693133e-01 
  859.000  9.709874e-01 
  860.000  9.726266e-01 
  861.000  9.720116e-01 
  862.000  9.728446e-01 
  863.000  9.729735e-01 
  864.000  9.733710e-01 
  865.000  9.733710e-01 
  866.000  9.734963e-01 
  867.000  9.736309e-01 
  868.000  9.736972e-01 
  869.000  9.737455e-01 
  870.000  9.737893e-01 
  871.000  9.740687e-01 
  872.000  9.742532e-01 
  873.000  9.741290e-01 
  874.000  9.741290e-01 
  875.000  9.746495e-01 
  876.000  9.747479e-01 
  877.000  9.746412e-01 
  878.000  9.746396e-01 
  879.000  9.746189e-01 
  880.000  9.751052e-01 
  881.000  9.751052e-01 
  882.000  9.738869e-01 
  883.000  9.741237e-01 
  884.000  9.744626e-01 
  885.000  9.748504e-01 
  886.000  9.665573e-01 
  887.000  9.742948e-01 
  888.000  9.742948e-01 
  889.000  9.725085e-01 
  890.000  9.679680e-01 
  891.000  9.746659e-01 
  892.000  9.671678e-01 
  893.000  9.512709e-01 
  894.000  9.512709e-01 
  895.000  9.182760e-01 
  896.000  8.776515e-01 
  897.000  7.631420e-01 
  898.000  8.630714e-01 
  899.000  6.797471e-01 
  900.000  6.797471e-01 
  901.000  7.248634e-01 
  902.000  7.584933e-01 
  903.000  8.062284e-01 
  904.000  9.168445e-01 
  905.000  9.016540e-01 
  906.000  9.016540e-01 
  907.000  7.616887e-01 
  908.000  7.483158e-01 
  909.000  7.540914e-01 
  910.000  7.221636e-01 
  911.000  7.221636e-01 
  912.000  8.377810e-01 
  913.000  7.758823e-01 
  914.000  7.468575e-01 
  915.000  6.988124e-01 
  916.000  6.988124e-01 
  917.000  8.313780e-01 
  918.000  7.212223e-01 
  919.000  8.293710e-01 
  920.000  9.143043e-01 
  921.000  9.143043e-01 
  922.000  8.832606e-01 
  923.000  8.757086e-01 
  924.000  8.458834e-01 
  925.000  8.458834e-01 
  926.000  8.587871e-01 
  927.000  8.814597e-01 
  928.000  7.315299e-01 
  929.000  7.045584e-01 
  930.000  7.045584e-01 
  931.000  5.731773e-01 
  932.000  3.853353e-01 
  933.000  3.610974e-01 
  934.000  3.610974e-01 
  935.000  3.459122e-01 
  936.000  3.162155e-01 
  937.000  2.626438e-01 
  938.000  2.626438e-01 
  939.000  4.255066e-01 
  940.000  5.698972e-01 
  941.000  5.228059e-01 
  942.000  5.228059e-01 
  943.000  4.108724e-01 
  944.000  4.234782e-01 
  945.000  5.042484e-01 
  946.000  5.042484e-01 
  947.000  4.203356e-01 
  948.000  4.674357e-01 
  949.000  5.356849e-01 
  950.000  5.356849e-01 
  951.000  5.692093e-01 
  952.000  4.142553e-01 
  953.000  5.881019e-01 
  954.000  5.881019e-01 
  955.000  5.933457e-01 
  956.000  4.649453e-01 
  957.000  6.530437e-01 
  958.000  6.530437e-01 
  959.000  5.210280e-01 
  960.000  5.963730e-01 
  961.000  5.963730e-01 
  962.000  6.722695e-01 
  963.000  7.272714e-01 
  964.000  6.156238e-01 
  965.000  6.156238e-01 
  966.000  6.941392e-01 
  967.000  8.008779e-01 
  968.000  8.008779e-01 
  969.000  8.324195e-01 
  970.000  8.765022e-01 
  971.000  8.989139e-01 
  972.000  8.989139e-01 
  973.000  8.696383e-01 
  974.000  7.659772e-01 
  975.000  7.659772e-01 
  976.000  7.569826e-01 
  977.000  8.580455e-01 
  978.000  8.418229e-01 
  979.000  8.418229e-01 
  980.000  8.448414e-01 
  981.000  9.362509e-01 
  982.000  9.362509e-01 
  983.000  9.127853e-01 
  984.000  9.325013e-01 
  985.000  9.325013e-01 
  986.000  9.717018e-01 
  987.000  9.562938e-01 
  988.000  9.562938e-01 
  989.000  9.784659e-01 
  990.000  9.688064e-01 
  991.000  9.688064e-01 
  992.000  9.751493e-01 
  993.000  9.743669e-01 
  994.000  9.743669e-01 
  995.000  9.829603e-01 
  996.000  9.831542e-01 
  997.000  9.831542e-01 
  998.000  9.830309e-01 
  999.000  9.822372e-01 
 1000.000  9.822372e-01 
 1001.000  9.829541e-01 
 1002.000  9.702690e-01 
 1003.000  9.702690e-01 
 1004.000  9.827513e-01 
 1005.000  9.836960e-01 
 1006.000  9.836960e-01 
 1007.000  9.841822e-01 
 1008.000  9.810997e-01 
 1009.000  9.810997e-01 
 1010.000  9.708247e-01 
 1011.000  9.838058e-01 
 1012.000  9.838058e-01 
 1013.000  9.845238e-01 
 1014.000  9.842679e-01 
 1015.000  9.842679e-01 
 1016.000  9.847294e-01 
 1017.000  9.843271e-01 
 1018.000  9.843271e-01 
 1019.000  9.830267e-01 
 1020.000  9.851592e-01 
 1021.000  9.851592e-01 
 1022.000  9.833789e-01 
 1023.000  9.833789e-01 
 1024.000  9.832835e-01 
 1025.000  9.853214e-01 
 1026.000  9.853214e-01 
 1027.000  9.843997e-01 
 1028.000  9.855704e-01 
 1029.000  9.855704e-01 
 1030.000  9.861468e-01 
 1031.000  9.859350e-01 
 1032.000  9.859350e-01 
 1033.000  9.861367e-01 
 1034.000  9.861367e-01 
 1035.000  9.863467e-01 
 1036.000  9.857960e-01 
 1037.000  9.857960e-01 
 1038.000  9.857118e-01 
 1039.000  9.850991e-01 
 1040.000  9.850991e-01 
 1041.000  9.846693e-01 
 1042.000  9.846693e-01 
 1043.000  9.841033e-01 
 1044.000  9.832281e-01 
 1045.000  9.832281e-01 
 1046.000  9.820107e-01 
 1047.000  9.820107e-01 
 1048.000  9.807870e-01 
 1049.000  9.782786e-01 
 1050.000  9.782786e-01 
 1051.000  9.772168e-01 
 1052.000  9.772168e-01 
 1053.000  9.755349e-01 
 1054.000  9.740934e-01 
 1055.000  9.740934e-01 
 1056.000  9.724516e-01 
 1057.000  9.724516e-01 
 1058.000  9.709290e-01 
 1059.000  9.694525e-01 
 1060.000  9.694525e-01 
 1061.000  9.685215e-01 
 1062.000  9.685215e-01 
 1063.000  9.668489e-01 
 1064.000  9.652082e-01 
 1065.000  9.652082e-01 
 1066.000  9.674675e-01 
 1067.000  9.674675e-01 
 1068.000  9.662790e-01 
 1069.000  9.673085e-01 
 1070.000  9.673085e-01 
 1071.000  9.698346e-01 
 1072.000  9.698346e-01 
 1073.000  9.713583e-01 
 1074.000  9.713583e-01 
 1075.000  9.654121e-01 
 1076.000  9.638011e-01 
 1077.000  9.638011e-01 
 1078.000  9.718906e-01 
 1079.000  9.718906e-01 
 1080.000  9.647584e-01 
 1081.000  9.647584e-01 
 1082.000  9.679616e-01 
 1083.000  9.620978e-01 
 1084.000  9.620978e-01 
 1085.000  9.482349e-01 
 1086.000  9.482349e-01 
 1087.000  9.703237e-01 
 1088.000  9.703237e-01 
 1089.000  9.589200e-01 
 1090.000  9.536954e-01 
 1091.000  9.536954e-01 
 1092.000  9.364932e-01 
 1093.000  9.364932e-01 
 1094.000  9.391665e-01 
 1095.000  9.391665e-01 
 1096.000  9.281834e-01 
 1097.000  9.281834e-01 
 1098.000  9.116799e-01 
 1099.000  8.519235e-01 
 1100.000  8.519235e-01 
 1101.000  8.558040e-01 
 1102.000  8.558040e-01 
 1103.000  8.301750e-01 
 1104.000  8.301750e-01 
 1105.000  8.131061e-01 
 1106.000  8.131061e-01 
 1107.000  8.161104e-01 
 1108.000  8.161104e-01 
 1109.000  7.705184e-01 
 1110.000  7.525803e-01 
 1111.000  7.525803e-01 
 1112.000  6.903332e-01 
 1113.000  6.903332e-01 
 1114.000  6.140261e-01 
 1115.000  6.140261e-01 
 1116.000  3.644111e-01 
 1117.000  3.644111e-01 
 1118.000  4.632806e-01 
 1119.000  4.632806e-01 
 1120.000  3.698677e-01 
 1121.000  3.698677e-01 
 1122.000  2.068539e-01 
 1123.000  4.151209e-01 
 1124.000  4.151209e-01 
 1125.000  2.212510e-01 
 1126.000  2.212510e-01 
 1127.000  2.716749e-01 
 1128.000  2.716749e-01 
 1129.000  2.576600e-01 
 1130.000  2.576600e-01 
 1131.000  5.673820e-01 
 1132.000  5.673820e-01 
 1133.000  2.801102e-01 
 1134.000  2.801102e-01 
 1135.000  1.561683e-01 
 1136.000  1.561683e-01 
 1137.000  5.640368e-01 
 1138.000  5.640368e-01 
 1139.000  5.191706e-01 
 1140.000  5.191706e-01 
 1141.000  5.002068e-01 
 1142.000  5.002068e-01 
 1143.000  5.461721e-01 
 1144.000  5.461721e-01 
 1145.000  3.097309e-01 
 1146.000  3.097309e-01 
 1147.000  3.137825e-01 
 1148.000  3.137825e-01 
 1149.000  4.493780e-01 
 1150.000  4.493780e-01 
 1151.000  5.383267e-01 
 1152.000  5.383267e-01 
 1153.000  4.981610e-01 
 1154.000  4.981610e-01 
 1155.000  5.645712e-01 
 1156.000  5.645712e-01 
 1157.000  6.650757e-01 
 1158.000  6.650757e-01 
 1159.000  7.480812e-01 
 1160.000  7.480812e-01 
 1161.000  7.266369e-01 
 1162.000  7.266369e-01 
 1163.000  8.334684e-01 
 1164.000  8.334684e-01 
 1165.000  7.893603e-01 
 1166.000  7.893603e-01 
 1167.000  8.602688e-01 
 1168.000  8.602688e-01 
 1169.000  8.624828e-01 
 1170.000  8.624828e-01 
 1171.000  8.843796e-01 
 1172.000  8.843796e-01 
 1173.000  7.746195e-01 
 1174.000  7.746195e-01 
 1175.000  9.327602e-01 
 1176.000  9.327602e-01 
 1177.000  8.328849e-01 
 1178.000  8.328849e-01 
 1179.000  9.071722e-01 
 1180.000  9.071722e-01 
 1181.000  7.721342e-01 
 1182.000  7.721342e-01 
 1183.000  8.661420e-01 
 1184.000  8.661420e-01 
 1185.000  8.931592e-01 
 1186.000  8.931592e-01 
 1187.000  7.973480e-01 
 1188.000  7.973480e-01 
 1189.000  7.973480e-01 
 1190.000  8.689385e-01 
 1191.000  8.689385e-01 
 1192.000  9.391496e-01 
 1193.000  9.391496e-01 
 1194.000  8.893147e-01 
 1195.000  8.893147e-01 
 1196.000  9.018804e-01 
 1197.000  9.018804e-01 
 1198.000  8.562317e-01 
 1199.000  8.562317e-01 
 1200.000  8.574118e-01 
