  250.000  0.000000e+00 
  251.000  0.000000e+00 
  252.000  0.000000e+00 
  253.000  0.000000e+00 
  254.000  0.000000e+00 
  255.000  0.000000e+00 
  256.000  0.000000e+00 
  257.000  0.000000e+00 
  258.000  0.000000e+00 
  259.000  0.000000e+00 
  260.000  0.000000e+00 
  261.000  0.000000e+00 
  262.000  0.000000e+00 
  263.000  0.000000e+00 
  264.000  0.000000e+00 
  265.000  0.000000e+00 
  266.000  0.000000e+00 
  267.000  0.000000e+00 
  268.000  0.000000e+00 
  269.000  0.000000e+00 
  270.000  0.000000e+00 
  271.000  0.000000e+00 
  272.000  0.000000e+00 
  273.000  0.000000e+00 
  274.000  0.000000e+00 
  275.000  0.000000e+00 
  276.000  0.000000e+00 
  277.000  0.000000e+00 
  278.000  0.000000e+00 
  279.000  0.000000e+00 
  280.000  0.000000e+00 
  281.000  0.000000e+00 
  282.000  0.000000e+00 
  283.000  0.000000e+00 
  284.000  0.000000e+00 
  285.000  0.000000e+00 
  286.000  0.000000e+00 
  287.000  0.000000e+00 
  288.000  0.000000e+00 
  289.000  9.421079e-10 
  290.000  8.131298e-09 
  291.000  4.539741e-08 
  292.000  4.455137e-07 
  293.000  1.727733e-06 
  294.000  8.025045e-06 
  295.000  2.162617e-05 
  296.000  8.684199e-05 
  297.000  2.002677e-04 
  298.000  5.433773e-04 
  299.000  1.075098e-03 
  300.000  2.177769e-03 
  301.000  3.887000e-03 
  302.000  6.303975e-03 
  303.000  1.123995e-02 
  304.000  1.396844e-02 
  305.000  2.236410e-02 
  306.000  2.914300e-02 
  307.000  4.029712e-02 
  308.000  4.962972e-02 
  309.000  6.028805e-02 
  310.000  7.772595e-02 
  311.000  8.625785e-02 
  312.000  1.000483e-01 
  313.000  1.170257e-01 
  314.000  1.248045e-01 
  315.000  1.457637e-01 
  316.000  1.519382e-01 
  317.000  1.685865e-01 
  318.000  1.788822e-01 
  319.000  2.049769e-01 
  320.000  1.897791e-01 
  321.000  2.283527e-01 
  322.000  2.143564e-01 
  323.000  2.330406e-01 
  324.000  2.593423e-01 
  325.000  2.427359e-01 
  326.000  2.691451e-01 
  327.000  2.783103e-01 
  328.000  2.665508e-01 
  329.000  2.966183e-01 
  330.000  3.028532e-01 
  331.000  2.918750e-01 
  332.000  3.131991e-01 
  333.000  3.187650e-01 
  334.000  3.171936e-01 
  335.000  3.312762e-01 
  336.000  3.377666e-01 
  337.000  3.357069e-01 
  338.000  3.454170e-01 
  339.000  3.527183e-01 
  340.000  3.528999e-01 
  341.000  3.609672e-01 
  342.000  3.670127e-01 
  343.000  3.713380e-01 
  344.000  3.713702e-01 
  345.000  3.801462e-01 
  346.000  3.850051e-01 
  347.000  3.894847e-01 
  348.000  3.939487e-01 
  349.000  3.992791e-01 
  350.000  4.036316e-01 
  351.000  4.085931e-01 
  352.000  4.127676e-01 
  353.000  4.177626e-01 
  354.000  4.213445e-01 
  355.000  4.252655e-01 
  356.000  4.302396e-01 
  357.000  4.334835e-01 
  358.000  4.371229e-01 
  359.000  4.407145e-01 
  360.000  4.442179e-01 
  361.000  4.478709e-01 
  362.000  4.534828e-01 
  363.000  4.582503e-01 
  364.000  4.630023e-01 
  365.000  4.669791e-01 
  366.000  4.714149e-01 
  367.000  4.755889e-01 
  368.000  4.795709e-01 
  369.000  4.829262e-01 
  370.000  4.869167e-01 
  371.000  4.911385e-01 
  372.000  4.946167e-01 
  373.000  4.989073e-01 
  374.000  5.029950e-01 
  375.000  5.063109e-01 
  376.000  5.097442e-01 
  377.000  5.136852e-01 
  378.000  5.167477e-01 
  379.000  5.200629e-01 
  380.000  5.232340e-01 
  381.000  5.267064e-01 
  382.000  5.313358e-01 
  383.000  5.360591e-01 
  384.000  5.392736e-01 
  385.000  5.434105e-01 
  386.000  5.467239e-01 
  387.000  5.506237e-01 
  388.000  5.536913e-01 
  389.000  5.568153e-01 
  390.000  5.607258e-01 
  391.000  5.639403e-01 
  392.000  5.666223e-01 
  393.000  5.711558e-01 
  394.000  5.742696e-01 
  395.000  5.772862e-01 
  396.000  5.810885e-01 
  397.000  5.845628e-01 
  398.000  5.869458e-01 
  399.000  5.902718e-01 
  400.000  5.930792e-01 
  401.000  5.968286e-01 
  402.000  6.002097e-01 
  403.000  6.036746e-01 
  404.000  6.059634e-01 
  405.000  6.091506e-01 
  406.000  6.121969e-01 
  407.000  6.161334e-01 
  408.000  6.180435e-01 
  409.000  6.208337e-01 
  410.000  6.238033e-01 
  411.000  6.270993e-01 
  412.000  6.305309e-01 
  413.000  6.323586e-01 
  414.000  6.358852e-01 
  415.000  6.386576e-01 
  416.000  6.422468e-01 
  417.000  6.443486e-01 
  418.000  6.467267e-01 
  419.000  6.501415e-01 
  420.000  6.524188e-01 
  421.000  6.550903e-01 
  422.000  6.572749e-01 
  423.000  6.602964e-01 
  424.000  6.626010e-01 
  425.000  6.661011e-01 
  426.000  6.687091e-01 
  427.000  6.710897e-01 
  428.000  6.732489e-01 
  429.000  6.764281e-01 
  430.000  6.790294e-01 
  431.000  6.800233e-01 
  432.000  6.837148e-01 
  433.000  6.862450e-01 
  434.000  6.878765e-01 
  435.000  6.895657e-01 
  436.000  6.925552e-01 
  437.000  6.964442e-01 
  438.000  6.984196e-01 
  439.000  6.988592e-01 
  440.000  7.017803e-01 
  441.000  7.043146e-01 
  442.000  7.073600e-01 
  443.000  7.089724e-01 
  444.000  7.109067e-01 
  445.000  7.119106e-01 
  446.000  7.147020e-01 
  447.000  7.173382e-01 
  448.000  7.174208e-01 
  449.000  7.211989e-01 
  450.000  7.242578e-01 
  451.000  7.260857e-01 
  452.000  7.275856e-01 
  453.000  7.298633e-01 
  454.000  7.329794e-01 
  455.000  7.340255e-01 
  456.000  7.358868e-01 
  457.000  7.380410e-01 
  458.000  7.394246e-01 
  459.000  7.413353e-01 
  460.000  7.425029e-01 
  461.000  7.444152e-01 
  462.000  7.470905e-01 
  463.000  7.471892e-01 
  464.000  7.498221e-01 
  465.000  7.516337e-01 
  466.000  7.549756e-01 
  467.000  7.559344e-01 
  468.000  7.578474e-01 
  469.000  7.595413e-01 
  470.000  7.613315e-01 
  471.000  7.629907e-01 
  472.000  7.637676e-01 
  473.000  7.642633e-01 
  474.000  7.632704e-01 
  475.000  7.636111e-01 
  476.000  7.644160e-01 
  477.000  7.652181e-01 
  478.000  7.661821e-01 
  479.000  7.680345e-01 
  480.000  7.703050e-01 
  481.000  7.740498e-01 
  482.000  7.770944e-01 
  483.000  7.798888e-01 
  484.000  7.813367e-01 
  485.000  7.825915e-01 
  486.000  7.835616e-01 
  487.000  7.856671e-01 
  488.000  7.867703e-01 
  489.000  7.876278e-01 
  490.000  7.900414e-01 
  491.000  7.915298e-01 
  492.000  7.928723e-01 
  493.000  7.942083e-01 
  494.000  7.951149e-01 
  495.000  7.961433e-01 
  496.000  7.969776e-01 
  497.000  7.983204e-01 
  498.000  7.993253e-01 
  499.000  8.005938e-01 
  500.000  8.015327e-01 
  501.000  8.017077e-01 
  502.000  8.017902e-01 
  503.000  8.017457e-01 
  504.000  8.019487e-01 
  505.000  8.024591e-01 
  506.000  8.045399e-01 
  507.000  8.057068e-01 
  508.000  8.074959e-01 
  509.000  8.084347e-01 
  510.000  8.098265e-01 
  511.000  8.113459e-01 
  512.000  8.123050e-01 
  513.000  8.142304e-01 
  514.000  8.151408e-01 
  515.000  8.167117e-01 
  516.000  8.174325e-01 
  517.000  8.186909e-01 
  518.000  8.189898e-01 
  519.000  8.197921e-01 
  520.000  8.202130e-01 
  521.000  8.213124e-01 
  522.000  8.216280e-01 
  523.000  8.220783e-01 
  524.000  8.225591e-01 
  525.000  8.223022e-01 
  526.000  8.223903e-01 
  527.000  8.227429e-01 
  528.000  8.225834e-01 
  529.000  8.227460e-01 
  530.000  8.227110e-01 
  531.000  8.232382e-01 
  532.000  8.237284e-01 
  533.000  8.244492e-01 
  534.000  8.254879e-01 
  535.000  8.260886e-01 
  536.000  8.271503e-01 
  537.000  8.282440e-01 
  538.000  8.287887e-01 
  539.000  8.293639e-01 
  540.000  8.303731e-01 
  541.000  8.305712e-01 
  542.000  8.309142e-01 
  543.000  8.316814e-01 
  544.000  8.324492e-01 
  545.000  8.325190e-01 
  546.000  8.330967e-01 
  547.000  8.342311e-01 
  548.000  8.352939e-01 
  549.000  8.356056e-01 
  550.000  8.365374e-01 
  551.000  8.371086e-01 
  552.000  8.375836e-01 
  553.000  8.380540e-01 
  554.000  8.386783e-01 
  555.000  8.392233e-01 
  556.000  8.391451e-01 
  557.000  8.388185e-01 
  558.000  8.385916e-01 
  559.000  8.383449e-01 
  560.000  8.380424e-01 
  561.000  8.378131e-01 
  562.000  8.376960e-01 
  563.000  8.373080e-01 
  564.000  8.368987e-01 
  565.000  8.365687e-01 
  566.000  8.365598e-01 
  567.000  8.361360e-01 
  568.000  8.353573e-01 
  569.000  8.332074e-01 
  570.000  8.315651e-01 
  571.000  8.312610e-01 
  572.000  8.300322e-01 
  573.000  8.296014e-01 
  574.000  8.286405e-01 
  575.000  8.283343e-01 
  576.000  8.286236e-01 
  577.000  8.292338e-01 
  578.000  8.310595e-01 
  579.000  8.328657e-01 
  580.000  8.344688e-01 
  581.000  8.372824e-01 
  582.000  8.400179e-01 
  583.000  8.423222e-01 
  584.000  8.457612e-01 
  585.000  8.470362e-01 
  586.000  8.487592e-01 
  587.000  8.492967e-01 
  588.000  8.503031e-01 
  589.000  8.468707e-01 
  590.000  8.476927e-01 
  591.000  8.495504e-01 
  592.000  8.464938e-01 
  593.000  8.519453e-01 
  594.000  8.499314e-01 
  595.000  8.518884e-01 
  596.000  8.526395e-01 
  597.000  8.526540e-01 
  598.000  8.527923e-01 
  599.000  8.536767e-01 
  600.000  8.537521e-01 
  601.000  8.548057e-01 
  602.000  8.560295e-01 
  603.000  8.567103e-01 
  604.000  8.573147e-01 
  605.000  8.580035e-01 
  606.000  8.593803e-01 
  607.000  8.604657e-01 
  608.000  8.619130e-01 
  609.000  8.625082e-01 
  610.000  8.636978e-01 
  611.000  8.646358e-01 
  612.000  8.659827e-01 
  613.000  8.671624e-01 
  614.000  8.679999e-01 
  615.000  8.689786e-01 
  616.000  8.703068e-01 
  617.000  8.712574e-01 
  618.000  8.718987e-01 
  619.000  8.728262e-01 
  620.000  8.735569e-01 
  621.000  8.740634e-01 
  622.000  8.742888e-01 
  623.000  8.746645e-01 
  624.000  8.747965e-01 
  625.000  8.749609e-01 
  626.000  8.749416e-01 
  627.000  8.749642e-01 
  628.000  8.531688e-01 
  629.000  8.626153e-01 
  630.000  8.677102e-01 
  631.000  8.752241e-01 
  632.000  8.783667e-01 
  633.000  8.802000e-01 
  634.000  8.828909e-01 
  635.000  8.835977e-01 
  636.000  8.862863e-01 
  637.000  8.892923e-01 
  638.000  8.910615e-01 
  639.000  8.930335e-01 
  640.000  8.941281e-01 
  641.000  8.962165e-01 
  642.000  8.974258e-01 
  643.000  8.981454e-01 
  644.000  8.992591e-01 
  645.000  9.002675e-01 
  646.000  8.998691e-01 
  647.000  8.989926e-01 
  648.000  8.978118e-01 
  649.000  9.004549e-01 
  650.000  9.045587e-01 
  651.000  9.052958e-01 
  652.000  9.052114e-01 
  653.000  9.067389e-01 
  654.000  9.080058e-01 
  655.000  9.048684e-01 
  656.000  9.080058e-01 
  657.000  9.092529e-01 
  658.000  9.113138e-01 
  659.000  9.128484e-01 
  660.000  9.131147e-01 
  661.000  9.144230e-01 
  662.000  9.146868e-01 
  663.000  9.156092e-01 
  664.000  9.162197e-01 
  665.000  9.169348e-01 
  666.000  9.176512e-01 
  667.000  9.187226e-01 
  668.000  9.192424e-01 
  669.000  9.201525e-01 
  670.000  9.206213e-01 
  671.000  9.217135e-01 
  672.000  9.219524e-01 
  673.000  9.228538e-01 
  674.000  9.232123e-01 
  675.000  9.241522e-01 
  676.000  9.244522e-01 
  677.000  9.249361e-01 
  678.000  9.257604e-01 
  679.000  9.261948e-01 
  680.000  9.270730e-01 
  681.000  9.274607e-01 
  682.000  9.285486e-01 
  683.000  9.288310e-01 
  684.000  9.298355e-01 
  685.000  9.302770e-01 
  686.000  9.309404e-01 
  687.000  6.256760e-01 
  688.000  7.949621e-01 
  689.000  8.325839e-01 
  690.000  8.635977e-01 
  691.000  8.824919e-01 
  692.000  9.174688e-01 
  693.000  9.173141e-01 
  694.000  9.193823e-01 
  695.000  9.277065e-01 
  696.000  9.257119e-01 
  697.000  9.360741e-01 
  698.000  9.360845e-01 
  699.000  9.321241e-01 
  700.000  9.332820e-01 
  701.000  9.304116e-01 
  702.000  9.322730e-01 
  703.000  9.340651e-01 
  704.000  9.353037e-01 
  705.000  9.360449e-01 
  706.000  9.379519e-01 
  707.000  9.394559e-01 
  708.000  9.406901e-01 
  709.000  9.410933e-01 
  710.000  9.409134e-01 
  711.000  9.425187e-01 
  712.000  9.421194e-01 
  713.000  9.433986e-01 
  714.000  9.427502e-01 
  715.000  9.413022e-01 
  716.000  9.419836e-01 
  717.000  9.335356e-01 
  718.000  9.077209e-01 
  719.000  8.759387e-01 
  720.000  9.132350e-01 
  721.000  9.399529e-01 
  722.000  9.395565e-01 
  723.000  9.384959e-01 
  724.000  9.021950e-01 
  725.000  9.170470e-01 
  726.000  9.319479e-01 
  727.000  9.256328e-01 
  728.000  9.143413e-01 
  729.000  9.216955e-01 
  730.000  9.346829e-01 
  731.000  9.277821e-01 
  732.000  9.320443e-01 
  733.000  9.428143e-01 
  734.000  9.484777e-01 
  735.000  9.449785e-01 
  736.000  9.476941e-01 
  737.000  9.480408e-01 
  738.000  9.497930e-01 
  739.000  9.504578e-01 
  740.000  9.525161e-01 
  741.000  9.537097e-01 
  742.000  9.543559e-01 
  743.000  9.544846e-01 
  744.000  9.549761e-01 
  745.000  9.553325e-01 
  746.000  9.558439e-01 
  747.000  9.561613e-01 
  748.000  9.563689e-01 
  749.000  9.565550e-01 
  750.000  9.568588e-01 
  751.000  9.570505e-01 
  752.000  9.577543e-01 
  753.000  9.579521e-01 
  754.000  9.582103e-01 
  755.000  9.584816e-01 
  756.000  9.586599e-01 
  757.000  9.589325e-01 
  758.000  9.594539e-01 
  759.000  9.481598e-01 
  760.000  3.123699e-01 
  761.000  2.074807e-01 
  762.000  6.046724e-01 
  763.000  4.962595e-01 
  764.000  5.671387e-01 
  765.000  7.039102e-01 
  766.000  8.343818e-01 
  767.000  8.833182e-01 
  768.000  9.389205e-01 
  769.000  9.538184e-01 
  770.000  9.534539e-01 
  771.000  9.601150e-01 
  772.000  9.623476e-01 
  773.000  9.624696e-01 
  774.000  9.625669e-01 
  775.000  9.626687e-01 
  776.000  9.628500e-01 
  777.000  9.631113e-01 
  778.000  9.632668e-01 
  779.000  9.634258e-01 
  780.000  9.635585e-01 
  781.000  9.639273e-01 
  782.000  9.642096e-01 
  783.000  9.644081e-01 
  784.000  9.644604e-01 
  785.000  9.645113e-01 
  786.000  9.639816e-01 
  787.000  9.642088e-01 
  788.000  9.628214e-01 
  789.000  9.630845e-01 
  790.000  9.606645e-01 
  791.000  9.611591e-01 
  792.000  9.624408e-01 
  793.000  9.632701e-01 
  794.000  9.668114e-01 
  795.000  9.658869e-01 
  796.000  9.590554e-01 
  797.000  9.642712e-01 
  798.000  9.649106e-01 
  799.000  9.660603e-01 
  800.000  9.632400e-01 
  801.000  9.619675e-01 
  802.000  9.640321e-01 
  803.000  9.637224e-01 
  804.000  9.637005e-01 
  805.000  9.650881e-01 
  806.000  9.677026e-01 
  807.000  9.662991e-01 
  808.000  9.679930e-01 
  809.000  9.655719e-01 
  810.000  9.644376e-01 
  811.000  9.649715e-01 
  812.000  9.624569e-01 
  813.000  9.571706e-01 
  814.000  9.476970e-01 
  815.000  9.348422e-01 
  816.000  9.447972e-01 
  817.000  8.961244e-01 
  818.000  9.301172e-01 
  819.000  9.453396e-01 
  820.000  9.254256e-01 
  821.000  9.653556e-01 
  822.000  9.609638e-01 
  823.000  8.820278e-01 
  824.000  9.553052e-01 
  825.000  9.633325e-01 
  826.000  9.549025e-01 
  827.000  9.632122e-01 
  828.000  9.401919e-01 
  829.000  9.583352e-01 
  830.000  9.543056e-01 
  831.000  9.564971e-01 
  832.000  9.564312e-01 
  833.000  9.632142e-01 
  834.000  9.630661e-01 
  835.000  9.668807e-01 
  836.000  9.673052e-01 
  837.000  9.672943e-01 
  838.000  9.697987e-01 
  839.000  9.710445e-01 
  840.000  9.714941e-01 
  841.000  9.714941e-01 
  842.000  9.694394e-01 
  843.000  9.735402e-01 
  844.000  9.712337e-01 
  845.000  9.732605e-01 
  846.000  9.738765e-01 
  847.000  9.742732e-01 
  848.000  9.739401e-01 
  849.000  9.742655e-01 
  850.000  9.744658e-01 
  851.000  9.751505e-01 
  852.000  9.761006e-01 
  853.000  9.763718e-01 
  854.000  9.763455e-01 
  855.000  9.763455e-01 
  856.000  9.765844e-01 
  857.000  9.771795e-01 
  858.000  9.768499e-01 
  859.000  9.772425e-01 
  860.000  9.775081e-01 
  861.000  9.775176e-01 
  862.000  9.777582e-01 
  863.000  9.775445e-01 
  864.000  9.780592e-01 
  865.000  9.780592e-01 
  866.000  9.780706e-01 
  867.000  9.782102e-01 
  868.000  9.782339e-01 
  869.000  9.783126e-01 
  870.000  9.785132e-01 
  871.000  9.785855e-01 
  872.000  9.787754e-01 
  873.000  9.788472e-01 
  874.000  9.788472e-01 
  875.000  9.790745e-01 
  876.000  9.791534e-01 
  877.000  9.792383e-01 
  878.000  9.793130e-01 
  879.000  9.793468e-01 
  880.000  9.795777e-01 
  881.000  9.795777e-01 
  882.000  9.794612e-01 
  883.000  9.795747e-01 
  884.000  9.797150e-01 
  885.000  9.798715e-01 
  886.000  9.785596e-01 
  887.000  9.799680e-01 
  888.000  9.799680e-01 
  889.000  9.796585e-01 
  890.000  9.790209e-01 
  891.000  9.801891e-01 
  892.000  9.790333e-01 
  893.000  9.758025e-01 
  894.000  9.758025e-01 
  895.000  9.676027e-01 
  896.000  9.602010e-01 
  897.000  9.209849e-01 
  898.000  9.588330e-01 
  899.000  8.790568e-01 
  900.000  8.790568e-01 
  901.000  8.959455e-01 
  902.000  9.150538e-01 
  903.000  9.322910e-01 
  904.000  9.712314e-01 
  905.000  9.665609e-01 
  906.000  9.665609e-01 
  907.000  9.274716e-01 
  908.000  9.123015e-01 
  909.000  9.215358e-01 
  910.000  9.136605e-01 
  911.000  9.136605e-01 
  912.000  9.550762e-01 
  913.000  9.351215e-01 
  914.000  9.202259e-01 
  915.000  8.962632e-01 
  916.000  8.962632e-01 
  917.000  9.541017e-01 
  918.000  9.078403e-01 
  919.000  9.429924e-01 
  920.000  9.713523e-01 
  921.000  9.713523e-01 
  922.000  9.646546e-01 
  923.000  9.642158e-01 
  924.000  9.578589e-01 
  925.000  9.578589e-01 
  926.000  9.611884e-01 
  927.000  9.638464e-01 
  928.000  9.228696e-01 
  929.000  9.145581e-01 
  930.000  9.145581e-01 
  931.000  8.336967e-01 
  932.000  6.837530e-01 
  933.000  7.247698e-01 
  934.000  7.247698e-01 
  935.000  6.661341e-01 
  936.000  6.426610e-01 
  937.000  6.507633e-01 
  938.000  6.507633e-01 
  939.000  7.470595e-01 
  940.000  8.544434e-01 
  941.000  8.219409e-01 
  942.000  8.219409e-01 
  943.000  7.302257e-01 
  944.000  7.299600e-01 
  945.000  8.269833e-01 
  946.000  8.269833e-01 
  947.000  7.513449e-01 
  948.000  7.785140e-01 
  949.000  8.146551e-01 
  950.000  8.146551e-01 
  951.000  8.213570e-01 
  952.000  7.436143e-01 
  953.000  8.555533e-01 
  954.000  8.555533e-01 
  955.000  8.495806e-01 
  956.000  7.592038e-01 
  957.000  8.794752e-01 
  958.000  8.794752e-01 
  959.000  8.290343e-01 
  960.000  8.759091e-01 
  961.000  8.759091e-01 
  962.000  8.828682e-01 
  963.000  9.200237e-01 
  964.000  8.671366e-01 
  965.000  8.671366e-01 
  966.000  9.010050e-01 
  967.000  9.426703e-01 
  968.000  9.426703e-01 
  969.000  9.510136e-01 
  970.000  9.665784e-01 
  971.000  9.713020e-01 
  972.000  9.713020e-01 
  973.000  9.656661e-01 
  974.000  9.342437e-01 
  975.000  9.342437e-01 
  976.000  9.237086e-01 
  977.000  9.573431e-01 
  978.000  9.528322e-01 
  979.000  9.528322e-01 
  980.000  9.534833e-01 
  981.000  9.777941e-01 
  982.000  9.777941e-01 
  983.000  9.705948e-01 
  984.000  9.771177e-01 
  985.000  9.771177e-01 
  986.000  9.844006e-01 
  987.000  9.817252e-01 
  988.000  9.817252e-01 
  989.000  9.859452e-01 
  990.000  9.843479e-01 
  991.000  9.843479e-01 
  992.000  9.855196e-01 
  993.000  9.853454e-01 
  994.000  9.853454e-01 
  995.000  9.871519e-01 
  996.000  9.872141e-01 
  997.000  9.872141e-01 
  998.000  9.872987e-01 
  999.000  9.872347e-01 
 1000.000  9.872347e-01 
 1001.000  9.873890e-01 
 1002.000  9.850843e-01 
 1003.000  9.850843e-01 
 1004.000  9.874963e-01 
 1005.000  9.876419e-01 
 1006.000  9.876419e-01 
 1007.000  9.877728e-01 
 1008.000  9.874024e-01 
 1009.000  9.874024e-01 
 1010.000  9.857079e-01 
 1011.000  9.879430e-01 
 1012.000  9.879430e-01 
 1013.000  9.881038e-01 
 1014.000  9.881142e-01 
 1015.000  9.881142e-01 
 1016.000  9.882690e-01 
 1017.000  9.882295e-01 
 1018.000  9.882295e-01 
 1019.000  9.881371e-01 
 1020.000  9.885024e-01 
 1021.000  9.885024e-01 
 1022.000  9.882884e-01 
 1023.000  9.882884e-01 
 1024.000  9.882468e-01 
 1025.000  9.886667e-01 
 1026.000  9.886667e-01 
 1027.000  9.885316e-01 
 1028.000  9.887458e-01 
 1029.000  9.887458e-01 
 1030.000  9.888366e-01 
 1031.000  9.887989e-01 
 1032.000  9.887989e-01 
 1033.000  9.887803e-01 
 1034.000  9.887803e-01 
 1035.000  9.887496e-01 
 1036.000  9.882776e-01 
 1037.000  9.882776e-01 
 1038.000  9.882414e-01 
 1039.000  9.877766e-01 
 1040.000  9.877766e-01 
 1041.000  9.873913e-01 
 1042.000  9.873913e-01 
 1043.000  9.869387e-01 
 1044.000  9.862316e-01 
 1045.000  9.862316e-01 
 1046.000  9.852477e-01 
 1047.000  9.852477e-01 
 1048.000  9.842578e-01 
 1049.000  9.822330e-01 
 1050.000  9.822330e-01 
 1051.000  9.813703e-01 
 1052.000  9.813703e-01 
 1053.000  9.800063e-01 
 1054.000  9.788465e-01 
 1055.000  9.788465e-01 
 1056.000  9.774796e-01 
 1057.000  9.774796e-01 
 1058.000  9.762788e-01 
 1059.000  9.750819e-01 
 1060.000  9.750819e-01 
 1061.000  9.743316e-01 
 1062.000  9.743316e-01 
 1063.000  9.730272e-01 
 1064.000  9.724121e-01 
 1065.000  9.724121e-01 
 1066.000  9.735004e-01 
 1067.000  9.735004e-01 
 1068.000  9.727536e-01 
 1069.000  9.744269e-01 
 1070.000  9.744269e-01 
 1071.000  9.759234e-01 
 1072.000  9.759234e-01 
 1073.000  9.772257e-01 
 1074.000  9.772257e-01 
 1075.000  9.771852e-01 
 1076.000  9.782011e-01 
 1077.000  9.782011e-01 
 1078.000  9.811065e-01 
 1079.000  9.811065e-01 
 1080.000  9.806773e-01 
 1081.000  9.806773e-01 
 1082.000  9.829210e-01 
 1083.000  9.826469e-01 
 1084.000  9.826469e-01 
 1085.000  9.808012e-01 
 1086.000  9.808012e-01 
 1087.000  9.852445e-01 
 1088.000  9.852445e-01 
 1089.000  9.843785e-01 
 1090.000  9.838467e-01 
 1091.000  9.838467e-01 
 1092.000  9.816524e-01 
 1093.000  9.816524e-01 
 1094.000  9.816698e-01 
 1095.000  9.816698e-01 
 1096.000  9.803023e-01 
 1097.000  9.803023e-01 
 1098.000  9.768472e-01 
 1099.000  9.628324e-01 
 1100.000  9.628324e-01 
 1101.000  9.632145e-01 
 1102.000  9.632145e-01 
 1103.000  9.577646e-01 
 1104.000  9.577646e-01 
 1105.000  9.535192e-01 
 1106.000  9.535192e-01 
 1107.000  9.526711e-01 
 1108.000  9.526711e-01 
 1109.000  9.416301e-01 
 1110.000  9.180810e-01 
 1111.000  9.180810e-01 
 1112.000  9.090106e-01 
 1113.000  9.090106e-01 
 1114.000  8.308975e-01 
 1115.000  8.308975e-01 
 1116.000  6.913279e-01 
 1117.000  6.913279e-01 
 1118.000  7.586298e-01 
 1119.000  7.586298e-01 
 1120.000  7.167727e-01 
 1121.000  7.167727e-01 
 1122.000  5.620723e-01 
 1123.000  7.385126e-01 
 1124.000  7.385126e-01 
 1125.000  6.005906e-01 
 1126.000  6.005906e-01 
 1127.000  6.651618e-01 
 1128.000  6.651618e-01 
 1129.000  6.670525e-01 
 1130.000  6.670525e-01 
 1131.000  8.606073e-01 
 1132.000  8.606073e-01 
 1133.000  6.734657e-01 
 1134.000  6.734657e-01 
 1135.000  4.512602e-01 
 1136.000  4.512602e-01 
 1137.000  8.688440e-01 
 1138.000  8.688440e-01 
 1139.000  8.076435e-01 
 1140.000  8.076435e-01 
 1141.000  8.029957e-01 
 1142.000  8.029957e-01 
 1143.000  8.517340e-01 
 1144.000  8.517340e-01 
 1145.000  6.846464e-01 
 1146.000  6.846464e-01 
 1147.000  6.845416e-01 
 1148.000  6.845416e-01 
 1149.000  7.574338e-01 
 1150.000  7.574338e-01 
 1151.000  8.180589e-01 
 1152.000  8.180589e-01 
 1153.000  7.769607e-01 
 1154.000  7.769607e-01 
 1155.000  8.161094e-01 
 1156.000  8.161094e-01 
 1157.000  8.731269e-01 
 1158.000  8.731269e-01 
 1159.000  9.328624e-01 
 1160.000  9.328624e-01 
 1161.000  9.228466e-01 
 1162.000  9.228466e-01 
 1163.000  9.443735e-01 
 1164.000  9.443735e-01 
 1165.000  9.379716e-01 
 1166.000  9.379716e-01 
 1167.000  9.568009e-01 
 1168.000  9.568009e-01 
 1169.000  9.623331e-01 
 1170.000  9.623331e-01 
 1171.000  9.657899e-01 
 1172.000  9.657899e-01 
 1173.000  9.394554e-01 
 1174.000  9.394554e-01 
 1175.000  9.813746e-01 
 1176.000  9.813746e-01 
 1177.000  9.564193e-01 
 1178.000  9.564193e-01 
 1179.000  9.748231e-01 
 1180.000  9.748231e-01 
 1181.000  9.348245e-01 
 1182.000  9.348245e-01 
 1183.000  9.659376e-01 
 1184.000  9.659376e-01 
 1185.000  9.756091e-01 
 1186.000  9.756091e-01 
 1187.000  9.362546e-01 
 1188.000  9.362546e-01 
 1189.000  9.362546e-01 
 1190.000  9.653863e-01 
 1191.000  9.653863e-01 
 1192.000  9.834182e-01 
 1193.000  9.834182e-01 
 1194.000  9.709134e-01 
 1195.000  9.709134e-01 
 1196.000  9.778752e-01 
 1197.000  9.778752e-01 
 1198.000  9.658409e-01 
 1199.000  9.658409e-01 
 1200.000  9.630798e-01 
