  250.000  0.000000e+00 
  251.000  0.000000e+00 
  252.000  0.000000e+00 
  253.000  0.000000e+00 
  254.000  0.000000e+00 
  255.000  0.000000e+00 
  256.000  0.000000e+00 
  257.000  0.000000e+00 
  258.000  0.000000e+00 
  259.000  0.000000e+00 
  260.000  0.000000e+00 
  261.000  0.000000e+00 
  262.000  0.000000e+00 
  263.000  0.000000e+00 
  264.000  0.000000e+00 
  265.000  0.000000e+00 
  266.000  0.000000e+00 
  267.000  0.000000e+00 
  268.000  0.000000e+00 
  269.000  0.000000e+00 
  270.000  0.000000e+00 
  271.000  0.000000e+00 
  272.000  0.000000e+00 
  273.000  0.000000e+00 
  274.000  0.000000e+00 
  275.000  0.000000e+00 
  276.000  0.000000e+00 
  277.000  0.000000e+00 
  278.000  0.000000e+00 
  279.000  0.000000e+00 
  280.000  0.000000e+00 
  281.000  0.000000e+00 
  282.000  0.000000e+00 
  283.000  0.000000e+00 
  284.000  0.000000e+00 
  285.000  0.000000e+00 
  286.000  0.000000e+00 
  287.000  0.000000e+00 
  288.000  2.557803e-12 
  289.000  2.362440e-11 
  290.000  2.886044e-10 
  291.000  2.128379e-09 
  292.000  3.016732e-08 
  293.000  1.458446e-07 
  294.000  8.689361e-07 
  295.000  2.753191e-06 
  296.000  1.385609e-05 
  297.000  3.664889e-05 
  298.000  1.171017e-04 
  299.000  2.595148e-04 
  300.000  5.905876e-04 
  301.000  1.160696e-03 
  302.000  2.042643e-03 
  303.000  4.009070e-03 
  304.000  5.179353e-03 
  305.000  8.972934e-03 
  306.000  1.225340e-02 
  307.000  1.791064e-02 
  308.000  2.289430e-02 
  309.000  2.879850e-02 
  310.000  3.881149e-02 
  311.000  4.396400e-02 
  312.000  5.238329e-02 
  313.000  6.305955e-02 
  314.000  6.820650e-02 
  315.000  8.195534e-02 
  316.000  8.627350e-02 
  317.000  9.768188e-02 
  318.000  1.050113e-01 
  319.000  1.233473e-01 
  320.000  1.132227e-01 
  321.000  1.407268e-01 
  322.000  1.312490e-01 
  323.000  1.450255e-01 
  324.000  1.647291e-01 
  325.000  1.530182e-01 
  326.000  1.729710e-01 
  327.000  1.803356e-01 
  328.000  1.721094e-01 
  329.000  1.953503e-01 
  330.000  2.006705e-01 
  331.000  1.928088e-01 
  332.000  2.097966e-01 
  333.000  2.146758e-01 
  334.000  2.140540e-01 
  335.000  2.256864e-01 
  336.000  2.314374e-01 
  337.000  2.304009e-01 
  338.000  2.387637e-01 
  339.000  2.452101e-01 
  340.000  2.458837e-01 
  341.000  2.530055e-01 
  342.000  2.585462e-01 
  343.000  2.627286e-01 
  344.000  2.632720e-01 
  345.000  2.711679e-01 
  346.000  2.757547e-01 
  347.000  2.801518e-01 
  348.000  2.844369e-01 
  349.000  2.895657e-01 
  350.000  2.938296e-01 
  351.000  2.986656e-01 
  352.000  3.027927e-01 
  353.000  3.077504e-01 
  354.000  3.113183e-01 
  355.000  3.152362e-01 
  356.000  3.202246e-01 
  357.000  3.234887e-01 
  358.000  3.271609e-01 
  359.000  3.307955e-01 
  360.000  3.343507e-01 
  361.000  3.380684e-01 
  362.000  3.438002e-01 
  363.000  3.486892e-01 
  364.000  3.535798e-01 
  365.000  3.576865e-01 
  366.000  3.622812e-01 
  367.000  3.666189e-01 
  368.000  3.707694e-01 
  369.000  3.742761e-01 
  370.000  3.784578e-01 
  371.000  3.828948e-01 
  372.000  3.865605e-01 
  373.000  3.910947e-01 
  374.000  3.954273e-01 
  375.000  3.989509e-01 
  376.000  4.026077e-01 
  377.000  4.068160e-01 
  378.000  4.100940e-01 
  379.000  4.136502e-01 
  380.000  4.170592e-01 
  381.000  4.208006e-01 
  382.000  4.258018e-01 
  383.000  4.309203e-01 
  384.000  4.344127e-01 
  385.000  4.389181e-01 
  386.000  4.425353e-01 
  387.000  4.468026e-01 
  388.000  4.501666e-01 
  389.000  4.535993e-01 
  390.000  4.579056e-01 
  391.000  4.614534e-01 
  392.000  4.644188e-01 
  393.000  4.694427e-01 
  394.000  4.729014e-01 
  395.000  4.762583e-01 
  396.000  4.804987e-01 
  397.000  4.843821e-01 
  398.000  4.870494e-01 
  399.000  4.907797e-01 
  400.000  4.939336e-01 
  401.000  4.981541e-01 
  402.000  5.019681e-01 
  403.000  5.058845e-01 
  404.000  5.084758e-01 
  405.000  5.120904e-01 
  406.000  5.155569e-01 
  407.000  5.200459e-01 
  408.000  5.222300e-01 
  409.000  5.254233e-01 
  410.000  5.288259e-01 
  411.000  5.326033e-01 
  412.000  5.365426e-01 
  413.000  5.386441e-01 
  414.000  5.427045e-01 
  415.000  5.459026e-01 
  416.000  5.500507e-01 
  417.000  5.524842e-01 
  418.000  5.552411e-01 
  419.000  5.592060e-01 
  420.000  5.618543e-01 
  421.000  5.649696e-01 
  422.000  5.675207e-01 
  423.000  5.710531e-01 
  424.000  5.737528e-01 
  425.000  5.778555e-01 
  426.000  5.809133e-01 
  427.000  5.837076e-01 
  428.000  5.862456e-01 
  429.000  5.899871e-01 
  430.000  5.930536e-01 
  431.000  5.942299e-01 
  432.000  5.985951e-01 
  433.000  6.015936e-01 
  434.000  6.035299e-01 
  435.000  6.055387e-01 
  436.000  6.090950e-01 
  437.000  6.137309e-01 
  438.000  6.160910e-01 
  439.000  6.166267e-01 
  440.000  6.201197e-01 
  441.000  6.231501e-01 
  442.000  6.268086e-01 
  443.000  6.287599e-01 
  444.000  6.310626e-01 
  445.000  6.323114e-01 
  446.000  6.356757e-01 
  447.000  6.388014e-01 
  448.000  6.389074e-01 
  449.000  6.434605e-01 
  450.000  6.471554e-01 
  451.000  6.493726e-01 
  452.000  6.511937e-01 
  453.000  6.539640e-01 
  454.000  6.577510e-01 
  455.000  6.590286e-01 
  456.000  6.613291e-01 
  457.000  6.639864e-01 
  458.000  6.657299e-01 
  459.000  6.680854e-01 
  460.000  6.695515e-01 
  461.000  6.718839e-01 
  462.000  6.751499e-01 
  463.000  6.752740e-01 
  464.000  6.784920e-01 
  465.000  6.807087e-01 
  466.000  6.848184e-01 
  467.000  6.860012e-01 
  468.000  6.883571e-01 
  469.000  6.904749e-01 
  470.000  6.926993e-01 
  471.000  6.947271e-01 
  472.000  6.957098e-01 
  473.000  6.963449e-01 
  474.000  6.951465e-01 
  475.000  6.956162e-01 
  476.000  6.966746e-01 
  477.000  6.977254e-01 
  478.000  6.989618e-01 
  479.000  7.013101e-01 
  480.000  7.041900e-01 
  481.000  7.088693e-01 
  482.000  7.126836e-01 
  483.000  7.161953e-01 
  484.000  7.180341e-01 
  485.000  7.196479e-01 
  486.000  7.208516e-01 
  487.000  7.234411e-01 
  488.000  7.248076e-01 
  489.000  7.258707e-01 
  490.000  7.288731e-01 
  491.000  7.307474e-01 
  492.000  7.324501e-01 
  493.000  7.341490e-01 
  494.000  7.353094e-01 
  495.000  7.366163e-01 
  496.000  7.377594e-01 
  497.000  7.395488e-01 
  498.000  7.409040e-01 
  499.000  7.426197e-01 
  500.000  7.439138e-01 
  501.000  7.442502e-01 
  502.000  7.446334e-01 
  503.000  7.448521e-01 
  504.000  7.454424e-01 
  505.000  7.458869e-01 
  506.000  7.486382e-01 
  507.000  7.501663e-01 
  508.000  7.522653e-01 
  509.000  7.533258e-01 
  510.000  7.549680e-01 
  511.000  7.569003e-01 
  512.000  7.581098e-01 
  513.000  7.605135e-01 
  514.000  7.616754e-01 
  515.000  7.636564e-01 
  516.000  7.646290e-01 
  517.000  7.662993e-01 
  518.000  7.667181e-01 
  519.000  7.678125e-01 
  520.000  7.683902e-01 
  521.000  7.699230e-01 
  522.000  7.703915e-01 
  523.000  7.710555e-01 
  524.000  7.717971e-01 
  525.000  7.715799e-01 
  526.000  7.718580e-01 
  527.000  7.725112e-01 
  528.000  7.724649e-01 
  529.000  7.728681e-01 
  530.000  7.729334e-01 
  531.000  7.736900e-01 
  532.000  7.743813e-01 
  533.000  7.753452e-01 
  534.000  7.767547e-01 
  535.000  7.775598e-01 
  536.000  7.789735e-01 
  537.000  7.804330e-01 
  538.000  7.811559e-01 
  539.000  7.819714e-01 
  540.000  7.833239e-01 
  541.000  7.838687e-01 
  542.000  7.842765e-01 
  543.000  7.852072e-01 
  544.000  7.862520e-01 
  545.000  7.865304e-01 
  546.000  7.874188e-01 
  547.000  7.887787e-01 
  548.000  7.900828e-01 
  549.000  7.904890e-01 
  550.000  7.917772e-01 
  551.000  7.924722e-01 
  552.000  7.931594e-01 
  553.000  7.938312e-01 
  554.000  7.947012e-01 
  555.000  7.954866e-01 
  556.000  7.955508e-01 
  557.000  7.953232e-01 
  558.000  7.952015e-01 
  559.000  7.951329e-01 
  560.000  7.949370e-01 
  561.000  7.948037e-01 
  562.000  7.947907e-01 
  563.000  7.944506e-01 
  564.000  7.940831e-01 
  565.000  7.938015e-01 
  566.000  7.939324e-01 
  567.000  7.935395e-01 
  568.000  7.926664e-01 
  569.000  7.905284e-01 
  570.000  7.885712e-01 
  571.000  7.878835e-01 
  572.000  7.866193e-01 
  573.000  7.858220e-01 
  574.000  7.847527e-01 
  575.000  7.841894e-01 
  576.000  7.845731e-01 
  577.000  7.853175e-01 
  578.000  7.873906e-01 
  579.000  7.896180e-01 
  580.000  7.915885e-01 
  581.000  7.951129e-01 
  582.000  7.985810e-01 
  583.000  8.014670e-01 
  584.000  8.058249e-01 
  585.000  8.074837e-01 
  586.000  8.097175e-01 
  587.000  8.104835e-01 
  588.000  8.120992e-01 
  589.000  8.099014e-01 
  590.000  8.110164e-01 
  591.000  8.127382e-01 
  592.000  8.104793e-01 
  593.000  8.149740e-01 
  594.000  8.137643e-01 
  595.000  8.155559e-01 
  596.000  8.162392e-01 
  597.000  8.163145e-01 
  598.000  8.165115e-01 
  599.000  8.172962e-01 
  600.000  8.174071e-01 
  601.000  8.185059e-01 
  602.000  8.199987e-01 
  603.000  8.208591e-01 
  604.000  8.215637e-01 
  605.000  8.224400e-01 
  606.000  8.240846e-01 
  607.000  8.253686e-01 
  608.000  8.270975e-01 
  609.000  8.278094e-01 
  610.000  8.292315e-01 
  611.000  8.303486e-01 
  612.000  8.319314e-01 
  613.000  8.333470e-01 
  614.000  8.343436e-01 
  615.000  8.355100e-01 
  616.000  8.370570e-01 
  617.000  8.381584e-01 
  618.000  8.389032e-01 
  619.000  8.399680e-01 
  620.000  8.407564e-01 
  621.000  8.412847e-01 
  622.000  8.415192e-01 
  623.000  8.418300e-01 
  624.000  8.419235e-01 
  625.000  8.420378e-01 
  626.000  8.419242e-01 
  627.000  8.419426e-01 
  628.000  8.145449e-01 
  629.000  8.271596e-01 
  630.000  8.322966e-01 
  631.000  8.419102e-01 
  632.000  8.461189e-01 
  633.000  8.483151e-01 
  634.000  8.516596e-01 
  635.000  8.524995e-01 
  636.000  8.558689e-01 
  637.000  8.595963e-01 
  638.000  8.616509e-01 
  639.000  8.641188e-01 
  640.000  8.654397e-01 
  641.000  8.681042e-01 
  642.000  8.695372e-01 
  643.000  8.705235e-01 
  644.000  8.718635e-01 
  645.000  8.731931e-01 
  646.000  8.732096e-01 
  647.000  8.729157e-01 
  648.000  8.722315e-01 
  649.000  8.749484e-01 
  650.000  8.786918e-01 
  651.000  8.794496e-01 
  652.000  8.797750e-01 
  653.000  8.812427e-01 
  654.000  8.828703e-01 
  655.000  8.805515e-01 
  656.000  8.833821e-01 
  657.000  8.846843e-01 
  658.000  8.867638e-01 
  659.000  8.884182e-01 
  660.000  8.888030e-01 
  661.000  8.903185e-01 
  662.000  8.906477e-01 
  663.000  8.918610e-01 
  664.000  8.925318e-01 
  665.000  8.933976e-01 
  666.000  8.942503e-01 
  667.000  8.955398e-01 
  668.000  8.961670e-01 
  669.000  8.972818e-01 
  670.000  8.978372e-01 
  671.000  8.991811e-01 
  672.000  8.994776e-01 
  673.000  9.005826e-01 
  674.000  9.010304e-01 
  675.000  9.021861e-01 
  676.000  9.025618e-01 
  677.000  9.031516e-01 
  678.000  9.041741e-01 
  679.000  9.047071e-01 
  680.000  9.057977e-01 
  681.000  9.062922e-01 
  682.000  9.076004e-01 
  683.000  9.080271e-01 
  684.000  9.092458e-01 
  685.000  9.097137e-01 
  686.000  9.105560e-01 
  687.000  5.688444e-01 
  688.000  7.415779e-01 
  689.000  7.880570e-01 
  690.000  8.242090e-01 
  691.000  8.495483e-01 
  692.000  8.934678e-01 
  693.000  8.958167e-01 
  694.000  9.033338e-01 
  695.000  9.102060e-01 
  696.000  9.087886e-01 
  697.000  9.174007e-01 
  698.000  9.175771e-01 
  699.000  9.144533e-01 
  700.000  9.158009e-01 
  701.000  9.136689e-01 
  702.000  9.153268e-01 
  703.000  9.170614e-01 
  704.000  9.182028e-01 
  705.000  9.190333e-01 
  706.000  9.207741e-01 
  707.000  9.221271e-01 
  708.000  9.233341e-01 
  709.000  9.238580e-01 
  710.000  9.238333e-01 
  711.000  9.254371e-01 
  712.000  9.252546e-01 
  713.000  9.264864e-01 
  714.000  9.260182e-01 
  715.000  9.251697e-01 
  716.000  9.259236e-01 
  717.000  9.192581e-01 
  718.000  8.985780e-01 
  719.000  8.716881e-01 
  720.000  9.033979e-01 
  721.000  9.252638e-01 
  722.000  9.251001e-01 
  723.000  9.243740e-01 
  724.000  8.946662e-01 
  725.000  9.074286e-01 
  726.000  9.196686e-01 
  727.000  9.145914e-01 
  728.000  9.056643e-01 
  729.000  9.118673e-01 
  730.000  9.224568e-01 
  731.000  9.170064e-01 
  732.000  9.205422e-01 
  733.000  9.294272e-01 
  734.000  9.341668e-01 
  735.000  9.314754e-01 
  736.000  9.337425e-01 
  737.000  9.342334e-01 
  738.000  9.357652e-01 
  739.000  9.364237e-01 
  740.000  9.381508e-01 
  741.000  9.392120e-01 
  742.000  9.400482e-01 
  743.000  9.402605e-01 
  744.000  9.407636e-01 
  745.000  9.411551e-01 
  746.000  9.417540e-01 
  747.000  9.421850e-01 
  748.000  9.424290e-01 
  749.000  9.426728e-01 
  750.000  9.430522e-01 
  751.000  9.433089e-01 
  752.000  9.441674e-01 
  753.000  9.444137e-01 
  754.000  9.447485e-01 
  755.000  9.451021e-01 
  756.000  9.453381e-01 
  757.000  9.456516e-01 
  758.000  9.463190e-01 
  759.000  9.315993e-01 
  760.000  2.459176e-01 
  761.000  1.385217e-01 
  762.000  5.445166e-01 
  763.000  4.261138e-01 
  764.000  5.038299e-01 
  765.000  6.530378e-01 
  766.000  7.943528e-01 
  767.000  8.495088e-01 
  768.000  9.198974e-01 
  769.000  9.387489e-01 
  770.000  9.384029e-01 
  771.000  9.471241e-01 
  772.000  9.501104e-01 
  773.000  9.502768e-01 
  774.000  9.504192e-01 
  775.000  9.505498e-01 
  776.000  9.507922e-01 
  777.000  9.511433e-01 
  778.000  9.513527e-01 
  779.000  9.515670e-01 
  780.000  9.517460e-01 
  781.000  9.522178e-01 
  782.000  9.525940e-01 
  783.000  9.528356e-01 
  784.000  9.529669e-01 
  785.000  9.531019e-01 
  786.000  9.527624e-01 
  787.000  9.531022e-01 
  788.000  9.520207e-01 
  789.000  9.523939e-01 
  790.000  9.505097e-01 
  791.000  9.510542e-01 
  792.000  9.521957e-01 
  793.000  9.529434e-01 
  794.000  9.560440e-01 
  795.000  9.553877e-01 
  796.000  9.499760e-01 
  797.000  9.542648e-01 
  798.000  9.548704e-01 
  799.000  9.558402e-01 
  800.000  9.536456e-01 
  801.000  9.527215e-01 
  802.000  9.544353e-01 
  803.000  9.542419e-01 
  804.000  9.543147e-01 
  805.000  9.554957e-01 
  806.000  9.576360e-01 
  807.000  9.566073e-01 
  808.000  9.580423e-01 
  809.000  9.561101e-01 
  810.000  9.552795e-01 
  811.000  9.557511e-01 
  812.000  9.538494e-01 
  813.000  9.496471e-01 
  814.000  9.420298e-01 
  815.000  9.315407e-01 
  816.000  9.397665e-01 
  817.000  8.993510e-01 
  818.000  9.276793e-01 
  819.000  9.405152e-01 
  820.000  9.238670e-01 
  821.000  9.569184e-01 
  822.000  9.533935e-01 
  823.000  8.880051e-01 
  824.000  9.490594e-01 
  825.000  9.555485e-01 
  826.000  9.488736e-01 
  827.000  9.556293e-01 
  828.000  9.369583e-01 
  829.000  9.518166e-01 
  830.000  9.486536e-01 
  831.000  9.505090e-01 
  832.000  9.505122e-01 
  833.000  9.561002e-01 
  834.000  9.560083e-01 
  835.000  9.591929e-01 
  836.000  9.595658e-01 
  837.000  9.596592e-01 
  838.000  9.617476e-01 
  839.000  9.627950e-01 
  840.000  9.632488e-01 
  841.000  9.632488e-01 
  842.000  9.616328e-01 
  843.000  9.650285e-01 
  844.000  9.632145e-01 
  845.000  9.649163e-01 
  846.000  9.654920e-01 
  847.000  9.658358e-01 
  848.000  9.656729e-01 
  849.000  9.659986e-01 
  850.000  9.663359e-01 
  851.000  9.673927e-01 
  852.000  9.681955e-01 
  853.000  9.684785e-01 
  854.000  9.685508e-01 
  855.000  9.685508e-01 
  856.000  9.687797e-01 
  857.000  9.693705e-01 
  858.000  9.691424e-01 
  859.000  9.695449e-01 
  860.000  9.697682e-01 
  861.000  9.698439e-01 
  862.000  9.701119e-01 
  863.000  9.698024e-01 
  864.000  9.704984e-01 
  865.000  9.704984e-01 
  866.000  9.705065e-01 
  867.000  9.706932e-01 
  868.000  9.707252e-01 
  869.000  9.708309e-01 
  870.000  9.711196e-01 
  871.000  9.711970e-01 
  872.000  9.714559e-01 
  873.000  9.715734e-01 
  874.000  9.715734e-01 
  875.000  9.718534e-01 
  876.000  9.719583e-01 
  877.000  9.720930e-01 
  878.000  9.722134e-01 
  879.000  9.722651e-01 
  880.000  9.725445e-01 
  881.000  9.725445e-01 
  882.000  9.725199e-01 
  883.000  9.726367e-01 
  884.000  9.728202e-01 
  885.000  9.730123e-01 
  886.000  9.719985e-01 
  887.000  9.732158e-01 
  888.000  9.732158e-01 
  889.000  9.729685e-01 
  890.000  9.725401e-01 
  891.000  9.735343e-01 
  892.000  9.726608e-01 
  893.000  9.701066e-01 
  894.000  9.701066e-01 
  895.000  9.634778e-01 
  896.000  9.575022e-01 
  897.000  9.249428e-01 
  898.000  9.565421e-01 
  899.000  8.889577e-01 
  900.000  8.889577e-01 
  901.000  9.030724e-01 
  902.000  9.197771e-01 
  903.000  9.342079e-01 
  904.000  9.668741e-01 
  905.000  9.630800e-01 
  906.000  9.630800e-01 
  907.000  9.308282e-01 
  908.000  9.176528e-01 
  909.000  9.258780e-01 
  910.000  9.195006e-01 
  911.000  9.195006e-01 
  912.000  9.540232e-01 
  913.000  9.375367e-01 
  914.000  9.250256e-01 
  915.000  9.046290e-01 
  916.000  9.046290e-01 
  917.000  9.534780e-01 
  918.000  9.146149e-01 
  919.000  9.441444e-01 
  920.000  9.676724e-01 
  921.000  9.676724e-01 
  922.000  9.622478e-01 
  923.000  9.619403e-01 
  924.000  9.568315e-01 
  925.000  9.568315e-01 
  926.000  9.595926e-01 
  927.000  9.617864e-01 
  928.000  9.281043e-01 
  929.000  9.213305e-01 
  930.000  9.213305e-01 
  931.000  8.515936e-01 
  932.000  7.079837e-01 
  933.000  7.509992e-01 
  934.000  7.509992e-01 
  935.000  6.905428e-01 
  936.000  6.698968e-01 
  937.000  6.797414e-01 
  938.000  6.797414e-01 
  939.000  7.675821e-01 
  940.000  8.693887e-01 
  941.000  8.412422e-01 
  942.000  8.412422e-01 
  943.000  7.551064e-01 
  944.000  7.527018e-01 
  945.000  8.471469e-01 
  946.000  8.471469e-01 
  947.000  7.767386e-01 
  948.000  8.038253e-01 
  949.000  8.341253e-01 
  950.000  8.341253e-01 
  951.000  8.401397e-01 
  952.000  7.663587e-01 
  953.000  8.715602e-01 
  954.000  8.715602e-01 
  955.000  8.660165e-01 
  956.000  7.800657e-01 
  957.000  8.919182e-01 
  958.000  8.919182e-01 
  959.000  8.496231e-01 
  960.000  8.897564e-01 
  961.000  8.897564e-01 
  962.000  8.946139e-01 
  963.000  9.267682e-01 
  964.000  8.818768e-01 
  965.000  8.818768e-01 
  966.000  9.102618e-01 
  967.000  9.455740e-01 
  968.000  9.455740e-01 
  969.000  9.525374e-01 
  970.000  9.654534e-01 
  971.000  9.693463e-01 
  972.000  9.693463e-01 
  973.000  9.647898e-01 
  974.000  9.388330e-01 
  975.000  9.388330e-01 
  976.000  9.298107e-01 
  977.000  9.579603e-01 
  978.000  9.542537e-01 
  979.000  9.542537e-01 
  980.000  9.548678e-01 
  981.000  9.749072e-01 
  982.000  9.749072e-01 
  983.000  9.690447e-01 
  984.000  9.744523e-01 
  985.000  9.744523e-01 
  986.000  9.803901e-01 
  987.000  9.782507e-01 
  988.000  9.782507e-01 
  989.000  9.817274e-01 
  990.000  9.804856e-01 
  991.000  9.804856e-01 
  992.000  9.814598e-01 
  993.000  9.813516e-01 
  994.000  9.813516e-01 
  995.000  9.828799e-01 
  996.000  9.829460e-01 
  997.000  9.829460e-01 
  998.000  9.830647e-01 
  999.000  9.830577e-01 
 1000.000  9.830577e-01 
 1001.000  9.832309e-01 
 1002.000  9.813876e-01 
 1003.000  9.813876e-01 
 1004.000  9.833811e-01 
 1005.000  9.835261e-01 
 1006.000  9.835261e-01 
 1007.000  9.836682e-01 
 1008.000  9.834092e-01 
 1009.000  9.834092e-01 
 1010.000  9.820678e-01 
 1011.000  9.839169e-01 
 1012.000  9.839169e-01 
 1013.000  9.840955e-01 
 1014.000  9.841501e-01 
 1015.000  9.841501e-01 
 1016.000  9.842995e-01 
 1017.000  9.843206e-01 
 1018.000  9.843206e-01 
 1019.000  9.842820e-01 
 1020.000  9.846090e-01 
 1021.000  9.846090e-01 
 1022.000  9.844770e-01 
 1023.000  9.844770e-01 
 1024.000  9.844602e-01 
 1025.000  9.848351e-01 
 1026.000  9.848351e-01 
 1027.000  9.847441e-01 
 1028.000  9.849285e-01 
 1029.000  9.849285e-01 
 1030.000  9.850039e-01 
 1031.000  9.849663e-01 
 1032.000  9.849663e-01 
 1033.000  9.849151e-01 
 1034.000  9.849151e-01 
 1035.000  9.848405e-01 
 1036.000  9.842061e-01 
 1037.000  9.842061e-01 
 1038.000  9.841569e-01 
 1039.000  9.835372e-01 
 1040.000  9.835372e-01 
 1041.000  9.830146e-01 
 1042.000  9.830146e-01 
 1043.000  9.824060e-01 
 1044.000  9.814558e-01 
 1045.000  9.814558e-01 
 1046.000  9.801338e-01 
 1047.000  9.801338e-01 
 1048.000  9.788046e-01 
 1049.000  9.760872e-01 
 1050.000  9.760872e-01 
 1051.000  9.749300e-01 
 1052.000  9.749300e-01 
 1053.000  9.731007e-01 
 1054.000  9.715472e-01 
 1055.000  9.715472e-01 
 1056.000  9.697153e-01 
 1057.000  9.697153e-01 
 1058.000  9.681084e-01 
 1059.000  9.665054e-01 
 1060.000  9.665054e-01 
 1061.000  9.655017e-01 
 1062.000  9.655017e-01 
 1063.000  9.637774e-01 
 1064.000  9.630285e-01 
 1065.000  9.630285e-01 
 1066.000  9.643914e-01 
 1067.000  9.643914e-01 
 1068.000  9.634497e-01 
 1069.000  9.658360e-01 
 1070.000  9.658360e-01 
 1071.000  9.677349e-01 
 1072.000  9.677349e-01 
 1073.000  9.694753e-01 
 1074.000  9.694753e-01 
 1075.000  9.702758e-01 
 1076.000  9.719014e-01 
 1077.000  9.719014e-01 
 1078.000  9.751877e-01 
 1079.000  9.751877e-01 
 1080.000  9.754919e-01 
 1081.000  9.754919e-01 
 1082.000  9.782319e-01 
 1083.000  9.786604e-01 
 1084.000  9.786604e-01 
 1085.000  9.774762e-01 
 1086.000  9.774762e-01 
 1087.000  9.817570e-01 
 1088.000  9.817570e-01 
 1089.000  9.816331e-01 
 1090.000  9.814618e-01 
 1091.000  9.814618e-01 
 1092.000  9.799945e-01 
 1093.000  9.799945e-01 
 1094.000  9.800661e-01 
 1095.000  9.800661e-01 
 1096.000  9.791439e-01 
 1097.000  9.791439e-01 
 1098.000  9.765101e-01 
 1099.000  9.650600e-01 
 1100.000  9.650600e-01 
 1101.000  9.654357e-01 
 1102.000  9.654357e-01 
 1103.000  9.610068e-01 
 1104.000  9.610068e-01 
 1105.000  9.575737e-01 
 1106.000  9.575737e-01 
 1107.000  9.568695e-01 
 1108.000  9.568695e-01 
 1109.000  9.477115e-01 
 1110.000  9.276434e-01 
 1111.000  9.276434e-01 
 1112.000  9.203207e-01 
 1113.000  9.203207e-01 
 1114.000  8.476645e-01 
 1115.000  8.476645e-01 
 1116.000  7.253373e-01 
 1117.000  7.253373e-01 
 1118.000  7.811543e-01 
 1119.000  7.811543e-01 
 1120.000  7.422146e-01 
 1121.000  7.422146e-01 
 1122.000  5.978035e-01 
 1123.000  7.667848e-01 
 1124.000  7.667848e-01 
 1125.000  6.328796e-01 
 1126.000  6.328796e-01 
 1127.000  6.952526e-01 
 1128.000  6.952526e-01 
 1129.000  6.968855e-01 
 1130.000  6.968855e-01 
 1131.000  8.778178e-01 
 1132.000  8.778178e-01 
 1133.000  7.050624e-01 
 1134.000  7.050624e-01 
 1135.000  4.849165e-01 
 1136.000  4.849165e-01 
 1137.000  8.852656e-01 
 1138.000  8.852656e-01 
 1139.000  8.270218e-01 
 1140.000  8.270218e-01 
 1141.000  8.251476e-01 
 1142.000  8.251476e-01 
 1143.000  8.711345e-01 
 1144.000  8.711345e-01 
 1145.000  7.116868e-01 
 1146.000  7.116868e-01 
 1147.000  7.149189e-01 
 1148.000  7.149189e-01 
 1149.000  7.783496e-01 
 1150.000  7.783496e-01 
 1151.000  8.334064e-01 
 1152.000  8.334064e-01 
 1153.000  7.962704e-01 
 1154.000  7.962704e-01 
 1155.000  8.324334e-01 
 1156.000  8.324334e-01 
 1157.000  8.862907e-01 
 1158.000  8.862907e-01 
 1159.000  9.396119e-01 
 1160.000  9.396119e-01 
 1161.000  9.296442e-01 
 1162.000  9.296442e-01 
 1163.000  9.466692e-01 
 1164.000  9.466692e-01 
 1165.000  9.424467e-01 
 1166.000  9.424467e-01 
 1167.000  9.587342e-01 
 1168.000  9.587342e-01 
 1169.000  9.630713e-01 
 1170.000  9.630713e-01 
 1171.000  9.665065e-01 
 1172.000  9.665065e-01 
 1173.000  9.449965e-01 
 1174.000  9.449965e-01 
 1175.000  9.801238e-01 
 1176.000  9.801238e-01 
 1177.000  9.598265e-01 
 1178.000  9.598265e-01 
 1179.000  9.751482e-01 
 1180.000  9.751482e-01 
 1181.000  9.419878e-01 
 1182.000  9.419878e-01 
 1183.000  9.682391e-01 
 1184.000  9.682391e-01 
 1185.000  9.762742e-01 
 1186.000  9.762742e-01 
 1187.000  9.422638e-01 
 1188.000  9.422638e-01 
 1189.000  9.422638e-01 
 1190.000  9.678507e-01 
 1191.000  9.678507e-01 
 1192.000  9.826313e-01 
 1193.000  9.826313e-01 
 1194.000  9.726121e-01 
 1195.000  9.726121e-01 
 1196.000  9.786127e-01 
 1197.000  9.786127e-01 
 1198.000  9.686853e-01 
 1199.000  9.686853e-01 
 1200.000  9.662486e-01 
