  250.000  0.000000e+00 
  251.000  0.000000e+00 
  252.000  0.000000e+00 
  253.000  0.000000e+00 
  254.000  0.000000e+00 
  255.000  0.000000e+00 
  256.000  0.000000e+00 
  257.000  0.000000e+00 
  258.000  0.000000e+00 
  259.000  0.000000e+00 
  260.000  0.000000e+00 
  261.000  0.000000e+00 
  262.000  0.000000e+00 
  263.000  0.000000e+00 
  264.000  0.000000e+00 
  265.000  0.000000e+00 
  266.000  0.000000e+00 
  267.000  0.000000e+00 
  268.000  0.000000e+00 
  269.000  0.000000e+00 
  270.000  0.000000e+00 
  271.000  0.000000e+00 
  272.000  0.000000e+00 
  273.000  0.000000e+00 
  274.000  0.000000e+00 
  275.000  0.000000e+00 
  276.000  0.000000e+00 
  277.000  0.000000e+00 
  278.000  0.000000e+00 
  279.000  0.000000e+00 
  280.000  0.000000e+00 
  281.000  0.000000e+00 
  282.000  0.000000e+00 
  283.000  0.000000e+00 
  284.000  0.000000e+00 
  285.000  0.000000e+00 
  286.000  0.000000e+00 
  287.000  0.000000e+00 
  288.000  0.000000e+00 
  289.000  5.204567e-12 
  290.000  7.701713e-11 
  291.000  6.611180e-10 
  292.000  1.148690e-08 
  293.000  6.252495e-08 
  294.000  4.264407e-07 
  295.000  1.472594e-06 
  296.000  8.372472e-06 
  297.000  2.379606e-05 
  298.000  8.287583e-05 
  299.000  1.944919e-04 
  300.000  4.700550e-04 
  301.000  9.698100e-04 
  302.000  1.775070e-03 
  303.000  3.657528e-03 
  304.000  4.799323e-03 
  305.000  8.643953e-03 
  306.000  1.203529e-02 
  307.000  1.804682e-02 
  308.000  2.341521e-02 
  309.000  2.986217e-02 
  310.000  4.102561e-02 
  311.000  4.673067e-02 
  312.000  5.625024e-02 
  313.000  6.842639e-02 
  314.000  7.415894e-02 
  315.000  9.004232e-02 
  316.000  9.483557e-02 
  317.000  1.079996e-01 
  318.000  1.163070e-01 
  319.000  1.378912e-01 
  320.000  1.252308e-01 
  321.000  1.578227e-01 
  322.000  1.458238e-01 
  323.000  1.618835e-01 
  324.000  1.850380e-01 
  325.000  1.703464e-01 
  326.000  1.938227e-01 
  327.000  2.021088e-01 
  328.000  1.914900e-01 
  329.000  2.188643e-01 
  330.000  2.246306e-01 
  331.000  2.144976e-01 
  332.000  2.342644e-01 
  333.000  2.394804e-01 
  334.000  2.380054e-01 
  335.000  2.512881e-01 
  336.000  2.574578e-01 
  337.000  2.554966e-01 
  338.000  2.647684e-01 
  339.000  2.717833e-01 
  340.000  2.719583e-01 
  341.000  2.797523e-01 
  342.000  2.856219e-01 
  343.000  2.898363e-01 
  344.000  2.898676e-01 
  345.000  2.984562e-01 
  346.000  3.032327e-01 
  347.000  3.076499e-01 
  348.000  3.120643e-01 
  349.000  3.173518e-01 
  350.000  3.216823e-01 
  351.000  3.266332e-01 
  352.000  3.308103e-01 
  353.000  3.358225e-01 
  354.000  3.394260e-01 
  355.000  3.433793e-01 
  356.000  3.484076e-01 
  357.000  3.516947e-01 
  358.000  3.553898e-01 
  359.000  3.590441e-01 
  360.000  3.626156e-01 
  361.000  3.663474e-01 
  362.000  3.720949e-01 
  363.000  3.769918e-01 
  364.000  3.818852e-01 
  365.000  3.859903e-01 
  366.000  3.905792e-01 
  367.000  3.949073e-01 
  368.000  3.990453e-01 
  369.000  4.025385e-01 
  370.000  4.067011e-01 
  371.000  4.111142e-01 
  372.000  4.147573e-01 
  373.000  4.192599e-01 
  374.000  4.235586e-01 
  375.000  4.270522e-01 
  376.000  4.306754e-01 
  377.000  4.348420e-01 
  378.000  4.380853e-01 
  379.000  4.416017e-01 
  380.000  4.449705e-01 
  381.000  4.486653e-01 
  382.000  4.536005e-01 
  383.000  4.586470e-01 
  384.000  4.620878e-01 
  385.000  4.665236e-01 
  386.000  4.700823e-01 
  387.000  4.742780e-01 
  388.000  4.775834e-01 
  389.000  4.809545e-01 
  390.000  4.851808e-01 
  391.000  4.886605e-01 
  392.000  4.915674e-01 
  393.000  4.964892e-01 
  394.000  4.998752e-01 
  395.000  5.031599e-01 
  396.000  5.073067e-01 
  397.000  5.111012e-01 
  398.000  5.137072e-01 
  399.000  5.173489e-01 
  400.000  5.204268e-01 
  401.000  5.245432e-01 
  402.000  5.282607e-01 
  403.000  5.320757e-01 
  404.000  5.345989e-01 
  405.000  5.381164e-01 
  406.000  5.414826e-01 
  407.000  5.458389e-01 
  408.000  5.479553e-01 
  409.000  5.510496e-01 
  410.000  5.543466e-01 
  411.000  5.580106e-01 
  412.000  5.618306e-01 
  413.000  5.638673e-01 
  414.000  5.678014e-01 
  415.000  5.708977e-01 
  416.000  5.749115e-01 
  417.000  5.772644e-01 
  418.000  5.799292e-01 
  419.000  5.837598e-01 
  420.000  5.863171e-01 
  421.000  5.893200e-01 
  422.000  5.917779e-01 
  423.000  5.951810e-01 
  424.000  5.977788e-01 
  425.000  6.017290e-01 
  426.000  6.046758e-01 
  427.000  6.073679e-01 
  428.000  6.098120e-01 
  429.000  6.134140e-01 
  430.000  6.163645e-01 
  431.000  6.174924e-01 
  432.000  6.216859e-01 
  433.000  6.245633e-01 
  434.000  6.264201e-01 
  435.000  6.283439e-01 
  436.000  6.317511e-01 
  437.000  6.361892e-01 
  438.000  6.384459e-01 
  439.000  6.389483e-01 
  440.000  6.422887e-01 
  441.000  6.451896e-01 
  442.000  6.486791e-01 
  443.000  6.505283e-01 
  444.000  6.527478e-01 
  445.000  6.539003e-01 
  446.000  6.571071e-01 
  447.000  6.601386e-01 
  448.000  6.602335e-01 
  449.000  6.645831e-01 
  450.000  6.681089e-01 
  451.000  6.702175e-01 
  452.000  6.719487e-01 
  453.000  6.745795e-01 
  454.000  6.781818e-01 
  455.000  6.793920e-01 
  456.000  6.815464e-01 
  457.000  6.840416e-01 
  458.000  6.856450e-01 
  459.000  6.878606e-01 
  460.000  6.892153e-01 
  461.000  6.914350e-01 
  462.000  6.945430e-01 
  463.000  6.946576e-01 
  464.000  6.977189e-01 
  465.000  6.998271e-01 
  466.000  7.037191e-01 
  467.000  7.048365e-01 
  468.000  7.070670e-01 
  469.000  7.090434e-01 
  470.000  7.111332e-01 
  471.000  7.130712e-01 
  472.000  7.139790e-01 
  473.000  7.145584e-01 
  474.000  7.133980e-01 
  475.000  7.137960e-01 
  476.000  7.147369e-01 
  477.000  7.156745e-01 
  478.000  7.168019e-01 
  479.000  7.189690e-01 
  480.000  7.216271e-01 
  481.000  7.260153e-01 
  482.000  7.295871e-01 
  483.000  7.328684e-01 
  484.000  7.345697e-01 
  485.000  7.360447e-01 
  486.000  7.371857e-01 
  487.000  7.396629e-01 
  488.000  7.409615e-01 
  489.000  7.419712e-01 
  490.000  7.448148e-01 
  491.000  7.465693e-01 
  492.000  7.481526e-01 
  493.000  7.497289e-01 
  494.000  7.507991e-01 
  495.000  7.520131e-01 
  496.000  7.529984e-01 
  497.000  7.545847e-01 
  498.000  7.557725e-01 
  499.000  7.572722e-01 
  500.000  7.583826e-01 
  501.000  7.585897e-01 
  502.000  7.586873e-01 
  503.000  7.586345e-01 
  504.000  7.588747e-01 
  505.000  7.594785e-01 
  506.000  7.619413e-01 
  507.000  7.633231e-01 
  508.000  7.654426e-01 
  509.000  7.665552e-01 
  510.000  7.682055e-01 
  511.000  7.700077e-01 
  512.000  7.711457e-01 
  513.000  7.734316e-01 
  514.000  7.745128e-01 
  515.000  7.763792e-01 
  516.000  7.772359e-01 
  517.000  7.787318e-01 
  518.000  7.790875e-01 
  519.000  7.800416e-01 
  520.000  7.805424e-01 
  521.000  7.818505e-01 
  522.000  7.822260e-01 
  523.000  7.827621e-01 
  524.000  7.833344e-01 
  525.000  7.830286e-01 
  526.000  7.831335e-01 
  527.000  7.835533e-01 
  528.000  7.833635e-01 
  529.000  7.835571e-01 
  530.000  7.835153e-01 
  531.000  7.841430e-01 
  532.000  7.847267e-01 
  533.000  7.855853e-01 
  534.000  7.868227e-01 
  535.000  7.875386e-01 
  536.000  7.888042e-01 
  537.000  7.901083e-01 
  538.000  7.907580e-01 
  539.000  7.914441e-01 
  540.000  7.926482e-01 
  541.000  7.928847e-01 
  542.000  7.932940e-01 
  543.000  7.942098e-01 
  544.000  7.951265e-01 
  545.000  7.952099e-01 
  546.000  7.958998e-01 
  547.000  7.972547e-01 
  548.000  7.985248e-01 
  549.000  7.988973e-01 
  550.000  8.000112e-01 
  551.000  8.006942e-01 
  552.000  8.012622e-01 
  553.000  8.018247e-01 
  554.000  8.025715e-01 
  555.000  8.032236e-01 
  556.000  8.031300e-01 
  557.000  8.027393e-01 
  558.000  8.024678e-01 
  559.000  8.021727e-01 
  560.000  8.018109e-01 
  561.000  8.015365e-01 
  562.000  8.013965e-01 
  563.000  8.009326e-01 
  564.000  8.004432e-01 
  565.000  8.000485e-01 
  566.000  8.000382e-01 
  567.000  7.995313e-01 
  568.000  7.986005e-01 
  569.000  7.960320e-01 
  570.000  7.940710e-01 
  571.000  7.937079e-01 
  572.000  7.922415e-01 
  573.000  7.917274e-01 
  574.000  7.905811e-01 
  575.000  7.902160e-01 
  576.000  7.905609e-01 
  577.000  7.912888e-01 
  578.000  7.934673e-01 
  579.000  7.956238e-01 
  580.000  7.975388e-01 
  581.000  8.009019e-01 
  582.000  8.041743e-01 
  583.000  8.069331e-01 
  584.000  8.110539e-01 
  585.000  8.125827e-01 
  586.000  8.146496e-01 
  587.000  8.152947e-01 
  588.000  8.165025e-01 
  589.000  8.123991e-01 
  590.000  8.133755e-01 
  591.000  8.156031e-01 
  592.000  8.119524e-01 
  593.000  8.184760e-01 
  594.000  8.160680e-01 
  595.000  8.184060e-01 
  596.000  8.193082e-01 
  597.000  8.193256e-01 
  598.000  8.194916e-01 
  599.000  8.205544e-01 
  600.000  8.206448e-01 
  601.000  8.219112e-01 
  602.000  8.233824e-01 
  603.000  8.242013e-01 
  604.000  8.249282e-01 
  605.000  8.257568e-01 
  606.000  8.274136e-01 
  607.000  8.287202e-01 
  608.000  8.304632e-01 
  609.000  8.311803e-01 
  610.000  8.326136e-01 
  611.000  8.337442e-01 
  612.000  8.353682e-01 
  613.000  8.367910e-01 
  614.000  8.378015e-01 
  615.000  8.389828e-01 
  616.000  8.405861e-01 
  617.000  8.417339e-01 
  618.000  8.425086e-01 
  619.000  8.436291e-01 
  620.000  8.445122e-01 
  621.000  8.451245e-01 
  622.000  8.453969e-01 
  623.000  8.458510e-01 
  624.000  8.460106e-01 
  625.000  8.462094e-01 
  626.000  8.461860e-01 
  627.000  8.462134e-01 
  628.000  8.200957e-01 
  629.000  8.320858e-01 
  630.000  8.374521e-01 
  631.000  8.465275e-01 
  632.000  8.503293e-01 
  633.000  8.525485e-01 
  634.000  8.558080e-01 
  635.000  8.566647e-01 
  636.000  8.599245e-01 
  637.000  8.635722e-01 
  638.000  8.657205e-01 
  639.000  8.681163e-01 
  640.000  8.694467e-01 
  641.000  8.719862e-01 
  642.000  8.734573e-01 
  643.000  8.743331e-01 
  644.000  8.756887e-01 
  645.000  8.769163e-01 
  646.000  8.764314e-01 
  647.000  8.753674e-01 
  648.000  8.739385e-01 
  649.000  8.771518e-01 
  650.000  8.821449e-01 
  651.000  8.830436e-01 
  652.000  8.829406e-01 
  653.000  8.848038e-01 
  654.000  8.863496e-01 
  655.000  8.825412e-01 
  656.000  8.863521e-01 
  657.000  8.878734e-01 
  658.000  8.903884e-01 
  659.000  8.922631e-01 
  660.000  8.925884e-01 
  661.000  8.941875e-01 
  662.000  8.945099e-01 
  663.000  8.956379e-01 
  664.000  8.963845e-01 
  665.000  8.972591e-01 
  666.000  8.981357e-01 
  667.000  8.994468e-01 
  668.000  9.000828e-01 
  669.000  9.011971e-01 
  670.000  9.017709e-01 
  671.000  9.031088e-01 
  672.000  9.034013e-01 
  673.000  9.045057e-01 
  674.000  9.049451e-01 
  675.000  9.060969e-01 
  676.000  9.064646e-01 
  677.000  9.070579e-01 
  678.000  9.080687e-01 
  679.000  9.086013e-01 
  680.000  9.096786e-01 
  681.000  9.101540e-01 
  682.000  9.114888e-01 
  683.000  9.118354e-01 
  684.000  9.130684e-01 
  685.000  9.136105e-01 
  686.000  9.144248e-01 
  687.000  5.828974e-01 
  688.000  7.546731e-01 
  689.000  7.987413e-01 
  690.000  8.335499e-01 
  691.000  8.569189e-01 
  692.000  8.980789e-01 
  693.000  8.978891e-01 
  694.000  9.003480e-01 
  695.000  9.105033e-01 
  696.000  9.080979e-01 
  697.000  9.207333e-01 
  698.000  9.207461e-01 
  699.000  9.158950e-01 
  700.000  9.173164e-01 
  701.000  9.137930e-01 
  702.000  9.160764e-01 
  703.000  9.182845e-01 
  704.000  9.198031e-01 
  705.000  9.207075e-01 
  706.000  9.230473e-01 
  707.000  9.248938e-01 
  708.000  9.264128e-01 
  709.000  9.269091e-01 
  710.000  9.266875e-01 
  711.000  9.286645e-01 
  712.000  9.281754e-01 
  713.000  9.297487e-01 
  714.000  9.289499e-01 
  715.000  9.271702e-01 
  716.000  9.280107e-01 
  717.000  9.176368e-01 
  718.000  8.865489e-01 
  719.000  8.504527e-01 
  720.000  8.929539e-01 
  721.000  9.255227e-01 
  722.000  9.250473e-01 
  723.000  9.237447e-01 
  724.000  8.804939e-01 
  725.000  8.976182e-01 
  726.000  9.157314e-01 
  727.000  9.080410e-01 
  728.000  8.943590e-01 
  729.000  9.032159e-01 
  730.000  9.190909e-01 
  731.000  9.106537e-01 
  732.000  9.158512e-01 
  733.000  9.290566e-01 
  734.000  9.360181e-01 
  735.000  9.317172e-01 
  736.000  9.350542e-01 
  737.000  9.354814e-01 
  738.000  9.376376e-01 
  739.000  9.384591e-01 
  740.000  9.409956e-01 
  741.000  9.424697e-01 
  742.000  9.432679e-01 
  743.000  9.434271e-01 
  744.000  9.440344e-01 
  745.000  9.444751e-01 
  746.000  9.451070e-01 
  747.000  9.454995e-01 
  748.000  9.457561e-01 
  749.000  9.459863e-01 
  750.000  9.463614e-01 
  751.000  9.465987e-01 
  752.000  9.474692e-01 
  753.000  9.477137e-01 
  754.000  9.480333e-01 
  755.000  9.483686e-01 
  756.000  9.485890e-01 
  757.000  9.489265e-01 
  758.000  9.495717e-01 
  759.000  9.358220e-01 
  760.000  2.623972e-01 
  761.000  1.550356e-01 
  762.000  5.597129e-01 
  763.000  4.440013e-01 
  764.000  5.204400e-01 
  765.000  6.665679e-01 
  766.000  8.047675e-01 
  767.000  8.584841e-01 
  768.000  9.248291e-01 
  769.000  9.426041e-01 
  770.000  9.422464e-01 
  771.000  9.503893e-01 
  772.000  9.531530e-01 
  773.000  9.533042e-01 
  774.000  9.534246e-01 
  775.000  9.535504e-01 
  776.000  9.537753e-01 
  777.000  9.540988e-01 
  778.000  9.542915e-01 
  779.000  9.544883e-01 
  780.000  9.546527e-01 
  781.000  9.551092e-01 
  782.000  9.554589e-01 
  783.000  9.557050e-01 
  784.000  9.557699e-01 
  785.000  9.558331e-01 
  786.000  9.551767e-01 
  787.000  9.554583e-01 
  788.000  9.537437e-01 
  789.000  9.540695e-01 
  790.000  9.510839e-01 
  791.000  9.516961e-01 
  792.000  9.532781e-01 
  793.000  9.543093e-01 
  794.000  9.586833e-01 
  795.000  9.575374e-01 
  796.000  9.491048e-01 
  797.000  9.555411e-01 
  798.000  9.563327e-01 
  799.000  9.577524e-01 
  800.000  9.542696e-01 
  801.000  9.526982e-01 
  802.000  9.552453e-01 
  803.000  9.548632e-01 
  804.000  9.548368e-01 
  805.000  9.565528e-01 
  806.000  9.597883e-01 
  807.000  9.580522e-01 
  808.000  9.601483e-01 
  809.000  9.571529e-01 
  810.000  9.557475e-01 
  811.000  9.564070e-01 
  812.000  9.533004e-01 
  813.000  9.467974e-01 
  814.000  9.351631e-01 
  815.000  9.197052e-01 
  816.000  9.316950e-01 
  817.000  8.740023e-01 
  818.000  9.143773e-01 
  819.000  9.323364e-01 
  820.000  9.089759e-01 
  821.000  9.568908e-01 
  822.000  9.514657e-01 
  823.000  8.573234e-01 
  824.000  9.444952e-01 
  825.000  9.544082e-01 
  826.000  9.440482e-01 
  827.000  9.542573e-01 
  828.000  9.261104e-01 
  829.000  9.482691e-01 
  830.000  9.433396e-01 
  831.000  9.460171e-01 
  832.000  9.459245e-01 
  833.000  9.542459e-01 
  834.000  9.540920e-01 
  835.000  9.587833e-01 
  836.000  9.593158e-01 
  837.000  9.592971e-01 
  838.000  9.623915e-01 
  839.000  9.639366e-01 
  840.000  9.644946e-01 
  841.000  9.644946e-01 
  842.000  9.619501e-01 
  843.000  9.670319e-01 
  844.000  9.641731e-01 
  845.000  9.666845e-01 
  846.000  9.674494e-01 
  847.000  9.679421e-01 
  848.000  9.675285e-01 
  849.000  9.679325e-01 
  850.000  9.681816e-01 
  851.000  9.690338e-01 
  852.000  9.702123e-01 
  853.000  9.705493e-01 
  854.000  9.705170e-01 
  855.000  9.705170e-01 
  856.000  9.708136e-01 
  857.000  9.715531e-01 
  858.000  9.711434e-01 
  859.000  9.716314e-01 
  860.000  9.719616e-01 
  861.000  9.719734e-01 
  862.000  9.722725e-01 
  863.000  9.720069e-01 
  864.000  9.726467e-01 
  865.000  9.726467e-01 
  866.000  9.726608e-01 
  867.000  9.728342e-01 
  868.000  9.728639e-01 
  869.000  9.729618e-01 
  870.000  9.732111e-01 
  871.000  9.733011e-01 
  872.000  9.735371e-01 
  873.000  9.736264e-01 
  874.000  9.736264e-01 
  875.000  9.739091e-01 
  876.000  9.740072e-01 
  877.000  9.741127e-01 
  878.000  9.742056e-01 
  879.000  9.742475e-01 
  880.000  9.745350e-01 
  881.000  9.745350e-01 
  882.000  9.743900e-01 
  883.000  9.745312e-01 
  884.000  9.747057e-01 
  885.000  9.749003e-01 
  886.000  9.732703e-01 
  887.000  9.750203e-01 
  888.000  9.750203e-01 
  889.000  9.746354e-01 
  890.000  9.738439e-01 
  891.000  9.752953e-01 
  892.000  9.738581e-01 
  893.000  9.698473e-01 
  894.000  9.698473e-01 
  895.000  9.597878e-01 
  896.000  9.506692e-01 
  897.000  9.037941e-01 
  898.000  9.489608e-01 
  899.000  8.557962e-01 
  900.000  8.557962e-01 
  901.000  8.759484e-01 
  902.000  8.975374e-01 
  903.000  9.180146e-01 
  904.000  9.642088e-01 
  905.000  9.585064e-01 
  906.000  9.585064e-01 
  907.000  9.113705e-01 
  908.000  8.943683e-01 
  909.000  9.045014e-01 
  910.000  8.948820e-01 
  911.000  8.948820e-01 
  912.000  9.443341e-01 
  913.000  9.203442e-01 
  914.000  9.028105e-01 
  915.000  8.750253e-01 
  916.000  8.750253e-01 
  917.000  9.430760e-01 
  918.000  8.884755e-01 
  919.000  9.301660e-01 
  920.000  9.643492e-01 
  921.000  9.643492e-01 
  922.000  9.560993e-01 
  923.000  9.555622e-01 
  924.000  9.476968e-01 
  925.000  9.476968e-01 
  926.000  9.518053e-01 
  927.000  9.550760e-01 
  928.000  9.053518e-01 
  929.000  8.952787e-01 
  930.000  8.952787e-01 
  931.000  8.028790e-01 
  932.000  6.488179e-01 
  933.000  6.869026e-01 
  934.000  6.869026e-01 
  935.000  6.308138e-01 
  936.000  6.048027e-01 
  937.000  6.101854e-01 
  938.000  6.101854e-01 
  939.000  7.157021e-01 
  940.000  8.271854e-01 
  941.000  7.903005e-01 
  942.000  7.903005e-01 
  943.000  6.956035e-01 
  944.000  6.979644e-01 
  945.000  7.936665e-01 
  946.000  7.936665e-01 
  947.000  7.149877e-01 
  948.000  7.409148e-01 
  949.000  7.836527e-01 
  950.000  7.836527e-01 
  951.000  7.910751e-01 
  952.000  7.103573e-01 
  953.000  8.271896e-01 
  954.000  8.271896e-01 
  955.000  8.211255e-01 
  956.000  7.279635e-01 
  957.000  8.553119e-01 
  958.000  8.553119e-01 
  959.000  7.955211e-01 
  960.000  8.496776e-01 
  961.000  8.496776e-01 
  962.000  8.597775e-01 
  963.000  9.021056e-01 
  964.000  8.404549e-01 
  965.000  8.404549e-01 
  966.000  8.807095e-01 
  967.000  9.296548e-01 
  968.000  9.296548e-01 
  969.000  9.396935e-01 
  970.000  9.584822e-01 
  971.000  9.643173e-01 
  972.000  9.643173e-01 
  973.000  9.573427e-01 
  974.000  9.194232e-01 
  975.000  9.194232e-01 
  976.000  9.073322e-01 
  977.000  9.474453e-01 
  978.000  9.420153e-01 
  979.000  9.420153e-01 
  980.000  9.427556e-01 
  981.000  9.723350e-01 
  982.000  9.723350e-01 
  983.000  9.635477e-01 
  984.000  9.715049e-01 
  985.000  9.715049e-01 
  986.000  9.805388e-01 
  987.000  9.772149e-01 
  988.000  9.772149e-01 
  989.000  9.824612e-01 
  990.000  9.804738e-01 
  991.000  9.804738e-01 
  992.000  9.819320e-01 
  993.000  9.817150e-01 
  994.000  9.817150e-01 
  995.000  9.839641e-01 
  996.000  9.840415e-01 
  997.000  9.840415e-01 
  998.000  9.841469e-01 
  999.000  9.840671e-01 
 1000.000  9.840671e-01 
 1001.000  9.842594e-01 
 1002.000  9.813933e-01 
 1003.000  9.813933e-01 
 1004.000  9.843931e-01 
 1005.000  9.845746e-01 
 1006.000  9.845746e-01 
 1007.000  9.847378e-01 
 1008.000  9.842762e-01 
 1009.000  9.842762e-01 
 1010.000  9.821692e-01 
 1011.000  9.849498e-01 
 1012.000  9.849498e-01 
 1013.000  9.851503e-01 
 1014.000  9.851632e-01 
 1015.000  9.851632e-01 
 1016.000  9.853563e-01 
 1017.000  9.853070e-01 
 1018.000  9.853070e-01 
 1019.000  9.851918e-01 
 1020.000  9.856471e-01 
 1021.000  9.856471e-01 
 1022.000  9.853804e-01 
 1023.000  9.853804e-01 
 1024.000  9.853285e-01 
 1025.000  9.858522e-01 
 1026.000  9.858522e-01 
 1027.000  9.856835e-01 
 1028.000  9.859506e-01 
 1029.000  9.859506e-01 
 1030.000  9.860637e-01 
 1031.000  9.860169e-01 
 1032.000  9.860169e-01 
 1033.000  9.859934e-01 
 1034.000  9.859934e-01 
 1035.000  9.859552e-01 
 1036.000  9.853670e-01 
 1037.000  9.853670e-01 
 1038.000  9.853216e-01 
 1039.000  9.847425e-01 
 1040.000  9.847425e-01 
 1041.000  9.842622e-01 
 1042.000  9.842622e-01 
 1043.000  9.836984e-01 
 1044.000  9.828174e-01 
 1045.000  9.828174e-01 
 1046.000  9.815916e-01 
 1047.000  9.815916e-01 
 1048.000  9.803590e-01 
 1049.000  9.778385e-01 
 1050.000  9.778385e-01 
 1051.000  9.767649e-01 
 1052.000  9.767649e-01 
 1053.000  9.750679e-01 
 1054.000  9.736254e-01 
 1055.000  9.736254e-01 
 1056.000  9.719261e-01 
 1057.000  9.719261e-01 
 1058.000  9.704338e-01 
 1059.000  9.689467e-01 
 1060.000  9.689467e-01 
 1061.000  9.680145e-01 
 1062.000  9.680145e-01 
 1063.000  9.663948e-01 
 1064.000  9.656310e-01 
 1065.000  9.656310e-01 
 1066.000  9.669825e-01 
 1067.000  9.669825e-01 
 1068.000  9.660551e-01 
 1069.000  9.681330e-01 
 1070.000  9.681330e-01 
 1071.000  9.699922e-01 
 1072.000  9.699922e-01 
 1073.000  9.716104e-01 
 1074.000  9.716104e-01 
 1075.000  9.715644e-01 
 1076.000  9.728279e-01 
 1077.000  9.728279e-01 
 1078.000  9.764379e-01 
 1079.000  9.764379e-01 
 1080.000  9.759081e-01 
 1081.000  9.759081e-01 
 1082.000  9.786979e-01 
 1083.000  9.783611e-01 
 1084.000  9.783611e-01 
 1085.000  9.760687e-01 
 1086.000  9.760687e-01 
 1087.000  9.815934e-01 
 1088.000  9.815934e-01 
 1089.000  9.805216e-01 
 1090.000  9.798670e-01 
 1091.000  9.798670e-01 
 1092.000  9.771414e-01 
 1093.000  9.771414e-01 
 1094.000  9.771591e-01 
 1095.000  9.771591e-01 
 1096.000  9.754651e-01 
 1097.000  9.754651e-01 
 1098.000  9.711828e-01 
 1099.000  9.540367e-01 
 1100.000  9.540367e-01 
 1101.000  9.545235e-01 
 1102.000  9.545235e-01 
 1103.000  9.478516e-01 
 1104.000  9.478516e-01 
 1105.000  9.426505e-01 
 1106.000  9.426505e-01 
 1107.000  9.416560e-01 
 1108.000  9.416560e-01 
 1109.000  9.281897e-01 
 1110.000  9.009227e-01 
 1111.000  9.009227e-01 
 1112.000  8.893632e-01 
 1113.000  8.893632e-01 
 1114.000  8.073111e-01 
 1115.000  8.073111e-01 
 1116.000  6.497966e-01 
 1117.000  6.497966e-01 
 1118.000  7.291921e-01 
 1119.000  7.291921e-01 
 1120.000  6.827624e-01 
 1121.000  6.827624e-01 
 1122.000  5.176249e-01 
 1123.000  7.017602e-01 
 1124.000  7.017602e-01 
 1125.000  5.596239e-01 
 1126.000  5.596239e-01 
 1127.000  6.251265e-01 
 1128.000  6.251265e-01 
 1129.000  6.276801e-01 
 1130.000  6.276801e-01 
 1131.000  8.341249e-01 
 1132.000  8.341249e-01 
 1133.000  6.319672e-01 
 1134.000  6.319672e-01 
 1135.000  4.118650e-01 
 1136.000  4.118650e-01 
 1137.000  8.425795e-01 
 1138.000  8.425795e-01 
 1139.000  7.811078e-01 
 1140.000  7.811078e-01 
 1141.000  7.734568e-01 
 1142.000  7.734568e-01 
 1143.000  8.224877e-01 
 1144.000  8.224877e-01 
 1145.000  6.503463e-01 
 1146.000  6.503463e-01 
 1147.000  6.453683e-01 
 1148.000  6.453683e-01 
 1149.000  7.267364e-01 
 1150.000  7.267364e-01 
 1151.000  7.942014e-01 
 1152.000  7.942014e-01 
 1153.000  7.490446e-01 
 1154.000  7.490446e-01 
 1155.000  7.894011e-01 
 1156.000  7.894011e-01 
 1157.000  8.494065e-01 
 1158.000  8.494065e-01 
 1159.000  9.175396e-01 
 1160.000  9.175396e-01 
 1161.000  9.053834e-01 
 1162.000  9.053834e-01 
 1163.000  9.317951e-01 
 1164.000  9.317951e-01 
 1165.000  9.238999e-01 
 1166.000  9.238999e-01 
 1167.000  9.467494e-01 
 1168.000  9.467494e-01 
 1169.000  9.534084e-01 
 1170.000  9.534084e-01 
 1171.000  9.577174e-01 
 1172.000  9.577174e-01 
 1173.000  9.256316e-01 
 1174.000  9.256316e-01 
 1175.000  9.767925e-01 
 1176.000  9.767925e-01 
 1177.000  9.463370e-01 
 1178.000  9.463370e-01 
 1179.000  9.688426e-01 
 1180.000  9.688426e-01 
 1181.000  9.205120e-01 
 1182.000  9.205120e-01 
 1183.000  9.580100e-01 
 1184.000  9.580100e-01 
 1185.000  9.696694e-01 
 1186.000  9.696694e-01 
 1187.000  9.232453e-01 
 1188.000  9.232453e-01 
 1189.000  9.232453e-01 
 1190.000  9.574398e-01 
 1191.000  9.574398e-01 
 1192.000  9.793335e-01 
 1193.000  9.793335e-01 
 1194.000  9.641257e-01 
 1195.000  9.641257e-01 
 1196.000  9.724637e-01 
 1197.000  9.724637e-01 
 1198.000  9.578027e-01 
 1199.000  9.578027e-01 
 1200.000  9.546040e-01 
