  250.000  0.000000e+00 
  251.000  0.000000e+00 
  252.000  0.000000e+00 
  253.000  0.000000e+00 
  254.000  0.000000e+00 
  255.000  0.000000e+00 
  256.000  0.000000e+00 
  257.000  0.000000e+00 
  258.000  0.000000e+00 
  259.000  0.000000e+00 
  260.000  0.000000e+00 
  261.000  0.000000e+00 
  262.000  0.000000e+00 
  263.000  0.000000e+00 
  264.000  0.000000e+00 
  265.000  0.000000e+00 
  266.000  0.000000e+00 
  267.000  0.000000e+00 
  268.000  0.000000e+00 
  269.000  0.000000e+00 
  270.000  0.000000e+00 
  271.000  0.000000e+00 
  272.000  0.000000e+00 
  273.000  0.000000e+00 
  274.000  0.000000e+00 
  275.000  0.000000e+00 
  276.000  0.000000e+00 
  277.000  0.000000e+00 
  278.000  0.000000e+00 
  279.000  0.000000e+00 
  280.000  0.000000e+00 
  281.000  0.000000e+00 
  282.000  0.000000e+00 
  283.000  0.000000e+00 
  284.000  0.000000e+00 
  285.000  0.000000e+00 
  286.000  0.000000e+00 
  287.000  0.000000e+00 
  288.000  2.187464e-12 
  289.000  2.539027e-11 
  290.000  4.037826e-10 
  291.000  3.643388e-09 
  292.000  6.855277e-08 
  293.000  3.852496e-07 
  294.000  2.739619e-06 
  295.000  9.638303e-06 
  296.000  5.675598e-05 
  297.000  1.631401e-04 
  298.000  5.770999e-04 
  299.000  1.353841e-03 
  300.000  3.290705e-03 
  301.000  6.785725e-03 
  302.000  1.230277e-02 
  303.000  2.535276e-02 
  304.000  3.266440e-02 
  305.000  5.854862e-02 
  306.000  7.996314e-02 
  307.000  1.185038e-01 
  308.000  1.511005e-01 
  309.000  1.892942e-01 
  310.000  2.563363e-01 
  311.000  2.856550e-01 
  312.000  3.385697e-01 
  313.000  4.042628e-01 
  314.000  4.281301e-01 
  315.000  5.104993e-01 
  316.000  5.270253e-01 
  317.000  5.881735e-01 
  318.000  6.194794e-01 
  319.000  7.239602e-01 
  320.000  6.388259e-01 
  321.000  7.959668e-01 
  322.000  7.154717e-01 
  323.000  7.814743e-01 
  324.000  8.771656e-01 
  325.000  7.886974e-01 
  326.000  8.844150e-01 
  327.000  9.057829e-01 
  328.000  8.369850e-01 
  329.000  9.435704e-01 
  330.000  9.511050e-01 
  331.000  8.894833e-01 
  332.000  9.569227e-01 
  333.000  9.610664e-01 
  334.000  9.375943e-01 
  335.000  9.742522e-01 
  336.000  9.813887e-01 
  337.000  9.564140e-01 
  338.000  9.752669e-01 
  339.000  9.847869e-01 
  340.000  9.713740e-01 
  341.000  9.833341e-01 
  342.000  9.879178e-01 
  343.000  9.864304e-01 
  344.000  9.729475e-01 
  345.000  9.866632e-01 
  346.000  9.896187e-01 
  347.000  9.885762e-01 
  348.000  9.900868e-01 
  349.000  9.917247e-01 
  350.000  9.928350e-01 
  351.000  9.931518e-01 
  352.000  9.935987e-01 
  353.000  9.940586e-01 
  354.000  9.925057e-01 
  355.000  9.920798e-01 
  356.000  9.924364e-01 
  357.000  9.898373e-01 
  358.000  9.885347e-01 
  359.000  9.871020e-01 
  360.000  9.854190e-01 
  361.000  9.842262e-01 
  362.000  9.865618e-01 
  363.000  9.887477e-01 
  364.000  9.908518e-01 
  365.000  9.906213e-01 
  366.000  9.917501e-01 
  367.000  9.921017e-01 
  368.000  9.918984e-01 
  369.000  9.922314e-01 
  370.000  9.920685e-01 
  371.000  9.925719e-01 
  372.000  9.909922e-01 
  373.000  9.917100e-01 
  374.000  9.918687e-01 
  375.000  9.921294e-01 
  376.000  9.905269e-01 
  377.000  9.903353e-01 
  378.000  9.899535e-01 
  379.000  9.881332e-01 
  380.000  9.859787e-01 
  381.000  9.867458e-01 
  382.000  9.884611e-01 
  383.000  9.904146e-01 
  384.000  9.905211e-01 
  385.000  9.909745e-01 
  386.000  9.913581e-01 
  387.000  9.912421e-01 
  388.000  9.910356e-01 
  389.000  9.909876e-01 
  390.000  9.909630e-01 
  391.000  9.911737e-01 
  392.000  9.900950e-01 
  393.000  9.916566e-01 
  394.000  9.916694e-01 
  395.000  9.914654e-01 
  396.000  9.909490e-01 
  397.000  9.917458e-01 
  398.000  9.902159e-01 
  399.000  9.913561e-01 
  400.000  9.899672e-01 
  401.000  9.902800e-01 
  402.000  9.914190e-01 
  403.000  9.920856e-01 
  404.000  9.908034e-01 
  405.000  9.904028e-01 
  406.000  9.916111e-01 
  407.000  9.926058e-01 
  408.000  9.910256e-01 
  409.000  9.901911e-01 
  410.000  9.907052e-01 
  411.000  9.904959e-01 
  412.000  9.916971e-01 
  413.000  9.900899e-01 
  414.000  9.907512e-01 
  415.000  9.908906e-01 
  416.000  9.922941e-01 
  417.000  9.921160e-01 
  418.000  9.913266e-01 
  419.000  9.915192e-01 
  420.000  9.907187e-01 
  421.000  9.905331e-01 
  422.000  9.902363e-01 
  423.000  9.907961e-01 
  424.000  9.899002e-01 
  425.000  9.910141e-01 
  426.000  9.922642e-01 
  427.000  9.911205e-01 
  428.000  9.900424e-01 
  429.000  9.918152e-01 
  430.000  9.918054e-01 
  431.000  9.898947e-01 
  432.000  9.917109e-01 
  433.000  9.913608e-01 
  434.000  9.903238e-01 
  435.000  9.882032e-01 
  436.000  9.901296e-01 
  437.000  9.922420e-01 
  438.000  9.926854e-01 
  439.000  9.881963e-01 
  440.000  9.897715e-01 
  441.000  9.917171e-01 
  442.000  9.924306e-01 
  443.000  9.913101e-01 
  444.000  9.896803e-01 
  445.000  9.878733e-01 
  446.000  9.895096e-01 
  447.000  9.902786e-01 
  448.000  9.859086e-01 
  449.000  9.895546e-01 
  450.000  9.908279e-01 
  451.000  9.906941e-01 
  452.000  9.905136e-01 
  453.000  9.905861e-01 
  454.000  9.914160e-01 
  455.000  9.903017e-01 
  456.000  9.901921e-01 
  457.000  9.907683e-01 
  458.000  9.883026e-01 
  459.000  9.893231e-01 
  460.000  9.879602e-01 
  461.000  9.880608e-01 
  462.000  9.890832e-01 
  463.000  9.864836e-01 
  464.000  9.878011e-01 
  465.000  9.884780e-01 
  466.000  9.895964e-01 
  467.000  9.879444e-01 
  468.000  9.884008e-01 
  469.000  9.888692e-01 
  470.000  9.885282e-01 
  471.000  9.881834e-01 
  472.000  9.864648e-01 
  473.000  9.843530e-01 
  474.000  9.797884e-01 
  475.000  9.771726e-01 
  476.000  9.751651e-01 
  477.000  9.740692e-01 
  478.000  9.738191e-01 
  479.000  9.745694e-01 
  480.000  9.755306e-01 
  481.000  9.789788e-01 
  482.000  9.814515e-01 
  483.000  9.832734e-01 
  484.000  9.832321e-01 
  485.000  9.827884e-01 
  486.000  9.828193e-01 
  487.000  9.833779e-01 
  488.000  9.824173e-01 
  489.000  9.811436e-01 
  490.000  9.825575e-01 
  491.000  9.833813e-01 
  492.000  9.829620e-01 
  493.000  9.825040e-01 
  494.000  9.814923e-01 
  495.000  9.812611e-01 
  496.000  9.803857e-01 
  497.000  9.801769e-01 
  498.000  9.800478e-01 
  499.000  9.795051e-01 
  500.000  9.787037e-01 
  501.000  9.774150e-01 
  502.000  9.749992e-01 
  503.000  9.729255e-01 
  504.000  9.721990e-01 
  505.000  9.700536e-01 
  506.000  9.710915e-01 
  507.000  9.713898e-01 
  508.000  9.718096e-01 
  509.000  9.714695e-01 
  510.000  9.716576e-01 
  511.000  9.718618e-01 
  512.000  9.720261e-01 
  513.000  9.724969e-01 
  514.000  9.727220e-01 
  515.000  9.729950e-01 
  516.000  9.725209e-01 
  517.000  9.719919e-01 
  518.000  9.714200e-01 
  519.000  9.702028e-01 
  520.000  9.697418e-01 
  521.000  9.691211e-01 
  522.000  9.685071e-01 
  523.000  9.674580e-01 
  524.000  9.663275e-01 
  525.000  9.645718e-01 
  526.000  9.626884e-01 
  527.000  9.614568e-01 
  528.000  9.596075e-01 
  529.000  9.581775e-01 
  530.000  9.570087e-01 
  531.000  9.560096e-01 
  532.000  9.553088e-01 
  533.000  9.549797e-01 
  534.000  9.547407e-01 
  535.000  9.547516e-01 
  536.000  9.547791e-01 
  537.000  9.545661e-01 
  538.000  9.541510e-01 
  539.000  9.536474e-01 
  540.000  9.537866e-01 
  541.000  9.530156e-01 
  542.000  9.520799e-01 
  543.000  9.516380e-01 
  544.000  9.514093e-01 
  545.000  9.503046e-01 
  546.000  9.501368e-01 
  547.000  9.503288e-01 
  548.000  9.498472e-01 
  549.000  9.496248e-01 
  550.000  9.494777e-01 
  551.000  9.493719e-01 
  552.000  9.488227e-01 
  553.000  9.477781e-01 
  554.000  9.475228e-01 
  555.000  9.471490e-01 
  556.000  9.459769e-01 
  557.000  9.443769e-01 
  558.000  9.429691e-01 
  559.000  9.411796e-01 
  560.000  9.395366e-01 
  561.000  9.380890e-01 
  562.000  9.368440e-01 
  563.000  9.351994e-01 
  564.000  9.333964e-01 
  565.000  9.319627e-01 
  566.000  9.307899e-01 
  567.000  9.292143e-01 
  568.000  9.271944e-01 
  569.000  9.227874e-01 
  570.000  9.188744e-01 
  571.000  9.170780e-01 
  572.000  9.147530e-01 
  573.000  9.126464e-01 
  574.000  9.103227e-01 
  575.000  9.085118e-01 
  576.000  9.077866e-01 
  577.000  9.078432e-01 
  578.000  9.092274e-01 
  579.000  9.109136e-01 
  580.000  9.126218e-01 
  581.000  9.158078e-01 
  582.000  9.189453e-01 
  583.000  9.215703e-01 
  584.000  9.254104e-01 
  585.000  9.267510e-01 
  586.000  9.283864e-01 
  587.000  9.288031e-01 
  588.000  9.294482e-01 
  589.000  9.253286e-01 
  590.000  9.254434e-01 
  591.000  9.267281e-01 
  592.000  9.227659e-01 
  593.000  9.277458e-01 
  594.000  9.249380e-01 
  595.000  9.260898e-01 
  596.000  9.260445e-01 
  597.000  9.257125e-01 
  598.000  9.249820e-01 
  599.000  9.250607e-01 
  600.000  9.243168e-01 
  601.000  9.248496e-01 
  602.000  9.253379e-01 
  603.000  9.256366e-01 
  604.000  9.259338e-01 
  605.000  9.260858e-01 
  606.000  9.271045e-01 
  607.000  9.279205e-01 
  608.000  9.290034e-01 
  609.000  9.294577e-01 
  610.000  9.303569e-01 
  611.000  9.310455e-01 
  612.000  9.318780e-01 
  613.000  9.328246e-01 
  614.000  9.334374e-01 
  615.000  9.341685e-01 
  616.000  9.350541e-01 
  617.000  9.356624e-01 
  618.000  9.360135e-01 
  619.000  9.365522e-01 
  620.000  9.366810e-01 
  621.000  9.365613e-01 
  622.000  9.365059e-01 
  623.000  9.358839e-01 
  624.000  9.355378e-01 
  625.000  9.351553e-01 
  626.000  9.341019e-01 
  627.000  9.333071e-01 
  628.000  9.010943e-01 
  629.000  9.154261e-01 
  630.000  9.207018e-01 
  631.000  9.308761e-01 
  632.000  9.350889e-01 
  633.000  9.371369e-01 
  634.000  9.400598e-01 
  635.000  9.408409e-01 
  636.000  9.439757e-01 
  637.000  9.474780e-01 
  638.000  9.495010e-01 
  639.000  9.517663e-01 
  640.000  9.530111e-01 
  641.000  9.551878e-01 
  642.000  9.562820e-01 
  643.000  9.568881e-01 
  644.000  9.578317e-01 
  645.000  9.585880e-01 
  646.000  9.579980e-01 
  647.000  9.568022e-01 
  648.000  9.553992e-01 
  649.000  9.577970e-01 
  650.000  9.616976e-01 
  651.000  9.623371e-01 
  652.000  9.620538e-01 
  653.000  9.634563e-01 
  654.000  9.644022e-01 
  655.000  9.610289e-01 
  656.000  9.640332e-01 
  657.000  9.650702e-01 
  658.000  9.668831e-01 
  659.000  9.681168e-01 
  660.000  9.682756e-01 
  661.000  9.692670e-01 
  662.000  9.694605e-01 
  663.000  9.700385e-01 
  664.000  9.705472e-01 
  665.000  9.710177e-01 
  666.000  9.715645e-01 
  667.000  9.723219e-01 
  668.000  9.727035e-01 
  669.000  9.733483e-01 
  670.000  9.737037e-01 
  671.000  9.744403e-01 
  672.000  9.745661e-01 
  673.000  9.751128e-01 
  674.000  9.753345e-01 
  675.000  9.759476e-01 
  676.000  9.761162e-01 
  677.000  9.764481e-01 
  678.000  9.769713e-01 
  679.000  9.772757e-01 
  680.000  9.778089e-01 
  681.000  9.780681e-01 
  682.000  9.789323e-01 
  683.000  9.790667e-01 
  684.000  9.798598e-01 
  685.000  9.802257e-01 
  686.000  9.806415e-01 
  687.000  6.062971e-01 
  688.000  7.929028e-01 
  689.000  8.438928e-01 
  690.000  8.832049e-01 
  691.000  9.110406e-01 
  692.000  9.589772e-01 
  693.000  9.606079e-01 
  694.000  9.669442e-01 
  695.000  9.753138e-01 
  696.000  9.730796e-01 
  697.000  9.834291e-01 
  698.000  9.832811e-01 
  699.000  9.791390e-01 
  700.000  9.799669e-01 
  701.000  9.768583e-01 
  702.000  9.785841e-01 
  703.000  9.800818e-01 
  704.000  9.811749e-01 
  705.000  9.816696e-01 
  706.000  9.833871e-01 
  707.000  9.847331e-01 
  708.000  9.857739e-01 
  709.000  9.859630e-01 
  710.000  9.856442e-01 
  711.000  9.869457e-01 
  712.000  9.863909e-01 
  713.000  9.874924e-01 
  714.000  9.867723e-01 
  715.000  9.850020e-01 
  716.000  9.854578e-01 
  717.000  9.767312e-01 
  718.000  9.500629e-01 
  719.000  9.172591e-01 
  720.000  9.554452e-01 
  721.000  9.822835e-01 
  722.000  9.816907e-01 
  723.000  9.804766e-01 
  724.000  9.433185e-01 
  725.000  9.582288e-01 
  726.000  9.731482e-01 
  727.000  9.666967e-01 
  728.000  9.549044e-01 
  729.000  9.621425e-01 
  730.000  9.751759e-01 
  731.000  9.680241e-01 
  732.000  9.722388e-01 
  733.000  9.829192e-01 
  734.000  9.884303e-01 
  735.000  9.847350e-01 
  736.000  9.873695e-01 
  737.000  9.874078e-01 
  738.000  9.890074e-01 
  739.000  9.894934e-01 
  740.000  9.914737e-01 
  741.000  9.925297e-01 
  742.000  9.927218e-01 
  743.000  9.926897e-01 
  744.000  9.930258e-01 
  745.000  9.932255e-01 
  746.000  9.935104e-01 
  747.000  9.936425e-01 
  748.000  9.937630e-01 
  749.000  9.938393e-01 
  750.000  9.939823e-01 
  751.000  9.940581e-01 
  752.000  9.944369e-01 
  753.000  9.945408e-01 
  754.000  9.946564e-01 
  755.000  9.947822e-01 
  756.000  9.948413e-01 
  757.000  9.949965e-01 
  758.000  9.951946e-01 
  759.000  9.789246e-01 
  760.000  2.508706e-01 
  761.000  1.379223e-01 
  762.000  5.654882e-01 
  763.000  4.394360e-01 
  764.000  5.215110e-01 
  765.000  6.797923e-01 
  766.000  8.298182e-01 
  767.000  8.882082e-01 
  768.000  9.640801e-01 
  769.000  9.840751e-01 
  770.000  9.836503e-01 
  771.000  9.929104e-01 
  772.000  9.954891e-01 
  773.000  9.954559e-01 
  774.000  9.954379e-01 
  775.000  9.954500e-01 
  776.000  9.954622e-01 
  777.000  9.955127e-01 
  778.000  9.955299e-01 
  779.000  9.955135e-01 
  780.000  9.955008e-01 
  781.000  9.956416e-01 
  782.000  9.957390e-01 
  783.000  9.958365e-01 
  784.000  9.957754e-01 
  785.000  9.957161e-01 
  786.000  9.950759e-01 
  787.000  9.951180e-01 
  788.000  9.936732e-01 
  789.000  9.937343e-01 
  790.000  9.912176e-01 
  791.000  9.915544e-01 
  792.000  9.927234e-01 
  793.000  9.934663e-01 
  794.000  9.967548e-01 
  795.000  9.957141e-01 
  796.000  9.887137e-01 
  797.000  9.938319e-01 
  798.000  9.943418e-01 
  799.000  9.954360e-01 
  800.000  9.924932e-01 
  801.000  9.909993e-01 
  802.000  9.929636e-01 
  803.000  9.925269e-01 
  804.000  9.922886e-01 
  805.000  9.935349e-01 
  806.000  9.960828e-01 
  807.000  9.944270e-01 
  808.000  9.959539e-01 
  809.000  9.934794e-01 
  810.000  9.921377e-01 
  811.000  9.925994e-01 
  812.000  9.898655e-01 
  813.000  9.844419e-01 
  814.000  9.748261e-01 
  815.000  9.617554e-01 
  816.000  9.717081e-01 
  817.000  9.226140e-01 
  818.000  9.566452e-01 
  819.000  9.718478e-01 
  820.000  9.516587e-01 
  821.000  9.916485e-01 
  822.000  9.872146e-01 
  823.000  9.077687e-01 
  824.000  9.812210e-01 
  825.000  9.892368e-01 
  826.000  9.805810e-01 
  827.000  9.888656e-01 
  828.000  9.657010e-01 
  829.000  9.837466e-01 
  830.000  9.795035e-01 
  831.000  9.815848e-01 
  832.000  9.814594e-01 
  833.000  9.880764e-01 
  834.000  9.878507e-01 
  835.000  9.914969e-01 
  836.000  9.918578e-01 
  837.000  9.916583e-01 
  838.000  9.940378e-01 
  839.000  9.952006e-01 
  840.000  9.954811e-01 
  841.000  9.954811e-01 
  842.000  9.933400e-01 
  843.000  9.972678e-01 
  844.000  9.948675e-01 
  845.000  9.967644e-01 
  846.000  9.972206e-01 
  847.000  9.975697e-01 
  848.000  9.970296e-01 
  849.000  9.972273e-01 
  850.000  9.974908e-01 
  851.000  9.984589e-01 
  852.000  9.993890e-01 
  853.000  9.995371e-01 
  854.000  9.993362e-01 
  855.000  9.993362e-01 
  856.000  9.995062e-01 
  857.000  9.998918e-01 
  858.000  9.994927e-01 
  859.000  9.997235e-01 
  860.000  9.999710e-01 
  861.000  9.998533e-01 
  862.000  9.999481e-01 
  863.000  9.994738e-01 
  864.000  9.999852e-01 
  865.000  9.999852e-01 
  866.000  9.998642e-01 
  867.000  9.999818e-01 
  868.000  9.998632e-01 
  869.000  9.997147e-01 
  870.000  9.999510e-01 
  871.000  9.998665e-01 
  872.000  9.999863e-01 
  873.000  9.999463e-01 
  874.000  9.999463e-01 
  875.000  9.999962e-01 
  876.000  9.999979e-01 
  877.000  9.999588e-01 
  878.000  9.999216e-01 
  879.000  9.999093e-01 
  880.000  9.999662e-01 
  881.000  9.999662e-01 
  882.000  9.997216e-01 
  883.000  9.997869e-01 
  884.000  9.997963e-01 
  885.000  9.998292e-01 
  886.000  9.984415e-01 
  887.000  9.996919e-01 
  888.000  9.996919e-01 
  889.000  9.993805e-01 
  890.000  9.985834e-01 
  891.000  9.996518e-01 
  892.000  9.983951e-01 
  893.000  9.950911e-01 
  894.000  9.950911e-01 
  895.000  9.868129e-01 
  896.000  9.793933e-01 
  897.000  9.401892e-01 
  898.000  9.778088e-01 
  899.000  8.979695e-01 
  900.000  8.979695e-01 
  901.000  9.147279e-01 
  902.000  9.338467e-01 
  903.000  9.509137e-01 
  904.000  9.896675e-01 
  905.000  9.849437e-01 
  906.000  9.849437e-01 
  907.000  9.459438e-01 
  908.000  9.306099e-01 
  909.000  9.397863e-01 
  910.000  9.318666e-01 
  911.000  9.318666e-01 
  912.000  9.730647e-01 
  913.000  9.530870e-01 
  914.000  9.381313e-01 
  915.000  9.140977e-01 
  916.000  9.140977e-01 
  917.000  9.716789e-01 
  918.000  9.254892e-01 
  919.000  9.604261e-01 
  920.000  9.885018e-01 
  921.000  9.885018e-01 
  922.000  9.817791e-01 
  923.000  9.812586e-01 
  924.000  9.749079e-01 
  925.000  9.749079e-01 
  926.000  9.780911e-01 
  927.000  9.806488e-01 
  928.000  9.398658e-01 
  929.000  9.315242e-01 
  930.000  9.315242e-01 
  931.000  8.505992e-01 
  932.000  6.988509e-01 
  933.000  7.407361e-01 
  934.000  7.407361e-01 
  935.000  6.807956e-01 
  936.000  6.572416e-01 
  937.000  6.656551e-01 
  938.000  6.656551e-01 
  939.000  7.623609e-01 
  940.000  8.707640e-01 
  941.000  8.382193e-01 
  942.000  8.382193e-01 
  943.000  7.455766e-01 
  944.000  7.449160e-01 
  945.000  8.432435e-01 
  946.000  8.432435e-01 
  947.000  7.668852e-01 
  948.000  7.945086e-01 
  949.000  8.303390e-01 
  950.000  8.303390e-01 
  951.000  8.369443e-01 
  952.000  7.584063e-01 
  953.000  8.712283e-01 
  954.000  8.712283e-01 
  955.000  8.651164e-01 
  956.000  7.738066e-01 
  957.000  8.948213e-01 
  958.000  8.948213e-01 
  959.000  8.446363e-01 
  960.000  8.912655e-01 
  961.000  8.912655e-01 
  962.000  8.978913e-01 
  963.000  9.348668e-01 
  964.000  8.822098e-01 
  965.000  8.822098e-01 
  966.000  9.157489e-01 
  967.000  9.571084e-01 
  968.000  9.571084e-01 
  969.000  9.652836e-01 
  970.000  9.806848e-01 
  971.000  9.852641e-01 
  972.000  9.852641e-01 
  973.000  9.796406e-01 
  974.000  9.484102e-01 
  975.000  9.484102e-01 
  976.000  9.378366e-01 
  977.000  9.711149e-01 
  978.000  9.665745e-01 
  979.000  9.665745e-01 
  980.000  9.671373e-01 
  981.000  9.911288e-01 
  982.000  9.911288e-01 
  983.000  9.839149e-01 
  984.000  9.902750e-01 
  985.000  9.902750e-01 
  986.000  9.974241e-01 
  987.000  9.947256e-01 
  988.000  9.947256e-01 
  989.000  9.987899e-01 
  990.000  9.971194e-01 
  991.000  9.971194e-01 
  992.000  9.982241e-01 
  993.000  9.979928e-01 
  994.000  9.979928e-01 
  995.000  9.996558e-01 
  996.000  9.996875e-01 
  997.000  9.996875e-01 
  998.000  9.996787e-01 
  999.000  9.995328e-01 
 1000.000  9.995328e-01 
 1001.000  9.995964e-01 
 1002.000  9.972763e-01 
 1003.000  9.972763e-01 
 1004.000  9.995849e-01 
 1005.000  9.996774e-01 
 1006.000  9.996774e-01 
 1007.000  9.997396e-01 
 1008.000  9.993014e-01 
 1009.000  9.993014e-01 
 1010.000  9.975695e-01 
 1011.000  9.997036e-01 
 1012.000  9.997036e-01 
 1013.000  9.997722e-01 
 1014.000  9.996964e-01 
 1015.000  9.996964e-01 
 1016.000  9.998035e-01 
 1017.000  9.996636e-01 
 1018.000  9.996636e-01 
 1019.000  9.995024e-01 
 1020.000  9.997978e-01 
 1021.000  9.997978e-01 
 1022.000  9.994978e-01 
 1023.000  9.994978e-01 
 1024.000  9.994165e-01 
 1025.000  9.997301e-01 
 1026.000  9.997301e-01 
 1027.000  9.995254e-01 
 1028.000  9.996668e-01 
 1029.000  9.996668e-01 
 1030.000  9.996322e-01 
 1031.000  9.995350e-01 
 1032.000  9.995350e-01 
 1033.000  9.993761e-01 
 1034.000  9.993761e-01 
 1035.000  9.992242e-01 
 1036.000  9.984570e-01 
 1037.000  9.984570e-01 
 1038.000  9.983521e-01 
 1039.000  9.975272e-01 
 1040.000  9.975272e-01 
 1041.000  9.969280e-01 
 1042.000  9.969280e-01 
 1043.000  9.961973e-01 
 1044.000  9.951099e-01 
 1045.000  9.951099e-01 
 1046.000  9.936195e-01 
 1047.000  9.936195e-01 
 1048.000  9.921367e-01 
 1049.000  9.891893e-01 
 1050.000  9.891893e-01 
 1051.000  9.878627e-01 
 1052.000  9.878627e-01 
 1053.000  9.858510e-01 
 1054.000  9.841446e-01 
 1055.000  9.841446e-01 
 1056.000  9.821487e-01 
 1057.000  9.821487e-01 
 1058.000  9.803641e-01 
 1059.000  9.785806e-01 
 1060.000  9.785806e-01 
 1061.000  9.774460e-01 
 1062.000  9.774460e-01 
 1063.000  9.755396e-01 
 1064.000  9.746717e-01 
 1065.000  9.746717e-01 
 1066.000  9.760488e-01 
 1067.000  9.760488e-01 
 1068.000  9.749215e-01 
 1069.000  9.773614e-01 
 1070.000  9.773614e-01 
 1071.000  9.792749e-01 
 1072.000  9.792749e-01 
 1073.000  9.810261e-01 
 1074.000  9.810261e-01 
 1075.000  9.815682e-01 
 1076.000  9.831290e-01 
 1077.000  9.831290e-01 
 1078.000  9.866356e-01 
 1079.000  9.866356e-01 
 1080.000  9.866728e-01 
 1081.000  9.866728e-01 
 1082.000  9.895154e-01 
 1083.000  9.896911e-01 
 1084.000  9.896911e-01 
 1085.000  9.880874e-01 
 1086.000  9.880874e-01 
 1087.000  9.928923e-01 
 1088.000  9.928923e-01 
 1089.000  9.923933e-01 
 1090.000  9.920119e-01 
 1091.000  9.920119e-01 
 1092.000  9.900153e-01 
 1093.000  9.900153e-01 
 1094.000  9.900320e-01 
 1095.000  9.900320e-01 
 1096.000  9.887644e-01 
 1097.000  9.887644e-01 
 1098.000  9.854123e-01 
 1099.000  9.716078e-01 
 1100.000  9.716078e-01 
 1101.000  9.719577e-01 
 1102.000  9.719577e-01 
 1103.000  9.665564e-01 
 1104.000  9.665564e-01 
 1105.000  9.623396e-01 
 1106.000  9.623396e-01 
 1107.000  9.614265e-01 
 1108.000  9.614265e-01 
 1109.000  9.504725e-01 
 1110.000  9.271731e-01 
 1111.000  9.271731e-01 
 1112.000  9.181218e-01 
 1113.000  9.181218e-01 
 1114.000  8.398893e-01 
 1115.000  8.398893e-01 
 1116.000  7.013917e-01 
 1117.000  7.013917e-01 
 1118.000  7.676606e-01 
 1119.000  7.676606e-01 
 1120.000  7.258931e-01 
 1121.000  7.258931e-01 
 1122.000  5.711724e-01 
 1123.000  7.474562e-01 
 1124.000  7.474562e-01 
 1125.000  6.091669e-01 
 1126.000  6.091669e-01 
 1127.000  6.738824e-01 
 1128.000  6.738824e-01 
 1129.000  6.756729e-01 
 1130.000  6.756729e-01 
 1131.000  8.691259e-01 
 1132.000  8.691259e-01 
 1133.000  6.821388e-01 
 1134.000  6.821388e-01 
 1135.000  4.582719e-01 
 1136.000  4.582719e-01 
 1137.000  8.769822e-01 
 1138.000  8.769822e-01 
 1139.000  8.160490e-01 
 1140.000  8.160490e-01 
 1141.000  8.118265e-01 
 1142.000  8.118265e-01 
 1143.000  8.602117e-01 
 1144.000  8.602117e-01 
 1145.000  6.929930e-01 
 1146.000  6.929930e-01 
 1147.000  6.931019e-01 
 1148.000  6.931019e-01 
 1149.000  7.650468e-01 
 1150.000  7.650468e-01 
 1151.000  8.249687e-01 
 1152.000  8.249687e-01 
 1153.000  7.836040e-01 
 1154.000  7.836040e-01 
 1155.000  8.218365e-01 
 1156.000  8.218365e-01 
 1157.000  8.792081e-01 
 1158.000  8.792081e-01 
 1159.000  9.394107e-01 
 1160.000  9.394107e-01 
 1161.000  9.281415e-01 
 1162.000  9.281415e-01 
 1163.000  9.487205e-01 
 1164.000  9.487205e-01 
 1165.000  9.431669e-01 
 1166.000  9.431669e-01 
 1167.000  9.622040e-01 
 1168.000  9.622040e-01 
 1169.000  9.673666e-01 
 1170.000  9.673666e-01 
 1171.000  9.711958e-01 
 1172.000  9.711958e-01 
 1173.000  9.454195e-01 
 1174.000  9.454195e-01 
 1175.000  9.870092e-01 
 1176.000  9.870092e-01 
 1177.000  9.626349e-01 
 1178.000  9.626349e-01 
 1179.000  9.807808e-01 
 1180.000  9.807808e-01 
 1181.000  9.414394e-01 
 1182.000  9.414394e-01 
 1183.000  9.722722e-01 
 1184.000  9.722722e-01 
 1185.000  9.816913e-01 
 1186.000  9.816913e-01 
 1187.000  9.423096e-01 
 1188.000  9.423096e-01 
 1189.000  9.423096e-01 
 1190.000  9.716157e-01 
 1191.000  9.716157e-01 
 1192.000  9.891883e-01 
 1193.000  9.891883e-01 
 1194.000  9.770786e-01 
 1195.000  9.770786e-01 
 1196.000  9.840297e-01 
 1197.000  9.840297e-01 
 1198.000  9.721322e-01 
 1199.000  9.721322e-01 
 1200.000  9.692920e-01 
