  250.000  0.000000e+00 
  251.000  0.000000e+00 
  252.000  0.000000e+00 
  253.000  0.000000e+00 
  254.000  0.000000e+00 
  255.000  0.000000e+00 
  256.000  0.000000e+00 
  257.000  0.000000e+00 
  258.000  0.000000e+00 
  259.000  0.000000e+00 
  260.000  0.000000e+00 
  261.000  0.000000e+00 
  262.000  0.000000e+00 
  263.000  0.000000e+00 
  264.000  0.000000e+00 
  265.000  0.000000e+00 
  266.000  0.000000e+00 
  267.000  0.000000e+00 
  268.000  0.000000e+00 
  269.000  0.000000e+00 
  270.000  0.000000e+00 
  271.000  0.000000e+00 
  272.000  0.000000e+00 
  273.000  0.000000e+00 
  274.000  0.000000e+00 
  275.000  0.000000e+00 
  276.000  0.000000e+00 
  277.000  0.000000e+00 
  278.000  0.000000e+00 
  279.000  0.000000e+00 
  280.000  0.000000e+00 
  281.000  0.000000e+00 
  282.000  0.000000e+00 
  283.000  0.000000e+00 
  284.000  0.000000e+00 
  285.000  0.000000e+00 
  286.000  0.000000e+00 
  287.000  0.000000e+00 
  288.000  0.000000e+00 
  289.000  0.000000e+00 
  290.000  1.947769e-14 
  291.000  3.507837e-13 
  292.000  1.901625e-11 
  293.000  1.943188e-10 
  294.000  2.822209e-09 
  295.000  1.498081e-08 
  296.000  1.703382e-07 
  297.000  6.993985e-07 
  298.000  3.787103e-06 
  299.000  1.202124e-05 
  300.000  4.065229e-05 
  301.000  1.085145e-04 
  302.000  2.502756e-04 
  303.000  6.897571e-04 
  304.000  9.693452e-04 
  305.000  2.219156e-03 
  306.000  3.463542e-03 
  307.000  6.094380e-03 
  308.000  8.610521e-03 
  309.000  1.208058e-02 
  310.000  1.856228e-02 
  311.000  2.201047e-02 
  312.000  2.825945e-02 
  313.000  3.696350e-02 
  314.000  4.069111e-02 
  315.000  5.315040e-02 
  316.000  5.663624e-02 
  317.000  6.802694e-02 
  318.000  7.433122e-02 
  319.000  9.422570e-02 
  320.000  8.144784e-02 
  321.000  1.123006e-01 
  322.000  9.944229e-02 
  323.000  1.151016e-01 
  324.000  1.374567e-01 
  325.000  1.216851e-01 
  326.000  1.454208e-01 
  327.000  1.528674e-01 
  328.000  1.410503e-01 
  329.000  1.693876e-01 
  330.000  1.746817e-01 
  331.000  1.627627e-01 
  332.000  1.836543e-01 
  333.000  1.883813e-01 
  334.000  1.861155e-01 
  335.000  1.997303e-01 
  336.000  2.057927e-01 
  337.000  2.025894e-01 
  338.000  2.122319e-01 
  339.000  2.192499e-01 
  340.000  2.185922e-01 
  341.000  2.267928e-01 
  342.000  2.324794e-01 
  343.000  2.364463e-01 
  344.000  2.356709e-01 
  345.000  2.447410e-01 
  346.000  2.493224e-01 
  347.000  2.533217e-01 
  348.000  2.577091e-01 
  349.000  2.629251e-01 
  350.000  2.671683e-01 
  351.000  2.718987e-01 
  352.000  2.759434e-01 
  353.000  2.808087e-01 
  354.000  2.843475e-01 
  355.000  2.882114e-01 
  356.000  2.931097e-01 
  357.000  2.963522e-01 
  358.000  2.999565e-01 
  359.000  3.035188e-01 
  360.000  3.070256e-01 
  361.000  3.107280e-01 
  362.000  3.164169e-01 
  363.000  3.212898e-01 
  364.000  3.261597e-01 
  365.000  3.302816e-01 
  366.000  3.348469e-01 
  367.000  3.391678e-01 
  368.000  3.433147e-01 
  369.000  3.468092e-01 
  370.000  3.509921e-01 
  371.000  3.554187e-01 
  372.000  3.591250e-01 
  373.000  3.636515e-01 
  374.000  3.679919e-01 
  375.000  3.715200e-01 
  376.000  3.752222e-01 
  377.000  3.794317e-01 
  378.000  3.827024e-01 
  379.000  3.862733e-01 
  380.000  3.897300e-01 
  381.000  3.934917e-01 
  382.000  3.985410e-01 
  383.000  4.037115e-01 
  384.000  4.072657e-01 
  385.000  4.118253e-01 
  386.000  4.154791e-01 
  387.000  4.198042e-01 
  388.000  4.232185e-01 
  389.000  4.267001e-01 
  390.000  4.310695e-01 
  391.000  4.346653e-01 
  392.000  4.377079e-01 
  393.000  4.427699e-01 
  394.000  4.462874e-01 
  395.000  4.497096e-01 
  396.000  4.540428e-01 
  397.000  4.579633e-01 
  398.000  4.607392e-01 
  399.000  4.645028e-01 
  400.000  4.677711e-01 
  401.000  4.720742e-01 
  402.000  4.759370e-01 
  403.000  4.799207e-01 
  404.000  4.826115e-01 
  405.000  4.863225e-01 
  406.000  4.898179e-01 
  407.000  4.943628e-01 
  408.000  4.966347e-01 
  409.000  4.999149e-01 
  410.000  5.033706e-01 
  411.000  5.072510e-01 
  412.000  5.112559e-01 
  413.000  5.134667e-01 
  414.000  5.176168e-01 
  415.000  5.208899e-01 
  416.000  5.251113e-01 
  417.000  5.276152e-01 
  418.000  5.304787e-01 
  419.000  5.345441e-01 
  420.000  5.373012e-01 
  421.000  5.405006e-01 
  422.000  5.431255e-01 
  423.000  5.467316e-01 
  424.000  5.495303e-01 
  425.000  5.537084e-01 
  426.000  5.568124e-01 
  427.000  5.597479e-01 
  428.000  5.624092e-01 
  429.000  5.662104e-01 
  430.000  5.693828e-01 
  431.000  5.706596e-01 
  432.000  5.750963e-01 
  433.000  5.781994e-01 
  434.000  5.802322e-01 
  435.000  5.823749e-01 
  436.000  5.859633e-01 
  437.000  5.906540e-01 
  438.000  5.930614e-01 
  439.000  5.937550e-01 
  440.000  5.972861e-01 
  441.000  6.003425e-01 
  442.000  6.038851e-01 
  443.000  6.055846e-01 
  444.000  6.085148e-01 
  445.000  6.090041e-01 
  446.000  6.122354e-01 
  447.000  6.164817e-01 
  448.000  6.167552e-01 
  449.000  6.213520e-01 
  450.000  6.251472e-01 
  451.000  6.274408e-01 
  452.000  6.293243e-01 
  453.000  6.321301e-01 
  454.000  6.360385e-01 
  455.000  6.373885e-01 
  456.000  6.396685e-01 
  457.000  6.422951e-01 
  458.000  6.440380e-01 
  459.000  6.463608e-01 
  460.000  6.478187e-01 
  461.000  6.502383e-01 
  462.000  6.535926e-01 
  463.000  6.538216e-01 
  464.000  6.571151e-01 
  465.000  6.593938e-01 
  466.000  6.634972e-01 
  467.000  6.648484e-01 
  468.000  6.672674e-01 
  469.000  6.687678e-01 
  470.000  6.708140e-01 
  471.000  6.737115e-01 
  472.000  6.746507e-01 
  473.000  6.752616e-01 
  474.000  6.740314e-01 
  475.000  6.740088e-01 
  476.000  6.751565e-01 
  477.000  6.760724e-01 
  478.000  6.772495e-01 
  479.000  6.795684e-01 
  480.000  6.824780e-01 
  481.000  6.872463e-01 
  482.000  6.911186e-01 
  483.000  6.946512e-01 
  484.000  6.964860e-01 
  485.000  6.977119e-01 
  486.000  6.988950e-01 
  487.000  7.020674e-01 
  488.000  7.035545e-01 
  489.000  7.047054e-01 
  490.000  7.078255e-01 
  491.000  7.096784e-01 
  492.000  7.114184e-01 
  493.000  7.131297e-01 
  494.000  7.143126e-01 
  495.000  7.156276e-01 
  496.000  7.165763e-01 
  497.000  7.181415e-01 
  498.000  7.192850e-01 
  499.000  7.207255e-01 
  500.000  7.217199e-01 
  501.000  7.214813e-01 
  502.000  7.192481e-01 
  503.000  7.160739e-01 
  504.000  7.118013e-01 
  505.000  7.194325e-01 
  506.000  7.188199e-01 
  507.000  7.189533e-01 
  508.000  7.246614e-01 
  509.000  7.280452e-01 
  510.000  7.313353e-01 
  511.000  7.330420e-01 
  512.000  7.345288e-01 
  513.000  7.375363e-01 
  514.000  7.386622e-01 
  515.000  7.408458e-01 
  516.000  7.417048e-01 
  517.000  7.432479e-01 
  518.000  7.435965e-01 
  519.000  7.445694e-01 
  520.000  7.450651e-01 
  521.000  7.462879e-01 
  522.000  7.466069e-01 
  523.000  7.470772e-01 
  524.000  7.472787e-01 
  525.000  7.463523e-01 
  526.000  7.469315e-01 
  527.000  7.466533e-01 
  528.000  7.465733e-01 
  529.000  7.461438e-01 
  530.000  7.462413e-01 
  531.000  7.469302e-01 
  532.000  7.474561e-01 
  533.000  7.483819e-01 
  534.000  7.495573e-01 
  535.000  7.503391e-01 
  536.000  7.516329e-01 
  537.000  7.529716e-01 
  538.000  7.536922e-01 
  539.000  7.537574e-01 
  540.000  7.547698e-01 
  541.000  7.506352e-01 
  542.000  7.526083e-01 
  543.000  7.559139e-01 
  544.000  7.569853e-01 
  545.000  7.545105e-01 
  546.000  7.529309e-01 
  547.000  7.568093e-01 
  548.000  7.605643e-01 
  549.000  7.611139e-01 
  550.000  7.612363e-01 
  551.000  7.636291e-01 
  552.000  7.640380e-01 
  553.000  7.648098e-01 
  554.000  7.655306e-01 
  555.000  7.661155e-01 
  556.000  7.657745e-01 
  557.000  7.650789e-01 
  558.000  7.645448e-01 
  559.000  7.638534e-01 
  560.000  7.631506e-01 
  561.000  7.625943e-01 
  562.000  7.623087e-01 
  563.000  7.615820e-01 
  564.000  7.608446e-01 
  565.000  7.602111e-01 
  566.000  7.599632e-01 
  567.000  7.585111e-01 
  568.000  7.571366e-01 
  569.000  7.455047e-01 
  570.000  7.439735e-01 
  571.000  7.490507e-01 
  572.000  7.422129e-01 
  573.000  7.463540e-01 
  574.000  7.429953e-01 
  575.000  7.457820e-01 
  576.000  7.447059e-01 
  577.000  7.447447e-01 
  578.000  7.507477e-01 
  579.000  7.534207e-01 
  580.000  7.561783e-01 
  581.000  7.600666e-01 
  582.000  7.631660e-01 
  583.000  7.665502e-01 
  584.000  7.704127e-01 
  585.000  7.709780e-01 
  586.000  7.735481e-01 
  587.000  7.736821e-01 
  588.000  7.684621e-01 
  589.000  7.307294e-01 
  590.000  7.258067e-01 
  591.000  7.430548e-01 
  592.000  7.142437e-01 
  593.000  7.614202e-01 
  594.000  7.379609e-01 
  595.000  7.503186e-01 
  596.000  7.592852e-01 
  597.000  7.622599e-01 
  598.000  7.620832e-01 
  599.000  7.727216e-01 
  600.000  7.743922e-01 
  601.000  7.800325e-01 
  602.000  7.831582e-01 
  603.000  7.841889e-01 
  604.000  7.860625e-01 
  605.000  7.868215e-01 
  606.000  7.890506e-01 
  607.000  7.908766e-01 
  608.000  7.930200e-01 
  609.000  7.938998e-01 
  610.000  7.956414e-01 
  611.000  7.970544e-01 
  612.000  7.991113e-01 
  613.000  8.008457e-01 
  614.000  8.020945e-01 
  615.000  8.035479e-01 
  616.000  8.055813e-01 
  617.000  8.070427e-01 
  618.000  8.080199e-01 
  619.000  8.094464e-01 
  620.000  8.106450e-01 
  621.000  8.114871e-01 
  622.000  8.118547e-01 
  623.000  8.125714e-01 
  624.000  8.127420e-01 
  625.000  8.131669e-01 
  626.000  8.130474e-01 
  627.000  8.116189e-01 
  628.000  7.709409e-01 
  629.000  7.923644e-01 
  630.000  8.030912e-01 
  631.000  8.140253e-01 
  632.000  8.145924e-01 
  633.000  8.185484e-01 
  634.000  8.223168e-01 
  635.000  8.244013e-01 
  636.000  8.269814e-01 
  637.000  8.311793e-01 
  638.000  8.361661e-01 
  639.000  8.381380e-01 
  640.000  8.399247e-01 
  641.000  8.417963e-01 
  642.000  8.454306e-01 
  643.000  8.444982e-01 
  644.000  8.478286e-01 
  645.000  8.482297e-01 
  646.000  8.345598e-01 
  647.000  8.196218e-01 
  648.000  8.022317e-01 
  649.000  8.151079e-01 
  650.000  8.471742e-01 
  651.000  8.522518e-01 
  652.000  8.433673e-01 
  653.000  8.544030e-01 
  654.000  8.524826e-01 
  655.000  8.209044e-01 
  656.000  8.431473e-01 
  657.000  8.498809e-01 
  658.000  8.615413e-01 
  659.000  8.687330e-01 
  660.000  8.677371e-01 
  661.000  8.716572e-01 
  662.000  8.718843e-01 
  663.000  8.710029e-01 
  664.000  8.736387e-01 
  665.000  8.751423e-01 
  666.000  8.763645e-01 
  667.000  8.784736e-01 
  668.000  8.792706e-01 
  669.000  8.805968e-01 
  670.000  8.815973e-01 
  671.000  8.832544e-01 
  672.000  8.836140e-01 
  673.000  8.849930e-01 
  674.000  8.855237e-01 
  675.000  8.869553e-01 
  676.000  8.873435e-01 
  677.000  8.881453e-01 
  678.000  8.893873e-01 
  679.000  8.900203e-01 
  680.000  8.912368e-01 
  681.000  8.913561e-01 
  682.000  8.933713e-01 
  683.000  8.921436e-01 
  684.000  8.931524e-01 
  685.000  8.958278e-01 
  686.000  8.959663e-01 
  687.000  5.500143e-01 
  688.000  7.146792e-01 
  689.000  7.665903e-01 
  690.000  8.034969e-01 
  691.000  8.281137e-01 
  692.000  8.688159e-01 
  693.000  8.273155e-01 
  694.000  7.630122e-01 
  695.000  8.271785e-01 
  696.000  8.109177e-01 
  697.000  8.915018e-01 
  698.000  8.906295e-01 
  699.000  8.463624e-01 
  700.000  8.546467e-01 
  701.000  8.155886e-01 
  702.000  8.332628e-01 
  703.000  8.512338e-01 
  704.000  8.596241e-01 
  705.000  8.618722e-01 
  706.000  8.739914e-01 
  707.000  8.847468e-01 
  708.000  8.966584e-01 
  709.000  8.967513e-01 
  710.000  8.907451e-01 
  711.000  9.021152e-01 
  712.000  8.971784e-01 
  713.000  9.059355e-01 
  714.000  8.964180e-01 
  715.000  8.742129e-01 
  716.000  8.797071e-01 
  717.000  8.038308e-01 
  718.000  6.761455e-01 
  719.000  6.185180e-01 
  720.000  6.420377e-01 
  721.000  8.395075e-01 
  722.000  8.341278e-01 
  723.000  8.198694e-01 
  724.000  6.723523e-01 
  725.000  6.659535e-01 
  726.000  7.605871e-01 
  727.000  7.122424e-01 
  728.000  6.488296e-01 
  729.000  6.668670e-01 
  730.000  7.726566e-01 
  731.000  7.254465e-01 
  732.000  7.542351e-01 
  733.000  8.449964e-01 
  734.000  8.883190e-01 
  735.000  8.537526e-01 
  736.000  8.775158e-01 
  737.000  8.767556e-01 
  738.000  8.934309e-01 
  739.000  8.981104e-01 
  740.000  9.189031e-01 
  741.000  9.287470e-01 
  742.000  9.289544e-01 
  743.000  9.289358e-01 
  744.000  9.316364e-01 
  745.000  9.328878e-01 
  746.000  9.348189e-01 
  747.000  9.350405e-01 
  748.000  9.355469e-01 
  749.000  9.354584e-01 
  750.000  9.360486e-01 
  751.000  9.359934e-01 
  752.000  9.377800e-01 
  753.000  9.381586e-01 
  754.000  9.383278e-01 
  755.000  9.384620e-01 
  756.000  9.385185e-01 
  757.000  9.397698e-01 
  758.000  9.405324e-01 
  759.000  9.276738e-01 
  760.000  2.487375e-01 
  761.000  1.178647e-01 
  762.000  5.196413e-01 
  763.000  3.977112e-01 
  764.000  4.861351e-01 
  765.000  6.450918e-01 
  766.000  7.925400e-01 
  767.000  8.506578e-01 
  768.000  9.182016e-01 
  769.000  9.358087e-01 
  770.000  9.360368e-01 
  771.000  9.425831e-01 
  772.000  9.448501e-01 
  773.000  9.450248e-01 
  774.000  9.449656e-01 
  775.000  9.452383e-01 
  776.000  9.455329e-01 
  777.000  9.458705e-01 
  778.000  9.460732e-01 
  779.000  9.462932e-01 
  780.000  9.464771e-01 
  781.000  9.470301e-01 
  782.000  9.470484e-01 
  783.000  9.476293e-01 
  784.000  9.463030e-01 
  785.000  9.445329e-01 
  786.000  9.359734e-01 
  787.000  9.366222e-01 
  788.000  9.226147e-01 
  789.000  9.200523e-01 
  790.000  8.944467e-01 
  791.000  8.973113e-01 
  792.000  9.059762e-01 
  793.000  9.151433e-01 
  794.000  9.477804e-01 
  795.000  9.332535e-01 
  796.000  8.653750e-01 
  797.000  9.173381e-01 
  798.000  9.195401e-01 
  799.000  9.288597e-01 
  800.000  8.991643e-01 
  801.000  8.866465e-01 
  802.000  9.065154e-01 
  803.000  8.996480e-01 
  804.000  8.989165e-01 
  805.000  9.152644e-01 
  806.000  9.412670e-01 
  807.000  9.246116e-01 
  808.000  9.416373e-01 
  809.000  9.143789e-01 
  810.000  9.017805e-01 
  811.000  9.100516e-01 
  812.000  8.806013e-01 
  813.000  8.366131e-01 
  814.000  7.611104e-01 
  815.000  7.180694e-01 
  816.000  7.530143e-01 
  817.000  5.986193e-01 
  818.000  7.186648e-01 
  819.000  7.375788e-01 
  820.000  7.040848e-01 
  821.000  8.908983e-01 
  822.000  8.444437e-01 
  823.000  5.555331e-01 
  824.000  7.914949e-01 
  825.000  8.705130e-01 
  826.000  7.968781e-01 
  827.000  8.651584e-01 
  828.000  7.122015e-01 
  829.000  8.294383e-01 
  830.000  8.060421e-01 
  831.000  8.121638e-01 
  832.000  8.137708e-01 
  833.000  8.569953e-01 
  834.000  8.715793e-01 
  835.000  8.946917e-01 
  836.000  9.058987e-01 
  837.000  8.957038e-01 
  838.000  9.243332e-01 
  839.000  9.330660e-01 
  840.000  9.375130e-01 
  841.000  9.375130e-01 
  842.000  9.151675e-01 
  843.000  9.553565e-01 
  844.000  9.295137e-01 
  845.000  9.494762e-01 
  846.000  9.555319e-01 
  847.000  9.603316e-01 
  848.000  9.541091e-01 
  849.000  9.567024e-01 
  850.000  9.544896e-01 
  851.000  9.495379e-01 
  852.000  9.594934e-01 
  853.000  9.604443e-01 
  854.000  9.595556e-01 
  855.000  9.595556e-01 
  856.000  9.603737e-01 
  857.000  9.656850e-01 
  858.000  9.606128e-01 
  859.000  9.638064e-01 
  860.000  9.670799e-01 
  861.000  9.657193e-01 
  862.000  9.672536e-01 
  863.000  9.676389e-01 
  864.000  9.680464e-01 
  865.000  9.680464e-01 
  866.000  9.682678e-01 
  867.000  9.684286e-01 
  868.000  9.685065e-01 
  869.000  9.685608e-01 
  870.000  9.684123e-01 
  871.000  9.689401e-01 
  872.000  9.691114e-01 
  873.000  9.687499e-01 
  874.000  9.687499e-01 
  875.000  9.696139e-01 
  876.000  9.697331e-01 
  877.000  9.693930e-01 
  878.000  9.692659e-01 
  879.000  9.691773e-01 
  880.000  9.699801e-01 
  881.000  9.699801e-01 
  882.000  9.673724e-01 
  883.000  9.678267e-01 
  884.000  9.683455e-01 
  885.000  9.689943e-01 
  886.000  9.526083e-01 
  887.000  9.676034e-01 
  888.000  9.676034e-01 
  889.000  9.639775e-01 
  890.000  9.551432e-01 
  891.000  9.680505e-01 
  892.000  9.529008e-01 
  893.000  9.217273e-01 
  894.000  9.217273e-01 
  895.000  8.717259e-01 
  896.000  8.061852e-01 
  897.000  6.761069e-01 
  898.000  7.785883e-01 
  899.000  5.807956e-01 
  900.000  5.807956e-01 
  901.000  6.222817e-01 
  902.000  6.762935e-01 
  903.000  7.250979e-01 
  904.000  8.629034e-01 
  905.000  8.434247e-01 
  906.000  8.434247e-01 
  907.000  6.664972e-01 
  908.000  6.539751e-01 
  909.000  6.563603e-01 
  910.000  6.185646e-01 
  911.000  6.185646e-01 
  912.000  7.379972e-01 
  913.000  6.675941e-01 
  914.000  6.446173e-01 
  915.000  5.921983e-01 
  916.000  5.921983e-01 
  917.000  7.192641e-01 
  918.000  6.055430e-01 
  919.000  7.535474e-01 
  920.000  8.538840e-01 
  921.000  8.538840e-01 
  922.000  8.056476e-01 
  923.000  7.945623e-01 
  924.000  7.399861e-01 
  925.000  7.399861e-01 
  926.000  7.620654e-01 
  927.000  7.970163e-01 
  928.000  6.050267e-01 
  929.000  5.676683e-01 
  930.000  5.676683e-01 
  931.000  4.326804e-01 
  932.000  2.539239e-01 
  933.000  1.958776e-01 
  934.000  1.958776e-01 
  935.000  2.103864e-01 
  936.000  1.747545e-01 
  937.000  1.233722e-01 
  938.000  1.233722e-01 
  939.000  2.748632e-01 
  940.000  3.974971e-01 
  941.000  3.502880e-01 
  942.000  3.502880e-01 
  943.000  2.459801e-01 
  944.000  2.621113e-01 
  945.000  3.490441e-01 
  946.000  3.490441e-01 
  947.000  2.561671e-01 
  948.000  3.219181e-01 
  949.000  3.688198e-01 
  950.000  3.688198e-01 
  951.000  4.273334e-01 
  952.000  2.508713e-01 
  953.000  4.463899e-01 
  954.000  4.463899e-01 
  955.000  4.469671e-01 
  956.000  3.259994e-01 
  957.000  5.314620e-01 
  958.000  5.314620e-01 
  959.000  3.873272e-01 
  960.000  4.537546e-01 
  961.000  4.537546e-01 
  962.000  5.475886e-01 
  963.000  5.993884e-01 
  964.000  4.948754e-01 
  965.000  4.948754e-01 
  966.000  5.603426e-01 
  967.000  7.109408e-01 
  968.000  7.109408e-01 
  969.000  7.497543e-01 
  970.000  7.919758e-01 
  971.000  8.286853e-01 
  972.000  8.286853e-01 
  973.000  7.785808e-01 
  974.000  6.608723e-01 
  975.000  6.608723e-01 
  976.000  6.566136e-01 
  977.000  7.867485e-01 
  978.000  7.626707e-01 
  979.000  7.626707e-01 
  980.000  7.653154e-01 
  981.000  8.901380e-01 
  982.000  8.901380e-01 
  983.000  8.597318e-01 
  984.000  8.846461e-01 
  985.000  8.846461e-01 
  986.000  9.561679e-01 
  987.000  9.271609e-01 
  988.000  9.271609e-01 
  989.000  9.692770e-01 
  990.000  9.503465e-01 
  991.000  9.503465e-01 
  992.000  9.628444e-01 
  993.000  9.611868e-01 
  994.000  9.611868e-01 
  995.000  9.779557e-01 
  996.000  9.783185e-01 
  997.000  9.783185e-01 
  998.000  9.779804e-01 
  999.000  9.762922e-01 
 1000.000  9.762922e-01 
 1001.000  9.776462e-01 
 1002.000  9.532400e-01 
 1003.000  9.532400e-01 
 1004.000  9.771285e-01 
 1005.000  9.790293e-01 
 1006.000  9.790293e-01 
 1007.000  9.799510e-01 
 1008.000  9.735864e-01 
 1009.000  9.735864e-01 
 1010.000  9.540352e-01 
 1011.000  9.789515e-01 
 1012.000  9.789515e-01 
 1013.000  9.803232e-01 
 1014.000  9.797257e-01 
 1015.000  9.797257e-01 
 1016.000  9.806047e-01 
 1017.000  9.796985e-01 
 1018.000  9.796985e-01 
 1019.000  9.769946e-01 
 1020.000  9.812584e-01 
 1021.000  9.812584e-01 
 1022.000  9.775584e-01 
 1023.000  9.775584e-01 
 1024.000  9.773282e-01 
 1025.000  9.814082e-01 
 1026.000  9.814082e-01 
 1027.000  9.795018e-01 
 1028.000  9.818590e-01 
 1029.000  9.818590e-01 
 1030.000  9.830335e-01 
 1031.000  9.826272e-01 
 1032.000  9.826272e-01 
 1033.000  9.830940e-01 
 1034.000  9.830940e-01 
 1035.000  9.836214e-01 
 1036.000  9.829627e-01 
 1037.000  9.829627e-01 
 1038.000  9.828629e-01 
 1039.000  9.820847e-01 
 1040.000  9.820847e-01 
 1041.000  9.816117e-01 
 1042.000  9.816117e-01 
 1043.000  9.809368e-01 
 1044.000  9.798889e-01 
 1045.000  9.798889e-01 
 1046.000  9.784316e-01 
 1047.000  9.784316e-01 
 1048.000  9.769669e-01 
 1049.000  9.739674e-01 
 1050.000  9.739674e-01 
 1051.000  9.726962e-01 
 1052.000  9.726962e-01 
 1053.000  9.706846e-01 
 1054.000  9.689519e-01 
 1055.000  9.689519e-01 
 1056.000  9.669980e-01 
 1057.000  9.669980e-01 
 1058.000  9.651703e-01 
 1059.000  9.634101e-01 
 1060.000  9.634101e-01 
 1061.000  9.622914e-01 
 1062.000  9.622914e-01 
 1063.000  9.601519e-01 
 1064.000  9.573976e-01 
 1065.000  9.573976e-01 
 1066.000  9.610067e-01 
 1067.000  9.610067e-01 
 1068.000  9.590717e-01 
 1069.000  9.593123e-01 
 1070.000  9.593123e-01 
 1071.000  9.630906e-01 
 1072.000  9.630906e-01 
 1073.000  9.648426e-01 
 1074.000  9.648426e-01 
 1075.000  9.519403e-01 
 1076.000  9.476278e-01 
 1077.000  9.476278e-01 
 1078.000  9.613796e-01 
 1079.000  9.613796e-01 
 1080.000  9.466104e-01 
 1081.000  9.466104e-01 
 1082.000  9.509929e-01 
 1083.000  9.387240e-01 
 1084.000  9.387240e-01 
 1085.000  9.120504e-01 
 1086.000  9.120504e-01 
 1087.000  9.526156e-01 
 1088.000  9.526156e-01 
 1089.000  9.304755e-01 
 1090.000  9.214835e-01 
 1091.000  9.214835e-01 
 1092.000  8.886294e-01 
 1093.000  8.886294e-01 
 1094.000  8.931260e-01 
 1095.000  8.931260e-01 
 1096.000  8.734743e-01 
 1097.000  8.734743e-01 
 1098.000  8.436514e-01 
 1099.000  7.598667e-01 
 1100.000  7.598667e-01 
 1101.000  7.677981e-01 
 1102.000  7.677981e-01 
 1103.000  7.301517e-01 
 1104.000  7.301517e-01 
 1105.000  7.061882e-01 
 1106.000  7.061882e-01 
 1107.000  7.166169e-01 
 1108.000  7.166169e-01 
 1109.000  6.583751e-01 
 1110.000  6.552881e-01 
 1111.000  6.552881e-01 
 1112.000  5.871261e-01 
 1113.000  5.871261e-01 
 1114.000  4.706494e-01 
 1115.000  4.706494e-01 
 1116.000  2.247662e-01 
 1117.000  2.247662e-01 
 1118.000  3.051792e-01 
 1119.000  3.051792e-01 
 1120.000  2.090299e-01 
 1121.000  2.090299e-01 
 1122.000  9.508006e-02 
 1123.000  2.408426e-01 
 1124.000  2.408426e-01 
 1125.000  9.459145e-02 
 1126.000  9.459145e-02 
 1127.000  1.254851e-01 
 1128.000  1.254851e-01 
 1129.000  1.107358e-01 
 1130.000  1.107358e-01 
 1131.000  3.813356e-01 
 1132.000  3.813356e-01 
 1133.000  1.344657e-01 
 1134.000  1.344657e-01 
 1135.000  6.755691e-02 
 1136.000  6.755691e-02 
 1137.000  3.649603e-01 
 1138.000  3.649603e-01 
 1139.000  3.612757e-01 
 1140.000  3.612757e-01 
 1141.000  3.176684e-01 
 1142.000  3.176684e-01 
 1143.000  3.839604e-01 
 1144.000  3.839604e-01 
 1145.000  1.490586e-01 
 1146.000  1.490586e-01 
 1147.000  1.645656e-01 
 1148.000  1.645656e-01 
 1149.000  3.052155e-01 
 1150.000  3.052155e-01 
 1151.000  3.590243e-01 
 1152.000  3.590243e-01 
 1153.000  3.294328e-01 
 1154.000  3.294328e-01 
 1155.000  4.003448e-01 
 1156.000  4.003448e-01 
 1157.000  5.320518e-01 
 1158.000  5.320518e-01 
 1159.000  6.218565e-01 
 1160.000  6.218565e-01 
 1161.000  6.064390e-01 
 1162.000  6.064390e-01 
 1163.000  7.496721e-01 
 1164.000  7.496721e-01 
 1165.000  6.915938e-01 
 1166.000  6.915938e-01 
 1167.000  7.714472e-01 
 1168.000  7.714472e-01 
 1169.000  7.792444e-01 
 1170.000  7.792444e-01 
 1171.000  8.126189e-01 
 1172.000  8.126189e-01 
 1173.000  6.678313e-01 
 1174.000  6.678313e-01 
 1175.000  8.798263e-01 
 1176.000  8.798263e-01 
 1177.000  7.456917e-01 
 1178.000  7.456917e-01 
 1179.000  8.529526e-01 
 1180.000  8.529526e-01 
 1181.000  6.818461e-01 
 1182.000  6.818461e-01 
 1183.000  7.939483e-01 
 1184.000  7.939483e-01 
 1185.000  8.143624e-01 
 1186.000  8.143624e-01 
 1187.000  7.039775e-01 
 1188.000  7.039775e-01 
 1189.000  7.039775e-01 
 1190.000  8.021379e-01 
 1191.000  8.021379e-01 
 1192.000  8.913093e-01 
 1193.000  8.913093e-01 
 1194.000  8.305406e-01 
 1195.000  8.305406e-01 
 1196.000  8.259621e-01 
 1197.000  8.259621e-01 
 1198.000  7.762311e-01 
 1199.000  7.762311e-01 
 1200.000  7.860293e-01 
