  250.000  0.000000e+00 
  251.000  0.000000e+00 
  252.000  0.000000e+00 
  253.000  0.000000e+00 
  254.000  0.000000e+00 
  255.000  0.000000e+00 
  256.000  0.000000e+00 
  257.000  0.000000e+00 
  258.000  0.000000e+00 
  259.000  0.000000e+00 
  260.000  0.000000e+00 
  261.000  0.000000e+00 
  262.000  0.000000e+00 
  263.000  0.000000e+00 
  264.000  0.000000e+00 
  265.000  0.000000e+00 
  266.000  0.000000e+00 
  267.000  0.000000e+00 
  268.000  0.000000e+00 
  269.000  0.000000e+00 
  270.000  0.000000e+00 
  271.000  0.000000e+00 
  272.000  0.000000e+00 
  273.000  0.000000e+00 
  274.000  0.000000e+00 
  275.000  0.000000e+00 
  276.000  0.000000e+00 
  277.000  0.000000e+00 
  278.000  0.000000e+00 
  279.000  0.000000e+00 
  280.000  0.000000e+00 
  281.000  0.000000e+00 
  282.000  0.000000e+00 
  283.000  0.000000e+00 
  284.000  0.000000e+00 
  285.000  0.000000e+00 
  286.000  0.000000e+00 
  287.000  0.000000e+00 
  288.000  0.000000e+00 
  289.000  0.000000e+00 
  290.000  4.577041e-13 
  291.000  6.173573e-12 
  292.000  2.244984e-10 
  293.000  1.818295e-09 
  294.000  2.020836e-08 
  295.000  9.077838e-08 
  296.000  8.094339e-07 
  297.000  2.885711e-06 
  298.000  1.319705e-05 
  299.000  3.732113e-05 
  300.000  1.117318e-04 
  301.000  2.703582e-04 
  302.000  5.735576e-04 
  303.000  1.428324e-03 
  304.000  1.940130e-03 
  305.000  4.088551e-03 
  306.000  6.103355e-03 
  307.000  1.014932e-02 
  308.000  1.385245e-02 
  309.000  1.878793e-02 
  310.000  2.765466e-02 
  311.000  3.223789e-02 
  312.000  4.036895e-02 
  313.000  5.140389e-02 
  314.000  5.604666e-02 
  315.000  7.127809e-02 
  316.000  7.547186e-02 
  317.000  8.900470e-02 
  318.000  9.639493e-02 
  319.000  1.193308e-01 
  320.000  1.046627e-01 
  321.000  1.397475e-01 
  322.000  1.252605e-01 
  323.000  1.428806e-01 
  324.000  1.676291e-01 
  325.000  1.502151e-01 
  326.000  1.763453e-01 
  327.000  1.844520e-01 
  328.000  1.715681e-01 
  329.000  2.022989e-01 
  330.000  2.079806e-01 
  331.000  1.951639e-01 
  332.000  2.175710e-01 
  333.000  2.226045e-01 
  334.000  2.201934e-01 
  335.000  2.346387e-01 
  336.000  2.410388e-01 
  337.000  2.376595e-01 
  338.000  2.478161e-01 
  339.000  2.551794e-01 
  340.000  2.544903e-01 
  341.000  2.630670e-01 
  342.000  2.689962e-01 
  343.000  2.731237e-01 
  344.000  2.723174e-01 
  345.000  2.817320e-01 
  346.000  2.864740e-01 
  347.000  2.906064e-01 
  348.000  2.951324e-01 
  349.000  3.005030e-01 
  350.000  3.048642e-01 
  351.000  3.097180e-01 
  352.000  3.138615e-01 
  353.000  3.188376e-01 
  354.000  3.224516e-01 
  355.000  3.263925e-01 
  356.000  3.313807e-01 
  357.000  3.346782e-01 
  358.000  3.383393e-01 
  359.000  3.419535e-01 
  360.000  3.455073e-01 
  361.000  3.492548e-01 
  362.000  3.550044e-01 
  363.000  3.599210e-01 
  364.000  3.648272e-01 
  365.000  3.689741e-01 
  366.000  3.735611e-01 
  367.000  3.778967e-01 
  368.000  3.820527e-01 
  369.000  3.855508e-01 
  370.000  3.897334e-01 
  371.000  3.941544e-01 
  372.000  3.978516e-01 
  373.000  4.023619e-01 
  374.000  4.066815e-01 
  375.000  4.101889e-01 
  376.000  4.138660e-01 
  377.000  4.180423e-01 
  378.000  4.212841e-01 
  379.000  4.248202e-01 
  380.000  4.282403e-01 
  381.000  4.319586e-01 
  382.000  4.369439e-01 
  383.000  4.420425e-01 
  384.000  4.455434e-01 
  385.000  4.500303e-01 
  386.000  4.536222e-01 
  387.000  4.578700e-01 
  388.000  4.612201e-01 
  389.000  4.646334e-01 
  390.000  4.689133e-01 
  391.000  4.724322e-01 
  392.000  4.754075e-01 
  393.000  4.803528e-01 
  394.000  4.837859e-01 
  395.000  4.871233e-01 
  396.000  4.913457e-01 
  397.000  4.951624e-01 
  398.000  4.978628e-01 
  399.000  5.015214e-01 
  400.000  5.046962e-01 
  401.000  5.088729e-01 
  402.000  5.126189e-01 
  403.000  5.164788e-01 
  404.000  5.190843e-01 
  405.000  5.226753e-01 
  406.000  5.260551e-01 
  407.000  5.304461e-01 
  408.000  5.326395e-01 
  409.000  5.358047e-01 
  410.000  5.391369e-01 
  411.000  5.428760e-01 
  412.000  5.467318e-01 
  413.000  5.488593e-01 
  414.000  5.528503e-01 
  415.000  5.559956e-01 
  416.000  5.600493e-01 
  417.000  5.624522e-01 
  418.000  5.651987e-01 
  419.000  5.690956e-01 
  420.000  5.717366e-01 
  421.000  5.747998e-01 
  422.000  5.773114e-01 
  423.000  5.807602e-01 
  424.000  5.834351e-01 
  425.000  5.874258e-01 
  426.000  5.903887e-01 
  427.000  5.931892e-01 
  428.000  5.957269e-01 
  429.000  5.993494e-01 
  430.000  6.023709e-01 
  431.000  6.035864e-01 
  432.000  6.078082e-01 
  433.000  6.107590e-01 
  434.000  6.126912e-01 
  435.000  6.147271e-01 
  436.000  6.181351e-01 
  437.000  6.225867e-01 
  438.000  6.248700e-01 
  439.000  6.255277e-01 
  440.000  6.288748e-01 
  441.000  6.317703e-01 
  442.000  6.351245e-01 
  443.000  6.367331e-01 
  444.000  6.395052e-01 
  445.000  6.399679e-01 
  446.000  6.430231e-01 
  447.000  6.470356e-01 
  448.000  6.472940e-01 
  449.000  6.516343e-01 
  450.000  6.552154e-01 
  451.000  6.573786e-01 
  452.000  6.591543e-01 
  453.000  6.617985e-01 
  454.000  6.654801e-01 
  455.000  6.667512e-01 
  456.000  6.688974e-01 
  457.000  6.713688e-01 
  458.000  6.730083e-01 
  459.000  6.751924e-01 
  460.000  6.765628e-01 
  461.000  6.788367e-01 
  462.000  6.819875e-01 
  463.000  6.822026e-01 
  464.000  6.852946e-01 
  465.000  6.874331e-01 
  466.000  6.912819e-01 
  467.000  6.925489e-01 
  468.000  6.948162e-01 
  469.000  6.962221e-01 
  470.000  6.981391e-01 
  471.000  7.008526e-01 
  472.000  7.017317e-01 
  473.000  7.023035e-01 
  474.000  7.011519e-01 
  475.000  7.011307e-01 
  476.000  7.022051e-01 
  477.000  7.030624e-01 
  478.000  7.041640e-01 
  479.000  7.063336e-01 
  480.000  7.090548e-01 
  481.000  7.135118e-01 
  482.000  7.171291e-01 
  483.000  7.204273e-01 
  484.000  7.221396e-01 
  485.000  7.232834e-01 
  486.000  7.243872e-01 
  487.000  7.273458e-01 
  488.000  7.287322e-01 
  489.000  7.298051e-01 
  490.000  7.327126e-01 
  491.000  7.344385e-01 
  492.000  7.360590e-01 
  493.000  7.376523e-01 
  494.000  7.387533e-01 
  495.000  7.399772e-01 
  496.000  7.408601e-01 
  497.000  7.423164e-01 
  498.000  7.433801e-01 
  499.000  7.447198e-01 
  500.000  7.456445e-01 
  501.000  7.454227e-01 
  502.000  7.433457e-01 
  503.000  7.403926e-01 
  504.000  7.364154e-01 
  505.000  7.435173e-01 
  506.000  7.429474e-01 
  507.000  7.430717e-01 
  508.000  7.483791e-01 
  509.000  7.515235e-01 
  510.000  7.545793e-01 
  511.000  7.561640e-01 
  512.000  7.575442e-01 
  513.000  7.603351e-01 
  514.000  7.613797e-01 
  515.000  7.634051e-01 
  516.000  7.642016e-01 
  517.000  7.656324e-01 
  518.000  7.659556e-01 
  519.000  7.668575e-01 
  520.000  7.673170e-01 
  521.000  7.684503e-01 
  522.000  7.687460e-01 
  523.000  7.691817e-01 
  524.000  7.693685e-01 
  525.000  7.685099e-01 
  526.000  7.690467e-01 
  527.000  7.687889e-01 
  528.000  7.687147e-01 
  529.000  7.683167e-01 
  530.000  7.684070e-01 
  531.000  7.690455e-01 
  532.000  7.695328e-01 
  533.000  7.703906e-01 
  534.000  7.714795e-01 
  535.000  7.722036e-01 
  536.000  7.734019e-01 
  537.000  7.746415e-01 
  538.000  7.753087e-01 
  539.000  7.753690e-01 
  540.000  7.763063e-01 
  541.000  7.724779e-01 
  542.000  7.743050e-01 
  543.000  7.773652e-01 
  544.000  7.783569e-01 
  545.000  7.760662e-01 
  546.000  7.746038e-01 
  547.000  7.781938e-01 
  548.000  7.816681e-01 
  549.000  7.821764e-01 
  550.000  7.822896e-01 
  551.000  7.845024e-01 
  552.000  7.848805e-01 
  553.000  7.855940e-01 
  554.000  7.862600e-01 
  555.000  7.868009e-01 
  556.000  7.864857e-01 
  557.000  7.858427e-01 
  558.000  7.853490e-01 
  559.000  7.847097e-01 
  560.000  7.840598e-01 
  561.000  7.835456e-01 
  562.000  7.832813e-01 
  563.000  7.826093e-01 
  564.000  7.819272e-01 
  565.000  7.813413e-01 
  566.000  7.811120e-01 
  567.000  7.797686e-01 
  568.000  7.784968e-01 
  569.000  7.677245e-01 
  570.000  7.663051e-01 
  571.000  7.710102e-01 
  572.000  7.646725e-01 
  573.000  7.685116e-01 
  574.000  7.653985e-01 
  575.000  7.679815e-01 
  576.000  7.669840e-01 
  577.000  7.670200e-01 
  578.000  7.725821e-01 
  579.000  7.750573e-01 
  580.000  7.776100e-01 
  581.000  7.812076e-01 
  582.000  7.840741e-01 
  583.000  7.872026e-01 
  584.000  7.907717e-01 
  585.000  7.912939e-01 
  586.000  7.936674e-01 
  587.000  7.937913e-01 
  588.000  7.889694e-01 
  589.000  7.535599e-01 
  590.000  7.492356e-01 
  591.000  7.653151e-01 
  592.000  7.380005e-01 
  593.000  7.823919e-01 
  594.000  7.603151e-01 
  595.000  7.721846e-01 
  596.000  7.804847e-01 
  597.000  7.832363e-01 
  598.000  7.830728e-01 
  599.000  7.929044e-01 
  600.000  7.944470e-01 
  601.000  7.996528e-01 
  602.000  8.025360e-01 
  603.000  8.034866e-01 
  604.000  8.052141e-01 
  605.000  8.059138e-01 
  606.000  8.079684e-01 
  607.000  8.096510e-01 
  608.000  8.116255e-01 
  609.000  8.124359e-01 
  610.000  8.140399e-01 
  611.000  8.153408e-01 
  612.000  8.172342e-01 
  613.000  8.188304e-01 
  614.000  8.199794e-01 
  615.000  8.213166e-01 
  616.000  8.231869e-01 
  617.000  8.245307e-01 
  618.000  8.254294e-01 
  619.000  8.267407e-01 
  620.000  8.278424e-01 
  621.000  8.286163e-01 
  622.000  8.289542e-01 
  623.000  8.296127e-01 
  624.000  8.297695e-01 
  625.000  8.301598e-01 
  626.000  8.300501e-01 
  627.000  8.287374e-01 
  628.000  7.910675e-01 
  629.000  8.105903e-01 
  630.000  8.208965e-01 
  631.000  8.309485e-01 
  632.000  8.314694e-01 
  633.000  8.351028e-01 
  634.000  8.385621e-01 
  635.000  8.404750e-01 
  636.000  8.428420e-01 
  637.000  8.466915e-01 
  638.000  8.512621e-01 
  639.000  8.530688e-01 
  640.000  8.547051e-01 
  641.000  8.564191e-01 
  642.000  8.597461e-01 
  643.000  8.588927e-01 
  644.000  8.619404e-01 
  645.000  8.623074e-01 
  646.000  8.497902e-01 
  647.000  8.359714e-01 
  648.000  8.197128e-01 
  649.000  8.316937e-01 
  650.000  8.613417e-01 
  651.000  8.659865e-01 
  652.000  8.578573e-01 
  653.000  8.679535e-01 
  654.000  8.661976e-01 
  655.000  8.366891e-01 
  656.000  8.575541e-01 
  657.000  8.637598e-01 
  658.000  8.744772e-01 
  659.000  8.810442e-01 
  660.000  8.801350e-01 
  661.000  8.837128e-01 
  662.000  8.839199e-01 
  663.000  8.831157e-01 
  664.000  8.855206e-01 
  665.000  8.868922e-01 
  666.000  8.880069e-01 
  667.000  8.899300e-01 
  668.000  8.906567e-01 
  669.000  8.918656e-01 
  670.000  8.927776e-01 
  671.000  8.942876e-01 
  672.000  8.946154e-01 
  673.000  8.958717e-01 
  674.000  8.963553e-01 
  675.000  8.976594e-01 
  676.000  8.980129e-01 
  677.000  8.987432e-01 
  678.000  8.998742e-01 
  679.000  9.004506e-01 
  680.000  9.015582e-01 
  681.000  9.016669e-01 
  682.000  9.035013e-01 
  683.000  9.023839e-01 
  684.000  9.033021e-01 
  685.000  9.057370e-01 
  686.000  9.058630e-01 
  687.000  5.721132e-01 
  688.000  7.365543e-01 
  689.000  7.851014e-01 
  690.000  8.206249e-01 
  691.000  8.430044e-01 
  692.000  8.809509e-01 
  693.000  8.422844e-01 
  694.000  7.814953e-01 
  695.000  8.416516e-01 
  696.000  8.258032e-01 
  697.000  9.017995e-01 
  698.000  9.010054e-01 
  699.000  8.599896e-01 
  700.000  8.677282e-01 
  701.000  8.316917e-01 
  702.000  8.480302e-01 
  703.000  8.643493e-01 
  704.000  8.721535e-01 
  705.000  8.744518e-01 
  706.000  8.856571e-01 
  707.000  8.956475e-01 
  708.000  9.064927e-01 
  709.000  9.065773e-01 
  710.000  9.011106e-01 
  711.000  9.114562e-01 
  712.000  9.068913e-01 
  713.000  9.149293e-01 
  714.000  9.062740e-01 
  715.000  8.858765e-01 
  716.000  8.908802e-01 
  717.000  8.209007e-01 
  718.000  6.941794e-01 
  719.000  6.382754e-01 
  720.000  6.656771e-01 
  721.000  8.536485e-01 
  722.000  8.484481e-01 
  723.000  8.351373e-01 
  724.000  6.903862e-01 
  725.000  6.879138e-01 
  726.000  7.798076e-01 
  727.000  7.330837e-01 
  728.000  6.711010e-01 
  729.000  6.905168e-01 
  730.000  7.905729e-01 
  731.000  7.463910e-01 
  732.000  7.740068e-01 
  733.000  8.585986e-01 
  734.000  8.986138e-01 
  735.000  8.666111e-01 
  736.000  8.886843e-01 
  737.000  8.880151e-01 
  738.000  9.034161e-01 
  739.000  9.076412e-01 
  740.000  9.267075e-01 
  741.000  9.356376e-01 
  742.000  9.358257e-01 
  743.000  9.358089e-01 
  744.000  9.382569e-01 
  745.000  9.393912e-01 
  746.000  9.411411e-01 
  747.000  9.413419e-01 
  748.000  9.418007e-01 
  749.000  9.417204e-01 
  750.000  9.422552e-01 
  751.000  9.422053e-01 
  752.000  9.438236e-01 
  753.000  9.441667e-01 
  754.000  9.443199e-01 
  755.000  9.444415e-01 
  756.000  9.444926e-01 
  757.000  9.456258e-01 
  758.000  9.463165e-01 
  759.000  9.345919e-01 
  760.000  2.710369e-01 
  761.000  1.393109e-01 
  762.000  5.409591e-01 
  763.000  4.227032e-01 
  764.000  5.097367e-01 
  765.000  6.645126e-01 
  766.000  8.077004e-01 
  767.000  8.635433e-01 
  768.000  9.258407e-01 
  769.000  9.420378e-01 
  770.000  9.422191e-01 
  771.000  9.481733e-01 
  772.000  9.502255e-01 
  773.000  9.503836e-01 
  774.000  9.503299e-01 
  775.000  9.505767e-01 
  776.000  9.508434e-01 
  777.000  9.511489e-01 
  778.000  9.513324e-01 
  779.000  9.515315e-01 
  780.000  9.516978e-01 
  781.000  9.521983e-01 
  782.000  9.522148e-01 
  783.000  9.527406e-01 
  784.000  9.515404e-01 
  785.000  9.499383e-01 
  786.000  9.421871e-01 
  787.000  9.427750e-01 
  788.000  9.299419e-01 
  789.000  9.276027e-01 
  790.000  9.039580e-01 
  791.000  9.065925e-01 
  792.000  9.145876e-01 
  793.000  9.227908e-01 
  794.000  9.528772e-01 
  795.000  9.397225e-01 
  796.000  8.770767e-01 
  797.000  9.251313e-01 
  798.000  9.271085e-01 
  799.000  9.357398e-01 
  800.000  9.083201e-01 
  801.000  8.968263e-01 
  802.000  9.152617e-01 
  803.000  9.089167e-01 
  804.000  9.082372e-01 
  805.000  9.232283e-01 
  806.000  9.469817e-01 
  807.000  9.317698e-01 
  808.000  9.473170e-01 
  809.000  9.223909e-01 
  810.000  9.109489e-01 
  811.000  9.185762e-01 
  812.000  8.915030e-01 
  813.000  8.500797e-01 
  814.000  7.788656e-01 
  815.000  7.350557e-01 
  816.000  7.696816e-01 
  817.000  6.172236e-01 
  818.000  7.342414e-01 
  819.000  7.552758e-01 
  820.000  7.203309e-01 
  821.000  9.007748e-01 
  822.000  8.578403e-01 
  823.000  5.736534e-01 
  824.000  8.082522e-01 
  825.000  8.813846e-01 
  826.000  8.121044e-01 
  827.000  8.765665e-01 
  828.000  7.303850e-01 
  829.000  8.429430e-01 
  830.000  8.204675e-01 
  831.000  8.262295e-01 
  832.000  8.281963e-01 
  833.000  8.695833e-01 
  834.000  8.824480e-01 
  835.000  9.042487e-01 
  836.000  9.144164e-01 
  837.000  9.050289e-01 
  838.000  9.315493e-01 
  839.000  9.394442e-01 
  840.000  9.434907e-01 
  841.000  9.434907e-01 
  842.000  9.230461e-01 
  843.000  9.597297e-01 
  844.000  9.361539e-01 
  845.000  9.544115e-01 
  846.000  9.598883e-01 
  847.000  9.642266e-01 
  848.000  9.586018e-01 
  849.000  9.609464e-01 
  850.000  9.589336e-01 
  851.000  9.544049e-01 
  852.000  9.634691e-01 
  853.000  9.643284e-01 
  854.000  9.635146e-01 
  855.000  9.635146e-01 
  856.000  9.642647e-01 
  857.000  9.690629e-01 
  858.000  9.644806e-01 
  859.000  9.673659e-01 
  860.000  9.703225e-01 
  861.000  9.690939e-01 
  862.000  9.704794e-01 
  863.000  9.708274e-01 
  864.000  9.711953e-01 
  865.000  9.711953e-01 
  866.000  9.713952e-01 
  867.000  9.715403e-01 
  868.000  9.716107e-01 
  869.000  9.716598e-01 
  870.000  9.715256e-01 
  871.000  9.720021e-01 
  872.000  9.721569e-01 
  873.000  9.718305e-01 
  874.000  9.718305e-01 
  875.000  9.726105e-01 
  876.000  9.727185e-01 
  877.000  9.724110e-01 
  878.000  9.722964e-01 
  879.000  9.722160e-01 
  880.000  9.729410e-01 
  881.000  9.729410e-01 
  882.000  9.705867e-01 
  883.000  9.709969e-01 
  884.000  9.714653e-01 
  885.000  9.720511e-01 
  886.000  9.571825e-01 
  887.000  9.707953e-01 
  888.000  9.707953e-01 
  889.000  9.675207e-01 
  890.000  9.594745e-01 
  891.000  9.711990e-01 
  892.000  9.574941e-01 
  893.000  9.291160e-01 
  894.000  9.291160e-01 
  895.000  8.814625e-01 
  896.000  8.197643e-01 
  897.000  6.907935e-01 
  898.000  7.942911e-01 
  899.000  5.977637e-01 
  900.000  5.977637e-01 
  901.000  6.405596e-01 
  902.000  6.913850e-01 
  903.000  7.406520e-01 
  904.000  8.740646e-01 
  905.000  8.550102e-01 
  906.000  8.550102e-01 
  907.000  6.827920e-01 
  908.000  6.709201e-01 
  909.000  6.733325e-01 
  910.000  6.358333e-01 
  911.000  6.358333e-01 
  912.000  7.559821e-01 
  913.000  6.861781e-01 
  914.000  6.621481e-01 
  915.000  6.104985e-01 
  916.000  6.104985e-01 
  917.000  7.398210e-01 
  918.000  6.256814e-01 
  919.000  7.668710e-01 
  920.000  8.663147e-01 
  921.000  8.663147e-01 
  922.000  8.206491e-01 
  923.000  8.099627e-01 
  924.000  7.595354e-01 
  925.000  7.595354e-01 
  926.000  7.801685e-01 
  927.000  8.135187e-01 
  928.000  6.258051e-01 
  929.000  5.895904e-01 
  930.000  5.895904e-01 
  931.000  4.560710e-01 
  932.000  2.738501e-01 
  933.000  2.186893e-01 
  934.000  2.186893e-01 
  935.000  2.304363e-01 
  936.000  1.954379e-01 
  937.000  1.414363e-01 
  938.000  1.414363e-01 
  939.000  2.968708e-01 
  940.000  4.246930e-01 
  941.000  3.779437e-01 
  942.000  3.779437e-01 
  943.000  2.697178e-01 
  944.000  2.852642e-01 
  945.000  3.737334e-01 
  946.000  3.737334e-01 
  947.000  2.798270e-01 
  948.000  3.450674e-01 
  949.000  3.955397e-01 
  950.000  3.955397e-01 
  951.000  4.514039e-01 
  952.000  2.742264e-01 
  953.000  4.698187e-01 
  954.000  4.698187e-01 
  955.000  4.717883e-01 
  956.000  3.465752e-01 
  957.000  5.518491e-01 
  958.000  5.518491e-01 
  959.000  4.083651e-01 
  960.000  4.760191e-01 
  961.000  4.760191e-01 
  962.000  5.688577e-01 
  963.000  6.202475e-01 
  964.000  5.142161e-01 
  965.000  5.142161e-01 
  966.000  5.833012e-01 
  967.000  7.263064e-01 
  968.000  7.263064e-01 
  969.000  7.640860e-01 
  970.000  8.077266e-01 
  971.000  8.421707e-01 
  972.000  8.421707e-01 
  973.000  7.955866e-01 
  974.000  6.783202e-01 
  975.000  6.783202e-01 
  976.000  6.740061e-01 
  977.000  7.993385e-01 
  978.000  7.767978e-01 
  979.000  7.767978e-01 
  980.000  7.791809e-01 
  981.000  8.999873e-01 
  982.000  8.999873e-01 
  983.000  8.700235e-01 
  984.000  8.947046e-01 
  985.000  8.947046e-01 
  986.000  9.604132e-01 
  987.000  9.339151e-01 
  988.000  9.339151e-01 
  989.000  9.722965e-01 
  990.000  9.551008e-01 
  991.000  9.551008e-01 
  992.000  9.664495e-01 
  993.000  9.649501e-01 
  994.000  9.649501e-01 
  995.000  9.801381e-01 
  996.000  9.804654e-01 
  997.000  9.804654e-01 
  998.000  9.801605e-01 
  999.000  9.786375e-01 
 1000.000  9.786375e-01 
 1001.000  9.798589e-01 
 1002.000  9.576615e-01 
 1003.000  9.576615e-01 
 1004.000  9.793918e-01 
 1005.000  9.811064e-01 
 1006.000  9.811064e-01 
 1007.000  9.819377e-01 
 1008.000  9.761961e-01 
 1009.000  9.761961e-01 
 1010.000  9.583730e-01 
 1011.000  9.810362e-01 
 1012.000  9.810362e-01 
 1013.000  9.822733e-01 
 1014.000  9.817345e-01 
 1015.000  9.817345e-01 
 1016.000  9.825272e-01 
 1017.000  9.817099e-01 
 1018.000  9.817099e-01 
 1019.000  9.792711e-01 
 1020.000  9.831166e-01 
 1021.000  9.831166e-01 
 1022.000  9.797798e-01 
 1023.000  9.797798e-01 
 1024.000  9.795721e-01 
 1025.000  9.832518e-01 
 1026.000  9.832518e-01 
 1027.000  9.815326e-01 
 1028.000  9.836581e-01 
 1029.000  9.836581e-01 
 1030.000  9.847172e-01 
 1031.000  9.843508e-01 
 1032.000  9.843508e-01 
 1033.000  9.847717e-01 
 1034.000  9.847717e-01 
 1035.000  9.852471e-01 
 1036.000  9.846533e-01 
 1037.000  9.846533e-01 
 1038.000  9.845634e-01 
 1039.000  9.838617e-01 
 1040.000  9.838617e-01 
 1041.000  9.834352e-01 
 1042.000  9.834352e-01 
 1043.000  9.828267e-01 
 1044.000  9.818816e-01 
 1045.000  9.818816e-01 
 1046.000  9.805673e-01 
 1047.000  9.805673e-01 
 1048.000  9.792462e-01 
 1049.000  9.765400e-01 
 1050.000  9.765400e-01 
 1051.000  9.753928e-01 
 1052.000  9.753928e-01 
 1053.000  9.735771e-01 
 1054.000  9.720129e-01 
 1055.000  9.720129e-01 
 1056.000  9.702486e-01 
 1057.000  9.702486e-01 
 1058.000  9.685979e-01 
 1059.000  9.670080e-01 
 1060.000  9.670080e-01 
 1061.000  9.659973e-01 
 1062.000  9.659973e-01 
 1063.000  9.640642e-01 
 1064.000  9.615749e-01 
 1065.000  9.615749e-01 
 1066.000  9.648366e-01 
 1067.000  9.648366e-01 
 1068.000  9.630880e-01 
 1069.000  9.633054e-01 
 1070.000  9.633054e-01 
 1071.000  9.667194e-01 
 1072.000  9.667194e-01 
 1073.000  9.683020e-01 
 1074.000  9.683020e-01 
 1075.000  9.565288e-01 
 1076.000  9.525664e-01 
 1077.000  9.525664e-01 
 1078.000  9.651214e-01 
 1079.000  9.651214e-01 
 1080.000  9.516331e-01 
 1081.000  9.516331e-01 
 1082.000  9.556535e-01 
 1083.000  9.444128e-01 
 1084.000  9.444128e-01 
 1085.000  9.200441e-01 
 1086.000  9.200441e-01 
 1087.000  9.571040e-01 
 1088.000  9.571040e-01 
 1089.000  9.367862e-01 
 1090.000  9.283535e-01 
 1091.000  9.283535e-01 
 1092.000  8.981739e-01 
 1093.000  8.981739e-01 
 1094.000  9.024935e-01 
 1095.000  9.024935e-01 
 1096.000  8.842847e-01 
 1097.000  8.842847e-01 
 1098.000  8.567328e-01 
 1099.000  7.759926e-01 
 1100.000  7.759926e-01 
 1101.000  7.831205e-01 
 1102.000  7.831205e-01 
 1103.000  7.473069e-01 
 1104.000  7.473069e-01 
 1105.000  7.241537e-01 
 1106.000  7.241537e-01 
 1107.000  7.330221e-01 
 1108.000  7.330221e-01 
 1109.000  6.761057e-01 
 1110.000  6.711016e-01 
 1111.000  6.711016e-01 
 1112.000  6.025915e-01 
 1113.000  6.025915e-01 
 1114.000  4.933511e-01 
 1115.000  4.933511e-01 
 1116.000  2.440832e-01 
 1117.000  2.440832e-01 
 1118.000  3.277951e-01 
 1119.000  3.277951e-01 
 1120.000  2.314866e-01 
 1121.000  2.314866e-01 
 1122.000  1.092819e-01 
 1123.000  2.668251e-01 
 1124.000  2.668251e-01 
 1125.000  1.102550e-01 
 1126.000  1.102550e-01 
 1127.000  1.444773e-01 
 1128.000  1.444773e-01 
 1129.000  1.291566e-01 
 1130.000  1.291566e-01 
 1131.000  4.110056e-01 
 1132.000  4.110056e-01 
 1133.000  1.534856e-01 
 1134.000  1.534856e-01 
 1135.000  7.876294e-02 
 1136.000  7.876294e-02 
 1137.000  3.965283e-01 
 1138.000  3.965283e-01 
 1139.000  3.846214e-01 
 1140.000  3.846214e-01 
 1141.000  3.456054e-01 
 1142.000  3.456054e-01 
 1143.000  4.099363e-01 
 1144.000  4.099363e-01 
 1145.000  1.700849e-01 
 1146.000  1.700849e-01 
 1147.000  1.851020e-01 
 1148.000  1.851020e-01 
 1149.000  3.270577e-01 
 1150.000  3.270577e-01 
 1151.000  3.865547e-01 
 1152.000  3.865547e-01 
 1153.000  3.548284e-01 
 1154.000  3.548284e-01 
 1155.000  4.261161e-01 
 1156.000  4.261161e-01 
 1157.000  5.548891e-01 
 1158.000  5.548891e-01 
 1159.000  6.421948e-01 
 1160.000  6.421948e-01 
 1161.000  6.252924e-01 
 1162.000  6.252924e-01 
 1163.000  7.643244e-01 
 1164.000  7.643244e-01 
 1165.000  7.076296e-01 
 1166.000  7.076296e-01 
 1167.000  7.875301e-01 
 1168.000  7.875301e-01 
 1169.000  7.939290e-01 
 1170.000  7.939290e-01 
 1171.000  8.257201e-01 
 1172.000  8.257201e-01 
 1173.000  6.846658e-01 
 1174.000  6.846658e-01 
 1175.000  8.903393e-01 
 1176.000  8.903393e-01 
 1177.000  7.601105e-01 
 1178.000  7.601105e-01 
 1179.000  8.626813e-01 
 1180.000  8.626813e-01 
 1181.000  6.965592e-01 
 1182.000  6.965592e-01 
 1183.000  8.063827e-01 
 1184.000  8.063827e-01 
 1185.000  8.288176e-01 
 1186.000  8.288176e-01 
 1187.000  7.207621e-01 
 1188.000  7.207621e-01 
 1189.000  7.207621e-01 
 1190.000  8.137187e-01 
 1191.000  8.137187e-01 
 1192.000  9.008624e-01 
 1193.000  9.008624e-01 
 1194.000  8.406348e-01 
 1195.000  8.406348e-01 
 1196.000  8.401960e-01 
 1197.000  8.401960e-01 
 1198.000  7.895448e-01 
 1199.000  7.895448e-01 
 1200.000  7.980075e-01 
