  250.000  0.000000e+00 
  251.000  0.000000e+00 
  252.000  0.000000e+00 
  253.000  0.000000e+00 
  254.000  0.000000e+00 
  255.000  0.000000e+00 
  256.000  0.000000e+00 
  257.000  0.000000e+00 
  258.000  0.000000e+00 
  259.000  0.000000e+00 
  260.000  0.000000e+00 
  261.000  0.000000e+00 
  262.000  0.000000e+00 
  263.000  0.000000e+00 
  264.000  0.000000e+00 
  265.000  0.000000e+00 
  266.000  0.000000e+00 
  267.000  0.000000e+00 
  268.000  0.000000e+00 
  269.000  0.000000e+00 
  270.000  0.000000e+00 
  271.000  0.000000e+00 
  272.000  0.000000e+00 
  273.000  0.000000e+00 
  274.000  0.000000e+00 
  275.000  0.000000e+00 
  276.000  0.000000e+00 
  277.000  0.000000e+00 
  278.000  0.000000e+00 
  279.000  0.000000e+00 
  280.000  0.000000e+00 
  281.000  0.000000e+00 
  282.000  0.000000e+00 
  283.000  0.000000e+00 
  284.000  0.000000e+00 
  285.000  0.000000e+00 
  286.000  0.000000e+00 
  287.000  0.000000e+00 
  288.000  0.000000e+00 
  289.000  0.000000e+00 
  290.000  0.000000e+00 
  291.000  0.000000e+00 
  292.000  1.926671e-12 
  293.000  2.537309e-11 
  294.000  4.719812e-10 
  295.000  3.104796e-09 
  296.000  4.372947e-08 
  297.000  2.136008e-07 
  298.000  1.421559e-06 
  299.000  5.171406e-06 
  300.000  1.971698e-05 
  301.000  5.901535e-05 
  302.000  1.468469e-04 
  303.000  4.388136e-04 
  304.000  6.573458e-04 
  305.000  1.599093e-03 
  306.000  2.619337e-03 
  307.000  4.815128e-03 
  308.000  7.093210e-03 
  309.000  1.018045e-02 
  310.000  1.637276e-02 
  311.000  1.977034e-02 
  312.000  2.601905e-02 
  313.000  3.475204e-02 
  314.000  3.889646e-02 
  315.000  5.181855e-02 
  316.000  5.560797e-02 
  317.000  6.717069e-02 
  318.000  7.450005e-02 
  319.000  9.585085e-02 
  320.000  8.192276e-02 
  321.000  1.157522e-01 
  322.000  1.015889e-01 
  323.000  1.182506e-01 
  324.000  1.437392e-01 
  325.000  1.256611e-01 
  326.000  1.519198e-01 
  327.000  1.607172e-01 
  328.000  1.466655e-01 
  329.000  1.785779e-01 
  330.000  1.844552e-01 
  331.000  1.705873e-01 
  332.000  1.937927e-01 
  333.000  1.990536e-01 
  334.000  1.956955e-01 
  335.000  2.111835e-01 
  336.000  2.176004e-01 
  337.000  2.135786e-01 
  338.000  2.239769e-01 
  339.000  2.316239e-01 
  340.000  2.305234e-01 
  341.000  2.391896e-01 
  342.000  2.453170e-01 
  343.000  2.492226e-01 
  344.000  2.479555e-01 
  345.000  2.575631e-01 
  346.000  2.624465e-01 
  347.000  2.665886e-01 
  348.000  2.710265e-01 
  349.000  2.763784e-01 
  350.000  2.806208e-01 
  351.000  2.855931e-01 
  352.000  2.896867e-01 
  353.000  2.946070e-01 
  354.000  2.981498e-01 
  355.000  3.020418e-01 
  356.000  3.069999e-01 
  357.000  3.102457e-01 
  358.000  3.138988e-01 
  359.000  3.175159e-01 
  360.000  3.210555e-01 
  361.000  3.247584e-01 
  362.000  3.304701e-01 
  363.000  3.353449e-01 
  364.000  3.402239e-01 
  365.000  3.443226e-01 
  366.000  3.489106e-01 
  367.000  3.532439e-01 
  368.000  3.573920e-01 
  369.000  3.608979e-01 
  370.000  3.650804e-01 
  371.000  3.695200e-01 
  372.000  3.731894e-01 
  373.000  3.777299e-01 
  374.000  3.820702e-01 
  375.000  3.856015e-01 
  376.000  3.892675e-01 
  377.000  3.934878e-01 
  378.000  3.967763e-01 
  379.000  4.003451e-01 
  380.000  4.037672e-01 
  381.000  4.075240e-01 
  382.000  4.125479e-01 
  383.000  4.176919e-01 
  384.000  4.212030e-01 
  385.000  4.257341e-01 
  386.000  4.293731e-01 
  387.000  4.336676e-01 
  388.000  4.370541e-01 
  389.000  4.405107e-01 
  390.000  4.448484e-01 
  391.000  4.484232e-01 
  392.000  4.514120e-01 
  393.000  4.564771e-01 
  394.000  4.599653e-01 
  395.000  4.633518e-01 
  396.000  4.676308e-01 
  397.000  4.715355e-01 
  398.000  4.742413e-01 
  399.000  4.780003e-01 
  400.000  4.811942e-01 
  401.000  4.854615e-01 
  402.000  4.893168e-01 
  403.000  4.932763e-01 
  404.000  4.958970e-01 
  405.000  4.995517e-01 
  406.000  5.030380e-01 
  407.000  5.075516e-01 
  408.000  5.097398e-01 
  409.000  5.129451e-01 
  410.000  5.163662e-01 
  411.000  5.201869e-01 
  412.000  5.241756e-01 
  413.000  5.263029e-01 
  414.000  5.304156e-01 
  415.000  5.336452e-01 
  416.000  5.378501e-01 
  417.000  5.403094e-01 
  418.000  5.431015e-01 
  419.000  5.471086e-01 
  420.000  5.497939e-01 
  421.000  5.529307e-01 
  422.000  5.554981e-01 
  423.000  5.590592e-01 
  424.000  5.617745e-01 
  425.000  5.659159e-01 
  426.000  5.690105e-01 
  427.000  5.718548e-01 
  428.000  5.744309e-01 
  429.000  5.782281e-01 
  430.000  5.813430e-01 
  431.000  5.825242e-01 
  432.000  5.869417e-01 
  433.000  5.899701e-01 
  434.000  5.919231e-01 
  435.000  5.939415e-01 
  436.000  5.975252e-01 
  437.000  6.021935e-01 
  438.000  6.045638e-01 
  439.000  6.050648e-01 
  440.000  6.085772e-01 
  441.000  6.116436e-01 
  442.000  6.151198e-01 
  443.000  6.167215e-01 
  444.000  6.195799e-01 
  445.000  6.199187e-01 
  446.000  6.231179e-01 
  447.000  6.274140e-01 
  448.000  6.274954e-01 
  449.000  6.321218e-01 
  450.000  6.358640e-01 
  451.000  6.380832e-01 
  452.000  6.399050e-01 
  453.000  6.426330e-01 
  454.000  6.464750e-01 
  455.000  6.477411e-01 
  456.000  6.499287e-01 
  457.000  6.524831e-01 
  458.000  6.540326e-01 
  459.000  6.563162e-01 
  460.000  6.576460e-01 
  461.000  6.600099e-01 
  462.000  6.633239e-01 
  463.000  6.634367e-01 
  464.000  6.667030e-01 
  465.000  6.689531e-01 
  466.000  6.729844e-01 
  467.000  6.742287e-01 
  468.000  6.765994e-01 
  469.000  6.780238e-01 
  470.000  6.799735e-01 
  471.000  6.828712e-01 
  472.000  6.837464e-01 
  473.000  6.843291e-01 
  474.000  6.830429e-01 
  475.000  6.830258e-01 
  476.000  6.841701e-01 
  477.000  6.850104e-01 
  478.000  6.860900e-01 
  479.000  6.882408e-01 
  480.000  6.908829e-01 
  481.000  6.954500e-01 
  482.000  6.991596e-01 
  483.000  7.025516e-01 
  484.000  7.042629e-01 
  485.000  7.053080e-01 
  486.000  7.064982e-01 
  487.000  7.096477e-01 
  488.000  7.110549e-01 
  489.000  7.121154e-01 
  490.000  7.152181e-01 
  491.000  7.170383e-01 
  492.000  7.186853e-01 
  493.000  7.203015e-01 
  494.000  7.213813e-01 
  495.000  7.226292e-01 
  496.000  7.234255e-01 
  497.000  7.248420e-01 
  498.000  7.258630e-01 
  499.000  7.271277e-01 
  500.000  7.279498e-01 
  501.000  7.275575e-01 
  502.000  7.247401e-01 
  503.000  7.213938e-01 
  504.000  7.158242e-01 
  505.000  7.242677e-01 
  506.000  7.236408e-01 
  507.000  7.234282e-01 
  508.000  7.290398e-01 
  509.000  7.325596e-01 
  510.000  7.363689e-01 
  511.000  7.379162e-01 
  512.000  7.393555e-01 
  513.000  7.424572e-01 
  514.000  7.435457e-01 
  515.000  7.456772e-01 
  516.000  7.464334e-01 
  517.000  7.478342e-01 
  518.000  7.481101e-01 
  519.000  7.489268e-01 
  520.000  7.493470e-01 
  521.000  7.503835e-01 
  522.000  7.506065e-01 
  523.000  7.509372e-01 
  524.000  7.509257e-01 
  525.000  7.498596e-01 
  526.000  7.502561e-01 
  527.000  7.497310e-01 
  528.000  7.494866e-01 
  529.000  7.488036e-01 
  530.000  7.487946e-01 
  531.000  7.493701e-01 
  532.000  7.497827e-01 
  533.000  7.506254e-01 
  534.000  7.516596e-01 
  535.000  7.523744e-01 
  536.000  7.535523e-01 
  537.000  7.547530e-01 
  538.000  7.553888e-01 
  539.000  7.553244e-01 
  540.000  7.561760e-01 
  541.000  7.513223e-01 
  542.000  7.536882e-01 
  543.000  7.569324e-01 
  544.000  7.578918e-01 
  545.000  7.552301e-01 
  546.000  7.532929e-01 
  547.000  7.573805e-01 
  548.000  7.609742e-01 
  549.000  7.615620e-01 
  550.000  7.616032e-01 
  551.000  7.640758e-01 
  552.000  7.643557e-01 
  553.000  7.650164e-01 
  554.000  7.656378e-01 
  555.000  7.661088e-01 
  556.000  7.655854e-01 
  557.000  7.646781e-01 
  558.000  7.639542e-01 
  559.000  7.629951e-01 
  560.000  7.620732e-01 
  561.000  7.613389e-01 
  562.000  7.608968e-01 
  563.000  7.599970e-01 
  564.000  7.590864e-01 
  565.000  7.583113e-01 
  566.000  7.579386e-01 
  567.000  7.563218e-01 
  568.000  7.547500e-01 
  569.000  7.422763e-01 
  570.000  7.402548e-01 
  571.000  7.464046e-01 
  572.000  7.386382e-01 
  573.000  7.439068e-01 
  574.000  7.396926e-01 
  575.000  7.435388e-01 
  576.000  7.420925e-01 
  577.000  7.423762e-01 
  578.000  7.486224e-01 
  579.000  7.513098e-01 
  580.000  7.541476e-01 
  581.000  7.579486e-01 
  582.000  7.608360e-01 
  583.000  7.640861e-01 
  584.000  7.677572e-01 
  585.000  7.681962e-01 
  586.000  7.703973e-01 
  587.000  7.698718e-01 
  588.000  7.645045e-01 
  589.000  7.220320e-01 
  590.000  7.179475e-01 
  591.000  7.347012e-01 
  592.000  7.055392e-01 
  593.000  7.568163e-01 
  594.000  7.311598e-01 
  595.000  7.452893e-01 
  596.000  7.544854e-01 
  597.000  7.543781e-01 
  598.000  7.557981e-01 
  599.000  7.665916e-01 
  600.000  7.688568e-01 
  601.000  7.756574e-01 
  602.000  7.785591e-01 
  603.000  7.795364e-01 
  604.000  7.817407e-01 
  605.000  7.825680e-01 
  606.000  7.848009e-01 
  607.000  7.867808e-01 
  608.000  7.890101e-01 
  609.000  7.899253e-01 
  610.000  7.917392e-01 
  611.000  7.932116e-01 
  612.000  7.953655e-01 
  613.000  7.971768e-01 
  614.000  7.984865e-01 
  615.000  8.000142e-01 
  616.000  8.021805e-01 
  617.000  8.037503e-01 
  618.000  8.048053e-01 
  619.000  8.063647e-01 
  620.000  8.077245e-01 
  621.000  8.087143e-01 
  622.000  8.091532e-01 
  623.000  8.100939e-01 
  624.000  8.103703e-01 
  625.000  8.109205e-01 
  626.000  8.108847e-01 
  627.000  8.094088e-01 
  628.000  7.689379e-01 
  629.000  7.908925e-01 
  630.000  8.021038e-01 
  631.000  8.122523e-01 
  632.000  8.119915e-01 
  633.000  8.165099e-01 
  634.000  8.204494e-01 
  635.000  8.225785e-01 
  636.000  8.249770e-01 
  637.000  8.287871e-01 
  638.000  8.343975e-01 
  639.000  8.362741e-01 
  640.000  8.383528e-01 
  641.000  8.397604e-01 
  642.000  8.438739e-01 
  643.000  8.428951e-01 
  644.000  8.460622e-01 
  645.000  8.456683e-01 
  646.000  8.321986e-01 
  647.000  8.128077e-01 
  648.000  7.959238e-01 
  649.000  8.109854e-01 
  650.000  8.456287e-01 
  651.000  8.503869e-01 
  652.000  8.388763e-01 
  653.000  8.515695e-01 
  654.000  8.508911e-01 
  655.000  8.161310e-01 
  656.000  8.392386e-01 
  657.000  8.463702e-01 
  658.000  8.597283e-01 
  659.000  8.678049e-01 
  660.000  8.664930e-01 
  661.000  8.708707e-01 
  662.000  8.710320e-01 
  663.000  8.702332e-01 
  664.000  8.730689e-01 
  665.000  8.743932e-01 
  666.000  8.759517e-01 
  667.000  8.781065e-01 
  668.000  8.789557e-01 
  669.000  8.803560e-01 
  670.000  8.813984e-01 
  671.000  8.831142e-01 
  672.000  8.834825e-01 
  673.000  8.849097e-01 
  674.000  8.854536e-01 
  675.000  8.869356e-01 
  676.000  8.873336e-01 
  677.000  8.881656e-01 
  678.000  8.894451e-01 
  679.000  8.901010e-01 
  680.000  8.913181e-01 
  681.000  8.913846e-01 
  682.000  8.935295e-01 
  683.000  8.918527e-01 
  684.000  8.933973e-01 
  685.000  8.960593e-01 
  686.000  8.961865e-01 
  687.000  5.538208e-01 
  688.000  7.265084e-01 
  689.000  7.736370e-01 
  690.000  8.082140e-01 
  691.000  8.295631e-01 
  692.000  8.639531e-01 
  693.000  8.163386e-01 
  694.000  7.495891e-01 
  695.000  8.205782e-01 
  696.000  8.063207e-01 
  697.000  8.913045e-01 
  698.000  8.874238e-01 
  699.000  8.440198e-01 
  700.000  8.476846e-01 
  701.000  8.110991e-01 
  702.000  8.274268e-01 
  703.000  8.444573e-01 
  704.000  8.545417e-01 
  705.000  8.551047e-01 
  706.000  8.707478e-01 
  707.000  8.835562e-01 
  708.000  8.937046e-01 
  709.000  8.941050e-01 
  710.000  8.889269e-01 
  711.000  9.014066e-01 
  712.000  8.941851e-01 
  713.000  9.038529e-01 
  714.000  8.947648e-01 
  715.000  8.701342e-01 
  716.000  8.747231e-01 
  717.000  7.805753e-01 
  718.000  6.581009e-01 
  719.000  6.052094e-01 
  720.000  6.289861e-01 
  721.000  8.311288e-01 
  722.000  8.278791e-01 
  723.000  8.133746e-01 
  724.000  6.626437e-01 
  725.000  6.504108e-01 
  726.000  7.436150e-01 
  727.000  6.995451e-01 
  728.000  6.317737e-01 
  729.000  6.534761e-01 
  730.000  7.616023e-01 
  731.000  7.015586e-01 
  732.000  7.305690e-01 
  733.000  8.285108e-01 
  734.000  8.845702e-01 
  735.000  8.449263e-01 
  736.000  8.714877e-01 
  737.000  8.709204e-01 
  738.000  8.872335e-01 
  739.000  8.926717e-01 
  740.000  9.150640e-01 
  741.000  9.279459e-01 
  742.000  9.287853e-01 
  743.000  9.280239e-01 
  744.000  9.317838e-01 
  745.000  9.339869e-01 
  746.000  9.360061e-01 
  747.000  9.358146e-01 
  748.000  9.365966e-01 
  749.000  9.366977e-01 
  750.000  9.372913e-01 
  751.000  9.372286e-01 
  752.000  9.390740e-01 
  753.000  9.394607e-01 
  754.000  9.396330e-01 
  755.000  9.397654e-01 
  756.000  9.398090e-01 
  757.000  9.410949e-01 
  758.000  9.418677e-01 
  759.000  9.268168e-01 
  760.000  2.375709e-01 
  761.000  1.306503e-01 
  762.000  5.358375e-01 
  763.000  4.164865e-01 
  764.000  4.945142e-01 
  765.000  6.447302e-01 
  766.000  7.872095e-01 
  767.000  8.428532e-01 
  768.000  9.150242e-01 
  769.000  9.343620e-01 
  770.000  9.340271e-01 
  771.000  9.430125e-01 
  772.000  9.460524e-01 
  773.000  9.462104e-01 
  774.000  9.461100e-01 
  775.000  9.464080e-01 
  776.000  9.467090e-01 
  777.000  9.470610e-01 
  778.000  9.472688e-01 
  779.000  9.474775e-01 
  780.000  9.476519e-01 
  781.000  9.482096e-01 
  782.000  9.482236e-01 
  783.000  9.488145e-01 
  784.000  9.472237e-01 
  785.000  9.455954e-01 
  786.000  9.365369e-01 
  787.000  9.352067e-01 
  788.000  9.188964e-01 
  789.000  9.180365e-01 
  790.000  8.900319e-01 
  791.000  8.932722e-01 
  792.000  9.042934e-01 
  793.000  9.147308e-01 
  794.000  9.485213e-01 
  795.000  9.339328e-01 
  796.000  8.582869e-01 
  797.000  9.118153e-01 
  798.000  9.175054e-01 
  799.000  9.290492e-01 
  800.000  8.965654e-01 
  801.000  8.811555e-01 
  802.000  9.011710e-01 
  803.000  8.965864e-01 
  804.000  8.950702e-01 
  805.000  9.102526e-01 
  806.000  9.401700e-01 
  807.000  9.217193e-01 
  808.000  9.405193e-01 
  809.000  9.117572e-01 
  810.000  8.963249e-01 
  811.000  9.009085e-01 
  812.000  8.701039e-01 
  813.000  8.216915e-01 
  814.000  7.422580e-01 
  815.000  6.988109e-01 
  816.000  7.387273e-01 
  817.000  5.810552e-01 
  818.000  7.114505e-01 
  819.000  7.301978e-01 
  820.000  7.003861e-01 
  821.000  8.891400e-01 
  822.000  8.422083e-01 
  823.000  5.407782e-01 
  824.000  7.833743e-01 
  825.000  8.686437e-01 
  826.000  7.919943e-01 
  827.000  8.616342e-01 
  828.000  7.004911e-01 
  829.000  8.201112e-01 
  830.000  7.919227e-01 
  831.000  8.042527e-01 
  832.000  7.978631e-01 
  833.000  8.478766e-01 
  834.000  8.571241e-01 
  835.000  8.870775e-01 
  836.000  8.943060e-01 
  837.000  8.901310e-01 
  838.000  9.150712e-01 
  839.000  9.299690e-01 
  840.000  9.334744e-01 
  841.000  9.334744e-01 
  842.000  9.091904e-01 
  843.000  9.561713e-01 
  844.000  9.275174e-01 
  845.000  9.500509e-01 
  846.000  9.562746e-01 
  847.000  9.611806e-01 
  848.000  9.543435e-01 
  849.000  9.573269e-01 
  850.000  9.546310e-01 
  851.000  9.485421e-01 
  852.000  9.590627e-01 
  853.000  9.614726e-01 
  854.000  9.591516e-01 
  855.000  9.591516e-01 
  856.000  9.614266e-01 
  857.000  9.668772e-01 
  858.000  9.616390e-01 
  859.000  9.649425e-01 
  860.000  9.682898e-01 
  861.000  9.668869e-01 
  862.000  9.684424e-01 
  863.000  9.686684e-01 
  864.000  9.692333e-01 
  865.000  9.692333e-01 
  866.000  9.694119e-01 
  867.000  9.696063e-01 
  868.000  9.696379e-01 
  869.000  9.697415e-01 
  870.000  9.695669e-01 
  871.000  9.701051e-01 
  872.000  9.702629e-01 
  873.000  9.698832e-01 
  874.000  9.698832e-01 
  875.000  9.707425e-01 
  876.000  9.708655e-01 
  877.000  9.705023e-01 
  878.000  9.701146e-01 
  879.000  9.700106e-01 
  880.000  9.710182e-01 
  881.000  9.710182e-01 
  882.000  9.678083e-01 
  883.000  9.688337e-01 
  884.000  9.690532e-01 
  885.000  9.696462e-01 
  886.000  9.518241e-01 
  887.000  9.680135e-01 
  888.000  9.680135e-01 
  889.000  9.637200e-01 
  890.000  9.542908e-01 
  891.000  9.677162e-01 
  892.000  9.509600e-01 
  893.000  9.092798e-01 
  894.000  9.092798e-01 
  895.000  8.520997e-01 
  896.000  7.858840e-01 
  897.000  6.533908e-01 
  898.000  7.638537e-01 
  899.000  5.651556e-01 
  900.000  5.651556e-01 
  901.000  6.032403e-01 
  902.000  6.696417e-01 
  903.000  7.148727e-01 
  904.000  8.587517e-01 
  905.000  8.336794e-01 
  906.000  8.336794e-01 
  907.000  6.513871e-01 
  908.000  6.443961e-01 
  909.000  6.377404e-01 
  910.000  5.968150e-01 
  911.000  5.968150e-01 
  912.000  7.242200e-01 
  913.000  6.509800e-01 
  914.000  6.212910e-01 
  915.000  5.710653e-01 
  916.000  5.710653e-01 
  917.000  6.962748e-01 
  918.000  5.807235e-01 
  919.000  7.325003e-01 
  920.000  8.423432e-01 
  921.000  8.423432e-01 
  922.000  7.892903e-01 
  923.000  7.852758e-01 
  924.000  7.176248e-01 
  925.000  7.176248e-01 
  926.000  7.474303e-01 
  927.000  7.687296e-01 
  928.000  5.614648e-01 
  929.000  5.205973e-01 
  930.000  5.205973e-01 
  931.000  3.871913e-01 
  932.000  2.195596e-01 
  933.000  1.700128e-01 
  934.000  1.700128e-01 
  935.000  1.911030e-01 
  936.000  1.557783e-01 
  937.000  1.128860e-01 
  938.000  1.128860e-01 
  939.000  2.581162e-01 
  940.000  3.762659e-01 
  941.000  3.248321e-01 
  942.000  3.248321e-01 
  943.000  2.310085e-01 
  944.000  2.459064e-01 
  945.000  3.234031e-01 
  946.000  3.234031e-01 
  947.000  2.374115e-01 
  948.000  2.959339e-01 
  949.000  3.341934e-01 
  950.000  3.341934e-01 
  951.000  3.956131e-01 
  952.000  2.229985e-01 
  953.000  4.108922e-01 
  954.000  4.108922e-01 
  955.000  4.042130e-01 
  956.000  2.970540e-01 
  957.000  5.007410e-01 
  958.000  5.007410e-01 
  959.000  3.467136e-01 
  960.000  4.250184e-01 
  961.000  4.250184e-01 
  962.000  5.143420e-01 
  963.000  5.645925e-01 
  964.000  4.679563e-01 
  965.000  4.679563e-01 
  966.000  5.300239e-01 
  967.000  6.913119e-01 
  968.000  6.913119e-01 
  969.000  7.276193e-01 
  970.000  7.782146e-01 
  971.000  8.198955e-01 
  972.000  8.198955e-01 
  973.000  7.645342e-01 
  974.000  6.429502e-01 
  975.000  6.429502e-01 
  976.000  6.344919e-01 
  977.000  7.688372e-01 
  978.000  7.433966e-01 
  979.000  7.433966e-01 
  980.000  7.459132e-01 
  981.000  8.754765e-01 
  982.000  8.754765e-01 
  983.000  8.383582e-01 
  984.000  8.700508e-01 
  985.000  8.700508e-01 
  986.000  9.480623e-01 
  987.000  9.166155e-01 
  988.000  9.166155e-01 
  989.000  9.656546e-01 
  990.000  9.444526e-01 
  991.000  9.444526e-01 
  992.000  9.591793e-01 
  993.000  9.561054e-01 
  994.000  9.561054e-01 
  995.000  9.776433e-01 
  996.000  9.781194e-01 
  997.000  9.781194e-01 
  998.000  9.781466e-01 
  999.000  9.762498e-01 
 1000.000  9.762498e-01 
 1001.000  9.772229e-01 
 1002.000  9.489598e-01 
 1003.000  9.489598e-01 
 1004.000  9.772686e-01 
 1005.000  9.787401e-01 
 1006.000  9.787401e-01 
 1007.000  9.797130e-01 
 1008.000  9.736038e-01 
 1009.000  9.736038e-01 
 1010.000  9.527021e-01 
 1011.000  9.794119e-01 
 1012.000  9.794119e-01 
 1013.000  9.805163e-01 
 1014.000  9.796231e-01 
 1015.000  9.796231e-01 
 1016.000  9.811503e-01 
 1017.000  9.794148e-01 
 1018.000  9.794148e-01 
 1019.000  9.773222e-01 
 1020.000  9.815946e-01 
 1021.000  9.815946e-01 
 1022.000  9.776920e-01 
 1023.000  9.776920e-01 
 1024.000  9.767178e-01 
 1025.000  9.816976e-01 
 1026.000  9.816976e-01 
 1027.000  9.794132e-01 
 1028.000  9.820985e-01 
 1029.000  9.820985e-01 
 1030.000  9.833120e-01 
 1031.000  9.829904e-01 
 1032.000  9.829904e-01 
 1033.000  9.835212e-01 
 1034.000  9.835212e-01 
 1035.000  9.842559e-01 
 1036.000  9.835992e-01 
 1037.000  9.835992e-01 
 1038.000  9.835521e-01 
 1039.000  9.827896e-01 
 1040.000  9.827896e-01 
 1041.000  9.823574e-01 
 1042.000  9.823574e-01 
 1043.000  9.817359e-01 
 1044.000  9.807496e-01 
 1045.000  9.807496e-01 
 1046.000  9.793774e-01 
 1047.000  9.793774e-01 
 1048.000  9.779978e-01 
 1049.000  9.751791e-01 
 1050.000  9.751791e-01 
 1051.000  9.739757e-01 
 1052.000  9.739757e-01 
 1053.000  9.720761e-01 
 1054.000  9.704368e-01 
 1055.000  9.704368e-01 
 1056.000  9.685559e-01 
 1057.000  9.685559e-01 
 1058.000  9.668595e-01 
 1059.000  9.652154e-01 
 1060.000  9.652154e-01 
 1061.000  9.641587e-01 
 1062.000  9.641587e-01 
 1063.000  9.618721e-01 
 1064.000  9.593701e-01 
 1065.000  9.593701e-01 
 1066.000  9.629545e-01 
 1067.000  9.629545e-01 
 1068.000  9.605538e-01 
 1069.000  9.594500e-01 
 1070.000  9.594500e-01 
 1071.000  9.639101e-01 
 1072.000  9.639101e-01 
 1073.000  9.657769e-01 
 1074.000  9.657769e-01 
 1075.000  9.484464e-01 
 1076.000  9.446796e-01 
 1077.000  9.446796e-01 
 1078.000  9.604999e-01 
 1079.000  9.604999e-01 
 1080.000  9.421962e-01 
 1081.000  9.421962e-01 
 1082.000  9.501099e-01 
 1083.000  9.339070e-01 
 1084.000  9.339070e-01 
 1085.000  9.059811e-01 
 1086.000  9.059811e-01 
 1087.000  9.454143e-01 
 1088.000  9.454143e-01 
 1089.000  9.245216e-01 
 1090.000  9.156719e-01 
 1091.000  9.156719e-01 
 1092.000  8.829658e-01 
 1093.000  8.829658e-01 
 1094.000  8.823388e-01 
 1095.000  8.823388e-01 
 1096.000  8.650028e-01 
 1097.000  8.650028e-01 
 1098.000  8.264540e-01 
 1099.000  7.427236e-01 
 1100.000  7.427236e-01 
 1101.000  7.507138e-01 
 1102.000  7.507138e-01 
 1103.000  7.126819e-01 
 1104.000  7.126819e-01 
 1105.000  6.861734e-01 
 1106.000  6.861734e-01 
 1107.000  6.906779e-01 
 1108.000  6.906779e-01 
 1109.000  6.276694e-01 
 1110.000  6.190932e-01 
 1111.000  6.190932e-01 
 1112.000  5.502930e-01 
 1113.000  5.502930e-01 
 1114.000  4.267921e-01 
 1115.000  4.267921e-01 
 1116.000  1.951813e-01 
 1117.000  1.951813e-01 
 1118.000  2.708150e-01 
 1119.000  2.708150e-01 
 1120.000  1.855806e-01 
 1121.000  1.855806e-01 
 1122.000  8.068490e-02 
 1123.000  2.177435e-01 
 1124.000  2.177435e-01 
 1125.000  8.392224e-02 
 1126.000  8.392224e-02 
 1127.000  1.152934e-01 
 1128.000  1.152934e-01 
 1129.000  1.007334e-01 
 1130.000  1.007334e-01 
 1131.000  3.585668e-01 
 1132.000  3.585668e-01 
 1133.000  1.142004e-01 
 1134.000  1.142004e-01 
 1135.000  5.926246e-02 
 1136.000  5.926246e-02 
 1137.000  3.380866e-01 
 1138.000  3.380866e-01 
 1139.000  3.445284e-01 
 1140.000  3.445284e-01 
 1141.000  3.017804e-01 
 1142.000  3.017804e-01 
 1143.000  3.551144e-01 
 1144.000  3.551144e-01 
 1145.000  1.349229e-01 
 1146.000  1.349229e-01 
 1147.000  1.447534e-01 
 1148.000  1.447534e-01 
 1149.000  2.810850e-01 
 1150.000  2.810850e-01 
 1151.000  3.254920e-01 
 1152.000  3.254920e-01 
 1153.000  2.943850e-01 
 1154.000  2.943850e-01 
 1155.000  3.538609e-01 
 1156.000  3.538609e-01 
 1157.000  4.899509e-01 
 1158.000  4.899509e-01 
 1159.000  5.836949e-01 
 1160.000  5.836949e-01 
 1161.000  5.678192e-01 
 1162.000  5.678192e-01 
 1163.000  7.112281e-01 
 1164.000  7.112281e-01 
 1165.000  6.554800e-01 
 1166.000  6.554800e-01 
 1167.000  7.348198e-01 
 1168.000  7.348198e-01 
 1169.000  7.567331e-01 
 1170.000  7.567331e-01 
 1171.000  7.877800e-01 
 1172.000  7.877800e-01 
 1173.000  6.417265e-01 
 1174.000  6.417265e-01 
 1175.000  8.704777e-01 
 1176.000  8.704777e-01 
 1177.000  7.334639e-01 
 1178.000  7.334639e-01 
 1179.000  8.449647e-01 
 1180.000  8.449647e-01 
 1181.000  6.581131e-01 
 1182.000  6.581131e-01 
 1183.000  7.837877e-01 
 1184.000  7.837877e-01 
 1185.000  8.068552e-01 
 1186.000  8.068552e-01 
 1187.000  6.926675e-01 
 1188.000  6.926675e-01 
 1189.000  6.926675e-01 
 1190.000  7.931897e-01 
 1191.000  7.931897e-01 
 1192.000  8.807263e-01 
 1193.000  8.807263e-01 
 1194.000  8.214991e-01 
 1195.000  8.214991e-01 
 1196.000  8.166512e-01 
 1197.000  8.166512e-01 
 1198.000  7.669968e-01 
 1199.000  7.669968e-01 
 1200.000  7.777238e-01 
