  250.000  0.000000e+00 
  251.000  0.000000e+00 
  252.000  0.000000e+00 
  253.000  0.000000e+00 
  254.000  0.000000e+00 
  255.000  0.000000e+00 
  256.000  0.000000e+00 
  257.000  0.000000e+00 
  258.000  0.000000e+00 
  259.000  0.000000e+00 
  260.000  0.000000e+00 
  261.000  0.000000e+00 
  262.000  0.000000e+00 
  263.000  0.000000e+00 
  264.000  0.000000e+00 
  265.000  0.000000e+00 
  266.000  0.000000e+00 
  267.000  0.000000e+00 
  268.000  0.000000e+00 
  269.000  0.000000e+00 
  270.000  0.000000e+00 
  271.000  0.000000e+00 
  272.000  0.000000e+00 
  273.000  0.000000e+00 
  274.000  0.000000e+00 
  275.000  0.000000e+00 
  276.000  0.000000e+00 
  277.000  0.000000e+00 
  278.000  0.000000e+00 
  279.000  0.000000e+00 
  280.000  0.000000e+00 
  281.000  0.000000e+00 
  282.000  0.000000e+00 
  283.000  0.000000e+00 
  284.000  0.000000e+00 
  285.000  0.000000e+00 
  286.000  0.000000e+00 
  287.000  0.000000e+00 
  288.000  0.000000e+00 
  289.000  0.000000e+00 
  290.000  0.000000e+00 
  291.000  1.721935e-09 
  292.000  2.770098e-08 
  293.000  1.436707e-07 
  294.000  9.285600e-07 
  295.000  3.092847e-06 
  296.000  1.674089e-05 
  297.000  4.612179e-05 
  298.000  1.548113e-04 
  299.000  3.535991e-04 
  300.000  8.318339e-04 
  301.000  1.677136e-03 
  302.000  3.006808e-03 
  303.000  6.055537e-03 
  304.000  7.853602e-03 
  305.000  1.387272e-02 
  306.000  1.905175e-02 
  307.000  2.814903e-02 
  308.000  3.611572e-02 
  309.000  4.557159e-02 
  310.000  6.182975e-02 
  311.000  6.988151e-02 
  312.000  8.340785e-02 
  313.000  1.005222e-01 
  314.000  1.082426e-01 
  315.000  1.302312e-01 
  316.000  1.364743e-01 
  317.000  1.542586e-01 
  318.000  1.651241e-01 
  319.000  1.942375e-01 
  320.000  1.760974e-01 
  321.000  2.198799e-01 
  322.000  2.027347e-01 
  323.000  2.237141e-01 
  324.000  2.538484e-01 
  325.000  2.333911e-01 
  326.000  2.638271e-01 
  327.000  2.739104e-01 
  328.000  2.588790e-01 
  329.000  2.939541e-01 
  330.000  3.005509e-01 
  331.000  2.863987e-01 
  332.000  3.111305e-01 
  333.000  3.169469e-01 
  334.000  3.140266e-01 
  335.000  3.301266e-01 
  336.000  3.369926e-01 
  337.000  3.334962e-01 
  338.000  3.442609e-01 
  339.000  3.521820e-01 
  340.000  3.515386e-01 
  341.000  3.603835e-01 
  342.000  3.667387e-01 
  343.000  3.709641e-01 
  344.000  3.701698e-01 
  345.000  3.797788e-01 
  346.000  3.847974e-01 
  347.000  3.891851e-01 
  348.000  3.937388e-01 
  349.000  3.991920e-01 
  350.000  4.035527e-01 
  351.000  4.085931e-01 
  352.000  4.127676e-01 
  353.000  4.177626e-01 
  354.000  4.213445e-01 
  355.000  4.252655e-01 
  356.000  4.302396e-01 
  357.000  4.334835e-01 
  358.000  4.371229e-01 
  359.000  4.407145e-01 
  360.000  4.442179e-01 
  361.000  4.478709e-01 
  362.000  4.534828e-01 
  363.000  4.582503e-01 
  364.000  4.630023e-01 
  365.000  4.669791e-01 
  366.000  4.714149e-01 
  367.000  4.755889e-01 
  368.000  4.795709e-01 
  369.000  4.829262e-01 
  370.000  4.869167e-01 
  371.000  4.911385e-01 
  372.000  4.946167e-01 
  373.000  4.989073e-01 
  374.000  5.029950e-01 
  375.000  5.063109e-01 
  376.000  5.097442e-01 
  377.000  5.136852e-01 
  378.000  5.167477e-01 
  379.000  5.200629e-01 
  380.000  5.232340e-01 
  381.000  5.267064e-01 
  382.000  5.313358e-01 
  383.000  5.360591e-01 
  384.000  5.392736e-01 
  385.000  5.434105e-01 
  386.000  5.467239e-01 
  387.000  5.506237e-01 
  388.000  5.536913e-01 
  389.000  5.568153e-01 
  390.000  5.607258e-01 
  391.000  5.639403e-01 
  392.000  5.666223e-01 
  393.000  5.711558e-01 
  394.000  5.742696e-01 
  395.000  5.772862e-01 
  396.000  5.810885e-01 
  397.000  5.845554e-01 
  398.000  5.869446e-01 
  399.000  5.902666e-01 
  400.000  5.930778e-01 
  401.000  5.968285e-01 
  402.000  6.002097e-01 
  403.000  6.036746e-01 
  404.000  6.059634e-01 
  405.000  6.091500e-01 
  406.000  6.121885e-01 
  407.000  6.161140e-01 
  408.000  6.180155e-01 
  409.000  6.207954e-01 
  410.000  6.237559e-01 
  411.000  6.270497e-01 
  412.000  6.304805e-01 
  413.000  6.323073e-01 
  414.000  6.358329e-01 
  415.000  6.385995e-01 
  416.000  6.421888e-01 
  417.000  6.442870e-01 
  418.000  6.466638e-01 
  419.000  6.500720e-01 
  420.000  6.523491e-01 
  421.000  6.550112e-01 
  422.000  6.571875e-01 
  423.000  6.601996e-01 
  424.000  6.624945e-01 
  425.000  6.659850e-01 
  426.000  6.685876e-01 
  427.000  6.709706e-01 
  428.000  6.731285e-01 
  429.000  6.763051e-01 
  430.000  6.789053e-01 
  431.000  6.798938e-01 
  432.000  6.835771e-01 
  433.000  6.860994e-01 
  434.000  6.877246e-01 
  435.000  6.894047e-01 
  436.000  6.923812e-01 
  437.000  6.962520e-01 
  438.000  6.982155e-01 
  439.000  6.986394e-01 
  440.000  7.015440e-01 
  441.000  7.040712e-01 
  442.000  7.070067e-01 
  443.000  7.084466e-01 
  444.000  7.106154e-01 
  445.000  7.112010e-01 
  446.000  7.138888e-01 
  447.000  7.170300e-01 
  448.000  7.171029e-01 
  449.000  7.208765e-01 
  450.000  7.239267e-01 
  451.000  7.257398e-01 
  452.000  7.272270e-01 
  453.000  7.294662e-01 
  454.000  7.325785e-01 
  455.000  7.336113e-01 
  456.000  7.354168e-01 
  457.000  7.375160e-01 
  458.000  7.388195e-01 
  459.000  7.406881e-01 
  460.000  7.417979e-01 
  461.000  7.437042e-01 
  462.000  7.463723e-01 
  463.000  7.464661e-01 
  464.000  7.490921e-01 
  465.000  7.508988e-01 
  466.000  7.541735e-01 
  467.000  7.551526e-01 
  468.000  7.570542e-01 
  469.000  7.584252e-01 
  470.000  7.600816e-01 
  471.000  7.621132e-01 
  472.000  7.628430e-01 
  473.000  7.633188e-01 
  474.000  7.623069e-01 
  475.000  7.624410e-01 
  476.000  7.633038e-01 
  477.000  7.640260e-01 
  478.000  7.649270e-01 
  479.000  7.666941e-01 
  480.000  7.688615e-01 
  481.000  7.725328e-01 
  482.000  7.755129e-01 
  483.000  7.782398e-01 
  484.000  7.796299e-01 
  485.000  7.806358e-01 
  486.000  7.815876e-01 
  487.000  7.839103e-01 
  488.000  7.850167e-01 
  489.000  7.858614e-01 
  490.000  7.882900e-01 
  491.000  7.897437e-01 
  492.000  7.910563e-01 
  493.000  7.923516e-01 
  494.000  7.932224e-01 
  495.000  7.942206e-01 
  496.000  7.949288e-01 
  497.000  7.961317e-01 
  498.000  7.970134e-01 
  499.000  7.981149e-01 
  500.000  7.988786e-01 
  501.000  7.987701e-01 
  502.000  7.975325e-01 
  503.000  7.959771e-01 
  504.000  7.935507e-01 
  505.000  7.975739e-01 
  506.000  7.981598e-01 
  507.000  7.985641e-01 
  508.000  8.018433e-01 
  509.000  8.038366e-01 
  510.000  8.061499e-01 
  511.000  8.074875e-01 
  512.000  8.085384e-01 
  513.000  8.107452e-01 
  514.000  8.116177e-01 
  515.000  8.132375e-01 
  516.000  8.138782e-01 
  517.000  8.150339e-01 
  518.000  8.152819e-01 
  519.000  8.159830e-01 
  520.000  8.163468e-01 
  521.000  8.172688e-01 
  522.000  8.174987e-01 
  523.000  8.178326e-01 
  524.000  8.180252e-01 
  525.000  8.174379e-01 
  526.000  8.176405e-01 
  527.000  8.175465e-01 
  528.000  8.173606e-01 
  529.000  8.171164e-01 
  530.000  8.170906e-01 
  531.000  8.175660e-01 
  532.000  8.179548e-01 
  533.000  8.186338e-01 
  534.000  8.195310e-01 
  535.000  8.201024e-01 
  536.000  8.210745e-01 
  537.000  8.220699e-01 
  538.000  8.225827e-01 
  539.000  8.227927e-01 
  540.000  8.236000e-01 
  541.000  8.214952e-01 
  542.000  8.227100e-01 
  543.000  8.244798e-01 
  544.000  8.252291e-01 
  545.000  8.240531e-01 
  546.000  8.234295e-01 
  547.000  8.257440e-01 
  548.000  8.277953e-01 
  549.000  8.281884e-01 
  550.000  8.285887e-01 
  551.000  8.299372e-01 
  552.000  8.302593e-01 
  553.000  8.307476e-01 
  554.000  8.312843e-01 
  555.000  8.317198e-01 
  556.000  8.314457e-01 
  557.000  8.308945e-01 
  558.000  8.304681e-01 
  559.000  8.299244e-01 
  560.000  8.293765e-01 
  561.000  8.289446e-01 
  562.000  8.286909e-01 
  563.000  8.281181e-01 
  564.000  8.275313e-01 
  565.000  8.270389e-01 
  566.000  8.268616e-01 
  567.000  8.259534e-01 
  568.000  8.249192e-01 
  569.000  8.183942e-01 
  570.000  8.166919e-01 
  571.000  8.194271e-01 
  572.000  8.153681e-01 
  573.000  8.176114e-01 
  574.000  8.152841e-01 
  575.000  8.169017e-01 
  576.000  8.163518e-01 
  577.000  8.167526e-01 
  578.000  8.203511e-01 
  579.000  8.223178e-01 
  580.000  8.242694e-01 
  581.000  8.271594e-01 
  582.000  8.296021e-01 
  583.000  8.320306e-01 
  584.000  8.351225e-01 
  585.000  8.358479e-01 
  586.000  8.375646e-01 
  587.000  8.375478e-01 
  588.000  8.356249e-01 
  589.000  8.129945e-01 
  590.000  8.125033e-01 
  591.000  8.211663e-01 
  592.000  8.045449e-01 
  593.000  8.325335e-01 
  594.000  8.188849e-01 
  595.000  8.275356e-01 
  596.000  8.319817e-01 
  597.000  8.318866e-01 
  598.000  8.326741e-01 
  599.000  8.378819e-01 
  600.000  8.388510e-01 
  601.000  8.423826e-01 
  602.000  8.441959e-01 
  603.000  8.449199e-01 
  604.000  8.461555e-01 
  605.000  8.468107e-01 
  606.000  8.483861e-01 
  607.000  8.497258e-01 
  608.000  8.513282e-01 
  609.000  8.519863e-01 
  610.000  8.532943e-01 
  611.000  8.543442e-01 
  612.000  8.558697e-01 
  613.000  8.571708e-01 
  614.000  8.581048e-01 
  615.000  8.591949e-01 
  616.000  8.607162e-01 
  617.000  8.618134e-01 
  618.000  8.625516e-01 
  619.000  8.636342e-01 
  620.000  8.645468e-01 
  621.000  8.652008e-01 
  622.000  8.654913e-01 
  623.000  8.660707e-01 
  624.000  8.662513e-01 
  625.000  8.665667e-01 
  626.000  8.665481e-01 
  627.000  8.659168e-01 
  628.000  8.384244e-01 
  629.000  8.520024e-01 
  630.000  8.596570e-01 
  631.000  8.672855e-01 
  632.000  8.684670e-01 
  633.000  8.712416e-01 
  634.000  8.741234e-01 
  635.000  8.753436e-01 
  636.000  8.775414e-01 
  637.000  8.804777e-01 
  638.000  8.836715e-01 
  639.000  8.853198e-01 
  640.000  8.866864e-01 
  641.000  8.881877e-01 
  642.000  8.904870e-01 
  643.000  8.903617e-01 
  644.000  8.922091e-01 
  645.000  8.924751e-01 
  646.000  8.864266e-01 
  647.000  8.770827e-01 
  648.000  8.681793e-01 
  649.000  8.764771e-01 
  650.000  8.942974e-01 
  651.000  8.966727e-01 
  652.000  8.916251e-01 
  653.000  8.977729e-01 
  654.000  8.980306e-01 
  655.000  8.794459e-01 
  656.000  8.925376e-01 
  657.000  8.963213e-01 
  658.000  9.032398e-01 
  659.000  9.073839e-01 
  660.000  9.069514e-01 
  661.000  9.093695e-01 
  662.000  9.095525e-01 
  663.000  9.095938e-01 
  664.000  9.110741e-01 
  665.000  9.119517e-01 
  666.000  9.129220e-01 
  667.000  9.143038e-01 
  668.000  9.148879e-01 
  669.000  9.158751e-01 
  670.000  9.165216e-01 
  671.000  9.177204e-01 
  672.000  9.179795e-01 
  673.000  9.189736e-01 
  674.000  9.193583e-01 
  675.000  9.203917e-01 
  676.000  9.206892e-01 
  677.000  9.212508e-01 
  678.000  9.221477e-01 
  679.000  9.226128e-01 
  680.000  9.235066e-01 
  681.000  9.237030e-01 
  682.000  9.250793e-01 
  683.000  9.244725e-01 
  684.000  9.255784e-01 
  685.000  9.268958e-01 
  686.000  9.272342e-01 
  687.000  6.229517e-01 
  688.000  7.923257e-01 
  689.000  8.298343e-01 
  690.000  8.600127e-01 
  691.000  8.769548e-01 
  692.000  9.074389e-01 
  693.000  8.842015e-01 
  694.000  8.477718e-01 
  695.000  8.881991e-01 
  696.000  8.780568e-01 
  697.000  9.273673e-01 
  698.000  9.256586e-01 
  699.000  9.033236e-01 
  700.000  9.055201e-01 
  701.000  8.876011e-01 
  702.000  8.961016e-01 
  703.000  9.038150e-01 
  704.000  9.091428e-01 
  705.000  9.104072e-01 
  706.000  9.187027e-01 
  707.000  9.254809e-01 
  708.000  9.304018e-01 
  709.000  9.307036e-01 
  710.000  9.283878e-01 
  711.000  9.344284e-01 
  712.000  9.308496e-01 
  713.000  9.358718e-01 
  714.000  9.316145e-01 
  715.000  9.199658e-01 
  716.000  9.220455e-01 
  717.000  8.742214e-01 
  718.000  7.726450e-01 
  719.000  7.229608e-01 
  720.000  7.761000e-01 
  721.000  9.008730e-01 
  722.000  8.981250e-01 
  723.000  8.908250e-01 
  724.000  7.702736e-01 
  725.000  7.872536e-01 
  726.000  8.521314e-01 
  727.000  8.227483e-01 
  728.000  7.735394e-01 
  729.000  7.979646e-01 
  730.000  8.615611e-01 
  731.000  8.264055e-01 
  732.000  8.455540e-01 
  733.000  8.995741e-01 
  734.000  9.287457e-01 
  735.000  9.083766e-01 
  736.000  9.223745e-01 
  737.000  9.222881e-01 
  738.000  9.307714e-01 
  739.000  9.333695e-01 
  740.000  9.443957e-01 
  741.000  9.503958e-01 
  742.000  9.510238e-01 
  743.000  9.507268e-01 
  744.000  9.525333e-01 
  745.000  9.536009e-01 
  746.000  9.546664e-01 
  747.000  9.547189e-01 
  748.000  9.551390e-01 
  749.000  9.552581e-01 
  750.000  9.556365e-01 
  751.000  9.556914e-01 
  752.000  9.567662e-01 
  753.000  9.570134e-01 
  754.000  9.571947e-01 
  755.000  9.573654e-01 
  756.000  9.574592e-01 
  757.000  9.581155e-01 
  758.000  9.586610e-01 
  759.000  9.474095e-01 
  760.000  3.121265e-01 
  761.000  2.073210e-01 
  762.000  6.042119e-01 
  763.000  4.958854e-01 
  764.000  5.667190e-01 
  765.000  7.033930e-01 
  766.000  8.337706e-01 
  767.000  8.826739e-01 
  768.000  9.382389e-01 
  769.000  9.531302e-01 
  770.000  9.527667e-01 
  771.000  9.594235e-01 
  772.000  9.616408e-01 
  773.000  9.617586e-01 
  774.000  9.617586e-01 
  775.000  9.619256e-01 
  776.000  9.621279e-01 
  777.000  9.623860e-01 
  778.000  9.625387e-01 
  779.000  9.626934e-01 
  780.000  9.628226e-01 
  781.000  9.632131e-01 
  782.000  9.633393e-01 
  783.000  9.636714e-01 
  784.000  9.630371e-01 
  785.000  9.623672e-01 
  786.000  9.583201e-01 
  787.000  9.579265e-01 
  788.000  9.498429e-01 
  789.000  9.496371e-01 
  790.000  9.355045e-01 
  791.000  9.370551e-01 
  792.000  9.429144e-01 
  793.000  9.473458e-01 
  794.000  9.645877e-01 
  795.000  9.580996e-01 
  796.000  9.195800e-01 
  797.000  9.473187e-01 
  798.000  9.501076e-01 
  799.000  9.560571e-01 
  800.000  9.396658e-01 
  801.000  9.318727e-01 
  802.000  9.425493e-01 
  803.000  9.403154e-01 
  804.000  9.395399e-01 
  805.000  9.469455e-01 
  806.000  9.615005e-01 
  807.000  9.526507e-01 
  808.000  9.617682e-01 
  809.000  9.478332e-01 
  810.000  9.406126e-01 
  811.000  9.430954e-01 
  812.000  9.278054e-01 
  813.000  9.000876e-01 
  814.000  8.531132e-01 
  815.000  8.100991e-01 
  816.000  8.440638e-01 
  817.000  7.070761e-01 
  818.000  8.091244e-01 
  819.000  8.417242e-01 
  820.000  7.999300e-01 
  821.000  9.374495e-01 
  822.000  9.133362e-01 
  823.000  6.677648e-01 
  824.000  8.813251e-01 
  825.000  9.252808e-01 
  826.000  8.814062e-01 
  827.000  9.223655e-01 
  828.000  8.179903e-01 
  829.000  8.975910e-01 
  830.000  8.787611e-01 
  831.000  8.875849e-01 
  832.000  8.853414e-01 
  833.000  9.173065e-01 
  834.000  9.186972e-01 
  835.000  9.367695e-01 
  836.000  9.394864e-01 
  837.000  9.381202e-01 
  838.000  9.511980e-01 
  839.000  9.581279e-01 
  840.000  9.598596e-01 
  841.000  9.598596e-01 
  842.000  9.479623e-01 
  843.000  9.706226e-01 
  844.000  9.569712e-01 
  845.000  9.679250e-01 
  846.000  9.708317e-01 
  847.000  9.730237e-01 
  848.000  9.700369e-01 
  849.000  9.714135e-01 
  850.000  9.703481e-01 
  851.000  9.679036e-01 
  852.000  9.729582e-01 
  853.000  9.740404e-01 
  854.000  9.730256e-01 
  855.000  9.730256e-01 
  856.000  9.741061e-01 
  857.000  9.766328e-01 
  858.000  9.743053e-01 
  859.000  9.758520e-01 
  860.000  9.773598e-01 
  861.000  9.767792e-01 
  862.000  9.775289e-01 
  863.000  9.775330e-01 
  864.000  9.779856e-01 
  865.000  9.779856e-01 
  866.000  9.780650e-01 
  867.000  9.782048e-01 
  868.000  9.782283e-01 
  869.000  9.783051e-01 
  870.000  9.783173e-01 
  871.000  9.785724e-01 
  872.000  9.787188e-01 
  873.000  9.785916e-01 
  874.000  9.785916e-01 
  875.000  9.790465e-01 
  876.000  9.791316e-01 
  877.000  9.790176e-01 
  878.000  9.788938e-01 
  879.000  9.788654e-01 
  880.000  9.793824e-01 
  881.000  9.793824e-01 
  882.000  9.780101e-01 
  883.000  9.784732e-01 
  884.000  9.786373e-01 
  885.000  9.789535e-01 
  886.000  9.707805e-01 
  887.000  9.783304e-01 
  888.000  9.783304e-01 
  889.000  9.764252e-01 
  890.000  9.719877e-01 
  891.000  9.783176e-01 
  892.000  9.708101e-01 
  893.000  9.512959e-01 
  894.000  9.512959e-01 
  895.000  9.135665e-01 
  896.000  8.759611e-01 
  897.000  7.585742e-01 
  898.000  8.655827e-01 
  899.000  6.825560e-01 
  900.000  6.825560e-01 
  901.000  7.252048e-01 
  902.000  7.662966e-01 
  903.000  8.122707e-01 
  904.000  9.235581e-01 
  905.000  9.044266e-01 
  906.000  9.044266e-01 
  907.000  7.670367e-01 
  908.000  7.548036e-01 
  909.000  7.558070e-01 
  910.000  7.235401e-01 
  911.000  7.235401e-01 
  912.000  8.429974e-01 
  913.000  7.790426e-01 
  914.000  7.456275e-01 
  915.000  6.987138e-01 
  916.000  6.987138e-01 
  917.000  8.323539e-01 
  918.000  7.182537e-01 
  919.000  8.225180e-01 
  920.000  9.171569e-01 
  921.000  9.171569e-01 
  922.000  8.848088e-01 
  923.000  8.822473e-01 
  924.000  8.469435e-01 
  925.000  8.469435e-01 
  926.000  8.637712e-01 
  927.000  8.768200e-01 
  928.000  7.207724e-01 
  929.000  6.889855e-01 
  930.000  6.889855e-01 
  931.000  5.569693e-01 
  932.000  3.718198e-01 
  933.000  3.561889e-01 
  934.000  3.561889e-01 
  935.000  3.473984e-01 
  936.000  3.183800e-01 
  937.000  2.720873e-01 
  938.000  2.720873e-01 
  939.000  4.313916e-01 
  940.000  5.760012e-01 
  941.000  5.249879e-01 
  942.000  5.249879e-01 
  943.000  4.204232e-01 
  944.000  4.324500e-01 
  945.000  5.066568e-01 
  946.000  5.066568e-01 
  947.000  4.288823e-01 
  948.000  4.657527e-01 
  949.000  5.290505e-01 
  950.000  5.290505e-01 
  951.000  5.654676e-01 
  952.000  4.089780e-01 
  953.000  5.799953e-01 
  954.000  5.799953e-01 
  955.000  5.812385e-01 
  956.000  4.567636e-01 
  957.000  6.461542e-01 
  958.000  6.461542e-01 
  959.000  5.081027e-01 
  960.000  5.927844e-01 
  961.000  5.927844e-01 
  962.000  6.627687e-01 
  963.000  7.146778e-01 
  964.000  6.088461e-01 
  965.000  6.088461e-01 
  966.000  6.911353e-01 
  967.000  8.024798e-01 
  968.000  8.024798e-01 
  969.000  8.302279e-01 
  970.000  8.804932e-01 
  971.000  9.041623e-01 
  972.000  9.041623e-01 
  973.000  8.744071e-01 
  974.000  7.684471e-01 
  975.000  7.684471e-01 
  976.000  7.555844e-01 
  977.000  8.563154e-01 
  978.000  8.403249e-01 
  979.000  8.403249e-01 
  980.000  8.405748e-01 
  981.000  9.356412e-01 
  982.000  9.356412e-01 
  983.000  9.062626e-01 
  984.000  9.319016e-01 
  985.000  9.319016e-01 
  986.000  9.715580e-01 
  987.000  9.562074e-01 
  988.000  9.562074e-01 
  989.000  9.797952e-01 
  990.000  9.699586e-01 
  991.000  9.699586e-01 
  992.000  9.767208e-01 
  993.000  9.753585e-01 
  994.000  9.753585e-01 
  995.000  9.853508e-01 
  996.000  9.855746e-01 
  997.000  9.855746e-01 
  998.000  9.856190e-01 
  999.000  9.848074e-01 
 1000.000  9.848074e-01 
 1001.000  9.852796e-01 
 1002.000  9.718474e-01 
 1003.000  9.718474e-01 
 1004.000  9.853383e-01 
 1005.000  9.859900e-01 
 1006.000  9.859900e-01 
 1007.000  9.864449e-01 
 1008.000  9.837863e-01 
 1009.000  9.837863e-01 
 1010.000  9.738107e-01 
 1011.000  9.864069e-01 
 1012.000  9.864069e-01 
 1013.000  9.869279e-01 
 1014.000  9.865602e-01 
 1015.000  9.865602e-01 
 1016.000  9.872607e-01 
 1017.000  9.865249e-01 
 1018.000  9.865249e-01 
 1019.000  9.856232e-01 
 1020.000  9.875403e-01 
 1021.000  9.875403e-01 
 1022.000  9.858461e-01 
 1023.000  9.858461e-01 
 1024.000  9.854296e-01 
 1025.000  9.876552e-01 
 1026.000  9.876552e-01 
 1027.000  9.866579e-01 
 1028.000  9.878544e-01 
 1029.000  9.878544e-01 
 1030.000  9.883898e-01 
 1031.000  9.882371e-01 
 1032.000  9.882371e-01 
 1033.000  9.884539e-01 
 1034.000  9.884539e-01 
 1035.000  9.887409e-01 
 1036.000  9.882694e-01 
 1037.000  9.882694e-01 
 1038.000  9.882347e-01 
 1039.000  9.877228e-01 
 1040.000  9.877228e-01 
 1041.000  9.873806e-01 
 1042.000  9.873806e-01 
 1043.000  9.869319e-01 
 1044.000  9.862244e-01 
 1045.000  9.862244e-01 
 1046.000  9.852397e-01 
 1047.000  9.852397e-01 
 1048.000  9.842492e-01 
 1049.000  9.822236e-01 
 1050.000  9.822236e-01 
 1051.000  9.813595e-01 
 1052.000  9.813595e-01 
 1053.000  9.799941e-01 
 1054.000  9.788229e-01 
 1055.000  9.788229e-01 
 1056.000  9.774631e-01 
 1057.000  9.774631e-01 
 1058.000  9.762505e-01 
 1059.000  9.750608e-01 
 1060.000  9.750608e-01 
 1061.000  9.743044e-01 
 1062.000  9.743044e-01 
 1063.000  9.728036e-01 
 1064.000  9.714980e-01 
 1065.000  9.714980e-01 
 1066.000  9.734551e-01 
 1067.000  9.734551e-01 
 1068.000  9.721510e-01 
 1069.000  9.724106e-01 
 1070.000  9.724106e-01 
 1071.000  9.748961e-01 
 1072.000  9.748961e-01 
 1073.000  9.762263e-01 
 1074.000  9.762263e-01 
 1075.000  9.685024e-01 
 1076.000  9.671860e-01 
 1077.000  9.671860e-01 
 1078.000  9.754725e-01 
 1079.000  9.754725e-01 
 1080.000  9.671522e-01 
 1081.000  9.671522e-01 
 1082.000  9.717136e-01 
 1083.000  9.643135e-01 
 1084.000  9.643135e-01 
 1085.000  9.510431e-01 
 1086.000  9.510431e-01 
 1087.000  9.704553e-01 
 1088.000  9.704553e-01 
 1089.000  9.605178e-01 
 1090.000  9.557076e-01 
 1091.000  9.557076e-01 
 1092.000  9.401129e-01 
 1093.000  9.401129e-01 
 1094.000  9.399457e-01 
 1095.000  9.399457e-01 
 1096.000  9.309728e-01 
 1097.000  9.309728e-01 
 1098.000  9.108714e-01 
 1099.000  8.519945e-01 
 1100.000  8.519945e-01 
 1101.000  8.547488e-01 
 1102.000  8.547488e-01 
 1103.000  8.308758e-01 
 1104.000  8.308758e-01 
 1105.000  8.121942e-01 
 1106.000  8.121942e-01 
 1107.000  8.114800e-01 
 1108.000  8.114800e-01 
 1109.000  7.672128e-01 
 1110.000  7.349867e-01 
 1111.000  7.349867e-01 
 1112.000  6.836261e-01 
 1113.000  6.836261e-01 
 1114.000  5.946840e-01 
 1115.000  5.946840e-01 
 1116.000  3.503557e-01 
 1117.000  3.503557e-01 
 1118.000  4.516113e-01 
 1119.000  4.516113e-01 
 1120.000  3.681729e-01 
 1121.000  3.681729e-01 
 1122.000  2.051261e-01 
 1123.000  4.170954e-01 
 1124.000  4.170954e-01 
 1125.000  2.282049e-01 
 1126.000  2.282049e-01 
 1127.000  2.826855e-01 
 1128.000  2.826855e-01 
 1129.000  2.692873e-01 
 1130.000  2.692873e-01 
 1131.000  5.733464e-01 
 1132.000  5.733464e-01 
 1133.000  2.770140e-01 
 1134.000  2.770140e-01 
 1135.000  1.598714e-01 
 1136.000  1.598714e-01 
 1137.000  5.660173e-01 
 1138.000  5.660173e-01 
 1139.000  5.291473e-01 
 1140.000  5.291473e-01 
 1141.000  5.114817e-01 
 1142.000  5.114817e-01 
 1143.000  5.449597e-01 
 1144.000  5.449597e-01 
 1145.000  3.184798e-01 
 1146.000  3.184798e-01 
 1147.000  3.139140e-01 
 1148.000  3.139140e-01 
 1149.000  4.471908e-01 
 1150.000  4.471908e-01 
 1151.000  5.335662e-01 
 1152.000  5.335662e-01 
 1153.000  4.898263e-01 
 1154.000  4.898263e-01 
 1155.000  5.451943e-01 
 1156.000  5.451943e-01 
 1157.000  6.510729e-01 
 1158.000  6.510729e-01 
 1159.000  7.383814e-01 
 1160.000  7.383814e-01 
 1161.000  7.161688e-01 
 1162.000  7.161688e-01 
 1163.000  8.141501e-01 
 1164.000  8.141501e-01 
 1165.000  7.772881e-01 
 1166.000  7.772881e-01 
 1167.000  8.416237e-01 
 1168.000  8.416237e-01 
 1169.000  8.594087e-01 
 1170.000  8.594087e-01 
 1171.000  8.760591e-01 
 1172.000  8.760591e-01 
 1173.000  7.694620e-01 
 1174.000  7.694620e-01 
 1175.000  9.349470e-01 
 1176.000  9.349470e-01 
 1177.000  8.337530e-01 
 1178.000  8.337530e-01 
 1179.000  9.092804e-01 
 1180.000  9.092804e-01 
 1181.000  7.703271e-01 
 1182.000  7.703271e-01 
 1183.000  8.699991e-01 
 1184.000  8.699991e-01 
 1185.000  8.991164e-01 
 1186.000  8.991164e-01 
 1187.000  8.024915e-01 
 1188.000  8.024915e-01 
 1189.000  8.024915e-01 
 1190.000  8.726218e-01 
 1191.000  8.726218e-01 
 1192.000  9.399021e-01 
 1193.000  9.399021e-01 
 1194.000  8.913549e-01 
 1195.000  8.913549e-01 
 1196.000  9.062628e-01 
 1197.000  9.062628e-01 
 1198.000  8.613763e-01 
 1199.000  8.613763e-01 
 1200.000  8.607813e-01 
