  250.000  0.000000e+00 
  251.000  0.000000e+00 
  252.000  0.000000e+00 
  253.000  0.000000e+00 
  254.000  0.000000e+00 
  255.000  0.000000e+00 
  256.000  0.000000e+00 
  257.000  0.000000e+00 
  258.000  0.000000e+00 
  259.000  0.000000e+00 
  260.000  0.000000e+00 
  261.000  0.000000e+00 
  262.000  0.000000e+00 
  263.000  0.000000e+00 
  264.000  0.000000e+00 
  265.000  0.000000e+00 
  266.000  0.000000e+00 
  267.000  0.000000e+00 
  268.000  0.000000e+00 
  269.000  0.000000e+00 
  270.000  0.000000e+00 
  271.000  0.000000e+00 
  272.000  0.000000e+00 
  273.000  0.000000e+00 
  274.000  0.000000e+00 
  275.000  0.000000e+00 
  276.000  0.000000e+00 
  277.000  0.000000e+00 
  278.000  0.000000e+00 
  279.000  0.000000e+00 
  280.000  0.000000e+00 
  281.000  0.000000e+00 
  282.000  0.000000e+00 
  283.000  0.000000e+00 
  284.000  0.000000e+00 
  285.000  0.000000e+00 
  286.000  0.000000e+00 
  287.000  0.000000e+00 
  288.000  2.479221e-10 
  289.000  1.868286e-09 
  290.000  1.824859e-08 
  291.000  1.117531e-07 
  292.000  1.253764e-06 
  293.000  5.198037e-06 
  294.000  2.616270e-05 
  295.000  7.374492e-05 
  296.000  3.177431e-04 
  297.000  7.582685e-04 
  298.000  2.147028e-03 
  299.000  4.334196e-03 
  300.000  9.008815e-03 
  301.000  1.635301e-02 
  302.000  2.669729e-02 
  303.000  4.843464e-02 
  304.000  5.967822e-02 
  305.000  9.651622e-02 
  306.000  1.247742e-01 
  307.000  1.725279e-01 
  308.000  2.107666e-01 
  309.000  2.537572e-01 
  310.000  3.257572e-01 
  311.000  3.561511e-01 
  312.000  4.096706e-01 
  313.000  4.741061e-01 
  314.000  4.970517e-01 
  315.000  5.745727e-01 
  316.000  5.898591e-01 
  317.000  6.456793e-01 
  318.000  6.738454e-01 
  319.000  7.661750e-01 
  320.000  6.911271e-01 
  321.000  8.284112e-01 
  322.000  7.587480e-01 
  323.000  8.159453e-01 
  324.000  8.974135e-01 
  325.000  8.221408e-01 
  326.000  9.034936e-01 
  327.000  9.214383e-01 
  328.000  8.633724e-01 
  329.000  9.529797e-01 
  330.000  9.592239e-01 
  331.000  9.077369e-01 
  332.000  9.640638e-01 
  333.000  9.674305e-01 
  334.000  9.479821e-01 
  335.000  9.783725e-01 
  336.000  9.842914e-01 
  337.000  9.635983e-01 
  338.000  9.792325e-01 
  339.000  9.870214e-01 
  340.000  9.759468e-01 
  341.000  9.857601e-01 
  342.000  9.895083e-01 
  343.000  9.882835e-01 
  344.000  9.771069e-01 
  345.000  9.884754e-01 
  346.000  9.909450e-01 
  347.000  9.901062e-01 
  348.000  9.913609e-01 
  349.000  9.926969e-01 
  350.000  9.936798e-01 
  351.000  9.938833e-01 
  352.000  9.942827e-01 
  353.000  9.946935e-01 
  354.000  9.933060e-01 
  355.000  9.929255e-01 
  356.000  9.932441e-01 
  357.000  9.909213e-01 
  358.000  9.897569e-01 
  359.000  9.884760e-01 
  360.000  9.869712e-01 
  361.000  9.859043e-01 
  362.000  9.879929e-01 
  363.000  9.899472e-01 
  364.000  9.918278e-01 
  365.000  9.916221e-01 
  366.000  9.926310e-01 
  367.000  9.929449e-01 
  368.000  9.927632e-01 
  369.000  9.930608e-01 
  370.000  9.929153e-01 
  371.000  9.933652e-01 
  372.000  9.919535e-01 
  373.000  9.925950e-01 
  374.000  9.927368e-01 
  375.000  9.929698e-01 
  376.000  9.915376e-01 
  377.000  9.913664e-01 
  378.000  9.910250e-01 
  379.000  9.893979e-01 
  380.000  9.874716e-01 
  381.000  9.881576e-01 
  382.000  9.896912e-01 
  383.000  9.914373e-01 
  384.000  9.915324e-01 
  385.000  9.919377e-01 
  386.000  9.922805e-01 
  387.000  9.921768e-01 
  388.000  9.919923e-01 
  389.000  9.919493e-01 
  390.000  9.919274e-01 
  391.000  9.921157e-01 
  392.000  9.911516e-01 
  393.000  9.925472e-01 
  394.000  9.925587e-01 
  395.000  9.923764e-01 
  396.000  9.919148e-01 
  397.000  9.926272e-01 
  398.000  9.912598e-01 
  399.000  9.922788e-01 
  400.000  9.910374e-01 
  401.000  9.913169e-01 
  402.000  9.923348e-01 
  403.000  9.929307e-01 
  404.000  9.917846e-01 
  405.000  9.914270e-01 
  406.000  9.925122e-01 
  407.000  9.934083e-01 
  408.000  9.920018e-01 
  409.000  9.912625e-01 
  410.000  9.917279e-01 
  411.000  9.915420e-01 
  412.000  9.926159e-01 
  413.000  9.911799e-01 
  414.000  9.917716e-01 
  415.000  9.918969e-01 
  416.000  9.931530e-01 
  417.000  9.929954e-01 
  418.000  9.922916e-01 
  419.000  9.924661e-01 
  420.000  9.917524e-01 
  421.000  9.915922e-01 
  422.000  9.913318e-01 
  423.000  9.918382e-01 
  424.000  9.910429e-01 
  425.000  9.920440e-01 
  426.000  9.931620e-01 
  427.000  9.921405e-01 
  428.000  9.911772e-01 
  429.000  9.927624e-01 
  430.000  9.927545e-01 
  431.000  9.910499e-01 
  432.000  9.926777e-01 
  433.000  9.923692e-01 
  434.000  9.914458e-01 
  435.000  9.895553e-01 
  436.000  9.912846e-01 
  437.000  9.931827e-01 
  438.000  9.935855e-01 
  439.000  9.895817e-01 
  440.000  9.909981e-01 
  441.000  9.927409e-01 
  442.000  9.933882e-01 
  443.000  9.923964e-01 
  444.000  9.909380e-01 
  445.000  9.893405e-01 
  446.000  9.908107e-01 
  447.000  9.914868e-01 
  448.000  9.875841e-01 
  449.000  9.908489e-01 
  450.000  9.919926e-01 
  451.000  9.918808e-01 
  452.000  9.917262e-01 
  453.000  9.918020e-01 
  454.000  9.925548e-01 
  455.000  9.915656e-01 
  456.000  9.914981e-01 
  457.000  9.920427e-01 
  458.000  9.898816e-01 
  459.000  9.908163e-01 
  460.000  9.896286e-01 
  461.000  9.897209e-01 
  462.000  9.906377e-01 
  463.000  9.883153e-01 
  464.000  9.894961e-01 
  465.000  9.901031e-01 
  466.000  9.911155e-01 
  467.000  9.896449e-01 
  468.000  9.900609e-01 
  469.000  9.904954e-01 
  470.000  9.902044e-01 
  471.000  9.899027e-01 
  472.000  9.883832e-01 
  473.000  9.865111e-01 
  474.000  9.824411e-01 
  475.000  9.801269e-01 
  476.000  9.783795e-01 
  477.000  9.774396e-01 
  478.000  9.772477e-01 
  479.000  9.779631e-01 
  480.000  9.788760e-01 
  481.000  9.819993e-01 
  482.000  9.842440e-01 
  483.000  9.859073e-01 
  484.000  9.858978e-01 
  485.000  9.855303e-01 
  486.000  9.855565e-01 
  487.000  9.860467e-01 
  488.000  9.851831e-01 
  489.000  9.840396e-01 
  490.000  9.853048e-01 
  491.000  9.860545e-01 
  492.000  9.856977e-01 
  493.000  9.853079e-01 
  494.000  9.844201e-01 
  495.000  9.842271e-01 
  496.000  9.835061e-01 
  497.000  9.833882e-01 
  498.000  9.833335e-01 
  499.000  9.829264e-01 
  500.000  9.822804e-01 
  501.000  9.811926e-01 
  502.000  9.791637e-01 
  503.000  9.774282e-01 
  504.000  9.769014e-01 
  505.000  9.749774e-01 
  506.000  9.759446e-01 
  507.000  9.762247e-01 
  508.000  9.765580e-01 
  509.000  9.762138e-01 
  510.000  9.763459e-01 
  511.000  9.765351e-01 
  512.000  9.766870e-01 
  513.000  9.771048e-01 
  514.000  9.773143e-01 
  515.000  9.775603e-01 
  516.000  9.771724e-01 
  517.000  9.767461e-01 
  518.000  9.762573e-01 
  519.000  9.752129e-01 
  520.000  9.748261e-01 
  521.000  9.743531e-01 
  522.000  9.738428e-01 
  523.000  9.729565e-01 
  524.000  9.720153e-01 
  525.000  9.704952e-01 
  526.000  9.689124e-01 
  527.000  9.679197e-01 
  528.000  9.663545e-01 
  529.000  9.651781e-01 
  530.000  9.641962e-01 
  531.000  9.633507e-01 
  532.000  9.627601e-01 
  533.000  9.624931e-01 
  534.000  9.623296e-01 
  535.000  9.623647e-01 
  536.000  9.624264e-01 
  537.000  9.622740e-01 
  538.000  9.619181e-01 
  539.000  9.615034e-01 
  540.000  9.616638e-01 
  541.000  9.610683e-01 
  542.000  9.602394e-01 
  543.000  9.598479e-01 
  544.000  9.596822e-01 
  545.000  9.587589e-01 
  546.000  9.586586e-01 
  547.000  9.588200e-01 
  548.000  9.583889e-01 
  549.000  9.581965e-01 
  550.000  9.581050e-01 
  551.000  9.580160e-01 
  552.000  9.575647e-01 
  553.000  9.566668e-01 
  554.000  9.564772e-01 
  555.000  9.561899e-01 
  556.000  9.552259e-01 
  557.000  9.538903e-01 
  558.000  9.527155e-01 
  559.000  9.512397e-01 
  560.000  9.498635e-01 
  561.000  9.486459e-01 
  562.000  9.475991e-01 
  563.000  9.462014e-01 
  564.000  9.446601e-01 
  565.000  9.434434e-01 
  566.000  9.424623e-01 
  567.000  9.411106e-01 
  568.000  9.393492e-01 
  569.000  9.355765e-01 
  570.000  9.321126e-01 
  571.000  9.304168e-01 
  572.000  9.283938e-01 
  573.000  9.264324e-01 
  574.000  9.243721e-01 
  575.000  9.226945e-01 
  576.000  9.220155e-01 
  577.000  9.220396e-01 
  578.000  9.232020e-01 
  579.000  9.246873e-01 
  580.000  9.261993e-01 
  581.000  9.290418e-01 
  582.000  9.318498e-01 
  583.000  9.341886e-01 
  584.000  9.376160e-01 
  585.000  9.388206e-01 
  586.000  9.403101e-01 
  587.000  9.407108e-01 
  588.000  9.413838e-01 
  589.000  9.382244e-01 
  590.000  9.383559e-01 
  591.000  9.393685e-01 
  592.000  9.362196e-01 
  593.000  9.401122e-01 
  594.000  9.379402e-01 
  595.000  9.388332e-01 
  596.000  9.387516e-01 
  597.000  9.384774e-01 
  598.000  9.378536e-01 
  599.000  9.378645e-01 
  600.000  9.372258e-01 
  601.000  9.376431e-01 
  602.000  9.380543e-01 
  603.000  9.383150e-01 
  604.000  9.385609e-01 
  605.000  9.386888e-01 
  606.000  9.395388e-01 
  607.000  9.402165e-01 
  608.000  9.411183e-01 
  609.000  9.414974e-01 
  610.000  9.422467e-01 
  611.000  9.428169e-01 
  612.000  9.434822e-01 
  613.000  9.442769e-01 
  614.000  9.447827e-01 
  615.000  9.453881e-01 
  616.000  9.460941e-01 
  617.000  9.465731e-01 
  618.000  9.468435e-01 
  619.000  9.472557e-01 
  620.000  9.472870e-01 
  621.000  9.471102e-01 
  622.000  9.470293e-01 
  623.000  9.463741e-01 
  624.000  9.460189e-01 
  625.000  9.456226e-01 
  626.000  9.446215e-01 
  627.000  9.438759e-01 
  628.000  9.147605e-01 
  629.000  9.272228e-01 
  630.000  9.323829e-01 
  631.000  9.415089e-01 
  632.000  9.453173e-01 
  633.000  9.470919e-01 
  634.000  9.496476e-01 
  635.000  9.503236e-01 
  636.000  9.530597e-01 
  637.000  9.561059e-01 
  638.000  9.578330e-01 
  639.000  9.598024e-01 
  640.000  9.608712e-01 
  641.000  9.627750e-01 
  642.000  9.637129e-01 
  643.000  9.642553e-01 
  644.000  9.650632e-01 
  645.000  9.657251e-01 
  646.000  9.653068e-01 
  647.000  9.644119e-01 
  648.000  9.633420e-01 
  649.000  9.652887e-01 
  650.000  9.683729e-01 
  651.000  9.688858e-01 
  652.000  9.687092e-01 
  653.000  9.698242e-01 
  654.000  9.706225e-01 
  655.000  9.680039e-01 
  656.000  9.703794e-01 
  657.000  9.712138e-01 
  658.000  9.726646e-01 
  659.000  9.736590e-01 
  660.000  9.737990e-01 
  661.000  9.746120e-01 
  662.000  9.747735e-01 
  663.000  9.752636e-01 
  664.000  9.756759e-01 
  665.000  9.760627e-01 
  666.000  9.765124e-01 
  667.000  9.771361e-01 
  668.000  9.774494e-01 
  669.000  9.779847e-01 
  670.000  9.782757e-01 
  671.000  9.788880e-01 
  672.000  9.789916e-01 
  673.000  9.794399e-01 
  674.000  9.796259e-01 
  675.000  9.801334e-01 
  676.000  9.802738e-01 
  677.000  9.805477e-01 
  678.000  9.809840e-01 
  679.000  9.812363e-01 
  680.000  9.816778e-01 
  681.000  9.818949e-01 
  682.000  9.826094e-01 
  683.000  9.827299e-01 
  684.000  9.833865e-01 
  685.000  9.836799e-01 
  686.000  9.840238e-01 
  687.000  6.269634e-01 
  688.000  8.113678e-01 
  689.000  8.583151e-01 
  690.000  8.954874e-01 
  691.000  9.203675e-01 
  692.000  9.645069e-01 
  693.000  9.665900e-01 
  694.000  9.734902e-01 
  695.000  9.800363e-01 
  696.000  9.782921e-01 
  697.000  9.863931e-01 
  698.000  9.862905e-01 
  699.000  9.830669e-01 
  700.000  9.837458e-01 
  701.000  9.813439e-01 
  702.000  9.826945e-01 
  703.000  9.838702e-01 
  704.000  9.847272e-01 
  705.000  9.851269e-01 
  706.000  9.864751e-01 
  707.000  9.875256e-01 
  708.000  9.883484e-01 
  709.000  9.885072e-01 
  710.000  9.882668e-01 
  711.000  9.892944e-01 
  712.000  9.888714e-01 
  713.000  9.897401e-01 
  714.000  9.891849e-01 
  715.000  9.878348e-01 
  716.000  9.881994e-01 
  717.000  9.814306e-01 
  718.000  9.603872e-01 
  719.000  9.330741e-01 
  720.000  9.647918e-01 
  721.000  9.857877e-01 
  722.000  9.853302e-01 
  723.000  9.843944e-01 
  724.000  9.547425e-01 
  725.000  9.670137e-01 
  726.000  9.787174e-01 
  727.000  9.736705e-01 
  728.000  9.644123e-01 
  729.000  9.701475e-01 
  730.000  9.803196e-01 
  731.000  9.747470e-01 
  732.000  9.780473e-01 
  733.000  9.863693e-01 
  734.000  9.906576e-01 
  735.000  9.877949e-01 
  736.000  9.898438e-01 
  737.000  9.898806e-01 
  738.000  9.911264e-01 
  739.000  9.915059e-01 
  740.000  9.930432e-01 
  741.000  9.938630e-01 
  742.000  9.940220e-01 
  743.000  9.940001e-01 
  744.000  9.942631e-01 
  745.000  9.944198e-01 
  746.000  9.946489e-01 
  747.000  9.947630e-01 
  748.000  9.948605e-01 
  749.000  9.949244e-01 
  750.000  9.950415e-01 
  751.000  9.951057e-01 
  752.000  9.954144e-01 
  753.000  9.954998e-01 
  754.000  9.955960e-01 
  755.000  9.957013e-01 
  756.000  9.957507e-01 
  757.000  9.958752e-01 
  758.000  9.960387e-01 
  759.000  9.813541e-01 
  760.000  2.751133e-01 
  761.000  1.625078e-01 
  762.000  5.865365e-01 
  763.000  4.651931e-01 
  764.000  5.450575e-01 
  765.000  6.979785e-01 
  766.000  8.425109e-01 
  767.000  8.985124e-01 
  768.000  9.677922e-01 
  769.000  9.860607e-01 
  770.000  9.856230e-01 
  771.000  9.939609e-01 
  772.000  9.962710e-01 
  773.000  9.962431e-01 
  774.000  9.962308e-01 
  775.000  9.962410e-01 
  776.000  9.962528e-01 
  777.000  9.962993e-01 
  778.000  9.963157e-01 
  779.000  9.963021e-01 
  780.000  9.962917e-01 
  781.000  9.964077e-01 
  782.000  9.964898e-01 
  783.000  9.965689e-01 
  784.000  9.965253e-01 
  785.000  9.964844e-01 
  786.000  9.959936e-01 
  787.000  9.960341e-01 
  788.000  9.949162e-01 
  789.000  9.949704e-01 
  790.000  9.930207e-01 
  791.000  9.932902e-01 
  792.000  9.942036e-01 
  793.000  9.947801e-01 
  794.000  9.973437e-01 
  795.000  9.965433e-01 
  796.000  9.911181e-01 
  797.000  9.950912e-01 
  798.000  9.954886e-01 
  799.000  9.963381e-01 
  800.000  9.940595e-01 
  801.000  9.929001e-01 
  802.000  9.944229e-01 
  803.000  9.940835e-01 
  804.000  9.938961e-01 
  805.000  9.948591e-01 
  806.000  9.968307e-01 
  807.000  9.955450e-01 
  808.000  9.967244e-01 
  809.000  9.948078e-01 
  810.000  9.937667e-01 
  811.000  9.941249e-01 
  812.000  9.920081e-01 
  813.000  9.877883e-01 
  814.000  9.802932e-01 
  815.000  9.699150e-01 
  816.000  9.778129e-01 
  817.000  9.383019e-01 
  818.000  9.656526e-01 
  819.000  9.779482e-01 
  820.000  9.615515e-01 
  821.000  9.934050e-01 
  822.000  9.899668e-01 
  823.000  9.263492e-01 
  824.000  9.853161e-01 
  825.000  9.915351e-01 
  826.000  9.847969e-01 
  827.000  9.912544e-01 
  828.000  9.731208e-01 
  829.000  9.872656e-01 
  830.000  9.839474e-01 
  831.000  9.855803e-01 
  832.000  9.854916e-01 
  833.000  9.906568e-01 
  834.000  9.904656e-01 
  835.000  9.933075e-01 
  836.000  9.935828e-01 
  837.000  9.934312e-01 
  838.000  9.952779e-01 
  839.000  9.961765e-01 
  840.000  9.963936e-01 
  841.000  9.963936e-01 
  842.000  9.947347e-01 
  843.000  9.977749e-01 
  844.000  9.959167e-01 
  845.000  9.973851e-01 
  846.000  9.977369e-01 
  847.000  9.980065e-01 
  848.000  9.975885e-01 
  849.000  9.977407e-01 
  850.000  9.979718e-01 
  851.000  9.988060e-01 
  852.000  9.995284e-01 
  853.000  9.996427e-01 
  854.000  9.994873e-01 
  855.000  9.994873e-01 
  856.000  9.996188e-01 
  857.000  9.999165e-01 
  858.000  9.996083e-01 
  859.000  9.997866e-01 
  860.000  9.999776e-01 
  861.000  9.998867e-01 
  862.000  9.999591e-01 
  863.000  9.995304e-01 
  864.000  9.999886e-01 
  865.000  9.999886e-01 
  866.000  9.998789e-01 
  867.000  9.999837e-01 
  868.000  9.998780e-01 
  869.000  9.997454e-01 
  870.000  9.999609e-01 
  871.000  9.998810e-01 
  872.000  9.999890e-01 
  873.000  9.999581e-01 
  874.000  9.999581e-01 
  875.000  9.999970e-01 
  876.000  9.999985e-01 
  877.000  9.999683e-01 
  878.000  9.999395e-01 
  879.000  9.999301e-01 
  880.000  9.999740e-01 
  881.000  9.999740e-01 
  882.000  9.997851e-01 
  883.000  9.998355e-01 
  884.000  9.998428e-01 
  885.000  9.998683e-01 
  886.000  9.987959e-01 
  887.000  9.997624e-01 
  888.000  9.997624e-01 
  889.000  9.995220e-01 
  890.000  9.989055e-01 
  891.000  9.997314e-01 
  892.000  9.987605e-01 
  893.000  9.962063e-01 
  894.000  9.962063e-01 
  895.000  9.897345e-01 
  896.000  9.839571e-01 
  897.000  9.525819e-01 
  898.000  9.827399e-01 
  899.000  9.174144e-01 
  900.000  9.174144e-01 
  901.000  9.308305e-01 
  902.000  9.470001e-01 
  903.000  9.607317e-01 
  904.000  9.919916e-01 
  905.000  9.882811e-01 
  906.000  9.882811e-01 
  907.000  9.573089e-01 
  908.000  9.443261e-01 
  909.000  9.522421e-01 
  910.000  9.460314e-01 
  911.000  9.460314e-01 
  912.000  9.790442e-01 
  913.000  9.631345e-01 
  914.000  9.509952e-01 
  915.000  9.312078e-01 
  916.000  9.312078e-01 
  917.000  9.779965e-01 
  918.000  9.405810e-01 
  919.000  9.687827e-01 
  920.000  9.910950e-01 
  921.000  9.910950e-01 
  922.000  9.858539e-01 
  923.000  9.854478e-01 
  924.000  9.805210e-01 
  925.000  9.805210e-01 
  926.000  9.829967e-01 
  927.000  9.849900e-01 
  928.000  9.527751e-01 
  929.000  9.461833e-01 
  930.000  9.461833e-01 
  931.000  8.786253e-01 
  932.000  7.340245e-01 
  933.000  7.786252e-01 
  934.000  7.786252e-01 
  935.000  7.159901e-01 
  936.000  6.957942e-01 
  937.000  7.062962e-01 
  938.000  7.062962e-01 
  939.000  7.932193e-01 
  940.000  8.949872e-01 
  941.000  8.676382e-01 
  942.000  8.676382e-01 
  943.000  7.818117e-01 
  944.000  7.786313e-01 
  945.000  8.735225e-01 
  946.000  8.735225e-01 
  947.000  8.036931e-01 
  948.000  8.310061e-01 
  949.000  8.598246e-01 
  950.000  8.598246e-01 
  951.000  8.656484e-01 
  952.000  7.917800e-01 
  953.000  8.963574e-01 
  954.000  8.963574e-01 
  955.000  8.907480e-01 
  956.000  8.047585e-01 
  957.000  9.155874e-01 
  958.000  9.155874e-01 
  959.000  8.750567e-01 
  960.000  9.135923e-01 
  961.000  9.135923e-01 
  962.000  9.177711e-01 
  963.000  9.487094e-01 
  964.000  9.055567e-01 
  965.000  9.055567e-01 
  966.000  9.325496e-01 
  967.000  9.662644e-01 
  968.000  9.662644e-01 
  969.000  9.727759e-01 
  970.000  9.850091e-01 
  971.000  9.885711e-01 
  972.000  9.885711e-01 
  973.000  9.842027e-01 
  974.000  9.593976e-01 
  975.000  9.593976e-01 
  976.000  9.506190e-01 
  977.000  9.773516e-01 
  978.000  9.737363e-01 
  979.000  9.737363e-01 
  980.000  9.742125e-01 
  981.000  9.931338e-01 
  982.000  9.931338e-01 
  983.000  9.874622e-01 
  984.000  9.924667e-01 
  985.000  9.924667e-01 
  986.000  9.980097e-01 
  987.000  9.959205e-01 
  988.000  9.959205e-01 
  989.000  9.990656e-01 
  990.000  9.977741e-01 
  991.000  9.977741e-01 
  992.000  9.986278e-01 
  993.000  9.984490e-01 
  994.000  9.984490e-01 
  995.000  9.997344e-01 
  996.000  9.997589e-01 
  997.000  9.997589e-01 
  998.000  9.997520e-01 
  999.000  9.996393e-01 
 1000.000  9.996393e-01 
 1001.000  9.996884e-01 
 1002.000  9.978934e-01 
 1003.000  9.978934e-01 
 1004.000  9.996796e-01 
 1005.000  9.997510e-01 
 1006.000  9.997510e-01 
 1007.000  9.997990e-01 
 1008.000  9.994610e-01 
 1009.000  9.994610e-01 
 1010.000  9.981208e-01 
 1011.000  9.997712e-01 
 1012.000  9.997712e-01 
 1013.000  9.998241e-01 
 1014.000  9.997654e-01 
 1015.000  9.997654e-01 
 1016.000  9.998480e-01 
 1017.000  9.997396e-01 
 1018.000  9.997396e-01 
 1019.000  9.996147e-01 
 1020.000  9.998420e-01 
 1021.000  9.998420e-01 
 1022.000  9.996086e-01 
 1023.000  9.996086e-01 
 1024.000  9.995449e-01 
 1025.000  9.997826e-01 
 1026.000  9.997826e-01 
 1027.000  9.996200e-01 
 1028.000  9.997231e-01 
 1029.000  9.997231e-01 
 1030.000  9.996820e-01 
 1031.000  9.995981e-01 
 1032.000  9.995981e-01 
 1033.000  9.994504e-01 
 1034.000  9.994504e-01 
 1035.000  9.993074e-01 
 1036.000  9.986222e-01 
 1037.000  9.986222e-01 
 1038.000  9.985286e-01 
 1039.000  9.977931e-01 
 1040.000  9.977931e-01 
 1041.000  9.972569e-01 
 1042.000  9.972569e-01 
 1043.000  9.966042e-01 
 1044.000  9.956327e-01 
 1045.000  9.956327e-01 
 1046.000  9.943012e-01 
 1047.000  9.943012e-01 
 1048.000  9.929764e-01 
 1049.000  9.903420e-01 
 1050.000  9.903420e-01 
 1051.000  9.891561e-01 
 1052.000  9.891561e-01 
 1053.000  9.873574e-01 
 1054.000  9.858317e-01 
 1055.000  9.858317e-01 
 1056.000  9.840462e-01 
 1057.000  9.840462e-01 
 1058.000  9.824498e-01 
 1059.000  9.808537e-01 
 1060.000  9.808537e-01 
 1061.000  9.798383e-01 
 1062.000  9.798383e-01 
 1063.000  9.781364e-01 
 1064.000  9.773756e-01 
 1065.000  9.773756e-01 
 1066.000  9.785879e-01 
 1067.000  9.785879e-01 
 1068.000  9.775915e-01 
 1069.000  9.798083e-01 
 1070.000  9.798083e-01 
 1071.000  9.814978e-01 
 1072.000  9.814978e-01 
 1073.000  9.830641e-01 
 1074.000  9.830641e-01 
 1075.000  9.837369e-01 
 1076.000  9.851917e-01 
 1077.000  9.851917e-01 
 1078.000  9.881943e-01 
 1079.000  9.881943e-01 
 1080.000  9.884212e-01 
 1081.000  9.884212e-01 
 1082.000  9.909031e-01 
 1083.000  9.912347e-01 
 1084.000  9.912347e-01 
 1085.000  9.900867e-01 
 1086.000  9.900867e-01 
 1087.000  9.940097e-01 
 1088.000  9.940097e-01 
 1089.000  9.937913e-01 
 1090.000  9.935679e-01 
 1091.000  9.935679e-01 
 1092.000  9.921089e-01 
 1093.000  9.921089e-01 
 1094.000  9.921367e-01 
 1095.000  9.921367e-01 
 1096.000  9.912031e-01 
 1097.000  9.912031e-01 
 1098.000  9.886447e-01 
 1099.000  9.778137e-01 
 1100.000  9.778137e-01 
 1101.000  9.780923e-01 
 1102.000  9.780923e-01 
 1103.000  9.738576e-01 
 1104.000  9.738576e-01 
 1105.000  9.705546e-01 
 1106.000  9.705546e-01 
 1107.000  9.698085e-01 
 1108.000  9.698085e-01 
 1109.000  9.611539e-01 
 1110.000  9.419540e-01 
 1111.000  9.419540e-01 
 1112.000  9.350830e-01 
 1113.000  9.350830e-01 
 1114.000  8.638133e-01 
 1115.000  8.638133e-01 
 1116.000  7.462313e-01 
 1117.000  7.462313e-01 
 1118.000  7.985454e-01 
 1119.000  7.985454e-01 
 1120.000  7.598529e-01 
 1121.000  7.598529e-01 
 1122.000  6.174405e-01 
 1123.000  7.862043e-01 
 1124.000  7.862043e-01 
 1125.000  6.520029e-01 
 1126.000  6.520029e-01 
 1127.000  7.140540e-01 
 1128.000  7.140540e-01 
 1129.000  7.157044e-01 
 1130.000  7.157044e-01 
 1131.000  8.937654e-01 
 1132.000  8.937654e-01 
 1133.000  7.245651e-01 
 1134.000  7.245651e-01 
 1135.000  5.033600e-01 
 1136.000  5.033600e-01 
 1137.000  9.008908e-01 
 1138.000  9.008908e-01 
 1139.000  8.431121e-01 
 1140.000  8.431121e-01 
 1141.000  8.419751e-01 
 1142.000  8.419751e-01 
 1143.000  8.873302e-01 
 1144.000  8.873302e-01 
 1145.000  7.292628e-01 
 1146.000  7.292628e-01 
 1147.000  7.336392e-01 
 1148.000  7.336392e-01 
 1149.000  7.941428e-01 
 1150.000  7.941428e-01 
 1151.000  8.481997e-01 
 1152.000  8.481997e-01 
 1153.000  8.125060e-01 
 1154.000  8.125060e-01 
 1155.000  8.482736e-01 
 1156.000  8.482736e-01 
 1157.000  9.010487e-01 
 1158.000  9.010487e-01 
 1159.000  9.519297e-01 
 1160.000  9.519297e-01 
 1161.000  9.424853e-01 
 1162.000  9.424853e-01 
 1163.000  9.584064e-01 
 1164.000  9.584064e-01 
 1165.000  9.543871e-01 
 1166.000  9.543871e-01 
 1167.000  9.696840e-01 
 1168.000  9.696840e-01 
 1169.000  9.737017e-01 
 1170.000  9.737017e-01 
 1171.000  9.768713e-01 
 1172.000  9.768713e-01 
 1173.000  9.565774e-01 
 1174.000  9.565774e-01 
 1175.000  9.895304e-01 
 1176.000  9.895304e-01 
 1177.000  9.704043e-01 
 1178.000  9.704043e-01 
 1179.000  9.847220e-01 
 1180.000  9.847220e-01 
 1181.000  9.534591e-01 
 1182.000  9.534591e-01 
 1183.000  9.781277e-01 
 1184.000  9.781277e-01 
 1185.000  9.856170e-01 
 1186.000  9.856170e-01 
 1187.000  9.533733e-01 
 1188.000  9.533733e-01 
 1189.000  9.533733e-01 
 1190.000  9.775674e-01 
 1191.000  9.775674e-01 
 1192.000  9.914293e-01 
 1193.000  9.914293e-01 
 1194.000  9.819486e-01 
 1195.000  9.819486e-01 
 1196.000  9.875636e-01 
 1197.000  9.875636e-01 
 1198.000  9.781700e-01 
 1199.000  9.781700e-01 
 1200.000  9.758066e-01 
