  250.000  0.000000e+00 
  251.000  0.000000e+00 
  252.000  0.000000e+00 
  253.000  0.000000e+00 
  254.000  0.000000e+00 
  255.000  0.000000e+00 
  256.000  0.000000e+00 
  257.000  0.000000e+00 
  258.000  0.000000e+00 
  259.000  0.000000e+00 
  260.000  0.000000e+00 
  261.000  0.000000e+00 
  262.000  0.000000e+00 
  263.000  0.000000e+00 
  264.000  0.000000e+00 
  265.000  0.000000e+00 
  266.000  0.000000e+00 
  267.000  0.000000e+00 
  268.000  0.000000e+00 
  269.000  0.000000e+00 
  270.000  0.000000e+00 
  271.000  0.000000e+00 
  272.000  0.000000e+00 
  273.000  0.000000e+00 
  274.000  0.000000e+00 
  275.000  0.000000e+00 
  276.000  0.000000e+00 
  277.000  0.000000e+00 
  278.000  0.000000e+00 
  279.000  0.000000e+00 
  280.000  0.000000e+00 
  281.000  0.000000e+00 
  282.000  0.000000e+00 
  283.000  0.000000e+00 
  284.000  0.000000e+00 
  285.000  0.000000e+00 
  286.000  0.000000e+00 
  287.000  0.000000e+00 
  288.000  6.005422e-10 
  289.000  4.174327e-09 
  290.000  3.722040e-08 
  291.000  2.119971e-07 
  292.000  2.159175e-06 
  293.000  8.456806e-06 
  294.000  3.990026e-05 
  295.000  1.079005e-04 
  296.000  4.385240e-04 
  297.000  1.010719e-03 
  298.000  2.745140e-03 
  299.000  5.388061e-03 
  300.000  1.087630e-02 
  301.000  1.927765e-02 
  302.000  3.086090e-02 
  303.000  5.467011e-02 
  304.000  6.680106e-02 
  305.000  1.059782e-01 
  306.000  1.356063e-01 
  307.000  1.850909e-01 
  308.000  2.243106e-01 
  309.000  2.680660e-01 
  310.000  3.407049e-01 
  311.000  3.711667e-01 
  312.000  4.245585e-01 
  313.000  4.884730e-01 
  314.000  5.111467e-01 
  315.000  5.874504e-01 
  316.000  6.024463e-01 
  317.000  6.570769e-01 
  318.000  6.845700e-01 
  319.000  7.743813e-01 
  320.000  7.014158e-01 
  321.000  8.346726e-01 
  322.000  7.671736e-01 
  323.000  8.226111e-01 
  324.000  9.013073e-01 
  325.000  8.286066e-01 
  326.000  9.071687e-01 
  327.000  9.244589e-01 
  328.000  8.684608e-01 
  329.000  9.548174e-01 
  330.000  9.608226e-01 
  331.000  9.112585e-01 
  332.000  9.654762e-01 
  333.000  9.687127e-01 
  334.000  9.500100e-01 
  335.000  9.792285e-01 
  336.000  9.849151e-01 
  337.000  9.650286e-01 
  338.000  9.800550e-01 
  339.000  9.875373e-01 
  340.000  9.768978e-01 
  341.000  9.863259e-01 
  342.000  9.899258e-01 
  343.000  9.887496e-01 
  344.000  9.780124e-01 
  345.000  9.889339e-01 
  346.000  9.913056e-01 
  347.000  9.905002e-01 
  348.000  9.917051e-01 
  349.000  9.929880e-01 
  350.000  9.939319e-01 
  351.000  9.941273e-01 
  352.000  9.945107e-01 
  353.000  9.949052e-01 
  354.000  9.935729e-01 
  355.000  9.932075e-01 
  356.000  9.935135e-01 
  357.000  9.912828e-01 
  358.000  9.901645e-01 
  359.000  9.889344e-01 
  360.000  9.874890e-01 
  361.000  9.864643e-01 
  362.000  9.884704e-01 
  363.000  9.903474e-01 
  364.000  9.921535e-01 
  365.000  9.919557e-01 
  366.000  9.929245e-01 
  367.000  9.932262e-01 
  368.000  9.930516e-01 
  369.000  9.933375e-01 
  370.000  9.931977e-01 
  371.000  9.936298e-01 
  372.000  9.922741e-01 
  373.000  9.928901e-01 
  374.000  9.930263e-01 
  375.000  9.932500e-01 
  376.000  9.918747e-01 
  377.000  9.917104e-01 
  378.000  9.913824e-01 
  379.000  9.898199e-01 
  380.000  9.879696e-01 
  381.000  9.886285e-01 
  382.000  9.901015e-01 
  383.000  9.917783e-01 
  384.000  9.918698e-01 
  385.000  9.922589e-01 
  386.000  9.925881e-01 
  387.000  9.924886e-01 
  388.000  9.923113e-01 
  389.000  9.922701e-01 
  390.000  9.922491e-01 
  391.000  9.924299e-01 
  392.000  9.915041e-01 
  393.000  9.928442e-01 
  394.000  9.928554e-01 
  395.000  9.926803e-01 
  396.000  9.922370e-01 
  397.000  9.929211e-01 
  398.000  9.916078e-01 
  399.000  9.925866e-01 
  400.000  9.913944e-01 
  401.000  9.916628e-01 
  402.000  9.926403e-01 
  403.000  9.932125e-01 
  404.000  9.921120e-01 
  405.000  9.917685e-01 
  406.000  9.928106e-01 
  407.000  9.936712e-01 
  408.000  9.923205e-01 
  409.000  9.916106e-01 
  410.000  9.920574e-01 
  411.000  9.918789e-01 
  412.000  9.929103e-01 
  413.000  9.915313e-01 
  414.000  9.920994e-01 
  415.000  9.922197e-01 
  416.000  9.934260e-01 
  417.000  9.932747e-01 
  418.000  9.925988e-01 
  419.000  9.927664e-01 
  420.000  9.920810e-01 
  421.000  9.919271e-01 
  422.000  9.916770e-01 
  423.000  9.921631e-01 
  424.000  9.913996e-01 
  425.000  9.923610e-01 
  426.000  9.934345e-01 
  427.000  9.924536e-01 
  428.000  9.915287e-01 
  429.000  9.930509e-01 
  430.000  9.930434e-01 
  431.000  9.914064e-01 
  432.000  9.929696e-01 
  433.000  9.926733e-01 
  434.000  9.917865e-01 
  435.000  9.899709e-01 
  436.000  9.916318e-01 
  437.000  9.934546e-01 
  438.000  9.938414e-01 
  439.000  9.899964e-01 
  440.000  9.913566e-01 
  441.000  9.930302e-01 
  442.000  9.936519e-01 
  443.000  9.926995e-01 
  444.000  9.912989e-01 
  445.000  9.897647e-01 
  446.000  9.911766e-01 
  447.000  9.918259e-01 
  448.000  9.880777e-01 
  449.000  9.912133e-01 
  450.000  9.923116e-01 
  451.000  9.922044e-01 
  452.000  9.920558e-01 
  453.000  9.921286e-01 
  454.000  9.928516e-01 
  455.000  9.919017e-01 
  456.000  9.918367e-01 
  457.000  9.923598e-01 
  458.000  9.902843e-01 
  459.000  9.911820e-01 
  460.000  9.900414e-01 
  461.000  9.901300e-01 
  462.000  9.910105e-01 
  463.000  9.887800e-01 
  464.000  9.899141e-01 
  465.000  9.904971e-01 
  466.000  9.914694e-01 
  467.000  9.900571e-01 
  468.000  9.904566e-01 
  469.000  9.908739e-01 
  470.000  9.905943e-01 
  471.000  9.903046e-01 
  472.000  9.888453e-01 
  473.000  9.870472e-01 
  474.000  9.831375e-01 
  475.000  9.809142e-01 
  476.000  9.792352e-01 
  477.000  9.783322e-01 
  478.000  9.781478e-01 
  479.000  9.788352e-01 
  480.000  9.797123e-01 
  481.000  9.827130e-01 
  482.000  9.848695e-01 
  483.000  9.864671e-01 
  484.000  9.864581e-01 
  485.000  9.861050e-01 
  486.000  9.861302e-01 
  487.000  9.866010e-01 
  488.000  9.857715e-01 
  489.000  9.846731e-01 
  490.000  9.858884e-01 
  491.000  9.866086e-01 
  492.000  9.862659e-01 
  493.000  9.858914e-01 
  494.000  9.850385e-01 
  495.000  9.848533e-01 
  496.000  9.841607e-01 
  497.000  9.840473e-01 
  498.000  9.839947e-01 
  499.000  9.836037e-01 
  500.000  9.829832e-01 
  501.000  9.819382e-01 
  502.000  9.799888e-01 
  503.000  9.783211e-01 
  504.000  9.778151e-01 
  505.000  9.759662e-01 
  506.000  9.768956e-01 
  507.000  9.771647e-01 
  508.000  9.774851e-01 
  509.000  9.771543e-01 
  510.000  9.772813e-01 
  511.000  9.774631e-01 
  512.000  9.776090e-01 
  513.000  9.780105e-01 
  514.000  9.782117e-01 
  515.000  9.784482e-01 
  516.000  9.780754e-01 
  517.000  9.776657e-01 
  518.000  9.771962e-01 
  519.000  9.761925e-01 
  520.000  9.758207e-01 
  521.000  9.753662e-01 
  522.000  9.748759e-01 
  523.000  9.740241e-01 
  524.000  9.731196e-01 
  525.000  9.716585e-01 
  526.000  9.701371e-01 
  527.000  9.691830e-01 
  528.000  9.676783e-01 
  529.000  9.665474e-01 
  530.000  9.656035e-01 
  531.000  9.647906e-01 
  532.000  9.642227e-01 
  533.000  9.639661e-01 
  534.000  9.638088e-01 
  535.000  9.638426e-01 
  536.000  9.639019e-01 
  537.000  9.637554e-01 
  538.000  9.634131e-01 
  539.000  9.630144e-01 
  540.000  9.631686e-01 
  541.000  9.625959e-01 
  542.000  9.617990e-01 
  543.000  9.614226e-01 
  544.000  9.612632e-01 
  545.000  9.603754e-01 
  546.000  9.602789e-01 
  547.000  9.604342e-01 
  548.000  9.600197e-01 
  549.000  9.598346e-01 
  550.000  9.597465e-01 
  551.000  9.596610e-01 
  552.000  9.592270e-01 
  553.000  9.583635e-01 
  554.000  9.581813e-01 
  555.000  9.579049e-01 
  556.000  9.569777e-01 
  557.000  9.556932e-01 
  558.000  9.545631e-01 
  559.000  9.531436e-01 
  560.000  9.518199e-01 
  561.000  9.506486e-01 
  562.000  9.496416e-01 
  563.000  9.482968e-01 
  564.000  9.468137e-01 
  565.000  9.456429e-01 
  566.000  9.446989e-01 
  567.000  9.433982e-01 
  568.000  9.417030e-01 
  569.000  9.380719e-01 
  570.000  9.347375e-01 
  571.000  9.331048e-01 
  572.000  9.311570e-01 
  573.000  9.292684e-01 
  574.000  9.272845e-01 
  575.000  9.256688e-01 
  576.000  9.250149e-01 
  577.000  9.250381e-01 
  578.000  9.261575e-01 
  579.000  9.275879e-01 
  580.000  9.290440e-01 
  581.000  9.317810e-01 
  582.000  9.344845e-01 
  583.000  9.367359e-01 
  584.000  9.400350e-01 
  585.000  9.411944e-01 
  586.000  9.426278e-01 
  587.000  9.430134e-01 
  588.000  9.436611e-01 
  589.000  9.406193e-01 
  590.000  9.407467e-01 
  591.000  9.417213e-01 
  592.000  9.386892e-01 
  593.000  9.424372e-01 
  594.000  9.403460e-01 
  595.000  9.412066e-01 
  596.000  9.411278e-01 
  597.000  9.408640e-01 
  598.000  9.402637e-01 
  599.000  9.402741e-01 
  600.000  9.396594e-01 
  601.000  9.400611e-01 
  602.000  9.404569e-01 
  603.000  9.407077e-01 
  604.000  9.409444e-01 
  605.000  9.410674e-01 
  606.000  9.418856e-01 
  607.000  9.425378e-01 
  608.000  9.434056e-01 
  609.000  9.437705e-01 
  610.000  9.444914e-01 
  611.000  9.450401e-01 
  612.000  9.456804e-01 
  613.000  9.464450e-01 
  614.000  9.469317e-01 
  615.000  9.475142e-01 
  616.000  9.481935e-01 
  617.000  9.486543e-01 
  618.000  9.489145e-01 
  619.000  9.493112e-01 
  620.000  9.493412e-01 
  621.000  9.491711e-01 
  622.000  9.490933e-01 
  623.000  9.484628e-01 
  624.000  9.481212e-01 
  625.000  9.477398e-01 
  626.000  9.467766e-01 
  627.000  9.460593e-01 
  628.000  9.179953e-01 
  629.000  9.298697e-01 
  630.000  9.349977e-01 
  631.000  9.437815e-01 
  632.000  9.474461e-01 
  633.000  9.491534e-01 
  634.000  9.516121e-01 
  635.000  9.522623e-01 
  636.000  9.548943e-01 
  637.000  9.578241e-01 
  638.000  9.594851e-01 
  639.000  9.613789e-01 
  640.000  9.624065e-01 
  641.000  9.642370e-01 
  642.000  9.651389e-01 
  643.000  9.656601e-01 
  644.000  9.664369e-01 
  645.000  9.670732e-01 
  646.000  9.666712e-01 
  647.000  9.658104e-01 
  648.000  9.647813e-01 
  649.000  9.666530e-01 
  650.000  9.696186e-01 
  651.000  9.701116e-01 
  652.000  9.699419e-01 
  653.000  9.710135e-01 
  654.000  9.717808e-01 
  655.000  9.692625e-01 
  656.000  9.715471e-01 
  657.000  9.723492e-01 
  658.000  9.737435e-01 
  659.000  9.746991e-01 
  660.000  9.748337e-01 
  661.000  9.756150e-01 
  662.000  9.757703e-01 
  663.000  9.762412e-01 
  664.000  9.766375e-01 
  665.000  9.770092e-01 
  666.000  9.774412e-01 
  667.000  9.780406e-01 
  668.000  9.783416e-01 
  669.000  9.788559e-01 
  670.000  9.791355e-01 
  671.000  9.797238e-01 
  672.000  9.798234e-01 
  673.000  9.802541e-01 
  674.000  9.804329e-01 
  675.000  9.809204e-01 
  676.000  9.810555e-01 
  677.000  9.813184e-01 
  678.000  9.817376e-01 
  679.000  9.819801e-01 
  680.000  9.824042e-01 
  681.000  9.826128e-01 
  682.000  9.832991e-01 
  683.000  9.834149e-01 
  684.000  9.840457e-01 
  685.000  9.843276e-01 
  686.000  9.846579e-01 
  687.000  6.338660e-01 
  688.000  8.173481e-01 
  689.000  8.628723e-01 
  690.000  8.992319e-01 
  691.000  9.231026e-01 
  692.000  9.658694e-01 
  693.000  9.678786e-01 
  694.000  9.745301e-01 
  695.000  9.808236e-01 
  696.000  9.791445e-01 
  697.000  9.869338e-01 
  698.000  9.868352e-01 
  699.000  9.837378e-01 
  700.000  9.843895e-01 
  701.000  9.820818e-01 
  702.000  9.833798e-01 
  703.000  9.845088e-01 
  704.000  9.853324e-01 
  705.000  9.857169e-01 
  706.000  9.870122e-01 
  707.000  9.880216e-01 
  708.000  9.888119e-01 
  709.000  9.889643e-01 
  710.000  9.887335e-01 
  711.000  9.897203e-01 
  712.000  9.893140e-01 
  713.000  9.901485e-01 
  714.000  9.896151e-01 
  715.000  9.883186e-01 
  716.000  9.886686e-01 
  717.000  9.821647e-01 
  718.000  9.618990e-01 
  719.000  9.354042e-01 
  720.000  9.661594e-01 
  721.000  9.863514e-01 
  722.000  9.859107e-01 
  723.000  9.850116e-01 
  724.000  9.564140e-01 
  725.000  9.682953e-01 
  726.000  9.795548e-01 
  727.000  9.747003e-01 
  728.000  9.657910e-01 
  729.000  9.713146e-01 
  730.000  9.810944e-01 
  731.000  9.757367e-01 
  732.000  9.789108e-01 
  733.000  9.869089e-01 
  734.000  9.910291e-01 
  735.000  9.882783e-01 
  736.000  9.902477e-01 
  737.000  9.902829e-01 
  738.000  9.914791e-01 
  739.000  9.918435e-01 
  740.000  9.933205e-01 
  741.000  9.941077e-01 
  742.000  9.942605e-01 
  743.000  9.942394e-01 
  744.000  9.944920e-01 
  745.000  9.946423e-01 
  746.000  9.948623e-01 
  747.000  9.949719e-01 
  748.000  9.950656e-01 
  749.000  9.951268e-01 
  750.000  9.952394e-01 
  751.000  9.953010e-01 
  752.000  9.955975e-01 
  753.000  9.956795e-01 
  754.000  9.957717e-01 
  755.000  9.958729e-01 
  756.000  9.959205e-01 
  757.000  9.960399e-01 
  758.000  9.961969e-01 
  759.000  9.820529e-01 
  760.000  2.839722e-01 
  761.000  1.717679e-01 
  762.000  5.940611e-01 
  763.000  4.743724e-01 
  764.000  5.532714e-01 
  765.000  7.041962e-01 
  766.000  8.468698e-01 
  767.000  9.019373e-01 
  768.000  9.689425e-01 
  769.000  9.866146e-01 
  770.000  9.861755e-01 
  771.000  9.942017e-01 
  772.000  9.964199e-01 
  773.000  9.963931e-01 
  774.000  9.963813e-01 
  775.000  9.963912e-01 
  776.000  9.964024e-01 
  777.000  9.964471e-01 
  778.000  9.964627e-01 
  779.000  9.964497e-01 
  780.000  9.964398e-01 
  781.000  9.965512e-01 
  782.000  9.966300e-01 
  783.000  9.967058e-01 
  784.000  9.966640e-01 
  785.000  9.966247e-01 
  786.000  9.961536e-01 
  787.000  9.961925e-01 
  788.000  9.951187e-01 
  789.000  9.951705e-01 
  790.000  9.932979e-01 
  791.000  9.935569e-01 
  792.000  9.944342e-01 
  793.000  9.949874e-01 
  794.000  9.974498e-01 
  795.000  9.966813e-01 
  796.000  9.914696e-01 
  797.000  9.952867e-01 
  798.000  9.956680e-01 
  799.000  9.964844e-01 
  800.000  9.942956e-01 
  801.000  9.931818e-01 
  802.000  9.946449e-01 
  803.000  9.943190e-01 
  804.000  9.941387e-01 
  805.000  9.950638e-01 
  806.000  9.969572e-01 
  807.000  9.957227e-01 
  808.000  9.968552e-01 
  809.000  9.950146e-01 
  810.000  9.940146e-01 
  811.000  9.943588e-01 
  812.000  9.923254e-01 
  813.000  9.882702e-01 
  814.000  9.810654e-01 
  815.000  9.710644e-01 
  816.000  9.786746e-01 
  817.000  9.405263e-01 
  818.000  9.669288e-01 
  819.000  9.788064e-01 
  820.000  9.629573e-01 
  821.000  9.936672e-01 
  822.000  9.903641e-01 
  823.000  9.289847e-01 
  824.000  9.858954e-01 
  825.000  9.918698e-01 
  826.000  9.853933e-01 
  827.000  9.916006e-01 
  828.000  9.741585e-01 
  829.000  9.877658e-01 
  830.000  9.845747e-01 
  831.000  9.861458e-01 
  832.000  9.860613e-01 
  833.000  9.910274e-01 
  834.000  9.908416e-01 
  835.000  9.935732e-01 
  836.000  9.938372e-01 
  837.000  9.936920e-01 
  838.000  9.954655e-01 
  839.000  9.963289e-01 
  840.000  9.965374e-01 
  841.000  9.965374e-01 
  842.000  9.949445e-01 
  843.000  9.978638e-01 
  844.000  9.960796e-01 
  845.000  9.974896e-01 
  846.000  9.978274e-01 
  847.000  9.980862e-01 
  848.000  9.976848e-01 
  849.000  9.978310e-01 
  850.000  9.980529e-01 
  851.000  9.988534e-01 
  852.000  9.995472e-01 
  853.000  9.996570e-01 
  854.000  9.995078e-01 
  855.000  9.995078e-01 
  856.000  9.996340e-01 
  857.000  9.999201e-01 
  858.000  9.996240e-01 
  859.000  9.997951e-01 
  860.000  9.999785e-01 
  861.000  9.998912e-01 
  862.000  9.999607e-01 
  863.000  9.995492e-01 
  864.000  9.999890e-01 
  865.000  9.999890e-01 
  866.000  9.998837e-01 
  867.000  9.999844e-01 
  868.000  9.998829e-01 
  869.000  9.997556e-01 
  870.000  9.999624e-01 
  871.000  9.998857e-01 
  872.000  9.999894e-01 
  873.000  9.999598e-01 
  874.000  9.999598e-01 
  875.000  9.999971e-01 
  876.000  9.999985e-01 
  877.000  9.999696e-01 
  878.000  9.999419e-01 
  879.000  9.999329e-01 
  880.000  9.999751e-01 
  881.000  9.999751e-01 
  882.000  9.997938e-01 
  883.000  9.998421e-01 
  884.000  9.998491e-01 
  885.000  9.998736e-01 
  886.000  9.988439e-01 
  887.000  9.997720e-01 
  888.000  9.997720e-01 
  889.000  9.995411e-01 
  890.000  9.989491e-01 
  891.000  9.997422e-01 
  892.000  9.988101e-01 
  893.000  9.963571e-01 
  894.000  9.963571e-01 
  895.000  9.901340e-01 
  896.000  9.845812e-01 
  897.000  9.543130e-01 
  898.000  9.834132e-01 
  899.000  9.201992e-01 
  900.000  9.201992e-01 
  901.000  9.331406e-01 
  902.000  9.488600e-01 
  903.000  9.621174e-01 
  904.000  9.923075e-01 
  905.000  9.887375e-01 
  906.000  9.887375e-01 
  907.000  9.588888e-01 
  908.000  9.462688e-01 
  909.000  9.539829e-01 
  910.000  9.480076e-01 
  911.000  9.480076e-01 
  912.000  9.798611e-01 
  913.000  9.645235e-01 
  914.000  9.527904e-01 
  915.000  9.336277e-01 
  916.000  9.336277e-01 
  917.000  9.788581e-01 
  918.000  9.427034e-01 
  919.000  9.699428e-01 
  920.000  9.914472e-01 
  921.000  9.914472e-01 
  922.000  9.864094e-01 
  923.000  9.860187e-01 
  924.000  9.812857e-01 
  925.000  9.812857e-01 
  926.000  9.836649e-01 
  927.000  9.855813e-01 
  928.000  9.545583e-01 
  929.000  9.482094e-01 
  930.000  9.482094e-01 
  931.000  8.826565e-01 
  932.000  7.393682e-01 
  933.000  7.843092e-01 
  934.000  7.843092e-01 
  935.000  7.213028e-01 
  936.000  7.016250e-01 
  937.000  7.123916e-01 
  938.000  7.123916e-01 
  939.000  7.978903e-01 
  940.000  8.984629e-01 
  941.000  8.718994e-01 
  942.000  8.718994e-01 
  943.000  7.873545e-01 
  944.000  7.838526e-01 
  945.000  8.778406e-01 
  946.000  8.778406e-01 
  947.000  8.092104e-01 
  948.000  8.363358e-01 
  949.000  8.641447e-01 
  950.000  8.641447e-01 
  951.000  8.698499e-01 
  952.000  7.968342e-01 
  953.000  8.999307e-01 
  954.000  8.999307e-01 
  955.000  8.944198e-01 
  956.000  8.094324e-01 
  957.000  9.185304e-01 
  958.000  9.185304e-01 
  959.000  8.793793e-01 
  960.000  9.167199e-01 
  961.000  9.167199e-01 
  962.000  9.206000e-01 
  963.000  9.506290e-01 
  964.000  9.088624e-01 
  965.000  9.088624e-01 
  966.000  9.349228e-01 
  967.000  9.675313e-01 
  968.000  9.675313e-01 
  969.000  9.738095e-01 
  970.000  9.855981e-01 
  971.000  9.890214e-01 
  972.000  9.890214e-01 
  973.000  9.848244e-01 
  974.000  9.609190e-01 
  975.000  9.609190e-01 
  976.000  9.524086e-01 
  977.000  9.782115e-01 
  978.000  9.747263e-01 
  979.000  9.747263e-01 
  980.000  9.751888e-01 
  981.000  9.934062e-01 
  982.000  9.934062e-01 
  983.000  9.879482e-01 
  984.000  9.927653e-01 
  985.000  9.927653e-01 
  986.000  9.980894e-01 
  987.000  9.960827e-01 
  988.000  9.960827e-01 
  989.000  9.991029e-01 
  990.000  9.978628e-01 
  991.000  9.978628e-01 
  992.000  9.986824e-01 
  993.000  9.985108e-01 
  994.000  9.985108e-01 
  995.000  9.997450e-01 
  996.000  9.997686e-01 
  997.000  9.997686e-01 
  998.000  9.997620e-01 
  999.000  9.996538e-01 
 1000.000  9.996538e-01 
 1001.000  9.997010e-01 
 1002.000  9.979771e-01 
 1003.000  9.979771e-01 
 1004.000  9.996924e-01 
 1005.000  9.997609e-01 
 1006.000  9.997609e-01 
 1007.000  9.998071e-01 
 1008.000  9.994824e-01 
 1009.000  9.994824e-01 
 1010.000  9.981956e-01 
 1011.000  9.997804e-01 
 1012.000  9.997804e-01 
 1013.000  9.998311e-01 
 1014.000  9.997749e-01 
 1015.000  9.997749e-01 
 1016.000  9.998541e-01 
 1017.000  9.997500e-01 
 1018.000  9.997500e-01 
 1019.000  9.996301e-01 
 1020.000  9.998483e-01 
 1021.000  9.998483e-01 
 1022.000  9.996244e-01 
 1023.000  9.996244e-01 
 1024.000  9.995631e-01 
 1025.000  9.997913e-01 
 1026.000  9.997913e-01 
 1027.000  9.996353e-01 
 1028.000  9.997343e-01 
 1029.000  9.997343e-01 
 1030.000  9.996948e-01 
 1031.000  9.996141e-01 
 1032.000  9.996141e-01 
 1033.000  9.994724e-01 
 1034.000  9.994724e-01 
 1035.000  9.993351e-01 
 1036.000  9.986774e-01 
 1037.000  9.986774e-01 
 1038.000  9.985874e-01 
 1039.000  9.978812e-01 
 1040.000  9.978812e-01 
 1041.000  9.973664e-01 
 1042.000  9.973664e-01 
 1043.000  9.967397e-01 
 1044.000  9.958071e-01 
 1045.000  9.958071e-01 
 1046.000  9.945286e-01 
 1047.000  9.945286e-01 
 1048.000  9.932564e-01 
 1049.000  9.907266e-01 
 1050.000  9.907266e-01 
 1051.000  9.895878e-01 
 1052.000  9.895878e-01 
 1053.000  9.878601e-01 
 1054.000  9.863946e-01 
 1055.000  9.863946e-01 
 1056.000  9.846795e-01 
 1057.000  9.846795e-01 
 1058.000  9.831457e-01 
 1059.000  9.816124e-01 
 1060.000  9.816124e-01 
 1061.000  9.806368e-01 
 1062.000  9.806368e-01 
 1063.000  9.790016e-01 
 1064.000  9.782708e-01 
 1065.000  9.782708e-01 
 1066.000  9.794355e-01 
 1067.000  9.794355e-01 
 1068.000  9.784781e-01 
 1069.000  9.806082e-01 
 1070.000  9.806082e-01 
 1071.000  9.822313e-01 
 1072.000  9.822313e-01 
 1073.000  9.837359e-01 
 1074.000  9.837359e-01 
 1075.000  9.843820e-01 
 1076.000  9.857795e-01 
 1077.000  9.857795e-01 
 1078.000  9.886638e-01 
 1079.000  9.886638e-01 
 1080.000  9.888812e-01 
 1081.000  9.888812e-01 
 1082.000  9.912649e-01 
 1083.000  9.915833e-01 
 1084.000  9.915833e-01 
 1085.000  9.904804e-01 
 1086.000  9.904804e-01 
 1087.000  9.942482e-01 
 1088.000  9.942482e-01 
 1089.000  9.940379e-01 
 1090.000  9.938229e-01 
 1091.000  9.938229e-01 
 1092.000  9.924214e-01 
 1093.000  9.924214e-01 
 1094.000  9.924485e-01 
 1095.000  9.924485e-01 
 1096.000  9.915514e-01 
 1097.000  9.915514e-01 
 1098.000  9.890937e-01 
 1099.000  9.786710e-01 
 1100.000  9.786710e-01 
 1101.000  9.789375e-01 
 1102.000  9.789375e-01 
 1103.000  9.748629e-01 
 1104.000  9.748629e-01 
 1105.000  9.716853e-01 
 1106.000  9.716853e-01 
 1107.000  9.709644e-01 
 1108.000  9.709644e-01 
 1109.000  9.626324e-01 
 1110.000  9.440349e-01 
 1111.000  9.440349e-01 
 1112.000  9.374619e-01 
 1113.000  9.374619e-01 
 1114.000  8.674360e-01 
 1115.000  8.674360e-01 
 1116.000  7.530481e-01 
 1117.000  7.530481e-01 
 1118.000  8.032872e-01 
 1119.000  8.032872e-01 
 1120.000  7.649149e-01 
 1121.000  7.649149e-01 
 1122.000  6.243493e-01 
 1123.000  7.921156e-01 
 1124.000  7.921156e-01 
 1125.000  6.585575e-01 
 1126.000  6.585575e-01 
 1127.000  7.200683e-01 
 1128.000  7.200683e-01 
 1129.000  7.217752e-01 
 1130.000  7.217752e-01 
 1131.000  8.973400e-01 
 1132.000  8.973400e-01 
 1133.000  7.309935e-01 
 1134.000  7.309935e-01 
 1135.000  5.105575e-01 
 1136.000  5.105575e-01 
 1137.000  9.043432e-01 
 1138.000  9.043432e-01 
 1139.000  8.472164e-01 
 1140.000  8.472164e-01 
 1141.000  8.464887e-01 
 1142.000  8.464887e-01 
 1143.000  8.912333e-01 
 1144.000  8.912333e-01 
 1145.000  7.348720e-01 
 1146.000  7.348720e-01 
 1147.000  7.397955e-01 
 1148.000  7.397955e-01 
 1149.000  7.984081e-01 
 1150.000  7.984081e-01 
 1151.000  8.517789e-01 
 1152.000  8.517789e-01 
 1153.000  8.170626e-01 
 1154.000  8.170626e-01 
 1155.000  8.524298e-01 
 1156.000  8.524298e-01 
 1157.000  9.043565e-01 
 1158.000  9.043565e-01 
 1159.000  9.537497e-01 
 1160.000  9.537497e-01 
 1161.000  9.446560e-01 
 1162.000  9.446560e-01 
 1163.000  9.599714e-01 
 1164.000  9.599714e-01 
 1165.000  9.561082e-01 
 1166.000  9.561082e-01 
 1167.000  9.708446e-01 
 1168.000  9.708446e-01 
 1169.000  9.747181e-01 
 1170.000  9.747181e-01 
 1171.000  9.777644e-01 
 1172.000  9.777644e-01 
 1173.000  9.582208e-01 
 1174.000  9.582208e-01 
 1175.000  9.899455e-01 
 1176.000  9.899455e-01 
 1177.000  9.715331e-01 
 1178.000  9.715331e-01 
 1179.000  9.853128e-01 
 1180.000  9.853128e-01 
 1181.000  9.551795e-01 
 1182.000  9.551795e-01 
 1183.000  9.789631e-01 
 1184.000  9.789631e-01 
 1185.000  9.861835e-01 
 1186.000  9.861835e-01 
 1187.000  9.550089e-01 
 1188.000  9.550089e-01 
 1189.000  9.550089e-01 
 1190.000  9.784161e-01 
 1191.000  9.784161e-01 
 1192.000  9.917693e-01 
 1193.000  9.917693e-01 
 1194.000  9.826385e-01 
 1195.000  9.826385e-01 
 1196.000  9.880548e-01 
 1197.000  9.880548e-01 
 1198.000  9.790106e-01 
 1199.000  9.790106e-01 
 1200.000  9.767227e-01 
