  250.000  0.000000e+00 
  251.000  0.000000e+00 
  252.000  0.000000e+00 
  253.000  0.000000e+00 
  254.000  0.000000e+00 
  255.000  0.000000e+00 
  256.000  0.000000e+00 
  257.000  0.000000e+00 
  258.000  0.000000e+00 
  259.000  0.000000e+00 
  260.000  0.000000e+00 
  261.000  0.000000e+00 
  262.000  0.000000e+00 
  263.000  0.000000e+00 
  264.000  0.000000e+00 
  265.000  0.000000e+00 
  266.000  0.000000e+00 
  267.000  0.000000e+00 
  268.000  0.000000e+00 
  269.000  0.000000e+00 
  270.000  0.000000e+00 
  271.000  0.000000e+00 
  272.000  0.000000e+00 
  273.000  0.000000e+00 
  274.000  0.000000e+00 
  275.000  0.000000e+00 
  276.000  0.000000e+00 
  277.000  0.000000e+00 
  278.000  0.000000e+00 
  279.000  0.000000e+00 
  280.000  0.000000e+00 
  281.000  0.000000e+00 
  282.000  0.000000e+00 
  283.000  0.000000e+00 
  284.000  0.000000e+00 
  285.000  0.000000e+00 
  286.000  0.000000e+00 
  287.000  0.000000e+00 
  288.000  0.000000e+00 
  289.000  4.376474e-10 
  290.000  5.039652e-09 
  291.000  3.517820e-08 
  292.000  4.699656e-07 
  293.000  2.159207e-06 
  294.000  1.221301e-05 
  295.000  3.710103e-05 
  296.000  1.776389e-04 
  297.000  4.514244e-04 
  298.000  1.377992e-03 
  299.000  2.926497e-03 
  300.000  6.412962e-03 
  301.000  1.215309e-02 
  302.000  2.055634e-02 
  303.000  3.893391e-02 
  304.000  4.870068e-02 
  305.000  8.154631e-02 
  306.000  1.073933e-01 
  307.000  1.520162e-01 
  308.000  1.884105e-01 
  309.000  2.299138e-01 
  310.000  3.005176e-01 
  311.000  3.306874e-01 
  312.000  3.842489e-01 
  313.000  4.494131e-01 
  314.000  4.727674e-01 
  315.000  5.522804e-01 
  316.000  5.680373e-01 
  317.000  6.258823e-01 
  318.000  6.552315e-01 
  319.000  7.519317e-01 
  320.000  6.732808e-01 
  321.000  8.176342e-01 
  322.000  7.441552e-01 
  323.000  8.044882e-01 
  324.000  8.909001e-01 
  325.000  8.110636e-01 
  326.000  8.974234e-01 
  327.000  9.165488e-01 
  328.000  8.547873e-01 
  329.000  9.502529e-01 
  330.000  9.569705e-01 
  331.000  9.019822e-01 
  332.000  9.621311e-01 
  333.000  9.658738e-01 
  334.000  9.449549e-01 
  335.000  9.775515e-01 
  336.000  9.838569e-01 
  337.000  9.617180e-01 
  338.000  9.784322e-01 
  339.000  9.869345e-01 
  340.000  9.750393e-01 
  341.000  9.857033e-01 
  342.000  9.897929e-01 
  343.000  9.884740e-01 
  344.000  9.765617e-01 
  345.000  9.886802e-01 
  346.000  9.912679e-01 
  347.000  9.903265e-01 
  348.000  9.916555e-01 
  349.000  9.931177e-01 
  350.000  9.940393e-01 
  351.000  9.943712e-01 
  352.000  9.947388e-01 
  353.000  9.951169e-01 
  354.000  9.938397e-01 
  355.000  9.934896e-01 
  356.000  9.937828e-01 
  357.000  9.916444e-01 
  358.000  9.905723e-01 
  359.000  9.893929e-01 
  360.000  9.880071e-01 
  361.000  9.870245e-01 
  362.000  9.889483e-01 
  363.000  9.907476e-01 
  364.000  9.924792e-01 
  365.000  9.922896e-01 
  366.000  9.932182e-01 
  367.000  9.935075e-01 
  368.000  9.933402e-01 
  369.000  9.936141e-01 
  370.000  9.934802e-01 
  371.000  9.938945e-01 
  372.000  9.925948e-01 
  373.000  9.931853e-01 
  374.000  9.933159e-01 
  375.000  9.935304e-01 
  376.000  9.922119e-01 
  377.000  9.920543e-01 
  378.000  9.917401e-01 
  379.000  9.902419e-01 
  380.000  9.884679e-01 
  381.000  9.890997e-01 
  382.000  9.905118e-01 
  383.000  9.921196e-01 
  384.000  9.922072e-01 
  385.000  9.925802e-01 
  386.000  9.928958e-01 
  387.000  9.928002e-01 
  388.000  9.926305e-01 
  389.000  9.925909e-01 
  390.000  9.925708e-01 
  391.000  9.927442e-01 
  392.000  9.918566e-01 
  393.000  9.931414e-01 
  394.000  9.931520e-01 
  395.000  9.929841e-01 
  396.000  9.925592e-01 
  397.000  9.932138e-01 
  398.000  9.919559e-01 
  399.000  9.928935e-01 
  400.000  9.917513e-01 
  401.000  9.920087e-01 
  402.000  9.929458e-01 
  403.000  9.934943e-01 
  404.000  9.924393e-01 
  405.000  9.921095e-01 
  406.000  9.930989e-01 
  407.000  9.939106e-01 
  408.000  9.926059e-01 
  409.000  9.919131e-01 
  410.000  9.923309e-01 
  411.000  9.921577e-01 
  412.000  9.931455e-01 
  413.000  9.918227e-01 
  414.000  9.923664e-01 
  415.000  9.924802e-01 
  416.000  9.936333e-01 
  417.000  9.934856e-01 
  418.000  9.928347e-01 
  419.000  9.929907e-01 
  420.000  9.923308e-01 
  421.000  9.921730e-01 
  422.000  9.919245e-01 
  423.000  9.923802e-01 
  424.000  9.916376e-01 
  425.000  9.925492e-01 
  426.000  9.935766e-01 
  427.000  9.926357e-01 
  428.000  9.917482e-01 
  429.000  9.932059e-01 
  430.000  9.931971e-01 
  431.000  9.916223e-01 
  432.000  9.931126e-01 
  433.000  9.928206e-01 
  434.000  9.919643e-01 
  435.000  9.902145e-01 
  436.000  9.917935e-01 
  437.000  9.935221e-01 
  438.000  9.938809e-01 
  439.000  9.901794e-01 
  440.000  9.914685e-01 
  441.000  9.930658e-01 
  442.000  9.936375e-01 
  443.000  9.926960e-01 
  444.000  9.913732e-01 
  445.000  9.898423e-01 
  446.000  9.911759e-01 
  447.000  9.918538e-01 
  448.000  9.882525e-01 
  449.000  9.912498e-01 
  450.000  9.922929e-01 
  451.000  9.921758e-01 
  452.000  9.920212e-01 
  453.000  9.920698e-01 
  454.000  9.927438e-01 
  455.000  9.918209e-01 
  456.000  9.917036e-01 
  457.000  9.921511e-01 
  458.000  9.900835e-01 
  459.000  9.909033e-01 
  460.000  9.897540e-01 
  461.000  9.898347e-01 
  462.000  9.906737e-01 
  463.000  9.885320e-01 
  464.000  9.896143e-01 
  465.000  9.901698e-01 
  466.000  9.910764e-01 
  467.000  9.897131e-01 
  468.000  9.900822e-01 
  469.000  9.904337e-01 
  470.000  9.901338e-01 
  471.000  9.898701e-01 
  472.000  9.884389e-01 
  473.000  9.866858e-01 
  474.000  9.829126e-01 
  475.000  9.807212e-01 
  476.000  9.790309e-01 
  477.000  9.780896e-01 
  478.000  9.778542e-01 
  479.000  9.784345e-01 
  480.000  9.791808e-01 
  481.000  9.819918e-01 
  482.000  9.840015e-01 
  483.000  9.854731e-01 
  484.000  9.854141e-01 
  485.000  9.850102e-01 
  486.000  9.850357e-01 
  487.000  9.855176e-01 
  488.000  9.847299e-01 
  489.000  9.836825e-01 
  490.000  9.848488e-01 
  491.000  9.855155e-01 
  492.000  9.851543e-01 
  493.000  9.847593e-01 
  494.000  9.839102e-01 
  495.000  9.837071e-01 
  496.000  9.829298e-01 
  497.000  9.826960e-01 
  498.000  9.825351e-01 
  499.000  9.820169e-01 
  500.000  9.812905e-01 
  501.000  9.801593e-01 
  502.000  9.779815e-01 
  503.000  9.760799e-01 
  504.000  9.752219e-01 
  505.000  9.736727e-01 
  506.000  9.744072e-01 
  507.000  9.745963e-01 
  508.000  9.750691e-01 
  509.000  9.748856e-01 
  510.000  9.751275e-01 
  511.000  9.752804e-01 
  512.000  9.754183e-01 
  513.000  9.758279e-01 
  514.000  9.760055e-01 
  515.000  9.762331e-01 
  516.000  9.758088e-01 
  517.000  9.753296e-01 
  518.000  9.748363e-01 
  519.000  9.737902e-01 
  520.000  9.733859e-01 
  521.000  9.727986e-01 
  522.000  9.722557e-01 
  523.000  9.713410e-01 
  524.000  9.703342e-01 
  525.000  9.688224e-01 
  526.000  9.671907e-01 
  527.000  9.660593e-01 
  528.000  9.644561e-01 
  529.000  9.631667e-01 
  530.000  9.621486e-01 
  531.000  9.612795e-01 
  532.000  9.606641e-01 
  533.000  9.603676e-01 
  534.000  9.601223e-01 
  535.000  9.601105e-01 
  536.000  9.600999e-01 
  537.000  9.598882e-01 
  538.000  9.595302e-01 
  539.000  9.590625e-01 
  540.000  9.591392e-01 
  541.000  9.582881e-01 
  542.000  9.575581e-01 
  543.000  9.572480e-01 
  544.000  9.570276e-01 
  545.000  9.559844e-01 
  546.000  9.557357e-01 
  547.000  9.559748e-01 
  548.000  9.556339e-01 
  549.000  9.554490e-01 
  550.000  9.552644e-01 
  551.000  9.552187e-01 
  552.000  9.547227e-01 
  553.000  9.538270e-01 
  554.000  9.535799e-01 
  555.000  9.532267e-01 
  556.000  9.521750e-01 
  557.000  9.507562e-01 
  558.000  9.495071e-01 
  559.000  9.479027e-01 
  560.000  9.464469e-01 
  561.000  9.451681e-01 
  562.000  9.440700e-01 
  563.000  9.426303e-01 
  564.000  9.410592e-01 
  565.000  9.398015e-01 
  566.000  9.387593e-01 
  567.000  9.373693e-01 
  568.000  9.356298e-01 
  569.000  9.315543e-01 
  570.000  9.282345e-01 
  571.000  9.269797e-01 
  572.000  9.248167e-01 
  573.000  9.232652e-01 
  574.000  9.212168e-01 
  575.000  9.198502e-01 
  576.000  9.192134e-01 
  577.000  9.192712e-01 
  578.000  9.205985e-01 
  579.000  9.220445e-01 
  580.000  9.235133e-01 
  581.000  9.262010e-01 
  582.000  9.288170e-01 
  583.000  9.310339e-01 
  584.000  9.342386e-01 
  585.000  9.353248e-01 
  586.000  9.366747e-01 
  587.000  9.369696e-01 
  588.000  9.372727e-01 
  589.000  9.322030e-01 
  590.000  9.322630e-01 
  591.000  9.338513e-01 
  592.000  9.293336e-01 
  593.000  9.353688e-01 
  594.000  9.320301e-01 
  595.000  9.335573e-01 
  596.000  9.337627e-01 
  597.000  9.334568e-01 
  598.000  9.328682e-01 
  599.000  9.332271e-01 
  600.000  9.326292e-01 
  601.000  9.332672e-01 
  602.000  9.337305e-01 
  603.000  9.339888e-01 
  604.000  9.342891e-01 
  605.000  9.344208e-01 
  606.000  9.353325e-01 
  607.000  9.360704e-01 
  608.000  9.370375e-01 
  609.000  9.374420e-01 
  610.000  9.382435e-01 
  611.000  9.388613e-01 
  612.000  9.396287e-01 
  613.000  9.404672e-01 
  614.000  9.410174e-01 
  615.000  9.416721e-01 
  616.000  9.424893e-01 
  617.000  9.430559e-01 
  618.000  9.433883e-01 
  619.000  9.439005e-01 
  620.000  9.440833e-01 
  621.000  9.440455e-01 
  622.000  9.440271e-01 
  623.000  9.435956e-01 
  624.000  9.433443e-01 
  625.000  9.430754e-01 
  626.000  9.422411e-01 
  627.000  9.415676e-01 
  628.000  9.142054e-01 
  629.000  9.258914e-01 
  630.000  9.312391e-01 
  631.000  9.397465e-01 
  632.000  9.431248e-01 
  633.000  9.449329e-01 
  634.000  9.474291e-01 
  635.000  9.481260e-01 
  636.000  9.507645e-01 
  637.000  9.537436e-01 
  638.000  9.555693e-01 
  639.000  9.574784e-01 
  640.000  9.585623e-01 
  641.000  9.603717e-01 
  642.000  9.613725e-01 
  643.000  9.618282e-01 
  644.000  9.626803e-01 
  645.000  9.632788e-01 
  646.000  9.623895e-01 
  647.000  9.607694e-01 
  648.000  9.589855e-01 
  649.000  9.614675e-01 
  650.000  9.658259e-01 
  651.000  9.664921e-01 
  652.000  9.659220e-01 
  653.000  9.674470e-01 
  654.000  9.682127e-01 
  655.000  9.641438e-01 
  656.000  9.675139e-01 
  657.000  9.685918e-01 
  658.000  9.705078e-01 
  659.000  9.717578e-01 
  660.000  9.718539e-01 
  661.000  9.727905e-01 
  662.000  9.729552e-01 
  663.000  9.734049e-01 
  664.000  9.739065e-01 
  665.000  9.743310e-01 
  666.000  9.748274e-01 
  667.000  9.755120e-01 
  668.000  9.758524e-01 
  669.000  9.764214e-01 
  670.000  9.767458e-01 
  671.000  9.773961e-01 
  672.000  9.775078e-01 
  673.000  9.779962e-01 
  674.000  9.781899e-01 
  675.000  9.787327e-01 
  676.000  9.788800e-01 
  677.000  9.791760e-01 
  678.000  9.796363e-01 
  679.000  9.799049e-01 
  680.000  9.803730e-01 
  681.000  9.805881e-01 
  682.000  9.813618e-01 
  683.000  9.814227e-01 
  684.000  9.821249e-01 
  685.000  9.825003e-01 
  686.000  9.828471e-01 
  687.000  6.393490e-01 
  688.000  8.215070e-01 
  689.000  8.655115e-01 
  690.000  9.008956e-01 
  691.000  9.235617e-01 
  692.000  9.644551e-01 
  693.000  9.640121e-01 
  694.000  9.658789e-01 
  695.000  9.756259e-01 
  696.000  9.729409e-01 
  697.000  9.849706e-01 
  698.000  9.847277e-01 
  699.000  9.798447e-01 
  700.000  9.806364e-01 
  701.000  9.769124e-01 
  702.000  9.788854e-01 
  703.000  9.805517e-01 
  704.000  9.817903e-01 
  705.000  9.822911e-01 
  706.000  9.842399e-01 
  707.000  9.857846e-01 
  708.000  9.869304e-01 
  709.000  9.870858e-01 
  710.000  9.866703e-01 
  711.000  9.880912e-01 
  712.000  9.873892e-01 
  713.000  9.886076e-01 
  714.000  9.877416e-01 
  715.000  9.855313e-01 
  716.000  9.860026e-01 
  717.000  9.756882e-01 
  718.000  9.445804e-01 
  719.000  9.079610e-01 
  720.000  9.506078e-01 
  721.000  9.819555e-01 
  722.000  9.812163e-01 
  723.000  9.797440e-01 
  724.000  9.368846e-01 
  725.000  9.535749e-01 
  726.000  9.709665e-01 
  727.000  9.634081e-01 
  728.000  9.495974e-01 
  729.000  9.579362e-01 
  730.000  9.731985e-01 
  731.000  9.647774e-01 
  732.000  9.696866e-01 
  733.000  9.821734e-01 
  734.000  9.886087e-01 
  735.000  9.842237e-01 
  736.000  9.873069e-01 
  737.000  9.873135e-01 
  738.000  9.891725e-01 
  739.000  9.897244e-01 
  740.000  9.920437e-01 
  741.000  9.932710e-01 
  742.000  9.934377e-01 
  743.000  9.933808e-01 
  744.000  9.937580e-01 
  745.000  9.939765e-01 
  746.000  9.942603e-01 
  747.000  9.943574e-01 
  748.000  9.944761e-01 
  749.000  9.945383e-01 
  750.000  9.946681e-01 
  751.000  9.947258e-01 
  752.000  9.950801e-01 
  753.000  9.951738e-01 
  754.000  9.952703e-01 
  755.000  9.953738e-01 
  756.000  9.954203e-01 
  757.000  9.955795e-01 
  758.000  9.957541e-01 
  759.000  9.821761e-01 
  760.000  2.931194e-01 
  761.000  1.815337e-01 
  762.000  6.015714e-01 
  763.000  4.836460e-01 
  764.000  5.614014e-01 
  765.000  7.101460e-01 
  766.000  8.508822e-01 
  767.000  9.049168e-01 
  768.000  9.695787e-01 
  769.000  9.866387e-01 
  770.000  9.862005e-01 
  771.000  9.939097e-01 
  772.000  9.960246e-01 
  773.000  9.959956e-01 
  774.000  9.959729e-01 
  775.000  9.959868e-01 
  776.000  9.959973e-01 
  777.000  9.960375e-01 
  778.000  9.960510e-01 
  779.000  9.960364e-01 
  780.000  9.960250e-01 
  781.000  9.961492e-01 
  782.000  9.962249e-01 
  783.000  9.963185e-01 
  784.000  9.962237e-01 
  785.000  9.961265e-01 
  786.000  9.953482e-01 
  787.000  9.953529e-01 
  788.000  9.936433e-01 
  789.000  9.936727e-01 
  790.000  9.906931e-01 
  791.000  9.910434e-01 
  792.000  9.923849e-01 
  793.000  9.932378e-01 
  794.000  9.970302e-01 
  795.000  9.957808e-01 
  796.000  9.875225e-01 
  797.000  9.935318e-01 
  798.000  9.941165e-01 
  799.000  9.953963e-01 
  800.000  9.919161e-01 
  801.000  9.901665e-01 
  802.000  9.924839e-01 
  803.000  9.919781e-01 
  804.000  9.917153e-01 
  805.000  9.931943e-01 
  806.000  9.962022e-01 
  807.000  9.942730e-01 
  808.000  9.960882e-01 
  809.000  9.931767e-01 
  810.000  9.916139e-01 
  811.000  9.921554e-01 
  812.000  9.889268e-01 
  813.000  9.825521e-01 
  814.000  9.712793e-01 
  815.000  9.561689e-01 
  816.000  9.676680e-01 
  817.000  9.114975e-01 
  818.000  9.504740e-01 
  819.000  9.677530e-01 
  820.000  9.448416e-01 
  821.000  9.909235e-01 
  822.000  9.857048e-01 
  823.000  8.944924e-01 
  824.000  9.786116e-01 
  825.000  9.880456e-01 
  826.000  9.778615e-01 
  827.000  9.875742e-01 
  828.000  9.605051e-01 
  829.000  9.815607e-01 
  830.000  9.765963e-01 
  831.000  9.790182e-01 
  832.000  9.788494e-01 
  833.000  9.866040e-01 
  834.000  9.863567e-01 
  835.000  9.906304e-01 
  836.000  9.910600e-01 
  837.000  9.908222e-01 
  838.000  9.936222e-01 
  839.000  9.949939e-01 
  840.000  9.953240e-01 
  841.000  9.953240e-01 
  842.000  9.928048e-01 
  843.000  9.974358e-01 
  844.000  9.946102e-01 
  845.000  9.968465e-01 
  846.000  9.973891e-01 
  847.000  9.978017e-01 
  848.000  9.971684e-01 
  849.000  9.974049e-01 
  850.000  9.975569e-01 
  851.000  9.982017e-01 
  852.000  9.992779e-01 
  853.000  9.994536e-01 
  854.000  9.992164e-01 
  855.000  9.992164e-01 
  856.000  9.994172e-01 
  857.000  9.998723e-01 
  858.000  9.994012e-01 
  859.000  9.996737e-01 
  860.000  9.999658e-01 
  861.000  9.998269e-01 
  862.000  9.999412e-01 
  863.000  9.995671e-01 
  864.000  9.999828e-01 
  865.000  9.999828e-01 
  866.000  9.998882e-01 
  867.000  9.999848e-01 
  868.000  9.998875e-01 
  869.000  9.997654e-01 
  870.000  9.999461e-01 
  871.000  9.998899e-01 
  872.000  9.999851e-01 
  873.000  9.999381e-01 
  874.000  9.999381e-01 
  875.000  9.999955e-01 
  876.000  9.999974e-01 
  877.000  9.999513e-01 
  878.000  9.999071e-01 
  879.000  9.998928e-01 
  880.000  9.999598e-01 
  881.000  9.999598e-01 
  882.000  9.996708e-01 
  883.000  9.997481e-01 
  884.000  9.997589e-01 
  885.000  9.997977e-01 
  886.000  9.981605e-01 
  887.000  9.996355e-01 
  888.000  9.996355e-01 
  889.000  9.992675e-01 
  890.000  9.983284e-01 
  891.000  9.995877e-01 
  892.000  9.981033e-01 
  893.000  9.942045e-01 
  894.000  9.942045e-01 
  895.000  9.845319e-01 
  896.000  9.758274e-01 
  897.000  9.308261e-01 
  898.000  9.739400e-01 
  899.000  8.838509e-01 
  900.000  8.838509e-01 
  901.000  9.030516e-01 
  902.000  9.240880e-01 
  903.000  9.436170e-01 
  904.000  9.878317e-01 
  905.000  9.823377e-01 
  906.000  9.823377e-01 
  907.000  9.372938e-01 
  908.000  9.204646e-01 
  909.000  9.303840e-01 
  910.000  9.211434e-01 
  911.000  9.211434e-01 
  912.000  9.683843e-01 
  913.000  9.453751e-01 
  914.000  9.284101e-01 
  915.000  9.014385e-01 
  916.000  9.014385e-01 
  917.000  9.667277e-01 
  918.000  9.142107e-01 
  919.000  9.540489e-01 
  920.000  9.864506e-01 
  921.000  9.864506e-01 
  922.000  9.785832e-01 
  923.000  9.779712e-01 
  924.000  9.704901e-01 
  925.000  9.704901e-01 
  926.000  9.742316e-01 
  927.000  9.772363e-01 
  928.000  9.299397e-01 
  929.000  9.202547e-01 
  930.000  9.202547e-01 
  931.000  8.303757e-01 
  932.000  6.747676e-01 
  933.000  7.146403e-01 
  934.000  7.146403e-01 
  935.000  6.564778e-01 
  936.000  6.308255e-01 
  937.000  6.373869e-01 
  938.000  6.373869e-01 
  939.000  7.411857e-01 
  940.000  8.531639e-01 
  941.000  8.171706e-01 
  942.000  8.171706e-01 
  943.000  7.215205e-01 
  944.000  7.228500e-01 
  945.000  8.210961e-01 
  946.000  8.210961e-01 
  947.000  7.418222e-01 
  948.000  7.687605e-01 
  949.000  8.095883e-01 
  950.000  8.095883e-01 
  951.000  8.167783e-01 
  952.000  7.356884e-01 
  953.000  8.527675e-01 
  954.000  8.527675e-01 
  955.000  8.464903e-01 
  956.000  7.526087e-01 
  957.000  8.794796e-01 
  958.000  8.794796e-01 
  959.000  8.222630e-01 
  960.000  8.744780e-01 
  961.000  8.744780e-01 
  962.000  8.833062e-01 
  963.000  9.243097e-01 
  964.000  8.649529e-01 
  965.000  8.649529e-01 
  966.000  9.032743e-01 
  967.000  9.500854e-01 
  968.000  9.500854e-01 
  969.000  9.595115e-01 
  970.000  9.772812e-01 
  971.000  9.826549e-01 
  972.000  9.826549e-01 
  973.000  9.760513e-01 
  974.000  9.399877e-01 
  975.000  9.399877e-01 
  976.000  9.282073e-01 
  977.000  9.663070e-01 
  978.000  9.610742e-01 
  979.000  9.610742e-01 
  980.000  9.616888e-01 
  981.000  9.895494e-01 
  982.000  9.895494e-01 
  983.000  9.811542e-01 
  984.000  9.885518e-01 
  985.000  9.885518e-01 
  986.000  9.969610e-01 
  987.000  9.937836e-01 
  988.000  9.937836e-01 
  989.000  9.985713e-01 
  990.000  9.966009e-01 
  991.000  9.966009e-01 
  992.000  9.979056e-01 
  993.000  9.976321e-01 
  994.000  9.976321e-01 
  995.000  9.995931e-01 
  996.000  9.996306e-01 
  997.000  9.996306e-01 
  998.000  9.996203e-01 
  999.000  9.994478e-01 
 1000.000  9.994478e-01 
 1001.000  9.995229e-01 
 1002.000  9.967890e-01 
 1003.000  9.967890e-01 
 1004.000  9.995095e-01 
 1005.000  9.996189e-01 
 1006.000  9.996189e-01 
 1007.000  9.996926e-01 
 1008.000  9.991749e-01 
 1009.000  9.991749e-01 
 1010.000  9.971344e-01 
 1011.000  9.996498e-01 
 1012.000  9.996498e-01 
 1013.000  9.997311e-01 
 1014.000  9.996420e-01 
 1015.000  9.996420e-01 
 1016.000  9.997687e-01 
 1017.000  9.996048e-01 
 1018.000  9.996048e-01 
 1019.000  9.994158e-01 
 1020.000  9.997670e-01 
 1021.000  9.997670e-01 
 1022.000  9.994178e-01 
 1023.000  9.994178e-01 
 1024.000  9.993251e-01 
 1025.000  9.997082e-01 
 1026.000  9.997082e-01 
 1027.000  9.994799e-01 
 1028.000  9.996646e-01 
 1029.000  9.996646e-01 
 1030.000  9.996669e-01 
 1031.000  9.995787e-01 
 1032.000  9.995787e-01 
 1033.000  9.994650e-01 
 1034.000  9.994650e-01 
 1035.000  9.993623e-01 
 1036.000  9.987320e-01 
 1037.000  9.987320e-01 
 1038.000  9.986460e-01 
 1039.000  9.979649e-01 
 1040.000  9.979649e-01 
 1041.000  9.974754e-01 
 1042.000  9.974754e-01 
 1043.000  9.968752e-01 
 1044.000  9.959812e-01 
 1045.000  9.959812e-01 
 1046.000  9.947557e-01 
 1047.000  9.947557e-01 
 1048.000  9.935362e-01 
 1049.000  9.911109e-01 
 1050.000  9.911109e-01 
 1051.000  9.900190e-01 
 1052.000  9.900190e-01 
 1053.000  9.883625e-01 
 1054.000  9.869564e-01 
 1055.000  9.869564e-01 
 1056.000  9.853123e-01 
 1057.000  9.853123e-01 
 1058.000  9.838408e-01 
 1059.000  9.823709e-01 
 1060.000  9.823709e-01 
 1061.000  9.814348e-01 
 1062.000  9.814348e-01 
 1063.000  9.798488e-01 
 1064.000  9.790839e-01 
 1065.000  9.790839e-01 
 1066.000  9.802814e-01 
 1067.000  9.802814e-01 
 1068.000  9.793136e-01 
 1069.000  9.812283e-01 
 1070.000  9.812283e-01 
 1071.000  9.828752e-01 
 1072.000  9.828752e-01 
 1073.000  9.843209e-01 
 1074.000  9.843209e-01 
 1075.000  9.842049e-01 
 1076.000  9.853164e-01 
 1077.000  9.853164e-01 
 1078.000  9.886054e-01 
 1079.000  9.886054e-01 
 1080.000  9.880568e-01 
 1081.000  9.880568e-01 
 1082.000  9.905742e-01 
 1083.000  9.901950e-01 
 1084.000  9.901950e-01 
 1085.000  9.880253e-01 
 1086.000  9.880253e-01 
 1087.000  9.930863e-01 
 1088.000  9.930863e-01 
 1089.000  9.919939e-01 
 1090.000  9.913248e-01 
 1091.000  9.913248e-01 
 1092.000  9.887096e-01 
 1093.000  9.887096e-01 
 1094.000  9.886915e-01 
 1095.000  9.886915e-01 
 1096.000  9.870490e-01 
 1097.000  9.870490e-01 
 1098.000  9.829768e-01 
 1099.000  9.668594e-01 
 1100.000  9.668594e-01 
 1101.000  9.672422e-01 
 1102.000  9.672422e-01 
 1103.000  9.609311e-01 
 1104.000  9.609311e-01 
 1105.000  9.559946e-01 
 1106.000  9.559946e-01 
 1107.000  9.549764e-01 
 1108.000  9.549764e-01 
 1109.000  9.423157e-01 
 1110.000  9.161430e-01 
 1111.000  9.161430e-01 
 1112.000  9.054288e-01 
 1113.000  9.054288e-01 
 1114.000  8.238165e-01 
 1115.000  8.238165e-01 
 1116.000  6.715429e-01 
 1117.000  6.715429e-01 
 1118.000  7.471041e-01 
 1119.000  7.471041e-01 
 1120.000  7.021533e-01 
 1121.000  7.021533e-01 
 1122.000  5.393553e-01 
 1123.000  7.220480e-01 
 1124.000  7.220480e-01 
 1125.000  5.803755e-01 
 1126.000  5.803755e-01 
 1127.000  6.461688e-01 
 1128.000  6.461688e-01 
 1129.000  6.484398e-01 
 1130.000  6.484398e-01 
 1131.000  8.517271e-01 
 1132.000  8.517271e-01 
 1133.000  6.534618e-01 
 1134.000  6.534618e-01 
 1135.000  4.302080e-01 
 1136.000  4.302080e-01 
 1137.000  8.600727e-01 
 1138.000  8.600727e-01 
 1139.000  7.979089e-01 
 1140.000  7.979089e-01 
 1141.000  7.912769e-01 
 1142.000  7.912769e-01 
 1143.000  8.408156e-01 
 1144.000  8.408156e-01 
 1145.000  6.689056e-01 
 1146.000  6.689056e-01 
 1147.000  6.657737e-01 
 1148.000  6.657737e-01 
 1149.000  7.446848e-01 
 1150.000  7.446848e-01 
 1151.000  8.099016e-01 
 1152.000  8.099016e-01 
 1153.000  7.657548e-01 
 1154.000  7.657548e-01 
 1155.000  8.060132e-01 
 1156.000  8.060132e-01 
 1157.000  8.654214e-01 
 1158.000  8.654214e-01 
 1159.000  9.308817e-01 
 1160.000  9.308817e-01 
 1161.000  9.194096e-01 
 1162.000  9.194096e-01 
 1163.000  9.440346e-01 
 1164.000  9.440346e-01 
 1165.000  9.366173e-01 
 1166.000  9.366173e-01 
 1167.000  9.580293e-01 
 1168.000  9.580293e-01 
 1169.000  9.642339e-01 
 1170.000  9.642339e-01 
 1171.000  9.681910e-01 
 1172.000  9.681910e-01 
 1173.000  9.380749e-01 
 1174.000  9.380749e-01 
 1175.000  9.859117e-01 
 1176.000  9.859117e-01 
 1177.000  9.573554e-01 
 1178.000  9.573554e-01 
 1179.000  9.783385e-01 
 1180.000  9.783385e-01 
 1181.000  9.328977e-01 
 1182.000  9.328977e-01 
 1183.000  9.681064e-01 
 1184.000  9.681064e-01 
 1185.000  9.789969e-01 
 1186.000  9.789969e-01 
 1187.000  9.349474e-01 
 1188.000  9.349474e-01 
 1189.000  9.349474e-01 
 1190.000  9.673707e-01 
 1191.000  9.673707e-01 
 1192.000  9.878631e-01 
 1193.000  9.878631e-01 
 1194.000  9.735576e-01 
 1195.000  9.735576e-01 
 1196.000  9.813789e-01 
 1197.000  9.813789e-01 
 1198.000  9.675907e-01 
 1199.000  9.675907e-01 
 1200.000  9.644901e-01 
