  250.000  0.000000e+00 
  251.000  0.000000e+00 
  252.000  0.000000e+00 
  253.000  0.000000e+00 
  254.000  0.000000e+00 
  255.000  0.000000e+00 
  256.000  0.000000e+00 
  257.000  0.000000e+00 
  258.000  0.000000e+00 
  259.000  0.000000e+00 
  260.000  0.000000e+00 
  261.000  0.000000e+00 
  262.000  0.000000e+00 
  263.000  0.000000e+00 
  264.000  0.000000e+00 
  265.000  0.000000e+00 
  266.000  0.000000e+00 
  267.000  0.000000e+00 
  268.000  0.000000e+00 
  269.000  0.000000e+00 
  270.000  0.000000e+00 
  271.000  0.000000e+00 
  272.000  0.000000e+00 
  273.000  0.000000e+00 
  274.000  0.000000e+00 
  275.000  0.000000e+00 
  276.000  0.000000e+00 
  277.000  0.000000e+00 
  278.000  0.000000e+00 
  279.000  0.000000e+00 
  280.000  0.000000e+00 
  281.000  0.000000e+00 
  282.000  0.000000e+00 
  283.000  0.000000e+00 
  284.000  0.000000e+00 
  285.000  0.000000e+00 
  286.000  0.000000e+00 
  287.000  0.000000e+00 
  288.000  0.000000e+00 
  289.000  0.000000e+00 
  290.000  0.000000e+00 
  291.000  0.000000e+00 
  292.000  1.311368e-11 
  293.000  1.805512e-10 
  294.000  3.554377e-09 
  295.000  2.402693e-08 
  296.000  3.551277e-07 
  297.000  1.766192e-06 
  298.000  1.203785e-05 
  299.000  4.396243e-05 
  300.000  1.694467e-04 
  301.000  5.087227e-04 
  302.000  1.256290e-03 
  303.000  3.768430e-03 
  304.000  5.537739e-03 
  305.000  1.343872e-02 
  306.000  2.157616e-02 
  307.000  3.922463e-02 
  308.000  5.673426e-02 
  309.000  7.991197e-02 
  310.000  1.266517e-01 
  311.000  1.493128e-01 
  312.000  1.932988e-01 
  313.000  2.530862e-01 
  314.000  2.761106e-01 
  315.000  3.608020e-01 
  316.000  3.786567e-01 
  317.000  4.474198e-01 
  318.000  4.841853e-01 
  319.000  6.134560e-01 
  320.000  5.073891e-01 
  321.000  7.085922e-01 
  322.000  6.026906e-01 
  323.000  6.892328e-01 
  324.000  8.213755e-01 
  325.000  6.990224e-01 
  326.000  8.319098e-01 
  327.000  8.626348e-01 
  328.000  7.651830e-01 
  329.000  9.179873e-01 
  330.000  9.293146e-01 
  331.000  8.393203e-01 
  332.000  9.378891e-01 
  333.000  9.446587e-01 
  334.000  9.093542e-01 
  335.000  9.642431e-01 
  336.000  9.748333e-01 
  337.000  9.374913e-01 
  338.000  9.655946e-01 
  339.000  9.806197e-01 
  340.000  9.602884e-01 
  341.000  9.789450e-01 
  342.000  9.861906e-01 
  343.000  9.839121e-01 
  344.000  9.638508e-01 
  345.000  9.842665e-01 
  346.000  9.884843e-01 
  347.000  9.867216e-01 
  348.000  9.889416e-01 
  349.000  9.915544e-01 
  350.000  9.926644e-01 
  351.000  9.936395e-01 
  352.000  9.940547e-01 
  353.000  9.944818e-01 
  354.000  9.930391e-01 
  355.000  9.926435e-01 
  356.000  9.929748e-01 
  357.000  9.905598e-01 
  358.000  9.893492e-01 
  359.000  9.880178e-01 
  360.000  9.864535e-01 
  361.000  9.853446e-01 
  362.000  9.875157e-01 
  363.000  9.895471e-01 
  364.000  9.915025e-01 
  365.000  9.912883e-01 
  366.000  9.923372e-01 
  367.000  9.926641e-01 
  368.000  9.924748e-01 
  369.000  9.927843e-01 
  370.000  9.926329e-01 
  371.000  9.931007e-01 
  372.000  9.916330e-01 
  373.000  9.922999e-01 
  374.000  9.924473e-01 
  375.000  9.926895e-01 
  376.000  9.912005e-01 
  377.000  9.910226e-01 
  378.000  9.906678e-01 
  379.000  9.889762e-01 
  380.000  9.869736e-01 
  381.000  9.876868e-01 
  382.000  9.892809e-01 
  383.000  9.910964e-01 
  384.000  9.911953e-01 
  385.000  9.916165e-01 
  386.000  9.919729e-01 
  387.000  9.918650e-01 
  388.000  9.916733e-01 
  389.000  9.916286e-01 
  390.000  9.916059e-01 
  391.000  9.918017e-01 
  392.000  9.907994e-01 
  393.000  9.922502e-01 
  394.000  9.922622e-01 
  395.000  9.920726e-01 
  396.000  9.915927e-01 
  397.000  9.923017e-01 
  398.000  9.909067e-01 
  399.000  9.919491e-01 
  400.000  9.906746e-01 
  401.000  9.909707e-01 
  402.000  9.920295e-01 
  403.000  9.926489e-01 
  404.000  9.914574e-01 
  405.000  9.910820e-01 
  406.000  9.921602e-01 
  407.000  9.930223e-01 
  408.000  9.915068e-01 
  409.000  9.906743e-01 
  410.000  9.911020e-01 
  411.000  9.908977e-01 
  412.000  9.920097e-01 
  413.000  9.905127e-01 
  414.000  9.911227e-01 
  415.000  9.912295e-01 
  416.000  9.925301e-01 
  417.000  9.923483e-01 
  418.000  9.916061e-01 
  419.000  9.917558e-01 
  420.000  9.910076e-01 
  421.000  9.907870e-01 
  422.000  9.904690e-01 
  423.000  9.909409e-01 
  424.000  9.900600e-01 
  425.000  9.910473e-01 
  426.000  9.921882e-01 
  427.000  9.911355e-01 
  428.000  9.901293e-01 
  429.000  9.917663e-01 
  430.000  9.917529e-01 
  431.000  9.899520e-01 
  432.000  9.916005e-01 
  433.000  9.912375e-01 
  434.000  9.902450e-01 
  435.000  9.882311e-01 
  436.000  9.899589e-01 
  437.000  9.918334e-01 
  438.000  9.921892e-01 
  439.000  9.879448e-01 
  440.000  9.893330e-01 
  441.000  9.911072e-01 
  442.000  9.913706e-01 
  443.000  9.897206e-01 
  444.000  9.890156e-01 
  445.000  9.858745e-01 
  446.000  9.870440e-01 
  447.000  9.894871e-01 
  448.000  9.853870e-01 
  449.000  9.887488e-01 
  450.000  9.898918e-01 
  451.000  9.897006e-01 
  452.000  9.894761e-01 
  453.000  9.893911e-01 
  454.000  9.901254e-01 
  455.000  9.890322e-01 
  456.000  9.886721e-01 
  457.000  9.889542e-01 
  458.000  9.862985e-01 
  459.000  9.870548e-01 
  460.000  9.855271e-01 
  461.000  9.856008e-01 
  462.000  9.865264e-01 
  463.000  9.840963e-01 
  464.000  9.852968e-01 
  465.000  9.859093e-01 
  466.000  9.867099e-01 
  467.000  9.852300e-01 
  468.000  9.856027e-01 
  469.000  9.849821e-01 
  470.000  9.842073e-01 
  471.000  9.850584e-01 
  472.000  9.832750e-01 
  473.000  9.812160e-01 
  474.000  9.768870e-01 
  475.000  9.737521e-01 
  476.000  9.719454e-01 
  477.000  9.705790e-01 
  478.000  9.700736e-01 
  479.000  9.704026e-01 
  480.000  9.708524e-01 
  481.000  9.737445e-01 
  482.000  9.757698e-01 
  483.000  9.771798e-01 
  484.000  9.769032e-01 
  485.000  9.756632e-01 
  486.000  9.756482e-01 
  487.000  9.768675e-01 
  488.000  9.760072e-01 
  489.000  9.748061e-01 
  490.000  9.761751e-01 
  491.000  9.768091e-01 
  492.000  9.762935e-01 
  493.000  9.757058e-01 
  494.000  9.746251e-01 
  495.000  9.742927e-01 
  496.000  9.729529e-01 
  497.000  9.721761e-01 
  498.000  9.715420e-01 
  499.000  9.703548e-01 
  500.000  9.689190e-01 
  501.000  9.667282e-01 
  502.000  9.602436e-01 
  503.000  9.536488e-01 
  504.000  9.449248e-01 
  505.000  9.532912e-01 
  506.000  9.498570e-01 
  507.000  9.478777e-01 
  508.000  9.527895e-01 
  509.000  9.556345e-01 
  510.000  9.585692e-01 
  511.000  9.582350e-01 
  512.000  9.586566e-01 
  513.000  9.599385e-01 
  514.000  9.600280e-01 
  515.000  9.604356e-01 
  516.000  9.596838e-01 
  517.000  9.587967e-01 
  518.000  9.580683e-01 
  519.000  9.565525e-01 
  520.000  9.559042e-01 
  521.000  9.546301e-01 
  522.000  9.537246e-01 
  523.000  9.522994e-01 
  524.000  9.502665e-01 
  525.000  9.475712e-01 
  526.000  9.459102e-01 
  527.000  9.432401e-01 
  528.000  9.412357e-01 
  529.000  9.385120e-01 
  530.000  9.373032e-01 
  531.000  9.361274e-01 
  532.000  9.351150e-01 
  533.000  9.346408e-01 
  534.000  9.339201e-01 
  535.000  9.337972e-01 
  536.000  9.335015e-01 
  537.000  9.329586e-01 
  538.000  9.324601e-01 
  539.000  9.309106e-01 
  540.000  9.304019e-01 
  541.000  9.231489e-01 
  542.000  9.246397e-01 
  543.000  9.270111e-01 
  544.000  9.266710e-01 
  545.000  9.221135e-01 
  546.000  9.185571e-01 
  547.000  9.219927e-01 
  548.000  9.242819e-01 
  549.000  9.242904e-01 
  550.000  9.226553e-01 
  551.000  9.246553e-01 
  552.000  9.236432e-01 
  553.000  9.226526e-01 
  554.000  9.220977e-01 
  555.000  9.213526e-01 
  556.000  9.195316e-01 
  557.000  9.172060e-01 
  558.000  9.151568e-01 
  559.000  9.123945e-01 
  560.000  9.099840e-01 
  561.000  9.079107e-01 
  562.000  9.062321e-01 
  563.000  9.040330e-01 
  564.000  9.017126e-01 
  565.000  8.997899e-01 
  566.000  8.980950e-01 
  567.000  8.952067e-01 
  568.000  8.925278e-01 
  569.000  8.764604e-01 
  570.000  8.728701e-01 
  571.000  8.791401e-01 
  572.000  8.695198e-01 
  573.000  8.746228e-01 
  574.000  8.688977e-01 
  575.000  8.723568e-01 
  576.000  8.696507e-01 
  577.000  8.692030e-01 
  578.000  8.753129e-01 
  579.000  8.774160e-01 
  580.000  8.799894e-01 
  581.000  8.832384e-01 
  582.000  8.854594e-01 
  583.000  8.882875e-01 
  584.000  8.910355e-01 
  585.000  8.908844e-01 
  586.000  8.923261e-01 
  587.000  8.912337e-01 
  588.000  8.838415e-01 
  589.000  8.343837e-01 
  590.000  8.286213e-01 
  591.000  8.468984e-01 
  592.000  8.128635e-01 
  593.000  8.704000e-01 
  594.000  8.401820e-01 
  595.000  8.551964e-01 
  596.000  8.647873e-01 
  597.000  8.643073e-01 
  598.000  8.649709e-01 
  599.000  8.763150e-01 
  600.000  8.780839e-01 
  601.000  8.849632e-01 
  602.000  8.870147e-01 
  603.000  8.874313e-01 
  604.000  8.893926e-01 
  605.000  8.894953e-01 
  606.000  8.911362e-01 
  607.000  8.927000e-01 
  608.000  8.943042e-01 
  609.000  8.949682e-01 
  610.000  8.962714e-01 
  611.000  8.973331e-01 
  612.000  8.987927e-01 
  613.000  9.001380e-01 
  614.000  9.010780e-01 
  615.000  9.021842e-01 
  616.000  9.037454e-01 
  617.000  9.048690e-01 
  618.000  9.055662e-01 
  619.000  9.066573e-01 
  620.000  9.074711e-01 
  621.000  9.079252e-01 
  622.000  9.081242e-01 
  623.000  9.083285e-01 
  624.000  9.082503e-01 
  625.000  9.084228e-01 
  626.000  9.075963e-01 
  627.000  9.052656e-01 
  628.000  8.615802e-01 
  629.000  8.845487e-01 
  630.000  8.965117e-01 
  631.000  9.063477e-01 
  632.000  9.052964e-01 
  633.000  9.097254e-01 
  634.000  9.130667e-01 
  635.000  9.152023e-01 
  636.000  9.170419e-01 
  637.000  9.203796e-01 
  638.000  9.261372e-01 
  639.000  9.275953e-01 
  640.000  9.295797e-01 
  641.000  9.302189e-01 
  642.000  9.341380e-01 
  643.000  9.325622e-01 
  644.000  9.354152e-01 
  645.000  9.342407e-01 
  646.000  9.190747e-01 
  647.000  8.972837e-01 
  648.000  8.784202e-01 
  649.000  8.941117e-01 
  650.000  9.311771e-01 
  651.000  9.361061e-01 
  652.000  9.230676e-01 
  653.000  9.365237e-01 
  654.000  9.349314e-01 
  655.000  8.968305e-01 
  656.000  9.215271e-01 
  657.000  9.287871e-01 
  658.000  9.426211e-01 
  659.000  9.506856e-01 
  660.000  9.490013e-01 
  661.000  9.530190e-01 
  662.000  9.530202e-01 
  663.000  9.514082e-01 
  664.000  9.542086e-01 
  665.000  9.551394e-01 
  666.000  9.564129e-01 
  667.000  9.580493e-01 
  668.000  9.586480e-01 
  669.000  9.595561e-01 
  670.000  9.604119e-01 
  671.000  9.614952e-01 
  672.000  9.616883e-01 
  673.000  9.625438e-01 
  674.000  9.628499e-01 
  675.000  9.637686e-01 
  676.000  9.639481e-01 
  677.000  9.645160e-01 
  678.000  9.652733e-01 
  679.000  9.656880e-01 
  680.000  9.663166e-01 
  681.000  9.661013e-01 
  682.000  9.678010e-01 
  683.000  9.656973e-01 
  684.000  9.667771e-01 
  685.000  9.694521e-01 
  686.000  9.690820e-01 
  687.000  6.106430e-01 
  688.000  7.952720e-01 
  689.000  8.430802e-01 
  690.000  8.787199e-01 
  691.000  8.993891e-01 
  692.000  9.333654e-01 
  693.000  8.815600e-01 
  694.000  8.088793e-01 
  695.000  8.844902e-01 
  696.000  8.688409e-01 
  697.000  9.592464e-01 
  698.000  9.548514e-01 
  699.000  9.084138e-01 
  700.000  9.116881e-01 
  701.000  8.724871e-01 
  702.000  8.895448e-01 
  703.000  9.070992e-01 
  704.000  9.175813e-01 
  705.000  9.178109e-01 
  706.000  9.340405e-01 
  707.000  9.473465e-01 
  708.000  9.577079e-01 
  709.000  9.577782e-01 
  710.000  9.520742e-01 
  711.000  9.647139e-01 
  712.000  9.568208e-01 
  713.000  9.666776e-01 
  714.000  9.570094e-01 
  715.000  9.303597e-01 
  716.000  9.348660e-01 
  717.000  8.349884e-01 
  718.000  7.036211e-01 
  719.000  6.472366e-01 
  720.000  6.729078e-01 
  721.000  8.868615e-01 
  722.000  8.831218e-01 
  723.000  8.675364e-01 
  724.000  7.072100e-01 
  725.000  6.942201e-01 
  726.000  7.928578e-01 
  727.000  7.460709e-01 
  728.000  6.737927e-01 
  729.000  6.967090e-01 
  730.000  8.108568e-01 
  731.000  7.472929e-01 
  732.000  7.778515e-01 
  733.000  8.807536e-01 
  734.000  9.394767e-01 
  735.000  8.975047e-01 
  736.000  9.253238e-01 
  737.000  9.242855e-01 
  738.000  9.411873e-01 
  739.000  9.465697e-01 
  740.000  9.699469e-01 
  741.000  9.832041e-01 
  742.000  9.833730e-01 
  743.000  9.823427e-01 
  744.000  9.860284e-01 
  745.000  9.880969e-01 
  746.000  9.898303e-01 
  747.000  9.893007e-01 
  748.000  9.899662e-01 
  749.000  9.898866e-01 
  750.000  9.902369e-01 
  751.000  9.899725e-01 
  752.000  9.913374e-01 
  753.000  9.915760e-01 
  754.000  9.915109e-01 
  755.000  9.913942e-01 
  756.000  9.912460e-01 
  757.000  9.923920e-01 
  758.000  9.926731e-01 
  759.000  9.776109e-01 
  760.000  2.658623e-01 
  761.000  1.533491e-01 
  762.000  5.775815e-01 
  763.000  4.550007e-01 
  764.000  5.354995e-01 
  765.000  6.898815e-01 
  766.000  8.358531e-01 
  767.000  8.925676e-01 
  768.000  9.638950e-01 
  769.000  9.827139e-01 
  770.000  9.822825e-01 
  771.000  9.909092e-01 
  772.000  9.932490e-01 
  773.000  9.932025e-01 
  774.000  9.929288e-01 
  775.000  9.931080e-01 
  776.000  9.931707e-01 
  777.000  9.932054e-01 
  778.000  9.932119e-01 
  779.000  9.931828e-01 
  780.000  9.931595e-01 
  781.000  9.933698e-01 
  782.000  9.930810e-01 
  783.000  9.935269e-01 
  784.000  9.916909e-01 
  785.000  9.898248e-01 
  786.000  9.802741e-01 
  787.000  9.785576e-01 
  788.000  9.616194e-01 
  789.000  9.603868e-01 
  790.000  9.311684e-01 
  791.000  9.343050e-01 
  792.000  9.455194e-01 
  793.000  9.561643e-01 
  794.000  9.907267e-01 
  795.000  9.754488e-01 
  796.000  8.969178e-01 
  797.000  9.521976e-01 
  798.000  9.578801e-01 
  799.000  9.697423e-01 
  800.000  9.359576e-01 
  801.000  9.197807e-01 
  802.000  9.403369e-01 
  803.000  9.354128e-01 
  804.000  9.335873e-01 
  805.000  9.490989e-01 
  806.000  9.798436e-01 
  807.000  9.604815e-01 
  808.000  9.796537e-01 
  809.000  9.499338e-01 
  810.000  9.338015e-01 
  811.000  9.384100e-01 
  812.000  9.062721e-01 
  813.000  8.559773e-01 
  814.000  7.737155e-01 
  815.000  7.281121e-01 
  816.000  7.695395e-01 
  817.000  6.056362e-01 
  818.000  7.407101e-01 
  819.000  7.601696e-01 
  820.000  7.289622e-01 
  821.000  9.242718e-01 
  822.000  8.759156e-01 
  823.000  5.631331e-01 
  824.000  8.146862e-01 
  825.000  9.025856e-01 
  826.000  8.231024e-01 
  827.000  8.949219e-01 
  828.000  7.282968e-01 
  829.000  8.518447e-01 
  830.000  8.225047e-01 
  831.000  8.350913e-01 
  832.000  8.283255e-01 
  833.000  8.799090e-01 
  834.000  8.892319e-01 
  835.000  9.198895e-01 
  836.000  9.271934e-01 
  837.000  9.226943e-01 
  838.000  9.481899e-01 
  839.000  9.633526e-01 
  840.000  9.666867e-01 
  841.000  9.666867e-01 
  842.000  9.416984e-01 
  843.000  9.896157e-01 
  844.000  9.601260e-01 
  845.000  9.830434e-01 
  846.000  9.891787e-01 
  847.000  9.941474e-01 
  848.000  9.868542e-01 
  849.000  9.897357e-01 
  850.000  9.869041e-01 
  851.000  9.805903e-01 
  852.000  9.912997e-01 
  853.000  9.936112e-01 
  854.000  9.909855e-01 
  855.000  9.909855e-01 
  856.000  9.932231e-01 
  857.000  9.984993e-01 
  858.000  9.930477e-01 
  859.000  9.961950e-01 
  860.000  9.995899e-01 
  861.000  9.979764e-01 
  862.000  9.993621e-01 
  863.000  9.994767e-01 
  864.000  9.997931e-01 
  865.000  9.997931e-01 
  866.000  9.998534e-01 
  867.000  9.999634e-01 
  868.000  9.998517e-01 
  869.000  9.997077e-01 
  870.000  9.994467e-01 
  871.000  9.998323e-01 
  872.000  9.998314e-01 
  873.000  9.992858e-01 
  874.000  9.992858e-01 
  875.000  9.999084e-01 
  876.000  9.999242e-01 
  877.000  9.993780e-01 
  878.000  9.988214e-01 
  879.000  9.986503e-01 
  880.000  9.994307e-01 
  881.000  9.994307e-01 
  882.000  9.959721e-01 
  883.000  9.969549e-01 
  884.000  9.969871e-01 
  885.000  9.974152e-01 
  886.000  9.791366e-01 
  887.000  9.954151e-01 
  888.000  9.954151e-01 
  889.000  9.910322e-01 
  890.000  9.812107e-01 
  891.000  9.947359e-01 
  892.000  9.775116e-01 
  893.000  9.348443e-01 
  894.000  9.348443e-01 
  895.000  8.761961e-01 
  896.000  8.084776e-01 
  897.000  6.722491e-01 
  898.000  7.855967e-01 
  899.000  5.816131e-01 
  900.000  5.816131e-01 
  901.000  6.208123e-01 
  902.000  6.885945e-01 
  903.000  7.349941e-01 
  904.000  8.820665e-01 
  905.000  8.563584e-01 
  906.000  8.563584e-01 
  907.000  6.696740e-01 
  908.000  6.623660e-01 
  909.000  6.554796e-01 
  910.000  6.134665e-01 
  911.000  6.134665e-01 
  912.000  7.441068e-01 
  913.000  6.689781e-01 
  914.000  6.384159e-01 
  915.000  5.868607e-01 
  916.000  5.868607e-01 
  917.000  7.153955e-01 
  918.000  5.967494e-01 
  919.000  7.514997e-01 
  920.000  8.637735e-01 
  921.000  8.637735e-01 
  922.000  8.097612e-01 
  923.000  8.054901e-01 
  924.000  7.364416e-01 
  925.000  7.364416e-01 
  926.000  7.667407e-01 
  927.000  7.885022e-01 
  928.000  5.765226e-01 
  929.000  5.345873e-01 
  930.000  5.345873e-01 
  931.000  3.980574e-01 
  932.000  2.260972e-01 
  933.000  1.755707e-01 
  934.000  1.755707e-01 
  935.000  1.970487e-01 
  936.000  1.608761e-01 
  937.000  1.168026e-01 
  938.000  1.168026e-01 
  939.000  2.655583e-01 
  940.000  3.867520e-01 
  941.000  3.341960e-01 
  942.000  3.341960e-01 
  943.000  2.378564e-01 
  944.000  2.530606e-01 
  945.000  3.323819e-01 
  946.000  3.323819e-01 
  947.000  2.443870e-01 
  948.000  3.040368e-01 
  949.000  3.434509e-01 
  950.000  3.434509e-01 
  951.000  4.061274e-01 
  952.000  2.295298e-01 
  953.000  4.215468e-01 
  954.000  4.215468e-01 
  955.000  4.148639e-01 
  956.000  3.048691e-01 
  957.000  5.128176e-01 
  958.000  5.128176e-01 
  959.000  3.556324e-01 
  960.000  4.356624e-01 
  961.000  4.356624e-01 
  962.000  5.267799e-01 
  963.000  5.778201e-01 
  964.000  4.790048e-01 
  965.000  4.790048e-01 
  966.000  5.426006e-01 
  967.000  7.064405e-01 
  968.000  7.064405e-01 
  969.000  7.432795e-01 
  970.000  7.948745e-01 
  971.000  8.370013e-01 
  972.000  8.370013e-01 
  973.000  7.809507e-01 
  974.000  6.568885e-01 
  975.000  6.568885e-01 
  976.000  6.482202e-01 
  977.000  7.845695e-01 
  978.000  7.588240e-01 
  979.000  7.588240e-01 
  980.000  7.610971e-01 
  981.000  8.929154e-01 
  982.000  8.929154e-01 
  983.000  8.549021e-01 
  984.000  8.871750e-01 
  985.000  8.871750e-01 
  986.000  9.659020e-01 
  987.000  9.341013e-01 
  988.000  9.341013e-01 
  989.000  9.834201e-01 
  990.000  9.618869e-01 
  991.000  9.618869e-01 
  992.000  9.767119e-01 
  993.000  9.735209e-01 
  994.000  9.735209e-01 
  995.000  9.950497e-01 
  996.000  9.954877e-01 
  997.000  9.954877e-01 
  998.000  9.953858e-01 
  999.000  9.933563e-01 
 1000.000  9.933563e-01 
 1001.000  9.942095e-01 
 1002.000  9.656817e-01 
 1003.000  9.656817e-01 
 1004.000  9.940925e-01 
 1005.000  9.955118e-01 
 1006.000  9.955118e-01 
 1007.000  9.963984e-01 
 1008.000  9.901280e-01 
 1009.000  9.901280e-01 
 1010.000  9.690020e-01 
 1011.000  9.957994e-01 
 1012.000  9.957994e-01 
 1013.000  9.967859e-01 
 1014.000  9.957666e-01 
 1015.000  9.957666e-01 
 1016.000  9.972380e-01 
 1017.000  9.953506e-01 
 1018.000  9.953506e-01 
 1019.000  9.931453e-01 
 1020.000  9.973590e-01 
 1021.000  9.973590e-01 
 1022.000  9.933075e-01 
 1023.000  9.933075e-01 
 1024.000  9.922727e-01 
 1025.000  9.971641e-01 
 1026.000  9.971641e-01 
 1027.000  9.947813e-01 
 1028.000  9.974099e-01 
 1029.000  9.974099e-01 
 1030.000  9.985156e-01 
 1031.000  9.981447e-01 
 1032.000  9.981447e-01 
 1033.000  9.985781e-01 
 1034.000  9.985781e-01 
 1035.000  9.992507e-01 
 1036.000  9.985391e-01 
 1037.000  9.985391e-01 
 1038.000  9.984456e-01 
 1039.000  9.975590e-01 
 1040.000  9.975590e-01 
 1041.000  9.971119e-01 
 1042.000  9.971119e-01 
 1043.000  9.964424e-01 
 1044.000  9.954307e-01 
 1045.000  9.954307e-01 
 1046.000  9.940439e-01 
 1047.000  9.940439e-01 
 1048.000  9.926639e-01 
 1049.000  9.899220e-01 
 1050.000  9.899220e-01 
 1051.000  9.886844e-01 
 1052.000  9.886844e-01 
 1053.000  9.868099e-01 
 1054.000  9.851937e-01 
 1055.000  9.851937e-01 
 1056.000  9.833545e-01 
 1057.000  9.833545e-01 
 1058.000  9.816628e-01 
 1059.000  9.800200e-01 
 1060.000  9.800200e-01 
 1061.000  9.789470e-01 
 1062.000  9.789470e-01 
 1063.000  9.766718e-01 
 1064.000  9.741402e-01 
 1065.000  9.741402e-01 
 1066.000  9.775913e-01 
 1067.000  9.775913e-01 
 1068.000  9.751126e-01 
 1069.000  9.738045e-01 
 1070.000  9.738045e-01 
 1071.000  9.780790e-01 
 1072.000  9.780790e-01 
 1073.000  9.797710e-01 
 1074.000  9.797710e-01 
 1075.000  9.621205e-01 
 1076.000  9.581425e-01 
 1077.000  9.581425e-01 
 1078.000  9.738194e-01 
 1079.000  9.738194e-01 
 1080.000  9.552480e-01 
 1081.000  9.552480e-01 
 1082.000  9.629759e-01 
 1083.000  9.464830e-01 
 1084.000  9.464830e-01 
 1085.000  9.183677e-01 
 1086.000  9.183677e-01 
 1087.000  9.577752e-01 
 1088.000  9.577752e-01 
 1089.000  9.365746e-01 
 1090.000  9.275774e-01 
 1091.000  9.275774e-01 
 1092.000  8.944811e-01 
 1093.000  8.944811e-01 
 1094.000  8.939505e-01 
 1095.000  8.939505e-01 
 1096.000  8.764157e-01 
 1097.000  8.764157e-01 
 1098.000  8.375432e-01 
 1099.000  7.529505e-01 
 1100.000  7.529505e-01 
 1101.000  7.608739e-01 
 1102.000  7.608739e-01 
 1103.000  7.225689e-01 
 1104.000  7.225689e-01 
 1105.000  6.957369e-01 
 1106.000  6.957369e-01 
 1107.000  7.000700e-01 
 1108.000  7.000700e-01 
 1109.000  6.364148e-01 
 1110.000  6.273959e-01 
 1111.000  6.273959e-01 
 1112.000  5.576957e-01 
 1113.000  5.576957e-01 
 1114.000  4.333075e-01 
 1115.000  4.333075e-01 
 1116.000  1.987436e-01 
 1117.000  1.987436e-01 
 1118.000  2.754042e-01 
 1119.000  2.754042e-01 
 1120.000  1.892689e-01 
 1121.000  1.892689e-01 
 1122.000  8.254284e-02 
 1123.000  2.220456e-01 
 1124.000  2.220456e-01 
 1125.000  8.596896e-02 
 1126.000  8.596896e-02 
 1127.000  1.179261e-01 
 1128.000  1.179261e-01 
 1129.000  1.031387e-01 
 1130.000  1.031387e-01 
 1131.000  3.645582e-01 
 1132.000  3.645582e-01 
 1133.000  1.166989e-01 
 1134.000  1.166989e-01 
 1135.000  6.069057e-02 
 1136.000  6.069057e-02 
 1137.000  3.441534e-01 
 1138.000  3.441534e-01 
 1139.000  3.498039e-01 
 1140.000  3.498039e-01 
 1141.000  3.068997e-01 
 1142.000  3.068997e-01 
 1143.000  3.607162e-01 
 1144.000  3.607162e-01 
 1145.000  1.378352e-01 
 1146.000  1.378352e-01 
 1147.000  1.477434e-01 
 1148.000  1.477434e-01 
 1149.000  2.856672e-01 
 1150.000  2.856672e-01 
 1151.000  3.309864e-01 
 1152.000  3.309864e-01 
 1153.000  2.994314e-01 
 1154.000  2.994314e-01 
 1155.000  3.596143e-01 
 1156.000  3.596143e-01 
 1157.000  4.968369e-01 
 1158.000  4.968369e-01 
 1159.000  5.911837e-01 
 1160.000  5.911837e-01 
 1161.000  5.752189e-01 
 1162.000  5.752189e-01 
 1163.000  7.196683e-01 
 1164.000  7.196683e-01 
 1165.000  6.633964e-01 
 1166.000  6.633964e-01 
 1167.000  7.432976e-01 
 1168.000  7.432976e-01 
 1169.000  7.653252e-01 
 1170.000  7.653252e-01 
 1171.000  7.964426e-01 
 1172.000  7.964426e-01 
 1173.000  6.491797e-01 
 1174.000  6.491797e-01 
 1175.000  8.793948e-01 
 1176.000  8.793948e-01 
 1177.000  7.413756e-01 
 1178.000  7.413756e-01 
 1179.000  8.534258e-01 
 1180.000  8.534258e-01 
 1181.000  6.654240e-01 
 1182.000  6.654240e-01 
 1183.000  7.918417e-01 
 1184.000  7.918417e-01 
 1185.000  8.152404e-01 
 1186.000  8.152404e-01 
 1187.000  7.002997e-01 
 1188.000  7.002997e-01 
 1189.000  7.002997e-01 
 1190.000  8.010794e-01 
 1191.000  8.010794e-01 
 1192.000  8.893140e-01 
 1193.000  8.893140e-01 
 1194.000  8.293665e-01 
 1195.000  8.293665e-01 
 1196.000  8.249573e-01 
 1197.000  8.249573e-01 
 1198.000  7.746005e-01 
 1199.000  7.746005e-01 
 1200.000  7.852595e-01 
