  250.000  0.000000e+00 
  251.000  0.000000e+00 
  252.000  0.000000e+00 
  253.000  0.000000e+00 
  254.000  0.000000e+00 
  255.000  0.000000e+00 
  256.000  0.000000e+00 
  257.000  0.000000e+00 
  258.000  0.000000e+00 
  259.000  0.000000e+00 
  260.000  0.000000e+00 
  261.000  0.000000e+00 
  262.000  0.000000e+00 
  263.000  0.000000e+00 
  264.000  0.000000e+00 
  265.000  0.000000e+00 
  266.000  0.000000e+00 
  267.000  0.000000e+00 
  268.000  0.000000e+00 
  269.000  0.000000e+00 
  270.000  0.000000e+00 
  271.000  0.000000e+00 
  272.000  0.000000e+00 
  273.000  0.000000e+00 
  274.000  0.000000e+00 
  275.000  0.000000e+00 
  276.000  0.000000e+00 
  277.000  0.000000e+00 
  278.000  0.000000e+00 
  279.000  0.000000e+00 
  280.000  0.000000e+00 
  281.000  0.000000e+00 
  282.000  0.000000e+00 
  283.000  0.000000e+00 
  284.000  0.000000e+00 
  285.000  0.000000e+00 
  286.000  0.000000e+00 
  287.000  0.000000e+00 
  288.000  0.000000e+00 
  289.000  0.000000e+00 
  290.000  0.000000e+00 
  291.000  0.000000e+00 
  292.000  6.573086e-14 
  293.000  1.221995e-12 
  294.000  3.362597e-11 
  295.000  2.844374e-10 
  296.000  5.707822e-09 
  297.000  3.443870e-08 
  298.000  2.950745e-07 
  299.000  1.273545e-06 
  300.000  5.800593e-06 
  301.000  2.007290e-05 
  302.000  5.629815e-05 
  303.000  1.944776e-04 
  304.000  3.067336e-04 
  305.000  8.389529e-04 
  306.000  1.463930e-03 
  307.000  2.913431e-03 
  308.000  4.509106e-03 
  309.000  6.775938e-03 
  310.000  1.158681e-02 
  311.000  1.431120e-02 
  312.000  1.949940e-02 
  313.000  2.700753e-02 
  314.000  3.060567e-02 
  315.000  4.227052e-02 
  316.000  4.568769e-02 
  317.000  5.646290e-02 
  318.000  6.333797e-02 
  319.000  8.412171e-02 
  320.000  7.020219e-02 
  321.000  1.037075e-01 
  322.000  8.919346e-02 
  323.000  1.057475e-01 
  324.000  1.316454e-01 
  325.000  1.127740e-01 
  326.000  1.395894e-01 
  327.000  1.484881e-01 
  328.000  1.335147e-01 
  329.000  1.666100e-01 
  330.000  1.725011e-01 
  331.000  1.575309e-01 
  332.000  1.817119e-01 
  333.000  1.869709e-01 
  334.000  1.830172e-01 
  335.000  1.991719e-01 
  336.000  2.056547e-01 
  337.000  2.009644e-01 
  338.000  2.117047e-01 
  339.000  2.195445e-01 
  340.000  2.180197e-01 
  341.000  2.269570e-01 
  342.000  2.331580e-01 
  343.000  2.369500e-01 
  344.000  2.352458e-01 
  345.000  2.451764e-01 
  346.000  2.500855e-01 
  347.000  2.541237e-01 
  348.000  2.585597e-01 
  349.000  2.639219e-01 
  350.000  2.681242e-01 
  351.000  2.730927e-01 
  352.000  2.771480e-01 
  353.000  2.820248e-01 
  354.000  2.855382e-01 
  355.000  2.893997e-01 
  356.000  2.943213e-01 
  357.000  2.975448e-01 
  358.000  3.011742e-01 
  359.000  3.047694e-01 
  360.000  3.082889e-01 
  361.000  3.119723e-01 
  362.000  3.176569e-01 
  363.000  3.225113e-01 
  364.000  3.273724e-01 
  365.000  3.314580e-01 
  366.000  3.360334e-01 
  367.000  3.403568e-01 
  368.000  3.444972e-01 
  369.000  3.479979e-01 
  370.000  3.521757e-01 
  371.000  3.566124e-01 
  372.000  3.602807e-01 
  373.000  3.648217e-01 
  374.000  3.691642e-01 
  375.000  3.726987e-01 
  376.000  3.763692e-01 
  377.000  3.805963e-01 
  378.000  3.838911e-01 
  379.000  3.874678e-01 
  380.000  3.908987e-01 
  381.000  3.946664e-01 
  382.000  3.997066e-01 
  383.000  4.048696e-01 
  384.000  4.083950e-01 
  385.000  4.129461e-01 
  386.000  4.166024e-01 
  387.000  4.209188e-01 
  388.000  4.243236e-01 
  389.000  4.277998e-01 
  390.000  4.321636e-01 
  391.000  4.357610e-01 
  392.000  4.387695e-01 
  393.000  4.438695e-01 
  394.000  4.473830e-01 
  395.000  4.507950e-01 
  396.000  4.551074e-01 
  397.000  4.590536e-01 
  398.000  4.617739e-01 
  399.000  4.655707e-01 
  400.000  4.687878e-01 
  401.000  4.730926e-01 
  402.000  4.769842e-01 
  403.000  4.809824e-01 
  404.000  4.836293e-01 
  405.000  4.873209e-01 
  406.000  4.908383e-01 
  407.000  4.953927e-01 
  408.000  4.975991e-01 
  409.000  5.008330e-01 
  410.000  5.042868e-01 
  411.000  5.081506e-01 
  412.000  5.121862e-01 
  413.000  5.143387e-01 
  414.000  5.185015e-01 
  415.000  5.217773e-01 
  416.000  5.260293e-01 
  417.000  5.285205e-01 
  418.000  5.313450e-01 
  419.000  5.354069e-01 
  420.000  5.381223e-01 
  421.000  5.412959e-01 
  422.000  5.438942e-01 
  423.000  5.474986e-01 
  424.000  5.502463e-01 
  425.000  5.544416e-01 
  426.000  5.575871e-01 
  427.000  5.604675e-01 
  428.000  5.630820e-01 
  429.000  5.669383e-01 
  430.000  5.700990e-01 
  431.000  5.712950e-01 
  432.000  5.757772e-01 
  433.000  5.788489e-01 
  434.000  5.808294e-01 
  435.000  5.828742e-01 
  436.000  5.865082e-01 
  437.000  5.912420e-01 
  438.000  5.936441e-01 
  439.000  5.941424e-01 
  440.000  5.977078e-01 
  441.000  6.008226e-01 
  442.000  6.044924e-01 
  443.000  6.063527e-01 
  444.000  6.088982e-01 
  445.000  6.098279e-01 
  446.000  6.132104e-01 
  447.000  6.168397e-01 
  448.000  6.169177e-01 
  449.000  6.216145e-01 
  450.000  6.254160e-01 
  451.000  6.276661e-01 
  452.000  6.295133e-01 
  453.000  6.323062e-01 
  454.000  6.361789e-01 
  455.000  6.374599e-01 
  456.000  6.396481e-01 
  457.000  6.422117e-01 
  458.000  6.437314e-01 
  459.000  6.460286e-01 
  460.000  6.473413e-01 
  461.000  6.497482e-01 
  462.000  6.531240e-01 
  463.000  6.532353e-01 
  464.000  6.565633e-01 
  465.000  6.588560e-01 
  466.000  6.630179e-01 
  467.000  6.642229e-01 
  468.000  6.666232e-01 
  469.000  6.685224e-01 
  470.000  6.706696e-01 
  471.000  6.729895e-01 
  472.000  6.738781e-01 
  473.000  6.744256e-01 
  474.000  6.730759e-01 
  475.000  6.732635e-01 
  476.000  6.741080e-01 
  477.000  6.749024e-01 
  478.000  6.759563e-01 
  479.000  6.780879e-01 
  480.000  6.807079e-01 
  481.000  6.853178e-01 
  482.000  6.890590e-01 
  483.000  6.924747e-01 
  484.000  6.941825e-01 
  485.000  6.955160e-01 
  486.000  6.967632e-01 
  487.000  6.996620e-01 
  488.000  7.011064e-01 
  489.000  7.022213e-01 
  490.000  7.053606e-01 
  491.000  7.072134e-01 
  492.000  7.088521e-01 
  493.000  7.104688e-01 
  494.000  7.115415e-01 
  495.000  7.127940e-01 
  496.000  7.135106e-01 
  497.000  7.148511e-01 
  498.000  7.158001e-01 
  499.000  7.169805e-01 
  500.000  7.177587e-01 
  501.000  7.174991e-01 
  502.000  7.161564e-01 
  503.000  7.145827e-01 
  504.000  7.126462e-01 
  505.000  7.154710e-01 
  506.000  7.170771e-01 
  507.000  7.180610e-01 
  508.000  7.215095e-01 
  509.000  7.235696e-01 
  510.000  7.261280e-01 
  511.000  7.279676e-01 
  512.000  7.292544e-01 
  513.000  7.319650e-01 
  514.000  7.330950e-01 
  515.000  7.351741e-01 
  516.000  7.358881e-01 
  517.000  7.372392e-01 
  518.000  7.374819e-01 
  519.000  7.382390e-01 
  520.000  7.386247e-01 
  521.000  7.395474e-01 
  522.000  7.397093e-01 
  523.000  7.399583e-01 
  524.000  7.400499e-01 
  525.000  7.392346e-01 
  526.000  7.388904e-01 
  527.000  7.385194e-01 
  528.000  7.378228e-01 
  529.000  7.372513e-01 
  530.000  7.368743e-01 
  531.000  7.372700e-01 
  532.000  7.376519e-01 
  533.000  7.384232e-01 
  534.000  7.394372e-01 
  535.000  7.400790e-01 
  536.000  7.412267e-01 
  537.000  7.423996e-01 
  538.000  7.430040e-01 
  539.000  7.433367e-01 
  540.000  7.443563e-01 
  541.000  7.426952e-01 
  542.000  7.436205e-01 
  543.000  7.452127e-01 
  544.000  7.460048e-01 
  545.000  7.449635e-01 
  546.000  7.447186e-01 
  547.000  7.469913e-01 
  548.000  7.489809e-01 
  549.000  7.493992e-01 
  550.000  7.500802e-01 
  551.000  7.512802e-01 
  552.000  7.515894e-01 
  553.000  7.519977e-01 
  554.000  7.525562e-01 
  555.000  7.529527e-01 
  556.000  7.522655e-01 
  557.000  7.511629e-01 
  558.000  7.502684e-01 
  559.000  7.490680e-01 
  560.000  7.479886e-01 
  561.000  7.471175e-01 
  562.000  7.464929e-01 
  563.000  7.454362e-01 
  564.000  7.443565e-01 
  565.000  7.434331e-01 
  566.000  7.429212e-01 
  567.000  7.417080e-01 
  568.000  7.402161e-01 
  569.000  7.336671e-01 
  570.000  7.311006e-01 
  571.000  7.329434e-01 
  572.000  7.291966e-01 
  573.000  7.305592e-01 
  574.000  7.282481e-01 
  575.000  7.292181e-01 
  576.000  7.291759e-01 
  577.000  7.299725e-01 
  578.000  7.338835e-01 
  579.000  7.365298e-01 
  580.000  7.389961e-01 
  581.000  7.429042e-01 
  582.000  7.464340e-01 
  583.000  7.496923e-01 
  584.000  7.541880e-01 
  585.000  7.555443e-01 
  586.000  7.577349e-01 
  587.000  7.579656e-01 
  588.000  7.570053e-01 
  589.000  7.378443e-01 
  590.000  7.378499e-01 
  591.000  7.452393e-01 
  592.000  7.307990e-01 
  593.000  7.548164e-01 
  594.000  7.432021e-01 
  595.000  7.505329e-01 
  596.000  7.540130e-01 
  597.000  7.538168e-01 
  598.000  7.542304e-01 
  599.000  7.583795e-01 
  600.000  7.588395e-01 
  601.000  7.621003e-01 
  602.000  7.642221e-01 
  603.000  7.651879e-01 
  604.000  7.664894e-01 
  605.000  7.674167e-01 
  606.000  7.697117e-01 
  607.000  7.716053e-01 
  608.000  7.740041e-01 
  609.000  7.749886e-01 
  610.000  7.769575e-01 
  611.000  7.785344e-01 
  612.000  7.808743e-01 
  613.000  7.828236e-01 
  614.000  7.842399e-01 
  615.000  7.858915e-01 
  616.000  7.882630e-01 
  617.000  7.899848e-01 
  618.000  7.911416e-01 
  619.000  7.928609e-01 
  620.000  7.943976e-01 
  621.000  7.955284e-01 
  622.000  7.960331e-01 
  623.000  7.971613e-01 
  624.000  7.975948e-01 
  625.000  7.981829e-01 
  626.000  7.984263e-01 
  627.000  7.981912e-01 
  628.000  7.655143e-01 
  629.000  7.823637e-01 
  630.000  7.897457e-01 
  631.000  8.001663e-01 
  632.000  8.030726e-01 
  633.000  8.065203e-01 
  634.000  8.106821e-01 
  635.000  8.121089e-01 
  636.000  8.158908e-01 
  637.000  8.204813e-01 
  638.000  8.242964e-01 
  639.000  8.271307e-01 
  640.000  8.290668e-01 
  641.000  8.318142e-01 
  642.000  8.344098e-01 
  643.000  8.348539e-01 
  644.000  8.370624e-01 
  645.000  8.380523e-01 
  646.000  8.332356e-01 
  647.000  8.256177e-01 
  648.000  8.180838e-01 
  649.000  8.263766e-01 
  650.000  8.431015e-01 
  651.000  8.455101e-01 
  652.000  8.417361e-01 
  653.000  8.476207e-01 
  654.000  8.489799e-01 
  655.000  8.325828e-01 
  656.000  8.449297e-01 
  657.000  8.488071e-01 
  658.000  8.557730e-01 
  659.000  8.602159e-01 
  660.000  8.601434e-01 
  661.000  8.630911e-01 
  662.000  8.634695e-01 
  663.000  8.643193e-01 
  664.000  8.659773e-01 
  665.000  8.672674e-01 
  666.000  8.686514e-01 
  667.000  8.706462e-01 
  668.000  8.715689e-01 
  669.000  8.731185e-01 
  670.000  8.740406e-01 
  671.000  8.758932e-01 
  672.000  8.762884e-01 
  673.000  8.778347e-01 
  674.000  8.784194e-01 
  675.000  8.800216e-01 
  676.000  8.804966e-01 
  677.000  8.813536e-01 
  678.000  8.827305e-01 
  679.000  8.834703e-01 
  680.000  8.849068e-01 
  681.000  8.854058e-01 
  682.000  8.874499e-01 
  683.000  8.872501e-01 
  684.000  8.890283e-01 
  685.000  8.904188e-01 
  686.000  8.912907e-01 
  687.000  5.458886e-01 
  688.000  7.173924e-01 
  689.000  7.655897e-01 
  690.000  8.017928e-01 
  691.000  8.269768e-01 
  692.000  8.687837e-01 
  693.000  8.503808e-01 
  694.000  8.216564e-01 
  695.000  8.591698e-01 
  696.000  8.500549e-01 
  697.000  8.958622e-01 
  698.000  8.945475e-01 
  699.000  8.742478e-01 
  700.000  8.768711e-01 
  701.000  8.607100e-01 
  702.000  8.688065e-01 
  703.000  8.762587e-01 
  704.000  8.813419e-01 
  705.000  8.828644e-01 
  706.000  8.908113e-01 
  707.000  8.972700e-01 
  708.000  9.020972e-01 
  709.000  9.026455e-01 
  710.000  9.006997e-01 
  711.000  9.067141e-01 
  712.000  9.036217e-01 
  713.000  9.085846e-01 
  714.000  9.047171e-01 
  715.000  8.945792e-01 
  716.000  8.967043e-01 
  717.000  8.528979e-01 
  718.000  7.578886e-01 
  719.000  7.092596e-01 
  720.000  7.624794e-01 
  721.000  8.788008e-01 
  722.000  8.763975e-01 
  723.000  8.699469e-01 
  724.000  7.557037e-01 
  725.000  7.739601e-01 
  726.000  8.348038e-01 
  727.000  8.074549e-01 
  728.000  7.614775e-01 
  729.000  7.851424e-01 
  730.000  8.441997e-01 
  731.000  8.116307e-01 
  732.000  8.295903e-01 
  733.000  8.799794e-01 
  734.000  9.071305e-01 
  735.000  8.885083e-01 
  736.000  9.015135e-01 
  737.000  9.016852e-01 
  738.000  9.096701e-01 
  739.000  9.122671e-01 
  740.000  9.224976e-01 
  741.000  9.281651e-01 
  742.000  9.291418e-01 
  743.000  9.289892e-01 
  744.000  9.307966e-01 
  745.000  9.319077e-01 
  746.000  9.331574e-01 
  747.000  9.334517e-01 
  748.000  9.339508e-01 
  749.000  9.341944e-01 
  750.000  9.347382e-01 
  751.000  9.349394e-01 
  752.000  9.363660e-01 
  753.000  9.367238e-01 
  754.000  9.370815e-01 
  755.000  9.374409e-01 
  756.000  9.376565e-01 
  757.000  9.383879e-01 
  758.000  9.392257e-01 
  759.000  9.237149e-01 
  760.000  2.300182e-01 
  761.000  1.234906e-01 
  762.000  5.283592e-01 
  763.000  4.078858e-01 
  764.000  4.862660e-01 
  765.000  6.376442e-01 
  766.000  7.815023e-01 
  767.000  8.376609e-01 
  768.000  9.116825e-01 
  769.000  9.315165e-01 
  770.000  9.311922e-01 
  771.000  9.404517e-01 
  772.000  9.435818e-01 
  773.000  9.437416e-01 
  774.000  9.437920e-01 
  775.000  9.439838e-01 
  776.000  9.442517e-01 
  777.000  9.446124e-01 
  778.000  9.448264e-01 
  779.000  9.450428e-01 
  780.000  9.452237e-01 
  781.000  9.458216e-01 
  782.000  9.461482e-01 
  783.000  9.465703e-01 
  784.000  9.461149e-01 
  785.000  9.456244e-01 
  786.000  9.419941e-01 
  787.000  9.418971e-01 
  788.000  9.343787e-01 
  789.000  9.344491e-01 
  790.000  9.214610e-01 
  791.000  9.230357e-01 
  792.000  9.286857e-01 
  793.000  9.328744e-01 
  794.000  9.492648e-01 
  795.000  9.434026e-01 
  796.000  9.076327e-01 
  797.000  9.335682e-01 
  798.000  9.362768e-01 
  799.000  9.418718e-01 
  800.000  9.267133e-01 
  801.000  9.194756e-01 
  802.000  9.295087e-01 
  803.000  9.274898e-01 
  804.000  9.267943e-01 
  805.000  9.337010e-01 
  806.000  9.473181e-01 
  807.000  9.391378e-01 
  808.000  9.476621e-01 
  809.000  9.346905e-01 
  810.000  9.279836e-01 
  811.000  9.303749e-01 
  812.000  9.163321e-01 
  813.000  8.905150e-01 
  814.000  8.463318e-01 
  815.000  8.050048e-01 
  816.000  8.377280e-01 
  817.000  7.053289e-01 
  818.000  8.034040e-01 
  819.000  8.362201e-01 
  820.000  7.945736e-01 
  821.000  9.261977e-01 
  822.000  9.036405e-01 
  823.000  6.672961e-01 
  824.000  8.741063e-01 
  825.000  9.150240e-01 
  826.000  8.742122e-01 
  827.000  9.126943e-01 
  828.000  8.140199e-01 
  829.000  8.894197e-01 
  830.000  8.715640e-01 
  831.000  8.800996e-01 
  832.000  8.783516e-01 
  833.000  9.083566e-01 
  834.000  9.095029e-01 
  835.000  9.266130e-01 
  836.000  9.291461e-01 
  837.000  9.279680e-01 
  838.000  9.402296e-01 
  839.000  9.467157e-01 
  840.000  9.484451e-01 
  841.000  9.484451e-01 
  842.000  9.373261e-01 
  843.000  9.585618e-01 
  844.000  9.458594e-01 
  845.000  9.561463e-01 
  846.000  9.589368e-01 
  847.000  9.609789e-01 
  848.000  9.583042e-01 
  849.000  9.596322e-01 
  850.000  9.590876e-01 
  851.000  9.581382e-01 
  852.000  9.629430e-01 
  853.000  9.639859e-01 
  854.000  9.631320e-01 
  855.000  9.631320e-01 
  856.000  9.641664e-01 
  857.000  9.666243e-01 
  858.000  9.644913e-01 
  859.000  9.660137e-01 
  860.000  9.674266e-01 
  861.000  9.669501e-01 
  862.000  9.677184e-01 
  863.000  9.675925e-01 
  864.000  9.682799e-01 
  865.000  9.682799e-01 
  866.000  9.683527e-01 
  867.000  9.685534e-01 
  868.000  9.685874e-01 
  869.000  9.686992e-01 
  870.000  9.688308e-01 
  871.000  9.690867e-01 
  872.000  9.693234e-01 
  873.000  9.692615e-01 
  874.000  9.692615e-01 
  875.000  9.697778e-01 
  876.000  9.698966e-01 
  877.000  9.698537e-01 
  878.000  9.697989e-01 
  879.000  9.697960e-01 
  880.000  9.703657e-01 
  881.000  9.703657e-01 
  882.000  9.691613e-01 
  883.000  9.696090e-01 
  884.000  9.698366e-01 
  885.000  9.701959e-01 
  886.000  9.626257e-01 
  887.000  9.697443e-01 
  888.000  9.697443e-01 
  889.000  9.679812e-01 
  890.000  9.639000e-01 
  891.000  9.698761e-01 
  892.000  9.629593e-01 
  893.000  9.449182e-01 
  894.000  9.449182e-01 
  895.000  9.090169e-01 
  896.000  8.736811e-01 
  897.000  7.596807e-01 
  898.000  8.644107e-01 
  899.000  6.849459e-01 
  900.000  6.849459e-01 
  901.000  7.269524e-01 
  902.000  7.663474e-01 
  903.000  8.113509e-01 
  904.000  9.193351e-01 
  905.000  9.008565e-01 
  906.000  9.008565e-01 
  907.000  7.687461e-01 
  908.000  7.558610e-01 
  909.000  7.577224e-01 
  910.000  7.268322e-01 
  911.000  7.268322e-01 
  912.000  8.434001e-01 
  913.000  7.812379e-01 
  914.000  7.480692e-01 
  915.000  7.018234e-01 
  916.000  7.018234e-01 
  917.000  8.336534e-01 
  918.000  7.217211e-01 
  919.000  8.222901e-01 
  920.000  9.140625e-01 
  921.000  9.140625e-01 
  922.000  8.831922e-01 
  923.000  8.809044e-01 
  924.000  8.481404e-01 
  925.000  8.481404e-01 
  926.000  8.639062e-01 
  927.000  8.760503e-01 
  928.000  7.264147e-01 
  929.000  6.961365e-01 
  930.000  6.961365e-01 
  931.000  5.648124e-01 
  932.000  3.816889e-01 
  933.000  3.699651e-01 
  934.000  3.699651e-01 
  935.000  3.574789e-01 
  936.000  3.292065e-01 
  937.000  2.847201e-01 
  938.000  2.847201e-01 
  939.000  4.426844e-01 
  940.000  5.862731e-01 
  941.000  5.354877e-01 
  942.000  5.354877e-01 
  943.000  4.327155e-01 
  944.000  4.443558e-01 
  945.000  5.169071e-01 
  946.000  5.169071e-01 
  947.000  4.410712e-01 
  948.000  4.752568e-01 
  949.000  5.393405e-01 
  950.000  5.393405e-01 
  951.000  5.727868e-01 
  952.000  4.215418e-01 
  953.000  5.880703e-01 
  954.000  5.880703e-01 
  955.000  5.893060e-01 
  956.000  4.668165e-01 
  957.000  6.521679e-01 
  958.000  6.521679e-01 
  959.000  5.174133e-01 
  960.000  6.016055e-01 
  961.000  6.016055e-01 
  962.000  6.681639e-01 
  963.000  7.203038e-01 
  964.000  6.154761e-01 
  965.000  6.154761e-01 
  966.000  6.973208e-01 
  967.000  8.048896e-01 
  968.000  8.048896e-01 
  969.000  8.316646e-01 
  970.000  8.808867e-01 
  971.000  9.033111e-01 
  972.000  9.033111e-01 
  973.000  8.751866e-01 
  974.000  7.725001e-01 
  975.000  7.725001e-01 
  976.000  7.591341e-01 
  977.000  8.567734e-01 
  978.000  8.413617e-01 
  979.000  8.413617e-01 
  980.000  8.417924e-01 
  981.000  9.328926e-01 
  982.000  9.328926e-01 
  983.000  9.047608e-01 
  984.000  9.293818e-01 
  985.000  9.293818e-01 
  986.000  9.667743e-01 
  987.000  9.523609e-01 
  988.000  9.523609e-01 
  989.000  9.745768e-01 
  990.000  9.654355e-01 
  991.000  9.654355e-01 
  992.000  9.717314e-01 
  993.000  9.705001e-01 
  994.000  9.705001e-01 
  995.000  9.799353e-01 
  996.000  9.801593e-01 
  997.000  9.801593e-01 
  998.000  9.802464e-01 
  999.000  9.795325e-01 
 1000.000  9.795325e-01 
 1001.000  9.800214e-01 
 1002.000  9.674124e-01 
 1003.000  9.674124e-01 
 1004.000  9.801328e-01 
 1005.000  9.807546e-01 
 1006.000  9.807546e-01 
 1007.000  9.812114e-01 
 1008.000  9.787873e-01 
 1009.000  9.787873e-01 
 1010.000  9.694330e-01 
 1011.000  9.812904e-01 
 1012.000  9.812904e-01 
 1013.000  9.818202e-01 
 1014.000  9.815190e-01 
 1015.000  9.815190e-01 
 1016.000  9.821982e-01 
 1017.000  9.815609e-01 
 1018.000  9.815609e-01 
 1019.000  9.807557e-01 
 1020.000  9.825718e-01 
 1021.000  9.825718e-01 
 1022.000  9.810362e-01 
 1023.000  9.810362e-01 
 1024.000  9.806663e-01 
 1025.000  9.827691e-01 
 1026.000  9.827691e-01 
 1027.000  9.818584e-01 
 1028.000  9.829829e-01 
 1029.000  9.829829e-01 
 1030.000  9.834818e-01 
 1031.000  9.833302e-01 
 1032.000  9.833302e-01 
 1033.000  9.835017e-01 
 1034.000  9.835017e-01 
 1035.000  9.837203e-01 
 1036.000  9.830400e-01 
 1037.000  9.830400e-01 
 1038.000  9.829888e-01 
 1039.000  9.822797e-01 
 1040.000  9.822797e-01 
 1041.000  9.817600e-01 
 1042.000  9.817600e-01 
 1043.000  9.811107e-01 
 1044.000  9.800912e-01 
 1045.000  9.800912e-01 
 1046.000  9.786730e-01 
 1047.000  9.786730e-01 
 1048.000  9.772471e-01 
 1049.000  9.743327e-01 
 1050.000  9.743327e-01 
 1051.000  9.730912e-01 
 1052.000  9.730912e-01 
 1053.000  9.711292e-01 
 1054.000  9.694536e-01 
 1055.000  9.694536e-01 
 1056.000  9.674972e-01 
 1057.000  9.674972e-01 
 1058.000  9.657649e-01 
 1059.000  9.640548e-01 
 1060.000  9.640548e-01 
 1061.000  9.629746e-01 
 1062.000  9.629746e-01 
 1063.000  9.609447e-01 
 1064.000  9.594908e-01 
 1065.000  9.594908e-01 
 1066.000  9.617706e-01 
 1067.000  9.617706e-01 
 1068.000  9.602449e-01 
 1069.000  9.614768e-01 
 1070.000  9.614768e-01 
 1071.000  9.644384e-01 
 1072.000  9.644384e-01 
 1073.000  9.663303e-01 
 1074.000  9.663303e-01 
 1075.000  9.599229e-01 
 1076.000  9.594312e-01 
 1077.000  9.594312e-01 
 1078.000  9.680486e-01 
 1079.000  9.680486e-01 
 1080.000  9.609004e-01 
 1081.000  9.609004e-01 
 1082.000  9.660293e-01 
 1083.000  9.597607e-01 
 1084.000  9.597607e-01 
 1085.000  9.475914e-01 
 1086.000  9.475914e-01 
 1087.000  9.664066e-01 
 1088.000  9.664066e-01 
 1089.000  9.576440e-01 
 1090.000  9.533189e-01 
 1091.000  9.533189e-01 
 1092.000  9.391729e-01 
 1093.000  9.391729e-01 
 1094.000  9.388703e-01 
 1095.000  9.388703e-01 
 1096.000  9.306079e-01 
 1097.000  9.306079e-01 
 1098.000  9.118540e-01 
 1099.000  8.554102e-01 
 1100.000  8.554102e-01 
 1101.000  8.579131e-01 
 1102.000  8.579131e-01 
 1103.000  8.351012e-01 
 1104.000  8.351012e-01 
 1105.000  8.173408e-01 
 1106.000  8.173408e-01 
 1107.000  8.164743e-01 
 1108.000  8.164743e-01 
 1109.000  7.741280e-01 
 1110.000  7.408159e-01 
 1111.000  7.408159e-01 
 1112.000  6.917317e-01 
 1113.000  6.917317e-01 
 1114.000  6.048526e-01 
 1115.000  6.048526e-01 
 1116.000  3.626457e-01 
 1117.000  3.626457e-01 
 1118.000  4.652672e-01 
 1119.000  4.652672e-01 
 1120.000  3.823414e-01 
 1121.000  3.823414e-01 
 1122.000  2.162834e-01 
 1123.000  4.306204e-01 
 1124.000  4.306204e-01 
 1125.000  2.411190e-01 
 1126.000  2.411190e-01 
 1127.000  2.968630e-01 
 1128.000  2.968630e-01 
 1129.000  2.844649e-01 
 1130.000  2.844649e-01 
 1131.000  5.862850e-01 
 1132.000  5.862850e-01 
 1133.000  2.914724e-01 
 1134.000  2.914724e-01 
 1135.000  1.686175e-01 
 1136.000  1.686175e-01 
 1137.000  5.795516e-01 
 1138.000  5.795516e-01 
 1139.000  5.414897e-01 
 1140.000  5.414897e-01 
 1141.000  5.252514e-01 
 1142.000  5.252514e-01 
 1143.000  5.569895e-01 
 1144.000  5.569895e-01 
 1145.000  3.341307e-01 
 1146.000  3.341307e-01 
 1147.000  3.275264e-01 
 1148.000  3.275264e-01 
 1149.000  4.583260e-01 
 1150.000  4.583260e-01 
 1151.000  5.466716e-01 
 1152.000  5.466716e-01 
 1153.000  5.019715e-01 
 1154.000  5.019715e-01 
 1155.000  5.557123e-01 
 1156.000  5.557123e-01 
 1157.000  6.578839e-01 
 1158.000  6.578839e-01 
 1159.000  7.458601e-01 
 1160.000  7.458601e-01 
 1161.000  7.224970e-01 
 1162.000  7.224970e-01 
 1163.000  8.157202e-01 
 1164.000  8.157202e-01 
 1165.000  7.812974e-01 
 1166.000  7.812974e-01 
 1167.000  8.440574e-01 
 1168.000  8.440574e-01 
 1169.000  8.614343e-01 
 1170.000  8.614343e-01 
 1171.000  8.773605e-01 
 1172.000  8.773605e-01 
 1173.000  7.752169e-01 
 1174.000  7.752169e-01 
 1175.000  9.347082e-01 
 1176.000  9.347082e-01 
 1177.000  8.373956e-01 
 1178.000  8.373956e-01 
 1179.000  9.099873e-01 
 1180.000  9.099873e-01 
 1181.000  7.753937e-01 
 1182.000  7.753937e-01 
 1183.000  8.727203e-01 
 1184.000  8.727203e-01 
 1185.000  9.014225e-01 
 1186.000  9.014225e-01 
 1187.000  8.062152e-01 
 1188.000  8.062152e-01 
 1189.000  8.062152e-01 
 1190.000  8.749591e-01 
 1191.000  8.749591e-01 
 1192.000  9.397864e-01 
 1193.000  9.397864e-01 
 1194.000  8.931388e-01 
 1195.000  8.931388e-01 
 1196.000  9.084736e-01 
 1197.000  9.084736e-01 
 1198.000  8.650151e-01 
 1199.000  8.650151e-01 
 1200.000  8.637152e-01 
