  250.000  0.000000e+00 
  251.000  0.000000e+00 
  252.000  0.000000e+00 
  253.000  0.000000e+00 
  254.000  0.000000e+00 
  255.000  0.000000e+00 
  256.000  0.000000e+00 
  257.000  0.000000e+00 
  258.000  0.000000e+00 
  259.000  0.000000e+00 
  260.000  0.000000e+00 
  261.000  0.000000e+00 
  262.000  0.000000e+00 
  263.000  0.000000e+00 
  264.000  0.000000e+00 
  265.000  0.000000e+00 
  266.000  0.000000e+00 
  267.000  0.000000e+00 
  268.000  0.000000e+00 
  269.000  0.000000e+00 
  270.000  0.000000e+00 
  271.000  0.000000e+00 
  272.000  0.000000e+00 
  273.000  0.000000e+00 
  274.000  0.000000e+00 
  275.000  0.000000e+00 
  276.000  0.000000e+00 
  277.000  0.000000e+00 
  278.000  0.000000e+00 
  279.000  0.000000e+00 
  280.000  0.000000e+00 
  281.000  0.000000e+00 
  282.000  0.000000e+00 
  283.000  0.000000e+00 
  284.000  0.000000e+00 
  285.000  0.000000e+00 
  286.000  0.000000e+00 
  287.000  0.000000e+00 
  288.000  0.000000e+00 
  289.000  0.000000e+00 
  290.000  0.000000e+00 
  291.000  0.000000e+00 
  292.000  2.847103e-05 
  293.000  7.799968e-05 
  294.000  2.446293e-04 
  295.000  5.108239e-04 
  296.000  1.436824e-03 
  297.000  2.670348e-03 
  298.000  5.600828e-03 
  299.000  9.273555e-03 
  300.000  1.564231e-02 
  301.000  2.399995e-02 
  302.000  3.424941e-02 
  303.000  5.251699e-02 
  304.000  6.145233e-02 
  305.000  8.694004e-02 
  306.000  1.053400e-01 
  307.000  1.335540e-01 
  308.000  1.552622e-01 
  309.000  1.786728e-01 
  310.000  2.149816e-01 
  311.000  2.312205e-01 
  312.000  2.572481e-01 
  313.000  2.878278e-01 
  314.000  3.005126e-01 
  315.000  3.359076e-01 
  316.000  3.450339e-01 
  317.000  3.711706e-01 
  318.000  3.861720e-01 
  319.000  4.258716e-01 
  320.000  4.001197e-01 
  321.000  4.577456e-01 
  322.000  4.345561e-01 
  323.000  4.608307e-01 
  324.000  4.969890e-01 
  325.000  4.711677e-01 
  326.000  5.071326e-01 
  327.000  5.180557e-01 
  328.000  4.994112e-01 
  329.000  5.390401e-01 
  330.000  5.455377e-01 
  331.000  5.287247e-01 
  332.000  5.554116e-01 
  333.000  5.609028e-01 
  334.000  5.567841e-01 
  335.000  5.732638e-01 
  336.000  5.796305e-01 
  337.000  5.750377e-01 
  338.000  5.854547e-01 
  339.000  5.928417e-01 
  340.000  5.914187e-01 
  341.000  5.996690e-01 
  342.000  6.052689e-01 
  343.000  6.086454e-01 
  344.000  6.071324e-01 
  345.000  6.158506e-01 
  346.000  6.200751e-01 
  347.000  6.235097e-01 
  348.000  6.272415e-01 
  349.000  6.316969e-01 
  350.000  6.351473e-01 
  351.000  6.391814e-01 
  352.000  6.424386e-01 
  353.000  6.463145e-01 
  354.000  6.490797e-01 
  355.000  6.520932e-01 
  356.000  6.558961e-01 
  357.000  6.583644e-01 
  358.000  6.611226e-01 
  359.000  6.638334e-01 
  360.000  6.664669e-01 
  361.000  6.692020e-01 
  362.000  6.733820e-01 
  363.000  6.769128e-01 
  364.000  6.804138e-01 
  365.000  6.833301e-01 
  366.000  6.865681e-01 
  367.000  6.896013e-01 
  368.000  6.924826e-01 
  369.000  6.949010e-01 
  370.000  6.977665e-01 
  371.000  7.007852e-01 
  372.000  7.032627e-01 
  373.000  7.063068e-01 
  374.000  7.091945e-01 
  375.000  7.115286e-01 
  376.000  7.139372e-01 
  377.000  7.166920e-01 
  378.000  7.188255e-01 
  379.000  7.211279e-01 
  380.000  7.233233e-01 
  381.000  7.257199e-01 
  382.000  7.289025e-01 
  383.000  7.321355e-01 
  384.000  7.343275e-01 
  385.000  7.371392e-01 
  386.000  7.393832e-01 
  387.000  7.420159e-01 
  388.000  7.440801e-01 
  389.000  7.461766e-01 
  390.000  7.487924e-01 
  391.000  7.509360e-01 
  392.000  7.527197e-01 
  393.000  7.557252e-01 
  394.000  7.577826e-01 
  395.000  7.597705e-01 
  396.000  7.622688e-01 
  397.000  7.645379e-01 
  398.000  7.661003e-01 
  399.000  7.682645e-01 
  400.000  7.700930e-01 
  401.000  7.725248e-01 
  402.000  7.747102e-01 
  403.000  7.769434e-01 
  404.000  7.784150e-01 
  405.000  7.804588e-01 
  406.000  7.823969e-01 
  407.000  7.848926e-01 
  408.000  7.860962e-01 
  409.000  7.878542e-01 
  410.000  7.897235e-01 
  411.000  7.918047e-01 
  412.000  7.939675e-01 
  413.000  7.951165e-01 
  414.000  7.973297e-01 
  415.000  7.990609e-01 
  416.000  8.013020e-01 
  417.000  8.026080e-01 
  418.000  8.040853e-01 
  419.000  8.061984e-01 
  420.000  8.076075e-01 
  421.000  8.092467e-01 
  422.000  8.105839e-01 
  423.000  8.124324e-01 
  424.000  8.138361e-01 
  425.000  8.159704e-01 
  426.000  8.175618e-01 
  427.000  8.190176e-01 
  428.000  8.203331e-01 
  429.000  8.222654e-01 
  430.000  8.238439e-01 
  431.000  8.244395e-01 
  432.000  8.266642e-01 
  433.000  8.281823e-01 
  434.000  8.291582e-01 
  435.000  8.301637e-01 
  436.000  8.319448e-01 
  437.000  8.342541e-01 
  438.000  8.354214e-01 
  439.000  8.356631e-01 
  440.000  8.373879e-01 
  441.000  8.388901e-01 
  442.000  8.406077e-01 
  443.000  8.414223e-01 
  444.000  8.427541e-01 
  445.000  8.430067e-01 
  446.000  8.445742e-01 
  447.000  8.465332e-01 
  448.000  8.465697e-01 
  449.000  8.487892e-01 
  450.000  8.505766e-01 
  451.000  8.516306e-01 
  452.000  8.524940e-01 
  453.000  8.537878e-01 
  454.000  8.555959e-01 
  455.000  8.561895e-01 
  456.000  8.572019e-01 
  457.000  8.583850e-01 
  458.000  8.590849e-01 
  459.000  8.601408e-01 
  460.000  8.607431e-01 
  461.000  8.618454e-01 
  462.000  8.633868e-01 
  463.000  8.634375e-01 
  464.000  8.649518e-01 
  465.000  8.659922e-01 
  466.000  8.678548e-01 
  467.000  8.684148e-01 
  468.000  8.694979e-01 
  469.000  8.702126e-01 
  470.000  8.711239e-01 
  471.000  8.723472e-01 
  472.000  8.727381e-01 
  473.000  8.729890e-01 
  474.000  8.723904e-01 
  475.000  8.724018e-01 
  476.000  8.728526e-01 
  477.000  8.732076e-01 
  478.000  8.736777e-01 
  479.000  8.746268e-01 
  480.000  8.757906e-01 
  481.000  8.778312e-01 
  482.000  8.794808e-01 
  483.000  8.809815e-01 
  484.000  8.817295e-01 
  485.000  8.822238e-01 
  486.000  8.827605e-01 
  487.000  8.841208e-01 
  488.000  8.847491e-01 
  489.000  8.852262e-01 
  490.000  8.865977e-01 
  491.000  8.873966e-01 
  492.000  8.881095e-01 
  493.000  8.888084e-01 
  494.000  8.892717e-01 
  495.000  8.898113e-01 
  496.000  8.901197e-01 
  497.000  8.906960e-01 
  498.000  8.911036e-01 
  499.000  8.916069e-01 
  500.000  8.919265e-01 
  501.000  8.917459e-01 
  502.000  8.906780e-01 
  503.000  8.894218e-01 
  504.000  8.874687e-01 
  505.000  8.903298e-01 
  506.000  8.903669e-01 
  507.000  8.904451e-01 
  508.000  8.925843e-01 
  509.000  8.939143e-01 
  510.000  8.953949e-01 
  511.000  8.961013e-01 
  512.000  8.966964e-01 
  513.000  8.979739e-01 
  514.000  8.984432e-01 
  515.000  8.993476e-01 
  516.000  8.996483e-01 
  517.000  9.002181e-01 
  518.000  9.003202e-01 
  519.000  9.006389e-01 
  520.000  9.008011e-01 
  521.000  9.011889e-01 
  522.000  9.012569e-01 
  523.000  9.013612e-01 
  524.000  9.013382e-01 
  525.000  9.008954e-01 
  526.000  9.009084e-01 
  527.000  9.006559e-01 
  528.000  9.004428e-01 
  529.000  9.001188e-01 
  530.000  9.000307e-01 
  531.000  9.002261e-01 
  532.000  9.003797e-01 
  533.000  9.007151e-01 
  534.000  9.011292e-01 
  535.000  9.014114e-01 
  536.000  9.018910e-01 
  537.000  9.023790e-01 
  538.000  9.026363e-01 
  539.000  9.026481e-01 
  540.000  9.030179e-01 
  541.000  9.013687e-01 
  542.000  9.021634e-01 
  543.000  9.032988e-01 
  544.000  9.036627e-01 
  545.000  9.027329e-01 
  546.000  9.021309e-01 
  547.000  9.036100e-01 
  548.000  9.048982e-01 
  549.000  9.051184e-01 
  550.000  9.052069e-01 
  551.000  9.060656e-01 
  552.000  9.061679e-01 
  553.000  9.063901e-01 
  554.000  9.066238e-01 
  555.000  9.067886e-01 
  556.000  9.065030e-01 
  557.000  9.060448e-01 
  558.000  9.056726e-01 
  559.000  9.051707e-01 
  560.000  9.047109e-01 
  561.000  9.043408e-01 
  562.000  9.040926e-01 
  563.000  9.036500e-01 
  564.000  9.032008e-01 
  565.000  9.028155e-01 
  566.000  9.026014e-01 
  567.000  9.019411e-01 
  568.000  9.012566e-01 
  569.000  8.966957e-01 
  570.000  8.956981e-01 
  571.000  8.977541e-01 
  572.000  8.949646e-01 
  573.000  8.966897e-01 
  574.000  8.951339e-01 
  575.000  8.963844e-01 
  576.000  8.959745e-01 
  577.000  8.961855e-01 
  578.000  8.985635e-01 
  579.000  8.997221e-01 
  580.000  9.008917e-01 
  581.000  9.025385e-01 
  582.000  9.038655e-01 
  583.000  9.052544e-01 
  584.000  9.069363e-01 
  585.000  9.072528e-01 
  586.000  9.081703e-01 
  587.000  9.080451e-01 
  588.000  9.063868e-01 
  589.000  8.898503e-01 
  590.000  8.895403e-01 
  591.000  8.956411e-01 
  592.000  8.833601e-01 
  593.000  9.036149e-01 
  594.000  8.935086e-01 
  595.000  8.998386e-01 
  596.000  9.029404e-01 
  597.000  9.028616e-01 
  598.000  9.033176e-01 
  599.000  9.069440e-01 
  600.000  9.076093e-01 
  601.000  9.099886e-01 
  602.000  9.111016e-01 
  603.000  9.115109e-01 
  604.000  9.123098e-01 
  605.000  9.126708e-01 
  606.000  9.136373e-01 
  607.000  9.144719e-01 
  608.000  9.154517e-01 
  609.000  9.158533e-01 
  610.000  9.166512e-01 
  611.000  9.172955e-01 
  612.000  9.182459e-01 
  613.000  9.190357e-01 
  614.000  9.196087e-01 
  615.000  9.202760e-01 
  616.000  9.212324e-01 
  617.000  9.219259e-01 
  618.000  9.223912e-01 
  619.000  9.230820e-01 
  620.000  9.236985e-01 
  621.000  9.241515e-01 
  622.000  9.243530e-01 
  623.000  9.248039e-01 
  624.000  9.249573e-01 
  625.000  9.252094e-01 
  626.000  9.252567e-01 
  627.000  9.248422e-01 
  628.000  9.086834e-01 
  629.000  9.163179e-01 
  630.000  9.217653e-01 
  631.000  9.259554e-01 
  632.000  9.262741e-01 
  633.000  9.279891e-01 
  634.000  9.296446e-01 
  635.000  9.304157e-01 
  636.000  9.316069e-01 
  637.000  9.332849e-01 
  638.000  9.353219e-01 
  639.000  9.362269e-01 
  640.000  9.370556e-01 
  641.000  9.378175e-01 
  642.000  9.392625e-01 
  643.000  9.390657e-01 
  644.000  9.402062e-01 
  645.000  9.402443e-01 
  646.000  9.360113e-01 
  647.000  9.293879e-01 
  648.000  9.229475e-01 
  649.000  9.287018e-01 
  650.000  9.409724e-01 
  651.000  9.425599e-01 
  652.000  9.390121e-01 
  653.000  9.431723e-01 
  654.000  9.432000e-01 
  655.000  9.299927e-01 
  656.000  9.392716e-01 
  657.000  9.418209e-01 
  658.000  9.464668e-01 
  659.000  9.491841e-01 
  660.000  9.488412e-01 
  661.000  9.503820e-01 
  662.000  9.504784e-01 
  663.000  9.503955e-01 
  664.000  9.513589e-01 
  665.000  9.518822e-01 
  666.000  9.524786e-01 
  667.000  9.533131e-01 
  668.000  9.536623e-01 
  669.000  9.542391e-01 
  670.000  9.546367e-01 
  671.000  9.553344e-01 
  672.000  9.554831e-01 
  673.000  9.560641e-01 
  674.000  9.562832e-01 
  675.000  9.568846e-01 
  676.000  9.570514e-01 
  677.000  9.573833e-01 
  678.000  9.578989e-01 
  679.000  9.581692e-01 
  680.000  9.586779e-01 
  681.000  9.587659e-01 
  682.000  9.595965e-01 
  683.000  9.591449e-01 
  684.000  9.597903e-01 
  685.000  9.606543e-01 
  686.000  9.608107e-01 
  687.000  7.290175e-01 
  688.000  8.842609e-01 
  689.000  9.057528e-01 
  690.000  9.244638e-01 
  691.000  9.326904e-01 
  692.000  9.491690e-01 
  693.000  9.318234e-01 
  694.000  9.038574e-01 
  695.000  9.326338e-01 
  696.000  9.247845e-01 
  697.000  9.602208e-01 
  698.000  9.590477e-01 
  699.000  9.434833e-01 
  700.000  9.449279e-01 
  701.000  9.326460e-01 
  702.000  9.384142e-01 
  703.000  9.434432e-01 
  704.000  9.471358e-01 
  705.000  9.481245e-01 
  706.000  9.538016e-01 
  707.000  9.584464e-01 
  708.000  9.616896e-01 
  709.000  9.618583e-01 
  710.000  9.602768e-01 
  711.000  9.642540e-01 
  712.000  9.617720e-01 
  713.000  9.651279e-01 
  714.000  9.622948e-01 
  715.000  9.542302e-01 
  716.000  9.556057e-01 
  717.000  9.225628e-01 
  718.000  8.405383e-01 
  719.000  7.866451e-01 
  720.000  8.491255e-01 
  721.000  9.405839e-01 
  722.000  9.384314e-01 
  723.000  9.332618e-01 
  724.000  8.325987e-01 
  725.000  8.566716e-01 
  726.000  9.057289e-01 
  727.000  8.837931e-01 
  728.000  8.459001e-01 
  729.000  8.661355e-01 
  730.000  9.121406e-01 
  731.000  8.868475e-01 
  732.000  9.010628e-01 
  733.000  9.390634e-01 
  734.000  9.592807e-01 
  735.000  9.451366e-01 
  736.000  9.548817e-01 
  737.000  9.547790e-01 
  738.000  9.606085e-01 
  739.000  9.622531e-01 
  740.000  9.697688e-01 
  741.000  9.737306e-01 
  742.000  9.740644e-01 
  743.000  9.738495e-01 
  744.000  9.750193e-01 
  745.000  9.757068e-01 
  746.000  9.763685e-01 
  747.000  9.763594e-01 
  748.000  9.766181e-01 
  749.000  9.766745e-01 
  750.000  9.768920e-01 
  751.000  9.769030e-01 
  752.000  9.775447e-01 
  753.000  9.776869e-01 
  754.000  9.777763e-01 
  755.000  9.778561e-01 
  756.000  9.778948e-01 
  757.000  9.783061e-01 
  758.000  9.786042e-01 
  759.000  9.726803e-01 
  760.000  4.713535e-01 
  761.000  3.918494e-01 
  762.000  7.370423e-01 
  763.000  6.516137e-01 
  764.000  6.857725e-01 
  765.000  7.901098e-01 
  766.000  9.050839e-01 
  767.000  9.370761e-01 
  768.000  9.676513e-01 
  769.000  9.758339e-01 
  770.000  9.755704e-01 
  771.000  9.790515e-01 
  772.000  9.801736e-01 
  773.000  9.802308e-01 
  774.000  9.802108e-01 
  775.000  9.803071e-01 
  776.000  9.804127e-01 
  777.000  9.805419e-01 
  778.000  9.806183e-01 
  779.000  9.806951e-01 
  780.000  9.807591e-01 
  781.000  9.809726e-01 
  782.000  9.810182e-01 
  783.000  9.812175e-01 
  784.000  9.807707e-01 
  785.000  9.803067e-01 
  786.000  9.776055e-01 
  787.000  9.772768e-01 
  788.000  9.718307e-01 
  789.000  9.716353e-01 
  790.000  9.618761e-01 
  791.000  9.629314e-01 
  792.000  9.669102e-01 
  793.000  9.697561e-01 
  794.000  9.814985e-01 
  795.000  9.771582e-01 
  796.000  9.507439e-01 
  797.000  9.698291e-01 
  798.000  9.716731e-01 
  799.000  9.757387e-01 
  800.000  9.645046e-01 
  801.000  9.591982e-01 
  802.000  9.665371e-01 
  803.000  9.649790e-01 
  804.000  9.644352e-01 
  805.000  9.694386e-01 
  806.000  9.791877e-01 
  807.000  9.731998e-01 
  808.000  9.793108e-01 
  809.000  9.699270e-01 
  810.000  9.651175e-01 
  811.000  9.667867e-01 
  812.000  9.562774e-01 
  813.000  9.365504e-01 
  814.000  9.029876e-01 
  815.000  8.665233e-01 
  816.000  8.944704e-01 
  817.000  7.739902e-01 
  818.000  8.608469e-01 
  819.000  8.930587e-01 
  820.000  8.513755e-01 
  821.000  9.624980e-01 
  822.000  9.460238e-01 
  823.000  7.391246e-01 
  824.000  9.234327e-01 
  825.000  9.537754e-01 
  826.000  9.222753e-01 
  827.000  9.516659e-01 
  828.000  8.743412e-01 
  829.000  9.339236e-01 
  830.000  9.200980e-01 
  831.000  9.266456e-01 
  832.000  9.250927e-01 
  833.000  9.485998e-01 
  834.000  9.488725e-01 
  835.000  9.617774e-01 
  836.000  9.634206e-01 
  837.000  9.626228e-01 
  838.000  9.716318e-01 
  839.000  9.762268e-01 
  840.000  9.773278e-01 
  841.000  9.773278e-01 
  842.000  9.693306e-01 
  843.000  9.844946e-01 
  844.000  9.753464e-01 
  845.000  9.826856e-01 
  846.000  9.845669e-01 
  847.000  9.860160e-01 
  848.000  9.840096e-01 
  849.000  9.849032e-01 
  850.000  9.841595e-01 
  851.000  9.824396e-01 
  852.000  9.857954e-01 
  853.000  9.865057e-01 
  854.000  9.857990e-01 
  855.000  9.857990e-01 
  856.000  9.865137e-01 
  857.000  9.881455e-01 
  858.000  9.866031e-01 
  859.000  9.875966e-01 
  860.000  9.885861e-01 
  861.000  9.881848e-01 
  862.000  9.886569e-01 
  863.000  9.886987e-01 
  864.000  9.889162e-01 
  865.000  9.889162e-01 
  866.000  9.889687e-01 
  867.000  9.890394e-01 
  868.000  9.890512e-01 
  869.000  9.890895e-01 
  870.000  9.890612e-01 
  871.000  9.892234e-01 
  872.000  9.892892e-01 
  873.000  9.891884e-01 
  874.000  9.891884e-01 
  875.000  9.894595e-01 
  876.000  9.895034e-01 
  877.000  9.894091e-01 
  878.000  9.893082e-01 
  879.000  9.892823e-01 
  880.000  9.895957e-01 
  881.000  9.895957e-01 
  882.000  9.886683e-01 
  883.000  9.889704e-01 
  884.000  9.890531e-01 
  885.000  9.892411e-01 
  886.000  9.837978e-01 
  887.000  9.887893e-01 
  888.000  9.887893e-01 
  889.000  9.875287e-01 
  890.000  9.845496e-01 
  891.000  9.887341e-01 
  892.000  9.837444e-01 
  893.000  9.705884e-01 
  894.000  9.705884e-01 
  895.000  9.429070e-01 
  896.000  9.161248e-01 
  897.000  8.149426e-01 
  898.000  9.089592e-01 
  899.000  7.413275e-01 
  900.000  7.413275e-01 
  901.000  7.810923e-01 
  902.000  8.146608e-01 
  903.000  8.563053e-01 
  904.000  9.509404e-01 
  905.000  9.364233e-01 
  906.000  9.364233e-01 
  907.000  8.252286e-01 
  908.000  8.069190e-01 
  909.000  8.139588e-01 
  910.000  7.886015e-01 
  911.000  7.886015e-01 
  912.000  8.929226e-01 
  913.000  8.392242e-01 
  914.000  8.073705e-01 
  915.000  7.616604e-01 
  916.000  7.616604e-01 
  917.000  8.867217e-01 
  918.000  7.821380e-01 
  919.000  8.684013e-01 
  920.000  9.466404e-01 
  921.000  9.466404e-01 
  922.000  9.236829e-01 
  923.000  9.216976e-01 
  924.000  8.970124e-01 
  925.000  8.970124e-01 
  926.000  9.089943e-01 
  927.000  9.186184e-01 
  928.000  7.954391e-01 
  929.000  7.697841e-01 
  930.000  7.697841e-01 
  931.000  6.350644e-01 
  932.000  4.525468e-01 
  933.000  4.611609e-01 
  934.000  4.611609e-01 
  935.000  4.309451e-01 
  936.000  4.016320e-01 
  937.000  3.704511e-01 
  938.000  3.704511e-01 
  939.000  5.251462e-01 
  940.000  6.656282e-01 
  941.000  6.135072e-01 
  942.000  6.135072e-01 
  943.000  5.139105e-01 
  944.000  5.255679e-01 
  945.000  5.970478e-01 
  946.000  5.970478e-01 
  947.000  5.233065e-01 
  948.000  5.460384e-01 
  949.000  6.154748e-01 
  950.000  6.154748e-01 
  951.000  6.380803e-01 
  952.000  5.103778e-01 
  953.000  6.609185e-01 
  954.000  6.609185e-01 
  955.000  6.601729e-01 
  956.000  5.444548e-01 
  957.000  7.157538e-01 
  958.000  7.157538e-01 
  959.000  5.953663e-01 
  960.000  6.807781e-01 
  961.000  6.807781e-01 
  962.000  7.302713e-01 
  963.000  7.881213e-01 
  964.000  6.831177e-01 
  965.000  6.831177e-01 
  966.000  7.608569e-01 
  967.000  8.550674e-01 
  968.000  8.550674e-01 
  969.000  8.779544e-01 
  970.000  9.200454e-01 
  971.000  9.366536e-01 
  972.000  9.366536e-01 
  973.000  9.161357e-01 
  974.000  8.283730e-01 
  975.000  8.283730e-01 
  976.000  8.122970e-01 
  977.000  8.971702e-01 
  978.000  8.845415e-01 
  979.000  8.845415e-01 
  980.000  8.849359e-01 
  981.000  9.591162e-01 
  982.000  9.591162e-01 
  983.000  9.363328e-01 
  984.000  9.563690e-01 
  985.000  9.563690e-01 
  986.000  9.832707e-01 
  987.000  9.729728e-01 
  988.000  9.729728e-01 
  989.000  9.886992e-01 
  990.000  9.821361e-01 
  991.000  9.821361e-01 
  992.000  9.866520e-01 
  993.000  9.857351e-01 
  994.000  9.857351e-01 
  995.000  9.923097e-01 
  996.000  9.924518e-01 
  997.000  9.924518e-01 
  998.000  9.924678e-01 
  999.000  9.919217e-01 
 1000.000  9.919217e-01 
 1001.000  9.922166e-01 
 1002.000  9.832832e-01 
 1003.000  9.832832e-01 
 1004.000  9.922392e-01 
 1005.000  9.926667e-01 
 1006.000  9.926667e-01 
 1007.000  9.929562e-01 
 1008.000  9.911877e-01 
 1009.000  9.911877e-01 
 1010.000  9.845409e-01 
 1011.000  9.928941e-01 
 1012.000  9.928941e-01 
 1013.000  9.932237e-01 
 1014.000  9.929702e-01 
 1015.000  9.929702e-01 
 1016.000  9.934217e-01 
 1017.000  9.929243e-01 
 1018.000  9.929243e-01 
 1019.000  9.923208e-01 
 1020.000  9.935719e-01 
 1021.000  9.935719e-01 
 1022.000  9.924443e-01 
 1023.000  9.924443e-01 
 1024.000  9.921643e-01 
 1025.000  9.936197e-01 
 1026.000  9.936197e-01 
 1027.000  9.929584e-01 
 1028.000  9.937419e-01 
 1029.000  9.937419e-01 
 1030.000  9.940940e-01 
 1031.000  9.939976e-01 
 1032.000  9.939976e-01 
 1033.000  9.941479e-01 
 1034.000  9.941479e-01 
 1035.000  9.943514e-01 
 1036.000  9.941143e-01 
 1037.000  9.941143e-01 
 1038.000  9.940971e-01 
 1039.000  9.938309e-01 
 1040.000  9.938309e-01 
 1041.000  9.936666e-01 
 1042.000  9.936666e-01 
 1043.000  9.934415e-01 
 1044.000  9.930850e-01 
 1045.000  9.930850e-01 
 1046.000  9.925889e-01 
 1047.000  9.925889e-01 
 1048.000  9.920896e-01 
 1049.000  9.910678e-01 
 1050.000  9.910678e-01 
 1051.000  9.906314e-01 
 1052.000  9.906314e-01 
 1053.000  9.899414e-01 
 1054.000  9.893473e-01 
 1055.000  9.893473e-01 
 1056.000  9.886609e-01 
 1057.000  9.886609e-01 
 1058.000  9.880449e-01 
 1059.000  9.874436e-01 
 1060.000  9.874436e-01 
 1061.000  9.870591e-01 
 1062.000  9.870591e-01 
 1063.000  9.862613e-01 
 1064.000  9.854732e-01 
 1065.000  9.854732e-01 
 1066.000  9.866242e-01 
 1067.000  9.866242e-01 
 1068.000  9.858565e-01 
 1069.000  9.857247e-01 
 1070.000  9.857247e-01 
 1071.000  9.871681e-01 
 1072.000  9.871681e-01 
 1073.000  9.878461e-01 
 1074.000  9.878461e-01 
 1075.000  9.823949e-01 
 1076.000  9.812747e-01 
 1077.000  9.812747e-01 
 1078.000  9.865810e-01 
 1079.000  9.865810e-01 
 1080.000  9.807857e-01 
 1081.000  9.807857e-01 
 1082.000  9.836103e-01 
 1083.000  9.783880e-01 
 1084.000  9.783880e-01 
 1085.000  9.694148e-01 
 1086.000  9.694148e-01 
 1087.000  9.822354e-01 
 1088.000  9.822354e-01 
 1089.000  9.753230e-01 
 1090.000  9.719014e-01 
 1091.000  9.719014e-01 
 1092.000  9.611440e-01 
 1093.000  9.611440e-01 
 1094.000  9.612397e-01 
 1095.000  9.612397e-01 
 1096.000  9.549993e-01 
 1097.000  9.549993e-01 
 1098.000  9.411066e-01 
 1099.000  8.964968e-01 
 1100.000  8.964968e-01 
 1101.000  8.981749e-01 
 1102.000  8.981749e-01 
 1103.000  8.804683e-01 
 1104.000  8.804683e-01 
 1105.000  8.662396e-01 
 1106.000  8.662396e-01 
 1107.000  8.648404e-01 
 1108.000  8.648404e-01 
 1109.000  8.306023e-01 
 1110.000  7.907305e-01 
 1111.000  7.907305e-01 
 1112.000  7.539631e-01 
 1113.000  7.539631e-01 
 1114.000  6.701803e-01 
 1115.000  6.701803e-01 
 1116.000  4.372257e-01 
 1117.000  4.372257e-01 
 1118.000  5.447648e-01 
 1119.000  5.447648e-01 
 1120.000  4.655546e-01 
 1121.000  4.655546e-01 
 1122.000  2.834601e-01 
 1123.000  5.084384e-01 
 1124.000  5.084384e-01 
 1125.000  3.200164e-01 
 1126.000  3.200164e-01 
 1127.000  3.808225e-01 
 1128.000  3.808225e-01 
 1129.000  3.746646e-01 
 1130.000  3.746646e-01 
 1131.000  6.630886e-01 
 1132.000  6.630886e-01 
 1133.000  3.771608e-01 
 1134.000  3.771608e-01 
 1135.000  2.230726e-01 
 1136.000  2.230726e-01 
 1137.000  6.643250e-01 
 1138.000  6.643250e-01 
 1139.000  6.173163e-01 
 1140.000  6.173163e-01 
 1141.000  6.010078e-01 
 1142.000  6.010078e-01 
 1143.000  6.332030e-01 
 1144.000  6.332030e-01 
 1145.000  4.246503e-01 
 1146.000  4.246503e-01 
 1147.000  4.100632e-01 
 1148.000  4.100632e-01 
 1149.000  5.328370e-01 
 1150.000  5.328370e-01 
 1151.000  6.295899e-01 
 1152.000  6.295899e-01 
 1153.000  5.836249e-01 
 1154.000  5.836249e-01 
 1155.000  6.353179e-01 
 1156.000  6.353179e-01 
 1157.000  7.184789e-01 
 1158.000  7.184789e-01 
 1159.000  8.088151e-01 
 1160.000  8.088151e-01 
 1161.000  7.899252e-01 
 1162.000  7.899252e-01 
 1163.000  8.634483e-01 
 1164.000  8.634483e-01 
 1165.000  8.362325e-01 
 1166.000  8.362325e-01 
 1167.000  8.874502e-01 
 1168.000  8.874502e-01 
 1169.000  9.025816e-01 
 1170.000  9.025816e-01 
 1171.000  9.131839e-01 
 1172.000  9.131839e-01 
 1173.000  8.311003e-01 
 1174.000  8.311003e-01 
 1175.000  9.576672e-01 
 1176.000  9.576672e-01 
 1177.000  8.798023e-01 
 1178.000  8.798023e-01 
 1179.000  9.367281e-01 
 1180.000  9.367281e-01 
 1181.000  8.253388e-01 
 1182.000  8.253388e-01 
 1183.000  9.069319e-01 
 1184.000  9.069319e-01 
 1185.000  9.323291e-01 
 1186.000  9.323291e-01 
 1187.000  8.472529e-01 
 1188.000  8.472529e-01 
 1189.000  8.472529e-01 
 1190.000  9.075595e-01 
 1191.000  9.075595e-01 
 1192.000  9.609635e-01 
 1193.000  9.609635e-01 
 1194.000  9.223707e-01 
 1195.000  9.223707e-01 
 1196.000  9.376708e-01 
 1197.000  9.376708e-01 
 1198.000  9.018024e-01 
 1199.000  9.018024e-01 
 1200.000  8.987138e-01 
