  250.000  0.000000e+00 
  251.000  0.000000e+00 
  252.000  0.000000e+00 
  253.000  0.000000e+00 
  254.000  0.000000e+00 
  255.000  0.000000e+00 
  256.000  0.000000e+00 
  257.000  0.000000e+00 
  258.000  0.000000e+00 
  259.000  0.000000e+00 
  260.000  0.000000e+00 
  261.000  0.000000e+00 
  262.000  0.000000e+00 
  263.000  0.000000e+00 
  264.000  0.000000e+00 
  265.000  0.000000e+00 
  266.000  0.000000e+00 
  267.000  0.000000e+00 
  268.000  0.000000e+00 
  269.000  0.000000e+00 
  270.000  0.000000e+00 
  271.000  0.000000e+00 
  272.000  0.000000e+00 
  273.000  0.000000e+00 
  274.000  0.000000e+00 
  275.000  0.000000e+00 
  276.000  0.000000e+00 
  277.000  0.000000e+00 
  278.000  0.000000e+00 
  279.000  0.000000e+00 
  280.000  0.000000e+00 
  281.000  0.000000e+00 
  282.000  0.000000e+00 
  283.000  0.000000e+00 
  284.000  0.000000e+00 
  285.000  0.000000e+00 
  286.000  0.000000e+00 
  287.000  0.000000e+00 
  288.000  0.000000e+00 
  289.000  0.000000e+00 
  290.000  0.000000e+00 
  291.000  0.000000e+00 
  292.000  3.508543e-11 
  293.000  3.562979e-10 
  294.000  4.938206e-09 
  295.000  2.685490e-08 
  296.000  2.897530e-07 
  297.000  1.205329e-06 
  298.000  6.621859e-06 
  299.000  2.111865e-05 
  300.000  7.028969e-05 
  301.000  1.881411e-04 
  302.000  4.262870e-04 
  303.000  1.139435e-03 
  304.000  1.635453e-03 
  305.000  3.632499e-03 
  306.000  5.648904e-03 
  307.000  9.750134e-03 
  308.000  1.378640e-02 
  309.000  1.904295e-02 
  310.000  2.914225e-02 
  311.000  3.445564e-02 
  312.000  4.403620e-02 
  313.000  5.701710e-02 
  314.000  6.296282e-02 
  315.000  8.134026e-02 
  316.000  8.651314e-02 
  317.000  1.023338e-01 
  318.000  1.120974e-01 
  319.000  1.403915e-01 
  320.000  1.216289e-01 
  321.000  1.657432e-01 
  322.000  1.470637e-01 
  323.000  1.683237e-01 
  324.000  2.002615e-01 
  325.000  1.771346e-01 
  326.000  2.097875e-01 
  327.000  2.203260e-01 
  328.000  2.025135e-01 
  329.000  2.413951e-01 
  330.000  2.481401e-01 
  331.000  2.309022e-01 
  332.000  2.585916e-01 
  333.000  2.645095e-01 
  334.000  2.600637e-01 
  335.000  2.781092e-01 
  336.000  2.852645e-01 
  337.000  2.800924e-01 
  338.000  2.919003e-01 
  339.000  3.004410e-01 
  340.000  2.987849e-01 
  341.000  3.084584e-01 
  342.000  3.151238e-01 
  343.000  3.191817e-01 
  344.000  3.173597e-01 
  345.000  3.279392e-01 
  346.000  3.331362e-01 
  347.000  3.373955e-01 
  348.000  3.420582e-01 
  349.000  3.476723e-01 
  350.000  3.520556e-01 
  351.000  3.572198e-01 
  352.000  3.614204e-01 
  353.000  3.664553e-01 
  354.000  3.700713e-01 
  355.000  3.740350e-01 
  356.000  3.790711e-01 
  357.000  3.823600e-01 
  358.000  3.860544e-01 
  359.000  3.897049e-01 
  360.000  3.932699e-01 
  361.000  3.969919e-01 
  362.000  4.027183e-01 
  363.000  4.075917e-01 
  364.000  4.124565e-01 
  365.000  4.165338e-01 
  366.000  4.210875e-01 
  367.000  4.253785e-01 
  368.000  4.294774e-01 
  369.000  4.329351e-01 
  370.000  4.370522e-01 
  371.000  4.414133e-01 
  372.000  4.450106e-01 
  373.000  4.494533e-01 
  374.000  4.536912e-01 
  375.000  4.571329e-01 
  376.000  4.606998e-01 
  377.000  4.647987e-01 
  378.000  4.679872e-01 
  379.000  4.714420e-01 
  380.000  4.747497e-01 
  381.000  4.783752e-01 
  382.000  4.832141e-01 
  383.000  4.881579e-01 
  384.000  4.915260e-01 
  385.000  4.958653e-01 
  386.000  4.993442e-01 
  387.000  5.034430e-01 
  388.000  5.066702e-01 
  389.000  5.099595e-01 
  390.000  5.140807e-01 
  391.000  5.174717e-01 
  392.000  5.203031e-01 
  393.000  5.250939e-01 
  394.000  5.283876e-01 
  395.000  5.315811e-01 
  396.000  5.356103e-01 
  397.000  5.392857e-01 
  398.000  5.418227e-01 
  399.000  5.453504e-01 
  400.000  5.483394e-01 
  401.000  5.523300e-01 
  402.000  5.559304e-01 
  403.000  5.596230e-01 
  404.000  5.620641e-01 
  405.000  5.654641e-01 
  406.000  5.686986e-01 
  407.000  5.728799e-01 
  408.000  5.749024e-01 
  409.000  5.778637e-01 
  410.000  5.810221e-01 
  411.000  5.845500e-01 
  412.000  5.882288e-01 
  413.000  5.901885e-01 
  414.000  5.939738e-01 
  415.000  5.969450e-01 
  416.000  6.008021e-01 
  417.000  6.030570e-01 
  418.000  6.056127e-01 
  419.000  6.092799e-01 
  420.000  6.117314e-01 
  421.000  6.145909e-01 
  422.000  6.169294e-01 
  423.000  6.201701e-01 
  424.000  6.226370e-01 
  425.000  6.263992e-01 
  426.000  6.292133e-01 
  427.000  6.317925e-01 
  428.000  6.341288e-01 
  429.000  6.375700e-01 
  430.000  6.403882e-01 
  431.000  6.414535e-01 
  432.000  6.454416e-01 
  433.000  6.481711e-01 
  434.000  6.499292e-01 
  435.000  6.517433e-01 
  436.000  6.549639e-01 
  437.000  6.591530e-01 
  438.000  6.612760e-01 
  439.000  6.617162e-01 
  440.000  6.648623e-01 
  441.000  6.676087e-01 
  442.000  6.707761e-01 
  443.000  6.723048e-01 
  444.000  6.747054e-01 
  445.000  6.752523e-01 
  446.000  6.781611e-01 
  447.000  6.816823e-01 
  448.000  6.817501e-01 
  449.000  6.858671e-01 
  450.000  6.891930e-01 
  451.000  6.911590e-01 
  452.000  6.927716e-01 
  453.000  6.951958e-01 
  454.000  6.985829e-01 
  455.000  6.996982e-01 
  456.000  7.016026e-01 
  457.000  7.038318e-01 
  458.000  7.051525e-01 
  459.000  7.071475e-01 
  460.000  7.082868e-01 
  461.000  7.103747e-01 
  462.000  7.133002e-01 
  463.000  7.133967e-01 
  464.000  7.162777e-01 
  465.000  7.182607e-01 
  466.000  7.218277e-01 
  467.000  7.228920e-01 
  468.000  7.249665e-01 
  469.000  7.263993e-01 
  470.000  7.281735e-01 
  471.000  7.304446e-01 
  472.000  7.312002e-01 
  473.000  7.316809e-01 
  474.000  7.305257e-01 
  475.000  7.305799e-01 
  476.000  7.314156e-01 
  477.000  7.320999e-01 
  478.000  7.330065e-01 
  479.000  7.348393e-01 
  480.000  7.370901e-01 
  481.000  7.410464e-01 
  482.000  7.442530e-01 
  483.000  7.471772e-01 
  484.000  7.486374e-01 
  485.000  7.496437e-01 
  486.000  7.506967e-01 
  487.000  7.533165e-01 
  488.000  7.545488e-01 
  489.000  7.554885e-01 
  490.000  7.581792e-01 
  491.000  7.597530e-01 
  492.000  7.611556e-01 
  493.000  7.625336e-01 
  494.000  7.634478e-01 
  495.000  7.645137e-01 
  496.000  7.651232e-01 
  497.000  7.662630e-01 
  498.000  7.670698e-01 
  499.000  7.680680e-01 
  500.000  7.687078e-01 
  501.000  7.683818e-01 
  502.000  7.664942e-01 
  503.000  7.642740e-01 
  504.000  7.609356e-01 
  505.000  7.658287e-01 
  506.000  7.661997e-01 
  507.000  7.665133e-01 
  508.000  7.704456e-01 
  509.000  7.728812e-01 
  510.000  7.756488e-01 
  511.000  7.770917e-01 
  512.000  7.782562e-01 
  513.000  7.807487e-01 
  514.000  7.816913e-01 
  515.000  7.834901e-01 
  516.000  7.840928e-01 
  517.000  7.852352e-01 
  518.000  7.854401e-01 
  519.000  7.860797e-01 
  520.000  7.864053e-01 
  521.000  7.871843e-01 
  522.000  7.873209e-01 
  523.000  7.875307e-01 
  524.000  7.875131e-01 
  525.000  7.866706e-01 
  526.000  7.866228e-01 
  527.000  7.861609e-01 
  528.000  7.856960e-01 
  529.000  7.850850e-01 
  530.000  7.848751e-01 
  531.000  7.852536e-01 
  532.000  7.855652e-01 
  533.000  7.862334e-01 
  534.000  7.870708e-01 
  535.000  7.876318e-01 
  536.000  7.885969e-01 
  537.000  7.895805e-01 
  538.000  7.900965e-01 
  539.000  7.901797e-01 
  540.000  7.909517e-01 
  541.000  7.880765e-01 
  542.000  7.894869e-01 
  543.000  7.915537e-01 
  544.000  7.922721e-01 
  545.000  7.906278e-01 
  546.000  7.896497e-01 
  547.000  7.923831e-01 
  548.000  7.947683e-01 
  549.000  7.951916e-01 
  550.000  7.954605e-01 
  551.000  7.970295e-01 
  552.000  7.972487e-01 
  553.000  7.976736e-01 
  554.000  7.981462e-01 
  555.000  7.984798e-01 
  556.000  7.979016e-01 
  557.000  7.969742e-01 
  558.000  7.962213e-01 
  559.000  7.952079e-01 
  560.000  7.942837e-01 
  561.000  7.935397e-01 
  562.000  7.930329e-01 
  563.000  7.921408e-01 
  564.000  7.912344e-01 
  565.000  7.904577e-01 
  566.000  7.900265e-01 
  567.000  7.887686e-01 
  568.000  7.874202e-01 
  569.000  7.791218e-01 
  570.000  7.770746e-01 
  571.000  7.806029e-01 
  572.000  7.755870e-01 
  573.000  7.785035e-01 
  574.000  7.756639e-01 
  575.000  7.777707e-01 
  576.000  7.771308e-01 
  577.000  7.776126e-01 
  578.000  7.820314e-01 
  579.000  7.843322e-01 
  580.000  7.866181e-01 
  581.000  7.899261e-01 
  582.000  7.926693e-01 
  583.000  7.954600e-01 
  584.000  7.989516e-01 
  585.000  7.997071e-01 
  586.000  8.015652e-01 
  587.000  8.014138e-01 
  588.000  7.986543e-01 
  589.000  7.706730e-01 
  590.000  7.694473e-01 
  591.000  7.801034e-01 
  592.000  7.598683e-01 
  593.000  7.940512e-01 
  594.000  7.770885e-01 
  595.000  7.872415e-01 
  596.000  7.927089e-01 
  597.000  7.925405e-01 
  598.000  7.933428e-01 
  599.000  7.997805e-01 
  600.000  8.008943e-01 
  601.000  8.052499e-01 
  602.000  8.074042e-01 
  603.000  8.082335e-01 
  604.000  8.097383e-01 
  605.000  8.104842e-01 
  606.000  8.124474e-01 
  607.000  8.141268e-01 
  608.000  8.161342e-01 
  609.000  8.169577e-01 
  610.000  8.185975e-01 
  611.000  8.199198e-01 
  612.000  8.218749e-01 
  613.000  8.235015e-01 
  614.000  8.246830e-01 
  615.000  8.260601e-01 
  616.000  8.280360e-01 
  617.000  8.294705e-01 
  618.000  8.304337e-01 
  619.000  8.318647e-01 
  620.000  8.331430e-01 
  621.000  8.340833e-01 
  622.000  8.345019e-01 
  623.000  8.354388e-01 
  624.000  8.357671e-01 
  625.000  8.362830e-01 
  626.000  8.364056e-01 
  627.000  8.356991e-01 
  628.000  8.043589e-01 
  629.000  8.205209e-01 
  630.000  8.291693e-01 
  631.000  8.378572e-01 
  632.000  8.389213e-01 
  633.000  8.423334e-01 
  634.000  8.457932e-01 
  635.000  8.473053e-01 
  636.000  8.499501e-01 
  637.000  8.535365e-01 
  638.000  8.575615e-01 
  639.000  8.595695e-01 
  640.000  8.612840e-01 
  641.000  8.630473e-01 
  642.000  8.658941e-01 
  643.000  8.656575e-01 
  644.000  8.679379e-01 
  645.000  8.681903e-01 
  646.000  8.603824e-01 
  647.000  8.485320e-01 
  648.000  8.374646e-01 
  649.000  8.478248e-01 
  650.000  8.703421e-01 
  651.000  8.733957e-01 
  652.000  8.668818e-01 
  653.000  8.747953e-01 
  654.000  8.751006e-01 
  655.000  8.520126e-01 
  656.000  8.681583e-01 
  657.000  8.729471e-01 
  658.000  8.817504e-01 
  659.000  8.870742e-01 
  660.000  8.864974e-01 
  661.000  8.895984e-01 
  662.000  8.898298e-01 
  663.000  8.898521e-01 
  664.000  8.917609e-01 
  665.000  8.928731e-01 
  666.000  8.941233e-01 
  667.000  8.958859e-01 
  668.000  8.966401e-01 
  669.000  8.978918e-01 
  670.000  8.987272e-01 
  671.000  9.002383e-01 
  672.000  9.005606e-01 
  673.000  9.018208e-01 
  674.000  9.022962e-01 
  675.000  9.036018e-01 
  676.000  9.039699e-01 
  677.000  9.046855e-01 
  678.000  9.058065e-01 
  679.000  9.063979e-01 
  680.000  9.075193e-01 
  681.000  9.077610e-01 
  682.000  9.095361e-01 
  683.000  9.087402e-01 
  684.000  9.101588e-01 
  685.000  9.118684e-01 
  686.000  9.122950e-01 
  687.000  5.934487e-01 
  688.000  7.638884e-01 
  689.000  8.052178e-01 
  690.000  8.374589e-01 
  691.000  8.564227e-01 
  692.000  8.892230e-01 
  693.000  8.593760e-01 
  694.000  8.138024e-01 
  695.000  8.635241e-01 
  696.000  8.518130e-01 
  697.000  9.121684e-01 
  698.000  9.099461e-01 
  699.000  8.817133e-01 
  700.000  8.844617e-01 
  701.000  8.615163e-01 
  702.000  8.722635e-01 
  703.000  8.824176e-01 
  704.000  8.891357e-01 
  705.000  8.904590e-01 
  706.000  9.009050e-01 
  707.000  9.094565e-01 
  708.000  9.158111e-01 
  709.000  9.161905e-01 
  710.000  9.131649e-01 
  711.000  9.209880e-01 
  712.000  9.164332e-01 
  713.000  9.228177e-01 
  714.000  9.172997e-01 
  715.000  9.022675e-01 
  716.000  9.050173e-01 
  717.000  8.442666e-01 
  718.000  7.313807e-01 
  719.000  6.843494e-01 
  720.000  7.276490e-01 
  721.000  8.779231e-01 
  722.000  8.748415e-01 
  723.000  8.655447e-01 
  724.000  7.334126e-01 
  725.000  7.416995e-01 
  726.000  8.175879e-01 
  727.000  7.827803e-01 
  728.000  7.260956e-01 
  729.000  7.518141e-01 
  730.000  8.294973e-01 
  731.000  7.865158e-01 
  732.000  8.092813e-01 
  733.000  8.764667e-01 
  734.000  9.133499e-01 
  735.000  8.875333e-01 
  736.000  9.051749e-01 
  737.000  9.050092e-01 
  738.000  9.157444e-01 
  739.000  9.191085e-01 
  740.000  9.332587e-01 
  741.000  9.410730e-01 
  742.000  9.418250e-01 
  743.000  9.414241e-01 
  744.000  9.437628e-01 
  745.000  9.451447e-01 
  746.000  9.465109e-01 
  747.000  9.465495e-01 
  748.000  9.470863e-01 
  749.000  9.472280e-01 
  750.000  9.477020e-01 
  751.000  9.477583e-01 
  752.000  9.491249e-01 
  753.000  9.494357e-01 
  754.000  9.496555e-01 
  755.000  9.498593e-01 
  756.000  9.499657e-01 
  757.000  9.508083e-01 
  758.000  9.514764e-01 
  759.000  9.387841e-01 
  760.000  2.802238e-01 
  761.000  1.735902e-01 
  762.000  5.753945e-01 
  763.000  4.626868e-01 
  764.000  5.372881e-01 
  765.000  6.797576e-01 
  766.000  8.146347e-01 
  767.000  8.665799e-01 
  768.000  9.286487e-01 
  769.000  9.452891e-01 
  770.000  9.449267e-01 
  771.000  9.524733e-01 
  772.000  9.549862e-01 
  773.000  9.551144e-01 
  774.000  9.550896e-01 
  775.000  9.552909e-01 
  776.000  9.555227e-01 
  777.000  9.558123e-01 
  778.000  9.559835e-01 
  779.000  9.561560e-01 
  780.000  9.563002e-01 
  781.000  9.567792e-01 
  782.000  9.569185e-01 
  783.000  9.573405e-01 
  784.000  9.564874e-01 
  785.000  9.555951e-01 
  786.000  9.502717e-01 
  787.000  9.497012e-01 
  788.000  9.393349e-01 
  789.000  9.390192e-01 
  790.000  9.209916e-01 
  791.000  9.230188e-01 
  792.000  9.304097e-01 
  793.000  9.363560e-01 
  794.000  9.583279e-01 
  795.000  9.497762e-01 
  796.000  9.007323e-01 
  797.000  9.358948e-01 
  798.000  9.394856e-01 
  799.000  9.470481e-01 
  800.000  9.261243e-01 
  801.000  9.161692e-01 
  802.000  9.296022e-01 
  803.000  9.267147e-01 
  804.000  9.257092e-01 
  805.000  9.352347e-01 
  806.000  9.539919e-01 
  807.000  9.425200e-01 
  808.000  9.542673e-01 
  809.000  9.362828e-01 
  810.000  9.268622e-01 
  811.000  9.299766e-01 
  812.000  9.103686e-01 
  813.000  8.761108e-01 
  814.000  8.186818e-01 
  815.000  7.731979e-01 
  816.000  8.101787e-01 
  817.000  6.652075e-01 
  818.000  7.768850e-01 
  819.000  8.063796e-01 
  820.000  7.677813e-01 
  821.000  9.226927e-01 
  822.000  8.920597e-01 
  823.000  6.246188e-01 
  824.000  8.520141e-01 
  825.000  9.078051e-01 
  826.000  8.537435e-01 
  827.000  9.038721e-01 
  828.000  7.797589e-01 
  829.000  8.736648e-01 
  830.000  8.513614e-01 
  831.000  8.616087e-01 
  832.000  8.583431e-01 
  833.000  8.967535e-01 
  834.000  8.996755e-01 
  835.000  9.217031e-01 
  836.000  9.254842e-01 
  837.000  9.234816e-01 
  838.000  9.400169e-01 
  839.000  9.490541e-01 
  840.000  9.512724e-01 
  841.000  9.512724e-01 
  842.000  9.359560e-01 
  843.000  9.652288e-01 
  844.000  9.475272e-01 
  845.000  9.616477e-01 
  846.000  9.654274e-01 
  847.000  9.683143e-01 
  848.000  9.643425e-01 
  849.000  9.661351e-01 
  850.000  9.647733e-01 
  851.000  9.617465e-01 
  852.000  9.683002e-01 
  853.000  9.697198e-01 
  854.000  9.683663e-01 
  855.000  9.683663e-01 
  856.000  9.697663e-01 
  857.000  9.730588e-01 
  858.000  9.699814e-01 
  859.000  9.719903e-01 
  860.000  9.739742e-01 
  861.000  9.731871e-01 
  862.000  9.741514e-01 
  863.000  9.742009e-01 
  864.000  9.747069e-01 
  865.000  9.747069e-01 
  866.000  9.748117e-01 
  867.000  9.749721e-01 
  868.000  9.749989e-01 
  869.000  9.750866e-01 
  870.000  9.750615e-01 
  871.000  9.753914e-01 
  872.000  9.755501e-01 
  873.000  9.753631e-01 
  874.000  9.753631e-01 
  875.000  9.759312e-01 
  876.000  9.760299e-01 
  877.000  9.758576e-01 
  878.000  9.756726e-01 
  879.000  9.756269e-01 
  880.000  9.762788e-01 
  881.000  9.762788e-01 
  882.000  9.744422e-01 
  883.000  9.750491e-01 
  884.000  9.752375e-01 
  885.000  9.756320e-01 
  886.000  9.649197e-01 
  887.000  9.747639e-01 
  888.000  9.747639e-01 
  889.000  9.722462e-01 
  890.000  9.664630e-01 
  891.000  9.746951e-01 
  892.000  9.647939e-01 
  893.000  9.393572e-01 
  894.000  9.393572e-01 
  895.000  8.944547e-01 
  896.000  8.480002e-01 
  897.000  7.232686e-01 
  898.000  8.343695e-01 
  899.000  6.447416e-01 
  900.000  6.447416e-01 
  901.000  6.870726e-01 
  902.000  7.359034e-01 
  903.000  7.829431e-01 
  904.000  9.046502e-01 
  905.000  8.827736e-01 
  906.000  8.827736e-01 
  907.000  7.289999e-01 
  908.000  7.204534e-01 
  909.000  7.177287e-01 
  910.000  6.813261e-01 
  911.000  6.813261e-01 
  912.000  8.064432e-01 
  913.000  7.377574e-01 
  914.000  7.050748e-01 
  915.000  6.579380e-01 
  916.000  6.579380e-01 
  917.000  7.914149e-01 
  918.000  6.750730e-01 
  919.000  7.929082e-01 
  920.000  8.957824e-01 
  921.000  8.957824e-01 
  922.000  8.564440e-01 
  923.000  8.533587e-01 
  924.000  8.086411e-01 
  925.000  8.086411e-01 
  926.000  8.295106e-01 
  927.000  8.453697e-01 
  928.000  6.686442e-01 
  929.000  6.329591e-01 
  930.000  6.329591e-01 
  931.000  5.033523e-01 
  932.000  3.197789e-01 
  933.000  2.885085e-01 
  934.000  2.885085e-01 
  935.000  2.934953e-01 
  936.000  2.623428e-01 
  937.000  2.118734e-01 
  938.000  2.118734e-01 
  939.000  3.704748e-01 
  940.000  5.110111e-01 
  941.000  4.607983e-01 
  942.000  4.607983e-01 
  943.000  3.546036e-01 
  944.000  3.673031e-01 
  945.000  4.463671e-01 
  946.000  4.463671e-01 
  947.000  3.625402e-01 
  948.000  4.104808e-01 
  949.000  4.657933e-01 
  950.000  4.657933e-01 
  951.000  5.128642e-01 
  952.000  3.425144e-01 
  953.000  5.256094e-01 
  954.000  5.256094e-01 
  955.000  5.258942e-01 
  956.000  4.006712e-01 
  957.000  5.999321e-01 
  958.000  5.999321e-01 
  959.000  4.533933e-01 
  960.000  5.357853e-01 
  961.000  5.357853e-01 
  962.000  6.165473e-01 
  963.000  6.648564e-01 
  964.000  5.619450e-01 
  965.000  5.619450e-01 
  966.000  6.413051e-01 
  967.000  7.664653e-01 
  968.000  7.664653e-01 
  969.000  7.972422e-01 
  970.000  8.503578e-01 
  971.000  8.796820e-01 
  972.000  8.796820e-01 
  973.000  8.422960e-01 
  974.000  7.273594e-01 
  975.000  7.273594e-01 
  976.000  7.172903e-01 
  977.000  8.282906e-01 
  978.000  8.097663e-01 
  979.000  8.097663e-01 
  980.000  8.100848e-01 
  981.000  9.186674e-01 
  982.000  9.186674e-01 
  983.000  8.853080e-01 
  984.000  9.142271e-01 
  985.000  9.142271e-01 
  986.000  9.648068e-01 
  987.000  9.450068e-01 
  988.000  9.450068e-01 
  989.000  9.755393e-01 
  990.000  9.626809e-01 
  991.000  9.626809e-01 
  992.000  9.715383e-01 
  993.000  9.697343e-01 
  994.000  9.697343e-01 
  995.000  9.827880e-01 
  996.000  9.830781e-01 
  997.000  9.830781e-01 
  998.000  9.831216e-01 
  999.000  9.820348e-01 
 1000.000  9.820348e-01 
 1001.000  9.826414e-01 
 1002.000  9.651960e-01 
 1003.000  9.651960e-01 
 1004.000  9.827007e-01 
 1005.000  9.835600e-01 
 1006.000  9.835600e-01 
 1007.000  9.841504e-01 
 1008.000  9.806153e-01 
 1009.000  9.806153e-01 
 1010.000  9.676706e-01 
 1011.000  9.840587e-01 
 1012.000  9.840587e-01 
 1013.000  9.847329e-01 
 1014.000  9.842332e-01 
 1015.000  9.842332e-01 
 1016.000  9.851495e-01 
 1017.000  9.841607e-01 
 1018.000  9.841607e-01 
 1019.000  9.829567e-01 
 1020.000  9.854811e-01 
 1021.000  9.854811e-01 
 1022.000  9.832255e-01 
 1023.000  9.832255e-01 
 1024.000  9.826682e-01 
 1025.000  9.856018e-01 
 1026.000  9.856018e-01 
 1027.000  9.842764e-01 
 1028.000  9.858555e-01 
 1029.000  9.858555e-01 
 1030.000  9.865639e-01 
 1031.000  9.863662e-01 
 1032.000  9.863662e-01 
 1033.000  9.866620e-01 
 1034.000  9.866620e-01 
 1035.000  9.870588e-01 
 1036.000  9.865177e-01 
 1037.000  9.865177e-01 
 1038.000  9.864780e-01 
 1039.000  9.858804e-01 
 1040.000  9.858804e-01 
 1041.000  9.854967e-01 
 1042.000  9.854967e-01 
 1043.000  9.849824e-01 
 1044.000  9.841700e-01 
 1045.000  9.841700e-01 
 1046.000  9.830397e-01 
 1047.000  9.830397e-01 
 1048.000  9.819029e-01 
 1049.000  9.795789e-01 
 1050.000  9.795789e-01 
 1051.000  9.785875e-01 
 1052.000  9.785875e-01 
 1053.000  9.770211e-01 
 1054.000  9.756756e-01 
 1055.000  9.756756e-01 
 1056.000  9.741182e-01 
 1057.000  9.741182e-01 
 1058.000  9.727258e-01 
 1059.000  9.713637e-01 
 1060.000  9.713637e-01 
 1061.000  9.704956e-01 
 1062.000  9.704956e-01 
 1063.000  9.687346e-01 
 1064.000  9.670975e-01 
 1065.000  9.670975e-01 
 1066.000  9.695178e-01 
 1067.000  9.695178e-01 
 1068.000  9.679047e-01 
 1069.000  9.679059e-01 
 1070.000  9.679059e-01 
 1071.000  9.709594e-01 
 1072.000  9.709594e-01 
 1073.000  9.724885e-01 
 1074.000  9.724885e-01 
 1075.000  9.622324e-01 
 1076.000  9.603055e-01 
 1077.000  9.603055e-01 
 1078.000  9.707389e-01 
 1079.000  9.707389e-01 
 1080.000  9.597638e-01 
 1081.000  9.597638e-01 
 1082.000  9.653514e-01 
 1083.000  9.555964e-01 
 1084.000  9.555964e-01 
 1085.000  9.383408e-01 
 1086.000  9.383408e-01 
 1087.000  9.632757e-01 
 1088.000  9.632757e-01 
 1089.000  9.503357e-01 
 1090.000  9.442831e-01 
 1091.000  9.442831e-01 
 1092.000  9.240227e-01 
 1093.000  9.240227e-01 
 1094.000  9.237586e-01 
 1095.000  9.237586e-01 
 1096.000  9.123517e-01 
 1097.000  9.123517e-01 
 1098.000  8.868672e-01 
 1099.000  8.184659e-01 
 1100.000  8.184659e-01 
 1101.000  8.224409e-01 
 1102.000  8.224409e-01 
 1103.000  7.940069e-01 
 1104.000  7.940069e-01 
 1105.000  7.722313e-01 
 1106.000  7.722313e-01 
 1107.000  7.726190e-01 
 1108.000  7.726190e-01 
 1109.000  7.214936e-01 
 1110.000  6.977787e-01 
 1111.000  6.977787e-01 
 1112.000  6.377010e-01 
 1113.000  6.377010e-01 
 1114.000  5.394434e-01 
 1115.000  5.394434e-01 
 1116.000  2.936507e-01 
 1117.000  2.936507e-01 
 1118.000  3.877670e-01 
 1119.000  3.877670e-01 
 1120.000  3.030042e-01 
 1121.000  3.030042e-01 
 1122.000  1.573419e-01 
 1123.000  3.500758e-01 
 1124.000  3.500758e-01 
 1125.000  1.721758e-01 
 1126.000  1.721758e-01 
 1127.000  2.204941e-01 
 1128.000  2.204941e-01 
 1129.000  2.045815e-01 
 1130.000  2.045815e-01 
 1131.000  5.056897e-01 
 1132.000  5.056897e-01 
 1133.000  2.156655e-01 
 1134.000  2.156655e-01 
 1135.000  1.215681e-01 
 1136.000  1.215681e-01 
 1137.000  4.930807e-01 
 1138.000  4.930807e-01 
 1139.000  4.664844e-01 
 1140.000  4.664844e-01 
 1141.000  4.433620e-01 
 1142.000  4.433620e-01 
 1143.000  4.837529e-01 
 1144.000  4.837529e-01 
 1145.000  2.498589e-01 
 1146.000  2.498589e-01 
 1147.000  2.524049e-01 
 1148.000  2.524049e-01 
 1149.000  3.906444e-01 
 1150.000  3.906444e-01 
 1151.000  4.641764e-01 
 1152.000  4.641764e-01 
 1153.000  4.229922e-01 
 1154.000  4.229922e-01 
 1155.000  4.809246e-01 
 1156.000  4.809246e-01 
 1157.000  6.021913e-01 
 1158.000  6.021913e-01 
 1159.000  6.879613e-01 
 1160.000  6.879613e-01 
 1161.000  6.658762e-01 
 1162.000  6.658762e-01 
 1163.000  7.809006e-01 
 1164.000  7.809006e-01 
 1165.000  7.369847e-01 
 1166.000  7.369847e-01 
 1167.000  8.084992e-01 
 1168.000  8.084992e-01 
 1169.000  8.275304e-01 
 1170.000  8.275304e-01 
 1171.000  8.489709e-01 
 1172.000  8.489709e-01 
 1173.000  7.265199e-01 
 1174.000  7.265199e-01 
 1175.000  9.170263e-01 
 1176.000  9.170263e-01 
 1177.000  8.010470e-01 
 1178.000  8.010470e-01 
 1179.000  8.893627e-01 
 1180.000  8.893627e-01 
 1181.000  7.333510e-01 
 1182.000  7.333510e-01 
 1183.000  8.430535e-01 
 1184.000  8.430535e-01 
 1185.000  8.724637e-01 
 1186.000  8.724637e-01 
 1187.000  7.698514e-01 
 1188.000  7.698514e-01 
 1189.000  7.698514e-01 
 1190.000  8.477085e-01 
 1191.000  8.477085e-01 
 1192.000  9.233730e-01 
 1193.000  9.233730e-01 
 1194.000  8.691918e-01 
 1195.000  8.691918e-01 
 1196.000  8.807869e-01 
 1197.000  8.807869e-01 
 1198.000  8.314345e-01 
 1199.000  8.314345e-01 
 1200.000  8.340294e-01 
