  250.000  0.000000e+00 
  251.000  0.000000e+00 
  252.000  0.000000e+00 
  253.000  0.000000e+00 
  254.000  0.000000e+00 
  255.000  0.000000e+00 
  256.000  0.000000e+00 
  257.000  0.000000e+00 
  258.000  0.000000e+00 
  259.000  0.000000e+00 
  260.000  0.000000e+00 
  261.000  0.000000e+00 
  262.000  0.000000e+00 
  263.000  0.000000e+00 
  264.000  0.000000e+00 
  265.000  0.000000e+00 
  266.000  0.000000e+00 
  267.000  0.000000e+00 
  268.000  0.000000e+00 
  269.000  0.000000e+00 
  270.000  0.000000e+00 
  271.000  0.000000e+00 
  272.000  0.000000e+00 
  273.000  0.000000e+00 
  274.000  0.000000e+00 
  275.000  0.000000e+00 
  276.000  0.000000e+00 
  277.000  0.000000e+00 
  278.000  0.000000e+00 
  279.000  0.000000e+00 
  280.000  0.000000e+00 
  281.000  0.000000e+00 
  282.000  0.000000e+00 
  283.000  0.000000e+00 
  284.000  0.000000e+00 
  285.000  0.000000e+00 
  286.000  0.000000e+00 
  287.000  0.000000e+00 
  288.000  0.000000e+00 
  289.000  0.000000e+00 
  290.000  0.000000e+00 
  291.000  0.000000e+00 
  292.000  2.307862e-14 
  293.000  4.745466e-13 
  294.000  1.463948e-11 
  295.000  1.332950e-10 
  296.000  2.966271e-09 
  297.000  1.904161e-08 
  298.000  1.756940e-07 
  299.000  7.975152e-07 
  300.000  3.827388e-06 
  301.000  1.382392e-05 
  302.000  4.017534e-05 
  303.000  1.448437e-04 
  304.000  2.320680e-04 
  305.000  6.571425e-04 
  306.000  1.168906e-03 
  307.000  2.382158e-03 
  308.000  3.742804e-03 
  309.000  5.703944e-03 
  310.000  9.935830e-03 
  311.000  1.236172e-02 
  312.000  1.702380e-02 
  313.000  2.384504e-02 
  314.000  2.713864e-02 
  315.000  3.790178e-02 
  316.000  4.107574e-02 
  317.000  5.113527e-02 
  318.000  5.758936e-02 
  319.000  7.723889e-02 
  320.000  6.405745e-02 
  321.000  9.591193e-02 
  322.000  8.206115e-02 
  323.000  9.786428e-02 
  324.000  1.227553e-01 
  325.000  1.045987e-01 
  326.000  1.304262e-01 
  327.000  1.390367e-01 
  328.000  1.245589e-01 
  329.000  1.566258e-01 
  330.000  1.623582e-01 
  331.000  1.478049e-01 
  332.000  1.713345e-01 
  333.000  1.764667e-01 
  334.000  1.726079e-01 
  335.000  1.883925e-01 
  336.000  1.947393e-01 
  337.000  1.901467e-01 
  338.000  2.006688e-01 
  339.000  2.083610e-01 
  340.000  2.068642e-01 
  341.000  2.156427e-01 
  342.000  2.217406e-01 
  343.000  2.254722e-01 
  344.000  2.237949e-01 
  345.000  2.335749e-01 
  346.000  2.384146e-01 
  347.000  2.423983e-01 
  348.000  2.467768e-01 
  349.000  2.520730e-01 
  350.000  2.562261e-01 
  351.000  2.611394e-01 
  352.000  2.651520e-01 
  353.000  2.699801e-01 
  354.000  2.734601e-01 
  355.000  2.772866e-01 
  356.000  2.821663e-01 
  357.000  2.853639e-01 
  358.000  2.889655e-01 
  359.000  2.925346e-01 
  360.000  2.960300e-01 
  361.000  2.996896e-01 
  362.000  3.053406e-01 
  363.000  3.101689e-01 
  364.000  3.150064e-01 
  365.000  3.190742e-01 
  366.000  3.236316e-01 
  367.000  3.279399e-01 
  368.000  3.320676e-01 
  369.000  3.355591e-01 
  370.000  3.397273e-01 
  371.000  3.441556e-01 
  372.000  3.478185e-01 
  373.000  3.523546e-01 
  374.000  3.566943e-01 
  375.000  3.602277e-01 
  376.000  3.638984e-01 
  377.000  3.681271e-01 
  378.000  3.714244e-01 
  379.000  3.750049e-01 
  380.000  3.784404e-01 
  381.000  3.822144e-01 
  382.000  3.872650e-01 
  383.000  3.924409e-01 
  384.000  3.959765e-01 
  385.000  4.005423e-01 
  386.000  4.042116e-01 
  387.000  4.085447e-01 
  388.000  4.119639e-01 
  389.000  4.154558e-01 
  390.000  4.198405e-01 
  391.000  4.234564e-01 
  392.000  4.264810e-01 
  393.000  4.316102e-01 
  394.000  4.351449e-01 
  395.000  4.385784e-01 
  396.000  4.429194e-01 
  397.000  4.468945e-01 
  398.000  4.496330e-01 
  399.000  4.534589e-01 
  400.000  4.567000e-01 
  401.000  4.610387e-01 
  402.000  4.649625e-01 
  403.000  4.689949e-01 
  404.000  4.716650e-01 
  405.000  4.753900e-01 
  406.000  4.789401e-01 
  407.000  4.835381e-01 
  408.000  4.857660e-01 
  409.000  4.890323e-01 
  410.000  4.925214e-01 
  411.000  4.964257e-01 
  412.000  5.005050e-01 
  413.000  5.026808e-01 
  414.000  5.068901e-01 
  415.000  5.102043e-01 
  416.000  5.145052e-01 
  417.000  5.170264e-01 
  418.000  5.198845e-01 
  419.000  5.239971e-01 
  420.000  5.267457e-01 
  421.000  5.299597e-01 
  422.000  5.325915e-01 
  423.000  5.362433e-01 
  424.000  5.390274e-01 
  425.000  5.432794e-01 
  426.000  5.464692e-01 
  427.000  5.493888e-01 
  428.000  5.520400e-01 
  429.000  5.559520e-01 
  430.000  5.591583e-01 
  431.000  5.603719e-01 
  432.000  5.649205e-01 
  433.000  5.680385e-01 
  434.000  5.700492e-01 
  435.000  5.721253e-01 
  436.000  5.758158e-01 
  437.000  5.806242e-01 
  438.000  5.830647e-01 
  439.000  5.835711e-01 
  440.000  5.871946e-01 
  441.000  5.903604e-01 
  442.000  5.941131e-01 
  443.000  5.960419e-01 
  444.000  5.985742e-01 
  445.000  5.996130e-01 
  446.000  6.030751e-01 
  447.000  6.066498e-01 
  448.000  6.067293e-01 
  449.000  6.115071e-01 
  450.000  6.153756e-01 
  451.000  6.176662e-01 
  452.000  6.195467e-01 
  453.000  6.223947e-01 
  454.000  6.263342e-01 
  455.000  6.276386e-01 
  456.000  6.298679e-01 
  457.000  6.324795e-01 
  458.000  6.340278e-01 
  459.000  6.363685e-01 
  460.000  6.377062e-01 
  461.000  6.401592e-01 
  462.000  6.436002e-01 
  463.000  6.437137e-01 
  464.000  6.471066e-01 
  465.000  6.494443e-01 
  466.000  6.536990e-01 
  467.000  6.549196e-01 
  468.000  6.573667e-01 
  469.000  6.593769e-01 
  470.000  6.615940e-01 
  471.000  6.638647e-01 
  472.000  6.647749e-01 
  473.000  6.653302e-01 
  474.000  6.639507e-01 
  475.000  6.641803e-01 
  476.000  6.650034e-01 
  477.000  6.658137e-01 
  478.000  6.668893e-01 
  479.000  6.690650e-01 
  480.000  6.717393e-01 
  481.000  6.764460e-01 
  482.000  6.802664e-01 
  483.000  6.837552e-01 
  484.000  6.855000e-01 
  485.000  6.869099e-01 
  486.000  6.881889e-01 
  487.000  6.910998e-01 
  488.000  6.925761e-01 
  489.000  6.937196e-01 
  490.000  6.969233e-01 
  491.000  6.988189e-01 
  492.000  7.004917e-01 
  493.000  7.021440e-01 
  494.000  7.032404e-01 
  495.000  7.045208e-01 
  496.000  7.052535e-01 
  497.000  7.066243e-01 
  498.000  7.075947e-01 
  499.000  7.088035e-01 
  500.000  7.096068e-01 
  501.000  7.093793e-01 
  502.000  7.082720e-01 
  503.000  7.069834e-01 
  504.000  7.056054e-01 
  505.000  7.076030e-01 
  506.000  7.096051e-01 
  507.000  7.107974e-01 
  508.000  7.139674e-01 
  509.000  7.158255e-01 
  510.000  7.182254e-01 
  511.000  7.201494e-01 
  512.000  7.214394e-01 
  513.000  7.241418e-01 
  514.000  7.253031e-01 
  515.000  7.274162e-01 
  516.000  7.281473e-01 
  517.000  7.295301e-01 
  518.000  7.297785e-01 
  519.000  7.305536e-01 
  520.000  7.309484e-01 
  521.000  7.318930e-01 
  522.000  7.320588e-01 
  523.000  7.323139e-01 
  524.000  7.324418e-01 
  525.000  7.316623e-01 
  526.000  7.312228e-01 
  527.000  7.308965e-01 
  528.000  7.301391e-01 
  529.000  7.295999e-01 
  530.000  7.291752e-01 
  531.000  7.295643e-01 
  532.000  7.299591e-01 
  533.000  7.307427e-01 
  534.000  7.317877e-01 
  535.000  7.324377e-01 
  536.000  7.336141e-01 
  537.000  7.348170e-01 
  538.000  7.354337e-01 
  539.000  7.358459e-01 
  540.000  7.369210e-01 
  541.000  7.357563e-01 
  542.000  7.364724e-01 
  543.000  7.378414e-01 
  544.000  7.386341e-01 
  545.000  7.378482e-01 
  546.000  7.378761e-01 
  547.000  7.399054e-01 
  548.000  7.416863e-01 
  549.000  7.420889e-01 
  550.000  7.428989e-01 
  551.000  7.439238e-01 
  552.000  7.442549e-01 
  553.000  7.446440e-01 
  554.000  7.452152e-01 
  555.000  7.456213e-01 
  556.000  7.449170e-01 
  557.000  7.437879e-01 
  558.000  7.428717e-01 
  559.000  7.416432e-01 
  560.000  7.405432e-01 
  561.000  7.396547e-01 
  562.000  7.390080e-01 
  563.000  7.379265e-01 
  564.000  7.368195e-01 
  565.000  7.358734e-01 
  566.000  7.353489e-01 
  567.000  7.341915e-01 
  568.000  7.326953e-01 
  569.000  7.269892e-01 
  570.000  7.243412e-01 
  571.000  7.254941e-01 
  572.000  7.223345e-01 
  573.000  7.230814e-01 
  574.000  7.210394e-01 
  575.000  7.215665e-01 
  576.000  7.217471e-01 
  577.000  7.226276e-01 
  578.000  7.262270e-01 
  579.000  7.289136e-01 
  580.000  7.313647e-01 
  581.000  7.353624e-01 
  582.000  7.390617e-01 
  583.000  7.423810e-01 
  584.000  7.470913e-01 
  585.000  7.486225e-01 
  586.000  7.508577e-01 
  587.000  7.512215e-01 
  588.000  7.509333e-01 
  589.000  7.357714e-01 
  590.000  7.361662e-01 
  591.000  7.420980e-01 
  592.000  7.303803e-01 
  593.000  7.497361e-01 
  594.000  7.405163e-01 
  595.000  7.464958e-01 
  596.000  7.491404e-01 
  597.000  7.489538e-01 
  598.000  7.491870e-01 
  599.000  7.523652e-01 
  600.000  7.525901e-01 
  601.000  7.553290e-01 
  602.000  7.573658e-01 
  603.000  7.583478e-01 
  604.000  7.595307e-01 
  605.000  7.604931e-01 
  606.000  7.628310e-01 
  607.000  7.647377e-01 
  608.000  7.671970e-01 
  609.000  7.682065e-01 
  610.000  7.702277e-01 
  611.000  7.718430e-01 
  612.000  7.742426e-01 
  613.000  7.762420e-01 
  614.000  7.776949e-01 
  615.000  7.793893e-01 
  616.000  7.818226e-01 
  617.000  7.835892e-01 
  618.000  7.847762e-01 
  619.000  7.865405e-01 
  620.000  7.881176e-01 
  621.000  7.892782e-01 
  622.000  7.897966e-01 
  623.000  7.909549e-01 
  624.000  7.914116e-01 
  625.000  7.920053e-01 
  626.000  7.922843e-01 
  627.000  7.922302e-01 
  628.000  7.601666e-01 
  629.000  7.765850e-01 
  630.000  7.833807e-01 
  631.000  7.940679e-01 
  632.000  7.975569e-01 
  633.000  8.008890e-01 
  634.000  8.051547e-01 
  635.000  8.065007e-01 
  636.000  8.105627e-01 
  637.000  8.153573e-01 
  638.000  8.189536e-01 
  639.000  8.219910e-01 
  640.000  8.239377e-01 
  641.000  8.269475e-01 
  642.000  8.293511e-01 
  643.000  8.300337e-01 
  644.000  8.321313e-01 
  645.000  8.333564e-01 
  646.000  8.298439e-01 
  647.000  8.241264e-01 
  648.000  8.182451e-01 
  649.000  8.254438e-01 
  650.000  8.392925e-01 
  651.000  8.413679e-01 
  652.000  8.387681e-01 
  653.000  8.436711e-01 
  654.000  8.453700e-01 
  655.000  8.322403e-01 
  656.000  8.426002e-01 
  657.000  8.459783e-01 
  658.000  8.519596e-01 
  659.000  8.558955e-01 
  660.000  8.560101e-01 
  661.000  8.587906e-01 
  662.000  8.592089e-01 
  663.000  8.603388e-01 
  664.000  8.618366e-01 
  665.000  8.631414e-01 
  666.000  8.645220e-01 
  667.000  8.665247e-01 
  668.000  8.674746e-01 
  669.000  8.690748e-01 
  670.000  8.699928e-01 
  671.000  8.719004e-01 
  672.000  8.723072e-01 
  673.000  8.738996e-01 
  674.000  8.745020e-01 
  675.000  8.761519e-01 
  676.000  8.766483e-01 
  677.000  8.775241e-01 
  678.000  8.789423e-01 
  679.000  8.797083e-01 
  680.000  8.812057e-01 
  681.000  8.817811e-01 
  682.000  8.838448e-01 
  683.000  8.838822e-01 
  684.000  8.857192e-01 
  685.000  8.869335e-01 
  686.000  8.879384e-01 
  687.000  5.386946e-01 
  688.000  7.101234e-01 
  689.000  7.593569e-01 
  690.000  7.961989e-01 
  691.000  8.226748e-01 
  692.000  8.664797e-01 
  693.000  8.531884e-01 
  694.000  8.327215e-01 
  695.000  8.637215e-01 
  696.000  8.560924e-01 
  697.000  8.940997e-01 
  698.000  8.931993e-01 
  699.000  8.768502e-01 
  700.000  8.793254e-01 
  701.000  8.664935e-01 
  702.000  8.731819e-01 
  703.000  8.793110e-01 
  704.000  8.835461e-01 
  705.000  8.850603e-01 
  706.000  8.916726e-01 
  707.000  8.970228e-01 
  708.000  9.010538e-01 
  709.000  9.016553e-01 
  710.000  9.002093e-01 
  711.000  9.052758e-01 
  712.000  9.028978e-01 
  713.000  9.070763e-01 
  714.000  9.040304e-01 
  715.000  8.961962e-01 
  716.000  8.980266e-01 
  717.000  8.627478e-01 
  718.000  7.796993e-01 
  719.000  7.295688e-01 
  720.000  7.870834e-01 
  721.000  8.844192e-01 
  722.000  8.824449e-01 
  723.000  8.773622e-01 
  724.000  7.750242e-01 
  725.000  7.971504e-01 
  726.000  8.489347e-01 
  727.000  8.259214e-01 
  728.000  7.865875e-01 
  729.000  8.080240e-01 
  730.000  8.569791e-01 
  731.000  8.300950e-01 
  732.000  8.452553e-01 
  733.000  8.866949e-01 
  734.000  9.088409e-01 
  735.000  8.938619e-01 
  736.000  9.044766e-01 
  737.000  9.047750e-01 
  738.000  9.113285e-01 
  739.000  9.134980e-01 
  740.000  9.217657e-01 
  741.000  9.263557e-01 
  742.000  9.273769e-01 
  743.000  9.273345e-01 
  744.000  9.288570e-01 
  745.000  9.298198e-01 
  746.000  9.309716e-01 
  747.000  9.313518e-01 
  748.000  9.318140e-01 
  749.000  9.320870e-01 
  750.000  9.326342e-01 
  751.000  9.328824e-01 
  752.000  9.342705e-01 
  753.000  9.346308e-01 
  754.000  9.350263e-01 
  755.000  9.354299e-01 
  756.000  9.356783e-01 
  757.000  9.363351e-01 
  758.000  9.372019e-01 
  759.000  9.212373e-01 
  760.000  2.229466e-01 
  761.000  1.168444e-01 
  762.000  5.214586e-01 
  763.000  3.998189e-01 
  764.000  4.785306e-01 
  765.000  6.310794e-01 
  766.000  7.763876e-01 
  767.000  8.330379e-01 
  768.000  9.089135e-01 
  769.000  9.292406e-01 
  770.000  9.289271e-01 
  771.000  9.384630e-01 
  772.000  9.416944e-01 
  773.000  9.418594e-01 
  774.000  9.419363e-01 
  775.000  9.421163e-01 
  776.000  9.423864e-01 
  777.000  9.427589e-01 
  778.000  9.429799e-01 
  779.000  9.432037e-01 
  780.000  9.433908e-01 
  781.000  9.440084e-01 
  782.000  9.443926e-01 
  783.000  9.447963e-01 
  784.000  9.445111e-01 
  785.000  9.441994e-01 
  786.000  9.413840e-01 
  787.000  9.414536e-01 
  788.000  9.354162e-01 
  789.000  9.356200e-01 
  790.000  9.251801e-01 
  791.000  9.265388e-01 
  792.000  9.312250e-01 
  793.000  9.345713e-01 
  794.000  9.480258e-01 
  795.000  9.434466e-01 
  796.000  9.145524e-01 
  797.000  9.356574e-01 
  798.000  9.378984e-01 
  799.000  9.424601e-01 
  800.000  9.302626e-01 
  801.000  9.244510e-01 
  802.000  9.326527e-01 
  803.000  9.310579e-01 
  804.000  9.305283e-01 
  805.000  9.361079e-01 
  806.000  9.470738e-01 
  807.000  9.405534e-01 
  808.000  9.474295e-01 
  809.000  9.370143e-01 
  810.000  9.316820e-01 
  811.000  9.336602e-01 
  812.000  9.224202e-01 
  813.000  9.011976e-01 
  814.000  8.645211e-01 
  815.000  8.270057e-01 
  816.000  8.563964e-01 
  817.000  7.338031e-01 
  818.000  8.228872e-01 
  819.000  8.557608e-01 
  820.000  8.141169e-01 
  821.000  9.308657e-01 
  822.000  9.125713e-01 
  823.000  6.982725e-01 
  824.000  8.885748e-01 
  825.000  9.217675e-01 
  826.000  8.881553e-01 
  827.000  9.201022e-01 
  828.000  8.366358e-01 
  829.000  9.008019e-01 
  830.000  8.857179e-01 
  831.000  8.930858e-01 
  832.000  8.919111e-01 
  833.000  9.170738e-01 
  834.000  9.175958e-01 
  835.000  9.318745e-01 
  836.000  9.338300e-01 
  837.000  9.330165e-01 
  838.000  9.430216e-01 
  839.000  9.482251e-01 
  840.000  9.496731e-01 
  841.000  9.496731e-01 
  842.000  9.407334e-01 
  843.000  9.578427e-01 
  844.000  9.476787e-01 
  845.000  9.559891e-01 
  846.000  9.582622e-01 
  847.000  9.598947e-01 
  848.000  9.578364e-01 
  849.000  9.589286e-01 
  850.000  9.587232e-01 
  851.000  9.586345e-01 
  852.000  9.625270e-01 
  853.000  9.633889e-01 
  854.000  9.627666e-01 
  855.000  9.627666e-01 
  856.000  9.636146e-01 
  857.000  9.656394e-01 
  858.000  9.639682e-01 
  859.000  9.652335e-01 
  860.000  9.663620e-01 
  861.000  9.660272e-01 
  862.000  9.666852e-01 
  863.000  9.664970e-01 
  864.000  9.672238e-01 
  865.000  9.672238e-01 
  866.000  9.672810e-01 
  867.000  9.674882e-01 
  868.000  9.675235e-01 
  869.000  9.676396e-01 
  870.000  9.678257e-01 
  871.000  9.680414e-01 
  872.000  9.682977e-01 
  873.000  9.682869e-01 
  874.000  9.682869e-01 
  875.000  9.687595e-01 
  876.000  9.688802e-01 
  877.000  9.688895e-01 
  878.000  9.688858e-01 
  879.000  9.688997e-01 
  880.000  9.694118e-01 
  881.000  9.694118e-01 
  882.000  9.685023e-01 
  883.000  9.688717e-01 
  884.000  9.691007e-01 
  885.000  9.694292e-01 
  886.000  9.634196e-01 
  887.000  9.691545e-01 
  888.000  9.691545e-01 
  889.000  9.677584e-01 
  890.000  9.645371e-01 
  891.000  9.693530e-01 
  892.000  9.638942e-01 
  893.000  9.495122e-01 
  894.000  9.495122e-01 
  895.000  9.191660e-01 
  896.000  8.899754e-01 
  897.000  7.851014e-01 
  898.000  8.827689e-01 
  899.000  7.119964e-01 
  900.000  7.119964e-01 
  901.000  7.524466e-01 
  902.000  7.876207e-01 
  903.000  8.300354e-01 
  904.000  9.287924e-01 
  905.000  9.127645e-01 
  906.000  9.127645e-01 
  907.000  7.953909e-01 
  908.000  7.793280e-01 
  909.000  7.843965e-01 
  910.000  7.574615e-01 
  911.000  7.574615e-01 
  912.000  8.656237e-01 
  913.000  8.090484e-01 
  914.000  7.766446e-01 
  915.000  7.311370e-01 
  916.000  7.311370e-01 
  917.000  8.583922e-01 
  918.000  7.518070e-01 
  919.000  8.423891e-01 
  920.000  9.251305e-01 
  921.000  9.251305e-01 
  922.000  8.993419e-01 
  923.000  8.974610e-01 
  924.000  8.708761e-01 
  925.000  8.708761e-01 
  926.000  8.838778e-01 
  927.000  8.939857e-01 
  928.000  7.627369e-01 
  929.000  7.361305e-01 
  930.000  7.361305e-01 
  931.000  6.036139e-01 
  932.000  4.233747e-01 
  933.000  4.248354e-01 
  934.000  4.248354e-01 
  935.000  4.003763e-01 
  936.000  3.724476e-01 
  937.000  3.358722e-01 
  938.000  3.358722e-01 
  939.000  4.909740e-01 
  940.000  6.319019e-01 
  941.000  5.807109e-01 
  942.000  5.807109e-01 
  943.000  4.815600e-01 
  944.000  4.928020e-01 
  945.000  5.627138e-01 
  946.000  5.627138e-01 
  947.000  4.901732e-01 
  948.000  5.161813e-01 
  949.000  5.836256e-01 
  950.000  5.836256e-01 
  951.000  6.090205e-01 
  952.000  4.739734e-01 
  953.000  6.284591e-01 
  954.000  6.284591e-01 
  955.000  6.288252e-01 
  956.000  5.117031e-01 
  957.000  6.863636e-01 
  958.000  6.863636e-01 
  959.000  5.614378e-01 
  960.000  6.457655e-01 
  961.000  6.457655e-01 
  962.000  7.010606e-01 
  963.000  7.560347e-01 
  964.000  6.521289e-01 
  965.000  6.521289e-01 
  966.000  7.316328e-01 
  967.000  8.296189e-01 
  968.000  8.296189e-01 
  969.000  8.536283e-01 
  970.000  8.985736e-01 
  971.000  9.171105e-01 
  972.000  9.171105e-01 
  973.000  8.940785e-01 
  974.000  8.014987e-01 
  975.000  8.014987e-01 
  976.000  7.863128e-01 
  977.000  8.751003e-01 
  978.000  8.615553e-01 
  979.000  8.615553e-01 
  980.000  8.621328e-01 
  981.000  9.416161e-01 
  982.000  9.416161e-01 
  983.000  9.171498e-01 
  984.000  9.386901e-01 
  985.000  9.386901e-01 
  986.000  9.690561e-01 
  987.000  9.574536e-01 
  988.000  9.574536e-01 
  989.000  9.753525e-01 
  990.000  9.680762e-01 
  991.000  9.680762e-01 
  992.000  9.731084e-01 
  993.000  9.721509e-01 
  994.000  9.721509e-01 
  995.000  9.797333e-01 
  996.000  9.799216e-01 
  997.000  9.799216e-01 
  998.000  9.800224e-01 
  999.000  9.794847e-01 
 1000.000  9.794847e-01 
 1001.000  9.799049e-01 
 1002.000  9.697929e-01 
 1003.000  9.697929e-01 
 1004.000  9.800332e-01 
 1005.000  9.805405e-01 
 1006.000  9.805405e-01 
 1007.000  9.809260e-01 
 1008.000  9.790328e-01 
 1009.000  9.790328e-01 
 1010.000  9.715347e-01 
 1011.000  9.810634e-01 
 1012.000  9.810634e-01 
 1013.000  9.815145e-01 
 1014.000  9.813046e-01 
 1015.000  9.813046e-01 
 1016.000  9.818605e-01 
 1017.000  9.813883e-01 
 1018.000  9.813883e-01 
 1019.000  9.807728e-01 
 1020.000  9.822342e-01 
 1021.000  9.822342e-01 
 1022.000  9.810435e-01 
 1023.000  9.810435e-01 
 1024.000  9.807616e-01 
 1025.000  9.824516e-01 
 1026.000  9.824516e-01 
 1027.000  9.817412e-01 
 1028.000  9.826404e-01 
 1029.000  9.826404e-01 
 1030.000  9.830369e-01 
 1031.000  9.829112e-01 
 1032.000  9.829112e-01 
 1033.000  9.830253e-01 
 1034.000  9.830253e-01 
 1035.000  9.831660e-01 
 1036.000  9.824625e-01 
 1037.000  9.824625e-01 
 1038.000  9.824091e-01 
 1039.000  9.816886e-01 
 1040.000  9.816886e-01 
 1041.000  9.811397e-01 
 1042.000  9.811397e-01 
 1043.000  9.804676e-01 
 1044.000  9.794137e-01 
 1045.000  9.794137e-01 
 1046.000  9.779478e-01 
 1047.000  9.779478e-01 
 1048.000  9.764741e-01 
 1049.000  9.734619e-01 
 1050.000  9.734619e-01 
 1051.000  9.721791e-01 
 1052.000  9.721791e-01 
 1053.000  9.701519e-01 
 1054.000  9.684234e-01 
 1055.000  9.684234e-01 
 1056.000  9.663998e-01 
 1057.000  9.663998e-01 
 1058.000  9.646130e-01 
 1059.000  9.628441e-01 
 1060.000  9.628441e-01 
 1061.000  9.617296e-01 
 1062.000  9.617296e-01 
 1063.000  9.596849e-01 
 1064.000  9.583668e-01 
 1065.000  9.583668e-01 
 1066.000  9.604906e-01 
 1067.000  9.604906e-01 
 1068.000  9.590628e-01 
 1069.000  9.607120e-01 
 1070.000  9.607120e-01 
 1071.000  9.635085e-01 
 1072.000  9.635085e-01 
 1073.000  9.654561e-01 
 1074.000  9.654561e-01 
 1075.000  9.608399e-01 
 1076.000  9.609411e-01 
 1077.000  9.609411e-01 
 1078.000  9.684542e-01 
 1079.000  9.684542e-01 
 1080.000  9.631259e-01 
 1081.000  9.631259e-01 
 1082.000  9.678392e-01 
 1083.000  9.632103e-01 
 1084.000  9.632103e-01 
 1085.000  9.536145e-01 
 1086.000  9.536145e-01 
 1087.000  9.691600e-01 
 1088.000  9.691600e-01 
 1089.000  9.624475e-01 
 1090.000  9.590392e-01 
 1091.000  9.590392e-01 
 1092.000  9.478864e-01 
 1093.000  9.478864e-01 
 1094.000  9.476536e-01 
 1095.000  9.476536e-01 
 1096.000  9.410340e-01 
 1097.000  9.410340e-01 
 1098.000  9.258531e-01 
 1099.000  8.772269e-01 
 1100.000  8.772269e-01 
 1101.000  8.790941e-01 
 1102.000  8.790941e-01 
 1103.000  8.596848e-01 
 1104.000  8.596848e-01 
 1105.000  8.444887e-01 
 1106.000  8.444887e-01 
 1107.000  8.432022e-01 
 1108.000  8.432022e-01 
 1109.000  8.064855e-01 
 1110.000  7.690459e-01 
 1111.000  7.690459e-01 
 1112.000  7.277758e-01 
 1113.000  7.277758e-01 
 1114.000  6.445639e-01 
 1115.000  6.445639e-01 
 1116.000  4.088361e-01 
 1117.000  4.088361e-01 
 1118.000  5.151841e-01 
 1119.000  5.151841e-01 
 1120.000  4.343484e-01 
 1121.000  4.343484e-01 
 1122.000  2.579383e-01 
 1123.000  4.793746e-01 
 1124.000  4.793746e-01 
 1125.000  2.898884e-01 
 1126.000  2.898884e-01 
 1127.000  3.490833e-01 
 1128.000  3.490833e-01 
 1129.000  3.406878e-01 
 1130.000  3.406878e-01 
 1131.000  6.337385e-01 
 1132.000  6.337385e-01 
 1133.000  3.449432e-01 
 1134.000  3.449432e-01 
 1135.000  2.018838e-01 
 1136.000  2.018838e-01 
 1137.000  6.311839e-01 
 1138.000  6.311839e-01 
 1139.000  5.881694e-01 
 1140.000  5.881694e-01 
 1141.000  5.733925e-01 
 1142.000  5.733925e-01 
 1143.000  6.032608e-01 
 1144.000  6.032608e-01 
 1145.000  3.911654e-01 
 1146.000  3.911654e-01 
 1147.000  3.786644e-01 
 1148.000  3.786644e-01 
 1149.000  5.030878e-01 
 1150.000  5.030878e-01 
 1151.000  5.973166e-01 
 1152.000  5.973166e-01 
 1153.000  5.510301e-01 
 1154.000  5.510301e-01 
 1155.000  6.018964e-01 
 1156.000  6.018964e-01 
 1157.000  6.914214e-01 
 1158.000  6.914214e-01 
 1159.000  7.815456e-01 
 1160.000  7.815456e-01 
 1161.000  7.589579e-01 
 1162.000  7.589579e-01 
 1163.000  8.383747e-01 
 1164.000  8.383747e-01 
 1165.000  8.097564e-01 
 1166.000  8.097564e-01 
 1167.000  8.657470e-01 
 1168.000  8.657470e-01 
 1169.000  8.816912e-01 
 1170.000  8.816912e-01 
 1171.000  8.945957e-01 
 1172.000  8.945957e-01 
 1173.000  8.060014e-01 
 1174.000  8.060014e-01 
 1175.000  9.445908e-01 
 1176.000  9.445908e-01 
 1177.000  8.600683e-01 
 1178.000  8.600683e-01 
 1179.000  9.226147e-01 
 1180.000  9.226147e-01 
 1181.000  8.028502e-01 
 1182.000  8.028502e-01 
 1183.000  8.907944e-01 
 1184.000  8.907944e-01 
 1185.000  9.175673e-01 
 1186.000  9.175673e-01 
 1187.000  8.281907e-01 
 1188.000  8.281907e-01 
 1189.000  8.281907e-01 
 1190.000  8.918916e-01 
 1191.000  8.918916e-01 
 1192.000  9.490836e-01 
 1193.000  9.490836e-01 
 1194.000  9.080047e-01 
 1195.000  9.080047e-01 
 1196.000  9.237954e-01 
 1197.000  9.237954e-01 
 1198.000  8.852238e-01 
 1199.000  8.852238e-01 
 1200.000  8.823504e-01 
