  250.000  0.000000e+00 
  251.000  0.000000e+00 
  252.000  0.000000e+00 
  253.000  0.000000e+00 
  254.000  0.000000e+00 
  255.000  0.000000e+00 
  256.000  0.000000e+00 
  257.000  0.000000e+00 
  258.000  0.000000e+00 
  259.000  0.000000e+00 
  260.000  0.000000e+00 
  261.000  0.000000e+00 
  262.000  0.000000e+00 
  263.000  0.000000e+00 
  264.000  0.000000e+00 
  265.000  0.000000e+00 
  266.000  0.000000e+00 
  267.000  0.000000e+00 
  268.000  0.000000e+00 
  269.000  0.000000e+00 
  270.000  0.000000e+00 
  271.000  0.000000e+00 
  272.000  0.000000e+00 
  273.000  0.000000e+00 
  274.000  0.000000e+00 
  275.000  0.000000e+00 
  276.000  0.000000e+00 
  277.000  0.000000e+00 
  278.000  0.000000e+00 
  279.000  0.000000e+00 
  280.000  0.000000e+00 
  281.000  0.000000e+00 
  282.000  0.000000e+00 
  283.000  0.000000e+00 
  284.000  0.000000e+00 
  285.000  0.000000e+00 
  286.000  0.000000e+00 
  287.000  0.000000e+00 
  288.000  0.000000e+00 
  289.000  0.000000e+00 
  290.000  0.000000e+00 
  291.000  0.000000e+00 
  292.000  1.872105e-13 
  293.000  3.146742e-12 
  294.000  7.723690e-11 
  295.000  6.069604e-10 
  296.000  1.098325e-08 
  297.000  6.228603e-08 
  298.000  4.955722e-07 
  299.000  2.033715e-06 
  300.000  8.791090e-06 
  301.000  2.914671e-05 
  302.000  7.889132e-05 
  303.000  2.611198e-04 
  304.000  4.054225e-04 
  305.000  1.071065e-03 
  306.000  1.833417e-03 
  307.000  3.563193e-03 
  308.000  5.432304e-03 
  309.000  8.049404e-03 
  310.000  1.351214e-02 
  311.000  1.656814e-02 
  312.000  2.233501e-02 
  313.000  3.058945e-02 
  314.000  3.451563e-02 
  315.000  4.714283e-02 
  316.000  5.081748e-02 
  317.000  6.234562e-02 
  318.000  6.966044e-02 
  319.000  9.161790e-02 
  320.000  7.693638e-02 
  321.000  1.121367e-01 
  322.000  9.694570e-02 
  323.000  1.142657e-01 
  324.000  1.411793e-01 
  325.000  1.215882e-01 
  326.000  1.493965e-01 
  327.000  1.585821e-01 
  328.000  1.431144e-01 
  329.000  1.772308e-01 
  330.000  1.832776e-01 
  331.000  1.678970e-01 
  332.000  1.927178e-01 
  333.000  1.981003e-01 
  334.000  1.940543e-01 
  335.000  2.105682e-01 
  336.000  2.171818e-01 
  337.000  2.123976e-01 
  338.000  2.233476e-01 
  339.000  2.313282e-01 
  340.000  2.297769e-01 
  341.000  2.388650e-01 
  342.000  2.451633e-01 
  343.000  2.490120e-01 
  344.000  2.472826e-01 
  345.000  2.573541e-01 
  346.000  2.623277e-01 
  347.000  2.664164e-01 
  348.000  2.709053e-01 
  349.000  2.763278e-01 
  350.000  2.805747e-01 
  351.000  2.855931e-01 
  352.000  2.896867e-01 
  353.000  2.946070e-01 
  354.000  2.981498e-01 
  355.000  3.020418e-01 
  356.000  3.069999e-01 
  357.000  3.102457e-01 
  358.000  3.138988e-01 
  359.000  3.175159e-01 
  360.000  3.210555e-01 
  361.000  3.247584e-01 
  362.000  3.304701e-01 
  363.000  3.353449e-01 
  364.000  3.402239e-01 
  365.000  3.443226e-01 
  366.000  3.489106e-01 
  367.000  3.532439e-01 
  368.000  3.573920e-01 
  369.000  3.608979e-01 
  370.000  3.650804e-01 
  371.000  3.695200e-01 
  372.000  3.731894e-01 
  373.000  3.777299e-01 
  374.000  3.820702e-01 
  375.000  3.856015e-01 
  376.000  3.892675e-01 
  377.000  3.934878e-01 
  378.000  3.967763e-01 
  379.000  4.003451e-01 
  380.000  4.037672e-01 
  381.000  4.075240e-01 
  382.000  4.125479e-01 
  383.000  4.176919e-01 
  384.000  4.212030e-01 
  385.000  4.257341e-01 
  386.000  4.293731e-01 
  387.000  4.336676e-01 
  388.000  4.370541e-01 
  389.000  4.405107e-01 
  390.000  4.448484e-01 
  391.000  4.484232e-01 
  392.000  4.514120e-01 
  393.000  4.564771e-01 
  394.000  4.599653e-01 
  395.000  4.633518e-01 
  396.000  4.676308e-01 
  397.000  4.715376e-01 
  398.000  4.742416e-01 
  399.000  4.780019e-01 
  400.000  4.811946e-01 
  401.000  4.854615e-01 
  402.000  4.893168e-01 
  403.000  4.932763e-01 
  404.000  4.958970e-01 
  405.000  4.995513e-01 
  406.000  5.030322e-01 
  407.000  5.075381e-01 
  408.000  5.097204e-01 
  409.000  5.129185e-01 
  410.000  5.163333e-01 
  411.000  5.201525e-01 
  412.000  5.241405e-01 
  413.000  5.262671e-01 
  414.000  5.303790e-01 
  415.000  5.336090e-01 
  416.000  5.378105e-01 
  417.000  5.402684e-01 
  418.000  5.430577e-01 
  419.000  5.470627e-01 
  420.000  5.497446e-01 
  421.000  5.528747e-01 
  422.000  5.554364e-01 
  423.000  5.589904e-01 
  424.000  5.616987e-01 
  425.000  5.658332e-01 
  426.000  5.689279e-01 
  427.000  5.717697e-01 
  428.000  5.743447e-01 
  429.000  5.781409e-01 
  430.000  5.812538e-01 
  431.000  5.824312e-01 
  432.000  5.868425e-01 
  433.000  5.898650e-01 
  434.000  5.918134e-01 
  435.000  5.938250e-01 
  436.000  5.973992e-01 
  437.000  6.020539e-01 
  438.000  6.044155e-01 
  439.000  6.049053e-01 
  440.000  6.084075e-01 
  441.000  6.114684e-01 
  442.000  6.149657e-01 
  443.000  6.166116e-01 
  444.000  6.193849e-01 
  445.000  6.198438e-01 
  446.000  6.230636e-01 
  447.000  6.271948e-01 
  448.000  6.272703e-01 
  449.000  6.318870e-01 
  450.000  6.356200e-01 
  451.000  6.378280e-01 
  452.000  6.396402e-01 
  453.000  6.423591e-01 
  454.000  6.461782e-01 
  455.000  6.474344e-01 
  456.000  6.495802e-01 
  457.000  6.520936e-01 
  458.000  6.535835e-01 
  459.000  6.558353e-01 
  460.000  6.571219e-01 
  461.000  6.594808e-01 
  462.000  6.627887e-01 
  463.000  6.628978e-01 
  464.000  6.661583e-01 
  465.000  6.684042e-01 
  466.000  6.724308e-01 
  467.000  6.736516e-01 
  468.000  6.760077e-01 
  469.000  6.775182e-01 
  470.000  6.794889e-01 
  471.000  6.822270e-01 
  472.000  6.830811e-01 
  473.000  6.836334e-01 
  474.000  6.823232e-01 
  475.000  6.823236e-01 
  476.000  6.833361e-01 
  477.000  6.841149e-01 
  478.000  6.851467e-01 
  479.000  6.872326e-01 
  480.000  6.897961e-01 
  481.000  6.943060e-01 
  482.000  6.979651e-01 
  483.000  7.013050e-01 
  484.000  7.029734e-01 
  485.000  7.040463e-01 
  486.000  7.052432e-01 
  487.000  7.083237e-01 
  488.000  7.097340e-01 
  489.000  7.108032e-01 
  490.000  7.138942e-01 
  491.000  7.156956e-01 
  492.000  7.173082e-01 
  493.000  7.188904e-01 
  494.000  7.199404e-01 
  495.000  7.211643e-01 
  496.000  7.218644e-01 
  497.000  7.231737e-01 
  498.000  7.241006e-01 
  499.000  7.252453e-01 
  500.000  7.259682e-01 
  501.000  7.255325e-01 
  502.000  7.229273e-01 
  503.000  7.198749e-01 
  504.000  7.150606e-01 
  505.000  7.221189e-01 
  506.000  7.219750e-01 
  507.000  7.220305e-01 
  508.000  7.271367e-01 
  509.000  7.303334e-01 
  510.000  7.338634e-01 
  511.000  7.354589e-01 
  512.000  7.368450e-01 
  513.000  7.398345e-01 
  514.000  7.409146e-01 
  515.000  7.430144e-01 
  516.000  7.437100e-01 
  517.000  7.450297e-01 
  518.000  7.452664e-01 
  519.000  7.460053e-01 
  520.000  7.463816e-01 
  521.000  7.472817e-01 
  522.000  7.474395e-01 
  523.000  7.476817e-01 
  524.000  7.476060e-01 
  525.000  7.465412e-01 
  526.000  7.466288e-01 
  527.000  7.460080e-01 
  528.000  7.455432e-01 
  529.000  7.447620e-01 
  530.000  7.445834e-01 
  531.000  7.450466e-01 
  532.000  7.453999e-01 
  533.000  7.461818e-01 
  534.000  7.471383e-01 
  535.000  7.477981e-01 
  536.000  7.489118e-01 
  537.000  7.500456e-01 
  538.000  7.506459e-01 
  539.000  7.506276e-01 
  540.000  7.514678e-01 
  541.000  7.472898e-01 
  542.000  7.492806e-01 
  543.000  7.520946e-01 
  544.000  7.529554e-01 
  545.000  7.506112e-01 
  546.000  7.490295e-01 
  547.000  7.526640e-01 
  548.000  7.558390e-01 
  549.000  7.563708e-01 
  550.000  7.565086e-01 
  551.000  7.586495e-01 
  552.000  7.588795e-01 
  553.000  7.594197e-01 
  554.000  7.599691e-01 
  555.000  7.603559e-01 
  556.000  7.596857e-01 
  557.000  7.586109e-01 
  558.000  7.577385e-01 
  559.000  7.565629e-01 
  560.000  7.554837e-01 
  561.000  7.546161e-01 
  562.000  7.540410e-01 
  563.000  7.530075e-01 
  564.000  7.519606e-01 
  565.000  7.510632e-01 
  566.000  7.505648e-01 
  567.000  7.489735e-01 
  568.000  7.473614e-01 
  569.000  7.361755e-01 
  570.000  7.339323e-01 
  571.000  7.391009e-01 
  572.000  7.322669e-01 
  573.000  7.366282e-01 
  574.000  7.328538e-01 
  575.000  7.360220e-01 
  576.000  7.349443e-01 
  577.000  7.353814e-01 
  578.000  7.411156e-01 
  579.000  7.438102e-01 
  580.000  7.465680e-01 
  581.000  7.503979e-01 
  582.000  7.534374e-01 
  583.000  7.566940e-01 
  584.000  7.605688e-01 
  585.000  7.612239e-01 
  586.000  7.633835e-01 
  587.000  7.630094e-01 
  588.000  7.586441e-01 
  589.000  7.211026e-01 
  590.000  7.181254e-01 
  591.000  7.327330e-01 
  592.000  7.064996e-01 
  593.000  7.519369e-01 
  594.000  7.292288e-01 
  595.000  7.420191e-01 
  596.000  7.498115e-01 
  597.000  7.496385e-01 
  598.000  7.507848e-01 
  599.000  7.599565e-01 
  600.000  7.617057e-01 
  601.000  7.676805e-01 
  602.000  7.703994e-01 
  603.000  7.713731e-01 
  604.000  7.733647e-01 
  605.000  7.742152e-01 
  606.000  7.765229e-01 
  607.000  7.785327e-01 
  608.000  7.808707e-01 
  609.000  7.818302e-01 
  610.000  7.837375e-01 
  611.000  7.852820e-01 
  612.000  7.875627e-01 
  613.000  7.894608e-01 
  614.000  7.908399e-01 
  615.000  7.924479e-01 
  616.000  7.947558e-01 
  617.000  7.964324e-01 
  618.000  7.975583e-01 
  619.000  7.992317e-01 
  620.000  8.007272e-01 
  621.000  8.018274e-01 
  622.000  8.023167e-01 
  623.000  8.034126e-01 
  624.000  8.037784e-01 
  625.000  8.043981e-01 
  626.000  8.044944e-01 
  627.000  8.033640e-01 
  628.000  7.649904e-01 
  629.000  7.856841e-01 
  630.000  7.960193e-01 
  631.000  8.061976e-01 
  632.000  8.066630e-01 
  633.000  8.109799e-01 
  634.000  8.150367e-01 
  635.000  8.170123e-01 
  636.000  8.198276e-01 
  637.000  8.239210e-01 
  638.000  8.291756e-01 
  639.000  8.313469e-01 
  640.000  8.334378e-01 
  641.000  8.352168e-01 
  642.000  8.389941e-01 
  643.000  8.383599e-01 
  644.000  8.413244e-01 
  645.000  8.412842e-01 
  646.000  8.298146e-01 
  647.000  8.130206e-01 
  648.000  7.980563e-01 
  649.000  8.117592e-01 
  650.000  8.426312e-01 
  651.000  8.468761e-01 
  652.000  8.371723e-01 
  653.000  8.483455e-01 
  654.000  8.482199e-01 
  655.000  8.171698e-01 
  656.000  8.382425e-01 
  657.000  8.447070e-01 
  658.000  8.567389e-01 
  659.000  8.640466e-01 
  660.000  8.630452e-01 
  661.000  8.671456e-01 
  662.000  8.673730e-01 
  663.000  8.670025e-01 
  664.000  8.695977e-01 
  665.000  8.709509e-01 
  666.000  8.725092e-01 
  667.000  8.746832e-01 
  668.000  8.755810e-01 
  669.000  8.770620e-01 
  670.000  8.781052e-01 
  671.000  8.799034e-01 
  672.000  8.802870e-01 
  673.000  8.817868e-01 
  674.000  8.823524e-01 
  675.000  8.839070e-01 
  676.000  8.843341e-01 
  677.000  8.851972e-01 
  678.000  8.865330e-01 
  679.000  8.872311e-01 
  680.000  8.885388e-01 
  681.000  8.887274e-01 
  682.000  8.909124e-01 
  683.000  8.895903e-01 
  684.000  8.912563e-01 
  685.000  8.936455e-01 
  686.000  8.939850e-01 
  687.000  5.525798e-01 
  688.000  7.246525e-01 
  689.000  7.717215e-01 
  690.000  8.065061e-01 
  691.000  8.285077e-01 
  692.000  8.642503e-01 
  693.000  8.225622e-01 
  694.000  7.623857e-01 
  695.000  8.272115e-01 
  696.000  8.136062e-01 
  697.000  8.915226e-01 
  698.000  8.882105e-01 
  699.000  8.494835e-01 
  700.000  8.529789e-01 
  701.000  8.206818e-01 
  702.000  8.353708e-01 
  703.000  8.502381e-01 
  704.000  8.593299e-01 
  705.000  8.602806e-01 
  706.000  8.744164e-01 
  707.000  8.859966e-01 
  708.000  8.950006e-01 
  709.000  8.954347e-01 
  710.000  8.909744e-01 
  711.000  9.020596e-01 
  712.000  8.956816e-01 
  713.000  9.044218e-01 
  714.000  8.964569e-01 
  715.000  8.749453e-01 
  716.000  8.789552e-01 
  717.000  7.950251e-01 
  718.000  6.736326e-01 
  719.000  6.245918e-01 
  720.000  6.527217e-01 
  721.000  8.407484e-01 
  722.000  8.374649e-01 
  723.000  8.245857e-01 
  724.000  6.790391e-01 
  725.000  6.719357e-01 
  726.000  7.612276e-01 
  727.000  7.193719e-01 
  728.000  6.540921e-01 
  729.000  6.778483e-01 
  730.000  7.774317e-01 
  731.000  7.221732e-01 
  732.000  7.496909e-01 
  733.000  8.387447e-01 
  734.000  8.890794e-01 
  735.000  8.536230e-01 
  736.000  8.775411e-01 
  737.000  8.771442e-01 
  738.000  8.918080e-01 
  739.000  8.966342e-01 
  740.000  9.164962e-01 
  741.000  9.277992e-01 
  742.000  9.286818e-01 
  743.000  9.280483e-01 
  744.000  9.313841e-01 
  745.000  9.333448e-01 
  746.000  9.352061e-01 
  747.000  9.351340e-01 
  748.000  9.358597e-01 
  749.000  9.359986e-01 
  750.000  9.365913e-01 
  751.000  9.365953e-01 
  752.000  9.383723e-01 
  753.000  9.387601e-01 
  754.000  9.389842e-01 
  755.000  9.391784e-01 
  756.000  9.392662e-01 
  757.000  9.404343e-01 
  758.000  9.412356e-01 
  759.000  9.262019e-01 
  760.000  2.374157e-01 
  761.000  1.305660e-01 
  762.000  5.354953e-01 
  763.000  4.162232e-01 
  764.000  4.942073e-01 
  765.000  6.443329e-01 
  766.000  7.867259e-01 
  767.000  8.423378e-01 
  768.000  9.144672e-01 
  769.000  9.337969e-01 
  770.000  9.334629e-01 
  771.000  9.424436e-01 
  772.000  9.454710e-01 
  773.000  9.456255e-01 
  774.000  9.455556e-01 
  775.000  9.458272e-01 
  776.000  9.461169e-01 
  777.000  9.464660e-01 
  778.000  9.466720e-01 
  779.000  9.468792e-01 
  780.000  9.470524e-01 
  781.000  9.476292e-01 
  782.000  9.477229e-01 
  783.000  9.482820e-01 
  784.000  9.469532e-01 
  785.000  9.455808e-01 
  786.000  9.377244e-01 
  787.000  9.367057e-01 
  788.000  9.221718e-01 
  789.000  9.215453e-01 
  790.000  8.965614e-01 
  791.000  8.994337e-01 
  792.000  9.094357e-01 
  793.000  9.184379e-01 
  794.000  9.487543e-01 
  795.000  9.361149e-01 
  796.000  8.683848e-01 
  797.000  9.165130e-01 
  798.000  9.215794e-01 
  799.000  9.319615e-01 
  800.000  9.029391e-01 
  801.000  8.891373e-01 
  802.000  9.072745e-01 
  803.000  9.032135e-01 
  804.000  9.018353e-01 
  805.000  9.152865e-01 
  806.000  9.418314e-01 
  807.000  9.255122e-01 
  808.000  9.421632e-01 
  809.000  9.166799e-01 
  810.000  9.030941e-01 
  811.000  9.072793e-01 
  812.000  8.798777e-01 
  813.000  8.353460e-01 
  814.000  7.618222e-01 
  815.000  7.171597e-01 
  816.000  7.565144e-01 
  817.000  6.028216e-01 
  818.000  7.278652e-01 
  819.000  7.495820e-01 
  820.000  7.177812e-01 
  821.000  8.970258e-01 
  822.000  8.548823e-01 
  823.000  5.623767e-01 
  824.000  8.014663e-01 
  825.000  8.780105e-01 
  826.000  8.077136e-01 
  827.000  8.720558e-01 
  828.000  7.203500e-01 
  829.000  8.335424e-01 
  830.000  8.066882e-01 
  831.000  8.186131e-01 
  832.000  8.132772e-01 
  833.000  8.604674e-01 
  834.000  8.674701e-01 
  835.000  8.953869e-01 
  836.000  9.014822e-01 
  837.000  8.980381e-01 
  838.000  9.205375e-01 
  839.000  9.336177e-01 
  840.000  9.367528e-01 
  841.000  9.367528e-01 
  842.000  9.151598e-01 
  843.000  9.567587e-01 
  844.000  9.314600e-01 
  845.000  9.514479e-01 
  846.000  9.569248e-01 
  847.000  9.611855e-01 
  848.000  9.552717e-01 
  849.000  9.578828e-01 
  850.000  9.557060e-01 
  851.000  9.508567e-01 
  852.000  9.601908e-01 
  853.000  9.622818e-01 
  854.000  9.602748e-01 
  855.000  9.602748e-01 
  856.000  9.622812e-01 
  857.000  9.670683e-01 
  858.000  9.625149e-01 
  859.000  9.654238e-01 
  860.000  9.683429e-01 
  861.000  9.671438e-01 
  862.000  9.685234e-01 
  863.000  9.686744e-01 
  864.000  9.692609e-01 
  865.000  9.692609e-01 
  866.000  9.694162e-01 
  867.000  9.696103e-01 
  868.000  9.696424e-01 
  869.000  9.697473e-01 
  870.000  9.696380e-01 
  871.000  9.701135e-01 
  872.000  9.702868e-01 
  873.000  9.699765e-01 
  874.000  9.699765e-01 
  875.000  9.707585e-01 
  876.000  9.708800e-01 
  877.000  9.705870e-01 
  878.000  9.702742e-01 
  879.000  9.701923e-01 
  880.000  9.711011e-01 
  881.000  9.711011e-01 
  882.000  9.683393e-01 
  883.000  9.692315e-01 
  884.000  9.694568e-01 
  885.000  9.699981e-01 
  886.000  9.543957e-01 
  887.000  9.686308e-01 
  888.000  9.686308e-01 
  889.000  9.649031e-01 
  890.000  9.565903e-01 
  891.000  9.684328e-01 
  892.000  9.538476e-01 
  893.000  9.172176e-01 
  894.000  9.172176e-01 
  895.000  8.628279e-01 
  896.000  8.021233e-01 
  897.000  6.716197e-01 
  898.000  7.826521e-01 
  899.000  5.864676e-01 
  900.000  5.864676e-01 
  901.000  6.258957e-01 
  902.000  6.878818e-01 
  903.000  7.338617e-01 
  904.000  8.711531e-01 
  905.000  8.465275e-01 
  906.000  8.465275e-01 
  907.000  6.718646e-01 
  908.000  6.652948e-01 
  909.000  6.592914e-01 
  910.000  6.190359e-01 
  911.000  6.190359e-01 
  912.000  7.462395e-01 
  913.000  6.739700e-01 
  914.000  6.435530e-01 
  915.000  5.947769e-01 
  916.000  5.947769e-01 
  917.000  7.222839e-01 
  918.000  6.066604e-01 
  919.000  7.482178e-01 
  920.000  8.572424e-01 
  921.000  8.572424e-01 
  922.000  8.075834e-01 
  923.000  8.038214e-01 
  924.000  7.429081e-01 
  925.000  7.429081e-01 
  926.000  7.702315e-01 
  927.000  7.901124e-01 
  928.000  5.897467e-01 
  929.000  5.499905e-01 
  930.000  5.499905e-01 
  931.000  4.190487e-01 
  932.000  2.456484e-01 
  933.000  1.989764e-01 
  934.000  1.989764e-01 
  935.000  2.173387e-01 
  936.000  1.826722e-01 
  937.000  1.360442e-01 
  938.000  1.360442e-01 
  939.000  2.867209e-01 
  940.000  4.118178e-01 
  941.000  3.611744e-01 
  942.000  3.611744e-01 
  943.000  2.619517e-01 
  944.000  2.761384e-01 
  945.000  3.562939e-01 
  946.000  3.562939e-01 
  947.000  2.686916e-01 
  948.000  3.264806e-01 
  949.000  3.688411e-01 
  950.000  3.688411e-01 
  951.000  4.277718e-01 
  952.000  2.526938e-01 
  953.000  4.421012e-01 
  954.000  4.421012e-01 
  955.000  4.377047e-01 
  956.000  3.235263e-01 
  957.000  5.281646e-01 
  958.000  5.281646e-01 
  959.000  3.749968e-01 
  960.000  4.541665e-01 
  961.000  4.541665e-01 
  962.000  5.426060e-01 
  963.000  5.908918e-01 
  964.000  4.932077e-01 
  965.000  4.932077e-01 
  966.000  5.608262e-01 
  967.000  7.112247e-01 
  968.000  7.112247e-01 
  969.000  7.460112e-01 
  970.000  7.982508e-01 
  971.000  8.366007e-01 
  972.000  8.366007e-01 
  973.000  7.863070e-01 
  974.000  6.653162e-01 
  975.000  6.653162e-01 
  976.000  6.572907e-01 
  977.000  7.845225e-01 
  978.000  7.612658e-01 
  979.000  7.612658e-01 
  980.000  7.628791e-01 
  981.000  8.875375e-01 
  982.000  8.875375e-01 
  983.000  8.507568e-01 
  984.000  8.822814e-01 
  985.000  8.822814e-01 
  986.000  9.522712e-01 
  987.000  9.243028e-01 
  988.000  9.243028e-01 
  989.000  9.677665e-01 
  990.000  9.491464e-01 
  991.000  9.491464e-01 
  992.000  9.620337e-01 
  993.000  9.593661e-01 
  994.000  9.593661e-01 
  995.000  9.783002e-01 
  996.000  9.787202e-01 
  997.000  9.787202e-01 
  998.000  9.787585e-01 
  999.000  9.771240e-01 
 1000.000  9.771240e-01 
 1001.000  9.779900e-01 
 1002.000  9.530053e-01 
 1003.000  9.530053e-01 
 1004.000  9.780468e-01 
 1005.000  9.793212e-01 
 1006.000  9.793212e-01 
 1007.000  9.801773e-01 
 1008.000  9.748974e-01 
 1009.000  9.748974e-01 
 1010.000  9.563998e-01 
 1011.000  9.799643e-01 
 1012.000  9.799643e-01 
 1013.000  9.809383e-01 
 1014.000  9.801748e-01 
 1015.000  9.801748e-01 
 1016.000  9.815142e-01 
 1017.000  9.800213e-01 
 1018.000  9.800213e-01 
 1019.000  9.782155e-01 
 1020.000  9.819391e-01 
 1021.000  9.819391e-01 
 1022.000  9.785662e-01 
 1023.000  9.785662e-01 
 1024.000  9.777278e-01 
 1025.000  9.820622e-01 
 1026.000  9.820622e-01 
 1027.000  9.800847e-01 
 1028.000  9.824208e-01 
 1029.000  9.824208e-01 
 1030.000  9.834735e-01 
 1031.000  9.831885e-01 
 1032.000  9.831885e-01 
 1033.000  9.836422e-01 
 1034.000  9.836422e-01 
 1035.000  9.842616e-01 
 1036.000  9.836048e-01 
 1037.000  9.836048e-01 
 1038.000  9.835573e-01 
 1039.000  9.828117e-01 
 1040.000  9.828117e-01 
 1041.000  9.823643e-01 
 1042.000  9.823643e-01 
 1043.000  9.817417e-01 
 1044.000  9.807558e-01 
 1045.000  9.807558e-01 
 1046.000  9.793841e-01 
 1047.000  9.793841e-01 
 1048.000  9.780049e-01 
 1049.000  9.751869e-01 
 1050.000  9.751869e-01 
 1051.000  9.739845e-01 
 1052.000  9.739845e-01 
 1053.000  9.720858e-01 
 1054.000  9.704511e-01 
 1055.000  9.704511e-01 
 1056.000  9.685681e-01 
 1057.000  9.685681e-01 
 1058.000  9.668769e-01 
 1059.000  9.652312e-01 
 1060.000  9.652312e-01 
 1061.000  9.641775e-01 
 1062.000  9.641775e-01 
 1063.000  9.619626e-01 
 1064.000  9.596971e-01 
 1065.000  9.596971e-01 
 1066.000  9.629838e-01 
 1067.000  9.629838e-01 
 1068.000  9.607887e-01 
 1069.000  9.601869e-01 
 1070.000  9.601869e-01 
 1071.000  9.642987e-01 
 1072.000  9.642987e-01 
 1073.000  9.661581e-01 
 1074.000  9.661581e-01 
 1075.000  9.511112e-01 
 1076.000  9.480056e-01 
 1077.000  9.480056e-01 
 1078.000  9.623266e-01 
 1079.000  9.623266e-01 
 1080.000  9.463537e-01 
 1081.000  9.463537e-01 
 1082.000  9.537074e-01 
 1083.000  9.395643e-01 
 1084.000  9.395643e-01 
 1085.000  9.148950e-01 
 1086.000  9.148950e-01 
 1087.000  9.500352e-01 
 1088.000  9.500352e-01 
 1089.000  9.316033e-01 
 1090.000  9.235382e-01 
 1091.000  9.235382e-01 
 1092.000  8.946865e-01 
 1093.000  8.946865e-01 
 1094.000  8.941281e-01 
 1095.000  8.941281e-01 
 1096.000  8.785248e-01 
 1097.000  8.785248e-01 
 1098.000  8.437579e-01 
 1099.000  7.635372e-01 
 1100.000  7.635372e-01 
 1101.000  7.702104e-01 
 1102.000  7.702104e-01 
 1103.000  7.347930e-01 
 1104.000  7.347930e-01 
 1105.000  7.093028e-01 
 1106.000  7.093028e-01 
 1107.000  7.124782e-01 
 1108.000  7.124782e-01 
 1109.000  6.524522e-01 
 1110.000  6.410452e-01 
 1111.000  6.410452e-01 
 1112.000  5.733110e-01 
 1113.000  5.733110e-01 
 1114.000  4.565671e-01 
 1115.000  4.565671e-01 
 1116.000  2.192371e-01 
 1117.000  2.192371e-01 
 1118.000  3.002698e-01 
 1119.000  3.002698e-01 
 1120.000  2.145961e-01 
 1121.000  2.145961e-01 
 1122.000  9.830128e-02 
 1123.000  2.517312e-01 
 1124.000  2.517312e-01 
 1125.000  1.039446e-01 
 1126.000  1.039446e-01 
 1127.000  1.402587e-01 
 1128.000  1.402587e-01 
 1129.000  1.248024e-01 
 1130.000  1.248024e-01 
 1131.000  3.986683e-01 
 1132.000  3.986683e-01 
 1133.000  1.383740e-01 
 1134.000  1.383740e-01 
 1135.000  7.371174e-02 
 1136.000  7.371174e-02 
 1137.000  3.796839e-01 
 1138.000  3.796839e-01 
 1139.000  3.761360e-01 
 1140.000  3.761360e-01 
 1141.000  3.392869e-01 
 1142.000  3.392869e-01 
 1143.000  3.902610e-01 
 1144.000  3.902610e-01 
 1145.000  1.623003e-01 
 1146.000  1.623003e-01 
 1147.000  1.709755e-01 
 1148.000  1.709755e-01 
 1149.000  3.096299e-01 
 1150.000  3.096299e-01 
 1151.000  3.616752e-01 
 1152.000  3.616752e-01 
 1153.000  3.269957e-01 
 1154.000  3.269957e-01 
 1155.000  3.865905e-01 
 1156.000  3.865905e-01 
 1157.000  5.215163e-01 
 1158.000  5.215163e-01 
 1159.000  6.114659e-01 
 1160.000  6.114659e-01 
 1161.000  5.929794e-01 
 1162.000  5.929794e-01 
 1163.000  7.297807e-01 
 1164.000  7.297807e-01 
 1165.000  6.768075e-01 
 1166.000  6.768075e-01 
 1167.000  7.549949e-01 
 1168.000  7.549949e-01 
 1169.000  7.757845e-01 
 1170.000  7.757845e-01 
 1171.000  8.045255e-01 
 1172.000  8.045255e-01 
 1173.000  6.635393e-01 
 1174.000  6.635393e-01 
 1175.000  8.839992e-01 
 1176.000  8.839992e-01 
 1177.000  7.512304e-01 
 1178.000  7.512304e-01 
 1179.000  8.569518e-01 
 1180.000  8.569518e-01 
 1181.000  6.783029e-01 
 1182.000  6.783029e-01 
 1183.000  7.999670e-01 
 1184.000  7.999670e-01 
 1185.000  8.255441e-01 
 1186.000  8.255441e-01 
 1187.000  7.146904e-01 
 1188.000  7.146904e-01 
 1189.000  7.146904e-01 
 1190.000  8.081090e-01 
 1191.000  8.081090e-01 
 1192.000  8.930072e-01 
 1193.000  8.930072e-01 
 1194.000  8.342956e-01 
 1195.000  8.342956e-01 
 1196.000  8.351100e-01 
 1197.000  8.351100e-01 
 1198.000  7.842358e-01 
 1199.000  7.842358e-01 
 1200.000  7.927859e-01 
