  250.000  0.000000e+00 
  251.000  0.000000e+00 
  252.000  0.000000e+00 
  253.000  0.000000e+00 
  254.000  0.000000e+00 
  255.000  0.000000e+00 
  256.000  0.000000e+00 
  257.000  0.000000e+00 
  258.000  0.000000e+00 
  259.000  0.000000e+00 
  260.000  0.000000e+00 
  261.000  0.000000e+00 
  262.000  0.000000e+00 
  263.000  0.000000e+00 
  264.000  0.000000e+00 
  265.000  0.000000e+00 
  266.000  0.000000e+00 
  267.000  0.000000e+00 
  268.000  0.000000e+00 
  269.000  0.000000e+00 
  270.000  0.000000e+00 
  271.000  0.000000e+00 
  272.000  0.000000e+00 
  273.000  0.000000e+00 
  274.000  0.000000e+00 
  275.000  0.000000e+00 
  276.000  0.000000e+00 
  277.000  0.000000e+00 
  278.000  0.000000e+00 
  279.000  0.000000e+00 
  280.000  0.000000e+00 
  281.000  0.000000e+00 
  282.000  0.000000e+00 
  283.000  0.000000e+00 
  284.000  0.000000e+00 
  285.000  0.000000e+00 
  286.000  0.000000e+00 
  287.000  0.000000e+00 
  288.000  0.000000e+00 
  289.000  0.000000e+00 
  290.000  0.000000e+00 
  291.000  0.000000e+00 
  292.000  5.331998e-13 
  293.000  8.103116e-12 
  294.000  1.774084e-10 
  295.000  1.295190e-09 
  296.000  2.113443e-08 
  297.000  1.126507e-07 
  298.000  8.323037e-07 
  299.000  3.247623e-06 
  300.000  1.332333e-05 
  301.000  4.232223e-05 
  302.000  1.105513e-04 
  303.000  3.505984e-04 
  304.000  5.358633e-04 
  305.000  1.367395e-03 
  306.000  2.296159e-03 
  307.000  4.357865e-03 
  308.000  6.544515e-03 
  309.000  9.562202e-03 
  310.000  1.575738e-02 
  311.000  1.918099e-02 
  312.000  2.558297e-02 
  313.000  3.464643e-02 
  314.000  3.892508e-02 
  315.000  5.257675e-02 
  316.000  5.652323e-02 
  317.000  6.884123e-02 
  318.000  7.661400e-02 
  319.000  9.978206e-02 
  320.000  8.431657e-02 
  321.000  1.212510e-01 
  322.000  1.053717e-01 
  323.000  1.234701e-01 
  324.000  1.514036e-01 
  325.000  1.310913e-01 
  326.000  1.598926e-01 
  327.000  1.693622e-01 
  328.000  1.534042e-01 
  329.000  1.885285e-01 
  330.000  1.947273e-01 
  331.000  1.789452e-01 
  332.000  2.043903e-01 
  333.000  2.098923e-01 
  334.000  2.057569e-01 
  335.000  2.226165e-01 
  336.000  2.293551e-01 
  337.000  2.244812e-01 
  338.000  2.356307e-01 
  339.000  2.437445e-01 
  340.000  2.421680e-01 
  341.000  2.513977e-01 
  342.000  2.577868e-01 
  343.000  2.616880e-01 
  344.000  2.599353e-01 
  345.000  2.701367e-01 
  346.000  2.751691e-01 
  347.000  2.793037e-01 
  348.000  2.838403e-01 
  349.000  2.893168e-01 
  350.000  2.936035e-01 
  351.000  2.986656e-01 
  352.000  3.027927e-01 
  353.000  3.077504e-01 
  354.000  3.113183e-01 
  355.000  3.152362e-01 
  356.000  3.202246e-01 
  357.000  3.234887e-01 
  358.000  3.271609e-01 
  359.000  3.307955e-01 
  360.000  3.343507e-01 
  361.000  3.380684e-01 
  362.000  3.438002e-01 
  363.000  3.486892e-01 
  364.000  3.535798e-01 
  365.000  3.576865e-01 
  366.000  3.622812e-01 
  367.000  3.666189e-01 
  368.000  3.707694e-01 
  369.000  3.742761e-01 
  370.000  3.784578e-01 
  371.000  3.828948e-01 
  372.000  3.865605e-01 
  373.000  3.910947e-01 
  374.000  3.954273e-01 
  375.000  3.989509e-01 
  376.000  4.026077e-01 
  377.000  4.068160e-01 
  378.000  4.100940e-01 
  379.000  4.136502e-01 
  380.000  4.170592e-01 
  381.000  4.208006e-01 
  382.000  4.258018e-01 
  383.000  4.309203e-01 
  384.000  4.344127e-01 
  385.000  4.389181e-01 
  386.000  4.425353e-01 
  387.000  4.468026e-01 
  388.000  4.501666e-01 
  389.000  4.535993e-01 
  390.000  4.579056e-01 
  391.000  4.614534e-01 
  392.000  4.644188e-01 
  393.000  4.694427e-01 
  394.000  4.729014e-01 
  395.000  4.762583e-01 
  396.000  4.804987e-01 
  397.000  4.843811e-01 
  398.000  4.870492e-01 
  399.000  4.907790e-01 
  400.000  4.939334e-01 
  401.000  4.981541e-01 
  402.000  5.019681e-01 
  403.000  5.058845e-01 
  404.000  5.084758e-01 
  405.000  5.120885e-01 
  406.000  5.155289e-01 
  407.000  5.199813e-01 
  408.000  5.221370e-01 
  409.000  5.252956e-01 
  410.000  5.286675e-01 
  411.000  5.324378e-01 
  412.000  5.363737e-01 
  413.000  5.384719e-01 
  414.000  5.425284e-01 
  415.000  5.457218e-01 
  416.000  5.498589e-01 
  417.000  5.522836e-01 
  418.000  5.550300e-01 
  419.000  5.589809e-01 
  420.000  5.616180e-01 
  421.000  5.647011e-01 
  422.000  5.672245e-01 
  423.000  5.707233e-01 
  424.000  5.733895e-01 
  425.000  5.774587e-01 
  426.000  5.805109e-01 
  427.000  5.832998e-01 
  428.000  5.858327e-01 
  429.000  5.895680e-01 
  430.000  5.926269e-01 
  431.000  5.937843e-01 
  432.000  5.981205e-01 
  433.000  6.010907e-01 
  434.000  6.030052e-01 
  435.000  6.049815e-01 
  436.000  6.084925e-01 
  437.000  6.130637e-01 
  438.000  6.153824e-01 
  439.000  6.158634e-01 
  440.000  6.193049e-01 
  441.000  6.223091e-01 
  442.000  6.259099e-01 
  443.000  6.278089e-01 
  444.000  6.301026e-01 
  445.000  6.312624e-01 
  446.000  6.345833e-01 
  447.000  6.377438e-01 
  448.000  6.378195e-01 
  449.000  6.423357e-01 
  450.000  6.459908e-01 
  451.000  6.481543e-01 
  452.000  6.499301e-01 
  453.000  6.526266e-01 
  454.000  6.563350e-01 
  455.000  6.575651e-01 
  456.000  6.596666e-01 
  457.000  6.621279e-01 
  458.000  6.635864e-01 
  459.000  6.657909e-01 
  460.000  6.670503e-01 
  461.000  6.693593e-01 
  462.000  6.725965e-01 
  463.000  6.727031e-01 
  464.000  6.758935e-01 
  465.000  6.780906e-01 
  466.000  6.821067e-01 
  467.000  6.832369e-01 
  468.000  6.855319e-01 
  469.000  6.875545e-01 
  470.000  6.896828e-01 
  471.000  6.916328e-01 
  472.000  6.924918e-01 
  473.000  6.930063e-01 
  474.000  6.917088e-01 
  475.000  6.919956e-01 
  476.000  6.926947e-01 
  477.000  6.934538e-01 
  478.000  6.944619e-01 
  479.000  6.965007e-01 
  480.000  6.990057e-01 
  481.000  7.034121e-01 
  482.000  7.069865e-01 
  483.000  7.102490e-01 
  484.000  7.118806e-01 
  485.000  7.132865e-01 
  486.000  7.144905e-01 
  487.000  7.171148e-01 
  488.000  7.184938e-01 
  489.000  7.195692e-01 
  490.000  7.225505e-01 
  491.000  7.243226e-01 
  492.000  7.258784e-01 
  493.000  7.274182e-01 
  494.000  7.284396e-01 
  495.000  7.296329e-01 
  496.000  7.303159e-01 
  497.000  7.315934e-01 
  498.000  7.324975e-01 
  499.000  7.336268e-01 
  500.000  7.343885e-01 
  501.000  7.342473e-01 
  502.000  7.337064e-01 
  503.000  7.331065e-01 
  504.000  7.329357e-01 
  505.000  7.331451e-01 
  506.000  7.356808e-01 
  507.000  7.371339e-01 
  508.000  7.394263e-01 
  509.000  7.406905e-01 
  510.000  7.425172e-01 
  511.000  7.443843e-01 
  512.000  7.455348e-01 
  513.000  7.479148e-01 
  514.000  7.490030e-01 
  515.000  7.509391e-01 
  516.000  7.516188e-01 
  517.000  7.529028e-01 
  518.000  7.531335e-01 
  519.000  7.538534e-01 
  520.000  7.542201e-01 
  521.000  7.550972e-01 
  522.000  7.552512e-01 
  523.000  7.554883e-01 
  524.000  7.556703e-01 
  525.000  7.550475e-01 
  526.000  7.544794e-01 
  527.000  7.542747e-01 
  528.000  7.534899e-01 
  529.000  7.530733e-01 
  530.000  7.526071e-01 
  531.000  7.529395e-01 
  532.000  7.533134e-01 
  533.000  7.540302e-01 
  534.000  7.550130e-01 
  535.000  7.556037e-01 
  536.000  7.566982e-01 
  537.000  7.578188e-01 
  538.000  7.583869e-01 
  539.000  7.589021e-01 
  540.000  7.599556e-01 
  541.000  7.598698e-01 
  542.000  7.601022e-01 
  543.000  7.608902e-01 
  544.000  7.615916e-01 
  545.000  7.613841e-01 
  546.000  7.619240e-01 
  547.000  7.632526e-01 
  548.000  7.644301e-01 
  549.000  7.647557e-01 
  550.000  7.657170e-01 
  551.000  7.662880e-01 
  552.000  7.666216e-01 
  553.000  7.669287e-01 
  554.000  7.674560e-01 
  555.000  7.678325e-01 
  556.000  7.671798e-01 
  557.000  7.661331e-01 
  558.000  7.652838e-01 
  559.000  7.641465e-01 
  560.000  7.631366e-01 
  561.000  7.623191e-01 
  562.000  7.617065e-01 
  563.000  7.607042e-01 
  564.000  7.596746e-01 
  565.000  7.587953e-01 
  566.000  7.583081e-01 
  567.000  7.573906e-01 
  568.000  7.560587e-01 
  569.000  7.526051e-01 
  570.000  7.501370e-01 
  571.000  7.498212e-01 
  572.000  7.481461e-01 
  573.000  7.476263e-01 
  574.000  7.463338e-01 
  575.000  7.459576e-01 
  576.000  7.465469e-01 
  577.000  7.474826e-01 
  578.000  7.500770e-01 
  579.000  7.525330e-01 
  580.000  7.546729e-01 
  581.000  7.583771e-01 
  582.000  7.619672e-01 
  583.000  7.650115e-01 
  584.000  7.695699e-01 
  585.000  7.712528e-01 
  586.000  7.733020e-01 
  587.000  7.738761e-01 
  588.000  7.748743e-01 
  589.000  7.695578e-01 
  590.000  7.704224e-01 
  591.000  7.728131e-01 
  592.000  7.681260e-01 
  593.000  7.757752e-01 
  594.000  7.724432e-01 
  595.000  7.748536e-01 
  596.000  7.756000e-01 
  597.000  7.754711e-01 
  598.000  7.753015e-01 
  599.000  7.762610e-01 
  600.000  7.760379e-01 
  601.000  7.774434e-01 
  602.000  7.790723e-01 
  603.000  7.799656e-01 
  604.000  7.807815e-01 
  605.000  7.816944e-01 
  606.000  7.838290e-01 
  607.000  7.855279e-01 
  608.000  7.878007e-01 
  609.000  7.887334e-01 
  610.000  7.906049e-01 
  611.000  7.920936e-01 
  612.000  7.943088e-01 
  613.000  7.961546e-01 
  614.000  7.974957e-01 
  615.000  7.990593e-01 
  616.000  8.013046e-01 
  617.000  8.029336e-01 
  618.000  8.040283e-01 
  619.000  8.056548e-01 
  620.000  8.071087e-01 
  621.000  8.081783e-01 
  622.000  8.086567e-01 
  623.000  8.097248e-01 
  624.000  8.101671e-01 
  625.000  8.106955e-01 
  626.000  8.110057e-01 
  627.000  8.112980e-01 
  628.000  7.842573e-01 
  629.000  7.972648e-01 
  630.000  8.028086e-01 
  631.000  8.126435e-01 
  632.000  8.167931e-01 
  633.000  8.194726e-01 
  634.000  8.233753e-01 
  635.000  8.243979e-01 
  636.000  8.284537e-01 
  637.000  8.330030e-01 
  638.000  8.357138e-01 
  639.000  8.387316e-01 
  640.000  8.404400e-01 
  641.000  8.435389e-01 
  642.000  8.452592e-01 
  643.000  8.462998e-01 
  644.000  8.479061e-01 
  645.000  8.494044e-01 
  646.000  8.488268e-01 
  647.000  8.475646e-01 
  648.000  8.457970e-01 
  649.000  8.498578e-01 
  650.000  8.561965e-01 
  651.000  8.573627e-01 
  652.000  8.573322e-01 
  653.000  8.597218e-01 
  654.000  8.618221e-01 
  655.000  8.571100e-01 
  656.000  8.619412e-01 
  657.000  8.638825e-01 
  658.000  8.671270e-01 
  659.000  8.695610e-01 
  660.000  8.700043e-01 
  661.000  8.720911e-01 
  662.000  8.725255e-01 
  663.000  8.740257e-01 
  664.000  8.750125e-01 
  665.000  8.761604e-01 
  666.000  8.773421e-01 
  667.000  8.790774e-01 
  668.000  8.799450e-01 
  669.000  8.814143e-01 
  670.000  8.821947e-01 
  671.000  8.839350e-01 
  672.000  8.843061e-01 
  673.000  8.857588e-01 
  674.000  8.863088e-01 
  675.000  8.878133e-01 
  676.000  8.882789e-01 
  677.000  8.890651e-01 
  678.000  8.903578e-01 
  679.000  8.910635e-01 
  680.000  8.924602e-01 
  681.000  8.930949e-01 
  682.000  8.949000e-01 
  683.000  8.953806e-01 
  684.000  8.970565e-01 
  685.000  8.977675e-01 
  686.000  8.988760e-01 
  687.000  5.616477e-01 
  688.000  7.324777e-01 
  689.000  7.785771e-01 
  690.000  8.143592e-01 
  691.000  8.393046e-01 
  692.000  8.822630e-01 
  693.000  8.809162e-01 
  694.000  8.813787e-01 
  695.000  8.941643e-01 
  696.000  8.911994e-01 
  697.000  9.071105e-01 
  698.000  9.071388e-01 
  699.000  9.010121e-01 
  700.000  9.028329e-01 
  701.000  8.983567e-01 
  702.000  9.012523e-01 
  703.000  9.040759e-01 
  704.000  9.060062e-01 
  705.000  9.071494e-01 
  706.000  9.101084e-01 
  707.000  9.124539e-01 
  708.000  9.143777e-01 
  709.000  9.150048e-01 
  710.000  9.147195e-01 
  711.000  9.172487e-01 
  712.000  9.166344e-01 
  713.000  9.186415e-01 
  714.000  9.176258e-01 
  715.000  9.153646e-01 
  716.000  9.164273e-01 
  717.000  9.032333e-01 
  718.000  8.647863e-01 
  719.000  8.237690e-01 
  720.000  8.722672e-01 
  721.000  9.132146e-01 
  722.000  9.126244e-01 
  723.000  9.109603e-01 
  724.000  8.583043e-01 
  725.000  8.781176e-01 
  726.000  9.007812e-01 
  727.000  8.911197e-01 
  728.000  8.740402e-01 
  729.000  8.849480e-01 
  730.000  9.049836e-01 
  731.000  8.943196e-01 
  732.000  9.008518e-01 
  733.000  9.175783e-01 
  734.000  9.264253e-01 
  735.000  9.209410e-01 
  736.000  9.251705e-01 
  737.000  9.256655e-01 
  738.000  9.283862e-01 
  739.000  9.294075e-01 
  740.000  9.326311e-01 
  741.000  9.344966e-01 
  742.000  9.354466e-01 
  743.000  9.356277e-01 
  744.000  9.363829e-01 
  745.000  9.369269e-01 
  746.000  9.377217e-01 
  747.000  9.382055e-01 
  748.000  9.385276e-01 
  749.000  9.388149e-01 
  750.000  9.392856e-01 
  751.000  9.395841e-01 
  752.000  9.406894e-01 
  753.000  9.409993e-01 
  754.000  9.414054e-01 
  755.000  9.418303e-01 
  756.000  9.421023e-01 
  757.000  9.425197e-01 
  758.000  9.433085e-01 
  759.000  9.286995e-01 
  760.000  2.451638e-01 
  761.000  1.381022e-01 
  762.000  5.428858e-01 
  763.000  4.248501e-01 
  764.000  5.023633e-01 
  765.000  6.511502e-01 
  766.000  7.920641e-01 
  767.000  8.470719e-01 
  768.000  9.172707e-01 
  769.000  9.360854e-01 
  770.000  9.357430e-01 
  771.000  9.444425e-01 
  772.000  9.473691e-01 
  773.000  9.475184e-01 
  774.000  9.476326e-01 
  775.000  9.477631e-01 
  776.000  9.479961e-01 
  777.000  9.483331e-01 
  778.000  9.485334e-01 
  779.000  9.487368e-01 
  780.000  9.489068e-01 
  781.000  9.494660e-01 
  782.000  9.498987e-01 
  783.000  9.502057e-01 
  784.000  9.502786e-01 
  785.000  9.503514e-01 
  786.000  9.494964e-01 
  787.000  9.498422e-01 
  788.000  9.476437e-01 
  789.000  9.480478e-01 
  790.000  9.442246e-01 
  791.000  9.450022e-01 
  792.000  9.470145e-01 
  793.000  9.483448e-01 
  794.000  9.539302e-01 
  795.000  9.524416e-01 
  796.000  9.416404e-01 
  797.000  9.498449e-01 
  798.000  9.508379e-01 
  799.000  9.526457e-01 
  800.000  9.481741e-01 
  801.000  9.461043e-01 
  802.000  9.493199e-01 
  803.000  9.487913e-01 
  804.000  9.486894e-01 
  805.000  9.508441e-01 
  806.000  9.549673e-01 
  807.000  9.526588e-01 
  808.000  9.552903e-01 
  809.000  9.514345e-01 
  810.000  9.495628e-01 
  811.000  9.503856e-01 
  812.000  9.463590e-01 
  813.000  9.380605e-01 
  814.000  9.232857e-01 
  815.000  9.042410e-01 
  816.000  9.190089e-01 
  817.000  8.494194e-01 
  818.000  8.982620e-01 
  819.000  9.196954e-01 
  820.000  8.919798e-01 
  821.000  9.507557e-01 
  822.000  9.438154e-01 
  823.000  8.293045e-01 
  824.000  9.348831e-01 
  825.000  9.475554e-01 
  826.000  9.343579e-01 
  827.000  9.473071e-01 
  828.000  9.118286e-01 
  829.000  9.396742e-01 
  830.000  9.334239e-01 
  831.000  9.367597e-01 
  832.000  9.365960e-01 
  833.000  9.470944e-01 
  834.000  9.469362e-01 
  835.000  9.528487e-01 
  836.000  9.535288e-01 
  837.000  9.534464e-01 
  838.000  9.573707e-01 
  839.000  9.593368e-01 
  840.000  9.600091e-01 
  841.000  9.600091e-01 
  842.000  9.567230e-01 
  843.000  9.631990e-01 
  844.000  9.595009e-01 
  845.000  9.626890e-01 
  846.000  9.636277e-01 
  847.000  9.642506e-01 
  848.000  9.636590e-01 
  849.000  9.641438e-01 
  850.000  9.646071e-01 
  851.000  9.661795e-01 
  852.000  9.677053e-01 
  853.000  9.681085e-01 
  854.000  9.680211e-01 
  855.000  9.680211e-01 
  856.000  9.683850e-01 
  857.000  9.692839e-01 
  858.000  9.687369e-01 
  859.000  9.693238e-01 
  860.000  9.697450e-01 
  861.000  9.697266e-01 
  862.000  9.700758e-01 
  863.000  9.698010e-01 
  864.000  9.704872e-01 
  865.000  9.704872e-01 
  866.000  9.705061e-01 
  867.000  9.706929e-01 
  868.000  9.707249e-01 
  869.000  9.708304e-01 
  870.000  9.710892e-01 
  871.000  9.711957e-01 
  872.000  9.714479e-01 
  873.000  9.715338e-01 
  874.000  9.715338e-01 
  875.000  9.718504e-01 
  876.000  9.719564e-01 
  877.000  9.720597e-01 
  878.000  9.721498e-01 
  879.000  9.721917e-01 
  880.000  9.725167e-01 
  881.000  9.725167e-01 
  882.000  9.722951e-01 
  883.000  9.724648e-01 
  884.000  9.726551e-01 
  885.000  9.728736e-01 
  886.000  9.707512e-01 
  887.000  9.729661e-01 
  888.000  9.729661e-01 
  889.000  9.724680e-01 
  890.000  9.714075e-01 
  891.000  9.732514e-01 
  892.000  9.713683e-01 
  893.000  9.661781e-01 
  894.000  9.661781e-01 
  895.000  9.534332e-01 
  896.000  9.418093e-01 
  897.000  8.846785e-01 
  898.000  9.395199e-01 
  899.000  8.295798e-01 
  900.000  8.295798e-01 
  901.000  8.539677e-01 
  902.000  8.783536e-01 
  903.000  9.030713e-01 
  904.000  9.587546e-01 
  905.000  9.515858e-01 
  906.000  9.515858e-01 
  907.000  8.934063e-01 
  908.000  8.745494e-01 
  909.000  8.853741e-01 
  910.000  8.732644e-01 
  911.000  8.732644e-01 
  912.000  9.333804e-01 
  913.000  9.039102e-01 
  914.000  8.830181e-01 
  915.000  8.506014e-01 
  916.000  8.506014e-01 
  917.000  9.315706e-01 
  918.000  8.662510e-01 
  919.000  9.164879e-01 
  920.000  9.585752e-01 
  921.000  9.585752e-01 
  922.000  9.480803e-01 
  923.000  9.473763e-01 
  924.000  9.372835e-01 
  925.000  9.372835e-01 
  926.000  9.424961e-01 
  927.000  9.466373e-01 
  928.000  8.847493e-01 
  929.000  8.721984e-01 
  930.000  8.721984e-01 
  931.000  7.665963e-01 
  932.000  6.076772e-01 
  933.000  6.422365e-01 
  934.000  6.422365e-01 
  935.000  5.887946e-01 
  936.000  5.604715e-01 
  937.000  5.611793e-01 
  938.000  5.611793e-01 
  939.000  6.786807e-01 
  940.000  7.949061e-01 
  941.000  7.530974e-01 
  942.000  7.530974e-01 
  943.000  6.571297e-01 
  944.000  6.625880e-01 
  945.000  7.532945e-01 
  946.000  7.532945e-01 
  947.000  6.736957e-01 
  948.000  6.970059e-01 
  949.000  7.477741e-01 
  950.000  7.477741e-01 
  951.000  7.563352e-01 
  952.000  6.713852e-01 
  953.000  7.930236e-01 
  954.000  7.930236e-01 
  955.000  7.872764e-01 
  956.000  6.913152e-01 
  957.000  8.264801e-01 
  958.000  8.264801e-01 
  959.000  7.545016e-01 
  960.000  8.173001e-01 
  961.000  8.173001e-01 
  962.000  8.325068e-01 
  963.000  8.805748e-01 
  964.000  8.081619e-01 
  965.000  8.081619e-01 
  966.000  8.566791e-01 
  967.000  9.148573e-01 
  968.000  9.148573e-01 
  969.000  9.271742e-01 
  970.000  9.503241e-01 
  971.000  9.577433e-01 
  972.000  9.577433e-01 
  973.000  9.488149e-01 
  974.000  9.020249e-01 
  975.000  9.020249e-01 
  976.000  8.881664e-01 
  977.000  9.368232e-01 
  978.000  9.301289e-01 
  979.000  9.301289e-01 
  980.000  9.309393e-01 
  981.000  9.678347e-01 
  982.000  9.678347e-01 
  983.000  9.567996e-01 
  984.000  9.667391e-01 
  985.000  9.667391e-01 
  986.000  9.783124e-01 
  987.000  9.740253e-01 
  988.000  9.740253e-01 
  989.000  9.807470e-01 
  990.000  9.781609e-01 
  991.000  9.781609e-01 
  992.000  9.800284e-01 
  993.000  9.797323e-01 
  994.000  9.797323e-01 
  995.000  9.825993e-01 
  996.000  9.826913e-01 
  997.000  9.826913e-01 
  998.000  9.828026e-01 
  999.000  9.826773e-01 
 1000.000  9.826773e-01 
 1001.000  9.829018e-01 
 1002.000  9.792011e-01 
 1003.000  9.792011e-01 
 1004.000  9.830428e-01 
 1005.000  9.832640e-01 
 1006.000  9.832640e-01 
 1007.000  9.834569e-01 
 1008.000  9.828405e-01 
 1009.000  9.828405e-01 
 1010.000  9.801130e-01 
 1011.000  9.836757e-01 
 1012.000  9.836757e-01 
 1013.000  9.839107e-01 
 1014.000  9.839043e-01 
 1015.000  9.839043e-01 
 1016.000  9.841416e-01 
 1017.000  9.840516e-01 
 1018.000  9.840516e-01 
 1019.000  9.838850e-01 
 1020.000  9.844575e-01 
 1021.000  9.844575e-01 
 1022.000  9.840927e-01 
 1023.000  9.840927e-01 
 1024.000  9.840173e-01 
 1025.000  9.846764e-01 
 1026.000  9.846764e-01 
 1027.000  9.844493e-01 
 1028.000  9.847888e-01 
 1029.000  9.847888e-01 
 1030.000  9.849339e-01 
 1031.000  9.848772e-01 
 1032.000  9.848772e-01 
 1033.000  9.848647e-01 
 1034.000  9.848647e-01 
 1035.000  9.848397e-01 
 1036.000  9.842053e-01 
 1037.000  9.842053e-01 
 1038.000  9.841564e-01 
 1039.000  9.835293e-01 
 1040.000  9.835293e-01 
 1041.000  9.830136e-01 
 1042.000  9.830136e-01 
 1043.000  9.824056e-01 
 1044.000  9.814554e-01 
 1045.000  9.814554e-01 
 1046.000  9.801334e-01 
 1047.000  9.801334e-01 
 1048.000  9.788043e-01 
 1049.000  9.760867e-01 
 1050.000  9.760867e-01 
 1051.000  9.749294e-01 
 1052.000  9.749294e-01 
 1053.000  9.731000e-01 
 1054.000  9.715449e-01 
 1055.000  9.715449e-01 
 1056.000  9.697141e-01 
 1057.000  9.697141e-01 
 1058.000  9.681056e-01 
 1059.000  9.665039e-01 
 1060.000  9.665039e-01 
 1061.000  9.654995e-01 
 1062.000  9.654995e-01 
 1063.000  9.637449e-01 
 1064.000  9.628857e-01 
 1065.000  9.628857e-01 
 1066.000  9.643872e-01 
 1067.000  9.643872e-01 
 1068.000  9.633598e-01 
 1069.000  9.655244e-01 
 1070.000  9.655244e-01 
 1071.000  9.675789e-01 
 1072.000  9.675789e-01 
 1073.000  9.693241e-01 
 1074.000  9.693241e-01 
 1075.000  9.688589e-01 
 1076.000  9.700913e-01 
 1077.000  9.700913e-01 
 1078.000  9.742767e-01 
 1079.000  9.742767e-01 
 1080.000  9.732770e-01 
 1081.000  9.732770e-01 
 1082.000  9.764137e-01 
 1083.000  9.756643e-01 
 1084.000  9.756643e-01 
 1085.000  9.725645e-01 
 1086.000  9.725645e-01 
 1087.000  9.793398e-01 
 1088.000  9.793398e-01 
 1089.000  9.776832e-01 
 1090.000  9.767240e-01 
 1091.000  9.767240e-01 
 1092.000  9.730645e-01 
 1093.000  9.730645e-01 
 1094.000  9.730579e-01 
 1095.000  9.730579e-01 
 1096.000  9.707966e-01 
 1097.000  9.707966e-01 
 1098.000  9.652265e-01 
 1099.000  9.436620e-01 
 1100.000  9.436620e-01 
 1101.000  9.442756e-01 
 1102.000  9.442756e-01 
 1103.000  9.358644e-01 
 1104.000  9.358644e-01 
 1105.000  9.292920e-01 
 1106.000  9.292920e-01 
 1107.000  9.281167e-01 
 1108.000  9.281167e-01 
 1109.000  9.113002e-01 
 1110.000  8.796660e-01 
 1111.000  8.796660e-01 
 1112.000  8.644474e-01 
 1113.000  8.644474e-01 
 1114.000  7.800753e-01 
 1115.000  7.800753e-01 
 1116.000  6.023585e-01 
 1117.000  6.023585e-01 
 1118.000  6.944254e-01 
 1119.000  6.944254e-01 
 1120.000  6.405741e-01 
 1121.000  6.405741e-01 
 1122.000  4.646446e-01 
 1123.000  6.598458e-01 
 1124.000  6.598458e-01 
 1125.000  5.099777e-01 
 1126.000  5.099777e-01 
 1127.000  5.757579e-01 
 1128.000  5.757579e-01 
 1129.000  5.788952e-01 
 1130.000  5.788952e-01 
 1131.000  8.014377e-01 
 1132.000  8.014377e-01 
 1133.000  5.811954e-01 
 1134.000  5.811954e-01 
 1135.000  3.678212e-01 
 1136.000  3.678212e-01 
 1137.000  8.096434e-01 
 1138.000  8.096434e-01 
 1139.000  7.497819e-01 
 1140.000  7.497819e-01 
 1141.000  7.387550e-01 
 1142.000  7.387550e-01 
 1143.000  7.858170e-01 
 1144.000  7.858170e-01 
 1145.000  6.086458e-01 
 1146.000  6.086458e-01 
 1147.000  5.978551e-01 
 1148.000  5.978551e-01 
 1149.000  6.884174e-01 
 1150.000  6.884174e-01 
 1151.000  7.652094e-01 
 1152.000  7.652094e-01 
 1153.000  7.170748e-01 
 1154.000  7.170748e-01 
 1155.000  7.589060e-01 
 1156.000  7.589060e-01 
 1157.000  8.215712e-01 
 1158.000  8.215712e-01 
 1159.000  8.984436e-01 
 1160.000  8.984436e-01 
 1161.000  8.841706e-01 
 1162.000  8.841706e-01 
 1163.000  9.177690e-01 
 1164.000  9.177690e-01 
 1165.000  9.072652e-01 
 1166.000  9.072652e-01 
 1167.000  9.353072e-01 
 1168.000  9.353072e-01 
 1169.000  9.435792e-01 
 1170.000  9.435792e-01 
 1171.000  9.488605e-01 
 1172.000  9.488605e-01 
 1173.000  9.086685e-01 
 1174.000  9.086685e-01 
 1175.000  9.724355e-01 
 1176.000  9.724355e-01 
 1177.000  9.342041e-01 
 1178.000  9.342041e-01 
 1179.000  9.623612e-01 
 1180.000  9.623612e-01 
 1181.000  9.027163e-01 
 1182.000  9.027163e-01 
 1183.000  9.486207e-01 
 1184.000  9.486207e-01 
 1185.000  9.629451e-01 
 1186.000  9.629451e-01 
 1187.000  9.078531e-01 
 1188.000  9.078531e-01 
 1189.000  9.078531e-01 
 1190.000  9.480361e-01 
 1191.000  9.480361e-01 
 1192.000  9.752927e-01 
 1193.000  9.752927e-01 
 1194.000  9.562158e-01 
 1195.000  9.562158e-01 
 1196.000  9.662606e-01 
 1197.000  9.662606e-01 
 1198.000  9.479719e-01 
 1199.000  9.479719e-01 
 1200.000  9.443162e-01 
