  250.000  0.000000e+00 
  251.000  0.000000e+00 
  252.000  0.000000e+00 
  253.000  0.000000e+00 
  254.000  0.000000e+00 
  255.000  0.000000e+00 
  256.000  0.000000e+00 
  257.000  0.000000e+00 
  258.000  0.000000e+00 
  259.000  0.000000e+00 
  260.000  0.000000e+00 
  261.000  0.000000e+00 
  262.000  0.000000e+00 
  263.000  0.000000e+00 
  264.000  0.000000e+00 
  265.000  0.000000e+00 
  266.000  0.000000e+00 
  267.000  0.000000e+00 
  268.000  0.000000e+00 
  269.000  0.000000e+00 
  270.000  0.000000e+00 
  271.000  0.000000e+00 
  272.000  0.000000e+00 
  273.000  0.000000e+00 
  274.000  0.000000e+00 
  275.000  0.000000e+00 
  276.000  0.000000e+00 
  277.000  0.000000e+00 
  278.000  0.000000e+00 
  279.000  0.000000e+00 
  280.000  0.000000e+00 
  281.000  0.000000e+00 
  282.000  0.000000e+00 
  283.000  0.000000e+00 
  284.000  0.000000e+00 
  285.000  0.000000e+00 
  286.000  0.000000e+00 
  287.000  0.000000e+00 
  288.000  0.000000e+00 
  289.000  0.000000e+00 
  290.000  0.000000e+00 
  291.000  0.000000e+00 
  292.000  5.331998e-13 
  293.000  8.103116e-12 
  294.000  1.774084e-10 
  295.000  1.295190e-09 
  296.000  2.113443e-08 
  297.000  1.126507e-07 
  298.000  8.323037e-07 
  299.000  3.247623e-06 
  300.000  1.332333e-05 
  301.000  4.232223e-05 
  302.000  1.105513e-04 
  303.000  3.505984e-04 
  304.000  5.358633e-04 
  305.000  1.367395e-03 
  306.000  2.296159e-03 
  307.000  4.357865e-03 
  308.000  6.544515e-03 
  309.000  9.562202e-03 
  310.000  1.575738e-02 
  311.000  1.918099e-02 
  312.000  2.558297e-02 
  313.000  3.464643e-02 
  314.000  3.892508e-02 
  315.000  5.257675e-02 
  316.000  5.652323e-02 
  317.000  6.884123e-02 
  318.000  7.661400e-02 
  319.000  9.978206e-02 
  320.000  8.431657e-02 
  321.000  1.212510e-01 
  322.000  1.053717e-01 
  323.000  1.234701e-01 
  324.000  1.514036e-01 
  325.000  1.310913e-01 
  326.000  1.598926e-01 
  327.000  1.693622e-01 
  328.000  1.534042e-01 
  329.000  1.885285e-01 
  330.000  1.947273e-01 
  331.000  1.789452e-01 
  332.000  2.043903e-01 
  333.000  2.098923e-01 
  334.000  2.057569e-01 
  335.000  2.226165e-01 
  336.000  2.293551e-01 
  337.000  2.244812e-01 
  338.000  2.356307e-01 
  339.000  2.437445e-01 
  340.000  2.421680e-01 
  341.000  2.513977e-01 
  342.000  2.577868e-01 
  343.000  2.616880e-01 
  344.000  2.599353e-01 
  345.000  2.701367e-01 
  346.000  2.751691e-01 
  347.000  2.793037e-01 
  348.000  2.838403e-01 
  349.000  2.893168e-01 
  350.000  2.936035e-01 
  351.000  2.986656e-01 
  352.000  3.027927e-01 
  353.000  3.077504e-01 
  354.000  3.113183e-01 
  355.000  3.152362e-01 
  356.000  3.202246e-01 
  357.000  3.234887e-01 
  358.000  3.271609e-01 
  359.000  3.307955e-01 
  360.000  3.343507e-01 
  361.000  3.380684e-01 
  362.000  3.438002e-01 
  363.000  3.486892e-01 
  364.000  3.535798e-01 
  365.000  3.576865e-01 
  366.000  3.622812e-01 
  367.000  3.666189e-01 
  368.000  3.707694e-01 
  369.000  3.742761e-01 
  370.000  3.784578e-01 
  371.000  3.828948e-01 
  372.000  3.865605e-01 
  373.000  3.910947e-01 
  374.000  3.954273e-01 
  375.000  3.989509e-01 
  376.000  4.026077e-01 
  377.000  4.068160e-01 
  378.000  4.100940e-01 
  379.000  4.136502e-01 
  380.000  4.170592e-01 
  381.000  4.208006e-01 
  382.000  4.258018e-01 
  383.000  4.309203e-01 
  384.000  4.344127e-01 
  385.000  4.389181e-01 
  386.000  4.425353e-01 
  387.000  4.468026e-01 
  388.000  4.501666e-01 
  389.000  4.535993e-01 
  390.000  4.579056e-01 
  391.000  4.614534e-01 
  392.000  4.644188e-01 
  393.000  4.694427e-01 
  394.000  4.729014e-01 
  395.000  4.762583e-01 
  396.000  4.804987e-01 
  397.000  4.843732e-01 
  398.000  4.870479e-01 
  399.000  4.907734e-01 
  400.000  4.939319e-01 
  401.000  4.981540e-01 
  402.000  5.019681e-01 
  403.000  5.058845e-01 
  404.000  5.084758e-01 
  405.000  5.120885e-01 
  406.000  5.155289e-01 
  407.000  5.199813e-01 
  408.000  5.221370e-01 
  409.000  5.252956e-01 
  410.000  5.286675e-01 
  411.000  5.324378e-01 
  412.000  5.363737e-01 
  413.000  5.384719e-01 
  414.000  5.425284e-01 
  415.000  5.457167e-01 
  416.000  5.498576e-01 
  417.000  5.522811e-01 
  418.000  5.550294e-01 
  419.000  5.589774e-01 
  420.000  5.616179e-01 
  421.000  5.647011e-01 
  422.000  5.672241e-01 
  423.000  5.707233e-01 
  424.000  5.733895e-01 
  425.000  5.774587e-01 
  426.000  5.805063e-01 
  427.000  5.832998e-01 
  428.000  5.858327e-01 
  429.000  5.895667e-01 
  430.000  5.926269e-01 
  431.000  5.937843e-01 
  432.000  5.981205e-01 
  433.000  6.010907e-01 
  434.000  6.030052e-01 
  435.000  6.049815e-01 
  436.000  6.084925e-01 
  437.000  6.130637e-01 
  438.000  6.153824e-01 
  439.000  6.158633e-01 
  440.000  6.193023e-01 
  441.000  6.223066e-01 
  442.000  6.257954e-01 
  443.000  6.275055e-01 
  444.000  6.300828e-01 
  445.000  6.307715e-01 
  446.000  6.339819e-01 
  447.000  6.377359e-01 
  448.000  6.378105e-01 
  449.000  6.423331e-01 
  450.000  6.459907e-01 
  451.000  6.481543e-01 
  452.000  6.499301e-01 
  453.000  6.526048e-01 
  454.000  6.563349e-01 
  455.000  6.575651e-01 
  456.000  6.596666e-01 
  457.000  6.621277e-01 
  458.000  6.635864e-01 
  459.000  6.657909e-01 
  460.000  6.670503e-01 
  461.000  6.693593e-01 
  462.000  6.725965e-01 
  463.000  6.727031e-01 
  464.000  6.758935e-01 
  465.000  6.780906e-01 
  466.000  6.820552e-01 
  467.000  6.832279e-01 
  468.000  6.855289e-01 
  469.000  6.871880e-01 
  470.000  6.891842e-01 
  471.000  6.916164e-01 
  472.000  6.924595e-01 
  473.000  6.929907e-01 
  474.000  6.917043e-01 
  475.000  6.918003e-01 
  476.000  6.926931e-01 
  477.000  6.934536e-01 
  478.000  6.944619e-01 
  479.000  6.965007e-01 
  480.000  6.990057e-01 
  481.000  7.034121e-01 
  482.000  7.069865e-01 
  483.000  7.102486e-01 
  484.000  7.118786e-01 
  485.000  7.130473e-01 
  486.000  7.142274e-01 
  487.000  7.171060e-01 
  488.000  7.184834e-01 
  489.000  7.195380e-01 
  490.000  7.225428e-01 
  491.000  7.243055e-01 
  492.000  7.258732e-01 
  493.000  7.274156e-01 
  494.000  7.284391e-01 
  495.000  7.296329e-01 
  496.000  7.303159e-01 
  497.000  7.315933e-01 
  498.000  7.324975e-01 
  499.000  7.336183e-01 
  500.000  7.343431e-01 
  501.000  7.340130e-01 
  502.000  7.321498e-01 
  503.000  7.299572e-01 
  504.000  7.267902e-01 
  505.000  7.314308e-01 
  506.000  7.321806e-01 
  507.000  7.327092e-01 
  508.000  7.367785e-01 
  509.000  7.392805e-01 
  510.000  7.421870e-01 
  511.000  7.438468e-01 
  512.000  7.451299e-01 
  513.000  7.478647e-01 
  514.000  7.489293e-01 
  515.000  7.509389e-01 
  516.000  7.516174e-01 
  517.000  7.529027e-01 
  518.000  7.531334e-01 
  519.000  7.538534e-01 
  520.000  7.542199e-01 
  521.000  7.550972e-01 
  522.000  7.552509e-01 
  523.000  7.554873e-01 
  524.000  7.554997e-01 
  525.000  7.546036e-01 
  526.000  7.544672e-01 
  527.000  7.539976e-01 
  528.000  7.534323e-01 
  529.000  7.527882e-01 
  530.000  7.525151e-01 
  531.000  7.529261e-01 
  532.000  7.532805e-01 
  533.000  7.540270e-01 
  534.000  7.549762e-01 
  535.000  7.556015e-01 
  536.000  7.566897e-01 
  537.000  7.577997e-01 
  538.000  7.583791e-01 
  539.000  7.585396e-01 
  540.000  7.594398e-01 
  541.000  7.566990e-01 
  542.000  7.580759e-01 
  543.000  7.601590e-01 
  544.000  7.609515e-01 
  545.000  7.593569e-01 
  546.000  7.585167e-01 
  547.000  7.613211e-01 
  548.000  7.637699e-01 
  549.000  7.642233e-01 
  550.000  7.646290e-01 
  551.000  7.662101e-01 
  552.000  7.664715e-01 
  553.000  7.669234e-01 
  554.000  7.674556e-01 
  555.000  7.678323e-01 
  556.000  7.671796e-01 
  557.000  7.661330e-01 
  558.000  7.652835e-01 
  559.000  7.641411e-01 
  560.000  7.631040e-01 
  561.000  7.622684e-01 
  562.000  7.616904e-01 
  563.000  7.606852e-01 
  564.000  7.596622e-01 
  565.000  7.587863e-01 
  566.000  7.583002e-01 
  567.000  7.569626e-01 
  568.000  7.554747e-01 
  569.000  7.470741e-01 
  570.000  7.447190e-01 
  571.000  7.480304e-01 
  572.000  7.430122e-01 
  573.000  7.456990e-01 
  574.000  7.428044e-01 
  575.000  7.447380e-01 
  576.000  7.442205e-01 
  577.000  7.448288e-01 
  578.000  7.494228e-01 
  579.000  7.519893e-01 
  580.000  7.544940e-01 
  581.000  7.582164e-01 
  582.000  7.613869e-01 
  583.000  7.645189e-01 
  584.000  7.685584e-01 
  585.000  7.695413e-01 
  586.000  7.716355e-01 
  587.000  7.715809e-01 
  588.000  7.691354e-01 
  589.000  7.417756e-01 
  590.000  7.407026e-01 
  591.000  7.511854e-01 
  592.000  7.313283e-01 
  593.000  7.648853e-01 
  594.000  7.483305e-01 
  595.000  7.582753e-01 
  596.000  7.635776e-01 
  597.000  7.633823e-01 
  598.000  7.641455e-01 
  599.000  7.704101e-01 
  600.000  7.714119e-01 
  601.000  7.757905e-01 
  602.000  7.781000e-01 
  603.000  7.790316e-01 
  604.000  7.805933e-01 
  605.000  7.814478e-01 
  606.000  7.836561e-01 
  607.000  7.855259e-01 
  608.000  7.877999e-01 
  609.000  7.887330e-01 
  610.000  7.905938e-01 
  611.000  7.920915e-01 
  612.000  7.943087e-01 
  613.000  7.961546e-01 
  614.000  7.974956e-01 
  615.000  7.990592e-01 
  616.000  8.013036e-01 
  617.000  8.029333e-01 
  618.000  8.040279e-01 
  619.000  8.056545e-01 
  620.000  8.071082e-01 
  621.000  8.081776e-01 
  622.000  8.086542e-01 
  623.000  8.097203e-01 
  624.000  8.101049e-01 
  625.000  8.106827e-01 
  626.000  8.108495e-01 
  627.000  8.102212e-01 
  628.000  7.761776e-01 
  629.000  7.939959e-01 
  630.000  8.026261e-01 
  631.000  8.124998e-01 
  632.000  8.141696e-01 
  633.000  8.178692e-01 
  634.000  8.218116e-01 
  635.000  8.234213e-01 
  636.000  8.266066e-01 
  637.000  8.307726e-01 
  638.000  8.350706e-01 
  639.000  8.374791e-01 
  640.000  8.393992e-01 
  641.000  8.415895e-01 
  642.000  8.446042e-01 
  643.000  8.445399e-01 
  644.000  8.469921e-01 
  645.000  8.474762e-01 
  646.000  8.398578e-01 
  647.000  8.282673e-01 
  648.000  8.174011e-01 
  649.000  8.279481e-01 
  650.000  8.506326e-01 
  651.000  8.537627e-01 
  652.000  8.474705e-01 
  653.000  8.554792e-01 
  654.000  8.561103e-01 
  655.000  8.331897e-01 
  656.000  8.494262e-01 
  657.000  8.543469e-01 
  658.000  8.633683e-01 
  659.000  8.689051e-01 
  660.000  8.684235e-01 
  661.000  8.717480e-01 
  662.000  8.720413e-01 
  663.000  8.722985e-01 
  664.000  8.743035e-01 
  665.000  8.755640e-01 
  666.000  8.769611e-01 
  667.000  8.789445e-01 
  668.000  8.798126e-01 
  669.000  8.812588e-01 
  670.000  8.821926e-01 
  671.000  8.839339e-01 
  672.000  8.843054e-01 
  673.000  8.857582e-01 
  674.000  8.863068e-01 
  675.000  8.878121e-01 
  676.000  8.882432e-01 
  677.000  8.890625e-01 
  678.000  8.903558e-01 
  679.000  8.910420e-01 
  680.000  8.923527e-01 
  681.000  8.926892e-01 
  682.000  8.946990e-01 
  683.000  8.939982e-01 
  684.000  8.956483e-01 
  685.000  8.974209e-01 
  686.000  8.980117e-01 
  687.000  5.607677e-01 
  688.000  7.323053e-01 
  689.000  7.783319e-01 
  690.000  8.131233e-01 
  691.000  8.356318e-01 
  692.000  8.731992e-01 
  693.000  8.443585e-01 
  694.000  8.002928e-01 
  695.000  8.502211e-01 
  696.000  8.386549e-01 
  697.000  8.992019e-01 
  698.000  8.970275e-01 
  699.000  8.687443e-01 
  700.000  8.716742e-01 
  701.000  8.486629e-01 
  702.000  8.595765e-01 
  703.000  8.699350e-01 
  704.000  8.767307e-01 
  705.000  8.781286e-01 
  706.000  8.887337e-01 
  707.000  8.974037e-01 
  708.000  9.039097e-01 
  709.000  9.043654e-01 
  710.000  9.013659e-01 
  711.000  9.093954e-01 
  712.000  9.048643e-01 
  713.000  9.114078e-01 
  714.000  9.058356e-01 
  715.000  8.908863e-01 
  716.000  8.937062e-01 
  717.000  8.326493e-01 
  718.000  7.206494e-01 
  719.000  6.743516e-01 
  720.000  7.163482e-01 
  721.000  8.669846e-01 
  722.000  8.639591e-01 
  723.000  8.547124e-01 
  724.000  7.232643e-01 
  725.000  7.308217e-01 
  726.000  8.067204e-01 
  727.000  7.719186e-01 
  728.000  7.153590e-01 
  729.000  7.409944e-01 
  730.000  8.188992e-01 
  731.000  7.757657e-01 
  732.000  7.985747e-01 
  733.000  8.662410e-01 
  734.000  9.034137e-01 
  735.000  8.774848e-01 
  736.000  8.952481e-01 
  737.000  8.951560e-01 
  738.000  9.060110e-01 
  739.000  9.094952e-01 
  740.000  9.237723e-01 
  741.000  9.317193e-01 
  742.000  9.326050e-01 
  743.000  9.322322e-01 
  744.000  9.346432e-01 
  745.000  9.360776e-01 
  746.000  9.375398e-01 
  747.000  9.376537e-01 
  748.000  9.382311e-01 
  749.000  9.384145e-01 
  750.000  9.389529e-01 
  751.000  9.390551e-01 
  752.000  9.405681e-01 
  753.000  9.409217e-01 
  754.000  9.412010e-01 
  755.000  9.414678e-01 
  756.000  9.416149e-01 
  757.000  9.425064e-01 
  758.000  9.432856e-01 
  759.000  9.286989e-01 
  760.000  2.451637e-01 
  761.000  1.381022e-01 
  762.000  5.428855e-01 
  763.000  4.248500e-01 
  764.000  5.023630e-01 
  765.000  6.511500e-01 
  766.000  7.920638e-01 
  767.000  8.470715e-01 
  768.000  9.172702e-01 
  769.000  9.360847e-01 
  770.000  9.357423e-01 
  771.000  9.444417e-01 
  772.000  9.473675e-01 
  773.000  9.475169e-01 
  774.000  9.475110e-01 
  775.000  9.477288e-01 
  776.000  9.479929e-01 
  777.000  9.483301e-01 
  778.000  9.485297e-01 
  779.000  9.487311e-01 
  780.000  9.488994e-01 
  781.000  9.494576e-01 
  782.000  9.496630e-01 
  783.000  9.501255e-01 
  784.000  9.493036e-01 
  785.000  9.484376e-01 
  786.000  9.430798e-01 
  787.000  9.425977e-01 
  788.000  9.320940e-01 
  789.000  9.318624e-01 
  790.000  9.137230e-01 
  791.000  9.157935e-01 
  792.000  9.233274e-01 
  793.000  9.293875e-01 
  794.000  9.516892e-01 
  795.000  9.430804e-01 
  796.000  8.935508e-01 
  797.000  9.290900e-01 
  798.000  9.327639e-01 
  799.000  9.404217e-01 
  800.000  9.193099e-01 
  801.000  9.092384e-01 
  802.000  9.228398e-01 
  803.000  9.199504e-01 
  804.000  9.189407e-01 
  805.000  9.285808e-01 
  806.000  9.476144e-01 
  807.000  9.360222e-01 
  808.000  9.479351e-01 
  809.000  9.297225e-01 
  810.000  9.201697e-01 
  811.000  9.233529e-01 
  812.000  9.036116e-01 
  813.000  8.691522e-01 
  814.000  8.112360e-01 
  815.000  7.660578e-01 
  816.000  8.030158e-01 
  817.000  6.585822e-01 
  818.000  7.701742e-01 
  819.000  7.993537e-01 
  820.000  7.612134e-01 
  821.000  9.163973e-01 
  822.000  8.853840e-01 
  823.000  6.182664e-01 
  824.000  8.451375e-01 
  825.000  9.014563e-01 
  826.000  8.471165e-01 
  827.000  8.976364e-01 
  828.000  7.727994e-01 
  829.000  8.671683e-01 
  830.000  8.446897e-01 
  831.000  8.550534e-01 
  832.000  8.518863e-01 
  833.000  8.904305e-01 
  834.000  8.934730e-01 
  835.000  9.157137e-01 
  836.000  9.195831e-01 
  837.000  9.175524e-01 
  838.000  9.342729e-01 
  839.000  9.434505e-01 
  840.000  9.457501e-01 
  841.000  9.457501e-01 
  842.000  9.302135e-01 
  843.000  9.599254e-01 
  844.000  9.419874e-01 
  845.000  9.563230e-01 
  846.000  9.601961e-01 
  847.000  9.631226e-01 
  848.000  9.591312e-01 
  849.000  9.609659e-01 
  850.000  9.597065e-01 
  851.000  9.569870e-01 
  852.000  9.636665e-01 
  853.000  9.651132e-01 
  854.000  9.637737e-01 
  855.000  9.637737e-01 
  856.000  9.652011e-01 
  857.000  9.685810e-01 
  858.000  9.654676e-01 
  859.000  9.675365e-01 
  860.000  9.695542e-01 
  861.000  9.687771e-01 
  862.000  9.697809e-01 
  863.000  9.697860e-01 
  864.000  9.703924e-01 
  865.000  9.703924e-01 
  866.000  9.704986e-01 
  867.000  9.706861e-01 
  868.000  9.707175e-01 
  869.000  9.708205e-01 
  870.000  9.708370e-01 
  871.000  9.711785e-01 
  872.000  9.713747e-01 
  873.000  9.712045e-01 
  874.000  9.712045e-01 
  875.000  9.718139e-01 
  876.000  9.719281e-01 
  877.000  9.717753e-01 
  878.000  9.716095e-01 
  879.000  9.715715e-01 
  880.000  9.722641e-01 
  881.000  9.722641e-01 
  882.000  9.704266e-01 
  883.000  9.710467e-01 
  884.000  9.712665e-01 
  885.000  9.716902e-01 
  886.000  9.608389e-01 
  887.000  9.708560e-01 
  888.000  9.708560e-01 
  889.000  9.683057e-01 
  890.000  9.624559e-01 
  891.000  9.708391e-01 
  892.000  9.608205e-01 
  893.000  9.351175e-01 
  894.000  9.351175e-01 
  895.000  8.898309e-01 
  896.000  8.429590e-01 
  897.000  7.184517e-01 
  898.000  8.293388e-01 
  899.000  6.400772e-01 
  900.000  6.400772e-01 
  901.000  6.821043e-01 
  902.000  7.313811e-01 
  903.000  7.782440e-01 
  904.000  9.002378e-01 
  905.000  8.781646e-01 
  906.000  8.781646e-01 
  907.000  7.239945e-01 
  908.000  7.157673e-01 
  909.000  7.128234e-01 
  910.000  6.763095e-01 
  911.000  6.763095e-01 
  912.000  8.012010e-01 
  913.000  7.324701e-01 
  914.000  6.999669e-01 
  915.000  6.531056e-01 
  916.000  6.531056e-01 
  917.000  7.858335e-01 
  918.000  6.700119e-01 
  919.000  7.883919e-01 
  920.000  8.914523e-01 
  921.000  8.914523e-01 
  922.000  8.515766e-01 
  923.000  8.485478e-01 
  924.000  8.035079e-01 
  925.000  8.035079e-01 
  926.000  8.245289e-01 
  927.000  8.403978e-01 
  928.000  6.631109e-01 
  929.000  6.274469e-01 
  930.000  6.274469e-01 
  931.000  4.985283e-01 
  932.000  3.158469e-01 
  933.000  2.837444e-01 
  934.000  2.837444e-01 
  935.000  2.893487e-01 
  936.000  2.582260e-01 
  937.000  2.076920e-01 
  938.000  2.076920e-01 
  939.000  3.657846e-01 
  940.000  5.054661e-01 
  941.000  4.554506e-01 
  942.000  4.554506e-01 
  943.000  3.496671e-01 
  944.000  3.622946e-01 
  945.000  4.414320e-01 
  946.000  4.414320e-01 
  947.000  3.574658e-01 
  948.000  4.060417e-01 
  949.000  4.604775e-01 
  950.000  4.604775e-01 
  951.000  5.079239e-01 
  952.000  3.374690e-01 
  953.000  5.206459e-01 
  954.000  5.206459e-01 
  955.000  5.207948e-01 
  956.000  3.961509e-01 
  957.000  5.953983e-01 
  958.000  5.953983e-01 
  959.000  4.487864e-01 
  960.000  5.306455e-01 
  961.000  5.306455e-01 
  962.000  6.117092e-01 
  963.000  6.595901e-01 
  964.000  5.574776e-01 
  965.000  5.574776e-01 
  966.000  6.363433e-01 
  967.000  7.619966e-01 
  968.000  7.619966e-01 
  969.000  7.928577e-01 
  970.000  8.460624e-01 
  971.000  8.757581e-01 
  972.000  8.757581e-01 
  973.000  8.378360e-01 
  974.000  7.227739e-01 
  975.000  7.227739e-01 
  976.000  7.129315e-01 
  977.000  8.242844e-01 
  978.000  8.055639e-01 
  979.000  8.055639e-01 
  980.000  8.060107e-01 
  981.000  9.150153e-01 
  982.000  9.150153e-01 
  983.000  8.815664e-01 
  984.000  9.105508e-01 
  985.000  9.105508e-01 
  986.000  9.619074e-01 
  987.000  9.417942e-01 
  988.000  9.417942e-01 
  989.000  9.728483e-01 
  990.000  9.598139e-01 
  991.000  9.598139e-01 
  992.000  9.687865e-01 
  993.000  9.669710e-01 
  994.000  9.669710e-01 
  995.000  9.802741e-01 
  996.000  9.805744e-01 
  997.000  9.805744e-01 
  998.000  9.806341e-01 
  999.000  9.795447e-01 
 1000.000  9.795447e-01 
 1001.000  9.801788e-01 
 1002.000  9.624391e-01 
 1003.000  9.624391e-01 
 1004.000  9.802576e-01 
 1005.000  9.811326e-01 
 1006.000  9.811326e-01 
 1007.000  9.817435e-01 
 1008.000  9.781749e-01 
 1009.000  9.781749e-01 
 1010.000  9.650170e-01 
 1011.000  9.816924e-01 
 1012.000  9.816924e-01 
 1013.000  9.823924e-01 
 1014.000  9.818984e-01 
 1015.000  9.818984e-01 
 1016.000  9.828394e-01 
 1017.000  9.818512e-01 
 1018.000  9.818512e-01 
 1019.000  9.806406e-01 
 1020.000  9.832153e-01 
 1021.000  9.832153e-01 
 1022.000  9.809400e-01 
 1023.000  9.809400e-01 
 1024.000  9.803808e-01 
 1025.000  9.833698e-01 
 1026.000  9.833698e-01 
 1027.000  9.820302e-01 
 1028.000  9.836373e-01 
 1029.000  9.836373e-01 
 1030.000  9.843566e-01 
 1031.000  9.841518e-01 
 1032.000  9.841518e-01 
 1033.000  9.844429e-01 
 1034.000  9.844429e-01 
 1035.000  9.848284e-01 
 1036.000  9.841946e-01 
 1037.000  9.841946e-01 
 1038.000  9.841477e-01 
 1039.000  9.834597e-01 
 1040.000  9.834597e-01 
 1041.000  9.829998e-01 
 1042.000  9.829998e-01 
 1043.000  9.823966e-01 
 1044.000  9.814458e-01 
 1045.000  9.814458e-01 
 1046.000  9.801230e-01 
 1047.000  9.801230e-01 
 1048.000  9.787929e-01 
 1049.000  9.760742e-01 
 1050.000  9.760742e-01 
 1051.000  9.749152e-01 
 1052.000  9.749152e-01 
 1053.000  9.730840e-01 
 1054.000  9.715141e-01 
 1055.000  9.715141e-01 
 1056.000  9.696923e-01 
 1057.000  9.696923e-01 
 1058.000  9.680686e-01 
 1059.000  9.664761e-01 
 1060.000  9.664761e-01 
 1061.000  9.654641e-01 
 1062.000  9.654641e-01 
 1063.000  9.634569e-01 
 1064.000  9.617119e-01 
 1065.000  9.617119e-01 
 1066.000  9.643282e-01 
 1067.000  9.643282e-01 
 1068.000  9.625846e-01 
 1069.000  9.629330e-01 
 1070.000  9.629330e-01 
 1071.000  9.662569e-01 
 1072.000  9.662569e-01 
 1073.000  9.680371e-01 
 1074.000  9.680371e-01 
 1075.000  9.579269e-01 
 1076.000  9.562290e-01 
 1077.000  9.562290e-01 
 1078.000  9.671084e-01 
 1079.000  9.671084e-01 
 1080.000  9.562038e-01 
 1081.000  9.562038e-01 
 1082.000  9.621630e-01 
 1083.000  9.525157e-01 
 1084.000  9.525157e-01 
 1085.000  9.350867e-01 
 1086.000  9.350867e-01 
 1087.000  9.606125e-01 
 1088.000  9.606125e-01 
 1089.000  9.476894e-01 
 1090.000  9.416342e-01 
 1091.000  9.416342e-01 
 1092.000  9.212940e-01 
 1093.000  9.212940e-01 
 1094.000  9.209065e-01 
 1095.000  9.209065e-01 
 1096.000  9.094175e-01 
 1097.000  9.094175e-01 
 1098.000  8.836576e-01 
 1099.000  8.147691e-01 
 1100.000  8.147691e-01 
 1101.000  8.188220e-01 
 1102.000  8.188220e-01 
 1103.000  7.900909e-01 
 1104.000  7.900909e-01 
 1105.000  7.682105e-01 
 1106.000  7.682105e-01 
 1107.000  7.687210e-01 
 1108.000  7.687210e-01 
 1109.000  7.173427e-01 
 1110.000  6.944806e-01 
 1111.000  6.944806e-01 
 1112.000  6.340283e-01 
 1113.000  6.340283e-01 
 1114.000  5.351843e-01 
 1115.000  5.351843e-01 
 1116.000  2.898504e-01 
 1117.000  2.898504e-01 
 1118.000  3.835151e-01 
 1119.000  3.835151e-01 
 1120.000  2.986887e-01 
 1121.000  2.986887e-01 
 1122.000  1.543843e-01 
 1123.000  3.454159e-01 
 1124.000  3.454159e-01 
 1125.000  1.686482e-01 
 1126.000  1.686482e-01 
 1127.000  2.165712e-01 
 1128.000  2.165712e-01 
 1129.000  2.006125e-01 
 1130.000  2.006125e-01 
 1131.000  5.007904e-01 
 1132.000  5.007904e-01 
 1133.000  2.119479e-01 
 1134.000  2.119479e-01 
 1135.000  1.191572e-01 
 1136.000  1.191572e-01 
 1137.000  4.875233e-01 
 1138.000  4.875233e-01 
 1139.000  4.619772e-01 
 1140.000  4.619772e-01 
 1141.000  4.386632e-01 
 1142.000  4.386632e-01 
 1143.000  4.793243e-01 
 1144.000  4.793243e-01 
 1145.000  2.455293e-01 
 1146.000  2.455293e-01 
 1147.000  2.483540e-01 
 1148.000  2.483540e-01 
 1149.000  3.864299e-01 
 1150.000  3.864299e-01 
 1151.000  4.589222e-01 
 1152.000  4.589222e-01 
 1153.000  4.177364e-01 
 1154.000  4.177364e-01 
 1155.000  4.754692e-01 
 1156.000  4.754692e-01 
 1157.000  5.976661e-01 
 1158.000  5.976661e-01 
 1159.000  6.833511e-01 
 1160.000  6.833511e-01 
 1161.000  6.608076e-01 
 1162.000  6.608076e-01 
 1163.000  7.765614e-01 
 1164.000  7.765614e-01 
 1165.000  7.325059e-01 
 1166.000  7.325059e-01 
 1167.000  8.045195e-01 
 1168.000  8.045195e-01 
 1169.000  8.235797e-01 
 1170.000  8.235797e-01 
 1171.000  8.454313e-01 
 1172.000  8.454313e-01 
 1173.000  7.223147e-01 
 1174.000  7.223147e-01 
 1175.000  9.143066e-01 
 1176.000  9.143066e-01 
 1177.000  7.975411e-01 
 1178.000  7.975411e-01 
 1179.000  8.866520e-01 
 1180.000  8.866520e-01 
 1181.000  7.297197e-01 
 1182.000  7.297197e-01 
 1183.000  8.400583e-01 
 1184.000  8.400583e-01 
 1185.000  8.693776e-01 
 1186.000  8.693776e-01 
 1187.000  7.664009e-01 
 1188.000  7.664009e-01 
 1189.000  7.664009e-01 
 1190.000  8.448614e-01 
 1191.000  8.448614e-01 
 1192.000  9.208162e-01 
 1193.000  9.208162e-01 
 1194.000  8.665455e-01 
 1195.000  8.665455e-01 
 1196.000  8.777853e-01 
 1197.000  8.777853e-01 
 1198.000  8.283287e-01 
 1199.000  8.283287e-01 
 1200.000  8.311147e-01 
