  250.000  0.000000e+00 
  251.000  0.000000e+00 
  252.000  0.000000e+00 
  253.000  0.000000e+00 
  254.000  0.000000e+00 
  255.000  0.000000e+00 
  256.000  0.000000e+00 
  257.000  0.000000e+00 
  258.000  0.000000e+00 
  259.000  0.000000e+00 
  260.000  0.000000e+00 
  261.000  0.000000e+00 
  262.000  0.000000e+00 
  263.000  0.000000e+00 
  264.000  0.000000e+00 
  265.000  0.000000e+00 
  266.000  0.000000e+00 
  267.000  0.000000e+00 
  268.000  0.000000e+00 
  269.000  0.000000e+00 
  270.000  0.000000e+00 
  271.000  0.000000e+00 
  272.000  0.000000e+00 
  273.000  0.000000e+00 
  274.000  0.000000e+00 
  275.000  0.000000e+00 
  276.000  0.000000e+00 
  277.000  0.000000e+00 
  278.000  0.000000e+00 
  279.000  0.000000e+00 
  280.000  0.000000e+00 
  281.000  0.000000e+00 
  282.000  0.000000e+00 
  283.000  0.000000e+00 
  284.000  0.000000e+00 
  285.000  0.000000e+00 
  286.000  0.000000e+00 
  287.000  0.000000e+00 
  288.000  0.000000e+00 
  289.000  0.000000e+00 
  290.000  0.000000e+00 
  291.000  0.000000e+00 
  292.000  2.846077e-10 
  293.000  2.362626e-09 
  294.000  2.605360e-08 
  295.000  1.222840e-07 
  296.000  1.072871e-06 
  297.000  3.942689e-06 
  298.000  1.867797e-05 
  299.000  5.385390e-05 
  300.000  1.614476e-04 
  301.000  3.966814e-04 
  302.000  8.370889e-04 
  303.000  2.054138e-03 
  304.000  2.857134e-03 
  305.000  5.920545e-03 
  306.000  8.860245e-03 
  307.000  1.458409e-02 
  308.000  2.000958e-02 
  309.000  2.687340e-02 
  310.000  3.963172e-02 
  311.000  4.618014e-02 
  312.000  5.777494e-02 
  313.000  7.314400e-02 
  314.000  8.007772e-02 
  315.000  1.011723e-01 
  316.000  1.070310e-01 
  317.000  1.247683e-01 
  318.000  1.355937e-01 
  319.000  1.665272e-01 
  320.000  1.460827e-01 
  321.000  1.937809e-01 
  322.000  1.737386e-01 
  323.000  1.965337e-01 
  324.000  2.303181e-01 
  325.000  2.059058e-01 
  326.000  2.403008e-01 
  327.000  2.512989e-01 
  328.000  2.326818e-01 
  329.000  2.731520e-01 
  330.000  2.801122e-01 
  331.000  2.622903e-01 
  332.000  2.908649e-01 
  333.000  2.969367e-01 
  334.000  2.923764e-01 
  335.000  3.108454e-01 
  336.000  3.181395e-01 
  337.000  3.128688e-01 
  338.000  3.248896e-01 
  339.000  3.335580e-01 
  340.000  3.318789e-01 
  341.000  3.416759e-01 
  342.000  3.484108e-01 
  343.000  3.525048e-01 
  344.000  3.506672e-01 
  345.000  3.613253e-01 
  346.000  3.665498e-01 
  347.000  3.708265e-01 
  348.000  3.755026e-01 
  349.000  3.811258e-01 
  350.000  3.855107e-01 
  351.000  3.906705e-01 
  352.000  3.948629e-01 
  353.000  3.998823e-01 
  354.000  4.034835e-01 
  355.000  4.074274e-01 
  356.000  4.124332e-01 
  357.000  4.156993e-01 
  358.000  4.193650e-01 
  359.000  4.229842e-01 
  360.000  4.265157e-01 
  361.000  4.301998e-01 
  362.000  4.358621e-01 
  363.000  4.406754e-01 
  364.000  4.454753e-01 
  365.000  4.494943e-01 
  366.000  4.539789e-01 
  367.000  4.582009e-01 
  368.000  4.622305e-01 
  369.000  4.656271e-01 
  370.000  4.696684e-01 
  371.000  4.739456e-01 
  372.000  4.774709e-01 
  373.000  4.818212e-01 
  374.000  4.859677e-01 
  375.000  4.893324e-01 
  376.000  4.928175e-01 
  377.000  4.968192e-01 
  378.000  4.999301e-01 
  379.000  5.032988e-01 
  380.000  5.065219e-01 
  381.000  5.100526e-01 
  382.000  5.147610e-01 
  383.000  5.195675e-01 
  384.000  5.228398e-01 
  385.000  5.270524e-01 
  386.000  5.304276e-01 
  387.000  5.344016e-01 
  388.000  5.375284e-01 
  389.000  5.407137e-01 
  390.000  5.447021e-01 
  391.000  5.479817e-01 
  392.000  5.507186e-01 
  393.000  5.553467e-01 
  394.000  5.585265e-01 
  395.000  5.616078e-01 
  396.000  5.654930e-01 
  397.000  5.690423e-01 
  398.000  5.714799e-01 
  399.000  5.748801e-01 
  400.000  5.777525e-01 
  401.000  5.815890e-01 
  402.000  5.850495e-01 
  403.000  5.885965e-01 
  404.000  5.909402e-01 
  405.000  5.942032e-01 
  406.000  5.973060e-01 
  407.000  6.013142e-01 
  408.000  6.032524e-01 
  409.000  6.060889e-01 
  410.000  6.091126e-01 
  411.000  6.124886e-01 
  412.000  6.160072e-01 
  413.000  6.178806e-01 
  414.000  6.214979e-01 
  415.000  6.243407e-01 
  416.000  6.280193e-01 
  417.000  6.301721e-01 
  418.000  6.326084e-01 
  419.000  6.361076e-01 
  420.000  6.384410e-01 
  421.000  6.411653e-01 
  422.000  6.433926e-01 
  423.000  6.464773e-01 
  424.000  6.488250e-01 
  425.000  6.524034e-01 
  426.000  6.550832e-01 
  427.000  6.575304e-01 
  428.000  6.597500e-01 
  429.000  6.630194e-01 
  430.000  6.656936e-01 
  431.000  6.667045e-01 
  432.000  6.704882e-01 
  433.000  6.730765e-01 
  434.000  6.747434e-01 
  435.000  6.764627e-01 
  436.000  6.795141e-01 
  437.000  6.834812e-01 
  438.000  6.854910e-01 
  439.000  6.859076e-01 
  440.000  6.888865e-01 
  441.000  6.914842e-01 
  442.000  6.945763e-01 
  443.000  6.961843e-01 
  444.000  6.982077e-01 
  445.000  6.991314e-01 
  446.000  7.019725e-01 
  447.000  7.047862e-01 
  448.000  7.048512e-01 
  449.000  7.087308e-01 
  450.000  7.118660e-01 
  451.000  7.137197e-01 
  452.000  7.152401e-01 
  453.000  7.175437e-01 
  454.000  7.207162e-01 
  455.000  7.217666e-01 
  456.000  7.235601e-01 
  457.000  7.256590e-01 
  458.000  7.269019e-01 
  459.000  7.287795e-01 
  460.000  7.298514e-01 
  461.000  7.318156e-01 
  462.000  7.345669e-01 
  463.000  7.346575e-01 
  464.000  7.373660e-01 
  465.000  7.392296e-01 
  466.000  7.426246e-01 
  467.000  7.435881e-01 
  468.000  7.455310e-01 
  469.000  7.471836e-01 
  470.000  7.489618e-01 
  471.000  7.506843e-01 
  472.000  7.514068e-01 
  473.000  7.518436e-01 
  474.000  7.507503e-01 
  475.000  7.509621e-01 
  476.000  7.515830e-01 
  477.000  7.522237e-01 
  478.000  7.530740e-01 
  479.000  7.547930e-01 
  480.000  7.569036e-01 
  481.000  7.606121e-01 
  482.000  7.636167e-01 
  483.000  7.663558e-01 
  484.000  7.677245e-01 
  485.000  7.688667e-01 
  486.000  7.698721e-01 
  487.000  7.721103e-01 
  488.000  7.732646e-01 
  489.000  7.741614e-01 
  490.000  7.766585e-01 
  491.000  7.781383e-01 
  492.000  7.794397e-01 
  493.000  7.807259e-01 
  494.000  7.815787e-01 
  495.000  7.825745e-01 
  496.000  7.831442e-01 
  497.000  7.842094e-01 
  498.000  7.849630e-01 
  499.000  7.859029e-01 
  500.000  7.865319e-01 
  501.000  7.863849e-01 
  502.000  7.857305e-01 
  503.000  7.849798e-01 
  504.000  7.843748e-01 
  505.000  7.852367e-01 
  506.000  7.870696e-01 
  507.000  7.881374e-01 
  508.000  7.903185e-01 
  509.000  7.915634e-01 
  510.000  7.932508e-01 
  511.000  7.947698e-01 
  512.000  7.957455e-01 
  513.000  7.977756e-01 
  514.000  7.986746e-01 
  515.000  8.002913e-01 
  516.000  8.008544e-01 
  517.000  8.019184e-01 
  518.000  8.021097e-01 
  519.000  8.027059e-01 
  520.000  8.030096e-01 
  521.000  8.037359e-01 
  522.000  8.038633e-01 
  523.000  8.040594e-01 
  524.000  8.041841e-01 
  525.000  8.036268e-01 
  526.000  8.032225e-01 
  527.000  8.030124e-01 
  528.000  8.023959e-01 
  529.000  8.020162e-01 
  530.000  8.016595e-01 
  531.000  8.019469e-01 
  532.000  8.022537e-01 
  533.000  8.028518e-01 
  534.000  8.036605e-01 
  535.000  8.041549e-01 
  536.000  8.050596e-01 
  537.000  8.059852e-01 
  538.000  8.064569e-01 
  539.000  8.068281e-01 
  540.000  8.076763e-01 
  541.000  8.071941e-01 
  542.000  8.075653e-01 
  543.000  8.084156e-01 
  544.000  8.090093e-01 
  545.000  8.086221e-01 
  546.000  8.088562e-01 
  547.000  8.101828e-01 
  548.000  8.113506e-01 
  549.000  8.116392e-01 
  550.000  8.123456e-01 
  551.000  8.129734e-01 
  552.000  8.132377e-01 
  553.000  8.135131e-01 
  554.000  8.139490e-01 
  555.000  8.142596e-01 
  556.000  8.137211e-01 
  557.000  8.128574e-01 
  558.000  8.121564e-01 
  559.000  8.112169e-01 
  560.000  8.103787e-01 
  561.000  8.097007e-01 
  562.000  8.091998e-01 
  563.000  8.083711e-01 
  564.000  8.075210e-01 
  565.000  8.067944e-01 
  566.000  8.063917e-01 
  567.000  8.055680e-01 
  568.000  8.044423e-01 
  569.000  8.008187e-01 
  570.000  7.987712e-01 
  571.000  7.990881e-01 
  572.000  7.971737e-01 
  573.000  7.972479e-01 
  574.000  7.959231e-01 
  575.000  7.959702e-01 
  576.000  7.962837e-01 
  577.000  7.970124e-01 
  578.000  7.994763e-01 
  579.000  8.015283e-01 
  580.000  8.033572e-01 
  581.000  8.064255e-01 
  582.000  8.093282e-01 
  583.000  8.118566e-01 
  584.000  8.155380e-01 
  585.000  8.168162e-01 
  586.000  8.185136e-01 
  587.000  8.188885e-01 
  588.000  8.191929e-01 
  589.000  8.110363e-01 
  590.000  8.116447e-01 
  591.000  8.149197e-01 
  592.000  8.083161e-01 
  593.000  8.190857e-01 
  594.000  8.140861e-01 
  595.000  8.174883e-01 
  596.000  8.188042e-01 
  597.000  8.186774e-01 
  598.000  8.187011e-01 
  599.000  8.203071e-01 
  600.000  8.202975e-01 
  601.000  8.219209e-01 
  602.000  8.233660e-01 
  603.000  8.241067e-01 
  604.000  8.248916e-01 
  605.000  8.256322e-01 
  606.000  8.273969e-01 
  607.000  8.288174e-01 
  608.000  8.306822e-01 
  609.000  8.314470e-01 
  610.000  8.329794e-01 
  611.000  8.342006e-01 
  612.000  8.360148e-01 
  613.000  8.375255e-01 
  614.000  8.386225e-01 
  615.000  8.399009e-01 
  616.000  8.417358e-01 
  617.000  8.430668e-01 
  618.000  8.439604e-01 
  619.000  8.452882e-01 
  620.000  8.464742e-01 
  621.000  8.473467e-01 
  622.000  8.477364e-01 
  623.000  8.486069e-01 
  624.000  8.489587e-01 
  625.000  8.493969e-01 
  626.000  8.496279e-01 
  627.000  8.497272e-01 
  628.000  8.263310e-01 
  629.000  8.371731e-01 
  630.000  8.429374e-01 
  631.000  8.509645e-01 
  632.000  8.539603e-01 
  633.000  8.562977e-01 
  634.000  8.594787e-01 
  635.000  8.603959e-01 
  636.000  8.635572e-01 
  637.000  8.671865e-01 
  638.000  8.696208e-01 
  639.000  8.719698e-01 
  640.000  8.733827e-01 
  641.000  8.757510e-01 
  642.000  8.773358e-01 
  643.000  8.780082e-01 
  644.000  8.794324e-01 
  645.000  8.804904e-01 
  646.000  8.789581e-01 
  647.000  8.762940e-01 
  648.000  8.733124e-01 
  649.000  8.776703e-01 
  650.000  8.854203e-01 
  651.000  8.866546e-01 
  652.000  8.856835e-01 
  653.000  8.884511e-01 
  654.000  8.899219e-01 
  655.000  8.829911e-01 
  656.000  8.889165e-01 
  657.000  8.909529e-01 
  658.000  8.944744e-01 
  659.000  8.968957e-01 
  660.000  8.971165e-01 
  661.000  8.989713e-01 
  662.000  8.992988e-01 
  663.000  9.003134e-01 
  664.000  9.012572e-01 
  665.000  9.021944e-01 
  666.000  9.031724e-01 
  667.000  9.045991e-01 
  668.000  9.052932e-01 
  669.000  9.064652e-01 
  670.000  9.071124e-01 
  671.000  9.085041e-01 
  672.000  9.088009e-01 
  673.000  9.099616e-01 
  674.000  9.104009e-01 
  675.000  9.116030e-01 
  676.000  9.119695e-01 
  677.000  9.126024e-01 
  678.000  9.136342e-01 
  679.000  9.141946e-01 
  680.000  9.152962e-01 
  681.000  9.157587e-01 
  682.000  9.172279e-01 
  683.000  9.174327e-01 
  684.000  9.187685e-01 
  685.000  9.194920e-01 
  686.000  9.202982e-01 
  687.000  6.118461e-01 
  688.000  7.807214e-01 
  689.000  8.195367e-01 
  690.000  8.511115e-01 
  691.000  8.704585e-01 
  692.000  9.056122e-01 
  693.000  8.999611e-01 
  694.000  8.920854e-01 
  695.000  9.091132e-01 
  696.000  9.047602e-01 
  697.000  9.258084e-01 
  698.000  9.254913e-01 
  699.000  9.169473e-01 
  700.000  9.185836e-01 
  701.000  9.120787e-01 
  702.000  9.157133e-01 
  703.000  9.190140e-01 
  704.000  9.213603e-01 
  705.000  9.224311e-01 
  706.000  9.260691e-01 
  707.000  9.289882e-01 
  708.000  9.312104e-01 
  709.000  9.316746e-01 
  710.000  9.310380e-01 
  711.000  9.338710e-01 
  712.000  9.327430e-01 
  713.000  9.350733e-01 
  714.000  9.335678e-01 
  715.000  9.298016e-01 
  716.000  9.308695e-01 
  717.000  9.125537e-01 
  718.000  8.614603e-01 
  719.000  8.139211e-01 
  720.000  8.699718e-01 
  721.000  9.245371e-01 
  722.000  9.234620e-01 
  723.000  9.209201e-01 
  724.000  8.533025e-01 
  725.000  8.760794e-01 
  726.000  9.060275e-01 
  727.000  8.930151e-01 
  728.000  8.699605e-01 
  729.000  8.837879e-01 
  730.000  9.106736e-01 
  731.000  8.960509e-01 
  732.000  9.046523e-01 
  733.000  9.269722e-01 
  734.000  9.387055e-01 
  735.000  9.309713e-01 
  736.000  9.366016e-01 
  737.000  9.369069e-01 
  738.000  9.404089e-01 
  739.000  9.415891e-01 
  740.000  9.458843e-01 
  741.000  9.482678e-01 
  742.000  9.490085e-01 
  743.000  9.490635e-01 
  744.000  9.499069e-01 
  745.000  9.504655e-01 
  746.000  9.511910e-01 
  747.000  9.515175e-01 
  748.000  9.518102e-01 
  749.000  9.520207e-01 
  750.000  9.524022e-01 
  751.000  9.526084e-01 
  752.000  9.535403e-01 
  753.000  9.537909e-01 
  754.000  9.540923e-01 
  755.000  9.544041e-01 
  756.000  9.545997e-01 
  757.000  9.549987e-01 
  758.000  9.556190e-01 
  759.000  9.438862e-01 
  760.000  3.006824e-01 
  761.000  1.951606e-01 
  762.000  5.937752e-01 
  763.000  4.840016e-01 
  764.000  5.562620e-01 
  765.000  6.949149e-01 
  766.000  8.267204e-01 
  767.000  8.766946e-01 
  768.000  9.344436e-01 
  769.000  9.499260e-01 
  770.000  9.495623e-01 
  771.000  9.565157e-01 
  772.000  9.588200e-01 
  773.000  9.589378e-01 
  774.000  9.590101e-01 
  775.000  9.591256e-01 
  776.000  9.593135e-01 
  777.000  9.595788e-01 
  778.000  9.597363e-01 
  779.000  9.598961e-01 
  780.000  9.600295e-01 
  781.000  9.604695e-01 
  782.000  9.607766e-01 
  783.000  9.610410e-01 
  784.000  9.609689e-01 
  785.000  9.608859e-01 
  786.000  9.595463e-01 
  787.000  9.597103e-01 
  788.000  9.566441e-01 
  789.000  9.568784e-01 
  790.000  9.515336e-01 
  791.000  9.523219e-01 
  792.000  9.548460e-01 
  793.000  9.565260e-01 
  794.000  9.636556e-01 
  795.000  9.614428e-01 
  796.000  9.465621e-01 
  797.000  9.575833e-01 
  798.000  9.587824e-01 
  799.000  9.611688e-01 
  800.000  9.549336e-01 
  801.000  9.519844e-01 
  802.000  9.562935e-01 
  803.000  9.555022e-01 
  804.000  9.552639e-01 
  805.000  9.581353e-01 
  806.000  9.637266e-01 
  807.000  9.604593e-01 
  808.000  9.639803e-01 
  809.000  9.586920e-01 
  810.000  9.560421e-01 
  811.000  9.570967e-01 
  812.000  9.514028e-01 
  813.000  9.400826e-01 
  814.000  9.201632e-01 
  815.000  8.956470e-01 
  816.000  9.145435e-01 
  817.000  8.278252e-01 
  818.000  8.888847e-01 
  819.000  9.148214e-01 
  820.000  8.812789e-01 
  821.000  9.561667e-01 
  822.000  9.467036e-01 
  823.000  8.023887e-01 
  824.000  9.341828e-01 
  825.000  9.514053e-01 
  826.000  9.333688e-01 
  827.000  9.507313e-01 
  828.000  9.035394e-01 
  829.000  9.402806e-01 
  830.000  9.318194e-01 
  831.000  9.361131e-01 
  832.000  9.357283e-01 
  833.000  9.496742e-01 
  834.000  9.495169e-01 
  835.000  9.573196e-01 
  836.000  9.582255e-01 
  837.000  9.579497e-01 
  838.000  9.631853e-01 
  839.000  9.658148e-01 
  840.000  9.665970e-01 
  841.000  9.665970e-01 
  842.000  9.620641e-01 
  843.000  9.707797e-01 
  844.000  9.656672e-01 
  845.000  9.699217e-01 
  846.000  9.710978e-01 
  847.000  9.719191e-01 
  848.000  9.709585e-01 
  849.000  9.715352e-01 
  850.000  9.716421e-01 
  851.000  9.722111e-01 
  852.000  9.742072e-01 
  853.000  9.746683e-01 
  854.000  9.744109e-01 
  855.000  9.744109e-01 
  856.000  9.748564e-01 
  857.000  9.759246e-01 
  858.000  9.751192e-01 
  859.000  9.757967e-01 
  860.000  9.763607e-01 
  861.000  9.762351e-01 
  862.000  9.766045e-01 
  863.000  9.764303e-01 
  864.000  9.769560e-01 
  865.000  9.769560e-01 
  866.000  9.769836e-01 
  867.000  9.771300e-01 
  868.000  9.771549e-01 
  869.000  9.772373e-01 
  870.000  9.774044e-01 
  871.000  9.775224e-01 
  872.000  9.777117e-01 
  873.000  9.777417e-01 
  874.000  9.777417e-01 
  875.000  9.780325e-01 
  876.000  9.781169e-01 
  877.000  9.781604e-01 
  878.000  9.781947e-01 
  879.000  9.782160e-01 
  880.000  9.785241e-01 
  881.000  9.785241e-01 
  882.000  9.781169e-01 
  883.000  9.783133e-01 
  884.000  9.784691e-01 
  885.000  9.786708e-01 
  886.000  9.757008e-01 
  887.000  9.786108e-01 
  888.000  9.786108e-01 
  889.000  9.779233e-01 
  890.000  9.763516e-01 
  891.000  9.787933e-01 
  892.000  9.761245e-01 
  893.000  9.689431e-01 
  894.000  9.689431e-01 
  895.000  9.519721e-01 
  896.000  9.363167e-01 
  897.000  8.646581e-01 
  898.000  9.329069e-01 
  899.000  8.013361e-01 
  900.000  8.013361e-01 
  901.000  8.313738e-01 
  902.000  8.589718e-01 
  903.000  8.895185e-01 
  904.000  9.582511e-01 
  905.000  9.488456e-01 
  906.000  9.488456e-01 
  907.000  8.744151e-01 
  908.000  8.540881e-01 
  909.000  8.649268e-01 
  910.000  8.489572e-01 
  911.000  8.489572e-01 
  912.000  9.239537e-01 
  913.000  8.865997e-01 
  914.000  8.613550e-01 
  915.000  8.233321e-01 
  916.000  8.233321e-01 
  917.000  9.210203e-01 
  918.000  8.414459e-01 
  919.000  9.034522e-01 
  920.000  9.569516e-01 
  921.000  9.569516e-01 
  922.000  9.429305e-01 
  923.000  9.419127e-01 
  924.000  9.281529e-01 
  925.000  9.281529e-01 
  926.000  9.350963e-01 
  927.000  9.406153e-01 
  928.000  8.605156e-01 
  929.000  8.441743e-01 
  930.000  8.441743e-01 
  931.000  7.240303e-01 
  932.000  5.574775e-01 
  933.000  5.867091e-01 
  934.000  5.867091e-01 
  935.000  5.373142e-01 
  936.000  5.074883e-01 
  937.000  4.995684e-01 
  938.000  4.995684e-01 
  939.000  6.324828e-01 
  940.000  7.561547e-01 
  941.000  7.090367e-01 
  942.000  7.090367e-01 
  943.000  6.129562e-01 
  944.000  6.215585e-01 
  945.000  7.036784e-01 
  946.000  7.036784e-01 
  947.000  6.259323e-01 
  948.000  6.458603e-01 
  949.000  7.060096e-01 
  950.000  7.060096e-01 
  951.000  7.170373e-01 
  952.000  6.229850e-01 
  953.000  7.515152e-01 
  954.000  7.515152e-01 
  955.000  7.468849e-01 
  956.000  6.462061e-01 
  957.000  7.920586e-01 
  958.000  7.920586e-01 
  959.000  7.034869e-01 
  960.000  7.763854e-01 
  961.000  7.763854e-01 
  962.000  8.005133e-01 
  963.000  8.544819e-01 
  964.000  7.687705e-01 
  965.000  7.687705e-01 
  966.000  8.282551e-01 
  967.000  8.986125e-01 
  968.000  8.986125e-01 
  969.000  9.141884e-01 
  970.000  9.435471e-01 
  971.000  9.534293e-01 
  972.000  9.534293e-01 
  973.000  9.413835e-01 
  974.000  8.817221e-01 
  975.000  8.817221e-01 
  976.000  8.660415e-01 
  977.000  9.265433e-01 
  978.000  9.179942e-01 
  979.000  9.179942e-01 
  980.000  9.188002e-01 
  981.000  9.666178e-01 
  982.000  9.666178e-01 
  983.000  9.521534e-01 
  984.000  9.650337e-01 
  985.000  9.650337e-01 
  986.000  9.806437e-01 
  987.000  9.747834e-01 
  988.000  9.747834e-01 
  989.000  9.838351e-01 
  990.000  9.802327e-01 
  991.000  9.802327e-01 
  992.000  9.827487e-01 
  993.000  9.822946e-01 
  994.000  9.822946e-01 
  995.000  9.861065e-01 
  996.000  9.862087e-01 
  997.000  9.862087e-01 
  998.000  9.862876e-01 
  999.000  9.860494e-01 
 1000.000  9.860494e-01 
 1001.000  9.862852e-01 
 1002.000  9.812194e-01 
 1003.000  9.812194e-01 
 1004.000  9.863852e-01 
 1005.000  9.866490e-01 
 1006.000  9.866490e-01 
 1007.000  9.868599e-01 
 1008.000  9.859545e-01 
 1009.000  9.859545e-01 
 1010.000  9.822020e-01 
 1011.000  9.869944e-01 
 1012.000  9.869944e-01 
 1013.000  9.872445e-01 
 1014.000  9.871684e-01 
 1015.000  9.871684e-01 
 1016.000  9.874566e-01 
 1017.000  9.872550e-01 
 1018.000  9.872550e-01 
 1019.000  9.869741e-01 
 1020.000  9.877110e-01 
 1021.000  9.877110e-01 
 1022.000  9.871505e-01 
 1023.000  9.871505e-01 
 1024.000  9.870222e-01 
 1025.000  9.878730e-01 
 1026.000  9.878730e-01 
 1027.000  9.875352e-01 
 1028.000  9.879835e-01 
 1029.000  9.879835e-01 
 1030.000  9.881790e-01 
 1031.000  9.881125e-01 
 1032.000  9.881125e-01 
 1033.000  9.881480e-01 
 1034.000  9.881480e-01 
 1035.000  9.881875e-01 
 1036.000  9.876926e-01 
 1037.000  9.876926e-01 
 1038.000  9.876547e-01 
 1039.000  9.871564e-01 
 1040.000  9.871564e-01 
 1041.000  9.867617e-01 
 1042.000  9.867617e-01 
 1043.000  9.862880e-01 
 1044.000  9.855459e-01 
 1045.000  9.855459e-01 
 1046.000  9.845132e-01 
 1047.000  9.845132e-01 
 1048.000  9.834744e-01 
 1049.000  9.813499e-01 
 1050.000  9.813499e-01 
 1051.000  9.804445e-01 
 1052.000  9.804445e-01 
 1053.000  9.790133e-01 
 1054.000  9.777941e-01 
 1055.000  9.777941e-01 
 1056.000  9.763621e-01 
 1057.000  9.763621e-01 
 1058.000  9.751003e-01 
 1059.000  9.738469e-01 
 1060.000  9.738469e-01 
 1061.000  9.730589e-01 
 1062.000  9.730589e-01 
 1063.000  9.716466e-01 
 1064.000  9.708426e-01 
 1065.000  9.708426e-01 
 1066.000  9.721840e-01 
 1067.000  9.721840e-01 
 1068.000  9.712759e-01 
 1069.000  9.727097e-01 
 1070.000  9.727097e-01 
 1071.000  9.745044e-01 
 1072.000  9.745044e-01 
 1073.000  9.758770e-01 
 1074.000  9.758770e-01 
 1075.000  9.740208e-01 
 1076.000  9.745274e-01 
 1077.000  9.745274e-01 
 1078.000  9.788599e-01 
 1079.000  9.788599e-01 
 1080.000  9.765446e-01 
 1081.000  9.765446e-01 
 1082.000  9.794636e-01 
 1083.000  9.774912e-01 
 1084.000  9.774912e-01 
 1085.000  9.728256e-01 
 1086.000  9.728256e-01 
 1087.000  9.810491e-01 
 1088.000  9.810491e-01 
 1089.000  9.779596e-01 
 1090.000  9.763004e-01 
 1091.000  9.763004e-01 
 1092.000  9.708526e-01 
 1093.000  9.708526e-01 
 1094.000  9.707818e-01 
 1095.000  9.707818e-01 
 1096.000  9.674576e-01 
 1097.000  9.674576e-01 
 1098.000  9.596907e-01 
 1099.000  9.314320e-01 
 1100.000  9.314320e-01 
 1101.000  9.322284e-01 
 1102.000  9.322284e-01 
 1103.000  9.211484e-01 
 1104.000  9.211484e-01 
 1105.000  9.124388e-01 
 1106.000  9.124388e-01 
 1107.000  9.110565e-01 
 1108.000  9.110565e-01 
 1109.000  8.892660e-01 
 1110.000  8.527878e-01 
 1111.000  8.527878e-01 
 1112.000  8.317695e-01 
 1113.000  8.317695e-01 
 1114.000  7.471903e-01 
 1115.000  7.471903e-01 
 1116.000  5.467470e-01 
 1117.000  5.467470e-01 
 1118.000  6.501251e-01 
 1119.000  6.501251e-01 
 1120.000  5.857075e-01 
 1121.000  5.857075e-01 
 1122.000  4.006768e-01 
 1123.000  6.108736e-01 
 1124.000  6.108736e-01 
 1125.000  4.472038e-01 
 1126.000  4.472038e-01 
 1127.000  5.124081e-01 
 1128.000  5.124081e-01 
 1129.000  5.147299e-01 
 1130.000  5.147299e-01 
 1131.000  7.597386e-01 
 1132.000  7.597386e-01 
 1133.000  5.157517e-01 
 1134.000  5.157517e-01 
 1135.000  3.167211e-01 
 1136.000  3.167211e-01 
 1137.000  7.667344e-01 
 1138.000  7.667344e-01 
 1139.000  7.105323e-01 
 1140.000  7.105323e-01 
 1141.000  6.963748e-01 
 1142.000  6.963748e-01 
 1143.000  7.383654e-01 
 1144.000  7.383654e-01 
 1145.000  5.534803e-01 
 1146.000  5.534803e-01 
 1147.000  5.372980e-01 
 1148.000  5.372980e-01 
 1149.000  6.390995e-01 
 1150.000  6.390995e-01 
 1151.000  7.272137e-01 
 1152.000  7.272137e-01 
 1153.000  6.781111e-01 
 1154.000  6.781111e-01 
 1155.000  7.228006e-01 
 1156.000  7.228006e-01 
 1157.000  7.890708e-01 
 1158.000  7.890708e-01 
 1159.000  8.738033e-01 
 1160.000  8.738033e-01 
 1161.000  8.579503e-01 
 1162.000  8.579503e-01 
 1163.000  9.029739e-01 
 1164.000  9.029739e-01 
 1165.000  8.876397e-01 
 1166.000  8.876397e-01 
 1167.000  9.227128e-01 
 1168.000  9.227128e-01 
 1169.000  9.333602e-01 
 1170.000  9.333602e-01 
 1171.000  9.398268e-01 
 1172.000  9.398268e-01 
 1173.000  8.873139e-01 
 1174.000  8.873139e-01 
 1175.000  9.694645e-01 
 1176.000  9.694645e-01 
 1177.000  9.194664e-01 
 1178.000  9.194664e-01 
 1179.000  9.559476e-01 
 1180.000  9.559476e-01 
 1181.000  8.801014e-01 
 1182.000  8.801014e-01 
 1183.000  9.375155e-01 
 1184.000  9.375155e-01 
 1185.000  9.555623e-01 
 1186.000  9.555623e-01 
 1187.000  8.897224e-01 
 1188.000  8.897224e-01 
 1189.000  8.897224e-01 
 1190.000  9.369816e-01 
 1191.000  9.369816e-01 
 1192.000  9.721631e-01 
 1193.000  9.721631e-01 
 1194.000  9.471689e-01 
 1195.000  9.471689e-01 
 1196.000  9.592975e-01 
 1197.000  9.592975e-01 
 1198.000  9.356912e-01 
 1199.000  9.356912e-01 
 1200.000  9.316979e-01 
