  250.000  0.000000e+00 
  251.000  0.000000e+00 
  252.000  0.000000e+00 
  253.000  0.000000e+00 
  254.000  0.000000e+00 
  255.000  0.000000e+00 
  256.000  0.000000e+00 
  257.000  0.000000e+00 
  258.000  0.000000e+00 
  259.000  0.000000e+00 
  260.000  0.000000e+00 
  261.000  0.000000e+00 
  262.000  0.000000e+00 
  263.000  0.000000e+00 
  264.000  0.000000e+00 
  265.000  0.000000e+00 
  266.000  0.000000e+00 
  267.000  0.000000e+00 
  268.000  0.000000e+00 
  269.000  0.000000e+00 
  270.000  0.000000e+00 
  271.000  0.000000e+00 
  272.000  0.000000e+00 
  273.000  0.000000e+00 
  274.000  0.000000e+00 
  275.000  0.000000e+00 
  276.000  0.000000e+00 
  277.000  0.000000e+00 
  278.000  0.000000e+00 
  279.000  0.000000e+00 
  280.000  0.000000e+00 
  281.000  0.000000e+00 
  282.000  0.000000e+00 
  283.000  0.000000e+00 
  284.000  0.000000e+00 
  285.000  0.000000e+00 
  286.000  0.000000e+00 
  287.000  0.000000e+00 
  288.000  0.000000e+00 
  289.000  0.000000e+00 
  290.000  0.000000e+00 
  291.000  0.000000e+00 
  292.000  2.847103e-05 
  293.000  7.799968e-05 
  294.000  2.446293e-04 
  295.000  5.108239e-04 
  296.000  1.436824e-03 
  297.000  2.670348e-03 
  298.000  5.600828e-03 
  299.000  9.273555e-03 
  300.000  1.564231e-02 
  301.000  2.399995e-02 
  302.000  3.424941e-02 
  303.000  5.251699e-02 
  304.000  6.145233e-02 
  305.000  8.694004e-02 
  306.000  1.053400e-01 
  307.000  1.335540e-01 
  308.000  1.552622e-01 
  309.000  1.786728e-01 
  310.000  2.149816e-01 
  311.000  2.312205e-01 
  312.000  2.572481e-01 
  313.000  2.878278e-01 
  314.000  3.005126e-01 
  315.000  3.359076e-01 
  316.000  3.450339e-01 
  317.000  3.711706e-01 
  318.000  3.861720e-01 
  319.000  4.258716e-01 
  320.000  4.001197e-01 
  321.000  4.577456e-01 
  322.000  4.345561e-01 
  323.000  4.608307e-01 
  324.000  4.969890e-01 
  325.000  4.711677e-01 
  326.000  5.071326e-01 
  327.000  5.180557e-01 
  328.000  4.994112e-01 
  329.000  5.390401e-01 
  330.000  5.455377e-01 
  331.000  5.287247e-01 
  332.000  5.554116e-01 
  333.000  5.609028e-01 
  334.000  5.567841e-01 
  335.000  5.732638e-01 
  336.000  5.796305e-01 
  337.000  5.750377e-01 
  338.000  5.854547e-01 
  339.000  5.928417e-01 
  340.000  5.914187e-01 
  341.000  5.996690e-01 
  342.000  6.052689e-01 
  343.000  6.086454e-01 
  344.000  6.071324e-01 
  345.000  6.158506e-01 
  346.000  6.200751e-01 
  347.000  6.235097e-01 
  348.000  6.272415e-01 
  349.000  6.316969e-01 
  350.000  6.351473e-01 
  351.000  6.391814e-01 
  352.000  6.424386e-01 
  353.000  6.463145e-01 
  354.000  6.490797e-01 
  355.000  6.520932e-01 
  356.000  6.558961e-01 
  357.000  6.583644e-01 
  358.000  6.611226e-01 
  359.000  6.638334e-01 
  360.000  6.664669e-01 
  361.000  6.692020e-01 
  362.000  6.733820e-01 
  363.000  6.769128e-01 
  364.000  6.804138e-01 
  365.000  6.833301e-01 
  366.000  6.865681e-01 
  367.000  6.896013e-01 
  368.000  6.924826e-01 
  369.000  6.949010e-01 
  370.000  6.977665e-01 
  371.000  7.007852e-01 
  372.000  7.032627e-01 
  373.000  7.063068e-01 
  374.000  7.091945e-01 
  375.000  7.115286e-01 
  376.000  7.139372e-01 
  377.000  7.166920e-01 
  378.000  7.188255e-01 
  379.000  7.211279e-01 
  380.000  7.233233e-01 
  381.000  7.257199e-01 
  382.000  7.289025e-01 
  383.000  7.321355e-01 
  384.000  7.343275e-01 
  385.000  7.371392e-01 
  386.000  7.393832e-01 
  387.000  7.420159e-01 
  388.000  7.440801e-01 
  389.000  7.461766e-01 
  390.000  7.487924e-01 
  391.000  7.509360e-01 
  392.000  7.527197e-01 
  393.000  7.557252e-01 
  394.000  7.577826e-01 
  395.000  7.597705e-01 
  396.000  7.622688e-01 
  397.000  7.645394e-01 
  398.000  7.661006e-01 
  399.000  7.682656e-01 
  400.000  7.700932e-01 
  401.000  7.725248e-01 
  402.000  7.747102e-01 
  403.000  7.769434e-01 
  404.000  7.784150e-01 
  405.000  7.804588e-01 
  406.000  7.823969e-01 
  407.000  7.848926e-01 
  408.000  7.860962e-01 
  409.000  7.878542e-01 
  410.000  7.897235e-01 
  411.000  7.918047e-01 
  412.000  7.939675e-01 
  413.000  7.951165e-01 
  414.000  7.973297e-01 
  415.000  7.990618e-01 
  416.000  8.013022e-01 
  417.000  8.026084e-01 
  418.000  8.040854e-01 
  419.000  8.061990e-01 
  420.000  8.076075e-01 
  421.000  8.092467e-01 
  422.000  8.105840e-01 
  423.000  8.124324e-01 
  424.000  8.138361e-01 
  425.000  8.159704e-01 
  426.000  8.175626e-01 
  427.000  8.190176e-01 
  428.000  8.203331e-01 
  429.000  8.222657e-01 
  430.000  8.238439e-01 
  431.000  8.244395e-01 
  432.000  8.266642e-01 
  433.000  8.281823e-01 
  434.000  8.291582e-01 
  435.000  8.301637e-01 
  436.000  8.319448e-01 
  437.000  8.342541e-01 
  438.000  8.354214e-01 
  439.000  8.356631e-01 
  440.000  8.373883e-01 
  441.000  8.388906e-01 
  442.000  8.406258e-01 
  443.000  8.414699e-01 
  444.000  8.427572e-01 
  445.000  8.430836e-01 
  446.000  8.446671e-01 
  447.000  8.465344e-01 
  448.000  8.465710e-01 
  449.000  8.487896e-01 
  450.000  8.505766e-01 
  451.000  8.516306e-01 
  452.000  8.524940e-01 
  453.000  8.537911e-01 
  454.000  8.555959e-01 
  455.000  8.561895e-01 
  456.000  8.572019e-01 
  457.000  8.583850e-01 
  458.000  8.590849e-01 
  459.000  8.601408e-01 
  460.000  8.607431e-01 
  461.000  8.618454e-01 
  462.000  8.633868e-01 
  463.000  8.634375e-01 
  464.000  8.649518e-01 
  465.000  8.659922e-01 
  466.000  8.678625e-01 
  467.000  8.684161e-01 
  468.000  8.694984e-01 
  469.000  8.702664e-01 
  470.000  8.711979e-01 
  471.000  8.723497e-01 
  472.000  8.727429e-01 
  473.000  8.729913e-01 
  474.000  8.723911e-01 
  475.000  8.724303e-01 
  476.000  8.728528e-01 
  477.000  8.732077e-01 
  478.000  8.736777e-01 
  479.000  8.746268e-01 
  480.000  8.757906e-01 
  481.000  8.778312e-01 
  482.000  8.794808e-01 
  483.000  8.809816e-01 
  484.000  8.817298e-01 
  485.000  8.822587e-01 
  486.000  8.827986e-01 
  487.000  8.841220e-01 
  488.000  8.847507e-01 
  489.000  8.852307e-01 
  490.000  8.865988e-01 
  491.000  8.873990e-01 
  492.000  8.881102e-01 
  493.000  8.888088e-01 
  494.000  8.892718e-01 
  495.000  8.898113e-01 
  496.000  8.901197e-01 
  497.000  8.906960e-01 
  498.000  8.911036e-01 
  499.000  8.916081e-01 
  500.000  8.919332e-01 
  501.000  8.917793e-01 
  502.000  8.909023e-01 
  503.000  8.898686e-01 
  504.000  8.883502e-01 
  505.000  8.905740e-01 
  506.000  8.908619e-01 
  507.000  8.910736e-01 
  508.000  8.929548e-01 
  509.000  8.941115e-01 
  510.000  8.954419e-01 
  511.000  8.961774e-01 
  512.000  8.967534e-01 
  513.000  8.979809e-01 
  514.000  8.984535e-01 
  515.000  8.993477e-01 
  516.000  8.996485e-01 
  517.000  9.002181e-01 
  518.000  9.003202e-01 
  519.000  9.006389e-01 
  520.000  9.008011e-01 
  521.000  9.011889e-01 
  522.000  9.012569e-01 
  523.000  9.013613e-01 
  524.000  9.013621e-01 
  525.000  9.009583e-01 
  526.000  9.009101e-01 
  527.000  9.006950e-01 
  528.000  9.004509e-01 
  529.000  9.001594e-01 
  530.000  9.000438e-01 
  531.000  9.002280e-01 
  532.000  9.003844e-01 
  533.000  9.007156e-01 
  534.000  9.011344e-01 
  535.000  9.014118e-01 
  536.000  9.018922e-01 
  537.000  9.023817e-01 
  538.000  9.026374e-01 
  539.000  9.026984e-01 
  540.000  9.030906e-01 
  541.000  9.018087e-01 
  542.000  9.024475e-01 
  543.000  9.034013e-01 
  544.000  9.037526e-01 
  545.000  9.030126e-01 
  546.000  9.026040e-01 
  547.000  9.038793e-01 
  548.000  9.049904e-01 
  549.000  9.051929e-01 
  550.000  9.053559e-01 
  551.000  9.060765e-01 
  552.000  9.061889e-01 
  553.000  9.063908e-01 
  554.000  9.066239e-01 
  555.000  9.067886e-01 
  556.000  9.065031e-01 
  557.000  9.060448e-01 
  558.000  9.056726e-01 
  559.000  9.051715e-01 
  560.000  9.047155e-01 
  561.000  9.043480e-01 
  562.000  9.040949e-01 
  563.000  9.036527e-01 
  564.000  9.032027e-01 
  565.000  9.028169e-01 
  566.000  9.026027e-01 
  567.000  9.020010e-01 
  568.000  9.013394e-01 
  569.000  8.974753e-01 
  570.000  8.964335e-01 
  571.000  8.980058e-01 
  572.000  8.956773e-01 
  573.000  8.969638e-01 
  574.000  8.956283e-01 
  575.000  8.965558e-01 
  576.000  8.962950e-01 
  577.000  8.965563e-01 
  578.000  8.986564e-01 
  579.000  8.997982e-01 
  580.000  9.009172e-01 
  581.000  9.025614e-01 
  582.000  9.039459e-01 
  583.000  9.053236e-01 
  584.000  9.070780e-01 
  585.000  9.074886e-01 
  586.000  9.084033e-01 
  587.000  9.083625e-01 
  588.000  9.071977e-01 
  589.000  8.937364e-01 
  590.000  8.936766e-01 
  591.000  8.986412e-01 
  592.000  8.885273e-01 
  593.000  9.051131e-01 
  594.000  8.969086e-01 
  595.000  9.021342e-01 
  596.000  9.045942e-01 
  597.000  9.045091e-01 
  598.000  9.048653e-01 
  599.000  9.077537e-01 
  600.000  9.082277e-01 
  601.000  9.102133e-01 
  602.000  9.112344e-01 
  603.000  9.116393e-01 
  604.000  9.123361e-01 
  605.000  9.127043e-01 
  606.000  9.136608e-01 
  607.000  9.144722e-01 
  608.000  9.154518e-01 
  609.000  9.158534e-01 
  610.000  9.166527e-01 
  611.000  9.172957e-01 
  612.000  9.182459e-01 
  613.000  9.190357e-01 
  614.000  9.196087e-01 
  615.000  9.202760e-01 
  616.000  9.212326e-01 
  617.000  9.219260e-01 
  618.000  9.223913e-01 
  619.000  9.230821e-01 
  620.000  9.236985e-01 
  621.000  9.241517e-01 
  622.000  9.243534e-01 
  623.000  9.248046e-01 
  624.000  9.249657e-01 
  625.000  9.252113e-01 
  626.000  9.252779e-01 
  627.000  9.249876e-01 
  628.000  9.098034e-01 
  629.000  9.167587e-01 
  630.000  9.217905e-01 
  631.000  9.259752e-01 
  632.000  9.266151e-01 
  633.000  9.281989e-01 
  634.000  9.298540e-01 
  635.000  9.305442e-01 
  636.000  9.318525e-01 
  637.000  9.335794e-01 
  638.000  9.354071e-01 
  639.000  9.363900e-01 
  640.000  9.371902e-01 
  641.000  9.380714e-01 
  642.000  9.393482e-01 
  643.000  9.392934e-01 
  644.000  9.403245e-01 
  645.000  9.404968e-01 
  646.000  9.371745e-01 
  647.000  9.319143e-01 
  648.000  9.267163e-01 
  649.000  9.315602e-01 
  650.000  9.416986e-01 
  651.000  9.430314e-01 
  652.000  9.402900e-01 
  653.000  9.437181e-01 
  654.000  9.439378e-01 
  655.000  9.331454e-01 
  656.000  9.408796e-01 
  657.000  9.430360e-01 
  658.000  9.469457e-01 
  659.000  9.492693e-01 
  660.000  9.490500e-01 
  661.000  9.504265e-01 
  662.000  9.505413e-01 
  663.000  9.506139e-01 
  664.000  9.514484e-01 
  665.000  9.519589e-01 
  666.000  9.525269e-01 
  667.000  9.533305e-01 
  668.000  9.536790e-01 
  669.000  9.542589e-01 
  670.000  9.546370e-01 
  671.000  9.553345e-01 
  672.000  9.554832e-01 
  673.000  9.560643e-01 
  674.000  9.562835e-01 
  675.000  9.568847e-01 
  676.000  9.570559e-01 
  677.000  9.573836e-01 
  678.000  9.578993e-01 
  679.000  9.581721e-01 
  680.000  9.586917e-01 
  681.000  9.588180e-01 
  682.000  9.596221e-01 
  683.000  9.593148e-01 
  684.000  9.599687e-01 
  685.000  9.606987e-01 
  686.000  9.609200e-01 
  687.000  7.291442e-01 
  688.000  8.842909e-01 
  689.000  9.057887e-01 
  690.000  9.246207e-01 
  691.000  9.331584e-01 
  692.000  9.503683e-01 
  693.000  9.366991e-01 
  694.000  9.144818e-01 
  695.000  9.383699e-01 
  696.000  9.317700e-01 
  697.000  9.612153e-01 
  698.000  9.603010e-01 
  699.000  9.476096e-01 
  700.000  9.488894e-01 
  701.000  9.389286e-01 
  702.000  9.437103e-01 
  703.000  9.478204e-01 
  704.000  9.508697e-01 
  705.000  9.517745e-01 
  706.000  9.564844e-01 
  707.000  9.603260e-01 
  708.000  9.630117e-01 
  709.000  9.631893e-01 
  710.000  9.619382e-01 
  711.000  9.652396e-01 
  712.000  9.632421e-01 
  713.000  9.660445e-01 
  714.000  9.637443e-01 
  715.000  9.573004e-01 
  716.000  9.584272e-01 
  717.000  9.314728e-01 
  718.000  8.609124e-01 
  719.000  8.075699e-01 
  720.000  8.700454e-01 
  721.000  9.464835e-01 
  722.000  9.446681e-01 
  723.000  9.405175e-01 
  724.000  8.517432e-01 
  725.000  8.764682e-01 
  726.000  9.178903e-01 
  727.000  8.995011e-01 
  728.000  8.672881e-01 
  729.000  8.850923e-01 
  730.000  9.232503e-01 
  731.000  9.022594e-01 
  732.000  9.141782e-01 
  733.000  9.455707e-01 
  734.000  9.621392e-01 
  735.000  9.506100e-01 
  736.000  9.585965e-01 
  737.000  9.585595e-01 
  738.000  9.633501e-01 
  739.000  9.647271e-01 
  740.000  9.708453e-01 
  741.000  9.740773e-01 
  742.000  9.744188e-01 
  743.000  9.742623e-01 
  744.000  9.752345e-01 
  745.000  9.758107e-01 
  746.000  9.763911e-01 
  747.000  9.764263e-01 
  748.000  9.766548e-01 
  749.000  9.767232e-01 
  750.000  9.769323e-01 
  751.000  9.769670e-01 
  752.000  9.775596e-01 
  753.000  9.776967e-01 
  754.000  9.778012e-01 
  755.000  9.779000e-01 
  756.000  9.779536e-01 
  757.000  9.783078e-01 
  758.000  9.786071e-01 
  759.000  9.726804e-01 
  760.000  4.713537e-01 
  761.000  3.918494e-01 
  762.000  7.370424e-01 
  763.000  6.516138e-01 
  764.000  6.857725e-01 
  765.000  7.901099e-01 
  766.000  9.050840e-01 
  767.000  9.370762e-01 
  768.000  9.676515e-01 
  769.000  9.758341e-01 
  770.000  9.755705e-01 
  771.000  9.790516e-01 
  772.000  9.801739e-01 
  773.000  9.802311e-01 
  774.000  9.802259e-01 
  775.000  9.803114e-01 
  776.000  9.804133e-01 
  777.000  9.805425e-01 
  778.000  9.806189e-01 
  779.000  9.806961e-01 
  780.000  9.807603e-01 
  781.000  9.809741e-01 
  782.000  9.810471e-01 
  783.000  9.812278e-01 
  784.000  9.808915e-01 
  785.000  9.805378e-01 
  786.000  9.783747e-01 
  787.000  9.781665e-01 
  788.000  9.737168e-01 
  789.000  9.736114e-01 
  790.000  9.656813e-01 
  791.000  9.665415e-01 
  792.000  9.698429e-01 
  793.000  9.721296e-01 
  794.000  9.817731e-01 
  795.000  9.783013e-01 
  796.000  9.567270e-01 
  797.000  9.723608e-01 
  798.000  9.738808e-01 
  799.000  9.772119e-01 
  800.000  9.680590e-01 
  801.000  9.637178e-01 
  802.000  9.697598e-01 
  803.000  9.685068e-01 
  804.000  9.680632e-01 
  805.000  9.721345e-01 
  806.000  9.800895e-01 
  807.000  9.752334e-01 
  808.000  9.802123e-01 
  809.000  9.725764e-01 
  810.000  9.686721e-01 
  811.000  9.700618e-01 
  812.000  9.615401e-01 
  813.000  9.452773e-01 
  814.000  9.173440e-01 
  815.000  8.852139e-01 
  816.000  9.097669e-01 
  817.000  8.008693e-01 
  818.000  8.784986e-01 
  819.000  9.089445e-01 
  820.000  8.694213e-01 
  821.000  9.667631e-01 
  822.000  9.532599e-01 
  823.000  7.691335e-01 
  824.000  9.347629e-01 
  825.000  9.595506e-01 
  826.000  9.335485e-01 
  827.000  9.579574e-01 
  828.000  8.928304e-01 
  829.000  9.431705e-01 
  830.000  9.314859e-01 
  831.000  9.370932e-01 
  832.000  9.360110e-01 
  833.000  9.555807e-01 
  834.000  9.555867e-01 
  835.000  9.663361e-01 
  836.000  9.676312e-01 
  837.000  9.670287e-01 
  838.000  9.744115e-01 
  839.000  9.781387e-01 
  840.000  9.790601e-01 
  841.000  9.790601e-01 
  842.000  9.725345e-01 
  843.000  9.848878e-01 
  844.000  9.774588e-01 
  845.000  9.834439e-01 
  846.000  9.849858e-01 
  847.000  9.861527e-01 
  848.000  9.845555e-01 
  849.000  9.852853e-01 
  850.000  9.847518e-01 
  851.000  9.835455e-01 
  852.000  9.862883e-01 
  853.000  9.868630e-01 
  854.000  9.863092e-01 
  855.000  9.863092e-01 
  856.000  9.868921e-01 
  857.000  9.882295e-01 
  858.000  9.869910e-01 
  859.000  9.878090e-01 
  860.000  9.886093e-01 
  861.000  9.882978e-01 
  862.000  9.886924e-01 
  863.000  9.887010e-01 
  864.000  9.889280e-01 
  865.000  9.889280e-01 
  866.000  9.889702e-01 
  867.000  9.890409e-01 
  868.000  9.890528e-01 
  869.000  9.890916e-01 
  870.000  9.890920e-01 
  871.000  9.892265e-01 
  872.000  9.892991e-01 
  873.000  9.892288e-01 
  874.000  9.892288e-01 
  875.000  9.894655e-01 
  876.000  9.895087e-01 
  877.000  9.894450e-01 
  878.000  9.893762e-01 
  879.000  9.893599e-01 
  880.000  9.896298e-01 
  881.000  9.896298e-01 
  882.000  9.888979e-01 
  883.000  9.891430e-01 
  884.000  9.892260e-01 
  885.000  9.893906e-01 
  886.000  9.850000e-01 
  887.000  9.890533e-01 
  888.000  9.890533e-01 
  889.000  9.880409e-01 
  890.000  9.856329e-01 
  891.000  9.890390e-01 
  892.000  9.850313e-01 
  893.000  9.744259e-01 
  894.000  9.744259e-01 
  895.000  9.511210e-01 
  896.000  9.289685e-01 
  897.000  8.383527e-01 
  898.000  9.233380e-01 
  899.000  7.674296e-01 
  900.000  7.674296e-01 
  901.000  8.040416e-01 
  902.000  8.351519e-01 
  903.000  8.731176e-01 
  904.000  9.583480e-01 
  905.000  9.458728e-01 
  906.000  9.458728e-01 
  907.000  8.486817e-01 
  908.000  8.286487e-01 
  909.000  8.378270e-01 
  910.000  8.160961e-01 
  911.000  8.160961e-01 
  912.000  9.100685e-01 
  913.000  8.623891e-01 
  914.000  8.325271e-01 
  915.000  7.889606e-01 
  916.000  7.889606e-01 
  917.000  9.052877e-01 
  918.000  8.089350e-01 
  919.000  8.861001e-01 
  920.000  9.550607e-01 
  921.000  9.550607e-01 
  922.000  9.358392e-01 
  923.000  9.342251e-01 
  924.000  9.141386e-01 
  925.000  9.141386e-01 
  926.000  9.239908e-01 
  927.000  9.319179e-01 
  928.000  8.255574e-01 
  929.000  8.034390e-01 
  930.000  8.034390e-01 
  931.000  6.714843e-01 
  932.000  4.936146e-01 
  933.000  5.120857e-01 
  934.000  5.120857e-01 
  935.000  4.726989e-01 
  936.000  4.427688e-01 
  937.000  4.207911e-01 
  938.000  4.207911e-01 
  939.000  5.694988e-01 
  940.000  7.043487e-01 
  941.000  6.530272e-01 
  942.000  6.530272e-01 
  943.000  5.553916e-01 
  944.000  5.664021e-01 
  945.000  6.402445e-01 
  946.000  6.402445e-01 
  947.000  5.656335e-01 
  948.000  5.851166e-01 
  949.000  6.532044e-01 
  950.000  6.532044e-01 
  951.000  6.703937e-01 
  952.000  5.572113e-01 
  953.000  6.983298e-01 
  954.000  6.983298e-01 
  955.000  6.959574e-01 
  956.000  5.861960e-01 
  957.000  7.477421e-01 
  958.000  7.477421e-01 
  959.000  6.385471e-01 
  960.000  7.210061e-01 
  961.000  7.210061e-01 
  962.000  7.600613e-01 
  963.000  8.181503e-01 
  964.000  7.183608e-01 
  965.000  7.183608e-01 
  966.000  7.904016e-01 
  967.000  8.758030e-01 
  968.000  8.758030e-01 
  969.000  8.959410e-01 
  970.000  9.332941e-01 
  971.000  9.470413e-01 
  972.000  9.470413e-01 
  973.000  9.301298e-01 
  974.000  8.528844e-01 
  975.000  8.528844e-01 
  976.000  8.363208e-01 
  977.000  9.122534e-01 
  978.000  9.011852e-01 
  979.000  9.011852e-01 
  980.000  9.017667e-01 
  981.000  9.655078e-01 
  982.000  9.655078e-01 
  983.000  9.460219e-01 
  984.000  9.632028e-01 
  985.000  9.632028e-01 
  986.000  9.852301e-01 
  987.000  9.768416e-01 
  988.000  9.768416e-01 
  989.000  9.896451e-01 
  990.000  9.843461e-01 
  991.000  9.843461e-01 
  992.000  9.879832e-01 
  993.000  9.872530e-01 
  994.000  9.872530e-01 
  995.000  9.925924e-01 
  996.000  9.927098e-01 
  997.000  9.927098e-01 
  998.000  9.927311e-01 
  999.000  9.922996e-01 
 1000.000  9.922996e-01 
 1001.000  9.925470e-01 
 1002.000  9.852861e-01 
 1003.000  9.852861e-01 
 1004.000  9.925753e-01 
 1005.000  9.929197e-01 
 1006.000  9.929197e-01 
 1007.000  9.931586e-01 
 1008.000  9.917490e-01 
 1009.000  9.917490e-01 
 1010.000  9.863470e-01 
 1011.000  9.931327e-01 
 1012.000  9.931327e-01 
 1013.000  9.934060e-01 
 1014.000  9.932095e-01 
 1015.000  9.932095e-01 
 1016.000  9.935784e-01 
 1017.000  9.931872e-01 
 1018.000  9.931872e-01 
 1019.000  9.927086e-01 
 1020.000  9.937207e-01 
 1021.000  9.937207e-01 
 1022.000  9.928228e-01 
 1023.000  9.928228e-01 
 1024.000  9.926015e-01 
 1025.000  9.937770e-01 
 1026.000  9.937770e-01 
 1027.000  9.932489e-01 
 1028.000  9.938807e-01 
 1029.000  9.938807e-01 
 1030.000  9.941636e-01 
 1031.000  9.940836e-01 
 1032.000  9.940836e-01 
 1033.000  9.941994e-01 
 1034.000  9.941994e-01 
 1035.000  9.943535e-01 
 1036.000  9.941164e-01 
 1037.000  9.941164e-01 
 1038.000  9.940990e-01 
 1039.000  9.938399e-01 
 1040.000  9.938399e-01 
 1041.000  9.936692e-01 
 1042.000  9.936692e-01 
 1043.000  9.934434e-01 
 1044.000  9.930872e-01 
 1045.000  9.930872e-01 
 1046.000  9.925912e-01 
 1047.000  9.925912e-01 
 1048.000  9.920920e-01 
 1049.000  9.910705e-01 
 1050.000  9.910705e-01 
 1051.000  9.906343e-01 
 1052.000  9.906343e-01 
 1053.000  9.899448e-01 
 1054.000  9.893526e-01 
 1055.000  9.893526e-01 
 1056.000  9.886653e-01 
 1057.000  9.886653e-01 
 1058.000  9.880514e-01 
 1059.000  9.874493e-01 
 1060.000  9.874493e-01 
 1061.000  9.870660e-01 
 1062.000  9.870660e-01 
 1063.000  9.862993e-01 
 1064.000  9.856162e-01 
 1065.000  9.856162e-01 
 1066.000  9.866350e-01 
 1067.000  9.866350e-01 
 1068.000  9.859563e-01 
 1069.000  9.860446e-01 
 1070.000  9.860446e-01 
 1071.000  9.873345e-01 
 1072.000  9.873345e-01 
 1073.000  9.880086e-01 
 1074.000  9.880086e-01 
 1075.000  9.837400e-01 
 1076.000  9.829695e-01 
 1077.000  9.829695e-01 
 1078.000  9.874460e-01 
 1079.000  9.874460e-01 
 1080.000  9.828666e-01 
 1081.000  9.828666e-01 
 1082.000  9.853294e-01 
 1083.000  9.812211e-01 
 1084.000  9.812211e-01 
 1085.000  9.739781e-01 
 1086.000  9.739781e-01 
 1087.000  9.845089e-01 
 1088.000  9.845089e-01 
 1089.000  9.789910e-01 
 1090.000  9.762074e-01 
 1091.000  9.762074e-01 
 1092.000  9.675934e-01 
 1093.000  9.675934e-01 
 1094.000  9.676158e-01 
 1095.000  9.676158e-01 
 1096.000  9.625413e-01 
 1097.000  9.625413e-01 
 1098.000  9.511948e-01 
 1099.000  9.131860e-01 
 1100.000  9.131860e-01 
 1101.000  9.144482e-01 
 1102.000  9.144482e-01 
 1103.000  8.994378e-01 
 1104.000  8.994378e-01 
 1105.000  8.874082e-01 
 1106.000  8.874082e-01 
 1107.000  8.859368e-01 
 1108.000  8.859368e-01 
 1109.000  8.566800e-01 
 1110.000  8.165619e-01 
 1111.000  8.165619e-01 
 1112.000  7.864786e-01 
 1113.000  7.864786e-01 
 1114.000  7.027501e-01 
 1115.000  7.027501e-01 
 1116.000  4.797091e-01 
 1117.000  4.797091e-01 
 1118.000  5.881101e-01 
 1119.000  5.881101e-01 
 1120.000  5.129881e-01 
 1121.000  5.129881e-01 
 1122.000  3.262078e-01 
 1123.000  5.496831e-01 
 1124.000  5.496831e-01 
 1125.000  3.683047e-01 
 1126.000  3.683047e-01 
 1127.000  4.313853e-01 
 1128.000  4.313853e-01 
 1129.000  4.291724e-01 
 1130.000  4.291724e-01 
 1131.000  7.030672e-01 
 1132.000  7.030672e-01 
 1133.000  4.303202e-01 
 1134.000  4.303202e-01 
 1135.000  2.575766e-01 
 1136.000  2.575766e-01 
 1137.000  7.072672e-01 
 1138.000  7.072672e-01 
 1139.000  6.563662e-01 
 1140.000  6.563662e-01 
 1141.000  6.402406e-01 
 1142.000  6.402406e-01 
 1143.000  6.753897e-01 
 1144.000  6.753897e-01 
 1145.000  4.764466e-01 
 1146.000  4.764466e-01 
 1147.000  4.591776e-01 
 1148.000  4.591776e-01 
 1149.000  5.748026e-01 
 1150.000  5.748026e-01 
 1151.000  6.713468e-01 
 1152.000  6.713468e-01 
 1153.000  6.240081e-01 
 1154.000  6.240081e-01 
 1155.000  6.733581e-01 
 1156.000  6.733581e-01 
 1157.000  7.482114e-01 
 1158.000  7.482114e-01 
 1159.000  8.377597e-01 
 1160.000  8.377597e-01 
 1161.000  8.204915e-01 
 1162.000  8.204915e-01 
 1163.000  8.826443e-01 
 1164.000  8.826443e-01 
 1165.000  8.599471e-01 
 1166.000  8.599471e-01 
 1167.000  9.046436e-01 
 1168.000  9.046436e-01 
 1169.000  9.181851e-01 
 1170.000  9.181851e-01 
 1171.000  9.267032e-01 
 1172.000  9.267032e-01 
 1173.000  8.563623e-01 
 1174.000  8.563623e-01 
 1175.000  9.648766e-01 
 1176.000  9.648766e-01 
 1177.000  8.980785e-01 
 1178.000  8.980785e-01 
 1179.000  9.466282e-01 
 1180.000  9.466282e-01 
 1181.000  8.490250e-01 
 1182.000  8.490250e-01 
 1183.000  9.212732e-01 
 1184.000  9.212732e-01 
 1185.000  9.440286e-01 
 1186.000  9.440286e-01 
 1187.000  8.658764e-01 
 1188.000  8.658764e-01 
 1189.000  8.658764e-01 
 1190.000  9.212637e-01 
 1191.000  9.212637e-01 
 1192.000  9.675663e-01 
 1193.000  9.675663e-01 
 1194.000  9.342065e-01 
 1195.000  9.342065e-01 
 1196.000  9.485300e-01 
 1197.000  9.485300e-01 
 1198.000  9.174582e-01 
 1199.000  9.174582e-01 
 1200.000  9.137771e-01 
