  250.000  0.000000e+00 
  251.000  0.000000e+00 
  252.000  0.000000e+00 
  253.000  0.000000e+00 
  254.000  0.000000e+00 
  255.000  0.000000e+00 
  256.000  0.000000e+00 
  257.000  0.000000e+00 
  258.000  0.000000e+00 
  259.000  0.000000e+00 
  260.000  0.000000e+00 
  261.000  0.000000e+00 
  262.000  0.000000e+00 
  263.000  0.000000e+00 
  264.000  0.000000e+00 
  265.000  0.000000e+00 
  266.000  0.000000e+00 
  267.000  0.000000e+00 
  268.000  0.000000e+00 
  269.000  0.000000e+00 
  270.000  0.000000e+00 
  271.000  0.000000e+00 
  272.000  0.000000e+00 
  273.000  0.000000e+00 
  274.000  0.000000e+00 
  275.000  0.000000e+00 
  276.000  0.000000e+00 
  277.000  0.000000e+00 
  278.000  0.000000e+00 
  279.000  0.000000e+00 
  280.000  0.000000e+00 
  281.000  0.000000e+00 
  282.000  0.000000e+00 
  283.000  0.000000e+00 
  284.000  0.000000e+00 
  285.000  0.000000e+00 
  286.000  0.000000e+00 
  287.000  0.000000e+00 
  288.000  0.000000e+00 
  289.000  0.000000e+00 
  290.000  0.000000e+00 
  291.000  0.000000e+00 
  292.000  1.231881e-11 
  293.000  1.383643e-10 
  294.000  2.149915e-09 
  295.000  1.258496e-08 
  296.000  1.505807e-07 
  297.000  6.664438e-07 
  298.000  3.942812e-06 
  299.000  1.322488e-05 
  300.000  4.637911e-05 
  301.000  1.295703e-04 
  302.000  3.042061e-04 
  303.000  8.486331e-04 
  304.000  1.237350e-03 
  305.000  2.845299e-03 
  306.000  4.510492e-03 
  307.000  7.972172e-03 
  308.000  1.144347e-02 
  309.000  1.603025e-02 
  310.000  2.498984e-02 
  311.000  2.976207e-02 
  312.000  3.844548e-02 
  313.000  5.034063e-02 
  314.000  5.583039e-02 
  315.000  7.293362e-02 
  316.000  7.778008e-02 
  317.000  9.267798e-02 
  318.000  1.019234e-01 
  319.000  1.289047e-01 
  320.000  1.109828e-01 
  321.000  1.532845e-01 
  322.000  1.353039e-01 
  323.000  1.557756e-01 
  324.000  1.867378e-01 
  325.000  1.642938e-01 
  326.000  1.960161e-01 
  327.000  2.063020e-01 
  328.000  1.889296e-01 
  329.000  2.269294e-01 
  330.000  2.335498e-01 
  331.000  2.166462e-01 
  332.000  2.438237e-01 
  333.000  2.496492e-01 
  334.000  2.452723e-01 
  335.000  2.630576e-01 
  336.000  2.701239e-01 
  337.000  2.650154e-01 
  338.000  2.766839e-01 
  339.000  2.851367e-01 
  340.000  2.834969e-01 
  341.000  2.930811e-01 
  342.000  2.996927e-01 
  343.000  3.037208e-01 
  344.000  3.019119e-01 
  345.000  3.124216e-01 
  346.000  3.175897e-01 
  347.000  3.218279e-01 
  348.000  3.264702e-01 
  349.000  3.320634e-01 
  350.000  3.364332e-01 
  351.000  3.415844e-01 
  352.000  3.457769e-01 
  353.000  3.508047e-01 
  354.000  3.544176e-01 
  355.000  3.583796e-01 
  356.000  3.634161e-01 
  357.000  3.667070e-01 
  358.000  3.704050e-01 
  359.000  3.740605e-01 
  360.000  3.776319e-01 
  361.000  3.813621e-01 
  362.000  3.871040e-01 
  363.000  3.919933e-01 
  364.000  3.968767e-01 
  365.000  4.009714e-01 
  366.000  4.055466e-01 
  367.000  4.098599e-01 
  368.000  4.139819e-01 
  369.000  4.174603e-01 
  370.000  4.216037e-01 
  371.000  4.259945e-01 
  372.000  4.296177e-01 
  373.000  4.340943e-01 
  374.000  4.383661e-01 
  375.000  4.418367e-01 
  376.000  4.454348e-01 
  377.000  4.495710e-01 
  378.000  4.527895e-01 
  379.000  4.562780e-01 
  380.000  4.596190e-01 
  381.000  4.632823e-01 
  382.000  4.681733e-01 
  383.000  4.731725e-01 
  384.000  4.765798e-01 
  385.000  4.809708e-01 
  386.000  4.844925e-01 
  387.000  4.886431e-01 
  388.000  4.919119e-01 
  389.000  4.952447e-01 
  390.000  4.994218e-01 
  391.000  5.028598e-01 
  392.000  5.057313e-01 
  393.000  5.105913e-01 
  394.000  5.139338e-01 
  395.000  5.171754e-01 
  396.000  5.212665e-01 
  397.000  5.250039e-01 
  398.000  5.275776e-01 
  399.000  5.311648e-01 
  400.000  5.342007e-01 
  401.000  5.382573e-01 
  402.000  5.419191e-01 
  403.000  5.456756e-01 
  404.000  5.481595e-01 
  405.000  5.516201e-01 
  406.000  5.549131e-01 
  407.000  5.591710e-01 
  408.000  5.612311e-01 
  409.000  5.642480e-01 
  410.000  5.674664e-01 
  411.000  5.710623e-01 
  412.000  5.748131e-01 
  413.000  5.768114e-01 
  414.000  5.806723e-01 
  415.000  5.837064e-01 
  416.000  5.876404e-01 
  417.000  5.899426e-01 
  418.000  5.925506e-01 
  419.000  5.962968e-01 
  420.000  5.987988e-01 
  421.000  6.017199e-01 
  422.000  6.041092e-01 
  423.000  6.074205e-01 
  424.000  6.099422e-01 
  425.000  6.137884e-01 
  426.000  6.166685e-01 
  427.000  6.193040e-01 
  428.000  6.216938e-01 
  429.000  6.252154e-01 
  430.000  6.280987e-01 
  431.000  6.291890e-01 
  432.000  6.332715e-01 
  433.000  6.360661e-01 
  434.000  6.378667e-01 
  435.000  6.397246e-01 
  436.000  6.430236e-01 
  437.000  6.473157e-01 
  438.000  6.494914e-01 
  439.000  6.499426e-01 
  440.000  6.531686e-01 
  441.000  6.559842e-01 
  442.000  6.592919e-01 
  443.000  6.609595e-01 
  444.000  6.632716e-01 
  445.000  6.640821e-01 
  446.000  6.671227e-01 
  447.000  6.704235e-01 
  448.000  6.704936e-01 
  449.000  6.747158e-01 
  450.000  6.781289e-01 
  451.000  6.801475e-01 
  452.000  6.818035e-01 
  453.000  6.843047e-01 
  454.000  6.877727e-01 
  455.000  6.889184e-01 
  456.000  6.908752e-01 
  457.000  6.931659e-01 
  458.000  6.945230e-01 
  459.000  6.965736e-01 
  460.000  6.977447e-01 
  461.000  6.998911e-01 
  462.000  7.028990e-01 
  463.000  7.029982e-01 
  464.000  7.059609e-01 
  465.000  7.080005e-01 
  466.000  7.116967e-01 
  467.000  7.127695e-01 
  468.000  7.149009e-01 
  469.000  7.165650e-01 
  470.000  7.184615e-01 
  471.000  7.205456e-01 
  472.000  7.213320e-01 
  473.000  7.218179e-01 
  474.000  7.206229e-01 
  475.000  7.207781e-01 
  476.000  7.215375e-01 
  477.000  7.222410e-01 
  478.000  7.231744e-01 
  479.000  7.250612e-01 
  480.000  7.273788e-01 
  481.000  7.314531e-01 
  482.000  7.347562e-01 
  483.000  7.377691e-01 
  484.000  7.392746e-01 
  485.000  7.404360e-01 
  486.000  7.415332e-01 
  487.000  7.441002e-01 
  488.000  7.453712e-01 
  489.000  7.463508e-01 
  490.000  7.491124e-01 
  491.000  7.507399e-01 
  492.000  7.521799e-01 
  493.000  7.535996e-01 
  494.000  7.545413e-01 
  495.000  7.556403e-01 
  496.000  7.562689e-01 
  497.000  7.574446e-01 
  498.000  7.582766e-01 
  499.000  7.593108e-01 
  500.000  7.599908e-01 
  501.000  7.597523e-01 
  502.000  7.584993e-01 
  503.000  7.570280e-01 
  504.000  7.551565e-01 
  505.000  7.578894e-01 
  506.000  7.591947e-01 
  507.000  7.600036e-01 
  508.000  7.631265e-01 
  509.000  7.650008e-01 
  510.000  7.673010e-01 
  511.000  7.688974e-01 
  512.000  7.700297e-01 
  513.000  7.724182e-01 
  514.000  7.734035e-01 
  515.000  7.752225e-01 
  516.000  7.758455e-01 
  517.000  7.770243e-01 
  518.000  7.772359e-01 
  519.000  7.778962e-01 
  520.000  7.782326e-01 
  521.000  7.790370e-01 
  522.000  7.791781e-01 
  523.000  7.793952e-01 
  524.000  7.794653e-01 
  525.000  7.787388e-01 
  526.000  7.784635e-01 
  527.000  7.781249e-01 
  528.000  7.775300e-01 
  529.000  7.770184e-01 
  530.000  7.767007e-01 
  531.000  7.770503e-01 
  532.000  7.773823e-01 
  533.000  7.780566e-01 
  534.000  7.789389e-01 
  535.000  7.795003e-01 
  536.000  7.805003e-01 
  537.000  7.815215e-01 
  538.000  7.820488e-01 
  539.000  7.823182e-01 
  540.000  7.831973e-01 
  541.000  7.815985e-01 
  542.000  7.824699e-01 
  543.000  7.839307e-01 
  544.000  7.846255e-01 
  545.000  7.836396e-01 
  546.000  7.833471e-01 
  547.000  7.854100e-01 
  548.000  7.872141e-01 
  549.000  7.875853e-01 
  550.000  7.881458e-01 
  551.000  7.892472e-01 
  552.000  7.895115e-01 
  553.000  7.898750e-01 
  554.000  7.903607e-01 
  555.000  7.907053e-01 
  556.000  7.901077e-01 
  557.000  7.891496e-01 
  558.000  7.883717e-01 
  559.000  7.873274e-01 
  560.000  7.863868e-01 
  561.000  7.856277e-01 
  562.000  7.850862e-01 
  563.000  7.841662e-01 
  564.000  7.832265e-01 
  565.000  7.824225e-01 
  566.000  7.819767e-01 
  567.000  7.808956e-01 
  568.000  7.795863e-01 
  569.000  7.735894e-01 
  570.000  7.713562e-01 
  571.000  7.731724e-01 
  572.000  7.697082e-01 
  573.000  7.710822e-01 
  574.000  7.689708e-01 
  575.000  7.699512e-01 
  576.000  7.698513e-01 
  577.000  7.705280e-01 
  578.000  7.740585e-01 
  579.000  7.763742e-01 
  580.000  7.785460e-01 
  581.000  7.819530e-01 
  582.000  7.850025e-01 
  583.000  7.878425e-01 
  584.000  7.917207e-01 
  585.000  7.928590e-01 
  586.000  7.947636e-01 
  587.000  7.949280e-01 
  588.000  7.938961e-01 
  589.000  7.757718e-01 
  590.000  7.757850e-01 
  591.000  7.827036e-01 
  592.000  7.690420e-01 
  593.000  7.916802e-01 
  594.000  7.806889e-01 
  595.000  7.876526e-01 
  596.000  7.909388e-01 
  597.000  7.907655e-01 
  598.000  7.911766e-01 
  599.000  7.950836e-01 
  600.000  7.955542e-01 
  601.000  7.985526e-01 
  602.000  8.004313e-01 
  603.000  8.012704e-01 
  604.000  8.024408e-01 
  605.000  8.032409e-01 
  606.000  8.052328e-01 
  607.000  8.068815e-01 
  608.000  8.089570e-01 
  609.000  8.098086e-01 
  610.000  8.115102e-01 
  611.000  8.128735e-01 
  612.000  8.148951e-01 
  613.000  8.165782e-01 
  614.000  8.178006e-01 
  615.000  8.192257e-01 
  616.000  8.212710e-01 
  617.000  8.227555e-01 
  618.000  8.237522e-01 
  619.000  8.252334e-01 
  620.000  8.265570e-01 
  621.000  8.275306e-01 
  622.000  8.279648e-01 
  623.000  8.289358e-01 
  624.000  8.293055e-01 
  625.000  8.298144e-01 
  626.000  8.300156e-01 
  627.000  8.297608e-01 
  628.000  8.009452e-01 
  629.000  8.153236e-01 
  630.000  8.225389e-01 
  631.000  8.315130e-01 
  632.000  8.338711e-01 
  633.000  8.368909e-01 
  634.000  8.404657e-01 
  635.000  8.417234e-01 
  636.000  8.449167e-01 
  637.000  8.488278e-01 
  638.000  8.521836e-01 
  639.000  8.545736e-01 
  640.000  8.562409e-01 
  641.000  8.585370e-01 
  642.000  8.608271e-01 
  643.000  8.611438e-01 
  644.000  8.630767e-01 
  645.000  8.638638e-01 
  646.000  8.593537e-01 
  647.000  8.522112e-01 
  648.000  8.451397e-01 
  649.000  8.526714e-01 
  650.000  8.679636e-01 
  651.000  8.701270e-01 
  652.000  8.665566e-01 
  653.000  8.718889e-01 
  654.000  8.729628e-01 
  655.000  8.577182e-01 
  656.000  8.690905e-01 
  657.000  8.725778e-01 
  658.000  8.788525e-01 
  659.000  8.828030e-01 
  660.000  8.826888e-01 
  661.000  8.852621e-01 
  662.000  8.855753e-01 
  663.000  8.862265e-01 
  664.000  8.876907e-01 
  665.000  8.887914e-01 
  666.000  8.899774e-01 
  667.000  8.916824e-01 
  668.000  8.924645e-01 
  669.000  8.937759e-01 
  670.000  8.945658e-01 
  671.000  8.961348e-01 
  672.000  8.964695e-01 
  673.000  8.977785e-01 
  674.000  8.982732e-01 
  675.000  8.996290e-01 
  676.000  9.000289e-01 
  677.000  9.007556e-01 
  678.000  9.019201e-01 
  679.000  9.025446e-01 
  680.000  9.037540e-01 
  681.000  9.041589e-01 
  682.000  9.058977e-01 
  683.000  9.056626e-01 
  684.000  9.071628e-01 
  685.000  9.083968e-01 
  686.000  9.091038e-01 
  687.000  5.853953e-01 
  688.000  7.558661e-01 
  689.000  7.984570e-01 
  690.000  8.318517e-01 
  691.000  8.528408e-01 
  692.000  8.893792e-01 
  693.000  8.718490e-01 
  694.000  8.442757e-01 
  695.000  8.788897e-01 
  696.000  8.702239e-01 
  697.000  9.125646e-01 
  698.000  9.113326e-01 
  699.000  8.927105e-01 
  700.000  8.950112e-01 
  701.000  8.802368e-01 
  702.000  8.875878e-01 
  703.000  8.942472e-01 
  704.000  8.988720e-01 
  705.000  9.002652e-01 
  706.000  9.074824e-01 
  707.000  9.133509e-01 
  708.000  9.176760e-01 
  709.000  9.181289e-01 
  710.000  9.163376e-01 
  711.000  9.217113e-01 
  712.000  9.188564e-01 
  713.000  9.233198e-01 
  714.000  9.198105e-01 
  715.000  9.104978e-01 
  716.000  9.123777e-01 
  717.000  8.723447e-01 
  718.000  7.815312e-01 
  719.000  7.311445e-01 
  720.000  7.877558e-01 
  721.000  8.957642e-01 
  722.000  8.934494e-01 
  723.000  8.875125e-01 
  724.000  7.774352e-01 
  725.000  7.980714e-01 
  726.000  8.550563e-01 
  727.000  8.295222e-01 
  728.000  7.861617e-01 
  729.000  8.089293e-01 
  730.000  8.635187e-01 
  731.000  8.334190e-01 
  732.000  8.501356e-01 
  733.000  8.963451e-01 
  734.000  9.211105e-01 
  735.000  9.040773e-01 
  736.000  9.159557e-01 
  737.000  9.160718e-01 
  738.000  9.233301e-01 
  739.000  9.256371e-01 
  740.000  9.349219e-01 
  741.000  9.400154e-01 
  742.000  9.408305e-01 
  743.000  9.406722e-01 
  744.000  9.422792e-01 
  745.000  9.432602e-01 
  746.000  9.443444e-01 
  747.000  9.445703e-01 
  748.000  9.450024e-01 
  749.000  9.452006e-01 
  750.000  9.456597e-01 
  751.000  9.458172e-01 
  752.000  9.470342e-01 
  753.000  9.473362e-01 
  754.000  9.476285e-01 
  755.000  9.479204e-01 
  756.000  9.480938e-01 
  757.000  9.487324e-01 
  758.000  9.494327e-01 
  759.000  9.362485e-01 
  760.000  2.707843e-01 
  761.000  1.638346e-01 
  762.000  5.667781e-01 
  763.000  4.526766e-01 
  764.000  5.281941e-01 
  765.000  6.723980e-01 
  766.000  8.087998e-01 
  767.000  8.616147e-01 
  768.000  9.257787e-01 
  769.000  9.429801e-01 
  770.000  9.426208e-01 
  771.000  9.504596e-01 
  772.000  9.530768e-01 
  773.000  9.532104e-01 
  774.000  9.532458e-01 
  775.000  9.534109e-01 
  776.000  9.536366e-01 
  777.000  9.539381e-01 
  778.000  9.541169e-01 
  779.000  9.542977e-01 
  780.000  9.544488e-01 
  781.000  9.549484e-01 
  782.000  9.552084e-01 
  783.000  9.555697e-01 
  784.000  9.551391e-01 
  785.000  9.546769e-01 
  786.000  9.513910e-01 
  787.000  9.512623e-01 
  788.000  9.444525e-01 
  789.000  9.444755e-01 
  790.000  9.326449e-01 
  791.000  9.340430e-01 
  792.000  9.391524e-01 
  793.000  9.428756e-01 
  794.000  9.576993e-01 
  795.000  9.524027e-01 
  796.000  9.198869e-01 
  797.000  9.434642e-01 
  798.000  9.458905e-01 
  799.000  9.509638e-01 
  800.000  9.371846e-01 
  801.000  9.306097e-01 
  802.000  9.397347e-01 
  803.000  9.378913e-01 
  804.000  9.372497e-01 
  805.000  9.434935e-01 
  806.000  9.557870e-01 
  807.000  9.483815e-01 
  808.000  9.560742e-01 
  809.000  9.443487e-01 
  810.000  9.383004e-01 
  811.000  9.404621e-01 
  812.000  9.276913e-01 
  813.000  9.039857e-01 
  814.000  8.633471e-01 
  815.000  8.234028e-01 
  816.000  8.547339e-01 
  817.000  7.257758e-01 
  818.000  8.202819e-01 
  819.000  8.534410e-01 
  820.000  8.112645e-01 
  821.000  9.364383e-01 
  822.000  9.159614e-01 
  823.000  6.884636e-01 
  824.000  8.889001e-01 
  825.000  9.261129e-01 
  826.000  8.885682e-01 
  827.000  9.239599e-01 
  828.000  8.323207e-01 
  829.000  9.025287e-01 
  830.000  8.859519e-01 
  831.000  8.938908e-01 
  832.000  8.923293e-01 
  833.000  9.201026e-01 
  834.000  9.208913e-01 
  835.000  9.366068e-01 
  836.000  9.388263e-01 
  837.000  9.377959e-01 
  838.000  9.489368e-01 
  839.000  9.547661e-01 
  840.000  9.563013e-01 
  841.000  9.563013e-01 
  842.000  9.462554e-01 
  843.000  9.653990e-01 
  844.000  9.539381e-01 
  845.000  9.632124e-01 
  846.000  9.657022e-01 
  847.000  9.675333e-01 
  848.000  9.651139e-01 
  849.000  9.662966e-01 
  850.000  9.657426e-01 
  851.000  9.646916e-01 
  852.000  9.690065e-01 
  853.000  9.699342e-01 
  854.000  9.691485e-01 
  855.000  9.691485e-01 
  856.000  9.700741e-01 
  857.000  9.722593e-01 
  858.000  9.703400e-01 
  859.000  9.716902e-01 
  860.000  9.729553e-01 
  861.000  9.725165e-01 
  862.000  9.731925e-01 
  863.000  9.731033e-01 
  864.000  9.736709e-01 
  865.000  9.736709e-01 
  866.000  9.737364e-01 
  867.000  9.739034e-01 
  868.000  9.739317e-01 
  869.000  9.740247e-01 
  870.000  9.741205e-01 
  871.000  9.743466e-01 
  872.000  9.745404e-01 
  873.000  9.744746e-01 
  874.000  9.744746e-01 
  875.000  9.749205e-01 
  876.000  9.750197e-01 
  877.000  9.749698e-01 
  878.000  9.749098e-01 
  879.000  9.749029e-01 
  880.000  9.753973e-01 
  881.000  9.753973e-01 
  882.000  9.743050e-01 
  883.000  9.747028e-01 
  884.000  9.748937e-01 
  885.000  9.752040e-01 
  886.000  9.683934e-01 
  887.000  9.747761e-01 
  888.000  9.747761e-01 
  889.000  9.731944e-01 
  890.000  9.695072e-01 
  891.000  9.748686e-01 
  892.000  9.686506e-01 
  893.000  9.523779e-01 
  894.000  9.523779e-01 
  895.000  9.191499e-01 
  896.000  8.867691e-01 
  897.000  7.764363e-01 
  898.000  8.783748e-01 
  899.000  7.020271e-01 
  900.000  7.020271e-01 
  901.000  7.436415e-01 
  902.000  7.808952e-01 
  903.000  8.249954e-01 
  904.000  9.289275e-01 
  905.000  9.116416e-01 
  906.000  9.116416e-01 
  907.000  7.861109e-01 
  908.000  7.714438e-01 
  909.000  7.749672e-01 
  910.000  7.458487e-01 
  911.000  7.458487e-01 
  912.000  8.590668e-01 
  913.000  7.993101e-01 
  914.000  7.662565e-01 
  915.000  7.200006e-01 
  916.000  7.200006e-01 
  917.000  8.505782e-01 
  918.000  7.404053e-01 
  919.000  8.363739e-01 
  920.000  9.241323e-01 
  921.000  9.241323e-01 
  922.000  8.958253e-01 
  923.000  8.936768e-01 
  924.000  8.638470e-01 
  925.000  8.638470e-01 
  926.000  8.782755e-01 
  927.000  8.894933e-01 
  928.000  7.482590e-01 
  929.000  7.195411e-01 
  930.000  7.195411e-01 
  931.000  5.867390e-01 
  932.000  4.037905e-01 
  933.000  3.987091e-01 
  934.000  3.987091e-01 
  935.000  3.802627e-01 
  936.000  3.520744e-01 
  937.000  3.111280e-01 
  938.000  3.111280e-01 
  939.000  4.685773e-01 
  940.000  6.118769e-01 
  941.000  5.605814e-01 
  942.000  5.605814e-01 
  943.000  4.590724e-01 
  944.000  4.706244e-01 
  945.000  5.418856e-01 
  946.000  5.418856e-01 
  947.000  4.676176e-01 
  948.000  4.975552e-01 
  949.000  5.639933e-01 
  950.000  5.639933e-01 
  951.000  5.935239e-01 
  952.000  4.495177e-01 
  953.000  6.107246e-01 
  954.000  6.107246e-01 
  955.000  6.116137e-01 
  956.000  4.909965e-01 
  957.000  6.718565e-01 
  958.000  6.718565e-01 
  959.000  5.412539e-01 
  960.000  6.261557e-01 
  961.000  6.261557e-01 
  962.000  6.874559e-01 
  963.000  7.414635e-01 
  964.000  6.361243e-01 
  965.000  6.361243e-01 
  966.000  7.174388e-01 
  967.000  8.206047e-01 
  968.000  8.206047e-01 
  969.000  8.461366e-01 
  970.000  8.934285e-01 
  971.000  9.138874e-01 
  972.000  9.138874e-01 
  973.000  8.883403e-01 
  974.000  7.901092e-01 
  975.000  7.901092e-01 
  976.000  7.756867e-01 
  977.000  8.693463e-01 
  978.000  8.548341e-01 
  979.000  8.548341e-01 
  980.000  8.552727e-01 
  981.000  9.409465e-01 
  982.000  9.409465e-01 
  983.000  9.145047e-01 
  984.000  9.376855e-01 
  985.000  9.376855e-01 
  986.000  9.714803e-01 
  987.000  9.584935e-01 
  988.000  9.584935e-01 
  989.000  9.784661e-01 
  990.000  9.702453e-01 
  991.000  9.702453e-01 
  992.000  9.758999e-01 
  993.000  9.747889e-01 
  994.000  9.747889e-01 
  995.000  9.832358e-01 
  996.000  9.834334e-01 
  997.000  9.834334e-01 
  998.000  9.835029e-01 
  999.000  9.828563e-01 
 1000.000  9.828563e-01 
 1001.000  9.832851e-01 
 1002.000  9.719528e-01 
 1003.000  9.719528e-01 
 1004.000  9.833742e-01 
 1005.000  9.839273e-01 
 1006.000  9.839273e-01 
 1007.000  9.843300e-01 
 1008.000  9.821517e-01 
 1009.000  9.821517e-01 
 1010.000  9.737396e-01 
 1011.000  9.843802e-01 
 1012.000  9.843802e-01 
 1013.000  9.848461e-01 
 1014.000  9.845690e-01 
 1015.000  9.845690e-01 
 1016.000  9.851720e-01 
 1017.000  9.845929e-01 
 1018.000  9.845929e-01 
 1019.000  9.838661e-01 
 1020.000  9.854854e-01 
 1021.000  9.854854e-01 
 1022.000  9.841040e-01 
 1023.000  9.841040e-01 
 1024.000  9.837698e-01 
 1025.000  9.856457e-01 
 1026.000  9.856457e-01 
 1027.000  9.848276e-01 
 1028.000  9.858318e-01 
 1029.000  9.858318e-01 
 1030.000  9.862778e-01 
 1031.000  9.861439e-01 
 1032.000  9.861439e-01 
 1033.000  9.863032e-01 
 1034.000  9.863032e-01 
 1035.000  9.865075e-01 
 1036.000  9.859429e-01 
 1037.000  9.859429e-01 
 1038.000  9.859005e-01 
 1039.000  9.853085e-01 
 1040.000  9.853085e-01 
 1041.000  9.848801e-01 
 1042.000  9.848801e-01 
 1043.000  9.843414e-01 
 1044.000  9.834948e-01 
 1045.000  9.834948e-01 
 1046.000  9.823167e-01 
 1047.000  9.823167e-01 
 1048.000  9.811321e-01 
 1049.000  9.787099e-01 
 1050.000  9.787099e-01 
 1051.000  9.776776e-01 
 1052.000  9.776776e-01 
 1053.000  9.760459e-01 
 1054.000  9.746512e-01 
 1055.000  9.746512e-01 
 1056.000  9.730235e-01 
 1057.000  9.730235e-01 
 1058.000  9.715806e-01 
 1059.000  9.701570e-01 
 1060.000  9.701570e-01 
 1061.000  9.692569e-01 
 1062.000  9.692569e-01 
 1063.000  9.675515e-01 
 1064.000  9.662905e-01 
 1065.000  9.662905e-01 
 1066.000  9.682525e-01 
 1067.000  9.682525e-01 
 1068.000  9.669410e-01 
 1069.000  9.678659e-01 
 1070.000  9.678659e-01 
 1071.000  9.704039e-01 
 1072.000  9.704039e-01 
 1073.000  9.719811e-01 
 1074.000  9.719811e-01 
 1075.000  9.660481e-01 
 1076.000  9.654605e-01 
 1077.000  9.654605e-01 
 1078.000  9.730629e-01 
 1079.000  9.730629e-01 
 1080.000  9.665009e-01 
 1081.000  9.665009e-01 
 1082.000  9.709661e-01 
 1083.000  9.651854e-01 
 1084.000  9.651854e-01 
 1085.000  9.541764e-01 
 1086.000  9.541764e-01 
 1087.000  9.709949e-01 
 1088.000  9.709949e-01 
 1089.000  9.629764e-01 
 1090.000  9.589907e-01 
 1091.000  9.589907e-01 
 1092.000  9.461516e-01 
 1093.000  9.461516e-01 
 1094.000  9.459284e-01 
 1095.000  9.459284e-01 
 1096.000  9.383999e-01 
 1097.000  9.383999e-01 
 1098.000  9.213632e-01 
 1099.000  8.687140e-01 
 1100.000  8.687140e-01 
 1101.000  8.708771e-01 
 1102.000  8.708771e-01 
 1103.000  8.497442e-01 
 1104.000  8.497442e-01 
 1105.000  8.331776e-01 
 1106.000  8.331776e-01 
 1107.000  8.320590e-01 
 1108.000  8.320590e-01 
 1109.000  7.923934e-01 
 1110.000  7.564913e-01 
 1111.000  7.564913e-01 
 1112.000  7.112668e-01 
 1113.000  7.112668e-01 
 1114.000  6.262782e-01 
 1115.000  6.262782e-01 
 1116.000  3.863410e-01 
 1117.000  3.863410e-01 
 1118.000  4.911081e-01 
 1119.000  4.911081e-01 
 1120.000  4.089682e-01 
 1121.000  4.089682e-01 
 1122.000  2.370633e-01 
 1123.000  4.562918e-01 
 1124.000  4.562918e-01 
 1125.000  2.656192e-01 
 1126.000  2.656192e-01 
 1127.000  3.231652e-01 
 1128.000  3.231652e-01 
 1129.000  3.126158e-01 
 1130.000  3.126158e-01 
 1131.000  6.116004e-01 
 1132.000  6.116004e-01 
 1133.000  3.181898e-01 
 1134.000  3.181898e-01 
 1135.000  1.853352e-01 
 1136.000  1.853352e-01 
 1137.000  6.072515e-01 
 1138.000  6.072515e-01 
 1139.000  5.662027e-01 
 1140.000  5.662027e-01 
 1141.000  5.505933e-01 
 1142.000  5.505933e-01 
 1143.000  5.812989e-01 
 1144.000  5.812989e-01 
 1145.000  3.630234e-01 
 1146.000  3.630234e-01 
 1147.000  3.534837e-01 
 1148.000  3.534837e-01 
 1149.000  4.817516e-01 
 1150.000  4.817516e-01 
 1151.000  5.737994e-01 
 1152.000  5.737994e-01 
 1153.000  5.285206e-01 
 1154.000  5.285206e-01 
 1155.000  5.813838e-01 
 1156.000  5.813838e-01 
 1157.000  6.771211e-01 
 1158.000  6.771211e-01 
 1159.000  7.660703e-01 
 1160.000  7.660703e-01 
 1161.000  7.437629e-01 
 1162.000  7.437629e-01 
 1163.000  8.305123e-01 
 1164.000  8.305123e-01 
 1165.000  7.985237e-01 
 1166.000  7.985237e-01 
 1167.000  8.578174e-01 
 1168.000  8.578174e-01 
 1169.000  8.745633e-01 
 1170.000  8.745633e-01 
 1171.000  8.887608e-01 
 1172.000  8.887608e-01 
 1173.000  7.929845e-01 
 1174.000  7.929845e-01 
 1175.000  9.421068e-01 
 1176.000  9.421068e-01 
 1177.000  8.509353e-01 
 1178.000  8.509353e-01 
 1179.000  9.184939e-01 
 1180.000  9.184939e-01 
 1181.000  7.910333e-01 
 1182.000  7.910333e-01 
 1183.000  8.837149e-01 
 1184.000  8.837149e-01 
 1185.000  9.116107e-01 
 1186.000  9.116107e-01 
 1187.000  8.192469e-01 
 1188.000  8.192469e-01 
 1189.000  8.192469e-01 
 1190.000  8.853211e-01 
 1191.000  8.853211e-01 
 1192.000  9.465795e-01 
 1193.000  9.465795e-01 
 1194.000  9.024286e-01 
 1195.000  9.024286e-01 
 1196.000  9.180991e-01 
 1197.000  9.180991e-01 
 1198.000  8.769307e-01 
 1199.000  8.769307e-01 
 1200.000  8.748178e-01 
