  250.000  0.000000e+00 
  251.000  0.000000e+00 
  252.000  0.000000e+00 
  253.000  0.000000e+00 
  254.000  0.000000e+00 
  255.000  0.000000e+00 
  256.000  0.000000e+00 
  257.000  0.000000e+00 
  258.000  0.000000e+00 
  259.000  0.000000e+00 
  260.000  0.000000e+00 
  261.000  0.000000e+00 
  262.000  0.000000e+00 
  263.000  0.000000e+00 
  264.000  0.000000e+00 
  265.000  0.000000e+00 
  266.000  0.000000e+00 
  267.000  0.000000e+00 
  268.000  0.000000e+00 
  269.000  0.000000e+00 
  270.000  0.000000e+00 
  271.000  0.000000e+00 
  272.000  0.000000e+00 
  273.000  0.000000e+00 
  274.000  0.000000e+00 
  275.000  0.000000e+00 
  276.000  0.000000e+00 
  277.000  0.000000e+00 
  278.000  0.000000e+00 
  279.000  0.000000e+00 
  280.000  0.000000e+00 
  281.000  0.000000e+00 
  282.000  0.000000e+00 
  283.000  0.000000e+00 
  284.000  0.000000e+00 
  285.000  0.000000e+00 
  286.000  0.000000e+00 
  287.000  0.000000e+00 
  288.000  2.586620e-06 
  289.000  8.373877e-06 
  290.000  3.152463e-05 
  291.000  9.045595e-05 
  292.000  3.691130e-04 
  293.000  8.441280e-04 
  294.000  2.160949e-03 
  295.000  3.948421e-03 
  296.000  9.234162e-03 
  297.000  1.531517e-02 
  298.000  2.805709e-02 
  299.000  4.221733e-02 
  300.000  6.461302e-02 
  301.000  9.139658e-02 
  302.000  1.215488e-01 
  303.000  1.718787e-01 
  304.000  1.940687e-01 
  305.000  2.566839e-01 
  306.000  2.980352e-01 
  307.000  3.598567e-01 
  308.000  4.042964e-01 
  309.000  4.503962e-01 
  310.000  5.208232e-01 
  311.000  5.485617e-01 
  312.000  5.951020e-01 
  313.000  6.478792e-01 
  314.000  6.659358e-01 
  315.000  7.245152e-01 
  316.000  7.356632e-01 
  317.000  7.753927e-01 
  318.000  7.948963e-01 
  319.000  8.565385e-01 
  320.000  8.066939e-01 
  321.000  8.963499e-01 
  322.000  8.517050e-01 
  323.000  8.884856e-01 
  324.000  9.390537e-01 
  325.000  8.924072e-01 
  326.000  9.427566e-01 
  327.000  9.536032e-01 
  328.000  9.181780e-01 
  329.000  9.724596e-01 
  330.000  9.761667e-01 
  331.000  9.453353e-01 
  332.000  9.790260e-01 
  333.000  9.810333e-01 
  334.000  9.694965e-01 
  335.000  9.874665e-01 
  336.000  9.909315e-01 
  337.000  9.787633e-01 
  338.000  9.879655e-01 
  339.000  9.925510e-01 
  340.000  9.860541e-01 
  341.000  9.918305e-01 
  342.000  9.940323e-01 
  343.000  9.933158e-01 
  344.000  9.867759e-01 
  345.000  9.934280e-01 
  346.000  9.948621e-01 
  347.000  9.943662e-01 
  348.000  9.950966e-01 
  349.000  9.958805e-01 
  350.000  9.964351e-01 
  351.000  9.965700e-01 
  352.000  9.967942e-01 
  353.000  9.970248e-01 
  354.000  9.962457e-01 
  355.000  9.960320e-01 
  356.000  9.962110e-01 
  357.000  9.949057e-01 
  358.000  9.942508e-01 
  359.000  9.935300e-01 
  360.000  9.926827e-01 
  361.000  9.920817e-01 
  362.000  9.932582e-01 
  363.000  9.943579e-01 
  364.000  9.954153e-01 
  365.000  9.952996e-01 
  366.000  9.958665e-01 
  367.000  9.960429e-01 
  368.000  9.959409e-01 
  369.000  9.961081e-01 
  370.000  9.960263e-01 
  371.000  9.962790e-01 
  372.000  9.954859e-01 
  373.000  9.958463e-01 
  374.000  9.959260e-01 
  375.000  9.960569e-01 
  376.000  9.952521e-01 
  377.000  9.951559e-01 
  378.000  9.949641e-01 
  379.000  9.940489e-01 
  380.000  9.929646e-01 
  381.000  9.933508e-01 
  382.000  9.942139e-01 
  383.000  9.951958e-01 
  384.000  9.952493e-01 
  385.000  9.954771e-01 
  386.000  9.956697e-01 
  387.000  9.956114e-01 
  388.000  9.955077e-01 
  389.000  9.954836e-01 
  390.000  9.954712e-01 
  391.000  9.955771e-01 
  392.000  9.950352e-01 
  393.000  9.958196e-01 
  394.000  9.958259e-01 
  395.000  9.957236e-01 
  396.000  9.954641e-01 
  397.000  9.958647e-01 
  398.000  9.950960e-01 
  399.000  9.956689e-01 
  400.000  9.949710e-01 
  401.000  9.951281e-01 
  402.000  9.957002e-01 
  403.000  9.960349e-01 
  404.000  9.953911e-01 
  405.000  9.951900e-01 
  406.000  9.957983e-01 
  407.000  9.962999e-01 
  408.000  9.955084e-01 
  409.000  9.950911e-01 
  410.000  9.953511e-01 
  411.000  9.952463e-01 
  412.000  9.958497e-01 
  413.000  9.950426e-01 
  414.000  9.953749e-01 
  415.000  9.954453e-01 
  416.000  9.961505e-01 
  417.000  9.960617e-01 
  418.000  9.956657e-01 
  419.000  9.957632e-01 
  420.000  9.953617e-01 
  421.000  9.952701e-01 
  422.000  9.951224e-01 
  423.000  9.954054e-01 
  424.000  9.949571e-01 
  425.000  9.955184e-01 
  426.000  9.961464e-01 
  427.000  9.955722e-01 
  428.000  9.950307e-01 
  429.000  9.959214e-01 
  430.000  9.959167e-01 
  431.000  9.949579e-01 
  432.000  9.958716e-01 
  433.000  9.956972e-01 
  434.000  9.951773e-01 
  435.000  9.941126e-01 
  436.000  9.950835e-01 
  437.000  9.961474e-01 
  438.000  9.963720e-01 
  439.000  9.941193e-01 
  440.000  9.949138e-01 
  441.000  9.958923e-01 
  442.000  9.962565e-01 
  443.000  9.957023e-01 
  444.000  9.948748e-01 
  445.000  9.939851e-01 
  446.000  9.948134e-01 
  447.000  9.951794e-01 
  448.000  9.929826e-01 
  449.000  9.948183e-01 
  450.000  9.954596e-01 
  451.000  9.953948e-01 
  452.000  9.953061e-01 
  453.000  9.953464e-01 
  454.000  9.957660e-01 
  455.000  9.952084e-01 
  456.000  9.951625e-01 
  457.000  9.954610e-01 
  458.000  9.942347e-01 
  459.000  9.947546e-01 
  460.000  9.940786e-01 
  461.000  9.941299e-01 
  462.000  9.946449e-01 
  463.000  9.933377e-01 
  464.000  9.940015e-01 
  465.000  9.943426e-01 
  466.000  9.949100e-01 
  467.000  9.940801e-01 
  468.000  9.943119e-01 
  469.000  9.945619e-01 
  470.000  9.943978e-01 
  471.000  9.942139e-01 
  472.000  9.933547e-01 
  473.000  9.922957e-01 
  474.000  9.899967e-01 
  475.000  9.886879e-01 
  476.000  9.876821e-01 
  477.000  9.871397e-01 
  478.000  9.870227e-01 
  479.000  9.874160e-01 
  480.000  9.879186e-01 
  481.000  9.896736e-01 
  482.000  9.909318e-01 
  483.000  9.918609e-01 
  484.000  9.918485e-01 
  485.000  9.916396e-01 
  486.000  9.916554e-01 
  487.000  9.919277e-01 
  488.000  9.914421e-01 
  489.000  9.907989e-01 
  490.000  9.915116e-01 
  491.000  9.919311e-01 
  492.000  9.917250e-01 
  493.000  9.915000e-01 
  494.000  9.909948e-01 
  495.000  9.908823e-01 
  496.000  9.904594e-01 
  497.000  9.903749e-01 
  498.000  9.903282e-01 
  499.000  9.900782e-01 
  500.000  9.896958e-01 
  501.000  9.890692e-01 
  502.000  9.879196e-01 
  503.000  9.869457e-01 
  504.000  9.866877e-01 
  505.000  9.854910e-01 
  506.000  9.860728e-01 
  507.000  9.862499e-01 
  508.000  9.864071e-01 
  509.000  9.861922e-01 
  510.000  9.862500e-01 
  511.000  9.863605e-01 
  512.000  9.864420e-01 
  513.000  9.866710e-01 
  514.000  9.867880e-01 
  515.000  9.869250e-01 
  516.000  9.866960e-01 
  517.000  9.864423e-01 
  518.000  9.861595e-01 
  519.000  9.855561e-01 
  520.000  9.853300e-01 
  521.000  9.850404e-01 
  522.000  9.847407e-01 
  523.000  9.842241e-01 
  524.000  9.836756e-01 
  525.000  9.828053e-01 
  526.000  9.818686e-01 
  527.000  9.812813e-01 
  528.000  9.803619e-01 
  529.000  9.796699e-01 
  530.000  9.790890e-01 
  531.000  9.785923e-01 
  532.000  9.782462e-01 
  533.000  9.780860e-01 
  534.000  9.779800e-01 
  535.000  9.779927e-01 
  536.000  9.780182e-01 
  537.000  9.779214e-01 
  538.000  9.777139e-01 
  539.000  9.774760e-01 
  540.000  9.775615e-01 
  541.000  9.772590e-01 
  542.000  9.767559e-01 
  543.000  9.765013e-01 
  544.000  9.763941e-01 
  545.000  9.758818e-01 
  546.000  9.758431e-01 
  547.000  9.759035e-01 
  548.000  9.756275e-01 
  549.000  9.755128e-01 
  550.000  9.754630e-01 
  551.000  9.753869e-01 
  552.000  9.751198e-01 
  553.000  9.745929e-01 
  554.000  9.744740e-01 
  555.000  9.742969e-01 
  556.000  9.737223e-01 
  557.000  9.729316e-01 
  558.000  9.722353e-01 
  559.000  9.713551e-01 
  560.000  9.705404e-01 
  561.000  9.698204e-01 
  562.000  9.691997e-01 
  563.000  9.683757e-01 
  564.000  9.674687e-01 
  565.000  9.667497e-01 
  566.000  9.661657e-01 
  567.000  9.653798e-01 
  568.000  9.643536e-01 
  569.000  9.622403e-01 
  570.000  9.602249e-01 
  571.000  9.591762e-01 
  572.000  9.580649e-01 
  573.000  9.568684e-01 
  574.000  9.557021e-01 
  575.000  9.546858e-01 
  576.000  9.543248e-01 
  577.000  9.543529e-01 
  578.000  9.550043e-01 
  579.000  9.558734e-01 
  580.000  9.567496e-01 
  581.000  9.584041e-01 
  582.000  9.600436e-01 
  583.000  9.614000e-01 
  584.000  9.633979e-01 
  585.000  9.641091e-01 
  586.000  9.649609e-01 
  587.000  9.651994e-01 
  588.000  9.656374e-01 
  589.000  9.642395e-01 
  590.000  9.643179e-01 
  591.000  9.647450e-01 
  592.000  9.632331e-01 
  593.000  9.649626e-01 
  594.000  9.639522e-01 
  595.000  9.642912e-01 
  596.000  9.641520e-01 
  597.000  9.639912e-01 
  598.000  9.635969e-01 
  599.000  9.634994e-01 
  600.000  9.630983e-01 
  601.000  9.632863e-01 
  602.000  9.635155e-01 
  603.000  9.636668e-01 
  604.000  9.637977e-01 
  605.000  9.638751e-01 
  606.000  9.643814e-01 
  607.000  9.647830e-01 
  608.000  9.653218e-01 
  609.000  9.655479e-01 
  610.000  9.659954e-01 
  611.000  9.663363e-01 
  612.000  9.667412e-01 
  613.000  9.672133e-01 
  614.000  9.675161e-01 
  615.000  9.678778e-01 
  616.000  9.683075e-01 
  617.000  9.686005e-01 
  618.000  9.687679e-01 
  619.000  9.690237e-01 
  620.000  9.690641e-01 
  621.000  9.689810e-01 
  622.000  9.689428e-01 
  623.000  9.685922e-01 
  624.000  9.684012e-01 
  625.000  9.681863e-01 
  626.000  9.676285e-01 
  627.000  9.672279e-01 
  628.000  9.503310e-01 
  629.000  9.565109e-01 
  630.000  9.606231e-01 
  631.000  9.658943e-01 
  632.000  9.681336e-01 
  633.000  9.691476e-01 
  634.000  9.706309e-01 
  635.000  9.710131e-01 
  636.000  9.726196e-01 
  637.000  9.743964e-01 
  638.000  9.753731e-01 
  639.000  9.765273e-01 
  640.000  9.771452e-01 
  641.000  9.782625e-01 
  642.000  9.787809e-01 
  643.000  9.791136e-01 
  644.000  9.795657e-01 
  645.000  9.799676e-01 
  646.000  9.798493e-01 
  647.000  9.795242e-01 
  648.000  9.790853e-01 
  649.000  9.800946e-01 
  650.000  9.815851e-01 
  651.000  9.818515e-01 
  652.000  9.818620e-01 
  653.000  9.824159e-01 
  654.000  9.829119e-01 
  655.000  9.817613e-01 
  656.000  9.829051e-01 
  657.000  9.833372e-01 
  658.000  9.840779e-01 
  659.000  9.846063e-01 
  660.000  9.847046e-01 
  661.000  9.851604e-01 
  662.000  9.852579e-01 
  663.000  9.855686e-01 
  664.000  9.857925e-01 
  665.000  9.860180e-01 
  666.000  9.862789e-01 
  667.000  9.866410e-01 
  668.000  9.868258e-01 
  669.000  9.871401e-01 
  670.000  9.873087e-01 
  671.000  9.876673e-01 
  672.000  9.877284e-01 
  673.000  9.879924e-01 
  674.000  9.881009e-01 
  675.000  9.883984e-01 
  676.000  9.884814e-01 
  677.000  9.886414e-01 
  678.000  9.888964e-01 
  679.000  9.890447e-01 
  680.000  9.893050e-01 
  681.000  9.894373e-01 
  682.000  9.898520e-01 
  683.000  9.899443e-01 
  684.000  9.903284e-01 
  685.000  9.904816e-01 
  686.000  9.906933e-01 
  687.000  7.133606e-01 
  688.000  8.832198e-01 
  689.000  9.126764e-01 
  690.000  9.382970e-01 
  691.000  9.521101e-01 
  692.000  9.795930e-01 
  693.000  9.813095e-01 
  694.000  9.862686e-01 
  695.000  9.892589e-01 
  696.000  9.884877e-01 
  697.000  9.922006e-01 
  698.000  9.921814e-01 
  699.000  9.907377e-01 
  700.000  9.911113e-01 
  701.000  9.900591e-01 
  702.000  9.906873e-01 
  703.000  9.912512e-01 
  704.000  9.916557e-01 
  705.000  9.918687e-01 
  706.000  9.925014e-01 
  707.000  9.929891e-01 
  708.000  9.933865e-01 
  709.000  9.934835e-01 
  710.000  9.933917e-01 
  711.000  9.938945e-01 
  712.000  9.937242e-01 
  713.000  9.941429e-01 
  714.000  9.939024e-01 
  715.000  9.933454e-01 
  716.000  9.935334e-01 
  717.000  9.905149e-01 
  718.000  9.808172e-01 
  719.000  9.668382e-01 
  720.000  9.830053e-01 
  721.000  9.925700e-01 
  722.000  9.923792e-01 
  723.000  9.919757e-01 
  724.000  9.779810e-01 
  725.000  9.841273e-01 
  726.000  9.894839e-01 
  727.000  9.871925e-01 
  728.000  9.829729e-01 
  729.000  9.856535e-01 
  730.000  9.902633e-01 
  731.000  9.877585e-01 
  732.000  9.892671e-01 
  733.000  9.930348e-01 
  734.000  9.949768e-01 
  735.000  9.937081e-01 
  736.000  9.946334e-01 
  737.000  9.946647e-01 
  738.000  9.952317e-01 
  739.000  9.954084e-01 
  740.000  9.961006e-01 
  741.000  9.964725e-01 
  742.000  9.965662e-01 
  743.000  9.965642e-01 
  744.000  9.966888e-01 
  745.000  9.967656e-01 
  746.000  9.968879e-01 
  747.000  9.969602e-01 
  748.000  9.970125e-01 
  749.000  9.970515e-01 
  750.000  9.971188e-01 
  751.000  9.971595e-01 
  752.000  9.973326e-01 
  753.000  9.973816e-01 
  754.000  9.974398e-01 
  755.000  9.975038e-01 
  756.000  9.975349e-01 
  757.000  9.975992e-01 
  758.000  9.976946e-01 
  759.000  9.891619e-01 
  760.000  4.056231e-01 
  761.000  3.081431e-01 
  762.000  6.929836e-01 
  763.000  5.933196e-01 
  764.000  6.497304e-01 
  765.000  7.734785e-01 
  766.000  8.976772e-01 
  767.000  9.387832e-01 
  768.000  9.809635e-01 
  769.000  9.920941e-01 
  770.000  9.917266e-01 
  771.000  9.965375e-01 
  772.000  9.978324e-01 
  773.000  9.978163e-01 
  774.000  9.978107e-01 
  775.000  9.978150e-01 
  776.000  9.978207e-01 
  777.000  9.978465e-01 
  778.000  9.978554e-01 
  779.000  9.978476e-01 
  780.000  9.978415e-01 
  781.000  9.979091e-01 
  782.000  9.979608e-01 
  783.000  9.980042e-01 
  784.000  9.979936e-01 
  785.000  9.979859e-01 
  786.000  9.977767e-01 
  787.000  9.978116e-01 
  788.000  9.973169e-01 
  789.000  9.973575e-01 
  790.000  9.964922e-01 
  791.000  9.966304e-01 
  792.000  9.970514e-01 
  793.000  9.973159e-01 
  794.000  9.984909e-01 
  795.000  9.981436e-01 
  796.000  9.957269e-01 
  797.000  9.975089e-01 
  798.000  9.976919e-01 
  799.000  9.980745e-01 
  800.000  9.970630e-01 
  801.000  9.965425e-01 
  802.000  9.972207e-01 
  803.000  9.970661e-01 
  804.000  9.969757e-01 
  805.000  9.974009e-01 
  806.000  9.982765e-01 
  807.000  9.976955e-01 
  808.000  9.982146e-01 
  809.000  9.973595e-01 
  810.000  9.968892e-01 
  811.000  9.970496e-01 
  812.000  9.961080e-01 
  813.000  9.942122e-01 
  814.000  9.908320e-01 
  815.000  9.859859e-01 
  816.000  9.896730e-01 
  817.000  9.707131e-01 
  818.000  9.838175e-01 
  819.000  9.897677e-01 
  820.000  9.817743e-01 
  821.000  9.967694e-01 
  822.000  9.952340e-01 
  823.000  9.649947e-01 
  824.000  9.931652e-01 
  825.000  9.959468e-01 
  826.000  9.929195e-01 
  827.000  9.958336e-01 
  828.000  9.875876e-01 
  829.000  9.940397e-01 
  830.000  9.925367e-01 
  831.000  9.932827e-01 
  832.000  9.932508e-01 
  833.000  9.955877e-01 
  834.000  9.954893e-01 
  835.000  9.967709e-01 
  836.000  9.968904e-01 
  837.000  9.968252e-01 
  838.000  9.976512e-01 
  839.000  9.980503e-01 
  840.000  9.981469e-01 
  841.000  9.981469e-01 
  842.000  9.974068e-01 
  843.000  9.987593e-01 
  844.000  9.979311e-01 
  845.000  9.985846e-01 
  846.000  9.987389e-01 
  847.000  9.988583e-01 
  848.000  9.986712e-01 
  849.000  9.987377e-01 
  850.000  9.989012e-01 
  851.000  9.994624e-01 
  852.000  9.997911e-01 
  853.000  9.998417e-01 
  854.000  9.997727e-01 
  855.000  9.997727e-01 
  856.000  9.998311e-01 
  857.000  9.999630e-01 
  858.000  9.998264e-01 
  859.000  9.999054e-01 
  860.000  9.999901e-01 
  861.000  9.999498e-01 
  862.000  9.999811e-01 
  863.000  9.997371e-01 
  864.000  9.999948e-01 
  865.000  9.999948e-01 
  866.000  9.999321e-01 
  867.000  9.999909e-01 
  868.000  9.999316e-01 
  869.000  9.998575e-01 
  870.000  9.999815e-01 
  871.000  9.999335e-01 
  872.000  9.999947e-01 
  873.000  9.999809e-01 
  874.000  9.999809e-01 
  875.000  9.999986e-01 
  876.000  9.999992e-01 
  877.000  9.999859e-01 
  878.000  9.999732e-01 
  879.000  9.999690e-01 
  880.000  9.999884e-01 
  881.000  9.999884e-01 
  882.000  9.999048e-01 
  883.000  9.999272e-01 
  884.000  9.999304e-01 
  885.000  9.999416e-01 
  886.000  9.994658e-01 
  887.000  9.998948e-01 
  888.000  9.998948e-01 
  889.000  9.997883e-01 
  890.000  9.995142e-01 
  891.000  9.998811e-01 
  892.000  9.994509e-01 
  893.000  9.983158e-01 
  894.000  9.983158e-01 
  895.000  9.953801e-01 
  896.000  9.927785e-01 
  897.000  9.778880e-01 
  898.000  9.922441e-01 
  899.000  9.598243e-01 
  900.000  9.598243e-01 
  901.000  9.661645e-01 
  902.000  9.747578e-01 
  903.000  9.813424e-01 
  904.000  9.964252e-01 
  905.000  9.947275e-01 
  906.000  9.947275e-01 
  907.000  9.802409e-01 
  908.000  9.733958e-01 
  909.000  9.777060e-01 
  910.000  9.748741e-01 
  911.000  9.748741e-01 
  912.000  9.905790e-01 
  913.000  9.831018e-01 
  914.000  9.771847e-01 
  915.000  9.672621e-01 
  916.000  9.672621e-01 
  917.000  9.901344e-01 
  918.000  9.719521e-01 
  919.000  9.855837e-01 
  920.000  9.960308e-01 
  921.000  9.960308e-01 
  922.000  9.936664e-01 
  923.000  9.934824e-01 
  924.000  9.912792e-01 
  925.000  9.912792e-01 
  926.000  9.923916e-01 
  927.000  9.932910e-01 
  928.000  9.783812e-01 
  929.000  9.753273e-01 
  930.000  9.753273e-01 
  931.000  9.404930e-01 
  932.000  8.323303e-01 
  933.000  8.758385e-01 
  934.000  8.758385e-01 
  935.000  8.142343e-01 
  936.000  8.025961e-01 
  937.000  8.157194e-01 
  938.000  8.157194e-01 
  939.000  8.766663e-01 
  940.000  9.483286e-01 
  941.000  9.340241e-01 
  942.000  9.340241e-01 
  943.000  8.784027e-01 
  944.000  8.725259e-01 
  945.000  9.388692e-01 
  946.000  9.388692e-01 
  947.000  8.954370e-01 
  948.000  9.150022e-01 
  949.000  9.285695e-01 
  950.000  9.285695e-01 
  951.000  9.321054e-01 
  952.000  8.803209e-01 
  953.000  9.501575e-01 
  954.000  9.501575e-01 
  955.000  9.467502e-01 
  956.000  8.867322e-01 
  957.000  9.596489e-01 
  958.000  9.596489e-01 
  959.000  9.400469e-01 
  960.000  9.595162e-01 
  961.000  9.595162e-01 
  962.000  9.604039e-01 
  963.000  9.763979e-01 
  964.000  9.549550e-01 
  965.000  9.549550e-01 
  966.000  9.678878e-01 
  967.000  9.845093e-01 
  968.000  9.845093e-01 
  969.000  9.875732e-01 
  970.000  9.932916e-01 
  971.000  9.948924e-01 
  972.000  9.948924e-01 
  973.000  9.929347e-01 
  974.000  9.813343e-01 
  975.000  9.813343e-01 
  976.000  9.768743e-01 
  977.000  9.896640e-01 
  978.000  9.879635e-01 
  979.000  9.879635e-01 
  980.000  9.882136e-01 
  981.000  9.969437e-01 
  982.000  9.969437e-01 
  983.000  9.943435e-01 
  984.000  9.966418e-01 
  985.000  9.966418e-01 
  986.000  9.991169e-01 
  987.000  9.981864e-01 
  988.000  9.981864e-01 
  989.000  9.995857e-01 
  990.000  9.990121e-01 
  991.000  9.990121e-01 
  992.000  9.993910e-01 
  993.000  9.993117e-01 
  994.000  9.993117e-01 
  995.000  9.998824e-01 
  996.000  9.998933e-01 
  997.000  9.998933e-01 
  998.000  9.998902e-01 
  999.000  9.998403e-01 
 1000.000  9.998403e-01 
 1001.000  9.998620e-01 
 1002.000  9.990638e-01 
 1003.000  9.990638e-01 
 1004.000  9.998580e-01 
 1005.000  9.998897e-01 
 1006.000  9.998897e-01 
 1007.000  9.999110e-01 
 1008.000  9.997612e-01 
 1009.000  9.997612e-01 
 1010.000  9.991650e-01 
 1011.000  9.998986e-01 
 1012.000  9.998986e-01 
 1013.000  9.999219e-01 
 1014.000  9.998958e-01 
 1015.000  9.998958e-01 
 1016.000  9.999323e-01 
 1017.000  9.998841e-01 
 1018.000  9.998841e-01 
 1019.000  9.998282e-01 
 1020.000  9.999283e-01 
 1021.000  9.999283e-01 
 1022.000  9.998234e-01 
 1023.000  9.998234e-01 
 1024.000  9.997941e-01 
 1025.000  9.998958e-01 
 1026.000  9.998958e-01 
 1027.000  9.998198e-01 
 1028.000  9.998605e-01 
 1029.000  9.998605e-01 
 1030.000  9.998296e-01 
 1031.000  9.997848e-01 
 1032.000  9.997848e-01 
 1033.000  9.996977e-01 
 1034.000  9.996977e-01 
 1035.000  9.996121e-01 
 1036.000  9.992282e-01 
 1037.000  9.992282e-01 
 1038.000  9.991758e-01 
 1039.000  9.987643e-01 
 1040.000  9.987643e-01 
 1041.000  9.984630e-01 
 1042.000  9.984630e-01 
 1043.000  9.980969e-01 
 1044.000  9.975520e-01 
 1045.000  9.975520e-01 
 1046.000  9.968047e-01 
 1047.000  9.968047e-01 
 1048.000  9.960606e-01 
 1049.000  9.945800e-01 
 1050.000  9.945800e-01 
 1051.000  9.939129e-01 
 1052.000  9.939129e-01 
 1053.000  9.929004e-01 
 1054.000  9.920411e-01 
 1055.000  9.920411e-01 
 1056.000  9.910343e-01 
 1057.000  9.910343e-01 
 1058.000  9.901338e-01 
 1059.000  9.892325e-01 
 1060.000  9.892325e-01 
 1061.000  9.886590e-01 
 1062.000  9.886590e-01 
 1063.000  9.877003e-01 
 1064.000  9.872826e-01 
 1065.000  9.872826e-01 
 1066.000  9.879525e-01 
 1067.000  9.879525e-01 
 1068.000  9.873986e-01 
 1069.000  9.886767e-01 
 1070.000  9.886767e-01 
 1071.000  9.896135e-01 
 1072.000  9.896135e-01 
 1073.000  9.904970e-01 
 1074.000  9.904970e-01 
 1075.000  9.910181e-01 
 1076.000  9.918826e-01 
 1077.000  9.918826e-01 
 1078.000  9.934731e-01 
 1079.000  9.934731e-01 
 1080.000  9.937463e-01 
 1081.000  9.937463e-01 
 1082.000  9.950977e-01 
 1083.000  9.954154e-01 
 1084.000  9.954154e-01 
 1085.000  9.949843e-01 
 1086.000  9.949843e-01 
 1087.000  9.969096e-01 
 1088.000  9.969096e-01 
 1089.000  9.969575e-01 
 1090.000  9.969203e-01 
 1091.000  9.969203e-01 
 1092.000  9.963450e-01 
 1093.000  9.963450e-01 
 1094.000  9.963714e-01 
 1095.000  9.963714e-01 
 1096.000  9.959968e-01 
 1097.000  9.959968e-01 
 1098.000  9.948893e-01 
 1099.000  9.899419e-01 
 1100.000  9.899419e-01 
 1101.000  9.900725e-01 
 1102.000  9.900725e-01 
 1103.000  9.881402e-01 
 1104.000  9.881402e-01 
 1105.000  9.866363e-01 
 1106.000  9.866363e-01 
 1107.000  9.862699e-01 
 1108.000  9.862699e-01 
 1109.000  9.822616e-01 
 1110.000  9.726399e-01 
 1111.000  9.726399e-01 
 1112.000  9.697298e-01 
 1113.000  9.697298e-01 
 1114.000  9.253067e-01 
 1115.000  9.253067e-01 
 1116.000  8.620831e-01 
 1117.000  8.620831e-01 
 1118.000  8.829747e-01 
 1119.000  8.829747e-01 
 1120.000  8.490880e-01 
 1121.000  8.490880e-01 
 1122.000  7.383596e-01 
 1123.000  8.849675e-01 
 1124.000  8.849675e-01 
 1125.000  7.735359e-01 
 1126.000  7.735359e-01 
 1127.000  8.190121e-01 
 1128.000  8.190121e-01 
 1129.000  8.240688e-01 
 1130.000  8.240688e-01 
 1131.000  9.479115e-01 
 1132.000  9.479115e-01 
 1133.000  8.363537e-01 
 1134.000  8.363537e-01 
 1135.000  6.419149e-01 
 1136.000  6.419149e-01 
 1137.000  9.521793e-01 
 1138.000  9.521793e-01 
 1139.000  9.129817e-01 
 1140.000  9.129817e-01 
 1141.000  9.162619e-01 
 1142.000  9.162619e-01 
 1143.000  9.456440e-01 
 1144.000  9.456440e-01 
 1145.000  8.332387e-01 
 1146.000  8.332387e-01 
 1147.000  8.416907e-01 
 1148.000  8.416907e-01 
 1149.000  8.641545e-01 
 1150.000  8.641545e-01 
 1151.000  9.102478e-01 
 1152.000  9.102478e-01 
 1153.000  8.919274e-01 
 1154.000  8.919274e-01 
 1155.000  9.166402e-01 
 1156.000  9.166402e-01 
 1157.000  9.507126e-01 
 1158.000  9.507126e-01 
 1159.000  9.775528e-01 
 1160.000  9.775528e-01 
 1161.000  9.727116e-01 
 1162.000  9.727116e-01 
 1163.000  9.797823e-01 
 1164.000  9.797823e-01 
 1165.000  9.782468e-01 
 1166.000  9.782468e-01 
 1167.000  9.855680e-01 
 1168.000  9.855680e-01 
 1169.000  9.873645e-01 
 1170.000  9.873645e-01 
 1171.000  9.889739e-01 
 1172.000  9.889739e-01 
 1173.000  9.796174e-01 
 1174.000  9.796174e-01 
 1175.000  9.949782e-01 
 1176.000  9.949782e-01 
 1177.000  9.862341e-01 
 1178.000  9.862341e-01 
 1179.000  9.928490e-01 
 1180.000  9.928490e-01 
 1181.000  9.782047e-01 
 1182.000  9.782047e-01 
 1183.000  9.899039e-01 
 1184.000  9.899039e-01 
 1185.000  9.934123e-01 
 1186.000  9.934123e-01 
 1187.000  9.773911e-01 
 1188.000  9.773911e-01 
 1189.000  9.773911e-01 
 1190.000  9.896079e-01 
 1191.000  9.896079e-01 
 1192.000  9.960094e-01 
 1193.000  9.960094e-01 
 1194.000  9.916955e-01 
 1195.000  9.916955e-01 
 1196.000  9.943984e-01 
 1197.000  9.943984e-01 
 1198.000  9.900575e-01 
 1199.000  9.900575e-01 
 1200.000  9.888579e-01 
