  250.000  0.000000e+00 
  251.000  0.000000e+00 
  252.000  0.000000e+00 
  253.000  0.000000e+00 
  254.000  0.000000e+00 
  255.000  0.000000e+00 
  256.000  0.000000e+00 
  257.000  0.000000e+00 
  258.000  0.000000e+00 
  259.000  0.000000e+00 
  260.000  0.000000e+00 
  261.000  0.000000e+00 
  262.000  0.000000e+00 
  263.000  0.000000e+00 
  264.000  0.000000e+00 
  265.000  0.000000e+00 
  266.000  0.000000e+00 
  267.000  0.000000e+00 
  268.000  0.000000e+00 
  269.000  0.000000e+00 
  270.000  0.000000e+00 
  271.000  0.000000e+00 
  272.000  0.000000e+00 
  273.000  0.000000e+00 
  274.000  0.000000e+00 
  275.000  0.000000e+00 
  276.000  0.000000e+00 
  277.000  0.000000e+00 
  278.000  0.000000e+00 
  279.000  0.000000e+00 
  280.000  0.000000e+00 
  281.000  0.000000e+00 
  282.000  0.000000e+00 
  283.000  0.000000e+00 
  284.000  0.000000e+00 
  285.000  0.000000e+00 
  286.000  0.000000e+00 
  287.000  0.000000e+00 
  288.000  0.000000e+00 
  289.000  3.748243e-13 
  290.000  9.614672e-12 
  291.000  1.268772e-10 
  292.000  3.964167e-09 
  293.000  3.002077e-08 
  294.000  2.996306e-07 
  295.000  1.310121e-06 
  296.000  1.048041e-05 
  297.000  3.615636e-05 
  298.000  1.591081e-04 
  299.000  4.325130e-04 
  300.000  1.225679e-03 
  301.000  2.864146e-03 
  302.000  5.755343e-03 
  303.000  1.343904e-02 
  304.000  1.808982e-02 
  305.000  3.586560e-02 
  306.000  5.169377e-02 
  307.000  8.200062e-02 
  308.000  1.090387e-01 
  309.000  1.420320e-01 
  310.000  2.026783e-01 
  311.000  2.301314e-01 
  312.000  2.808920e-01 
  313.000  3.458394e-01 
  314.000  3.699002e-01 
  315.000  4.547079e-01 
  316.000  4.720087e-01 
  317.000  5.368756e-01 
  318.000  5.705668e-01 
  319.000  6.849818e-01 
  320.000  5.915338e-01 
  321.000  7.655765e-01 
  322.000  6.756054e-01 
  323.000  7.492913e-01 
  324.000  8.579842e-01 
  325.000  7.574427e-01 
  326.000  8.663547e-01 
  327.000  8.909547e-01 
  328.000  8.121440e-01 
  329.000  9.347246e-01 
  330.000  9.435244e-01 
  331.000  8.722184e-01 
  332.000  9.502790e-01 
  333.000  9.552462e-01 
  334.000  9.278291e-01 
  335.000  9.705943e-01 
  336.000  9.789006e-01 
  337.000  9.497711e-01 
  338.000  9.717393e-01 
  339.000  9.830295e-01 
  340.000  9.673187e-01 
  341.000  9.814503e-01 
  342.000  9.868889e-01 
  343.000  9.851410e-01 
  344.000  9.694366e-01 
  345.000  9.854141e-01 
  346.000  9.888154e-01 
  347.000  9.875517e-01 
  348.000  9.893053e-01 
  349.000  9.912543e-01 
  350.000  9.924221e-01 
  351.000  9.929081e-01 
  352.000  9.933709e-01 
  353.000  9.938471e-01 
  354.000  9.922390e-01 
  355.000  9.917982e-01 
  356.000  9.921673e-01 
  357.000  9.894762e-01 
  358.000  9.881276e-01 
  359.000  9.866444e-01 
  360.000  9.849023e-01 
  361.000  9.836675e-01 
  362.000  9.860853e-01 
  363.000  9.883481e-01 
  364.000  9.905266e-01 
  365.000  9.902880e-01 
  366.000  9.914568e-01 
  367.000  9.918207e-01 
  368.000  9.916102e-01 
  369.000  9.919550e-01 
  370.000  9.917864e-01 
  371.000  9.923077e-01 
  372.000  9.906721e-01 
  373.000  9.914152e-01 
  374.000  9.915795e-01 
  375.000  9.918495e-01 
  376.000  9.901902e-01 
  377.000  9.899919e-01 
  378.000  9.895965e-01 
  379.000  9.877120e-01 
  380.000  9.854815e-01 
  381.000  9.862757e-01 
  382.000  9.880516e-01 
  383.000  9.900740e-01 
  384.000  9.901842e-01 
  385.000  9.906537e-01 
  386.000  9.910508e-01 
  387.000  9.909306e-01 
  388.000  9.907170e-01 
  389.000  9.906672e-01 
  390.000  9.906418e-01 
  391.000  9.908601e-01 
  392.000  9.897431e-01 
  393.000  9.913599e-01 
  394.000  9.913732e-01 
  395.000  9.911620e-01 
  396.000  9.906272e-01 
  397.000  9.914508e-01 
  398.000  9.898681e-01 
  399.000  9.910478e-01 
  400.000  9.896106e-01 
  401.000  9.899346e-01 
  402.000  9.911138e-01 
  403.000  9.918042e-01 
  404.000  9.904764e-01 
  405.000  9.900610e-01 
  406.000  9.913017e-01 
  407.000  9.923173e-01 
  408.000  9.906702e-01 
  409.000  9.897929e-01 
  410.000  9.903135e-01 
  411.000  9.900946e-01 
  412.000  9.913372e-01 
  413.000  9.896724e-01 
  414.000  9.903560e-01 
  415.000  9.904985e-01 
  416.000  9.919483e-01 
  417.000  9.917610e-01 
  418.000  9.909403e-01 
  419.000  9.911348e-01 
  420.000  9.903027e-01 
  421.000  9.900994e-01 
  422.000  9.897825e-01 
  423.000  9.903506e-01 
  424.000  9.894120e-01 
  425.000  9.905542e-01 
  426.000  9.918466e-01 
  427.000  9.906618e-01 
  428.000  9.895446e-01 
  429.000  9.913784e-01 
  430.000  9.913664e-01 
  431.000  9.893823e-01 
  432.000  9.912537e-01 
  433.000  9.908824e-01 
  434.000  9.898021e-01 
  435.000  9.875965e-01 
  436.000  9.895765e-01 
  437.000  9.917431e-01 
  438.000  9.921892e-01 
  439.000  9.875245e-01 
  440.000  9.891391e-01 
  441.000  9.911457e-01 
  442.000  9.918565e-01 
  443.000  9.906626e-01 
  444.000  9.890007e-01 
  445.000  9.870583e-01 
  446.000  9.887291e-01 
  447.000  9.895936e-01 
  448.000  9.850612e-01 
  449.000  9.888257e-01 
  450.000  9.901332e-01 
  451.000  9.899791e-01 
  452.000  9.897792e-01 
  453.000  9.898307e-01 
  454.000  9.906695e-01 
  455.000  9.895027e-01 
  456.000  9.893290e-01 
  457.000  9.898667e-01 
  458.000  9.872294e-01 
  459.000  9.882411e-01 
  460.000  9.867695e-01 
  461.000  9.868691e-01 
  462.000  9.879217e-01 
  463.000  9.852274e-01 
  464.000  9.865857e-01 
  465.000  9.872825e-01 
  466.000  9.884118e-01 
  467.000  9.866921e-01 
  468.000  9.871496e-01 
  469.000  9.875769e-01 
  470.000  9.871876e-01 
  471.000  9.868520e-01 
  472.000  9.850380e-01 
  473.000  9.828209e-01 
  474.000  9.780715e-01 
  475.000  9.752983e-01 
  476.000  9.731369e-01 
  477.000  9.719217e-01 
  478.000  9.715992e-01 
  479.000  9.722897e-01 
  480.000  9.731809e-01 
  481.000  9.766753e-01 
  482.000  9.791704e-01 
  483.000  9.809898e-01 
  484.000  9.808923e-01 
  485.000  9.803593e-01 
  486.000  9.803925e-01 
  487.000  9.810067e-01 
  488.000  9.800211e-01 
  489.000  9.787093e-01 
  490.000  9.801735e-01 
  491.000  9.809998e-01 
  492.000  9.805309e-01 
  493.000  9.800178e-01 
  494.000  9.789371e-01 
  495.000  9.786702e-01 
  496.000  9.776418e-01 
  497.000  9.772898e-01 
  498.000  9.770361e-01 
  499.000  9.763193e-01 
  500.000  9.753475e-01 
  501.000  9.738725e-01 
  502.000  9.710249e-01 
  503.000  9.685347e-01 
  504.000  9.673461e-01 
  505.000  9.654219e-01 
  506.000  9.663045e-01 
  507.000  9.665272e-01 
  508.000  9.671610e-01 
  509.000  9.669685e-01 
  510.000  9.673052e-01 
  511.000  9.674908e-01 
  512.000  9.676600e-01 
  513.000  9.681774e-01 
  514.000  9.683930e-01 
  515.000  9.686771e-01 
  516.000  9.681145e-01 
  517.000  9.674742e-01 
  518.000  9.668366e-01 
  519.000  9.654881e-01 
  520.000  9.649598e-01 
  521.000  9.641547e-01 
  522.000  9.634414e-01 
  523.000  9.622517e-01 
  524.000  9.609312e-01 
  525.000  9.589952e-01 
  526.000  9.568680e-01 
  527.000  9.553596e-01 
  528.000  9.532796e-01 
  529.000  9.515800e-01 
  530.000  9.502541e-01 
  531.000  9.491271e-01 
  532.000  9.483274e-01 
  533.000  9.479339e-01 
  534.000  9.475851e-01 
  535.000  9.475492e-01 
  536.000  9.475048e-01 
  537.000  9.472083e-01 
  538.000  9.467481e-01 
  539.000  9.461326e-01 
  540.000  9.461980e-01 
  541.000  9.450490e-01 
  542.000  9.441331e-01 
  543.000  9.437460e-01 
  544.000  9.434384e-01 
  545.000  9.420776e-01 
  546.000  9.417219e-01 
  547.000  9.420328e-01 
  548.000  9.416108e-01 
  549.000  9.413747e-01 
  550.000  9.411095e-01 
  551.000  9.410502e-01 
  552.000  9.403977e-01 
  553.000  9.392490e-01 
  554.000  9.389081e-01 
  555.000  9.384282e-01 
  556.000  9.370455e-01 
  557.000  9.351950e-01 
  558.000  9.335667e-01 
  559.000  9.314619e-01 
  560.000  9.295692e-01 
  561.000  9.279110e-01 
  562.000  9.264873e-01 
  563.000  9.246329e-01 
  564.000  9.226171e-01 
  565.000  9.209968e-01 
  566.000  9.196432e-01 
  567.000  9.178647e-01 
  568.000  9.156625e-01 
  569.000  9.104435e-01 
  570.000  9.062889e-01 
  571.000  9.048116e-01 
  572.000  9.020719e-01 
  573.000  9.002166e-01 
  574.000  8.976561e-01 
  575.000  8.960136e-01 
  576.000  8.952457e-01 
  577.000  8.953392e-01 
  578.000  8.970518e-01 
  579.000  8.988650e-01 
  580.000  9.007018e-01 
  581.000  9.040449e-01 
  582.000  9.072920e-01 
  583.000  9.100549e-01 
  584.000  9.140444e-01 
  585.000  9.153893e-01 
  586.000  9.170470e-01 
  587.000  9.173892e-01 
  588.000  9.176791e-01 
  589.000  9.109133e-01 
  590.000  9.109443e-01 
  591.000  9.130486e-01 
  592.000  9.070988e-01 
  593.000  9.150944e-01 
  594.000  9.106484e-01 
  595.000  9.126592e-01 
  596.000  9.129593e-01 
  597.000  9.125600e-01 
  598.000  9.118058e-01 
  599.000  9.123132e-01 
  600.000  9.115509e-01 
  601.000  9.123994e-01 
  602.000  9.129981e-01 
  603.000  9.133248e-01 
  604.000  9.137163e-01 
  605.000  9.138865e-01 
  606.000  9.150710e-01 
  607.000  9.160322e-01 
  608.000  9.172906e-01 
  609.000  9.178165e-01 
  610.000  9.188594e-01 
  611.000  9.196662e-01 
  612.000  9.206868e-01 
  613.000  9.217739e-01 
  614.000  9.224939e-01 
  615.000  9.233494e-01 
  616.000  9.244387e-01 
  617.000  9.251984e-01 
  618.000  9.256487e-01 
  619.000  9.263445e-01 
  620.000  9.266422e-01 
  621.000  9.266526e-01 
  622.000  9.266556e-01 
  623.000  9.262000e-01 
  624.000  9.259243e-01 
  625.000  9.256346e-01 
  626.000  9.246438e-01 
  627.000  9.238313e-01 
  628.000  8.902191e-01 
  629.000  9.055785e-01 
  630.000  9.111602e-01 
  631.000  9.217252e-01 
  632.000  9.258943e-01 
  633.000  9.281976e-01 
  634.000  9.313586e-01 
  635.000  9.322481e-01 
  636.000  9.355941e-01 
  637.000  9.393836e-01 
  638.000  9.417360e-01 
  639.000  9.441666e-01 
  640.000  9.455589e-01 
  641.000  9.478542e-01 
  642.000  9.491425e-01 
  643.000  9.497095e-01 
  644.000  9.508073e-01 
  645.000  9.515654e-01 
  646.000  9.503449e-01 
  647.000  9.481531e-01 
  648.000  9.457586e-01 
  649.000  9.490353e-01 
  650.000  9.548552e-01 
  651.000  9.557434e-01 
  652.000  9.549502e-01 
  653.000  9.569895e-01 
  654.000  9.579844e-01 
  655.000  9.525406e-01 
  656.000  9.570243e-01 
  657.000  9.584572e-01 
  658.000  9.610119e-01 
  659.000  9.626770e-01 
  660.000  9.627967e-01 
  661.000  9.640353e-01 
  662.000  9.642512e-01 
  663.000  9.648342e-01 
  664.000  9.655014e-01 
  665.000  9.660622e-01 
  666.000  9.667183e-01 
  667.000  9.676223e-01 
  668.000  9.680728e-01 
  669.000  9.688210e-01 
  670.000  9.692511e-01 
  671.000  9.701056e-01 
  672.000  9.702535e-01 
  673.000  9.709004e-01 
  674.000  9.711535e-01 
  675.000  9.718689e-01 
  676.000  9.720623e-01 
  677.000  9.724533e-01 
  678.000  9.730578e-01 
  679.000  9.734114e-01 
  680.000  9.740286e-01 
  681.000  9.743100e-01 
  682.000  9.753311e-01 
  683.000  9.754044e-01 
  684.000  9.763304e-01 
  685.000  9.768329e-01 
  686.000  9.772907e-01 
  687.000  5.983533e-01 
  688.000  7.852786e-01 
  689.000  8.374761e-01 
  690.000  8.772888e-01 
  691.000  9.058758e-01 
  692.000  9.544986e-01 
  693.000  9.533703e-01 
  694.000  9.545122e-01 
  695.000  9.675347e-01 
  696.000  9.639924e-01 
  697.000  9.800445e-01 
  698.000  9.797090e-01 
  699.000  9.731396e-01 
  700.000  9.741861e-01 
  701.000  9.691520e-01 
  702.000  9.718061e-01 
  703.000  9.740620e-01 
  704.000  9.757257e-01 
  705.000  9.763810e-01 
  706.000  9.789984e-01 
  707.000  9.810778e-01 
  708.000  9.826202e-01 
  709.000  9.828240e-01 
  710.000  9.822572e-01 
  711.000  9.841721e-01 
  712.000  9.832208e-01 
  713.000  9.848593e-01 
  714.000  9.836842e-01 
  715.000  9.806831e-01 
  716.000  9.813177e-01 
  717.000  9.674057e-01 
  718.000  9.267659e-01 
  719.000  8.832990e-01 
  720.000  9.341099e-01 
  721.000  9.758319e-01 
  722.000  9.748543e-01 
  723.000  9.728636e-01 
  724.000  9.178916e-01 
  725.000  9.380568e-01 
  726.000  9.610811e-01 
  727.000  9.510387e-01 
  728.000  9.328321e-01 
  729.000  9.436814e-01 
  730.000  9.640726e-01 
  731.000  9.528136e-01 
  732.000  9.593397e-01 
  733.000  9.760958e-01 
  734.000  9.847646e-01 
  735.000  9.788495e-01 
  736.000  9.830012e-01 
  737.000  9.830055e-01 
  738.000  9.855106e-01 
  739.000  9.862588e-01 
  740.000  9.893942e-01 
  741.000  9.910591e-01 
  742.000  9.912796e-01 
  743.000  9.912008e-01 
  744.000  9.917116e-01 
  745.000  9.920073e-01 
  746.000  9.923878e-01 
  747.000  9.925126e-01 
  748.000  9.926713e-01 
  749.000  9.927530e-01 
  750.000  9.929255e-01 
  751.000  9.930008e-01 
  752.000  9.934733e-01 
  753.000  9.935977e-01 
  754.000  9.937249e-01 
  755.000  9.938609e-01 
  756.000  9.939221e-01 
  757.000  9.941357e-01 
  758.000  9.943670e-01 
  759.000  9.775975e-01 
  760.000  2.433783e-01 
  761.000  1.306218e-01 
  762.000  5.586924e-01 
  763.000  4.312041e-01 
  764.000  5.138074e-01 
  765.000  6.736205e-01 
  766.000  8.253869e-01 
  767.000  8.844247e-01 
  768.000  9.623899e-01 
  769.000  9.829338e-01 
  770.000  9.825169e-01 
  771.000  9.920767e-01 
  772.000  9.947342e-01 
  773.000  9.946963e-01 
  774.000  9.946641e-01 
  775.000  9.946823e-01 
  776.000  9.946948e-01 
  777.000  9.947444e-01 
  778.000  9.947603e-01 
  779.000  9.947410e-01 
  780.000  9.947259e-01 
  781.000  9.948909e-01 
  782.000  9.949899e-01 
  783.000  9.951150e-01 
  784.000  9.949839e-01 
  785.000  9.948490e-01 
  786.000  9.937884e-01 
  787.000  9.937900e-01 
  788.000  9.914749e-01 
  789.000  9.915110e-01 
  790.000  9.874858e-01 
  791.000  9.879565e-01 
  792.000  9.897634e-01 
  793.000  9.909276e-01 
  794.000  9.960449e-01 
  795.000  9.943435e-01 
  796.000  9.831878e-01 
  797.000  9.912958e-01 
  798.000  9.920869e-01 
  799.000  9.938154e-01 
  800.000  9.891106e-01 
  801.000  9.867465e-01 
  802.000  9.898719e-01 
  803.000  9.891885e-01 
  804.000  9.888354e-01 
  805.000  9.908390e-01 
  806.000  9.949151e-01 
  807.000  9.923023e-01 
  808.000  9.947640e-01 
  809.000  9.908198e-01 
  810.000  9.887004e-01 
  811.000  9.894308e-01 
  812.000  9.850649e-01 
  813.000  9.765111e-01 
  814.000  9.614305e-01 
  815.000  9.419006e-01 
  816.000  9.567910e-01 
  817.000  8.858569e-01 
  818.000  9.352450e-01 
  819.000  9.568380e-01 
  820.000  9.284248e-01 
  821.000  9.877634e-01 
  822.000  9.807177e-01 
  823.000  8.644195e-01 
  824.000  9.711750e-01 
  825.000  9.839053e-01 
  826.000  9.702650e-01 
  827.000  9.832580e-01 
  828.000  9.473328e-01 
  829.000  9.752170e-01 
  830.000  9.686197e-01 
  831.000  9.718239e-01 
  832.000  9.715685e-01 
  833.000  9.819115e-01 
  834.000  9.816400e-01 
  835.000  9.873590e-01 
  836.000  9.879560e-01 
  837.000  9.876226e-01 
  838.000  9.913992e-01 
  839.000  9.932626e-01 
  840.000  9.937103e-01 
  841.000  9.937103e-01 
  842.000  9.902997e-01 
  843.000  9.965767e-01 
  844.000  9.927456e-01 
  845.000  9.957755e-01 
  846.000  9.965138e-01 
  847.000  9.970753e-01 
  848.000  9.962142e-01 
  849.000  9.965361e-01 
  850.000  9.967275e-01 
  851.000  9.975580e-01 
  852.000  9.990167e-01 
  853.000  9.992560e-01 
  854.000  9.989339e-01 
  855.000  9.989339e-01 
  856.000  9.992066e-01 
  857.000  9.998261e-01 
  858.000  9.991849e-01 
  859.000  9.995558e-01 
  860.000  9.999534e-01 
  861.000  9.997643e-01 
  862.000  9.999205e-01 
  863.000  9.994540e-01 
  864.000  9.999766e-01 
  865.000  9.999766e-01 
  866.000  9.998591e-01 
  867.000  9.999807e-01 
  868.000  9.998581e-01 
  869.000  9.997041e-01 
  870.000  9.999275e-01 
  871.000  9.998608e-01 
  872.000  9.999800e-01 
  873.000  9.999161e-01 
  874.000  9.999161e-01 
  875.000  9.999939e-01 
  876.000  9.999964e-01 
  877.000  9.999337e-01 
  878.000  9.998735e-01 
  879.000  9.998539e-01 
  880.000  9.999453e-01 
  881.000  9.999453e-01 
  882.000  9.995516e-01 
  883.000  9.996569e-01 
  884.000  9.996715e-01 
  885.000  9.997244e-01 
  886.000  9.974991e-01 
  887.000  9.995034e-01 
  888.000  9.995034e-01 
  889.000  9.990023e-01 
  890.000  9.977278e-01 
  891.000  9.994382e-01 
  892.000  9.974185e-01 
  893.000  9.921262e-01 
  894.000  9.921262e-01 
  895.000  9.792576e-01 
  896.000  9.675933e-01 
  897.000  9.102142e-01 
  898.000  9.650084e-01 
  899.000  8.542978e-01 
  900.000  8.542978e-01 
  901.000  8.786374e-01 
  902.000  9.032139e-01 
  903.000  9.278566e-01 
  904.000  9.835559e-01 
  905.000  9.763080e-01 
  906.000  9.763080e-01 
  907.000  9.180517e-01 
  908.000  8.987721e-01 
  909.000  9.096759e-01 
  910.000  8.974781e-01 
  911.000  8.974781e-01 
  912.000  9.575651e-01 
  913.000  9.279703e-01 
  914.000  9.068903e-01 
  915.000  8.741746e-01 
  916.000  8.741746e-01 
  917.000  9.552250e-01 
  918.000  8.896693e-01 
  919.000  9.398302e-01 
  920.000  9.816632e-01 
  921.000  9.816632e-01 
  922.000  9.711394e-01 
  923.000  9.703242e-01 
  924.000  9.602351e-01 
  925.000  9.602351e-01 
  926.000  9.652576e-01 
  927.000  9.692729e-01 
  928.000  9.075249e-01 
  929.000  8.948988e-01 
  930.000  8.948988e-01 
  931.000  7.884327e-01 
  932.000  6.265616e-01 
  933.000  6.622643e-01 
  934.000  6.622643e-01 
  935.000  6.072181e-01 
  936.000  5.784468e-01 
  937.000  5.797865e-01 
  938.000  5.797865e-01 
  939.000  6.982121e-01 
  940.000  8.162131e-01 
  941.000  7.740118e-01 
  942.000  7.740118e-01 
  943.000  6.759571e-01 
  944.000  6.810896e-01 
  945.000  7.744057e-01 
  946.000  7.744057e-01 
  947.000  6.930220e-01 
  948.000  7.171286e-01 
  949.000  7.678110e-01 
  950.000  7.678110e-01 
  951.000  7.762750e-01 
  952.000  6.901600e-01 
  953.000  8.135785e-01 
  954.000  8.135785e-01 
  955.000  8.075292e-01 
  956.000  7.099437e-01 
  957.000  8.467320e-01 
  958.000  8.467320e-01 
  959.000  7.748446e-01 
  960.000  8.377236e-01 
  961.000  8.377236e-01 
  962.000  8.523394e-01 
  963.000  9.005581e-01 
  964.000  8.280457e-01 
  965.000  8.280457e-01 
  966.000  8.763084e-01 
  967.000  9.342927e-01 
  968.000  9.342927e-01 
  969.000  9.464155e-01 
  970.000  9.693722e-01 
  971.000  9.765871e-01 
  972.000  9.765871e-01 
  973.000  9.676957e-01 
  974.000  9.210956e-01 
  975.000  9.210956e-01 
  976.000  9.070928e-01 
  977.000  9.554002e-01 
  978.000  9.486591e-01 
  979.000  9.486591e-01 
  980.000  9.493586e-01 
  981.000  9.858361e-01 
  982.000  9.858361e-01 
  983.000  9.747855e-01 
  984.000  9.845062e-01 
  985.000  9.845062e-01 
  986.000  9.958689e-01 
  987.000  9.915638e-01 
  988.000  9.915638e-01 
  989.000  9.980561e-01 
  990.000  9.953799e-01 
  991.000  9.953799e-01 
  992.000  9.971527e-01 
  993.000  9.967809e-01 
  994.000  9.967809e-01 
  995.000  9.994459e-01 
  996.000  9.994969e-01 
  997.000  9.994969e-01 
  998.000  9.994828e-01 
  999.000  9.992481e-01 
 1000.000  9.992481e-01 
 1001.000  9.993502e-01 
 1002.000  9.956411e-01 
 1003.000  9.956411e-01 
 1004.000  9.993320e-01 
 1005.000  9.994813e-01 
 1006.000  9.994813e-01 
 1007.000  9.995815e-01 
 1008.000  9.988763e-01 
 1009.000  9.988763e-01 
 1010.000  9.961087e-01 
 1011.000  9.995232e-01 
 1012.000  9.995232e-01 
 1013.000  9.996340e-01 
 1014.000  9.995127e-01 
 1015.000  9.995127e-01 
 1016.000  9.996852e-01 
 1017.000  9.994623e-01 
 1018.000  9.994623e-01 
 1019.000  9.992054e-01 
 1020.000  9.996841e-01 
 1021.000  9.996841e-01 
 1022.000  9.992096e-01 
 1023.000  9.992096e-01 
 1024.000  9.990843e-01 
 1025.000  9.996089e-01 
 1026.000  9.996089e-01 
 1027.000  9.993013e-01 
 1028.000  9.995567e-01 
 1029.000  9.995567e-01 
 1030.000  9.995698e-01 
 1031.000  9.994557e-01 
 1032.000  9.994557e-01 
 1033.000  9.993182e-01 
 1034.000  9.993182e-01 
 1035.000  9.991959e-01 
 1036.000  9.984014e-01 
 1037.000  9.984014e-01 
 1038.000  9.982930e-01 
 1039.000  9.974335e-01 
 1040.000  9.974335e-01 
 1041.000  9.968178e-01 
 1042.000  9.968178e-01 
 1043.000  9.960616e-01 
 1044.000  9.949354e-01 
 1045.000  9.949354e-01 
 1046.000  9.933921e-01 
 1047.000  9.933921e-01 
 1048.000  9.918568e-01 
 1049.000  9.888051e-01 
 1050.000  9.888051e-01 
 1051.000  9.874315e-01 
 1052.000  9.874315e-01 
 1053.000  9.853489e-01 
 1054.000  9.835813e-01 
 1055.000  9.835813e-01 
 1056.000  9.815162e-01 
 1057.000  9.815162e-01 
 1058.000  9.796680e-01 
 1059.000  9.778231e-01 
 1060.000  9.778231e-01 
 1061.000  9.766483e-01 
 1062.000  9.766483e-01 
 1063.000  9.746544e-01 
 1064.000  9.736791e-01 
 1065.000  9.736791e-01 
 1066.000  9.752010e-01 
 1067.000  9.752010e-01 
 1068.000  9.739746e-01 
 1069.000  9.763442e-01 
 1070.000  9.763442e-01 
 1071.000  9.784334e-01 
 1072.000  9.784334e-01 
 1073.000  9.802492e-01 
 1074.000  9.802492e-01 
 1075.000  9.799255e-01 
 1076.000  9.812658e-01 
 1077.000  9.812658e-01 
 1078.000  9.855244e-01 
 1079.000  9.855244e-01 
 1080.000  9.846506e-01 
 1081.000  9.846506e-01 
 1082.000  9.878701e-01 
 1083.000  9.872289e-01 
 1084.000  9.872289e-01 
 1085.000  9.842287e-01 
 1086.000  9.842287e-01 
 1087.000  9.909481e-01 
 1088.000  9.909481e-01 
 1089.000  9.893609e-01 
 1090.000  9.884167e-01 
 1091.000  9.884167e-01 
 1092.000  9.848180e-01 
 1093.000  9.848180e-01 
 1094.000  9.847794e-01 
 1095.000  9.847794e-01 
 1096.000  9.825330e-01 
 1097.000  9.825330e-01 
 1098.000  9.770147e-01 
 1099.000  9.557555e-01 
 1100.000  9.557555e-01 
 1101.000  9.562893e-01 
 1102.000  9.562893e-01 
 1103.000  9.479529e-01 
 1104.000  9.479529e-01 
 1105.000  9.414244e-01 
 1106.000  9.414244e-01 
 1107.000  9.401727e-01 
 1108.000  9.401727e-01 
 1109.000  9.235767e-01 
 1110.000  8.920771e-01 
 1111.000  8.920771e-01 
 1112.000  8.771095e-01 
 1113.000  8.771095e-01 
 1114.000  7.919096e-01 
 1115.000  7.919096e-01 
 1116.000  6.147233e-01 
 1117.000  6.147233e-01 
 1118.000  7.062399e-01 
 1119.000  7.062399e-01 
 1120.000  6.528011e-01 
 1121.000  6.528011e-01 
 1122.000  4.761900e-01 
 1123.000  6.718032e-01 
 1124.000  6.718032e-01 
 1125.000  5.215315e-01 
 1126.000  5.215315e-01 
 1127.000  5.879581e-01 
 1128.000  5.879581e-01 
 1129.000  5.910423e-01 
 1130.000  5.910423e-01 
 1131.000  8.136572e-01 
 1132.000  8.136572e-01 
 1133.000  5.934515e-01 
 1134.000  5.934515e-01 
 1135.000  3.767750e-01 
 1136.000  3.767750e-01 
 1137.000  8.217778e-01 
 1138.000  8.217778e-01 
 1139.000  7.611091e-01 
 1140.000  7.611091e-01 
 1141.000  7.503553e-01 
 1142.000  7.503553e-01 
 1143.000  7.981068e-01 
 1144.000  7.981068e-01 
 1145.000  6.198704e-01 
 1146.000  6.198704e-01 
 1147.000  6.095871e-01 
 1148.000  6.095871e-01 
 1149.000  6.997622e-01 
 1150.000  6.997622e-01 
 1151.000  7.759246e-01 
 1152.000  7.759246e-01 
 1153.000  7.274806e-01 
 1154.000  7.274806e-01 
 1155.000  7.692240e-01 
 1156.000  7.692240e-01 
 1157.000  8.321995e-01 
 1158.000  8.321995e-01 
 1159.000  9.089487e-01 
 1160.000  9.089487e-01 
 1161.000  8.943915e-01 
 1162.000  8.943915e-01 
 1163.000  9.271219e-01 
 1164.000  9.271219e-01 
 1165.000  9.170200e-01 
 1166.000  9.170200e-01 
 1167.000  9.447228e-01 
 1168.000  9.447228e-01 
 1169.000  9.527316e-01 
 1170.000  9.527316e-01 
 1171.000  9.579890e-01 
 1172.000  9.579890e-01 
 1173.000  9.185200e-01 
 1174.000  9.185200e-01 
 1175.000  9.811902e-01 
 1176.000  9.811902e-01 
 1177.000  9.436672e-01 
 1178.000  9.436672e-01 
 1179.000  9.712609e-01 
 1180.000  9.712609e-01 
 1181.000  9.125795e-01 
 1182.000  9.125795e-01 
 1183.000  9.577715e-01 
 1184.000  9.577715e-01 
 1185.000  9.717727e-01 
 1186.000  9.717727e-01 
 1187.000  9.171675e-01 
 1188.000  9.171675e-01 
 1189.000  9.171675e-01 
 1190.000  9.569985e-01 
 1191.000  9.569985e-01 
 1192.000  9.836912e-01 
 1193.000  9.836912e-01 
 1194.000  9.649696e-01 
 1195.000  9.649696e-01 
 1196.000  9.748669e-01 
 1197.000  9.748669e-01 
 1198.000  9.568380e-01 
 1199.000  9.568380e-01 
 1200.000  9.531341e-01 
