  250.000  0.000000e+00 
  251.000  0.000000e+00 
  252.000  0.000000e+00 
  253.000  0.000000e+00 
  254.000  0.000000e+00 
  255.000  0.000000e+00 
  256.000  0.000000e+00 
  257.000  0.000000e+00 
  258.000  0.000000e+00 
  259.000  0.000000e+00 
  260.000  0.000000e+00 
  261.000  0.000000e+00 
  262.000  0.000000e+00 
  263.000  0.000000e+00 
  264.000  0.000000e+00 
  265.000  0.000000e+00 
  266.000  0.000000e+00 
  267.000  0.000000e+00 
  268.000  0.000000e+00 
  269.000  0.000000e+00 
  270.000  0.000000e+00 
  271.000  0.000000e+00 
  272.000  0.000000e+00 
  273.000  0.000000e+00 
  274.000  0.000000e+00 
  275.000  0.000000e+00 
  276.000  0.000000e+00 
  277.000  0.000000e+00 
  278.000  0.000000e+00 
  279.000  0.000000e+00 
  280.000  0.000000e+00 
  281.000  0.000000e+00 
  282.000  0.000000e+00 
  283.000  0.000000e+00 
  284.000  0.000000e+00 
  285.000  0.000000e+00 
  286.000  0.000000e+00 
  287.000  0.000000e+00 
  288.000  0.000000e+00 
  289.000  0.000000e+00 
  290.000  0.000000e+00 
  291.000  0.000000e+00 
  292.000  1.975396e-06 
  293.000  6.957790e-06 
  294.000  3.693093e-05 
  295.000  1.076029e-04 
  296.000  4.067502e-04 
  297.000  9.545635e-04 
  298.000  2.824009e-03 
  299.000  5.090067e-03 
  300.000  1.085449e-02 
  301.000  1.999050e-02 
  302.000  3.076062e-02 
  303.000  5.436860e-02 
  304.000  6.857571e-02 
  305.000  1.085828e-01 
  306.000  1.370382e-01 
  307.000  1.822805e-01 
  308.000  2.191273e-01 
  309.000  2.538430e-01 
  310.000  3.364635e-01 
  311.000  3.710483e-01 
  312.000  4.315615e-01 
  313.000  4.862031e-01 
  314.000  5.059573e-01 
  315.000  5.869312e-01 
  316.000  6.096346e-01 
  317.000  6.507813e-01 
  318.000  6.813551e-01 
  319.000  7.772530e-01 
  320.000  6.918538e-01 
  321.000  8.399088e-01 
  322.000  7.681201e-01 
  323.000  8.347791e-01 
  324.000  9.000643e-01 
  325.000  8.333651e-01 
  326.000  9.138161e-01 
  327.000  9.279556e-01 
  328.000  8.638809e-01 
  329.000  9.552943e-01 
  330.000  9.604084e-01 
  331.000  9.186916e-01 
  332.000  9.681523e-01 
  333.000  9.749354e-01 
  334.000  9.507406e-01 
  335.000  9.831941e-01 
  336.000  9.901248e-01 
  337.000  9.731057e-01 
  338.000  9.829997e-01 
  339.000  9.933819e-01 
  340.000  9.806301e-01 
  341.000  9.904386e-01 
  342.000  9.950672e-01 
  343.000  9.928671e-01 
  344.000  9.853110e-01 
  345.000  9.947010e-01 
  346.000  9.973745e-01 
  347.000  9.979973e-01 
  348.000  9.981040e-01 
  349.000  9.993241e-01 
  350.000  9.992122e-01 
  351.000  9.991301e-01 
  352.000  9.976884e-01 
  353.000  9.990517e-01 
  354.000  9.991041e-01 
  355.000  9.987012e-01 
  356.000  9.982008e-01 
  357.000  9.970554e-01 
  358.000  9.964631e-01 
  359.000  9.959039e-01 
  360.000  9.954848e-01 
  361.000  9.966733e-01 
  362.000  9.981806e-01 
  363.000  9.991274e-01 
  364.000  9.995613e-01 
  365.000  9.996306e-01 
  366.000  9.999118e-01 
  367.000  9.999289e-01 
  368.000  9.999397e-01 
  369.000  9.999471e-01 
  370.000  9.999422e-01 
  371.000  9.999391e-01 
  372.000  9.999357e-01 
  373.000  9.999309e-01 
  374.000  9.998862e-01 
  375.000  9.997879e-01 
  376.000  9.995672e-01 
  377.000  9.991346e-01 
  378.000  9.984361e-01 
  379.000  9.978498e-01 
  380.000  9.977164e-01 
  381.000  9.982406e-01 
  382.000  9.989812e-01 
  383.000  9.994688e-01 
  384.000  9.997372e-01 
  385.000  9.998714e-01 
  386.000  9.999275e-01 
  387.000  9.999499e-01 
  388.000  9.999545e-01 
  389.000  9.999604e-01 
  390.000  9.999686e-01 
  391.000  9.999704e-01 
  392.000  9.999769e-01 
  393.000  9.999852e-01 
  394.000  9.999909e-01 
  395.000  9.999909e-01 
  396.000  9.999994e-01 
  397.000  9.999971e-01 
  398.000  9.999934e-01 
  399.000  9.999909e-01 
  400.000  9.999704e-01 
  401.000  9.999678e-01 
  402.000  9.999681e-01 
  403.000  9.999692e-01 
  404.000  9.999704e-01 
  405.000  9.999647e-01 
  406.000  9.999664e-01 
  407.000  9.999716e-01 
  408.000  9.999774e-01 
  409.000  9.999803e-01 
  410.000  9.999815e-01 
  411.000  9.999797e-01 
  412.000  9.999728e-01 
  413.000  9.999757e-01 
  414.000  9.997652e-01 
  415.000  9.998443e-01 
  416.000  9.999114e-01 
  417.000  9.999519e-01 
  418.000  9.999456e-01 
  419.000  9.999337e-01 
  420.000  9.999221e-01 
  421.000  9.999192e-01 
  422.000  9.999241e-01 
  423.000  9.999334e-01 
  424.000  9.999343e-01 
  425.000  9.998962e-01 
  426.000  9.998571e-01 
  427.000  9.998193e-01 
  428.000  9.997572e-01 
  429.000  9.996824e-01 
  430.000  9.996027e-01 
  431.000  9.995281e-01 
  432.000  9.994514e-01 
  433.000  9.993751e-01 
  434.000  9.993014e-01 
  435.000  9.992274e-01 
  436.000  9.991498e-01 
  437.000  9.990695e-01 
  438.000  9.989856e-01 
  439.000  9.989060e-01 
  440.000  9.988129e-01 
  441.000  9.987139e-01 
  442.000  9.986028e-01 
  443.000  9.984816e-01 
  444.000  9.983493e-01 
  445.000  9.981952e-01 
  446.000  9.980084e-01 
  447.000  9.979331e-01 
  448.000  9.980164e-01 
  449.000  9.981420e-01 
  450.000  9.982451e-01 
  451.000  9.982834e-01 
  452.000  9.982688e-01 
  453.000  9.982336e-01 
  454.000  9.981824e-01 
  455.000  9.980326e-01 
  456.000  9.977503e-01 
  457.000  9.974860e-01 
  458.000  9.972184e-01 
  459.000  9.969357e-01 
  460.000  9.966584e-01 
  461.000  9.963824e-01 
  462.000  9.960955e-01 
  463.000  9.958214e-01 
  464.000  9.960495e-01 
  465.000  9.962642e-01 
  466.000  9.964613e-01 
  467.000  9.966316e-01 
  468.000  9.964603e-01 
  469.000  9.960954e-01 
  470.000  9.956502e-01 
  471.000  9.951110e-01 
  472.000  9.944294e-01 
  473.000  9.934919e-01 
  474.000  9.924667e-01 
  475.000  9.911026e-01 
  476.000  9.893968e-01 
  477.000  9.879312e-01 
  478.000  9.878638e-01 
  479.000  9.885274e-01 
  480.000  9.893669e-01 
  481.000  9.899909e-01 
  482.000  9.905235e-01 
  483.000  9.908195e-01 
  484.000  9.908963e-01 
  485.000  9.908360e-01 
  486.000  9.908965e-01 
  487.000  9.910586e-01 
  488.000  9.911863e-01 
  489.000  9.912998e-01 
  490.000  9.914083e-01 
  491.000  9.912029e-01 
  492.000  9.909111e-01 
  493.000  9.906262e-01 
  494.000  9.903265e-01 
  495.000  9.900380e-01 
  496.000  9.892591e-01 
  497.000  9.884719e-01 
  498.000  9.876906e-01 
  499.000  9.868979e-01 
  500.000  9.861109e-01 
  501.000  9.852870e-01 
  502.000  9.844753e-01 
  503.000  9.836707e-01 
  504.000  9.828616e-01 
  505.000  9.820453e-01 
  506.000  9.819499e-01 
  507.000  9.818959e-01 
  508.000  9.818496e-01 
  509.000  9.818011e-01 
  510.000  9.817414e-01 
  511.000  9.815817e-01 
  512.000  9.813995e-01 
  513.000  9.812214e-01 
  514.000  9.810423e-01 
  515.000  9.808651e-01 
  516.000  9.804437e-01 
  517.000  9.798058e-01 
  518.000  9.791676e-01 
  519.000  9.785325e-01 
  520.000  9.779035e-01 
  521.000  9.772474e-01 
  522.000  9.765100e-01 
  523.000  9.757218e-01 
  524.000  9.749480e-01 
  525.000  9.741495e-01 
  526.000  9.734109e-01 
  527.000  9.725163e-01 
  528.000  9.715630e-01 
  529.000  9.706173e-01 
  530.000  9.696881e-01 
  531.000  9.687725e-01 
  532.000  9.679391e-01 
  533.000  9.675455e-01 
  534.000  9.672722e-01 
  535.000  9.670756e-01 
  536.000  9.668658e-01 
  537.000  9.666126e-01 
  538.000  9.663090e-01 
  539.000  9.659766e-01 
  540.000  9.656234e-01 
  541.000  9.652649e-01 
  542.000  9.648957e-01 
  543.000  9.645195e-01 
  544.000  9.640484e-01 
  545.000  9.635003e-01 
  546.000  9.629496e-01 
  547.000  9.624112e-01 
  548.000  9.618695e-01 
  549.000  9.613314e-01 
  550.000  9.606893e-01 
  551.000  9.599466e-01 
  552.000  9.592146e-01 
  553.000  9.584694e-01 
  554.000  9.577218e-01 
  555.000  9.569755e-01 
  556.000  9.561952e-01 
  557.000  9.553533e-01 
  558.000  9.545071e-01 
  559.000  9.536507e-01 
  560.000  9.527599e-01 
  561.000  9.518386e-01 
  562.000  9.507840e-01 
  563.000  9.498348e-01 
  564.000  9.488176e-01 
  565.000  9.476588e-01 
  566.000  9.465604e-01 
  567.000  9.449970e-01 
  568.000  9.421295e-01 
  569.000  9.374247e-01 
  570.000  9.370137e-01 
  571.000  9.385442e-01 
  572.000  9.348953e-01 
  573.000  9.345711e-01 
  574.000  9.337842e-01 
  575.000  9.328668e-01 
  576.000  9.326148e-01 
  577.000  9.333589e-01 
  578.000  9.344974e-01 
  579.000  9.359225e-01 
  580.000  9.376489e-01 
  581.000  9.400016e-01 
  582.000  9.416701e-01 
  583.000  9.428002e-01 
  584.000  9.437321e-01 
  585.000  9.444445e-01 
  586.000  9.451347e-01 
  587.000  9.443465e-01 
  588.000  9.395429e-01 
  589.000  9.313084e-01 
  590.000  9.307530e-01 
  591.000  9.363755e-01 
  592.000  9.332752e-01 
  593.000  9.396216e-01 
  594.000  9.380918e-01 
  595.000  9.334307e-01 
  596.000  9.390700e-01 
  597.000  9.367064e-01 
  598.000  9.383744e-01 
  599.000  9.384879e-01 
  600.000  9.397808e-01 
  601.000  9.403965e-01 
  602.000  9.399725e-01 
  603.000  9.404285e-01 
  604.000  9.413529e-01 
  605.000  9.420154e-01 
  606.000  9.424979e-01 
  607.000  9.429583e-01 
  608.000  9.434196e-01 
  609.000  9.438519e-01 
  610.000  9.443231e-01 
  611.000  9.449012e-01 
  612.000  9.454636e-01 
  613.000  9.460018e-01 
  614.000  9.465181e-01 
  615.000  9.470344e-01 
  616.000  9.475237e-01 
  617.000  9.479727e-01 
  618.000  9.482962e-01 
  619.000  9.485245e-01 
  620.000  9.487171e-01 
  621.000  9.488451e-01 
  622.000  9.489087e-01 
  623.000  9.488621e-01 
  624.000  9.488330e-01 
  625.000  9.487673e-01 
  626.000  9.484298e-01 
  627.000  9.454934e-01 
  628.000  9.168757e-01 
  629.000  9.350787e-01 
  630.000  9.367389e-01 
  631.000  9.417096e-01 
  632.000  9.436135e-01 
  633.000  9.481137e-01 
  634.000  9.509708e-01 
  635.000  9.526215e-01 
  636.000  9.543946e-01 
  637.000  9.559624e-01 
  638.000  9.582195e-01 
  639.000  9.594120e-01 
  640.000  9.611062e-01 
  641.000  9.621711e-01 
  642.000  9.633796e-01 
  643.000  9.633462e-01 
  644.000  9.640428e-01 
  645.000  9.635907e-01 
  646.000  9.597862e-01 
  647.000  9.571834e-01 
  648.000  9.541671e-01 
  649.000  9.577734e-01 
  650.000  9.641558e-01 
  651.000  9.645491e-01 
  652.000  9.596911e-01 
  653.000  9.661198e-01 
  654.000  9.658471e-01 
  655.000  9.640459e-01 
  656.000  9.652056e-01 
  657.000  9.667484e-01 
  658.000  9.690425e-01 
  659.000  9.706551e-01 
  660.000  9.715327e-01 
  661.000  9.734402e-01 
  662.000  9.745666e-01 
  663.000  9.747989e-01 
  664.000  9.754721e-01 
  665.000  9.760913e-01 
  666.000  9.767931e-01 
  667.000  9.774156e-01 
  668.000  9.781125e-01 
  669.000  9.786630e-01 
  670.000  9.791712e-01 
  671.000  9.796967e-01 
  672.000  9.801856e-01 
  673.000  9.806687e-01 
  674.000  9.811490e-01 
  675.000  9.816299e-01 
  676.000  9.820748e-01 
  677.000  9.824623e-01 
  678.000  9.828508e-01 
  679.000  9.831887e-01 
  680.000  9.833068e-01 
  681.000  9.833425e-01 
  682.000  9.836025e-01 
  683.000  9.837552e-01 
  684.000  9.836223e-01 
  685.000  9.842321e-01 
  686.000  9.806879e-01 
  687.000  8.544195e-01 
  688.000  8.933464e-01 
  689.000  8.825433e-01 
  690.000  9.026464e-01 
  691.000  9.309204e-01 
  692.000  9.507276e-01 
  693.000  9.554551e-01 
  694.000  9.555154e-01 
  695.000  9.629703e-01 
  696.000  9.669717e-01 
  697.000  9.803676e-01 
  698.000  9.779281e-01 
  699.000  9.664262e-01 
  700.000  9.684520e-01 
  701.000  9.659051e-01 
  702.000  9.678778e-01 
  703.000  9.776511e-01 
  704.000  9.781181e-01 
  705.000  9.741382e-01 
  706.000  9.749284e-01 
  707.000  9.763707e-01 
  708.000  9.779239e-01 
  709.000  9.810869e-01 
  710.000  9.777495e-01 
  711.000  9.811901e-01 
  712.000  9.841145e-01 
  713.000  9.818116e-01 
  714.000  9.810666e-01 
  715.000  9.773552e-01 
  716.000  9.735588e-01 
  717.000  9.481490e-01 
  718.000  9.322258e-01 
  719.000  9.264981e-01 
  720.000  9.174845e-01 
  721.000  9.560855e-01 
  722.000  9.694128e-01 
  723.000  9.619532e-01 
  724.000  9.403415e-01 
  725.000  9.436576e-01 
  726.000  9.425776e-01 
  727.000  9.456255e-01 
  728.000  9.421848e-01 
  729.000  9.504771e-01 
  730.000  9.489326e-01 
  731.000  9.470764e-01 
  732.000  9.609925e-01 
  733.000  9.740587e-01 
  734.000  9.802374e-01 
  735.000  9.779742e-01 
  736.000  9.737777e-01 
  737.000  9.768199e-01 
  738.000  9.810141e-01 
  739.000  9.827681e-01 
  740.000  9.867342e-01 
  741.000  9.889880e-01 
  742.000  9.898934e-01 
  743.000  9.918005e-01 
  744.000  9.927608e-01 
  745.000  9.934445e-01 
  746.000  9.939642e-01 
  747.000  9.941050e-01 
  748.000  9.946882e-01 
  749.000  9.949745e-01 
  750.000  9.948128e-01 
  751.000  9.949228e-01 
  752.000  9.954329e-01 
  753.000  9.956440e-01 
  754.000  9.958113e-01 
  755.000  9.959217e-01 
  756.000  9.960376e-01 
  757.000  9.960812e-01 
  758.000  9.943398e-01 
  759.000  9.279439e-01 
  760.000  4.319071e-01 
  761.000  3.847661e-01 
  762.000  6.724787e-01 
  763.000  5.829963e-01 
  764.000  6.271974e-01 
  765.000  7.275471e-01 
  766.000  8.485077e-01 
  767.000  9.094374e-01 
  768.000  9.492294e-01 
  769.000  9.754451e-01 
  770.000  9.895068e-01 
  771.000  9.960840e-01 
  772.000  9.975917e-01 
  773.000  9.982511e-01 
  774.000  9.991212e-01 
  775.000  9.995493e-01 
  776.000  9.998087e-01 
  777.000  9.998555e-01 
  778.000  9.998103e-01 
  779.000  9.997421e-01 
  780.000  9.996668e-01 
  781.000  9.998392e-01 
  782.000  9.997579e-01 
  783.000  9.996847e-01 
  784.000  9.994515e-01 
  785.000  9.984440e-01 
  786.000  9.969329e-01 
  787.000  9.939583e-01 
  788.000  9.922786e-01 
  789.000  9.863569e-01 
  790.000  9.858094e-01 
  791.000  9.868773e-01 
  792.000  9.878532e-01 
  793.000  9.901916e-01 
  794.000  9.950728e-01 
  795.000  9.920639e-01 
  796.000  9.837472e-01 
  797.000  9.860740e-01 
  798.000  9.912446e-01 
  799.000  9.900067e-01 
  800.000  9.861612e-01 
  801.000  9.865688e-01 
  802.000  9.861377e-01 
  803.000  9.866459e-01 
  804.000  9.883794e-01 
  805.000  9.917431e-01 
  806.000  9.937235e-01 
  807.000  9.937670e-01 
  808.000  9.925744e-01 
  809.000  9.911214e-01 
  810.000  9.895399e-01 
  811.000  9.863253e-01 
  812.000  9.820104e-01 
  813.000  9.767103e-01 
  814.000  9.696904e-01 
  815.000  9.609271e-01 
  816.000  9.494590e-01 
  817.000  9.501157e-01 
  818.000  9.510214e-01 
  819.000  9.547164e-01 
  820.000  9.671746e-01 
  821.000  9.812567e-01 
  822.000  9.704878e-01 
  823.000  9.398590e-01 
  824.000  9.656368e-01 
  825.000  9.818270e-01 
  826.000  9.789655e-01 
  827.000  9.768806e-01 
  828.000  9.661290e-01 
  829.000  9.699671e-01 
  830.000  9.742349e-01 
  831.000  9.751859e-01 
  832.000  9.755373e-01 
  833.000  9.779537e-01 
  834.000  9.807940e-01 
  835.000  9.864708e-01 
  836.000  9.845690e-01 
  837.000  9.843125e-01 
  838.000  9.870605e-01 
  839.000  9.887008e-01 
  840.000  9.892728e-01 
  841.000  9.873970e-01 
  842.000  9.889999e-01 
  843.000  9.928547e-01 
  844.000  9.945706e-01 
  845.000  9.952292e-01 
  846.000  9.960138e-01 
  847.000  9.969635e-01 
  848.000  9.953634e-01 
  849.000  9.954691e-01 
  850.000  9.948395e-01 
  851.000  9.938803e-01 
  852.000  9.939377e-01 
  853.000  9.953104e-01 
  854.000  9.951859e-01 
  855.000  9.958749e-01 
  856.000  9.974436e-01 
  857.000  9.980623e-01 
  858.000  9.984046e-01 
  859.000  9.991632e-01 
  860.000  9.995514e-01 
  861.000  9.995829e-01 
  862.000  9.997746e-01 
  863.000  9.997727e-01 
  864.000  9.998952e-01 
  865.000  9.999898e-01 
  866.000  9.999928e-01 
  867.000  9.999384e-01 
  868.000  9.999279e-01 
  869.000  9.999403e-01 
  870.000  9.998785e-01 
  871.000  9.998888e-01 
  872.000  9.999582e-01 
  873.000  9.998294e-01 
  874.000  9.997463e-01 
  875.000  9.997047e-01 
  876.000  9.995030e-01 
  877.000  9.993865e-01 
  878.000  9.987757e-01 
  879.000  9.987079e-01 
  880.000  9.982684e-01 
  881.000  9.979737e-01 
  882.000  9.977574e-01 
  883.000  9.979129e-01 
  884.000  9.979854e-01 
  885.000  9.970738e-01 
  886.000  9.958236e-01 
  887.000  9.967914e-01 
  888.000  9.967079e-01 
  889.000  9.969354e-01 
  890.000  9.962311e-01 
  891.000  9.947532e-01 
  892.000  9.917750e-01 
  893.000  9.822299e-01 
  894.000  9.774777e-01 
  895.000  9.626991e-01 
  896.000  9.493594e-01 
  897.000  9.351643e-01 
  898.000  9.284529e-01 
  899.000  9.089701e-01 
  900.000  9.118618e-01 
  901.000  9.066859e-01 
  902.000  9.074857e-01 
  903.000  9.400274e-01 
  904.000  9.593382e-01 
  905.000  9.585378e-01 
  906.000  9.464252e-01 
  907.000  9.246860e-01 
  908.000  9.101074e-01 
  909.000  9.107597e-01 
  910.000  9.129631e-01 
  911.000  9.226314e-01 
  912.000  9.179111e-01 
  913.000  8.972499e-01 
  914.000  9.074579e-01 
  915.000  9.153737e-01 
  916.000  9.174470e-01 
  917.000  9.216507e-01 
  918.000  9.270887e-01 
  919.000  9.455792e-01 
  920.000  9.592571e-01 
  921.000  9.561535e-01 
  922.000  9.558502e-01 
  923.000  9.519840e-01 
  924.000  9.426865e-01 
  925.000  9.420027e-01 
  926.000  9.420598e-01 
  927.000  9.313734e-01 
  928.000  9.147058e-01 
  929.000  8.901102e-01 
  930.000  8.578097e-01 
  931.000  8.201855e-01 
  932.000  7.693938e-01 
  933.000  7.282101e-01 
  934.000  6.828633e-01 
  935.000  6.781811e-01 
  936.000  6.970623e-01 
  937.000  6.919258e-01 
  938.000  7.410638e-01 
  939.000  8.575422e-01 
  940.000  8.733450e-01 
  941.000  8.591970e-01 
  942.000  8.240451e-01 
  943.000  7.622888e-01 
  944.000  7.579963e-01 
  945.000  7.811128e-01 
  946.000  7.820985e-01 
  947.000  8.014807e-01 
  948.000  8.126746e-01 
  949.000  8.108745e-01 
  950.000  8.136223e-01 
  951.000  8.383775e-01 
  952.000  8.112804e-01 
  953.000  8.297485e-01 
  954.000  8.490644e-01 
  955.000  8.327386e-01 
  956.000  8.285106e-01 
  957.000  8.771208e-01 
  958.000  8.828964e-01 
  959.000  8.746977e-01 
  960.000  8.721511e-01 
  961.000  8.679644e-01 
  962.000  8.714176e-01 
  963.000  8.971072e-01 
  964.000  9.006007e-01 
  965.000  8.979955e-01 
  966.000  8.991909e-01 
  967.000  9.169554e-01 
  968.000  9.459057e-01 
  969.000  9.586205e-01 
  970.000  9.592194e-01 
  971.000  9.588768e-01 
  972.000  9.552457e-01 
  973.000  9.468052e-01 
  974.000  9.363906e-01 
  975.000  9.296162e-01 
  976.000  9.378327e-01 
  977.000  9.512413e-01 
  978.000  9.500728e-01 
  979.000  9.534305e-01 
  980.000  9.668351e-01 
  981.000  9.697240e-01 
  982.000  9.666667e-01 
  983.000  9.734358e-01 
  984.000  9.803655e-01 
  985.000  9.842606e-01 
  986.000  9.892782e-01 
  987.000  9.914155e-01 
  988.000  9.918734e-01 
  989.000  9.921569e-01 
  990.000  9.926591e-01 
  991.000  9.943479e-01 
  992.000  9.948696e-01 
  993.000  9.950503e-01 
  994.000  9.967125e-01 
  995.000  9.978473e-01 
  996.000  9.978173e-01 
  997.000  9.970199e-01 
  998.000  9.961735e-01 
  999.000  9.958303e-01 
 1000.000  9.960819e-01 
 1001.000  9.942851e-01 
 1002.000  9.915549e-01 
 1003.000  9.922209e-01 
 1004.000  9.936830e-01 
 1005.000  9.944407e-01 
 1006.000  9.946463e-01 
 1007.000  9.940665e-01 
 1008.000  9.918658e-01 
 1009.000  9.887012e-01 
 1010.000  9.900751e-01 
 1011.000  9.933707e-01 
 1012.000  9.944588e-01 
 1013.000  9.953724e-01 
 1014.000  9.957711e-01 
 1015.000  9.958140e-01 
 1016.000  9.962471e-01 
 1017.000  9.964889e-01 
 1018.000  9.958663e-01 
 1019.000  9.947106e-01 
 1020.000  9.950899e-01 
 1021.000  9.958543e-01 
 1022.000  9.944325e-01 
 1023.000  9.931843e-01 
 1024.000  9.926045e-01 
 1025.000  9.945742e-01 
 1026.000  9.954298e-01 
 1027.000  9.949598e-01 
 1028.000  9.952375e-01 
 1029.000  9.961004e-01 
 1030.000  9.968965e-01 
 1031.000  9.972651e-01 
 1032.000  9.975733e-01 
 1033.000  9.976050e-01 
 1034.000  9.977593e-01 
 1035.000  9.977435e-01 
 1036.000  9.974692e-01 
 1037.000  9.973094e-01 
 1038.000  9.973361e-01 
 1039.000  9.971399e-01 
 1040.000  9.969258e-01 
 1041.000  9.967515e-01 
 1042.000  9.966612e-01 
 1043.000  9.965768e-01 
 1044.000  9.963812e-01 
 1045.000  9.959924e-01 
 1046.000  9.956944e-01 
 1047.000  9.953168e-01 
 1048.000  9.946688e-01 
 1049.000  9.939187e-01 
 1050.000  9.934536e-01 
 1051.000  9.929850e-01 
 1052.000  9.925266e-01 
 1053.000  9.923033e-01 
 1054.000  9.917299e-01 
 1055.000  9.911327e-01 
 1056.000  9.905107e-01 
 1057.000  9.894128e-01 
 1058.000  9.876037e-01 
 1059.000  9.873989e-01 
 1060.000  9.878510e-01 
 1061.000  9.874591e-01 
 1062.000  9.862550e-01 
 1063.000  9.854301e-01 
 1064.000  9.842546e-01 
 1065.000  9.832563e-01 
 1066.000  9.832643e-01 
 1067.000  9.826247e-01 
 1068.000  9.809762e-01 
 1069.000  9.810758e-01 
 1070.000  9.819307e-01 
 1071.000  9.812841e-01 
 1072.000  9.804316e-01 
 1073.000  9.805568e-01 
 1074.000  9.810711e-01 
 1075.000  9.831612e-01 
 1076.000  9.823616e-01 
 1077.000  9.811548e-01 
 1078.000  9.796674e-01 
 1079.000  9.796916e-01 
 1080.000  9.751983e-01 
 1081.000  9.751158e-01 
 1082.000  9.773521e-01 
 1083.000  9.750556e-01 
 1084.000  9.724746e-01 
 1085.000  9.660462e-01 
 1086.000  9.677303e-01 
 1087.000  9.750694e-01 
 1088.000  9.754518e-01 
 1089.000  9.668021e-01 
 1090.000  9.652681e-01 
 1091.000  9.670615e-01 
 1092.000  9.628311e-01 
 1093.000  9.530660e-01 
 1094.000  9.488066e-01 
 1095.000  9.495944e-01 
 1096.000  9.503520e-01 
 1097.000  9.485209e-01 
 1098.000  9.240910e-01 
 1099.000  9.027847e-01 
 1100.000  9.043313e-01 
 1101.000  9.074039e-01 
 1102.000  9.061310e-01 
 1103.000  9.082308e-01 
 1104.000  9.047430e-01 
 1105.000  8.957718e-01 
 1106.000  8.864664e-01 
 1107.000  8.890450e-01 
 1108.000  8.911005e-01 
 1109.000  8.994955e-01 
 1110.000  8.991383e-01 
 1111.000  8.950784e-01 
 1112.000  8.758265e-01 
 1113.000  8.492402e-01 
 1114.000  8.430423e-01 
 1115.000  8.092748e-01 
 1116.000  7.874997e-01 
 1117.000  7.332237e-01 
 1118.000  6.813321e-01 
 1119.000  6.533858e-01 
 1120.000  6.158985e-01 
 1121.000  6.075963e-01 
 1122.000  5.645027e-01 
 1123.000  5.896572e-01 
 1124.000  6.060147e-01 
 1125.000  5.977944e-01 
 1126.000  5.942455e-01 
 1127.000  5.973401e-01 
 1128.000  6.034127e-01 
 1129.000  6.435791e-01 
 1130.000  7.315927e-01 
 1131.000  7.553957e-01 
 1132.000  7.230830e-01 
 1133.000  6.592413e-01 
 1134.000  5.292581e-01 
 1135.000  5.397083e-01 
 1136.000  6.675256e-01 
 1137.000  7.291324e-01 
 1138.000  7.837555e-01 
 1139.000  7.980139e-01 
 1140.000  7.878619e-01 
 1141.000  7.661346e-01 
 1142.000  7.587776e-01 
 1143.000  7.351518e-01 
 1144.000  7.073470e-01 
 1145.000  6.655930e-01 
 1146.000  6.755666e-01 
 1147.000  7.078664e-01 
 1148.000  7.354822e-01 
 1149.000  7.459689e-01 
 1150.000  7.454487e-01 
 1151.000  7.604961e-01 
 1152.000  7.677109e-01 
 1153.000  7.784811e-01 
 1154.000  7.740865e-01 
 1155.000  7.939876e-01 
 1156.000  8.163454e-01 
 1157.000  8.606374e-01 
 1158.000  8.774273e-01 
 1159.000  8.914801e-01 
 1160.000  8.971218e-01 
 1161.000  9.121423e-01 
 1162.000  9.225363e-01 
 1163.000  9.352665e-01 
 1164.000  9.383122e-01 
 1165.000  9.389475e-01 
 1166.000  9.414308e-01 
 1167.000  9.429277e-01 
 1168.000  9.422694e-01 
 1169.000  9.440277e-01 
 1170.000  9.456496e-01 
 1171.000  9.501283e-01 
 1172.000  9.474519e-01 
 1173.000  9.447810e-01 
 1174.000  9.449331e-01 
 1175.000  9.520885e-01 
 1176.000  9.586284e-01 
 1177.000  9.555705e-01 
 1178.000  9.492602e-01 
 1179.000  9.492696e-01 
 1180.000  9.469956e-01 
 1181.000  9.410473e-01 
 1182.000  9.350965e-01 
 1183.000  9.358226e-01 
 1184.000  9.392462e-01 
 1185.000  9.475460e-01 
 1186.000  9.450938e-01 
 1187.000  9.365353e-01 
 1188.000  9.345465e-01 
 1189.000  9.398535e-01 
 1190.000  9.532181e-01 
 1191.000  9.571255e-01 
 1192.000  9.627095e-01 
 1193.000  9.614965e-01 
 1194.000  9.606220e-01 
 1195.000  9.550496e-01 
 1196.000  9.558160e-01 
 1197.000  9.530946e-01 
 1198.000  9.524905e-01 
 1199.000  9.490634e-01 
 1200.000  9.510326e-01 
