  250.000  0.000000e+00 
  251.000  0.000000e+00 
  252.000  0.000000e+00 
  253.000  0.000000e+00 
  254.000  0.000000e+00 
  255.000  0.000000e+00 
  256.000  0.000000e+00 
  257.000  0.000000e+00 
  258.000  0.000000e+00 
  259.000  0.000000e+00 
  260.000  0.000000e+00 
  261.000  0.000000e+00 
  262.000  0.000000e+00 
  263.000  0.000000e+00 
  264.000  0.000000e+00 
  265.000  0.000000e+00 
  266.000  0.000000e+00 
  267.000  0.000000e+00 
  268.000  0.000000e+00 
  269.000  0.000000e+00 
  270.000  0.000000e+00 
  271.000  0.000000e+00 
  272.000  0.000000e+00 
  273.000  0.000000e+00 
  274.000  0.000000e+00 
  275.000  0.000000e+00 
  276.000  0.000000e+00 
  277.000  0.000000e+00 
  278.000  0.000000e+00 
  279.000  0.000000e+00 
  280.000  0.000000e+00 
  281.000  0.000000e+00 
  282.000  0.000000e+00 
  283.000  0.000000e+00 
  284.000  0.000000e+00 
  285.000  0.000000e+00 
  286.000  0.000000e+00 
  287.000  0.000000e+00 
  288.000  0.000000e+00 
  289.000  0.000000e+00 
  290.000  0.000000e+00 
  291.000  0.000000e+00 
  292.000  7.109380e-09 
  293.000  4.294503e-08 
  294.000  4.660123e-07 
  295.000  2.146846e-06 
  296.000  1.434551e-05 
  297.000  4.851884e-05 
  298.000  2.284447e-04 
  299.000  5.299700e-04 
  300.000  1.563279e-03 
  301.000  3.740008e-03 
  302.000  6.921987e-03 
  303.000  1.561541e-02 
  304.000  2.175551e-02 
  305.000  4.194378e-02 
  306.000  5.848605e-02 
  307.000  8.790847e-02 
  308.000  1.143514e-01 
  309.000  1.410823e-01 
  310.000  2.109947e-01 
  311.000  2.426433e-01 
  312.000  3.010856e-01 
  313.000  3.569817e-01 
  314.000  3.778784e-01 
  315.000  4.671396e-01 
  316.000  4.931630e-01 
  317.000  5.413873e-01 
  318.000  5.780806e-01 
  319.000  6.977145e-01 
  320.000  5.908459e-01 
  321.000  7.794211e-01 
  322.000  6.860335e-01 
  323.000  7.726304e-01 
  324.000  8.603669e-01 
  325.000  7.707615e-01 
  326.000  8.792050e-01 
  327.000  8.987014e-01 
  328.000  8.113904e-01 
  329.000  9.367588e-01 
  330.000  9.439302e-01 
  331.000  8.859133e-01 
  332.000  9.548206e-01 
  333.000  9.643905e-01 
  334.000  9.303867e-01 
  335.000  9.760810e-01 
  336.000  9.859240e-01 
  337.000  9.618063e-01 
  338.000  9.758054e-01 
  339.000  9.905601e-01 
  340.000  9.724471e-01 
  341.000  9.863704e-01 
  342.000  9.929613e-01 
  343.000  9.898269e-01 
  344.000  9.790842e-01 
  345.000  9.924394e-01 
  346.000  9.962518e-01 
  347.000  9.971406e-01 
  348.000  9.972930e-01 
  349.000  9.990348e-01 
  350.000  9.988749e-01 
  351.000  9.987578e-01 
  352.000  9.966998e-01 
  353.000  9.986459e-01 
  354.000  9.987205e-01 
  355.000  9.981454e-01 
  356.000  9.974311e-01 
  357.000  9.957966e-01 
  358.000  9.949517e-01 
  359.000  9.941543e-01 
  360.000  9.935568e-01 
  361.000  9.952517e-01 
  362.000  9.974022e-01 
  363.000  9.987540e-01 
  364.000  9.993735e-01 
  365.000  9.994725e-01 
  366.000  9.998741e-01 
  367.000  9.998984e-01 
  368.000  9.999139e-01 
  369.000  9.999244e-01 
  370.000  9.999175e-01 
  371.000  9.999131e-01 
  372.000  9.999082e-01 
  373.000  9.999013e-01 
  374.000  9.998376e-01 
  375.000  9.996971e-01 
  376.000  9.993819e-01 
  377.000  9.987643e-01 
  378.000  9.977669e-01 
  379.000  9.969301e-01 
  380.000  9.967396e-01 
  381.000  9.974880e-01 
  382.000  9.985451e-01 
  383.000  9.992414e-01 
  384.000  9.996247e-01 
  385.000  9.998164e-01 
  386.000  9.998965e-01 
  387.000  9.999285e-01 
  388.000  9.999350e-01 
  389.000  9.999435e-01 
  390.000  9.999553e-01 
  391.000  9.999578e-01 
  392.000  9.999671e-01 
  393.000  9.999789e-01 
  394.000  9.999870e-01 
  395.000  9.999870e-01 
  396.000  9.999992e-01 
  397.000  9.999959e-01 
  398.000  9.999907e-01 
  399.000  9.999870e-01 
  400.000  9.999578e-01 
  401.000  9.999541e-01 
  402.000  9.999545e-01 
  403.000  9.999561e-01 
  404.000  9.999578e-01 
  405.000  9.999496e-01 
  406.000  9.999521e-01 
  407.000  9.999595e-01 
  408.000  9.999677e-01 
  409.000  9.999719e-01 
  410.000  9.999735e-01 
  411.000  9.999710e-01 
  412.000  9.999611e-01 
  413.000  9.999653e-01 
  414.000  9.996646e-01 
  415.000  9.997776e-01 
  416.000  9.998735e-01 
  417.000  9.999313e-01 
  418.000  9.999223e-01 
  419.000  9.999053e-01 
  420.000  9.998888e-01 
  421.000  9.998847e-01 
  422.000  9.998917e-01 
  423.000  9.999049e-01 
  424.000  9.999062e-01 
  425.000  9.998518e-01 
  426.000  9.997959e-01 
  427.000  9.997420e-01 
  428.000  9.996533e-01 
  429.000  9.995464e-01 
  430.000  9.994326e-01 
  431.000  9.993260e-01 
  432.000  9.992166e-01 
  433.000  9.991075e-01 
  434.000  9.990023e-01 
  435.000  9.988967e-01 
  436.000  9.987859e-01 
  437.000  9.986712e-01 
  438.000  9.985514e-01 
  439.000  9.984378e-01 
  440.000  9.983048e-01 
  441.000  9.981635e-01 
  442.000  9.980049e-01 
  443.000  9.978318e-01 
  444.000  9.976431e-01 
  445.000  9.974231e-01 
  446.000  9.971564e-01 
  447.000  9.970490e-01 
  448.000  9.971679e-01 
  449.000  9.973471e-01 
  450.000  9.974942e-01 
  451.000  9.975491e-01 
  452.000  9.975283e-01 
  453.000  9.974778e-01 
  454.000  9.974048e-01 
  455.000  9.971910e-01 
  456.000  9.967881e-01 
  457.000  9.964110e-01 
  458.000  9.960291e-01 
  459.000  9.956259e-01 
  460.000  9.952304e-01 
  461.000  9.948367e-01 
  462.000  9.944275e-01 
  463.000  9.940366e-01 
  464.000  9.943618e-01 
  465.000  9.946681e-01 
  466.000  9.949492e-01 
  467.000  9.951920e-01 
  468.000  9.949477e-01 
  469.000  9.944274e-01 
  470.000  9.937924e-01 
  471.000  9.930239e-01 
  472.000  9.920525e-01 
  473.000  9.907167e-01 
  474.000  9.892567e-01 
  475.000  9.873151e-01 
  476.000  9.848887e-01 
  477.000  9.828055e-01 
  478.000  9.827096e-01 
  479.000  9.836528e-01 
  480.000  9.848462e-01 
  481.000  9.857336e-01 
  482.000  9.864911e-01 
  483.000  9.869124e-01 
  484.000  9.870217e-01 
  485.000  9.869359e-01 
  486.000  9.870220e-01 
  487.000  9.872525e-01 
  488.000  9.874343e-01 
  489.000  9.875957e-01 
  490.000  9.877502e-01 
  491.000  9.874578e-01 
  492.000  9.870425e-01 
  493.000  9.866373e-01 
  494.000  9.862110e-01 
  495.000  9.858007e-01 
  496.000  9.846931e-01 
  497.000  9.835740e-01 
  498.000  9.824636e-01 
  499.000  9.813375e-01 
  500.000  9.802198e-01 
  501.000  9.790503e-01 
  502.000  9.778982e-01 
  503.000  9.767569e-01 
  504.000  9.756094e-01 
  505.000  9.744522e-01 
  506.000  9.743171e-01 
  507.000  9.742406e-01 
  508.000  9.741749e-01 
  509.000  9.741062e-01 
  510.000  9.740215e-01 
  511.000  9.737954e-01 
  512.000  9.735370e-01 
  513.000  9.732848e-01 
  514.000  9.730310e-01 
  515.000  9.727799e-01 
  516.000  9.721830e-01 
  517.000  9.712795e-01 
  518.000  9.703761e-01 
  519.000  9.694772e-01 
  520.000  9.685871e-01 
  521.000  9.676591e-01 
  522.000  9.666162e-01 
  523.000  9.655019e-01 
  524.000  9.644084e-01 
  525.000  9.632803e-01 
  526.000  9.622373e-01 
  527.000  9.609742e-01 
  528.000  9.596291e-01 
  529.000  9.582950e-01 
  530.000  9.569849e-01 
  531.000  9.556944e-01 
  532.000  9.545203e-01 
  533.000  9.539660e-01 
  534.000  9.535810e-01 
  535.000  9.533042e-01 
  536.000  9.530087e-01 
  537.000  9.526523e-01 
  538.000  9.522250e-01 
  539.000  9.517571e-01 
  540.000  9.512601e-01 
  541.000  9.507557e-01 
  542.000  9.502362e-01 
  543.000  9.497070e-01 
  544.000  9.490446e-01 
  545.000  9.482739e-01 
  546.000  9.474998e-01 
  547.000  9.467432e-01 
  548.000  9.459821e-01 
  549.000  9.452263e-01 
  550.000  9.443246e-01 
  551.000  9.432820e-01 
  552.000  9.422546e-01 
  553.000  9.412091e-01 
  554.000  9.401606e-01 
  555.000  9.391143e-01 
  556.000  9.380208e-01 
  557.000  9.368413e-01 
  558.000  9.356562e-01 
  559.000  9.344571e-01 
  560.000  9.332106e-01 
  561.000  9.319212e-01 
  562.000  9.303718e-01 
  563.000  9.290389e-01 
  564.000  9.275997e-01 
  565.000  9.259287e-01 
  566.000  9.244305e-01 
  567.000  9.220145e-01 
  568.000  9.172944e-01 
  569.000  9.095081e-01 
  570.000  9.092779e-01 
  571.000  9.124904e-01 
  572.000  9.067747e-01 
  573.000  9.066809e-01 
  574.000  9.054698e-01 
  575.000  9.041799e-01 
  576.000  9.038401e-01 
  577.000  9.052253e-01 
  578.000  9.071549e-01 
  579.000  9.092249e-01 
  580.000  9.115949e-01 
  581.000  9.150478e-01 
  582.000  9.173570e-01 
  583.000  9.187466e-01 
  584.000  9.200940e-01 
  585.000  9.209634e-01 
  586.000  9.217491e-01 
  587.000  9.201380e-01 
  588.000  9.112796e-01 
  589.000  8.963752e-01 
  590.000  8.953428e-01 
  591.000  9.054005e-01 
  592.000  8.998343e-01 
  593.000  9.112477e-01 
  594.000  9.085029e-01 
  595.000  9.001533e-01 
  596.000  9.106234e-01 
  597.000  9.067927e-01 
  598.000  9.102192e-01 
  599.000  9.108502e-01 
  600.000  9.138013e-01 
  601.000  9.150504e-01 
  602.000  9.146951e-01 
  603.000  9.155120e-01 
  604.000  9.170924e-01 
  605.000  9.181408e-01 
  606.000  9.188462e-01 
  607.000  9.195178e-01 
  608.000  9.201661e-01 
  609.000  9.207720e-01 
  610.000  9.214291e-01 
  611.000  9.222350e-01 
  612.000  9.230192e-01 
  613.000  9.237699e-01 
  614.000  9.244900e-01 
  615.000  9.252104e-01 
  616.000  9.258933e-01 
  617.000  9.265202e-01 
  618.000  9.269719e-01 
  619.000  9.272906e-01 
  620.000  9.275595e-01 
  621.000  9.277384e-01 
  622.000  9.278272e-01 
  623.000  9.277620e-01 
  624.000  9.277210e-01 
  625.000  9.276283e-01 
  626.000  9.269691e-01 
  627.000  9.222759e-01 
  628.000  8.886841e-01 
  629.000  9.095368e-01 
  630.000  9.127024e-01 
  631.000  9.189041e-01 
  632.000  9.196965e-01 
  633.000  9.261734e-01 
  634.000  9.300632e-01 
  635.000  9.320279e-01 
  636.000  9.346507e-01 
  637.000  9.368522e-01 
  638.000  9.402713e-01 
  639.000  9.419960e-01 
  640.000  9.444402e-01 
  641.000  9.458075e-01 
  642.000  9.476827e-01 
  643.000  9.473401e-01 
  644.000  9.482694e-01 
  645.000  9.471287e-01 
  646.000  9.400142e-01 
  647.000  9.350168e-01 
  648.000  9.293075e-01 
  649.000  9.355531e-01 
  650.000  9.468884e-01 
  651.000  9.474010e-01 
  652.000  9.384081e-01 
  653.000  9.498562e-01 
  654.000  9.491677e-01 
  655.000  9.457024e-01 
  656.000  9.476104e-01 
  657.000  9.502417e-01 
  658.000  9.544714e-01 
  659.000  9.571557e-01 
  660.000  9.582816e-01 
  661.000  9.615343e-01 
  662.000  9.633122e-01 
  663.000  9.636769e-01 
  664.000  9.645718e-01 
  665.000  9.655473e-01 
  666.000  9.666953e-01 
  667.000  9.676743e-01 
  668.000  9.687974e-01 
  669.000  9.696176e-01 
  670.000  9.703510e-01 
  671.000  9.711215e-01 
  672.000  9.718168e-01 
  673.000  9.725011e-01 
  674.000  9.731805e-01 
  675.000  9.738621e-01 
  676.000  9.744887e-01 
  677.000  9.750353e-01 
  678.000  9.755846e-01 
  679.000  9.760318e-01 
  680.000  9.760344e-01 
  681.000  9.758707e-01 
  682.000  9.761619e-01 
  683.000  9.762828e-01 
  684.000  9.760453e-01 
  685.000  9.769939e-01 
  686.000  9.725960e-01 
  687.000  8.224102e-01 
  688.000  8.686370e-01 
  689.000  8.555611e-01 
  690.000  8.796194e-01 
  691.000  9.126405e-01 
  692.000  9.345400e-01 
  693.000  9.345419e-01 
  694.000  9.295291e-01 
  695.000  9.403275e-01 
  696.000  9.463430e-01 
  697.000  9.692165e-01 
  698.000  9.647318e-01 
  699.000  9.445789e-01 
  700.000  9.479974e-01 
  701.000  9.435089e-01 
  702.000  9.468675e-01 
  703.000  9.638327e-01 
  704.000  9.645936e-01 
  705.000  9.576092e-01 
  706.000  9.589520e-01 
  707.000  9.614312e-01 
  708.000  9.641104e-01 
  709.000  9.696080e-01 
  710.000  9.637248e-01 
  711.000  9.697046e-01 
  712.000  9.747904e-01 
  713.000  9.706936e-01 
  714.000  9.693185e-01 
  715.000  9.627082e-01 
  716.000  9.558873e-01 
  717.000  9.118152e-01 
  718.000  8.845529e-01 
  719.000  8.747449e-01 
  720.000  8.597021e-01 
  721.000  9.249864e-01 
  722.000  9.479799e-01 
  723.000  9.350142e-01 
  724.000  8.979591e-01 
  725.000  9.034907e-01 
  726.000  9.016616e-01 
  727.000  9.068466e-01 
  728.000  9.010118e-01 
  729.000  9.151518e-01 
  730.000  9.125648e-01 
  731.000  9.094592e-01 
  732.000  9.333122e-01 
  733.000  9.560020e-01 
  734.000  9.668266e-01 
  735.000  9.628801e-01 
  736.000  9.555728e-01 
  737.000  9.608853e-01 
  738.000  9.682217e-01 
  739.000  9.713069e-01 
  740.000  9.782853e-01 
  741.000  9.822624e-01 
  742.000  9.838656e-01 
  743.000  9.871038e-01 
  744.000  9.886772e-01 
  745.000  9.898815e-01 
  746.000  9.907932e-01 
  747.000  9.910277e-01 
  748.000  9.921457e-01 
  749.000  9.926594e-01 
  750.000  9.922611e-01 
  751.000  9.924159e-01 
  752.000  9.933861e-01 
  753.000  9.937475e-01 
  754.000  9.940198e-01 
  755.000  9.941764e-01 
  756.000  9.943442e-01 
  757.000  9.944063e-01 
  758.000  9.920567e-01 
  759.000  9.120302e-01 
  760.000  3.584030e-01 
  761.000  3.112302e-01 
  762.000  6.155301e-01 
  763.000  5.170392e-01 
  764.000  5.653249e-01 
  765.000  6.777006e-01 
  766.000  8.177680e-01 
  767.000  8.900755e-01 
  768.000  9.378948e-01 
  769.000  9.696559e-01 
  770.000  9.871982e-01 
  771.000  9.949625e-01 
  772.000  9.967682e-01 
  773.000  9.975819e-01 
  774.000  9.987087e-01 
  775.000  9.993228e-01 
  776.000  9.997030e-01 
  777.000  9.997402e-01 
  778.000  9.996240e-01 
  779.000  9.994801e-01 
  780.000  9.993284e-01 
  781.000  9.996756e-01 
  782.000  9.995116e-01 
  783.000  9.993637e-01 
  784.000  9.988927e-01 
  785.000  9.971775e-01 
  786.000  9.945254e-01 
  787.000  9.895149e-01 
  788.000  9.866033e-01 
  789.000  9.763953e-01 
  790.000  9.754458e-01 
  791.000  9.772780e-01 
  792.000  9.789603e-01 
  793.000  9.829933e-01 
  794.000  9.916369e-01 
  795.000  9.862226e-01 
  796.000  9.719167e-01 
  797.000  9.759062e-01 
  798.000  9.848058e-01 
  799.000  9.826746e-01 
  800.000  9.760573e-01 
  801.000  9.767568e-01 
  802.000  9.760163e-01 
  803.000  9.768921e-01 
  804.000  9.798809e-01 
  805.000  9.856815e-01 
  806.000  9.891055e-01 
  807.000  9.891819e-01 
  808.000  9.871191e-01 
  809.000  9.846028e-01 
  810.000  9.818593e-01 
  811.000  9.763021e-01 
  812.000  9.688514e-01 
  813.000  9.597309e-01 
  814.000  9.477056e-01 
  815.000  9.327522e-01 
  816.000  9.134673e-01 
  817.000  9.145043e-01 
  818.000  9.160093e-01 
  819.000  9.222514e-01 
  820.000  9.432960e-01 
  821.000  9.672698e-01 
  822.000  9.489180e-01 
  823.000  8.975638e-01 
  824.000  9.407266e-01 
  825.000  9.682938e-01 
  826.000  9.634738e-01 
  827.000  9.599147e-01 
  828.000  9.416396e-01 
  829.000  9.481387e-01 
  830.000  9.554076e-01 
  831.000  9.570510e-01 
  832.000  9.577085e-01 
  833.000  9.618565e-01 
  834.000  9.667460e-01 
  835.000  9.765158e-01 
  836.000  9.732704e-01 
  837.000  9.728550e-01 
  838.000  9.775805e-01 
  839.000  9.804152e-01 
  840.000  9.814039e-01 
  841.000  9.781827e-01 
  842.000  9.809460e-01 
  843.000  9.875972e-01 
  844.000  9.905708e-01 
  845.000  9.919227e-01 
  846.000  9.933476e-01 
  847.000  9.944650e-01 
  848.000  9.921539e-01 
  849.000  9.924411e-01 
  850.000  9.910407e-01 
  851.000  9.893825e-01 
  852.000  9.894817e-01 
  853.000  9.920607e-01 
  854.000  9.918555e-01 
  855.000  9.931209e-01 
  856.000  9.954352e-01 
  857.000  9.964888e-01 
  858.000  9.971089e-01 
  859.000  9.983116e-01 
  860.000  9.990943e-01 
  861.000  9.991580e-01 
  862.000  9.995442e-01 
  863.000  9.995406e-01 
  864.000  9.997872e-01 
  865.000  9.999778e-01 
  866.000  9.999839e-01 
  867.000  9.998757e-01 
  868.000  9.998549e-01 
  869.000  9.998795e-01 
  870.000  9.997565e-01 
  871.000  9.997771e-01 
  872.000  9.999146e-01 
  873.000  9.996588e-01 
  874.000  9.994934e-01 
  875.000  9.994104e-01 
  876.000  9.990095e-01 
  877.000  9.987779e-01 
  878.000  9.978009e-01 
  879.000  9.976789e-01 
  880.000  9.969175e-01 
  881.000  9.963934e-01 
  882.000  9.960704e-01 
  883.000  9.962834e-01 
  884.000  9.964108e-01 
  885.000  9.948710e-01 
  886.000  9.927722e-01 
  887.000  9.942514e-01 
  888.000  9.942912e-01 
  889.000  9.946072e-01 
  890.000  9.934399e-01 
  891.000  9.912646e-01 
  892.000  9.859281e-01 
  893.000  9.697433e-01 
  894.000  9.616678e-01 
  895.000  9.369541e-01 
  896.000  9.147612e-01 
  897.000  8.913137e-01 
  898.000  8.803009e-01 
  899.000  8.490302e-01 
  900.000  8.535471e-01 
  901.000  8.453475e-01 
  902.000  8.467532e-01 
  903.000  8.991219e-01 
  904.000  9.308376e-01 
  905.000  9.296067e-01 
  906.000  9.097099e-01 
  907.000  8.744255e-01 
  908.000  8.510610e-01 
  909.000  8.520391e-01 
  910.000  8.555290e-01 
  911.000  8.709872e-01 
  912.000  8.634426e-01 
  913.000  8.307099e-01 
  914.000  8.468450e-01 
  915.000  8.594975e-01 
  916.000  8.628738e-01 
  917.000  8.696898e-01 
  918.000  8.785111e-01 
  919.000  9.085859e-01 
  920.000  9.311725e-01 
  921.000  9.261208e-01 
  922.000  9.256468e-01 
  923.000  9.192870e-01 
  924.000  9.040419e-01 
  925.000  9.027917e-01 
  926.000  9.025205e-01 
  927.000  8.848051e-01 
  928.000  8.574738e-01 
  929.000  8.178092e-01 
  930.000  7.669672e-01 
  931.000  7.095578e-01 
  932.000  6.338754e-01 
  933.000  5.761999e-01 
  934.000  5.159101e-01 
  935.000  5.095283e-01 
  936.000  5.336803e-01 
  937.000  5.274022e-01 
  938.000  5.940191e-01 
  939.000  7.627336e-01 
  940.000  7.871974e-01 
  941.000  7.658308e-01 
  942.000  7.132858e-01 
  943.000  6.245971e-01 
  944.000  6.183890e-01 
  945.000  6.506063e-01 
  946.000  6.522680e-01 
  947.000  6.805258e-01 
  948.000  6.970143e-01 
  949.000  6.946977e-01 
  950.000  6.988540e-01 
  951.000  7.356433e-01 
  952.000  6.960216e-01 
  953.000  7.235478e-01 
  954.000  7.528580e-01 
  955.000  7.287850e-01 
  956.000  7.231363e-01 
  957.000  7.971488e-01 
  958.000  8.064797e-01 
  959.000  7.941019e-01 
  960.000  7.904192e-01 
  961.000  7.841713e-01 
  962.000  7.896648e-01 
  963.000  8.297954e-01 
  964.000  8.354496e-01 
  965.000  8.315256e-01 
  966.000  8.335922e-01 
  967.000  8.619415e-01 
  968.000  9.089251e-01 
  969.000  9.299461e-01 
  970.000  9.310123e-01 
  971.000  9.304674e-01 
  972.000  9.244580e-01 
  973.000  9.105824e-01 
  974.000  8.936179e-01 
  975.000  8.826679e-01 
  976.000  8.959730e-01 
  977.000  9.178821e-01 
  978.000  9.160401e-01 
  979.000  9.216408e-01 
  980.000  9.438401e-01 
  981.000  9.486988e-01 
  982.000  9.436931e-01 
  983.000  9.550161e-01 
  984.000  9.666499e-01 
  985.000  9.732261e-01 
  986.000  9.817123e-01 
  987.000  9.853553e-01 
  988.000  9.861542e-01 
  989.000  9.866524e-01 
  990.000  9.875126e-01 
  991.000  9.906415e-01 
  992.000  9.915053e-01 
  993.000  9.918063e-01 
  994.000  9.942961e-01 
  995.000  9.960386e-01 
  996.000  9.959840e-01 
  997.000  9.947662e-01 
  998.000  9.933661e-01 
  999.000  9.927720e-01 
 1000.000  9.932030e-01 
 1001.000  9.905418e-01 
 1002.000  9.856590e-01 
 1003.000  9.867840e-01 
 1004.000  9.895466e-01 
 1005.000  9.907923e-01 
 1006.000  9.911413e-01 
 1007.000  9.901851e-01 
 1008.000  9.861948e-01 
 1009.000  9.808606e-01 
 1010.000  9.831821e-01 
 1011.000  9.887582e-01 
 1012.000  9.908553e-01 
 1013.000  9.920326e-01 
 1014.000  9.927318e-01 
 1015.000  9.928203e-01 
 1016.000  9.935784e-01 
 1017.000  9.938183e-01 
 1018.000  9.929423e-01 
 1019.000  9.913327e-01 
 1020.000  9.915048e-01 
 1021.000  9.929521e-01 
 1022.000  9.909030e-01 
 1023.000  9.888639e-01 
 1024.000  9.876148e-01 
 1025.000  9.911788e-01 
 1026.000  9.923201e-01 
 1027.000  9.915323e-01 
 1028.000  9.920427e-01 
 1029.000  9.934989e-01 
 1030.000  9.948686e-01 
 1031.000  9.955048e-01 
 1032.000  9.959829e-01 
 1033.000  9.960670e-01 
 1034.000  9.964524e-01 
 1035.000  9.965432e-01 
 1036.000  9.962056e-01 
 1037.000  9.960617e-01 
 1038.000  9.961456e-01 
 1039.000  9.958171e-01 
 1040.000  9.954889e-01 
 1041.000  9.952244e-01 
 1042.000  9.951046e-01 
 1043.000  9.950122e-01 
 1044.000  9.947370e-01 
 1045.000  9.941071e-01 
 1046.000  9.936457e-01 
 1047.000  9.930781e-01 
 1048.000  9.921972e-01 
 1049.000  9.912184e-01 
 1050.000  9.904972e-01 
 1051.000  9.897798e-01 
 1052.000  9.890975e-01 
 1053.000  9.887247e-01 
 1054.000  9.877846e-01 
 1055.000  9.868562e-01 
 1056.000  9.859425e-01 
 1057.000  9.843641e-01 
 1058.000  9.814722e-01 
 1059.000  9.812950e-01 
 1060.000  9.822041e-01 
 1061.000  9.816453e-01 
 1062.000  9.797273e-01 
 1063.000  9.786974e-01 
 1064.000  9.770063e-01 
 1065.000  9.754660e-01 
 1066.000  9.755181e-01 
 1067.000  9.744861e-01 
 1068.000  9.721417e-01 
 1069.000  9.714673e-01 
 1070.000  9.725183e-01 
 1071.000  9.711066e-01 
 1072.000  9.694846e-01 
 1073.000  9.694899e-01 
 1074.000  9.701637e-01 
 1075.000  9.734774e-01 
 1076.000  9.719648e-01 
 1077.000  9.697920e-01 
 1078.000  9.671590e-01 
 1079.000  9.670593e-01 
 1080.000  9.594499e-01 
 1081.000  9.592112e-01 
 1082.000  9.628440e-01 
 1083.000  9.588994e-01 
 1084.000  9.545145e-01 
 1085.000  9.437838e-01 
 1086.000  9.464825e-01 
 1087.000  9.585783e-01 
 1088.000  9.591603e-01 
 1089.000  9.447298e-01 
 1090.000  9.421129e-01 
 1091.000  9.449991e-01 
 1092.000  9.379107e-01 
 1093.000  9.217960e-01 
 1094.000  9.147874e-01 
 1095.000  9.160048e-01 
 1096.000  9.171345e-01 
 1097.000  9.140177e-01 
 1098.000  8.744167e-01 
 1099.000  8.404445e-01 
 1100.000  8.428161e-01 
 1101.000  8.475912e-01 
 1102.000  8.454307e-01 
 1103.000  8.486305e-01 
 1104.000  8.429978e-01 
 1105.000  8.287348e-01 
 1106.000  8.142042e-01 
 1107.000  8.179675e-01 
 1108.000  8.208199e-01 
 1109.000  8.334896e-01 
 1110.000  8.323082e-01 
 1111.000  8.256084e-01 
 1112.000  7.952824e-01 
 1113.000  7.537311e-01 
 1114.000  7.429824e-01 
 1115.000  6.915092e-01 
 1116.000  6.592975e-01 
 1117.000  5.833256e-01 
 1118.000  5.133469e-01 
 1119.000  4.762862e-01 
 1120.000  4.294564e-01 
 1121.000  4.191211e-01 
 1122.000  3.694906e-01 
 1123.000  3.970075e-01 
 1124.000  4.154335e-01 
 1125.000  4.058784e-01 
 1126.000  4.019682e-01 
 1127.000  4.059860e-01 
 1128.000  4.137936e-01 
 1129.000  4.621800e-01 
 1130.000  5.741092e-01 
 1131.000  6.060882e-01 
 1132.000  5.624442e-01 
 1133.000  4.814460e-01 
 1134.000  3.324382e-01 
 1135.000  3.437823e-01 
 1136.000  4.927532e-01 
 1137.000  5.724840e-01 
 1138.000  6.482303e-01 
 1139.000  6.703307e-01 
 1140.000  6.559728e-01 
 1141.000  6.263799e-01 
 1142.000  6.160824e-01 
 1143.000  5.836556e-01 
 1144.000  5.467972e-01 
 1145.000  4.931787e-01 
 1146.000  5.058411e-01 
 1147.000  5.476425e-01 
 1148.000  5.845042e-01 
 1149.000  5.991622e-01 
 1150.000  5.994801e-01 
 1151.000  6.211794e-01 
 1152.000  6.317108e-01 
 1153.000  6.472974e-01 
 1154.000  6.421533e-01 
 1155.000  6.713422e-01 
 1156.000  7.041283e-01 
 1157.000  7.705319e-01 
 1158.000  7.971708e-01 
 1159.000  8.198984e-01 
 1160.000  8.292246e-01 
 1161.000  8.532099e-01 
 1162.000  8.703617e-01 
 1163.000  8.912852e-01 
 1164.000  8.962048e-01 
 1165.000  8.976284e-01 
 1166.000  9.019338e-01 
 1167.000  9.045429e-01 
 1168.000  9.034746e-01 
 1169.000  9.064396e-01 
 1170.000  9.091436e-01 
 1171.000  9.164883e-01 
 1172.000  9.121235e-01 
 1173.000  9.078018e-01 
 1174.000  9.080505e-01 
 1175.000  9.197131e-01 
 1176.000  9.304230e-01 
 1177.000  9.253845e-01 
 1178.000  9.150422e-01 
 1179.000  9.150572e-01 
 1180.000  9.113282e-01 
 1181.000  9.016491e-01 
 1182.000  8.920194e-01 
 1183.000  8.931921e-01 
 1184.000  8.987219e-01 
 1185.000  9.122149e-01 
 1186.000  9.082235e-01 
 1187.000  8.943868e-01 
 1188.000  8.912175e-01 
 1189.000  8.998232e-01 
 1190.000  9.215952e-01 
 1191.000  9.280237e-01 
 1192.000  9.372403e-01 
 1193.000  9.352429e-01 
 1194.000  9.338278e-01 
 1195.000  9.246792e-01 
 1196.000  9.259350e-01 
 1197.000  9.214709e-01 
 1198.000  9.204722e-01 
 1199.000  9.148685e-01 
 1200.000  9.180862e-01 
