  250.000  0.000000e+00 
  251.000  0.000000e+00 
  252.000  0.000000e+00 
  253.000  0.000000e+00 
  254.000  0.000000e+00 
  255.000  0.000000e+00 
  256.000  0.000000e+00 
  257.000  0.000000e+00 
  258.000  0.000000e+00 
  259.000  0.000000e+00 
  260.000  0.000000e+00 
  261.000  0.000000e+00 
  262.000  0.000000e+00 
  263.000  0.000000e+00 
  264.000  0.000000e+00 
  265.000  0.000000e+00 
  266.000  0.000000e+00 
  267.000  0.000000e+00 
  268.000  0.000000e+00 
  269.000  0.000000e+00 
  270.000  0.000000e+00 
  271.000  0.000000e+00 
  272.000  0.000000e+00 
  273.000  0.000000e+00 
  274.000  0.000000e+00 
  275.000  0.000000e+00 
  276.000  0.000000e+00 
  277.000  0.000000e+00 
  278.000  0.000000e+00 
  279.000  0.000000e+00 
  280.000  0.000000e+00 
  281.000  0.000000e+00 
  282.000  0.000000e+00 
  283.000  0.000000e+00 
  284.000  0.000000e+00 
  285.000  0.000000e+00 
  286.000  0.000000e+00 
  287.000  0.000000e+00 
  288.000  0.000000e+00 
  289.000  0.000000e+00 
  290.000  0.000000e+00 
  291.000  0.000000e+00 
  292.000  4.632784e-08 
  293.000  2.338258e-07 
  294.000  1.999544e-06 
  295.000  7.907875e-06 
  296.000  4.370839e-05 
  297.000  1.308857e-04 
  298.000  5.278888e-04 
  299.000  1.125906e-03 
  300.000  2.980953e-03 
  301.000  6.536497e-03 
  302.000  1.137611e-02 
  303.000  2.366024e-02 
  304.000  3.188950e-02 
  305.000  5.757906e-02 
  306.000  7.766494e-02 
  307.000  1.120787e-01 
  308.000  1.420117e-01 
  309.000  1.715699e-01 
  310.000  2.464776e-01 
  311.000  2.795185e-01 
  312.000  3.394449e-01 
  313.000  3.956737e-01 
  314.000  4.164617e-01 
  315.000  5.040450e-01 
  316.000  5.292502e-01 
  317.000  5.756134e-01 
  318.000  6.106129e-01 
  319.000  7.232601e-01 
  320.000  6.227363e-01 
  321.000  7.990689e-01 
  322.000  7.123520e-01 
  323.000  7.927998e-01 
  324.000  8.733913e-01 
  325.000  7.910736e-01 
  326.000  8.905855e-01 
  327.000  9.083418e-01 
  328.000  8.285103e-01 
  329.000  9.428925e-01 
  330.000  9.493873e-01 
  331.000  8.966994e-01 
  332.000  9.592407e-01 
  333.000  9.678903e-01 
  334.000  9.371176e-01 
  335.000  9.784446e-01 
  336.000  9.873213e-01 
  337.000  9.655553e-01 
  338.000  9.781959e-01 
  339.000  9.914991e-01 
  340.000  9.751652e-01 
  341.000  9.877236e-01 
  342.000  9.936623e-01 
  343.000  9.908386e-01 
  344.000  9.811538e-01 
  345.000  9.931923e-01 
  346.000  9.966256e-01 
  347.000  9.974260e-01 
  348.000  9.975631e-01 
  349.000  9.991312e-01 
  350.000  9.989873e-01 
  351.000  9.988818e-01 
  352.000  9.970290e-01 
  353.000  9.987811e-01 
  354.000  9.988483e-01 
  355.000  9.983305e-01 
  356.000  9.976875e-01 
  357.000  9.962158e-01 
  358.000  9.954548e-01 
  359.000  9.947368e-01 
  360.000  9.941986e-01 
  361.000  9.957250e-01 
  362.000  9.976615e-01 
  363.000  9.988784e-01 
  364.000  9.994361e-01 
  365.000  9.995252e-01 
  366.000  9.998868e-01 
  367.000  9.999086e-01 
  368.000  9.999226e-01 
  369.000  9.999320e-01 
  370.000  9.999258e-01 
  371.000  9.999218e-01 
  372.000  9.999174e-01 
  373.000  9.999112e-01 
  374.000  9.998538e-01 
  375.000  9.997274e-01 
  376.000  9.994437e-01 
  377.000  9.988877e-01 
  378.000  9.979899e-01 
  379.000  9.972364e-01 
  380.000  9.970649e-01 
  381.000  9.977386e-01 
  382.000  9.986904e-01 
  383.000  9.993172e-01 
  384.000  9.996622e-01 
  385.000  9.998348e-01 
  386.000  9.999068e-01 
  387.000  9.999357e-01 
  388.000  9.999416e-01 
  389.000  9.999492e-01 
  390.000  9.999598e-01 
  391.000  9.999620e-01 
  392.000  9.999704e-01 
  393.000  9.999810e-01 
  394.000  9.999883e-01 
  395.000  9.999883e-01 
  396.000  9.999993e-01 
  397.000  9.999964e-01 
  398.000  9.999917e-01 
  399.000  9.999883e-01 
  400.000  9.999620e-01 
  401.000  9.999588e-01 
  402.000  9.999591e-01 
  403.000  9.999605e-01 
  404.000  9.999620e-01 
  405.000  9.999546e-01 
  406.000  9.999569e-01 
  407.000  9.999636e-01 
  408.000  9.999710e-01 
  409.000  9.999747e-01 
  410.000  9.999762e-01 
  411.000  9.999740e-01 
  412.000  9.999651e-01 
  413.000  9.999688e-01 
  414.000  9.996981e-01 
  415.000  9.997998e-01 
  416.000  9.998862e-01 
  417.000  9.999382e-01 
  418.000  9.999301e-01 
  419.000  9.999148e-01 
  420.000  9.998999e-01 
  421.000  9.998962e-01 
  422.000  9.999025e-01 
  423.000  9.999144e-01 
  424.000  9.999156e-01 
  425.000  9.998665e-01 
  426.000  9.998164e-01 
  427.000  9.997678e-01 
  428.000  9.996879e-01 
  429.000  9.995917e-01 
  430.000  9.994894e-01 
  431.000  9.993933e-01 
  432.000  9.992948e-01 
  433.000  9.991966e-01 
  434.000  9.991021e-01 
  435.000  9.990069e-01 
  436.000  9.989071e-01 
  437.000  9.988039e-01 
  438.000  9.986960e-01 
  439.000  9.985937e-01 
  440.000  9.984741e-01 
  441.000  9.983468e-01 
  442.000  9.982041e-01 
  443.000  9.980482e-01 
  444.000  9.978783e-01 
  445.000  9.976802e-01 
  446.000  9.974402e-01 
  447.000  9.973435e-01 
  448.000  9.974504e-01 
  449.000  9.976118e-01 
  450.000  9.977443e-01 
  451.000  9.977937e-01 
  452.000  9.977749e-01 
  453.000  9.977295e-01 
  454.000  9.976637e-01 
  455.000  9.974713e-01 
  456.000  9.971086e-01 
  457.000  9.967690e-01 
  458.000  9.964251e-01 
  459.000  9.960620e-01 
  460.000  9.957058e-01 
  461.000  9.953513e-01 
  462.000  9.949828e-01 
  463.000  9.946308e-01 
  464.000  9.949237e-01 
  465.000  9.951995e-01 
  466.000  9.954526e-01 
  467.000  9.956713e-01 
  468.000  9.954512e-01 
  469.000  9.949827e-01 
  470.000  9.944109e-01 
  471.000  9.937186e-01 
  472.000  9.928436e-01 
  473.000  9.916402e-01 
  474.000  9.903248e-01 
  475.000  9.885750e-01 
  476.000  9.863880e-01 
  477.000  9.845098e-01 
  478.000  9.844235e-01 
  479.000  9.852738e-01 
  480.000  9.863498e-01 
  481.000  9.871497e-01 
  482.000  9.878325e-01 
  483.000  9.882122e-01 
  484.000  9.883106e-01 
  485.000  9.882334e-01 
  486.000  9.883110e-01 
  487.000  9.885187e-01 
  488.000  9.886825e-01 
  489.000  9.888280e-01 
  490.000  9.889671e-01 
  491.000  9.887037e-01 
  492.000  9.883295e-01 
  493.000  9.879642e-01 
  494.000  9.875799e-01 
  495.000  9.872101e-01 
  496.000  9.862117e-01 
  497.000  9.852027e-01 
  498.000  9.842016e-01 
  499.000  9.831861e-01 
  500.000  9.821783e-01 
  501.000  9.811233e-01 
  502.000  9.800841e-01 
  503.000  9.790545e-01 
  504.000  9.780190e-01 
  505.000  9.769749e-01 
  506.000  9.768530e-01 
  507.000  9.767839e-01 
  508.000  9.767246e-01 
  509.000  9.766627e-01 
  510.000  9.765862e-01 
  511.000  9.763821e-01 
  512.000  9.761488e-01 
  513.000  9.759212e-01 
  514.000  9.756923e-01 
  515.000  9.754655e-01 
  516.000  9.749268e-01 
  517.000  9.741113e-01 
  518.000  9.732957e-01 
  519.000  9.724841e-01 
  520.000  9.716804e-01 
  521.000  9.708424e-01 
  522.000  9.699006e-01 
  523.000  9.688941e-01 
  524.000  9.679064e-01 
  525.000  9.668872e-01 
  526.000  9.659448e-01 
  527.000  9.648035e-01 
  528.000  9.635879e-01 
  529.000  9.623821e-01 
  530.000  9.611976e-01 
  531.000  9.600309e-01 
  532.000  9.589692e-01 
  533.000  9.584680e-01 
  534.000  9.581198e-01 
  535.000  9.578694e-01 
  536.000  9.576021e-01 
  537.000  9.572799e-01 
  538.000  9.568933e-01 
  539.000  9.564700e-01 
  540.000  9.560205e-01 
  541.000  9.555642e-01 
  542.000  9.550943e-01 
  543.000  9.546155e-01 
  544.000  9.540161e-01 
  545.000  9.533188e-01 
  546.000  9.526183e-01 
  547.000  9.519336e-01 
  548.000  9.512447e-01 
  549.000  9.505606e-01 
  550.000  9.497443e-01 
  551.000  9.488004e-01 
  552.000  9.478703e-01 
  553.000  9.469235e-01 
  554.000  9.459740e-01 
  555.000  9.450263e-01 
  556.000  9.440358e-01 
  557.000  9.429672e-01 
  558.000  9.418935e-01 
  559.000  9.408069e-01 
  560.000  9.396766e-01 
  561.000  9.385070e-01 
  562.000  9.369683e-01 
  563.000  9.357485e-01 
  564.000  9.344102e-01 
  565.000  9.327993e-01 
  566.000  9.315022e-01 
  567.000  9.288855e-01 
  568.000  9.233136e-01 
  569.000  9.118713e-01 
  570.000  9.125833e-01 
  571.000  9.188961e-01 
  572.000  9.110237e-01 
  573.000  9.120152e-01 
  574.000  9.116510e-01 
  575.000  9.104398e-01 
  576.000  9.101521e-01 
  577.000  9.121805e-01 
  578.000  9.147663e-01 
  579.000  9.171512e-01 
  580.000  9.192649e-01 
  581.000  9.225737e-01 
  582.000  9.246488e-01 
  583.000  9.257383e-01 
  584.000  9.267232e-01 
  585.000  9.272575e-01 
  586.000  9.279071e-01 
  587.000  9.249366e-01 
  588.000  9.103354e-01 
  589.000  8.874960e-01 
  590.000  8.858598e-01 
  591.000  9.010408e-01 
  592.000  8.925964e-01 
  593.000  9.099396e-01 
  594.000  9.057855e-01 
  595.000  8.931620e-01 
  596.000  9.097481e-01 
  597.000  9.047905e-01 
  598.000  9.108868e-01 
  599.000  9.127307e-01 
  600.000  9.181380e-01 
  601.000  9.211873e-01 
  602.000  9.215203e-01 
  603.000  9.228973e-01 
  604.000  9.246960e-01 
  605.000  9.258751e-01 
  606.000  9.265758e-01 
  607.000  9.272403e-01 
  608.000  9.278387e-01 
  609.000  9.283950e-01 
  610.000  9.289921e-01 
  611.000  9.297236e-01 
  612.000  9.304354e-01 
  613.000  9.311164e-01 
  614.000  9.317697e-01 
  615.000  9.324232e-01 
  616.000  9.330428e-01 
  617.000  9.336113e-01 
  618.000  9.340210e-01 
  619.000  9.343101e-01 
  620.000  9.345539e-01 
  621.000  9.347162e-01 
  622.000  9.347966e-01 
  623.000  9.347374e-01 
  624.000  9.346994e-01 
  625.000  9.346132e-01 
  626.000  9.336787e-01 
  627.000  9.276893e-01 
  628.000  8.958483e-01 
  629.000  9.142901e-01 
  630.000  9.191685e-01 
  631.000  9.250427e-01 
  632.000  9.232476e-01 
  633.000  9.314707e-01 
  634.000  9.351419e-01 
  635.000  9.368635e-01 
  636.000  9.390994e-01 
  637.000  9.411128e-01 
  638.000  9.452429e-01 
  639.000  9.465316e-01 
  640.000  9.491698e-01 
  641.000  9.502226e-01 
  642.000  9.521728e-01 
  643.000  9.508886e-01 
  644.000  9.516181e-01 
  645.000  9.495139e-01 
  646.000  9.375532e-01 
  647.000  9.293866e-01 
  648.000  9.202142e-01 
  649.000  9.290923e-01 
  650.000  9.457904e-01 
  651.000  9.461430e-01 
  652.000  9.321179e-01 
  653.000  9.490295e-01 
  654.000  9.475738e-01 
  655.000  9.419078e-01 
  656.000  9.443861e-01 
  657.000  9.480128e-01 
  658.000  9.540426e-01 
  659.000  9.577183e-01 
  660.000  9.595358e-01 
  661.000  9.639433e-01 
  662.000  9.661104e-01 
  663.000  9.661736e-01 
  664.000  9.672220e-01 
  665.000  9.682481e-01 
  666.000  9.693995e-01 
  667.000  9.704593e-01 
  668.000  9.717177e-01 
  669.000  9.725319e-01 
  670.000  9.732193e-01 
  671.000  9.739619e-01 
  672.000  9.745950e-01 
  673.000  9.752128e-01 
  674.000  9.758242e-01 
  675.000  9.764395e-01 
  676.000  9.769982e-01 
  677.000  9.774867e-01 
  678.000  9.779797e-01 
  679.000  9.783282e-01 
  680.000  9.780456e-01 
  681.000  9.776857e-01 
  682.000  9.778436e-01 
  683.000  9.778478e-01 
  684.000  9.769745e-01 
  685.000  9.781168e-01 
  686.000  9.737488e-01 
  687.000  8.316873e-01 
  688.000  8.759850e-01 
  689.000  8.629813e-01 
  690.000  8.860635e-01 
  691.000  9.159823e-01 
  692.000  9.333432e-01 
  693.000  9.235545e-01 
  694.000  9.101833e-01 
  695.000  9.233034e-01 
  696.000  9.308895e-01 
  697.000  9.636518e-01 
  698.000  9.567404e-01 
  699.000  9.271274e-01 
  700.000  9.318886e-01 
  701.000  9.252108e-01 
  702.000  9.299282e-01 
  703.000  9.545063e-01 
  704.000  9.554733e-01 
  705.000  9.451709e-01 
  706.000  9.470377e-01 
  707.000  9.505627e-01 
  708.000  9.543852e-01 
  709.000  9.623365e-01 
  710.000  9.536213e-01 
  711.000  9.622707e-01 
  712.000  9.696239e-01 
  713.000  9.634891e-01 
  714.000  9.613295e-01 
  715.000  9.514341e-01 
  716.000  9.411380e-01 
  717.000  8.772939e-01 
  718.000  8.383675e-01 
  719.000  8.243461e-01 
  720.000  8.034245e-01 
  721.000  8.952586e-01 
  722.000  9.282742e-01 
  723.000  9.094270e-01 
  724.000  8.564577e-01 
  725.000  8.640937e-01 
  726.000  8.614959e-01 
  727.000  8.688173e-01 
  728.000  8.605639e-01 
  729.000  8.806121e-01 
  730.000  8.769892e-01 
  731.000  8.726451e-01 
  732.000  9.066774e-01 
  733.000  9.395046e-01 
  734.000  9.553118e-01 
  735.000  9.495448e-01 
  736.000  9.389176e-01 
  737.000  9.466565e-01 
  738.000  9.573650e-01 
  739.000  9.618900e-01 
  740.000  9.721345e-01 
  741.000  9.779924e-01 
  742.000  9.803600e-01 
  743.000  9.857594e-01 
  744.000  9.877606e-01 
  745.000  9.896586e-01 
  746.000  9.908999e-01 
  747.000  9.911586e-01 
  748.000  9.924507e-01 
  749.000  9.930957e-01 
  750.000  9.924481e-01 
  751.000  9.925847e-01 
  752.000  9.938775e-01 
  753.000  9.943073e-01 
  754.000  9.946110e-01 
  755.000  9.947505e-01 
  756.000  9.949061e-01 
  757.000  9.949621e-01 
  758.000  9.928104e-01 
  759.000  9.170468e-01 
  760.000  3.801584e-01 
  761.000  3.327971e-01 
  762.000  6.329826e-01 
  763.000  5.370287e-01 
  764.000  5.841794e-01 
  765.000  6.930745e-01 
  766.000  8.273662e-01 
  767.000  8.961592e-01 
  768.000  9.414731e-01 
  769.000  9.714941e-01 
  770.000  9.879246e-01 
  771.000  9.953216e-01 
  772.000  9.970329e-01 
  773.000  9.977849e-01 
  774.000  9.987754e-01 
  775.000  9.993331e-01 
  776.000  9.996917e-01 
  777.000  9.996750e-01 
  778.000  9.994827e-01 
  779.000  9.992741e-01 
  780.000  9.990625e-01 
  781.000  9.995459e-01 
  782.000  9.993166e-01 
  783.000  9.991099e-01 
  784.000  9.984502e-01 
  785.000  9.961077e-01 
  786.000  9.926856e-01 
  787.000  9.847363e-01 
  788.000  9.805033e-01 
  789.000  9.657551e-01 
  790.000  9.643747e-01 
  791.000  9.670089e-01 
  792.000  9.694399e-01 
  793.000  9.752696e-01 
  794.000  9.877837e-01 
  795.000  9.799364e-01 
  796.000  9.593103e-01 
  797.000  9.650455e-01 
  798.000  9.778849e-01 
  799.000  9.748091e-01 
  800.000  9.652644e-01 
  801.000  9.662707e-01 
  802.000  9.652046e-01 
  803.000  9.664695e-01 
  804.000  9.707890e-01 
  805.000  9.791710e-01 
  806.000  9.841352e-01 
  807.000  9.842474e-01 
  808.000  9.812545e-01 
  809.000  9.776033e-01 
  810.000  9.736129e-01 
  811.000  9.655600e-01 
  812.000  9.547755e-01 
  813.000  9.416271e-01 
  814.000  9.243736e-01 
  815.000  9.030189e-01 
  816.000  8.758963e-01 
  817.000  8.772550e-01 
  818.000  8.793446e-01 
  819.000  8.881603e-01 
  820.000  9.179006e-01 
  821.000  9.520741e-01 
  822.000  9.258860e-01 
  823.000  8.538728e-01 
  824.000  9.143131e-01 
  825.000  9.536151e-01 
  826.000  9.468179e-01 
  827.000  9.417297e-01 
  828.000  9.157229e-01 
  829.000  9.249343e-01 
  830.000  9.353039e-01 
  831.000  9.376829e-01 
  832.000  9.387076e-01 
  833.000  9.446729e-01 
  834.000  9.517250e-01 
  835.000  9.658164e-01 
  836.000  9.611734e-01 
  837.000  9.606125e-01 
  838.000  9.674252e-01 
  839.000  9.715315e-01 
  840.000  9.729645e-01 
  841.000  9.683282e-01 
  842.000  9.723216e-01 
  843.000  9.819402e-01 
  844.000  9.862629e-01 
  845.000  9.882291e-01 
  846.000  9.903024e-01 
  847.000  9.925978e-01 
  848.000  9.885720e-01 
  849.000  9.889856e-01 
  850.000  9.869522e-01 
  851.000  9.845476e-01 
  852.000  9.846914e-01 
  853.000  9.884321e-01 
  854.000  9.881410e-01 
  855.000  9.899802e-01 
  856.000  9.938983e-01 
  857.000  9.951648e-01 
  858.000  9.960184e-01 
  859.000  9.978295e-01 
  860.000  9.987318e-01 
  861.000  9.988211e-01 
  862.000  9.993598e-01 
  863.000  9.993551e-01 
  864.000  9.996986e-01 
  865.000  9.999642e-01 
  866.000  9.999727e-01 
  867.000  9.998245e-01 
  868.000  9.997957e-01 
  869.000  9.998292e-01 
  870.000  9.996606e-01 
  871.000  9.996886e-01 
  872.000  9.998766e-01 
  873.000  9.995256e-01 
  874.000  9.992988e-01 
  875.000  9.991842e-01 
  876.000  9.986345e-01 
  877.000  9.983165e-01 
  878.000  9.970872e-01 
  879.000  9.969249e-01 
  880.000  9.958277e-01 
  881.000  9.951192e-01 
  882.000  9.945887e-01 
  883.000  9.949665e-01 
  884.000  9.951351e-01 
  885.000  9.929333e-01 
  886.000  9.902239e-01 
  887.000  9.924625e-01 
  888.000  9.922560e-01 
  889.000  9.925280e-01 
  890.000  9.910550e-01 
  891.000  9.873599e-01 
  892.000  9.796525e-01 
  893.000  9.564860e-01 
  894.000  9.449065e-01 
  895.000  9.100526e-01 
  896.000  8.789396e-01 
  897.000  8.463293e-01 
  898.000  8.311224e-01 
  899.000  7.889253e-01 
  900.000  7.948443e-01 
  901.000  7.839251e-01 
  902.000  7.859833e-01 
  903.000  8.568503e-01 
  904.000  9.007031e-01 
  905.000  8.991185e-01 
  906.000  8.715973e-01 
  907.000  8.234085e-01 
  908.000  7.919267e-01 
  909.000  7.931524e-01 
  910.000  7.977957e-01 
  911.000  8.185719e-01 
  912.000  8.084341e-01 
  913.000  7.648597e-01 
  914.000  7.862865e-01 
  915.000  8.032836e-01 
  916.000  8.079053e-01 
  917.000  8.171992e-01 
  918.000  8.292357e-01 
  919.000  8.704061e-01 
  920.000  9.018182e-01 
  921.000  8.948885e-01 
  922.000  8.942608e-01 
  923.000  8.854401e-01 
  924.000  8.643777e-01 
  925.000  8.624585e-01 
  926.000  8.615624e-01 
  927.000  8.368508e-01 
  928.000  7.991826e-01 
  929.000  7.455152e-01 
  930.000  6.785325e-01 
  931.000  6.054263e-01 
  932.000  5.117874e-01 
  933.000  4.450377e-01 
  934.000  3.790435e-01 
  935.000  3.719061e-01 
  936.000  3.972424e-01 
  937.000  3.909630e-01 
  938.000  4.653400e-01 
  939.000  6.680544e-01 
  940.000  6.995695e-01 
  941.000  6.727265e-01 
  942.000  6.074228e-01 
  943.000  5.017539e-01 
  944.000  4.943345e-01 
  945.000  5.315087e-01 
  946.000  5.337821e-01 
  947.000  5.679711e-01 
  948.000  5.881561e-01 
  949.000  5.857437e-01 
  950.000  5.909766e-01 
  951.000  6.364930e-01 
  952.000  5.882887e-01 
  953.000  6.224667e-01 
  954.000  6.595727e-01 
  955.000  6.299841e-01 
  956.000  6.237962e-01 
  957.000  7.180260e-01 
  958.000  7.306424e-01 
  959.000  7.150121e-01 
  960.000  7.105810e-01 
  961.000  7.027861e-01 
  962.000  7.101104e-01 
  963.000  7.626958e-01 
  964.000  7.703789e-01 
  965.000  7.654358e-01 
  966.000  7.684206e-01 
  967.000  8.064412e-01 
  968.000  8.705984e-01 
  969.000  8.998746e-01 
  970.000  9.014714e-01 
  971.000  9.007467e-01 
  972.000  8.923714e-01 
  973.000  8.731614e-01 
  974.000  8.499029e-01 
  975.000  8.350105e-01 
  976.000  8.531476e-01 
  977.000  8.832930e-01 
  978.000  8.808561e-01 
  979.000  8.887300e-01 
  980.000  9.197186e-01 
  981.000  9.266115e-01 
  982.000  9.197066e-01 
  983.000  9.356831e-01 
  984.000  9.521614e-01 
  985.000  9.615318e-01 
  986.000  9.736490e-01 
  987.000  9.788920e-01 
  988.000  9.800687e-01 
  989.000  9.808059e-01 
  990.000  9.820508e-01 
  991.000  9.865381e-01 
  992.000  9.877801e-01 
  993.000  9.882165e-01 
  994.000  9.922611e-01 
  995.000  9.946099e-01 
  996.000  9.945370e-01 
  997.000  9.927735e-01 
  998.000  9.910101e-01 
  999.000  9.902071e-01 
 1000.000  9.907824e-01 
 1001.000  9.864054e-01 
 1002.000  9.794333e-01 
 1003.000  9.810351e-01 
 1004.000  9.849771e-01 
 1005.000  9.867568e-01 
 1006.000  9.872939e-01 
 1007.000  9.859260e-01 
 1008.000  9.802384e-01 
 1009.000  9.726558e-01 
 1010.000  9.759731e-01 
 1011.000  9.839468e-01 
 1012.000  9.869621e-01 
 1013.000  9.893234e-01 
 1014.000  9.902884e-01 
 1015.000  9.904377e-01 
 1016.000  9.914824e-01 
 1017.000  9.920722e-01 
 1018.000  9.906701e-01 
 1019.000  9.878432e-01 
 1020.000  9.887803e-01 
 1021.000  9.907492e-01 
 1022.000  9.873315e-01 
 1023.000  9.844654e-01 
 1024.000  9.827331e-01 
 1025.000  9.878686e-01 
 1026.000  9.901111e-01 
 1027.000  9.890972e-01 
 1028.000  9.898509e-01 
 1029.000  9.917503e-01 
 1030.000  9.937768e-01 
 1031.000  9.947793e-01 
 1032.000  9.955577e-01 
 1033.000  9.957830e-01 
 1034.000  9.962059e-01 
 1035.000  9.964770e-01 
 1036.000  9.962628e-01 
 1037.000  9.962737e-01 
 1038.000  9.964258e-01 
 1039.000  9.960488e-01 
 1040.000  9.957153e-01 
 1041.000  9.954505e-01 
 1042.000  9.953572e-01 
 1043.000  9.953202e-01 
 1044.000  9.950783e-01 
 1045.000  9.943854e-01 
 1046.000  9.939086e-01 
 1047.000  9.933482e-01 
 1048.000  9.926254e-01 
 1049.000  9.918934e-01 
 1050.000  9.912257e-01 
 1051.000  9.902237e-01 
 1052.000  9.896344e-01 
 1053.000  9.894429e-01 
 1054.000  9.884335e-01 
 1055.000  9.874023e-01 
 1056.000  9.866601e-01 
 1057.000  9.846482e-01 
 1058.000  9.810524e-01 
 1059.000  9.811766e-01 
 1060.000  9.828187e-01 
 1061.000  9.823018e-01 
 1062.000  9.800078e-01 
 1063.000  9.790927e-01 
 1064.000  9.771374e-01 
 1065.000  9.752153e-01 
 1066.000  9.753561e-01 
 1067.000  9.741068e-01 
 1068.000  9.698052e-01 
 1069.000  9.678476e-01 
 1070.000  9.686079e-01 
 1071.000  9.659337e-01 
 1072.000  9.631584e-01 
 1073.000  9.626769e-01 
 1074.000  9.631584e-01 
 1075.000  9.674127e-01 
 1076.000  9.648342e-01 
 1077.000  9.613543e-01 
 1078.000  9.572483e-01 
 1079.000  9.567448e-01 
 1080.000  9.456974e-01 
 1081.000  9.450911e-01 
 1082.000  9.499731e-01 
 1083.000  9.441189e-01 
 1084.000  9.377129e-01 
 1085.000  9.224622e-01 
 1086.000  9.260249e-01 
 1087.000  9.428073e-01 
 1088.000  9.434726e-01 
 1089.000  9.230407e-01 
 1090.000  9.191953e-01 
 1091.000  9.230514e-01 
 1092.000  9.129313e-01 
 1093.000  8.904175e-01 
 1094.000  8.806366e-01 
 1095.000  8.821795e-01 
 1096.000  8.835510e-01 
 1097.000  8.790193e-01 
 1098.000  8.248287e-01 
 1099.000  7.791368e-01 
 1100.000  7.821638e-01 
 1101.000  7.883834e-01 
 1102.000  7.852559e-01 
 1103.000  7.893330e-01 
 1104.000  7.816646e-01 
 1105.000  7.625487e-01 
 1106.000  7.434497e-01 
 1107.000  7.480055e-01 
 1108.000  7.512352e-01 
 1109.000  7.672386e-01 
 1110.000  7.648113e-01 
 1111.000  7.555208e-01 
 1112.000  7.154414e-01 
 1113.000  6.610945e-01 
 1114.000  6.457531e-01 
 1115.000  5.804422e-01 
 1116.000  5.408988e-01 
 1117.000  4.529143e-01 
 1118.000  3.752134e-01 
 1119.000  3.350392e-01 
 1120.000  2.874066e-01 
 1121.000  2.769815e-01 
 1122.000  2.307356e-01 
 1123.000  2.549658e-01 
 1124.000  2.716660e-01 
 1125.000  2.626806e-01 
 1126.000  2.592096e-01 
 1127.000  2.633642e-01 
 1128.000  2.714110e-01 
 1129.000  3.186555e-01 
 1130.000  4.345780e-01 
 1131.000  4.696459e-01 
 1132.000  4.215563e-01 
 1133.000  3.379402e-01 
 1134.000  1.993170e-01 
 1135.000  2.092700e-01 
 1136.000  3.504638e-01 
 1137.000  4.347269e-01 
 1138.000  5.208483e-01 
 1139.000  5.488811e-01 
 1140.000  5.321469e-01 
 1141.000  4.989961e-01 
 1142.000  4.871428e-01 
 1143.000  4.505399e-01 
 1144.000  4.103925e-01 
 1145.000  3.539390e-01 
 1146.000  3.671343e-01 
 1147.000  4.115501e-01 
 1148.000  4.520189e-01 
 1149.000  4.688994e-01 
 1150.000  4.704638e-01 
 1151.000  4.963153e-01 
 1152.000  5.090374e-01 
 1153.000  5.277362e-01 
 1154.000  5.229945e-01 
 1155.000  5.585867e-01 
 1156.000  5.986441e-01 
 1157.000  6.817653e-01 
 1158.000  7.171167e-01 
 1159.000  7.479052e-01 
 1160.000  7.608235e-01 
 1161.000  7.930000e-01 
 1162.000  8.167941e-01 
 1163.000  8.457473e-01 
 1164.000  8.524373e-01 
 1165.000  8.549380e-01 
 1166.000  8.612193e-01 
 1167.000  8.650466e-01 
 1168.000  8.635849e-01 
 1169.000  8.678070e-01 
 1170.000  8.716158e-01 
 1171.000  8.817825e-01 
 1172.000  8.757786e-01 
 1173.000  8.698871e-01 
 1174.000  8.702353e-01 
 1175.000  8.862717e-01 
 1176.000  9.010695e-01 
 1177.000  8.940694e-01 
 1178.000  8.797737e-01 
 1179.000  8.797942e-01 
 1180.000  8.746389e-01 
 1181.000  8.613601e-01 
 1182.000  8.482258e-01 
 1183.000  8.498236e-01 
 1184.000  8.573531e-01 
 1185.000  8.758525e-01 
 1186.000  8.703726e-01 
 1187.000  8.515177e-01 
 1188.000  8.472639e-01 
 1189.000  8.590297e-01 
 1190.000  8.889467e-01 
 1191.000  8.978718e-01 
 1192.000  9.107140e-01 
 1193.000  9.079363e-01 
 1194.000  9.060078e-01 
 1195.000  8.933348e-01 
 1196.000  8.950709e-01 
 1197.000  8.888940e-01 
 1198.000  8.875024e-01 
 1199.000  8.797729e-01 
 1200.000  8.842105e-01 
