  250.000  0.000000e+00 
  251.000  0.000000e+00 
  252.000  0.000000e+00 
  253.000  0.000000e+00 
  254.000  0.000000e+00 
  255.000  0.000000e+00 
  256.000  0.000000e+00 
  257.000  0.000000e+00 
  258.000  0.000000e+00 
  259.000  0.000000e+00 
  260.000  0.000000e+00 
  261.000  0.000000e+00 
  262.000  0.000000e+00 
  263.000  0.000000e+00 
  264.000  0.000000e+00 
  265.000  0.000000e+00 
  266.000  0.000000e+00 
  267.000  0.000000e+00 
  268.000  0.000000e+00 
  269.000  0.000000e+00 
  270.000  0.000000e+00 
  271.000  0.000000e+00 
  272.000  0.000000e+00 
  273.000  0.000000e+00 
  274.000  0.000000e+00 
  275.000  0.000000e+00 
  276.000  0.000000e+00 
  277.000  0.000000e+00 
  278.000  0.000000e+00 
  279.000  0.000000e+00 
  280.000  0.000000e+00 
  281.000  0.000000e+00 
  282.000  0.000000e+00 
  283.000  0.000000e+00 
  284.000  0.000000e+00 
  285.000  0.000000e+00 
  286.000  0.000000e+00 
  287.000  0.000000e+00 
  288.000  0.000000e+00 
  289.000  0.000000e+00 
  290.000  0.000000e+00 
  291.000  0.000000e+00 
  292.000  3.296205e-05 
  293.000  8.864538e-05 
  294.000  3.290298e-04 
  295.000  7.623376e-04 
  296.000  2.167208e-03 
  297.000  4.236327e-03 
  298.000  9.933656e-03 
  299.000  1.578120e-02 
  300.000  2.861213e-02 
  301.000  4.623096e-02 
  302.000  6.486287e-02 
  303.000  1.014717e-01 
  304.000  1.217762e-01 
  305.000  1.747366e-01 
  306.000  2.097993e-01 
  307.000  2.625143e-01 
  308.000  3.033723e-01 
  309.000  3.405323e-01 
  310.000  4.249212e-01 
  311.000  4.588760e-01 
  312.000  5.167112e-01 
  313.000  5.674508e-01 
  314.000  5.854880e-01 
  315.000  6.579238e-01 
  316.000  6.778383e-01 
  317.000  7.135317e-01 
  318.000  7.397401e-01 
  319.000  8.203767e-01 
  320.000  7.486813e-01 
  321.000  8.719029e-01 
  322.000  8.127931e-01 
  323.000  8.677161e-01 
  324.000  9.206023e-01 
  325.000  8.665611e-01 
  326.000  9.316359e-01 
  327.000  9.429435e-01 
  328.000  8.913965e-01 
  329.000  9.647028e-01 
  330.000  9.687582e-01 
  331.000  9.355391e-01 
  332.000  9.748903e-01 
  333.000  9.802529e-01 
  334.000  9.610876e-01 
  335.000  9.867714e-01 
  336.000  9.922327e-01 
  337.000  9.788072e-01 
  338.000  9.866181e-01 
  339.000  9.947963e-01 
  340.000  9.847490e-01 
  341.000  9.924798e-01 
  342.000  9.961221e-01 
  343.000  9.943913e-01 
  344.000  9.884403e-01 
  345.000  9.958341e-01 
  346.000  9.979365e-01 
  347.000  9.984261e-01 
  348.000  9.985101e-01 
  349.000  9.994689e-01 
  350.000  9.993809e-01 
  351.000  9.993165e-01 
  352.000  9.981833e-01 
  353.000  9.992549e-01 
  354.000  9.992960e-01 
  355.000  9.989794e-01 
  356.000  9.985861e-01 
  357.000  9.976857e-01 
  358.000  9.972199e-01 
  359.000  9.967802e-01 
  360.000  9.964507e-01 
  361.000  9.973853e-01 
  362.000  9.985702e-01 
  363.000  9.993144e-01 
  364.000  9.996553e-01 
  365.000  9.997098e-01 
  366.000  9.999307e-01 
  367.000  9.999441e-01 
  368.000  9.999526e-01 
  369.000  9.999584e-01 
  370.000  9.999546e-01 
  371.000  9.999522e-01 
  372.000  9.999495e-01 
  373.000  9.999457e-01 
  374.000  9.999106e-01 
  375.000  9.998333e-01 
  376.000  9.996600e-01 
  377.000  9.993200e-01 
  378.000  9.987710e-01 
  379.000  9.983101e-01 
  380.000  9.982052e-01 
  381.000  9.986174e-01 
  382.000  9.991994e-01 
  383.000  9.995826e-01 
  384.000  9.997935e-01 
  385.000  9.998990e-01 
  386.000  9.999430e-01 
  387.000  9.999606e-01 
  388.000  9.999642e-01 
  389.000  9.999689e-01 
  390.000  9.999754e-01 
  391.000  9.999768e-01 
  392.000  9.999819e-01 
  393.000  9.999884e-01 
  394.000  9.999928e-01 
  395.000  9.999928e-01 
  396.000  9.999995e-01 
  397.000  9.999977e-01 
  398.000  9.999949e-01 
  399.000  9.999928e-01 
  400.000  9.999768e-01 
  401.000  9.999747e-01 
  402.000  9.999749e-01 
  403.000  9.999759e-01 
  404.000  9.999768e-01 
  405.000  9.999722e-01 
  406.000  9.999736e-01 
  407.000  9.999776e-01 
  408.000  9.999822e-01 
  409.000  9.999845e-01 
  410.000  9.999854e-01 
  411.000  9.999840e-01 
  412.000  9.999786e-01 
  413.000  9.999809e-01 
  414.000  9.998155e-01 
  415.000  9.998776e-01 
  416.000  9.999304e-01 
  417.000  9.999622e-01 
  418.000  9.999572e-01 
  419.000  9.999479e-01 
  420.000  9.999388e-01 
  421.000  9.999365e-01 
  422.000  9.999404e-01 
  423.000  9.999477e-01 
  424.000  9.999484e-01 
  425.000  9.999184e-01 
  426.000  9.998877e-01 
  427.000  9.998580e-01 
  428.000  9.998093e-01 
  429.000  9.997504e-01 
  430.000  9.996878e-01 
  431.000  9.996291e-01 
  432.000  9.995689e-01 
  433.000  9.995090e-01 
  434.000  9.994510e-01 
  435.000  9.993929e-01 
  436.000  9.993320e-01 
  437.000  9.992688e-01 
  438.000  9.992029e-01 
  439.000  9.991403e-01 
  440.000  9.990672e-01 
  441.000  9.989893e-01 
  442.000  9.989020e-01 
  443.000  9.988068e-01 
  444.000  9.987028e-01 
  445.000  9.985816e-01 
  446.000  9.984348e-01 
  447.000  9.983757e-01 
  448.000  9.984411e-01 
  449.000  9.985398e-01 
  450.000  9.986209e-01 
  451.000  9.986511e-01 
  452.000  9.986396e-01 
  453.000  9.986117e-01 
  454.000  9.985716e-01 
  455.000  9.984539e-01 
  456.000  9.982320e-01 
  457.000  9.980242e-01 
  458.000  9.978138e-01 
  459.000  9.975916e-01 
  460.000  9.973736e-01 
  461.000  9.971565e-01 
  462.000  9.969308e-01 
  463.000  9.967153e-01 
  464.000  9.968947e-01 
  465.000  9.970636e-01 
  466.000  9.972185e-01 
  467.000  9.973524e-01 
  468.000  9.972177e-01 
  469.000  9.969308e-01 
  470.000  9.965806e-01 
  471.000  9.961566e-01 
  472.000  9.956205e-01 
  473.000  9.948829e-01 
  474.000  9.940761e-01 
  475.000  9.930025e-01 
  476.000  9.916593e-01 
  477.000  9.905050e-01 
  478.000  9.904519e-01 
  479.000  9.909747e-01 
  480.000  9.916358e-01 
  481.000  9.921272e-01 
  482.000  9.925465e-01 
  483.000  9.927797e-01 
  484.000  9.928401e-01 
  485.000  9.927927e-01 
  486.000  9.928403e-01 
  487.000  9.929678e-01 
  488.000  9.930683e-01 
  489.000  9.931577e-01 
  490.000  9.932431e-01 
  491.000  9.930814e-01 
  492.000  9.928517e-01 
  493.000  9.926274e-01 
  494.000  9.923915e-01 
  495.000  9.921644e-01 
  496.000  9.915510e-01 
  497.000  9.909310e-01 
  498.000  9.903155e-01 
  499.000  9.896910e-01 
  500.000  9.890708e-01 
  501.000  9.884215e-01 
  502.000  9.877815e-01 
  503.000  9.871472e-01 
  504.000  9.865091e-01 
  505.000  9.858654e-01 
  506.000  9.857902e-01 
  507.000  9.857476e-01 
  508.000  9.857110e-01 
  509.000  9.856728e-01 
  510.000  9.856256e-01 
  511.000  9.854997e-01 
  512.000  9.853559e-01 
  513.000  9.852155e-01 
  514.000  9.850742e-01 
  515.000  9.849343e-01 
  516.000  9.846019e-01 
  517.000  9.840984e-01 
  518.000  9.835948e-01 
  519.000  9.830936e-01 
  520.000  9.825969e-01 
  521.000  9.820790e-01 
  522.000  9.814967e-01 
  523.000  9.808741e-01 
  524.000  9.802629e-01 
  525.000  9.796320e-01 
  526.000  9.790484e-01 
  527.000  9.783413e-01 
  528.000  9.775878e-01 
  529.000  9.768400e-01 
  530.000  9.761052e-01 
  531.000  9.753809e-01 
  532.000  9.747216e-01 
  533.000  9.744102e-01 
  534.000  9.741939e-01 
  535.000  9.740384e-01 
  536.000  9.738722e-01 
  537.000  9.736719e-01 
  538.000  9.734316e-01 
  539.000  9.731685e-01 
  540.000  9.728889e-01 
  541.000  9.726052e-01 
  542.000  9.723128e-01 
  543.000  9.720150e-01 
  544.000  9.716420e-01 
  545.000  9.712079e-01 
  546.000  9.707716e-01 
  547.000  9.703452e-01 
  548.000  9.699160e-01 
  549.000  9.694896e-01 
  550.000  9.689808e-01 
  551.000  9.683922e-01 
  552.000  9.678119e-01 
  553.000  9.672211e-01 
  554.000  9.666283e-01 
  555.000  9.660364e-01 
  556.000  9.654174e-01 
  557.000  9.647495e-01 
  558.000  9.640780e-01 
  559.000  9.633981e-01 
  560.000  9.626906e-01 
  561.000  9.619579e-01 
  562.000  9.609648e-01 
  563.000  9.601976e-01 
  564.000  9.593508e-01 
  565.000  9.583191e-01 
  566.000  9.575177e-01 
  567.000  9.557841e-01 
  568.000  9.512240e-01 
  569.000  9.418693e-01 
  570.000  9.428052e-01 
  571.000  9.487401e-01 
  572.000  9.421886e-01 
  573.000  9.433864e-01 
  574.000  9.433848e-01 
  575.000  9.425924e-01 
  576.000  9.424199e-01 
  577.000  9.441549e-01 
  578.000  9.464865e-01 
  579.000  9.482301e-01 
  580.000  9.495622e-01 
  581.000  9.517991e-01 
  582.000  9.531021e-01 
  583.000  9.536373e-01 
  584.000  9.541085e-01 
  585.000  9.543499e-01 
  586.000  9.546114e-01 
  587.000  9.517738e-01 
  588.000  9.392741e-01 
  589.000  9.198373e-01 
  590.000  9.184253e-01 
  591.000  9.313132e-01 
  592.000  9.241345e-01 
  593.000  9.388537e-01 
  594.000  9.353437e-01 
  595.000  9.246398e-01 
  596.000  9.389141e-01 
  597.000  9.349748e-01 
  598.000  9.404095e-01 
  599.000  9.422358e-01 
  600.000  9.470862e-01 
  601.000  9.501704e-01 
  602.000  9.507154e-01 
  603.000  9.518717e-01 
  604.000  9.532040e-01 
  605.000  9.539961e-01 
  606.000  9.544504e-01 
  607.000  9.548805e-01 
  608.000  9.552594e-01 
  609.000  9.556108e-01 
  610.000  9.559864e-01 
  611.000  9.564463e-01 
  612.000  9.568938e-01 
  613.000  9.573218e-01 
  614.000  9.577323e-01 
  615.000  9.581427e-01 
  616.000  9.585316e-01 
  617.000  9.588885e-01 
  618.000  9.591457e-01 
  619.000  9.593270e-01 
  620.000  9.594800e-01 
  621.000  9.595819e-01 
  622.000  9.596323e-01 
  623.000  9.595951e-01 
  624.000  9.595711e-01 
  625.000  9.595165e-01 
  626.000  9.588572e-01 
  627.000  9.537624e-01 
  628.000  9.288817e-01 
  629.000  9.430699e-01 
  630.000  9.471365e-01 
  631.000  9.516246e-01 
  632.000  9.496449e-01 
  633.000  9.561827e-01 
  634.000  9.589611e-01 
  635.000  9.597967e-01 
  636.000  9.614803e-01 
  637.000  9.627509e-01 
  638.000  9.657674e-01 
  639.000  9.665046e-01 
  640.000  9.683624e-01 
  641.000  9.689613e-01 
  642.000  9.702608e-01 
  643.000  9.689568e-01 
  644.000  9.693627e-01 
  645.000  9.672292e-01 
  646.000  9.570116e-01 
  647.000  9.499762e-01 
  648.000  9.420899e-01 
  649.000  9.493907e-01 
  650.000  9.632511e-01 
  651.000  9.634116e-01 
  652.000  9.515159e-01 
  653.000  9.655603e-01 
  654.000  9.642079e-01 
  655.000  9.593334e-01 
  656.000  9.612791e-01 
  657.000  9.641947e-01 
  658.000  9.691083e-01 
  659.000  9.720470e-01 
  660.000  9.734294e-01 
  661.000  9.771191e-01 
  662.000  9.788449e-01 
  663.000  9.787360e-01 
  664.000  9.795355e-01 
  665.000  9.802130e-01 
  666.000  9.810649e-01 
  667.000  9.817577e-01 
  668.000  9.825875e-01 
  669.000  9.831062e-01 
  670.000  9.835362e-01 
  671.000  9.840048e-01 
  672.000  9.843967e-01 
  673.000  9.847780e-01 
  674.000  9.851550e-01 
  675.000  9.855345e-01 
  676.000  9.858776e-01 
  677.000  9.861779e-01 
  678.000  9.864813e-01 
  679.000  9.866846e-01 
  680.000  9.864511e-01 
  681.000  9.860744e-01 
  682.000  9.861295e-01 
  683.000  9.859913e-01 
  684.000  9.851504e-01 
  685.000  9.860495e-01 
  686.000  9.826478e-01 
  687.000  8.717135e-01 
  688.000  9.067135e-01 
  689.000  8.963178e-01 
  690.000  9.144413e-01 
  691.000  9.374210e-01 
  692.000  9.501363e-01 
  693.000  9.404975e-01 
  694.000  9.283065e-01 
  695.000  9.390683e-01 
  696.000  9.452799e-01 
  697.000  9.727753e-01 
  698.000  9.668699e-01 
  699.000  9.418076e-01 
  700.000  9.457843e-01 
  701.000  9.400747e-01 
  702.000  9.440044e-01 
  703.000  9.646823e-01 
  704.000  9.654288e-01 
  705.000  9.566959e-01 
  706.000  9.582257e-01 
  707.000  9.611543e-01 
  708.000  9.643314e-01 
  709.000  9.709807e-01 
  710.000  9.636062e-01 
  711.000  9.708455e-01 
  712.000  9.769863e-01 
  713.000  9.717987e-01 
  714.000  9.699580e-01 
  715.000  9.616081e-01 
  716.000  9.529446e-01 
  717.000  8.988174e-01 
  718.000  8.655220e-01 
  719.000  8.534598e-01 
  720.000  8.352931e-01 
  721.000  9.139931e-01 
  722.000  9.419072e-01 
  723.000  9.258922e-01 
  724.000  8.807120e-01 
  725.000  8.872347e-01 
  726.000  8.849778e-01 
  727.000  8.912054e-01 
  728.000  8.841092e-01 
  729.000  9.011939e-01 
  730.000  8.980461e-01 
  731.000  8.942764e-01 
  732.000  9.232052e-01 
  733.000  9.509091e-01 
  734.000  9.641639e-01 
  735.000  9.592748e-01 
  736.000  9.503022e-01 
  737.000  9.568130e-01 
  738.000  9.658125e-01 
  739.000  9.696033e-01 
  740.000  9.781879e-01 
  741.000  9.830859e-01 
  742.000  9.850587e-01 
  743.000  9.895702e-01 
  744.000  9.915413e-01 
  745.000  9.929934e-01 
  746.000  9.941203e-01 
  747.000  9.942967e-01 
  748.000  9.952807e-01 
  749.000  9.957137e-01 
  750.000  9.952572e-01 
  751.000  9.953440e-01 
  752.000  9.962192e-01 
  753.000  9.965039e-01 
  754.000  9.967020e-01 
  755.000  9.967872e-01 
  756.000  9.968834e-01 
  757.000  9.969177e-01 
  758.000  9.954891e-01 
  759.000  9.370762e-01 
  760.000  4.805684e-01 
  761.000  4.344337e-01 
  762.000  7.073715e-01 
  763.000  6.244469e-01 
  764.000  6.655783e-01 
  765.000  7.576739e-01 
  766.000  8.665626e-01 
  767.000  9.206467e-01 
  768.000  9.557123e-01 
  769.000  9.787086e-01 
  770.000  9.908292e-01 
  771.000  9.966834e-01 
  772.000  9.980188e-01 
  773.000  9.985681e-01 
  774.000  9.992386e-01 
  775.000  9.995806e-01 
  776.000  9.998030e-01 
  777.000  9.997826e-01 
  778.000  9.996471e-01 
  779.000  9.995035e-01 
  780.000  9.993588e-01 
  781.000  9.996891e-01 
  782.000  9.995322e-01 
  783.000  9.993906e-01 
  784.000  9.989389e-01 
  785.000  9.969327e-01 
  786.000  9.938655e-01 
  787.000  9.871894e-01 
  788.000  9.836327e-01 
  789.000  9.712083e-01 
  790.000  9.700481e-01 
  791.000  9.722724e-01 
  792.000  9.743204e-01 
  793.000  9.792305e-01 
  794.000  9.897612e-01 
  795.000  9.831607e-01 
  796.000  9.657673e-01 
  797.000  9.706108e-01 
  798.000  9.814348e-01 
  799.000  9.788424e-01 
  800.000  9.707949e-01 
  801.000  9.716445e-01 
  802.000  9.707446e-01 
  803.000  9.718105e-01 
  804.000  9.754493e-01 
  805.000  9.825093e-01 
  806.000  9.866849e-01 
  807.000  9.867786e-01 
  808.000  9.842610e-01 
  809.000  9.811915e-01 
  810.000  9.778395e-01 
  811.000  9.710633e-01 
  812.000  9.619820e-01 
  813.000  9.508881e-01 
  814.000  9.362921e-01 
  815.000  9.181821e-01 
  816.000  8.950100e-01 
  817.000  8.962063e-01 
  818.000  8.980011e-01 
  819.000  9.055192e-01 
  820.000  9.308625e-01 
  821.000  9.598513e-01 
  822.000  9.376507e-01 
  823.000  8.760526e-01 
  824.000  9.277924e-01 
  825.000  9.611300e-01 
  826.000  9.553385e-01 
  827.000  9.510304e-01 
  828.000  9.289502e-01 
  829.000  9.367875e-01 
  830.000  9.455838e-01 
  831.000  9.475888e-01 
  832.000  9.484264e-01 
  833.000  9.534656e-01 
  834.000  9.594148e-01 
  835.000  9.713000e-01 
  836.000  9.673706e-01 
  837.000  9.668838e-01 
  838.000  9.726299e-01 
  839.000  9.760856e-01 
  840.000  9.772912e-01 
  841.000  9.733788e-01 
  842.000  9.767430e-01 
  843.000  9.848418e-01 
  844.000  9.884733e-01 
  845.000  9.901244e-01 
  846.000  9.918652e-01 
  847.000  9.937934e-01 
  848.000  9.904102e-01 
  849.000  9.907592e-01 
  850.000  9.890505e-01 
  851.000  9.870293e-01 
  852.000  9.871503e-01 
  853.000  9.902948e-01 
  854.000  9.900478e-01 
  855.000  9.915925e-01 
  856.000  9.948837e-01 
  857.000  9.961886e-01 
  858.000  9.968616e-01 
  859.000  9.984073e-01 
  860.000  9.991316e-01 
  861.000  9.991928e-01 
  862.000  9.995612e-01 
  863.000  9.995580e-01 
  864.000  9.997927e-01 
  865.000  9.999743e-01 
  866.000  9.999800e-01 
  867.000  9.998792e-01 
  868.000  9.998596e-01 
  869.000  9.998823e-01 
  870.000  9.997675e-01 
  871.000  9.997864e-01 
  872.000  9.999142e-01 
  873.000  9.996753e-01 
  874.000  9.995209e-01 
  875.000  9.994426e-01 
  876.000  9.990682e-01 
  877.000  9.988556e-01 
  878.000  9.977716e-01 
  879.000  9.976474e-01 
  880.000  9.967037e-01 
  881.000  9.961601e-01 
  882.000  9.956224e-01 
  883.000  9.960399e-01 
  884.000  9.961565e-01 
  885.000  9.943256e-01 
  886.000  9.917411e-01 
  887.000  9.936360e-01 
  888.000  9.934630e-01 
  889.000  9.940055e-01 
  890.000  9.924624e-01 
  891.000  9.893494e-01 
  892.000  9.828535e-01 
  893.000  9.632469e-01 
  894.000  9.534504e-01 
  895.000  9.237310e-01 
  896.000  8.971105e-01 
  897.000  8.690870e-01 
  898.000  8.559687e-01 
  899.000  8.191689e-01 
  900.000  8.243980e-01 
  901.000  8.148089e-01 
  902.000  8.165411e-01 
  903.000  8.782419e-01 
  904.000  9.160051e-01 
  905.000  9.145948e-01 
  906.000  8.909032e-01 
  907.000  8.491462e-01 
  908.000  8.216746e-01 
  909.000  8.227801e-01 
  910.000  8.268554e-01 
  911.000  8.450055e-01 
  912.000  8.361492e-01 
  913.000  7.978987e-01 
  914.000  8.167329e-01 
  915.000  8.315890e-01 
  916.000  8.355934e-01 
  917.000  8.436590e-01 
  918.000  8.540981e-01 
  919.000  8.897318e-01 
  920.000  9.167010e-01 
  921.000  9.107116e-01 
  922.000  9.101562e-01 
  923.000  9.025675e-01 
  924.000  8.844171e-01 
  925.000  8.828275e-01 
  926.000  8.822456e-01 
  927.000  8.610278e-01 
  928.000  8.284886e-01 
  929.000  7.816910e-01 
  930.000  7.224836e-01 
  931.000  6.567301e-01 
  932.000  5.711392e-01 
  933.000  5.080787e-01 
  934.000  4.439642e-01 
  935.000  4.370699e-01 
  936.000  4.621759e-01 
  937.000  4.558064e-01 
  938.000  5.273484e-01 
  939.000  7.149681e-01 
  940.000  7.431319e-01 
  941.000  7.188827e-01 
  942.000  6.595152e-01 
  943.000  5.613231e-01 
  944.000  5.544280e-01 
  945.000  5.895332e-01 
  946.000  5.915302e-01 
  947.000  6.231043e-01 
  948.000  6.416313e-01 
  949.000  6.392564e-01 
  950.000  6.440041e-01 
  951.000  6.855220e-01 
  952.000  6.412385e-01 
  953.000  6.723737e-01 
  954.000  7.058458e-01 
  955.000  6.788206e-01 
  956.000  6.728645e-01 
  957.000  7.575389e-01 
  958.000  7.685623e-01 
  959.000  7.544898e-01 
  960.000  7.504119e-01 
  961.000  7.433543e-01 
  962.000  7.497966e-01 
  963.000  7.963505e-01 
  964.000  8.030398e-01 
  965.000  7.985904e-01 
  966.000  8.011228e-01 
  967.000  8.343895e-01 
  968.000  8.900030e-01 
  969.000  9.151325e-01 
  970.000  9.164623e-01 
  971.000  9.158302e-01 
  972.000  9.086492e-01 
  973.000  8.921197e-01 
  974.000  8.720100e-01 
  975.000  8.590823e-01 
  976.000  8.748153e-01 
  977.000  9.008402e-01 
  978.000  8.987014e-01 
  979.000  9.054340e-01 
  980.000  9.319927e-01 
  981.000  9.378568e-01 
  982.000  9.319111e-01 
  983.000  9.455307e-01 
  984.000  9.595500e-01 
  985.000  9.674987e-01 
  986.000  9.777653e-01 
  987.000  9.821914e-01 
  988.000  9.831752e-01 
  989.000  9.837899e-01 
  990.000  9.848387e-01 
  991.000  9.886329e-01 
  992.000  9.896819e-01 
  993.000  9.900495e-01 
  994.000  9.934706e-01 
  995.000  9.957627e-01 
  996.000  9.957054e-01 
  997.000  9.942018e-01 
  998.000  9.924132e-01 
  999.000  9.917352e-01 
 1000.000  9.922237e-01 
 1001.000  9.885203e-01 
 1002.000  9.826155e-01 
 1003.000  9.839737e-01 
 1004.000  9.873144e-01 
 1005.000  9.888209e-01 
 1006.000  9.892921e-01 
 1007.000  9.881376e-01 
 1008.000  9.833220e-01 
 1009.000  9.768985e-01 
 1010.000  9.797170e-01 
 1011.000  9.864835e-01 
 1012.000  9.890409e-01 
 1013.000  9.910494e-01 
 1014.000  9.918731e-01 
 1015.000  9.920114e-01 
 1016.000  9.929053e-01 
 1017.000  9.934124e-01 
 1018.000  9.922394e-01 
 1019.000  9.898562e-01 
 1020.000  9.906628e-01 
 1021.000  9.923410e-01 
 1022.000  9.894674e-01 
 1023.000  9.870600e-01 
 1024.000  9.856119e-01 
 1025.000  9.899772e-01 
 1026.000  9.918991e-01 
 1027.000  9.910600e-01 
 1028.000  9.917261e-01 
 1029.000  9.936407e-01 
 1030.000  9.953528e-01 
 1031.000  9.962716e-01 
 1032.000  9.969741e-01 
 1033.000  9.971424e-01 
 1034.000  9.975549e-01 
 1035.000  9.977592e-01 
 1036.000  9.976463e-01 
 1037.000  9.976814e-01 
 1038.000  9.977900e-01 
 1039.000  9.975427e-01 
 1040.000  9.973309e-01 
 1041.000  9.971634e-01 
 1042.000  9.971091e-01 
 1043.000  9.970958e-01 
 1044.000  9.969488e-01 
 1045.000  9.964990e-01 
 1046.000  9.961945e-01 
 1047.000  9.958411e-01 
 1048.000  9.954123e-01 
 1049.000  9.949939e-01 
 1050.000  9.945244e-01 
 1051.000  9.938276e-01 
 1052.000  9.933903e-01 
 1053.000  9.933650e-01 
 1054.000  9.926813e-01 
 1055.000  9.919986e-01 
 1056.000  9.914501e-01 
 1057.000  9.899258e-01 
 1058.000  9.870916e-01 
 1059.000  9.873304e-01 
 1060.000  9.888580e-01 
 1061.000  9.885299e-01 
 1062.000  9.867252e-01 
 1063.000  9.860724e-01 
 1064.000  9.845235e-01 
 1065.000  9.826723e-01 
 1066.000  9.827998e-01 
 1067.000  9.817154e-01 
 1068.000  9.779490e-01 
 1069.000  9.760063e-01 
 1070.000  9.764298e-01 
 1071.000  9.739399e-01 
 1072.000  9.714089e-01 
 1073.000  9.708285e-01 
 1074.000  9.710647e-01 
 1075.000  9.745285e-01 
 1076.000  9.721825e-01 
 1077.000  9.690789e-01 
 1078.000  9.654513e-01 
 1079.000  9.648980e-01 
 1080.000  9.553728e-01 
 1081.000  9.547595e-01 
 1082.000  9.588457e-01 
 1083.000  9.537659e-01 
 1084.000  9.482225e-01 
 1085.000  9.350958e-01 
 1086.000  9.380920e-01 
 1087.000  9.524055e-01 
 1088.000  9.529121e-01 
 1089.000  9.353922e-01 
 1090.000  9.320572e-01 
 1091.000  9.353305e-01 
 1092.000  9.266133e-01 
 1093.000  9.072374e-01 
 1094.000  8.987781e-01 
 1095.000  9.001032e-01 
 1096.000  9.013119e-01 
 1097.000  8.974069e-01 
 1098.000  8.504058e-01 
 1099.000  8.103993e-01 
 1100.000  8.130633e-01 
 1101.000  8.185452e-01 
 1102.000  8.158252e-01 
 1103.000  8.194587e-01 
 1104.000  8.127823e-01 
 1105.000  7.959954e-01 
 1106.000  7.790822e-01 
 1107.000  7.832214e-01 
 1108.000  7.862351e-01 
 1109.000  8.006080e-01 
 1110.000  7.987699e-01 
 1111.000  7.907171e-01 
 1112.000  7.553315e-01 
 1113.000  7.070976e-01 
 1114.000  6.939409e-01 
 1115.000  6.350091e-01 
 1116.000  5.987216e-01 
 1117.000  5.156977e-01 
 1118.000  4.406583e-01 
 1119.000  4.013062e-01 
 1120.000  3.531586e-01 
 1121.000  3.425499e-01 
 1122.000  2.937530e-01 
 1123.000  3.199854e-01 
 1124.000  3.377896e-01 
 1125.000  3.283288e-01 
 1126.000  3.245829e-01 
 1127.000  3.287553e-01 
 1128.000  3.368747e-01 
 1129.000  3.855124e-01 
 1130.000  5.012136e-01 
 1131.000  5.352105e-01 
 1132.000  4.886819e-01 
 1133.000  4.051296e-01 
 1134.000  2.590230e-01 
 1135.000  2.698542e-01 
 1136.000  4.173242e-01 
 1137.000  5.005869e-01 
 1138.000  5.826192e-01 
 1139.000  6.080160e-01 
 1140.000  5.922941e-01 
 1141.000  5.605727e-01 
 1142.000  5.493724e-01 
 1143.000  5.144126e-01 
 1144.000  4.753601e-01 
 1145.000  4.194941e-01 
 1146.000  4.326499e-01 
 1147.000  4.764391e-01 
 1148.000  5.156726e-01 
 1149.000  5.316815e-01 
 1150.000  5.326837e-01 
 1151.000  5.568102e-01 
 1152.000  5.686005e-01 
 1153.000  5.859619e-01 
 1154.000  5.809945e-01 
 1155.000  6.137630e-01 
 1156.000  6.505460e-01 
 1157.000  7.258900e-01 
 1158.000  7.570621e-01 
 1159.000  7.839349e-01 
 1160.000  7.950932e-01 
 1161.000  8.232557e-01 
 1162.000  8.437625e-01 
 1163.000  8.687225e-01 
 1164.000  8.745309e-01 
 1165.000  8.764873e-01 
 1166.000  8.817788e-01 
 1167.000  8.849970e-01 
 1168.000  8.837317e-01 
 1169.000  8.873272e-01 
 1170.000  8.905860e-01 
 1171.000  8.993417e-01 
 1172.000  8.941594e-01 
 1173.000  8.890569e-01 
 1174.000  8.893589e-01 
 1175.000  9.032057e-01 
 1176.000  9.159493e-01 
 1177.000  9.099399e-01 
 1178.000  8.976322e-01 
 1179.000  8.976500e-01 
 1180.000  8.932122e-01 
 1181.000  8.817362e-01 
 1182.000  8.703508e-01 
 1183.000  8.717377e-01 
 1184.000  8.782715e-01 
 1185.000  8.942686e-01 
 1186.000  8.895337e-01 
 1187.000  8.731856e-01 
 1188.000  8.694722e-01 
 1189.000  8.796621e-01 
 1190.000  9.055009e-01 
 1191.000  9.131709e-01 
 1192.000  9.241874e-01 
 1193.000  9.218025e-01 
 1194.000  9.201332e-01 
 1195.000  9.092357e-01 
 1196.000  9.107301e-01 
 1197.000  9.054158e-01 
 1198.000  9.042229e-01 
 1199.000  8.975599e-01 
 1200.000  9.014008e-01 
