  250.000  0.000000e+00 
  251.000  0.000000e+00 
  252.000  0.000000e+00 
  253.000  0.000000e+00 
  254.000  0.000000e+00 
  255.000  0.000000e+00 
  256.000  0.000000e+00 
  257.000  0.000000e+00 
  258.000  0.000000e+00 
  259.000  0.000000e+00 
  260.000  0.000000e+00 
  261.000  0.000000e+00 
  262.000  0.000000e+00 
  263.000  0.000000e+00 
  264.000  0.000000e+00 
  265.000  0.000000e+00 
  266.000  0.000000e+00 
  267.000  0.000000e+00 
  268.000  0.000000e+00 
  269.000  0.000000e+00 
  270.000  0.000000e+00 
  271.000  0.000000e+00 
  272.000  0.000000e+00 
  273.000  0.000000e+00 
  274.000  0.000000e+00 
  275.000  0.000000e+00 
  276.000  0.000000e+00 
  277.000  0.000000e+00 
  278.000  0.000000e+00 
  279.000  0.000000e+00 
  280.000  0.000000e+00 
  281.000  0.000000e+00 
  282.000  0.000000e+00 
  283.000  0.000000e+00 
  284.000  0.000000e+00 
  285.000  0.000000e+00 
  286.000  0.000000e+00 
  287.000  0.000000e+00 
  288.000  0.000000e+00 
  289.000  0.000000e+00 
  290.000  0.000000e+00 
  291.000  0.000000e+00 
  292.000  4.251823e-10 
  293.000  3.364476e-09 
  294.000  5.222225e-08 
  295.000  3.025893e-07 
  296.000  2.689120e-06 
  297.000  1.092071e-05 
  298.000  6.488396e-05 
  299.000  1.707947e-04 
  300.000  5.926343e-04 
  301.000  1.616204e-03 
  302.000  3.280892e-03 
  303.000  8.362915e-03 
  304.000  1.224600e-02 
  305.000  2.605514e-02 
  306.000  3.819039e-02 
  307.000  6.102414e-02 
  308.000  8.257692e-02 
  309.000  1.051443e-01 
  310.000  1.670424e-01 
  311.000  1.961714e-01 
  312.000  2.514360e-01 
  313.000  3.058344e-01 
  314.000  3.265137e-01 
  315.000  4.166984e-01 
  316.000  4.435067e-01 
  317.000  4.937425e-01 
  318.000  5.324226e-01 
  319.000  6.610124e-01 
  320.000  5.459671e-01 
  321.000  7.508000e-01 
  322.000  6.483005e-01 
  323.000  7.432815e-01 
  324.000  8.411588e-01 
  325.000  7.412142e-01 
  326.000  8.623759e-01 
  327.000  8.844063e-01 
  328.000  7.863264e-01 
  329.000  9.276162e-01 
  330.000  9.357884e-01 
  331.000  8.699478e-01 
  332.000  9.482164e-01 
  333.000  9.591552e-01 
  334.000  9.203628e-01 
  335.000  9.725398e-01 
  336.000  9.838280e-01 
  337.000  9.561996e-01 
  338.000  9.722239e-01 
  339.000  9.891505e-01 
  340.000  9.683767e-01 
  341.000  9.843404e-01 
  342.000  9.919090e-01 
  343.000  9.883086e-01 
  344.000  9.759821e-01 
  345.000  9.913094e-01 
  346.000  9.956903e-01 
  347.000  9.967120e-01 
  348.000  9.968872e-01 
  349.000  9.988900e-01 
  350.000  9.987061e-01 
  351.000  9.985713e-01 
  352.000  9.962052e-01 
  353.000  9.984427e-01 
  354.000  9.985285e-01 
  355.000  9.978672e-01 
  356.000  9.970459e-01 
  357.000  9.951671e-01 
  358.000  9.941960e-01 
  359.000  9.932796e-01 
  360.000  9.925931e-01 
  361.000  9.945408e-01 
  362.000  9.970127e-01 
  363.000  9.985670e-01 
  364.000  9.992794e-01 
  365.000  9.993933e-01 
  366.000  9.998552e-01 
  367.000  9.998832e-01 
  368.000  9.999009e-01 
  369.000  9.999130e-01 
  370.000  9.999051e-01 
  371.000  9.999000e-01 
  372.000  9.998944e-01 
  373.000  9.998865e-01 
  374.000  9.998132e-01 
  375.000  9.996516e-01 
  376.000  9.992892e-01 
  377.000  9.985788e-01 
  378.000  9.974321e-01 
  379.000  9.964700e-01 
  380.000  9.962510e-01 
  381.000  9.971113e-01 
  382.000  9.983268e-01 
  383.000  9.991275e-01 
  384.000  9.995683e-01 
  385.000  9.997888e-01 
  386.000  9.998809e-01 
  387.000  9.999177e-01 
  388.000  9.999252e-01 
  389.000  9.999351e-01 
  390.000  9.999486e-01 
  391.000  9.999514e-01 
  392.000  9.999622e-01 
  393.000  9.999756e-01 
  394.000  9.999850e-01 
  395.000  9.999850e-01 
  396.000  9.999990e-01 
  397.000  9.999953e-01 
  398.000  9.999892e-01 
  399.000  9.999850e-01 
  400.000  9.999514e-01 
  401.000  9.999472e-01 
  402.000  9.999477e-01 
  403.000  9.999495e-01 
  404.000  9.999514e-01 
  405.000  9.999420e-01 
  406.000  9.999448e-01 
  407.000  9.999534e-01 
  408.000  9.999629e-01 
  409.000  9.999676e-01 
  410.000  9.999695e-01 
  411.000  9.999667e-01 
  412.000  9.999553e-01 
  413.000  9.999600e-01 
  414.000  9.996142e-01 
  415.000  9.997442e-01 
  416.000  9.998544e-01 
  417.000  9.999210e-01 
  418.000  9.999106e-01 
  419.000  9.998910e-01 
  420.000  9.998721e-01 
  421.000  9.998673e-01 
  422.000  9.998754e-01 
  423.000  9.998906e-01 
  424.000  9.998921e-01 
  425.000  9.998295e-01 
  426.000  9.997652e-01 
  427.000  9.997032e-01 
  428.000  9.996012e-01 
  429.000  9.994783e-01 
  430.000  9.993474e-01 
  431.000  9.992248e-01 
  432.000  9.990989e-01 
  433.000  9.989736e-01 
  434.000  9.988527e-01 
  435.000  9.987311e-01 
  436.000  9.986036e-01 
  437.000  9.984719e-01 
  438.000  9.983341e-01 
  439.000  9.982034e-01 
  440.000  9.980506e-01 
  441.000  9.978880e-01 
  442.000  9.977057e-01 
  443.000  9.975067e-01 
  444.000  9.972896e-01 
  445.000  9.970367e-01 
  446.000  9.967301e-01 
  447.000  9.966067e-01 
  448.000  9.967433e-01 
  449.000  9.969494e-01 
  450.000  9.971185e-01 
  451.000  9.971817e-01 
  452.000  9.971576e-01 
  453.000  9.970996e-01 
  454.000  9.970157e-01 
  455.000  9.967700e-01 
  456.000  9.963068e-01 
  457.000  9.958733e-01 
  458.000  9.954342e-01 
  459.000  9.949709e-01 
  460.000  9.945163e-01 
  461.000  9.940637e-01 
  462.000  9.935936e-01 
  463.000  9.931443e-01 
  464.000  9.935181e-01 
  465.000  9.938700e-01 
  466.000  9.941930e-01 
  467.000  9.944721e-01 
  468.000  9.941913e-01 
  469.000  9.935935e-01 
  470.000  9.928638e-01 
  471.000  9.919808e-01 
  472.000  9.908648e-01 
  473.000  9.893305e-01 
  474.000  9.876538e-01 
  475.000  9.854246e-01 
  476.000  9.826399e-01 
  477.000  9.802498e-01 
  478.000  9.801398e-01 
  479.000  9.812219e-01 
  480.000  9.825910e-01 
  481.000  9.836095e-01 
  482.000  9.844788e-01 
  483.000  9.849623e-01 
  484.000  9.850879e-01 
  485.000  9.849895e-01 
  486.000  9.850882e-01 
  487.000  9.853529e-01 
  488.000  9.855614e-01 
  489.000  9.857469e-01 
  490.000  9.859241e-01 
  491.000  9.855886e-01 
  492.000  9.851118e-01 
  493.000  9.846466e-01 
  494.000  9.841573e-01 
  495.000  9.836864e-01 
  496.000  9.824154e-01 
  497.000  9.811313e-01 
  498.000  9.798576e-01 
  499.000  9.785660e-01 
  500.000  9.772843e-01 
  501.000  9.759432e-01 
  502.000  9.746225e-01 
  503.000  9.733145e-01 
  504.000  9.719994e-01 
  505.000  9.706736e-01 
  506.000  9.705188e-01 
  507.000  9.704311e-01 
  508.000  9.703558e-01 
  509.000  9.702771e-01 
  510.000  9.701801e-01 
  511.000  9.699211e-01 
  512.000  9.696251e-01 
  513.000  9.693362e-01 
  514.000  9.690455e-01 
  515.000  9.687578e-01 
  516.000  9.680742e-01 
  517.000  9.670396e-01 
  518.000  9.660052e-01 
  519.000  9.649760e-01 
  520.000  9.639571e-01 
  521.000  9.628949e-01 
  522.000  9.617016e-01 
  523.000  9.604266e-01 
  524.000  9.591756e-01 
  525.000  9.578853e-01 
  526.000  9.566925e-01 
  527.000  9.552484e-01 
  528.000  9.537107e-01 
  529.000  9.521860e-01 
  530.000  9.506888e-01 
  531.000  9.492145e-01 
  532.000  9.478734e-01 
  533.000  9.472404e-01 
  534.000  9.468008e-01 
  535.000  9.464847e-01 
  536.000  9.461473e-01 
  537.000  9.457404e-01 
  538.000  9.452525e-01 
  539.000  9.447182e-01 
  540.000  9.441509e-01 
  541.000  9.435751e-01 
  542.000  9.429822e-01 
  543.000  9.423782e-01 
  544.000  9.416223e-01 
  545.000  9.407429e-01 
  546.000  9.398597e-01 
  547.000  9.389966e-01 
  548.000  9.381284e-01 
  549.000  9.372664e-01 
  550.000  9.362381e-01 
  551.000  9.350494e-01 
  552.000  9.338781e-01 
  553.000  9.326865e-01 
  554.000  9.314916e-01 
  555.000  9.302995e-01 
  556.000  9.290536e-01 
  557.000  9.277101e-01 
  558.000  9.263605e-01 
  559.000  9.249951e-01 
  560.000  9.235754e-01 
  561.000  9.221064e-01 
  562.000  9.201457e-01 
  563.000  9.186127e-01 
  564.000  9.169269e-01 
  565.000  9.148865e-01 
  566.000  9.132747e-01 
  567.000  9.099554e-01 
  568.000  9.031965e-01 
  569.000  8.891458e-01 
  570.000  8.899802e-01 
  571.000  8.979973e-01 
  572.000  8.880010e-01 
  573.000  8.891726e-01 
  574.000  8.886948e-01 
  575.000  8.871905e-01 
  576.000  8.868335e-01 
  577.000  8.893123e-01 
  578.000  8.923219e-01 
  579.000  8.952757e-01 
  580.000  8.979079e-01 
  581.000  9.020237e-01 
  582.000  9.047884e-01 
  583.000  9.059931e-01 
  584.000  9.072676e-01 
  585.000  9.079188e-01 
  586.000  9.087843e-01 
  587.000  9.052672e-01 
  588.000  8.873783e-01 
  589.000  8.595378e-01 
  590.000  8.575475e-01 
  591.000  8.760126e-01 
  592.000  8.657386e-01 
  593.000  8.868788e-01 
  594.000  8.818023e-01 
  595.000  8.664255e-01 
  596.000  8.866360e-01 
  597.000  8.805651e-01 
  598.000  8.879878e-01 
  599.000  8.902252e-01 
  600.000  8.968211e-01 
  601.000  9.008703e-01 
  602.000  9.009373e-01 
  603.000  9.024543e-01 
  604.000  9.047244e-01 
  605.000  9.062487e-01 
  606.000  9.071384e-01 
  607.000  9.079818e-01 
  608.000  9.087329e-01 
  609.000  9.094306e-01 
  610.000  9.101782e-01 
  611.000  9.110940e-01 
  612.000  9.119853e-01 
  613.000  9.128384e-01 
  614.000  9.136569e-01 
  615.000  9.144758e-01 
  616.000  9.152522e-01 
  617.000  9.159650e-01 
  618.000  9.164786e-01 
  619.000  9.168410e-01 
  620.000  9.171467e-01 
  621.000  9.173502e-01 
  622.000  9.174511e-01 
  623.000  9.173768e-01 
  624.000  9.173291e-01 
  625.000  9.172204e-01 
  626.000  9.159747e-01 
  627.000  9.088335e-01 
  628.000  8.732565e-01 
  629.000  8.935807e-01 
  630.000  8.996280e-01 
  631.000  9.063165e-01 
  632.000  9.037512e-01 
  633.000  9.136410e-01 
  634.000  9.179513e-01 
  635.000  9.201937e-01 
  636.000  9.228210e-01 
  637.000  9.253492e-01 
  638.000  9.305111e-01 
  639.000  9.321234e-01 
  640.000  9.354209e-01 
  641.000  9.369187e-01 
  642.000  9.392133e-01 
  643.000  9.376527e-01 
  644.000  9.385667e-01 
  645.000  9.361311e-01 
  646.000  9.214078e-01 
  647.000  9.113828e-01 
  648.000  9.001554e-01 
  649.000  9.110537e-01 
  650.000  9.316093e-01 
  651.000  9.320626e-01 
  652.000  9.148326e-01 
  653.000  9.356595e-01 
  654.000  9.338874e-01 
  655.000  9.269231e-01 
  656.000  9.299929e-01 
  657.000  9.344850e-01 
  658.000  9.419491e-01 
  659.000  9.465129e-01 
  660.000  9.487823e-01 
  661.000  9.541333e-01 
  662.000  9.567901e-01 
  663.000  9.569137e-01 
  664.000  9.581943e-01 
  665.000  9.595135e-01 
  666.000  9.609398e-01 
  667.000  9.623216e-01 
  668.000  9.639704e-01 
  669.000  9.650190e-01 
  670.000  9.658963e-01 
  671.000  9.668486e-01 
  672.000  9.676529e-01 
  673.000  9.684368e-01 
  674.000  9.692124e-01 
  675.000  9.699932e-01 
  676.000  9.707010e-01 
  677.000  9.713203e-01 
  678.000  9.719456e-01 
  679.000  9.723761e-01 
  680.000  9.719551e-01 
  681.000  9.715055e-01 
  682.000  9.716929e-01 
  683.000  9.717463e-01 
  684.000  9.706966e-01 
  685.000  9.720790e-01 
  686.000  9.671341e-01 
  687.000  8.074170e-01 
  688.000  8.570465e-01 
  689.000  8.423862e-01 
  690.000  8.683759e-01 
  691.000  9.018012e-01 
  692.000  9.206711e-01 
  693.000  9.073512e-01 
  694.000  8.903070e-01 
  695.000  9.058046e-01 
  696.000  9.148772e-01 
  697.000  9.546816e-01 
  698.000  9.462474e-01 
  699.000  9.102769e-01 
  700.000  9.160340e-01 
  701.000  9.079634e-01 
  702.000  9.136931e-01 
  703.000  9.435742e-01 
  704.000  9.447824e-01 
  705.000  9.322685e-01 
  706.000  9.345576e-01 
  707.000  9.388638e-01 
  708.000  9.435392e-01 
  709.000  9.532494e-01 
  710.000  9.426337e-01 
  711.000  9.531915e-01 
  712.000  9.621814e-01 
  713.000  9.546822e-01 
  714.000  9.520261e-01 
  715.000  9.399121e-01 
  716.000  9.272562e-01 
  717.000  8.501493e-01 
  718.000  8.036855e-01 
  719.000  7.870267e-01 
  720.000  7.625469e-01 
  721.000  8.715279e-01 
  722.000  9.113879e-01 
  723.000  8.886465e-01 
  724.000  8.252453e-01 
  725.000  8.342835e-01 
  726.000  8.312270e-01 
  727.000  8.399791e-01 
  728.000  8.301950e-01 
  729.000  8.541537e-01 
  730.000  8.499078e-01 
  731.000  8.448136e-01 
  732.000  8.856474e-01 
  733.000  9.254318e-01 
  734.000  9.447400e-01 
  735.000  9.377572e-01 
  736.000  9.248626e-01 
  737.000  9.342847e-01 
  738.000  9.473414e-01 
  739.000  9.528840e-01 
  740.000  9.654270e-01 
  741.000  9.726176e-01 
  742.000  9.755353e-01 
  743.000  9.821707e-01 
  744.000  9.850789e-01 
  745.000  9.868235e-01 
  746.000  9.885033e-01 
  747.000  9.886211e-01 
  748.000  9.902589e-01 
  749.000  9.911213e-01 
  750.000  9.902323e-01 
  751.000  9.904060e-01 
  752.000  9.921466e-01 
  753.000  9.927176e-01 
  754.000  9.931178e-01 
  755.000  9.932956e-01 
  756.000  9.934951e-01 
  757.000  9.935666e-01 
  758.000  9.909191e-01 
  759.000  9.049048e-01 
  760.000  3.296055e-01 
  761.000  2.829629e-01 
  762.000  5.915309e-01 
  763.000  4.898962e-01 
  764.000  5.395511e-01 
  765.000  6.564249e-01 
  766.000  8.042945e-01 
  767.000  8.814740e-01 
  768.000  9.328039e-01 
  769.000  9.670213e-01 
  770.000  9.861618e-01 
  771.000  9.944282e-01 
  772.000  9.963618e-01 
  773.000  9.972326e-01 
  774.000  9.984218e-01 
  775.000  9.991353e-01 
  776.000  9.995968e-01 
  777.000  9.995646e-01 
  778.000  9.992999e-01 
  779.000  9.990163e-01 
  780.000  9.987297e-01 
  781.000  9.993843e-01 
  782.000  9.990735e-01 
  783.000  9.987932e-01 
  784.000  9.978991e-01 
  785.000  9.950673e-01 
  786.000  9.910491e-01 
  787.000  9.813432e-01 
  788.000  9.761750e-01 
  789.000  9.582419e-01 
  790.000  9.565571e-01 
  791.000  9.597498e-01 
  792.000  9.627054e-01 
  793.000  9.697962e-01 
  794.000  9.850339e-01 
  795.000  9.754732e-01 
  796.000  9.504286e-01 
  797.000  9.573771e-01 
  798.000  9.729738e-01 
  799.000  9.692360e-01 
  800.000  9.576441e-01 
  801.000  9.588639e-01 
  802.000  9.575708e-01 
  803.000  9.591082e-01 
  804.000  9.643605e-01 
  805.000  9.745553e-01 
  806.000  9.806057e-01 
  807.000  9.807438e-01 
  808.000  9.770944e-01 
  809.000  9.726412e-01 
  810.000  9.677684e-01 
  811.000  9.579594e-01 
  812.000  9.448367e-01 
  813.000  9.288812e-01 
  814.000  9.080200e-01 
  815.000  8.822886e-01 
  816.000  8.499452e-01 
  817.000  8.514917e-01 
  818.000  8.539628e-01 
  819.000  8.645011e-01 
  820.000  9.000875e-01 
  821.000  9.412389e-01 
  822.000  9.096788e-01 
  823.000  8.239582e-01 
  824.000  8.958244e-01 
  825.000  9.431573e-01 
  826.000  9.350243e-01 
  827.000  9.288841e-01 
  828.000  8.976029e-01 
  829.000  9.086525e-01 
  830.000  9.211433e-01 
  831.000  9.240357e-01 
  832.000  9.253365e-01 
  833.000  9.325615e-01 
  834.000  9.411200e-01 
  835.000  9.582304e-01 
  836.000  9.526213e-01 
  837.000  9.519709e-01 
  838.000  9.602404e-01 
  839.000  9.652410e-01 
  840.000  9.669865e-01 
  841.000  9.613634e-01 
  842.000  9.662192e-01 
  843.000  9.779236e-01 
  844.000  9.831995e-01 
  845.000  9.856023e-01 
  846.000  9.881357e-01 
  847.000  9.909378e-01 
  848.000  9.860260e-01 
  849.000  9.865282e-01 
  850.000  9.840456e-01 
  851.000  9.811159e-01 
  852.000  9.812911e-01 
  853.000  9.858516e-01 
  854.000  9.855007e-01 
  855.000  9.877473e-01 
  856.000  9.925311e-01 
  857.000  9.938763e-01 
  858.000  9.949569e-01 
  859.000  9.971488e-01 
  860.000  9.982806e-01 
  861.000  9.984018e-01 
  862.000  9.991315e-01 
  863.000  9.991251e-01 
  864.000  9.995903e-01 
  865.000  9.999503e-01 
  866.000  9.999617e-01 
  867.000  9.997615e-01 
  868.000  9.997226e-01 
  869.000  9.997676e-01 
  870.000  9.995396e-01 
  871.000  9.995774e-01 
  872.000  9.998314e-01 
  873.000  9.993570e-01 
  874.000  9.990503e-01 
  875.000  9.988952e-01 
  876.000  9.981521e-01 
  877.000  9.977223e-01 
  878.000  9.962655e-01 
  879.000  9.960573e-01 
  880.000  9.947404e-01 
  881.000  9.938481e-01 
  882.000  9.932656e-01 
  883.000  9.936538e-01 
  884.000  9.938644e-01 
  885.000  9.912040e-01 
  886.000  9.881303e-01 
  887.000  9.908376e-01 
  888.000  9.905825e-01 
  889.000  9.913310e-01 
  890.000  9.890924e-01 
  891.000  9.845888e-01 
  892.000  9.752045e-01 
  893.000  9.471635e-01 
  894.000  9.331385e-01 
  895.000  8.913881e-01 
  896.000  8.542910e-01 
  897.000  8.156416e-01 
  898.000  7.977140e-01 
  899.000  7.487279e-01 
  900.000  7.554673e-01 
  901.000  7.429082e-01 
  902.000  7.454153e-01 
  903.000  8.278629e-01 
  904.000  8.796603e-01 
  905.000  8.778788e-01 
  906.000  8.453577e-01 
  907.000  7.889241e-01 
  908.000  7.524086e-01 
  909.000  7.537617e-01 
  910.000  7.591022e-01 
  911.000  7.831599e-01 
  912.000  7.714213e-01 
  913.000  7.212985e-01 
  914.000  7.459007e-01 
  915.000  7.655716e-01 
  916.000  7.709866e-01 
  917.000  7.818509e-01 
  918.000  7.959323e-01 
  919.000  8.442290e-01 
  920.000  8.814874e-01 
  921.000  8.733412e-01 
  922.000  8.726229e-01 
  923.000  8.621806e-01 
  924.000  8.373132e-01 
  925.000  8.349074e-01 
  926.000  8.334616e-01 
  927.000  8.041369e-01 
  928.000  7.598228e-01 
  929.000  6.975216e-01 
  930.000  6.212392e-01 
  931.000  5.399957e-01 
  932.000  4.382873e-01 
  933.000  3.691082e-01 
  934.000  3.033434e-01 
  935.000  2.961643e-01 
  936.000  3.206842e-01 
  937.000  3.148068e-01 
  938.000  3.899372e-01 
  939.000  6.060417e-01 
  940.000  6.413013e-01 
  941.000  6.117393e-01 
  942.000  5.404017e-01 
  943.000  4.283640e-01 
  944.000  4.205026e-01 
  945.000  4.590346e-01 
  946.000  4.616367e-01 
  947.000  4.982256e-01 
  948.000  5.200167e-01 
  949.000  5.176968e-01 
  950.000  5.234479e-01 
  951.000  5.730090e-01 
  952.000  5.210722e-01 
  953.000  5.583780e-01 
  954.000  5.994417e-01 
  955.000  5.672988e-01 
  956.000  5.611118e-01 
  957.000  6.659831e-01 
  958.000  6.805906e-01 
  959.000  6.632628e-01 
  960.000  6.585125e-01 
  961.000  6.499404e-01 
  962.000  6.583466e-01 
  963.000  7.181250e-01 
  964.000  7.270691e-01 
  965.000  7.215927e-01 
  966.000  7.251951e-01 
  967.000  7.691366e-01 
  968.000  8.442467e-01 
  969.000  8.789947e-01 
  970.000  8.809750e-01 
  971.000  8.801392e-01 
  972.000  8.701887e-01 
  973.000  8.474729e-01 
  974.000  8.201540e-01 
  975.000  8.027586e-01 
  976.000  8.239733e-01 
  977.000  8.594658e-01 
  978.000  8.566696e-01 
  979.000  8.660716e-01 
  980.000  9.029287e-01 
  981.000  9.112148e-01 
  982.000  9.030622e-01 
  983.000  9.222052e-01 
  984.000  9.420081e-01 
  985.000  9.533145e-01 
  986.000  9.679585e-01 
  987.000  9.743277e-01 
  988.000  9.757782e-01 
  989.000  9.766901e-01 
  990.000  9.782078e-01 
  991.000  9.836457e-01 
  992.000  9.851540e-01 
  993.000  9.856864e-01 
  994.000  9.905869e-01 
  995.000  9.934559e-01 
  996.000  9.933683e-01 
  997.000  9.916348e-01 
  998.000  9.890723e-01 
  999.000  9.880976e-01 
 1000.000  9.887910e-01 
 1001.000  9.834909e-01 
 1002.000  9.750629e-01 
 1003.000  9.769968e-01 
 1004.000  9.817601e-01 
 1005.000  9.839104e-01 
 1006.000  9.845546e-01 
 1007.000  9.828978e-01 
 1008.000  9.760221e-01 
 1009.000  9.668686e-01 
 1010.000  9.708699e-01 
 1011.000  9.805000e-01 
 1012.000  9.841460e-01 
 1013.000  9.870049e-01 
 1014.000  9.881738e-01 
 1015.000  9.883532e-01 
 1016.000  9.896163e-01 
 1017.000  9.903280e-01 
 1018.000  9.886263e-01 
 1019.000  9.852009e-01 
 1020.000  9.863315e-01 
 1021.000  9.887099e-01 
 1022.000  9.845666e-01 
 1023.000  9.810966e-01 
 1024.000  9.789972e-01 
 1025.000  9.852033e-01 
 1026.000  9.879116e-01 
 1027.000  9.866815e-01 
 1028.000  9.875880e-01 
 1029.000  9.896800e-01 
 1030.000  9.921187e-01 
 1031.000  9.933048e-01 
 1032.000  9.944658e-01 
 1033.000  9.945316e-01 
 1034.000  9.950221e-01 
 1035.000  9.954090e-01 
 1036.000  9.951550e-01 
 1037.000  9.951992e-01 
 1038.000  9.954098e-01 
 1039.000  9.949110e-01 
 1040.000  9.944771e-01 
 1041.000  9.941335e-01 
 1042.000  9.940175e-01 
 1043.000  9.939802e-01 
 1044.000  9.936726e-01 
 1045.000  9.927615e-01 
 1046.000  9.921402e-01 
 1047.000  9.914147e-01 
 1048.000  9.905080e-01 
 1049.000  9.896069e-01 
 1050.000  9.887766e-01 
 1051.000  9.876190e-01 
 1052.000  9.867609e-01 
 1053.000  9.864786e-01 
 1054.000  9.851730e-01 
 1055.000  9.840538e-01 
 1056.000  9.829579e-01 
 1057.000  9.804705e-01 
 1058.000  9.760540e-01 
 1059.000  9.761844e-01 
 1060.000  9.781401e-01 
 1061.000  9.774850e-01 
 1062.000  9.746955e-01 
 1063.000  9.736308e-01 
 1064.000  9.712943e-01 
 1065.000  9.691458e-01 
 1066.000  9.693217e-01 
 1067.000  9.678659e-01 
 1068.000  9.627227e-01 
 1069.000  9.603490e-01 
 1070.000  9.612714e-01 
 1071.000  9.580714e-01 
 1072.000  9.547633e-01 
 1073.000  9.542103e-01 
 1074.000  9.548237e-01 
 1075.000  9.599645e-01 
 1076.000  9.568878e-01 
 1077.000  9.527275e-01 
 1078.000  9.478140e-01 
 1079.000  9.472251e-01 
 1080.000  9.339943e-01 
 1081.000  9.332837e-01 
 1082.000  9.391378e-01 
 1083.000  9.321201e-01 
 1084.000  9.244578e-01 
 1085.000  9.062777e-01 
 1086.000  9.105088e-01 
 1087.000  9.305221e-01 
 1088.000  9.313346e-01 
 1089.000  9.069299e-01 
 1090.000  9.023319e-01 
 1091.000  9.068931e-01 
 1092.000  8.948220e-01 
 1093.000  8.681163e-01 
 1094.000  8.565639e-01 
 1095.000  8.583425e-01 
 1096.000  8.598663e-01 
 1097.000  8.544340e-01 
 1098.000  7.909476e-01 
 1099.000  7.380919e-01 
 1100.000  7.415236e-01 
 1101.000  7.486105e-01 
 1102.000  7.448969e-01 
 1103.000  7.494658e-01 
 1104.000  7.405230e-01 
 1105.000  7.184908e-01 
 1106.000  6.967527e-01 
 1107.000  7.016976e-01 
 1108.000  7.050391e-01 
 1109.000  7.228184e-01 
 1110.000  7.194394e-01 
 1111.000  7.085329e-01 
 1112.000  6.627874e-01 
 1113.000  6.012428e-01 
 1114.000  5.830526e-01 
 1115.000  5.108469e-01 
 1116.000  4.681627e-01 
 1117.000  3.768709e-01 
 1118.000  2.988000e-01 
 1119.000  2.592688e-01 
 1120.000  2.144419e-01 
 1121.000  2.047255e-01 
 1122.000  1.637866e-01 
 1123.000  1.844239e-01 
 1124.000  1.989354e-01 
 1125.000  1.909530e-01 
 1126.000  1.879821e-01 
 1127.000  1.918992e-01 
 1128.000  1.994642e-01 
 1129.000  2.426997e-01 
 1130.000  3.534161e-01 
 1131.000  3.882649e-01 
 1132.000  3.403465e-01 
 1133.000  2.606684e-01 
 1134.000  1.377138e-01 
 1135.000  1.461689e-01 
 1136.000  2.730843e-01 
 1137.000  3.547665e-01 
 1138.000  4.426266e-01 
 1139.000  4.732982e-01 
 1140.000  4.558820e-01 
 1141.000  4.222797e-01 
 1142.000  4.100487e-01 
 1143.000  3.728020e-01 
 1144.000  3.329514e-01 
 1145.000  2.782333e-01 
 1146.000  2.909162e-01 
 1147.000  3.342285e-01 
 1148.000  3.746124e-01 
 1149.000  3.919984e-01 
 1150.000  3.943715e-01 
 1151.000  4.216300e-01 
 1152.000  4.351818e-01 
 1153.000  4.550460e-01 
 1154.000  4.509386e-01 
 1155.000  4.892293e-01 
 1156.000  5.324736e-01 
 1157.000  6.238224e-01 
 1158.000  6.642163e-01 
 1159.000  6.999105e-01 
 1160.000  7.151092e-01 
 1161.000  7.522721e-01 
 1162.000  7.803636e-01 
 1163.000  8.145330e-01 
 1164.000  8.223459e-01 
 1165.000  8.256941e-01 
 1166.000  8.333558e-01 
 1167.000  8.380405e-01 
 1168.000  8.363253e-01 
 1169.000  8.414030e-01 
 1170.000  8.459538e-01 
 1171.000  8.579753e-01 
 1172.000  8.509031e-01 
 1173.000  8.440029e-01 
 1174.000  8.444158e-01 
 1175.000  8.633000e-01 
 1176.000  8.807862e-01 
 1177.000  8.724824e-01 
 1178.000  8.555858e-01 
 1179.000  8.556099e-01 
 1180.000  8.495167e-01 
 1181.000  8.339047e-01 
 1182.000  8.185249e-01 
 1183.000  8.203939e-01 
 1184.000  8.291999e-01 
 1185.000  8.509384e-01 
 1186.000  8.444928e-01 
 1187.000  8.224244e-01 
 1188.000  8.174955e-01 
 1189.000  8.312936e-01 
 1190.000  8.665082e-01 
 1191.000  8.770880e-01 
 1192.000  8.923488e-01 
 1193.000  8.890522e-01 
 1194.000  8.867921e-01 
 1195.000  8.717889e-01 
 1196.000  8.738414e-01 
 1197.000  8.665347e-01 
 1198.000  8.648806e-01 
 1199.000  8.557579e-01 
 1200.000  8.609778e-01 
