  250.000  0.000000e+00 
  251.000  0.000000e+00 
  252.000  0.000000e+00 
  253.000  0.000000e+00 
  254.000  0.000000e+00 
  255.000  0.000000e+00 
  256.000  0.000000e+00 
  257.000  0.000000e+00 
  258.000  0.000000e+00 
  259.000  0.000000e+00 
  260.000  0.000000e+00 
  261.000  0.000000e+00 
  262.000  0.000000e+00 
  263.000  0.000000e+00 
  264.000  0.000000e+00 
  265.000  0.000000e+00 
  266.000  0.000000e+00 
  267.000  0.000000e+00 
  268.000  0.000000e+00 
  269.000  0.000000e+00 
  270.000  0.000000e+00 
  271.000  0.000000e+00 
  272.000  0.000000e+00 
  273.000  0.000000e+00 
  274.000  0.000000e+00 
  275.000  0.000000e+00 
  276.000  0.000000e+00 
  277.000  0.000000e+00 
  278.000  0.000000e+00 
  279.000  0.000000e+00 
  280.000  0.000000e+00 
  281.000  0.000000e+00 
  282.000  0.000000e+00 
  283.000  0.000000e+00 
  284.000  0.000000e+00 
  285.000  0.000000e+00 
  286.000  0.000000e+00 
  287.000  0.000000e+00 
  288.000  0.000000e+00 
  289.000  0.000000e+00 
  290.000  0.000000e+00 
  291.000  0.000000e+00 
  292.000  4.251823e-10 
  293.000  3.364476e-09 
  294.000  5.222225e-08 
  295.000  3.025893e-07 
  296.000  2.689120e-06 
  297.000  1.092071e-05 
  298.000  6.488396e-05 
  299.000  1.707947e-04 
  300.000  5.926343e-04 
  301.000  1.616204e-03 
  302.000  3.280892e-03 
  303.000  8.362915e-03 
  304.000  1.224600e-02 
  305.000  2.605514e-02 
  306.000  3.819039e-02 
  307.000  6.102414e-02 
  308.000  8.257692e-02 
  309.000  1.051443e-01 
  310.000  1.670424e-01 
  311.000  1.961714e-01 
  312.000  2.514360e-01 
  313.000  3.058344e-01 
  314.000  3.265137e-01 
  315.000  4.166984e-01 
  316.000  4.435067e-01 
  317.000  4.937425e-01 
  318.000  5.324226e-01 
  319.000  6.610124e-01 
  320.000  5.459671e-01 
  321.000  7.508000e-01 
  322.000  6.483005e-01 
  323.000  7.432815e-01 
  324.000  8.411588e-01 
  325.000  7.412142e-01 
  326.000  8.623759e-01 
  327.000  8.844063e-01 
  328.000  7.863264e-01 
  329.000  9.276162e-01 
  330.000  9.357884e-01 
  331.000  8.699478e-01 
  332.000  9.482164e-01 
  333.000  9.591552e-01 
  334.000  9.203628e-01 
  335.000  9.725398e-01 
  336.000  9.838280e-01 
  337.000  9.561996e-01 
  338.000  9.722239e-01 
  339.000  9.891505e-01 
  340.000  9.683767e-01 
  341.000  9.843404e-01 
  342.000  9.919090e-01 
  343.000  9.883086e-01 
  344.000  9.759821e-01 
  345.000  9.913094e-01 
  346.000  9.956903e-01 
  347.000  9.967120e-01 
  348.000  9.968872e-01 
  349.000  9.988900e-01 
  350.000  9.987061e-01 
  351.000  9.985713e-01 
  352.000  9.962052e-01 
  353.000  9.984427e-01 
  354.000  9.985285e-01 
  355.000  9.978672e-01 
  356.000  9.970459e-01 
  357.000  9.951671e-01 
  358.000  9.941960e-01 
  359.000  9.932796e-01 
  360.000  9.925931e-01 
  361.000  9.945408e-01 
  362.000  9.970127e-01 
  363.000  9.985670e-01 
  364.000  9.992794e-01 
  365.000  9.993933e-01 
  366.000  9.998552e-01 
  367.000  9.998832e-01 
  368.000  9.999009e-01 
  369.000  9.999130e-01 
  370.000  9.999051e-01 
  371.000  9.999000e-01 
  372.000  9.998944e-01 
  373.000  9.998865e-01 
  374.000  9.998132e-01 
  375.000  9.996516e-01 
  376.000  9.992892e-01 
  377.000  9.985788e-01 
  378.000  9.974321e-01 
  379.000  9.964700e-01 
  380.000  9.962510e-01 
  381.000  9.971113e-01 
  382.000  9.983268e-01 
  383.000  9.991275e-01 
  384.000  9.995683e-01 
  385.000  9.997888e-01 
  386.000  9.998809e-01 
  387.000  9.999177e-01 
  388.000  9.999252e-01 
  389.000  9.999351e-01 
  390.000  9.999486e-01 
  391.000  9.999514e-01 
  392.000  9.999622e-01 
  393.000  9.999756e-01 
  394.000  9.999850e-01 
  395.000  9.999850e-01 
  396.000  9.999990e-01 
  397.000  9.999953e-01 
  398.000  9.999892e-01 
  399.000  9.999850e-01 
  400.000  9.999514e-01 
  401.000  9.999472e-01 
  402.000  9.999477e-01 
  403.000  9.999495e-01 
  404.000  9.999514e-01 
  405.000  9.999420e-01 
  406.000  9.999448e-01 
  407.000  9.999534e-01 
  408.000  9.999629e-01 
  409.000  9.999676e-01 
  410.000  9.999695e-01 
  411.000  9.999667e-01 
  412.000  9.999553e-01 
  413.000  9.999600e-01 
  414.000  9.996142e-01 
  415.000  9.997442e-01 
  416.000  9.998544e-01 
  417.000  9.999210e-01 
  418.000  9.999106e-01 
  419.000  9.998910e-01 
  420.000  9.998721e-01 
  421.000  9.998673e-01 
  422.000  9.998754e-01 
  423.000  9.998906e-01 
  424.000  9.998921e-01 
  425.000  9.998295e-01 
  426.000  9.997652e-01 
  427.000  9.997032e-01 
  428.000  9.996012e-01 
  429.000  9.994783e-01 
  430.000  9.993474e-01 
  431.000  9.992248e-01 
  432.000  9.990989e-01 
  433.000  9.989736e-01 
  434.000  9.988527e-01 
  435.000  9.987311e-01 
  436.000  9.986036e-01 
  437.000  9.984719e-01 
  438.000  9.983341e-01 
  439.000  9.982034e-01 
  440.000  9.980506e-01 
  441.000  9.978880e-01 
  442.000  9.977057e-01 
  443.000  9.975067e-01 
  444.000  9.972896e-01 
  445.000  9.970367e-01 
  446.000  9.967301e-01 
  447.000  9.966067e-01 
  448.000  9.967433e-01 
  449.000  9.969494e-01 
  450.000  9.971185e-01 
  451.000  9.971817e-01 
  452.000  9.971576e-01 
  453.000  9.970996e-01 
  454.000  9.970157e-01 
  455.000  9.967700e-01 
  456.000  9.963068e-01 
  457.000  9.958733e-01 
  458.000  9.954342e-01 
  459.000  9.949709e-01 
  460.000  9.945163e-01 
  461.000  9.940637e-01 
  462.000  9.935936e-01 
  463.000  9.931443e-01 
  464.000  9.935181e-01 
  465.000  9.938700e-01 
  466.000  9.941930e-01 
  467.000  9.944721e-01 
  468.000  9.941913e-01 
  469.000  9.935935e-01 
  470.000  9.928638e-01 
  471.000  9.919808e-01 
  472.000  9.908648e-01 
  473.000  9.893305e-01 
  474.000  9.876538e-01 
  475.000  9.854246e-01 
  476.000  9.826399e-01 
  477.000  9.802498e-01 
  478.000  9.801398e-01 
  479.000  9.812219e-01 
  480.000  9.825910e-01 
  481.000  9.836095e-01 
  482.000  9.844788e-01 
  483.000  9.849623e-01 
  484.000  9.850879e-01 
  485.000  9.849895e-01 
  486.000  9.850882e-01 
  487.000  9.853529e-01 
  488.000  9.855614e-01 
  489.000  9.857469e-01 
  490.000  9.859241e-01 
  491.000  9.855886e-01 
  492.000  9.851118e-01 
  493.000  9.846466e-01 
  494.000  9.841573e-01 
  495.000  9.836864e-01 
  496.000  9.824154e-01 
  497.000  9.811313e-01 
  498.000  9.798576e-01 
  499.000  9.785660e-01 
  500.000  9.772843e-01 
  501.000  9.759432e-01 
  502.000  9.746225e-01 
  503.000  9.733145e-01 
  504.000  9.719994e-01 
  505.000  9.706736e-01 
  506.000  9.705188e-01 
  507.000  9.704311e-01 
  508.000  9.703558e-01 
  509.000  9.702771e-01 
  510.000  9.701801e-01 
  511.000  9.699211e-01 
  512.000  9.696251e-01 
  513.000  9.693362e-01 
  514.000  9.690455e-01 
  515.000  9.687578e-01 
  516.000  9.680742e-01 
  517.000  9.670396e-01 
  518.000  9.660052e-01 
  519.000  9.649760e-01 
  520.000  9.639571e-01 
  521.000  9.628949e-01 
  522.000  9.617016e-01 
  523.000  9.604266e-01 
  524.000  9.591756e-01 
  525.000  9.578853e-01 
  526.000  9.566925e-01 
  527.000  9.552484e-01 
  528.000  9.537107e-01 
  529.000  9.521860e-01 
  530.000  9.506888e-01 
  531.000  9.492145e-01 
  532.000  9.478734e-01 
  533.000  9.472404e-01 
  534.000  9.468008e-01 
  535.000  9.464847e-01 
  536.000  9.461473e-01 
  537.000  9.457404e-01 
  538.000  9.452525e-01 
  539.000  9.447182e-01 
  540.000  9.441509e-01 
  541.000  9.435751e-01 
  542.000  9.429822e-01 
  543.000  9.423782e-01 
  544.000  9.416223e-01 
  545.000  9.407429e-01 
  546.000  9.398596e-01 
  547.000  9.389966e-01 
  548.000  9.381284e-01 
  549.000  9.372664e-01 
  550.000  9.362381e-01 
  551.000  9.350494e-01 
  552.000  9.338781e-01 
  553.000  9.326864e-01 
  554.000  9.314916e-01 
  555.000  9.302993e-01 
  556.000  9.290535e-01 
  557.000  9.277101e-01 
  558.000  9.263605e-01 
  559.000  9.249948e-01 
  560.000  9.235747e-01 
  561.000  9.221048e-01 
  562.000  9.200216e-01 
  563.000  9.184784e-01 
  564.000  9.167622e-01 
  565.000  9.146349e-01 
  566.000  9.130788e-01 
  567.000  9.095922e-01 
  568.000  9.013963e-01 
  569.000  8.841965e-01 
  570.000  8.857476e-01 
  571.000  8.963953e-01 
  572.000  8.843337e-01 
  573.000  8.863442e-01 
  574.000  8.862091e-01 
  575.000  8.846737e-01 
  576.000  8.843378e-01 
  577.000  8.874841e-01 
  578.000  8.914021e-01 
  579.000  8.947210e-01 
  580.000  8.973253e-01 
  581.000  9.016554e-01 
  582.000  9.042318e-01 
  583.000  9.053938e-01 
  584.000  9.064949e-01 
  585.000  9.069591e-01 
  586.000  9.074722e-01 
  587.000  9.027278e-01 
  588.000  8.799475e-01 
  589.000  8.450567e-01 
  590.000  8.425421e-01 
  591.000  8.655240e-01 
  592.000  8.527107e-01 
  593.000  8.791294e-01 
  594.000  8.727810e-01 
  595.000  8.536080e-01 
  596.000  8.792000e-01 
  597.000  8.720174e-01 
  598.000  8.817413e-01 
  599.000  8.849792e-01 
  600.000  8.937095e-01 
  601.000  8.992434e-01 
  602.000  8.997476e-01 
  603.000  9.019235e-01 
  604.000  9.043955e-01 
  605.000  9.061270e-01 
  606.000  9.070719e-01 
  607.000  9.079654e-01 
  608.000  9.087257e-01 
  609.000  9.094294e-01 
  610.000  9.101776e-01 
  611.000  9.110936e-01 
  612.000  9.119851e-01 
  613.000  9.128383e-01 
  614.000  9.136568e-01 
  615.000  9.144757e-01 
  616.000  9.152521e-01 
  617.000  9.159648e-01 
  618.000  9.164785e-01 
  619.000  9.168409e-01 
  620.000  9.171466e-01 
  621.000  9.173500e-01 
  622.000  9.174508e-01 
  623.000  9.173765e-01 
  624.000  9.173279e-01 
  625.000  9.172169e-01 
  626.000  9.156641e-01 
  627.000  9.069992e-01 
  628.000  8.717970e-01 
  629.000  8.909535e-01 
  630.000  8.985863e-01 
  631.000  9.052834e-01 
  632.000  9.006178e-01 
  633.000  9.120191e-01 
  634.000  9.169895e-01 
  635.000  9.185378e-01 
  636.000  9.217999e-01 
  637.000  9.243324e-01 
  638.000  9.296428e-01 
  639.000  9.313205e-01 
  640.000  9.349245e-01 
  641.000  9.360913e-01 
  642.000  9.385901e-01 
  643.000  9.367810e-01 
  644.000  9.376248e-01 
  645.000  9.336883e-01 
  646.000  9.148775e-01 
  647.000  9.020360e-01 
  648.000  8.877662e-01 
  649.000  9.010941e-01 
  650.000  9.266058e-01 
  651.000  9.269747e-01 
  652.000  9.052219e-01 
  653.000  9.310952e-01 
  654.000  9.286827e-01 
  655.000  9.197592e-01 
  656.000  9.234107e-01 
  657.000  9.288778e-01 
  658.000  9.380690e-01 
  659.000  9.436192e-01 
  660.000  9.462799e-01 
  661.000  9.528210e-01 
  662.000  9.561969e-01 
  663.000  9.559265e-01 
  664.000  9.575845e-01 
  665.000  9.590099e-01 
  666.000  9.606675e-01 
  667.000  9.619566e-01 
  668.000  9.638295e-01 
  669.000  9.649460e-01 
  670.000  9.658467e-01 
  671.000  9.668421e-01 
  672.000  9.676514e-01 
  673.000  9.684355e-01 
  674.000  9.692095e-01 
  675.000  9.699905e-01 
  676.000  9.706920e-01 
  677.000  9.713071e-01 
  678.000  9.719298e-01 
  679.000  9.723109e-01 
  680.000  9.716347e-01 
  681.000  9.709236e-01 
  682.000  9.712310e-01 
  683.000  9.709179e-01 
  684.000  9.694636e-01 
  685.000  9.712915e-01 
  686.000  9.666144e-01 
  687.000  8.068671e-01 
  688.000  8.567125e-01 
  689.000  8.416129e-01 
  690.000  8.677652e-01 
  691.000  9.000241e-01 
  692.000  9.161141e-01 
  693.000  8.949980e-01 
  694.000  8.712788e-01 
  695.000  8.889424e-01 
  696.000  8.995014e-01 
  697.000  9.480692e-01 
  698.000  9.375283e-01 
  699.000  8.933512e-01 
  700.000  9.002644e-01 
  701.000  8.903458e-01 
  702.000  8.972698e-01 
  703.000  9.338077e-01 
  704.000  9.352419e-01 
  705.000  9.198536e-01 
  706.000  9.226285e-01 
  707.000  9.278766e-01 
  708.000  9.335865e-01 
  709.000  9.454937e-01 
  710.000  9.323893e-01 
  711.000  9.453298e-01 
  712.000  9.563584e-01 
  713.000  9.470411e-01 
  714.000  9.436716e-01 
  715.000  9.286104e-01 
  716.000  9.127927e-01 
  717.000  8.190707e-01 
  718.000  7.634249e-01 
  719.000  7.435452e-01 
  720.000  7.149494e-01 
  721.000  8.441724e-01 
  722.000  8.924279e-01 
  723.000  8.647885e-01 
  724.000  7.886744e-01 
  725.000  7.992967e-01 
  726.000  7.956851e-01 
  727.000  8.061358e-01 
  728.000  7.945236e-01 
  729.000  8.231678e-01 
  730.000  8.181927e-01 
  731.000  8.122217e-01 
  732.000  8.613108e-01 
  733.000  9.097573e-01 
  734.000  9.334930e-01 
  735.000  9.249644e-01 
  736.000  9.092167e-01 
  737.000  9.207626e-01 
  738.000  9.367905e-01 
  739.000  9.436298e-01 
  740.000  9.591126e-01 
  741.000  9.680161e-01 
  742.000  9.716430e-01 
  743.000  9.798670e-01 
  744.000  9.834746e-01 
  745.000  9.856393e-01 
  746.000  9.877229e-01 
  747.000  9.880943e-01 
  748.000  9.898273e-01 
  749.000  9.908537e-01 
  750.000  9.899942e-01 
  751.000  9.901675e-01 
  752.000  9.919945e-01 
  753.000  9.926597e-01 
  754.000  9.931124e-01 
  755.000  9.932891e-01 
  756.000  9.934928e-01 
  757.000  9.935644e-01 
  758.000  9.909155e-01 
  759.000  9.049018e-01 
  760.000  3.296040e-01 
  761.000  2.829623e-01 
  762.000  5.915275e-01 
  763.000  4.898948e-01 
  764.000  5.395466e-01 
  765.000  6.564239e-01 
  766.000  8.042922e-01 
  767.000  8.814722e-01 
  768.000  9.328015e-01 
  769.000  9.670193e-01 
  770.000  9.861598e-01 
  771.000  9.944247e-01 
  772.000  9.964574e-01 
  773.000  9.972183e-01 
  774.000  9.983659e-01 
  775.000  9.990836e-01 
  776.000  9.995596e-01 
  777.000  9.994828e-01 
  778.000  9.991401e-01 
  779.000  9.987863e-01 
  780.000  9.984329e-01 
  781.000  9.992387e-01 
  782.000  9.988549e-01 
  783.000  9.985086e-01 
  784.000  9.976841e-01 
  785.000  9.939086e-01 
  786.000  9.889597e-01 
  787.000  9.770235e-01 
  788.000  9.706673e-01 
  789.000  9.487306e-01 
  790.000  9.466591e-01 
  791.000  9.505476e-01 
  792.000  9.541617e-01 
  793.000  9.628386e-01 
  794.000  9.815127e-01 
  795.000  9.697865e-01 
  796.000  9.392051e-01 
  797.000  9.476681e-01 
  798.000  9.667215e-01 
  799.000  9.621529e-01 
  800.000  9.479954e-01 
  801.000  9.494817e-01 
  802.000  9.479048e-01 
  803.000  9.497844e-01 
  804.000  9.562089e-01 
  805.000  9.686833e-01 
  806.000  9.761063e-01 
  807.000  9.762771e-01 
  808.000  9.717962e-01 
  809.000  9.663264e-01 
  810.000  9.603317e-01 
  811.000  9.483050e-01 
  812.000  9.322335e-01 
  813.000  9.127665e-01 
  814.000  8.874280e-01 
  815.000  8.563118e-01 
  816.000  8.177248e-01 
  817.000  8.194509e-01 
  818.000  8.223637e-01 
  819.000  8.349744e-01 
  820.000  8.776122e-01 
  821.000  9.273138e-01 
  822.000  8.891612e-01 
  823.000  7.871389e-01 
  824.000  8.725587e-01 
  825.000  9.297371e-01 
  826.000  9.200022e-01 
  827.000  9.125668e-01 
  828.000  8.748387e-01 
  829.000  8.881209e-01 
  830.000  9.032183e-01 
  831.000  9.067584e-01 
  832.000  9.084393e-01 
  833.000  9.172353e-01 
  834.000  9.276802e-01 
  835.000  9.485737e-01 
  836.000  9.417712e-01 
  837.000  9.410236e-01 
  838.000  9.511204e-01 
  839.000  9.572490e-01 
  840.000  9.593899e-01 
  841.000  9.525344e-01 
  842.000  9.584750e-01 
  843.000  9.728061e-01 
  844.000  9.792932e-01 
  845.000  9.822487e-01 
  846.000  9.853679e-01 
  847.000  9.888141e-01 
  848.000  9.827789e-01 
  849.000  9.833921e-01 
  850.000  9.803426e-01 
  851.000  9.767485e-01 
  852.000  9.769634e-01 
  853.000  9.825595e-01 
  854.000  9.821383e-01 
  855.000  9.849004e-01 
  856.000  9.907841e-01 
  857.000  9.932091e-01 
  858.000  9.937778e-01 
  859.000  9.967105e-01 
  860.000  9.978740e-01 
  861.000  9.980241e-01 
  862.000  9.989235e-01 
  863.000  9.989159e-01 
  864.000  9.994889e-01 
  865.000  9.999322e-01 
  866.000  9.999461e-01 
  867.000  9.997014e-01 
  868.000  9.996536e-01 
  869.000  9.997082e-01 
  870.000  9.994293e-01 
  871.000  9.994751e-01 
  872.000  9.997845e-01 
  873.000  9.992045e-01 
  874.000  9.988291e-01 
  875.000  9.986380e-01 
  876.000  9.977294e-01 
  877.000  9.975157e-01 
  878.000  9.956631e-01 
  879.000  9.954205e-01 
  880.000  9.935560e-01 
  881.000  9.927618e-01 
  882.000  9.917497e-01 
  883.000  9.925267e-01 
  884.000  9.927689e-01 
  885.000  9.899881e-01 
  886.000  9.854648e-01 
  887.000  9.887590e-01 
  888.000  9.884384e-01 
  889.000  9.893180e-01 
  890.000  9.865574e-01 
  891.000  9.810198e-01 
  892.000  9.694923e-01 
  893.000  9.353204e-01 
  894.000  9.182104e-01 
  895.000  8.680118e-01 
  896.000  8.236637e-01 
  897.000  7.778136e-01 
  898.000  7.566904e-01 
  899.000  7.001160e-01 
  900.000  7.076949e-01 
  901.000  6.933538e-01 
  902.000  6.964229e-01 
  903.000  7.918928e-01 
  904.000  8.530335e-01 
  905.000  8.510705e-01 
  906.000  8.126625e-01 
  907.000  7.467639e-01 
  908.000  7.046394e-01 
  909.000  7.060964e-01 
  910.000  7.121873e-01 
  911.000  7.398767e-01 
  912.000  7.263675e-01 
  913.000  6.691602e-01 
  914.000  6.971766e-01 
  915.000  7.198058e-01 
  916.000  7.261340e-01 
  917.000  7.387953e-01 
  918.000  7.552203e-01 
  919.000  8.117480e-01 
  920.000  8.559657e-01 
  921.000  8.464024e-01 
  922.000  8.455808e-01 
  923.000  8.332037e-01 
  924.000  8.038431e-01 
  925.000  8.007671e-01 
  926.000  7.984408e-01 
  927.000  7.636027e-01 
  928.000  7.115585e-01 
  929.000  6.396552e-01 
  930.000  5.537968e-01 
  931.000  4.652239e-01 
  932.000  3.576673e-01 
  933.000  2.888821e-01 
  934.000  2.267314e-01 
  935.000  2.198610e-01 
  936.000  2.421241e-01 
  937.000  2.370197e-01 
  938.000  3.092242e-01 
  939.000  5.319472e-01 
  940.000  5.705783e-01 
  941.000  5.388629e-01 
  942.000  4.630489e-01 
  943.000  3.483460e-01 
  944.000  3.403119e-01 
  945.000  3.786205e-01 
  946.000  3.815432e-01 
  947.000  4.194815e-01 
  948.000  4.423383e-01 
  949.000  4.403124e-01 
  950.000  4.464970e-01 
  951.000  4.990641e-01 
  952.000  4.447566e-01 
  953.000  4.844851e-01 
  954.000  5.290047e-01 
  955.000  4.950222e-01 
  956.000  4.892501e-01 
  957.000  6.038670e-01 
  958.000  6.206629e-01 
  959.000  6.018471e-01 
  960.000  5.969315e-01 
  961.000  5.877205e-01 
  962.000  5.972915e-01 
  963.000  6.644818e-01 
  964.000  6.748511e-01 
  965.000  6.689175e-01 
  966.000  6.732861e-01 
  967.000  7.237543e-01 
  968.000  8.114429e-01 
  969.000  8.527327e-01 
  970.000  8.552249e-01 
  971.000  8.542765e-01 
  972.000  8.424450e-01 
  973.000  8.155906e-01 
  974.000  7.835702e-01 
  975.000  7.633267e-01 
  976.000  7.880720e-01 
  977.000  8.298143e-01 
  978.000  8.266454e-01 
  979.000  8.379109e-01 
  980.000  8.818275e-01 
  981.000  8.918407e-01 
  982.000  8.822274e-01 
  983.000  9.052588e-01 
  984.000  9.291697e-01 
  985.000  9.428939e-01 
  986.000  9.607037e-01 
  987.000  9.685036e-01 
  988.000  9.703144e-01 
  989.000  9.714585e-01 
  990.000  9.733267e-01 
  991.000  9.799665e-01 
  992.000  9.818134e-01 
  993.000  9.824700e-01 
  994.000  9.884480e-01 
  995.000  9.919501e-01 
  996.000  9.918448e-01 
  997.000  9.897299e-01 
  998.000  9.866053e-01 
  999.000  9.854130e-01 
 1000.000  9.862545e-01 
 1001.000  9.797961e-01 
 1002.000  9.695429e-01 
 1003.000  9.718919e-01 
 1004.000  9.776832e-01 
 1005.000  9.802992e-01 
 1006.000  9.811004e-01 
 1007.000  9.790804e-01 
 1008.000  9.707216e-01 
 1009.000  9.596169e-01 
 1010.000  9.644784e-01 
 1011.000  9.761930e-01 
 1012.000  9.806415e-01 
 1013.000  9.841422e-01 
 1014.000  9.855833e-01 
 1015.000  9.858218e-01 
 1016.000  9.873760e-01 
 1017.000  9.882537e-01 
 1018.000  9.861941e-01 
 1019.000  9.820310e-01 
 1020.000  9.834210e-01 
 1021.000  9.863312e-01 
 1022.000  9.813036e-01 
 1023.000  9.771031e-01 
 1024.000  9.745736e-01 
 1025.000  9.821472e-01 
 1026.000  9.854801e-01 
 1027.000  9.840082e-01 
 1028.000  9.851538e-01 
 1029.000  9.884784e-01 
 1030.000  9.910322e-01 
 1031.000  9.925265e-01 
 1032.000  9.937004e-01 
 1033.000  9.940680e-01 
 1034.000  9.947692e-01 
 1035.000  9.950286e-01 
 1036.000  9.948533e-01 
 1037.000  9.950201e-01 
 1038.000  9.952974e-01 
 1039.000  9.947275e-01 
 1040.000  9.942603e-01 
 1041.000  9.938932e-01 
 1042.000  9.937896e-01 
 1043.000  9.937921e-01 
 1044.000  9.934891e-01 
 1045.000  9.924680e-01 
 1046.000  9.917931e-01 
 1047.000  9.910245e-01 
 1048.000  9.901787e-01 
 1049.000  9.894333e-01 
 1050.000  9.885107e-01 
 1051.000  9.871478e-01 
 1052.000  9.862391e-01 
 1053.000  9.860356e-01 
 1054.000  9.847717e-01 
 1055.000  9.833379e-01 
 1056.000  9.822021e-01 
 1057.000  9.793732e-01 
 1058.000  9.749726e-01 
 1059.000  9.745718e-01 
 1060.000  9.771351e-01 
 1061.000  9.764666e-01 
 1062.000  9.735098e-01 
 1063.000  9.722579e-01 
 1064.000  9.702376e-01 
 1065.000  9.669674e-01 
 1066.000  9.672021e-01 
 1067.000  9.654741e-01 
 1068.000  9.591060e-01 
 1069.000  9.557390e-01 
 1070.000  9.564987e-01 
 1071.000  9.522887e-01 
 1072.000  9.480460e-01 
 1073.000  9.471320e-01 
 1074.000  9.476421e-01 
 1075.000  9.536467e-01 
 1076.000  9.497006e-01 
 1077.000  9.444591e-01 
 1078.000  9.383219e-01 
 1079.000  9.374187e-01 
 1080.000  9.213042e-01 
 1081.000  9.203092e-01 
 1082.000  9.272286e-01 
 1083.000  9.186059e-01 
 1084.000  9.092598e-01 
 1085.000  8.873764e-01 
 1086.000  8.923003e-01 
 1087.000  9.161554e-01 
 1088.000  9.170603e-01 
 1089.000  8.876933e-01 
 1090.000  8.820738e-01 
 1091.000  8.873903e-01 
 1092.000  8.728322e-01 
 1093.000  8.410270e-01 
 1094.000  8.273166e-01 
 1095.000  8.293012e-01 
 1096.000  8.309069e-01 
 1097.000  8.242875e-01 
 1098.000  7.499838e-01 
 1099.000  6.890918e-01 
 1100.000  6.928996e-01 
 1101.000  7.008632e-01 
 1102.000  6.963820e-01 
 1103.000  7.013920e-01 
 1104.000  6.909773e-01 
 1105.000  6.657063e-01 
 1106.000  6.411994e-01 
 1107.000  6.463699e-01 
 1108.000  6.495913e-01 
 1109.000  6.689170e-01 
 1110.000  6.641496e-01 
 1111.000  6.513591e-01 
 1112.000  5.997032e-01 
 1113.000  5.309531e-01 
 1114.000  5.095103e-01 
 1115.000  4.314584e-01 
 1116.000  3.867555e-01 
 1117.000  2.959325e-01 
 1118.000  2.214338e-01 
 1119.000  1.847970e-01 
 1120.000  1.456137e-01 
 1121.000  1.372383e-01 
 1122.000  1.042192e-01 
 1123.000  1.199940e-01 
 1124.000  1.313525e-01 
 1125.000  1.248861e-01 
 1126.000  1.225988e-01 
 1127.000  1.259942e-01 
 1128.000  1.325511e-01 
 1129.000  1.688801e-01 
 1130.000  2.671072e-01 
 1131.000  2.995973e-01 
 1132.000  2.547747e-01 
 1133.000  1.843606e-01 
 1134.000  8.485914e-02 
 1135.000  9.134410e-02 
 1136.000  1.959423e-01 
 1137.000  2.699209e-01 
 1138.000  3.548802e-01 
 1139.000  3.873008e-01 
 1140.000  3.699937e-01 
 1141.000  3.377522e-01 
 1142.000  3.257383e-01 
 1143.000  2.897542e-01 
 1144.000  2.524268e-01 
 1145.000  2.027053e-01 
 1146.000  2.141377e-01 
 1147.000  2.538503e-01 
 1148.000  2.919762e-01 
 1149.000  3.090831e-01 
 1150.000  3.124080e-01 
 1151.000  3.400994e-01 
 1152.000  3.540581e-01 
 1153.000  3.744518e-01 
 1154.000  3.714776e-01 
 1155.000  4.114944e-01 
 1156.000  4.568972e-01 
 1157.000  5.550154e-01 
 1158.000  6.006455e-01 
 1159.000  6.417422e-01 
 1160.000  6.595778e-01 
 1161.000  7.021915e-01 
 1162.000  7.353341e-01 
 1163.000  7.756417e-01 
 1164.000  7.847308e-01 
 1165.000  7.892991e-01 
 1166.000  7.987326e-01 
 1167.000  8.045316e-01 
 1168.000  8.025234e-01 
 1169.000  8.086739e-01 
 1170.000  8.141418e-01 
 1171.000  8.283731e-01 
 1172.000  8.200491e-01 
 1173.000  8.119972e-01 
 1174.000  8.124958e-01 
 1175.000  8.347196e-01 
 1176.000  8.553885e-01 
 1177.000  8.455324e-01 
 1178.000  8.255630e-01 
 1179.000  8.255914e-01 
 1180.000  8.183925e-01 
 1181.000  8.000630e-01 
 1182.000  7.820974e-01 
 1183.000  7.842799e-01 
 1184.000  7.945542e-01 
 1185.000  8.200687e-01 
 1186.000  8.124955e-01 
 1187.000  7.867345e-01 
 1188.000  7.810591e-01 
 1189.000  7.972150e-01 
 1190.000  8.386338e-01 
 1191.000  8.511927e-01 
 1192.000  8.693650e-01 
 1193.000  8.654473e-01 
 1194.000  8.628100e-01 
 1195.000  8.450366e-01 
 1196.000  8.474644e-01 
 1197.000  8.388183e-01 
 1198.000  8.368507e-01 
 1199.000  8.260848e-01 
 1200.000  8.322281e-01 
