  250.000  0.000000e+00 
  251.000  0.000000e+00 
  252.000  0.000000e+00 
  253.000  0.000000e+00 
  254.000  0.000000e+00 
  255.000  0.000000e+00 
  256.000  0.000000e+00 
  257.000  0.000000e+00 
  258.000  0.000000e+00 
  259.000  0.000000e+00 
  260.000  0.000000e+00 
  261.000  0.000000e+00 
  262.000  0.000000e+00 
  263.000  0.000000e+00 
  264.000  0.000000e+00 
  265.000  0.000000e+00 
  266.000  0.000000e+00 
  267.000  0.000000e+00 
  268.000  0.000000e+00 
  269.000  0.000000e+00 
  270.000  0.000000e+00 
  271.000  0.000000e+00 
  272.000  0.000000e+00 
  273.000  0.000000e+00 
  274.000  0.000000e+00 
  275.000  0.000000e+00 
  276.000  0.000000e+00 
  277.000  0.000000e+00 
  278.000  0.000000e+00 
  279.000  0.000000e+00 
  280.000  0.000000e+00 
  281.000  0.000000e+00 
  282.000  0.000000e+00 
  283.000  0.000000e+00 
  284.000  0.000000e+00 
  285.000  0.000000e+00 
  286.000  0.000000e+00 
  287.000  0.000000e+00 
  288.000  0.000000e+00 
  289.000  0.000000e+00 
  290.000  0.000000e+00 
  291.000  0.000000e+00 
  292.000  5.047868e-06 
  293.000  1.625049e-05 
  294.000  7.656065e-05 
  295.000  2.066642e-04 
  296.000  7.104262e-04 
  297.000  1.568676e-03 
  298.000  4.294843e-03 
  299.000  7.422140e-03 
  300.000  1.499419e-02 
  301.000  2.643587e-02 
  302.000  3.944533e-02 
  303.000  6.693920e-02 
  304.000  8.304264e-02 
  305.000  1.272435e-01 
  306.000  1.579413e-01 
  307.000  2.058470e-01 
  308.000  2.442248e-01 
  309.000  2.799602e-01 
  310.000  3.636873e-01 
  311.000  3.982772e-01 
  312.000  4.582592e-01 
  313.000  5.119033e-01 
  314.000  5.311884e-01 
  315.000  6.097007e-01 
  316.000  6.315705e-01 
  317.000  6.710597e-01 
  318.000  7.002860e-01 
  319.000  7.913696e-01 
  320.000  7.103002e-01 
  321.000  8.504410e-01 
  322.000  7.827314e-01 
  323.000  8.456169e-01 
  324.000  9.068590e-01 
  325.000  8.442867e-01 
  326.000  9.197179e-01 
  327.000  9.329249e-01 
  328.000  8.729572e-01 
  329.000  9.584203e-01 
  330.000  9.631837e-01 
  331.000  9.242736e-01 
  332.000  9.703931e-01 
  333.000  9.767047e-01 
  334.000  9.541772e-01 
  335.000  9.843852e-01 
  336.000  9.908270e-01 
  337.000  9.750025e-01 
  338.000  9.842045e-01 
  339.000  9.938532e-01 
  340.000  9.820012e-01 
  341.000  9.911186e-01 
  342.000  9.954187e-01 
  343.000  9.933749e-01 
  344.000  9.863530e-01 
  345.000  9.950786e-01 
  346.000  9.975619e-01 
  347.000  9.981403e-01 
  348.000  9.982395e-01 
  349.000  9.993725e-01 
  350.000  9.992685e-01 
  351.000  9.991922e-01 
  352.000  9.978534e-01 
  353.000  9.991195e-01 
  354.000  9.991680e-01 
  355.000  9.987940e-01 
  356.000  9.983293e-01 
  357.000  9.972655e-01 
  358.000  9.967153e-01 
  359.000  9.961960e-01 
  360.000  9.958067e-01 
  361.000  9.969106e-01 
  362.000  9.983105e-01 
  363.000  9.991899e-01 
  364.000  9.995927e-01 
  365.000  9.996571e-01 
  366.000  9.999182e-01 
  367.000  9.999340e-01 
  368.000  9.999441e-01 
  369.000  9.999509e-01 
  370.000  9.999464e-01 
  371.000  9.999436e-01 
  372.000  9.999403e-01 
  373.000  9.999359e-01 
  374.000  9.998944e-01 
  375.000  9.998031e-01 
  376.000  9.995982e-01 
  377.000  9.991965e-01 
  378.000  9.985478e-01 
  379.000  9.980033e-01 
  380.000  9.978793e-01 
  381.000  9.983663e-01 
  382.000  9.990540e-01 
  383.000  9.995068e-01 
  384.000  9.997560e-01 
  385.000  9.998807e-01 
  386.000  9.999327e-01 
  387.000  9.999535e-01 
  388.000  9.999578e-01 
  389.000  9.999633e-01 
  390.000  9.999710e-01 
  391.000  9.999726e-01 
  392.000  9.999787e-01 
  393.000  9.999863e-01 
  394.000  9.999916e-01 
  395.000  9.999916e-01 
  396.000  9.999995e-01 
  397.000  9.999974e-01 
  398.000  9.999940e-01 
  399.000  9.999916e-01 
  400.000  9.999726e-01 
  401.000  9.999702e-01 
  402.000  9.999704e-01 
  403.000  9.999715e-01 
  404.000  9.999726e-01 
  405.000  9.999672e-01 
  406.000  9.999689e-01 
  407.000  9.999737e-01 
  408.000  9.999790e-01 
  409.000  9.999818e-01 
  410.000  9.999828e-01 
  411.000  9.999812e-01 
  412.000  9.999748e-01 
  413.000  9.999775e-01 
  414.000  9.997820e-01 
  415.000  9.998555e-01 
  416.000  9.999178e-01 
  417.000  9.999554e-01 
  418.000  9.999495e-01 
  419.000  9.999385e-01 
  420.000  9.999277e-01 
  421.000  9.999250e-01 
  422.000  9.999296e-01 
  423.000  9.999382e-01 
  424.000  9.999390e-01 
  425.000  9.999036e-01 
  426.000  9.998674e-01 
  427.000  9.998323e-01 
  428.000  9.997746e-01 
  429.000  9.997051e-01 
  430.000  9.996312e-01 
  431.000  9.995618e-01 
  432.000  9.994906e-01 
  433.000  9.994197e-01 
  434.000  9.993514e-01 
  435.000  9.992827e-01 
  436.000  9.992105e-01 
  437.000  9.991360e-01 
  438.000  9.990581e-01 
  439.000  9.989842e-01 
  440.000  9.988977e-01 
  441.000  9.988058e-01 
  442.000  9.987026e-01 
  443.000  9.985900e-01 
  444.000  9.984672e-01 
  445.000  9.983241e-01 
  446.000  9.981506e-01 
  447.000  9.980807e-01 
  448.000  9.981580e-01 
  449.000  9.982746e-01 
  450.000  9.983703e-01 
  451.000  9.984061e-01 
  452.000  9.983925e-01 
  453.000  9.983596e-01 
  454.000  9.983121e-01 
  455.000  9.981731e-01 
  456.000  9.979109e-01 
  457.000  9.976655e-01 
  458.000  9.974168e-01 
  459.000  9.971544e-01 
  460.000  9.968969e-01 
  461.000  9.966404e-01 
  462.000  9.963740e-01 
  463.000  9.961193e-01 
  464.000  9.963312e-01 
  465.000  9.965307e-01 
  466.000  9.967137e-01 
  467.000  9.968718e-01 
  468.000  9.967127e-01 
  469.000  9.963739e-01 
  470.000  9.959602e-01 
  471.000  9.954595e-01 
  472.000  9.948264e-01 
  473.000  9.939554e-01 
  474.000  9.930029e-01 
  475.000  9.917355e-01 
  476.000  9.901505e-01 
  477.000  9.887885e-01 
  478.000  9.887258e-01 
  479.000  9.893426e-01 
  480.000  9.901226e-01 
  481.000  9.907026e-01 
  482.000  9.911973e-01 
  483.000  9.914725e-01 
  484.000  9.915439e-01 
  485.000  9.914879e-01 
  486.000  9.915441e-01 
  487.000  9.916947e-01 
  488.000  9.918133e-01 
  489.000  9.919187e-01 
  490.000  9.920196e-01 
  491.000  9.918287e-01 
  492.000  9.915575e-01 
  493.000  9.912928e-01 
  494.000  9.910144e-01 
  495.000  9.907463e-01 
  496.000  9.900225e-01 
  497.000  9.892910e-01 
  498.000  9.885648e-01 
  499.000  9.878281e-01 
  500.000  9.870966e-01 
  501.000  9.863308e-01 
  502.000  9.855762e-01 
  503.000  9.848282e-01 
  504.000  9.840760e-01 
  505.000  9.833170e-01 
  506.000  9.832284e-01 
  507.000  9.831782e-01 
  508.000  9.831351e-01 
  509.000  9.830900e-01 
  510.000  9.830344e-01 
  511.000  9.828861e-01 
  512.000  9.827165e-01 
  513.000  9.825510e-01 
  514.000  9.823845e-01 
  515.000  9.822197e-01 
  516.000  9.818279e-01 
  517.000  9.812346e-01 
  518.000  9.806412e-01 
  519.000  9.800506e-01 
  520.000  9.794655e-01 
  521.000  9.788554e-01 
  522.000  9.781695e-01 
  523.000  9.774362e-01 
  524.000  9.767165e-01 
  525.000  9.759736e-01 
  526.000  9.752865e-01 
  527.000  9.744541e-01 
  528.000  9.735672e-01 
  529.000  9.726872e-01 
  530.000  9.718224e-01 
  531.000  9.709703e-01 
  532.000  9.701947e-01 
  533.000  9.698284e-01 
  534.000  9.695740e-01 
  535.000  9.693910e-01 
  536.000  9.691957e-01 
  537.000  9.689600e-01 
  538.000  9.686775e-01 
  539.000  9.683681e-01 
  540.000  9.680393e-01 
  541.000  9.677055e-01 
  542.000  9.673618e-01 
  543.000  9.670116e-01 
  544.000  9.665730e-01 
  545.000  9.660628e-01 
  546.000  9.655499e-01 
  547.000  9.650487e-01 
  548.000  9.645443e-01 
  549.000  9.640433e-01 
  550.000  9.634454e-01 
  551.000  9.627537e-01 
  552.000  9.620719e-01 
  553.000  9.613779e-01 
  554.000  9.606815e-01 
  555.000  9.599863e-01 
  556.000  9.592595e-01 
  557.000  9.584752e-01 
  558.000  9.576869e-01 
  559.000  9.568889e-01 
  560.000  9.560588e-01 
  561.000  9.551997e-01 
  562.000  9.541451e-01 
  563.000  9.532544e-01 
  564.000  9.522886e-01 
  565.000  9.511575e-01 
  566.000  9.501669e-01 
  567.000  9.484823e-01 
  568.000  9.448304e-01 
  569.000  9.380365e-01 
  570.000  9.382005e-01 
  571.000  9.416384e-01 
  572.000  9.367611e-01 
  573.000  9.370715e-01 
  574.000  9.366291e-01 
  575.000  9.357480e-01 
  576.000  9.355244e-01 
  577.000  9.366137e-01 
  578.000  9.382970e-01 
  579.000  9.398689e-01 
  580.000  9.414535e-01 
  581.000  9.438137e-01 
  582.000  9.453578e-01 
  583.000  9.462453e-01 
  584.000  9.470317e-01 
  585.000  9.475487e-01 
  586.000  9.480711e-01 
  587.000  9.464705e-01 
  588.000  9.381597e-01 
  589.000  9.248800e-01 
  590.000  9.239399e-01 
  591.000  9.328489e-01 
  592.000  9.279054e-01 
  593.000  9.380286e-01 
  594.000  9.356070e-01 
  595.000  9.282163e-01 
  596.000  9.377282e-01 
  597.000  9.346293e-01 
  598.000  9.379658e-01 
  599.000  9.388219e-01 
  600.000  9.417410e-01 
  601.000  9.433453e-01 
  602.000  9.433760e-01 
  603.000  9.440866e-01 
  604.000  9.452326e-01 
  605.000  9.459723e-01 
  606.000  9.464546e-01 
  607.000  9.469132e-01 
  608.000  9.473488e-01 
  609.000  9.477553e-01 
  610.000  9.481950e-01 
  611.000  9.487341e-01 
  612.000  9.492584e-01 
  613.000  9.497603e-01 
  614.000  9.502415e-01 
  615.000  9.507228e-01 
  616.000  9.511789e-01 
  617.000  9.515975e-01 
  618.000  9.518991e-01 
  619.000  9.521118e-01 
  620.000  9.522913e-01 
  621.000  9.524108e-01 
  622.000  9.524700e-01 
  623.000  9.524264e-01 
  624.000  9.523990e-01 
  625.000  9.523367e-01 
  626.000  9.518417e-01 
  627.000  9.479197e-01 
  628.000  9.205582e-01 
  629.000  9.372543e-01 
  630.000  9.399942e-01 
  631.000  9.449061e-01 
  632.000  9.450607e-01 
  633.000  9.505211e-01 
  634.000  9.533944e-01 
  635.000  9.547088e-01 
  636.000  9.564698e-01 
  637.000  9.579415e-01 
  638.000  9.605972e-01 
  639.000  9.616165e-01 
  640.000  9.633852e-01 
  641.000  9.643039e-01 
  642.000  9.655483e-01 
  643.000  9.649864e-01 
  644.000  9.655718e-01 
  645.000  9.643674e-01 
  646.000  9.577208e-01 
  647.000  9.531318e-01 
  648.000  9.479231e-01 
  649.000  9.532224e-01 
  650.000  9.630011e-01 
  651.000  9.633010e-01 
  652.000  9.552678e-01 
  653.000  9.651555e-01 
  654.000  9.644054e-01 
  655.000  9.612256e-01 
  656.000  9.627524e-01 
  657.000  9.649249e-01 
  658.000  9.684854e-01 
  659.000  9.706883e-01 
  660.000  9.718242e-01 
  661.000  9.744866e-01 
  662.000  9.758441e-01 
  663.000  9.759611e-01 
  664.000  9.766684e-01 
  665.000  9.773284e-01 
  666.000  9.781287e-01 
  667.000  9.788011e-01 
  668.000  9.795790e-01 
  669.000  9.801300e-01 
  670.000  9.806160e-01 
  671.000  9.811297e-01 
  672.000  9.815872e-01 
  673.000  9.820365e-01 
  674.000  9.824821e-01 
  675.000  9.829294e-01 
  676.000  9.833394e-01 
  677.000  9.836971e-01 
  678.000  9.840569e-01 
  679.000  9.843412e-01 
  680.000  9.842961e-01 
  681.000  9.841282e-01 
  682.000  9.842972e-01 
  683.000  9.843653e-01 
  684.000  9.839121e-01 
  685.000  9.846680e-01 
  686.000  9.811195e-01 
  687.000  8.598545e-01 
  688.000  8.975849e-01 
  689.000  8.868143e-01 
  690.000  9.063272e-01 
  691.000  9.326677e-01 
  692.000  9.496229e-01 
  693.000  9.480031e-01 
  694.000  9.425500e-01 
  695.000  9.516174e-01 
  696.000  9.566725e-01 
  697.000  9.766067e-01 
  698.000  9.725758e-01 
  699.000  9.547979e-01 
  700.000  9.577398e-01 
  701.000  9.537276e-01 
  702.000  9.566135e-01 
  703.000  9.714456e-01 
  704.000  9.720435e-01 
  705.000  9.658637e-01 
  706.000  9.669979e-01 
  707.000  9.691295e-01 
  708.000  9.714352e-01 
  709.000  9.762123e-01 
  710.000  9.710109e-01 
  711.000  9.762105e-01 
  712.000  9.806235e-01 
  713.000  9.769965e-01 
  714.000  9.757546e-01 
  715.000  9.699163e-01 
  716.000  9.639009e-01 
  717.000  9.250908e-01 
  718.000  9.009625e-01 
  719.000  8.922341e-01 
  720.000  8.787953e-01 
  721.000  9.365056e-01 
  722.000  9.566602e-01 
  723.000  9.452028e-01 
  724.000  9.124712e-01 
  725.000  9.173283e-01 
  726.000  9.156825e-01 
  727.000  9.202353e-01 
  728.000  9.150499e-01 
  729.000  9.275017e-01 
  730.000  9.251816e-01 
  731.000  9.224003e-01 
  732.000  9.433894e-01 
  733.000  9.632761e-01 
  734.000  9.727243e-01 
  735.000  9.692374e-01 
  736.000  9.628180e-01 
  737.000  9.674684e-01 
  738.000  9.738876e-01 
  739.000  9.765802e-01 
  740.000  9.826761e-01 
  741.000  9.861449e-01 
  742.000  9.875389e-01 
  743.000  9.906532e-01 
  744.000  9.920403e-01 
  745.000  9.930876e-01 
  746.000  9.938919e-01 
  747.000  9.940118e-01 
  748.000  9.948094e-01 
  749.000  9.951741e-01 
  750.000  9.948672e-01 
  751.000  9.949676e-01 
  752.000  9.956683e-01 
  753.000  9.959208e-01 
  754.000  9.961076e-01 
  755.000  9.962094e-01 
  756.000  9.963194e-01 
  757.000  9.963599e-01 
  758.000  9.947215e-01 
  759.000  9.308798e-01 
  760.000  4.470009e-01 
  761.000  4.000933e-01 
  762.000  6.835156e-01 
  763.000  5.960250e-01 
  764.000  6.392998e-01 
  765.000  7.371100e-01 
  766.000  8.542795e-01 
  767.000  9.130337e-01 
  768.000  9.513152e-01 
  769.000  9.764989e-01 
  770.000  9.899319e-01 
  771.000  9.962795e-01 
  772.000  9.977298e-01 
  773.000  9.983538e-01 
  774.000  9.991502e-01 
  775.000  9.995503e-01 
  776.000  9.998003e-01 
  777.000  9.998162e-01 
  778.000  9.997262e-01 
  779.000  9.996198e-01 
  780.000  9.995087e-01 
  781.000  9.997626e-01 
  782.000  9.996427e-01 
  783.000  9.995344e-01 
  784.000  9.991896e-01 
  785.000  9.977294e-01 
  786.000  9.955249e-01 
  787.000  9.908251e-01 
  788.000  9.882762e-01 
  789.000  9.793259e-01 
  790.000  9.784946e-01 
  791.000  9.801033e-01 
  792.000  9.815782e-01 
  793.000  9.851138e-01 
  794.000  9.926883e-01 
  795.000  9.879447e-01 
  796.000  9.753945e-01 
  797.000  9.788973e-01 
  798.000  9.867043e-01 
  799.000  9.848344e-01 
  800.000  9.790296e-01 
  801.000  9.796436e-01 
  802.000  9.789937e-01 
  803.000  9.797617e-01 
  804.000  9.823822e-01 
  805.000  9.874675e-01 
  806.000  9.904668e-01 
  807.000  9.905335e-01 
  808.000  9.887266e-01 
  809.000  9.865239e-01 
  810.000  9.841216e-01 
  811.000  9.792528e-01 
  812.000  9.727226e-01 
  813.000  9.647205e-01 
  814.000  9.541551e-01 
  815.000  9.410022e-01 
  816.000  9.239683e-01 
  817.000  9.248990e-01 
  818.000  9.262325e-01 
  819.000  9.317399e-01 
  820.000  9.503033e-01 
  821.000  9.713994e-01 
  822.000  9.552549e-01 
  823.000  9.098619e-01 
  824.000  9.480311e-01 
  825.000  9.722884e-01 
  826.000  9.680354e-01 
  827.000  9.649062e-01 
  828.000  9.488176e-01 
  829.000  9.545448e-01 
  830.000  9.609416e-01 
  831.000  9.623821e-01 
  832.000  9.629471e-01 
  833.000  9.665890e-01 
  834.000  9.708786e-01 
  835.000  9.794488e-01 
  836.000  9.765960e-01 
  837.000  9.762256e-01 
  838.000  9.803714e-01 
  839.000  9.828551e-01 
  840.000  9.837214e-01 
  841.000  9.808942e-01 
  842.000  9.833171e-01 
  843.000  9.891472e-01 
  844.000  9.917504e-01 
  845.000  9.929337e-01 
  846.000  9.941807e-01 
  847.000  9.954756e-01 
  848.000  9.931352e-01 
  849.000  9.933872e-01 
  850.000  9.921611e-01 
  851.000  9.907084e-01 
  852.000  9.907953e-01 
  853.000  9.930545e-01 
  854.000  9.928737e-01 
  855.000  9.939814e-01 
  856.000  9.962265e-01 
  857.000  9.971752e-01 
  858.000  9.976742e-01 
  859.000  9.987645e-01 
  860.000  9.993371e-01 
  861.000  9.993837e-01 
  862.000  9.996662e-01 
  863.000  9.996637e-01 
  864.000  9.998438e-01 
  865.000  9.999832e-01 
  866.000  9.999877e-01 
  867.000  9.999090e-01 
  868.000  9.998938e-01 
  869.000  9.999116e-01 
  870.000  9.998221e-01 
  871.000  9.998370e-01 
  872.000  9.999372e-01 
  873.000  9.997509e-01 
  874.000  9.996306e-01 
  875.000  9.995701e-01 
  876.000  9.992782e-01 
  877.000  9.991094e-01 
  878.000  9.982970e-01 
  879.000  9.982024e-01 
  880.000  9.975216e-01 
  881.000  9.971483e-01 
  882.000  9.967488e-01 
  883.000  9.970612e-01 
  884.000  9.971141e-01 
  885.000  9.957562e-01 
  886.000  9.940187e-01 
  887.000  9.952999e-01 
  888.000  9.951753e-01 
  889.000  9.955916e-01 
  890.000  9.944587e-01 
  891.000  9.923297e-01 
  892.000  9.876443e-01 
  893.000  9.733979e-01 
  894.000  9.662930e-01 
  895.000  9.444520e-01 
  896.000  9.248070e-01 
  897.000  9.040054e-01 
  898.000  8.942147e-01 
  899.000  8.662447e-01 
  900.000  8.703146e-01 
  901.000  8.629521e-01 
  902.000  8.641804e-01 
  903.000  9.109821e-01 
  904.000  9.391574e-01 
  905.000  9.380438e-01 
  906.000  9.203699e-01 
  907.000  8.889163e-01 
  908.000  8.680102e-01 
  909.000  8.689014e-01 
  910.000  8.720343e-01 
  911.000  8.858749e-01 
  912.000  8.791195e-01 
  913.000  8.497344e-01 
  914.000  8.642294e-01 
  915.000  8.755601e-01 
  916.000  8.785682e-01 
  917.000  8.846477e-01 
  918.000  8.925137e-01 
  919.000  9.193068e-01 
  920.000  9.393403e-01 
  921.000  9.348424e-01 
  922.000  9.344147e-01 
  923.000  9.287665e-01 
  924.000  9.152158e-01 
  925.000  9.141332e-01 
  926.000  9.139767e-01 
  927.000  8.982716e-01 
  928.000  8.739651e-01 
  929.000  8.385161e-01 
  930.000  7.927517e-01 
  931.000  7.405997e-01 
  932.000  6.713184e-01 
  933.000  6.175713e-01 
  934.000  5.605353e-01 
  935.000  5.545286e-01 
  936.000  5.776238e-01 
  937.000  5.715421e-01 
  938.000  6.342127e-01 
  939.000  7.898041e-01 
  940.000  8.119351e-01 
  941.000  7.924800e-01 
  942.000  7.444791e-01 
  943.000  6.624965e-01 
  944.000  6.567644e-01 
  945.000  6.868063e-01 
  946.000  6.882831e-01 
  947.000  7.143049e-01 
  948.000  7.294415e-01 
  949.000  7.272359e-01 
  950.000  7.310250e-01 
  951.000  7.646987e-01 
  952.000  7.282793e-01 
  953.000  7.534562e-01 
  954.000  7.801248e-01 
  955.000  7.580578e-01 
  956.000  7.527359e-01 
  957.000  8.199806e-01 
  958.000  8.283216e-01 
  959.000  8.170567e-01 
  960.000  8.136653e-01 
  961.000  8.079609e-01 
  962.000  8.128923e-01 
  963.000  8.490744e-01 
  964.000  8.541234e-01 
  965.000  8.505515e-01 
  966.000  8.523662e-01 
  967.000  8.777670e-01 
  968.000  9.196549e-01 
  969.000  9.382970e-01 
  970.000  9.392239e-01 
  971.000  9.387363e-01 
  972.000  9.334107e-01 
  973.000  9.210874e-01 
  974.000  9.059824e-01 
  975.000  8.962102e-01 
  976.000  9.080791e-01 
  977.000  9.275716e-01 
  978.000  9.259171e-01 
  979.000  9.308726e-01 
  980.000  9.505457e-01 
  981.000  9.548333e-01 
  982.000  9.503846e-01 
  983.000  9.603904e-01 
  984.000  9.706596e-01 
  985.000  9.764551e-01 
  986.000  9.839293e-01 
  987.000  9.871323e-01 
  988.000  9.878302e-01 
  989.000  9.882640e-01 
  990.000  9.890192e-01 
  991.000  9.917721e-01 
  992.000  9.925316e-01 
  993.000  9.927959e-01 
  994.000  9.951804e-01 
  995.000  9.968672e-01 
  996.000  9.968240e-01 
  997.000  9.957220e-01 
  998.000  9.943940e-01 
  999.000  9.940202e-01 
 1000.000  9.942569e-01 
 1001.000  9.916841e-01 
 1002.000  9.873850e-01 
 1003.000  9.883755e-01 
 1004.000  9.908090e-01 
 1005.000  9.919062e-01 
 1006.000  9.922310e-01 
 1007.000  9.913910e-01 
 1008.000  9.878806e-01 
 1009.000  9.831857e-01 
 1010.000  9.852371e-01 
 1011.000  9.901587e-01 
 1012.000  9.920117e-01 
 1013.000  9.934568e-01 
 1014.000  9.939198e-01 
 1015.000  9.940064e-01 
 1016.000  9.946575e-01 
 1017.000  9.950248e-01 
 1018.000  9.941389e-01 
 1019.000  9.925107e-01 
 1020.000  9.930826e-01 
 1021.000  9.941784e-01 
 1022.000  9.921795e-01 
 1023.000  9.904042e-01 
 1024.000  9.893261e-01 
 1025.000  9.924830e-01 
 1026.000  9.937350e-01 
 1027.000  9.930867e-01 
 1028.000  9.935458e-01 
 1029.000  9.948890e-01 
 1030.000  9.961274e-01 
 1031.000  9.967862e-01 
 1032.000  9.972492e-01 
 1033.000  9.972982e-01 
 1034.000  9.975946e-01 
 1035.000  9.976850e-01 
 1036.000  9.974801e-01 
 1037.000  9.974096e-01 
 1038.000  9.974770e-01 
 1039.000  9.972497e-01 
 1040.000  9.970297e-01 
 1041.000  9.968531e-01 
 1042.000  9.967775e-01 
 1043.000  9.967250e-01 
 1044.000  9.965469e-01 
 1045.000  9.961158e-01 
 1046.000  9.958051e-01 
 1047.000  9.954270e-01 
 1048.000  9.948646e-01 
 1049.000  9.942514e-01 
 1050.000  9.937648e-01 
 1051.000  9.931998e-01 
 1052.000  9.927393e-01 
 1053.000  9.925710e-01 
 1054.000  9.919329e-01 
 1055.000  9.913101e-01 
 1056.000  9.907063e-01 
 1057.000  9.893862e-01 
 1058.000  9.870786e-01 
 1059.000  9.870685e-01 
 1060.000  9.880103e-01 
 1061.000  9.876384e-01 
 1062.000  9.861138e-01 
 1063.000  9.853603e-01 
 1064.000  9.839996e-01 
 1065.000  9.826149e-01 
 1066.000  9.826772e-01 
 1067.000  9.818295e-01 
 1068.000  9.793034e-01 
 1069.000  9.784009e-01 
 1070.000  9.790815e-01 
 1071.000  9.775974e-01 
 1072.000  9.759762e-01 
 1073.000  9.757908e-01 
 1074.000  9.761938e-01 
 1075.000  9.789472e-01 
 1076.000  9.774406e-01 
 1077.000  9.753612e-01 
 1078.000  9.728857e-01 
 1079.000  9.726557e-01 
 1080.000  9.658058e-01 
 1081.000  9.654855e-01 
 1082.000  9.686072e-01 
 1083.000  9.650145e-01 
 1084.000  9.610467e-01 
 1085.000  9.514520e-01 
 1086.000  9.537743e-01 
 1087.000  9.644344e-01 
 1088.000  9.648817e-01 
 1089.000  9.520400e-01 
 1090.000  9.496640e-01 
 1091.000  9.521773e-01 
 1092.000  9.458297e-01 
 1093.000  9.314827e-01 
 1094.000  9.252133e-01 
 1095.000  9.262746e-01 
 1096.000  9.272762e-01 
 1097.000  9.244772e-01 
 1098.000  8.891157e-01 
 1099.000  8.586174e-01 
 1100.000  8.607352e-01 
 1101.000  8.650231e-01 
 1102.000  8.630710e-01 
 1103.000  8.659656e-01 
 1104.000  8.609319e-01 
 1105.000  8.481090e-01 
 1106.000  8.349851e-01 
 1107.000  8.384162e-01 
 1108.000  8.410459e-01 
 1109.000  8.525614e-01 
 1110.000  8.516253e-01 
 1111.000  8.456507e-01 
 1112.000  8.183479e-01 
 1113.000  7.808699e-01 
 1114.000  7.714089e-01 
 1115.000  7.246040e-01 
 1116.000  6.950495e-01 
 1117.000  6.242734e-01 
 1118.000  5.583018e-01 
 1119.000  5.231614e-01 
 1120.000  4.779820e-01 
 1121.000  4.679874e-01 
 1122.000  4.189892e-01 
 1123.000  4.465454e-01 
 1124.000  4.648346e-01 
 1125.000  4.554145e-01 
 1126.000  4.515087e-01 
 1127.000  4.553422e-01 
 1128.000  4.628384e-01 
 1129.000  5.099680e-01 
 1130.000  6.172446e-01 
 1131.000  6.474087e-01 
 1132.000  6.062957e-01 
 1133.000  5.286162e-01 
 1134.000  3.814365e-01 
 1135.000  3.928291e-01 
 1136.000  5.392734e-01 
 1137.000  6.153013e-01 
 1138.000  6.860996e-01 
 1139.000  7.061476e-01 
 1140.000  6.928130e-01 
 1141.000  6.650426e-01 
 1142.000  6.554509e-01 
 1143.000  6.250681e-01 
 1144.000  5.901818e-01 
 1145.000  5.389601e-01 
 1146.000  5.511042e-01 
 1147.000  5.909563e-01 
 1148.000  6.257817e-01 
 1149.000  6.394565e-01 
 1150.000  6.395013e-01 
 1151.000  6.595694e-01 
 1152.000  6.692742e-01 
 1153.000  6.836631e-01 
 1154.000  6.786243e-01 
 1155.000  7.054603e-01 
 1156.000  7.355842e-01 
 1157.000  7.961876e-01 
 1158.000  8.201210e-01 
 1159.000  8.404282e-01 
 1160.000  8.487113e-01 
 1161.000  8.702005e-01 
 1162.000  8.854306e-01 
 1163.000  9.040231e-01 
 1164.000  9.084138e-01 
 1165.000  9.095899e-01 
 1166.000  9.133624e-01 
 1167.000  9.156454e-01 
 1168.000  9.146931e-01 
 1169.000  9.173101e-01 
 1170.000  9.197037e-01 
 1171.000  9.262317e-01 
 1172.000  9.223470e-01 
 1173.000  9.184932e-01 
 1174.000  9.187152e-01 
 1175.000  9.290968e-01 
 1176.000  9.386157e-01 
 1177.000  9.341463e-01 
 1178.000  9.249551e-01 
 1179.000  9.249686e-01 
 1180.000  9.216551e-01 
 1181.000  9.130358e-01 
 1182.000  9.044469e-01 
 1183.000  9.054935e-01 
 1184.000  9.104286e-01 
 1185.000  9.224480e-01 
 1186.000  9.188935e-01 
 1187.000  9.065499e-01 
 1188.000  9.037117e-01 
 1189.000  9.113833e-01 
 1190.000  9.307656e-01 
 1191.000  9.364730e-01 
 1192.000  9.446467e-01 
 1193.000  9.428735e-01 
 1194.000  9.416121e-01 
 1195.000  9.334875e-01 
 1196.000  9.346037e-01 
 1197.000  9.306375e-01 
 1198.000  9.297522e-01 
 1199.000  9.247687e-01 
 1200.000  9.276412e-01 
