  250.000  0.000000e+00 
  251.000  0.000000e+00 
  252.000  0.000000e+00 
  253.000  0.000000e+00 
  254.000  0.000000e+00 
  255.000  0.000000e+00 
  256.000  0.000000e+00 
  257.000  0.000000e+00 
  258.000  0.000000e+00 
  259.000  0.000000e+00 
  260.000  0.000000e+00 
  261.000  0.000000e+00 
  262.000  0.000000e+00 
  263.000  0.000000e+00 
  264.000  0.000000e+00 
  265.000  0.000000e+00 
  266.000  0.000000e+00 
  267.000  0.000000e+00 
  268.000  0.000000e+00 
  269.000  0.000000e+00 
  270.000  0.000000e+00 
  271.000  0.000000e+00 
  272.000  0.000000e+00 
  273.000  0.000000e+00 
  274.000  0.000000e+00 
  275.000  0.000000e+00 
  276.000  0.000000e+00 
  277.000  0.000000e+00 
  278.000  0.000000e+00 
  279.000  0.000000e+00 
  280.000  0.000000e+00 
  281.000  0.000000e+00 
  282.000  0.000000e+00 
  283.000  0.000000e+00 
  284.000  0.000000e+00 
  285.000  0.000000e+00 
  286.000  0.000000e+00 
  287.000  0.000000e+00 
  288.000  0.000000e+00 
  289.000  0.000000e+00 
  290.000  0.000000e+00 
  291.000  0.000000e+00 
  292.000  1.289916e-05 
  293.000  3.795436e-05 
  294.000  1.587160e-04 
  295.000  3.969232e-04 
  296.000  1.240823e-03 
  297.000  2.577873e-03 
  298.000  6.531732e-03 
  299.000  1.082268e-02 
  300.000  2.071270e-02 
  301.000  3.495935e-02 
  302.000  5.058200e-02 
  303.000  8.241624e-02 
  304.000  1.005615e-01 
  305.000  1.491110e-01 
  306.000  1.820330e-01 
  307.000  2.324603e-01 
  308.000  2.721967e-01 
  309.000  3.087645e-01 
  310.000  3.931139e-01 
  311.000  4.275042e-01 
  312.000  4.866084e-01 
  313.000  5.389619e-01 
  314.000  5.576778e-01 
  315.000  6.333535e-01 
  316.000  6.542956e-01 
  317.000  6.919700e-01 
  318.000  7.197428e-01 
  319.000  8.057427e-01 
  320.000  7.292383e-01 
  321.000  8.611051e-01 
  322.000  7.976207e-01 
  323.000  8.565953e-01 
  324.000  9.137049e-01 
  325.000  8.553514e-01 
  326.000  9.256577e-01 
  327.000  9.379209e-01 
  328.000  8.821287e-01 
  329.000  9.615565e-01 
  330.000  9.659669e-01 
  331.000  9.298893e-01 
  332.000  9.726391e-01 
  333.000  9.784773e-01 
  334.000  9.576263e-01 
  335.000  9.855776e-01 
  336.000  9.915296e-01 
  337.000  9.769030e-01 
  338.000  9.854106e-01 
  339.000  9.943247e-01 
  340.000  9.833742e-01 
  341.000  9.917990e-01 
  342.000  9.957705e-01 
  343.000  9.938830e-01 
  344.000  9.873961e-01 
  345.000  9.954563e-01 
  346.000  9.977492e-01 
  347.000  9.982832e-01 
  348.000  9.983748e-01 
  349.000  9.994208e-01 
  350.000  9.993247e-01 
  351.000  9.992543e-01 
  352.000  9.980184e-01 
  353.000  9.991872e-01 
  354.000  9.992321e-01 
  355.000  9.988867e-01 
  356.000  9.984577e-01 
  357.000  9.974755e-01 
  358.000  9.969676e-01 
  359.000  9.964880e-01 
  360.000  9.961287e-01 
  361.000  9.971480e-01 
  362.000  9.984403e-01 
  363.000  9.992521e-01 
  364.000  9.996240e-01 
  365.000  9.996834e-01 
  366.000  9.999245e-01 
  367.000  9.999391e-01 
  368.000  9.999484e-01 
  369.000  9.999547e-01 
  370.000  9.999505e-01 
  371.000  9.999479e-01 
  372.000  9.999449e-01 
  373.000  9.999408e-01 
  374.000  9.999025e-01 
  375.000  9.998183e-01 
  376.000  9.996291e-01 
  377.000  9.992583e-01 
  378.000  9.986594e-01 
  379.000  9.981567e-01 
  380.000  9.980423e-01 
  381.000  9.984918e-01 
  382.000  9.991267e-01 
  383.000  9.995447e-01 
  384.000  9.997748e-01 
  385.000  9.998899e-01 
  386.000  9.999379e-01 
  387.000  9.999571e-01 
  388.000  9.999610e-01 
  389.000  9.999661e-01 
  390.000  9.999732e-01 
  391.000  9.999747e-01 
  392.000  9.999803e-01 
  393.000  9.999874e-01 
  394.000  9.999923e-01 
  395.000  9.999923e-01 
  396.000  9.999995e-01 
  397.000  9.999976e-01 
  398.000  9.999945e-01 
  399.000  9.999923e-01 
  400.000  9.999747e-01 
  401.000  9.999725e-01 
  402.000  9.999727e-01 
  403.000  9.999737e-01 
  404.000  9.999747e-01 
  405.000  9.999698e-01 
  406.000  9.999713e-01 
  407.000  9.999757e-01 
  408.000  9.999806e-01 
  409.000  9.999831e-01 
  410.000  9.999841e-01 
  411.000  9.999827e-01 
  412.000  9.999767e-01 
  413.000  9.999792e-01 
  414.000  9.997988e-01 
  415.000  9.998665e-01 
  416.000  9.999241e-01 
  417.000  9.999588e-01 
  418.000  9.999534e-01 
  419.000  9.999433e-01 
  420.000  9.999333e-01 
  421.000  9.999308e-01 
  422.000  9.999350e-01 
  423.000  9.999430e-01 
  424.000  9.999437e-01 
  425.000  9.999111e-01 
  426.000  9.998776e-01 
  427.000  9.998451e-01 
  428.000  9.997920e-01 
  429.000  9.997278e-01 
  430.000  9.996595e-01 
  431.000  9.995955e-01 
  432.000  9.995298e-01 
  433.000  9.994644e-01 
  434.000  9.994013e-01 
  435.000  9.993378e-01 
  436.000  9.992713e-01 
  437.000  9.992024e-01 
  438.000  9.991305e-01 
  439.000  9.990622e-01 
  440.000  9.989825e-01 
  441.000  9.988976e-01 
  442.000  9.988023e-01 
  443.000  9.986984e-01 
  444.000  9.985850e-01 
  445.000  9.984528e-01 
  446.000  9.982927e-01 
  447.000  9.982282e-01 
  448.000  9.982996e-01 
  449.000  9.984073e-01 
  450.000  9.984956e-01 
  451.000  9.985286e-01 
  452.000  9.985160e-01 
  453.000  9.984857e-01 
  454.000  9.984419e-01 
  455.000  9.983135e-01 
  456.000  9.980715e-01 
  457.000  9.978448e-01 
  458.000  9.976153e-01 
  459.000  9.973730e-01 
  460.000  9.971352e-01 
  461.000  9.968985e-01 
  462.000  9.966524e-01 
  463.000  9.964173e-01 
  464.000  9.966128e-01 
  465.000  9.967971e-01 
  466.000  9.969661e-01 
  467.000  9.971121e-01 
  468.000  9.969652e-01 
  469.000  9.966524e-01 
  470.000  9.962704e-01 
  471.000  9.958081e-01 
  472.000  9.952233e-01 
  473.000  9.944190e-01 
  474.000  9.935394e-01 
  475.000  9.923688e-01 
  476.000  9.909047e-01 
  477.000  9.896464e-01 
  478.000  9.895885e-01 
  479.000  9.901583e-01 
  480.000  9.908789e-01 
  481.000  9.914147e-01 
  482.000  9.918717e-01 
  483.000  9.921259e-01 
  484.000  9.921919e-01 
  485.000  9.921401e-01 
  486.000  9.921920e-01 
  487.000  9.923310e-01 
  488.000  9.924407e-01 
  489.000  9.925381e-01 
  490.000  9.926312e-01 
  491.000  9.924549e-01 
  492.000  9.922044e-01 
  493.000  9.919600e-01 
  494.000  9.917027e-01 
  495.000  9.914551e-01 
  496.000  9.907866e-01 
  497.000  9.901107e-01 
  498.000  9.894398e-01 
  499.000  9.887592e-01 
  500.000  9.880832e-01 
  501.000  9.873756e-01 
  502.000  9.866782e-01 
  503.000  9.859871e-01 
  504.000  9.852918e-01 
  505.000  9.845904e-01 
  506.000  9.845085e-01 
  507.000  9.844621e-01 
  508.000  9.844223e-01 
  509.000  9.843807e-01 
  510.000  9.843292e-01 
  511.000  9.841921e-01 
  512.000  9.840354e-01 
  513.000  9.838824e-01 
  514.000  9.837285e-01 
  515.000  9.835761e-01 
  516.000  9.832139e-01 
  517.000  9.826655e-01 
  518.000  9.821170e-01 
  519.000  9.815709e-01 
  520.000  9.810300e-01 
  521.000  9.804659e-01 
  522.000  9.798317e-01 
  523.000  9.791538e-01 
  524.000  9.784881e-01 
  525.000  9.778011e-01 
  526.000  9.771657e-01 
  527.000  9.763958e-01 
  528.000  9.755755e-01 
  529.000  9.747614e-01 
  530.000  9.739615e-01 
  531.000  9.731731e-01 
  532.000  9.724556e-01 
  533.000  9.721166e-01 
  534.000  9.718813e-01 
  535.000  9.717119e-01 
  536.000  9.715312e-01 
  537.000  9.713132e-01 
  538.000  9.710517e-01 
  539.000  9.707653e-01 
  540.000  9.704611e-01 
  541.000  9.701523e-01 
  542.000  9.698342e-01 
  543.000  9.695100e-01 
  544.000  9.691042e-01 
  545.000  9.686319e-01 
  546.000  9.681574e-01 
  547.000  9.676934e-01 
  548.000  9.672264e-01 
  549.000  9.667627e-01 
  550.000  9.662091e-01 
  551.000  9.655689e-01 
  552.000  9.649377e-01 
  553.000  9.642951e-01 
  554.000  9.636503e-01 
  555.000  9.630067e-01 
  556.000  9.623336e-01 
  557.000  9.616073e-01 
  558.000  9.608772e-01 
  559.000  9.601380e-01 
  560.000  9.593690e-01 
  561.000  9.585729e-01 
  562.000  9.575415e-01 
  563.000  9.567116e-01 
  564.000  9.558032e-01 
  565.000  9.547163e-01 
  566.000  9.538235e-01 
  567.000  9.520893e-01 
  568.000  9.478817e-01 
  569.000  9.396361e-01 
  570.000  9.402313e-01 
  571.000  9.450774e-01 
  572.000  9.392377e-01 
  573.000  9.400445e-01 
  574.000  9.398435e-01 
  575.000  9.390043e-01 
  576.000  9.388071e-01 
  577.000  9.402989e-01 
  578.000  9.423228e-01 
  579.000  9.440092e-01 
  580.000  9.454604e-01 
  581.000  9.477540e-01 
  582.000  9.491765e-01 
  583.000  9.498944e-01 
  584.000  9.505185e-01 
  585.000  9.508811e-01 
  586.000  9.512443e-01 
  587.000  9.489605e-01 
  588.000  9.382471e-01 
  589.000  9.214199e-01 
  590.000  9.202085e-01 
  591.000  9.314150e-01 
  592.000  9.251815e-01 
  593.000  9.379552e-01 
  594.000  9.349061e-01 
  595.000  9.256034e-01 
  596.000  9.378524e-01 
  597.000  9.342582e-01 
  598.000  9.387922e-01 
  599.000  9.401954e-01 
  600.000  9.442141e-01 
  601.000  9.466445e-01 
  602.000  9.469551e-01 
  603.000  9.479464e-01 
  604.000  9.491901e-01 
  605.000  9.499685e-01 
  606.000  9.504402e-01 
  607.000  9.508876e-01 
  608.000  9.512955e-01 
  609.000  9.516749e-01 
  610.000  9.520828e-01 
  611.000  9.525824e-01 
  612.000  9.530686e-01 
  613.000  9.535336e-01 
  614.000  9.539796e-01 
  615.000  9.544256e-01 
  616.000  9.548482e-01 
  617.000  9.552361e-01 
  618.000  9.555156e-01 
  619.000  9.557127e-01 
  620.000  9.558790e-01 
  621.000  9.559895e-01 
  622.000  9.560445e-01 
  623.000  9.560041e-01 
  624.000  9.559783e-01 
  625.000  9.559198e-01 
  626.000  9.553242e-01 
  627.000  9.507681e-01 
  628.000  9.245932e-01 
  629.000  9.399807e-01 
  630.000  9.434838e-01 
  631.000  9.481889e-01 
  632.000  9.471470e-01 
  633.000  9.532914e-01 
  634.000  9.560990e-01 
  635.000  9.571176e-01 
  636.000  9.588711e-01 
  637.000  9.602435e-01 
  638.000  9.631153e-01 
  639.000  9.640109e-01 
  640.000  9.658477e-01 
  641.000  9.665692e-01 
  642.000  9.678584e-01 
  643.000  9.668993e-01 
  644.000  9.673904e-01 
  645.000  9.656965e-01 
  646.000  9.569548e-01 
  647.000  9.509606e-01 
  648.000  9.442105e-01 
  649.000  9.506747e-01 
  650.000  9.628174e-01 
  651.000  9.630419e-01 
  652.000  9.527813e-01 
  653.000  9.650764e-01 
  654.000  9.639832e-01 
  655.000  9.598293e-01 
  656.000  9.616032e-01 
  657.000  9.642092e-01 
  658.000  9.685555e-01 
  659.000  9.711879e-01 
  660.000  9.724711e-01 
  661.000  9.757110e-01 
  662.000  9.773111e-01 
  663.000  9.773026e-01 
  664.000  9.780611e-01 
  665.000  9.787467e-01 
  666.000  9.795642e-01 
  667.000  9.802565e-01 
  668.000  9.810737e-01 
  669.000  9.816127e-01 
  670.000  9.820722e-01 
  671.000  9.825659e-01 
  672.000  9.829910e-01 
  673.000  9.834063e-01 
  674.000  9.838176e-01 
  675.000  9.842310e-01 
  676.000  9.846072e-01 
  677.000  9.849361e-01 
  678.000  9.852675e-01 
  679.000  9.855081e-01 
  680.000  9.853527e-01 
  681.000  9.850572e-01 
  682.000  9.851914e-01 
  683.000  9.851126e-01 
  684.000  9.844669e-01 
  685.000  9.853103e-01 
  686.000  9.817914e-01 
  687.000  8.656265e-01 
  688.000  9.020442e-01 
  689.000  8.914216e-01 
  690.000  9.102705e-01 
  691.000  9.348812e-01 
  692.000  9.495522e-01 
  693.000  9.433874e-01 
  694.000  9.340780e-01 
  695.000  9.441674e-01 
  696.000  9.499106e-01 
  697.000  9.742587e-01 
  698.000  9.691405e-01 
  699.000  9.471162e-01 
  700.000  9.506668e-01 
  701.000  9.456646e-01 
  702.000  9.491626e-01 
  703.000  9.674070e-01 
  704.000  9.680926e-01 
  705.000  9.604241e-01 
  706.000  9.617904e-01 
  707.000  9.643876e-01 
  708.000  9.672021e-01 
  709.000  9.730709e-01 
  710.000  9.666048e-01 
  711.000  9.729945e-01 
  712.000  9.784160e-01 
  713.000  9.738818e-01 
  714.000  9.722950e-01 
  715.000  9.649989e-01 
  716.000  9.574499e-01 
  717.000  9.096787e-01 
  718.000  8.801598e-01 
  719.000  8.694693e-01 
  720.000  8.532216e-01 
  721.000  9.233275e-01 
  722.000  9.480290e-01 
  723.000  9.339033e-01 
  724.000  8.938529e-01 
  725.000  8.996974e-01 
  726.000  8.976899e-01 
  727.000  9.032285e-01 
  728.000  8.969142e-01 
  729.000  9.120932e-01 
  730.000  9.092807e-01 
  731.000  9.059115e-01 
  732.000  9.315662e-01 
  733.000  9.560255e-01 
  734.000  9.676916e-01 
  735.000  9.633841e-01 
  736.000  9.554731e-01 
  737.000  9.612082e-01 
  738.000  9.691328e-01 
  739.000  9.724647e-01 
  740.000  9.800101e-01 
  741.000  9.843093e-01 
  742.000  9.860392e-01 
  743.000  9.899994e-01 
  744.000  9.916537e-01 
  745.000  9.929522e-01 
  746.000  9.939457e-01 
  747.000  9.941170e-01 
  748.000  9.950180e-01 
  749.000  9.954272e-01 
  750.000  9.950289e-01 
  751.000  9.951205e-01 
  752.000  9.959343e-01 
  753.000  9.962088e-01 
  754.000  9.964046e-01 
  755.000  9.964980e-01 
  756.000  9.966014e-01 
  757.000  9.966388e-01 
  758.000  9.951046e-01 
  759.000  9.339199e-01 
  760.000  4.631726e-01 
  761.000  4.165944e-01 
  762.000  6.951237e-01 
  763.000  6.098100e-01 
  764.000  6.520662e-01 
  765.000  7.471336e-01 
  766.000  8.602883e-01 
  767.000  9.167648e-01 
  768.000  9.534734e-01 
  769.000  9.775855e-01 
  770.000  9.903721e-01 
  771.000  9.964791e-01 
  772.000  9.978701e-01 
  773.000  9.984597e-01 
  774.000  9.991909e-01 
  775.000  9.995622e-01 
  776.000  9.997993e-01 
  777.000  9.997942e-01 
  778.000  9.996763e-01 
  779.000  9.995467e-01 
  780.000  9.994145e-01 
  781.000  9.997166e-01 
  782.000  9.995735e-01 
  783.000  9.994442e-01 
  784.000  9.990324e-01 
  785.000  9.972412e-01 
  786.000  9.945948e-01 
  787.000  9.887058e-01 
  788.000  9.855699e-01 
  789.000  9.745888e-01 
  790.000  9.735658e-01 
  791.000  9.755348e-01 
  792.000  9.773446e-01 
  793.000  9.816834e-01 
  794.000  9.909844e-01 
  795.000  9.851562e-01 
  796.000  9.697741e-01 
  797.000  9.740617e-01 
  798.000  9.836324e-01 
  799.000  9.813403e-01 
  800.000  9.742242e-01 
  801.000  9.749761e-01 
  802.000  9.741799e-01 
  803.000  9.751222e-01 
  804.000  9.783376e-01 
  805.000  9.845765e-01 
  806.000  9.882629e-01 
  807.000  9.883453e-01 
  808.000  9.861243e-01 
  809.000  9.834149e-01 
  810.000  9.804594e-01 
  811.000  9.744772e-01 
  812.000  9.664575e-01 
  813.000  9.566472e-01 
  814.000  9.437224e-01 
  815.000  9.276617e-01 
  816.000  9.070087e-01 
  817.000  9.081015e-01 
  818.000  9.097086e-01 
  819.000  9.164005e-01 
  820.000  9.389548e-01 
  821.000  9.646845e-01 
  822.000  9.449860e-01 
  823.000  8.900260e-01 
  824.000  9.362100e-01 
  825.000  9.657977e-01 
  826.000  9.606376e-01 
  827.000  9.568163e-01 
  828.000  9.372087e-01 
  829.000  9.441773e-01 
  830.000  9.519812e-01 
  831.000  9.537511e-01 
  832.000  9.544714e-01 
  833.000  9.589313e-01 
  834.000  9.641911e-01 
  835.000  9.746994e-01 
  836.000  9.712151e-01 
  837.000  9.707747e-01 
  838.000  9.758563e-01 
  839.000  9.789076e-01 
  840.000  9.799719e-01 
  841.000  9.765096e-01 
  842.000  9.794825e-01 
  843.000  9.866385e-01 
  844.000  9.898409e-01 
  845.000  9.912969e-01 
  846.000  9.928317e-01 
  847.000  9.945329e-01 
  848.000  9.915471e-01 
  849.000  9.918559e-01 
  850.000  9.903482e-01 
  851.000  9.885637e-01 
  852.000  9.886703e-01 
  853.000  9.914464e-01 
  854.000  9.912266e-01 
  855.000  9.925892e-01 
  856.000  9.954312e-01 
  857.000  9.966074e-01 
  858.000  9.972066e-01 
  859.000  9.985657e-01 
  860.000  9.992083e-01 
  861.000  9.992641e-01 
  862.000  9.996007e-01 
  863.000  9.995977e-01 
  864.000  9.998122e-01 
  865.000  9.999782e-01 
  866.000  9.999835e-01 
  867.000  9.998907e-01 
  868.000  9.998728e-01 
  869.000  9.998937e-01 
  870.000  9.997881e-01 
  871.000  9.998057e-01 
  872.000  9.999235e-01 
  873.000  9.997038e-01 
  874.000  9.995617e-01 
  875.000  9.994900e-01 
  876.000  9.991456e-01 
  877.000  9.989465e-01 
  878.000  9.979960e-01 
  879.000  9.978845e-01 
  880.000  9.970509e-01 
  881.000  9.965495e-01 
  882.000  9.960663e-01 
  883.000  9.964429e-01 
  884.000  9.965634e-01 
  885.000  9.949061e-01 
  886.000  9.926895e-01 
  887.000  9.942886e-01 
  888.000  9.942198e-01 
  889.000  9.946308e-01 
  890.000  9.933456e-01 
  891.000  9.905952e-01 
  892.000  9.848540e-01 
  893.000  9.674734e-01 
  894.000  9.587958e-01 
  895.000  9.323249e-01 
  896.000  9.085730e-01 
  897.000  8.835076e-01 
  898.000  8.717481e-01 
  899.000  8.385063e-01 
  900.000  8.432780e-01 
  901.000  8.345800e-01 
  902.000  8.361010e-01 
  903.000  8.917905e-01 
  904.000  9.256418e-01 
  905.000  9.243465e-01 
  906.000  9.031104e-01 
  907.000  8.655310e-01 
  908.000  8.407024e-01 
  909.000  8.417265e-01 
  910.000  8.454256e-01 
  911.000  8.618438e-01 
  912.000  8.538316e-01 
  913.000  8.191244e-01 
  914.000  8.362266e-01 
  915.000  8.496657e-01 
  916.000  8.532655e-01 
  917.000  8.605258e-01 
  918.000  8.699217e-01 
  919.000  9.019659e-01 
  920.000  9.260970e-01 
  921.000  9.207134e-01 
  922.000  9.202096e-01 
  923.000  9.134156e-01 
  924.000  8.971429e-01 
  925.000  8.957718e-01 
  926.000  8.953919e-01 
  927.000  8.764368e-01 
  928.000  8.472549e-01 
  929.000  8.050383e-01 
  930.000  7.511716e-01 
  931.000  6.906983e-01 
  932.000  6.112986e-01 
  933.000  5.515172e-01 
  934.000  4.896364e-01 
  935.000  4.830407e-01 
  936.000  5.076207e-01 
  937.000  5.012864e-01 
  938.000  5.698980e-01 
  939.000  7.457492e-01 
  940.000  7.715616e-01 
  941.000  7.491412e-01 
  942.000  6.940799e-01 
  943.000  6.017895e-01 
  944.000  5.953193e-01 
  945.000  6.286568e-01 
  946.000  6.304434e-01 
  947.000  6.599559e-01 
  948.000  6.772097e-01 
  949.000  6.748692e-01 
  950.000  6.792465e-01 
  951.000  7.177942e-01 
  952.000  6.764354e-01 
  953.000  7.053036e-01 
  954.000  7.361462e-01 
  955.000  7.109829e-01 
  956.000  7.052155e-01 
  957.000  7.831260e-01 
  958.000  7.930662e-01 
  959.000  7.800724e-01 
  960.000  7.762445e-01 
  961.000  7.697013e-01 
  962.000  7.755378e-01 
  963.000  8.179852e-01 
  964.000  8.240100e-01 
  965.000  8.198962e-01 
  966.000  8.221287e-01 
  967.000  8.522361e-01 
  968.000  9.022828e-01 
  969.000  9.247534e-01 
  970.000  9.259123e-01 
  971.000  9.253371e-01 
  972.000  9.189155e-01 
  973.000  9.041047e-01 
  974.000  8.860266e-01 
  975.000  8.743752e-01 
  976.000  8.885422e-01 
  977.000  9.119075e-01 
  978.000  9.099605e-01 
  979.000  9.159598e-01 
  980.000  9.396942e-01 
  981.000  9.449059e-01 
  982.000  9.395697e-01 
  983.000  9.516990e-01 
  984.000  9.641690e-01 
  985.000  9.712254e-01 
  986.000  9.803341e-01 
  987.000  9.842506e-01 
  988.000  9.851139e-01 
  989.000  9.856521e-01 
  990.000  9.865792e-01 
  991.000  9.899402e-01 
  992.000  9.908686e-01 
  993.000  9.911929e-01 
  994.000  9.942256e-01 
  995.000  9.962001e-01 
  996.000  9.961482e-01 
  997.000  9.947982e-01 
  998.000  9.932873e-01 
  999.000  9.926866e-01 
 1000.000  9.931208e-01 
 1001.000  9.898365e-01 
 1002.000  9.845970e-01 
 1003.000  9.858029e-01 
 1004.000  9.887679e-01 
 1005.000  9.901047e-01 
 1006.000  9.905146e-01 
 1007.000  9.894907e-01 
 1008.000  9.852156e-01 
 1009.000  9.795080e-01 
 1010.000  9.820087e-01 
 1011.000  9.880104e-01 
 1012.000  9.902753e-01 
 1013.000  9.920495e-01 
 1014.000  9.927741e-01 
 1015.000  9.928891e-01 
 1016.000  9.936757e-01 
 1017.000  9.940394e-01 
 1018.000  9.930741e-01 
 1019.000  9.909558e-01 
 1020.000  9.916646e-01 
 1021.000  9.931474e-01 
 1022.000  9.905893e-01 
 1023.000  9.884434e-01 
 1024.000  9.871483e-01 
 1025.000  9.910112e-01 
 1026.000  9.927021e-01 
 1027.000  9.919464e-01 
 1028.000  9.925204e-01 
 1029.000  9.941329e-01 
 1030.000  9.956694e-01 
 1031.000  9.964492e-01 
 1032.000  9.970505e-01 
 1033.000  9.972001e-01 
 1034.000  9.975410e-01 
 1035.000  9.976996e-01 
 1036.000  9.975461e-01 
 1037.000  9.975368e-01 
 1038.000  9.976292e-01 
 1039.000  9.973872e-01 
 1040.000  9.971690e-01 
 1041.000  9.969953e-01 
 1042.000  9.969314e-01 
 1043.000  9.969013e-01 
 1044.000  9.967390e-01 
 1045.000  9.962912e-01 
 1046.000  9.959799e-01 
 1047.000  9.956113e-01 
 1048.000  9.951200e-01 
 1049.000  9.946132e-01 
 1050.000  9.941418e-01 
 1051.000  9.934782e-01 
 1052.000  9.930252e-01 
 1053.000  9.929577e-01 
 1054.000  9.922863e-01 
 1055.000  9.915990e-01 
 1056.000  9.910197e-01 
 1057.000  9.896013e-01 
 1058.000  9.869814e-01 
 1059.000  9.871094e-01 
 1060.000  9.883573e-01 
 1061.000  9.880351e-01 
 1062.000  9.863428e-01 
 1063.000  9.856400e-01 
 1064.000  9.841630e-01 
 1065.000  9.825466e-01 
 1066.000  9.825648e-01 
 1067.000  9.816588e-01 
 1068.000  9.783655e-01 
 1069.000  9.768693e-01 
 1070.000  9.774110e-01 
 1071.000  9.753489e-01 
 1072.000  9.732035e-01 
 1073.000  9.727951e-01 
 1074.000  9.731084e-01 
 1075.000  9.762855e-01 
 1076.000  9.742948e-01 
 1077.000  9.716225e-01 
 1078.000  9.684786e-01 
 1079.000  9.680659e-01 
 1080.000  9.596519e-01 
 1081.000  9.591646e-01 
 1082.000  9.628574e-01 
 1083.000  9.583980e-01 
 1084.000  9.535095e-01 
 1085.000  9.418405e-01 
 1086.000  9.445651e-01 
 1087.000  9.573804e-01 
 1088.000  9.578649e-01 
 1089.000  9.422754e-01 
 1090.000  9.393394e-01 
 1091.000  9.423065e-01 
 1092.000  9.345694e-01 
 1093.000  9.172561e-01 
 1094.000  9.096941e-01 
 1095.000  9.109164e-01 
 1096.000  9.120491e-01 
 1097.000  9.086056e-01 
 1098.000  8.663325e-01 
 1099.000  8.301520e-01 
 1100.000  8.326033e-01 
 1101.000  8.376142e-01 
 1102.000  8.352138e-01 
 1103.000  8.385629e-01 
 1104.000  8.325545e-01 
 1105.000  8.173607e-01 
 1106.000  8.019500e-01 
 1107.000  8.058296e-01 
 1108.000  8.087194e-01 
 1109.000  8.219963e-01 
 1110.000  8.205653e-01 
 1111.000  8.133625e-01 
 1112.000  7.811939e-01 
 1113.000  7.372171e-01 
 1114.000  7.255903e-01 
 1115.000  6.713519e-01 
 1116.000  6.375972e-01 
 1117.000  5.588817e-01 
 1118.000  4.868090e-01 
 1119.000  4.487562e-01 
 1120.000  4.012174e-01 
 1121.000  3.907231e-01 
 1122.000  3.411526e-01 
 1123.000  3.683217e-01 
 1124.000  3.865940e-01 
 1125.000  3.770173e-01 
 1126.000  3.731507e-01 
 1127.000  3.772391e-01 
 1128.000  3.852106e-01 
 1129.000  4.338984e-01 
 1130.000  5.476138e-01 
 1131.000  5.804238e-01 
 1132.000  5.355956e-01 
 1133.000  4.533735e-01 
 1134.000  3.047648e-01 
 1135.000  3.159793e-01 
 1136.000  4.650635e-01 
 1137.000  5.463630e-01 
 1138.000  6.245986e-01 
 1139.000  6.479394e-01 
 1140.000  6.330566e-01 
 1141.000  6.026241e-01 
 1142.000  5.919774e-01 
 1143.000  5.585467e-01 
 1144.000  5.207762e-01 
 1145.000  4.661546e-01 
 1146.000  4.790489e-01 
 1147.000  5.217236e-01 
 1148.000  5.595639e-01 
 1149.000  5.747567e-01 
 1150.000  5.753288e-01 
 1151.000  5.979692e-01 
 1152.000  6.089839e-01 
 1153.000  6.252493e-01 
 1154.000  6.201592e-01 
 1155.000  6.507015e-01 
 1156.000  6.849854e-01 
 1157.000  7.546861e-01 
 1158.000  7.829673e-01 
 1159.000  8.071855e-01 
 1160.000  8.171671e-01 
 1161.000  8.426483e-01 
 1162.000  8.609937e-01 
 1163.000  8.833496e-01 
 1164.000  8.885847e-01 
 1165.000  8.901945e-01 
 1166.000  8.948479e-01 
 1167.000  8.976718e-01 
 1168.000  8.965337e-01 
 1169.000  8.997220e-01 
 1170.000  9.026238e-01 
 1171.000  9.104671e-01 
 1172.000  9.058136e-01 
 1173.000  9.012158e-01 
 1174.000  9.014840e-01 
 1175.000  9.139189e-01 
 1176.000  9.253467e-01 
 1177.000  9.199666e-01 
 1178.000  9.089314e-01 
 1179.000  9.089475e-01 
 1180.000  9.049688e-01 
 1181.000  8.946537e-01 
 1182.000  8.844020e-01 
 1183.000  8.856507e-01 
 1184.000  8.915368e-01 
 1185.000  9.059168e-01 
 1186.000  9.016616e-01 
 1187.000  8.869355e-01 
 1188.000  8.835732e-01 
 1189.000  8.927404e-01 
 1190.000  9.159502e-01 
 1191.000  9.228167e-01 
 1192.000  9.326681e-01 
 1193.000  9.305335e-01 
 1194.000  9.290290e-01 
 1195.000  9.192639e-01 
 1196.000  9.206039e-01 
 1197.000  9.158400e-01 
 1198.000  9.147730e-01 
 1199.000  9.087958e-01 
 1200.000  9.122422e-01 
