  250.000  0.000000e+00 
  251.000  0.000000e+00 
  252.000  0.000000e+00 
  253.000  0.000000e+00 
  254.000  0.000000e+00 
  255.000  0.000000e+00 
  256.000  0.000000e+00 
  257.000  0.000000e+00 
  258.000  0.000000e+00 
  259.000  0.000000e+00 
  260.000  0.000000e+00 
  261.000  0.000000e+00 
  262.000  0.000000e+00 
  263.000  0.000000e+00 
  264.000  0.000000e+00 
  265.000  0.000000e+00 
  266.000  0.000000e+00 
  267.000  0.000000e+00 
  268.000  0.000000e+00 
  269.000  0.000000e+00 
  270.000  0.000000e+00 
  271.000  0.000000e+00 
  272.000  0.000000e+00 
  273.000  0.000000e+00 
  274.000  0.000000e+00 
  275.000  0.000000e+00 
  276.000  0.000000e+00 
  277.000  0.000000e+00 
  278.000  0.000000e+00 
  279.000  0.000000e+00 
  280.000  0.000000e+00 
  281.000  0.000000e+00 
  282.000  0.000000e+00 
  283.000  0.000000e+00 
  284.000  0.000000e+00 
  285.000  0.000000e+00 
  286.000  0.000000e+00 
  287.000  0.000000e+00 
  288.000  0.000000e+00 
  289.000  0.000000e+00 
  290.000  0.000000e+00 
  291.000  0.000000e+00 
  292.000  4.632784e-08 
  293.000  2.338258e-07 
  294.000  1.999544e-06 
  295.000  7.907875e-06 
  296.000  4.370839e-05 
  297.000  1.308857e-04 
  298.000  5.278888e-04 
  299.000  1.125906e-03 
  300.000  2.980953e-03 
  301.000  6.536497e-03 
  302.000  1.137611e-02 
  303.000  2.366024e-02 
  304.000  3.188950e-02 
  305.000  5.757906e-02 
  306.000  7.766494e-02 
  307.000  1.120787e-01 
  308.000  1.420117e-01 
  309.000  1.715699e-01 
  310.000  2.464776e-01 
  311.000  2.795185e-01 
  312.000  3.394449e-01 
  313.000  3.956737e-01 
  314.000  4.164617e-01 
  315.000  5.040450e-01 
  316.000  5.292502e-01 
  317.000  5.756134e-01 
  318.000  6.106129e-01 
  319.000  7.232601e-01 
  320.000  6.227363e-01 
  321.000  7.990689e-01 
  322.000  7.123520e-01 
  323.000  7.927998e-01 
  324.000  8.733913e-01 
  325.000  7.910736e-01 
  326.000  8.905855e-01 
  327.000  9.083418e-01 
  328.000  8.285103e-01 
  329.000  9.428925e-01 
  330.000  9.493873e-01 
  331.000  8.966994e-01 
  332.000  9.592407e-01 
  333.000  9.678903e-01 
  334.000  9.371176e-01 
  335.000  9.784446e-01 
  336.000  9.873213e-01 
  337.000  9.655553e-01 
  338.000  9.781959e-01 
  339.000  9.914991e-01 
  340.000  9.751652e-01 
  341.000  9.877236e-01 
  342.000  9.936623e-01 
  343.000  9.908386e-01 
  344.000  9.811538e-01 
  345.000  9.931923e-01 
  346.000  9.966256e-01 
  347.000  9.974260e-01 
  348.000  9.975631e-01 
  349.000  9.991312e-01 
  350.000  9.989873e-01 
  351.000  9.988818e-01 
  352.000  9.970290e-01 
  353.000  9.987811e-01 
  354.000  9.988483e-01 
  355.000  9.983305e-01 
  356.000  9.976875e-01 
  357.000  9.962158e-01 
  358.000  9.954548e-01 
  359.000  9.947368e-01 
  360.000  9.941986e-01 
  361.000  9.957250e-01 
  362.000  9.976615e-01 
  363.000  9.988784e-01 
  364.000  9.994361e-01 
  365.000  9.995252e-01 
  366.000  9.998868e-01 
  367.000  9.999086e-01 
  368.000  9.999226e-01 
  369.000  9.999320e-01 
  370.000  9.999258e-01 
  371.000  9.999218e-01 
  372.000  9.999174e-01 
  373.000  9.999112e-01 
  374.000  9.998538e-01 
  375.000  9.997274e-01 
  376.000  9.994437e-01 
  377.000  9.988877e-01 
  378.000  9.979899e-01 
  379.000  9.972364e-01 
  380.000  9.970649e-01 
  381.000  9.977386e-01 
  382.000  9.986904e-01 
  383.000  9.993172e-01 
  384.000  9.996622e-01 
  385.000  9.998348e-01 
  386.000  9.999068e-01 
  387.000  9.999357e-01 
  388.000  9.999416e-01 
  389.000  9.999492e-01 
  390.000  9.999598e-01 
  391.000  9.999620e-01 
  392.000  9.999704e-01 
  393.000  9.999810e-01 
  394.000  9.999883e-01 
  395.000  9.999883e-01 
  396.000  9.999993e-01 
  397.000  9.999964e-01 
  398.000  9.999917e-01 
  399.000  9.999883e-01 
  400.000  9.999620e-01 
  401.000  9.999588e-01 
  402.000  9.999591e-01 
  403.000  9.999605e-01 
  404.000  9.999620e-01 
  405.000  9.999546e-01 
  406.000  9.999569e-01 
  407.000  9.999636e-01 
  408.000  9.999710e-01 
  409.000  9.999747e-01 
  410.000  9.999762e-01 
  411.000  9.999740e-01 
  412.000  9.999651e-01 
  413.000  9.999688e-01 
  414.000  9.996981e-01 
  415.000  9.997998e-01 
  416.000  9.998862e-01 
  417.000  9.999382e-01 
  418.000  9.999301e-01 
  419.000  9.999148e-01 
  420.000  9.998999e-01 
  421.000  9.998962e-01 
  422.000  9.999025e-01 
  423.000  9.999144e-01 
  424.000  9.999156e-01 
  425.000  9.998665e-01 
  426.000  9.998164e-01 
  427.000  9.997678e-01 
  428.000  9.996879e-01 
  429.000  9.995917e-01 
  430.000  9.994894e-01 
  431.000  9.993933e-01 
  432.000  9.992948e-01 
  433.000  9.991966e-01 
  434.000  9.991021e-01 
  435.000  9.990069e-01 
  436.000  9.989071e-01 
  437.000  9.988039e-01 
  438.000  9.986960e-01 
  439.000  9.985937e-01 
  440.000  9.984741e-01 
  441.000  9.983468e-01 
  442.000  9.982041e-01 
  443.000  9.980482e-01 
  444.000  9.978783e-01 
  445.000  9.976802e-01 
  446.000  9.974402e-01 
  447.000  9.973435e-01 
  448.000  9.974504e-01 
  449.000  9.976118e-01 
  450.000  9.977443e-01 
  451.000  9.977937e-01 
  452.000  9.977749e-01 
  453.000  9.977295e-01 
  454.000  9.976637e-01 
  455.000  9.974713e-01 
  456.000  9.971086e-01 
  457.000  9.967690e-01 
  458.000  9.964251e-01 
  459.000  9.960620e-01 
  460.000  9.957058e-01 
  461.000  9.953513e-01 
  462.000  9.949828e-01 
  463.000  9.946308e-01 
  464.000  9.949237e-01 
  465.000  9.951995e-01 
  466.000  9.954526e-01 
  467.000  9.956713e-01 
  468.000  9.954512e-01 
  469.000  9.949827e-01 
  470.000  9.944109e-01 
  471.000  9.937186e-01 
  472.000  9.928436e-01 
  473.000  9.916402e-01 
  474.000  9.903248e-01 
  475.000  9.885750e-01 
  476.000  9.863880e-01 
  477.000  9.845098e-01 
  478.000  9.844235e-01 
  479.000  9.852738e-01 
  480.000  9.863498e-01 
  481.000  9.871497e-01 
  482.000  9.878325e-01 
  483.000  9.882122e-01 
  484.000  9.883106e-01 
  485.000  9.882334e-01 
  486.000  9.883110e-01 
  487.000  9.885187e-01 
  488.000  9.886825e-01 
  489.000  9.888280e-01 
  490.000  9.889671e-01 
  491.000  9.887037e-01 
  492.000  9.883295e-01 
  493.000  9.879642e-01 
  494.000  9.875799e-01 
  495.000  9.872101e-01 
  496.000  9.862117e-01 
  497.000  9.852027e-01 
  498.000  9.842016e-01 
  499.000  9.831861e-01 
  500.000  9.821783e-01 
  501.000  9.811233e-01 
  502.000  9.800841e-01 
  503.000  9.790545e-01 
  504.000  9.780190e-01 
  505.000  9.769749e-01 
  506.000  9.768530e-01 
  507.000  9.767839e-01 
  508.000  9.767246e-01 
  509.000  9.766627e-01 
  510.000  9.765862e-01 
  511.000  9.763821e-01 
  512.000  9.761488e-01 
  513.000  9.759212e-01 
  514.000  9.756923e-01 
  515.000  9.754655e-01 
  516.000  9.749268e-01 
  517.000  9.741113e-01 
  518.000  9.732957e-01 
  519.000  9.724841e-01 
  520.000  9.716804e-01 
  521.000  9.708424e-01 
  522.000  9.699006e-01 
  523.000  9.688941e-01 
  524.000  9.679064e-01 
  525.000  9.668872e-01 
  526.000  9.659448e-01 
  527.000  9.648036e-01 
  528.000  9.635879e-01 
  529.000  9.623821e-01 
  530.000  9.611976e-01 
  531.000  9.600309e-01 
  532.000  9.589692e-01 
  533.000  9.584680e-01 
  534.000  9.581198e-01 
  535.000  9.578694e-01 
  536.000  9.576023e-01 
  537.000  9.572799e-01 
  538.000  9.568934e-01 
  539.000  9.564700e-01 
  540.000  9.560205e-01 
  541.000  9.555642e-01 
  542.000  9.550943e-01 
  543.000  9.546155e-01 
  544.000  9.540161e-01 
  545.000  9.533188e-01 
  546.000  9.526183e-01 
  547.000  9.519336e-01 
  548.000  9.512447e-01 
  549.000  9.505606e-01 
  550.000  9.497443e-01 
  551.000  9.488004e-01 
  552.000  9.478703e-01 
  553.000  9.469235e-01 
  554.000  9.459740e-01 
  555.000  9.450263e-01 
  556.000  9.440358e-01 
  557.000  9.429672e-01 
  558.000  9.418936e-01 
  559.000  9.408071e-01 
  560.000  9.396777e-01 
  561.000  9.385101e-01 
  562.000  9.372671e-01 
  563.000  9.360723e-01 
  564.000  9.348070e-01 
  565.000  9.334061e-01 
  566.000  9.319717e-01 
  567.000  9.302886e-01 
  568.000  9.278638e-01 
  569.000  9.247445e-01 
  570.000  9.235653e-01 
  571.000  9.232023e-01 
  572.000  9.205421e-01 
  573.000  9.192138e-01 
  574.000  9.179717e-01 
  575.000  9.168487e-01 
  576.000  9.165170e-01 
  577.000  9.168328e-01 
  578.000  9.176225e-01 
  579.000  9.190313e-01 
  580.000  9.212456e-01 
  581.000  9.239872e-01 
  582.000  9.261113e-01 
  583.000  9.277709e-01 
  584.000  9.291170e-01 
  585.000  9.302272e-01 
  586.000  9.311635e-01 
  587.000  9.313282e-01 
  588.000  9.298061e-01 
  589.000  9.269496e-01 
  590.000  9.267961e-01 
  591.000  9.288647e-01 
  592.000  9.278818e-01 
  593.000  9.301459e-01 
  594.000  9.295750e-01 
  595.000  9.278633e-01 
  596.000  9.291903e-01 
  597.000  9.274405e-01 
  598.000  9.272211e-01 
  599.000  9.264429e-01 
  600.000  9.260609e-01 
  601.000  9.255712e-01 
  602.000  9.245926e-01 
  603.000  9.246891e-01 
  604.000  9.254879e-01 
  605.000  9.261669e-01 
  606.000  9.267349e-01 
  607.000  9.272787e-01 
  608.000  9.278551e-01 
  609.000  9.283973e-01 
  610.000  9.289929e-01 
  611.000  9.297240e-01 
  612.000  9.304354e-01 
  613.000  9.311165e-01 
  614.000  9.317698e-01 
  615.000  9.324233e-01 
  616.000  9.330428e-01 
  617.000  9.336114e-01 
  618.000  9.340211e-01 
  619.000  9.343101e-01 
  620.000  9.345540e-01 
  621.000  9.347162e-01 
  622.000  9.347968e-01 
  623.000  9.347377e-01 
  624.000  9.347011e-01 
  625.000  9.346191e-01 
  626.000  9.344282e-01 
  627.000  9.322688e-01 
  628.000  8.997332e-01 
  629.000  9.213015e-01 
  630.000  9.219144e-01 
  631.000  9.274497e-01 
  632.000  9.313101e-01 
  633.000  9.354610e-01 
  634.000  9.386314e-01 
  635.000  9.410317e-01 
  636.000  9.432130e-01 
  637.000  9.451903e-01 
  638.000  9.473962e-01 
  639.000  9.490446e-01 
  640.000  9.508658e-01 
  641.000  9.523818e-01 
  642.000  9.536952e-01 
  643.000  9.543535e-01 
  644.000  9.553211e-01 
  645.000  9.556821e-01 
  646.000  9.546741e-01 
  647.000  9.542162e-01 
  648.000  9.537835e-01 
  649.000  9.555507e-01 
  650.000  9.586021e-01 
  651.000  9.591854e-01 
  652.000  9.576691e-01 
  653.000  9.607100e-01 
  654.000  9.610853e-01 
  655.000  9.606779e-01 
  656.000  9.615948e-01 
  657.000  9.626405e-01 
  658.000  9.640226e-01 
  659.000  9.650229e-01 
  660.000  9.658577e-01 
  661.000  9.672023e-01 
  662.000  9.681196e-01 
  663.000  9.686120e-01 
  664.000  9.693013e-01 
  665.000  9.699654e-01 
  666.000  9.706658e-01 
  667.000  9.713369e-01 
  668.000  9.720548e-01 
  669.000  9.727063e-01 
  670.000  9.733379e-01 
  671.000  9.739764e-01 
  672.000  9.745976e-01 
  673.000  9.752153e-01 
  674.000  9.758307e-01 
  675.000  9.764455e-01 
  676.000  9.770198e-01 
  677.000  9.775189e-01 
  678.000  9.780178e-01 
  679.000  9.784916e-01 
  680.000  9.788589e-01 
  681.000  9.791859e-01 
  682.000  9.796200e-01 
  683.000  9.800016e-01 
  684.000  9.802071e-01 
  685.000  9.808303e-01 
  686.000  9.767555e-01 
  687.000  8.332543e-01 
  688.000  8.769172e-01 
  689.000  8.651663e-01 
  690.000  8.877480e-01 
  691.000  9.209145e-01 
  692.000  9.460335e-01 
  693.000  9.589909e-01 
  694.000  9.659109e-01 
  695.000  9.720926e-01 
  696.000  9.752092e-01 
  697.000  9.815599e-01 
  698.000  9.808264e-01 
  699.000  9.763443e-01 
  700.000  9.774368e-01 
  701.000  9.764904e-01 
  702.000  9.775407e-01 
  703.000  9.817931e-01 
  704.000  9.821788e-01 
  705.000  9.807821e-01 
  706.000  9.812428e-01 
  707.000  9.819905e-01 
  708.000  9.827862e-01 
  709.000  9.839873e-01 
  710.000  9.829351e-01 
  711.000  9.842533e-01 
  712.000  9.856128e-01 
  713.000  9.847658e-01 
  714.000  9.845311e-01 
  715.000  9.833866e-01 
  716.000  9.819129e-01 
  717.000  9.708222e-01 
  718.000  9.638677e-01 
  719.000  9.614664e-01 
  720.000  9.575085e-01 
  721.000  9.750743e-01 
  722.000  9.811556e-01 
  723.000  9.780087e-01 
  724.000  9.685028e-01 
  725.000  9.701345e-01 
  726.000  9.697046e-01 
  727.000  9.711317e-01 
  728.000  9.696378e-01 
  729.000  9.734159e-01 
  730.000  9.727681e-01 
  731.000  9.719774e-01 
  732.000  9.782597e-01 
  733.000  9.841041e-01 
  734.000  9.868789e-01 
  735.000  9.859360e-01 
  736.000  9.841032e-01 
  737.000  9.854555e-01 
  738.000  9.873137e-01 
  739.000  9.877324e-01 
  740.000  9.896017e-01 
  741.000  9.905698e-01 
  742.000  9.908988e-01 
  743.000  9.918334e-01 
  744.000  9.923431e-01 
  745.000  9.927290e-01 
  746.000  9.930254e-01 
  747.000  9.931628e-01 
  748.000  9.935355e-01 
  749.000  9.937648e-01 
  750.000  9.937774e-01 
  751.000  9.939211e-01 
  752.000  9.942577e-01 
  753.000  9.944499e-01 
  754.000  9.946206e-01 
  755.000  9.947636e-01 
  756.000  9.949091e-01 
  757.000  9.949650e-01 
  758.000  9.928173e-01 
  759.000  9.170529e-01 
  760.000  3.801621e-01 
  761.000  3.327981e-01 
  762.000  6.329913e-01 
  763.000  5.370315e-01 
  764.000  5.841918e-01 
  765.000  6.930759e-01 
  766.000  8.273708e-01 
  767.000  8.961622e-01 
  768.000  9.414775e-01 
  769.000  9.714973e-01 
  770.000  9.879280e-01 
  771.000  9.953290e-01 
  772.000  9.970437e-01 
  773.000  9.978211e-01 
  774.000  9.989189e-01 
  775.000  9.994651e-01 
  776.000  9.997857e-01 
  777.000  9.998853e-01 
  778.000  9.998963e-01 
  779.000  9.998708e-01 
  780.000  9.998331e-01 
  781.000  9.999197e-01 
  782.000  9.998790e-01 
  783.000  9.998424e-01 
  784.000  9.997259e-01 
  785.000  9.991815e-01 
  786.000  9.983380e-01 
  787.000  9.969544e-01 
  788.000  9.962466e-01 
  789.000  9.938232e-01 
  790.000  9.935760e-01 
  791.000  9.940628e-01 
  792.000  9.942420e-01 
  793.000  9.952298e-01 
  794.000  9.974648e-01 
  795.000  9.961445e-01 
  796.000  9.926351e-01 
  797.000  9.936953e-01 
  798.000  9.957450e-01 
  799.000  9.951394e-01 
  800.000  9.937346e-01 
  801.000  9.939203e-01 
  802.000  9.937239e-01 
  803.000  9.939548e-01 
  804.000  9.944887e-01 
  805.000  9.959844e-01 
  806.000  9.968367e-01 
  807.000  9.968583e-01 
  808.000  9.962557e-01 
  809.000  9.956820e-01 
  810.000  9.949141e-01 
  811.000  9.938179e-01 
  812.000  9.918639e-01 
  813.000  9.894569e-01 
  814.000  9.862584e-01 
  815.000  9.822540e-01 
  816.000  9.769520e-01 
  817.000  9.772721e-01 
  818.000  9.776948e-01 
  819.000  9.793959e-01 
  820.000  9.851354e-01 
  821.000  9.915879e-01 
  822.000  9.866581e-01 
  823.000  9.724608e-01 
  824.000  9.844198e-01 
  825.000  9.918371e-01 
  826.000  9.905131e-01 
  827.000  9.895598e-01 
  828.000  9.846273e-01 
  829.000  9.863943e-01 
  830.000  9.883484e-01 
  831.000  9.887784e-01 
  832.000  9.889254e-01 
  833.000  9.900248e-01 
  834.000  9.913143e-01 
  835.000  9.938926e-01 
  836.000  9.930227e-01 
  837.000  9.929000e-01 
  838.000  9.941491e-01 
  839.000  9.945037e-01 
  840.000  9.947821e-01 
  841.000  9.940225e-01 
  842.000  9.946455e-01 
  843.000  9.963992e-01 
  844.000  9.972648e-01 
  845.000  9.975394e-01 
  846.000  9.979743e-01 
  847.000  9.983216e-01 
  848.000  9.976074e-01 
  849.000  9.976969e-01 
  850.000  9.973994e-01 
  851.000  9.969143e-01 
  852.000  9.969434e-01 
  853.000  9.975810e-01 
  854.000  9.975153e-01 
  855.000  9.979023e-01 
  856.000  9.986153e-01 
  857.000  9.989795e-01 
  858.000  9.991599e-01 
  859.000  9.995815e-01 
  860.000  9.997760e-01 
  861.000  9.997917e-01 
  862.000  9.998877e-01 
  863.000  9.998868e-01 
  864.000  9.999481e-01 
  865.000  9.999956e-01 
  866.000  9.999971e-01 
  867.000  9.999687e-01 
  868.000  9.999632e-01 
  869.000  9.999698e-01 
  870.000  9.999376e-01 
  871.000  9.999430e-01 
  872.000  9.999791e-01 
  873.000  9.999121e-01 
  874.000  9.998689e-01 
  875.000  9.998474e-01 
  876.000  9.997426e-01 
  877.000  9.996820e-01 
  878.000  9.993643e-01 
  879.000  9.993291e-01 
  880.000  9.990522e-01 
  881.000  9.988907e-01 
  882.000  9.987351e-01 
  883.000  9.988579e-01 
  884.000  9.988981e-01 
  885.000  9.983501e-01 
  886.000  9.977953e-01 
  887.000  9.981890e-01 
  888.000  9.981430e-01 
  889.000  9.982796e-01 
  890.000  9.980221e-01 
  891.000  9.973444e-01 
  892.000  9.958816e-01 
  893.000  9.917428e-01 
  894.000  9.895333e-01 
  895.000  9.825698e-01 
  896.000  9.762638e-01 
  897.000  9.695200e-01 
  898.000  9.663172e-01 
  899.000  9.568478e-01 
  900.000  9.582853e-01 
  901.000  9.557425e-01 
  902.000  9.560983e-01 
  903.000  9.718859e-01 
  904.000  9.811093e-01 
  905.000  9.807059e-01 
  906.000  9.749198e-01 
  907.000  9.644403e-01 
  908.000  9.573451e-01 
  909.000  9.576802e-01 
  910.000  9.587630e-01 
  911.000  9.634777e-01 
  912.000  9.611748e-01 
  913.000  9.510272e-01 
  914.000  9.560483e-01 
  915.000  9.599081e-01 
  916.000  9.609030e-01 
  917.000  9.629286e-01 
  918.000  9.655490e-01 
  919.000  9.744483e-01 
  920.000  9.809535e-01 
  921.000  9.794582e-01 
  922.000  9.793070e-01 
  923.000  9.774612e-01 
  924.000  9.730129e-01 
  925.000  9.727182e-01 
  926.000  9.728376e-01 
  927.000  9.677808e-01 
  928.000  9.598312e-01 
  929.000  9.479550e-01 
  930.000  9.320757e-01 
  931.000  9.131458e-01 
  932.000  8.872235e-01 
  933.000  8.651668e-01 
  934.000  8.398906e-01 
  935.000  8.373511e-01 
  936.000  8.481994e-01 
  937.000  8.451352e-01 
  938.000  8.720926e-01 
  939.000  9.330318e-01 
  940.000  9.408810e-01 
  941.000  9.336996e-01 
  942.000  9.157288e-01 
  943.000  8.831812e-01 
  944.000  8.809432e-01 
  945.000  8.934122e-01 
  946.000  8.938515e-01 
  947.000  9.039299e-01 
  948.000  9.097102e-01 
  949.000  9.086778e-01 
  950.000  9.100649e-01 
  951.000  9.227787e-01 
  952.000  9.086655e-01 
  953.000  9.181269e-01 
  954.000  9.278897e-01 
  955.000  9.194292e-01 
  956.000  9.170651e-01 
  957.000  9.416223e-01 
  958.000  9.443975e-01 
  959.000  9.402169e-01 
  960.000  9.388743e-01 
  961.000  9.367190e-01 
  962.000  9.384015e-01 
  963.000  9.511421e-01 
  964.000  9.528239e-01 
  965.000  9.514910e-01 
  966.000  9.520311e-01 
  967.000  9.607013e-01 
  968.000  9.746541e-01 
  969.000  9.806948e-01 
  970.000  9.809607e-01 
  971.000  9.807926e-01 
  972.000  9.790683e-01 
  973.000  9.750389e-01 
  974.000  9.700303e-01 
  975.000  9.667536e-01 
  976.000  9.707222e-01 
  977.000  9.771551e-01 
  978.000  9.765776e-01 
  979.000  9.781606e-01 
  980.000  9.845248e-01 
  981.000  9.858791e-01 
  982.000  9.844126e-01 
  983.000  9.876022e-01 
  984.000  9.908579e-01 
  985.000  9.926798e-01 
  986.000  9.946170e-01 
  987.000  9.956899e-01 
  988.000  9.959148e-01 
  989.000  9.960531e-01 
  990.000  9.963042e-01 
  991.000  9.971257e-01 
  992.000  9.973909e-01 
  993.000  9.974822e-01 
  994.000  9.981470e-01 
  995.000  9.987915e-01 
  996.000  9.987746e-01 
  997.000  9.983239e-01 
  998.000  9.979840e-01 
  999.000  9.978030e-01 
 1000.000  9.979371e-01 
 1001.000  9.970927e-01 
 1002.000  9.957418e-01 
 1003.000  9.960793e-01 
 1004.000  9.967862e-01 
 1005.000  9.971738e-01 
 1006.000  9.972381e-01 
 1007.000  9.969394e-01 
 1008.000  9.958490e-01 
 1009.000  9.943848e-01 
 1010.000  9.949126e-01 
 1011.000  9.964317e-01 
 1012.000  9.970648e-01 
 1013.000  9.974182e-01 
 1014.000  9.976060e-01 
 1015.000  9.975958e-01 
 1016.000  9.977984e-01 
 1017.000  9.977878e-01 
 1018.000  9.975438e-01 
 1019.000  9.968681e-01 
 1020.000  9.970404e-01 
 1021.000  9.974544e-01 
 1022.000  9.967487e-01 
 1023.000  9.960611e-01 
 1024.000  9.956152e-01 
 1025.000  9.965497e-01 
 1026.000  9.969794e-01 
 1027.000  9.966789e-01 
 1028.000  9.967506e-01 
 1029.000  9.970416e-01 
 1030.000  9.974535e-01 
 1031.000  9.976137e-01 
 1032.000  9.976879e-01 
 1033.000  9.976115e-01 
 1034.000  9.975833e-01 
 1035.000  9.974082e-01 
 1036.000  9.969823e-01 
 1037.000  9.966618e-01 
 1038.000  9.966332e-01 
 1039.000  9.964475e-01 
 1040.000  9.962043e-01 
 1041.000  9.960018e-01 
 1042.000  9.958735e-01 
 1043.000  9.957263e-01 
 1044.000  9.954699e-01 
 1045.000  9.950737e-01 
 1046.000  9.947411e-01 
 1047.000  9.942965e-01 
 1048.000  9.934056e-01 
 1049.000  9.923182e-01 
 1050.000  9.918020e-01 
 1051.000  9.914488e-01 
 1052.000  9.909169e-01 
 1053.000  9.905099e-01 
 1054.000  9.899439e-01 
 1055.000  9.893437e-01 
 1056.000  9.885881e-01 
 1057.000  9.875343e-01 
 1058.000  9.860199e-01 
 1059.000  9.855036e-01 
 1060.000  9.854162e-01 
 1061.000  9.849235e-01 
 1062.000  9.838573e-01 
 1063.000  9.828007e-01 
 1064.000  9.817783e-01 
 1065.000  9.812132e-01 
 1066.000  9.811451e-01 
 1067.000  9.807152e-01 
 1068.000  9.802129e-01 
 1069.000  9.813274e-01 
 1070.000  9.825160e-01 
 1071.000  9.829659e-01 
 1072.000  9.830517e-01 
 1073.000  9.836444e-01 
 1074.000  9.844117e-01 
 1075.000  9.859440e-01 
 1076.000  9.860018e-01 
 1077.000  9.858101e-01 
 1078.000  9.854561e-01 
 1079.000  9.858385e-01 
 1080.000  9.844000e-01 
 1081.000  9.846471e-01 
 1082.000  9.859601e-01 
 1083.000  9.851533e-01 
 1084.000  9.841582e-01 
 1085.000  9.813118e-01 
 1086.000  9.823192e-01 
 1087.000  9.859824e-01 
 1088.000  9.863369e-01 
 1089.000  9.823866e-01 
 1090.000  9.818211e-01 
 1091.000  9.828241e-01 
 1092.000  9.809951e-01 
 1093.000  9.764267e-01 
 1094.000  9.744778e-01 
 1095.000  9.749519e-01 
 1096.000  9.754009e-01 
 1097.000  9.746612e-01 
 1098.000  9.629208e-01 
 1099.000  9.525861e-01 
 1100.000  9.534325e-01 
 1101.000  9.550152e-01 
 1102.000  9.545224e-01 
 1103.000  9.556047e-01 
 1104.000  9.539164e-01 
 1105.000  9.495717e-01 
 1106.000  9.449907e-01 
 1107.000  9.463975e-01 
 1108.000  9.475752e-01 
 1109.000  9.518949e-01 
 1110.000  9.519287e-01 
 1111.000  9.500520e-01 
 1112.000  9.406000e-01 
 1113.000  9.274227e-01 
 1114.000  9.246890e-01 
 1115.000  9.077165e-01 
 1116.000  8.965401e-01 
 1117.000  8.673428e-01 
 1118.000  8.387785e-01 
 1119.000  8.232633e-01 
 1120.000  8.014917e-01 
 1121.000  7.966942e-01 
 1122.000  7.699823e-01 
 1123.000  7.862117e-01 
 1124.000  7.965415e-01 
 1125.000  7.915055e-01 
 1126.000  7.892136e-01 
 1127.000  7.909598e-01 
 1128.000  7.943225e-01 
 1129.000  8.184038e-01 
 1130.000  8.690827e-01 
 1131.000  8.822162e-01 
 1132.000  8.644865e-01 
 1133.000  8.276815e-01 
 1134.000  7.465198e-01 
 1135.000  7.533106e-01 
 1136.000  8.321314e-01 
 1137.000  8.671416e-01 
 1138.000  8.965670e-01 
 1139.000  9.035277e-01 
 1140.000  8.981205e-01 
 1141.000  8.861866e-01 
 1142.000  8.822426e-01 
 1143.000  8.693771e-01 
 1144.000  8.538106e-01 
 1145.000  8.298646e-01 
 1146.000  8.356338e-01 
 1147.000  8.540483e-01 
 1148.000  8.694237e-01 
 1149.000  8.750431e-01 
 1150.000  8.744046e-01 
 1151.000  8.822690e-01 
 1152.000  8.860068e-01 
 1153.000  8.916412e-01 
 1154.000  8.889433e-01 
 1155.000  8.992615e-01 
 1156.000  9.108904e-01 
 1157.000  9.335655e-01 
 1158.000  9.417666e-01 
 1159.000  9.485294e-01 
 1160.000  9.511942e-01 
 1161.000  9.585290e-01 
 1162.000  9.634652e-01 
 1163.000  9.695420e-01 
 1164.000  9.710205e-01 
 1165.000  9.712271e-01 
 1166.000  9.723575e-01 
 1167.000  9.730363e-01 
 1168.000  9.727181e-01 
 1169.000  9.735404e-01 
 1170.000  9.743071e-01 
 1171.000  9.764550e-01 
 1172.000  9.751655e-01 
 1173.000  9.738705e-01 
 1174.000  9.739440e-01 
 1175.000  9.773937e-01 
 1176.000  9.805356e-01 
 1177.000  9.790745e-01 
 1178.000  9.760463e-01 
 1179.000  9.760510e-01 
 1180.000  9.749609e-01 
 1181.000  9.720904e-01 
 1182.000  9.692055e-01 
 1183.000  9.695581e-01 
 1184.000  9.712211e-01 
 1185.000  9.752299e-01 
 1186.000  9.740468e-01 
 1187.000  9.698935e-01 
 1188.000  9.689175e-01 
 1189.000  9.714862e-01 
 1190.000  9.779314e-01 
 1191.000  9.798013e-01 
 1192.000  9.824668e-01 
 1193.000  9.818866e-01 
 1194.000  9.814623e-01 
 1195.000  9.787909e-01 
 1196.000  9.791592e-01 
 1197.000  9.778539e-01 
 1198.000  9.775662e-01 
 1199.000  9.759184e-01 
 1200.000  9.768412e-01 
