  250.000  0.000000e+00 
  251.000  0.000000e+00 
  252.000  0.000000e+00 
  253.000  0.000000e+00 
  254.000  0.000000e+00 
  255.000  0.000000e+00 
  256.000  0.000000e+00 
  257.000  0.000000e+00 
  258.000  0.000000e+00 
  259.000  0.000000e+00 
  260.000  0.000000e+00 
  261.000  0.000000e+00 
  262.000  0.000000e+00 
  263.000  0.000000e+00 
  264.000  0.000000e+00 
  265.000  0.000000e+00 
  266.000  0.000000e+00 
  267.000  0.000000e+00 
  268.000  0.000000e+00 
  269.000  0.000000e+00 
  270.000  0.000000e+00 
  271.000  0.000000e+00 
  272.000  0.000000e+00 
  273.000  0.000000e+00 
  274.000  0.000000e+00 
  275.000  0.000000e+00 
  276.000  0.000000e+00 
  277.000  0.000000e+00 
  278.000  0.000000e+00 
  279.000  0.000000e+00 
  280.000  0.000000e+00 
  281.000  0.000000e+00 
  282.000  0.000000e+00 
  283.000  0.000000e+00 
  284.000  0.000000e+00 
  285.000  0.000000e+00 
  286.000  0.000000e+00 
  287.000  0.000000e+00 
  288.000  0.000000e+00 
  289.000  0.000000e+00 
  290.000  0.000000e+00 
  291.000  0.000000e+00 
  292.000  1.289916e-05 
  293.000  3.795436e-05 
  294.000  1.587160e-04 
  295.000  3.969232e-04 
  296.000  1.240823e-03 
  297.000  2.577873e-03 
  298.000  6.531732e-03 
  299.000  1.082268e-02 
  300.000  2.071270e-02 
  301.000  3.495935e-02 
  302.000  5.058200e-02 
  303.000  8.241624e-02 
  304.000  1.005615e-01 
  305.000  1.491110e-01 
  306.000  1.820330e-01 
  307.000  2.324603e-01 
  308.000  2.721967e-01 
  309.000  3.087645e-01 
  310.000  3.931139e-01 
  311.000  4.275042e-01 
  312.000  4.866084e-01 
  313.000  5.389619e-01 
  314.000  5.576778e-01 
  315.000  6.333535e-01 
  316.000  6.542956e-01 
  317.000  6.919700e-01 
  318.000  7.197428e-01 
  319.000  8.057427e-01 
  320.000  7.292383e-01 
  321.000  8.611051e-01 
  322.000  7.976207e-01 
  323.000  8.565953e-01 
  324.000  9.137049e-01 
  325.000  8.553514e-01 
  326.000  9.256577e-01 
  327.000  9.379209e-01 
  328.000  8.821287e-01 
  329.000  9.615565e-01 
  330.000  9.659669e-01 
  331.000  9.298893e-01 
  332.000  9.726391e-01 
  333.000  9.784773e-01 
  334.000  9.576263e-01 
  335.000  9.855776e-01 
  336.000  9.915296e-01 
  337.000  9.769030e-01 
  338.000  9.854106e-01 
  339.000  9.943247e-01 
  340.000  9.833742e-01 
  341.000  9.917990e-01 
  342.000  9.957705e-01 
  343.000  9.938830e-01 
  344.000  9.873961e-01 
  345.000  9.954563e-01 
  346.000  9.977492e-01 
  347.000  9.982832e-01 
  348.000  9.983748e-01 
  349.000  9.994208e-01 
  350.000  9.993247e-01 
  351.000  9.992543e-01 
  352.000  9.980184e-01 
  353.000  9.991872e-01 
  354.000  9.992321e-01 
  355.000  9.988867e-01 
  356.000  9.984577e-01 
  357.000  9.974755e-01 
  358.000  9.969676e-01 
  359.000  9.964880e-01 
  360.000  9.961287e-01 
  361.000  9.971480e-01 
  362.000  9.984403e-01 
  363.000  9.992521e-01 
  364.000  9.996240e-01 
  365.000  9.996834e-01 
  366.000  9.999245e-01 
  367.000  9.999391e-01 
  368.000  9.999484e-01 
  369.000  9.999547e-01 
  370.000  9.999505e-01 
  371.000  9.999479e-01 
  372.000  9.999449e-01 
  373.000  9.999408e-01 
  374.000  9.999025e-01 
  375.000  9.998183e-01 
  376.000  9.996291e-01 
  377.000  9.992583e-01 
  378.000  9.986594e-01 
  379.000  9.981567e-01 
  380.000  9.980423e-01 
  381.000  9.984918e-01 
  382.000  9.991267e-01 
  383.000  9.995447e-01 
  384.000  9.997748e-01 
  385.000  9.998899e-01 
  386.000  9.999379e-01 
  387.000  9.999571e-01 
  388.000  9.999610e-01 
  389.000  9.999661e-01 
  390.000  9.999732e-01 
  391.000  9.999747e-01 
  392.000  9.999803e-01 
  393.000  9.999874e-01 
  394.000  9.999923e-01 
  395.000  9.999923e-01 
  396.000  9.999995e-01 
  397.000  9.999976e-01 
  398.000  9.999945e-01 
  399.000  9.999923e-01 
  400.000  9.999747e-01 
  401.000  9.999725e-01 
  402.000  9.999727e-01 
  403.000  9.999737e-01 
  404.000  9.999747e-01 
  405.000  9.999698e-01 
  406.000  9.999713e-01 
  407.000  9.999757e-01 
  408.000  9.999806e-01 
  409.000  9.999831e-01 
  410.000  9.999841e-01 
  411.000  9.999827e-01 
  412.000  9.999767e-01 
  413.000  9.999792e-01 
  414.000  9.997988e-01 
  415.000  9.998665e-01 
  416.000  9.999241e-01 
  417.000  9.999588e-01 
  418.000  9.999534e-01 
  419.000  9.999433e-01 
  420.000  9.999333e-01 
  421.000  9.999308e-01 
  422.000  9.999350e-01 
  423.000  9.999430e-01 
  424.000  9.999437e-01 
  425.000  9.999111e-01 
  426.000  9.998776e-01 
  427.000  9.998451e-01 
  428.000  9.997920e-01 
  429.000  9.997278e-01 
  430.000  9.996595e-01 
  431.000  9.995955e-01 
  432.000  9.995298e-01 
  433.000  9.994644e-01 
  434.000  9.994013e-01 
  435.000  9.993378e-01 
  436.000  9.992713e-01 
  437.000  9.992024e-01 
  438.000  9.991305e-01 
  439.000  9.990622e-01 
  440.000  9.989825e-01 
  441.000  9.988976e-01 
  442.000  9.988023e-01 
  443.000  9.986984e-01 
  444.000  9.985850e-01 
  445.000  9.984528e-01 
  446.000  9.982927e-01 
  447.000  9.982282e-01 
  448.000  9.982996e-01 
  449.000  9.984073e-01 
  450.000  9.984956e-01 
  451.000  9.985286e-01 
  452.000  9.985160e-01 
  453.000  9.984857e-01 
  454.000  9.984419e-01 
  455.000  9.983135e-01 
  456.000  9.980715e-01 
  457.000  9.978448e-01 
  458.000  9.976153e-01 
  459.000  9.973730e-01 
  460.000  9.971352e-01 
  461.000  9.968985e-01 
  462.000  9.966524e-01 
  463.000  9.964173e-01 
  464.000  9.966128e-01 
  465.000  9.967971e-01 
  466.000  9.969661e-01 
  467.000  9.971121e-01 
  468.000  9.969652e-01 
  469.000  9.966524e-01 
  470.000  9.962704e-01 
  471.000  9.958081e-01 
  472.000  9.952233e-01 
  473.000  9.944190e-01 
  474.000  9.935394e-01 
  475.000  9.923688e-01 
  476.000  9.909047e-01 
  477.000  9.896464e-01 
  478.000  9.895885e-01 
  479.000  9.901583e-01 
  480.000  9.908789e-01 
  481.000  9.914147e-01 
  482.000  9.918717e-01 
  483.000  9.921259e-01 
  484.000  9.921919e-01 
  485.000  9.921401e-01 
  486.000  9.921920e-01 
  487.000  9.923310e-01 
  488.000  9.924407e-01 
  489.000  9.925381e-01 
  490.000  9.926312e-01 
  491.000  9.924549e-01 
  492.000  9.922044e-01 
  493.000  9.919600e-01 
  494.000  9.917027e-01 
  495.000  9.914551e-01 
  496.000  9.907866e-01 
  497.000  9.901107e-01 
  498.000  9.894398e-01 
  499.000  9.887592e-01 
  500.000  9.880832e-01 
  501.000  9.873756e-01 
  502.000  9.866782e-01 
  503.000  9.859871e-01 
  504.000  9.852918e-01 
  505.000  9.845904e-01 
  506.000  9.845085e-01 
  507.000  9.844621e-01 
  508.000  9.844223e-01 
  509.000  9.843807e-01 
  510.000  9.843292e-01 
  511.000  9.841921e-01 
  512.000  9.840354e-01 
  513.000  9.838824e-01 
  514.000  9.837285e-01 
  515.000  9.835761e-01 
  516.000  9.832139e-01 
  517.000  9.826655e-01 
  518.000  9.821170e-01 
  519.000  9.815709e-01 
  520.000  9.810300e-01 
  521.000  9.804659e-01 
  522.000  9.798317e-01 
  523.000  9.791538e-01 
  524.000  9.784881e-01 
  525.000  9.778011e-01 
  526.000  9.771657e-01 
  527.000  9.763958e-01 
  528.000  9.755755e-01 
  529.000  9.747614e-01 
  530.000  9.739615e-01 
  531.000  9.731731e-01 
  532.000  9.724556e-01 
  533.000  9.721166e-01 
  534.000  9.718813e-01 
  535.000  9.717119e-01 
  536.000  9.715312e-01 
  537.000  9.713132e-01 
  538.000  9.710517e-01 
  539.000  9.707653e-01 
  540.000  9.704611e-01 
  541.000  9.701523e-01 
  542.000  9.698342e-01 
  543.000  9.695100e-01 
  544.000  9.691042e-01 
  545.000  9.686319e-01 
  546.000  9.681574e-01 
  547.000  9.676934e-01 
  548.000  9.672264e-01 
  549.000  9.667627e-01 
  550.000  9.662091e-01 
  551.000  9.655689e-01 
  552.000  9.649376e-01 
  553.000  9.642950e-01 
  554.000  9.636503e-01 
  555.000  9.630067e-01 
  556.000  9.623336e-01 
  557.000  9.616073e-01 
  558.000  9.608771e-01 
  559.000  9.601378e-01 
  560.000  9.593685e-01 
  561.000  9.585716e-01 
  562.000  9.574481e-01 
  563.000  9.566105e-01 
  564.000  9.556792e-01 
  565.000  9.545267e-01 
  566.000  9.536759e-01 
  567.000  9.516835e-01 
  568.000  9.462447e-01 
  569.000  9.349158e-01 
  570.000  9.361979e-01 
  571.000  9.436191e-01 
  572.000  9.357372e-01 
  573.000  9.373494e-01 
  574.000  9.374747e-01 
  575.000  9.366027e-01 
  576.000  9.364231e-01 
  577.000  9.385551e-01 
  578.000  9.413592e-01 
  579.000  9.434062e-01 
  580.000  9.448265e-01 
  581.000  9.473380e-01 
  582.000  9.487465e-01 
  583.000  9.492454e-01 
  584.000  9.496893e-01 
  585.000  9.498836e-01 
  586.000  9.501082e-01 
  587.000  9.465700e-01 
  588.000  9.311787e-01 
  589.000  9.074315e-01 
  590.000  9.057007e-01 
  591.000  9.213917e-01 
  592.000  9.126443e-01 
  593.000  9.306040e-01 
  594.000  9.263174e-01 
  595.000  9.132718e-01 
  596.000  9.307852e-01 
  597.000  9.260910e-01 
  598.000  9.328501e-01 
  599.000  9.352047e-01 
  600.000  9.412645e-01 
  601.000  9.451639e-01 
  602.000  9.459198e-01 
  603.000  9.473724e-01 
  604.000  9.489409e-01 
  605.000  9.498764e-01 
  606.000  9.503899e-01 
  607.000  9.508753e-01 
  608.000  9.512902e-01 
  609.000  9.516740e-01 
  610.000  9.520824e-01 
  611.000  9.525822e-01 
  612.000  9.530684e-01 
  613.000  9.535335e-01 
  614.000  9.539795e-01 
  615.000  9.544255e-01 
  616.000  9.548482e-01 
  617.000  9.552360e-01 
  618.000  9.555155e-01 
  619.000  9.557126e-01 
  620.000  9.558789e-01 
  621.000  9.559894e-01 
  622.000  9.560443e-01 
  623.000  9.560038e-01 
  624.000  9.559776e-01 
  625.000  9.559172e-01 
  626.000  9.550903e-01 
  627.000  9.490274e-01 
  628.000  9.231947e-01 
  629.000  9.374754e-01 
  630.000  9.424975e-01 
  631.000  9.472130e-01 
  632.000  9.441685e-01 
  633.000  9.517593e-01 
  634.000  9.548671e-01 
  635.000  9.556232e-01 
  636.000  9.575015e-01 
  637.000  9.588884e-01 
  638.000  9.624011e-01 
  639.000  9.631784e-01 
  640.000  9.653138e-01 
  641.000  9.658906e-01 
  642.000  9.673787e-01 
  643.000  9.656835e-01 
  644.000  9.661589e-01 
  645.000  9.634195e-01 
  646.000  9.508185e-01 
  647.000  9.421374e-01 
  648.000  9.324447e-01 
  649.000  9.412780e-01 
  650.000  9.581645e-01 
  651.000  9.583089e-01 
  652.000  9.437196e-01 
  653.000  9.608377e-01 
  654.000  9.591343e-01 
  655.000  9.531188e-01 
  656.000  9.554479e-01 
  657.000  9.589750e-01 
  658.000  9.649480e-01 
  659.000  9.685029e-01 
  660.000  9.701490e-01 
  661.000  9.745965e-01 
  662.000  9.766814e-01 
  663.000  9.764743e-01 
  664.000  9.774116e-01 
  665.000  9.781852e-01 
  666.000  9.792085e-01 
  667.000  9.799877e-01 
  668.000  9.809701e-01 
  669.000  9.815591e-01 
  670.000  9.820357e-01 
  671.000  9.825612e-01 
  672.000  9.829900e-01 
  673.000  9.834054e-01 
  674.000  9.838155e-01 
  675.000  9.842290e-01 
  676.000  9.846007e-01 
  677.000  9.849264e-01 
  678.000  9.852560e-01 
  679.000  9.854602e-01 
  680.000  9.851167e-01 
  681.000  9.846151e-01 
  682.000  9.846669e-01 
  683.000  9.844390e-01 
  684.000  9.833819e-01 
  685.000  9.844601e-01 
  686.000  9.808391e-01 
  687.000  8.650762e-01 
  688.000  9.017175e-01 
  689.000  8.906579e-01 
  690.000  9.096795e-01 
  691.000  9.331729e-01 
  692.000  9.451969e-01 
  693.000  9.314223e-01 
  694.000  9.154601e-01 
  695.000  9.278109e-01 
  696.000  9.350427e-01 
  697.000  9.680372e-01 
  698.000  9.608588e-01 
  699.000  9.306764e-01 
  700.000  9.354134e-01 
  701.000  9.285451e-01 
  702.000  9.332458e-01 
  703.000  9.581070e-01 
  704.000  9.590001e-01 
  705.000  9.484804e-01 
  706.000  9.503189e-01 
  707.000  9.538397e-01 
  708.000  9.576625e-01 
  709.000  9.656743e-01 
  710.000  9.567720e-01 
  711.000  9.654903e-01 
  712.000  9.728922e-01 
  713.000  9.666057e-01 
  714.000  9.643508e-01 
  715.000  9.542229e-01 
  716.000  9.436702e-01 
  717.000  8.788366e-01 
  718.000  8.392944e-01 
  719.000  8.249992e-01 
  720.000  8.037587e-01 
  721.000  8.966764e-01 
  722.000  9.300537e-01 
  723.000  9.108797e-01 
  724.000  8.571587e-01 
  725.000  8.648226e-01 
  726.000  8.621696e-01 
  727.000  8.695586e-01 
  728.000  8.611835e-01 
  729.000  8.814586e-01 
  730.000  8.777773e-01 
  731.000  8.733671e-01 
  732.000  9.077998e-01 
  733.000  9.410329e-01 
  734.000  9.570289e-01 
  735.000  9.511614e-01 
  736.000  9.403872e-01 
  737.000  9.482251e-01 
  738.000  9.590715e-01 
  739.000  9.636543e-01 
  740.000  9.740332e-01 
  741.000  9.799669e-01 
  742.000  9.823635e-01 
  743.000  9.878314e-01 
  744.000  9.902220e-01 
  745.000  9.919494e-01 
  746.000  9.933177e-01 
  747.000  9.935262e-01 
  748.000  9.947033e-01 
  749.000  9.952323e-01 
  750.000  9.946815e-01 
  751.000  9.947717e-01 
  752.000  9.958236e-01 
  753.000  9.961668e-01 
  754.000  9.964010e-01 
  755.000  9.964935e-01 
  756.000  9.965999e-01 
  757.000  9.966372e-01 
  758.000  9.951019e-01 
  759.000  9.339173e-01 
  760.000  4.631709e-01 
  761.000  4.165938e-01 
  762.000  6.951202e-01 
  763.000  6.098086e-01 
  764.000  6.520613e-01 
  765.000  7.471328e-01 
  766.000  8.602864e-01 
  767.000  9.167634e-01 
  768.000  9.534715e-01 
  769.000  9.775840e-01 
  770.000  9.903706e-01 
  771.000  9.964762e-01 
  772.000  9.978793e-01 
  773.000  9.984481e-01 
  774.000  9.991502e-01 
  775.000  9.995247e-01 
  776.000  9.997723e-01 
  777.000  9.997346e-01 
  778.000  9.995601e-01 
  779.000  9.993791e-01 
  780.000  9.991983e-01 
  781.000  9.996107e-01 
  782.000  9.994144e-01 
  783.000  9.992371e-01 
  784.000  9.986799e-01 
  785.000  9.962597e-01 
  786.000  9.926028e-01 
  787.000  9.845658e-01 
  788.000  9.802853e-01 
  789.000  9.653787e-01 
  790.000  9.639819e-01 
  791.000  9.666433e-01 
  792.000  9.691003e-01 
  793.000  9.749928e-01 
  794.000  9.876410e-01 
  795.000  9.797093e-01 
  796.000  9.588650e-01 
  797.000  9.646599e-01 
  798.000  9.776353e-01 
  799.000  9.745269e-01 
  800.000  9.648811e-01 
  801.000  9.658978e-01 
  802.000  9.648203e-01 
  803.000  9.660990e-01 
  804.000  9.704651e-01 
  805.000  9.789369e-01 
  806.000  9.839545e-01 
  807.000  9.840679e-01 
  808.000  9.810415e-01 
  809.000  9.773492e-01 
  810.000  9.733127e-01 
  811.000  9.651695e-01 
  812.000  9.542633e-01 
  813.000  9.409682e-01 
  814.000  9.235250e-01 
  815.000  9.019347e-01 
  816.000  8.745439e-01 
  817.000  8.759024e-01 
  818.000  8.780082e-01 
  819.000  8.869149e-01 
  820.000  9.169518e-01 
  821.000  9.514709e-01 
  822.000  9.250196e-01 
  823.000  8.523249e-01 
  824.000  9.133388e-01 
  825.000  9.530404e-01 
  826.000  9.461858e-01 
  827.000  9.410462e-01 
  828.000  9.147788e-01 
  829.000  9.240826e-01 
  830.000  9.345614e-01 
  831.000  9.369696e-01 
  832.000  9.380165e-01 
  833.000  9.440481e-01 
  834.000  9.511792e-01 
  835.000  9.654248e-01 
  836.000  9.607362e-01 
  837.000  9.601743e-01 
  838.000  9.670600e-01 
  839.000  9.712121e-01 
  840.000  9.726610e-01 
  841.000  9.679770e-01 
  842.000  9.720138e-01 
  843.000  9.817358e-01 
  844.000  9.861069e-01 
  845.000  9.880952e-01 
  846.000  9.901918e-01 
  847.000  9.925123e-01 
  848.000  9.884431e-01 
  849.000  9.888611e-01 
  850.000  9.868055e-01 
  851.000  9.843752e-01 
  852.000  9.845206e-01 
  853.000  9.883019e-01 
  854.000  9.880086e-01 
  855.000  9.898680e-01 
  856.000  9.938290e-01 
  857.000  9.953914e-01 
  858.000  9.961753e-01 
  859.000  9.980623e-01 
  860.000  9.989125e-01 
  861.000  9.989893e-01 
  862.000  9.994496e-01 
  863.000  9.994458e-01 
  864.000  9.997389e-01 
  865.000  9.999658e-01 
  866.000  9.999728e-01 
  867.000  9.998476e-01 
  868.000  9.998232e-01 
  869.000  9.998511e-01 
  870.000  9.997083e-01 
  871.000  9.997318e-01 
  872.000  9.998902e-01 
  873.000  9.995933e-01 
  874.000  9.994011e-01 
  875.000  9.993033e-01 
  876.000  9.988379e-01 
  877.000  9.986084e-01 
  878.000  9.972837e-01 
  879.000  9.971648e-01 
  880.000  9.960063e-01 
  881.000  9.953665e-01 
  882.000  9.947178e-01 
  883.000  9.952192e-01 
  884.000  9.953776e-01 
  885.000  9.931988e-01 
  886.000  9.901092e-01 
  887.000  9.923695e-01 
  888.000  9.921588e-01 
  889.000  9.927926e-01 
  890.000  9.909357e-01 
  891.000  9.871965e-01 
  892.000  9.793977e-01 
  893.000  9.559758e-01 
  894.000  9.442614e-01 
  895.000  9.090485e-01 
  896.000  8.776082e-01 
  897.000  8.446563e-01 
  898.000  8.292918e-01 
  899.000  7.867355e-01 
  900.000  7.926832e-01 
  901.000  7.816729e-01 
  902.000  7.837654e-01 
  903.000  8.552259e-01 
  904.000  8.994813e-01 
  905.000  8.978942e-01 
  906.000  8.701242e-01 
  907.000  8.215173e-01 
  908.000  7.897743e-01 
  909.000  7.910002e-01 
  910.000  7.956758e-01 
  911.000  8.166180e-01 
  912.000  8.064007e-01 
  913.000  7.624964e-01 
  914.000  7.840858e-01 
  915.000  8.012236e-01 
  916.000  8.058912e-01 
  917.000  8.152722e-01 
  918.000  8.274182e-01 
  919.000  8.689523e-01 
  920.000  9.006591e-01 
  921.000  8.936689e-01 
  922.000  8.930319e-01 
  923.000  8.841211e-01 
  924.000  8.628556e-01 
  925.000  8.608823e-01 
  926.000  8.599052e-01 
  927.000  8.349165e-01 
  928.000  7.968510e-01 
  929.000  7.426632e-01 
  930.000  6.751104e-01 
  931.000  6.014882e-01 
  932.000  5.071905e-01 
  933.000  4.402412e-01 
  934.000  3.742351e-01 
  935.000  3.670529e-01 
  936.000  3.922871e-01 
  937.000  3.860529e-01 
  938.000  4.604992e-01 
  939.000  6.638142e-01 
  940.000  6.955216e-01 
  941.000  6.686008e-01 
  942.000  6.030682e-01 
  943.000  4.971418e-01 
  944.000  4.896925e-01 
  945.000  5.268990e-01 
  946.000  5.292169e-01 
  947.000  5.635734e-01 
  948.000  5.838655e-01 
  949.000  5.815034e-01 
  950.000  5.867873e-01 
  951.000  6.325275e-01 
  952.000  5.841972e-01 
  953.000  6.185744e-01 
  954.000  6.559301e-01 
  955.000  6.262655e-01 
  956.000  6.201541e-01 
  957.000  7.149656e-01 
  958.000  7.277237e-01 
  959.000  7.120432e-01 
  960.000  7.076241e-01 
  961.000  6.998124e-01 
  962.000  7.072139e-01 
  963.000  7.601842e-01 
  964.000  7.679498e-01 
  965.000  7.630004e-01 
  966.000  7.660387e-01 
  967.000  8.043806e-01 
  968.000  8.691149e-01 
  969.000  8.986849e-01 
  970.000  9.003135e-01 
  971.000  8.995901e-01 
  972.000  8.911375e-01 
  973.000  8.717531e-01 
  974.000  8.482952e-01 
  975.000  8.332816e-01 
  976.000  8.515784e-01 
  977.000  8.819988e-01 
  978.000  8.795548e-01 
  979.000  8.875183e-01 
  980.000  9.188107e-01 
  981.000  9.257820e-01 
  982.000  9.188246e-01 
  983.000  9.349677e-01 
  984.000  9.516184e-01 
  985.000  9.610904e-01 
  986.000  9.733382e-01 
  987.000  9.786418e-01 
  988.000  9.798358e-01 
  989.000  9.805846e-01 
  990.000  9.818453e-01 
  991.000  9.863823e-01 
  992.000  9.876387e-01 
  993.000  9.880810e-01 
  994.000  9.921688e-01 
  995.000  9.948733e-01 
  996.000  9.948050e-01 
  997.000  9.930440e-01 
  998.000  9.909071e-01 
  999.000  9.900958e-01 
 1000.000  9.906771e-01 
 1001.000  9.862537e-01 
 1002.000  9.792108e-01 
 1003.000  9.808292e-01 
 1004.000  9.848118e-01 
 1005.000  9.866099e-01 
 1006.000  9.871757e-01 
 1007.000  9.857953e-01 
 1008.000  9.800534e-01 
 1009.000  9.724024e-01 
 1010.000  9.757608e-01 
 1011.000  9.838292e-01 
 1012.000  9.868852e-01 
 1013.000  9.892886e-01 
 1014.000  9.902772e-01 
 1015.000  9.904474e-01 
 1016.000  9.915187e-01 
 1017.000  9.921266e-01 
 1018.000  9.907288e-01 
 1019.000  9.878857e-01 
 1020.000  9.888514e-01 
 1021.000  9.908572e-01 
 1022.000  9.874306e-01 
 1023.000  9.845622e-01 
 1024.000  9.828414e-01 
 1025.000  9.880553e-01 
 1026.000  9.903578e-01 
 1027.000  9.893631e-01 
 1028.000  9.901686e-01 
 1029.000  9.924635e-01 
 1030.000  9.945061e-01 
 1031.000  9.955906e-01 
 1032.000  9.964397e-01 
 1033.000  9.966727e-01 
 1034.000  9.971819e-01 
 1035.000  9.974242e-01 
 1036.000  9.973283e-01 
 1037.000  9.974088e-01 
 1038.000  9.975502e-01 
 1039.000  9.972560e-01 
 1040.000  9.970134e-01 
 1041.000  9.968227e-01 
 1042.000  9.967678e-01 
 1043.000  9.967669e-01 
 1044.000  9.966081e-01 
 1045.000  9.960796e-01 
 1046.000  9.957290e-01 
 1047.000  9.953288e-01 
 1048.000  9.948822e-01 
 1049.000  9.944739e-01 
 1050.000  9.939394e-01 
 1051.000  9.931106e-01 
 1052.000  9.926162e-01 
 1053.000  9.926130e-01 
 1054.000  9.918378e-01 
 1055.000  9.910306e-01 
 1056.000  9.904191e-01 
 1057.000  9.886441e-01 
 1058.000  9.854077e-01 
 1059.000  9.856449e-01 
 1060.000  9.875123e-01 
 1061.000  9.871507e-01 
 1062.000  9.850843e-01 
 1063.000  9.843730e-01 
 1064.000  9.826041e-01 
 1065.000  9.804400e-01 
 1066.000  9.806018e-01 
 1067.000  9.793457e-01 
 1068.000  9.748362e-01 
 1069.000  9.723580e-01 
 1070.000  9.727485e-01 
 1071.000  9.696867e-01 
 1072.000  9.666138e-01 
 1073.000  9.658568e-01 
 1074.000  9.660773e-01 
 1075.000  9.701354e-01 
 1076.000  9.672868e-01 
 1077.000  9.635435e-01 
 1078.000  9.591814e-01 
 1079.000  9.584721e-01 
 1080.000  9.471331e-01 
 1081.000  9.463695e-01 
 1082.000  9.511743e-01 
 1083.000  9.451033e-01 
 1084.000  9.385021e-01 
 1085.000  9.229707e-01 
 1086.000  9.264619e-01 
 1087.000  9.433293e-01 
 1088.000  9.439121e-01 
 1089.000  9.231727e-01 
 1090.000  9.191960e-01 
 1091.000  9.230095e-01 
 1092.000  9.126817e-01 
 1093.000  8.898811e-01 
 1094.000  8.799524e-01 
 1095.000  8.814576e-01 
 1096.000  8.827881e-01 
 1097.000  8.781309e-01 
 1098.000  8.233879e-01 
 1099.000  7.772420e-01 
 1100.000  7.802500e-01 
 1101.000  7.864809e-01 
 1102.000  7.832505e-01 
 1103.000  7.873209e-01 
 1104.000  7.795590e-01 
 1105.000  7.602357e-01 
 1106.000  7.409762e-01 
 1107.000  7.454908e-01 
 1108.000  7.486522e-01 
 1109.000  7.646720e-01 
 1110.000  7.620978e-01 
 1111.000  7.526651e-01 
 1112.000  7.122354e-01 
 1113.000  6.574196e-01 
 1114.000  6.417757e-01 
 1115.000  5.759580e-01 
 1116.000  5.361742e-01 
 1117.000  4.480104e-01 
 1118.000  3.701791e-01 
 1119.000  3.299158e-01 
 1120.000  2.823716e-01 
 1121.000  2.719502e-01 
 1122.000  2.260429e-01 
 1123.000  2.499376e-01 
 1124.000  2.664109e-01 
 1125.000  2.574692e-01 
 1126.000  2.540382e-01 
 1127.000  2.581921e-01 
 1128.000  2.662462e-01 
 1129.000  3.131822e-01 
 1130.000  4.284886e-01 
 1131.000  4.634413e-01 
 1132.000  4.154821e-01 
 1133.000  3.323878e-01 
 1134.000  1.950280e-01 
 1135.000  2.048931e-01 
 1136.000  3.449997e-01 
 1137.000  4.289371e-01 
 1138.000  5.150269e-01 
 1139.000  5.433183e-01 
 1140.000  5.265855e-01 
 1141.000  4.935626e-01 
 1142.000  4.817253e-01 
 1143.000  4.451607e-01 
 1144.000  4.050996e-01 
 1145.000  3.488490e-01 
 1146.000  3.620295e-01 
 1147.000  4.063563e-01 
 1148.000  4.467888e-01 
 1149.000  4.637294e-01 
 1150.000  4.654550e-01 
 1151.000  4.914771e-01 
 1152.000  5.042934e-01 
 1153.000  5.230962e-01 
 1154.000  5.185074e-01 
 1155.000  5.543289e-01 
 1156.000  5.945850e-01 
 1157.000  6.781476e-01 
 1158.000  7.138516e-01 
 1159.000  7.449846e-01 
 1160.000  7.580711e-01 
 1161.000  7.905310e-01 
 1162.000  8.146083e-01 
 1163.000  8.438767e-01 
 1164.000  8.506219e-01 
 1165.000  8.532137e-01 
 1166.000  8.596014e-01 
 1167.000  8.634994e-01 
 1168.000  8.620251e-01 
 1169.000  8.663103e-01 
 1170.000  8.701714e-01 
 1171.000  8.804430e-01 
 1172.000  8.743858e-01 
 1173.000  8.684536e-01 
 1174.000  8.688114e-01 
 1175.000  8.849925e-01 
 1176.000  8.999262e-01 
 1177.000  8.928643e-01 
 1178.000  8.784412e-01 
 1179.000  8.784620e-01 
 1180.000  8.732615e-01 
 1181.000  8.598678e-01 
 1182.000  8.466222e-01 
 1183.000  8.482350e-01 
 1184.000  8.558301e-01 
 1185.000  8.744957e-01 
 1186.000  8.689675e-01 
 1187.000  8.499578e-01 
 1188.000  8.456769e-01 
 1189.000  8.575487e-01 
 1190.000  8.877339e-01 
 1191.000  8.967465e-01 
 1192.000  9.097154e-01 
 1193.000  9.069119e-01 
 1194.000  9.049718e-01 
 1195.000  8.921843e-01 
 1196.000  8.939363e-01 
 1197.000  8.877041e-01 
 1198.000  8.863000e-01 
 1199.000  8.785011e-01 
 1200.000  8.829882e-01 
