  250.000  0.000000e+00 
  251.000  0.000000e+00 
  252.000  0.000000e+00 
  253.000  0.000000e+00 
  254.000  0.000000e+00 
  255.000  0.000000e+00 
  256.000  0.000000e+00 
  257.000  0.000000e+00 
  258.000  0.000000e+00 
  259.000  0.000000e+00 
  260.000  0.000000e+00 
  261.000  0.000000e+00 
  262.000  0.000000e+00 
  263.000  0.000000e+00 
  264.000  0.000000e+00 
  265.000  0.000000e+00 
  266.000  0.000000e+00 
  267.000  0.000000e+00 
  268.000  0.000000e+00 
  269.000  0.000000e+00 
  270.000  0.000000e+00 
  271.000  0.000000e+00 
  272.000  0.000000e+00 
  273.000  0.000000e+00 
  274.000  0.000000e+00 
  275.000  0.000000e+00 
  276.000  0.000000e+00 
  277.000  0.000000e+00 
  278.000  0.000000e+00 
  279.000  0.000000e+00 
  280.000  0.000000e+00 
  281.000  0.000000e+00 
  282.000  0.000000e+00 
  283.000  0.000000e+00 
  284.000  0.000000e+00 
  285.000  0.000000e+00 
  286.000  0.000000e+00 
  287.000  0.000000e+00 
  288.000  0.000000e+00 
  289.000  0.000000e+00 
  290.000  0.000000e+00 
  291.000  0.000000e+00 
  292.000  0.000000e+00 
  293.000  0.000000e+00 
  294.000  2.069479e-13 
  295.000  2.794835e-12 
  296.000  1.247375e-10 
  297.000  1.125315e-09 
  298.000  1.564082e-08 
  299.000  9.384856e-08 
  300.000  6.242782e-07 
  301.000  2.862658e-06 
  302.000  1.040260e-05 
  303.000  5.019327e-05 
  304.000  8.394182e-05 
  305.000  3.026197e-04 
  306.000  5.953882e-04 
  307.000  1.419467e-03 
  308.000  2.396032e-03 
  309.000  4.002187e-03 
  310.000  7.712698e-03 
  311.000  9.889968e-03 
  312.000  1.441398e-02 
  313.000  2.157746e-02 
  314.000  2.462677e-02 
  315.000  3.680590e-02 
  316.000  4.003050e-02 
  317.000  5.244603e-02 
  318.000  5.922440e-02 
  319.000  8.469122e-02 
  320.000  6.616919e-02 
  321.000  1.080408e-01 
  322.000  8.769912e-02 
  323.000  1.087914e-01 
  324.000  1.414078e-01 
  325.000  1.150885e-01 
  326.000  1.501846e-01 
  327.000  1.601846e-01 
  328.000  1.388750e-01 
  329.000  1.826914e-01 
  330.000  1.891878e-01 
  331.000  1.669839e-01 
  332.000  1.992438e-01 
  333.000  2.047751e-01 
  334.000  1.981812e-01 
  335.000  2.186854e-01 
  336.000  2.262498e-01 
  337.000  2.179626e-01 
  338.000  2.315405e-01 
  339.000  2.408543e-01 
  340.000  2.372347e-01 
  341.000  2.485076e-01 
  342.000  2.553643e-01 
  343.000  2.591280e-01 
  344.000  2.553337e-01 
  345.000  2.676979e-01 
  346.000  2.728723e-01 
  347.000  2.765162e-01 
  348.000  2.813693e-01 
  349.000  2.871481e-01 
  350.000  2.915534e-01 
  351.000  2.965606e-01 
  352.000  3.006760e-01 
  353.000  3.056211e-01 
  354.000  3.092143e-01 
  355.000  3.131342e-01 
  356.000  3.180985e-01 
  357.000  3.213816e-01 
  358.000  3.250282e-01 
  359.000  3.286295e-01 
  360.000  3.321720e-01 
  361.000  3.359091e-01 
  362.000  3.416455e-01 
  363.000  3.465536e-01 
  364.000  3.514538e-01 
  365.000  3.555976e-01 
  366.000  3.601830e-01 
  367.000  3.645191e-01 
  368.000  3.686772e-01 
  369.000  3.721785e-01 
  370.000  3.763664e-01 
  371.000  3.807948e-01 
  372.000  3.844997e-01 
  373.000  3.890209e-01 
  374.000  3.933530e-01 
  375.000  3.968716e-01 
  376.000  4.005616e-01 
  377.000  4.047542e-01 
  378.000  4.080096e-01 
  379.000  4.115618e-01 
  380.000  4.149983e-01 
  381.000  4.187356e-01 
  382.000  4.237485e-01 
  383.000  4.288773e-01 
  384.000  4.324003e-01 
  385.000  4.369169e-01 
  386.000  4.405338e-01 
  387.000  4.448126e-01 
  388.000  4.481882e-01 
  389.000  4.516284e-01 
  390.000  4.559433e-01 
  391.000  4.594920e-01 
  392.000  4.624933e-01 
  393.000  4.674835e-01 
  394.000  4.709488e-01 
  395.000  4.743184e-01 
  396.000  4.785828e-01 
  397.000  4.824511e-01 
  398.000  4.851694e-01 
  399.000  4.888745e-01 
  400.000  4.920772e-01 
  401.000  4.962987e-01 
  402.000  5.000878e-01 
  403.000  5.039934e-01 
  404.000  5.066303e-01 
  405.000  5.102630e-01 
  406.000  5.136519e-01 
  407.000  5.180522e-01 
  408.000  5.202377e-01 
  409.000  5.234007e-01 
  410.000  5.267384e-01 
  411.000  5.305196e-01 
  412.000  5.344249e-01 
  413.000  5.365784e-01 
  414.000  5.406218e-01 
  415.000  5.438168e-01 
  416.000  5.479093e-01 
  417.000  5.503395e-01 
  418.000  5.531108e-01 
  419.000  5.570556e-01 
  420.000  5.597172e-01 
  421.000  5.627878e-01 
  422.000  5.653050e-01 
  423.000  5.687663e-01 
  424.000  5.714424e-01 
  425.000  5.754568e-01 
  426.000  5.784715e-01 
  427.000  5.813039e-01 
  428.000  5.838788e-01 
  429.000  5.875590e-01 
  430.000  5.906217e-01 
  431.000  5.918347e-01 
  432.000  5.960952e-01 
  433.000  5.990635e-01 
  434.000  6.010031e-01 
  435.000  6.030350e-01 
  436.000  6.064484e-01 
  437.000  6.109013e-01 
  438.000  6.131753e-01 
  439.000  6.137758e-01 
  440.000  6.171256e-01 
  441.000  6.200441e-01 
  442.000  6.235942e-01 
  443.000  6.255191e-01 
  444.000  6.278119e-01 
  445.000  6.290326e-01 
  446.000  6.322774e-01 
  447.000  6.353467e-01 
  448.000  6.355725e-01 
  449.000  6.399446e-01 
  450.000  6.435454e-01 
  451.000  6.456853e-01 
  452.000  6.474404e-01 
  453.000  6.500873e-01 
  454.000  6.537066e-01 
  455.000  6.549439e-01 
  456.000  6.568826e-01 
  457.000  6.591580e-01 
  458.000  6.604691e-01 
  459.000  6.625087e-01 
  460.000  6.636459e-01 
  461.000  6.659400e-01 
  462.000  6.691247e-01 
  463.000  6.693219e-01 
  464.000  6.724485e-01 
  465.000  6.746105e-01 
  466.000  6.785244e-01 
  467.000  6.796738e-01 
  468.000  6.819043e-01 
  469.000  6.838909e-01 
  470.000  6.859685e-01 
  471.000  6.877635e-01 
  472.000  6.885346e-01 
  473.000  6.889359e-01 
  474.000  6.876101e-01 
  475.000  6.877084e-01 
  476.000  6.879942e-01 
  477.000  6.884983e-01 
  478.000  6.893353e-01 
  479.000  6.911628e-01 
  480.000  6.934722e-01 
  481.000  6.976892e-01 
  482.000  7.010900e-01 
  483.000  7.041531e-01 
  484.000  7.056476e-01 
  485.000  7.069567e-01 
  486.000  7.081702e-01 
  487.000  7.107750e-01 
  488.000  7.122146e-01 
  489.000  7.133654e-01 
  490.000  7.162778e-01 
  491.000  7.179352e-01 
  492.000  7.193869e-01 
  493.000  7.208149e-01 
  494.000  7.217641e-01 
  495.000  7.228746e-01 
  496.000  7.231977e-01 
  497.000  7.240443e-01 
  498.000  7.245658e-01 
  499.000  7.252160e-01 
  500.000  7.255607e-01 
  501.000  7.250917e-01 
  502.000  7.240887e-01 
  503.000  7.231222e-01 
  504.000  7.228978e-01 
  505.000  7.222118e-01 
  506.000  7.248119e-01 
  507.000  7.263672e-01 
  508.000  7.285510e-01 
  509.000  7.297996e-01 
  510.000  7.315645e-01 
  511.000  7.334187e-01 
  512.000  7.344975e-01 
  513.000  7.367796e-01 
  514.000  7.378042e-01 
  515.000  7.396882e-01 
  516.000  7.401409e-01 
  517.000  7.411230e-01 
  518.000  7.412189e-01 
  519.000  7.416754e-01 
  520.000  7.418830e-01 
  521.000  7.422277e-01 
  522.000  7.421384e-01 
  523.000  7.420543e-01 
  524.000  7.418329e-01 
  525.000  7.409741e-01 
  526.000  7.396796e-01 
  527.000  7.388266e-01 
  528.000  7.374399e-01 
  529.000  7.364127e-01 
  530.000  7.355038e-01 
  531.000  7.354994e-01 
  532.000  7.356386e-01 
  533.000  7.361624e-01 
  534.000  7.368171e-01 
  535.000  7.372318e-01 
  536.000  7.380797e-01 
  537.000  7.389541e-01 
  538.000  7.394260e-01 
  539.000  7.397857e-01 
  540.000  7.406272e-01 
  541.000  7.405252e-01 
  542.000  7.404319e-01 
  543.000  7.409253e-01 
  544.000  7.413418e-01 
  545.000  7.410039e-01 
  546.000  7.415036e-01 
  547.000  7.425480e-01 
  548.000  7.434561e-01 
  549.000  7.436997e-01 
  550.000  7.444886e-01 
  551.000  7.447917e-01 
  552.000  7.448702e-01 
  553.000  7.448984e-01 
  554.000  7.451544e-01 
  555.000  7.452094e-01 
  556.000  7.440095e-01 
  557.000  7.423493e-01 
  558.000  7.409558e-01 
  559.000  7.390091e-01 
  560.000  7.373995e-01 
  561.000  7.360791e-01 
  562.000  7.350156e-01 
  563.000  7.335304e-01 
  564.000  7.320171e-01 
  565.000  7.306876e-01 
  566.000  7.297072e-01 
  567.000  7.284536e-01 
  568.000  7.268124e-01 
  569.000  7.231680e-01 
  570.000  7.203476e-01 
  571.000  7.195985e-01 
  572.000  7.182026e-01 
  573.000  7.172270e-01 
  574.000  7.160557e-01 
  575.000  7.153330e-01 
  576.000  7.162611e-01 
  577.000  7.173598e-01 
  578.000  7.200265e-01 
  579.000  7.226636e-01 
  580.000  7.248842e-01 
  581.000  7.287531e-01 
  582.000  7.325542e-01 
  583.000  7.357483e-01 
  584.000  7.406095e-01 
  585.000  7.424586e-01 
  586.000  7.444104e-01 
  587.000  7.450058e-01 
  588.000  7.460731e-01 
  589.000  7.428625e-01 
  590.000  7.434524e-01 
  591.000  7.450778e-01 
  592.000  7.414933e-01 
  593.000  7.464657e-01 
  594.000  7.440708e-01 
  595.000  7.452480e-01 
  596.000  7.453168e-01 
  597.000  7.453374e-01 
  598.000  7.445687e-01 
  599.000  7.448247e-01 
  600.000  7.441404e-01 
  601.000  7.451946e-01 
  602.000  7.468320e-01 
  603.000  7.477404e-01 
  604.000  7.484931e-01 
  605.000  7.494371e-01 
  606.000  7.519302e-01 
  607.000  7.539037e-01 
  608.000  7.565817e-01 
  609.000  7.576784e-01 
  610.000  7.598861e-01 
  611.000  7.616522e-01 
  612.000  7.643545e-01 
  613.000  7.665136e-01 
  614.000  7.681100e-01 
  615.000  7.699643e-01 
  616.000  7.727321e-01 
  617.000  7.747514e-01 
  618.000  7.760992e-01 
  619.000  7.781293e-01 
  620.000  7.800707e-01 
  621.000  7.815256e-01 
  622.000  7.821738e-01 
  623.000  7.837780e-01 
  624.000  7.844741e-01 
  625.000  7.852861e-01 
  626.000  7.859084e-01 
  627.000  7.865369e-01 
  628.000  7.599860e-01 
  629.000  7.729645e-01 
  630.000  7.783655e-01 
  631.000  7.888764e-01 
  632.000  7.933675e-01 
  633.000  7.961909e-01 
  634.000  8.005326e-01 
  635.000  8.016149e-01 
  636.000  8.063841e-01 
  637.000  8.117051e-01 
  638.000  8.146428e-01 
  639.000  8.182193e-01 
  640.000  8.201840e-01 
  641.000  8.238320e-01 
  642.000  8.255459e-01 
  643.000  8.268185e-01 
  644.000  8.285218e-01 
  645.000  8.303865e-01 
  646.000  8.304448e-01 
  647.000  8.306170e-01 
  648.000  8.296543e-01 
  649.000  8.333748e-01 
  650.000  8.386939e-01 
  651.000  8.399033e-01 
  652.000  8.408232e-01 
  653.000  8.429126e-01 
  654.000  8.455047e-01 
  655.000  8.426816e-01 
  656.000  8.467354e-01 
  657.000  8.486319e-01 
  658.000  8.516550e-01 
  659.000  8.541390e-01 
  660.000  8.547953e-01 
  661.000  8.571122e-01 
  662.000  8.576589e-01 
  663.000  8.595830e-01 
  664.000  8.606443e-01 
  665.000  8.620169e-01 
  666.000  8.634020e-01 
  667.000  8.654540e-01 
  668.000  8.665131e-01 
  669.000  8.682653e-01 
  670.000  8.692010e-01 
  671.000  8.712553e-01 
  672.000  8.716865e-01 
  673.000  8.734198e-01 
  674.000  8.740504e-01 
  675.000  8.758332e-01 
  676.000  8.763761e-01 
  677.000  8.773141e-01 
  678.000  8.788209e-01 
  679.000  8.796677e-01 
  680.000  8.813273e-01 
  681.000  8.821273e-01 
  682.000  8.842922e-01 
  683.000  8.850521e-01 
  684.000  8.870480e-01 
  685.000  8.877910e-01 
  686.000  8.892034e-01 
  687.000  5.569040e-01 
  688.000  7.179698e-01 
  689.000  7.672616e-01 
  690.000  8.042502e-01 
  691.000  8.316417e-01 
  692.000  8.767900e-01 
  693.000  8.772545e-01 
  694.000  8.812730e-01 
  695.000  8.900613e-01 
  696.000  8.879334e-01 
  697.000  8.997309e-01 
  698.000  9.002934e-01 
  699.000  8.957292e-01 
  700.000  8.982804e-01 
  701.000  8.947334e-01 
  702.000  8.973286e-01 
  703.000  9.000822e-01 
  704.000  9.015980e-01 
  705.000  9.029434e-01 
  706.000  9.050533e-01 
  707.000  9.068299e-01 
  708.000  9.087390e-01 
  709.000  9.094700e-01 
  710.000  9.093438e-01 
  711.000  9.116329e-01 
  712.000  9.116169e-01 
  713.000  9.133207e-01 
  714.000  9.125974e-01 
  715.000  9.115713e-01 
  716.000  9.127728e-01 
  717.000  9.050663e-01 
  718.000  8.781961e-01 
  719.000  8.441935e-01 
  720.000  8.815235e-01 
  721.000  9.119600e-01 
  722.000  9.116209e-01 
  723.000  9.104575e-01 
  724.000  8.717448e-01 
  725.000  8.880864e-01 
  726.000  9.051923e-01 
  727.000  8.973590e-01 
  728.000  8.858353e-01 
  729.000  8.930869e-01 
  730.000  9.080286e-01 
  731.000  9.024658e-01 
  732.000  9.071813e-01 
  733.000  9.188476e-01 
  734.000  9.242068e-01 
  735.000  9.207903e-01 
  736.000  9.237596e-01 
  737.000  9.243522e-01 
  738.000  9.265483e-01 
  739.000  9.273849e-01 
  740.000  9.297147e-01 
  741.000  9.309589e-01 
  742.000  9.319582e-01 
  743.000  9.322860e-01 
  744.000  9.328801e-01 
  745.000  9.333265e-01 
  746.000  9.341701e-01 
  747.000  9.347950e-01 
  748.000  9.351137e-01 
  749.000  9.354379e-01 
  750.000  9.359739e-01 
  751.000  9.363397e-01 
  752.000  9.375798e-01 
  753.000  9.379346e-01 
  754.000  9.384208e-01 
  755.000  9.389309e-01 
  756.000  9.392545e-01 
  757.000  9.396788e-01 
  758.000  9.405704e-01 
  759.000  9.285557e-01 
  760.000  2.622417e-01 
  761.000  1.311987e-01 
  762.000  5.315556e-01 
  763.000  4.125138e-01 
  764.000  4.997909e-01 
  765.000  6.554849e-01 
  766.000  7.995819e-01 
  767.000  8.560423e-01 
  768.000  9.198997e-01 
  769.000  9.365358e-01 
  770.000  9.367351e-01 
  771.000  9.428698e-01 
  772.000  9.449220e-01 
  773.000  9.450640e-01 
  774.000  9.451700e-01 
  775.000  9.452816e-01 
  776.000  9.454957e-01 
  777.000  9.457936e-01 
  778.000  9.459735e-01 
  779.000  9.461697e-01 
  780.000  9.463335e-01 
  781.000  9.469656e-01 
  782.000  9.474828e-01 
  783.000  9.478185e-01 
  784.000  9.480070e-01 
  785.000  9.481708e-01 
  786.000  9.476664e-01 
  787.000  9.483043e-01 
  788.000  9.469446e-01 
  789.000  9.472831e-01 
  790.000  9.447305e-01 
  791.000  9.455042e-01 
  792.000  9.468767e-01 
  793.000  9.478949e-01 
  794.000  9.523593e-01 
  795.000  9.513224e-01 
  796.000  9.441041e-01 
  797.000  9.502006e-01 
  798.000  9.506645e-01 
  799.000  9.518508e-01 
  800.000  9.488133e-01 
  801.000  9.476463e-01 
  802.000  9.500488e-01 
  803.000  9.493870e-01 
  804.000  9.494110e-01 
  805.000  9.512032e-01 
  806.000  9.539148e-01 
  807.000  9.523719e-01 
  808.000  9.541747e-01 
  809.000  9.514105e-01 
  810.000  9.502765e-01 
  811.000  9.513005e-01 
  812.000  9.485282e-01 
  813.000  9.429791e-01 
  814.000  9.326013e-01 
  815.000  9.198415e-01 
  816.000  9.292536e-01 
  817.000  8.769025e-01 
  818.000  9.124989e-01 
  819.000  9.284651e-01 
  820.000  9.061757e-01 
  821.000  9.516098e-01 
  822.000  9.463633e-01 
  823.000  8.586817e-01 
  824.000  9.404908e-01 
  825.000  9.494442e-01 
  826.000  9.400188e-01 
  827.000  9.496662e-01 
  828.000  9.247945e-01 
  829.000  9.450709e-01 
  830.000  9.414087e-01 
  831.000  9.425419e-01 
  832.000  9.438006e-01 
  833.000  9.504568e-01 
  834.000  9.514639e-01 
  835.000  9.548227e-01 
  836.000  9.559611e-01 
  837.000  9.550574e-01 
  838.000  9.584793e-01 
  839.000  9.593735e-01 
  840.000  9.600483e-01 
  841.000  9.600483e-01 
  842.000  9.577874e-01 
  843.000  9.620477e-01 
  844.000  9.595316e-01 
  845.000  9.617352e-01 
  846.000  9.624718e-01 
  847.000  9.629548e-01 
  848.000  9.626077e-01 
  849.000  9.629748e-01 
  850.000  9.638696e-01 
  851.000  9.667303e-01 
  852.000  9.678938e-01 
  853.000  9.681126e-01 
  854.000  9.682366e-01 
  855.000  9.682366e-01 
  856.000  9.683995e-01 
  857.000  9.691419e-01 
  858.000  9.687599e-01 
  859.000  9.692507e-01 
  860.000  9.695725e-01 
  861.000  9.696026e-01 
  862.000  9.699145e-01 
  863.000  9.697934e-01 
  864.000  9.703133e-01 
  865.000  9.703133e-01 
  866.000  9.703707e-01 
  867.000  9.705204e-01 
  868.000  9.705949e-01 
  869.000  9.706511e-01 
  870.000  9.709288e-01 
  871.000  9.710175e-01 
  872.000  9.712778e-01 
  873.000  9.713808e-01 
  874.000  9.713808e-01 
  875.000  9.716810e-01 
  876.000  9.717866e-01 
  877.000  9.719070e-01 
  878.000  9.720346e-01 
  879.000  9.720828e-01 
  880.000  9.723687e-01 
  881.000  9.723687e-01 
  882.000  9.722936e-01 
  883.000  9.723880e-01 
  884.000  9.726018e-01 
  885.000  9.728134e-01 
  886.000  9.713544e-01 
  887.000  9.729803e-01 
  888.000  9.729803e-01 
  889.000  9.726593e-01 
  890.000  9.719703e-01 
  891.000  9.733482e-01 
  892.000  9.720932e-01 
  893.000  9.692279e-01 
  894.000  9.692279e-01 
  895.000  9.616370e-01 
  896.000  9.525899e-01 
  897.000  9.120762e-01 
  898.000  9.501907e-01 
  899.000  8.644373e-01 
  900.000  8.644373e-01 
  901.000  8.827899e-01 
  902.000  9.004848e-01 
  903.000  9.194300e-01 
  904.000  9.629359e-01 
  905.000  9.588348e-01 
  906.000  9.588348e-01 
  907.000  9.139528e-01 
  908.000  8.993978e-01 
  909.000  9.096010e-01 
  910.000  8.999394e-01 
  911.000  8.999394e-01 
  912.000  9.455044e-01 
  913.000  9.244144e-01 
  914.000  9.089827e-01 
  915.000  8.847054e-01 
  916.000  8.847054e-01 
  917.000  9.455493e-01 
  918.000  8.989463e-01 
  919.000  9.375671e-01 
  920.000  9.642084e-01 
  921.000  9.642084e-01 
  922.000  9.571565e-01 
  923.000  9.554518e-01 
  924.000  9.497025e-01 
  925.000  9.497025e-01 
  926.000  9.524990e-01 
  927.000  9.577067e-01 
  928.000  9.139629e-01 
  929.000  9.072730e-01 
  930.000  9.072730e-01 
  931.000  8.293778e-01 
  932.000  6.754715e-01 
  933.000  7.115047e-01 
  934.000  7.115047e-01 
  935.000  6.491494e-01 
  936.000  6.232360e-01 
  937.000  6.238160e-01 
  938.000  6.238160e-01 
  939.000  7.264225e-01 
  940.000  8.364518e-01 
  941.000  8.058481e-01 
  942.000  8.058481e-01 
  943.000  7.062284e-01 
  944.000  7.077649e-01 
  945.000  8.034841e-01 
  946.000  8.034841e-01 
  947.000  7.333537e-01 
  948.000  7.579975e-01 
  949.000  8.026081e-01 
  950.000  8.026081e-01 
  951.000  8.086849e-01 
  952.000  7.300775e-01 
  953.000  8.440520e-01 
  954.000  8.440520e-01 
  955.000  8.411876e-01 
  956.000  7.494985e-01 
  957.000  8.712267e-01 
  958.000  8.712267e-01 
  959.000  8.152624e-01 
  960.000  8.630826e-01 
  961.000  8.630826e-01 
  962.000  8.799555e-01 
  963.000  9.148418e-01 
  964.000  8.585108e-01 
  965.000  8.585108e-01 
  966.000  8.911524e-01 
  967.000  9.325842e-01 
  968.000  9.325842e-01 
  969.000  9.435662e-01 
  970.000  9.591999e-01 
  971.000  9.641998e-01 
  972.000  9.641998e-01 
  973.000  9.580338e-01 
  974.000  9.238337e-01 
  975.000  9.238337e-01 
  976.000  9.144945e-01 
  977.000  9.508117e-01 
  978.000  9.459021e-01 
  979.000  9.459021e-01 
  980.000  9.480268e-01 
  981.000  9.728332e-01 
  982.000  9.728332e-01 
  983.000  9.667441e-01 
  984.000  9.721372e-01 
  985.000  9.721372e-01 
  986.000  9.800553e-01 
  987.000  9.771069e-01 
  988.000  9.771069e-01 
  989.000  9.815134e-01 
  990.000  9.797959e-01 
  991.000  9.797959e-01 
  992.000  9.810316e-01 
  993.000  9.809597e-01 
  994.000  9.809597e-01 
  995.000  9.827168e-01 
  996.000  9.827861e-01 
  997.000  9.827861e-01 
  998.000  9.828686e-01 
  999.000  9.828179e-01 
 1000.000  9.828179e-01 
 1001.000  9.830518e-01 
 1002.000  9.806661e-01 
 1003.000  9.806661e-01 
 1004.000  9.831476e-01 
 1005.000  9.833745e-01 
 1006.000  9.833745e-01 
 1007.000  9.835396e-01 
 1008.000  9.830648e-01 
 1009.000  9.830648e-01 
 1010.000  9.811393e-01 
 1011.000  9.837078e-01 
 1012.000  9.837078e-01 
 1013.000  9.839410e-01 
 1014.000  9.839908e-01 
 1015.000  9.839908e-01 
 1016.000  9.841279e-01 
 1017.000  9.841653e-01 
 1018.000  9.841653e-01 
 1019.000  9.840031e-01 
 1020.000  9.844602e-01 
 1021.000  9.844602e-01 
 1022.000  9.842220e-01 
 1023.000  9.842220e-01 
 1024.000  9.842404e-01 
 1025.000  9.846858e-01 
 1026.000  9.846858e-01 
 1027.000  9.845556e-01 
 1028.000  9.847923e-01 
 1029.000  9.847923e-01 
 1030.000  9.848995e-01 
 1031.000  9.848433e-01 
 1032.000  9.848433e-01 
 1033.000  9.848021e-01 
 1034.000  9.848021e-01 
 1035.000  9.847316e-01 
 1036.000  9.841153e-01 
 1037.000  9.841153e-01 
 1038.000  9.840196e-01 
 1039.000  9.833845e-01 
 1040.000  9.833845e-01 
 1041.000  9.828575e-01 
 1042.000  9.828575e-01 
 1043.000  9.822220e-01 
 1044.000  9.812441e-01 
 1045.000  9.812441e-01 
 1046.000  9.798844e-01 
 1047.000  9.798844e-01 
 1048.000  9.785178e-01 
 1049.000  9.757165e-01 
 1050.000  9.757165e-01 
 1051.000  9.745322e-01 
 1052.000  9.745322e-01 
 1053.000  9.726552e-01 
 1054.000  9.710579e-01 
 1055.000  9.710579e-01 
 1056.000  9.692174e-01 
 1057.000  9.692174e-01 
 1058.000  9.675278e-01 
 1059.000  9.658763e-01 
 1060.000  9.658763e-01 
 1061.000  9.648440e-01 
 1062.000  9.648440e-01 
 1063.000  9.631360e-01 
 1064.000  9.622209e-01 
 1065.000  9.622209e-01 
 1066.000  9.636887e-01 
 1067.000  9.636887e-01 
 1068.000  9.629250e-01 
 1069.000  9.651772e-01 
 1070.000  9.651772e-01 
 1071.000  9.671317e-01 
 1072.000  9.671317e-01 
 1073.000  9.688978e-01 
 1074.000  9.688978e-01 
 1075.000  9.695538e-01 
 1076.000  9.709577e-01 
 1077.000  9.709577e-01 
 1078.000  9.745257e-01 
 1079.000  9.745257e-01 
 1080.000  9.745575e-01 
 1081.000  9.745575e-01 
 1082.000  9.771643e-01 
 1083.000  9.774352e-01 
 1084.000  9.774352e-01 
 1085.000  9.754048e-01 
 1086.000  9.754048e-01 
 1087.000  9.811517e-01 
 1088.000  9.811517e-01 
 1089.000  9.801470e-01 
 1090.000  9.795724e-01 
 1091.000  9.795724e-01 
 1092.000  9.769248e-01 
 1093.000  9.769248e-01 
 1094.000  9.775749e-01 
 1095.000  9.775749e-01 
 1096.000  9.757156e-01 
 1097.000  9.757156e-01 
 1098.000  9.727411e-01 
 1099.000  9.573727e-01 
 1100.000  9.573727e-01 
 1101.000  9.582276e-01 
 1102.000  9.582276e-01 
 1103.000  9.516726e-01 
 1104.000  9.516726e-01 
 1105.000  9.474880e-01 
 1106.000  9.474880e-01 
 1107.000  9.472912e-01 
 1108.000  9.472912e-01 
 1109.000  9.338136e-01 
 1110.000  9.189324e-01 
 1111.000  9.189324e-01 
 1112.000  8.974151e-01 
 1113.000  8.974151e-01 
 1114.000  8.331110e-01 
 1115.000  8.331110e-01 
 1116.000  6.809577e-01 
 1117.000  6.809577e-01 
 1118.000  7.509201e-01 
 1119.000  7.509201e-01 
 1120.000  7.041944e-01 
 1121.000  7.041944e-01 
 1122.000  5.412864e-01 
 1123.000  7.193028e-01 
 1124.000  7.193028e-01 
 1125.000  5.731974e-01 
 1126.000  5.731974e-01 
 1127.000  6.397806e-01 
 1128.000  6.397806e-01 
 1129.000  6.385751e-01 
 1130.000  6.385751e-01 
 1131.000  8.484608e-01 
 1132.000  8.484608e-01 
 1133.000  6.549015e-01 
 1134.000  6.549015e-01 
 1135.000  4.327830e-01 
 1136.000  4.327830e-01 
 1137.000  8.599460e-01 
 1138.000  8.599460e-01 
 1139.000  7.884820e-01 
 1140.000  7.884820e-01 
 1141.000  7.815558e-01 
 1142.000  7.815558e-01 
 1143.000  8.354773e-01 
 1144.000  8.354773e-01 
 1145.000  6.625301e-01 
 1146.000  6.625301e-01 
 1147.000  6.648197e-01 
 1148.000  6.648197e-01 
 1149.000  7.429227e-01 
 1150.000  7.429227e-01 
 1151.000  8.076297e-01 
 1152.000  8.076297e-01 
 1153.000  7.676982e-01 
 1154.000  7.676982e-01 
 1155.000  8.112263e-01 
 1156.000  8.112263e-01 
 1157.000  8.748527e-01 
 1158.000  8.748527e-01 
 1159.000  9.263788e-01 
 1160.000  9.263788e-01 
 1161.000  9.147252e-01 
 1162.000  9.147252e-01 
 1163.000  9.430318e-01 
 1164.000  9.430318e-01 
 1165.000  9.325908e-01 
 1166.000  9.325908e-01 
 1167.000  9.566610e-01 
 1168.000  9.566610e-01 
 1169.000  9.564564e-01 
 1170.000  9.564564e-01 
 1171.000  9.626667e-01 
 1172.000  9.626667e-01 
 1173.000  9.325669e-01 
 1174.000  9.325669e-01 
 1175.000  9.768962e-01 
 1176.000  9.768962e-01 
 1177.000  9.504007e-01 
 1178.000  9.504007e-01 
 1179.000  9.699647e-01 
 1180.000  9.699647e-01 
 1181.000  9.259669e-01 
 1182.000  9.259669e-01 
 1183.000  9.595031e-01 
 1184.000  9.595031e-01 
 1185.000  9.700376e-01 
 1186.000  9.700376e-01 
 1187.000  9.269297e-01 
 1188.000  9.269297e-01 
 1189.000  9.269297e-01 
 1190.000  9.590622e-01 
 1191.000  9.590622e-01 
 1192.000  9.799052e-01 
 1193.000  9.799052e-01 
 1194.000  9.659085e-01 
 1195.000  9.659085e-01 
 1196.000  9.731885e-01 
 1197.000  9.731885e-01 
 1198.000  9.593338e-01 
 1199.000  9.593338e-01 
 1200.000  9.570754e-01 
