  250.000  0.000000e+00 
  251.000  0.000000e+00 
  252.000  0.000000e+00 
  253.000  0.000000e+00 
  254.000  0.000000e+00 
  255.000  0.000000e+00 
  256.000  0.000000e+00 
  257.000  0.000000e+00 
  258.000  0.000000e+00 
  259.000  0.000000e+00 
  260.000  0.000000e+00 
  261.000  0.000000e+00 
  262.000  0.000000e+00 
  263.000  0.000000e+00 
  264.000  0.000000e+00 
  265.000  0.000000e+00 
  266.000  0.000000e+00 
  267.000  0.000000e+00 
  268.000  0.000000e+00 
  269.000  0.000000e+00 
  270.000  0.000000e+00 
  271.000  0.000000e+00 
  272.000  0.000000e+00 
  273.000  0.000000e+00 
  274.000  0.000000e+00 
  275.000  0.000000e+00 
  276.000  0.000000e+00 
  277.000  0.000000e+00 
  278.000  0.000000e+00 
  279.000  0.000000e+00 
  280.000  0.000000e+00 
  281.000  0.000000e+00 
  282.000  0.000000e+00 
  283.000  0.000000e+00 
  284.000  0.000000e+00 
  285.000  0.000000e+00 
  286.000  0.000000e+00 
  287.000  0.000000e+00 
  288.000  1.296645e-08 
  289.000  5.596803e-08 
  290.000  3.293054e-07 
  291.000  1.251764e-06 
  292.000  7.896723e-06 
  293.000  2.312883e-05 
  294.000  7.962141e-05 
  295.000  1.724107e-04 
  296.000  5.302863e-04 
  297.000  1.020248e-03 
  298.000  2.230752e-03 
  299.000  3.815316e-03 
  300.000  6.712999e-03 
  301.000  1.059378e-02 
  302.000  1.564063e-02 
  303.000  2.504414e-02 
  304.000  2.942157e-02 
  305.000  4.325483e-02 
  306.000  5.335535e-02 
  307.000  6.949281e-02 
  308.000  8.182394e-02 
  309.000  9.602257e-02 
  310.000  1.174967e-01 
  311.000  1.276137e-01 
  312.000  1.436719e-01 
  313.000  1.632282e-01 
  314.000  1.713114e-01 
  315.000  1.944822e-01 
  316.000  2.009477e-01 
  317.000  2.194854e-01 
  318.000  2.295120e-01 
  319.000  2.568229e-01 
  320.000  2.411016e-01 
  321.000  2.803997e-01 
  322.000  2.661579e-01 
  323.000  2.855788e-01 
  324.000  3.110214e-01 
  325.000  2.949886e-01 
  326.000  3.211730e-01 
  327.000  3.296502e-01 
  328.000  3.188060e-01 
  329.000  3.478544e-01 
  330.000  3.538551e-01 
  331.000  3.435676e-01 
  332.000  3.642488e-01 
  333.000  3.695486e-01 
  334.000  3.686023e-01 
  335.000  3.818187e-01 
  336.000  3.882116e-01 
  337.000  3.864898e-01 
  338.000  3.959439e-01 
  339.000  4.029468e-01 
  340.000  4.033098e-01 
  341.000  4.112341e-01 
  342.000  4.170151e-01 
  343.000  4.213771e-01 
  344.000  4.216254e-01 
  345.000  4.301517e-01 
  346.000  4.347902e-01 
  347.000  4.391142e-01 
  348.000  4.435283e-01 
  349.000  4.487327e-01 
  350.000  4.530358e-01 
  351.000  4.577668e-01 
  352.000  4.618405e-01 
  353.000  4.667092e-01 
  354.000  4.702293e-01 
  355.000  4.740529e-01 
  356.000  4.788706e-01 
  357.000  4.820420e-01 
  358.000  4.855511e-01 
  359.000  4.890028e-01 
  360.000  4.923850e-01 
  361.000  4.959390e-01 
  362.000  5.013672e-01 
  363.000  5.059856e-01 
  364.000  5.105734e-01 
  365.000  5.144351e-01 
  366.000  5.186899e-01 
  367.000  5.226955e-01 
  368.000  5.265206e-01 
  369.000  5.297298e-01 
  370.000  5.335540e-01 
  371.000  5.375814e-01 
  372.000  5.409380e-01 
  373.000  5.450185e-01 
  374.000  5.489123e-01 
  375.000  5.520639e-01 
  376.000  5.553582e-01 
  377.000  5.590881e-01 
  378.000  5.619746e-01 
  379.000  5.651150e-01 
  380.000  5.681439e-01 
  381.000  5.714279e-01 
  382.000  5.758161e-01 
  383.000  5.802868e-01 
  384.000  5.833467e-01 
  385.000  5.872565e-01 
  386.000  5.903771e-01 
  387.000  5.940570e-01 
  388.000  5.969512e-01 
  389.000  5.998927e-01 
  390.000  6.035711e-01 
  391.000  6.065869e-01 
  392.000  6.091309e-01 
  393.000  6.133479e-01 
  394.000  6.162668e-01 
  395.000  6.190979e-01 
  396.000  6.226702e-01 
  397.000  6.259012e-01 
  398.000  6.281658e-01 
  399.000  6.312456e-01 
  400.000  6.339010e-01 
  401.000  6.373916e-01 
  402.000  6.405156e-01 
  403.000  6.437270e-01 
  404.000  6.458901e-01 
  405.000  6.488661e-01 
  406.000  6.516696e-01 
  407.000  6.553038e-01 
  408.000  6.571190e-01 
  409.000  6.597317e-01 
  410.000  6.624747e-01 
  411.000  6.655362e-01 
  412.000  6.686847e-01 
  413.000  6.704192e-01 
  414.000  6.736661e-01 
  415.000  6.762269e-01 
  416.000  6.795080e-01 
  417.000  6.814545e-01 
  418.000  6.836718e-01 
  419.000  6.868188e-01 
  420.000  6.889411e-01 
  421.000  6.914104e-01 
  422.000  6.934325e-01 
  423.000  6.962019e-01 
  424.000  6.983489e-01 
  425.000  7.015404e-01 
  426.000  7.039046e-01 
  427.000  7.061238e-01 
  428.000  7.081374e-01 
  429.000  7.110081e-01 
  430.000  7.133959e-01 
  431.000  7.143613e-01 
  432.000  7.176973e-01 
  433.000  7.200269e-01 
  434.000  7.215515e-01 
  435.000  7.231594e-01 
  436.000  7.258438e-01 
  437.000  7.293447e-01 
  438.000  7.311398e-01 
  439.000  7.316709e-01 
  440.000  7.342973e-01 
  441.000  7.365568e-01 
  442.000  7.393161e-01 
  443.000  7.408167e-01 
  444.000  7.426140e-01 
  445.000  7.435799e-01 
  446.000  7.460745e-01 
  447.000  7.484447e-01 
  448.000  7.486548e-01 
  449.000  7.520003e-01 
  450.000  7.547611e-01 
  451.000  7.564375e-01 
  452.000  7.578129e-01 
  453.000  7.598878e-01 
  454.000  7.626994e-01 
  455.000  7.636847e-01 
  456.000  7.653860e-01 
  457.000  7.673320e-01 
  458.000  7.686718e-01 
  459.000  7.703806e-01 
  460.000  7.714882e-01 
  461.000  7.732207e-01 
  462.000  7.756167e-01 
  463.000  7.757853e-01 
  464.000  7.781326e-01 
  465.000  7.797542e-01 
  466.000  7.827501e-01 
  467.000  7.836697e-01 
  468.000  7.853882e-01 
  469.000  7.869107e-01 
  470.000  7.885368e-01 
  471.000  7.900246e-01 
  472.000  7.907423e-01 
  473.000  7.911897e-01 
  474.000  7.903450e-01 
  475.000  7.906161e-01 
  476.000  7.913046e-01 
  477.000  7.920384e-01 
  478.000  7.929363e-01 
  479.000  7.946586e-01 
  480.000  7.968121e-01 
  481.000  8.002239e-01 
  482.000  8.029935e-01 
  483.000  8.055247e-01 
  484.000  8.068638e-01 
  485.000  8.080327e-01 
  486.000  8.089065e-01 
  487.000  8.107851e-01 
  488.000  8.118094e-01 
  489.000  8.126224e-01 
  490.000  8.147510e-01 
  491.000  8.160682e-01 
  492.000  8.172948e-01 
  493.000  8.185169e-01 
  494.000  8.193697e-01 
  495.000  8.203061e-01 
  496.000  8.211004e-01 
  497.000  8.223322e-01 
  498.000  8.232554e-01 
  499.000  8.244335e-01 
  500.000  8.253223e-01 
  501.000  8.255386e-01 
  502.000  8.257470e-01 
  503.000  8.258042e-01 
  504.000  8.261203e-01 
  505.000  8.265792e-01 
  506.000  8.284250e-01 
  507.000  8.294888e-01 
  508.000  8.310764e-01 
  509.000  8.319086e-01 
  510.000  8.331060e-01 
  511.000  8.344725e-01 
  512.000  8.353300e-01 
  513.000  8.370318e-01 
  514.000  8.378435e-01 
  515.000  8.392445e-01 
  516.000  8.399165e-01 
  517.000  8.410752e-01 
  518.000  8.413686e-01 
  519.000  8.421405e-01 
  520.000  8.425399e-01 
  521.000  8.435664e-01 
  522.000  8.438789e-01 
  523.000  8.443288e-01 
  524.000  8.448144e-01 
  525.000  8.446522e-01 
  526.000  8.448082e-01 
  527.000  8.451861e-01 
  528.000  8.451162e-01 
  529.000  8.453299e-01 
  530.000  8.453465e-01 
  531.000  8.458574e-01 
  532.000  8.463290e-01 
  533.000  8.469951e-01 
  534.000  8.479559e-01 
  535.000  8.485065e-01 
  536.000  8.494797e-01 
  537.000  8.504938e-01 
  538.000  8.510109e-01 
  539.000  8.515657e-01 
  540.000  8.524875e-01 
  541.000  8.527656e-01 
  542.000  8.530778e-01 
  543.000  8.537821e-01 
  544.000  8.544908e-01 
  545.000  8.546178e-01 
  546.000  8.551754e-01 
  547.000  8.561627e-01 
  548.000  8.571347e-01 
  549.000  8.574184e-01 
  550.000  8.582695e-01 
  551.000  8.587756e-01 
  552.000  8.592330e-01 
  553.000  8.597004e-01 
  554.000  8.602793e-01 
  555.000  8.607937e-01 
  556.000  8.607892e-01 
  557.000  8.605810e-01 
  558.000  8.604522e-01 
  559.000  8.603302e-01 
  560.000  8.601447e-01 
  561.000  8.600116e-01 
  562.000  8.599673e-01 
  563.000  8.596944e-01 
  564.000  8.594025e-01 
  565.000  8.591629e-01 
  566.000  8.591890e-01 
  567.000  8.588549e-01 
  568.000  8.582129e-01 
  569.000  8.564557e-01 
  570.000  8.550578e-01 
  571.000  8.546470e-01 
  572.000  8.536456e-01 
  573.000  8.531100e-01 
  574.000  8.523059e-01 
  575.000  8.519135e-01 
  576.000  8.521622e-01 
  577.000  8.526685e-01 
  578.000  8.542368e-01 
  579.000  8.558427e-01 
  580.000  8.572599e-01 
  581.000  8.597696e-01 
  582.000  8.622310e-01 
  583.000  8.642973e-01 
  584.000  8.673878e-01 
  585.000  8.685471e-01 
  586.000  8.701302e-01 
  587.000  8.706755e-01 
  588.000  8.716424e-01 
  589.000  8.693850e-01 
  590.000  8.700069e-01 
  591.000  8.716146e-01 
  592.000  8.692525e-01 
  593.000  8.733664e-01 
  594.000  8.719841e-01 
  595.000  8.734546e-01 
  596.000  8.740883e-01 
  597.000  8.743291e-01 
  598.000  8.743651e-01 
  599.000  8.751100e-01 
  600.000  8.751713e-01 
  601.000  8.759894e-01 
  602.000  8.770701e-01 
  603.000  8.776681e-01 
  604.000  8.781682e-01 
  605.000  8.787709e-01 
  606.000  8.799495e-01 
  607.000  8.808672e-01 
  608.000  8.820994e-01 
  609.000  8.826057e-01 
  610.000  8.836173e-01 
  611.000  8.844146e-01 
  612.000  8.855596e-01 
  613.000  8.865573e-01 
  614.000  8.872648e-01 
  615.000  8.880889e-01 
  616.000  8.891985e-01 
  617.000  8.899860e-01 
  618.000  8.905138e-01 
  619.000  8.912679e-01 
  620.000  8.918428e-01 
  621.000  8.922241e-01 
  622.000  8.923903e-01 
  623.000  8.926263e-01 
  624.000  8.926974e-01 
  625.000  8.927885e-01 
  626.000  8.927105e-01 
  627.000  8.926978e-01 
  628.000  8.726521e-01 
  629.000  8.809946e-01 
  630.000  8.858720e-01 
  631.000  8.928663e-01 
  632.000  8.956462e-01 
  633.000  8.971738e-01 
  634.000  8.995149e-01 
  635.000  9.001269e-01 
  636.000  9.024775e-01 
  637.000  9.051117e-01 
  638.000  9.065869e-01 
  639.000  9.083037e-01 
  640.000  9.092256e-01 
  641.000  9.110791e-01 
  642.000  9.120975e-01 
  643.000  9.127394e-01 
  644.000  9.137110e-01 
  645.000  9.146415e-01 
  646.000  9.143463e-01 
  647.000  9.140083e-01 
  648.000  9.130925e-01 
  649.000  9.151048e-01 
  650.000  9.182696e-01 
  651.000  9.189023e-01 
  652.000  9.190373e-01 
  653.000  9.201931e-01 
  654.000  9.211941e-01 
  655.000  9.189857e-01 
  656.000  9.214193e-01 
  657.000  9.224229e-01 
  658.000  9.240047e-01 
  659.000  9.252308e-01 
  660.000  9.254801e-01 
  661.000  9.265564e-01 
  662.000  9.267846e-01 
  663.000  9.275721e-01 
  664.000  9.280697e-01 
  665.000  9.286879e-01 
  666.000  9.292723e-01 
  667.000  9.301770e-01 
  668.000  9.306135e-01 
  669.000  9.313811e-01 
  670.000  9.317738e-01 
  671.000  9.326985e-01 
  672.000  9.329023e-01 
  673.000  9.336669e-01 
  674.000  9.339720e-01 
  675.000  9.347678e-01 
  676.000  9.350236e-01 
  677.000  9.354321e-01 
  678.000  9.361318e-01 
  679.000  9.364985e-01 
  680.000  9.372466e-01 
  681.000  9.375799e-01 
  682.000  9.384884e-01 
  683.000  9.387645e-01 
  684.000  9.395766e-01 
  685.000  9.399442e-01 
  686.000  9.405106e-01 
  687.000  6.519240e-01 
  688.000  8.127375e-01 
  689.000  8.493035e-01 
  690.000  8.792087e-01 
  691.000  8.974916e-01 
  692.000  9.303771e-01 
  693.000  9.305366e-01 
  694.000  9.330028e-01 
  695.000  9.388319e-01 
  696.000  9.371594e-01 
  697.000  9.449489e-01 
  698.000  9.451669e-01 
  699.000  9.420019e-01 
  700.000  9.433474e-01 
  701.000  9.408112e-01 
  702.000  9.424261e-01 
  703.000  9.440157e-01 
  704.000  9.449065e-01 
  705.000  9.456151e-01 
  706.000  9.468751e-01 
  707.000  9.479468e-01 
  708.000  9.490657e-01 
  709.000  9.493975e-01 
  710.000  9.492170e-01 
  711.000  9.504706e-01 
  712.000  9.503332e-01 
  713.000  9.512948e-01 
  714.000  9.507624e-01 
  715.000  9.498036e-01 
  716.000  9.504526e-01 
  717.000  9.452016e-01 
  718.000  9.263943e-01 
  719.000  9.005340e-01 
  720.000  9.287443e-01 
  721.000  9.491798e-01 
  722.000  9.488198e-01 
  723.000  9.479434e-01 
  724.000  9.205924e-01 
  725.000  9.324633e-01 
  726.000  9.440009e-01 
  727.000  9.386622e-01 
  728.000  9.306173e-01 
  729.000  9.355066e-01 
  730.000  9.455134e-01 
  731.000  9.416940e-01 
  732.000  9.448162e-01 
  733.000  9.524870e-01 
  734.000  9.559275e-01 
  735.000  9.535604e-01 
  736.000  9.555028e-01 
  737.000  9.558058e-01 
  738.000  9.572119e-01 
  739.000  9.577131e-01 
  740.000  9.592272e-01 
  741.000  9.600034e-01 
  742.000  9.605229e-01 
  743.000  9.606884e-01 
  744.000  9.610297e-01 
  745.000  9.612727e-01 
  746.000  9.616991e-01 
  747.000  9.619980e-01 
  748.000  9.621559e-01 
  749.000  9.623045e-01 
  750.000  9.625630e-01 
  751.000  9.627287e-01 
  752.000  9.633218e-01 
  753.000  9.634895e-01 
  754.000  9.637105e-01 
  755.000  9.639426e-01 
  756.000  9.640971e-01 
  757.000  9.643246e-01 
  758.000  9.647715e-01 
  759.000  9.565931e-01 
  760.000  3.612569e-01 
  761.000  2.355559e-01 
  762.000  6.230080e-01 
  763.000  5.180292e-01 
  764.000  5.936368e-01 
  765.000  7.300478e-01 
  766.000  8.598361e-01 
  767.000  9.054151e-01 
  768.000  9.502038e-01 
  769.000  9.617448e-01 
  770.000  9.618142e-01 
  771.000  9.659147e-01 
  772.000  9.673237e-01 
  773.000  9.674359e-01 
  774.000  9.675207e-01 
  775.000  9.676057e-01 
  776.000  9.677605e-01 
  777.000  9.679714e-01 
  778.000  9.680994e-01 
  779.000  9.682398e-01 
  780.000  9.683570e-01 
  781.000  9.686725e-01 
  782.000  9.689157e-01 
  783.000  9.690836e-01 
  784.000  9.691508e-01 
  785.000  9.691947e-01 
  786.000  9.688109e-01 
  787.000  9.691249e-01 
  788.000  9.682055e-01 
  789.000  9.683158e-01 
  790.000  9.665861e-01 
  791.000  9.669889e-01 
  792.000  9.678188e-01 
  793.000  9.684193e-01 
  794.000  9.711770e-01 
  795.000  9.704491e-01 
  796.000  9.656402e-01 
  797.000  9.696305e-01 
  798.000  9.698959e-01 
  799.000  9.706578e-01 
  800.000  9.686169e-01 
  801.000  9.678652e-01 
  802.000  9.694739e-01 
  803.000  9.690582e-01 
  804.000  9.691147e-01 
  805.000  9.703175e-01 
  806.000  9.721150e-01 
  807.000  9.711552e-01 
  808.000  9.723775e-01 
  809.000  9.705707e-01 
  810.000  9.698713e-01 
  811.000  9.705458e-01 
  812.000  9.687021e-01 
  813.000  9.650092e-01 
  814.000  9.580966e-01 
  815.000  9.493151e-01 
  816.000  9.557541e-01 
  817.000  9.188240e-01 
  818.000  9.438087e-01 
  819.000  9.551163e-01 
  820.000  9.390715e-01 
  821.000  9.704694e-01 
  822.000  9.670017e-01 
  823.000  9.055800e-01 
  824.000  9.629983e-01 
  825.000  9.688944e-01 
  826.000  9.625748e-01 
  827.000  9.689817e-01 
  828.000  9.523125e-01 
  829.000  9.658831e-01 
  830.000  9.634048e-01 
  831.000  9.641540e-01 
  832.000  9.650011e-01 
  833.000  9.694256e-01 
  834.000  9.700634e-01 
  835.000  9.722857e-01 
  836.000  9.730296e-01 
  837.000  9.724353e-01 
  838.000  9.746873e-01 
  839.000  9.752712e-01 
  840.000  9.757124e-01 
  841.000  9.757124e-01 
  842.000  9.742352e-01 
  843.000  9.770316e-01 
  844.000  9.753920e-01 
  845.000  9.768389e-01 
  846.000  9.773313e-01 
  847.000  9.776465e-01 
  848.000  9.774313e-01 
  849.000  9.776776e-01 
  850.000  9.778765e-01 
  851.000  9.785280e-01 
  852.000  9.792403e-01 
  853.000  9.793825e-01 
  854.000  9.794629e-01 
  855.000  9.794629e-01 
  856.000  9.795691e-01 
  857.000  9.800518e-01 
  858.000  9.798034e-01 
  859.000  9.801224e-01 
  860.000  9.803317e-01 
  861.000  9.803513e-01 
  862.000  9.805540e-01 
  863.000  9.804754e-01 
  864.000  9.808131e-01 
  865.000  9.808131e-01 
  866.000  9.808505e-01 
  867.000  9.809477e-01 
  868.000  9.809961e-01 
  869.000  9.810326e-01 
  870.000  9.812131e-01 
  871.000  9.812707e-01 
  872.000  9.814398e-01 
  873.000  9.815068e-01 
  874.000  9.815068e-01 
  875.000  9.817017e-01 
  876.000  9.817702e-01 
  877.000  9.818485e-01 
  878.000  9.819314e-01 
  879.000  9.819626e-01 
  880.000  9.821482e-01 
  881.000  9.821482e-01 
  882.000  9.820995e-01 
  883.000  9.821609e-01 
  884.000  9.822997e-01 
  885.000  9.824370e-01 
  886.000  9.814882e-01 
  887.000  9.825453e-01 
  888.000  9.825453e-01 
  889.000  9.823371e-01 
  890.000  9.818882e-01 
  891.000  9.827842e-01 
  892.000  9.819689e-01 
  893.000  9.801044e-01 
  894.000  9.801044e-01 
  895.000  9.750814e-01 
  896.000  9.691061e-01 
  897.000  9.411564e-01 
  898.000  9.675457e-01 
  899.000  9.058989e-01 
  900.000  9.058989e-01 
  901.000  9.184374e-01 
  902.000  9.321218e-01 
  903.000  9.453120e-01 
  904.000  9.759647e-01 
  905.000  9.732200e-01 
  906.000  9.732200e-01 
  907.000  9.425023e-01 
  908.000  9.313688e-01 
  909.000  9.392982e-01 
  910.000  9.327462e-01 
  911.000  9.327462e-01 
  912.000  9.644458e-01 
  913.000  9.499875e-01 
  914.000  9.389784e-01 
  915.000  9.214588e-01 
  916.000  9.214588e-01 
  917.000  9.645355e-01 
  918.000  9.317752e-01 
  919.000  9.587169e-01 
  920.000  9.768104e-01 
  921.000  9.768104e-01 
  922.000  9.721614e-01 
  923.000  9.710305e-01 
  924.000  9.672770e-01 
  925.000  9.672770e-01 
  926.000  9.691111e-01 
  927.000  9.725500e-01 
  928.000  9.429823e-01 
  929.000  9.385225e-01 
  930.000  9.385225e-01 
  931.000  8.813083e-01 
  932.000  7.399265e-01 
  933.000  7.820516e-01 
  934.000  7.820516e-01 
  935.000  7.142213e-01 
  936.000  6.938840e-01 
  937.000  6.989049e-01 
  938.000  6.989049e-01 
  939.000  7.845591e-01 
  940.000  8.852163e-01 
  941.000  8.624755e-01 
  942.000  8.624755e-01 
  943.000  7.733516e-01 
  944.000  7.704771e-01 
  945.000  8.628825e-01 
  946.000  8.628825e-01 
  947.000  8.029030e-01 
  948.000  8.260967e-01 
  949.000  8.581612e-01 
  950.000  8.581612e-01 
  951.000  8.631204e-01 
  952.000  7.922138e-01 
  953.000  8.924744e-01 
  954.000  8.924744e-01 
  955.000  8.896496e-01 
  956.000  8.080502e-01 
  957.000  9.119594e-01 
  958.000  9.119594e-01 
  959.000  8.723751e-01 
  960.000  9.074478e-01 
  961.000  9.074478e-01 
  962.000  9.180505e-01 
  963.000  9.435572e-01 
  964.000  9.033170e-01 
  965.000  9.033170e-01 
  966.000  9.258611e-01 
  967.000  9.552587e-01 
  968.000  9.552587e-01 
  969.000  9.628155e-01 
  970.000  9.734870e-01 
  971.000  9.767680e-01 
  972.000  9.767680e-01 
  973.000  9.727322e-01 
  974.000  9.494021e-01 
  975.000  9.494021e-01 
  976.000  9.424700e-01 
  977.000  9.676551e-01 
  978.000  9.643019e-01 
  979.000  9.643019e-01 
  980.000  9.658207e-01 
  981.000  9.824355e-01 
  982.000  9.824355e-01 
  983.000  9.783765e-01 
  984.000  9.819748e-01 
  985.000  9.819748e-01 
  986.000  9.871313e-01 
  987.000  9.852156e-01 
  988.000  9.852156e-01 
  989.000  9.880760e-01 
  990.000  9.869621e-01 
  991.000  9.869621e-01 
  992.000  9.877633e-01 
  993.000  9.877168e-01 
  994.000  9.877168e-01 
  995.000  9.888548e-01 
  996.000  9.888996e-01 
  997.000  9.888996e-01 
  998.000  9.889531e-01 
  999.000  9.889202e-01 
 1000.000  9.889202e-01 
 1001.000  9.890715e-01 
 1002.000  9.875238e-01 
 1003.000  9.875238e-01 
 1004.000  9.891335e-01 
 1005.000  9.892803e-01 
 1006.000  9.892803e-01 
 1007.000  9.893872e-01 
 1008.000  9.890798e-01 
 1009.000  9.890798e-01 
 1010.000  9.878303e-01 
 1011.000  9.894958e-01 
 1012.000  9.894958e-01 
 1013.000  9.896465e-01 
 1014.000  9.896789e-01 
 1015.000  9.896789e-01 
 1016.000  9.897675e-01 
 1017.000  9.897916e-01 
 1018.000  9.897916e-01 
 1019.000  9.896866e-01 
 1020.000  9.899821e-01 
 1021.000  9.899821e-01 
 1022.000  9.898282e-01 
 1023.000  9.898282e-01 
 1024.000  9.898403e-01 
 1025.000  9.901281e-01 
 1026.000  9.901281e-01 
 1027.000  9.900438e-01 
 1028.000  9.901970e-01 
 1029.000  9.901970e-01 
 1030.000  9.902662e-01 
 1031.000  9.902299e-01 
 1032.000  9.902299e-01 
 1033.000  9.902034e-01 
 1034.000  9.902034e-01 
 1035.000  9.901576e-01 
 1036.000  9.897593e-01 
 1037.000  9.897593e-01 
 1038.000  9.896973e-01 
 1039.000  9.892868e-01 
 1040.000  9.892868e-01 
 1041.000  9.889459e-01 
 1042.000  9.889459e-01 
 1043.000  9.885347e-01 
 1044.000  9.879020e-01 
 1045.000  9.879020e-01 
 1046.000  9.870217e-01 
 1047.000  9.870217e-01 
 1048.000  9.861366e-01 
 1049.000  9.843206e-01 
 1050.000  9.843206e-01 
 1051.000  9.835525e-01 
 1052.000  9.835525e-01 
 1053.000  9.823344e-01 
 1054.000  9.812969e-01 
 1055.000  9.812969e-01 
 1056.000  9.801009e-01 
 1057.000  9.801009e-01 
 1058.000  9.790021e-01 
 1059.000  9.779276e-01 
 1060.000  9.779276e-01 
 1061.000  9.772556e-01 
 1062.000  9.772556e-01 
 1063.000  9.761432e-01 
 1064.000  9.755468e-01 
 1065.000  9.755468e-01 
 1066.000  9.765030e-01 
 1067.000  9.765030e-01 
 1068.000  9.760056e-01 
 1069.000  9.774727e-01 
 1070.000  9.774727e-01 
 1071.000  9.787445e-01 
 1072.000  9.787445e-01 
 1073.000  9.798931e-01 
 1074.000  9.798931e-01 
 1075.000  9.803168e-01 
 1076.000  9.812284e-01 
 1077.000  9.812284e-01 
 1078.000  9.835473e-01 
 1079.000  9.835473e-01 
 1080.000  9.835652e-01 
 1081.000  9.835652e-01 
 1082.000  9.852563e-01 
 1083.000  9.854287e-01 
 1084.000  9.854287e-01 
 1085.000  9.841080e-01 
 1086.000  9.841080e-01 
 1087.000  9.878388e-01 
 1088.000  9.878388e-01 
 1089.000  9.871810e-01 
 1090.000  9.868010e-01 
 1091.000  9.868010e-01 
 1092.000  9.850788e-01 
 1093.000  9.850788e-01 
 1094.000  9.855064e-01 
 1095.000  9.855064e-01 
 1096.000  9.842921e-01 
 1097.000  9.842921e-01 
 1098.000  9.823537e-01 
 1099.000  9.721334e-01 
 1100.000  9.721334e-01 
 1101.000  9.726897e-01 
 1102.000  9.726897e-01 
 1103.000  9.683217e-01 
 1104.000  9.683217e-01 
 1105.000  9.655459e-01 
 1106.000  9.655459e-01 
 1107.000  9.653600e-01 
 1108.000  9.653600e-01 
 1109.000  9.562904e-01 
 1110.000  9.454898e-01 
 1111.000  9.454898e-01 
 1112.000  9.308312e-01 
 1113.000  9.308312e-01 
 1114.000  8.765913e-01 
 1115.000  8.765913e-01 
 1116.000  7.586582e-01 
 1117.000  7.586582e-01 
 1118.000  8.068341e-01 
 1119.000  8.068341e-01 
 1120.000  7.658293e-01 
 1121.000  7.658293e-01 
 1122.000  6.227625e-01 
 1123.000  7.889938e-01 
 1124.000  7.889938e-01 
 1125.000  6.502674e-01 
 1126.000  6.502674e-01 
 1127.000  7.130278e-01 
 1128.000  7.130278e-01 
 1129.000  7.112099e-01 
 1130.000  7.112099e-01 
 1131.000  8.948826e-01 
 1132.000  8.948826e-01 
 1133.000  7.293932e-01 
 1134.000  7.293932e-01 
 1135.000  5.119417e-01 
 1136.000  5.119417e-01 
 1137.000  9.045108e-01 
 1138.000  9.045108e-01 
 1139.000  8.389425e-01 
 1140.000  8.389425e-01 
 1141.000  8.370726e-01 
 1142.000  8.370726e-01 
 1143.000  8.862705e-01 
 1144.000  8.862705e-01 
 1145.000  7.281943e-01 
 1146.000  7.281943e-01 
 1147.000  7.386067e-01 
 1148.000  7.386067e-01 
 1149.000  7.963912e-01 
 1150.000  7.963912e-01 
 1151.000  8.511983e-01 
 1152.000  8.511983e-01 
 1153.000  8.212989e-01 
 1154.000  8.212989e-01 
 1155.000  8.597699e-01 
 1156.000  8.597699e-01 
 1157.000  9.138946e-01 
 1158.000  9.138946e-01 
 1159.000  9.513270e-01 
 1160.000  9.513270e-01 
 1161.000  9.434904e-01 
 1162.000  9.434904e-01 
 1163.000  9.624681e-01 
 1164.000  9.624681e-01 
 1165.000  9.554106e-01 
 1166.000  9.554106e-01 
 1167.000  9.717007e-01 
 1168.000  9.717007e-01 
 1169.000  9.715299e-01 
 1170.000  9.715299e-01 
 1171.000  9.756385e-01 
 1172.000  9.756385e-01 
 1173.000  9.554273e-01 
 1174.000  9.554273e-01 
 1175.000  9.850642e-01 
 1176.000  9.850642e-01 
 1177.000  9.673727e-01 
 1178.000  9.673727e-01 
 1179.000  9.803835e-01 
 1180.000  9.803835e-01 
 1181.000  9.503905e-01 
 1182.000  9.503905e-01 
 1183.000  9.733461e-01 
 1184.000  9.733461e-01 
 1185.000  9.805621e-01 
 1186.000  9.805621e-01 
 1187.000  9.500375e-01 
 1188.000  9.500375e-01 
 1189.000  9.500375e-01 
 1190.000  9.729486e-01 
 1191.000  9.729486e-01 
 1192.000  9.870178e-01 
 1193.000  9.870178e-01 
 1194.000  9.776047e-01 
 1195.000  9.776047e-01 
 1196.000  9.826340e-01 
 1197.000  9.826340e-01 
 1198.000  9.733272e-01 
 1199.000  9.733272e-01 
 1200.000  9.716626e-01 
