  250.000  0.000000e+00 
  251.000  0.000000e+00 
  252.000  0.000000e+00 
  253.000  0.000000e+00 
  254.000  0.000000e+00 
  255.000  0.000000e+00 
  256.000  0.000000e+00 
  257.000  0.000000e+00 
  258.000  0.000000e+00 
  259.000  0.000000e+00 
  260.000  0.000000e+00 
  261.000  0.000000e+00 
  262.000  0.000000e+00 
  263.000  0.000000e+00 
  264.000  0.000000e+00 
  265.000  0.000000e+00 
  266.000  0.000000e+00 
  267.000  0.000000e+00 
  268.000  0.000000e+00 
  269.000  0.000000e+00 
  270.000  0.000000e+00 
  271.000  0.000000e+00 
  272.000  0.000000e+00 
  273.000  0.000000e+00 
  274.000  0.000000e+00 
  275.000  0.000000e+00 
  276.000  0.000000e+00 
  277.000  0.000000e+00 
  278.000  0.000000e+00 
  279.000  0.000000e+00 
  280.000  0.000000e+00 
  281.000  0.000000e+00 
  282.000  0.000000e+00 
  283.000  0.000000e+00 
  284.000  0.000000e+00 
  285.000  0.000000e+00 
  286.000  0.000000e+00 
  287.000  0.000000e+00 
  288.000  0.000000e+00 
  289.000  0.000000e+00 
  290.000  0.000000e+00 
  291.000  0.000000e+00 
  292.000  0.000000e+00 
  293.000  3.415220e-07 
  294.000  2.144605e-06 
  295.000  6.734410e-06 
  296.000  3.572709e-05 
  297.000  9.399636e-05 
  298.000  2.990157e-04 
  299.000  6.581964e-04 
  300.000  1.515058e-03 
  301.000  2.962632e-03 
  302.000  5.233735e-03 
  303.000  1.046435e-02 
  304.000  1.314944e-02 
  305.000  2.313653e-02 
  306.000  3.123066e-02 
  307.000  4.583724e-02 
  308.000  5.782648e-02 
  309.000  7.261118e-02 
  310.000  9.707437e-02 
  311.000  1.085516e-01 
  312.000  1.283392e-01 
  313.000  1.535791e-01 
  314.000  1.631795e-01 
  315.000  1.951166e-01 
  316.000  2.028924e-01 
  317.000  2.289874e-01 
  318.000  2.421326e-01 
  319.000  2.838537e-01 
  320.000  2.553845e-01 
  321.000  3.172909e-01 
  322.000  2.902784e-01 
  323.000  3.196976e-01 
  324.000  3.595059e-01 
  325.000  3.291379e-01 
  326.000  3.706130e-01 
  327.000  3.819987e-01 
  328.000  3.596541e-01 
  329.000  4.063856e-01 
  330.000  4.134484e-01 
  331.000  3.921916e-01 
  332.000  4.245672e-01 
  333.000  4.304635e-01 
  334.000  4.251580e-01 
  335.000  4.447035e-01 
  336.000  4.522184e-01 
  337.000  4.456808e-01 
  338.000  4.584718e-01 
  339.000  4.672450e-01 
  340.000  4.648411e-01 
  341.000  4.751737e-01 
  342.000  4.816794e-01 
  343.000  4.856046e-01 
  344.000  4.831321e-01 
  345.000  4.941010e-01 
  346.000  4.989753e-01 
  347.000  5.027249e-01 
  348.000  5.072659e-01 
  349.000  5.126209e-01 
  350.000  5.167841e-01 
  351.000  5.214391e-01 
  352.000  5.253032e-01 
  353.000  5.299139e-01 
  354.000  5.332426e-01 
  355.000  5.368534e-01 
  356.000  5.413961e-01 
  357.000  5.443825e-01 
  358.000  5.476828e-01 
  359.000  5.509254e-01 
  360.000  5.540990e-01 
  361.000  5.574299e-01 
  362.000  5.625095e-01 
  363.000  5.668243e-01 
  364.000  5.711039e-01 
  365.000  5.747013e-01 
  366.000  5.786595e-01 
  367.000  5.823812e-01 
  368.000  5.859307e-01 
  369.000  5.889052e-01 
  370.000  5.924459e-01 
  371.000  5.961701e-01 
  372.000  5.992705e-01 
  373.000  6.030353e-01 
  374.000  6.066234e-01 
  375.000  6.095244e-01 
  376.000  6.125539e-01 
  377.000  6.159803e-01 
  378.000  6.186295e-01 
  379.000  6.215089e-01 
  380.000  6.242836e-01 
  381.000  6.272892e-01 
  382.000  6.313010e-01 
  383.000  6.353830e-01 
  384.000  6.381738e-01 
  385.000  6.417361e-01 
  386.000  6.445767e-01 
  387.000  6.479231e-01 
  388.000  6.505526e-01 
  389.000  6.532228e-01 
  390.000  6.565589e-01 
  391.000  6.592916e-01 
  392.000  6.615949e-01 
  393.000  6.654096e-01 
  394.000  6.680475e-01 
  395.000  6.706039e-01 
  396.000  6.738270e-01 
  397.000  6.767393e-01 
  398.000  6.787793e-01 
  399.000  6.815514e-01 
  400.000  6.839397e-01 
  401.000  6.870767e-01 
  402.000  6.898820e-01 
  403.000  6.927631e-01 
  404.000  6.947025e-01 
  405.000  6.973673e-01 
  406.000  6.998556e-01 
  407.000  7.030761e-01 
  408.000  7.046754e-01 
  409.000  7.069813e-01 
  410.000  7.094054e-01 
  411.000  7.121313e-01 
  412.000  7.149359e-01 
  413.000  7.164788e-01 
  414.000  7.193671e-01 
  415.000  7.216427e-01 
  416.000  7.245511e-01 
  417.000  7.262742e-01 
  418.000  7.282350e-01 
  419.000  7.310176e-01 
  420.000  7.328910e-01 
  421.000  7.350545e-01 
  422.000  7.368246e-01 
  423.000  7.392506e-01 
  424.000  7.411247e-01 
  425.000  7.439215e-01 
  426.000  7.460079e-01 
  427.000  7.479641e-01 
  428.000  7.497385e-01 
  429.000  7.522678e-01 
  430.000  7.543681e-01 
  431.000  7.552047e-01 
  432.000  7.581223e-01 
  433.000  7.601525e-01 
  434.000  7.614777e-01 
  435.000  7.628677e-01 
  436.000  7.651943e-01 
  437.000  7.682222e-01 
  438.000  7.697678e-01 
  439.000  7.701923e-01 
  440.000  7.724594e-01 
  441.000  7.744227e-01 
  442.000  7.768098e-01 
  443.000  7.781034e-01 
  444.000  7.796455e-01 
  445.000  7.804683e-01 
  446.000  7.826315e-01 
  447.000  7.846773e-01 
  448.000  7.848381e-01 
  449.000  7.877370e-01 
  450.000  7.901210e-01 
  451.000  7.915460e-01 
  452.000  7.927138e-01 
  453.000  7.944728e-01 
  454.000  7.968668e-01 
  455.000  7.976912e-01 
  456.000  7.990274e-01 
  457.000  8.005792e-01 
  458.000  8.015360e-01 
  459.000  8.029142e-01 
  460.000  8.037268e-01 
  461.000  8.052195e-01 
  462.000  8.072862e-01 
  463.000  8.074200e-01 
  464.000  8.094440e-01 
  465.000  8.108412e-01 
  466.000  8.133842e-01 
  467.000  8.141414e-01 
  468.000  8.155907e-01 
  469.000  8.168778e-01 
  470.000  8.182324e-01 
  471.000  8.194253e-01 
  472.000  8.199602e-01 
  473.000  8.202597e-01 
  474.000  8.194523e-01 
  475.000  8.195722e-01 
  476.000  8.198921e-01 
  477.000  8.203179e-01 
  478.000  8.209322e-01 
  479.000  8.222042e-01 
  480.000  8.238033e-01 
  481.000  8.265695e-01 
  482.000  8.288011e-01 
  483.000  8.308185e-01 
  484.000  8.318316e-01 
  485.000  8.327172e-01 
  486.000  8.334776e-01 
  487.000  8.351092e-01 
  488.000  8.360060e-01 
  489.000  8.367208e-01 
  490.000  8.385483e-01 
  491.000  8.396174e-01 
  492.000  8.405740e-01 
  493.000  8.415188e-01 
  494.000  8.421580e-01 
  495.000  8.428878e-01 
  496.000  8.432491e-01 
  497.000  8.439527e-01 
  498.000  8.444330e-01 
  499.000  8.450392e-01 
  500.000  8.454356e-01 
  501.000  8.453019e-01 
  502.000  8.449433e-01 
  503.000  8.445566e-01 
  504.000  8.445528e-01 
  505.000  8.443968e-01 
  506.000  8.460052e-01 
  507.000  8.469549e-01 
  508.000  8.483139e-01 
  509.000  8.490689e-01 
  510.000  8.501413e-01 
  511.000  8.512977e-01 
  512.000  8.519877e-01 
  513.000  8.534145e-01 
  514.000  8.540681e-01 
  515.000  8.552431e-01 
  516.000  8.556202e-01 
  517.000  8.563535e-01 
  518.000  8.564759e-01 
  519.000  8.568826e-01 
  520.000  8.570812e-01 
  521.000  8.575133e-01 
  522.000  8.575647e-01 
  523.000  8.576569e-01 
  524.000  8.577025e-01 
  525.000  8.573021e-01 
  526.000  8.568107e-01 
  527.000  8.565642e-01 
  528.000  8.559700e-01 
  529.000  8.556041e-01 
  530.000  8.552314e-01 
  531.000  8.553732e-01 
  532.000  8.555635e-01 
  533.000  8.559680e-01 
  534.000  8.565094e-01 
  535.000  8.568361e-01 
  536.000  8.574609e-01 
  537.000  8.581079e-01 
  538.000  8.584484e-01 
  539.000  8.587530e-01 
  540.000  8.593600e-01 
  541.000  8.593956e-01 
  542.000  8.594443e-01 
  543.000  8.598459e-01 
  544.000  8.602167e-01 
  545.000  8.601121e-01 
  546.000  8.604752e-01 
  547.000  8.611838e-01 
  548.000  8.618313e-01 
  549.000  8.620115e-01 
  550.000  8.625757e-01 
  551.000  8.628423e-01 
  552.000  8.630024e-01 
  553.000  8.631445e-01 
  554.000  8.634118e-01 
  555.000  8.635780e-01 
  556.000  8.630798e-01 
  557.000  8.623336e-01 
  558.000  8.617193e-01 
  559.000  8.608761e-01 
  560.000  8.601544e-01 
  561.000  8.595671e-01 
  562.000  8.591111e-01 
  563.000  8.584150e-01 
  564.000  8.577012e-01 
  565.000  8.570782e-01 
  566.000  8.566745e-01 
  567.000  8.560561e-01 
  568.000  8.551891e-01 
  569.000  8.531693e-01 
  570.000  8.515930e-01 
  571.000  8.511629e-01 
  572.000  8.502958e-01 
  573.000  8.497351e-01 
  574.000  8.490168e-01 
  575.000  8.486021e-01 
  576.000  8.490641e-01 
  577.000  8.496691e-01 
  578.000  8.512301e-01 
  579.000  8.527872e-01 
  580.000  8.541145e-01 
  581.000  8.564350e-01 
  582.000  8.587093e-01 
  583.000  8.606167e-01 
  584.000  8.634989e-01 
  585.000  8.645889e-01 
  586.000  8.658379e-01 
  587.000  8.662359e-01 
  588.000  8.669461e-01 
  589.000  8.649777e-01 
  590.000  8.654016e-01 
  591.000  8.665224e-01 
  592.000  8.643655e-01 
  593.000  8.675839e-01 
  594.000  8.661991e-01 
  595.000  8.671038e-01 
  596.000  8.673069e-01 
  597.000  8.673820e-01 
  598.000  8.670723e-01 
  599.000  8.673838e-01 
  600.000  8.671161e-01 
  601.000  8.677797e-01 
  602.000  8.687578e-01 
  603.000  8.692996e-01 
  604.000  8.697495e-01 
  605.000  8.703070e-01 
  606.000  8.716644e-01 
  607.000  8.727334e-01 
  608.000  8.741787e-01 
  609.000  8.747705e-01 
  610.000  8.759586e-01 
  611.000  8.769048e-01 
  612.000  8.783302e-01 
  613.000  8.794907e-01 
  614.000  8.803394e-01 
  615.000  8.813251e-01 
  616.000  8.827615e-01 
  617.000  8.838018e-01 
  618.000  8.844964e-01 
  619.000  8.855302e-01 
  620.000  8.864773e-01 
  621.000  8.871728e-01 
  622.000  8.874814e-01 
  623.000  8.881963e-01 
  624.000  8.884976e-01 
  625.000  8.888510e-01 
  626.000  8.890811e-01 
  627.000  8.893314e-01 
  628.000  8.727811e-01 
  629.000  8.795979e-01 
  630.000  8.841335e-01 
  631.000  8.903219e-01 
  632.000  8.928995e-01 
  633.000  8.944564e-01 
  634.000  8.968443e-01 
  635.000  8.974466e-01 
  636.000  9.000018e-01 
  637.000  9.028489e-01 
  638.000  9.044237e-01 
  639.000  9.063158e-01 
  640.000  9.073482e-01 
  641.000  9.093017e-01 
  642.000  9.102592e-01 
  643.000  9.109381e-01 
  644.000  9.118774e-01 
  645.000  9.128678e-01 
  646.000  9.128088e-01 
  647.000  9.127807e-01 
  648.000  9.121423e-01 
  649.000  9.141626e-01 
  650.000  9.171270e-01 
  651.000  9.177747e-01 
  652.000  9.181711e-01 
  653.000  9.193062e-01 
  654.000  9.205928e-01 
  655.000  9.188670e-01 
  656.000  9.211319e-01 
  657.000  9.221473e-01 
  658.000  9.237603e-01 
  659.000  9.250622e-01 
  660.000  9.253854e-01 
  661.000  9.265794e-01 
  662.000  9.268538e-01 
  663.000  9.278148e-01 
  664.000  9.283621e-01 
  665.000  9.290624e-01 
  666.000  9.297577e-01 
  667.000  9.307979e-01 
  668.000  9.313259e-01 
  669.000  9.322115e-01 
  670.000  9.326794e-01 
  671.000  9.337233e-01 
  672.000  9.339449e-01 
  673.000  9.348205e-01 
  674.000  9.351463e-01 
  675.000  9.360486e-01 
  676.000  9.363269e-01 
  677.000  9.367983e-01 
  678.000  9.375674e-01 
  679.000  9.379919e-01 
  680.000  9.388318e-01 
  681.000  9.392288e-01 
  682.000  9.403044e-01 
  683.000  9.406698e-01 
  684.000  9.416530e-01 
  685.000  9.420369e-01 
  686.000  9.427296e-01 
  687.000  6.761177e-01 
  688.000  8.332155e-01 
  689.000  8.648231e-01 
  690.000  8.913617e-01 
  691.000  9.067386e-01 
  692.000  9.350494e-01 
  693.000  9.352695e-01 
  694.000  9.375613e-01 
  695.000  9.425507e-01 
  696.000  9.412434e-01 
  697.000  9.479395e-01 
  698.000  9.482118e-01 
  699.000  9.455973e-01 
  700.000  9.469374e-01 
  701.000  9.448883e-01 
  702.000  9.463201e-01 
  703.000  9.477958e-01 
  704.000  9.486172e-01 
  705.000  9.493259e-01 
  706.000  9.504724e-01 
  707.000  9.514408e-01 
  708.000  9.524678e-01 
  709.000  9.528338e-01 
  710.000  9.527363e-01 
  711.000  9.539418e-01 
  712.000  9.538959e-01 
  713.000  9.548020e-01 
  714.000  9.543834e-01 
  715.000  9.537298e-01 
  716.000  9.543587e-01 
  717.000  9.499992e-01 
  718.000  9.342140e-01 
  719.000  9.117885e-01 
  720.000  9.363512e-01 
  721.000  9.536893e-01 
  722.000  9.534537e-01 
  723.000  9.527696e-01 
  724.000  9.295235e-01 
  725.000  9.398875e-01 
  726.000  9.496788e-01 
  727.000  9.451900e-01 
  728.000  9.384782e-01 
  729.000  9.426923e-01 
  730.000  9.511545e-01 
  731.000  9.479893e-01 
  732.000  9.506537e-01 
  733.000  9.571783e-01 
  734.000  9.601400e-01 
  735.000  9.582006e-01 
  736.000  9.598536e-01 
  737.000  9.601588e-01 
  738.000  9.613697e-01 
  739.000  9.618189e-01 
  740.000  9.631070e-01 
  741.000  9.637836e-01 
  742.000  9.642979e-01 
  743.000  9.644651e-01 
  744.000  9.647798e-01 
  745.000  9.650124e-01 
  746.000  9.654427e-01 
  747.000  9.657567e-01 
  748.000  9.659183e-01 
  749.000  9.660794e-01 
  750.000  9.663491e-01 
  751.000  9.665302e-01 
  752.000  9.671527e-01 
  753.000  9.673301e-01 
  754.000  9.675708e-01 
  755.000  9.678234e-01 
  756.000  9.679856e-01 
  757.000  9.682052e-01 
  758.000  9.686578e-01 
  759.000  9.618056e-01 
  760.000  4.018916e-01 
  761.000  2.828223e-01 
  762.000  6.577620e-01 
  763.000  5.588205e-01 
  764.000  6.255581e-01 
  765.000  7.527755e-01 
  766.000  8.776638e-01 
  767.000  9.182848e-01 
  768.000  9.565025e-01 
  769.000  9.663280e-01 
  770.000  9.663729e-01 
  771.000  9.698219e-01 
  772.000  9.709682e-01 
  773.000  9.710517e-01 
  774.000  9.711143e-01 
  775.000  9.711789e-01 
  776.000  9.713006e-01 
  777.000  9.714687e-01 
  778.000  9.715703e-01 
  779.000  9.716814e-01 
  780.000  9.717742e-01 
  781.000  9.720939e-01 
  782.000  9.723513e-01 
  783.000  9.725211e-01 
  784.000  9.726090e-01 
  785.000  9.726811e-01 
  786.000  9.723893e-01 
  787.000  9.727106e-01 
  788.000  9.719533e-01 
  789.000  9.721079e-01 
  790.000  9.706816e-01 
  791.000  9.710779e-01 
  792.000  9.718156e-01 
  793.000  9.723526e-01 
  794.000  9.747666e-01 
  795.000  9.741846e-01 
  796.000  9.701788e-01 
  797.000  9.735428e-01 
  798.000  9.737861e-01 
  799.000  9.744359e-01 
  800.000  9.727460e-01 
  801.000  9.721067e-01 
  802.000  9.734428e-01 
  803.000  9.730827e-01 
  804.000  9.731069e-01 
  805.000  9.741008e-01 
  806.000  9.755966e-01 
  807.000  9.747628e-01 
  808.000  9.757646e-01 
  809.000  9.742464e-01 
  810.000  9.736367e-01 
  811.000  9.742017e-01 
  812.000  9.726675e-01 
  813.000  9.695735e-01 
  814.000  9.637718e-01 
  815.000  9.563324e-01 
  816.000  9.617981e-01 
  817.000  9.302423e-01 
  818.000  9.516150e-01 
  819.000  9.613287e-01 
  820.000  9.475524e-01 
  821.000  9.742851e-01 
  822.000  9.713846e-01 
  823.000  9.189779e-01 
  824.000  9.680877e-01 
  825.000  9.730324e-01 
  826.000  9.677544e-01 
  827.000  9.731414e-01 
  828.000  9.591165e-01 
  829.000  9.705632e-01 
  830.000  9.684933e-01 
  831.000  9.691261e-01 
  832.000  9.698460e-01 
  833.000  9.735673e-01 
  834.000  9.741006e-01 
  835.000  9.759666e-01 
  836.000  9.765885e-01 
  837.000  9.760906e-01 
  838.000  9.779772e-01 
  839.000  9.784653e-01 
  840.000  9.788344e-01 
  841.000  9.788344e-01 
  842.000  9.775951e-01 
  843.000  9.799313e-01 
  844.000  9.785551e-01 
  845.000  9.797639e-01 
  846.000  9.801691e-01 
  847.000  9.804325e-01 
  848.000  9.802464e-01 
  849.000  9.804484e-01 
  850.000  9.808291e-01 
  851.000  9.820483e-01 
  852.000  9.826700e-01 
  853.000  9.827891e-01 
  854.000  9.828563e-01 
  855.000  9.828563e-01 
  856.000  9.829450e-01 
  857.000  9.833486e-01 
  858.000  9.831410e-01 
  859.000  9.834078e-01 
  860.000  9.835828e-01 
  861.000  9.835991e-01 
  862.000  9.837686e-01 
  863.000  9.837028e-01 
  864.000  9.839852e-01 
  865.000  9.839852e-01 
  866.000  9.840164e-01 
  867.000  9.840977e-01 
  868.000  9.841383e-01 
  869.000  9.841688e-01 
  870.000  9.843196e-01 
  871.000  9.843678e-01 
  872.000  9.845091e-01 
  873.000  9.845650e-01 
  874.000  9.845650e-01 
  875.000  9.847280e-01 
  876.000  9.847853e-01 
  877.000  9.848508e-01 
  878.000  9.849200e-01 
  879.000  9.849461e-01 
  880.000  9.851013e-01 
  881.000  9.851013e-01 
  882.000  9.850606e-01 
  883.000  9.851118e-01 
  884.000  9.852279e-01 
  885.000  9.853425e-01 
  886.000  9.845492e-01 
  887.000  9.854332e-01 
  888.000  9.854332e-01 
  889.000  9.852591e-01 
  890.000  9.848835e-01 
  891.000  9.856327e-01 
  892.000  9.849513e-01 
  893.000  9.833918e-01 
  894.000  9.833918e-01 
  895.000  9.791695e-01 
  896.000  9.741493e-01 
  897.000  9.503543e-01 
  898.000  9.728446e-01 
  899.000  9.196723e-01 
  900.000  9.196723e-01 
  901.000  9.302991e-01 
  902.000  9.423829e-01 
  903.000  9.536435e-01 
  904.000  9.799179e-01 
  905.000  9.776030e-01 
  906.000  9.776030e-01 
  907.000  9.515131e-01 
  908.000  9.417370e-01 
  909.000  9.487311e-01 
  910.000  9.431825e-01 
  911.000  9.431825e-01 
  912.000  9.702390e-01 
  913.000  9.579539e-01 
  914.000  9.484867e-01 
  915.000  9.333620e-01 
  916.000  9.333620e-01 
  917.000  9.703295e-01 
  918.000  9.422767e-01 
  919.000  9.652994e-01 
  920.000  9.806299e-01 
  921.000  9.806299e-01 
  922.000  9.767262e-01 
  923.000  9.757749e-01 
  924.000  9.726323e-01 
  925.000  9.726323e-01 
  926.000  9.741700e-01 
  927.000  9.770589e-01 
  928.000  9.520427e-01 
  929.000  9.482855e-01 
  930.000  9.482855e-01 
  931.000  8.986214e-01 
  932.000  7.644898e-01 
  933.000  8.078368e-01 
  934.000  8.078368e-01 
  935.000  7.386093e-01 
  936.000  7.204747e-01 
  937.000  7.266345e-01 
  938.000  7.266345e-01 
  939.000  8.062940e-01 
  940.000  9.016066e-01 
  941.000  8.817978e-01 
  942.000  8.817978e-01 
  943.000  7.990542e-01 
  944.000  7.949778e-01 
  945.000  8.827713e-01 
  946.000  8.827713e-01 
  947.000  8.280551e-01 
  948.000  8.498800e-01 
  949.000  8.774809e-01 
  950.000  8.774809e-01 
  951.000  8.819869e-01 
  952.000  8.153890e-01 
  953.000  9.084203e-01 
  954.000  9.084203e-01 
  955.000  9.057734e-01 
  956.000  8.297130e-01 
  957.000  9.252198e-01 
  958.000  9.252198e-01 
  959.000  8.912504e-01 
  960.000  9.216747e-01 
  961.000  9.216747e-01 
  962.000  9.304219e-01 
  963.000  9.525244e-01 
  964.000  9.178985e-01 
  965.000  9.178985e-01 
  966.000  9.370906e-01 
  967.000  9.623501e-01 
  968.000  9.623501e-01 
  969.000  9.687791e-01 
  970.000  9.778339e-01 
  971.000  9.805850e-01 
  972.000  9.805850e-01 
  973.000  9.772036e-01 
  974.000  9.574101e-01 
  975.000  9.574101e-01 
  976.000  9.513794e-01 
  977.000  9.728592e-01 
  978.000  9.700127e-01 
  979.000  9.700127e-01 
  980.000  9.713194e-01 
  981.000  9.853377e-01 
  982.000  9.853377e-01 
  983.000  9.819181e-01 
  984.000  9.849504e-01 
  985.000  9.849504e-01 
  986.000  9.892641e-01 
  987.000  9.876627e-01 
  988.000  9.876627e-01 
  989.000  9.900534e-01 
  990.000  9.891226e-01 
  991.000  9.891226e-01 
  992.000  9.897922e-01 
  993.000  9.897532e-01 
  994.000  9.897532e-01 
  995.000  9.907037e-01 
  996.000  9.907411e-01 
  997.000  9.907411e-01 
  998.000  9.907857e-01 
  999.000  9.907582e-01 
 1000.000  9.907582e-01 
 1001.000  9.908847e-01 
 1002.000  9.895914e-01 
 1003.000  9.895914e-01 
 1004.000  9.909363e-01 
 1005.000  9.910589e-01 
 1006.000  9.910589e-01 
 1007.000  9.911481e-01 
 1008.000  9.908915e-01 
 1009.000  9.908915e-01 
 1010.000  9.898472e-01 
 1011.000  9.912387e-01 
 1012.000  9.912387e-01 
 1013.000  9.913646e-01 
 1014.000  9.913916e-01 
 1015.000  9.913916e-01 
 1016.000  9.914656e-01 
 1017.000  9.914857e-01 
 1018.000  9.914857e-01 
 1019.000  9.913981e-01 
 1020.000  9.916449e-01 
 1021.000  9.916449e-01 
 1022.000  9.915163e-01 
 1023.000  9.915163e-01 
 1024.000  9.915262e-01 
 1025.000  9.917666e-01 
 1026.000  9.917666e-01 
 1027.000  9.916964e-01 
 1028.000  9.918240e-01 
 1029.000  9.918240e-01 
 1030.000  9.918819e-01 
 1031.000  9.918515e-01 
 1032.000  9.918515e-01 
 1033.000  9.918294e-01 
 1034.000  9.918294e-01 
 1035.000  9.917913e-01 
 1036.000  9.914587e-01 
 1037.000  9.914587e-01 
 1038.000  9.914070e-01 
 1039.000  9.910643e-01 
 1040.000  9.910643e-01 
 1041.000  9.907797e-01 
 1042.000  9.907797e-01 
 1043.000  9.904364e-01 
 1044.000  9.899082e-01 
 1045.000  9.899082e-01 
 1046.000  9.891731e-01 
 1047.000  9.891731e-01 
 1048.000  9.884337e-01 
 1049.000  9.869168e-01 
 1050.000  9.869168e-01 
 1051.000  9.862749e-01 
 1052.000  9.862749e-01 
 1053.000  9.852569e-01 
 1054.000  9.843897e-01 
 1055.000  9.843897e-01 
 1056.000  9.833897e-01 
 1057.000  9.833897e-01 
 1058.000  9.824709e-01 
 1059.000  9.815722e-01 
 1060.000  9.815722e-01 
 1061.000  9.810101e-01 
 1062.000  9.810101e-01 
 1063.000  9.800794e-01 
 1064.000  9.795804e-01 
 1065.000  9.795804e-01 
 1066.000  9.803806e-01 
 1067.000  9.803806e-01 
 1068.000  9.799643e-01 
 1069.000  9.811916e-01 
 1070.000  9.811916e-01 
 1071.000  9.822555e-01 
 1072.000  9.822555e-01 
 1073.000  9.832160e-01 
 1074.000  9.832160e-01 
 1075.000  9.835696e-01 
 1076.000  9.843314e-01 
 1077.000  9.843314e-01 
 1078.000  9.862702e-01 
 1079.000  9.862702e-01 
 1080.000  9.862843e-01 
 1081.000  9.862843e-01 
 1082.000  9.876976e-01 
 1083.000  9.878408e-01 
 1084.000  9.878408e-01 
 1085.000  9.867364e-01 
 1086.000  9.867364e-01 
 1087.000  9.898542e-01 
 1088.000  9.898542e-01 
 1089.000  9.893033e-01 
 1090.000  9.889841e-01 
 1091.000  9.889841e-01 
 1092.000  9.875438e-01 
 1093.000  9.875438e-01 
 1094.000  9.879025e-01 
 1095.000  9.879025e-01 
 1096.000  9.868861e-01 
 1097.000  9.868861e-01 
 1098.000  9.852639e-01 
 1099.000  9.766595e-01 
 1100.000  9.766595e-01 
 1101.000  9.771249e-01 
 1102.000  9.771249e-01 
 1103.000  9.734451e-01 
 1104.000  9.734451e-01 
 1105.000  9.711099e-01 
 1106.000  9.711099e-01 
 1107.000  9.709395e-01 
 1108.000  9.709395e-01 
 1109.000  9.632764e-01 
 1110.000  9.539442e-01 
 1111.000  9.539442e-01 
 1112.000  9.415126e-01 
 1113.000  9.415126e-01 
 1114.000  8.922521e-01 
 1115.000  8.922521e-01 
 1116.000  7.878162e-01 
 1117.000  7.878162e-01 
 1118.000  8.280927e-01 
 1119.000  8.280927e-01 
 1120.000  7.883469e-01 
 1121.000  7.883469e-01 
 1122.000  6.525160e-01 
 1123.000  8.148835e-01 
 1124.000  8.148835e-01 
 1125.000  6.796624e-01 
 1126.000  6.796624e-01 
 1127.000  7.394226e-01 
 1128.000  7.394226e-01 
 1129.000  7.380638e-01 
 1130.000  7.380638e-01 
 1131.000  9.102644e-01 
 1132.000  9.102644e-01 
 1133.000  7.568336e-01 
 1134.000  7.568336e-01 
 1135.000  5.443916e-01 
 1136.000  5.443916e-01 
 1137.000  9.189414e-01 
 1138.000  9.189414e-01 
 1139.000  8.576389e-01 
 1140.000  8.576389e-01 
 1141.000  8.573493e-01 
 1142.000  8.573493e-01 
 1143.000  9.030575e-01 
 1144.000  9.030575e-01 
 1145.000  7.537093e-01 
 1146.000  7.537093e-01 
 1147.000  7.662030e-01 
 1148.000  7.662030e-01 
 1149.000  8.146731e-01 
 1150.000  8.146731e-01 
 1151.000  8.671722e-01 
 1152.000  8.671722e-01 
 1153.000  8.415282e-01 
 1154.000  8.415282e-01 
 1155.000  8.772535e-01 
 1156.000  8.772535e-01 
 1157.000  9.267063e-01 
 1158.000  9.267063e-01 
 1159.000  9.590921e-01 
 1160.000  9.590921e-01 
 1161.000  9.524719e-01 
 1162.000  9.524719e-01 
 1163.000  9.684886e-01 
 1164.000  9.684886e-01 
 1165.000  9.625178e-01 
 1166.000  9.625178e-01 
 1167.000  9.763053e-01 
 1168.000  9.763053e-01 
 1169.000  9.761529e-01 
 1170.000  9.761529e-01 
 1171.000  9.796064e-01 
 1172.000  9.796064e-01 
 1173.000  9.625410e-01 
 1174.000  9.625410e-01 
 1175.000  9.875325e-01 
 1176.000  9.875325e-01 
 1177.000  9.726199e-01 
 1178.000  9.726199e-01 
 1179.000  9.835742e-01 
 1180.000  9.835742e-01 
 1181.000  9.581299e-01 
 1182.000  9.581299e-01 
 1183.000  9.776284e-01 
 1184.000  9.776284e-01 
 1185.000  9.837570e-01 
 1186.000  9.837570e-01 
 1187.000  9.575503e-01 
 1188.000  9.575503e-01 
 1189.000  9.575503e-01 
 1190.000  9.772663e-01 
 1191.000  9.772663e-01 
 1192.000  9.891654e-01 
 1193.000  9.891654e-01 
 1194.000  9.812140e-01 
 1195.000  9.812140e-01 
 1196.000  9.854956e-01 
 1197.000  9.854956e-01 
 1198.000  9.776369e-01 
 1199.000  9.776369e-01 
 1200.000  9.761935e-01 
