  250.000  0.000000e+00 
  251.000  0.000000e+00 
  252.000  0.000000e+00 
  253.000  0.000000e+00 
  254.000  0.000000e+00 
  255.000  0.000000e+00 
  256.000  0.000000e+00 
  257.000  0.000000e+00 
  258.000  0.000000e+00 
  259.000  0.000000e+00 
  260.000  0.000000e+00 
  261.000  0.000000e+00 
  262.000  0.000000e+00 
  263.000  0.000000e+00 
  264.000  0.000000e+00 
  265.000  0.000000e+00 
  266.000  0.000000e+00 
  267.000  0.000000e+00 
  268.000  0.000000e+00 
  269.000  0.000000e+00 
  270.000  0.000000e+00 
  271.000  0.000000e+00 
  272.000  0.000000e+00 
  273.000  0.000000e+00 
  274.000  0.000000e+00 
  275.000  0.000000e+00 
  276.000  0.000000e+00 
  277.000  0.000000e+00 
  278.000  0.000000e+00 
  279.000  0.000000e+00 
  280.000  0.000000e+00 
  281.000  0.000000e+00 
  282.000  0.000000e+00 
  283.000  0.000000e+00 
  284.000  0.000000e+00 
  285.000  0.000000e+00 
  286.000  0.000000e+00 
  287.000  0.000000e+00 
  288.000  0.000000e+00 
  289.000  0.000000e+00 
  290.000  0.000000e+00 
  291.000  0.000000e+00 
  292.000  0.000000e+00 
  293.000  0.000000e+00 
  294.000  0.000000e+00 
  295.000  1.224312e-05 
  296.000  6.227006e-05 
  297.000  1.596500e-04 
  298.000  4.925310e-04 
  299.000  1.060119e-03 
  300.000  2.385323e-03 
  301.000  4.576195e-03 
  302.000  7.945265e-03 
  303.000  1.557962e-02 
  304.000  1.939959e-02 
  305.000  3.357377e-02 
  306.000  4.481491e-02 
  307.000  6.496425e-02 
  308.000  8.121927e-02 
  309.000  1.010881e-01 
  310.000  1.337691e-01 
  311.000  1.486609e-01 
  312.000  1.745550e-01 
  313.000  2.072979e-01 
  314.000  2.191637e-01 
  315.000  2.601004e-01 
  316.000  2.694086e-01 
  317.000  3.021903e-01 
  318.000  3.180528e-01 
  319.000  3.704439e-01 
  320.000  3.329594e-01 
  321.000  4.104932e-01 
  322.000  3.750508e-01 
  323.000  4.110309e-01 
  324.000  4.595088e-01 
  325.000  4.203788e-01 
  326.000  4.708250e-01 
  327.000  4.836579e-01 
  328.000  4.545721e-01 
  329.000  5.108934e-01 
  330.000  5.182376e-01 
  331.000  4.908896e-01 
  332.000  5.291235e-01 
  333.000  5.350185e-01 
  334.000  5.271899e-01 
  335.000  5.495484e-01 
  336.000  5.572376e-01 
  337.000  5.480360e-01 
  338.000  5.620424e-01 
  339.000  5.712730e-01 
  340.000  5.672699e-01 
  341.000  5.783220e-01 
  342.000  5.847496e-01 
  343.000  5.880605e-01 
  344.000  5.840631e-01 
  345.000  5.956441e-01 
  346.000  6.002376e-01 
  347.000  6.032900e-01 
  348.000  6.075007e-01 
  349.000  6.124598e-01 
  350.000  6.161493e-01 
  351.000  6.203202e-01 
  352.000  6.236879e-01 
  353.000  6.276976e-01 
  354.000  6.305867e-01 
  355.000  6.337151e-01 
  356.000  6.376432e-01 
  357.000  6.402206e-01 
  358.000  6.430647e-01 
  359.000  6.458545e-01 
  360.000  6.485807e-01 
  361.000  6.514376e-01 
  362.000  6.557856e-01 
  363.000  6.594707e-01 
  364.000  6.631184e-01 
  365.000  6.661789e-01 
  366.000  6.695406e-01 
  367.000  6.726958e-01 
  368.000  6.756999e-01 
  369.000  6.782137e-01 
  370.000  6.812016e-01 
  371.000  6.843392e-01 
  372.000  6.869473e-01 
  373.000  6.901094e-01 
  374.000  6.931183e-01 
  375.000  6.955475e-01 
  376.000  6.980810e-01 
  377.000  7.009423e-01 
  378.000  7.031518e-01 
  379.000  7.055503e-01 
  380.000  7.078590e-01 
  381.000  7.103565e-01 
  382.000  7.136853e-01 
  383.000  7.170664e-01 
  384.000  7.193747e-01 
  385.000  7.223175e-01 
  386.000  7.246606e-01 
  387.000  7.274176e-01 
  388.000  7.295812e-01 
  389.000  7.317762e-01 
  390.000  7.345150e-01 
  391.000  7.367556e-01 
  392.000  7.386424e-01 
  393.000  7.417632e-01 
  394.000  7.439185e-01 
  395.000  7.460051e-01 
  396.000  7.486328e-01 
  397.000  7.510042e-01 
  398.000  7.526637e-01 
  399.000  7.549165e-01 
  400.000  7.568556e-01 
  401.000  7.593998e-01 
  402.000  7.616722e-01 
  403.000  7.640037e-01 
  404.000  7.655716e-01 
  405.000  7.677231e-01 
  406.000  7.697178e-01 
  407.000  7.722955e-01 
  408.000  7.735692e-01 
  409.000  7.754077e-01 
  410.000  7.773416e-01 
  411.000  7.795280e-01 
  412.000  7.817770e-01 
  413.000  7.830127e-01 
  414.000  7.853250e-01 
  415.000  7.871446e-01 
  416.000  7.894648e-01 
  417.000  7.908373e-01 
  418.000  7.923978e-01 
  419.000  7.946113e-01 
  420.000  7.960989e-01 
  421.000  7.978069e-01 
  422.000  7.992027e-01 
  423.000  8.011166e-01 
  424.000  8.025903e-01 
  425.000  8.047956e-01 
  426.000  8.064489e-01 
  427.000  8.079973e-01 
  428.000  8.094008e-01 
  429.000  8.114008e-01 
  430.000  8.130589e-01 
  431.000  8.137117e-01 
  432.000  8.160039e-01 
  433.000  8.175940e-01 
  434.000  8.186298e-01 
  435.000  8.197113e-01 
  436.000  8.215245e-01 
  437.000  8.238800e-01 
  438.000  8.250776e-01 
  439.000  8.253867e-01 
  440.000  8.271465e-01 
  441.000  8.286775e-01 
  442.000  8.305325e-01 
  443.000  8.315348e-01 
  444.000  8.327249e-01 
  445.000  8.333562e-01 
  446.000  8.350388e-01 
  447.000  8.366240e-01 
  448.000  8.367364e-01 
  449.000  8.389885e-01 
  450.000  8.408350e-01 
  451.000  8.419250e-01 
  452.000  8.428172e-01 
  453.000  8.441595e-01 
  454.000  8.459921e-01 
  455.000  8.466143e-01 
  456.000  8.475699e-01 
  457.000  8.486947e-01 
  458.000  8.493171e-01 
  459.000  8.503258e-01 
  460.000  8.508700e-01 
  461.000  8.520222e-01 
  462.000  8.536183e-01 
  463.000  8.537146e-01 
  464.000  8.552769e-01 
  465.000  8.563545e-01 
  466.000  8.582929e-01 
  467.000  8.588563e-01 
  468.000  8.599550e-01 
  469.000  8.609325e-01 
  470.000  8.619491e-01 
  471.000  8.628164e-01 
  472.000  8.631798e-01 
  473.000  8.633606e-01 
  474.000  8.626926e-01 
  475.000  8.627189e-01 
  476.000  8.628068e-01 
  477.000  8.630151e-01 
  478.000  8.633961e-01 
  479.000  8.642535e-01 
  480.000  8.653372e-01 
  481.000  8.673675e-01 
  482.000  8.689969e-01 
  483.000  8.704559e-01 
  484.000  8.711548e-01 
  485.000  8.717666e-01 
  486.000  8.723561e-01 
  487.000  8.736189e-01 
  488.000  8.743170e-01 
  489.000  8.748750e-01 
  490.000  8.762767e-01 
  491.000  8.770612e-01 
  492.000  8.777393e-01 
  493.000  8.784037e-01 
  494.000  8.788404e-01 
  495.000  8.793577e-01 
  496.000  8.794511e-01 
  497.000  8.797885e-01 
  498.000  8.799782e-01 
  499.000  8.802119e-01 
  500.000  8.803071e-01 
  501.000  8.800227e-01 
  502.000  8.794419e-01 
  503.000  8.788974e-01 
  504.000  8.787382e-01 
  505.000  8.783063e-01 
  506.000  8.795542e-01 
  507.000  8.803036e-01 
  508.000  8.813441e-01 
  509.000  8.819463e-01 
  510.000  8.827937e-01 
  511.000  8.836710e-01 
  512.000  8.841741e-01 
  513.000  8.852487e-01 
  514.000  8.857251e-01 
  515.000  8.866102e-01 
  516.000  8.867865e-01 
  517.000  8.872011e-01 
  518.000  8.872222e-01 
  519.000  8.873897e-01 
  520.000  8.874607e-01 
  521.000  8.875396e-01 
  522.000  8.874572e-01 
  523.000  8.873629e-01 
  524.000  8.871896e-01 
  525.000  8.867362e-01 
  526.000  8.860090e-01 
  527.000  8.855003e-01 
  528.000  8.847455e-01 
  529.000  8.841578e-01 
  530.000  8.836557e-01 
  531.000  8.835988e-01 
  532.000  8.836253e-01 
  533.000  8.838428e-01 
  534.000  8.841009e-01 
  535.000  8.842705e-01 
  536.000  8.846332e-01 
  537.000  8.850058e-01 
  538.000  8.852100e-01 
  539.000  8.853486e-01 
  540.000  8.857124e-01 
  541.000  8.856270e-01 
  542.000  8.855429e-01 
  543.000  8.857388e-01 
  544.000  8.858922e-01 
  545.000  8.856936e-01 
  546.000  8.859085e-01 
  547.000  8.863760e-01 
  548.000  8.867702e-01 
  549.000  8.868735e-01 
  550.000  8.872148e-01 
  551.000  8.873271e-01 
  552.000  8.873219e-01 
  553.000  8.872882e-01 
  554.000  8.873670e-01 
  555.000  8.873430e-01 
  556.000  8.866884e-01 
  557.000  8.858028e-01 
  558.000  8.850538e-01 
  559.000  8.840000e-01 
  560.000  8.831364e-01 
  561.000  8.824251e-01 
  562.000  8.818453e-01 
  563.000  8.810566e-01 
  564.000  8.802535e-01 
  565.000  8.795453e-01 
  566.000  8.790015e-01 
  567.000  8.783438e-01 
  568.000  8.775032e-01 
  569.000  8.756666e-01 
  570.000  8.742451e-01 
  571.000  8.738710e-01 
  572.000  8.731979e-01 
  573.000  8.727098e-01 
  574.000  8.721400e-01 
  575.000  8.717774e-01 
  576.000  8.722697e-01 
  577.000  8.728300e-01 
  578.000  8.741519e-01 
  579.000  8.754504e-01 
  580.000  8.765346e-01 
  581.000  8.784142e-01 
  582.000  8.802548e-01 
  583.000  8.817968e-01 
  584.000  8.841409e-01 
  585.000  8.850315e-01 
  586.000  8.859329e-01 
  587.000  8.862010e-01 
  588.000  8.866824e-01 
  589.000  8.851494e-01 
  590.000  8.854169e-01 
  591.000  8.861389e-01 
  592.000  8.844065e-01 
  593.000  8.867159e-01 
  594.000  8.855418e-01 
  595.000  8.860454e-01 
  596.000  8.860174e-01 
  597.000  8.860037e-01 
  598.000  8.855812e-01 
  599.000  8.856438e-01 
  600.000  8.852646e-01 
  601.000  8.857549e-01 
  602.000  8.865350e-01 
  603.000  8.869675e-01 
  604.000  8.873251e-01 
  605.000  8.877758e-01 
  606.000  8.890069e-01 
  607.000  8.899810e-01 
  608.000  8.913017e-01 
  609.000  8.918415e-01 
  610.000  8.929273e-01 
  611.000  8.937958e-01 
  612.000  8.951300e-01 
  613.000  8.961852e-01 
  614.000  8.969673e-01 
  615.000  8.978742e-01 
  616.000  8.992378e-01 
  617.000  9.002327e-01 
  618.000  9.008958e-01 
  619.000  9.018974e-01 
  620.000  9.028687e-01 
  621.000  9.036009e-01 
  622.000  9.039271e-01 
  623.000  9.047519e-01 
  624.000  9.051128e-01 
  625.000  9.055327e-01 
  626.000  9.058696e-01 
  627.000  9.062027e-01 
  628.000  8.938485e-01 
  629.000  8.987426e-01 
  630.000  9.025809e-01 
  631.000  9.074198e-01 
  632.000  9.094959e-01 
  633.000  9.108198e-01 
  634.000  9.128506e-01 
  635.000  9.133527e-01 
  636.000  9.155961e-01 
  637.000  9.180878e-01 
  638.000  9.194566e-01 
  639.000  9.211269e-01 
  640.000  9.220448e-01 
  641.000  9.237306e-01 
  642.000  9.245057e-01 
  643.000  9.250923e-01 
  644.000  9.258649e-01 
  645.000  9.267234e-01 
  646.000  9.267837e-01 
  647.000  9.269037e-01 
  648.000  9.264966e-01 
  649.000  9.281942e-01 
  650.000  9.305859e-01 
  651.000  9.311354e-01 
  652.000  9.315888e-01 
  653.000  9.325297e-01 
  654.000  9.337395e-01 
  655.000  9.325171e-01 
  656.000  9.343362e-01 
  657.000  9.351918e-01 
  658.000  9.365558e-01 
  659.000  9.376801e-01 
  660.000  9.379846e-01 
  661.000  9.390378e-01 
  662.000  9.392887e-01 
  663.000  9.401727e-01 
  664.000  9.406531e-01 
  665.000  9.412766e-01 
  666.000  9.419091e-01 
  667.000  9.428410e-01 
  668.000  9.433246e-01 
  669.000  9.441192e-01 
  670.000  9.445447e-01 
  671.000  9.454717e-01 
  672.000  9.456651e-01 
  673.000  9.464475e-01 
  674.000  9.467291e-01 
  675.000  9.475316e-01 
  676.000  9.477744e-01 
  677.000  9.481969e-01 
  678.000  9.488707e-01 
  679.000  9.492518e-01 
  680.000  9.499950e-01 
  681.000  9.503556e-01 
  682.000  9.513301e-01 
  683.000  9.516762e-01 
  684.000  9.525753e-01 
  685.000  9.529030e-01 
  686.000  9.535390e-01 
  687.000  7.187322e-01 
  688.000  8.692892e-01 
  689.000  8.937792e-01 
  690.000  9.150439e-01 
  691.000  9.264785e-01 
  692.000  9.482588e-01 
  693.000  9.484703e-01 
  694.000  9.503110e-01 
  695.000  9.540827e-01 
  696.000  9.531586e-01 
  697.000  9.582371e-01 
  698.000  9.584891e-01 
  699.000  9.565663e-01 
  700.000  9.576802e-01 
  701.000  9.562000e-01 
  702.000  9.573074e-01 
  703.000  9.584824e-01 
  704.000  9.591344e-01 
  705.000  9.597248e-01 
  706.000  9.606267e-01 
  707.000  9.613848e-01 
  708.000  9.621964e-01 
  709.000  9.625168e-01 
  710.000  9.624742e-01 
  711.000  9.634544e-01 
  712.000  9.634585e-01 
  713.000  9.641863e-01 
  714.000  9.638912e-01 
  715.000  9.634890e-01 
  716.000  9.640027e-01 
  717.000  9.607900e-01 
  718.000  9.490001e-01 
  719.000  9.315490e-01 
  720.000  9.507130e-01 
  721.000  9.637251e-01 
  722.000  9.635861e-01 
  723.000  9.631058e-01 
  724.000  9.455177e-01 
  725.000  9.535762e-01 
  726.000  9.609297e-01 
  727.000  9.575830e-01 
  728.000  9.526008e-01 
  729.000  9.558102e-01 
  730.000  9.621387e-01 
  731.000  9.598091e-01 
  732.000  9.618152e-01 
  733.000  9.667096e-01 
  734.000  9.689489e-01 
  735.000  9.675354e-01 
  736.000  9.687752e-01 
  737.000  9.690296e-01 
  738.000  9.699453e-01 
  739.000  9.702938e-01 
  740.000  9.712588e-01 
  741.000  9.717743e-01 
  742.000  9.721986e-01 
  743.000  9.723383e-01 
  744.000  9.725870e-01 
  745.000  9.727752e-01 
  746.000  9.731341e-01 
  747.000  9.734017e-01 
  748.000  9.735375e-01 
  749.000  9.736767e-01 
  750.000  9.739059e-01 
  751.000  9.740633e-01 
  752.000  9.745931e-01 
  753.000  9.747449e-01 
  754.000  9.749537e-01 
  755.000  9.751725e-01 
  756.000  9.753107e-01 
  757.000  9.754892e-01 
  758.000  9.758672e-01 
  759.000  9.707782e-01 
  760.000  4.706399e-01 
  761.000  3.666466e-01 
  762.000  7.161670e-01 
  763.000  6.276383e-01 
  764.000  6.754150e-01 
  765.000  7.866591e-01 
  766.000  9.051737e-01 
  767.000  9.378505e-01 
  768.000  9.668351e-01 
  769.000  9.742581e-01 
  770.000  9.742773e-01 
  771.000  9.768421e-01 
  772.000  9.776708e-01 
  773.000  9.777266e-01 
  774.000  9.777681e-01 
  775.000  9.778123e-01 
  776.000  9.778979e-01 
  777.000  9.780174e-01 
  778.000  9.780895e-01 
  779.000  9.781680e-01 
  780.000  9.782336e-01 
  781.000  9.785006e-01 
  782.000  9.787205e-01 
  783.000  9.788620e-01 
  784.000  9.789443e-01 
  785.000  9.790174e-01 
  786.000  9.788181e-01 
  787.000  9.790877e-01 
  788.000  9.785350e-01 
  789.000  9.786836e-01 
  790.000  9.776407e-01 
  791.000  9.779660e-01 
  792.000  9.785354e-01 
  793.000  9.789504e-01 
  794.000  9.807931e-01 
  795.000  9.803784e-01 
  796.000  9.774283e-01 
  797.000  9.799281e-01 
  798.000  9.801194e-01 
  799.000  9.806063e-01 
  800.000  9.793675e-01 
  801.000  9.788895e-01 
  802.000  9.798715e-01 
  803.000  9.795985e-01 
  804.000  9.796034e-01 
  805.000  9.803306e-01 
  806.000  9.814305e-01 
  807.000  9.807979e-01 
  808.000  9.815260e-01 
  809.000  9.804015e-01 
  810.000  9.799378e-01 
  811.000  9.803553e-01 
  812.000  9.792268e-01 
  813.000  9.769362e-01 
  814.000  9.726333e-01 
  815.000  9.670452e-01 
  816.000  9.711555e-01 
  817.000  9.471822e-01 
  818.000  9.634279e-01 
  819.000  9.708443e-01 
  820.000  9.603074e-01 
  821.000  9.804975e-01 
  822.000  9.783552e-01 
  823.000  9.386292e-01 
  824.000  9.759467e-01 
  825.000  9.796060e-01 
  826.000  9.757064e-01 
  827.000  9.797067e-01 
  828.000  9.692738e-01 
  829.000  9.778074e-01 
  830.000  9.762764e-01 
  831.000  9.767479e-01 
  832.000  9.772886e-01 
  833.000  9.800531e-01 
  834.000  9.804447e-01 
  835.000  9.818278e-01 
  836.000  9.822864e-01 
  837.000  9.819183e-01 
  838.000  9.833132e-01 
  839.000  9.836728e-01 
  840.000  9.839450e-01 
  841.000  9.839450e-01 
  842.000  9.830287e-01 
  843.000  9.847506e-01 
  844.000  9.837326e-01 
  845.000  9.846238e-01 
  846.000  9.849188e-01 
  847.000  9.851130e-01 
  848.000  9.849722e-01 
  849.000  9.851192e-01 
  850.000  9.855181e-01 
  851.000  9.867889e-01 
  852.000  9.872617e-01 
  853.000  9.873495e-01 
  854.000  9.873987e-01 
  855.000  9.873987e-01 
  856.000  9.874644e-01 
  857.000  9.877617e-01 
  858.000  9.876087e-01 
  859.000  9.878052e-01 
  860.000  9.879341e-01 
  861.000  9.879461e-01 
  862.000  9.880709e-01 
  863.000  9.880225e-01 
  864.000  9.882305e-01 
  865.000  9.882305e-01 
  866.000  9.882535e-01 
  867.000  9.883134e-01 
  868.000  9.883432e-01 
  869.000  9.883657e-01 
  870.000  9.884768e-01 
  871.000  9.885122e-01 
  872.000  9.886163e-01 
  873.000  9.886575e-01 
  874.000  9.886575e-01 
  875.000  9.887775e-01 
  876.000  9.888197e-01 
  877.000  9.888679e-01 
  878.000  9.889189e-01 
  879.000  9.889382e-01 
  880.000  9.890524e-01 
  881.000  9.890524e-01 
  882.000  9.890224e-01 
  883.000  9.890600e-01 
  884.000  9.891455e-01 
  885.000  9.892300e-01 
  886.000  9.886456e-01 
  887.000  9.892967e-01 
  888.000  9.892967e-01 
  889.000  9.891685e-01 
  890.000  9.888916e-01 
  891.000  9.894437e-01 
  892.000  9.889417e-01 
  893.000  9.877926e-01 
  894.000  9.877926e-01 
  895.000  9.846603e-01 
  896.000  9.809386e-01 
  897.000  9.629810e-01 
  898.000  9.799774e-01 
  899.000  9.391257e-01 
  900.000  9.391257e-01 
  901.000  9.470870e-01 
  902.000  9.566758e-01 
  903.000  9.652050e-01 
  904.000  9.852214e-01 
  905.000  9.834962e-01 
  906.000  9.834962e-01 
  907.000  9.638686e-01 
  908.000  9.561812e-01 
  909.000  9.617134e-01 
  910.000  9.575559e-01 
  911.000  9.575559e-01 
  912.000  9.780446e-01 
  913.000  9.687980e-01 
  914.000  9.615569e-01 
  915.000  9.499255e-01 
  916.000  9.499255e-01 
  917.000  9.781266e-01 
  918.000  9.567891e-01 
  919.000  9.742554e-01 
  920.000  9.857505e-01 
  921.000  9.857505e-01 
  922.000  9.828588e-01 
  923.000  9.821522e-01 
  924.000  9.798334e-01 
  925.000  9.798334e-01 
  926.000  9.809701e-01 
  927.000  9.831116e-01 
  928.000  9.643899e-01 
  929.000  9.615942e-01 
  930.000  9.615942e-01 
  931.000  9.231153e-01 
  932.000  8.038920e-01 
  933.000  8.470387e-01 
  934.000  8.470387e-01 
  935.000  7.779157e-01 
  936.000  7.630908e-01 
  937.000  7.705279e-01 
  938.000  7.705279e-01 
  939.000  8.406031e-01 
  940.000  9.249656e-01 
  941.000  9.095473e-01 
  942.000  9.095473e-01 
  943.000  8.390315e-01 
  944.000  8.338155e-01 
  945.000  9.109781e-01 
  946.000  9.109781e-01 
  947.000  8.655620e-01 
  948.000  8.844558e-01 
  949.000  9.055695e-01 
  950.000  9.055695e-01 
  951.000  9.093130e-01 
  952.000  8.512856e-01 
  953.000  9.308206e-01 
  954.000  9.308206e-01 
  955.000  9.285643e-01 
  956.000  8.630900e-01 
  957.000  9.437236e-01 
  958.000  9.437236e-01 
  959.000  9.178056e-01 
  960.000  9.413535e-01 
  961.000  9.413535e-01 
  962.000  9.476652e-01 
  963.000  9.647461e-01 
  964.000  9.382371e-01 
  965.000  9.382371e-01 
  966.000  9.527155e-01 
  967.000  9.720247e-01 
  968.000  9.720247e-01 
  969.000  9.768721e-01 
  970.000  9.836740e-01 
  971.000  9.857083e-01 
  972.000  9.857083e-01 
  973.000  9.832106e-01 
  974.000  9.683425e-01 
  975.000  9.683425e-01 
  976.000  9.636596e-01 
  977.000  9.799111e-01 
  978.000  9.777707e-01 
  979.000  9.777707e-01 
  980.000  9.787708e-01 
  981.000  9.892229e-01 
  982.000  9.892229e-01 
  983.000  9.866787e-01 
  984.000  9.889356e-01 
  985.000  9.889356e-01 
  986.000  9.921153e-01 
  987.000  9.909359e-01 
  988.000  9.909359e-01 
  989.000  9.926961e-01 
  990.000  9.920111e-01 
  991.000  9.920111e-01 
  992.000  9.925036e-01 
  993.000  9.924750e-01 
  994.000  9.924750e-01 
  995.000  9.931743e-01 
  996.000  9.932017e-01 
  997.000  9.932017e-01 
  998.000  9.932345e-01 
  999.000  9.932144e-01 
 1000.000  9.932144e-01 
 1001.000  9.933072e-01 
 1002.000  9.923554e-01 
 1003.000  9.923554e-01 
 1004.000  9.933452e-01 
 1005.000  9.934353e-01 
 1006.000  9.934353e-01 
 1007.000  9.935008e-01 
 1008.000  9.933124e-01 
 1009.000  9.933124e-01 
 1010.000  9.925435e-01 
 1011.000  9.935675e-01 
 1012.000  9.935675e-01 
 1013.000  9.936601e-01 
 1014.000  9.936798e-01 
 1015.000  9.936798e-01 
 1016.000  9.937342e-01 
 1017.000  9.937490e-01 
 1018.000  9.937490e-01 
 1019.000  9.936848e-01 
 1020.000  9.938660e-01 
 1021.000  9.938660e-01 
 1022.000  9.937716e-01 
 1023.000  9.937716e-01 
 1024.000  9.937788e-01 
 1025.000  9.939555e-01 
 1026.000  9.939555e-01 
 1027.000  9.939039e-01 
 1028.000  9.939978e-01 
 1029.000  9.939978e-01 
 1030.000  9.940401e-01 
 1031.000  9.940180e-01 
 1032.000  9.940180e-01 
 1033.000  9.940016e-01 
 1034.000  9.940016e-01 
 1035.000  9.939736e-01 
 1036.000  9.937292e-01 
 1037.000  9.937292e-01 
 1038.000  9.936913e-01 
 1039.000  9.934393e-01 
 1040.000  9.934393e-01 
 1041.000  9.932300e-01 
 1042.000  9.932300e-01 
 1043.000  9.929777e-01 
 1044.000  9.925892e-01 
 1045.000  9.925892e-01 
 1046.000  9.920486e-01 
 1047.000  9.920486e-01 
 1048.000  9.915048e-01 
 1049.000  9.903889e-01 
 1050.000  9.903889e-01 
 1051.000  9.899163e-01 
 1052.000  9.899163e-01 
 1053.000  9.891669e-01 
 1054.000  9.885284e-01 
 1055.000  9.885284e-01 
 1056.000  9.877919e-01 
 1057.000  9.877919e-01 
 1058.000  9.871150e-01 
 1059.000  9.864528e-01 
 1060.000  9.864528e-01 
 1061.000  9.860384e-01 
 1062.000  9.860384e-01 
 1063.000  9.853523e-01 
 1064.000  9.849844e-01 
 1065.000  9.849844e-01 
 1066.000  9.855744e-01 
 1067.000  9.855744e-01 
 1068.000  9.852675e-01 
 1069.000  9.861723e-01 
 1070.000  9.861723e-01 
 1071.000  9.869562e-01 
 1072.000  9.869562e-01 
 1073.000  9.876639e-01 
 1074.000  9.876639e-01 
 1075.000  9.879238e-01 
 1076.000  9.884846e-01 
 1077.000  9.884846e-01 
 1078.000  9.899126e-01 
 1079.000  9.899126e-01 
 1080.000  9.899222e-01 
 1081.000  9.899222e-01 
 1082.000  9.909625e-01 
 1083.000  9.910671e-01 
 1084.000  9.910671e-01 
 1085.000  9.902534e-01 
 1086.000  9.902534e-01 
 1087.000  9.925488e-01 
 1088.000  9.925488e-01 
 1089.000  9.921417e-01 
 1090.000  9.919051e-01 
 1091.000  9.919051e-01 
 1092.000  9.908439e-01 
 1093.000  9.908439e-01 
 1094.000  9.911091e-01 
 1095.000  9.911091e-01 
 1096.000  9.903591e-01 
 1097.000  9.903591e-01 
 1098.000  9.891630e-01 
 1099.000  9.827665e-01 
 1100.000  9.827665e-01 
 1101.000  9.831097e-01 
 1102.000  9.831097e-01 
 1103.000  9.803714e-01 
 1104.000  9.803714e-01 
 1105.000  9.786371e-01 
 1106.000  9.786371e-01 
 1107.000  9.784967e-01 
 1108.000  9.784967e-01 
 1109.000  9.727722e-01 
 1110.000  9.655912e-01 
 1111.000  9.655912e-01 
 1112.000  9.562580e-01 
 1113.000  9.562580e-01 
 1114.000  9.156155e-01 
 1115.000  9.156155e-01 
 1116.000  8.322685e-01 
 1117.000  8.322685e-01 
 1118.000  8.613127e-01 
 1119.000  8.613127e-01 
 1120.000  8.236551e-01 
 1121.000  8.236551e-01 
 1122.000  6.988205e-01 
 1123.000  8.541149e-01 
 1124.000  8.541149e-01 
 1125.000  7.274511e-01 
 1126.000  7.274511e-01 
 1127.000  7.804754e-01 
 1128.000  7.804754e-01 
 1129.000  7.806638e-01 
 1130.000  7.806638e-01 
 1131.000  9.319781e-01 
 1132.000  9.319781e-01 
 1133.000  7.997289e-01 
 1134.000  7.997289e-01 
 1135.000  5.983410e-01 
 1136.000  5.983410e-01 
 1137.000  9.390358e-01 
 1138.000  9.390358e-01 
 1139.000  8.863104e-01 
 1140.000  8.863104e-01 
 1141.000  8.878457e-01 
 1142.000  8.878457e-01 
 1143.000  9.266874e-01 
 1144.000  9.266874e-01 
 1145.000  7.951181e-01 
 1146.000  7.951181e-01 
 1147.000  8.093274e-01 
 1148.000  8.093274e-01 
 1149.000  8.420811e-01 
 1150.000  8.420811e-01 
 1151.000  8.919756e-01 
 1152.000  8.919756e-01 
 1153.000  8.728887e-01 
 1154.000  8.728887e-01 
 1155.000  9.034423e-01 
 1156.000  9.034423e-01 
 1157.000  9.446733e-01 
 1158.000  9.446733e-01 
 1159.000  9.696556e-01 
 1160.000  9.696556e-01 
 1161.000  9.647112e-01 
 1162.000  9.647112e-01 
 1163.000  9.766578e-01 
 1164.000  9.766578e-01 
 1165.000  9.721900e-01 
 1166.000  9.721900e-01 
 1167.000  9.825131e-01 
 1168.000  9.825131e-01 
 1169.000  9.823915e-01 
 1170.000  9.823915e-01 
 1171.000  9.849533e-01 
 1172.000  9.849533e-01 
 1173.000  9.722170e-01 
 1174.000  9.722170e-01 
 1175.000  9.908367e-01 
 1176.000  9.908367e-01 
 1177.000  9.797318e-01 
 1178.000  9.797318e-01 
 1179.000  9.878762e-01 
 1180.000  9.878762e-01 
 1181.000  9.687641e-01 
 1182.000  9.687641e-01 
 1183.000  9.834348e-01 
 1184.000  9.834348e-01 
 1185.000  9.880445e-01 
 1186.000  9.880445e-01 
 1187.000  9.680351e-01 
 1188.000  9.680351e-01 
 1189.000  9.680351e-01 
 1190.000  9.831382e-01 
 1191.000  9.831382e-01 
 1192.000  9.920387e-01 
 1193.000  9.920387e-01 
 1194.000  9.861010e-01 
 1195.000  9.861010e-01 
 1196.000  9.893311e-01 
 1197.000  9.893311e-01 
 1198.000  9.834660e-01 
 1199.000  9.834660e-01 
 1200.000  9.823506e-01 
