  250.000  0.000000e+00 
  251.000  0.000000e+00 
  252.000  0.000000e+00 
  253.000  0.000000e+00 
  254.000  0.000000e+00 
  255.000  0.000000e+00 
  256.000  0.000000e+00 
  257.000  0.000000e+00 
  258.000  0.000000e+00 
  259.000  0.000000e+00 
  260.000  0.000000e+00 
  261.000  0.000000e+00 
  262.000  0.000000e+00 
  263.000  0.000000e+00 
  264.000  0.000000e+00 
  265.000  0.000000e+00 
  266.000  0.000000e+00 
  267.000  0.000000e+00 
  268.000  0.000000e+00 
  269.000  0.000000e+00 
  270.000  0.000000e+00 
  271.000  0.000000e+00 
  272.000  0.000000e+00 
  273.000  0.000000e+00 
  274.000  0.000000e+00 
  275.000  0.000000e+00 
  276.000  0.000000e+00 
  277.000  0.000000e+00 
  278.000  0.000000e+00 
  279.000  0.000000e+00 
  280.000  0.000000e+00 
  281.000  0.000000e+00 
  282.000  0.000000e+00 
  283.000  0.000000e+00 
  284.000  0.000000e+00 
  285.000  0.000000e+00 
  286.000  0.000000e+00 
  287.000  0.000000e+00 
  288.000  0.000000e+00 
  289.000  0.000000e+00 
  290.000  0.000000e+00 
  291.000  0.000000e+00 
  292.000  0.000000e+00 
  293.000  0.000000e+00 
  294.000  1.291026e-06 
  295.000  4.323223e-06 
  296.000  2.521810e-05 
  297.000  7.002191e-05 
  298.000  2.376325e-04 
  299.000  5.460071e-04 
  300.000  1.316081e-03 
  301.000  2.669052e-03 
  302.000  4.858812e-03 
  303.000  1.008953e-02 
  304.000  1.281036e-02 
  305.000  2.323436e-02 
  306.000  3.181161e-02 
  307.000  4.761812e-02 
  308.000  6.072056e-02 
  309.000  7.705145e-02 
  310.000  1.044865e-01 
  311.000  1.172729e-01 
  312.000  1.396849e-01 
  313.000  1.684613e-01 
  314.000  1.791238e-01 
  315.000  2.158618e-01 
  316.000  2.244451e-01 
  317.000  2.544373e-01 
  318.000  2.692090e-01 
  319.000  3.178415e-01 
  320.000  2.834310e-01 
  321.000  3.558841e-01 
  322.000  3.230336e-01 
  323.000  3.570299e-01 
  324.000  4.032524e-01 
  325.000  3.664802e-01 
  326.000  4.146855e-01 
  327.000  4.272841e-01 
  328.000  3.998827e-01 
  329.000  4.541782e-01 
  330.000  4.616064e-01 
  331.000  4.356110e-01 
  332.000  4.728402e-01 
  333.000  4.788901e-01 
  334.000  4.716677e-01 
  335.000  4.937280e-01 
  336.000  5.015850e-01 
  337.000  4.929697e-01 
  338.000  5.069969e-01 
  339.000  5.163658e-01 
  340.000  5.127482e-01 
  341.000  5.239198e-01 
  342.000  5.305825e-01 
  343.000  5.341990e-01 
  344.000  5.305529e-01 
  345.000  5.423301e-01 
  346.000  5.471721e-01 
  347.000  5.505527e-01 
  348.000  5.550179e-01 
  349.000  5.602816e-01 
  350.000  5.642561e-01 
  351.000  5.687348e-01 
  352.000  5.723856e-01 
  353.000  5.767372e-01 
  354.000  5.798755e-01 
  355.000  5.832770e-01 
  356.000  5.875522e-01 
  357.000  5.903599e-01 
  358.000  5.934606e-01 
  359.000  5.965046e-01 
  360.000  5.994813e-01 
  361.000  6.026033e-01 
  362.000  6.073596e-01 
  363.000  6.113951e-01 
  364.000  6.153938e-01 
  365.000  6.187519e-01 
  366.000  6.224437e-01 
  367.000  6.259116e-01 
  368.000  6.292165e-01 
  369.000  6.319838e-01 
  370.000  6.352755e-01 
  371.000  6.387352e-01 
  372.000  6.416129e-01 
  373.000  6.451049e-01 
  374.000  6.484302e-01 
  375.000  6.511169e-01 
  376.000  6.539207e-01 
  377.000  6.570895e-01 
  378.000  6.595380e-01 
  379.000  6.621977e-01 
  380.000  6.647592e-01 
  381.000  6.675320e-01 
  382.000  6.712304e-01 
  383.000  6.749902e-01 
  384.000  6.775589e-01 
  385.000  6.808357e-01 
  386.000  6.834467e-01 
  387.000  6.865207e-01 
  388.000  6.889346e-01 
  389.000  6.913849e-01 
  390.000  6.944439e-01 
  391.000  6.969482e-01 
  392.000  6.990581e-01 
  393.000  7.025499e-01 
  394.000  7.049630e-01 
  395.000  7.073005e-01 
  396.000  7.102457e-01 
  397.000  7.129053e-01 
  398.000  7.147675e-01 
  399.000  7.172966e-01 
  400.000  7.194746e-01 
  401.000  7.223337e-01 
  402.000  7.248889e-01 
  403.000  7.275120e-01 
  404.000  7.292767e-01 
  405.000  7.316998e-01 
  406.000  7.339521e-01 
  407.000  7.368646e-01 
  408.000  7.383063e-01 
  409.000  7.403869e-01 
  410.000  7.425753e-01 
  411.000  7.450455e-01 
  412.000  7.475869e-01 
  413.000  7.489840e-01 
  414.000  7.515992e-01 
  415.000  7.536582e-01 
  416.000  7.562862e-01 
  417.000  7.578418e-01 
  418.000  7.596112e-01 
  419.000  7.621216e-01 
  420.000  7.638102e-01 
  421.000  7.657529e-01 
  422.000  7.673411e-01 
  423.000  7.695189e-01 
  424.000  7.711978e-01 
  425.000  7.737085e-01 
  426.000  7.755877e-01 
  427.000  7.773485e-01 
  428.000  7.789453e-01 
  429.000  7.812210e-01 
  430.000  7.831090e-01 
  431.000  7.838553e-01 
  432.000  7.864701e-01 
  433.000  7.882861e-01 
  434.000  7.894700e-01 
  435.000  7.907081e-01 
  436.000  7.927828e-01 
  437.000  7.954803e-01 
  438.000  7.968537e-01 
  439.000  7.972159e-01 
  440.000  7.992331e-01 
  441.000  8.009856e-01 
  442.000  8.031117e-01 
  443.000  8.042617e-01 
  444.000  8.056291e-01 
  445.000  8.063560e-01 
  446.000  8.082845e-01 
  447.000  8.101039e-01 
  448.000  8.102376e-01 
  449.000  8.128206e-01 
  450.000  8.149408e-01 
  451.000  8.161978e-01 
  452.000  8.172271e-01 
  453.000  8.187766e-01 
  454.000  8.208899e-01 
  455.000  8.216109e-01 
  456.000  8.227392e-01 
  457.000  8.240612e-01 
  458.000  8.248218e-01 
  459.000  8.260033e-01 
  460.000  8.266613e-01 
  461.000  8.279868e-01 
  462.000  8.298230e-01 
  463.000  8.299364e-01 
  464.000  8.317342e-01 
  465.000  8.329747e-01 
  466.000  8.352150e-01 
  467.000  8.358715e-01 
  468.000  8.371440e-01 
  469.000  8.382754e-01 
  470.000  8.394569e-01 
  471.000  8.404760e-01 
  472.000  8.409134e-01 
  473.000  8.411409e-01 
  474.000  8.403890e-01 
  475.000  8.404447e-01 
  476.000  8.406069e-01 
  477.000  8.408929e-01 
  478.000  8.413672e-01 
  479.000  8.424022e-01 
  480.000  8.437078e-01 
  481.000  8.460860e-01 
  482.000  8.479983e-01 
  483.000  8.497164e-01 
  484.000  8.505533e-01 
  485.000  8.512855e-01 
  486.000  8.519636e-01 
  487.000  8.534171e-01 
  488.000  8.542193e-01 
  489.000  8.548598e-01 
  490.000  8.564785e-01 
  491.000  8.573980e-01 
  492.000  8.582025e-01 
  493.000  8.589929e-01 
  494.000  8.595179e-01 
  495.000  8.601317e-01 
  496.000  8.603101e-01 
  497.000  8.607776e-01 
  498.000  8.610654e-01 
  499.000  8.614241e-01 
  500.000  8.616142e-01 
  501.000  8.613555e-01 
  502.000  8.608022e-01 
  503.000  8.602684e-01 
  504.000  8.601446e-01 
  505.000  8.597655e-01 
  506.000  8.612012e-01 
  507.000  8.620585e-01 
  508.000  8.632610e-01 
  509.000  8.639476e-01 
  510.000  8.649170e-01 
  511.000  8.659341e-01 
  512.000  8.665253e-01 
  513.000  8.677742e-01 
  514.000  8.683343e-01 
  515.000  8.693631e-01 
  516.000  8.696100e-01 
  517.000  8.701456e-01 
  518.000  8.701979e-01 
  519.000  8.704467e-01 
  520.000  8.705598e-01 
  521.000  8.707476e-01 
  522.000  8.706990e-01 
  523.000  8.706531e-01 
  524.000  8.705325e-01 
  525.000  8.700646e-01 
  526.000  8.693583e-01 
  527.000  8.688928e-01 
  528.000  8.681352e-01 
  529.000  8.675736e-01 
  530.000  8.670763e-01 
  531.000  8.670739e-01 
  532.000  8.671501e-01 
  533.000  8.674365e-01 
  534.000  8.677948e-01 
  535.000  8.680215e-01 
  536.000  8.684849e-01 
  537.000  8.689623e-01 
  538.000  8.692200e-01 
  539.000  8.694163e-01 
  540.000  8.698753e-01 
  541.000  8.698196e-01 
  542.000  8.697688e-01 
  543.000  8.700378e-01 
  544.000  8.702648e-01 
  545.000  8.700806e-01 
  546.000  8.703530e-01 
  547.000  8.709220e-01 
  548.000  8.714163e-01 
  549.000  8.715490e-01 
  550.000  8.719780e-01 
  551.000  8.721429e-01 
  552.000  8.721855e-01 
  553.000  8.722008e-01 
  554.000  8.723400e-01 
  555.000  8.723698e-01 
  556.000  8.717176e-01 
  557.000  8.708138e-01 
  558.000  8.700545e-01 
  559.000  8.689924e-01 
  560.000  8.681131e-01 
  561.000  8.673910e-01 
  562.000  8.668090e-01 
  563.000  8.659953e-01 
  564.000  8.651654e-01 
  565.000  8.644355e-01 
  566.000  8.638967e-01 
  567.000  8.632075e-01 
  568.000  8.623039e-01 
  569.000  8.602938e-01 
  570.000  8.587344e-01 
  571.000  8.583196e-01 
  572.000  8.575462e-01 
  573.000  8.570052e-01 
  574.000  8.563551e-01 
  575.000  8.559537e-01 
  576.000  8.564692e-01 
  577.000  8.570788e-01 
  578.000  8.585566e-01 
  579.000  8.600152e-01 
  580.000  8.612410e-01 
  581.000  8.633722e-01 
  582.000  8.654601e-01 
  583.000  8.672100e-01 
  584.000  8.698657e-01 
  585.000  8.708733e-01 
  586.000  8.719355e-01 
  587.000  8.722593e-01 
  588.000  8.728391e-01 
  589.000  8.710784e-01 
  590.000  8.714087e-01 
  591.000  8.722945e-01 
  592.000  8.703247e-01 
  593.000  8.730506e-01 
  594.000  8.717378e-01 
  595.000  8.723908e-01 
  596.000  8.724283e-01 
  597.000  8.724395e-01 
  598.000  8.720216e-01 
  599.000  8.721608e-01 
  600.000  8.717887e-01 
  601.000  8.723618e-01 
  602.000  8.732513e-01 
  603.000  8.737442e-01 
  604.000  8.741525e-01 
  605.000  8.746642e-01 
  606.000  8.760139e-01 
  607.000  8.770807e-01 
  608.000  8.785258e-01 
  609.000  8.791168e-01 
  610.000  8.803052e-01 
  611.000  8.812544e-01 
  612.000  8.827047e-01 
  613.000  8.838615e-01 
  614.000  8.847157e-01 
  615.000  8.857067e-01 
  616.000  8.871835e-01 
  617.000  8.882591e-01 
  618.000  8.889762e-01 
  619.000  8.900551e-01 
  620.000  8.910855e-01 
  621.000  8.918568e-01 
  622.000  8.922000e-01 
  623.000  8.930491e-01 
  624.000  8.934174e-01 
  625.000  8.938466e-01 
  626.000  8.941754e-01 
  627.000  8.945073e-01 
  628.000  8.801073e-01 
  629.000  8.859540e-01 
  630.000  8.901805e-01 
  631.000  8.957416e-01 
  632.000  8.981056e-01 
  633.000  8.995881e-01 
  634.000  9.018624e-01 
  635.000  9.024284e-01 
  636.000  9.049171e-01 
  637.000  9.076844e-01 
  638.000  9.092083e-01 
  639.000  9.110594e-01 
  640.000  9.120743e-01 
  641.000  9.139556e-01 
  642.000  9.148379e-01 
  643.000  9.154924e-01 
  644.000  9.163674e-01 
  645.000  9.173245e-01 
  646.000  9.173544e-01 
  647.000  9.174399e-01 
  648.000  9.169375e-01 
  649.000  9.188478e-01 
  650.000  9.215740e-01 
  651.000  9.221908e-01 
  652.000  9.226596e-01 
  653.000  9.237233e-01 
  654.000  9.250411e-01 
  655.000  9.235868e-01 
  656.000  9.256634e-01 
  657.000  9.266260e-01 
  658.000  9.281592e-01 
  659.000  9.294150e-01 
  660.000  9.297466e-01 
  661.000  9.309157e-01 
  662.000  9.311913e-01 
  663.000  9.321607e-01 
  664.000  9.326949e-01 
  665.000  9.333852e-01 
  666.000  9.340813e-01 
  667.000  9.351113e-01 
  668.000  9.356424e-01 
  669.000  9.365203e-01 
  670.000  9.369888e-01 
  671.000  9.380163e-01 
  672.000  9.382318e-01 
  673.000  9.390975e-01 
  674.000  9.394123e-01 
  675.000  9.403014e-01 
  676.000  9.405720e-01 
  677.000  9.410393e-01 
  678.000  9.417893e-01 
  679.000  9.422106e-01 
  680.000  9.430355e-01 
  681.000  9.434327e-01 
  682.000  9.445071e-01 
  683.000  9.448838e-01 
  684.000  9.458725e-01 
  685.000  9.462402e-01 
  686.000  9.469389e-01 
  687.000  6.956663e-01 
  688.000  8.498864e-01 
  689.000  8.780214e-01 
  690.000  9.020495e-01 
  691.000  9.154702e-01 
  692.000  9.405883e-01 
  693.000  9.408177e-01 
  694.000  9.429178e-01 
  695.000  9.473146e-01 
  696.000  9.462143e-01 
  697.000  9.521275e-01 
  698.000  9.524039e-01 
  699.000  9.501410e-01 
  700.000  9.514014e-01 
  701.000  9.496484e-01 
  702.000  9.509305e-01 
  703.000  9.522789e-01 
  704.000  9.530275e-01 
  705.000  9.536951e-01 
  706.000  9.547336e-01 
  707.000  9.556082e-01 
  708.000  9.565417e-01 
  709.000  9.568989e-01 
  710.000  9.568372e-01 
  711.000  9.579548e-01 
  712.000  9.579449e-01 
  713.000  9.587778e-01 
  714.000  9.584252e-01 
  715.000  9.579206e-01 
  716.000  9.585056e-01 
  717.000  9.547249e-01 
  718.000  9.409405e-01 
  719.000  9.209399e-01 
  720.000  9.428870e-01 
  721.000  9.580944e-01 
  722.000  9.579177e-01 
  723.000  9.573433e-01 
  724.000  9.368957e-01 
  725.000  9.461528e-01 
  726.000  9.547431e-01 
  727.000  9.508234e-01 
  728.000  9.449829e-01 
  729.000  9.487112e-01 
  730.000  9.561189e-01 
  731.000  9.533767e-01 
  732.000  9.557195e-01 
  733.000  9.614452e-01 
  734.000  9.640588e-01 
  735.000  9.623891e-01 
  736.000  9.638398e-01 
  737.000  9.641278e-01 
  738.000  9.651965e-01 
  739.000  9.656002e-01 
  740.000  9.667301e-01 
  741.000  9.673305e-01 
  742.000  9.678125e-01 
  743.000  9.679705e-01 
  744.000  9.682568e-01 
  745.000  9.684719e-01 
  746.000  9.688782e-01 
  747.000  9.691791e-01 
  748.000  9.693325e-01 
  749.000  9.694885e-01 
  750.000  9.697464e-01 
  751.000  9.699224e-01 
  752.000  9.705185e-01 
  753.000  9.706891e-01 
  754.000  9.709226e-01 
  755.000  9.711676e-01 
  756.000  9.713230e-01 
  757.000  9.715267e-01 
  758.000  9.719546e-01 
  759.000  9.659845e-01 
  760.000  4.338450e-01 
  761.000  3.211170e-01 
  762.000  6.849610e-01 
  763.000  5.907557e-01 
  764.000  6.492240e-01 
  765.000  7.691615e-01 
  766.000  8.908455e-01 
  767.000  9.277014e-01 
  768.000  9.613749e-01 
  769.000  9.700167e-01 
  770.000  9.700477e-01 
  771.000  9.730570e-01 
  772.000  9.740398e-01 
  773.000  9.741077e-01 
  774.000  9.741585e-01 
  775.000  9.742119e-01 
  776.000  9.743143e-01 
  777.000  9.744568e-01 
  778.000  9.745429e-01 
  779.000  9.746367e-01 
  780.000  9.747151e-01 
  781.000  9.750174e-01 
  782.000  9.752645e-01 
  783.000  9.754249e-01 
  784.000  9.755151e-01 
  785.000  9.755932e-01 
  786.000  9.753522e-01 
  787.000  9.756570e-01 
  788.000  9.750039e-01 
  789.000  9.751652e-01 
  790.000  9.739337e-01 
  791.000  9.743040e-01 
  792.000  9.749645e-01 
  793.000  9.754460e-01 
  794.000  9.775918e-01 
  795.000  9.770975e-01 
  796.000  9.736218e-01 
  797.000  9.765583e-01 
  798.000  9.767789e-01 
  799.000  9.773494e-01 
  800.000  9.758874e-01 
  801.000  9.753271e-01 
  802.000  9.764846e-01 
  803.000  9.761661e-01 
  804.000  9.761770e-01 
  805.000  9.770360e-01 
  806.000  9.783328e-01 
  807.000  9.775946e-01 
  808.000  9.784565e-01 
  809.000  9.771339e-01 
  810.000  9.765931e-01 
  811.000  9.770845e-01 
  812.000  9.757541e-01 
  813.000  9.730611e-01 
  814.000  9.680059e-01 
  815.000  9.614831e-01 
  816.000  9.662798e-01 
  817.000  9.384525e-01 
  818.000  9.573086e-01 
  819.000  9.658994e-01 
  820.000  9.537109e-01 
  821.000  9.772206e-01 
  822.000  9.746990e-01 
  823.000  9.285334e-01 
  824.000  9.718545e-01 
  825.000  9.761590e-01 
  826.000  9.715719e-01 
  827.000  9.762695e-01 
  828.000  9.640306e-01 
  829.000  9.740331e-01 
  830.000  9.722334e-01 
  831.000  9.727866e-01 
  832.000  9.734182e-01 
  833.000  9.766642e-01 
  834.000  9.771269e-01 
  835.000  9.787527e-01 
  836.000  9.792930e-01 
  837.000  9.788598e-01 
  838.000  9.805014e-01 
  839.000  9.809254e-01 
  840.000  9.812461e-01 
  841.000  9.812461e-01 
  842.000  9.801673e-01 
  843.000  9.821966e-01 
  844.000  9.809983e-01 
  845.000  9.820485e-01 
  846.000  9.823977e-01 
  847.000  9.826265e-01 
  848.000  9.824620e-01 
  849.000  9.826359e-01 
  850.000  9.830596e-01 
  851.000  9.844116e-01 
  852.000  9.849632e-01 
  853.000  9.850666e-01 
  854.000  9.851249e-01 
  855.000  9.851249e-01 
  856.000  9.852021e-01 
  857.000  9.855527e-01 
  858.000  9.853724e-01 
  859.000  9.856040e-01 
  860.000  9.857560e-01 
  861.000  9.857702e-01 
  862.000  9.859174e-01 
  863.000  9.858603e-01 
  864.000  9.861056e-01 
  865.000  9.861056e-01 
  866.000  9.861327e-01 
  867.000  9.862033e-01 
  868.000  9.862384e-01 
  869.000  9.862650e-01 
  870.000  9.863960e-01 
  871.000  9.864379e-01 
  872.000  9.865607e-01 
  873.000  9.866091e-01 
  874.000  9.866091e-01 
  875.000  9.867507e-01 
  876.000  9.868006e-01 
  877.000  9.868572e-01 
  878.000  9.869174e-01 
  879.000  9.869401e-01 
  880.000  9.870749e-01 
  881.000  9.870749e-01 
  882.000  9.870394e-01 
  883.000  9.870840e-01 
  884.000  9.871848e-01 
  885.000  9.872844e-01 
  886.000  9.865951e-01 
  887.000  9.873630e-01 
  888.000  9.873630e-01 
  889.000  9.872119e-01 
  890.000  9.868855e-01 
  891.000  9.875364e-01 
  892.000  9.869446e-01 
  893.000  9.855896e-01 
  894.000  9.855896e-01 
  895.000  9.819092e-01 
  896.000  9.775348e-01 
  897.000  9.566149e-01 
  898.000  9.764013e-01 
  899.000  9.292376e-01 
  900.000  9.292376e-01 
  901.000  9.385480e-01 
  902.000  9.494393e-01 
  903.000  9.593574e-01 
  904.000  9.825650e-01 
  905.000  9.805426e-01 
  906.000  9.805426e-01 
  907.000  9.576412e-01 
  908.000  9.488679e-01 
  909.000  9.551631e-01 
  910.000  9.503023e-01 
  911.000  9.503023e-01 
  912.000  9.741302e-01 
  913.000  9.633439e-01 
  914.000  9.549646e-01 
  915.000  9.415421e-01 
  916.000  9.415421e-01 
  917.000  9.742178e-01 
  918.000  9.494580e-01 
  919.000  9.697514e-01 
  920.000  9.831862e-01 
  921.000  9.831862e-01 
  922.000  9.797859e-01 
  923.000  9.789562e-01 
  924.000  9.762242e-01 
  925.000  9.762242e-01 
  926.000  9.775622e-01 
  927.000  9.800794e-01 
  928.000  9.581776e-01 
  929.000  9.548976e-01 
  930.000  9.548976e-01 
  931.000  9.106594e-01 
  932.000  7.830492e-01 
  933.000  8.266650e-01 
  934.000  8.266650e-01 
  935.000  7.570503e-01 
  936.000  7.405158e-01 
  937.000  7.473627e-01 
  938.000  7.473627e-01 
  939.000  8.225448e-01 
  940.000  9.130595e-01 
  941.000  8.953741e-01 
  942.000  8.953741e-01 
  943.000  8.181357e-01 
  944.000  8.133991e-01 
  945.000  8.966241e-01 
  946.000  8.966241e-01 
  947.000  8.461964e-01 
  948.000  8.667371e-01 
  949.000  8.911721e-01 
  950.000  8.911721e-01 
  951.000  8.953233e-01 
  952.000  8.325238e-01 
  953.000  9.194523e-01 
  954.000  9.194523e-01 
  955.000  9.169770e-01 
  956.000  8.456703e-01 
  957.000  9.343507e-01 
  958.000  9.343507e-01 
  959.000  9.043235e-01 
  960.000  9.314106e-01 
  961.000  9.314106e-01 
  962.000  9.389336e-01 
  963.000  9.585969e-01 
  964.000  9.279362e-01 
  965.000  9.279362e-01 
  966.000  9.448069e-01 
  967.000  9.671556e-01 
  968.000  9.671556e-01 
  969.000  9.728051e-01 
  970.000  9.807476e-01 
  971.000  9.831417e-01 
  972.000  9.831417e-01 
  973.000  9.802006e-01 
  974.000  9.628392e-01 
  975.000  9.628392e-01 
  976.000  9.574609e-01 
  977.000  9.763688e-01 
  978.000  9.738709e-01 
  979.000  9.738709e-01 
  980.000  9.750277e-01 
  981.000  9.872781e-01 
  982.000  9.872781e-01 
  983.000  9.842930e-01 
  984.000  9.869404e-01 
  985.000  9.869404e-01 
  986.000  9.906887e-01 
  987.000  9.892978e-01 
  988.000  9.892978e-01 
  989.000  9.913738e-01 
  990.000  9.905660e-01 
  991.000  9.905660e-01 
  992.000  9.911469e-01 
  993.000  9.911132e-01 
  994.000  9.911132e-01 
  995.000  9.919382e-01 
  996.000  9.919708e-01 
  997.000  9.919708e-01 
  998.000  9.920093e-01 
  999.000  9.919856e-01 
 1000.000  9.919856e-01 
 1001.000  9.920952e-01 
 1002.000  9.909725e-01 
 1003.000  9.909725e-01 
 1004.000  9.921401e-01 
 1005.000  9.922464e-01 
 1006.000  9.922464e-01 
 1007.000  9.923236e-01 
 1008.000  9.921012e-01 
 1009.000  9.921012e-01 
 1010.000  9.911942e-01 
 1011.000  9.924025e-01 
 1012.000  9.924025e-01 
 1013.000  9.925117e-01 
 1014.000  9.925350e-01 
 1015.000  9.925350e-01 
 1016.000  9.925992e-01 
 1017.000  9.926168e-01 
 1018.000  9.926168e-01 
 1019.000  9.925408e-01 
 1020.000  9.927548e-01 
 1021.000  9.927548e-01 
 1022.000  9.926432e-01 
 1023.000  9.926432e-01 
 1024.000  9.926519e-01 
 1025.000  9.928604e-01 
 1026.000  9.928604e-01 
 1027.000  9.927995e-01 
 1028.000  9.929103e-01 
 1029.000  9.929103e-01 
 1030.000  9.929605e-01 
 1031.000  9.929342e-01 
 1032.000  9.929342e-01 
 1033.000  9.929149e-01 
 1034.000  9.929149e-01 
 1035.000  9.928818e-01 
 1036.000  9.925933e-01 
 1037.000  9.925933e-01 
 1038.000  9.925485e-01 
 1039.000  9.922511e-01 
 1040.000  9.922511e-01 
 1041.000  9.920041e-01 
 1042.000  9.920041e-01 
 1043.000  9.917063e-01 
 1044.000  9.912477e-01 
 1045.000  9.912477e-01 
 1046.000  9.906098e-01 
 1047.000  9.906098e-01 
 1048.000  9.899681e-01 
 1049.000  9.886513e-01 
 1050.000  9.886513e-01 
 1051.000  9.880939e-01 
 1052.000  9.880939e-01 
 1053.000  9.872099e-01 
 1054.000  9.864569e-01 
 1055.000  9.864569e-01 
 1056.000  9.855884e-01 
 1057.000  9.855884e-01 
 1058.000  9.847903e-01 
 1059.000  9.840094e-01 
 1060.000  9.840094e-01 
 1061.000  9.835210e-01 
 1062.000  9.835210e-01 
 1063.000  9.827123e-01 
 1064.000  9.822787e-01 
 1065.000  9.822787e-01 
 1066.000  9.829741e-01 
 1067.000  9.829741e-01 
 1068.000  9.826123e-01 
 1069.000  9.836788e-01 
 1070.000  9.836788e-01 
 1071.000  9.846031e-01 
 1072.000  9.846031e-01 
 1073.000  9.854375e-01 
 1074.000  9.854375e-01 
 1075.000  9.857442e-01 
 1076.000  9.864057e-01 
 1077.000  9.864057e-01 
 1078.000  9.880896e-01 
 1079.000  9.880896e-01 
 1080.000  9.881016e-01 
 1081.000  9.881016e-01 
 1082.000  9.893286e-01 
 1083.000  9.894525e-01 
 1084.000  9.894525e-01 
 1085.000  9.884932e-01 
 1086.000  9.884932e-01 
 1087.000  9.912004e-01 
 1088.000  9.912004e-01 
 1089.000  9.907212e-01 
 1090.000  9.904431e-01 
 1091.000  9.904431e-01 
 1092.000  9.891919e-01 
 1093.000  9.891919e-01 
 1094.000  9.895040e-01 
 1095.000  9.895040e-01 
 1096.000  9.886204e-01 
 1097.000  9.886204e-01 
 1098.000  9.872107e-01 
 1099.000  9.797027e-01 
 1100.000  9.797027e-01 
 1101.000  9.801069e-01 
 1102.000  9.801069e-01 
 1103.000  9.768944e-01 
 1104.000  9.768944e-01 
 1105.000  9.748579e-01 
 1106.000  9.748579e-01 
 1107.000  9.747012e-01 
 1108.000  9.747012e-01 
 1109.000  9.679980e-01 
 1110.000  9.597131e-01 
 1111.000  9.597131e-01 
 1112.000  9.488119e-01 
 1113.000  9.488119e-01 
 1114.000  9.035484e-01 
 1115.000  9.035484e-01 
 1116.000  8.091756e-01 
 1117.000  8.091756e-01 
 1118.000  8.439134e-01 
 1119.000  8.439134e-01 
 1120.000  8.050771e-01 
 1121.000  8.050771e-01 
 1122.000  6.744711e-01 
 1123.000  8.337685e-01 
 1124.000  8.337685e-01 
 1125.000  7.020304e-01 
 1126.000  7.020304e-01 
 1127.000  7.589037e-01 
 1128.000  7.589037e-01 
 1129.000  7.581711e-01 
 1130.000  7.581711e-01 
 1131.000  9.209419e-01 
 1132.000  9.209419e-01 
 1133.000  7.772039e-01 
 1134.000  7.772039e-01 
 1135.000  5.695441e-01 
 1136.000  5.695441e-01 
 1137.000  9.288625e-01 
 1138.000  9.288625e-01 
 1139.000  8.713745e-01 
 1140.000  8.713745e-01 
 1141.000  8.720590e-01 
 1142.000  8.720590e-01 
 1143.000  9.146881e-01 
 1144.000  9.146881e-01 
 1145.000  7.731555e-01 
 1146.000  7.731555e-01 
 1147.000  7.867113e-01 
 1148.000  7.867113e-01 
 1149.000  8.278149e-01 
 1150.000  8.278149e-01 
 1151.000  8.789868e-01 
 1152.000  8.789868e-01 
 1153.000  8.565045e-01 
 1154.000  8.565045e-01 
 1155.000  8.898960e-01 
 1156.000  8.898960e-01 
 1157.000  9.355589e-01 
 1158.000  9.355589e-01 
 1159.000  9.643434e-01 
 1160.000  9.643434e-01 
 1161.000  9.585533e-01 
 1162.000  9.585533e-01 
 1163.000  9.725527e-01 
 1164.000  9.725527e-01 
 1165.000  9.673255e-01 
 1166.000  9.673255e-01 
 1167.000  9.793993e-01 
 1168.000  9.793993e-01 
 1169.000  9.792615e-01 
 1170.000  9.792615e-01 
 1171.000  9.822719e-01 
 1172.000  9.822719e-01 
 1173.000  9.673514e-01 
 1174.000  9.673514e-01 
 1175.000  9.891828e-01 
 1176.000  9.891828e-01 
 1177.000  9.761592e-01 
 1178.000  9.761592e-01 
 1179.000  9.857183e-01 
 1180.000  9.857183e-01 
 1181.000  9.634010e-01 
 1182.000  9.634010e-01 
 1183.000  9.805177e-01 
 1184.000  9.805177e-01 
 1185.000  9.858967e-01 
 1186.000  9.858967e-01 
 1187.000  9.627236e-01 
 1188.000  9.627236e-01 
 1189.000  9.627236e-01 
 1190.000  9.801856e-01 
 1191.000  9.801856e-01 
 1192.000  9.906006e-01 
 1193.000  9.906006e-01 
 1194.000  9.836468e-01 
 1195.000  9.836468e-01 
 1196.000  9.874105e-01 
 1197.000  9.874105e-01 
 1198.000  9.805396e-01 
 1199.000  9.805396e-01 
 1200.000  9.792553e-01 
