  250.000  0.000000e+00 
  251.000  0.000000e+00 
  252.000  0.000000e+00 
  253.000  0.000000e+00 
  254.000  0.000000e+00 
  255.000  0.000000e+00 
  256.000  0.000000e+00 
  257.000  0.000000e+00 
  258.000  0.000000e+00 
  259.000  0.000000e+00 
  260.000  0.000000e+00 
  261.000  0.000000e+00 
  262.000  0.000000e+00 
  263.000  0.000000e+00 
  264.000  0.000000e+00 
  265.000  0.000000e+00 
  266.000  0.000000e+00 
  267.000  0.000000e+00 
  268.000  0.000000e+00 
  269.000  0.000000e+00 
  270.000  0.000000e+00 
  271.000  0.000000e+00 
  272.000  0.000000e+00 
  273.000  0.000000e+00 
  274.000  0.000000e+00 
  275.000  0.000000e+00 
  276.000  0.000000e+00 
  277.000  0.000000e+00 
  278.000  0.000000e+00 
  279.000  0.000000e+00 
  280.000  0.000000e+00 
  281.000  0.000000e+00 
  282.000  0.000000e+00 
  283.000  0.000000e+00 
  284.000  0.000000e+00 
  285.000  0.000000e+00 
  286.000  0.000000e+00 
  287.000  0.000000e+00 
  288.000  0.000000e+00 
  289.000  0.000000e+00 
  290.000  0.000000e+00 
  291.000  0.000000e+00 
  292.000  0.000000e+00 
  293.000  1.397336e-09 
  294.000  1.948339e-08 
  295.000  1.058212e-07 
  296.000  8.781783e-07 
  297.000  3.343102e-06 
  298.000  1.907953e-05 
  299.000  4.857104e-05 
  300.000  1.624175e-04 
  301.000  4.355370e-04 
  302.000  8.668781e-04 
  303.000  2.167770e-03 
  304.000  3.141157e-03 
  305.000  6.649686e-03 
  306.000  9.705388e-03 
  307.000  1.559779e-02 
  308.000  2.092242e-02 
  309.000  2.695410e-02 
  310.000  4.278888e-02 
  311.000  5.072218e-02 
  312.000  6.546953e-02 
  313.000  8.002779e-02 
  314.000  8.658770e-02 
  315.000  1.114345e-01 
  316.000  1.205391e-01 
  317.000  1.358892e-01 
  318.000  1.482526e-01 
  319.000  1.857257e-01 
  320.000  1.570603e-01 
  321.000  2.174018e-01 
  322.000  1.906494e-01 
  323.000  2.224084e-01 
  324.000  2.530613e-01 
  325.000  2.279481e-01 
  326.000  2.680129e-01 
  327.000  2.775787e-01 
  328.000  2.517630e-01 
  329.000  3.001336e-01 
  330.000  3.059381e-01 
  331.000  2.894238e-01 
  332.000  3.193801e-01 
  333.000  3.269387e-01 
  334.000  3.189686e-01 
  335.000  3.403711e-01 
  336.000  3.486125e-01 
  337.000  3.437494e-01 
  338.000  3.536897e-01 
  339.000  3.641401e-01 
  340.000  3.610077e-01 
  341.000  3.714368e-01 
  342.000  3.786370e-01 
  343.000  3.818272e-01 
  344.000  3.816971e-01 
  345.000  3.918534e-01 
  346.000  3.979277e-01 
  347.000  4.026546e-01 
  348.000  4.071083e-01 
  349.000  4.123323e-01 
  350.000  4.166924e-01 
  351.000  4.209809e-01 
  352.000  4.243600e-01 
  353.000  4.296484e-01 
  354.000  4.339617e-01 
  355.000  4.379967e-01 
  356.000  4.419500e-01 
  357.000  4.454468e-01 
  358.000  4.492971e-01 
  359.000  4.531336e-01 
  360.000  4.570087e-01 
  361.000  4.619344e-01 
  362.000  4.670578e-01 
  363.000  4.718005e-01 
  364.000  4.761812e-01 
  365.000  4.802831e-01 
  366.000  4.845277e-01 
  367.000  4.885542e-01 
  368.000  4.925514e-01 
  369.000  4.965212e-01 
  370.000  5.004570e-01 
  371.000  5.043687e-01 
  372.000  5.082545e-01 
  373.000  5.121137e-01 
  374.000  5.159181e-01 
  375.000  5.196568e-01 
  376.000  5.232780e-01 
  377.000  5.267131e-01 
  378.000  5.299181e-01 
  379.000  5.331749e-01 
  380.000  5.367442e-01 
  381.000  5.407901e-01 
  382.000  5.449823e-01 
  383.000  5.489599e-01 
  384.000  5.527452e-01 
  385.000  5.564016e-01 
  386.000  5.599713e-01 
  387.000  5.634891e-01 
  388.000  5.669668e-01 
  389.000  5.704198e-01 
  390.000  5.738490e-01 
  391.000  5.772470e-01 
  392.000  5.806234e-01 
  393.000  5.839755e-01 
  394.000  5.873001e-01 
  395.000  5.905944e-01 
  396.000  5.938705e-01 
  397.000  5.971121e-01 
  398.000  6.003272e-01 
  399.000  6.035181e-01 
  400.000  6.066685e-01 
  401.000  6.098091e-01 
  402.000  6.129273e-01 
  403.000  6.160215e-01 
  404.000  6.190909e-01 
  405.000  6.221297e-01 
  406.000  6.251506e-01 
  407.000  6.281503e-01 
  408.000  6.311262e-01 
  409.000  6.340756e-01 
  410.000  6.369993e-01 
  411.000  6.398966e-01 
  412.000  6.427654e-01 
  413.000  6.456195e-01 
  414.000  6.482338e-01 
  415.000  6.511181e-01 
  416.000  6.539689e-01 
  417.000  6.567698e-01 
  418.000  6.594990e-01 
  419.000  6.622004e-01 
  420.000  6.648793e-01 
  421.000  6.675436e-01 
  422.000  6.701931e-01 
  423.000  6.728244e-01 
  424.000  6.754248e-01 
  425.000  6.779634e-01 
  426.000  6.804789e-01 
  427.000  6.829738e-01 
  428.000  6.854205e-01 
  429.000  6.878313e-01 
  430.000  6.902158e-01 
  431.000  6.925834e-01 
  432.000  6.949278e-01 
  433.000  6.972511e-01 
  434.000  6.995561e-01 
  435.000  7.018396e-01 
  436.000  7.040987e-01 
  437.000  7.063345e-01 
  438.000  7.085462e-01 
  439.000  7.107418e-01 
  440.000  7.129038e-01 
  441.000  7.150396e-01 
  442.000  7.171431e-01 
  443.000  7.192166e-01 
  444.000  7.212591e-01 
  445.000  7.232594e-01 
  446.000  7.252065e-01 
  447.000  7.272523e-01 
  448.000  7.294456e-01 
  449.000  7.316649e-01 
  450.000  7.338434e-01 
  451.000  7.359342e-01 
  452.000  7.379495e-01 
  453.000  7.399253e-01 
  454.000  7.418667e-01 
  455.000  7.436752e-01 
  456.000  7.453119e-01 
  457.000  7.469491e-01 
  458.000  7.485643e-01 
  459.000  7.501454e-01 
  460.000  7.517141e-01 
  461.000  7.532660e-01 
  462.000  7.547885e-01 
  463.000  7.563093e-01 
  464.000  7.584128e-01 
  465.000  7.604871e-01 
  466.000  7.625276e-01 
  467.000  7.645245e-01 
  468.000  7.660990e-01 
  469.000  7.674317e-01 
  470.000  7.686595e-01 
  471.000  7.697675e-01 
  472.000  7.706927e-01 
  473.000  7.712979e-01 
  474.000  7.717882e-01 
  475.000  7.718864e-01 
  476.000  7.715882e-01 
  477.000  7.715256e-01 
  478.000  7.729880e-01 
  479.000  7.752470e-01 
  480.000  7.776906e-01 
  481.000  7.798913e-01 
  482.000  7.820017e-01 
  483.000  7.838366e-01 
  484.000  7.854137e-01 
  485.000  7.868239e-01 
  486.000  7.883813e-01 
  487.000  7.900594e-01 
  488.000  7.916867e-01 
  489.000  7.932856e-01 
  490.000  7.948667e-01 
  491.000  7.960404e-01 
  492.000  7.970932e-01 
  493.000  7.981405e-01 
  494.000  7.991576e-01 
  495.000  8.001744e-01 
  496.000  8.005538e-01 
  497.000  8.009060e-01 
  498.000  8.012508e-01 
  499.000  8.015687e-01 
  500.000  8.018791e-01 
  501.000  8.021300e-01 
  502.000  8.023812e-01 
  503.000  8.026273e-01 
  504.000  8.028547e-01 
  505.000  8.030608e-01 
  506.000  8.041788e-01 
  507.000  8.053386e-01 
  508.000  8.064965e-01 
  509.000  8.076413e-01 
  510.000  8.087625e-01 
  511.000  8.097441e-01 
  512.000  8.106854e-01 
  513.000  8.116210e-01 
  514.000  8.125448e-01 
  515.000  8.134604e-01 
  516.000  8.140479e-01 
  517.000  8.143431e-01 
  518.000  8.146270e-01 
  519.000  8.149033e-01 
  520.000  8.151758e-01 
  521.000  8.154043e-01 
  522.000  8.155185e-01 
  523.000  8.155619e-01 
  524.000  8.156115e-01 
  525.000  8.156212e-01 
  526.000  8.156914e-01 
  527.000  8.155493e-01 
  528.000  8.153195e-01 
  529.000  8.150882e-01 
  530.000  8.148662e-01 
  531.000  8.146502e-01 
  532.000  8.145269e-01 
  533.000  8.149683e-01 
  534.000  8.155441e-01 
  535.000  8.162029e-01 
  536.000  8.168374e-01 
  537.000  8.174119e-01 
  538.000  8.179173e-01 
  539.000  8.183792e-01 
  540.000  8.188078e-01 
  541.000  8.192219e-01 
  542.000  8.196147e-01 
  543.000  8.199911e-01 
  544.000  8.202341e-01 
  545.000  8.203661e-01 
  546.000  8.204868e-01 
  547.000  8.206143e-01 
  548.000  8.207297e-01 
  549.000  8.208417e-01 
  550.000  8.208065e-01 
  551.000  8.206307e-01 
  552.000  8.204600e-01 
  553.000  8.202656e-01 
  554.000  8.200605e-01 
  555.000  8.198494e-01 
  556.000  8.195854e-01 
  557.000  8.192338e-01 
  558.000  8.188695e-01 
  559.000  8.184851e-01 
  560.000  8.180517e-01 
  561.000  8.175728e-01 
  562.000  8.167391e-01 
  563.000  8.162032e-01 
  564.000  8.155467e-01 
  565.000  8.146235e-01 
  566.000  8.139880e-01 
  567.000  8.120952e-01 
  568.000  8.073313e-01 
  569.000  7.976708e-01 
  570.000  7.988596e-01 
  571.000  8.051882e-01 
  572.000  7.984851e-01 
  573.000  7.999086e-01 
  574.000  8.000977e-01 
  575.000  7.995438e-01 
  576.000  7.999244e-01 
  577.000  8.021848e-01 
  578.000  8.054885e-01 
  579.000  8.083625e-01 
  580.000  8.110629e-01 
  581.000  8.148251e-01 
  582.000  8.175291e-01 
  583.000  8.193016e-01 
  584.000  8.209615e-01 
  585.000  8.221621e-01 
  586.000  8.233448e-01 
  587.000  8.213716e-01 
  588.000  8.084906e-01 
  589.000  7.878966e-01 
  590.000  7.869268e-01 
  591.000  8.015590e-01 
  592.000  7.942612e-01 
  593.000  8.109204e-01 
  594.000  8.075924e-01 
  595.000  7.963732e-01 
  596.000  8.122087e-01 
  597.000  8.079319e-01 
  598.000  8.139541e-01 
  599.000  8.160121e-01 
  600.000  8.213930e-01 
  601.000  8.246002e-01 
  602.000  8.252138e-01 
  603.000  8.269693e-01 
  604.000  8.292551e-01 
  605.000  8.309875e-01 
  606.000  8.322514e-01 
  607.000  8.334768e-01 
  608.000  8.346356e-01 
  609.000  8.357494e-01 
  610.000  8.369068e-01 
  611.000  8.382128e-01 
  612.000  8.394964e-01 
  613.000  8.407465e-01 
  614.000  8.419662e-01 
  615.000  8.431831e-01 
  616.000  8.443632e-01 
  617.000  8.454895e-01 
  618.000  8.464430e-01 
  619.000  8.472682e-01 
  620.000  8.480451e-01 
  621.000  8.487371e-01 
  622.000  8.493440e-01 
  623.000  8.498076e-01 
  624.000  8.502889e-01 
  625.000  8.507182e-01 
  626.000  8.503106e-01 
  627.000  8.451964e-01 
  628.000  8.157373e-01 
  629.000  8.335850e-01 
  630.000  8.387063e-01 
  631.000  8.447700e-01 
  632.000  8.436046e-01 
  633.000  8.519387e-01 
  634.000  8.559618e-01 
  635.000  8.580647e-01 
  636.000  8.611280e-01 
  637.000  8.636818e-01 
  638.000  8.680732e-01 
  639.000  8.700665e-01 
  640.000  8.731707e-01 
  641.000  8.747828e-01 
  642.000  8.770622e-01 
  643.000  8.764266e-01 
  644.000  8.776508e-01 
  645.000  8.762948e-01 
  646.000  8.653843e-01 
  647.000  8.580847e-01 
  648.000  8.498145e-01 
  649.000  8.587983e-01 
  650.000  8.752664e-01 
  651.000  8.760797e-01 
  652.000  8.631097e-01 
  653.000  8.797908e-01 
  654.000  8.788629e-01 
  655.000  8.738852e-01 
  656.000  8.767243e-01 
  657.000  8.806656e-01 
  658.000  8.869223e-01 
  659.000  8.909189e-01 
  660.000  8.931277e-01 
  661.000  8.977202e-01 
  662.000  9.003495e-01 
  663.000  9.008926e-01 
  664.000  9.023213e-01 
  665.000  9.037635e-01 
  666.000  9.052899e-01 
  667.000  9.067749e-01 
  668.000  9.084605e-01 
  669.000  9.096988e-01 
  670.000  9.108077e-01 
  671.000  9.119703e-01 
  672.000  9.130207e-01 
  673.000  9.140539e-01 
  674.000  9.150788e-01 
  675.000  9.161054e-01 
  676.000  9.170683e-01 
  677.000  9.179484e-01 
  678.000  9.188308e-01 
  679.000  9.195651e-01 
  680.000  9.196593e-01 
  681.000  9.195607e-01 
  682.000  9.202648e-01 
  683.000  9.205278e-01 
  684.000  9.200986e-01 
  685.000  9.217318e-01 
  686.000  9.178112e-01 
  687.000  7.801993e-01 
  688.000  8.234809e-01 
  689.000  8.111774e-01 
  690.000  8.339188e-01 
  691.000  8.633520e-01 
  692.000  8.805920e-01 
  693.000  8.713981e-01 
  694.000  8.587040e-01 
  695.000  8.717962e-01 
  696.000  8.795125e-01 
  697.000  9.117991e-01 
  698.000  9.053738e-01 
  699.000  8.767778e-01 
  700.000  8.817229e-01 
  701.000  8.755059e-01 
  702.000  8.804160e-01 
  703.000  9.047464e-01 
  704.000  9.060037e-01 
  705.000  8.962199e-01 
  706.000  8.983327e-01 
  707.000  9.020677e-01 
  708.000  9.060953e-01 
  709.000  9.141684e-01 
  710.000  9.059058e-01 
  711.000  9.146637e-01 
  712.000  9.221531e-01 
  713.000  9.164054e-01 
  714.000  9.145491e-01 
  715.000  9.050960e-01 
  716.000  8.952196e-01 
  717.000  8.328133e-01 
  718.000  7.948782e-01 
  719.000  7.813547e-01 
  720.000  7.611521e-01 
  721.000  8.513850e-01 
  722.000  8.840860e-01 
  723.000  8.658303e-01 
  724.000  8.140689e-01 
  725.000  8.217747e-01 
  726.000  8.194517e-01 
  727.000  8.268656e-01 
  728.000  8.189875e-01 
  729.000  8.389155e-01 
  730.000  8.355967e-01 
  731.000  8.315689e-01 
  732.000  8.652821e-01 
  733.000  8.978813e-01 
  734.000  9.137250e-01 
  735.000  9.082726e-01 
  736.000  8.980049e-01 
  737.000  9.058563e-01 
  738.000  9.166429e-01 
  739.000  9.213290e-01 
  740.000  9.316707e-01 
  741.000  9.376771e-01 
  742.000  9.402326e-01 
  743.000  9.457872e-01 
  744.000  9.480100e-01 
  745.000  9.499326e-01 
  746.000  9.514609e-01 
  747.000  9.519408e-01 
  748.000  9.534292e-01 
  749.000  9.543145e-01 
  750.000  9.538625e-01 
  751.000  9.542198e-01 
  752.000  9.557716e-01 
  753.000  9.564298e-01 
  754.000  9.569565e-01 
  755.000  9.573122e-01 
  756.000  9.576831e-01 
  757.000  9.579494e-01 
  758.000  9.559658e-01 
  759.000  8.809748e-01 
  760.000  3.548704e-01 
  761.000  3.093745e-01 
  762.000  6.011303e-01 
  763.000  5.073711e-01 
  764.000  5.535691e-01 
  765.000  6.606026e-01 
  766.000  7.933802e-01 
  767.000  8.617940e-01 
  768.000  9.070355e-01 
  769.000  9.371265e-01 
  770.000  9.541690e-01 
  771.000  9.616032e-01 
  772.000  9.635370e-01 
  773.000  9.644532e-01 
  774.000  9.656268e-01 
  775.000  9.663791e-01 
  776.000  9.669218e-01 
  777.000  9.670732e-01 
  778.000  9.670410e-01 
  779.000  9.669904e-01 
  780.000  9.669353e-01 
  781.000  9.675984e-01 
  782.000  9.675228e-01 
  783.000  9.674694e-01 
  784.000  9.669458e-01 
  785.000  9.647040e-01 
  786.000  9.616119e-01 
  787.000  9.538833e-01 
  788.000  9.498357e-01 
  789.000  9.353645e-01 
  790.000  9.341409e-01 
  791.000  9.368988e-01 
  792.000  9.394580e-01 
  793.000  9.453895e-01 
  794.000  9.579536e-01 
  795.000  9.503123e-01 
  796.000  9.299914e-01 
  797.000  9.358223e-01 
  798.000  9.487079e-01 
  799.000  9.457973e-01 
  800.000  9.364616e-01 
  801.000  9.375991e-01 
  802.000  9.366785e-01 
  803.000  9.380730e-01 
  804.000  9.425035e-01 
  805.000  9.509706e-01 
  806.000  9.560437e-01 
  807.000  9.562921e-01 
  808.000  9.534502e-01 
  809.000  9.499503e-01 
  810.000  9.461074e-01 
  811.000  9.382197e-01 
  812.000  9.276049e-01 
  813.000  9.146348e-01 
  814.000  8.975765e-01 
  815.000  8.764254e-01 
  816.000  8.495928e-01 
  817.000  8.510293e-01 
  818.000  8.532131e-01 
  819.000  8.621033e-01 
  820.000  8.917951e-01 
  821.000  9.259085e-01 
  822.000  8.999727e-01 
  823.000  8.285286e-01 
  824.000  8.887033e-01 
  825.000  9.279419e-01 
  826.000  9.213220e-01 
  827.000  9.163713e-01 
  828.000  8.905904e-01 
  829.000  8.998706e-01 
  830.000  9.103159e-01 
  831.000  9.128082e-01 
  832.000  9.139661e-01 
  833.000  9.200333e-01 
  834.000  9.271880e-01 
  835.000  9.413687e-01 
  836.000  9.368574e-01 
  837.000  9.364197e-01 
  838.000  9.433306e-01 
  839.000  9.475445e-01 
  840.000  9.490867e-01 
  841.000  9.445716e-01 
  842.000  9.486693e-01 
  843.000  9.583848e-01 
  844.000  9.628149e-01 
  845.000  9.648910e-01 
  846.000  9.670729e-01 
  847.000  9.694753e-01 
  848.000  9.655592e-01 
  849.000  9.660785e-01 
  850.000  9.641500e-01 
  851.000  9.618522e-01 
  852.000  9.621002e-01 
  853.000  9.659449e-01 
  854.000  9.657593e-01 
  855.000  9.677026e-01 
  856.000  9.713028e-01 
  857.000  9.731243e-01 
  858.000  9.739034e-01 
  859.000  9.759319e-01 
  860.000  9.769164e-01 
  861.000  9.771104e-01 
  862.000  9.777739e-01 
  863.000  9.778684e-01 
  864.000  9.783265e-01 
  865.000  9.787028e-01 
  866.000  9.788094e-01 
  867.000  9.787530e-01 
  868.000  9.788197e-01 
  869.000  9.789504e-01 
  870.000  9.788708e-01 
  871.000  9.789948e-01 
  872.000  9.792843e-01 
  873.000  9.790139e-01 
  874.000  9.788716e-01 
  875.000  9.788452e-01 
  876.000  9.783666e-01 
  877.000  9.781279e-01 
  878.000  9.770728e-01 
  879.000  9.770018e-01 
  880.000  9.758407e-01 
  881.000  9.754209e-01 
  882.000  9.748352e-01 
  883.000  9.754460e-01 
  884.000  9.756993e-01 
  885.000  9.734160e-01 
  886.000  9.709707e-01 
  887.000  9.729680e-01 
  888.000  9.728388e-01 
  889.000  9.735739e-01 
  890.000  9.721177e-01 
  891.000  9.685205e-01 
  892.000  9.609258e-01 
  893.000  9.379601e-01 
  894.000  9.264945e-01 
  895.000  8.919311e-01 
  896.000  8.610429e-01 
  897.000  8.286434e-01 
  898.000  8.135678e-01 
  899.000  7.717950e-01 
  900.000  7.776818e-01 
  901.000  7.669385e-01 
  902.000  7.690989e-01 
  903.000  8.394324e-01 
  904.000  8.830376e-01 
  905.000  8.815767e-01 
  906.000  8.543333e-01 
  907.000  8.065880e-01 
  908.000  7.754202e-01 
  909.000  7.766695e-01 
  910.000  7.813244e-01 
  911.000  8.019823e-01 
  912.000  7.919993e-01 
  913.000  7.488872e-01 
  914.000  7.701844e-01 
  915.000  7.871210e-01 
  916.000  7.917927e-01 
  917.000  8.011093e-01 
  918.000  8.131486e-01 
  919.000  8.541190e-01 
  920.000  8.854454e-01 
  921.000  8.786520e-01 
  922.000  8.781021e-01 
  923.000  8.693958e-01 
  924.000  8.485118e-01 
  925.000  8.466008e-01 
  926.000  8.456033e-01 
  927.000  8.209478e-01 
  928.000  7.833569e-01 
  929.000  7.298279e-01 
  930.000  6.631129e-01 
  931.000  5.904484e-01 
  932.000  4.971470e-01 
  933.000  4.312088e-01 
  934.000  3.663556e-01 
  935.000  3.592604e-01 
  936.000  3.839887e-01 
  937.000  3.780013e-01 
  938.000  4.513909e-01 
  939.000  6.514802e-01 
  940.000  6.828123e-01 
  941.000  6.564302e-01 
  942.000  5.920073e-01 
  943.000  4.878485e-01 
  944.000  4.804920e-01 
  945.000  5.170414e-01 
  946.000  5.194192e-01 
  947.000  5.533579e-01 
  948.000  5.734062e-01 
  949.000  5.711891e-01 
  950.000  5.764542e-01 
  951.000  6.215584e-01 
  952.000  5.741158e-01 
  953.000  6.080818e-01 
  954.000  6.450109e-01 
  955.000  6.159275e-01 
  956.000  6.101045e-01 
  957.000  7.036818e-01 
  958.000  7.164067e-01 
  959.000  7.010735e-01 
  960.000  6.968219e-01 
  961.000  6.892086e-01 
  962.000  6.965976e-01 
  963.000  7.489366e-01 
  964.000  7.566841e-01 
  965.000  7.518927e-01 
  966.000  7.549847e-01 
  967.000  7.929202e-01 
  968.000  8.569391e-01 
  969.000  8.862319e-01 
  970.000  8.879107e-01 
  971.000  8.872485e-01 
  972.000  8.789370e-01 
  973.000  8.598242e-01 
  974.000  8.366953e-01 
  975.000  8.219105e-01 
  976.000  8.400291e-01 
  977.000  8.701343e-01 
  978.000  8.677866e-01 
  979.000  8.757278e-01 
  980.000  9.067171e-01 
  981.000  9.136721e-01 
  982.000  9.068645e-01 
  983.000  9.228878e-01 
  984.000  9.394106e-01 
  985.000  9.488355e-01 
  986.000  9.610060e-01 
  987.000  9.663100e-01 
  988.000  9.675473e-01 
  989.000  9.683421e-01 
  990.000  9.696407e-01 
  991.000  9.741782e-01 
  992.000  9.754708e-01 
  993.000  9.759585e-01 
  994.000  9.797332e-01 
  995.000  9.824765e-01 
  996.000  9.824528e-01 
  997.000  9.805475e-01 
  998.000  9.789934e-01 
  999.000  9.782372e-01 
 1000.000  9.788584e-01 
 1001.000  9.745279e-01 
 1002.000  9.676047e-01 
 1003.000  9.692517e-01 
 1004.000  9.732382e-01 
 1005.000  9.750621e-01 
 1006.000  9.756386e-01 
 1007.000  9.743155e-01 
 1008.000  9.686722e-01 
 1009.000  9.611326e-01 
 1010.000  9.644925e-01 
 1011.000  9.725081e-01 
 1012.000  9.755660e-01 
 1013.000  9.779704e-01 
 1014.000  9.789778e-01 
 1015.000  9.791673e-01 
 1016.000  9.799194e-01 
 1017.000  9.805760e-01 
 1018.000  9.795188e-01 
 1019.000  9.767299e-01 
 1020.000  9.777051e-01 
 1021.000  9.797129e-01 
 1022.000  9.763284e-01 
 1023.000  9.734955e-01 
 1024.000  9.717965e-01 
 1025.000  9.769713e-01 
 1026.000  9.792483e-01 
 1027.000  9.782687e-01 
 1028.000  9.790542e-01 
 1029.000  9.808345e-01 
 1030.000  9.830726e-01 
 1031.000  9.840752e-01 
 1032.000  9.848405e-01 
 1033.000  9.851001e-01 
 1034.000  9.855139e-01 
 1035.000  9.858275e-01 
 1036.000  9.856254e-01 
 1037.000  9.856615e-01 
 1038.000  9.858571e-01 
 1039.000  9.854951e-01 
 1040.000  9.851730e-01 
 1041.000  9.849258e-01 
 1042.000  9.848609e-01 
 1043.000  9.848540e-01 
 1044.000  9.846281e-01 
 1045.000  9.839245e-01 
 1046.000  9.834496e-01 
 1047.000  9.828824e-01 
 1048.000  9.821283e-01 
 1049.000  9.813573e-01 
 1050.000  9.806988e-01 
 1051.000  9.796918e-01 
 1052.000  9.789998e-01 
 1053.000  9.788999e-01 
 1054.000  9.778703e-01 
 1055.000  9.768168e-01 
 1056.000  9.759190e-01 
 1057.000  9.738909e-01 
 1058.000  9.702441e-01 
 1059.000  9.703658e-01 
 1060.000  9.719924e-01 
 1061.000  9.714666e-01 
 1062.000  9.691626e-01 
 1063.000  9.682677e-01 
 1064.000  9.662960e-01 
 1065.000  9.640051e-01 
 1066.000  9.642744e-01 
 1067.000  9.634774e-01 
 1068.000  9.592197e-01 
 1069.000  9.573624e-01 
 1070.000  9.582283e-01 
 1071.000  9.556358e-01 
 1072.000  9.529291e-01 
 1073.000  9.525309e-01 
 1074.000  9.531052e-01 
 1075.000  9.574710e-01 
 1076.000  9.549552e-01 
 1077.000  9.515278e-01 
 1078.000  9.474653e-01 
 1079.000  9.470274e-01 
 1080.000  9.359670e-01 
 1081.000  9.354173e-01 
 1082.000  9.403863e-01 
 1083.000  9.345431e-01 
 1084.000  9.281422e-01 
 1085.000  9.128441e-01 
 1086.000  9.164698e-01 
 1087.000  9.333963e-01 
 1088.000  9.341169e-01 
 1089.000  9.135835e-01 
 1090.000  9.097455e-01 
 1091.000  9.136551e-01 
 1092.000  9.034975e-01 
 1093.000  8.808659e-01 
 1094.000  8.710575e-01 
 1095.000  8.726263e-01 
 1096.000  8.739991e-01 
 1097.000  8.694392e-01 
 1098.000  8.149629e-01 
 1099.000  7.690772e-01 
 1100.000  7.721249e-01 
 1101.000  7.783683e-01 
 1102.000  7.752103e-01 
 1103.000  7.792773e-01 
 1104.000  7.715489e-01 
 1105.000  7.523329e-01 
 1106.000  7.332061e-01 
 1107.000  7.377046e-01 
 1108.000  7.408335e-01 
 1109.000  7.567182e-01 
 1110.000  7.540584e-01 
 1111.000  7.446339e-01 
 1112.000  7.043170e-01 
 1113.000  6.495279e-01 
 1114.000  6.336565e-01 
 1115.000  5.678917e-01 
 1116.000  5.282258e-01 
 1117.000  4.406823e-01 
 1118.000  3.633519e-01 
 1119.000  3.232372e-01 
 1120.000  2.761355e-01 
 1121.000  2.657915e-01 
 1122.000  2.205851e-01 
 1123.000  2.439338e-01 
 1124.000  2.600715e-01 
 1125.000  2.513072e-01 
 1126.000  2.479767e-01 
 1127.000  2.521603e-01 
 1128.000  2.602254e-01 
 1129.000  3.065677e-01 
 1130.000  4.202718e-01 
 1131.000  4.547918e-01 
 1132.000  4.073648e-01 
 1133.000  3.255186e-01 
 1134.000  1.904285e-01 
 1135.000  2.001505e-01 
 1136.000  3.381480e-01 
 1137.000  4.210803e-01 
 1138.000  5.064934e-01 
 1139.000  5.349704e-01 
 1140.000  5.184087e-01 
 1141.000  4.858656e-01 
 1142.000  4.741000e-01 
 1143.000  4.378184e-01 
 1144.000  3.981959e-01 
 1145.000  3.425517e-01 
 1146.000  3.555874e-01 
 1147.000  3.994524e-01 
 1148.000  4.395098e-01 
 1149.000  4.563890e-01 
 1150.000  4.583177e-01 
 1151.000  4.843404e-01 
 1152.000  4.971717e-01 
 1153.000  5.159492e-01 
 1154.000  5.116286e-01 
 1155.000  5.474392e-01 
 1156.000  5.875762e-01 
 1157.000  6.708491e-01 
 1158.000  7.066641e-01 
 1159.000  7.379487e-01 
 1160.000  7.511437e-01 
 1161.000  7.836187e-01 
 1162.000  8.078160e-01 
 1163.000  8.371712e-01 
 1164.000  8.439238e-01 
 1165.000  8.466297e-01 
 1166.000  8.530955e-01 
 1167.000  8.570475e-01 
 1168.000  8.555942e-01 
 1169.000  8.599148e-01 
 1170.000  8.638012e-01 
 1171.000  8.740864e-01 
 1172.000  8.680545e-01 
 1173.000  8.621482e-01 
 1174.000  8.625193e-01 
 1175.000  8.786991e-01 
 1176.000  8.936344e-01 
 1177.000  8.865870e-01 
 1178.000  8.721846e-01 
 1179.000  8.722237e-01 
 1180.000  8.670366e-01 
 1181.000  8.536678e-01 
 1182.000  8.404524e-01 
 1183.000  8.420799e-01 
 1184.000  8.496803e-01 
 1185.000  8.683475e-01 
 1186.000  8.628417e-01 
 1187.000  8.438760e-01 
 1188.000  8.396260e-01 
 1189.000  8.515095e-01 
 1190.000  8.816922e-01 
 1191.000  8.907230e-01 
 1192.000  9.037122e-01 
 1193.000  9.009277e-01 
 1194.000  8.990113e-01 
 1195.000  8.862454e-01 
 1196.000  8.880139e-01 
 1197.000  8.817986e-01 
 1198.000  8.804080e-01 
 1199.000  8.726276e-01 
 1200.000  8.771127e-01 
