  250.000  0.000000e+00 
  251.000  0.000000e+00 
  252.000  0.000000e+00 
  253.000  0.000000e+00 
  254.000  0.000000e+00 
  255.000  0.000000e+00 
  256.000  0.000000e+00 
  257.000  0.000000e+00 
  258.000  0.000000e+00 
  259.000  0.000000e+00 
  260.000  0.000000e+00 
  261.000  0.000000e+00 
  262.000  0.000000e+00 
  263.000  0.000000e+00 
  264.000  0.000000e+00 
  265.000  0.000000e+00 
  266.000  0.000000e+00 
  267.000  0.000000e+00 
  268.000  0.000000e+00 
  269.000  0.000000e+00 
  270.000  0.000000e+00 
  271.000  0.000000e+00 
  272.000  0.000000e+00 
  273.000  0.000000e+00 
  274.000  0.000000e+00 
  275.000  0.000000e+00 
  276.000  0.000000e+00 
  277.000  0.000000e+00 
  278.000  0.000000e+00 
  279.000  0.000000e+00 
  280.000  0.000000e+00 
  281.000  0.000000e+00 
  282.000  0.000000e+00 
  283.000  0.000000e+00 
  284.000  0.000000e+00 
  285.000  0.000000e+00 
  286.000  0.000000e+00 
  287.000  0.000000e+00 
  288.000  0.000000e+00 
  289.000  0.000000e+00 
  290.000  0.000000e+00 
  291.000  0.000000e+00 
  292.000  0.000000e+00 
  293.000  8.519390e-12 
  294.000  2.296256e-10 
  295.000  1.904394e-09 
  296.000  2.683153e-08 
  297.000  1.427033e-07 
  298.000  1.259101e-06 
  299.000  4.049287e-06 
  300.000  1.831344e-05 
  301.000  6.285201e-05 
  302.000  1.486026e-04 
  303.000  4.673584e-04 
  304.000  7.430495e-04 
  305.000  1.897588e-03 
  306.000  3.044313e-03 
  307.000  5.509095e-03 
  308.000  7.953053e-03 
  309.000  1.091604e-02 
  310.000  1.945250e-02 
  311.000  2.406131e-02 
  312.000  3.310444e-02 
  313.000  4.255006e-02 
  314.000  4.695417e-02 
  315.000  6.436411e-02 
  316.000  7.100412e-02 
  317.000  8.248250e-02 
  318.000  9.196845e-02 
  319.000  1.218960e-01 
  320.000  9.884901e-02 
  321.000  1.484184e-01 
  322.000  1.259491e-01 
  323.000  1.527036e-01 
  324.000  1.794528e-01 
  325.000  1.574732e-01 
  326.000  1.928040e-01 
  327.000  2.014448e-01 
  328.000  1.783025e-01 
  329.000  2.221116e-01 
  330.000  2.274946e-01 
  331.000  2.122480e-01 
  332.000  2.400582e-01 
  333.000  2.471816e-01 
  334.000  2.396717e-01 
  335.000  2.599420e-01 
  336.000  2.678340e-01 
  337.000  2.631714e-01 
  338.000  2.727194e-01 
  339.000  2.828299e-01 
  340.000  2.797916e-01 
  341.000  2.899326e-01 
  342.000  2.969757e-01 
  343.000  3.001070e-01 
  344.000  2.999792e-01 
  345.000  3.099906e-01 
  346.000  3.160096e-01 
  347.000  3.207092e-01 
  348.000  3.251500e-01 
  349.000  3.303744e-01 
  350.000  3.347474e-01 
  351.000  3.390598e-01 
  352.000  3.424655e-01 
  353.000  3.478092e-01 
  354.000  3.521798e-01 
  355.000  3.562782e-01 
  356.000  3.603027e-01 
  357.000  3.638702e-01 
  358.000  3.678064e-01 
  359.000  3.717369e-01 
  360.000  3.757152e-01 
  361.000  3.807845e-01 
  362.000  3.860715e-01 
  363.000  3.909788e-01 
  364.000  3.955224e-01 
  365.000  3.997862e-01 
  366.000  4.042081e-01 
  367.000  4.084117e-01 
  368.000  4.125933e-01 
  369.000  4.167546e-01 
  370.000  4.208886e-01 
  371.000  4.250052e-01 
  372.000  4.291026e-01 
  373.000  4.331796e-01 
  374.000  4.372063e-01 
  375.000  4.411707e-01 
  376.000  4.450174e-01 
  377.000  4.486724e-01 
  378.000  4.520881e-01 
  379.000  4.555641e-01 
  380.000  4.593799e-01 
  381.000  4.637129e-01 
  382.000  4.682112e-01 
  383.000  4.724871e-01 
  384.000  4.765635e-01 
  385.000  4.805077e-01 
  386.000  4.843649e-01 
  387.000  4.881718e-01 
  388.000  4.919411e-01 
  389.000  4.956895e-01 
  390.000  4.994176e-01 
  391.000  5.031174e-01 
  392.000  5.067989e-01 
  393.000  5.104594e-01 
  394.000  5.140949e-01 
  395.000  5.177024e-01 
  396.000  5.212950e-01 
  397.000  5.248546e-01 
  398.000  5.283900e-01 
  399.000  5.319033e-01 
  400.000  5.353767e-01 
  401.000  5.388438e-01 
  402.000  5.422904e-01 
  403.000  5.457150e-01 
  404.000  5.491164e-01 
  405.000  5.524880e-01 
  406.000  5.558438e-01 
  407.000  5.591801e-01 
  408.000  5.624939e-01 
  409.000  5.657819e-01 
  410.000  5.690452e-01 
  411.000  5.722827e-01 
  412.000  5.754918e-01 
  413.000  5.786883e-01 
  414.000  5.816191e-01 
  415.000  5.848562e-01 
  416.000  5.880591e-01 
  417.000  5.912094e-01 
  418.000  5.942824e-01 
  419.000  5.973270e-01 
  420.000  6.003494e-01 
  421.000  6.033585e-01 
  422.000  6.063536e-01 
  423.000  6.093314e-01 
  424.000  6.122769e-01 
  425.000  6.151551e-01 
  426.000  6.180098e-01 
  427.000  6.208437e-01 
  428.000  6.236253e-01 
  429.000  6.263688e-01 
  430.000  6.290845e-01 
  431.000  6.317834e-01 
  432.000  6.344580e-01 
  433.000  6.371108e-01 
  434.000  6.397449e-01 
  435.000  6.423566e-01 
  436.000  6.449425e-01 
  437.000  6.475037e-01 
  438.000  6.500393e-01 
  439.000  6.525585e-01 
  440.000  6.550410e-01 
  441.000  6.574952e-01 
  442.000  6.599142e-01 
  443.000  6.623003e-01 
  444.000  6.646525e-01 
  445.000  6.669577e-01 
  446.000  6.692031e-01 
  447.000  6.715639e-01 
  448.000  6.740968e-01 
  449.000  6.766617e-01 
  450.000  6.791813e-01 
  451.000  6.816012e-01 
  452.000  6.839355e-01 
  453.000  6.862255e-01 
  454.000  6.884771e-01 
  455.000  6.905759e-01 
  456.000  6.924766e-01 
  457.000  6.943786e-01 
  458.000  6.962562e-01 
  459.000  6.980953e-01 
  460.000  6.999207e-01 
  461.000  7.017276e-01 
  462.000  7.035012e-01 
  463.000  7.052737e-01 
  464.000  7.077267e-01 
  465.000  7.101473e-01 
  466.000  7.125303e-01 
  467.000  7.148636e-01 
  468.000  7.167046e-01 
  469.000  7.182636e-01 
  470.000  7.197005e-01 
  471.000  7.209976e-01 
  472.000  7.220811e-01 
  473.000  7.227901e-01 
  474.000  7.233645e-01 
  475.000  7.234796e-01 
  476.000  7.231302e-01 
  477.000  7.230569e-01 
  478.000  7.247707e-01 
  479.000  7.274194e-01 
  480.000  7.302869e-01 
  481.000  7.328713e-01 
  482.000  7.353514e-01 
  483.000  7.375091e-01 
  484.000  7.393646e-01 
  485.000  7.410246e-01 
  486.000  7.428586e-01 
  487.000  7.448360e-01 
  488.000  7.467543e-01 
  489.000  7.486402e-01 
  490.000  7.505059e-01 
  491.000  7.518917e-01 
  492.000  7.531350e-01 
  493.000  7.543722e-01 
  494.000  7.555743e-01 
  495.000  7.567763e-01 
  496.000  7.572249e-01 
  497.000  7.576414e-01 
  498.000  7.580492e-01 
  499.000  7.584251e-01 
  500.000  7.587924e-01 
  501.000  7.590892e-01 
  502.000  7.593863e-01 
  503.000  7.596775e-01 
  504.000  7.599466e-01 
  505.000  7.601905e-01 
  506.000  7.615138e-01 
  507.000  7.628870e-01 
  508.000  7.642585e-01 
  509.000  7.656150e-01 
  510.000  7.669439e-01 
  511.000  7.681078e-01 
  512.000  7.692241e-01 
  513.000  7.703341e-01 
  514.000  7.714304e-01 
  515.000  7.725172e-01 
  516.000  7.732147e-01 
  517.000  7.735654e-01 
  518.000  7.739025e-01 
  519.000  7.742307e-01 
  520.000  7.745544e-01 
  521.000  7.748258e-01 
  522.000  7.749614e-01 
  523.000  7.750129e-01 
  524.000  7.750719e-01 
  525.000  7.750835e-01 
  526.000  7.751669e-01 
  527.000  7.749981e-01 
  528.000  7.747250e-01 
  529.000  7.744502e-01 
  530.000  7.741866e-01 
  531.000  7.739301e-01 
  532.000  7.737836e-01 
  533.000  7.743079e-01 
  534.000  7.749919e-01 
  535.000  7.757745e-01 
  536.000  7.765286e-01 
  537.000  7.772114e-01 
  538.000  7.778122e-01 
  539.000  7.783613e-01 
  540.000  7.788711e-01 
  541.000  7.793634e-01 
  542.000  7.798307e-01 
  543.000  7.802783e-01 
  544.000  7.805675e-01 
  545.000  7.807245e-01 
  546.000  7.808681e-01 
  547.000  7.810198e-01 
  548.000  7.811571e-01 
  549.000  7.812903e-01 
  550.000  7.812485e-01 
  551.000  7.810394e-01 
  552.000  7.808362e-01 
  553.000  7.806050e-01 
  554.000  7.803609e-01 
  555.000  7.801098e-01 
  556.000  7.797958e-01 
  557.000  7.793776e-01 
  558.000  7.789444e-01 
  559.000  7.784876e-01 
  560.000  7.779726e-01 
  561.000  7.774044e-01 
  562.000  7.765553e-01 
  563.000  7.759303e-01 
  564.000  7.751857e-01 
  565.000  7.741901e-01 
  566.000  7.733700e-01 
  567.000  7.715731e-01 
  568.000  7.675984e-01 
  569.000  7.606697e-01 
  570.000  7.610773e-01 
  571.000  7.647997e-01 
  572.000  7.598605e-01 
  573.000  7.599967e-01 
  574.000  7.597923e-01 
  575.000  7.591810e-01 
  576.000  7.596105e-01 
  577.000  7.615650e-01 
  578.000  7.643632e-01 
  579.000  7.672068e-01 
  580.000  7.704487e-01 
  581.000  7.748395e-01 
  582.000  7.780342e-01 
  583.000  7.802599e-01 
  584.000  7.825326e-01 
  585.000  7.842282e-01 
  586.000  7.858277e-01 
  587.000  7.851276e-01 
  588.000  7.770948e-01 
  589.000  7.629563e-01 
  590.000  7.625927e-01 
  591.000  7.732735e-01 
  592.000  7.683784e-01 
  593.000  7.804295e-01 
  594.000  7.783293e-01 
  595.000  7.706144e-01 
  596.000  7.815617e-01 
  597.000  7.781273e-01 
  598.000  7.819629e-01 
  599.000  7.829941e-01 
  600.000  7.863501e-01 
  601.000  7.879502e-01 
  602.000  7.879269e-01 
  603.000  7.893074e-01 
  604.000  7.917076e-01 
  605.000  7.935267e-01 
  606.000  7.949697e-01 
  607.000  7.963731e-01 
  608.000  7.977464e-01 
  609.000  7.990705e-01 
  610.000  8.004533e-01 
  611.000  8.020150e-01 
  612.000  8.035504e-01 
  613.000  8.050467e-01 
  614.000  8.065069e-01 
  615.000  8.079644e-01 
  616.000  8.093783e-01 
  617.000  8.107283e-01 
  618.000  8.118713e-01 
  619.000  8.128610e-01 
  620.000  8.137929e-01 
  621.000  8.146232e-01 
  622.000  8.153515e-01 
  623.000  8.159080e-01 
  624.000  8.164865e-01 
  625.000  8.170044e-01 
  626.000  8.168880e-01 
  627.000  8.125952e-01 
  628.000  7.808461e-01 
  629.000  8.015913e-01 
  630.000  8.054764e-01 
  631.000  8.121890e-01 
  632.000  8.134618e-01 
  633.000  8.204835e-01 
  634.000  8.251637e-01 
  635.000  8.281187e-01 
  636.000  8.316162e-01 
  637.000  8.346748e-01 
  638.000  8.388784e-01 
  639.000  8.414944e-01 
  640.000  8.447405e-01 
  641.000  8.468788e-01 
  642.000  8.495504e-01 
  643.000  8.497045e-01 
  644.000  8.515561e-01 
  645.000  8.510512e-01 
  646.000  8.442972e-01 
  647.000  8.397255e-01 
  648.000  8.344077e-01 
  649.000  8.415139e-01 
  650.000  8.539231e-01 
  651.000  8.550426e-01 
  652.000  8.462359e-01 
  653.000  8.587688e-01 
  654.000  8.586252e-01 
  655.000  8.555678e-01 
  656.000  8.581316e-01 
  657.000  8.614512e-01 
  658.000  8.664537e-01 
  659.000  8.694146e-01 
  660.000  8.715799e-01 
  661.000  8.754644e-01 
  662.000  8.778582e-01 
  663.000  8.788679e-01 
  664.000  8.802878e-01 
  665.000  8.818945e-01 
  666.000  8.836969e-01 
  667.000  8.853058e-01 
  668.000  8.870810e-01 
  669.000  8.885074e-01 
  670.000  8.898323e-01 
  671.000  8.911979e-01 
  672.000  8.924751e-01 
  673.000  8.937377e-01 
  674.000  8.949926e-01 
  675.000  8.962480e-01 
  676.000  8.974338e-01 
  677.000  8.985159e-01 
  678.000  8.995989e-01 
  679.000  9.005621e-01 
  680.000  9.010096e-01 
  681.000  9.012623e-01 
  682.000  9.020376e-01 
  683.000  9.026346e-01 
  684.000  9.027356e-01 
  685.000  9.044245e-01 
  686.000  9.002774e-01 
  687.000  7.488411e-01 
  688.000  7.958372e-01 
  689.000  7.829987e-01 
  690.000  8.077508e-01 
  691.000  8.415878e-01 
  692.000  8.640752e-01 
  693.000  8.637854e-01 
  694.000  8.584538e-01 
  695.000  8.701068e-01 
  696.000  8.768132e-01 
  697.000  9.014913e-01 
  698.000  8.971077e-01 
  699.000  8.760636e-01 
  700.000  8.800714e-01 
  701.000  8.756832e-01 
  702.000  8.796367e-01 
  703.000  8.980955e-01 
  704.000  8.992978e-01 
  705.000  8.922154e-01 
  706.000  8.940068e-01 
  707.000  8.970102e-01 
  708.000  9.002289e-01 
  709.000  9.064623e-01 
  710.000  9.005181e-01 
  711.000  9.072661e-01 
  712.000  9.130611e-01 
  713.000  9.090101e-01 
  714.000  9.078657e-01 
  715.000  9.011069e-01 
  716.000  8.940911e-01 
  717.000  8.472946e-01 
  718.000  8.185730e-01 
  719.000  8.084419e-01 
  720.000  7.928750e-01 
  721.000  8.625752e-01 
  722.000  8.875312e-01 
  723.000  8.739770e-01 
  724.000  8.347250e-01 
  725.000  8.408942e-01 
  726.000  8.392352e-01 
  727.000  8.450538e-01 
  728.000  8.391205e-01 
  729.000  8.545122e-01 
  730.000  8.520564e-01 
  731.000  8.490464e-01 
  732.000  8.748838e-01 
  733.000  8.995996e-01 
  734.000  9.115883e-01 
  735.000  9.076269e-01 
  736.000  9.000192e-01 
  737.000  9.060172e-01 
  738.000  9.142070e-01 
  739.000  9.178102e-01 
  740.000  9.256306e-01 
  741.000  9.302073e-01 
  742.000  9.322097e-01 
  743.000  9.359636e-01 
  744.000  9.378759e-01 
  745.000  9.393768e-01 
  746.000  9.405624e-01 
  747.000  9.411034e-01 
  748.000  9.426971e-01 
  749.000  9.435718e-01 
  750.000  9.433608e-01 
  751.000  9.438058e-01 
  752.000  9.452195e-01 
  753.000  9.459076e-01 
  754.000  9.464884e-01 
  755.000  9.469300e-01 
  756.000  9.473833e-01 
  757.000  9.477125e-01 
  758.000  9.453523e-01 
  759.000  8.620131e-01 
  760.000  3.077545e-01 
  761.000  2.634671e-01 
  762.000  5.591670e-01 
  763.000  4.614655e-01 
  764.000  5.093721e-01 
  765.000  6.223211e-01 
  766.000  7.658423e-01 
  767.000  8.411073e-01 
  768.000  8.913414e-01 
  769.000  9.249547e-01 
  770.000  9.444287e-01 
  771.000  9.525790e-01 
  772.000  9.547738e-01 
  773.000  9.558403e-01 
  774.000  9.572904e-01 
  775.000  9.582168e-01 
  776.000  9.588699e-01 
  777.000  9.591182e-01 
  778.000  9.591842e-01 
  779.000  9.592168e-01 
  780.000  9.592392e-01 
  781.000  9.598551e-01 
  782.000  9.598603e-01 
  783.000  9.598833e-01 
  784.000  9.595191e-01 
  785.000  9.576272e-01 
  786.000  9.552497e-01 
  787.000  9.500247e-01 
  788.000  9.470475e-01 
  789.000  9.361563e-01 
  790.000  9.353080e-01 
  791.000  9.374788e-01 
  792.000  9.394907e-01 
  793.000  9.440565e-01 
  794.000  9.536362e-01 
  795.000  9.479296e-01 
  796.000  9.325724e-01 
  797.000  9.370797e-01 
  798.000  9.469289e-01 
  799.000  9.447902e-01 
  800.000  9.377720e-01 
  801.000  9.387057e-01 
  802.000  9.380736e-01 
  803.000  9.391987e-01 
  804.000  9.426244e-01 
  805.000  9.491099e-01 
  806.000  9.530146e-01 
  807.000  9.532684e-01 
  808.000  9.511861e-01 
  809.000  9.486082e-01 
  810.000  9.457759e-01 
  811.000  9.398739e-01 
  812.000  9.319013e-01 
  813.000  9.221130e-01 
  814.000  9.091688e-01 
  815.000  8.930453e-01 
  816.000  8.723146e-01 
  817.000  8.735498e-01 
  818.000  8.753175e-01 
  819.000  8.822404e-01 
  820.000  9.052193e-01 
  821.000  9.314387e-01 
  822.000  9.116238e-01 
  823.000  8.561763e-01 
  824.000  9.030328e-01 
  825.000  9.331791e-01 
  826.000  9.281110e-01 
  827.000  9.243799e-01 
  828.000  9.046363e-01 
  829.000  9.118412e-01 
  830.000  9.199028e-01 
  831.000  9.218464e-01 
  832.000  9.227335e-01 
  833.000  9.274093e-01 
  834.000  9.329015e-01 
  835.000  9.437322e-01 
  836.000  9.403352e-01 
  837.000  9.400331e-01 
  838.000  9.453422e-01 
  839.000  9.485886e-01 
  840.000  9.498108e-01 
  841.000  9.464261e-01 
  842.000  9.495899e-01 
  843.000  9.570131e-01 
  844.000  9.604149e-01 
  845.000  9.620354e-01 
  846.000  9.630312e-01 
  847.000  9.650679e-01 
  848.000  9.626946e-01 
  849.000  9.631417e-01 
  850.000  9.617359e-01 
  851.000  9.600470e-01 
  852.000  9.602860e-01 
  853.000  9.632473e-01 
  854.000  9.631532e-01 
  855.000  9.646725e-01 
  856.000  9.670215e-01 
  857.000  9.685558e-01 
  858.000  9.690881e-01 
  859.000  9.707102e-01 
  860.000  9.717813e-01 
  861.000  9.719831e-01 
  862.000  9.725742e-01 
  863.000  9.726935e-01 
  864.000  9.731143e-01 
  865.000  9.734670e-01 
  866.000  9.735959e-01 
  867.000  9.735873e-01 
  868.000  9.736826e-01 
  869.000  9.738314e-01 
  870.000  9.738029e-01 
  871.000  9.739456e-01 
  872.000  9.742278e-01 
  873.000  9.740380e-01 
  874.000  9.739560e-01 
  875.000  9.739720e-01 
  876.000  9.736062e-01 
  877.000  9.734426e-01 
  878.000  9.725050e-01 
  879.000  9.724778e-01 
  880.000  9.718206e-01 
  881.000  9.713495e-01 
  882.000  9.708987e-01 
  883.000  9.714469e-01 
  884.000  9.716970e-01 
  885.000  9.701830e-01 
  886.000  9.677280e-01 
  887.000  9.697181e-01 
  888.000  9.696561e-01 
  889.000  9.703103e-01 
  890.000  9.688926e-01 
  891.000  9.669018e-01 
  892.000  9.611760e-01 
  893.000  9.436526e-01 
  894.000  9.349391e-01 
  895.000  9.082314e-01 
  896.000  8.842643e-01 
  897.000  8.589657e-01 
  898.000  8.471472e-01 
  899.000  8.137131e-01 
  900.000  8.185804e-01 
  901.000  8.099150e-01 
  902.000  8.115705e-01 
  903.000  8.678410e-01 
  904.000  9.021609e-01 
  905.000  9.009688e-01 
  906.000  8.795852e-01 
  907.000  8.417111e-01 
  908.000  8.167374e-01 
  909.000  8.178323e-01 
  910.000  8.216369e-01 
  911.000  8.382782e-01 
  912.000  8.302794e-01 
  913.000  7.953808e-01 
  914.000  8.126960e-01 
  915.000  8.263460e-01 
  916.000  8.300759e-01 
  917.000  8.375087e-01 
  918.000  8.471017e-01 
  919.000  8.796040e-01 
  920.000  9.041582e-01 
  921.000  8.988100e-01 
  922.000  8.983925e-01 
  923.000  8.915955e-01 
  924.000  8.751943e-01 
  925.000  8.738517e-01 
  926.000  8.734444e-01 
  927.000  8.542361e-01 
  928.000  8.246503e-01 
  929.000  7.818859e-01 
  930.000  7.274414e-01 
  931.000  6.665194e-01 
  932.000  5.865244e-01 
  933.000  5.268747e-01 
  934.000  4.655469e-01 
  935.000  4.589826e-01 
  936.000  4.832324e-01 
  937.000  4.771335e-01 
  938.000  5.454959e-01 
  939.000  7.215252e-01 
  940.000  7.476384e-01 
  941.000  7.252187e-01 
  942.000  6.700234e-01 
  943.000  5.778100e-01 
  944.000  5.713391e-01 
  945.000  6.045627e-01 
  946.000  6.064681e-01 
  947.000  6.361467e-01 
  948.000  6.535280e-01 
  949.000  6.513170e-01 
  950.000  6.557888e-01 
  951.000  6.945633e-01 
  952.000  6.532318e-01 
  953.000  6.823328e-01 
  954.000  7.134911e-01 
  955.000  6.883593e-01 
  956.000  6.827931e-01 
  957.000  7.613864e-01 
  958.000  7.715847e-01 
  959.000  7.586191e-01 
  960.000  7.548824e-01 
  961.000  7.483909e-01 
  962.000  7.543862e-01 
  963.000  7.973673e-01 
  964.000  8.035632e-01 
  965.000  7.995108e-01 
  966.000  8.018797e-01 
  967.000  8.324721e-01 
  968.000  8.833691e-01 
  969.000  9.063118e-01 
  970.000  9.075755e-01 
  971.000  9.070581e-01 
  972.000  9.005811e-01 
  973.000  8.855749e-01 
  974.000  8.672685e-01 
  975.000  8.554995e-01 
  976.000  8.699432e-01 
  977.000  8.937549e-01 
  978.000  8.918563e-01 
  979.000  8.980433e-01 
  980.000  9.222767e-01 
  981.000  9.276625e-01 
  982.000  9.223100e-01 
  983.000  9.347451e-01 
  984.000  9.475309e-01 
  985.000  9.547997e-01 
  986.000  9.641650e-01 
  987.000  9.682340e-01 
  988.000  9.691843e-01 
  989.000  9.698007e-01 
  990.000  9.708107e-01 
  991.000  9.743070e-01 
  992.000  9.753173e-01 
  993.000  9.751924e-01 
  994.000  9.782515e-01 
  995.000  9.803781e-01 
  996.000  9.803774e-01 
  997.000  9.791631e-01 
  998.000  9.774311e-01 
  999.000  9.768119e-01 
 1000.000  9.773615e-01 
 1001.000  9.747991e-01 
 1002.000  9.695043e-01 
 1003.000  9.707934e-01 
 1004.000  9.738798e-01 
 1005.000  9.753027e-01 
 1006.000  9.757327e-01 
 1007.000  9.747390e-01 
 1008.000  9.704183e-01 
 1009.000  9.646246e-01 
 1010.000  9.672216e-01 
 1011.000  9.733853e-01 
 1012.000  9.757395e-01 
 1013.000  9.771197e-01 
 1014.000  9.775955e-01 
 1015.000  9.777474e-01 
 1016.000  9.786642e-01 
 1017.000  9.792011e-01 
 1018.000  9.780383e-01 
 1019.000  9.760945e-01 
 1020.000  9.768796e-01 
 1021.000  9.781966e-01 
 1022.000  9.757421e-01 
 1023.000  9.740713e-01 
 1024.000  9.727403e-01 
 1025.000  9.762045e-01 
 1026.000  9.777012e-01 
 1027.000  9.768465e-01 
 1028.000  9.774709e-01 
 1029.000  9.793623e-01 
 1030.000  9.808516e-01 
 1031.000  9.815154e-01 
 1032.000  9.819421e-01 
 1033.000  9.821495e-01 
 1034.000  9.826651e-01 
 1035.000  9.828233e-01 
 1036.000  9.824609e-01 
 1037.000  9.823333e-01 
 1038.000  9.824830e-01 
 1039.000  9.821319e-01 
 1040.000  9.817784e-01 
 1041.000  9.815035e-01 
 1042.000  9.814047e-01 
 1043.000  9.813391e-01 
 1044.000  9.810506e-01 
 1045.000  9.803298e-01 
 1046.000  9.798140e-01 
 1047.000  9.791686e-01 
 1048.000  9.781429e-01 
 1049.000  9.769985e-01 
 1050.000  9.761651e-01 
 1051.000  9.754004e-01 
 1052.000  9.746199e-01 
 1053.000  9.741380e-01 
 1054.000  9.730363e-01 
 1055.000  9.719684e-01 
 1056.000  9.709007e-01 
 1057.000  9.689542e-01 
 1058.000  9.660324e-01 
 1059.000  9.655022e-01 
 1060.000  9.664586e-01 
 1061.000  9.658208e-01 
 1062.000  9.639909e-01 
 1063.000  9.628651e-01 
 1064.000  9.609969e-01 
 1065.000  9.591846e-01 
 1066.000  9.592800e-01 
 1067.000  9.583418e-01 
 1068.000  9.560072e-01 
 1069.000  9.553899e-01 
 1070.000  9.566756e-01 
 1071.000  9.552522e-01 
 1072.000  9.535890e-01 
 1073.000  9.537184e-01 
 1074.000  9.545907e-01 
 1075.000  9.583607e-01 
 1076.000  9.568097e-01 
 1077.000  9.545273e-01 
 1078.000  9.517316e-01 
 1079.000  9.517242e-01 
 1080.000  9.434357e-01 
 1081.000  9.432619e-01 
 1082.000  9.473407e-01 
 1083.000  9.430748e-01 
 1084.000  9.383214e-01 
 1085.000  9.265998e-01 
 1086.000  9.296270e-01 
 1087.000  9.429830e-01 
 1088.000  9.436952e-01 
 1089.000  9.278756e-01 
 1090.000  9.250509e-01 
 1091.000  9.282672e-01 
 1092.000  9.205273e-01 
 1093.000  9.028825e-01 
 1094.000  8.952499e-01 
 1095.000  8.966110e-01 
 1096.000  8.978478e-01 
 1097.000  8.944440e-01 
 1098.000  8.512053e-01 
 1099.000  8.143002e-01 
 1100.000  8.168898e-01 
 1101.000  8.220752e-01 
 1102.000  8.197190e-01 
 1103.000  8.231649e-01 
 1104.000  8.170217e-01 
 1105.000  8.015371e-01 
 1106.000  7.858716e-01 
 1107.000  7.898554e-01 
 1108.000  7.928066e-01 
 1109.000  8.063095e-01 
 1110.000  8.047574e-01 
 1111.000  7.973794e-01 
 1112.000  7.644753e-01 
 1113.000  7.193881e-01 
 1114.000  7.072142e-01 
 1115.000  6.517588e-01 
 1116.000  6.174173e-01 
 1117.000  5.379609e-01 
 1118.000  4.654473e-01 
 1119.000  4.271164e-01 
 1120.000  3.797363e-01 
 1121.000  3.692712e-01 
 1122.000  3.204627e-01 
 1123.000  3.469200e-01 
 1124.000  3.648086e-01 
 1125.000  3.554183e-01 
 1126.000  3.516721e-01 
 1127.000  3.558430e-01 
 1128.000  3.638842e-01 
 1129.000  4.121522e-01 
 1130.000  5.253099e-01 
 1131.000  5.581720e-01 
 1132.000  5.132233e-01 
 1133.000  4.315194e-01 
 1134.000  2.853706e-01 
 1135.000  2.963686e-01 
 1136.000  4.434060e-01 
 1137.000  5.245720e-01 
 1138.000  6.034544e-01 
 1139.000  6.275356e-01 
 1140.000  6.125439e-01 
 1141.000  5.820947e-01 
 1142.000  5.713454e-01 
 1143.000  5.376793e-01 
 1144.000  4.998621e-01 
 1145.000  4.453209e-01 
 1146.000  4.581902e-01 
 1147.000  5.008603e-01 
 1148.000  5.388429e-01 
 1149.000  5.542364e-01 
 1150.000  5.550881e-01 
 1151.000  5.781627e-01 
 1152.000  5.894170e-01 
 1153.000  6.059828e-01 
 1154.000  6.011277e-01 
 1155.000  6.322928e-01 
 1156.000  6.671947e-01 
 1157.000  7.382572e-01 
 1158.000  7.674116e-01 
 1159.000  7.924614e-01 
 1160.000  8.028438e-01 
 1161.000  8.290696e-01 
 1162.000  8.480853e-01 
 1163.000  8.712074e-01 
 1164.000  8.766134e-01 
 1165.000  8.784009e-01 
 1166.000  8.832868e-01 
 1167.000  8.862624e-01 
 1168.000  8.851161e-01 
 1169.000  8.884479e-01 
 1170.000  8.914726e-01 
 1171.000  8.995819e-01 
 1172.000  8.948146e-01 
 1173.000  8.901104e-01 
 1174.000  8.904080e-01 
 1175.000  9.032326e-01 
 1176.000  9.150260e-01 
 1177.000  9.094986e-01 
 1178.000  8.981481e-01 
 1179.000  8.981884e-01 
 1180.000  8.941059e-01 
 1181.000  8.835069e-01 
 1182.000  8.729813e-01 
 1183.000  8.742880e-01 
 1184.000  8.803633e-01 
 1185.000  8.951905e-01 
 1186.000  8.908327e-01 
 1187.000  8.757090e-01 
 1188.000  8.722829e-01 
 1189.000  8.817442e-01 
 1190.000  9.056718e-01 
 1191.000  9.127774e-01 
 1192.000  9.229662e-01 
 1193.000  9.207880e-01 
 1194.000  9.192654e-01 
 1195.000  9.092203e-01 
 1196.000  9.106237e-01 
 1197.000  9.057334e-01 
 1198.000  9.046522e-01 
 1199.000  8.985134e-01 
 1200.000  9.020624e-01 
