  250.000  0.000000e+00 
  251.000  0.000000e+00 
  252.000  0.000000e+00 
  253.000  0.000000e+00 
  254.000  0.000000e+00 
  255.000  0.000000e+00 
  256.000  0.000000e+00 
  257.000  0.000000e+00 
  258.000  0.000000e+00 
  259.000  0.000000e+00 
  260.000  0.000000e+00 
  261.000  0.000000e+00 
  262.000  0.000000e+00 
  263.000  0.000000e+00 
  264.000  0.000000e+00 
  265.000  0.000000e+00 
  266.000  0.000000e+00 
  267.000  0.000000e+00 
  268.000  0.000000e+00 
  269.000  0.000000e+00 
  270.000  0.000000e+00 
  271.000  0.000000e+00 
  272.000  0.000000e+00 
  273.000  0.000000e+00 
  274.000  0.000000e+00 
  275.000  0.000000e+00 
  276.000  0.000000e+00 
  277.000  0.000000e+00 
  278.000  0.000000e+00 
  279.000  0.000000e+00 
  280.000  0.000000e+00 
  281.000  0.000000e+00 
  282.000  0.000000e+00 
  283.000  0.000000e+00 
  284.000  0.000000e+00 
  285.000  0.000000e+00 
  286.000  0.000000e+00 
  287.000  0.000000e+00 
  288.000  0.000000e+00 
  289.000  0.000000e+00 
  290.000  0.000000e+00 
  291.000  0.000000e+00 
  292.000  0.000000e+00 
  293.000  8.519390e-12 
  294.000  2.296256e-10 
  295.000  1.904394e-09 
  296.000  2.683153e-08 
  297.000  1.427033e-07 
  298.000  1.259101e-06 
  299.000  4.049287e-06 
  300.000  1.831344e-05 
  301.000  6.285201e-05 
  302.000  1.486026e-04 
  303.000  4.673584e-04 
  304.000  7.430495e-04 
  305.000  1.897588e-03 
  306.000  3.044313e-03 
  307.000  5.509095e-03 
  308.000  7.953053e-03 
  309.000  1.091604e-02 
  310.000  1.945250e-02 
  311.000  2.406131e-02 
  312.000  3.310444e-02 
  313.000  4.255006e-02 
  314.000  4.695417e-02 
  315.000  6.436411e-02 
  316.000  7.100412e-02 
  317.000  8.248250e-02 
  318.000  9.196845e-02 
  319.000  1.218960e-01 
  320.000  9.884901e-02 
  321.000  1.484184e-01 
  322.000  1.259491e-01 
  323.000  1.527036e-01 
  324.000  1.794528e-01 
  325.000  1.574732e-01 
  326.000  1.928040e-01 
  327.000  2.014448e-01 
  328.000  1.783025e-01 
  329.000  2.221116e-01 
  330.000  2.274946e-01 
  331.000  2.122480e-01 
  332.000  2.400582e-01 
  333.000  2.471816e-01 
  334.000  2.396717e-01 
  335.000  2.599420e-01 
  336.000  2.678340e-01 
  337.000  2.631714e-01 
  338.000  2.727194e-01 
  339.000  2.828299e-01 
  340.000  2.797916e-01 
  341.000  2.899326e-01 
  342.000  2.969757e-01 
  343.000  3.001070e-01 
  344.000  2.999792e-01 
  345.000  3.099906e-01 
  346.000  3.160096e-01 
  347.000  3.207092e-01 
  348.000  3.251500e-01 
  349.000  3.303744e-01 
  350.000  3.347474e-01 
  351.000  3.390598e-01 
  352.000  3.424655e-01 
  353.000  3.478092e-01 
  354.000  3.521798e-01 
  355.000  3.562782e-01 
  356.000  3.603027e-01 
  357.000  3.638702e-01 
  358.000  3.678064e-01 
  359.000  3.717369e-01 
  360.000  3.757152e-01 
  361.000  3.807845e-01 
  362.000  3.860715e-01 
  363.000  3.909788e-01 
  364.000  3.955224e-01 
  365.000  3.997862e-01 
  366.000  4.042081e-01 
  367.000  4.084117e-01 
  368.000  4.125933e-01 
  369.000  4.167546e-01 
  370.000  4.208886e-01 
  371.000  4.250052e-01 
  372.000  4.291026e-01 
  373.000  4.331796e-01 
  374.000  4.372063e-01 
  375.000  4.411707e-01 
  376.000  4.450174e-01 
  377.000  4.486724e-01 
  378.000  4.520881e-01 
  379.000  4.555641e-01 
  380.000  4.593799e-01 
  381.000  4.637129e-01 
  382.000  4.682112e-01 
  383.000  4.724871e-01 
  384.000  4.765635e-01 
  385.000  4.805077e-01 
  386.000  4.843649e-01 
  387.000  4.881718e-01 
  388.000  4.919411e-01 
  389.000  4.956895e-01 
  390.000  4.994176e-01 
  391.000  5.031174e-01 
  392.000  5.067989e-01 
  393.000  5.104594e-01 
  394.000  5.140949e-01 
  395.000  5.177024e-01 
  396.000  5.212950e-01 
  397.000  5.248546e-01 
  398.000  5.283900e-01 
  399.000  5.319033e-01 
  400.000  5.353767e-01 
  401.000  5.388438e-01 
  402.000  5.422904e-01 
  403.000  5.457150e-01 
  404.000  5.491164e-01 
  405.000  5.524880e-01 
  406.000  5.558438e-01 
  407.000  5.591801e-01 
  408.000  5.624939e-01 
  409.000  5.657819e-01 
  410.000  5.690452e-01 
  411.000  5.722827e-01 
  412.000  5.754918e-01 
  413.000  5.786883e-01 
  414.000  5.816191e-01 
  415.000  5.848562e-01 
  416.000  5.880591e-01 
  417.000  5.912094e-01 
  418.000  5.942824e-01 
  419.000  5.973270e-01 
  420.000  6.003494e-01 
  421.000  6.033585e-01 
  422.000  6.063536e-01 
  423.000  6.093314e-01 
  424.000  6.122769e-01 
  425.000  6.151551e-01 
  426.000  6.180098e-01 
  427.000  6.208437e-01 
  428.000  6.236253e-01 
  429.000  6.263688e-01 
  430.000  6.290845e-01 
  431.000  6.317834e-01 
  432.000  6.344580e-01 
  433.000  6.371108e-01 
  434.000  6.397449e-01 
  435.000  6.423566e-01 
  436.000  6.449425e-01 
  437.000  6.475037e-01 
  438.000  6.500393e-01 
  439.000  6.525585e-01 
  440.000  6.550410e-01 
  441.000  6.574952e-01 
  442.000  6.599142e-01 
  443.000  6.623003e-01 
  444.000  6.646525e-01 
  445.000  6.669577e-01 
  446.000  6.692031e-01 
  447.000  6.715639e-01 
  448.000  6.740968e-01 
  449.000  6.766617e-01 
  450.000  6.791813e-01 
  451.000  6.816012e-01 
  452.000  6.839355e-01 
  453.000  6.862255e-01 
  454.000  6.884771e-01 
  455.000  6.905759e-01 
  456.000  6.924766e-01 
  457.000  6.943786e-01 
  458.000  6.962562e-01 
  459.000  6.980953e-01 
  460.000  6.999207e-01 
  461.000  7.017276e-01 
  462.000  7.035012e-01 
  463.000  7.052737e-01 
  464.000  7.077267e-01 
  465.000  7.101473e-01 
  466.000  7.125303e-01 
  467.000  7.148636e-01 
  468.000  7.167046e-01 
  469.000  7.182636e-01 
  470.000  7.197005e-01 
  471.000  7.209976e-01 
  472.000  7.220811e-01 
  473.000  7.227901e-01 
  474.000  7.233645e-01 
  475.000  7.234796e-01 
  476.000  7.231302e-01 
  477.000  7.230569e-01 
  478.000  7.247707e-01 
  479.000  7.274194e-01 
  480.000  7.302869e-01 
  481.000  7.328713e-01 
  482.000  7.353514e-01 
  483.000  7.375091e-01 
  484.000  7.393646e-01 
  485.000  7.410246e-01 
  486.000  7.428586e-01 
  487.000  7.448360e-01 
  488.000  7.467543e-01 
  489.000  7.486402e-01 
  490.000  7.505059e-01 
  491.000  7.518917e-01 
  492.000  7.531350e-01 
  493.000  7.543722e-01 
  494.000  7.555743e-01 
  495.000  7.567763e-01 
  496.000  7.572249e-01 
  497.000  7.576414e-01 
  498.000  7.580492e-01 
  499.000  7.584251e-01 
  500.000  7.587924e-01 
  501.000  7.590892e-01 
  502.000  7.593863e-01 
  503.000  7.596775e-01 
  504.000  7.599466e-01 
  505.000  7.601905e-01 
  506.000  7.615138e-01 
  507.000  7.628870e-01 
  508.000  7.642585e-01 
  509.000  7.656150e-01 
  510.000  7.669439e-01 
  511.000  7.681078e-01 
  512.000  7.692241e-01 
  513.000  7.703341e-01 
  514.000  7.714304e-01 
  515.000  7.725172e-01 
  516.000  7.732147e-01 
  517.000  7.735654e-01 
  518.000  7.739025e-01 
  519.000  7.742307e-01 
  520.000  7.745544e-01 
  521.000  7.748258e-01 
  522.000  7.749614e-01 
  523.000  7.750129e-01 
  524.000  7.750720e-01 
  525.000  7.750835e-01 
  526.000  7.751669e-01 
  527.000  7.749981e-01 
  528.000  7.747250e-01 
  529.000  7.744502e-01 
  530.000  7.741866e-01 
  531.000  7.739301e-01 
  532.000  7.737836e-01 
  533.000  7.743079e-01 
  534.000  7.749919e-01 
  535.000  7.757745e-01 
  536.000  7.765286e-01 
  537.000  7.772114e-01 
  538.000  7.778122e-01 
  539.000  7.783613e-01 
  540.000  7.788711e-01 
  541.000  7.793634e-01 
  542.000  7.798307e-01 
  543.000  7.802783e-01 
  544.000  7.805675e-01 
  545.000  7.807245e-01 
  546.000  7.808681e-01 
  547.000  7.810198e-01 
  548.000  7.811571e-01 
  549.000  7.812903e-01 
  550.000  7.812485e-01 
  551.000  7.810394e-01 
  552.000  7.808362e-01 
  553.000  7.806050e-01 
  554.000  7.803609e-01 
  555.000  7.801099e-01 
  556.000  7.797958e-01 
  557.000  7.793776e-01 
  558.000  7.789444e-01 
  559.000  7.784877e-01 
  560.000  7.779732e-01 
  561.000  7.774066e-01 
  562.000  7.768034e-01 
  563.000  7.761993e-01 
  564.000  7.755155e-01 
  565.000  7.746944e-01 
  566.000  7.737594e-01 
  567.000  7.727370e-01 
  568.000  7.715225e-01 
  569.000  7.704830e-01 
  570.000  7.694454e-01 
  571.000  7.682788e-01 
  572.000  7.671166e-01 
  573.000  7.659404e-01 
  574.000  7.650112e-01 
  575.000  7.644776e-01 
  576.000  7.648785e-01 
  577.000  7.656002e-01 
  578.000  7.667726e-01 
  579.000  7.689264e-01 
  580.000  7.722657e-01 
  581.000  7.760524e-01 
  582.000  7.792917e-01 
  583.000  7.821350e-01 
  584.000  7.845747e-01 
  585.000  7.867647e-01 
  586.000  7.887084e-01 
  587.000  7.904897e-01 
  588.000  7.921284e-01 
  589.000  7.931635e-01 
  590.000  7.939722e-01 
  591.000  7.947297e-01 
  592.000  7.954292e-01 
  593.000  7.960782e-01 
  594.000  7.966939e-01 
  595.000  7.972798e-01 
  596.000  7.966588e-01 
  597.000  7.956555e-01 
  598.000  7.946502e-01 
  599.000  7.936453e-01 
  600.000  7.926177e-01 
  601.000  7.915941e-01 
  602.000  7.905769e-01 
  603.000  7.909817e-01 
  604.000  7.923853e-01 
  605.000  7.937764e-01 
  606.000  7.951059e-01 
  607.000  7.964059e-01 
  608.000  7.977604e-01 
  609.000  7.990723e-01 
  610.000  8.004538e-01 
  611.000  8.020154e-01 
  612.000  8.035505e-01 
  613.000  8.050467e-01 
  614.000  8.065069e-01 
  615.000  8.079644e-01 
  616.000  8.093783e-01 
  617.000  8.107283e-01 
  618.000  8.118713e-01 
  619.000  8.128611e-01 
  620.000  8.137930e-01 
  621.000  8.146232e-01 
  622.000  8.153515e-01 
  623.000  8.159081e-01 
  624.000  8.164877e-01 
  625.000  8.170087e-01 
  626.000  8.175421e-01 
  627.000  8.164107e-01 
  628.000  7.838616e-01 
  629.000  8.070693e-01 
  630.000  8.076167e-01 
  631.000  8.136907e-01 
  632.000  8.193915e-01 
  633.000  8.237194e-01 
  634.000  8.282151e-01 
  635.000  8.319651e-01 
  636.000  8.351587e-01 
  637.000  8.381954e-01 
  638.000  8.410170e-01 
  639.000  8.437534e-01 
  640.000  8.463932e-01 
  641.000  8.489872e-01 
  642.000  8.510353e-01 
  643.000  8.529502e-01 
  644.000  8.547750e-01 
  645.000  8.565262e-01 
  646.000  8.582287e-01 
  647.000  8.598696e-01 
  648.000  8.614635e-01 
  649.000  8.630229e-01 
  650.000  8.644343e-01 
  651.000  8.657565e-01 
  652.000  8.670717e-01 
  653.000  8.683776e-01 
  654.000  8.696765e-01 
  655.000  8.709705e-01 
  656.000  8.722579e-01 
  657.000  8.734633e-01 
  658.000  8.747136e-01 
  659.000  8.759842e-01 
  660.000  8.772742e-01 
  661.000  8.785641e-01 
  662.000  8.798550e-01 
  663.000  8.811102e-01 
  664.000  8.823614e-01 
  665.000  8.836087e-01 
  666.000  8.848521e-01 
  667.000  8.861068e-01 
  668.000  8.873886e-01 
  669.000  8.886667e-01 
  670.000  8.899407e-01 
  671.000  8.912109e-01 
  672.000  8.924773e-01 
  673.000  8.937398e-01 
  674.000  8.949986e-01 
  675.000  8.962536e-01 
  676.000  8.974545e-01 
  677.000  8.985468e-01 
  678.000  8.996355e-01 
  679.000  9.007205e-01 
  680.000  9.018019e-01 
  681.000  9.028797e-01 
  682.000  9.039539e-01 
  683.000  9.050245e-01 
  684.000  9.060915e-01 
  685.000  9.071239e-01 
  686.000  9.028546e-01 
  687.000  7.501503e-01 
  688.000  7.966208e-01 
  689.000  7.848371e-01 
  690.000  8.091667e-01 
  691.000  8.457756e-01 
  692.000  8.749239e-01 
  693.000  8.944383e-01 
  694.000  9.064032e-01 
  695.000  9.119194e-01 
  696.000  9.146547e-01 
  697.000  9.169663e-01 
  698.000  9.182073e-01 
  699.000  9.190819e-01 
  700.000  9.198454e-01 
  701.000  9.205726e-01 
  702.000  9.212968e-01 
  703.000  9.220181e-01 
  704.000  9.227364e-01 
  705.000  9.233447e-01 
  706.000  9.239191e-01 
  707.000  9.244910e-01 
  708.000  9.250601e-01 
  709.000  9.256265e-01 
  710.000  9.261904e-01 
  711.000  9.267517e-01 
  712.000  9.273103e-01 
  713.000  9.278664e-01 
  714.000  9.284199e-01 
  715.000  9.290615e-01 
  716.000  9.297366e-01 
  717.000  9.304090e-01 
  718.000  9.310787e-01 
  719.000  9.317458e-01 
  720.000  9.324101e-01 
  721.000  9.330720e-01 
  722.000  9.337311e-01 
  723.000  9.343877e-01 
  724.000  9.350416e-01 
  725.000  9.356121e-01 
  726.000  9.360378e-01 
  727.000  9.364613e-01 
  728.000  9.368827e-01 
  729.000  9.373018e-01 
  730.000  9.377189e-01 
  731.000  9.381338e-01 
  732.000  9.385467e-01 
  733.000  9.389573e-01 
  734.000  9.393661e-01 
  735.000  9.397727e-01 
  736.000  9.400975e-01 
  737.000  9.403871e-01 
  738.000  9.406751e-01 
  739.000  9.409612e-01 
  740.000  9.412455e-01 
  741.000  9.415281e-01 
  742.000  9.418090e-01 
  743.000  9.420881e-01 
  744.000  9.423655e-01 
  745.000  9.426412e-01 
  746.000  9.429153e-01 
  747.000  9.433255e-01 
  748.000  9.437847e-01 
  749.000  9.442416e-01 
  750.000  9.446967e-01 
  751.000  9.451497e-01 
  752.000  9.456008e-01 
  753.000  9.460499e-01 
  754.000  9.464970e-01 
  755.000  9.469423e-01 
  756.000  9.473856e-01 
  757.000  9.477147e-01 
  758.000  9.453579e-01 
  759.000  8.620179e-01 
  760.000  3.077571e-01 
  761.000  2.634677e-01 
  762.000  5.591739e-01 
  763.000  4.614675e-01 
  764.000  5.093819e-01 
  765.000  6.223219e-01 
  766.000  7.658460e-01 
  767.000  8.411095e-01 
  768.000  8.913449e-01 
  769.000  9.249570e-01 
  770.000  9.444311e-01 
  771.000  9.525850e-01 
  772.000  9.547830e-01 
  773.000  9.558737e-01 
  774.000  9.574386e-01 
  775.000  9.583532e-01 
  776.000  9.589665e-01 
  777.000  9.593359e-01 
  778.000  9.596134e-01 
  779.000  9.598367e-01 
  780.000  9.600401e-01 
  781.000  9.602422e-01 
  782.000  9.604430e-01 
  783.000  9.606427e-01 
  784.000  9.608411e-01 
  785.000  9.610382e-01 
  786.000  9.612340e-01 
  787.000  9.614288e-01 
  788.000  9.616222e-01 
  789.000  9.618145e-01 
  790.000  9.620056e-01 
  791.000  9.621956e-01 
  792.000  9.623843e-01 
  793.000  9.625718e-01 
  794.000  9.627582e-01 
  795.000  9.629435e-01 
  796.000  9.631276e-01 
  797.000  9.633106e-01 
  798.000  9.634925e-01 
  799.000  9.636733e-01 
  800.000  9.638529e-01 
  801.000  9.640315e-01 
  802.000  9.642089e-01 
  803.000  9.643853e-01 
  804.000  9.645606e-01 
  805.000  9.647349e-01 
  806.000  9.649080e-01 
  807.000  9.650801e-01 
  808.000  9.652512e-01 
  809.000  9.654213e-01 
  810.000  9.655902e-01 
  811.000  9.657583e-01 
  812.000  9.659252e-01 
  813.000  9.660912e-01 
  814.000  9.662562e-01 
  815.000  9.664202e-01 
  816.000  9.665831e-01 
  817.000  9.667452e-01 
  818.000  9.669062e-01 
  819.000  9.670662e-01 
  820.000  9.672254e-01 
  821.000  9.673836e-01 
  822.000  9.675407e-01 
  823.000  9.676970e-01 
  824.000  9.678524e-01 
  825.000  9.680068e-01 
  826.000  9.681603e-01 
  827.000  9.683129e-01 
  828.000  9.684646e-01 
  829.000  9.686154e-01 
  830.000  9.687653e-01 
  831.000  9.689143e-01 
  832.000  9.690624e-01 
  833.000  9.692096e-01 
  834.000  9.693560e-01 
  835.000  9.695015e-01 
  836.000  9.696462e-01 
  837.000  9.697900e-01 
  838.000  9.699330e-01 
  839.000  9.700751e-01 
  840.000  9.702164e-01 
  841.000  9.703568e-01 
  842.000  9.704965e-01 
  843.000  9.706354e-01 
  844.000  9.707733e-01 
  845.000  9.709105e-01 
  846.000  9.710470e-01 
  847.000  9.711826e-01 
  848.000  9.713175e-01 
  849.000  9.714516e-01 
  850.000  9.715849e-01 
  851.000  9.717173e-01 
  852.000  9.718490e-01 
  853.000  9.719800e-01 
  854.000  9.721103e-01 
  855.000  9.722397e-01 
  856.000  9.723685e-01 
  857.000  9.724965e-01 
  858.000  9.726238e-01 
  859.000  9.727502e-01 
  860.000  9.728761e-01 
  861.000  9.730011e-01 
  862.000  9.731256e-01 
  863.000  9.732491e-01 
  864.000  9.733722e-01 
  865.000  9.734944e-01 
  866.000  9.736159e-01 
  867.000  9.737368e-01 
  868.000  9.738570e-01 
  869.000  9.739765e-01 
  870.000  9.740953e-01 
  871.000  9.742134e-01 
  872.000  9.743309e-01 
  873.000  9.744477e-01 
  874.000  9.745639e-01 
  875.000  9.746794e-01 
  876.000  9.747942e-01 
  877.000  9.749084e-01 
  878.000  9.750220e-01 
  879.000  9.751349e-01 
  880.000  9.752472e-01 
  881.000  9.753588e-01 
  882.000  9.754699e-01 
  883.000  9.755802e-01 
  884.000  9.756901e-01 
  885.000  9.757992e-01 
  886.000  9.759078e-01 
  887.000  9.760158e-01 
  888.000  9.761232e-01 
  889.000  9.762299e-01 
  890.000  9.763361e-01 
  891.000  9.764417e-01 
  892.000  9.765467e-01 
  893.000  9.766511e-01 
  894.000  9.767550e-01 
  895.000  9.768582e-01 
  896.000  9.769609e-01 
  897.000  9.770631e-01 
  898.000  9.771646e-01 
  899.000  9.772656e-01 
  900.000  9.773661e-01 
  901.000  9.774660e-01 
  902.000  9.775653e-01 
  903.000  9.776642e-01 
  904.000  9.777625e-01 
  905.000  9.778602e-01 
  906.000  9.779574e-01 
  907.000  9.780541e-01 
  908.000  9.781502e-01 
  909.000  9.782459e-01 
  910.000  9.783410e-01 
  911.000  9.784356e-01 
  912.000  9.785296e-01 
  913.000  9.786232e-01 
  914.000  9.787163e-01 
  915.000  9.788088e-01 
  916.000  9.789008e-01 
  917.000  9.789925e-01 
  918.000  9.790835e-01 
  919.000  9.791741e-01 
  920.000  9.792641e-01 
  921.000  9.793538e-01 
  922.000  9.794429e-01 
  923.000  9.795316e-01 
  924.000  9.796197e-01 
  925.000  9.797074e-01 
  926.000  9.797946e-01 
  927.000  9.798813e-01 
  928.000  9.799677e-01 
  929.000  9.800535e-01 
  930.000  9.801390e-01 
  931.000  9.802239e-01 
  932.000  9.803084e-01 
  933.000  9.803923e-01 
  934.000  9.804759e-01 
  935.000  9.805591e-01 
  936.000  9.806418e-01 
  937.000  9.807240e-01 
  938.000  9.808058e-01 
  939.000  9.808873e-01 
  940.000  9.809682e-01 
  941.000  9.810488e-01 
  942.000  9.811289e-01 
  943.000  9.812086e-01 
  944.000  9.812879e-01 
  945.000  9.813667e-01 
  946.000  9.814452e-01 
  947.000  9.815233e-01 
  948.000  9.816008e-01 
  949.000  9.816781e-01 
  950.000  9.817549e-01 
  951.000  9.818313e-01 
  952.000  9.819073e-01 
  953.000  9.819829e-01 
  954.000  9.820582e-01 
  955.000  9.821330e-01 
  956.000  9.822075e-01 
  957.000  9.822816e-01 
  958.000  9.823552e-01 
  959.000  9.824286e-01 
  960.000  9.825015e-01 
  961.000  9.825740e-01 
  962.000  9.826462e-01 
  963.000  9.827181e-01 
  964.000  9.827895e-01 
  965.000  9.828605e-01 
  966.000  9.829312e-01 
  967.000  9.830015e-01 
  968.000  9.830716e-01 
  969.000  9.831411e-01 
  970.000  9.832104e-01 
  971.000  9.832793e-01 
  972.000  9.833479e-01 
  973.000  9.834161e-01 
  974.000  9.834840e-01 
  975.000  9.835514e-01 
  976.000  9.836187e-01 
  977.000  9.836855e-01 
  978.000  9.837520e-01 
  979.000  9.838181e-01 
  980.000  9.838840e-01 
  981.000  9.839495e-01 
  982.000  9.840146e-01 
  983.000  9.840794e-01 
  984.000  9.841439e-01 
  985.000  9.842080e-01 
  986.000  9.842719e-01 
  987.000  9.843355e-01 
  988.000  9.843987e-01 
  989.000  9.844615e-01 
  990.000  9.845241e-01 
  991.000  9.845864e-01 
  992.000  9.846484e-01 
  993.000  9.847100e-01 
  994.000  9.847713e-01 
  995.000  9.848323e-01 
  996.000  9.848931e-01 
  997.000  9.849535e-01 
  998.000  9.850136e-01 
  999.000  9.850734e-01 
 1000.000  9.851330e-01 
 1001.000  9.851922e-01 
 1002.000  9.852511e-01 
 1003.000  9.853098e-01 
 1004.000  9.853681e-01 
 1005.000  9.854262e-01 
 1006.000  9.853914e-01 
 1007.000  9.854417e-01 
 1008.000  9.854816e-01 
 1009.000  9.855009e-01 
 1010.000  9.855300e-01 
 1011.000  9.855376e-01 
 1012.000  9.855580e-01 
 1013.000  9.855468e-01 
 1014.000  9.855506e-01 
 1015.000  9.855312e-01 
 1016.000  9.855251e-01 
 1017.000  9.855325e-01 
 1018.000  9.855115e-01 
 1019.000  9.855118e-01 
 1020.000  9.854907e-01 
 1021.000  9.854797e-01 
 1022.000  9.854248e-01 
 1023.000  9.853660e-01 
 1024.000  9.852996e-01 
 1025.000  9.852576e-01 
 1026.000  9.851675e-01 
 1027.000  9.851016e-01 
 1028.000  9.849812e-01 
 1029.000  9.848889e-01 
 1030.000  9.847710e-01 
 1031.000  9.846494e-01 
 1032.000  9.844831e-01 
 1033.000  9.843225e-01 
 1034.000  9.841256e-01 
 1035.000  9.837961e-01 
 1036.000  9.832025e-01 
 1037.000  9.827121e-01 
 1038.000  9.826640e-01 
 1039.000  9.825218e-01 
 1040.000  9.822713e-01 
 1041.000  9.820647e-01 
 1042.000  9.819265e-01 
 1043.000  9.817380e-01 
 1044.000  9.814329e-01 
 1045.000  9.810393e-01 
 1046.000  9.806824e-01 
 1047.000  9.801643e-01 
 1048.000  9.789515e-01 
 1049.000  9.774131e-01 
 1050.000  9.768350e-01 
 1051.000  9.766318e-01 
 1052.000  9.760088e-01 
 1053.000  9.753897e-01 
 1054.000  9.748250e-01 
 1055.000  9.742100e-01 
 1056.000  9.732711e-01 
 1057.000  9.723173e-01 
 1058.000  9.712434e-01 
 1059.000  9.703186e-01 
 1060.000  9.694720e-01 
 1061.000  9.688618e-01 
 1062.000  9.678328e-01 
 1063.000  9.662789e-01 
 1064.000  9.652809e-01 
 1065.000  9.651447e-01 
 1066.000  9.651417e-01 
 1067.000  9.649212e-01 
 1068.000  9.654400e-01 
 1069.000  9.677610e-01 
 1070.000  9.696329e-01 
 1071.000  9.714120e-01 
 1072.000  9.725832e-01 
 1073.000  9.738054e-01 
 1074.000  9.749841e-01 
 1075.000  9.761305e-01 
 1076.000  9.771777e-01 
 1077.000  9.781145e-01 
 1078.000  9.790017e-01 
 1079.000  9.798570e-01 
 1080.000  9.805341e-01 
 1081.000  9.811876e-01 
 1082.000  9.817754e-01 
 1083.000  9.824056e-01 
 1084.000  9.829243e-01 
 1085.000  9.834071e-01 
 1086.000  9.838780e-01 
 1087.000  9.842913e-01 
 1088.000  9.847046e-01 
 1089.000  9.850674e-01 
 1090.000  9.854471e-01 
 1091.000  9.857906e-01 
 1092.000  9.862111e-01 
 1093.000  9.864559e-01 
 1094.000  9.866983e-01 
 1095.000  9.869213e-01 
 1096.000  9.870960e-01 
 1097.000  9.873926e-01 
 1098.000  9.876037e-01 
 1099.000  9.878808e-01 
 1100.000  9.880741e-01 
 1101.000  9.882215e-01 
 1102.000  9.884908e-01 
 1103.000  9.885644e-01 
 1104.000  9.886007e-01 
 1105.000  9.887682e-01 
 1106.000  9.889256e-01 
 1107.000  9.890895e-01 
 1108.000  9.892667e-01 
 1109.000  9.893606e-01 
 1110.000  9.895017e-01 
 1111.000  9.896448e-01 
 1112.000  9.897738e-01 
 1113.000  9.897633e-01 
 1114.000  9.898323e-01 
 1115.000  9.898852e-01 
 1116.000  9.899790e-01 
 1117.000  9.899580e-01 
 1118.000  9.901229e-01 
 1119.000  9.901407e-01 
 1120.000  9.902959e-01 
 1121.000  9.903892e-01 
 1122.000  9.904248e-01 
 1123.000  9.903987e-01 
 1124.000  9.904637e-01 
 1125.000  9.905499e-01 
 1126.000  9.905481e-01 
 1127.000  9.906985e-01 
 1128.000  9.906421e-01 
 1129.000  9.907575e-01 
 1130.000  9.908252e-01 
 1131.000  9.908640e-01 
 1132.000  9.909022e-01 
 1133.000  9.909751e-01 
 1134.000  9.909977e-01 
 1135.000  9.910386e-01 
 1136.000  9.910700e-01 
 1137.000  9.910811e-01 
 1138.000  9.911126e-01 
 1139.000  9.911441e-01 
 1140.000  9.911754e-01 
 1141.000  9.912065e-01 
 1142.000  9.912375e-01 
 1143.000  9.912684e-01 
 1144.000  9.912992e-01 
 1145.000  9.913298e-01 
 1146.000  9.913602e-01 
 1147.000  9.913906e-01 
 1148.000  9.914208e-01 
 1149.000  9.914509e-01 
 1150.000  9.914809e-01 
 1151.000  9.915107e-01 
 1152.000  9.915405e-01 
 1153.000  9.915701e-01 
 1154.000  9.915995e-01 
 1155.000  9.916288e-01 
 1156.000  9.916580e-01 
 1157.000  9.916872e-01 
 1158.000  9.917161e-01 
 1159.000  9.917449e-01 
 1160.000  9.917737e-01 
 1161.000  9.918022e-01 
 1162.000  9.918308e-01 
 1163.000  9.918591e-01 
 1164.000  9.918873e-01 
 1165.000  9.919154e-01 
 1166.000  9.919434e-01 
 1167.000  9.919713e-01 
 1168.000  9.919991e-01 
 1169.000  9.920267e-01 
 1170.000  9.920542e-01 
 1171.000  9.920816e-01 
 1172.000  9.921089e-01 
 1173.000  9.921361e-01 
 1174.000  9.921631e-01 
 1175.000  9.921901e-01 
 1176.000  9.922169e-01 
 1177.000  9.922436e-01 
 1178.000  9.922703e-01 
 1179.000  9.922968e-01 
 1180.000  9.923232e-01 
 1181.000  9.923494e-01 
 1182.000  9.923756e-01 
 1183.000  9.924017e-01 
 1184.000  9.924276e-01 
 1185.000  9.924535e-01 
 1186.000  9.924793e-01 
 1187.000  9.925049e-01 
 1188.000  9.925303e-01 
 1189.000  9.925558e-01 
 1190.000  9.925811e-01 
 1191.000  9.926063e-01 
 1192.000  9.926314e-01 
 1193.000  9.926564e-01 
 1194.000  9.926813e-01 
 1195.000  9.927061e-01 
 1196.000  9.927309e-01 
 1197.000  9.927555e-01 
 1198.000  9.927799e-01 
 1199.000  9.928043e-01 
 1200.000  9.927507e-01 
