  250.000  0.000000e+00 
  251.000  0.000000e+00 
  252.000  0.000000e+00 
  253.000  0.000000e+00 
  254.000  0.000000e+00 
  255.000  0.000000e+00 
  256.000  0.000000e+00 
  257.000  0.000000e+00 
  258.000  0.000000e+00 
  259.000  0.000000e+00 
  260.000  0.000000e+00 
  261.000  0.000000e+00 
  262.000  0.000000e+00 
  263.000  0.000000e+00 
  264.000  0.000000e+00 
  265.000  0.000000e+00 
  266.000  0.000000e+00 
  267.000  0.000000e+00 
  268.000  0.000000e+00 
  269.000  0.000000e+00 
  270.000  0.000000e+00 
  271.000  0.000000e+00 
  272.000  0.000000e+00 
  273.000  0.000000e+00 
  274.000  0.000000e+00 
  275.000  0.000000e+00 
  276.000  0.000000e+00 
  277.000  0.000000e+00 
  278.000  0.000000e+00 
  279.000  0.000000e+00 
  280.000  0.000000e+00 
  281.000  0.000000e+00 
  282.000  0.000000e+00 
  283.000  0.000000e+00 
  284.000  0.000000e+00 
  285.000  0.000000e+00 
  286.000  0.000000e+00 
  287.000  0.000000e+00 
  288.000  0.000000e+00 
  289.000  0.000000e+00 
  290.000  0.000000e+00 
  291.000  0.000000e+00 
  292.000  0.000000e+00 
  293.000  1.108773e-12 
  294.000  3.889584e-11 
  295.000  3.820660e-10 
  296.000  6.651783e-09 
  297.000  4.043800e-08 
  298.000  4.246841e-07 
  299.000  1.499580e-06 
  300.000  7.652300e-06 
  301.000  2.898579e-05 
  302.000  7.341571e-05 
  303.000  2.530594e-04 
  304.000  4.175414e-04 
  305.000  1.149366e-03 
  306.000  1.914999e-03 
  307.000  3.633849e-03 
  308.000  5.402277e-03 
  309.000  7.605201e-03 
  310.000  1.419363e-02 
  311.000  1.785768e-02 
  312.000  2.520445e-02 
  313.000  3.305311e-02 
  314.000  3.676277e-02 
  315.000  5.168153e-02 
  316.000  5.746274e-02 
  317.000  6.755708e-02 
  318.000  7.598539e-02 
  319.000  1.030075e-01 
  320.000  8.214294e-02 
  321.000  1.274110e-01 
  322.000  1.067114e-01 
  323.000  1.313885e-01 
  324.000  1.564106e-01 
  325.000  1.358261e-01 
  326.000  1.690150e-01 
  327.000  1.772102e-01 
  328.000  1.553281e-01 
  329.000  1.969233e-01 
  330.000  2.020826e-01 
  331.000  1.874956e-01 
  332.000  2.141618e-01 
  333.000  2.210332e-01 
  334.000  2.137894e-01 
  335.000  2.333816e-01 
  336.000  2.410433e-01 
  337.000  2.365145e-01 
  338.000  2.457951e-01 
  339.000  2.556509e-01 
  340.000  2.526862e-01 
  341.000  2.625916e-01 
  342.000  2.694875e-01 
  343.000  2.725576e-01 
  344.000  2.724322e-01 
  345.000  2.822646e-01 
  346.000  2.881882e-01 
  347.000  2.928198e-01 
  348.000  2.972012e-01 
  349.000  3.023618e-01 
  350.000  3.066864e-01 
  351.000  3.109556e-01 
  352.000  3.143303e-01 
  353.000  3.196307e-01 
  354.000  3.239706e-01 
  355.000  3.280442e-01 
  356.000  3.320481e-01 
  357.000  3.356002e-01 
  358.000  3.395227e-01 
  359.000  3.434429e-01 
  360.000  3.474142e-01 
  361.000  3.524793e-01 
  362.000  3.577678e-01 
  363.000  3.626816e-01 
  364.000  3.672356e-01 
  365.000  3.715131e-01 
  366.000  3.759529e-01 
  367.000  3.801772e-01 
  368.000  3.843828e-01 
  369.000  3.885714e-01 
  370.000  3.927359e-01 
  371.000  3.968861e-01 
  372.000  4.010201e-01 
  373.000  4.051366e-01 
  374.000  4.092054e-01 
  375.000  4.132142e-01 
  376.000  4.171067e-01 
  377.000  4.208077e-01 
  378.000  4.242686e-01 
  379.000  4.277928e-01 
  380.000  4.316640e-01 
  381.000  4.360629e-01 
  382.000  4.406331e-01 
  383.000  4.449807e-01 
  384.000  4.491283e-01 
  385.000  4.531442e-01 
  386.000  4.570740e-01 
  387.000  4.609549e-01 
  388.000  4.648001e-01 
  389.000  4.686261e-01 
  390.000  4.724338e-01 
  391.000  4.762148e-01 
  392.000  4.799793e-01 
  393.000  4.837245e-01 
  394.000  4.874463e-01 
  395.000  4.911415e-01 
  396.000  4.948234e-01 
  397.000  4.984736e-01 
  398.000  5.021008e-01 
  399.000  5.057074e-01 
  400.000  5.092748e-01 
  401.000  5.128376e-01 
  402.000  5.163813e-01 
  403.000  5.199040e-01 
  404.000  5.234047e-01 
  405.000  5.268763e-01 
  406.000  5.303335e-01 
  407.000  5.337721e-01 
  408.000  5.371892e-01 
  409.000  5.405812e-01 
  410.000  5.439494e-01 
  411.000  5.472925e-01 
  412.000  5.506078e-01 
  413.000  5.539113e-01 
  414.000  5.569417e-01 
  415.000  5.602902e-01 
  416.000  5.636047e-01 
  417.000  5.668662e-01 
  418.000  5.700491e-01 
  419.000  5.732039e-01 
  420.000  5.763369e-01 
  421.000  5.794573e-01 
  422.000  5.825646e-01 
  423.000  5.856550e-01 
  424.000  5.887130e-01 
  425.000  5.917025e-01 
  426.000  5.946686e-01 
  427.000  5.976142e-01 
  428.000  6.005064e-01 
  429.000  6.033600e-01 
  430.000  6.061857e-01 
  431.000  6.089949e-01 
  432.000  6.117797e-01 
  433.000  6.145430e-01 
  434.000  6.172873e-01 
  435.000  6.200094e-01 
  436.000  6.227055e-01 
  437.000  6.253767e-01 
  438.000  6.280219e-01 
  439.000  6.306509e-01 
  440.000  6.332423e-01 
  441.000  6.358051e-01 
  442.000  6.383318e-01 
  443.000  6.408249e-01 
  444.000  6.432831e-01 
  445.000  6.456931e-01 
  446.000  6.480411e-01 
  447.000  6.505105e-01 
  448.000  6.531607e-01 
  449.000  6.558452e-01 
  450.000  6.584830e-01 
  451.000  6.610173e-01 
  452.000  6.634625e-01 
  453.000  6.658619e-01 
  454.000  6.682218e-01 
  455.000  6.704221e-01 
  456.000  6.724151e-01 
  457.000  6.744101e-01 
  458.000  6.763798e-01 
  459.000  6.783094e-01 
  460.000  6.802251e-01 
  461.000  6.821220e-01 
  462.000  6.839841e-01 
  463.000  6.858454e-01 
  464.000  6.884221e-01 
  465.000  6.909655e-01 
  466.000  6.934698e-01 
  467.000  6.959228e-01 
  468.000  6.978586e-01 
  469.000  6.994981e-01 
  470.000  7.010095e-01 
  471.000  7.023741e-01 
  472.000  7.035142e-01 
  473.000  7.042603e-01 
  474.000  7.048647e-01 
  475.000  7.049859e-01 
  476.000  7.046181e-01 
  477.000  7.045409e-01 
  478.000  7.063447e-01 
  479.000  7.091330e-01 
  480.000  7.121525e-01 
  481.000  7.148747e-01 
  482.000  7.174879e-01 
  483.000  7.197618e-01 
  484.000  7.217177e-01 
  485.000  7.234678e-01 
  486.000  7.254019e-01 
  487.000  7.274874e-01 
  488.000  7.295112e-01 
  489.000  7.315011e-01 
  490.000  7.334702e-01 
  491.000  7.349328e-01 
  492.000  7.362455e-01 
  493.000  7.375519e-01 
  494.000  7.388212e-01 
  495.000  7.400907e-01 
  496.000  7.405645e-01 
  497.000  7.410043e-01 
  498.000  7.414352e-01 
  499.000  7.418323e-01 
  500.000  7.422202e-01 
  501.000  7.425338e-01 
  502.000  7.428477e-01 
  503.000  7.431553e-01 
  504.000  7.434396e-01 
  505.000  7.436973e-01 
  506.000  7.450956e-01 
  507.000  7.465468e-01 
  508.000  7.479964e-01 
  509.000  7.494303e-01 
  510.000  7.508353e-01 
  511.000  7.520660e-01 
  512.000  7.532465e-01 
  513.000  7.544204e-01 
  514.000  7.555800e-01 
  515.000  7.567297e-01 
  516.000  7.574677e-01 
  517.000  7.578387e-01 
  518.000  7.581954e-01 
  519.000  7.585426e-01 
  520.000  7.588853e-01 
  521.000  7.591723e-01 
  522.000  7.593159e-01 
  523.000  7.593704e-01 
  524.000  7.594328e-01 
  525.000  7.594450e-01 
  526.000  7.595333e-01 
  527.000  7.593546e-01 
  528.000  7.590657e-01 
  529.000  7.587749e-01 
  530.000  7.584959e-01 
  531.000  7.582245e-01 
  532.000  7.580696e-01 
  533.000  7.586244e-01 
  534.000  7.593481e-01 
  535.000  7.601763e-01 
  536.000  7.609744e-01 
  537.000  7.616971e-01 
  538.000  7.623330e-01 
  539.000  7.629143e-01 
  540.000  7.634539e-01 
  541.000  7.639751e-01 
  542.000  7.644697e-01 
  543.000  7.649437e-01 
  544.000  7.652499e-01 
  545.000  7.654161e-01 
  546.000  7.655681e-01 
  547.000  7.657288e-01 
  548.000  7.658742e-01 
  549.000  7.660153e-01 
  550.000  7.659709e-01 
  551.000  7.657496e-01 
  552.000  7.655344e-01 
  553.000  7.652895e-01 
  554.000  7.650312e-01 
  555.000  7.647654e-01 
  556.000  7.644328e-01 
  557.000  7.639900e-01 
  558.000  7.635314e-01 
  559.000  7.630476e-01 
  560.000  7.625019e-01 
  561.000  7.618989e-01 
  562.000  7.608064e-01 
  563.000  7.601286e-01 
  564.000  7.592924e-01 
  565.000  7.581010e-01 
  566.000  7.573224e-01 
  567.000  7.548710e-01 
  568.000  7.493570e-01 
  569.000  7.369974e-01 
  570.000  7.384735e-01 
  571.000  7.462201e-01 
  572.000  7.380057e-01 
  573.000  7.397721e-01 
  574.000  7.400059e-01 
  575.000  7.393164e-01 
  576.000  7.397944e-01 
  577.000  7.429319e-01 
  578.000  7.465813e-01 
  579.000  7.501667e-01 
  580.000  7.535443e-01 
  581.000  7.582954e-01 
  582.000  7.618759e-01 
  583.000  7.638938e-01 
  584.000  7.660370e-01 
  585.000  7.675183e-01 
  586.000  7.689839e-01 
  587.000  7.666823e-01 
  588.000  7.505074e-01 
  589.000  7.248508e-01 
  590.000  7.236443e-01 
  591.000  7.418203e-01 
  592.000  7.327515e-01 
  593.000  7.535207e-01 
  594.000  7.493584e-01 
  595.000  7.353839e-01 
  596.000  7.551569e-01 
  597.000  7.498208e-01 
  598.000  7.573629e-01 
  599.000  7.599564e-01 
  600.000  7.667201e-01 
  601.000  7.706130e-01 
  602.000  7.713587e-01 
  603.000  7.735822e-01 
  604.000  7.765132e-01 
  605.000  7.787812e-01 
  606.000  7.804015e-01 
  607.000  7.819718e-01 
  608.000  7.834434e-01 
  609.000  7.848576e-01 
  610.000  7.863257e-01 
  611.000  7.879829e-01 
  612.000  7.896126e-01 
  613.000  7.912006e-01 
  614.000  7.927508e-01 
  615.000  7.942981e-01 
  616.000  7.957993e-01 
  617.000  7.972330e-01 
  618.000  7.984471e-01 
  619.000  7.994983e-01 
  620.000  8.004882e-01 
  621.000  8.013701e-01 
  622.000  8.021439e-01 
  623.000  8.027350e-01 
  624.000  8.033487e-01 
  625.000  8.038955e-01 
  626.000  8.032600e-01 
  627.000  7.970557e-01 
  628.000  7.645398e-01 
  629.000  7.839729e-01 
  630.000  7.905440e-01 
  631.000  7.974975e-01 
  632.000  7.954835e-01 
  633.000  8.057517e-01 
  634.000  8.105289e-01 
  635.000  8.131638e-01 
  636.000  8.170888e-01 
  637.000  8.203627e-01 
  638.000  8.259082e-01 
  639.000  8.285444e-01 
  640.000  8.325170e-01 
  641.000  8.345507e-01 
  642.000  8.377295e-01 
  643.000  8.366732e-01 
  644.000  8.385264e-01 
  645.000  8.367298e-01 
  646.000  8.227564e-01 
  647.000  8.134364e-01 
  648.000  8.029233e-01 
  649.000  8.143487e-01 
  650.000  8.354022e-01 
  651.000  8.364555e-01 
  652.000  8.198884e-01 
  653.000  8.412400e-01 
  654.000  8.400661e-01 
  655.000  8.336928e-01 
  656.000  8.373415e-01 
  657.000  8.424177e-01 
  658.000  8.504806e-01 
  659.000  8.556459e-01 
  660.000  8.585107e-01 
  661.000  8.642475e-01 
  662.000  8.676656e-01 
  663.000  8.684287e-01 
  664.000  8.702273e-01 
  665.000  8.721403e-01 
  666.000  8.740874e-01 
  667.000  8.760872e-01 
  668.000  8.783746e-01 
  669.000  8.800180e-01 
  670.000  8.814759e-01 
  671.000  8.830122e-01 
  672.000  8.843877e-01 
  673.000  8.857393e-01 
  674.000  8.870797e-01 
  675.000  8.884239e-01 
  676.000  8.896822e-01 
  677.000  8.908335e-01 
  678.000  8.919889e-01 
  679.000  8.929319e-01 
  680.000  8.929536e-01 
  681.000  8.930368e-01 
  682.000  8.937262e-01 
  683.000  8.943521e-01 
  684.000  8.935250e-01 
  685.000  8.956926e-01 
  686.000  8.912642e-01 
  687.000  7.359489e-01 
  688.000  7.846732e-01 
  689.000  7.707441e-01 
  690.000  7.965416e-01 
  691.000  8.295019e-01 
  692.000  8.480291e-01 
  693.000  8.342554e-01 
  694.000  8.169819e-01 
  695.000  8.329046e-01 
  696.000  8.424616e-01 
  697.000  8.833490e-01 
  698.000  8.751599e-01 
  699.000  8.389474e-01 
  700.000  8.451730e-01 
  701.000  8.373543e-01 
  702.000  8.435746e-01 
  703.000  8.744396e-01 
  704.000  8.760845e-01 
  705.000  8.636929e-01 
  706.000  8.664063e-01 
  707.000  8.711804e-01 
  708.000  8.763372e-01 
  709.000  8.866527e-01 
  710.000  8.761415e-01 
  711.000  8.873251e-01 
  712.000  8.969125e-01 
  713.000  8.895605e-01 
  714.000  8.871626e-01 
  715.000  8.750358e-01 
  716.000  8.622862e-01 
  717.000  7.837388e-01 
  718.000  7.367676e-01 
  719.000  7.201267e-01 
  720.000  6.958097e-01 
  721.000  8.066356e-01 
  722.000  8.477858e-01 
  723.000  8.248330e-01 
  724.000  7.604696e-01 
  725.000  7.699042e-01 
  726.000  7.670943e-01 
  727.000  7.763031e-01 
  728.000  7.666436e-01 
  729.000  7.913856e-01 
  730.000  7.873945e-01 
  731.000  7.825411e-01 
  732.000  8.246444e-01 
  733.000  8.659400e-01 
  734.000  8.862383e-01 
  735.000  8.793479e-01 
  736.000  8.663262e-01 
  737.000  8.763446e-01 
  738.000  8.901367e-01 
  739.000  8.961684e-01 
  740.000  9.094714e-01 
  741.000  9.172301e-01 
  742.000  9.205508e-01 
  743.000  9.277360e-01 
  744.000  9.303998e-01 
  745.000  9.328655e-01 
  746.000  9.348410e-01 
  747.000  9.354895e-01 
  748.000  9.374635e-01 
  749.000  9.387064e-01 
  750.000  9.379997e-01 
  751.000  9.384732e-01 
  752.000  9.406895e-01 
  753.000  9.416030e-01 
  754.000  9.423248e-01 
  755.000  9.427972e-01 
  756.000  9.432923e-01 
  757.000  9.436464e-01 
  758.000  9.411377e-01 
  759.000  8.547950e-01 
  760.000  2.917308e-01 
  761.000  2.480623e-01 
  762.000  5.441078e-01 
  763.000  4.452901e-01 
  764.000  4.936509e-01 
  765.000  6.084432e-01 
  766.000  7.556071e-01 
  767.000  8.332947e-01 
  768.000  8.853225e-01 
  769.000  9.202159e-01 
  770.000  9.405997e-01 
  771.000  9.489980e-01 
  772.000  9.512870e-01 
  773.000  9.523897e-01 
  774.000  9.538494e-01 
  775.000  9.548546e-01 
  776.000  9.555847e-01 
  777.000  9.557682e-01 
  778.000  9.556929e-01 
  779.000  9.555962e-01 
  780.000  9.554951e-01 
  781.000  9.564427e-01 
  782.000  9.563116e-01 
  783.000  9.562130e-01 
  784.000  9.554268e-01 
  785.000  9.525284e-01 
  786.000  9.488371e-01 
  787.000  9.389048e-01 
  788.000  9.337054e-01 
  789.000  9.152072e-01 
  790.000  9.136389e-01 
  791.000  9.171563e-01 
  792.000  9.204357e-01 
  793.000  9.280320e-01 
  794.000  9.441404e-01 
  795.000  9.343458e-01 
  796.000  9.084099e-01 
  797.000  9.158385e-01 
  798.000  9.323070e-01 
  799.000  9.285936e-01 
  800.000  9.166752e-01 
  801.000  9.181309e-01 
  802.000  9.169638e-01 
  803.000  9.187531e-01 
  804.000  9.244297e-01 
  805.000  9.352758e-01 
  806.000  9.417964e-01 
  807.000  9.421236e-01 
  808.000  9.384776e-01 
  809.000  9.339835e-01 
  810.000  9.290389e-01 
  811.000  9.189199e-01 
  812.000  9.053181e-01 
  813.000  8.887611e-01 
  814.000  8.670902e-01 
  815.000  8.403451e-01 
  816.000  8.069119e-01 
  817.000  8.085942e-01 
  818.000  8.112884e-01 
  819.000  8.224123e-01 
  820.000  8.596009e-01 
  821.000  9.027041e-01 
  822.000  8.699070e-01 
  823.000  7.810861e-01 
  824.000  8.557999e-01 
  825.000  9.053954e-01 
  826.000  8.971193e-01 
  827.000  8.908501e-01 
  828.000  8.583254e-01 
  829.000  8.699955e-01 
  830.000  8.832099e-01 
  831.000  8.864087e-01 
  832.000  8.879806e-01 
  833.000  8.957186e-01 
  834.000  9.048708e-01 
  835.000  9.230140e-01 
  836.000  9.172935e-01 
  837.000  9.167835e-01 
  838.000  9.256258e-01 
  839.000  9.310439e-01 
  840.000  9.330310e-01 
  841.000  9.272694e-01 
  842.000  9.325278e-01 
  843.000  9.450011e-01 
  844.000  9.507174e-01 
  845.000  9.533997e-01 
  846.000  9.562216e-01 
  847.000  9.593250e-01 
  848.000  9.542840e-01 
  849.000  9.549541e-01 
  850.000  9.524745e-01 
  851.000  9.495232e-01 
  852.000  9.498470e-01 
  853.000  9.547994e-01 
  854.000  9.545731e-01 
  855.000  9.570851e-01 
  856.000  9.622804e-01 
  857.000  9.638824e-01 
  858.000  9.648138e-01 
  859.000  9.674934e-01 
  860.000  9.687898e-01 
  861.000  9.690616e-01 
  862.000  9.700217e-01 
  863.000  9.701476e-01 
  864.000  9.708068e-01 
  865.000  9.713462e-01 
  866.000  9.714900e-01 
  867.000  9.713959e-01 
  868.000  9.714815e-01 
  869.000  9.716607e-01 
  870.000  9.715327e-01 
  871.000  9.717022e-01 
  872.000  9.721136e-01 
  873.000  9.717068e-01 
  874.000  9.714874e-01 
  875.000  9.714370e-01 
  876.000  9.707261e-01 
  877.000  9.703659e-01 
  878.000  9.691097e-01 
  879.000  9.690108e-01 
  880.000  9.678080e-01 
  881.000  9.669974e-01 
  882.000  9.662189e-01 
  883.000  9.670287e-01 
  884.000  9.673634e-01 
  885.000  9.647747e-01 
  886.000  9.615505e-01 
  887.000  9.638908e-01 
  888.000  9.643385e-01 
  889.000  9.646542e-01 
  890.000  9.629670e-01 
  891.000  9.583324e-01 
  892.000  9.485517e-01 
  893.000  9.192190e-01 
  894.000  9.045565e-01 
  895.000  8.610427e-01 
  896.000  8.223915e-01 
  897.000  7.821769e-01 
  898.000  7.636020e-01 
  899.000  7.132471e-01 
  900.000  7.201488e-01 
  901.000  7.073680e-01 
  902.000  7.101539e-01 
  903.000  7.952021e-01 
  904.000  8.490469e-01 
  905.000  8.473870e-01 
  906.000  8.137338e-01 
  907.000  7.554725e-01 
  908.000  7.179369e-01 
  909.000  7.193409e-01 
  910.000  7.248833e-01 
  911.000  7.497066e-01 
  912.000  7.377182e-01 
  913.000  6.863955e-01 
  914.000  7.116945e-01 
  915.000  7.320401e-01 
  916.000  7.377539e-01 
  917.000  7.491087e-01 
  918.000  7.637949e-01 
  919.000  8.139381e-01 
  920.000  8.528740e-01 
  921.000  8.445480e-01 
  922.000  8.439069e-01 
  923.000  8.331184e-01 
  924.000  8.073295e-01 
  925.000  8.047550e-01 
  926.000  8.029293e-01 
  927.000  7.722425e-01 
  928.000  7.260189e-01 
  929.000  6.614095e-01 
  930.000  5.830153e-01 
  931.000  5.005012e-01 
  932.000  3.978634e-01 
  933.000  3.299877e-01 
  934.000  2.668001e-01 
  935.000  2.597850e-01 
  936.000  2.828777e-01 
  937.000  2.775694e-01 
  938.000  3.504528e-01 
  939.000  5.645064e-01 
  940.000  6.003560e-01 
  941.000  5.708712e-01 
  942.000  4.996012e-01 
  943.000  3.889833e-01 
  944.000  3.811671e-01 
  945.000  4.187662e-01 
  946.000  4.215734e-01 
  947.000  4.581259e-01 
  948.000  4.799807e-01 
  949.000  4.779866e-01 
  950.000  4.838785e-01 
  951.000  5.336270e-01 
  952.000  4.821127e-01 
  953.000  5.197334e-01 
  954.000  5.614315e-01 
  955.000  5.294911e-01 
  956.000  5.238922e-01 
  957.000  6.304013e-01 
  958.000  6.457219e-01 
  959.000  6.284052e-01 
  960.000  6.238499e-01 
  961.000  6.153511e-01 
  962.000  6.241447e-01 
  963.000  6.855267e-01 
  964.000  6.949284e-01 
  965.000  6.895360e-01 
  966.000  6.934819e-01 
  967.000  7.390193e-01 
  968.000  8.172407e-01 
  969.000  8.537255e-01 
  970.000  8.559510e-01 
  971.000  8.551679e-01 
  972.000  8.448066e-01 
  973.000  8.211325e-01 
  974.000  7.927507e-01 
  975.000  7.747489e-01 
  976.000  7.968631e-01 
  977.000  8.339401e-01 
  978.000  8.311668e-01 
  979.000  8.411499e-01 
  980.000  8.798620e-01 
  981.000  8.886868e-01 
  982.000  8.802828e-01 
  983.000  9.005111e-01 
  984.000  9.214540e-01 
  985.000  9.334695e-01 
  986.000  9.490175e-01 
  987.000  9.558457e-01 
  988.000  9.574731e-01 
  989.000  9.585240e-01 
  990.000  9.602061e-01 
  991.000  9.660284e-01 
  992.000  9.676934e-01 
  993.000  9.683261e-01 
  994.000  9.735736e-01 
  995.000  9.764317e-01 
  996.000  9.764014e-01 
  997.000  9.743232e-01 
  998.000  9.722321e-01 
  999.000  9.712620e-01 
 1000.000  9.720564e-01 
 1001.000  9.665148e-01 
 1002.000  9.576700e-01 
 1003.000  9.597735e-01 
 1004.000  9.648673e-01 
 1005.000  9.672008e-01 
 1006.000  9.679343e-01 
 1007.000  9.662400e-01 
 1008.000  9.590316e-01 
 1009.000  9.494188e-01 
 1010.000  9.537026e-01 
 1011.000  9.639367e-01 
 1012.000  9.678511e-01 
 1013.000  9.709320e-01 
 1014.000  9.722277e-01 
 1015.000  9.724735e-01 
 1016.000  9.738652e-01 
 1017.000  9.740683e-01 
 1018.000  9.729236e-01 
 1019.000  9.693516e-01 
 1020.000  9.705973e-01 
 1021.000  9.731659e-01 
 1022.000  9.688277e-01 
 1023.000  9.652039e-01 
 1024.000  9.630296e-01 
 1025.000  9.696445e-01 
 1026.000  9.725584e-01 
 1027.000  9.713037e-01 
 1028.000  9.723088e-01 
 1029.000  9.746850e-01 
 1030.000  9.772288e-01 
 1031.000  9.784644e-01 
 1032.000  9.794036e-01 
 1033.000  9.797752e-01 
 1034.000  9.802612e-01 
 1035.000  9.807530e-01 
 1036.000  9.805149e-01 
 1037.000  9.806156e-01 
 1038.000  9.809068e-01 
 1039.000  9.803902e-01 
 1040.000  9.799430e-01 
 1041.000  9.796011e-01 
 1042.000  9.795192e-01 
 1043.000  9.795271e-01 
 1044.000  9.792257e-01 
 1045.000  9.782340e-01 
 1046.000  9.775736e-01 
 1047.000  9.767939e-01 
 1048.000  9.758082e-01 
 1049.000  9.748294e-01 
 1050.000  9.739745e-01 
 1051.000  9.725690e-01 
 1052.000  9.718642e-01 
 1053.000  9.715155e-01 
 1054.000  9.700984e-01 
 1055.000  9.686517e-01 
 1056.000  9.674397e-01 
 1057.000  9.648055e-01 
 1058.000  9.604986e-01 
 1059.000  9.602278e-01 
 1060.000  9.622750e-01 
 1061.000  9.615726e-01 
 1062.000  9.589811e-01 
 1063.000  9.575937e-01 
 1064.000  9.551268e-01 
 1065.000  9.531111e-01 
 1066.000  9.525843e-01 
 1067.000  9.518759e-01 
 1068.000  9.465030e-01 
 1069.000  9.440824e-01 
 1070.000  9.451666e-01 
 1071.000  9.418719e-01 
 1072.000  9.384578e-01 
 1073.000  9.379696e-01 
 1074.000  9.387283e-01 
 1075.000  9.442893e-01 
 1076.000  9.411108e-01 
 1077.000  9.367760e-01 
 1078.000  9.316354e-01 
 1079.000  9.310867e-01 
 1080.000  9.171064e-01 
 1081.000  9.164228e-01 
 1082.000  9.226977e-01 
 1083.000  9.152960e-01 
 1084.000  9.072146e-01 
 1085.000  8.880114e-01 
 1086.000  8.925267e-01 
 1087.000  9.137639e-01 
 1088.000  9.146915e-01 
 1089.000  8.888482e-01 
 1090.000  8.840011e-01 
 1091.000  8.888462e-01 
 1092.000  8.760776e-01 
 1093.000  8.478661e-01 
 1094.000  8.357104e-01 
 1095.000  8.375828e-01 
 1096.000  8.391308e-01 
 1097.000  8.333508e-01 
 1098.000  7.666110e-01 
 1099.000  7.113701e-01 
 1100.000  7.149301e-01 
 1101.000  7.222805e-01 
 1102.000  7.183253e-01 
 1103.000  7.229942e-01 
 1104.000  7.135771e-01 
 1105.000  6.905528e-01 
 1106.000  6.680471e-01 
 1107.000  6.729710e-01 
 1108.000  6.761394e-01 
 1109.000  6.941543e-01 
 1110.000  6.900813e-01 
 1111.000  6.784914e-01 
 1112.000  6.308708e-01 
 1113.000  5.668490e-01 
 1114.000  5.470954e-01 
 1115.000  4.728412e-01 
 1116.000  4.295507e-01 
 1117.000  3.392020e-01 
 1118.000  2.628763e-01 
 1119.000  2.244373e-01 
 1120.000  1.820761e-01 
 1121.000  1.729005e-01 
 1122.000  1.356255e-01 
 1123.000  1.538063e-01 
 1124.000  1.667218e-01 
 1125.000  1.594678e-01 
 1126.000  1.568598e-01 
 1127.000  1.606206e-01 
 1128.000  1.678502e-01 
 1129.000  2.078537e-01 
 1130.000  3.119240e-01 
 1131.000  3.452951e-01 
 1132.000  2.992595e-01 
 1133.000  2.246310e-01 
 1134.000  1.129482e-01 
 1135.000  1.205304e-01 
 1136.000  2.368411e-01 
 1137.000  3.144185e-01 
 1138.000  4.002475e-01 
 1139.000  4.318372e-01 
 1140.000  4.147212e-01 
 1141.000  3.823506e-01 
 1142.000  3.703238e-01 
 1143.000  3.339460e-01 
 1144.000  2.955750e-01 
 1145.000  2.434269e-01 
 1146.000  2.555141e-01 
 1147.000  2.969912e-01 
 1148.000  3.360999e-01 
 1149.000  3.533404e-01 
 1150.000  3.564054e-01 
 1151.000  3.839068e-01 
 1152.000  3.976666e-01 
 1153.000  4.177224e-01 
 1154.000  4.144625e-01 
 1155.000  4.534258e-01 
 1156.000  4.972888e-01 
 1157.000  5.905540e-01 
 1158.000  6.329508e-01 
 1159.000  6.707557e-01 
 1160.000  6.870374e-01 
 1161.000  7.260594e-01 
 1162.000  7.560613e-01 
 1163.000  7.924327e-01 
 1164.000  8.006710e-01 
 1165.000  8.046371e-01 
 1166.000  8.130331e-01 
 1167.000  8.181906e-01 
 1168.000  8.164066e-01 
 1169.000  8.219083e-01 
 1170.000  8.268111e-01 
 1171.000  8.395875e-01 
 1172.000  8.321391e-01 
 1173.000  8.249072e-01 
 1174.000  8.253719e-01 
 1175.000  8.453485e-01 
 1176.000  8.638769e-01 
 1177.000  8.550876e-01 
 1178.000  8.372153e-01 
 1179.000  8.372646e-01 
 1180.000  8.308275e-01 
 1181.000  8.143588e-01 
 1182.000  7.981708e-01 
 1183.000  8.001631e-01 
 1184.000  8.094589e-01 
 1185.000  8.324418e-01 
 1186.000  8.256559e-01 
 1187.000  8.024418e-01 
 1188.000  7.973167e-01 
 1189.000  8.119099e-01 
 1190.000  8.491582e-01 
 1191.000  8.604156e-01 
 1192.000  8.766622e-01 
 1193.000  8.731877e-01 
 1194.000  8.708420e-01 
 1195.000  8.549639e-01 
 1196.000  8.571607e-01 
 1197.000  8.494384e-01 
 1198.000  8.476996e-01 
 1199.000  8.380622e-01 
 1200.000  8.435931e-01 
