  250.000  0.000000e+00 
  251.000  0.000000e+00 
  252.000  0.000000e+00 
  253.000  0.000000e+00 
  254.000  0.000000e+00 
  255.000  0.000000e+00 
  256.000  0.000000e+00 
  257.000  0.000000e+00 
  258.000  0.000000e+00 
  259.000  0.000000e+00 
  260.000  0.000000e+00 
  261.000  0.000000e+00 
  262.000  0.000000e+00 
  263.000  0.000000e+00 
  264.000  0.000000e+00 
  265.000  0.000000e+00 
  266.000  0.000000e+00 
  267.000  0.000000e+00 
  268.000  0.000000e+00 
  269.000  0.000000e+00 
  270.000  0.000000e+00 
  271.000  0.000000e+00 
  272.000  0.000000e+00 
  273.000  0.000000e+00 
  274.000  0.000000e+00 
  275.000  0.000000e+00 
  276.000  0.000000e+00 
  277.000  0.000000e+00 
  278.000  0.000000e+00 
  279.000  0.000000e+00 
  280.000  0.000000e+00 
  281.000  0.000000e+00 
  282.000  0.000000e+00 
  283.000  0.000000e+00 
  284.000  0.000000e+00 
  285.000  0.000000e+00 
  286.000  0.000000e+00 
  287.000  0.000000e+00 
  288.000  0.000000e+00 
  289.000  0.000000e+00 
  290.000  0.000000e+00 
  291.000  0.000000e+00 
  292.000  0.000000e+00 
  293.000  1.347037e-05 
  294.000  5.739165e-05 
  295.000  1.455770e-04 
  296.000  4.662339e-04 
  297.000  9.726371e-04 
  298.000  2.535283e-03 
  299.000  4.238834e-03 
  300.000  8.234147e-03 
  301.000  1.416643e-02 
  302.000  2.068671e-02 
  303.000  3.424885e-02 
  304.000  4.199985e-02 
  305.000  6.344667e-02 
  306.000  7.811514e-02 
  307.000  1.014087e-01 
  308.000  1.191886e-01 
  309.000  1.370089e-01 
  310.000  1.766644e-01 
  311.000  1.939905e-01 
  312.000  2.232286e-01 
  313.000  2.492964e-01 
  314.000  2.603374e-01 
  315.000  2.990909e-01 
  316.000  3.122948e-01 
  317.000  3.335793e-01 
  318.000  3.499460e-01 
  319.000  3.961278e-01 
  320.000  3.612333e-01 
  321.000  4.319710e-01 
  322.000  4.018703e-01 
  323.000  4.374149e-01 
  324.000  4.696108e-01 
  325.000  4.433747e-01 
  326.000  4.846754e-01 
  327.000  4.941157e-01 
  328.000  4.682840e-01 
  329.000  5.158119e-01 
  330.000  5.212755e-01 
  331.000  5.056048e-01 
  332.000  5.337517e-01 
  333.000  5.406635e-01 
  334.000  5.333734e-01 
  335.000  5.527715e-01 
  336.000  5.600939e-01 
  337.000  5.557827e-01 
  338.000  5.645663e-01 
  339.000  5.736818e-01 
  340.000  5.709621e-01 
  341.000  5.799769e-01 
  342.000  5.861343e-01 
  343.000  5.888456e-01 
  344.000  5.887353e-01 
  345.000  5.973011e-01 
  346.000  6.023766e-01 
  347.000  6.063020e-01 
  348.000  6.099817e-01 
  349.000  6.142749e-01 
  350.000  6.178393e-01 
  351.000  6.213289e-01 
  352.000  6.240672e-01 
  353.000  6.283333e-01 
  354.000  6.317952e-01 
  355.000  6.350197e-01 
  356.000  6.381661e-01 
  357.000  6.409386e-01 
  358.000  6.439801e-01 
  359.000  6.469991e-01 
  360.000  6.500366e-01 
  361.000  6.538813e-01 
  362.000  6.578605e-01 
  363.000  6.615267e-01 
  364.000  6.648983e-01 
  365.000  6.680427e-01 
  366.000  6.712838e-01 
  367.000  6.743466e-01 
  368.000  6.773759e-01 
  369.000  6.803734e-01 
  370.000  6.833348e-01 
  371.000  6.862675e-01 
  372.000  6.891708e-01 
  373.000  6.920443e-01 
  374.000  6.948675e-01 
  375.000  6.976328e-01 
  376.000  7.003028e-01 
  377.000  7.028278e-01 
  378.000  7.051769e-01 
  379.000  7.075576e-01 
  380.000  7.101591e-01 
  381.000  7.130986e-01 
  382.000  7.161341e-01 
  383.000  7.190045e-01 
  384.000  7.217272e-01 
  385.000  7.243495e-01 
  386.000  7.269021e-01 
  387.000  7.294104e-01 
  388.000  7.318832e-01 
  389.000  7.343317e-01 
  390.000  7.367566e-01 
  391.000  7.391533e-01 
  392.000  7.415282e-01 
  393.000  7.438800e-01 
  394.000  7.462065e-01 
  395.000  7.485059e-01 
  396.000  7.507870e-01 
  397.000  7.530384e-01 
  398.000  7.552661e-01 
  399.000  7.574716e-01 
  400.000  7.596440e-01 
  401.000  7.618047e-01 
  402.000  7.639449e-01 
  403.000  7.660639e-01 
  404.000  7.681612e-01 
  405.000  7.702328e-01 
  406.000  7.722879e-01 
  407.000  7.743240e-01 
  408.000  7.763398e-01 
  409.000  7.783332e-01 
  410.000  7.803053e-01 
  411.000  7.822555e-01 
  412.000  7.841827e-01 
  413.000  7.860961e-01 
  414.000  7.878454e-01 
  415.000  7.897717e-01 
  416.000  7.916719e-01 
  417.000  7.935351e-01 
  418.000  7.953473e-01 
  419.000  7.971377e-01 
  420.000  7.989098e-01 
  421.000  8.006693e-01 
  422.000  8.024157e-01 
  423.000  8.041471e-01 
  424.000  8.058553e-01 
  425.000  8.075199e-01 
  426.000  8.091666e-01 
  427.000  8.107971e-01 
  428.000  8.123935e-01 
  429.000  8.139641e-01 
  430.000  8.155150e-01 
  431.000  8.170525e-01 
  432.000  8.185726e-01 
  433.000  8.200769e-01 
  434.000  8.215669e-01 
  435.000  8.230410e-01 
  436.000  8.244972e-01 
  437.000  8.259363e-01 
  438.000  8.273578e-01 
  439.000  8.287672e-01 
  440.000  8.301529e-01 
  441.000  8.315201e-01 
  442.000  8.328648e-01 
  443.000  8.341884e-01 
  444.000  8.354907e-01 
  445.000  8.367645e-01 
  446.000  8.380028e-01 
  447.000  8.393023e-01 
  448.000  8.406937e-01 
  449.000  8.420997e-01 
  450.000  8.434779e-01 
  451.000  8.447989e-01 
  452.000  8.460706e-01 
  453.000  8.473160e-01 
  454.000  8.485382e-01 
  455.000  8.496753e-01 
  456.000  8.507035e-01 
  457.000  8.517308e-01 
  458.000  8.527434e-01 
  459.000  8.537337e-01 
  460.000  8.547152e-01 
  461.000  8.556855e-01 
  462.000  8.566363e-01 
  463.000  8.575853e-01 
  464.000  8.588964e-01 
  465.000  8.601879e-01 
  466.000  8.614566e-01 
  467.000  8.626968e-01 
  468.000  8.636736e-01 
  469.000  8.644997e-01 
  470.000  8.652602e-01 
  471.000  8.659461e-01 
  472.000  8.665184e-01 
  473.000  8.668927e-01 
  474.000  8.671957e-01 
  475.000  8.672565e-01 
  476.000  8.670722e-01 
  477.000  8.670335e-01 
  478.000  8.679371e-01 
  479.000  8.693313e-01 
  480.000  8.708375e-01 
  481.000  8.721921e-01 
  482.000  8.734897e-01 
  483.000  8.746164e-01 
  484.000  8.755839e-01 
  485.000  8.764483e-01 
  486.000  8.774021e-01 
  487.000  8.784290e-01 
  488.000  8.794237e-01 
  489.000  8.804003e-01 
  490.000  8.813650e-01 
  491.000  8.820807e-01 
  492.000  8.827221e-01 
  493.000  8.833599e-01 
  494.000  8.839790e-01 
  495.000  8.845974e-01 
  496.000  8.848281e-01 
  497.000  8.850423e-01 
  498.000  8.852518e-01 
  499.000  8.854449e-01 
  500.000  8.856336e-01 
  501.000  8.857860e-01 
  502.000  8.859385e-01 
  503.000  8.860880e-01 
  504.000  8.862261e-01 
  505.000  8.863512e-01 
  506.000  8.870298e-01 
  507.000  8.877332e-01 
  508.000  8.884351e-01 
  509.000  8.891286e-01 
  510.000  8.898073e-01 
  511.000  8.904012e-01 
  512.000  8.909703e-01 
  513.000  8.915358e-01 
  514.000  8.920938e-01 
  515.000  8.926466e-01 
  516.000  8.930012e-01 
  517.000  8.931793e-01 
  518.000  8.933506e-01 
  519.000  8.935173e-01 
  520.000  8.936816e-01 
  521.000  8.938194e-01 
  522.000  8.938882e-01 
  523.000  8.939144e-01 
  524.000  8.939443e-01 
  525.000  8.939502e-01 
  526.000  8.939925e-01 
  527.000  8.939068e-01 
  528.000  8.937683e-01 
  529.000  8.936287e-01 
  530.000  8.934948e-01 
  531.000  8.933646e-01 
  532.000  8.932902e-01 
  533.000  8.935565e-01 
  534.000  8.939037e-01 
  535.000  8.943008e-01 
  536.000  8.946831e-01 
  537.000  8.950292e-01 
  538.000  8.953336e-01 
  539.000  8.956116e-01 
  540.000  8.958697e-01 
  541.000  8.961188e-01 
  542.000  8.963551e-01 
  543.000  8.965815e-01 
  544.000  8.967277e-01 
  545.000  8.968070e-01 
  546.000  8.968796e-01 
  547.000  8.969563e-01 
  548.000  8.970256e-01 
  549.000  8.970930e-01 
  550.000  8.970718e-01 
  551.000  8.969662e-01 
  552.000  8.968635e-01 
  553.000  8.967466e-01 
  554.000  8.966233e-01 
  555.000  8.964964e-01 
  556.000  8.963375e-01 
  557.000  8.961260e-01 
  558.000  8.959067e-01 
  559.000  8.956756e-01 
  560.000  8.954149e-01 
  561.000  8.951274e-01 
  562.000  8.947370e-01 
  563.000  8.944235e-01 
  564.000  8.940557e-01 
  565.000  8.935788e-01 
  566.000  8.931437e-01 
  567.000  8.923568e-01 
  568.000  8.905033e-01 
  569.000  8.870944e-01 
  570.000  8.872079e-01 
  571.000  8.890352e-01 
  572.000  8.865295e-01 
  573.000  8.867024e-01 
  574.000  8.865431e-01 
  575.000  8.862346e-01 
  576.000  8.864515e-01 
  577.000  8.874282e-01 
  578.000  8.887682e-01 
  579.000  8.902230e-01 
  580.000  8.918907e-01 
  581.000  8.940237e-01 
  582.000  8.956502e-01 
  583.000  8.968760e-01 
  584.000  8.979537e-01 
  585.000  8.988655e-01 
  586.000  8.997278e-01 
  587.000  8.994333e-01 
  588.000  8.957368e-01 
  589.000  8.892992e-01 
  590.000  8.891734e-01 
  591.000  8.941326e-01 
  592.000  8.919120e-01 
  593.000  8.974693e-01 
  594.000  8.965416e-01 
  595.000  8.930297e-01 
  596.000  8.980040e-01 
  597.000  8.963799e-01 
  598.000  8.980775e-01 
  599.000  8.984906e-01 
  600.000  8.999316e-01 
  601.000  9.007813e-01 
  602.000  9.007441e-01 
  603.000  9.014016e-01 
  604.000  9.024456e-01 
  605.000  9.032884e-01 
  606.000  9.039924e-01 
  607.000  9.046776e-01 
  608.000  9.053606e-01 
  609.000  9.060195e-01 
  610.000  9.067089e-01 
  611.000  9.074867e-01 
  612.000  9.082507e-01 
  613.000  9.089945e-01 
  614.000  9.097196e-01 
  615.000  9.104425e-01 
  616.000  9.111432e-01 
  617.000  9.118116e-01 
  618.000  9.123771e-01 
  619.000  9.128663e-01 
  620.000  9.133266e-01 
  621.000  9.137365e-01 
  622.000  9.140958e-01 
  623.000  9.143703e-01 
  624.000  9.146557e-01 
  625.000  9.149115e-01 
  626.000  9.149563e-01 
  627.000  9.129133e-01 
  628.000  8.895574e-01 
  629.000  9.048185e-01 
  630.000  9.064547e-01 
  631.000  9.108735e-01 
  632.000  9.125794e-01 
  633.000  9.166074e-01 
  634.000  9.191533e-01 
  635.000  9.206843e-01 
  636.000  9.223738e-01 
  637.000  9.238636e-01 
  638.000  9.259187e-01 
  639.000  9.271210e-01 
  640.000  9.287037e-01 
  641.000  9.298066e-01 
  642.000  9.309999e-01 
  643.000  9.312116e-01 
  644.000  9.320108e-01 
  645.000  9.318710e-01 
  646.000  9.288567e-01 
  647.000  9.269209e-01 
  648.000  9.246404e-01 
  649.000  9.278514e-01 
  650.000  9.333614e-01 
  651.000  9.339063e-01 
  652.000  9.300948e-01 
  653.000  9.356163e-01 
  654.000  9.356307e-01 
  655.000  9.343498e-01 
  656.000  9.355235e-01 
  657.000  9.370172e-01 
  658.000  9.392188e-01 
  659.000  9.407306e-01 
  660.000  9.416989e-01 
  661.000  9.434903e-01 
  662.000  9.445938e-01 
  663.000  9.450063e-01 
  664.000  9.457536e-01 
  665.000  9.464582e-01 
  666.000  9.472245e-01 
  667.000  9.479296e-01 
  668.000  9.486913e-01 
  669.000  9.493400e-01 
  670.000  9.499549e-01 
  671.000  9.505818e-01 
  672.000  9.511794e-01 
  673.000  9.517712e-01 
  674.000  9.523596e-01 
  675.000  9.529470e-01 
  676.000  9.535037e-01 
  677.000  9.540108e-01 
  678.000  9.545174e-01 
  679.000  9.549841e-01 
  680.000  9.552817e-01 
  681.000  9.555151e-01 
  682.000  9.559183e-01 
  683.000  9.562384e-01 
  684.000  9.562990e-01 
  685.000  9.570056e-01 
  686.000  9.542384e-01 
  687.000  8.487960e-01 
  688.000  8.817276e-01 
  689.000  8.728014e-01 
  690.000  8.898383e-01 
  691.000  9.136229e-01 
  692.000  9.302412e-01 
  693.000  9.341931e-01 
  694.000  9.342768e-01 
  695.000  9.406800e-01 
  696.000  9.441895e-01 
  697.000  9.556282e-01 
  698.000  9.537244e-01 
  699.000  9.441744e-01 
  700.000  9.460377e-01 
  701.000  9.440379e-01 
  702.000  9.458534e-01 
  703.000  9.542520e-01 
  704.000  9.547943e-01 
  705.000  9.515826e-01 
  706.000  9.523959e-01 
  707.000  9.537593e-01 
  708.000  9.552150e-01 
  709.000  9.580289e-01 
  710.000  9.553546e-01 
  711.000  9.584019e-01 
  712.000  9.610122e-01 
  713.000  9.592094e-01 
  714.000  9.587213e-01 
  715.000  9.557271e-01 
  716.000  9.526619e-01 
  717.000  9.312778e-01 
  718.000  9.178885e-01 
  719.000  9.131478e-01 
  720.000  9.055871e-01 
  721.000  9.385445e-01 
  722.000  9.499686e-01 
  723.000  9.437765e-01 
  724.000  9.255524e-01 
  725.000  9.285005e-01 
  726.000  9.277046e-01 
  727.000  9.304188e-01 
  728.000  9.276128e-01 
  729.000  9.347833e-01 
  730.000  9.335889e-01 
  731.000  9.321264e-01 
  732.000  9.440704e-01 
  733.000  9.552709e-01 
  734.000  9.606238e-01 
  735.000  9.588252e-01 
  736.000  9.553868e-01 
  737.000  9.580840e-01 
  738.000  9.617564e-01 
  739.000  9.633595e-01 
  740.000  9.668354e-01 
  741.000  9.688600e-01 
  742.000  9.697101e-01 
  743.000  9.715825e-01 
  744.000  9.724618e-01 
  745.000  9.731532e-01 
  746.000  9.737207e-01 
  747.000  9.739487e-01 
  748.000  9.745186e-01 
  749.000  9.748592e-01 
  750.000  9.748541e-01 
  751.000  9.750573e-01 
  752.000  9.755681e-01 
  753.000  9.758479e-01 
  754.000  9.760932e-01 
  755.000  9.762940e-01 
  756.000  9.764983e-01 
  757.000  9.766476e-01 
  758.000  9.754052e-01 
  759.000  9.197425e-01 
  760.000  4.800950e-01 
  761.000  4.352098e-01 
  762.000  6.996945e-01 
  763.000  6.197692e-01 
  764.000  6.595685e-01 
  765.000  7.483559e-01 
  766.000  8.529894e-01 
  767.000  9.048876e-01 
  768.000  9.385382e-01 
  769.000  9.606290e-01 
  770.000  9.725127e-01 
  771.000  9.782021e-01 
  772.000  9.795758e-01 
  773.000  9.802146e-01 
  774.000  9.809974e-01 
  775.000  9.814135e-01 
  776.000  9.817025e-01 
  777.000  9.818302e-01 
  778.000  9.818877e-01 
  779.000  9.819274e-01 
  780.000  9.819612e-01 
  781.000  9.821844e-01 
  782.000  9.822125e-01 
  783.000  9.822460e-01 
  784.000  9.821563e-01 
  785.000  9.814311e-01 
  786.000  9.802720e-01 
  787.000  9.777163e-01 
  788.000  9.763775e-01 
  789.000  9.714331e-01 
  790.000  9.710531e-01 
  791.000  9.720454e-01 
  792.000  9.729585e-01 
  793.000  9.750290e-01 
  794.000  9.793297e-01 
  795.000  9.767855e-01 
  796.000  9.697966e-01 
  797.000  9.718572e-01 
  798.000  9.763344e-01 
  799.000  9.753625e-01 
  800.000  9.721720e-01 
  801.000  9.725981e-01 
  802.000  9.723100e-01 
  803.000  9.728205e-01 
  804.000  9.743728e-01 
  805.000  9.773113e-01 
  806.000  9.790720e-01 
  807.000  9.791859e-01 
  808.000  9.782482e-01 
  809.000  9.770884e-01 
  810.000  9.758191e-01 
  811.000  9.731588e-01 
  812.000  9.695601e-01 
  813.000  9.651190e-01 
  814.000  9.592066e-01 
  815.000  9.517998e-01 
  816.000  9.420611e-01 
  817.000  9.426960e-01 
  818.000  9.435410e-01 
  819.000  9.467704e-01 
  820.000  9.574885e-01 
  821.000  9.695762e-01 
  822.000  9.604558e-01 
  823.000  9.343065e-01 
  824.000  9.564456e-01 
  825.000  9.703351e-01 
  826.000  9.679578e-01 
  827.000  9.662456e-01 
  828.000  9.571285e-01 
  829.000  9.604747e-01 
  830.000  9.641853e-01 
  831.000  9.650615e-01 
  832.000  9.654235e-01 
  833.000  9.675499e-01 
  834.000  9.700370e-01 
  835.000  9.749427e-01 
  836.000  9.733834e-01 
  837.000  9.732267e-01 
  838.000  9.756339e-01 
  839.000  9.770951e-01 
  840.000  9.776453e-01 
  841.000  9.761072e-01 
  842.000  9.775361e-01 
  843.000  9.808847e-01 
  844.000  9.823691e-01 
  845.000  9.831002e-01 
  846.000  9.838668e-01 
  847.000  9.846972e-01 
  848.000  9.833937e-01 
  849.000  9.835973e-01 
  850.000  9.829614e-01 
  851.000  9.822396e-01 
  852.000  9.823472e-01 
  853.000  9.836445e-01 
  854.000  9.835981e-01 
  855.000  9.842836e-01 
  856.000  9.856676e-01 
  857.000  9.862583e-01 
  858.000  9.865882e-01 
  859.000  9.872717e-01 
  860.000  9.876275e-01 
  861.000  9.877076e-01 
  862.000  9.879110e-01 
  863.000  9.879648e-01 
  864.000  9.881141e-01 
  865.000  9.882418e-01 
  866.000  9.882984e-01 
  867.000  9.883108e-01 
  868.000  9.883565e-01 
  869.000  9.884194e-01 
  870.000  9.884251e-01 
  871.000  9.884858e-01 
  872.000  9.885912e-01 
  873.000  9.885449e-01 
  874.000  9.885333e-01 
  875.000  9.885530e-01 
  876.000  9.884502e-01 
  877.000  9.884121e-01 
  878.000  9.879959e-01 
  879.000  9.879943e-01 
  880.000  9.876612e-01 
  881.000  9.874775e-01 
  882.000  9.873021e-01 
  883.000  9.875279e-01 
  884.000  9.876342e-01 
  885.000  9.869130e-01 
  886.000  9.858968e-01 
  887.000  9.867244e-01 
  888.000  9.867032e-01 
  889.000  9.869925e-01 
  890.000  9.864225e-01 
  891.000  9.851884e-01 
  892.000  9.826220e-01 
  893.000  9.745442e-01 
  894.000  9.705435e-01 
  895.000  9.579766e-01 
  896.000  9.466181e-01 
  897.000  9.345053e-01 
  898.000  9.287926e-01 
  899.000  9.120729e-01 
  900.000  9.146101e-01 
  901.000  9.101881e-01 
  902.000  9.109116e-01 
  903.000  9.389358e-01 
  904.000  9.555176e-01 
  905.000  9.548705e-01 
  906.000  9.445391e-01 
  907.000  9.259164e-01 
  908.000  9.134049e-01 
  909.000  9.140095e-01 
  910.000  9.159487e-01 
  911.000  9.243142e-01 
  912.000  9.202887e-01 
  913.000  9.025031e-01 
  914.000  9.113525e-01 
  915.000  9.182128e-01 
  916.000  9.200340e-01 
  917.000  9.236878e-01 
  918.000  9.284006e-01 
  919.000  9.443177e-01 
  920.000  9.560709e-01 
  921.000  9.534485e-01 
  922.000  9.532256e-01 
  923.000  9.499506e-01 
  924.000  9.420148e-01 
  925.000  9.414711e-01 
  926.000  9.415743e-01 
  927.000  9.324468e-01 
  928.000  9.181604e-01 
  929.000  8.969916e-01 
  930.000  8.690469e-01 
  931.000  8.362953e-01 
  932.000  7.917918e-01 
  933.000  7.553405e-01 
  934.000  7.148237e-01 
  935.000  7.106615e-01 
  936.000  7.276614e-01 
  937.000  7.230545e-01 
  938.000  7.668900e-01 
  939.000  8.692987e-01 
  940.000  8.830511e-01 
  941.000  8.707716e-01 
  942.000  8.401154e-01 
  943.000  7.857829e-01 
  944.000  7.820230e-01 
  945.000  8.025038e-01 
  946.000  8.033869e-01 
  947.000  8.204579e-01 
  948.000  8.303066e-01 
  949.000  8.287389e-01 
  950.000  8.311715e-01 
  951.000  8.528633e-01 
  952.000  8.291416e-01 
  953.000  8.453371e-01 
  954.000  8.622187e-01 
  955.000  8.479680e-01 
  956.000  8.442633e-01 
  957.000  8.866467e-01 
  958.000  8.916690e-01 
  959.000  8.845651e-01 
  960.000  8.823689e-01 
  961.000  8.787481e-01 
  962.000  8.817692e-01 
  963.000  9.040734e-01 
  964.000  9.071178e-01 
  965.000  9.048833e-01 
  966.000  9.059373e-01 
  967.000  9.213104e-01 
  968.000  9.462597e-01 
  969.000  9.571974e-01 
  970.000  9.577371e-01 
  971.000  9.574720e-01 
  972.000  9.543874e-01 
  973.000  9.471701e-01 
  974.000  9.382421e-01 
  975.000  9.324369e-01 
  976.000  9.395393e-01 
  977.000  9.510941e-01 
  978.000  9.501153e-01 
  979.000  9.530228e-01 
  980.000  9.645459e-01 
  981.000  9.670464e-01 
  982.000  9.644517e-01 
  983.000  9.702750e-01 
  984.000  9.762309e-01 
  985.000  9.795879e-01 
  986.000  9.839022e-01 
  987.000  9.857542e-01 
  988.000  9.861720e-01 
  989.000  9.864410e-01 
  990.000  9.868969e-01 
  991.000  9.884551e-01 
  992.000  9.889196e-01 
  993.000  9.890980e-01 
  994.000  9.905441e-01 
  995.000  9.915341e-01 
  996.000  9.915364e-01 
  997.000  9.909324e-01 
  998.000  9.902228e-01 
  999.000  9.899662e-01 
 1000.000  9.902001e-01 
 1001.000  9.886700e-01 
 1002.000  9.862737e-01 
 1003.000  9.868687e-01 
 1004.000  9.882646e-01 
 1005.000  9.889039e-01 
 1006.000  9.891052e-01 
 1007.000  9.886449e-01 
 1008.000  9.866982e-01 
 1009.000  9.840202e-01 
 1010.000  9.852207e-01 
 1011.000  9.880362e-01 
 1012.000  9.891049e-01 
 1013.000  9.899550e-01 
 1014.000  9.903101e-01 
 1015.000  9.903721e-01 
 1016.000  9.907389e-01 
 1017.000  9.909654e-01 
 1018.000  9.904934e-01 
 1019.000  9.895017e-01 
 1020.000  9.898465e-01 
 1021.000  9.905607e-01 
 1022.000  9.893489e-01 
 1023.000  9.883507e-01 
 1024.000  9.877357e-01 
 1025.000  9.895499e-01 
 1026.000  9.903440e-01 
 1027.000  9.899825e-01 
 1028.000  9.902398e-01 
 1029.000  9.910155e-01 
 1030.000  9.917206e-01 
 1031.000  9.920697e-01 
 1032.000  9.923377e-01 
 1033.000  9.923838e-01 
 1034.000  9.925239e-01 
 1035.000  9.925331e-01 
 1036.000  9.923432e-01 
 1037.000  9.922412e-01 
 1038.000  9.922830e-01 
 1039.000  9.921531e-01 
 1040.000  9.920086e-01 
 1041.000  9.918950e-01 
 1042.000  9.918462e-01 
 1043.000  9.918019e-01 
 1044.000  9.916716e-01 
 1045.000  9.913918e-01 
 1046.000  9.911822e-01 
 1047.000  9.909108e-01 
 1048.000  9.904309e-01 
 1049.000  9.898720e-01 
 1050.000  9.895324e-01 
 1051.000  9.891894e-01 
 1052.000  9.888544e-01 
 1053.000  9.887010e-01 
 1054.000  9.882764e-01 
 1055.000  9.878333e-01 
 1056.000  9.873711e-01 
 1057.000  9.864982e-01 
 1058.000  9.850389e-01 
 1059.000  9.849143e-01 
 1060.000  9.853497e-01 
 1061.000  9.850647e-01 
 1062.000  9.840551e-01 
 1063.000  9.834032e-01 
 1064.000  9.824415e-01 
 1065.000  9.816268e-01 
 1066.000  9.816565e-01 
 1067.000  9.811029e-01 
 1068.000  9.796483e-01 
 1069.000  9.795950e-01 
 1070.000  9.802930e-01 
 1071.000  9.796977e-01 
 1072.000  9.789340e-01 
 1073.000  9.790121e-01 
 1074.000  9.794239e-01 
 1075.000  9.811985e-01 
 1076.000  9.804840e-01 
 1077.000  9.794203e-01 
 1078.000  9.781173e-01 
 1079.000  9.781187e-01 
 1080.000  9.742296e-01 
 1081.000  9.741470e-01 
 1082.000  9.760692e-01 
 1083.000  9.740781e-01 
 1084.000  9.718449e-01 
 1085.000  9.662870e-01 
 1086.000  9.677402e-01 
 1087.000  9.740793e-01 
 1088.000  9.744083e-01 
 1089.000  9.669400e-01 
 1090.000  9.656159e-01 
 1091.000  9.671697e-01 
 1092.000  9.635132e-01 
 1093.000  9.550714e-01 
 1094.000  9.513892e-01 
 1095.000  9.520813e-01 
 1096.000  9.527516e-01 
 1097.000  9.511735e-01 
 1098.000  9.299783e-01 
 1099.000  9.114285e-01 
 1100.000  9.127882e-01 
 1101.000  9.154812e-01 
 1102.000  9.143819e-01 
 1103.000  9.162320e-01 
 1104.000  9.132118e-01 
 1105.000  9.053990e-01 
 1106.000  8.972743e-01 
 1107.000  8.995517e-01 
 1108.000  9.013749e-01 
 1109.000  9.087449e-01 
 1110.000  9.084763e-01 
 1111.000  9.049589e-01 
 1112.000  8.881515e-01 
 1113.000  8.648872e-01 
 1114.000  8.595283e-01 
 1115.000  8.298189e-01 
 1116.000  8.105626e-01 
 1117.000  7.621302e-01 
 1118.000  7.154268e-01 
 1119.000  6.901512e-01 
 1120.000  6.559203e-01 
 1121.000  6.483262e-01 
 1122.000  6.084500e-01 
 1123.000  6.318827e-01 
 1124.000  6.470394e-01 
 1125.000  6.394581e-01 
 1126.000  6.361729e-01 
 1127.000  6.390013e-01 
 1128.000  6.445588e-01 
 1129.000  6.814243e-01 
 1130.000  7.612534e-01 
 1131.000  7.826199e-01 
 1132.000  7.536458e-01 
 1133.000  6.957654e-01 
 1134.000  5.754678e-01 
 1135.000  5.852680e-01 
 1136.000  7.032710e-01 
 1137.000  7.590072e-01 
 1138.000  8.078270e-01 
 1139.000  8.203948e-01 
 1140.000  8.113787e-01 
 1141.000  7.919700e-01 
 1142.000  7.854157e-01 
 1143.000  7.642708e-01 
 1144.000  7.392361e-01 
 1145.000  7.013929e-01 
 1146.000  7.104703e-01 
 1147.000  7.397277e-01 
 1148.000  7.645968e-01 
 1149.000  7.739872e-01 
 1150.000  7.734644e-01 
 1151.000  7.868790e-01 
 1152.000  7.933028e-01 
 1153.000  8.028889e-01 
 1154.000  7.989159e-01 
 1155.000  8.165826e-01 
 1156.000  8.363966e-01 
 1157.000  8.754493e-01 
 1158.000  8.901408e-01 
 1159.000  9.024022e-01 
 1160.000  9.073163e-01 
 1161.000  9.204209e-01 
 1162.000  9.294546e-01 
 1163.000  9.405105e-01 
 1164.000  9.431690e-01 
 1165.000  9.437109e-01 
 1166.000  9.458637e-01 
 1167.000  9.471653e-01 
 1168.000  9.466053e-01 
 1169.000  9.481371e-01 
 1170.000  9.495527e-01 
 1171.000  9.534467e-01 
 1172.000  9.511368e-01 
 1173.000  9.488294e-01 
 1174.000  9.489727e-01 
 1175.000  9.551909e-01 
 1176.000  9.608698e-01 
 1177.000  9.582330e-01 
 1178.000  9.527749e-01 
 1179.000  9.527941e-01 
 1180.000  9.508337e-01 
 1181.000  9.456820e-01 
 1182.000  9.405223e-01 
 1183.000  9.411641e-01 
 1184.000  9.441507e-01 
 1185.000  9.513662e-01 
 1186.000  9.492489e-01 
 1187.000  9.418237e-01 
 1188.000  9.401036e-01 
 1189.000  9.447250e-01 
 1190.000  9.563326e-01 
 1191.000  9.597285e-01 
 1192.000  9.645740e-01 
 1193.000  9.635341e-01 
 1194.000  9.627860e-01 
 1195.000  9.579684e-01 
 1196.000  9.586430e-01 
 1197.000  9.562945e-01 
 1198.000  9.557816e-01 
 1199.000  9.528195e-01 
 1200.000  9.545399e-01 
