  250.000  0.000000e+00 
  251.000  0.000000e+00 
  252.000  0.000000e+00 
  253.000  0.000000e+00 
  254.000  0.000000e+00 
  255.000  0.000000e+00 
  256.000  0.000000e+00 
  257.000  0.000000e+00 
  258.000  0.000000e+00 
  259.000  0.000000e+00 
  260.000  0.000000e+00 
  261.000  0.000000e+00 
  262.000  0.000000e+00 
  263.000  0.000000e+00 
  264.000  0.000000e+00 
  265.000  0.000000e+00 
  266.000  0.000000e+00 
  267.000  0.000000e+00 
  268.000  0.000000e+00 
  269.000  0.000000e+00 
  270.000  0.000000e+00 
  271.000  0.000000e+00 
  272.000  0.000000e+00 
  273.000  0.000000e+00 
  274.000  0.000000e+00 
  275.000  0.000000e+00 
  276.000  0.000000e+00 
  277.000  0.000000e+00 
  278.000  0.000000e+00 
  279.000  0.000000e+00 
  280.000  0.000000e+00 
  281.000  0.000000e+00 
  282.000  0.000000e+00 
  283.000  0.000000e+00 
  284.000  0.000000e+00 
  285.000  0.000000e+00 
  286.000  0.000000e+00 
  287.000  0.000000e+00 
  288.000  0.000000e+00 
  289.000  0.000000e+00 
  290.000  0.000000e+00 
  291.000  0.000000e+00 
  292.000  0.000000e+00 
  293.000  1.347037e-05 
  294.000  5.739165e-05 
  295.000  1.455770e-04 
  296.000  4.662339e-04 
  297.000  9.726371e-04 
  298.000  2.535283e-03 
  299.000  4.238834e-03 
  300.000  8.234147e-03 
  301.000  1.416643e-02 
  302.000  2.068671e-02 
  303.000  3.424885e-02 
  304.000  4.199985e-02 
  305.000  6.344667e-02 
  306.000  7.811514e-02 
  307.000  1.014087e-01 
  308.000  1.191886e-01 
  309.000  1.370089e-01 
  310.000  1.766644e-01 
  311.000  1.939905e-01 
  312.000  2.232286e-01 
  313.000  2.492964e-01 
  314.000  2.603374e-01 
  315.000  2.990909e-01 
  316.000  3.122948e-01 
  317.000  3.335793e-01 
  318.000  3.499460e-01 
  319.000  3.961278e-01 
  320.000  3.612333e-01 
  321.000  4.319710e-01 
  322.000  4.018703e-01 
  323.000  4.374149e-01 
  324.000  4.696108e-01 
  325.000  4.433747e-01 
  326.000  4.846754e-01 
  327.000  4.941157e-01 
  328.000  4.682840e-01 
  329.000  5.158119e-01 
  330.000  5.212755e-01 
  331.000  5.056048e-01 
  332.000  5.337517e-01 
  333.000  5.406635e-01 
  334.000  5.333734e-01 
  335.000  5.527715e-01 
  336.000  5.600939e-01 
  337.000  5.557827e-01 
  338.000  5.645663e-01 
  339.000  5.736818e-01 
  340.000  5.709621e-01 
  341.000  5.799769e-01 
  342.000  5.861343e-01 
  343.000  5.888456e-01 
  344.000  5.887353e-01 
  345.000  5.973011e-01 
  346.000  6.023766e-01 
  347.000  6.063020e-01 
  348.000  6.099817e-01 
  349.000  6.142749e-01 
  350.000  6.178393e-01 
  351.000  6.213289e-01 
  352.000  6.240672e-01 
  353.000  6.283333e-01 
  354.000  6.317952e-01 
  355.000  6.350197e-01 
  356.000  6.381661e-01 
  357.000  6.409386e-01 
  358.000  6.439801e-01 
  359.000  6.469991e-01 
  360.000  6.500366e-01 
  361.000  6.538813e-01 
  362.000  6.578605e-01 
  363.000  6.615267e-01 
  364.000  6.648983e-01 
  365.000  6.680427e-01 
  366.000  6.712838e-01 
  367.000  6.743466e-01 
  368.000  6.773759e-01 
  369.000  6.803734e-01 
  370.000  6.833348e-01 
  371.000  6.862675e-01 
  372.000  6.891708e-01 
  373.000  6.920443e-01 
  374.000  6.948675e-01 
  375.000  6.976328e-01 
  376.000  7.003028e-01 
  377.000  7.028278e-01 
  378.000  7.051769e-01 
  379.000  7.075576e-01 
  380.000  7.101591e-01 
  381.000  7.130986e-01 
  382.000  7.161341e-01 
  383.000  7.190045e-01 
  384.000  7.217272e-01 
  385.000  7.243495e-01 
  386.000  7.269021e-01 
  387.000  7.294104e-01 
  388.000  7.318832e-01 
  389.000  7.343317e-01 
  390.000  7.367566e-01 
  391.000  7.391533e-01 
  392.000  7.415282e-01 
  393.000  7.438800e-01 
  394.000  7.462065e-01 
  395.000  7.485059e-01 
  396.000  7.507870e-01 
  397.000  7.530384e-01 
  398.000  7.552661e-01 
  399.000  7.574716e-01 
  400.000  7.596440e-01 
  401.000  7.618047e-01 
  402.000  7.639449e-01 
  403.000  7.660639e-01 
  404.000  7.681612e-01 
  405.000  7.702328e-01 
  406.000  7.722879e-01 
  407.000  7.743240e-01 
  408.000  7.763398e-01 
  409.000  7.783332e-01 
  410.000  7.803053e-01 
  411.000  7.822555e-01 
  412.000  7.841827e-01 
  413.000  7.860961e-01 
  414.000  7.878454e-01 
  415.000  7.897717e-01 
  416.000  7.916719e-01 
  417.000  7.935351e-01 
  418.000  7.953473e-01 
  419.000  7.971377e-01 
  420.000  7.989098e-01 
  421.000  8.006693e-01 
  422.000  8.024157e-01 
  423.000  8.041471e-01 
  424.000  8.058553e-01 
  425.000  8.075199e-01 
  426.000  8.091666e-01 
  427.000  8.107971e-01 
  428.000  8.123935e-01 
  429.000  8.139641e-01 
  430.000  8.155150e-01 
  431.000  8.170525e-01 
  432.000  8.185726e-01 
  433.000  8.200769e-01 
  434.000  8.215669e-01 
  435.000  8.230410e-01 
  436.000  8.244972e-01 
  437.000  8.259363e-01 
  438.000  8.273578e-01 
  439.000  8.287672e-01 
  440.000  8.301529e-01 
  441.000  8.315201e-01 
  442.000  8.328648e-01 
  443.000  8.341884e-01 
  444.000  8.354907e-01 
  445.000  8.367645e-01 
  446.000  8.380028e-01 
  447.000  8.393023e-01 
  448.000  8.406937e-01 
  449.000  8.420997e-01 
  450.000  8.434779e-01 
  451.000  8.447989e-01 
  452.000  8.460706e-01 
  453.000  8.473160e-01 
  454.000  8.485382e-01 
  455.000  8.496753e-01 
  456.000  8.507035e-01 
  457.000  8.517308e-01 
  458.000  8.527434e-01 
  459.000  8.537337e-01 
  460.000  8.547152e-01 
  461.000  8.556855e-01 
  462.000  8.566363e-01 
  463.000  8.575853e-01 
  464.000  8.588964e-01 
  465.000  8.601879e-01 
  466.000  8.614566e-01 
  467.000  8.626968e-01 
  468.000  8.636736e-01 
  469.000  8.644997e-01 
  470.000  8.652602e-01 
  471.000  8.659461e-01 
  472.000  8.665184e-01 
  473.000  8.668927e-01 
  474.000  8.671957e-01 
  475.000  8.672565e-01 
  476.000  8.670722e-01 
  477.000  8.670335e-01 
  478.000  8.679371e-01 
  479.000  8.693313e-01 
  480.000  8.708375e-01 
  481.000  8.721921e-01 
  482.000  8.734897e-01 
  483.000  8.746164e-01 
  484.000  8.755839e-01 
  485.000  8.764483e-01 
  486.000  8.774021e-01 
  487.000  8.784290e-01 
  488.000  8.794237e-01 
  489.000  8.804003e-01 
  490.000  8.813650e-01 
  491.000  8.820807e-01 
  492.000  8.827221e-01 
  493.000  8.833599e-01 
  494.000  8.839790e-01 
  495.000  8.845974e-01 
  496.000  8.848281e-01 
  497.000  8.850423e-01 
  498.000  8.852518e-01 
  499.000  8.854449e-01 
  500.000  8.856336e-01 
  501.000  8.857860e-01 
  502.000  8.859385e-01 
  503.000  8.860880e-01 
  504.000  8.862261e-01 
  505.000  8.863512e-01 
  506.000  8.870298e-01 
  507.000  8.877332e-01 
  508.000  8.884351e-01 
  509.000  8.891286e-01 
  510.000  8.898073e-01 
  511.000  8.904012e-01 
  512.000  8.909703e-01 
  513.000  8.915358e-01 
  514.000  8.920938e-01 
  515.000  8.926466e-01 
  516.000  8.930012e-01 
  517.000  8.931793e-01 
  518.000  8.933506e-01 
  519.000  8.935173e-01 
  520.000  8.936816e-01 
  521.000  8.938194e-01 
  522.000  8.938882e-01 
  523.000  8.939144e-01 
  524.000  8.939443e-01 
  525.000  8.939502e-01 
  526.000  8.939925e-01 
  527.000  8.939068e-01 
  528.000  8.937683e-01 
  529.000  8.936287e-01 
  530.000  8.934948e-01 
  531.000  8.933646e-01 
  532.000  8.932902e-01 
  533.000  8.935565e-01 
  534.000  8.939037e-01 
  535.000  8.943008e-01 
  536.000  8.946831e-01 
  537.000  8.950292e-01 
  538.000  8.953336e-01 
  539.000  8.956116e-01 
  540.000  8.958697e-01 
  541.000  8.961188e-01 
  542.000  8.963551e-01 
  543.000  8.965815e-01 
  544.000  8.967277e-01 
  545.000  8.968070e-01 
  546.000  8.968796e-01 
  547.000  8.969563e-01 
  548.000  8.970256e-01 
  549.000  8.970930e-01 
  550.000  8.970718e-01 
  551.000  8.969662e-01 
  552.000  8.968635e-01 
  553.000  8.967466e-01 
  554.000  8.966233e-01 
  555.000  8.964964e-01 
  556.000  8.963375e-01 
  557.000  8.961260e-01 
  558.000  8.959067e-01 
  559.000  8.956755e-01 
  560.000  8.954147e-01 
  561.000  8.951268e-01 
  562.000  8.946790e-01 
  563.000  8.943605e-01 
  564.000  8.939784e-01 
  565.000  8.934605e-01 
  566.000  8.930520e-01 
  567.000  8.920825e-01 
  568.000  8.894089e-01 
  569.000  8.840327e-01 
  570.000  8.846183e-01 
  571.000  8.880617e-01 
  572.000  8.842804e-01 
  573.000  8.849860e-01 
  574.000  8.850118e-01 
  575.000  8.846803e-01 
  576.000  8.849065e-01 
  577.000  8.862988e-01 
  578.000  8.881435e-01 
  579.000  8.898208e-01 
  580.000  8.914672e-01 
  581.000  8.937394e-01 
  582.000  8.953561e-01 
  583.000  8.964421e-01 
  584.000  8.974314e-01 
  585.000  8.982175e-01 
  586.000  8.989894e-01 
  587.000  8.978868e-01 
  588.000  8.911163e-01 
  589.000  8.800300e-01 
  590.000  8.795500e-01 
  591.000  8.875501e-01 
  592.000  8.836224e-01 
  593.000  8.926700e-01 
  594.000  8.909136e-01 
  595.000  8.848689e-01 
  596.000  8.933774e-01 
  597.000  8.910076e-01 
  598.000  8.941849e-01 
  599.000  8.952209e-01 
  600.000  8.980359e-01 
  601.000  8.997794e-01 
  602.000  9.000649e-01 
  603.000  9.010128e-01 
  604.000  9.022884e-01 
  605.000  9.032304e-01 
  606.000  9.039608e-01 
  607.000  9.046699e-01 
  608.000  9.053573e-01 
  609.000  9.060191e-01 
  610.000  9.067087e-01 
  611.000  9.074867e-01 
  612.000  9.082507e-01 
  613.000  9.089945e-01 
  614.000  9.097196e-01 
  615.000  9.104425e-01 
  616.000  9.111432e-01 
  617.000  9.118116e-01 
  618.000  9.123771e-01 
  619.000  9.128663e-01 
  620.000  9.133266e-01 
  621.000  9.137364e-01 
  622.000  9.140958e-01 
  623.000  9.143702e-01 
  624.000  9.146554e-01 
  625.000  9.149103e-01 
  626.000  9.148081e-01 
  627.000  9.117715e-01 
  628.000  8.886360e-01 
  629.000  9.031638e-01 
  630.000  9.058077e-01 
  631.000  9.102672e-01 
  632.000  9.106085e-01 
  633.000  9.155962e-01 
  634.000  9.183135e-01 
  635.000  9.196559e-01 
  636.000  9.214334e-01 
  637.000  9.229326e-01 
  638.000  9.254469e-01 
  639.000  9.265706e-01 
  640.000  9.283376e-01 
  641.000  9.293576e-01 
  642.000  9.306714e-01 
  643.000  9.304224e-01 
  644.000  9.311678e-01 
  645.000  9.303698e-01 
  646.000  9.247776e-01 
  647.000  9.210302e-01 
  648.000  9.167398e-01 
  649.000  9.215738e-01 
  650.000  9.302920e-01 
  651.000  9.307808e-01 
  652.000  9.240312e-01 
  653.000  9.328438e-01 
  654.000  9.324167e-01 
  655.000  9.298770e-01 
  656.000  9.314244e-01 
  657.000  9.335343e-01 
  658.000  9.368474e-01 
  659.000  9.389799e-01 
  660.000  9.401594e-01 
  661.000  9.427612e-01 
  662.000  9.441642e-01 
  663.000  9.444728e-01 
  664.000  9.453088e-01 
  665.000  9.460877e-01 
  666.000  9.469750e-01 
  667.000  9.477567e-01 
  668.000  9.486249e-01 
  669.000  9.493056e-01 
  670.000  9.499316e-01 
  671.000  9.505789e-01 
  672.000  9.511788e-01 
  673.000  9.517707e-01 
  674.000  9.523583e-01 
  675.000  9.529458e-01 
  676.000  9.534994e-01 
  677.000  9.540045e-01 
  678.000  9.545100e-01 
  679.000  9.549521e-01 
  680.000  9.551225e-01 
  681.000  9.551905e-01 
  682.000  9.555340e-01 
  683.000  9.557651e-01 
  684.000  9.555543e-01 
  685.000  9.564091e-01 
  686.000  9.535198e-01 
  687.000  8.484085e-01 
  688.000  8.815000e-01 
  689.000  8.722652e-01 
  690.000  8.894289e-01 
  691.000  9.124337e-01 
  692.000  9.272001e-01 
  693.000  9.256921e-01 
  694.000  9.208913e-01 
  695.000  9.289970e-01 
  696.000  9.335884e-01 
  697.000  9.513031e-01 
  698.000  9.479078e-01 
  699.000  9.323856e-01 
  700.000  9.351391e-01 
  701.000  9.317502e-01 
  702.000  9.344521e-01 
  703.000  9.476933e-01 
  704.000  9.483731e-01 
  705.000  9.430704e-01 
  706.000  9.442198e-01 
  707.000  9.462488e-01 
  708.000  9.484306e-01 
  709.000  9.527917e-01 
  710.000  9.483473e-01 
  711.000  9.530815e-01 
  712.000  9.571202e-01 
  713.000  9.540620e-01 
  714.000  9.531097e-01 
  715.000  9.480972e-01 
  716.000  9.429272e-01 
  717.000  9.086844e-01 
  718.000  8.873744e-01 
  719.000  8.797340e-01 
  720.000  8.678689e-01 
  721.000  9.193539e-01 
  722.000  9.373503e-01 
  723.000  9.273291e-01 
  724.000  8.983811e-01 
  725.000  9.028293e-01 
  726.000  9.014870e-01 
  727.000  9.056578e-01 
  728.000  9.011634e-01 
  729.000  9.123600e-01 
  730.000  9.104131e-01 
  731.000  9.080536e-01 
  732.000  9.268314e-01 
  733.000  9.445925e-01 
  734.000  9.530828e-01 
  735.000  9.501135e-01 
  736.000  9.445410e-01 
  737.000  9.487815e-01 
  738.000  9.545879e-01 
  739.000  9.570901e-01 
  740.000  9.626060e-01 
  741.000  9.657933e-01 
  742.000  9.671432e-01 
  743.000  9.700561e-01 
  744.000  9.714017e-01 
  745.000  9.724578e-01 
  746.000  9.732779e-01 
  747.000  9.735171e-01 
  748.000  9.743052e-01 
  749.000  9.747275e-01 
  750.000  9.745924e-01 
  751.000  9.747943e-01 
  752.000  9.754933e-01 
  753.000  9.758198e-01 
  754.000  9.760913e-01 
  755.000  9.762914e-01 
  756.000  9.764977e-01 
  757.000  9.766470e-01 
  758.000  9.754036e-01 
  759.000  9.197410e-01 
  760.000  4.800940e-01 
  761.000  4.352096e-01 
  762.000  6.996922e-01 
  763.000  6.197684e-01 
  764.000  6.595652e-01 
  765.000  7.483556e-01 
  766.000  8.529883e-01 
  767.000  9.048869e-01 
  768.000  9.385371e-01 
  769.000  9.606283e-01 
  770.000  9.725119e-01 
  771.000  9.782004e-01 
  772.000  9.795733e-01 
  773.000  9.802067e-01 
  774.000  9.809694e-01 
  775.000  9.813877e-01 
  776.000  9.816841e-01 
  777.000  9.817892e-01 
  778.000  9.818071e-01 
  779.000  9.818111e-01 
  780.000  9.818110e-01 
  781.000  9.821115e-01 
  782.000  9.821028e-01 
  783.000  9.821031e-01 
  784.000  9.819074e-01 
  785.000  9.807205e-01 
  786.000  9.788354e-01 
  787.000  9.747133e-01 
  788.000  9.725404e-01 
  789.000  9.646855e-01 
  790.000  9.640322e-01 
  791.000  9.655440e-01 
  792.000  9.669366e-01 
  793.000  9.701571e-01 
  794.000  9.769593e-01 
  795.000  9.728343e-01 
  796.000  9.617724e-01 
  797.000  9.649648e-01 
  798.000  9.719775e-01 
  799.000  9.703973e-01 
  800.000  9.653211e-01 
  801.000  9.659455e-01 
  802.000  9.654461e-01 
  803.000  9.662063e-01 
  804.000  9.686116e-01 
  805.000  9.732058e-01 
  806.000  9.759458e-01 
  807.000  9.760814e-01 
  808.000  9.745530e-01 
  809.000  9.726722e-01 
  810.000  9.706131e-01 
  811.000  9.663602e-01 
  812.000  9.606270e-01 
  813.000  9.535782e-01 
  814.000  9.442374e-01 
  815.000  9.325769e-01 
  816.000  9.174212e-01 
  817.000  9.183240e-01 
  818.000  9.195845e-01 
  819.000  9.245750e-01 
  820.000  9.412217e-01 
  821.000  9.600980e-01 
  822.000  9.457759e-01 
  823.000  9.052468e-01 
  824.000  9.394606e-01 
  825.000  9.611604e-01 
  826.000  9.574348e-01 
  827.000  9.547118e-01 
  828.000  9.404212e-01 
  829.000  9.456002e-01 
  830.000  9.513725e-01 
  831.000  9.527211e-01 
  832.000  9.532867e-01 
  833.000  9.565977e-01 
  834.000  9.604843e-01 
  835.000  9.681830e-01 
  836.000  9.657041e-01 
  837.000  9.654360e-01 
  838.000  9.691920e-01 
  839.000  9.714665e-01 
  840.000  9.723000e-01 
  841.000  9.698432e-01 
  842.000  9.720629e-01 
  843.000  9.773160e-01 
  844.000  9.796942e-01 
  845.000  9.808082e-01 
  846.000  9.819786e-01 
  847.000  9.832366e-01 
  848.000  9.811682e-01 
  849.000  9.814522e-01 
  850.000  9.804199e-01 
  851.000  9.791852e-01 
  852.000  9.793211e-01 
  853.000  9.813910e-01 
  854.000  9.812878e-01 
  855.000  9.823316e-01 
  856.000  9.844632e-01 
  857.000  9.853710e-01 
  858.000  9.858575e-01 
  859.000  9.868906e-01 
  860.000  9.874225e-01 
  861.000  9.875172e-01 
  862.000  9.878074e-01 
  863.000  9.878604e-01 
  864.000  9.880651e-01 
  865.000  9.882355e-01 
  866.000  9.882935e-01 
  867.000  9.882827e-01 
  868.000  9.883239e-01 
  869.000  9.883919e-01 
  870.000  9.883713e-01 
  871.000  9.884363e-01 
  872.000  9.885711e-01 
  873.000  9.884700e-01 
  874.000  9.884228e-01 
  875.000  9.884244e-01 
  876.000  9.882354e-01 
  877.000  9.881474e-01 
  878.000  9.874954e-01 
  879.000  9.874660e-01 
  880.000  9.869127e-01 
  881.000  9.866019e-01 
  882.000  9.863037e-01 
  883.000  9.866245e-01 
  884.000  9.867609e-01 
  885.000  9.856082e-01 
  886.000  9.839996e-01 
  887.000  9.852605e-01 
  888.000  9.851990e-01 
  889.000  9.856108e-01 
  890.000  9.846659e-01 
  891.000  9.827666e-01 
  892.000  9.786586e-01 
  893.000  9.660572e-01 
  894.000  9.597892e-01 
  895.000  9.403884e-01 
  896.000  9.229042e-01 
  897.000  9.043440e-01 
  898.000  8.956161e-01 
  899.000  8.705318e-01 
  900.000  8.742346e-01 
  901.000  8.676466e-01 
  902.000  8.687868e-01 
  903.000  9.108372e-01 
  904.000  9.360603e-01 
  905.000  9.351048e-01 
  906.000  9.193543e-01 
  907.000  8.912104e-01 
  908.000  8.724586e-01 
  909.000  8.733001e-01 
  910.000  8.761570e-01 
  911.000  8.886363e-01 
  912.000  8.826029e-01 
  913.000  8.561746e-01 
  914.000  8.692766e-01 
  915.000  8.795095e-01 
  916.000  8.822493e-01 
  917.000  8.877478e-01 
  918.000  8.948466e-01 
  919.000  9.188980e-01 
  920.000  9.368410e-01 
  921.000  9.328578e-01 
  922.000  9.325116e-01 
  923.000  9.275004e-01 
  924.000  9.154100e-01 
  925.000  9.144794e-01 
  926.000  9.143853e-01 
  927.000  9.003505e-01 
  928.000  8.785560e-01 
  929.000  8.466375e-01 
  930.000  8.052052e-01 
  931.000  7.576702e-01 
  932.000  6.939923e-01 
  933.000  6.440837e-01 
  934.000  5.905943e-01 
  935.000  5.849562e-01 
  936.000  6.067501e-01 
  937.000  6.010331e-01 
  938.000  6.596957e-01 
  939.000  8.028868e-01 
  940.000  8.230188e-01 
  941.000  8.053634e-01 
  942.000  7.615742e-01 
  943.000  6.860626e-01 
  944.000  6.807786e-01 
  945.000  7.086282e-01 
  946.000  7.100102e-01 
  947.000  7.340094e-01 
  948.000  7.479410e-01 
  949.000  7.459335e-01 
  950.000  7.494352e-01 
  951.000  7.802936e-01 
  952.000  7.469499e-01 
  953.000  7.700464e-01 
  954.000  7.944219e-01 
  955.000  7.742859e-01 
  956.000  7.694240e-01 
  957.000  8.307081e-01 
  958.000  8.382862e-01 
  959.000  8.280883e-01 
  960.000  8.250292e-01 
  961.000  8.198689e-01 
  962.000  8.243692e-01 
  963.000  8.571725e-01 
  964.000  8.617581e-01 
  965.000  8.585523e-01 
  966.000  8.602139e-01 
  967.000  8.831555e-01 
  968.000  9.208233e-01 
  969.000  9.375432e-01 
  970.000  9.384004e-01 
  971.000  9.379928e-01 
  972.000  9.332557e-01 
  973.000  9.222457e-01 
  974.000  9.087188e-01 
  975.000  8.999658e-01 
  976.000  9.106570e-01 
  977.000  9.281694e-01 
  978.000  9.267125e-01 
  979.000  9.311765e-01 
  980.000  9.488053e-01 
  981.000  9.526629e-01 
  982.000  9.487131e-01 
  983.000  9.576779e-01 
  984.000  9.668687e-01 
  985.000  9.720629e-01 
  986.000  9.787498e-01 
  987.000  9.816291e-01 
  988.000  9.822775e-01 
  989.000  9.826909e-01 
  990.000  9.833905e-01 
  991.000  9.858683e-01 
  992.000  9.865715e-01 
  993.000  9.868339e-01 
  994.000  9.890350e-01 
  995.000  9.905611e-01 
  996.000  9.905503e-01 
  997.000  9.895917e-01 
  998.000  9.884509e-01 
  999.000  9.880575e-01 
 1000.000  9.884034e-01 
 1001.000  9.860572e-01 
 1002.000  9.822545e-01 
 1003.000  9.831626e-01 
 1004.000  9.853555e-01 
 1005.000  9.863581e-01 
 1006.000  9.866756e-01 
 1007.000  9.859534e-01 
 1008.000  9.828523e-01 
 1009.000  9.786946e-01 
 1010.000  9.805485e-01 
 1011.000  9.849597e-01 
 1012.000  9.866357e-01 
 1013.000  9.879209e-01 
 1014.000  9.884716e-01 
 1015.000  9.885736e-01 
 1016.000  9.891517e-01 
 1017.000  9.895000e-01 
 1018.000  9.887467e-01 
 1019.000  9.872627e-01 
 1020.000  9.877691e-01 
 1021.000  9.888576e-01 
 1022.000  9.870462e-01 
 1023.000  9.854915e-01 
 1024.000  9.845576e-01 
 1025.000  9.873963e-01 
 1026.000  9.885985e-01 
 1027.000  9.880755e-01 
 1028.000  9.884849e-01 
 1029.000  9.897360e-01 
 1030.000  9.908642e-01 
 1031.000  9.914395e-01 
 1032.000  9.918961e-01 
 1033.000  9.919869e-01 
 1034.000  9.922538e-01 
 1035.000  9.923500e-01 
 1036.000  9.922013e-01 
 1037.000  9.921638e-01 
 1038.000  9.922408e-01 
 1039.000  9.920737e-01 
 1040.000  9.919112e-01 
 1041.000  9.917853e-01 
 1042.000  9.917434e-01 
 1043.000  9.917206e-01 
 1044.000  9.915931e-01 
 1045.000  9.912552e-01 
 1046.000  9.910173e-01 
 1047.000  9.907231e-01 
 1048.000  9.902762e-01 
 1049.000  9.897869e-01 
 1050.000  9.894016e-01 
 1051.000  9.889321e-01 
 1052.000  9.885665e-01 
 1053.000  9.884659e-01 
 1054.000  9.879486e-01 
 1055.000  9.874275e-01 
 1056.000  9.869421e-01 
 1057.000  9.858195e-01 
 1058.000  9.838228e-01 
 1059.000  9.838541e-01 
 1060.000  9.847361e-01 
 1061.000  9.844441e-01 
 1062.000  9.831299e-01 
 1063.000  9.824932e-01 
 1064.000  9.813097e-01 
 1065.000  9.800665e-01 
 1066.000  9.801440e-01 
 1067.000  9.793905e-01 
 1068.000  9.770605e-01 
 1069.000  9.762205e-01 
 1070.000  9.768094e-01 
 1071.000  9.754542e-01 
 1072.000  9.739848e-01 
 1073.000  9.738035e-01 
 1074.000  9.741498e-01 
 1075.000  9.766102e-01 
 1076.000  9.752454e-01 
 1077.000  9.733672e-01 
 1078.000  9.711344e-01 
 1079.000  9.709201e-01 
 1080.000  9.647585e-01 
 1081.000  9.644684e-01 
 1082.000  9.672762e-01 
 1083.000  9.640443e-01 
 1084.000  9.604763e-01 
 1085.000  9.518396e-01 
 1086.000  9.539351e-01 
 1087.000  9.635367e-01 
 1088.000  9.639438e-01 
 1089.000  9.523902e-01 
 1090.000  9.502559e-01 
 1091.000  9.525278e-01 
 1092.000  9.468132e-01 
 1093.000  9.338801e-01 
 1094.000  9.282289e-01 
 1095.000  9.291991e-01 
 1096.000  9.301172e-01 
 1097.000  9.276000e-01 
 1098.000  8.955988e-01 
 1099.000  8.678966e-01 
 1100.000  8.698354e-01 
 1101.000  8.737500e-01 
 1102.000  8.719857e-01 
 1103.000  8.746359e-01 
 1104.000  8.700745e-01 
 1105.000  8.584113e-01 
 1106.000  8.464501e-01 
 1107.000  8.496008e-01 
 1108.000  8.520234e-01 
 1109.000  8.625524e-01 
 1110.000  8.617353e-01 
 1111.000  8.563136e-01 
 1112.000  8.314071e-01 
 1113.000  7.971014e-01 
 1114.000  7.884733e-01 
 1115.000  7.453488e-01 
 1116.000  7.179698e-01 
 1117.000  6.518384e-01 
 1118.000  5.895569e-01 
 1119.000  5.561317e-01 
 1120.000  5.127661e-01 
 1121.000  5.031338e-01 
 1122.000  4.554713e-01 
 1123.000  4.824032e-01 
 1124.000  5.001796e-01 
 1125.000  4.910458e-01 
 1126.000  4.872490e-01 
 1127.000  4.909536e-01 
 1128.000  4.981939e-01 
 1129.000  5.436261e-01 
 1130.000  6.456165e-01 
 1131.000  6.739705e-01 
 1132.000  6.353339e-01 
 1133.000  5.615305e-01 
 1134.000  4.185407e-01 
 1135.000  4.297805e-01 
 1136.000  5.716965e-01 
 1137.000  6.437870e-01 
 1138.000  7.100765e-01 
 1139.000  7.286541e-01 
 1140.000  7.162609e-01 
 1141.000  6.903323e-01 
 1142.000  6.813791e-01 
 1143.000  6.528971e-01 
 1144.000  6.199969e-01 
 1145.000  5.713409e-01 
 1146.000  5.829293e-01 
 1147.000  6.207593e-01 
 1148.000  6.536083e-01 
 1149.000  6.664456e-01 
 1150.000  6.664541e-01 
 1151.000  6.852228e-01 
 1152.000  6.942832e-01 
 1153.000  7.076982e-01 
 1154.000  7.029643e-01 
 1155.000  7.279155e-01 
 1156.000  7.558371e-01 
 1157.000  8.116792e-01 
 1158.000  8.335858e-01 
 1159.000  8.521183e-01 
 1160.000  8.596656e-01 
 1161.000  8.792388e-01 
 1162.000  8.930687e-01 
 1163.000  9.099285e-01 
 1164.000  9.139190e-01 
 1165.000  9.149790e-01 
 1166.000  9.183953e-01 
 1167.000  9.204664e-01 
 1168.000  9.196155e-01 
 1169.000  9.219915e-01 
 1170.000  9.241667e-01 
 1171.000  9.300817e-01 
 1172.000  9.265791e-01 
 1173.000  9.231021e-01 
 1174.000  9.233141e-01 
 1175.000  9.327154e-01 
 1176.000  9.413285e-01 
 1177.000  9.373025e-01 
 1178.000  9.290069e-01 
 1179.000  9.290298e-01 
 1180.000  9.260440e-01 
 1181.000  9.182522e-01 
 1182.000  9.104798e-01 
 1183.000  9.114390e-01 
 1184.000  9.159225e-01 
 1185.000  9.268153e-01 
 1186.000  9.236089e-01 
 1187.000  9.124364e-01 
 1188.000  9.098720e-01 
 1189.000  9.168345e-01 
 1190.000  9.343846e-01 
 1191.000  9.395517e-01 
 1192.000  9.469433e-01 
 1193.000  9.453530e-01 
 1194.000  9.442233e-01 
 1195.000  9.368932e-01 
 1196.000  9.379119e-01 
 1197.000  9.343376e-01 
 1198.000  9.335479e-01 
 1199.000  9.290516e-01 
 1200.000  9.316614e-01 
