  250.000  0.000000e+00 
  251.000  0.000000e+00 
  252.000  0.000000e+00 
  253.000  0.000000e+00 
  254.000  0.000000e+00 
  255.000  0.000000e+00 
  256.000  0.000000e+00 
  257.000  0.000000e+00 
  258.000  0.000000e+00 
  259.000  0.000000e+00 
  260.000  0.000000e+00 
  261.000  0.000000e+00 
  262.000  0.000000e+00 
  263.000  0.000000e+00 
  264.000  0.000000e+00 
  265.000  0.000000e+00 
  266.000  0.000000e+00 
  267.000  0.000000e+00 
  268.000  0.000000e+00 
  269.000  0.000000e+00 
  270.000  0.000000e+00 
  271.000  0.000000e+00 
  272.000  0.000000e+00 
  273.000  0.000000e+00 
  274.000  0.000000e+00 
  275.000  0.000000e+00 
  276.000  0.000000e+00 
  277.000  0.000000e+00 
  278.000  0.000000e+00 
  279.000  0.000000e+00 
  280.000  0.000000e+00 
  281.000  0.000000e+00 
  282.000  0.000000e+00 
  283.000  0.000000e+00 
  284.000  0.000000e+00 
  285.000  0.000000e+00 
  286.000  0.000000e+00 
  287.000  0.000000e+00 
  288.000  0.000000e+00 
  289.000  0.000000e+00 
  290.000  0.000000e+00 
  291.000  0.000000e+00 
  292.000  0.000000e+00 
  293.000  1.814508e-10 
  294.000  3.293802e-09 
  295.000  2.119266e-08 
  296.000  2.173741e-07 
  297.000  9.460230e-07 
  298.000  6.427661e-06 
  299.000  1.796772e-05 
  300.000  6.780119e-05 
  301.000  2.006877e-04 
  302.000  4.279402e-04 
  303.000  1.172984e-03 
  304.000  1.763987e-03 
  305.000  4.025480e-03 
  306.000  6.101975e-03 
  307.000  1.028373e-02 
  308.000  1.420593e-02 
  309.000  1.877143e-02 
  310.000  3.121032e-02 
  311.000  3.763231e-02 
  312.000  4.983102e-02 
  313.000  6.214871e-02 
  314.000  6.777557e-02 
  315.000  8.945537e-02 
  316.000  9.752803e-02 
  317.000  1.112752e-01 
  318.000  1.224622e-01 
  319.000  1.569173e-01 
  320.000  1.304895e-01 
  321.000  1.865989e-01 
  322.000  1.614997e-01 
  323.000  1.913318e-01 
  324.000  2.205343e-01 
  325.000  1.965811e-01 
  326.000  2.349103e-01 
  327.000  2.441504e-01 
  328.000  2.192899e-01 
  329.000  2.660619e-01 
  330.000  2.717281e-01 
  331.000  2.556362e-01 
  332.000  2.848909e-01 
  333.000  2.923171e-01 
  334.000  2.844872e-01 
  335.000  3.055563e-01 
  336.000  3.137053e-01 
  337.000  3.088944e-01 
  338.000  3.187352e-01 
  339.000  3.291109e-01 
  340.000  3.259977e-01 
  341.000  3.363732e-01 
  342.000  3.435535e-01 
  343.000  3.467392e-01 
  344.000  3.466092e-01 
  345.000  3.567687e-01 
  346.000  3.628576e-01 
  347.000  3.676022e-01 
  348.000  3.720778e-01 
  349.000  3.773336e-01 
  350.000  3.817254e-01 
  351.000  3.860496e-01 
  352.000  3.894599e-01 
  353.000  3.948027e-01 
  354.000  3.991652e-01 
  355.000  4.032501e-01 
  356.000  4.072559e-01 
  357.000  4.108023e-01 
  358.000  4.147104e-01 
  359.000  4.186078e-01 
  360.000  4.225476e-01 
  361.000  4.275607e-01 
  362.000  4.327804e-01 
  363.000  4.376176e-01 
  364.000  4.420898e-01 
  365.000  4.462811e-01 
  366.000  4.506220e-01 
  367.000  4.547434e-01 
  368.000  4.588381e-01 
  369.000  4.629081e-01 
  370.000  4.669465e-01 
  371.000  4.709632e-01 
  372.000  4.749565e-01 
  373.000  4.789254e-01 
  374.000  4.828409e-01 
  375.000  4.866916e-01 
  376.000  4.904240e-01 
  377.000  4.939669e-01 
  378.000  4.972746e-01 
  379.000  5.006377e-01 
  380.000  5.043260e-01 
  381.000  5.085098e-01 
  382.000  5.128481e-01 
  383.000  5.169674e-01 
  384.000  5.208902e-01 
  385.000  5.246822e-01 
  386.000  5.283868e-01 
  387.000  5.320395e-01 
  388.000  5.356530e-01 
  389.000  5.392430e-01 
  390.000  5.428104e-01 
  391.000  5.463475e-01 
  392.000  5.498641e-01 
  393.000  5.533575e-01 
  394.000  5.568241e-01 
  395.000  5.602612e-01 
  396.000  5.636811e-01 
  397.000  5.670669e-01 
  398.000  5.704269e-01 
  399.000  5.737633e-01 
  400.000  5.770591e-01 
  401.000  5.803464e-01 
  402.000  5.836119e-01 
  403.000  5.868539e-01 
  404.000  5.900715e-01 
  405.000  5.932586e-01 
  406.000  5.964286e-01 
  407.000  5.995777e-01 
  408.000  6.027035e-01 
  409.000  6.058027e-01 
  410.000  6.088764e-01 
  411.000  6.119238e-01 
  412.000  6.149425e-01 
  413.000  6.179470e-01 
  414.000  6.207004e-01 
  415.000  6.237394e-01 
  416.000  6.267444e-01 
  417.000  6.296980e-01 
  418.000  6.325775e-01 
  419.000  6.354285e-01 
  420.000  6.382570e-01 
  421.000  6.410713e-01 
  422.000  6.438711e-01 
  423.000  6.466527e-01 
  424.000  6.494027e-01 
  425.000  6.520884e-01 
  426.000  6.547506e-01 
  427.000  6.573920e-01 
  428.000  6.599832e-01 
  429.000  6.625376e-01 
  430.000  6.650647e-01 
  431.000  6.675749e-01 
  432.000  6.700612e-01 
  433.000  6.725262e-01 
  434.000  6.749723e-01 
  435.000  6.773967e-01 
  436.000  6.797957e-01 
  437.000  6.821709e-01 
  438.000  6.845211e-01 
  439.000  6.868551e-01 
  440.000  6.891539e-01 
  441.000  6.914256e-01 
  442.000  6.936637e-01 
  443.000  6.958703e-01 
  444.000  6.980447e-01 
  445.000  7.001748e-01 
  446.000  7.022488e-01 
  447.000  7.044284e-01 
  448.000  7.067659e-01 
  449.000  7.091319e-01 
  450.000  7.114550e-01 
  451.000  7.136853e-01 
  452.000  7.158356e-01 
  453.000  7.179444e-01 
  454.000  7.200170e-01 
  455.000  7.219482e-01 
  456.000  7.236964e-01 
  457.000  7.254454e-01 
  458.000  7.271715e-01 
  459.000  7.288613e-01 
  460.000  7.305382e-01 
  461.000  7.321976e-01 
  462.000  7.338259e-01 
  463.000  7.354527e-01 
  464.000  7.377032e-01 
  465.000  7.399232e-01 
  466.000  7.421076e-01 
  467.000  7.442458e-01 
  468.000  7.459323e-01 
  469.000  7.473599e-01 
  470.000  7.486753e-01 
  471.000  7.498627e-01 
  472.000  7.508543e-01 
  473.000  7.515031e-01 
  474.000  7.520286e-01 
  475.000  7.521338e-01 
  476.000  7.518142e-01 
  477.000  7.517471e-01 
  478.000  7.533148e-01 
  479.000  7.557371e-01 
  480.000  7.583580e-01 
  481.000  7.607192e-01 
  482.000  7.629842e-01 
  483.000  7.649540e-01 
  484.000  7.666473e-01 
  485.000  7.681618e-01 
  486.000  7.698346e-01 
  487.000  7.716376e-01 
  488.000  7.733862e-01 
  489.000  7.751046e-01 
  490.000  7.768043e-01 
  491.000  7.780663e-01 
  492.000  7.791985e-01 
  493.000  7.803248e-01 
  494.000  7.814189e-01 
  495.000  7.825127e-01 
  496.000  7.829209e-01 
  497.000  7.832999e-01 
  498.000  7.836709e-01 
  499.000  7.840128e-01 
  500.000  7.843469e-01 
  501.000  7.846168e-01 
  502.000  7.848871e-01 
  503.000  7.851520e-01 
  504.000  7.853968e-01 
  505.000  7.856185e-01 
  506.000  7.868218e-01 
  507.000  7.880703e-01 
  508.000  7.893170e-01 
  509.000  7.905497e-01 
  510.000  7.917571e-01 
  511.000  7.928144e-01 
  512.000  7.938282e-01 
  513.000  7.948362e-01 
  514.000  7.958315e-01 
  515.000  7.968180e-01 
  516.000  7.974511e-01 
  517.000  7.977694e-01 
  518.000  7.980754e-01 
  519.000  7.983731e-01 
  520.000  7.986670e-01 
  521.000  7.989131e-01 
  522.000  7.990363e-01 
  523.000  7.990829e-01 
  524.000  7.991365e-01 
  525.000  7.991470e-01 
  526.000  7.992226e-01 
  527.000  7.990694e-01 
  528.000  7.988217e-01 
  529.000  7.985724e-01 
  530.000  7.983331e-01 
  531.000  7.981004e-01 
  532.000  7.979675e-01 
  533.000  7.984432e-01 
  534.000  7.990639e-01 
  535.000  7.997739e-01 
  536.000  8.004580e-01 
  537.000  8.010774e-01 
  538.000  8.016223e-01 
  539.000  8.021203e-01 
  540.000  8.025825e-01 
  541.000  8.030290e-01 
  542.000  8.034526e-01 
  543.000  8.038585e-01 
  544.000  8.041205e-01 
  545.000  8.042629e-01 
  546.000  8.043931e-01 
  547.000  8.045306e-01 
  548.000  8.046551e-01 
  549.000  8.047759e-01 
  550.000  8.047379e-01 
  551.000  8.045484e-01 
  552.000  8.043642e-01 
  553.000  8.041545e-01 
  554.000  8.039334e-01 
  555.000  8.037058e-01 
  556.000  8.034210e-01 
  557.000  8.030418e-01 
  558.000  8.026490e-01 
  559.000  8.022347e-01 
  560.000  8.017676e-01 
  561.000  8.012520e-01 
  562.000  8.004504e-01 
  563.000  7.998809e-01 
  564.000  7.991975e-01 
  565.000  7.982718e-01 
  566.000  7.975420e-01 
  567.000  7.958112e-01 
  568.000  7.917371e-01 
  569.000  7.843451e-01 
  570.000  7.849656e-01 
  571.000  7.892628e-01 
  572.000  7.840518e-01 
  573.000  7.848108e-01 
  574.000  7.844008e-01 
  575.000  7.838323e-01 
  576.000  7.842279e-01 
  577.000  7.862368e-01 
  578.000  7.890607e-01 
  579.000  7.918192e-01 
  580.000  7.947541e-01 
  581.000  7.987701e-01 
  582.000  8.016625e-01 
  583.000  8.036500e-01 
  584.000  8.056049e-01 
  585.000  8.070697e-01 
  586.000  8.086508e-01 
  587.000  8.073760e-01 
  588.000  7.983662e-01 
  589.000  7.829493e-01 
  590.000  7.824217e-01 
  591.000  7.938001e-01 
  592.000  7.884092e-01 
  593.000  8.012830e-01 
  594.000  7.989146e-01 
  595.000  7.905062e-01 
  596.000  8.024060e-01 
  597.000  7.988774e-01 
  598.000  8.031847e-01 
  599.000  8.044707e-01 
  600.000  8.082693e-01 
  601.000  8.102405e-01 
  602.000  8.104033e-01 
  603.000  8.118241e-01 
  604.000  8.141243e-01 
  605.000  8.158252e-01 
  606.000  8.171452e-01 
  607.000  8.184277e-01 
  608.000  8.196719e-01 
  609.000  8.208706e-01 
  610.000  8.221207e-01 
  611.000  8.235321e-01 
  612.000  8.249195e-01 
  613.000  8.262710e-01 
  614.000  8.275898e-01 
  615.000  8.289057e-01 
  616.000  8.301821e-01 
  617.000  8.314005e-01 
  618.000  8.324319e-01 
  619.000  8.333249e-01 
  620.000  8.341655e-01 
  621.000  8.349143e-01 
  622.000  8.355712e-01 
  623.000  8.360730e-01 
  624.000  8.365945e-01 
  625.000  8.370609e-01 
  626.000  8.368738e-01 
  627.000  8.325637e-01 
  628.000  8.020548e-01 
  629.000  8.215434e-01 
  630.000  8.255922e-01 
  631.000  8.319280e-01 
  632.000  8.325176e-01 
  633.000  8.395649e-01 
  634.000  8.440776e-01 
  635.000  8.464739e-01 
  636.000  8.496738e-01 
  637.000  8.524305e-01 
  638.000  8.566624e-01 
  639.000  8.587797e-01 
  640.000  8.618108e-01 
  641.000  8.639071e-01 
  642.000  8.661494e-01 
  643.000  8.662190e-01 
  644.000  8.676402e-01 
  645.000  8.668004e-01 
  646.000  8.592336e-01 
  647.000  8.540745e-01 
  648.000  8.481334e-01 
  649.000  8.554518e-01 
  650.000  8.684528e-01 
  651.000  8.694228e-01 
  652.000  8.598097e-01 
  653.000  8.729526e-01 
  654.000  8.725796e-01 
  655.000  8.691014e-01 
  656.000  8.716165e-01 
  657.000  8.749510e-01 
  658.000  8.800704e-01 
  659.000  8.834624e-01 
  660.000  8.851606e-01 
  661.000  8.893051e-01 
  662.000  8.914899e-01 
  663.000  8.922725e-01 
  664.000  8.936546e-01 
  665.000  8.950821e-01 
  666.000  8.967617e-01 
  667.000  8.982428e-01 
  668.000  8.998892e-01 
  669.000  9.011812e-01 
  670.000  9.023701e-01 
  671.000  9.036004e-01 
  672.000  9.047413e-01 
  673.000  9.058676e-01 
  674.000  9.069864e-01 
  675.000  9.081059e-01 
  676.000  9.091613e-01 
  677.000  9.101247e-01 
  678.000  9.110894e-01 
  679.000  9.119336e-01 
  680.000  9.122591e-01 
  681.000  9.123890e-01 
  682.000  9.130452e-01 
  683.000  9.137346e-01 
  684.000  9.136747e-01 
  685.000  9.150315e-01 
  686.000  9.111025e-01 
  687.000  7.674845e-01 
  688.000  8.122691e-01 
  689.000  7.998945e-01 
  690.000  8.234276e-01 
  691.000  8.551411e-01 
  692.000  8.755939e-01 
  693.000  8.730249e-01 
  694.000  8.659489e-01 
  695.000  8.775919e-01 
  696.000  8.843225e-01 
  697.000  9.101304e-01 
  698.000  9.053450e-01 
  699.000  8.830178e-01 
  700.000  8.871215e-01 
  701.000  8.823805e-01 
  702.000  8.864328e-01 
  703.000  9.057806e-01 
  704.000  9.069340e-01 
  705.000  8.993694e-01 
  706.000  9.011665e-01 
  707.000  9.042414e-01 
  708.000  9.075438e-01 
  709.000  9.140248e-01 
  710.000  9.076661e-01 
  711.000  9.146890e-01 
  712.000  9.207076e-01 
  713.000  9.163435e-01 
  714.000  9.150429e-01 
  715.000  9.078080e-01 
  716.000  9.002914e-01 
  717.000  8.509400e-01 
  718.000  8.206689e-01 
  719.000  8.099347e-01 
  720.000  7.935445e-01 
  721.000  8.665614e-01 
  722.000  8.927035e-01 
  723.000  8.783487e-01 
  724.000  8.370309e-01 
  725.000  8.434106e-01 
  726.000  8.416111e-01 
  727.000  8.476554e-01 
  728.000  8.413743e-01 
  729.000  8.574653e-01 
  730.000  8.548356e-01 
  731.000  8.516268e-01 
  732.000  8.786907e-01 
  733.000  9.046146e-01 
  734.000  9.171703e-01 
  735.000  9.129416e-01 
  736.000  9.048910e-01 
  737.000  9.111547e-01 
  738.000  9.197253e-01 
  739.000  9.234725e-01 
  740.000  9.316595e-01 
  741.000  9.364330e-01 
  742.000  9.384966e-01 
  743.000  9.424867e-01 
  744.000  9.444702e-01 
  745.000  9.462435e-01 
  746.000  9.475043e-01 
  747.000  9.477866e-01 
  748.000  9.492706e-01 
  749.000  9.500938e-01 
  750.000  9.498305e-01 
  751.000  9.502240e-01 
  752.000  9.515872e-01 
  753.000  9.522244e-01 
  754.000  9.527543e-01 
  755.000  9.531450e-01 
  756.000  9.535478e-01 
  757.000  9.538394e-01 
  758.000  9.517032e-01 
  759.000  8.732141e-01 
  760.000  3.346517e-01 
  761.000  2.895671e-01 
  762.000  5.835174e-01 
  763.000  4.879573e-01 
  764.000  5.349493e-01 
  765.000  6.446050e-01 
  766.000  7.819926e-01 
  767.000  8.532982e-01 
  768.000  9.006333e-01 
  769.000  9.321944e-01 
  770.000  9.502392e-01 
  771.000  9.579771e-01 
  772.000  9.600194e-01 
  773.000  9.610006e-01 
  774.000  9.623011e-01 
  775.000  9.631220e-01 
  776.000  9.637039e-01 
  777.000  9.639102e-01 
  778.000  9.639452e-01 
  779.000  9.639531e-01 
  780.000  9.639529e-01 
  781.000  9.645430e-01 
  782.000  9.645259e-01 
  783.000  9.645267e-01 
  784.000  9.641421e-01 
  785.000  9.624203e-01 
  786.000  9.596171e-01 
  787.000  9.540146e-01 
  788.000  9.508604e-01 
  789.000  9.394144e-01 
  790.000  9.384937e-01 
  791.000  9.407371e-01 
  792.000  9.428153e-01 
  793.000  9.475701e-01 
  794.000  9.575812e-01 
  795.000  9.515691e-01 
  796.000  9.354501e-01 
  797.000  9.401415e-01 
  798.000  9.504310e-01 
  799.000  9.481611e-01 
  800.000  9.407799e-01 
  801.000  9.417291e-01 
  802.000  9.410386e-01 
  803.000  9.421892e-01 
  804.000  9.457504e-01 
  805.000  9.525172e-01 
  806.000  9.565805e-01 
  807.000  9.568187e-01 
  808.000  9.546093e-01 
  809.000  9.518795e-01 
  810.000  9.488825e-01 
  811.000  9.426702e-01 
  812.000  9.342895e-01 
  813.000  9.240112e-01 
  814.000  9.104353e-01 
  815.000  8.935406e-01 
  816.000  8.718646e-01 
  817.000  8.731204e-01 
  818.000  8.749398e-01 
  819.000  8.821493e-01 
  820.000  9.061351e-01 
  821.000  9.335307e-01 
  822.000  9.127818e-01 
  823.000  8.548781e-01 
  824.000  9.037593e-01 
  825.000  9.352608e-01 
  826.000  9.299442e-01 
  827.000  9.260176e-01 
  828.000  9.053527e-01 
  829.000  9.128586e-01 
  830.000  9.212667e-01 
  831.000  9.232785e-01 
  832.000  9.241917e-01 
  833.000  9.290624e-01 
  834.000  9.347896e-01 
  835.000  9.461054e-01 
  836.000  9.425297e-01 
  837.000  9.421943e-01 
  838.000  9.477288e-01 
  839.000  9.511060e-01 
  840.000  9.523635e-01 
  841.000  9.487989e-01 
  842.000  9.520888e-01 
  843.000  9.598388e-01 
  844.000  9.633803e-01 
  845.000  9.650556e-01 
  846.000  9.668148e-01 
  847.000  9.682801e-01 
  848.000  9.656805e-01 
  849.000  9.661265e-01 
  850.000  9.646323e-01 
  851.000  9.628413e-01 
  852.000  9.630711e-01 
  853.000  9.661507e-01 
  854.000  9.660317e-01 
  855.000  9.676019e-01 
  856.000  9.704300e-01 
  857.000  9.717217e-01 
  858.000  9.725462e-01 
  859.000  9.739532e-01 
  860.000  9.750034e-01 
  861.000  9.751902e-01 
  862.000  9.757635e-01 
  863.000  9.758684e-01 
  864.000  9.762726e-01 
  865.000  9.766094e-01 
  866.000  9.767240e-01 
  867.000  9.767028e-01 
  868.000  9.767842e-01 
  869.000  9.769187e-01 
  870.000  9.768779e-01 
  871.000  9.770064e-01 
  872.000  9.772729e-01 
  873.000  9.770730e-01 
  874.000  9.769796e-01 
  875.000  9.769830e-01 
  876.000  9.766093e-01 
  877.000  9.764355e-01 
  878.000  9.754500e-01 
  879.000  9.754085e-01 
  880.000  9.746895e-01 
  881.000  9.741936e-01 
  882.000  9.737186e-01 
  883.000  9.742621e-01 
  884.000  9.745017e-01 
  885.000  9.728906e-01 
  886.000  9.706559e-01 
  887.000  9.723797e-01 
  888.000  9.722993e-01 
  889.000  9.729534e-01 
  890.000  9.714765e-01 
  891.000  9.692551e-01 
  892.000  9.632476e-01 
  893.000  9.449168e-01 
  894.000  9.357914e-01 
  895.000  9.079090e-01 
  896.000  8.829004e-01 
  897.000  8.565273e-01 
  898.000  8.442083e-01 
  899.000  8.094794e-01 
  900.000  8.145014e-01 
  901.000  8.055037e-01 
  902.000  8.072255e-01 
  903.000  8.656511e-01 
  904.000  9.013625e-01 
  905.000  9.001188e-01 
  906.000  8.778451e-01 
  907.000  8.384604e-01 
  908.000  8.125243e-01 
  909.000  8.136385e-01 
  910.000  8.175688e-01 
  911.000  8.348237e-01 
  912.000  8.265113e-01 
  913.000  7.903256e-01 
  914.000  8.082563e-01 
  915.000  8.224071e-01 
  916.000  8.262733e-01 
  917.000  8.339860e-01 
  918.000  8.439442e-01 
  919.000  8.777227e-01 
  920.000  9.032813e-01 
  921.000  8.977074e-01 
  922.000  8.972619e-01 
  923.000  8.901721e-01 
  924.000  8.730901e-01 
  925.000  8.716596e-01 
  926.000  8.711697e-01 
  927.000  8.511418e-01 
  928.000  8.203419e-01 
  929.000  7.759190e-01 
  930.000  7.195319e-01 
  931.000  6.566729e-01 
  932.000  5.743776e-01 
  933.000  5.134720e-01 
  934.000  4.512409e-01 
  935.000  4.445521e-01 
  936.000  4.690261e-01 
  937.000  4.628975e-01 
  938.000  5.324032e-01 
  939.000  7.127824e-01 
  940.000  7.397393e-01 
  941.000  7.166504e-01 
  942.000  6.598793e-01 
  943.000  5.654688e-01 
  944.000  5.588321e-01 
  945.000  5.927150e-01 
  946.000  5.946912e-01 
  947.000  6.251259e-01 
  948.000  6.429684e-01 
  949.000  6.407372e-01 
  950.000  6.453379e-01 
  951.000  6.851901e-01 
  952.000  6.427830e-01 
  953.000  6.727057e-01 
  954.000  7.048128e-01 
  955.000  6.789970e-01 
  956.000  6.733559e-01 
  957.000  7.543880e-01 
  958.000  7.649690e-01 
  959.000  7.516092e-01 
  960.000  7.477758e-01 
  961.000  7.410924e-01 
  962.000  7.472989e-01 
  963.000  7.917454e-01 
  964.000  7.981719e-01 
  965.000  7.939931e-01 
  966.000  7.964623e-01 
  967.000  8.281748e-01 
  968.000  8.810430e-01 
  969.000  9.049202e-01 
  970.000  9.062371e-01 
  971.000  9.056919e-01 
  972.000  8.989384e-01 
  973.000  8.833163e-01 
  974.000  8.642820e-01 
  975.000  8.520529e-01 
  976.000  8.670447e-01 
  977.000  8.917914e-01 
  978.000  8.898170e-01 
  979.000  8.962571e-01 
  980.000  9.214818e-01 
  981.000  9.270898e-01 
  982.000  9.215163e-01 
  983.000  9.344695e-01 
  984.000  9.477941e-01 
  985.000  9.553698e-01 
  986.000  9.651355e-01 
  987.000  9.693765e-01 
  988.000  9.703619e-01 
  989.000  9.709979e-01 
  990.000  9.720438e-01 
  991.000  9.756848e-01 
  992.000  9.767302e-01 
  993.000  9.771311e-01 
  994.000  9.798807e-01 
  995.000  9.820977e-01 
  996.000  9.820889e-01 
  997.000  9.807912e-01 
  998.000  9.790030e-01 
  999.000  9.786654e-01 
 1000.000  9.792020e-01 
 1001.000  9.761024e-01 
 1002.000  9.705671e-01 
 1003.000  9.719027e-01 
 1004.000  9.751132e-01 
 1005.000  9.765897e-01 
 1006.000  9.770440e-01 
 1007.000  9.759985e-01 
 1008.000  9.714832e-01 
 1009.000  9.654355e-01 
 1010.000  9.681402e-01 
 1011.000  9.745706e-01 
 1012.000  9.770246e-01 
 1013.000  9.785457e-01 
 1014.000  9.793887e-01 
 1015.000  9.795417e-01 
 1016.000  9.801955e-01 
 1017.000  9.807460e-01 
 1018.000  9.795543e-01 
 1019.000  9.779376e-01 
 1020.000  9.783066e-01 
 1021.000  9.797211e-01 
 1022.000  9.775980e-01 
 1023.000  9.753154e-01 
 1024.000  9.739369e-01 
 1025.000  9.780718e-01 
 1026.000  9.792577e-01 
 1027.000  9.786966e-01 
 1028.000  9.790490e-01 
 1029.000  9.810058e-01 
 1030.000  9.825892e-01 
 1031.000  9.833207e-01 
 1032.000  9.841140e-01 
 1033.000  9.840381e-01 
 1034.000  9.845678e-01 
 1035.000  9.847586e-01 
 1036.000  9.844635e-01 
 1037.000  9.843891e-01 
 1038.000  9.845420e-01 
 1039.000  9.842103e-01 
 1040.000  9.838879e-01 
 1041.000  9.836382e-01 
 1042.000  9.835551e-01 
 1043.000  9.835098e-01 
 1044.000  9.832571e-01 
 1045.000  9.825869e-01 
 1046.000  9.821153e-01 
 1047.000  9.815325e-01 
 1048.000  9.806469e-01 
 1049.000  9.796781e-01 
 1050.000  9.789157e-01 
 1051.000  9.781513e-01 
 1052.000  9.774439e-01 
 1053.000  9.770650e-01 
 1054.000  9.760841e-01 
 1055.000  9.752469e-01 
 1056.000  9.743021e-01 
 1057.000  9.724539e-01 
 1058.000  9.692773e-01 
 1059.000  9.691657e-01 
 1060.000  9.702688e-01 
 1061.000  9.697055e-01 
 1062.000  9.676446e-01 
 1063.000  9.666345e-01 
 1064.000  9.648190e-01 
 1065.000  9.629518e-01 
 1066.000  9.630622e-01 
 1067.000  9.620784e-01 
 1068.000  9.593709e-01 
 1069.000  9.584150e-01 
 1070.000  9.595135e-01 
 1071.000  9.578003e-01 
 1072.000  9.558923e-01 
 1073.000  9.558502e-01 
 1074.000  9.565837e-01 
 1075.000  9.603522e-01 
 1076.000  9.585760e-01 
 1077.000  9.560475e-01 
 1078.000  9.529930e-01 
 1079.000  9.528514e-01 
 1080.000  9.440992e-01 
 1081.000  9.438150e-01 
 1082.000  9.479750e-01 
 1083.000  9.434258e-01 
 1084.000  9.383872e-01 
 1085.000  9.260995e-01 
 1086.000  9.291759e-01 
 1087.000  9.430211e-01 
 1088.000  9.436990e-01 
 1089.000  9.271597e-01 
 1090.000  9.241554e-01 
 1091.000  9.274455e-01 
 1092.000  9.193173e-01 
 1093.000  9.009198e-01 
 1094.000  8.929467e-01 
 1095.000  8.943218e-01 
 1096.000  8.955674e-01 
 1097.000  8.919708e-01 
 1098.000  8.470437e-01 
 1099.000  8.087603e-01 
 1100.000  8.114073e-01 
 1101.000  8.167451e-01 
 1102.000  8.142511e-01 
 1103.000  8.177899e-01 
 1104.000  8.114067e-01 
 1105.000  7.953439e-01 
 1106.000  7.791336e-01 
 1107.000  7.831934e-01 
 1108.000  7.861712e-01 
 1109.000  8.000497e-01 
 1110.000  7.983382e-01 
 1111.000  7.906460e-01 
 1112.000  7.565944e-01 
 1113.000  7.099992e-01 
 1114.000  6.972728e-01 
 1115.000  6.401424e-01 
 1116.000  6.048892e-01 
 1117.000  5.238838e-01 
 1118.000  4.502690e-01 
 1119.000  4.114493e-01 
 1120.000  3.638059e-01 
 1121.000  3.532858e-01 
 1122.000  3.046966e-01 
 1123.000  3.308534e-01 
 1124.000  3.485905e-01 
 1125.000  3.392270e-01 
 1126.000  3.355189e-01 
 1127.000  3.397160e-01 
 1128.000  3.478182e-01 
 1129.000  3.961023e-01 
 1130.000  5.100132e-01 
 1131.000  5.432994e-01 
 1132.000  4.977359e-01 
 1133.000  4.155207e-01 
 1134.000  2.701156e-01 
 1135.000  2.809904e-01 
 1136.000  4.275874e-01 
 1137.000  5.094807e-01 
 1138.000  5.897174e-01 
 1139.000  6.145290e-01 
 1140.000  5.992377e-01 
 1141.000  5.683296e-01 
 1142.000  5.573801e-01 
 1143.000  5.231636e-01 
 1144.000  4.848785e-01 
 1145.000  4.298698e-01 
 1146.000  4.428368e-01 
 1147.000  4.859182e-01 
 1148.000  5.244035e-01 
 1149.000  5.400873e-01 
 1150.000  5.410916e-01 
 1151.000  5.646966e-01 
 1152.000  5.762257e-01 
 1153.000  5.931798e-01 
 1154.000  5.883684e-01 
 1155.000  6.203234e-01 
 1156.000  6.561075e-01 
 1157.000  7.291546e-01 
 1158.000  7.593255e-01 
 1159.000  7.853081e-01 
 1160.000  7.961029e-01 
 1161.000  8.232659e-01 
 1162.000  8.430383e-01 
 1163.000  8.670704e-01 
 1164.000  8.726734e-01 
 1165.000  8.745815e-01 
 1166.000  8.796890e-01 
 1167.000  8.828004e-01 
 1168.000  8.816066e-01 
 1169.000  8.850782e-01 
 1170.000  8.882250e-01 
 1171.000  8.966489e-01 
 1172.000  8.916947e-01 
 1173.000  8.868114e-01 
 1174.000  8.871176e-01 
 1175.000  9.004315e-01 
 1176.000  9.126804e-01 
 1177.000  9.069304e-01 
 1178.000  8.951324e-01 
 1179.000  8.951703e-01 
 1180.000  8.909254e-01 
 1181.000  8.799183e-01 
 1182.000  8.689944e-01 
 1183.000  8.703464e-01 
 1184.000  8.766446e-01 
 1185.000  8.920330e-01 
 1186.000  8.875049e-01 
 1187.000  8.718132e-01 
 1188.000  8.682622e-01 
 1189.000  8.780775e-01 
 1190.000  9.029185e-01 
 1191.000  9.103012e-01 
 1192.000  9.208933e-01 
 1193.000  9.186251e-01 
 1194.000  9.170424e-01 
 1195.000  9.066004e-01 
 1196.000  9.080548e-01 
 1197.000  9.029700e-01 
 1198.000  9.018420e-01 
 1199.000  8.954610e-01 
 1200.000  8.991497e-01 
