  250.000  0.000000e+00 
  251.000  0.000000e+00 
  252.000  0.000000e+00 
  253.000  0.000000e+00 
  254.000  0.000000e+00 
  255.000  0.000000e+00 
  256.000  0.000000e+00 
  257.000  0.000000e+00 
  258.000  0.000000e+00 
  259.000  0.000000e+00 
  260.000  0.000000e+00 
  261.000  0.000000e+00 
  262.000  0.000000e+00 
  263.000  0.000000e+00 
  264.000  0.000000e+00 
  265.000  0.000000e+00 
  266.000  0.000000e+00 
  267.000  0.000000e+00 
  268.000  0.000000e+00 
  269.000  0.000000e+00 
  270.000  0.000000e+00 
  271.000  0.000000e+00 
  272.000  0.000000e+00 
  273.000  0.000000e+00 
  274.000  0.000000e+00 
  275.000  0.000000e+00 
  276.000  0.000000e+00 
  277.000  0.000000e+00 
  278.000  0.000000e+00 
  279.000  0.000000e+00 
  280.000  0.000000e+00 
  281.000  0.000000e+00 
  282.000  0.000000e+00 
  283.000  0.000000e+00 
  284.000  0.000000e+00 
  285.000  0.000000e+00 
  286.000  0.000000e+00 
  287.000  0.000000e+00 
  288.000  0.000000e+00 
  289.000  0.000000e+00 
  290.000  0.000000e+00 
  291.000  0.000000e+00 
  292.000  0.000000e+00 
  293.000  6.324530e-07 
  294.000  4.001022e-06 
  295.000  1.308168e-05 
  296.000  5.754945e-05 
  297.000  1.467178e-04 
  298.000  4.966307e-04 
  299.000  9.552824e-04 
  300.000  2.224083e-03 
  301.000  4.436684e-03 
  302.000  7.183475e-03 
  303.000  1.364595e-02 
  304.000  1.769171e-02 
  305.000  2.990839e-02 
  306.000  3.897211e-02 
  307.000  5.432564e-02 
  308.000  6.672658e-02 
  309.000  7.967397e-02 
  310.000  1.101098e-01 
  311.000  1.240334e-01 
  312.000  1.482983e-01 
  313.000  1.706806e-01 
  314.000  1.803588e-01 
  315.000  2.151991e-01 
  316.000  2.273624e-01 
  317.000  2.472650e-01 
  318.000  2.628075e-01 
  319.000  3.077188e-01 
  320.000  2.736431e-01 
  321.000  3.435841e-01 
  322.000  3.134074e-01 
  323.000  3.491046e-01 
  324.000  3.821308e-01 
  325.000  3.551695e-01 
  326.000  3.978001e-01 
  327.000  4.076875e-01 
  328.000  3.807572e-01 
  329.000  4.306058e-01 
  330.000  4.364191e-01 
  331.000  4.197903e-01 
  332.000  4.497563e-01 
  333.000  4.571819e-01 
  334.000  4.493506e-01 
  335.000  4.702521e-01 
  336.000  4.781947e-01 
  337.000  4.735149e-01 
  338.000  4.830598e-01 
  339.000  4.930082e-01 
  340.000  4.900354e-01 
  341.000  4.999036e-01 
  342.000  5.066682e-01 
  343.000  5.096530e-01 
  344.000  5.095314e-01 
  345.000  5.189854e-01 
  346.000  5.246046e-01 
  347.000  5.289595e-01 
  348.000  5.330487e-01 
  349.000  5.378281e-01 
  350.000  5.418032e-01 
  351.000  5.457009e-01 
  352.000  5.487638e-01 
  353.000  5.535425e-01 
  354.000  5.574270e-01 
  355.000  5.610505e-01 
  356.000  5.645908e-01 
  357.000  5.677145e-01 
  358.000  5.711455e-01 
  359.000  5.745554e-01 
  360.000  5.779907e-01 
  361.000  5.823450e-01 
  362.000  5.868592e-01 
  363.000  5.910249e-01 
  364.000  5.948613e-01 
  365.000  5.984440e-01 
  366.000  6.021418e-01 
  367.000  6.056405e-01 
  368.000  6.091053e-01 
  369.000  6.125379e-01 
  370.000  6.159332e-01 
  371.000  6.192995e-01 
  372.000  6.226360e-01 
  373.000  6.259419e-01 
  374.000  6.291937e-01 
  375.000  6.323823e-01 
  376.000  6.354641e-01 
  377.000  6.383817e-01 
  378.000  6.410987e-01 
  379.000  6.438544e-01 
  380.000  6.468689e-01 
  381.000  6.502787e-01 
  382.000  6.538037e-01 
  383.000  6.571407e-01 
  384.000  6.603096e-01 
  385.000  6.633645e-01 
  386.000  6.663412e-01 
  387.000  6.692689e-01 
  388.000  6.721579e-01 
  389.000  6.750212e-01 
  390.000  6.778595e-01 
  391.000  6.806671e-01 
  392.000  6.834519e-01 
  393.000  6.862119e-01 
  394.000  6.889445e-01 
  395.000  6.916476e-01 
  396.000  6.943313e-01 
  397.000  6.969824e-01 
  398.000  6.996076e-01 
  399.000  7.022088e-01 
  400.000  7.047730e-01 
  401.000  7.073253e-01 
  402.000  7.098554e-01 
  403.000  7.123622e-01 
  404.000  7.148452e-01 
  405.000  7.172999e-01 
  406.000  7.197365e-01 
  407.000  7.221525e-01 
  408.000  7.245460e-01 
  409.000  7.269147e-01 
  410.000  7.292596e-01 
  411.000  7.315802e-01 
  412.000  7.338747e-01 
  413.000  7.361546e-01 
  414.000  7.382401e-01 
  415.000  7.405382e-01 
  416.000  7.428065e-01 
  417.000  7.450323e-01 
  418.000  7.471985e-01 
  419.000  7.493398e-01 
  420.000  7.514606e-01 
  421.000  7.535676e-01 
  422.000  7.556602e-01 
  423.000  7.577361e-01 
  424.000  7.597851e-01 
  425.000  7.617831e-01 
  426.000  7.637608e-01 
  427.000  7.657201e-01 
  428.000  7.676394e-01 
  429.000  7.695287e-01 
  430.000  7.713953e-01 
  431.000  7.732468e-01 
  432.000  7.750782e-01 
  433.000  7.768915e-01 
  434.000  7.786885e-01 
  435.000  7.804672e-01 
  436.000  7.822250e-01 
  437.000  7.839631e-01 
  438.000  7.856808e-01 
  439.000  7.873845e-01 
  440.000  7.890605e-01 
  441.000  7.907147e-01 
  442.000  7.923425e-01 
  443.000  7.939456e-01 
  444.000  7.955234e-01 
  445.000  7.970673e-01 
  446.000  7.985690e-01 
  447.000  8.001453e-01 
  448.000  8.018340e-01 
  449.000  8.035410e-01 
  450.000  8.052152e-01 
  451.000  8.068206e-01 
  452.000  8.083667e-01 
  453.000  8.098814e-01 
  454.000  8.113684e-01 
  455.000  8.127526e-01 
  456.000  8.140045e-01 
  457.000  8.152558e-01 
  458.000  8.164897e-01 
  459.000  8.176966e-01 
  460.000  8.188933e-01 
  461.000  8.200765e-01 
  462.000  8.212366e-01 
  463.000  8.223946e-01 
  464.000  8.239952e-01 
  465.000  8.255723e-01 
  466.000  8.271224e-01 
  467.000  8.286383e-01 
  468.000  8.298326e-01 
  469.000  8.308430e-01 
  470.000  8.317732e-01 
  471.000  8.326125e-01 
  472.000  8.333129e-01 
  473.000  8.337711e-01 
  474.000  8.341420e-01 
  475.000  8.342164e-01 
  476.000  8.339906e-01 
  477.000  8.339434e-01 
  478.000  8.350497e-01 
  479.000  8.367573e-01 
  480.000  8.386029e-01 
  481.000  8.402635e-01 
  482.000  8.418548e-01 
  483.000  8.432371e-01 
  484.000  8.444245e-01 
  485.000  8.454857e-01 
  486.000  8.466569e-01 
  487.000  8.479182e-01 
  488.000  8.491403e-01 
  489.000  8.503407e-01 
  490.000  8.515268e-01 
  491.000  8.524068e-01 
  492.000  8.531958e-01 
  493.000  8.539805e-01 
  494.000  8.547423e-01 
  495.000  8.555035e-01 
  496.000  8.557875e-01 
  497.000  8.560510e-01 
  498.000  8.563090e-01 
  499.000  8.565468e-01 
  500.000  8.567790e-01 
  501.000  8.569667e-01 
  502.000  8.571545e-01 
  503.000  8.573385e-01 
  504.000  8.575087e-01 
  505.000  8.576627e-01 
  506.000  8.584985e-01 
  507.000  8.593650e-01 
  508.000  8.602299e-01 
  509.000  8.610846e-01 
  510.000  8.619213e-01 
  511.000  8.626536e-01 
  512.000  8.633554e-01 
  513.000  8.640528e-01 
  514.000  8.647412e-01 
  515.000  8.654232e-01 
  516.000  8.658607e-01 
  517.000  8.660806e-01 
  518.000  8.662919e-01 
  519.000  8.664976e-01 
  520.000  8.667005e-01 
  521.000  8.668705e-01 
  522.000  8.669555e-01 
  523.000  8.669878e-01 
  524.000  8.670248e-01 
  525.000  8.670320e-01 
  526.000  8.670843e-01 
  527.000  8.669785e-01 
  528.000  8.668074e-01 
  529.000  8.666353e-01 
  530.000  8.664700e-01 
  531.000  8.663092e-01 
  532.000  8.662174e-01 
  533.000  8.665460e-01 
  534.000  8.669747e-01 
  535.000  8.674648e-01 
  536.000  8.679368e-01 
  537.000  8.683642e-01 
  538.000  8.687400e-01 
  539.000  8.690834e-01 
  540.000  8.694021e-01 
  541.000  8.697098e-01 
  542.000  8.700017e-01 
  543.000  8.702815e-01 
  544.000  8.704621e-01 
  545.000  8.705601e-01 
  546.000  8.706497e-01 
  547.000  8.707445e-01 
  548.000  8.708302e-01 
  549.000  8.709133e-01 
  550.000  8.708872e-01 
  551.000  8.707567e-01 
  552.000  8.706298e-01 
  553.000  8.704854e-01 
  554.000  8.703330e-01 
  555.000  8.701763e-01 
  556.000  8.699800e-01 
  557.000  8.697187e-01 
  558.000  8.694479e-01 
  559.000  8.691624e-01 
  560.000  8.688406e-01 
  561.000  8.684857e-01 
  562.000  8.680335e-01 
  563.000  8.676491e-01 
  564.000  8.672023e-01 
  565.000  8.666349e-01 
  566.000  8.660840e-01 
  567.000  8.652073e-01 
  568.000  8.634067e-01 
  569.000  8.603974e-01 
  570.000  8.602465e-01 
  571.000  8.614775e-01 
  572.000  8.592098e-01 
  573.000  8.591281e-01 
  574.000  8.587554e-01 
  575.000  8.583885e-01 
  576.000  8.586510e-01 
  577.000  8.596367e-01 
  578.000  8.609753e-01 
  579.000  8.626435e-01 
  580.000  8.647116e-01 
  581.000  8.672701e-01 
  582.000  8.692834e-01 
  583.000  8.708722e-01 
  584.000  8.722581e-01 
  585.000  8.734526e-01 
  586.000  8.745458e-01 
  587.000  8.746724e-01 
  588.000  8.721129e-01 
  589.000  8.670806e-01 
  590.000  8.671477e-01 
  591.000  8.713546e-01 
  592.000  8.696885e-01 
  593.000  8.743599e-01 
  594.000  8.737326e-01 
  595.000  8.709884e-01 
  596.000  8.749170e-01 
  597.000  8.733802e-01 
  598.000  8.745525e-01 
  599.000  8.745883e-01 
  600.000  8.755670e-01 
  601.000  8.759984e-01 
  602.000  8.757864e-01 
  603.000  8.764423e-01 
  604.000  8.776140e-01 
  605.000  8.786055e-01 
  606.000  8.794634e-01 
  607.000  8.802994e-01 
  608.000  8.811432e-01 
  609.000  8.819581e-01 
  610.000  8.828120e-01 
  611.000  8.837760e-01 
  612.000  8.847231e-01 
  613.000  8.856452e-01 
  614.000  8.865444e-01 
  615.000  8.874412e-01 
  616.000  8.883106e-01 
  617.000  8.891400e-01 
  618.000  8.898418e-01 
  619.000  8.904492e-01 
  620.000  8.910207e-01 
  621.000  8.915296e-01 
  622.000  8.919759e-01 
  623.000  8.923168e-01 
  624.000  8.926714e-01 
  625.000  8.929896e-01 
  626.000  8.931220e-01 
  627.000  8.912165e-01 
  628.000  8.652229e-01 
  629.000  8.826205e-01 
  630.000  8.840718e-01 
  631.000  8.889819e-01 
  632.000  8.915597e-01 
  633.000  8.958108e-01 
  634.000  8.987477e-01 
  635.000  9.007691e-01 
  636.000  9.027682e-01 
  637.000  9.046188e-01 
  638.000  9.069418e-01 
  639.000  9.084839e-01 
  640.000  9.103496e-01 
  641.000  9.117782e-01 
  642.000  9.131947e-01 
  643.000  9.136937e-01 
  644.000  9.147186e-01 
  645.000  9.149647e-01 
  646.000  9.129347e-01 
  647.000  9.116725e-01 
  648.000  9.101136e-01 
  649.000  9.130789e-01 
  650.000  9.178245e-01 
  651.000  9.185402e-01 
  652.000  9.157470e-01 
  653.000  9.204540e-01 
  654.000  9.207528e-01 
  655.000  9.200469e-01 
  656.000  9.212757e-01 
  657.000  9.226536e-01 
  658.000  9.247229e-01 
  659.000  9.262630e-01 
  660.000  9.272775e-01 
  661.000  9.290404e-01 
  662.000  9.302518e-01 
  663.000  9.308325e-01 
  664.000  9.317136e-01 
  665.000  9.325557e-01 
  666.000  9.334527e-01 
  667.000  9.342965e-01 
  668.000  9.351958e-01 
  669.000  9.359927e-01 
  670.000  9.367587e-01 
  671.000  9.375347e-01 
  672.000  9.382836e-01 
  673.000  9.390267e-01 
  674.000  9.397659e-01 
  675.000  9.405038e-01 
  676.000  9.412047e-01 
  677.000  9.418430e-01 
  678.000  9.424802e-01 
  679.000  9.430800e-01 
  680.000  9.435235e-01 
  681.000  9.439071e-01 
  682.000  9.444466e-01 
  683.000  9.449089e-01 
  684.000  9.451127e-01 
  685.000  9.459438e-01 
  686.000  9.428764e-01 
  687.000  8.245816e-01 
  688.000  8.612885e-01 
  689.000  8.515044e-01 
  690.000  8.705493e-01 
  691.000  8.976617e-01 
  692.000  9.173015e-01 
  693.000  9.244207e-01 
  694.000  9.269198e-01 
  695.000  9.333714e-01 
  696.000  9.368637e-01 
  697.000  9.468302e-01 
  698.000  9.454351e-01 
  699.000  9.375538e-01 
  700.000  9.392685e-01 
  701.000  9.377216e-01 
  702.000  9.393889e-01 
  703.000  9.465994e-01 
  704.000  9.471921e-01 
  705.000  9.446033e-01 
  706.000  9.453971e-01 
  707.000  9.466531e-01 
  708.000  9.479871e-01 
  709.000  9.504645e-01 
  710.000  9.483199e-01 
  711.000  9.509935e-01 
  712.000  9.532984e-01 
  713.000  9.518878e-01 
  714.000  9.515848e-01 
  715.000  9.491893e-01 
  716.000  9.467452e-01 
  717.000  9.288242e-01 
  718.000  9.176231e-01 
  719.000  9.137339e-01 
  720.000  9.074248e-01 
  721.000  9.354835e-01 
  722.000  9.452564e-01 
  723.000  9.401487e-01 
  724.000  9.248468e-01 
  725.000  9.274547e-01 
  726.000  9.268562e-01 
  727.000  9.292322e-01 
  728.000  9.269283e-01 
  729.000  9.330791e-01 
  730.000  9.321371e-01 
  731.000  9.309673e-01 
  732.000  9.411551e-01 
  733.000  9.506920e-01 
  734.000  9.552822e-01 
  735.000  9.538393e-01 
  736.000  9.509945e-01 
  737.000  9.533258e-01 
  738.000  9.564794e-01 
  739.000  9.578850e-01 
  740.000  9.608697e-01 
  741.000  9.625123e-01 
  742.000  9.633262e-01 
  743.000  9.648908e-01 
  744.000  9.657397e-01 
  745.000  9.663556e-01 
  746.000  9.669271e-01 
  747.000  9.672010e-01 
  748.000  9.677993e-01 
  749.000  9.681849e-01 
  750.000  9.682498e-01 
  751.000  9.685075e-01 
  752.000  9.690500e-01 
  753.000  9.693781e-01 
  754.000  9.696739e-01 
  755.000  9.699283e-01 
  756.000  9.701855e-01 
  757.000  9.703741e-01 
  758.000  9.688756e-01 
  759.000  9.059592e-01 
  760.000  4.303037e-01 
  761.000  3.845624e-01 
  762.000  6.624305e-01 
  763.000  5.765311e-01 
  764.000  6.191452e-01 
  765.000  7.155144e-01 
  766.000  8.312304e-01 
  767.000  8.894271e-01 
  768.000  9.274342e-01 
  769.000  9.525036e-01 
  770.000  9.662524e-01 
  771.000  9.726124e-01 
  772.000  9.741915e-01 
  773.000  9.749385e-01 
  774.000  9.758934e-01 
  775.000  9.764189e-01 
  776.000  9.767808e-01 
  777.000  9.769552e-01 
  778.000  9.770500e-01 
  779.000  9.771202e-01 
  780.000  9.771819e-01 
  781.000  9.774214e-01 
  782.000  9.774774e-01 
  783.000  9.775384e-01 
  784.000  9.774837e-01 
  785.000  9.768128e-01 
  786.000  9.759142e-01 
  787.000  9.737211e-01 
  788.000  9.727561e-01 
  789.000  9.685848e-01 
  790.000  9.682975e-01 
  791.000  9.691778e-01 
  792.000  9.699898e-01 
  793.000  9.717864e-01 
  794.000  9.754011e-01 
  795.000  9.733504e-01 
  796.000  9.674355e-01 
  797.000  9.692237e-01 
  798.000  9.730690e-01 
  799.000  9.722751e-01 
  800.000  9.695922e-01 
  801.000  9.699883e-01 
  802.000  9.697757e-01 
  803.000  9.702431e-01 
  804.000  9.715967e-01 
  805.000  9.741302e-01 
  806.000  9.755182e-01 
  807.000  9.756479e-01 
  808.000  9.750234e-01 
  809.000  9.740687e-01 
  810.000  9.730210e-01 
  811.000  9.707892e-01 
  812.000  9.677584e-01 
  813.000  9.640081e-01 
  814.000  9.590010e-01 
  815.000  9.527166e-01 
  816.000  9.444204e-01 
  817.000  9.449988e-01 
  818.000  9.457518e-01 
  819.000  9.485390e-01 
  820.000  9.577245e-01 
  821.000  9.680676e-01 
  822.000  9.603155e-01 
  823.000  9.379704e-01 
  824.000  9.569450e-01 
  825.000  9.688251e-01 
  826.000  9.668196e-01 
  827.000  9.653873e-01 
  828.000  9.576324e-01 
  829.000  9.605184e-01 
  830.000  9.637121e-01 
  831.000  9.644850e-01 
  832.000  9.648157e-01 
  833.000  9.666545e-01 
  834.000  9.687997e-01 
  835.000  9.730051e-01 
  836.000  9.717021e-01 
  837.000  9.715928e-01 
  838.000  9.736694e-01 
  839.000  9.749396e-01 
  840.000  9.754341e-01 
  841.000  9.741490e-01 
  842.000  9.753919e-01 
  843.000  9.781073e-01 
  844.000  9.794685e-01 
  845.000  9.800581e-01 
  846.000  9.807619e-01 
  847.000  9.815350e-01 
  848.000  9.803872e-01 
  849.000  9.805911e-01 
  850.000  9.801276e-01 
  851.000  9.794839e-01 
  852.000  9.796013e-01 
  853.000  9.807228e-01 
  854.000  9.807029e-01 
  855.000  9.813338e-01 
  856.000  9.825369e-01 
  857.000  9.830448e-01 
  858.000  9.833593e-01 
  859.000  9.840408e-01 
  860.000  9.843937e-01 
  861.000  9.844874e-01 
  862.000  9.846969e-01 
  863.000  9.847656e-01 
  864.000  9.849241e-01 
  865.000  9.850621e-01 
  866.000  9.851331e-01 
  867.000  9.851620e-01 
  868.000  9.852225e-01 
  869.000  9.852992e-01 
  870.000  9.853216e-01 
  871.000  9.853961e-01 
  872.000  9.855131e-01 
  873.000  9.854856e-01 
  874.000  9.854909e-01 
  875.000  9.855261e-01 
  876.000  9.854444e-01 
  877.000  9.854243e-01 
  878.000  9.850442e-01 
  879.000  9.850588e-01 
  880.000  9.847348e-01 
  881.000  9.846612e-01 
  882.000  9.845186e-01 
  883.000  9.847425e-01 
  884.000  9.848572e-01 
  885.000  9.841959e-01 
  886.000  9.833609e-01 
  887.000  9.841357e-01 
  888.000  9.841353e-01 
  889.000  9.844131e-01 
  890.000  9.839081e-01 
  891.000  9.829035e-01 
  892.000  9.807085e-01 
  893.000  9.739178e-01 
  894.000  9.705115e-01 
  895.000  9.597371e-01 
  896.000  9.499937e-01 
  897.000  9.395901e-01 
  898.000  9.346877e-01 
  899.000  9.202431e-01 
  900.000  9.224672e-01 
  901.000  9.186496e-01 
  902.000  9.192802e-01 
  903.000  9.435297e-01 
  904.000  9.578350e-01 
  905.000  9.572869e-01 
  906.000  9.484013e-01 
  907.000  9.323368e-01 
  908.000  9.215276e-01 
  909.000  9.220737e-01 
  910.000  9.237723e-01 
  911.000  9.310303e-01 
  912.000  9.275610e-01 
  913.000  9.121522e-01 
  914.000  9.198462e-01 
  915.000  9.258018e-01 
  916.000  9.273877e-01 
  917.000  9.305580e-01 
  918.000  9.346436e-01 
  919.000  9.484005e-01 
  920.000  9.585355e-01 
  921.000  9.562865e-01 
  922.000  9.561080e-01 
  923.000  9.533017e-01 
  924.000  9.464756e-01 
  925.000  9.460348e-01 
  926.000  9.461740e-01 
  927.000  9.383415e-01 
  928.000  9.260502e-01 
  929.000  9.077778e-01 
  930.000  8.835531e-01 
  931.000  8.550065e-01 
  932.000  8.160905e-01 
  933.000  7.838567e-01 
  934.000  7.476934e-01 
  935.000  7.440150e-01 
  936.000  7.593160e-01 
  937.000  7.551457e-01 
  938.000  7.941537e-01 
  939.000  8.843023e-01 
  940.000  8.962774e-01 
  941.000  8.855532e-01 
  942.000  8.587219e-01 
  943.000  8.108295e-01 
  944.000  8.075358e-01 
  945.000  8.257031e-01 
  946.000  8.264650e-01 
  947.000  8.414791e-01 
  948.000  8.501329e-01 
  949.000  8.487318e-01 
  950.000  8.508666e-01 
  951.000  8.698914e-01 
  952.000  8.490399e-01 
  953.000  8.632375e-01 
  954.000  8.779905e-01 
  955.000  8.654821e-01 
  956.000  8.621763e-01 
  957.000  8.991982e-01 
  958.000  9.035441e-01 
  959.000  8.973377e-01 
  960.000  8.954099e-01 
  961.000  8.922446e-01 
  962.000  8.948723e-01 
  963.000  9.142795e-01 
  964.000  9.169206e-01 
  965.000  9.149738e-01 
  966.000  9.158829e-01 
  967.000  9.292141e-01 
  968.000  9.507815e-01 
  969.000  9.602123e-01 
  970.000  9.606824e-01 
  971.000  9.604642e-01 
  972.000  9.578202e-01 
  973.000  9.516098e-01 
  974.000  9.439113e-01 
  975.000  9.389027e-01 
  976.000  9.450542e-01 
  977.000  9.550395e-01 
  978.000  9.541998e-01 
  979.000  9.567107e-01 
  980.000  9.666450e-01 
  981.000  9.688034e-01 
  982.000  9.665748e-01 
  983.000  9.715920e-01 
  984.000  9.767203e-01 
  985.000  9.796138e-01 
  986.000  9.833260e-01 
  987.000  9.848076e-01 
  988.000  9.851815e-01 
  989.000  9.854256e-01 
  990.000  9.857522e-01 
  991.000  9.871821e-01 
  992.000  9.876007e-01 
  993.000  9.877679e-01 
  994.000  9.890124e-01 
  995.000  9.898689e-01 
  996.000  9.898806e-01 
  997.000  9.893173e-01 
  998.000  9.887494e-01 
  999.000  9.885291e-01 
 1000.000  9.887494e-01 
 1001.000  9.874756e-01 
 1002.000  9.854149e-01 
 1003.000  9.859456e-01 
 1004.000  9.871309e-01 
 1005.000  9.877222e-01 
 1006.000  9.878934e-01 
 1007.000  9.874976e-01 
 1008.000  9.858271e-01 
 1009.000  9.836416e-01 
 1010.000  9.846779e-01 
 1011.000  9.869587e-01 
 1012.000  9.879219e-01 
 1013.000  9.885979e-01 
 1014.000  9.889172e-01 
 1015.000  9.889695e-01 
 1016.000  9.893129e-01 
 1017.000  9.895164e-01 
 1018.000  9.890751e-01 
 1019.000  9.882619e-01 
 1020.000  9.884908e-01 
 1021.000  9.891307e-01 
 1022.000  9.881129e-01 
 1023.000  9.872063e-01 
 1024.000  9.866518e-01 
 1025.000  9.881860e-01 
 1026.000  9.888844e-01 
 1027.000  9.885486e-01 
 1028.000  9.887596e-01 
 1029.000  9.893842e-01 
 1030.000  9.899638e-01 
 1031.000  9.902811e-01 
 1032.000  9.905174e-01 
 1033.000  9.905387e-01 
 1034.000  9.906445e-01 
 1035.000  9.906068e-01 
 1036.000  9.903422e-01 
 1037.000  9.901759e-01 
 1038.000  9.902090e-01 
 1039.000  9.900652e-01 
 1040.000  9.898920e-01 
 1041.000  9.897546e-01 
 1042.000  9.896888e-01 
 1043.000  9.896200e-01 
 1044.000  9.894529e-01 
 1045.000  9.891306e-01 
 1046.000  9.888806e-01 
 1047.000  9.885489e-01 
 1048.000  9.879209e-01 
 1049.000  9.871718e-01 
 1050.000  9.867667e-01 
 1051.000  9.864109e-01 
 1052.000  9.860039e-01 
 1053.000  9.857708e-01 
 1054.000  9.852864e-01 
 1055.000  9.847776e-01 
 1056.000  9.842051e-01 
 1057.000  9.832180e-01 
 1058.000  9.817635e-01 
 1059.000  9.815068e-01 
 1060.000  9.817247e-01 
 1061.000  9.813667e-01 
 1062.000  9.803952e-01 
 1063.000  9.796067e-01 
 1064.000  9.785954e-01 
 1065.000  9.778555e-01 
 1066.000  9.778630e-01 
 1067.000  9.773636e-01 
 1068.000  9.762381e-01 
 1069.000  9.765865e-01 
 1070.000  9.774764e-01 
 1071.000  9.772546e-01 
 1072.000  9.769735e-01 
 1073.000  9.772509e-01 
 1074.000  9.778118e-01 
 1075.000  9.795339e-01 
 1076.000  9.791037e-01 
 1077.000  9.783583e-01 
 1078.000  9.773977e-01 
 1079.000  9.775530e-01 
 1080.000  9.743307e-01 
 1081.000  9.743780e-01 
 1082.000  9.761379e-01 
 1083.000  9.745404e-01 
 1084.000  9.727139e-01 
 1085.000  9.680152e-01 
 1086.000  9.693537e-01 
 1087.000  9.748896e-01 
 1088.000  9.752471e-01 
 1089.000  9.688829e-01 
 1090.000  9.678125e-01 
 1091.000  9.692164e-01 
 1092.000  9.661435e-01 
 1093.000  9.589060e-01 
 1094.000  9.557698e-01 
 1095.000  9.564111e-01 
 1096.000  9.570296e-01 
 1097.000  9.557272e-01 
 1098.000  9.374267e-01 
 1099.000  9.213787e-01 
 1100.000  9.225984e-01 
 1101.000  9.249707e-01 
 1102.000  9.240730e-01 
 1103.000  9.257050e-01 
 1104.000  9.230984e-01 
 1105.000  9.163448e-01 
 1106.000  9.092942e-01 
 1107.000  9.113293e-01 
 1108.000  9.129815e-01 
 1109.000  9.194605e-01 
 1110.000  9.193119e-01 
 1111.000  9.163076e-01 
 1112.000  9.017234e-01 
 1113.000  8.814892e-01 
 1114.000  8.769575e-01 
 1115.000  8.510337e-01 
 1116.000  8.341512e-01 
 1117.000  7.912105e-01 
 1118.000  7.495912e-01 
 1119.000  7.270283e-01 
 1120.000  6.961457e-01 
 1121.000  6.893064e-01 
 1122.000  6.527768e-01 
 1123.000  6.744601e-01 
 1124.000  6.884196e-01 
 1125.000  6.814974e-01 
 1126.000  6.784610e-01 
 1127.000  6.810008e-01 
 1128.000  6.859652e-01 
 1129.000  7.194922e-01 
 1130.000  7.914325e-01 
 1131.000  8.105054e-01 
 1132.000  7.846877e-01 
 1133.000  7.325135e-01 
 1134.000  6.220956e-01 
 1135.000  6.311744e-01 
 1136.000  7.391766e-01 
 1137.000  7.892516e-01 
 1138.000  8.325758e-01 
 1139.000  8.434777e-01 
 1140.000  8.355021e-01 
 1141.000  8.182010e-01 
 1142.000  8.123959e-01 
 1143.000  7.935914e-01 
 1144.000  7.711844e-01 
 1145.000  7.371242e-01 
 1146.000  7.453132e-01 
 1147.000  7.716148e-01 
 1148.000  7.938519e-01 
 1149.000  8.021753e-01 
 1150.000  8.015879e-01 
 1151.000  8.134058e-01 
 1152.000  8.190557e-01 
 1153.000  8.275054e-01 
 1154.000  8.238660e-01 
 1155.000  8.394014e-01 
 1156.000  8.568409e-01 
 1157.000  8.910879e-01 
 1158.000  9.038334e-01 
 1159.000  9.144337e-01 
 1160.000  9.186671e-01 
 1161.000  9.300373e-01 
 1162.000  9.378249e-01 
 1163.000  9.473687e-01 
 1164.000  9.496763e-01 
 1165.000  9.501122e-01 
 1166.000  9.519535e-01 
 1167.000  9.530675e-01 
 1168.000  9.525877e-01 
 1169.000  9.539076e-01 
 1170.000  9.551307e-01 
 1171.000  9.584990e-01 
 1172.000  9.565061e-01 
 1173.000  9.545122e-01 
 1174.000  9.546407e-01 
 1175.000  9.600235e-01 
 1176.000  9.649359e-01 
 1177.000  9.626647e-01 
 1178.000  9.579535e-01 
 1179.000  9.579747e-01 
 1180.000  9.562860e-01 
 1181.000  9.518337e-01 
 1182.000  9.473698e-01 
 1183.000  9.479303e-01 
 1184.000  9.505223e-01 
 1185.000  9.567702e-01 
 1186.000  9.549429e-01 
 1187.000  9.485153e-01 
 1188.000  9.470254e-01 
 1189.000  9.510304e-01 
 1190.000  9.610754e-01 
 1191.000  9.640119e-01 
 1192.000  9.681976e-01 
 1193.000  9.673041e-01 
 1194.000  9.666603e-01 
 1195.000  9.625028e-01 
 1196.000  9.630902e-01 
 1197.000  9.610655e-01 
 1198.000  9.606274e-01 
 1199.000  9.580710e-01 
 1200.000  9.595535e-01 
