  250.000  0.000000e+00 
  251.000  0.000000e+00 
  252.000  0.000000e+00 
  253.000  0.000000e+00 
  254.000  0.000000e+00 
  255.000  0.000000e+00 
  256.000  0.000000e+00 
  257.000  0.000000e+00 
  258.000  0.000000e+00 
  259.000  0.000000e+00 
  260.000  0.000000e+00 
  261.000  0.000000e+00 
  262.000  0.000000e+00 
  263.000  0.000000e+00 
  264.000  0.000000e+00 
  265.000  0.000000e+00 
  266.000  0.000000e+00 
  267.000  0.000000e+00 
  268.000  0.000000e+00 
  269.000  0.000000e+00 
  270.000  0.000000e+00 
  271.000  0.000000e+00 
  272.000  0.000000e+00 
  273.000  0.000000e+00 
  274.000  0.000000e+00 
  275.000  0.000000e+00 
  276.000  0.000000e+00 
  277.000  0.000000e+00 
  278.000  0.000000e+00 
  279.000  0.000000e+00 
  280.000  0.000000e+00 
  281.000  0.000000e+00 
  282.000  0.000000e+00 
  283.000  0.000000e+00 
  284.000  0.000000e+00 
  285.000  0.000000e+00 
  286.000  0.000000e+00 
  287.000  0.000000e+00 
  288.000  0.000000e+00 
  289.000  0.000000e+00 
  290.000  0.000000e+00 
  291.000  0.000000e+00 
  292.000  0.000000e+00 
  293.000  5.205835e-14 
  294.000  2.711594e-12 
  295.000  3.433272e-11 
  296.000  8.210597e-10 
  297.000  6.099876e-09 
  298.000  8.319030e-08 
  299.000  3.379515e-07 
  300.000  2.066921e-06 
  301.000  9.077851e-06 
  302.000  2.549363e-05 
  303.000  1.008278e-04 
  304.000  1.758820e-04 
  305.000  5.418043e-04 
  306.000  9.554042e-04 
  307.000  1.946688e-03 
  308.000  3.024410e-03 
  309.000  4.422606e-03 
  310.000  8.846480e-03 
  311.000  1.141782e-02 
  312.000  1.674416e-02 
  313.000  2.262978e-02 
  314.000  2.546883e-02 
  315.000  3.718540e-02 
  316.000  4.183504e-02 
  317.000  5.007652e-02 
  318.000  5.706458e-02 
  319.000  8.001795e-02 
  320.000  6.222527e-02 
  321.000  1.013410e-01 
  322.000  8.322126e-02 
  323.000  1.048622e-01 
  324.000  1.272741e-01 
  325.000  1.088048e-01 
  326.000  1.387200e-01 
  327.000  1.462135e-01 
  328.000  1.262958e-01 
  329.000  1.643938e-01 
  330.000  1.691864e-01 
  331.000  1.556727e-01 
  332.000  1.804596e-01 
  333.000  1.869043e-01 
  334.000  1.801109e-01 
  335.000  1.985417e-01 
  336.000  2.057969e-01 
  337.000  2.015052e-01 
  338.000  2.103096e-01 
  339.000  2.197001e-01 
  340.000  2.168711e-01 
  341.000  2.263374e-01 
  342.000  2.329513e-01 
  343.000  2.359018e-01 
  344.000  2.357813e-01 
  345.000  2.452552e-01 
  346.000  2.509806e-01 
  347.000  2.554664e-01 
  348.000  2.597171e-01 
  349.000  2.647327e-01 
  350.000  2.689432e-01 
  351.000  2.731062e-01 
  352.000  2.764014e-01 
  353.000  2.815849e-01 
  354.000  2.858362e-01 
  355.000  2.898325e-01 
  356.000  2.937657e-01 
  357.000  2.972595e-01 
  358.000  3.011224e-01 
  359.000  3.049880e-01 
  360.000  3.089089e-01 
  361.000  3.139172e-01 
  362.000  3.191548e-01 
  363.000  3.240290e-01 
  364.000  3.285528e-01 
  365.000  3.328077e-01 
  366.000  3.372299e-01 
  367.000  3.414427e-01 
  368.000  3.456421e-01 
  369.000  3.498295e-01 
  370.000  3.539978e-01 
  371.000  3.581567e-01 
  372.000  3.623042e-01 
  373.000  3.664389e-01 
  374.000  3.705303e-01 
  375.000  3.745657e-01 
  376.000  3.784882e-01 
  377.000  3.822216e-01 
  378.000  3.857160e-01 
  379.000  3.892776e-01 
  380.000  3.931936e-01 
  381.000  3.976482e-01 
  382.000  4.022816e-01 
  383.000  4.066942e-01 
  384.000  4.109083e-01 
  385.000  4.149927e-01 
  386.000  4.189934e-01 
  387.000  4.229482e-01 
  388.000  4.268701e-01 
  389.000  4.307761e-01 
  390.000  4.346669e-01 
  391.000  4.385339e-01 
  392.000  4.423874e-01 
  393.000  4.462245e-01 
  394.000  4.500408e-01 
  395.000  4.538331e-01 
  396.000  4.576150e-01 
  397.000  4.613673e-01 
  398.000  4.650990e-01 
  399.000  4.688126e-01 
  400.000  4.724886e-01 
  401.000  4.761627e-01 
  402.000  4.798200e-01 
  403.000  4.834583e-01 
  404.000  4.870766e-01 
  405.000  4.906676e-01 
  406.000  4.942462e-01 
  407.000  4.978082e-01 
  408.000  5.013504e-01 
  409.000  5.048691e-01 
  410.000  5.083656e-01 
  411.000  5.118382e-01 
  412.000  5.152844e-01 
  413.000  5.187207e-01 
  414.000  5.218748e-01 
  415.000  5.253623e-01 
  416.000  5.288166e-01 
  417.000  5.322180e-01 
  418.000  5.355394e-01 
  419.000  5.388334e-01 
  420.000  5.421068e-01 
  421.000  5.453690e-01 
  422.000  5.486194e-01 
  423.000  5.518540e-01 
  424.000  5.550568e-01 
  425.000  5.581893e-01 
  426.000  5.612992e-01 
  427.000  5.643893e-01 
  428.000  5.674250e-01 
  429.000  5.704218e-01 
  430.000  5.733908e-01 
  431.000  5.763441e-01 
  432.000  5.792732e-01 
  433.000  5.821810e-01 
  434.000  5.850704e-01 
  435.000  5.879378e-01 
  436.000  5.907792e-01 
  437.000  5.935957e-01 
  438.000  5.963861e-01 
  439.000  5.991607e-01 
  440.000  6.018969e-01 
  441.000  6.046041e-01 
  442.000  6.072744e-01 
  443.000  6.099102e-01 
  444.000  6.125104e-01 
  445.000  6.150607e-01 
  446.000  6.175463e-01 
  447.000  6.201615e-01 
  448.000  6.229693e-01 
  449.000  6.258149e-01 
  450.000  6.286123e-01 
  451.000  6.313009e-01 
  452.000  6.338962e-01 
  453.000  6.364440e-01 
  454.000  6.389508e-01 
  455.000  6.412888e-01 
  456.000  6.434074e-01 
  457.000  6.455288e-01 
  458.000  6.476240e-01 
  459.000  6.496772e-01 
  460.000  6.517162e-01 
  461.000  6.537358e-01 
  462.000  6.557190e-01 
  463.000  6.577020e-01 
  464.000  6.604480e-01 
  465.000  6.631597e-01 
  466.000  6.658309e-01 
  467.000  6.684483e-01 
  468.000  6.705146e-01 
  469.000  6.722652e-01 
  470.000  6.738793e-01 
  471.000  6.753370e-01 
  472.000  6.765551e-01 
  473.000  6.773524e-01 
  474.000  6.779983e-01 
  475.000  6.781278e-01 
  476.000  6.777348e-01 
  477.000  6.776523e-01 
  478.000  6.795802e-01 
  479.000  6.825616e-01 
  480.000  6.857917e-01 
  481.000  6.887050e-01 
  482.000  6.915027e-01 
  483.000  6.939383e-01 
  484.000  6.960339e-01 
  485.000  6.979095e-01 
  486.000  6.999828e-01 
  487.000  7.022192e-01 
  488.000  7.043901e-01 
  489.000  7.065254e-01 
  490.000  7.086388e-01 
  491.000  7.102092e-01 
  492.000  7.116187e-01 
  493.000  7.130219e-01 
  494.000  7.143854e-01 
  495.000  7.157494e-01 
  496.000  7.162586e-01 
  497.000  7.167314e-01 
  498.000  7.171943e-01 
  499.000  7.176211e-01 
  500.000  7.180381e-01 
  501.000  7.183752e-01 
  502.000  7.187126e-01 
  503.000  7.190433e-01 
  504.000  7.193490e-01 
  505.000  7.196260e-01 
  506.000  7.211295e-01 
  507.000  7.226903e-01 
  508.000  7.242497e-01 
  509.000  7.257925e-01 
  510.000  7.273045e-01 
  511.000  7.286292e-01 
  512.000  7.299001e-01 
  513.000  7.311642e-01 
  514.000  7.324130e-01 
  515.000  7.336513e-01 
  516.000  7.344464e-01 
  517.000  7.348461e-01 
  518.000  7.352305e-01 
  519.000  7.356046e-01 
  520.000  7.359737e-01 
  521.000  7.362831e-01 
  522.000  7.364378e-01 
  523.000  7.364966e-01 
  524.000  7.365638e-01 
  525.000  7.365770e-01 
  526.000  7.366721e-01 
  527.000  7.364796e-01 
  528.000  7.361683e-01 
  529.000  7.358549e-01 
  530.000  7.355543e-01 
  531.000  7.352619e-01 
  532.000  7.350949e-01 
  533.000  7.356926e-01 
  534.000  7.364725e-01 
  535.000  7.373651e-01 
  536.000  7.382253e-01 
  537.000  7.390043e-01 
  538.000  7.396899e-01 
  539.000  7.403166e-01 
  540.000  7.408984e-01 
  541.000  7.414604e-01 
  542.000  7.419938e-01 
  543.000  7.425051e-01 
  544.000  7.428352e-01 
  545.000  7.430146e-01 
  546.000  7.431785e-01 
  547.000  7.433518e-01 
  548.000  7.435086e-01 
  549.000  7.436608e-01 
  550.000  7.436130e-01 
  551.000  7.433742e-01 
  552.000  7.431421e-01 
  553.000  7.428780e-01 
  554.000  7.425994e-01 
  555.000  7.423127e-01 
  556.000  7.419540e-01 
  557.000  7.414765e-01 
  558.000  7.409819e-01 
  559.000  7.404600e-01 
  560.000  7.398711e-01 
  561.000  7.392201e-01 
  562.000  7.379131e-01 
  563.000  7.371716e-01 
  564.000  7.362382e-01 
  565.000  7.348623e-01 
  566.000  7.340822e-01 
  567.000  7.313728e-01 
  568.000  7.242133e-01 
  569.000  7.083254e-01 
  570.000  7.104979e-01 
  571.000  7.214408e-01 
  572.000  7.104623e-01 
  573.000  7.130496e-01 
  574.000  7.135840e-01 
  575.000  7.128175e-01 
  576.000  7.133489e-01 
  577.000  7.172746e-01 
  578.000  7.219805e-01 
  579.000  7.261547e-01 
  580.000  7.297692e-01 
  581.000  7.350564e-01 
  582.000  7.386549e-01 
  583.000  7.409052e-01 
  584.000  7.427974e-01 
  585.000  7.444926e-01 
  586.000  7.459548e-01 
  587.000  7.422058e-01 
  588.000  7.206277e-01 
  589.000  6.871746e-01 
  590.000  6.854289e-01 
  591.000  7.086669e-01 
  592.000  6.968110e-01 
  593.000  7.235380e-01 
  594.000  7.179807e-01 
  595.000  6.997826e-01 
  596.000  7.255685e-01 
  597.000  7.188995e-01 
  598.000  7.289690e-01 
  599.000  7.326242e-01 
  600.000  7.417415e-01 
  601.000  7.476864e-01 
  602.000  7.485957e-01 
  603.000  7.514041e-01 
  604.000  7.546315e-01 
  605.000  7.573098e-01 
  606.000  7.591216e-01 
  607.000  7.608745e-01 
  608.000  7.624760e-01 
  609.000  7.640121e-01 
  610.000  7.656009e-01 
  611.000  7.673940e-01 
  612.000  7.691578e-01 
  613.000  7.708769e-01 
  614.000  7.725552e-01 
  615.000  7.742308e-01 
  616.000  7.758569e-01 
  617.000  7.774101e-01 
  618.000  7.787256e-01 
  619.000  7.798649e-01 
  620.000  7.809378e-01 
  621.000  7.818939e-01 
  622.000  7.827327e-01 
  623.000  7.833734e-01 
  624.000  7.840379e-01 
  625.000  7.846282e-01 
  626.000  7.835956e-01 
  627.000  7.756772e-01 
  628.000  7.425216e-01 
  629.000  7.614011e-01 
  630.000  7.699228e-01 
  631.000  7.771965e-01 
  632.000  7.729843e-01 
  633.000  7.853144e-01 
  634.000  7.912824e-01 
  635.000  7.938002e-01 
  636.000  7.981001e-01 
  637.000  8.016573e-01 
  638.000  8.080007e-01 
  639.000  8.104349e-01 
  640.000  8.150210e-01 
  641.000  8.174319e-01 
  642.000  8.207647e-01 
  643.000  8.192665e-01 
  644.000  8.208841e-01 
  645.000  8.181277e-01 
  646.000  7.992776e-01 
  647.000  7.866453e-01 
  648.000  7.725518e-01 
  649.000  7.870659e-01 
  650.000  8.143399e-01 
  651.000  8.154106e-01 
  652.000  7.933843e-01 
  653.000  8.210886e-01 
  654.000  8.192427e-01 
  655.000  8.105526e-01 
  656.000  8.150403e-01 
  657.000  8.214465e-01 
  658.000  8.317918e-01 
  659.000  8.383210e-01 
  660.000  8.418068e-01 
  661.000  8.493906e-01 
  662.000  8.535899e-01 
  663.000  8.539464e-01 
  664.000  8.563803e-01 
  665.000  8.582416e-01 
  666.000  8.609227e-01 
  667.000  8.628759e-01 
  668.000  8.656432e-01 
  669.000  8.675229e-01 
  670.000  8.691474e-01 
  671.000  8.708817e-01 
  672.000  8.723950e-01 
  673.000  8.738767e-01 
  674.000  8.753444e-01 
  675.000  8.768183e-01 
  676.000  8.781911e-01 
  677.000  8.794489e-01 
  678.000  8.807132e-01 
  679.000  8.816892e-01 
  680.000  8.814108e-01 
  681.000  8.812650e-01 
  682.000  8.819072e-01 
  683.000  8.825091e-01 
  684.000  8.816032e-01 
  685.000  8.837656e-01 
  686.000  8.799070e-01 
  687.000  7.181151e-01 
  688.000  7.689309e-01 
  689.000  7.540292e-01 
  690.000  7.810528e-01 
  691.000  8.141535e-01 
  692.000  8.304697e-01 
  693.000  8.076612e-01 
  694.000  7.824965e-01 
  695.000  8.013939e-01 
  696.000  8.130060e-01 
  697.000  8.652692e-01 
  698.000  8.544500e-01 
  699.000  8.077820e-01 
  700.000  8.155270e-01 
  701.000  8.054140e-01 
  702.000  8.132205e-01 
  703.000  8.527174e-01 
  704.000  8.547342e-01 
  705.000  8.386925e-01 
  706.000  8.420923e-01 
  707.000  8.481421e-01 
  708.000  8.547004e-01 
  709.000  8.679331e-01 
  710.000  8.542355e-01 
  711.000  8.685781e-01 
  712.000  8.808883e-01 
  713.000  8.711984e-01 
  714.000  8.678992e-01 
  715.000  8.519405e-01 
  716.000  8.350368e-01 
  717.000  7.352326e-01 
  718.000  6.768379e-01 
  719.000  6.562455e-01 
  720.000  6.270975e-01 
  721.000  7.628410e-01 
  722.000  8.148019e-01 
  723.000  7.856162e-01 
  724.000  7.052793e-01 
  725.000  7.166722e-01 
  726.000  7.132128e-01 
  727.000  7.245770e-01 
  728.000  7.126866e-01 
  729.000  7.433470e-01 
  730.000  7.385152e-01 
  731.000  7.326409e-01 
  732.000  7.852862e-01 
  733.000  8.379093e-01 
  734.000  8.641185e-01 
  735.000  8.552504e-01 
  736.000  8.385183e-01 
  737.000  8.513644e-01 
  738.000  8.691183e-01 
  739.000  8.769097e-01 
  740.000  8.941715e-01 
  741.000  9.042624e-01 
  742.000  9.085730e-01 
  743.000  9.179282e-01 
  744.000  9.222106e-01 
  745.000  9.248719e-01 
  746.000  9.274113e-01 
  747.000  9.281573e-01 
  748.000  9.302306e-01 
  749.000  9.318027e-01 
  750.000  9.312078e-01 
  751.000  9.317308e-01 
  752.000  9.341331e-01 
  753.000  9.352569e-01 
  754.000  9.361184e-01 
  755.000  9.366385e-01 
  756.000  9.371901e-01 
  757.000  9.375812e-01 
  758.000  9.348567e-01 
  759.000  8.443089e-01 
  760.000  2.700918e-01 
  761.000  2.274377e-01 
  762.000  5.230508e-01 
  763.000  4.229345e-01 
  764.000  4.717984e-01 
  765.000  5.888997e-01 
  766.000  7.409614e-01 
  767.000  8.219981e-01 
  768.000  8.765358e-01 
  769.000  9.132327e-01 
  770.000  9.349241e-01 
  771.000  9.436647e-01 
  772.000  9.460897e-01 
  773.000  9.472566e-01 
  774.000  9.487856e-01 
  775.000  9.499021e-01 
  776.000  9.507267e-01 
  777.000  9.508745e-01 
  778.000  9.506952e-01 
  779.000  9.505015e-01 
  780.000  9.503074e-01 
  781.000  9.515413e-01 
  782.000  9.513060e-01 
  783.000  9.511153e-01 
  784.000  9.500967e-01 
  785.000  9.466351e-01 
  786.000  9.414399e-01 
  787.000  9.284884e-01 
  788.000  9.216872e-01 
  789.000  8.977857e-01 
  790.000  8.957059e-01 
  791.000  9.001770e-01 
  792.000  9.043680e-01 
  793.000  9.141338e-01 
  794.000  9.349323e-01 
  795.000  9.222091e-01 
  796.000  8.887987e-01 
  797.000  8.982846e-01 
  798.000  9.194549e-01 
  799.000  9.146332e-01 
  800.000  8.992539e-01 
  801.000  9.010860e-01 
  802.000  8.995515e-01 
  803.000  9.018226e-01 
  804.000  9.091130e-01 
  805.000  9.230784e-01 
  806.000  9.314929e-01 
  807.000  9.318837e-01 
  808.000  9.271169e-01 
  809.000  9.212462e-01 
  810.000  9.147751e-01 
  811.000  9.016354e-01 
  812.000  8.840168e-01 
  813.000  8.626936e-01 
  814.000  8.349800e-01 
  815.000  8.010059e-01 
  816.000  7.593794e-01 
  817.000  7.612534e-01 
  818.000  7.645205e-01 
  819.000  7.783931e-01 
  820.000  8.249255e-01 
  821.000  8.794948e-01 
  822.000  8.378649e-01 
  823.000  7.276999e-01 
  824.000  8.201434e-01 
  825.000  8.829629e-01 
  826.000  8.725938e-01 
  827.000  8.645900e-01 
  828.000  8.234383e-01 
  829.000  8.380949e-01 
  830.000  8.548295e-01 
  831.000  8.589298e-01 
  832.000  8.610730e-01 
  833.000  8.709643e-01 
  834.000  8.827130e-01 
  835.000  9.060467e-01 
  836.000  8.987259e-01 
  837.000  8.981181e-01 
  838.000  9.094741e-01 
  839.000  9.164611e-01 
  840.000  9.190070e-01 
  841.000  9.115765e-01 
  842.000  9.183388e-01 
  843.000  9.344399e-01 
  844.000  9.418483e-01 
  845.000  9.453131e-01 
  846.000  9.489625e-01 
  847.000  9.529709e-01 
  848.000  9.463930e-01 
  849.000  9.472293e-01 
  850.000  9.439777e-01 
  851.000  9.401223e-01 
  852.000  9.405152e-01 
  853.000  9.469153e-01 
  854.000  9.466082e-01 
  855.000  9.498510e-01 
  856.000  9.565859e-01 
  857.000  9.585494e-01 
  858.000  9.602050e-01 
  859.000  9.631945e-01 
  860.000  9.648713e-01 
  861.000  9.652086e-01 
  862.000  9.664843e-01 
  863.000  9.666222e-01 
  864.000  9.674874e-01 
  865.000  9.681892e-01 
  866.000  9.683515e-01 
  867.000  9.681919e-01 
  868.000  9.682756e-01 
  869.000  9.684858e-01 
  870.000  9.682806e-01 
  871.000  9.684782e-01 
  872.000  9.690025e-01 
  873.000  9.684203e-01 
  874.000  9.680916e-01 
  875.000  9.679908e-01 
  876.000  9.669973e-01 
  877.000  9.670253e-01 
  878.000  9.648749e-01 
  879.000  9.647161e-01 
  880.000  9.631568e-01 
  881.000  9.620681e-01 
  882.000  9.615215e-01 
  883.000  9.620506e-01 
  884.000  9.624579e-01 
  885.000  9.598976e-01 
  886.000  9.550173e-01 
  887.000  9.587762e-01 
  888.000  9.585358e-01 
  889.000  9.595923e-01 
  890.000  9.566213e-01 
  891.000  9.505559e-01 
  892.000  9.377958e-01 
  893.000  9.000150e-01 
  894.000  8.810882e-01 
  895.000  8.261386e-01 
  896.000  7.777255e-01 
  897.000  7.279145e-01 
  898.000  7.051263e-01 
  899.000  6.451635e-01 
  900.000  6.530445e-01 
  901.000  6.380659e-01 
  902.000  6.416414e-01 
  903.000  7.432636e-01 
  904.000  8.093987e-01 
  905.000  8.075739e-01 
  906.000  7.661813e-01 
  907.000  6.956854e-01 
  908.000  6.510465e-01 
  909.000  6.525387e-01 
  910.000  6.590062e-01 
  911.000  6.884009e-01 
  912.000  6.741898e-01 
  913.000  6.141054e-01 
  914.000  6.436144e-01 
  915.000  6.676971e-01 
  916.000  6.746085e-01 
  917.000  6.883017e-01 
  918.000  7.060378e-01 
  919.000  7.669135e-01 
  920.000  8.151415e-01 
  921.000  8.049833e-01 
  922.000  8.042247e-01 
  923.000  7.908676e-01 
  924.000  7.591354e-01 
  925.000  7.555757e-01 
  926.000  7.523222e-01 
  927.000  7.142327e-01 
  928.000  6.578305e-01 
  929.000  5.810050e-01 
  930.000  4.911747e-01 
  931.000  4.009656e-01 
  932.000  2.937990e-01 
  933.000  2.291081e-01 
  934.000  1.732094e-01 
  935.000  1.668945e-01 
  936.000  1.861209e-01 
  937.000  1.820083e-01 
  938.000  2.480616e-01 
  939.000  4.629474e-01 
  940.000  5.022517e-01 
  941.000  4.709078e-01 
  942.000  3.961006e-01 
  943.000  2.860380e-01 
  944.000  2.782746e-01 
  945.000  3.140941e-01 
  946.000  3.172488e-01 
  947.000  3.543013e-01 
  948.000  3.768318e-01 
  949.000  3.753622e-01 
  950.000  3.816572e-01 
  951.000  4.338142e-01 
  952.000  3.809252e-01 
  953.000  4.206400e-01 
  954.000  4.658288e-01 
  955.000  4.324832e-01 
  956.000  4.277871e-01 
  957.000  5.447391e-01 
  958.000  5.628347e-01 
  959.000  5.440267e-01 
  960.000  5.394524e-01 
  961.000  5.303590e-01 
  962.000  5.406087e-01 
  963.000  6.108847e-01 
  964.000  6.221355e-01 
  965.000  6.163086e-01 
  966.000  6.213259e-01 
  967.000  6.751431e-01 
  968.000  7.698053e-01 
  969.000  8.150973e-01 
  970.000  8.180760e-01 
  971.000  8.171651e-01 
  972.000  8.042751e-01 
  973.000  7.750849e-01 
  974.000  7.405260e-01 
  975.000  7.188281e-01 
  976.000  7.455531e-01 
  977.000  7.909036e-01 
  978.000  7.876982e-01 
  979.000  8.002402e-01 
  980.000  8.485011e-01 
  981.000  8.597218e-01 
  982.000  8.494024e-01 
  983.000  8.749744e-01 
  984.000  9.015875e-01 
  985.000  9.169698e-01 
  986.000  9.369308e-01 
  987.000  9.457787e-01 
  988.000  9.479350e-01 
  989.000  9.493314e-01 
  990.000  9.515173e-01 
  991.000  9.590279e-01 
  992.000  9.611754e-01 
  993.000  9.619914e-01 
  994.000  9.687484e-01 
  995.000  9.723020e-01 
  996.000  9.722517e-01 
  997.000  9.704021e-01 
  998.000  9.669777e-01 
  999.000  9.657117e-01 
 1000.000  9.667144e-01 
 1001.000  9.595655e-01 
 1002.000  9.481870e-01 
 1003.000  9.508727e-01 
 1004.000  9.574022e-01 
 1005.000  9.603897e-01 
 1006.000  9.613369e-01 
 1007.000  9.591398e-01 
 1008.000  9.498715e-01 
 1009.000  9.375507e-01 
 1010.000  9.430315e-01 
 1011.000  9.561660e-01 
 1012.000  9.612023e-01 
 1013.000  9.651807e-01 
 1014.000  9.668589e-01 
 1015.000  9.671842e-01 
 1016.000  9.689825e-01 
 1017.000  9.700227e-01 
 1018.000  9.677705e-01 
 1019.000  9.631698e-01 
 1020.000  9.647755e-01 
 1021.000  9.680811e-01 
 1022.000  9.625028e-01 
 1023.000  9.578538e-01 
 1024.000  9.550726e-01 
 1025.000  9.635907e-01 
 1026.000  9.673644e-01 
 1027.000  9.657687e-01 
 1028.000  9.670931e-01 
 1029.000  9.708619e-01 
 1030.000  9.733794e-01 
 1031.000  9.754294e-01 
 1032.000  9.767071e-01 
 1033.000  9.767464e-01 
 1034.000  9.775143e-01 
 1035.000  9.781501e-01 
 1036.000  9.779853e-01 
 1037.000  9.782516e-01 
 1038.000  9.786584e-01 
 1039.000  9.779958e-01 
 1040.000  9.774572e-01 
 1041.000  9.770482e-01 
 1042.000  9.769728e-01 
 1043.000  9.770318e-01 
 1044.000  9.767032e-01 
 1045.000  9.754645e-01 
 1046.000  9.746646e-01 
 1047.000  9.737457e-01 
 1048.000  9.727304e-01 
 1049.000  9.718097e-01 
 1050.000  9.708096e-01 
 1051.000  9.692952e-01 
 1052.000  9.682235e-01 
 1053.000  9.678821e-01 
 1054.000  9.664832e-01 
 1055.000  9.648008e-01 
 1056.000  9.634360e-01 
 1057.000  9.602410e-01 
 1058.000  9.544739e-01 
 1059.000  9.547882e-01 
 1060.000  9.574983e-01 
 1061.000  9.567150e-01 
 1062.000  9.531737e-01 
 1063.000  9.516692e-01 
 1064.000  9.487348e-01 
 1065.000  9.461600e-01 
 1066.000  9.464723e-01 
 1067.000  9.446400e-01 
 1068.000  9.376328e-01 
 1069.000  9.340209e-01 
 1070.000  9.350293e-01 
 1071.000  9.304724e-01 
 1072.000  9.258687e-01 
 1073.000  9.249879e-01 
 1074.000  9.257160e-01 
 1075.000  9.325811e-01 
 1076.000  9.282892e-01 
 1077.000  9.225376e-01 
 1078.000  9.157757e-01 
 1079.000  9.148644e-01 
 1080.000  8.969474e-01 
 1081.000  8.959281e-01 
 1082.000  9.037231e-01 
 1083.000  8.941399e-01 
 1084.000  8.837708e-01 
 1085.000  8.595169e-01 
 1086.000  8.650028e-01 
 1087.000  8.915372e-01 
 1088.000  8.926339e-01 
 1089.000  8.599721e-01 
 1090.000  8.537347e-01 
 1091.000  8.596130e-01 
 1092.000  8.434443e-01 
 1093.000  8.082982e-01 
 1094.000  7.932401e-01 
 1095.000  7.953722e-01 
 1096.000  7.969707e-01 
 1097.000  7.895455e-01 
 1098.000  7.084455e-01 
 1099.000  6.428380e-01 
 1100.000  6.468479e-01 
 1101.000  6.552671e-01 
 1102.000  6.502641e-01 
 1103.000  6.554061e-01 
 1104.000  6.440385e-01 
 1105.000  6.168744e-01 
 1106.000  5.909840e-01 
 1107.000  5.960234e-01 
 1108.000  5.988185e-01 
 1109.000  6.183993e-01 
 1110.000  6.122105e-01 
 1111.000  5.981246e-01 
 1112.000  5.432972e-01 
 1113.000  4.707693e-01 
 1114.000  4.467874e-01 
 1115.000  3.668379e-01 
 1116.000  3.223832e-01 
 1117.000  2.363209e-01 
 1118.000  1.679889e-01 
 1119.000  1.351221e-01 
 1120.000  1.019194e-01 
 1121.000  9.489111e-02 
 1122.000  6.896062e-02 
 1123.000  8.060475e-02 
 1124.000  8.915786e-02 
 1125.000  8.409724e-02 
 1126.000  8.241265e-02 
 1127.000  8.529272e-02 
 1128.000  9.084079e-02 
 1129.000  1.203549e-01 
 1130.000  2.034141e-01 
 1131.000  2.320053e-01 
 1132.000  1.923700e-01 
 1133.000  1.331944e-01 
 1134.000  5.499320e-02 
 1135.000  5.991007e-02 
 1136.000  1.436508e-01 
 1137.000  2.075869e-01 
 1138.000  2.854262e-01 
 1139.000  3.179713e-01 
 1140.000  3.017817e-01 
 1141.000  2.727245e-01 
 1142.000  2.615213e-01 
 1143.000  2.284474e-01 
 1144.000  1.950972e-01 
 1145.000  1.517073e-01 
 1146.000  1.616528e-01 
 1147.000  1.966322e-01 
 1148.000  2.310428e-01 
 1149.000  2.471567e-01 
 1150.000  2.513713e-01 
 1151.000  2.783471e-01 
 1152.000  2.921289e-01 
 1153.000  3.121464e-01 
 1154.000  3.106421e-01 
 1155.000  3.506373e-01 
 1156.000  3.960017e-01 
 1157.000  4.957251e-01 
 1158.000  5.445108e-01 
 1159.000  5.892627e-01 
 1160.000  6.090751e-01 
 1161.000  6.550627e-01 
 1162.000  6.919160e-01 
 1163.000  7.366133e-01 
 1164.000  7.465310e-01 
 1165.000  7.524012e-01 
 1166.000  7.633625e-01 
 1167.000  7.701444e-01 
 1168.000  7.679700e-01 
 1169.000  7.749941e-01 
 1170.000  7.811824e-01 
 1171.000  7.969761e-01 
 1172.000  7.878401e-01 
 1173.000  7.790813e-01 
 1174.000  7.796664e-01 
 1175.000  8.041497e-01 
 1176.000  8.270008e-01 
 1177.000  8.160866e-01 
 1178.000  7.940367e-01 
 1179.000  7.940933e-01 
 1180.000  7.861509e-01 
 1181.000  7.660267e-01 
 1182.000  7.463907e-01 
 1183.000  7.488018e-01 
 1184.000  7.600513e-01 
 1185.000  7.881125e-01 
 1186.000  7.798098e-01 
 1187.000  7.516848e-01 
 1188.000  7.455993e-01 
 1189.000  7.633580e-01 
 1190.000  8.089838e-01 
 1191.000  8.229569e-01 
 1192.000  8.432160e-01 
 1193.000  8.388917e-01 
 1194.000  8.360518e-01 
 1195.000  8.163941e-01 
 1196.000  8.191034e-01 
 1197.000  8.095557e-01 
 1198.000  8.073856e-01 
 1199.000  7.955177e-01 
 1200.000  8.022889e-01 
