  250.000  0.000000e+00 
  251.000  0.000000e+00 
  252.000  0.000000e+00 
  253.000  0.000000e+00 
  254.000  0.000000e+00 
  255.000  0.000000e+00 
  256.000  0.000000e+00 
  257.000  0.000000e+00 
  258.000  0.000000e+00 
  259.000  0.000000e+00 
  260.000  0.000000e+00 
  261.000  0.000000e+00 
  262.000  0.000000e+00 
  263.000  0.000000e+00 
  264.000  0.000000e+00 
  265.000  0.000000e+00 
  266.000  0.000000e+00 
  267.000  0.000000e+00 
  268.000  0.000000e+00 
  269.000  0.000000e+00 
  270.000  0.000000e+00 
  271.000  0.000000e+00 
  272.000  0.000000e+00 
  273.000  0.000000e+00 
  274.000  0.000000e+00 
  275.000  0.000000e+00 
  276.000  0.000000e+00 
  277.000  0.000000e+00 
  278.000  0.000000e+00 
  279.000  0.000000e+00 
  280.000  0.000000e+00 
  281.000  0.000000e+00 
  282.000  0.000000e+00 
  283.000  0.000000e+00 
  284.000  0.000000e+00 
  285.000  0.000000e+00 
  286.000  0.000000e+00 
  287.000  0.000000e+00 
  288.000  0.000000e+00 
  289.000  0.000000e+00 
  290.000  0.000000e+00 
  291.000  0.000000e+00 
  292.000  0.000000e+00 
  293.000  3.073441e-12 
  294.000  9.450640e-11 
  295.000  8.529962e-10 
  296.000  1.335953e-08 
  297.000  7.596464e-08 
  298.000  7.312450e-07 
  299.000  2.464187e-06 
  300.000  1.183806e-05 
  301.000  4.268271e-05 
  302.000  1.044498e-04 
  303.000  3.439031e-04 
  304.000  5.570042e-04 
  305.000  1.476829e-03 
  306.000  2.414509e-03 
  307.000  4.474283e-03 
  308.000  6.554736e-03 
  309.000  9.111458e-03 
  310.000  1.661630e-02 
  311.000  2.072870e-02 
  312.000  2.888562e-02 
  313.000  3.750215e-02 
  314.000  4.154713e-02 
  315.000  5.767525e-02 
  316.000  6.387558e-02 
  317.000  7.464767e-02 
  318.000  8.359579e-02 
  319.000  1.120545e-01 
  320.000  9.010964e-02 
  321.000  1.375141e-01 
  322.000  1.159319e-01 
  323.000  1.416456e-01 
  324.000  1.675360e-01 
  325.000  1.462497e-01 
  326.000  1.805181e-01 
  327.000  1.889393e-01 
  328.000  1.664193e-01 
  329.000  2.091386e-01 
  330.000  2.144125e-01 
  331.000  1.994883e-01 
  332.000  2.267406e-01 
  333.000  2.337420e-01 
  334.000  2.263609e-01 
  335.000  2.463040e-01 
  336.000  2.540858e-01 
  337.000  2.494871e-01 
  338.000  2.589075e-01 
  339.000  2.688972e-01 
  340.000  2.658937e-01 
  341.000  2.759236e-01 
  342.000  2.828979e-01 
  343.000  2.860007e-01 
  344.000  2.858741e-01 
  345.000  2.958030e-01 
  346.000  3.017785e-01 
  347.000  3.064474e-01 
  348.000  3.108616e-01 
  349.000  3.160578e-01 
  350.000  3.204098e-01 
  351.000  3.247038e-01 
  352.000  3.280964e-01 
  353.000  3.334224e-01 
  354.000  3.377808e-01 
  355.000  3.418698e-01 
  356.000  3.458870e-01 
  357.000  3.494495e-01 
  358.000  3.533817e-01 
  359.000  3.573098e-01 
  360.000  3.612876e-01 
  361.000  3.663587e-01 
  362.000  3.716503e-01 
  363.000  3.765644e-01 
  364.000  3.811166e-01 
  365.000  3.853904e-01 
  366.000  3.898246e-01 
  367.000  3.940416e-01 
  368.000  3.982383e-01 
  369.000  4.024163e-01 
  370.000  4.065686e-01 
  371.000  4.107051e-01 
  372.000  4.148237e-01 
  373.000  4.189235e-01 
  374.000  4.229742e-01 
  375.000  4.269637e-01 
  376.000  4.308361e-01 
  377.000  4.345168e-01 
  378.000  4.379575e-01 
  379.000  4.414602e-01 
  380.000  4.453064e-01 
  381.000  4.496754e-01 
  382.000  4.542129e-01 
  383.000  4.585277e-01 
  384.000  4.626426e-01 
  385.000  4.666254e-01 
  386.000  4.705216e-01 
  387.000  4.743682e-01 
  388.000  4.781781e-01 
  389.000  4.819679e-01 
  390.000  4.857383e-01 
  391.000  4.894813e-01 
  392.000  4.932068e-01 
  393.000  4.969122e-01 
  394.000  5.005932e-01 
  395.000  5.042471e-01 
  396.000  5.078867e-01 
  397.000  5.114940e-01 
  398.000  5.150777e-01 
  399.000  5.186400e-01 
  400.000  5.221627e-01 
  401.000  5.256799e-01 
  402.000  5.291774e-01 
  403.000  5.326531e-01 
  404.000  5.361064e-01 
  405.000  5.395302e-01 
  406.000  5.429388e-01 
  407.000  5.463284e-01 
  408.000  5.496960e-01 
  409.000  5.530380e-01 
  410.000  5.563558e-01 
  411.000  5.596481e-01 
  412.000  5.629123e-01 
  413.000  5.661643e-01 
  414.000  5.691467e-01 
  415.000  5.724414e-01 
  416.000  5.757021e-01 
  417.000  5.789098e-01 
  418.000  5.820397e-01 
  419.000  5.851412e-01 
  420.000  5.882206e-01 
  421.000  5.912871e-01 
  422.000  5.943401e-01 
  423.000  5.973759e-01 
  424.000  6.003793e-01 
  425.000  6.033148e-01 
  426.000  6.062269e-01 
  427.000  6.091182e-01 
  428.000  6.119567e-01 
  429.000  6.147568e-01 
  430.000  6.175289e-01 
  431.000  6.202845e-01 
  432.000  6.230156e-01 
  433.000  6.257252e-01 
  434.000  6.284158e-01 
  435.000  6.310841e-01 
  436.000  6.337264e-01 
  437.000  6.363440e-01 
  438.000  6.389357e-01 
  439.000  6.415112e-01 
  440.000  6.440494e-01 
  441.000  6.465592e-01 
  442.000  6.490332e-01 
  443.000  6.514741e-01 
  444.000  6.538805e-01 
  445.000  6.562393e-01 
  446.000  6.585371e-01 
  447.000  6.609534e-01 
  448.000  6.635461e-01 
  449.000  6.661721e-01 
  450.000  6.687521e-01 
  451.000  6.712304e-01 
  452.000  6.736211e-01 
  453.000  6.759670e-01 
  454.000  6.782739e-01 
  455.000  6.804244e-01 
  456.000  6.823721e-01 
  457.000  6.843215e-01 
  458.000  6.862461e-01 
  459.000  6.881313e-01 
  460.000  6.900026e-01 
  461.000  6.918553e-01 
  462.000  6.936740e-01 
  463.000  6.954917e-01 
  464.000  6.980075e-01 
  465.000  7.004907e-01 
  466.000  7.029354e-01 
  467.000  7.053296e-01 
  468.000  7.072188e-01 
  469.000  7.088188e-01 
  470.000  7.102935e-01 
  471.000  7.116249e-01 
  472.000  7.127372e-01 
  473.000  7.134651e-01 
  474.000  7.140546e-01 
  475.000  7.141728e-01 
  476.000  7.138141e-01 
  477.000  7.137389e-01 
  478.000  7.154983e-01 
  479.000  7.182180e-01 
  480.000  7.211627e-01 
  481.000  7.238171e-01 
  482.000  7.263647e-01 
  483.000  7.285814e-01 
  484.000  7.304878e-01 
  485.000  7.321935e-01 
  486.000  7.340783e-01 
  487.000  7.361106e-01 
  488.000  7.380824e-01 
  489.000  7.400210e-01 
  490.000  7.419392e-01 
  491.000  7.433639e-01 
  492.000  7.446424e-01 
  493.000  7.459147e-01 
  494.000  7.471508e-01 
  495.000  7.483870e-01 
  496.000  7.488483e-01 
  497.000  7.492766e-01 
  498.000  7.496961e-01 
  499.000  7.500828e-01 
  500.000  7.504606e-01 
  501.000  7.507659e-01 
  502.000  7.510715e-01 
  503.000  7.513710e-01 
  504.000  7.516478e-01 
  505.000  7.518986e-01 
  506.000  7.532599e-01 
  507.000  7.546726e-01 
  508.000  7.560837e-01 
  509.000  7.574794e-01 
  510.000  7.588469e-01 
  511.000  7.600446e-01 
  512.000  7.611934e-01 
  513.000  7.623357e-01 
  514.000  7.634640e-01 
  515.000  7.645826e-01 
  516.000  7.653007e-01 
  517.000  7.656616e-01 
  518.000  7.660087e-01 
  519.000  7.663465e-01 
  520.000  7.666798e-01 
  521.000  7.669591e-01 
  522.000  7.670987e-01 
  523.000  7.671518e-01 
  524.000  7.672125e-01 
  525.000  7.672244e-01 
  526.000  7.673103e-01 
  527.000  7.671365e-01 
  528.000  7.668554e-01 
  529.000  7.665725e-01 
  530.000  7.663011e-01 
  531.000  7.660370e-01 
  532.000  7.658863e-01 
  533.000  7.664260e-01 
  534.000  7.671301e-01 
  535.000  7.679358e-01 
  536.000  7.687122e-01 
  537.000  7.694151e-01 
  538.000  7.700338e-01 
  539.000  7.705990e-01 
  540.000  7.711239e-01 
  541.000  7.716309e-01 
  542.000  7.721120e-01 
  543.000  7.725730e-01 
  544.000  7.728707e-01 
  545.000  7.730324e-01 
  546.000  7.731802e-01 
  547.000  7.733365e-01 
  548.000  7.734779e-01 
  549.000  7.736151e-01 
  550.000  7.735720e-01 
  551.000  7.733567e-01 
  552.000  7.731475e-01 
  553.000  7.729093e-01 
  554.000  7.726581e-01 
  555.000  7.723995e-01 
  556.000  7.720761e-01 
  557.000  7.716455e-01 
  558.000  7.711994e-01 
  559.000  7.707289e-01 
  560.000  7.701986e-01 
  561.000  7.696133e-01 
  562.000  7.686864e-01 
  563.000  7.680386e-01 
  564.000  7.672588e-01 
  565.000  7.661965e-01 
  566.000  7.653767e-01 
  567.000  7.633602e-01 
  568.000  7.587178e-01 
  569.000  7.504628e-01 
  570.000  7.511631e-01 
  571.000  7.559270e-01 
  572.000  7.501304e-01 
  573.000  7.509862e-01 
  574.000  7.508622e-01 
  575.000  7.502254e-01 
  576.000  7.506723e-01 
  577.000  7.527251e-01 
  578.000  7.556896e-01 
  579.000  7.588107e-01 
  580.000  7.623489e-01 
  581.000  7.667128e-01 
  582.000  7.699923e-01 
  583.000  7.724458e-01 
  584.000  7.744689e-01 
  585.000  7.761121e-01 
  586.000  7.779458e-01 
  587.000  7.769148e-01 
  588.000  7.663344e-01 
  589.000  7.488804e-01 
  590.000  7.482829e-01 
  591.000  7.611499e-01 
  592.000  7.550526e-01 
  593.000  7.696338e-01 
  594.000  7.669475e-01 
  595.000  7.574269e-01 
  596.000  7.709149e-01 
  597.000  7.669173e-01 
  598.000  7.718049e-01 
  599.000  7.732688e-01 
  600.000  7.775851e-01 
  601.000  7.797279e-01 
  602.000  7.801365e-01 
  603.000  7.815732e-01 
  604.000  7.841995e-01 
  605.000  7.861660e-01 
  606.000  7.876774e-01 
  607.000  7.891458e-01 
  608.000  7.905653e-01 
  609.000  7.919326e-01 
  610.000  7.933582e-01 
  611.000  7.949681e-01 
  612.000  7.965511e-01 
  613.000  7.980937e-01 
  614.000  7.995992e-01 
  615.000  8.011021e-01 
  616.000  8.025601e-01 
  617.000  8.039523e-01 
  618.000  8.051312e-01 
  619.000  8.061520e-01 
  620.000  8.071132e-01 
  621.000  8.079695e-01 
  622.000  8.087208e-01 
  623.000  8.092948e-01 
  624.000  8.098913e-01 
  625.000  8.104247e-01 
  626.000  8.101659e-01 
  627.000  8.053068e-01 
  628.000  7.731709e-01 
  629.000  7.936845e-01 
  630.000  7.983504e-01 
  631.000  8.051831e-01 
  632.000  8.055634e-01 
  633.000  8.133490e-01 
  634.000  8.184390e-01 
  635.000  8.211115e-01 
  636.000  8.247867e-01 
  637.000  8.279505e-01 
  638.000  8.328190e-01 
  639.000  8.352389e-01 
  640.000  8.387061e-01 
  641.000  8.411536e-01 
  642.000  8.437103e-01 
  643.000  8.438153e-01 
  644.000  8.454452e-01 
  645.000  8.444804e-01 
  646.000  8.358819e-01 
  647.000  8.299639e-01 
  648.000  8.231606e-01 
  649.000  8.315453e-01 
  650.000  8.464724e-01 
  651.000  8.475914e-01 
  652.000  8.365588e-01 
  653.000  8.516590e-01 
  654.000  8.512361e-01 
  655.000  8.472404e-01 
  656.000  8.501358e-01 
  657.000  8.539780e-01 
  658.000  8.598785e-01 
  659.000  8.637930e-01 
  660.000  8.656611e-01 
  661.000  8.704624e-01 
  662.000  8.729422e-01 
  663.000  8.738762e-01 
  664.000  8.756974e-01 
  665.000  8.771064e-01 
  666.000  8.790905e-01 
  667.000  8.808311e-01 
  668.000  8.827736e-01 
  669.000  8.842819e-01 
  670.000  8.856642e-01 
  671.000  8.870982e-01 
  672.000  8.884227e-01 
  673.000  8.897300e-01 
  674.000  8.910286e-01 
  675.000  8.923284e-01 
  676.000  8.935533e-01 
  677.000  8.946717e-01 
  678.000  8.957922e-01 
  679.000  8.967654e-01 
  680.000  8.971035e-01 
  681.000  8.972020e-01 
  682.000  8.980197e-01 
  683.000  8.987924e-01 
  684.000  8.987449e-01 
  685.000  9.002804e-01 
  686.000  8.960936e-01 
  687.000  7.425449e-01 
  688.000  7.903401e-01 
  689.000  7.771152e-01 
  690.000  8.023378e-01 
  691.000  8.361824e-01 
  692.000  8.577417e-01 
  693.000  8.536477e-01 
  694.000  8.448708e-01 
  695.000  8.578516e-01 
  696.000  8.654277e-01 
  697.000  8.949087e-01 
  698.000  8.894176e-01 
  699.000  8.638911e-01 
  700.000  8.685747e-01 
  701.000  8.631738e-01 
  702.000  8.678122e-01 
  703.000  8.899572e-01 
  704.000  8.912968e-01 
  705.000  8.826510e-01 
  706.000  8.847212e-01 
  707.000  8.882538e-01 
  708.000  8.920507e-01 
  709.000  8.994939e-01 
  710.000  8.922113e-01 
  711.000  9.002748e-01 
  712.000  9.071929e-01 
  713.000  9.021837e-01 
  714.000  9.006855e-01 
  715.000  8.923669e-01 
  716.000  8.836960e-01 
  717.000  8.273737e-01 
  718.000  7.930521e-01 
  719.000  7.809111e-01 
  720.000  7.625496e-01 
  721.000  8.450663e-01 
  722.000  8.749101e-01 
  723.000  8.585348e-01 
  724.000  8.116055e-01 
  725.000  8.188078e-01 
  726.000  8.167905e-01 
  727.000  8.236565e-01 
  728.000  8.165658e-01 
  729.000  8.348365e-01 
  730.000  8.318948e-01 
  731.000  8.283015e-01 
  732.000  8.591025e-01 
  733.000  8.887817e-01 
  734.000  9.032259e-01 
  735.000  8.983951e-01 
  736.000  8.891762e-01 
  737.000  8.963711e-01 
  738.000  9.062207e-01 
  739.000  9.105405e-01 
  740.000  9.199738e-01 
  741.000  9.254832e-01 
  742.000  9.278735e-01 
  743.000  9.323574e-01 
  744.000  9.346287e-01 
  745.000  9.367299e-01 
  746.000  9.381858e-01 
  747.000  9.387527e-01 
  748.000  9.402578e-01 
  749.000  9.412482e-01 
  750.000  9.408978e-01 
  751.000  9.413580e-01 
  752.000  9.430156e-01 
  753.000  9.437771e-01 
  754.000  9.444064e-01 
  755.000  9.448640e-01 
  756.000  9.453365e-01 
  757.000  9.456781e-01 
  758.000  9.432438e-01 
  759.000  8.583813e-01 
  760.000  2.995693e-01 
  761.000  2.555841e-01 
  762.000  5.515294e-01 
  763.000  4.532413e-01 
  764.000  5.013897e-01 
  765.000  6.152920e-01 
  766.000  7.606756e-01 
  767.000  8.371719e-01 
  768.000  8.883160e-01 
  769.000  9.225774e-01 
  770.000  9.425105e-01 
  771.000  9.507874e-01 
  772.000  9.530303e-01 
  773.000  9.541189e-01 
  774.000  9.555919e-01 
  775.000  9.565561e-01 
  776.000  9.572415e-01 
  777.000  9.574763e-01 
  778.000  9.575045e-01 
  779.000  9.575021e-01 
  780.000  9.574909e-01 
  781.000  9.582089e-01 
  782.000  9.581767e-01 
  783.000  9.581668e-01 
  784.000  9.576805e-01 
  785.000  9.556943e-01 
  786.000  9.524454e-01 
  787.000  9.461356e-01 
  788.000  9.425085e-01 
  789.000  9.293666e-01 
  790.000  9.283096e-01 
  791.000  9.308848e-01 
  792.000  9.332753e-01 
  793.000  9.387414e-01 
  794.000  9.502540e-01 
  795.000  9.433432e-01 
  796.000  9.248459e-01 
  797.000  9.302275e-01 
  798.000  9.420444e-01 
  799.000  9.394414e-01 
  800.000  9.309708e-01 
  801.000  9.320628e-01 
  802.000  9.312742e-01 
  803.000  9.325991e-01 
  804.000  9.366944e-01 
  805.000  9.444743e-01 
  806.000  9.491531e-01 
  807.000  9.494310e-01 
  808.000  9.468912e-01 
  809.000  9.437514e-01 
  810.000  9.403007e-01 
  811.000  9.331561e-01 
  812.000  9.235203e-01 
  813.000  9.117220e-01 
  814.000  8.961669e-01 
  815.000  8.768455e-01 
  816.000  8.522111e-01 
  817.000  8.536049e-01 
  818.000  8.556656e-01 
  819.000  8.638770e-01 
  820.000  8.912002e-01 
  821.000  9.225197e-01 
  822.000  8.987922e-01 
  823.000  8.330458e-01 
  824.000  8.885213e-01 
  825.000  9.245402e-01 
  826.000  9.184923e-01 
  827.000  9.140009e-01 
  828.000  8.903921e-01 
  829.000  8.989563e-01 
  830.000  9.085745e-01 
  831.000  9.108922e-01 
  832.000  9.119714e-01 
  833.000  9.175639e-01 
  834.000  9.241458e-01 
  835.000  9.371517e-01 
  836.000  9.330592e-01 
  837.000  9.326907e-01 
  838.000  9.390523e-01 
  839.000  9.429427e-01 
  840.000  9.443932e-01 
  841.000  9.403027e-01 
  842.000  9.440894e-01 
  843.000  9.530095e-01 
  844.000  9.570941e-01 
  845.000  9.590297e-01 
  846.000  9.610617e-01 
  847.000  9.626138e-01 
  848.000  9.597603e-01 
  849.000  9.602758e-01 
  850.000  9.585559e-01 
  851.000  9.564954e-01 
  852.000  9.567615e-01 
  853.000  9.603132e-01 
  854.000  9.601810e-01 
  855.000  9.619943e-01 
  856.000  9.651424e-01 
  857.000  9.666094e-01 
  858.000  9.675888e-01 
  859.000  9.691654e-01 
  860.000  9.704585e-01 
  861.000  9.706832e-01 
  862.000  9.713861e-01 
  863.000  9.715092e-01 
  864.000  9.720030e-01 
  865.000  9.724134e-01 
  866.000  9.725487e-01 
  867.000  9.725162e-01 
  868.000  9.726105e-01 
  869.000  9.727704e-01 
  870.000  9.727138e-01 
  871.000  9.728665e-01 
  872.000  9.731896e-01 
  873.000  9.729364e-01 
  874.000  9.728150e-01 
  875.000  9.728130e-01 
  876.000  9.723452e-01 
  877.000  9.721244e-01 
  878.000  9.709755e-01 
  879.000  9.709223e-01 
  880.000  9.701204e-01 
  881.000  9.695311e-01 
  882.000  9.689664e-01 
  883.000  9.696094e-01 
  884.000  9.698920e-01 
  885.000  9.680600e-01 
  886.000  9.655268e-01 
  887.000  9.674600e-01 
  888.000  9.673644e-01 
  889.000  9.681240e-01 
  890.000  9.667842e-01 
  891.000  9.640104e-01 
  892.000  9.570956e-01 
  893.000  9.360684e-01 
  894.000  9.255933e-01 
  895.000  8.938006e-01 
  896.000  8.653530e-01 
  897.000  8.354506e-01 
  898.000  8.215249e-01 
  899.000  7.826322e-01 
  900.000  7.881924e-01 
  901.000  7.781738e-01 
  902.000  7.801661e-01 
  903.000  8.456840e-01 
  904.000  8.860865e-01 
  905.000  8.847277e-01 
  906.000  8.595269e-01 
  907.000  8.151953e-01 
  908.000  7.861618e-01 
  909.000  7.873758e-01 
  910.000  7.917554e-01 
  911.000  8.110546e-01 
  912.000  8.017613e-01 
  913.000  7.614517e-01 
  914.000  7.814096e-01 
  915.000  7.972359e-01 
  916.000  8.015944e-01 
  917.000  8.102745e-01 
  918.000  8.214844e-01 
  919.000  8.595545e-01 
  920.000  8.885505e-01 
  921.000  8.822677e-01 
  922.000  8.817780e-01 
  923.000  8.737481e-01 
  924.000  8.544279e-01 
  925.000  8.527418e-01 
  926.000  8.519941e-01 
  927.000  8.292487e-01 
  928.000  7.944402e-01 
  929.000  7.446122e-01 
  930.000  6.820523e-01 
  931.000  6.132781e-01 
  932.000  5.243110e-01 
  933.000  4.602510e-01 
  934.000  3.962768e-01 
  935.000  3.893442e-01 
  936.000  4.140717e-01 
  937.000  4.080116e-01 
  938.000  4.800619e-01 
  939.000  6.727508e-01 
  940.000  7.023829e-01 
  941.000  6.772650e-01 
  942.000  6.157693e-01 
  943.000  5.152510e-01 
  944.000  5.081737e-01 
  945.000  5.437751e-01 
  946.000  5.459945e-01 
  947.000  5.786015e-01 
  948.000  5.978096e-01 
  949.000  5.955705e-01 
  950.000  6.005793e-01 
  951.000  6.436719e-01 
  952.000  5.981297e-01 
  953.000  6.305367e-01 
  954.000  6.655865e-01 
  955.000  6.377445e-01 
  956.000  6.319560e-01 
  957.000  7.206386e-01 
  958.000  7.325073e-01 
  959.000  7.179395e-01 
  960.000  7.138461e-01 
  961.000  7.065951e-01 
  962.000  7.135178e-01 
  963.000  7.627467e-01 
  964.000  7.699716e-01 
  965.000  7.654217e-01 
  966.000  7.682652e-01 
  967.000  8.037284e-01 
  968.000  8.632863e-01 
  969.000  8.904037e-01 
  970.000  8.919424e-01 
  971.000  8.913369e-01 
  972.000  8.836643e-01 
  973.000  8.659661e-01 
  974.000  8.444874e-01 
  975.000  8.307332e-01 
  976.000  8.476120e-01 
  977.000  8.755786e-01 
  978.000  8.733868e-01 
  979.000  8.807297e-01 
  980.000  9.094073e-01 
  981.000  9.158273e-01 
  982.000  9.095228e-01 
  983.000  9.243158e-01 
  984.000  9.395566e-01 
  985.000  9.482437e-01 
  986.000  9.594511e-01 
  987.000  9.643348e-01 
  988.000  9.654807e-01 
  989.000  9.662220e-01 
  990.000  9.674298e-01 
  991.000  9.716153e-01 
  992.000  9.728207e-01 
  993.000  9.732846e-01 
  994.000  9.762840e-01 
  995.000  9.788232e-01 
  996.000  9.788123e-01 
  997.000  9.773532e-01 
  998.000  9.756649e-01 
  999.000  9.749441e-01 
 1000.000  9.755670e-01 
 1001.000  9.721123e-01 
 1002.000  9.657620e-01 
 1003.000  9.672951e-01 
 1004.000  9.709799e-01 
 1005.000  9.726749e-01 
 1006.000  9.731960e-01 
 1007.000  9.719943e-01 
 1008.000  9.668148e-01 
 1009.000  9.598809e-01 
 1010.000  9.629822e-01 
 1011.000  9.703596e-01 
 1012.000  9.731782e-01 
 1013.000  9.753835e-01 
 1014.000  9.757890e-01 
 1015.000  9.759674e-01 
 1016.000  9.766547e-01 
 1017.000  9.773005e-01 
 1018.000  9.763047e-01 
 1019.000  9.742299e-01 
 1020.000  9.751205e-01 
 1021.000  9.760965e-01 
 1022.000  9.738358e-01 
 1023.000  9.712129e-01 
 1024.000  9.696302e-01 
 1025.000  9.743763e-01 
 1026.000  9.759540e-01 
 1027.000  9.749801e-01 
 1028.000  9.757138e-01 
 1029.000  9.776046e-01 
 1030.000  9.794078e-01 
 1031.000  9.802181e-01 
 1032.000  9.811805e-01 
 1033.000  9.810317e-01 
 1034.000  9.816974e-01 
 1035.000  9.819508e-01 
 1036.000  9.816166e-01 
 1037.000  9.815500e-01 
 1038.000  9.817417e-01 
 1039.000  9.813386e-01 
 1040.000  9.809529e-01 
 1041.000  9.806546e-01 
 1042.000  9.805589e-01 
 1043.000  9.805126e-01 
 1044.000  9.802157e-01 
 1045.000  9.794071e-01 
 1046.000  9.788424e-01 
 1047.000  9.781484e-01 
 1048.000  9.771161e-01 
 1049.000  9.759981e-01 
 1050.000  9.750855e-01 
 1051.000  9.741909e-01 
 1052.000  9.733528e-01 
 1053.000  9.728731e-01 
 1054.000  9.717007e-01 
 1055.000  9.707455e-01 
 1056.000  9.696301e-01 
 1057.000  9.674877e-01 
 1058.000  9.638094e-01 
 1059.000  9.636759e-01 
 1060.000  9.649240e-01 
 1061.000  9.642627e-01 
 1062.000  9.618990e-01 
 1063.000  9.607828e-01 
 1064.000  9.587249e-01 
 1065.000  9.565712e-01 
 1066.000  9.567014e-01 
 1067.000  9.556210e-01 
 1068.000  9.526849e-01 
 1069.000  9.515599e-01 
 1070.000  9.528102e-01 
 1071.000  9.508521e-01 
 1072.000  9.486847e-01 
 1073.000  9.486497e-01 
 1074.000  9.495072e-01 
 1075.000  9.538312e-01 
 1076.000  9.518124e-01 
 1077.000  9.489341e-01 
 1078.000  9.454530e-01 
 1079.000  9.453014e-01 
 1080.000  9.353146e-01 
 1081.000  9.350001e-01 
 1082.000  9.397548e-01 
 1083.000  9.345610e-01 
 1084.000  9.288154e-01 
 1085.000  9.148291e-01 
 1086.000  9.183269e-01 
 1087.000  9.340943e-01 
 1088.000  9.348781e-01 
 1089.000  9.160262e-01 
 1090.000  9.125996e-01 
 1091.000  9.163313e-01 
 1092.000  9.070715e-01 
 1093.000  8.861820e-01 
 1094.000  8.771514e-01 
 1095.000  8.786888e-01 
 1096.000  8.800532e-01 
 1097.000  8.759410e-01 
 1098.000  8.252866e-01 
 1099.000  7.824394e-01 
 1100.000  7.853676e-01 
 1101.000  7.912889e-01 
 1102.000  7.884482e-01 
 1103.000  7.923353e-01 
 1104.000  7.851516e-01 
 1105.000  7.672039e-01 
 1106.000  7.492298e-01 
 1107.000  7.536068e-01 
 1108.000  7.567346e-01 
 1109.000  7.718993e-01 
 1110.000  7.696789e-01 
 1111.000  7.609707e-01 
 1112.000  7.231053e-01 
 1113.000  6.714917e-01 
 1114.000  6.569133e-01 
 1115.000  5.944402e-01 
 1116.000  5.564170e-01 
 1117.000  4.710911e-01 
 1118.000  3.949082e-01 
 1119.000  3.551393e-01 
 1120.000  3.076013e-01 
 1121.000  2.971461e-01 
 1122.000  2.503757e-01 
 1123.000  2.749723e-01 
 1124.000  2.918563e-01 
 1125.000  2.828213e-01 
 1126.000  2.793255e-01 
 1127.000  2.835439e-01 
 1128.000  2.916633e-01 
 1129.000  3.390575e-01 
 1130.000  4.535943e-01 
 1131.000  4.878560e-01 
 1132.000  4.408630e-01 
 1133.000  3.583076e-01 
 1134.000  2.183763e-01 
 1135.000  2.285925e-01 
 1136.000  3.707609e-01 
 1137.000  4.538050e-01 
 1138.000  5.376569e-01 
 1139.000  5.647608e-01 
 1140.000  5.486149e-01 
 1141.000  5.165058e-01 
 1142.000  5.049950e-01 
 1143.000  4.693246e-01 
 1144.000  4.300044e-01 
 1145.000  3.742807e-01 
 1146.000  3.873535e-01 
 1147.000  4.311494e-01 
 1148.000  4.708032e-01 
 1149.000  4.872813e-01 
 1150.000  4.888061e-01 
 1151.000  5.139545e-01 
 1152.000  5.263084e-01 
 1153.000  5.444286e-01 
 1154.000  5.398433e-01 
 1155.000  5.742337e-01 
 1156.000  6.127832e-01 
 1157.000  6.922660e-01 
 1158.000  7.258892e-01 
 1159.000  7.550925e-01 
 1160.000  7.673360e-01 
 1161.000  7.977511e-01 
 1162.000  8.201959e-01 
 1163.000  8.474509e-01 
 1164.000  8.537611e-01 
 1165.000  8.561281e-01 
 1166.000  8.620443e-01 
 1167.000  8.656559e-01 
 1168.000  8.643087e-01 
 1169.000  8.682906e-01 
 1170.000  8.718844e-01 
 1171.000  8.814394e-01 
 1172.000  8.758345e-01 
 1173.000  8.703284e-01 
 1174.000  8.706764e-01 
 1175.000  8.857383e-01 
 1176.000  8.996248e-01 
 1177.000  8.930905e-01 
 1178.000  8.797133e-01 
 1179.000  8.797568e-01 
 1180.000  8.749431e-01 
 1181.000  8.625013e-01 
 1182.000  8.501835e-01 
 1183.000  8.517075e-01 
 1184.000  8.588047e-01 
 1185.000  8.761943e-01 
 1186.000  8.710753e-01 
 1187.000  8.533872e-01 
 1188.000  8.494098e-01 
 1189.000  8.604894e-01 
 1190.000  8.885874e-01 
 1191.000  8.969752e-01 
 1192.000  9.090234e-01 
 1193.000  9.064463e-01 
 1194.000  9.046627e-01 
 1195.000  8.928121e-01 
 1196.000  8.944621e-01 
 1197.000  8.886937e-01 
 1198.000  8.874105e-01 
 1199.000  8.801821e-01 
 1200.000  8.843527e-01 
